2015-08-26 1:02:11 - DEBUG --> Archivo \components\com_jhotelreservation\classes\services\UserDataService.php 
2015-08-26 1:02:11 - DEBUG --> initializeUserData 
2015-08-26 1:02:11 - DEBUG --> UserData first: N; 
2015-08-26 1:02:11 - DEBUG --> Archivo \components\com_jhotelreservation\classes\services\UserDataService.php 
2015-08-26 1:02:11 - DEBUG --> createUserData 
2015-08-26 1:02:11 - DEBUG --> UserData end:  a:0:{} 
2015-08-26 1:02:11 - DEBUG --> Archivo \components\com_jhotelreservation\classes\services\UserDataService.php 
2015-08-26 1:02:11 - DEBUG --> initializeUserData 
2015-08-26 1:02:11 - DEBUG --> UserData first: a:0:{} 
2015-08-26 1:02:11 - DEBUG --> UserData end:  a:0:{} 
2015-08-26 1:02:11 - DEBUG --> Archivo \components\com_jhotelreservation\classes\services\UserDataService.php 
2015-08-26 1:02:11 - DEBUG --> initializeReservationData 
2015-08-26 1:02:11 - DEBUG --> UserData: a:0:{} 
2015-08-26 1:02:11 - DEBUG --> Archivo \components\com_jhotelreservation\classes\services\UserDataService.php 
2015-08-26 1:02:11 - DEBUG --> updateUserData 
2015-08-26 1:02:11 - DEBUG --> Archivo \components\com_jhotelreservation\classes\services\UserDataService.php 
2015-08-26 1:02:11 - DEBUG --> getUserData 
2015-08-26 1:02:11 - DEBUG --> Archivo \components\com_jhotelreservation\classes\services\UserDataService.php 
2015-08-26 1:02:11 - DEBUG --> setCurrency 
2015-08-26 1:02:11 - DEBUG --> Archivo \components\com_jhotelreservation\classes\services\UserDataService.php 
2015-08-26 1:02:11 - DEBUG --> getUserData 
2015-08-26 1:02:11 - DEBUG --> Archivo \components\com_jhotelreservation\classes\services\UserDataService.php 
2015-08-26 1:02:11 - DEBUG --> getUserData 
2015-08-26 1:02:11 - DEBUG --> Archivo \components\com_jhotelreservation\classes\services\UserDataService.php 
2015-08-26 1:02:11 - DEBUG --> getUserData 
2015-08-26 1:02:11 - DEBUG --> Archivo \components\com_jhotelreservationiews\hotel	mpl\hoteloverview.php 
2015-08-26 1:02:11 - DEBUG --> Accedió 
2015-08-26 1:45:39 - DEBUG --> Archivo \components\com_jhotelreservation\classes\services\UserDataService.php 
2015-08-26 1:45:39 - DEBUG --> initializeUserData 
2015-08-26 1:45:39 - DEBUG --> UserData first: N; 
2015-08-26 1:45:39 - DEBUG --> Archivo \components\com_jhotelreservation\classes\services\UserDataService.php 
2015-08-26 1:45:39 - DEBUG --> createUserData 
2015-08-26 1:45:39 - DEBUG --> UserData end:  a:0:{} 
2015-08-26 1:45:39 - DEBUG --> Archivo \components\com_jhotelreservation\classes\services\UserDataService.php 
2015-08-26 1:45:39 - DEBUG --> initializeUserData 
2015-08-26 1:45:39 - DEBUG --> UserData first: a:0:{} 
2015-08-26 1:45:39 - DEBUG --> UserData end:  a:0:{} 
2015-08-26 1:45:39 - DEBUG --> Archivo \components\com_jhotelreservation\classes\services\UserDataService.php 
2015-08-26 1:45:39 - DEBUG --> initializeReservationData 
2015-08-26 1:45:39 - DEBUG --> UserData: a:0:{} 
2015-08-26 1:45:39 - DEBUG --> Archivo \components\com_jhotelreservation\classes\services\UserDataService.php 
2015-08-26 1:45:39 - DEBUG --> updateUserData 
2015-08-26 1:45:39 - DEBUG --> Archivo \components\com_jhotelreservation\classes\services\UserDataService.php 
2015-08-26 1:45:39 - DEBUG --> getUserData 
2015-08-26 1:45:39 - DEBUG --> Archivo \components\com_jhotelreservation\classes\services\UserDataService.php 
2015-08-26 1:45:39 - DEBUG --> setCurrency 
2015-08-26 1:45:39 - DEBUG --> Archivo \components\com_jhotelreservation\classes\services\UserDataService.php 
2015-08-26 1:45:39 - DEBUG --> getUserData 
2015-08-26 1:45:39 - DEBUG --> Archivo \components\com_jhotelreservation\classes\services\UserDataService.php 
2015-08-26 1:45:39 - DEBUG --> getUserData 
2015-08-26 1:45:39 - DEBUG --> Archivo \components\com_jhotelreservation\classes\services\UserDataService.php 
2015-08-26 1:45:39 - DEBUG --> getUserData 
2015-08-26 3:27:10 - DEBUG --> Archivo \components\com_jhotelreservation\classes\services\UserDataService.php 
2015-08-26 3:27:10 - DEBUG --> initializeUserData 
2015-08-26 3:27:10 - DEBUG --> UserData first: N; 
2015-08-26 3:27:10 - DEBUG --> Archivo \components\com_jhotelreservation\classes\services\UserDataService.php 
2015-08-26 3:27:10 - DEBUG --> createUserData 
2015-08-26 3:27:10 - DEBUG --> UserData end:  a:0:{} 
2015-08-26 3:27:10 - DEBUG --> Archivo \components\com_jhotelreservation\classes\services\UserDataService.php 
2015-08-26 3:27:10 - DEBUG --> initializeUserData 
2015-08-26 3:27:10 - DEBUG --> UserData first: a:0:{} 
2015-08-26 3:27:10 - DEBUG --> UserData end:  a:0:{} 
2015-08-26 3:27:10 - DEBUG --> Archivo \components\com_jhotelreservation\classes\services\UserDataService.php 
2015-08-26 3:27:10 - DEBUG --> initializeReservationData 
2015-08-26 3:27:10 - DEBUG --> UserData: a:0:{} 
2015-08-26 3:27:10 - DEBUG --> Archivo \components\com_jhotelreservation\classes\services\UserDataService.php 
2015-08-26 3:27:10 - DEBUG --> updateUserData 
2015-08-26 3:27:10 - DEBUG --> Archivo \components\com_jhotelreservation\classes\services\UserDataService.php 
2015-08-26 3:27:10 - DEBUG --> getUserData 
2015-08-26 3:27:10 - DEBUG --> Archivo \components\com_jhotelreservation\classes\services\UserDataService.php 
2015-08-26 3:27:10 - DEBUG --> setCurrency 
2015-08-26 3:27:10 - DEBUG --> Archivo \components\com_jhotelreservation\classes\services\UserDataService.php 
2015-08-26 3:27:10 - DEBUG --> getUserData 
2015-08-26 3:27:10 - DEBUG --> Archivo \components\com_jhotelreservation\classes\services\UserDataService.php 
2015-08-26 3:27:10 - DEBUG --> getUserData 
2015-08-26 3:27:10 - DEBUG --> Archivo \components\com_jhotelreservation\classes\services\UserDataService.php 
2015-08-26 3:27:10 - DEBUG --> getUserData 
2015-08-26 3:45:01 - DEBUG --> Archivo \components\com_jhotelreservation\classes\services\UserDataService.php 
2015-08-26 3:45:01 - DEBUG --> initializeUserData 
2015-08-26 3:45:01 - DEBUG --> UserData first: N; 
2015-08-26 3:45:01 - DEBUG --> Archivo \components\com_jhotelreservation\classes\services\UserDataService.php 
2015-08-26 3:45:01 - DEBUG --> createUserData 
2015-08-26 3:45:01 - DEBUG --> UserData end:  a:0:{} 
2015-08-26 3:45:01 - DEBUG --> Archivo \components\com_jhotelreservation\classes\services\UserDataService.php 
2015-08-26 3:45:01 - DEBUG --> initializeUserData 
2015-08-26 3:45:01 - DEBUG --> UserData first: a:0:{} 
2015-08-26 3:45:01 - DEBUG --> UserData end:  a:0:{} 
2015-08-26 3:45:01 - DEBUG --> Archivo \components\com_jhotelreservation\classes\services\UserDataService.php 
2015-08-26 3:45:01 - DEBUG --> initializeReservationData 
2015-08-26 3:45:01 - DEBUG --> UserData: a:0:{} 
2015-08-26 3:45:01 - DEBUG --> Archivo \components\com_jhotelreservation\classes\services\UserDataService.php 
2015-08-26 3:45:01 - DEBUG --> updateUserData 
2015-08-26 3:45:01 - DEBUG --> Archivo \components\com_jhotelreservation\classes\services\UserDataService.php 
2015-08-26 3:45:01 - DEBUG --> getUserData 
2015-08-26 3:45:01 - DEBUG --> Archivo \components\com_jhotelreservation\classes\services\UserDataService.php 
2015-08-26 3:45:01 - DEBUG --> setCurrency 
2015-08-26 3:45:01 - DEBUG --> Archivo \components\com_jhotelreservation\classes\services\UserDataService.php 
2015-08-26 3:45:01 - DEBUG --> getUserData 
2015-08-26 3:45:01 - DEBUG --> Archivo \components\com_jhotelreservation\classes\services\UserDataService.php 
2015-08-26 3:45:01 - DEBUG --> getUserData 
2015-08-26 3:45:01 - DEBUG --> Archivo \components\com_jhotelreservation\classes\services\UserDataService.php 
2015-08-26 3:45:01 - DEBUG --> getUserData 
2015-08-26 3:45:01 - DEBUG --> Archivo \components\com_jhotelreservationiews\hotel	mpl\hoteloverview.php 
2015-08-26 3:45:01 - DEBUG --> Accedió 
2015-08-26 3:51:10 - DEBUG --> Archivo \components\com_jhotelreservation\classes\services\UserDataService.php 
2015-08-26 3:51:10 - DEBUG --> initializeUserData 
2015-08-26 3:51:10 - DEBUG --> UserData first: N; 
2015-08-26 3:51:10 - DEBUG --> Archivo \components\com_jhotelreservation\classes\services\UserDataService.php 
2015-08-26 3:51:10 - DEBUG --> createUserData 
2015-08-26 3:51:10 - DEBUG --> UserData end:  a:0:{} 
2015-08-26 3:51:10 - DEBUG --> Archivo \components\com_jhotelreservation\classes\services\UserDataService.php 
2015-08-26 3:51:10 - DEBUG --> initializeUserData 
2015-08-26 3:51:10 - DEBUG --> UserData first: a:0:{} 
2015-08-26 3:51:10 - DEBUG --> UserData end:  a:0:{} 
2015-08-26 3:51:10 - DEBUG --> Archivo \components\com_jhotelreservation\classes\services\UserDataService.php 
2015-08-26 3:51:10 - DEBUG --> initializeReservationData 
2015-08-26 3:51:10 - DEBUG --> UserData: a:0:{} 
2015-08-26 3:51:10 - DEBUG --> Archivo \components\com_jhotelreservation\classes\services\UserDataService.php 
2015-08-26 3:51:10 - DEBUG --> updateUserData 
2015-08-26 3:51:10 - DEBUG --> Archivo \components\com_jhotelreservation\classes\services\UserDataService.php 
2015-08-26 3:51:10 - DEBUG --> getUserData 
2015-08-26 3:51:10 - DEBUG --> Archivo \components\com_jhotelreservation\classes\services\UserDataService.php 
2015-08-26 3:51:10 - DEBUG --> setCurrency 
2015-08-26 3:51:10 - DEBUG --> Archivo \components\com_jhotelreservation\classes\services\UserDataService.php 
2015-08-26 3:51:10 - DEBUG --> getUserData 
2015-08-26 3:51:10 - DEBUG --> Archivo \components\com_jhotelreservation\classes\services\UserDataService.php 
2015-08-26 3:51:10 - DEBUG --> getUserData 
2015-08-26 3:51:10 - DEBUG --> Archivo \components\com_jhotelreservation\classes\services\UserDataService.php 
2015-08-26 3:51:10 - DEBUG --> getUserData 
2015-08-26 3:51:10 - DEBUG --> Archivo \components\com_jhotelreservationiews\hotel	mpl\hoteloverview.php 
2015-08-26 3:51:10 - DEBUG --> Accedió 
2015-08-26 8:34:36 - DEBUG --> Archivo \components\com_jhotelreservation\classes\services\UserDataService.php 
2015-08-26 8:34:36 - DEBUG --> initializeUserData 
2015-08-26 8:34:36 - DEBUG --> UserData first: N; 
2015-08-26 8:34:36 - DEBUG --> Archivo \components\com_jhotelreservation\classes\services\UserDataService.php 
2015-08-26 8:34:36 - DEBUG --> createUserData 
2015-08-26 8:34:36 - DEBUG --> UserData end:  a:0:{} 
2015-08-26 8:34:36 - DEBUG --> Archivo \components\com_jhotelreservation\classes\services\UserDataService.php 
2015-08-26 8:34:36 - DEBUG --> initializeUserData 
2015-08-26 8:34:36 - DEBUG --> UserData first: a:0:{} 
2015-08-26 8:34:36 - DEBUG --> UserData end:  a:0:{} 
2015-08-26 8:34:36 - DEBUG --> Archivo \components\com_jhotelreservation\classes\services\UserDataService.php 
2015-08-26 8:34:36 - DEBUG --> initializeReservationData 
2015-08-26 8:34:36 - DEBUG --> UserData: a:0:{} 
2015-08-26 8:34:36 - DEBUG --> Archivo \components\com_jhotelreservation\classes\services\UserDataService.php 
2015-08-26 8:34:36 - DEBUG --> updateUserData 
2015-08-26 8:34:36 - DEBUG --> Archivo \components\com_jhotelreservation\classes\services\UserDataService.php 
2015-08-26 8:34:36 - DEBUG --> getUserData 
2015-08-26 8:34:36 - DEBUG --> Archivo \components\com_jhotelreservation\classes\services\UserDataService.php 
2015-08-26 8:34:36 - DEBUG --> setCurrency 
2015-08-26 8:34:36 - DEBUG --> Archivo \components\com_jhotelreservation\classes\services\UserDataService.php 
2015-08-26 8:34:36 - DEBUG --> getUserData 
2015-08-26 8:34:36 - DEBUG --> Archivo \components\com_jhotelreservation\classes\services\UserDataService.php 
2015-08-26 8:34:36 - DEBUG --> getUserData 
2015-08-26 8:34:36 - DEBUG --> Archivo \components\com_jhotelreservation\classes\services\UserDataService.php 
2015-08-26 8:34:36 - DEBUG --> getUserData 
2015-08-26 8:34:36 - DEBUG --> Archivo \components\com_jhotelreservationiews\hotel	mpl\hoteloverview.php 
2015-08-26 8:34:36 - DEBUG --> Accedió 
2015-08-26 8:39:18 - DEBUG --> Archivo \components\com_jhotelreservation\classes\services\UserDataService.php 
2015-08-26 8:39:18 - DEBUG --> initializeUserData 
2015-08-26 8:39:18 - DEBUG --> UserData first: N; 
2015-08-26 8:39:18 - DEBUG --> Archivo \components\com_jhotelreservation\classes\services\UserDataService.php 
2015-08-26 8:39:18 - DEBUG --> createUserData 
2015-08-26 8:39:18 - DEBUG --> UserData end:  a:0:{} 
2015-08-26 8:39:18 - DEBUG --> Archivo \components\com_jhotelreservation\classes\services\UserDataService.php 
2015-08-26 8:39:18 - DEBUG --> initializeUserData 
2015-08-26 8:39:18 - DEBUG --> UserData first: a:0:{} 
2015-08-26 8:39:18 - DEBUG --> UserData end:  a:0:{} 
2015-08-26 8:39:18 - DEBUG --> Archivo \components\com_jhotelreservation\classes\services\UserDataService.php 
2015-08-26 8:39:18 - DEBUG --> initializeReservationData 
2015-08-26 8:39:18 - DEBUG --> UserData: a:0:{} 
2015-08-26 8:39:18 - DEBUG --> Archivo \components\com_jhotelreservation\classes\services\UserDataService.php 
2015-08-26 8:39:18 - DEBUG --> updateUserData 
2015-08-26 8:39:18 - DEBUG --> Archivo \components\com_jhotelreservation\classes\services\UserDataService.php 
2015-08-26 8:39:18 - DEBUG --> getUserData 
2015-08-26 8:39:18 - DEBUG --> Archivo \components\com_jhotelreservation\classes\services\UserDataService.php 
2015-08-26 8:39:18 - DEBUG --> setCurrency 
2015-08-26 8:39:18 - DEBUG --> Archivo \components\com_jhotelreservation\classes\services\UserDataService.php 
2015-08-26 8:39:18 - DEBUG --> getUserData 
2015-08-26 8:39:18 - DEBUG --> Archivo \components\com_jhotelreservation\classes\services\UserDataService.php 
2015-08-26 8:39:18 - DEBUG --> getUserData 
2015-08-26 8:39:18 - DEBUG --> Archivo \components\com_jhotelreservation\classes\services\UserDataService.php 
2015-08-26 8:39:18 - DEBUG --> getUserData 
2015-08-26 9:36:29 - DEBUG --> Archivo \components\com_jhotelreservation\classes\services\UserDataService.php 
2015-08-26 9:36:29 - DEBUG --> initializeUserData 
2015-08-26 9:36:29 - DEBUG --> UserData first: N; 
2015-08-26 9:36:29 - DEBUG --> Archivo \components\com_jhotelreservation\classes\services\UserDataService.php 
2015-08-26 9:36:29 - DEBUG --> createUserData 
2015-08-26 9:36:29 - DEBUG --> UserData end:  a:0:{} 
2015-08-26 9:36:29 - DEBUG --> Archivo \components\com_jhotelreservation\classes\services\UserDataService.php 
2015-08-26 9:36:29 - DEBUG --> initializeUserData 
2015-08-26 9:36:29 - DEBUG --> UserData first: a:0:{} 
2015-08-26 9:36:29 - DEBUG --> UserData end:  a:0:{} 
2015-08-26 9:36:29 - DEBUG --> Archivo \components\com_jhotelreservation\classes\services\UserDataService.php 
2015-08-26 9:36:29 - DEBUG --> initializeReservationData 
2015-08-26 9:36:29 - DEBUG --> UserData: a:0:{} 
2015-08-26 9:36:29 - DEBUG --> Archivo \components\com_jhotelreservation\classes\services\UserDataService.php 
2015-08-26 9:36:29 - DEBUG --> updateUserData 
2015-08-26 9:36:29 - DEBUG --> Archivo \components\com_jhotelreservation\classes\services\UserDataService.php 
2015-08-26 9:36:29 - DEBUG --> getUserData 
2015-08-26 9:36:29 - DEBUG --> Archivo \components\com_jhotelreservation\classes\services\UserDataService.php 
2015-08-26 9:36:29 - DEBUG --> setCurrency 
2015-08-26 9:36:29 - DEBUG --> Archivo \components\com_jhotelreservation\classes\services\UserDataService.php 
2015-08-26 9:36:29 - DEBUG --> getUserData 
2015-08-26 9:36:29 - DEBUG --> Archivo \components\com_jhotelreservation\classes\services\UserDataService.php 
2015-08-26 9:36:29 - DEBUG --> getUserData 
2015-08-26 9:36:29 - DEBUG --> Archivo \components\com_jhotelreservation\classes\services\UserDataService.php 
2015-08-26 9:36:29 - DEBUG --> getUserData 
2015-08-26 9:36:29 - DEBUG --> Archivo \components\com_jhotelreservationiews\hotel	mpl\hoteloverview.php 
2015-08-26 9:36:29 - DEBUG --> Accedió 
2015-08-26 10:28:37 - DEBUG --> Archivo \components\com_jhotelreservation\classes\services\UserDataService.php 
2015-08-26 10:28:37 - DEBUG --> initializeUserData 
2015-08-26 10:28:37 - DEBUG --> UserData first: N; 
2015-08-26 10:28:37 - DEBUG --> Archivo \components\com_jhotelreservation\classes\services\UserDataService.php 
2015-08-26 10:28:37 - DEBUG --> createUserData 
2015-08-26 10:28:37 - DEBUG --> UserData end:  a:0:{} 
2015-08-26 10:28:37 - DEBUG --> Archivo \components\com_jhotelreservation\classes\services\UserDataService.php 
2015-08-26 10:28:37 - DEBUG --> initializeUserData 
2015-08-26 10:28:37 - DEBUG --> UserData first: a:0:{} 
2015-08-26 10:28:37 - DEBUG --> UserData end:  a:0:{} 
2015-08-26 10:28:37 - DEBUG --> Archivo \components\com_jhotelreservation\classes\services\UserDataService.php 
2015-08-26 10:28:37 - DEBUG --> initializeReservationData 
2015-08-26 10:28:37 - DEBUG --> UserData: a:0:{} 
2015-08-26 10:28:37 - DEBUG --> Archivo \components\com_jhotelreservation\classes\services\UserDataService.php 
2015-08-26 10:28:37 - DEBUG --> updateUserData 
2015-08-26 10:28:37 - DEBUG --> Archivo \components\com_jhotelreservation\classes\services\UserDataService.php 
2015-08-26 10:28:37 - DEBUG --> getUserData 
2015-08-26 10:28:37 - DEBUG --> Archivo \components\com_jhotelreservation\classes\services\UserDataService.php 
2015-08-26 10:28:37 - DEBUG --> setCurrency 
2015-08-26 10:28:37 - DEBUG --> Archivo \components\com_jhotelreservation\classes\services\UserDataService.php 
2015-08-26 10:28:37 - DEBUG --> getUserData 
2015-08-26 10:28:37 - DEBUG --> Archivo \components\com_jhotelreservation\classes\services\UserDataService.php 
2015-08-26 10:28:37 - DEBUG --> getUserData 
2015-08-26 10:28:37 - DEBUG --> Archivo \components\com_jhotelreservation\classes\services\UserDataService.php 
2015-08-26 10:28:37 - DEBUG --> getUserData 
2015-08-26 10:28:37 - DEBUG --> Archivo \components\com_jhotelreservationiews\hotel	mpl\hoteloverview.php 
2015-08-26 10:28:37 - DEBUG --> Accedió 
2015-08-26 10:28:59 - DEBUG --> Archivo \components\com_jhotelreservation\classes\services\UserDataService.php 
2015-08-26 10:28:59 - DEBUG --> initializeUserData 
2015-08-26 10:28:59 - DEBUG --> UserData first: N; 
2015-08-26 10:28:59 - DEBUG --> Archivo \components\com_jhotelreservation\classes\services\UserDataService.php 
2015-08-26 10:28:59 - DEBUG --> createUserData 
2015-08-26 10:28:59 - DEBUG --> UserData end:  a:0:{} 
2015-08-26 10:28:59 - DEBUG --> Archivo \components\com_jhotelreservation\classes\services\UserDataService.php 
2015-08-26 10:28:59 - DEBUG --> initializeUserData 
2015-08-26 10:28:59 - DEBUG --> UserData first: a:0:{} 
2015-08-26 10:28:59 - DEBUG --> UserData end:  a:0:{} 
2015-08-26 10:28:59 - DEBUG --> Archivo \components\com_jhotelreservation\classes\services\UserDataService.php 
2015-08-26 10:28:59 - DEBUG --> initializeReservationData 
2015-08-26 10:28:59 - DEBUG --> UserData: a:0:{} 
2015-08-26 10:28:59 - DEBUG --> Archivo \components\com_jhotelreservation\classes\services\UserDataService.php 
2015-08-26 10:28:59 - DEBUG --> updateUserData 
2015-08-26 10:28:59 - DEBUG --> Archivo \components\com_jhotelreservation\classes\services\UserDataService.php 
2015-08-26 10:28:59 - DEBUG --> getUserData 
2015-08-26 10:28:59 - DEBUG --> Archivo \components\com_jhotelreservation\classes\services\UserDataService.php 
2015-08-26 10:28:59 - DEBUG --> setCurrency 
2015-08-26 10:28:59 - DEBUG --> Archivo \components\com_jhotelreservation\classes\services\UserDataService.php 
2015-08-26 10:28:59 - DEBUG --> getUserData 
2015-08-26 10:28:59 - DEBUG --> Archivo \components\com_jhotelreservation\classes\services\UserDataService.php 
2015-08-26 10:28:59 - DEBUG --> getUserData 
2015-08-26 10:28:59 - DEBUG --> Archivo \components\com_jhotelreservation\classes\services\UserDataService.php 
2015-08-26 10:28:59 - DEBUG --> getUserData 
2015-08-26 10:28:59 - DEBUG --> Archivo \components\com_jhotelreservationiews\hotel	mpl\hoteloverview.php 
2015-08-26 10:28:59 - DEBUG --> Accedió 
2015-08-26 10:47:06 - DEBUG --> Archivo \components\com_jhotelreservation\classes\services\UserDataService.php 
2015-08-26 10:47:06 - DEBUG --> initializeUserData 
2015-08-26 10:47:06 - DEBUG --> UserData first: N; 
2015-08-26 10:47:06 - DEBUG --> Archivo \components\com_jhotelreservation\classes\services\UserDataService.php 
2015-08-26 10:47:06 - DEBUG --> createUserData 
2015-08-26 10:47:06 - DEBUG --> UserData end:  a:0:{} 
2015-08-26 10:47:06 - DEBUG --> Archivo \components\com_jhotelreservation\classes\services\UserDataService.php 
2015-08-26 10:47:06 - DEBUG --> initializeUserData 
2015-08-26 10:47:06 - DEBUG --> UserData first: a:0:{} 
2015-08-26 10:47:06 - DEBUG --> UserData end:  a:0:{} 
2015-08-26 10:47:06 - DEBUG --> Archivo \components\com_jhotelreservation\classes\services\UserDataService.php 
2015-08-26 10:47:06 - DEBUG --> initializeReservationData 
2015-08-26 10:47:06 - DEBUG --> UserData: a:0:{} 
2015-08-26 10:47:06 - DEBUG --> Archivo \components\com_jhotelreservation\classes\services\UserDataService.php 
2015-08-26 10:47:06 - DEBUG --> updateUserData 
2015-08-26 10:47:06 - DEBUG --> Archivo \components\com_jhotelreservation\classes\services\UserDataService.php 
2015-08-26 10:47:06 - DEBUG --> getUserData 
2015-08-26 10:47:06 - DEBUG --> Archivo \components\com_jhotelreservation\classes\services\UserDataService.php 
2015-08-26 10:47:06 - DEBUG --> setCurrency 
2015-08-26 10:47:06 - DEBUG --> Archivo \components\com_jhotelreservation\classes\services\UserDataService.php 
2015-08-26 10:47:06 - DEBUG --> getUserData 
2015-08-26 10:47:06 - DEBUG --> Archivo \components\com_jhotelreservation\classes\services\UserDataService.php 
2015-08-26 10:47:06 - DEBUG --> getUserData 
2015-08-26 10:47:06 - DEBUG --> Archivo \components\com_jhotelreservation\classes\services\UserDataService.php 
2015-08-26 10:47:06 - DEBUG --> getUserData 
2015-08-26 10:47:06 - DEBUG --> Archivo \components\com_jhotelreservationiews\hotel	mpl\hoteloverview.php 
2015-08-26 10:47:06 - DEBUG --> Accedió 
2015-08-26 10:51:38 - DEBUG --> Archivo \components\com_jhotelreservation\classes\services\UserDataService.php 
2015-08-26 10:51:38 - DEBUG --> initializeUserData 
2015-08-26 10:51:38 - DEBUG --> UserData first: N; 
2015-08-26 10:51:38 - DEBUG --> Archivo \components\com_jhotelreservation\classes\services\UserDataService.php 
2015-08-26 10:51:38 - DEBUG --> createUserData 
2015-08-26 10:51:38 - DEBUG --> UserData end:  a:0:{} 
2015-08-26 10:51:38 - DEBUG --> Archivo \components\com_jhotelreservation\classes\services\UserDataService.php 
2015-08-26 10:51:38 - DEBUG --> initializeUserData 
2015-08-26 10:51:38 - DEBUG --> UserData first: a:0:{} 
2015-08-26 10:51:38 - DEBUG --> UserData end:  a:0:{} 
2015-08-26 10:51:38 - DEBUG --> Archivo \components\com_jhotelreservation\classes\services\UserDataService.php 
2015-08-26 10:51:38 - DEBUG --> initializeReservationData 
2015-08-26 10:51:38 - DEBUG --> UserData: a:0:{} 
2015-08-26 10:51:38 - DEBUG --> Archivo \components\com_jhotelreservation\classes\services\UserDataService.php 
2015-08-26 10:51:38 - DEBUG --> updateUserData 
2015-08-26 10:51:38 - DEBUG --> Archivo \components\com_jhotelreservation\classes\services\UserDataService.php 
2015-08-26 10:51:38 - DEBUG --> getUserData 
2015-08-26 10:51:38 - DEBUG --> Archivo \components\com_jhotelreservation\classes\services\UserDataService.php 
2015-08-26 10:51:38 - DEBUG --> setCurrency 
2015-08-26 10:51:38 - DEBUG --> Archivo \components\com_jhotelreservation\classes\services\UserDataService.php 
2015-08-26 10:51:38 - DEBUG --> getUserData 
2015-08-26 10:51:38 - DEBUG --> Archivo \components\com_jhotelreservation\classes\services\UserDataService.php 
2015-08-26 10:51:38 - DEBUG --> getUserData 
2015-08-26 10:51:38 - DEBUG --> Archivo \components\com_jhotelreservation\classes\services\UserDataService.php 
2015-08-26 10:51:38 - DEBUG --> getUserData 
2015-08-26 10:51:38 - DEBUG --> Archivo \components\com_jhotelreservationiews\hotel	mpl\hoteloverview.php 
2015-08-26 10:51:38 - DEBUG --> Accedió 
2015-08-26 10:55:51 - DEBUG --> Archivo \components\com_jhotelreservation\classes\services\UserDataService.php 
2015-08-26 10:55:51 - DEBUG --> initializeUserData 
2015-08-26 10:55:51 - DEBUG --> UserData first: N; 
2015-08-26 10:55:51 - DEBUG --> Archivo \components\com_jhotelreservation\classes\services\UserDataService.php 
2015-08-26 10:55:51 - DEBUG --> createUserData 
2015-08-26 10:55:51 - DEBUG --> UserData end:  a:0:{} 
2015-08-26 10:55:51 - DEBUG --> Archivo \components\com_jhotelreservation\classes\services\UserDataService.php 
2015-08-26 10:55:51 - DEBUG --> initializeUserData 
2015-08-26 10:55:51 - DEBUG --> UserData first: a:0:{} 
2015-08-26 10:55:51 - DEBUG --> UserData end:  a:0:{} 
2015-08-26 10:55:51 - DEBUG --> Archivo \components\com_jhotelreservation\classes\services\UserDataService.php 
2015-08-26 10:55:51 - DEBUG --> initializeReservationData 
2015-08-26 10:55:51 - DEBUG --> UserData: a:0:{} 
2015-08-26 10:55:51 - DEBUG --> Archivo \components\com_jhotelreservation\classes\services\UserDataService.php 
2015-08-26 10:55:51 - DEBUG --> updateUserData 
2015-08-26 10:55:51 - DEBUG --> Archivo \components\com_jhotelreservation\classes\services\UserDataService.php 
2015-08-26 10:55:51 - DEBUG --> getUserData 
2015-08-26 10:55:51 - DEBUG --> Archivo \components\com_jhotelreservation\classes\services\UserDataService.php 
2015-08-26 10:55:51 - DEBUG --> setCurrency 
2015-08-26 10:55:51 - DEBUG --> Archivo \components\com_jhotelreservation\classes\services\UserDataService.php 
2015-08-26 10:55:51 - DEBUG --> getUserData 
2015-08-26 10:55:51 - DEBUG --> Archivo \components\com_jhotelreservation\classes\services\UserDataService.php 
2015-08-26 10:55:51 - DEBUG --> getUserData 
2015-08-26 10:55:51 - DEBUG --> Archivo \components\com_jhotelreservation\classes\services\UserDataService.php 
2015-08-26 10:55:51 - DEBUG --> initializeUserData 
2015-08-26 10:55:51 - DEBUG --> UserData first: N; 
2015-08-26 10:55:51 - DEBUG --> Archivo \components\com_jhotelreservation\classes\services\UserDataService.php 
2015-08-26 10:55:51 - DEBUG --> createUserData 
2015-08-26 10:55:51 - DEBUG --> UserData end:  a:0:{} 
2015-08-26 10:55:51 - DEBUG --> Archivo \components\com_jhotelreservation\classes\services\UserDataService.php 
2015-08-26 10:55:51 - DEBUG --> initializeUserData 
2015-08-26 10:55:51 - DEBUG --> UserData first: a:0:{} 
2015-08-26 10:55:51 - DEBUG --> UserData end:  a:0:{} 
2015-08-26 10:55:51 - DEBUG --> Archivo \components\com_jhotelreservation\classes\services\UserDataService.php 
2015-08-26 10:55:51 - DEBUG --> initializeReservationData 
2015-08-26 10:55:51 - DEBUG --> UserData: a:0:{} 
2015-08-26 10:55:51 - DEBUG --> Archivo \components\com_jhotelreservation\classes\services\UserDataService.php 
2015-08-26 10:55:51 - DEBUG --> updateUserData 
2015-08-26 10:55:51 - DEBUG --> Archivo \components\com_jhotelreservation\classes\services\UserDataService.php 
2015-08-26 10:55:51 - DEBUG --> getUserData 
2015-08-26 10:55:51 - DEBUG --> Archivo \components\com_jhotelreservation\classes\services\UserDataService.php 
2015-08-26 10:55:51 - DEBUG --> setCurrency 
2015-08-26 10:55:51 - DEBUG --> Archivo \components\com_jhotelreservation\classes\services\UserDataService.php 
2015-08-26 10:55:51 - DEBUG --> getUserData 
2015-08-26 10:55:51 - DEBUG --> Archivo \components\com_jhotelreservation\classes\services\UserDataService.php 
2015-08-26 10:55:51 - DEBUG --> getUserData 
2015-08-26 10:55:51 - DEBUG --> Archivo \components\com_jhotelreservationiews\hotel	mpl\hoteloverview.php 
2015-08-26 10:55:51 - DEBUG --> Accedió 
2015-08-26 10:55:51 - DEBUG --> Archivo \components\com_jhotelreservation\classes\services\UserDataService.php 
2015-08-26 10:55:51 - DEBUG --> getUserData 
2015-08-26 10:55:51 - DEBUG --> Archivo \components\com_jhotelreservation\classes\services\UserDataService.php 
2015-08-26 10:55:51 - DEBUG --> getUserData 
2015-08-26 10:55:51 - DEBUG --> Archivo \components\com_jhotelreservationiews\hotel	mpl\hoteloverview.php 
2015-08-26 10:55:51 - DEBUG --> Accedió 
2015-08-26 11:22:17 - DEBUG --> Archivo \components\com_jhotelreservation\classes\services\UserDataService.php 
2015-08-26 11:22:17 - DEBUG --> initializeUserData 
2015-08-26 11:22:17 - DEBUG --> UserData first: N; 
2015-08-26 11:22:17 - DEBUG --> Archivo \components\com_jhotelreservation\classes\services\UserDataService.php 
2015-08-26 11:22:17 - DEBUG --> createUserData 
2015-08-26 11:22:17 - DEBUG --> UserData end:  a:0:{} 
2015-08-26 11:22:17 - DEBUG --> Archivo \components\com_jhotelreservation\classes\services\UserDataService.php 
2015-08-26 11:22:17 - DEBUG --> initializeUserData 
2015-08-26 11:22:17 - DEBUG --> UserData first: a:0:{} 
2015-08-26 11:22:17 - DEBUG --> UserData end:  a:0:{} 
2015-08-26 11:22:17 - DEBUG --> Archivo \components\com_jhotelreservation\classes\services\UserDataService.php 
2015-08-26 11:22:17 - DEBUG --> initializeReservationData 
2015-08-26 11:22:17 - DEBUG --> UserData: a:0:{} 
2015-08-26 11:22:17 - DEBUG --> Archivo \components\com_jhotelreservation\classes\services\UserDataService.php 
2015-08-26 11:22:17 - DEBUG --> updateUserData 
2015-08-26 11:22:17 - DEBUG --> Archivo \components\com_jhotelreservation\classes\services\UserDataService.php 
2015-08-26 11:22:17 - DEBUG --> getUserData 
2015-08-26 11:22:17 - DEBUG --> Archivo \components\com_jhotelreservation\classes\services\UserDataService.php 
2015-08-26 11:22:17 - DEBUG --> setCurrency 
2015-08-26 11:22:17 - DEBUG --> Archivo \components\com_jhotelreservation\classes\services\UserDataService.php 
2015-08-26 11:22:17 - DEBUG --> getUserData 
2015-08-26 11:22:17 - DEBUG --> Archivo \components\com_jhotelreservation\classes\services\UserDataService.php 
2015-08-26 11:22:17 - DEBUG --> getUserData 
2015-08-26 11:22:17 - DEBUG --> Archivo \components\com_jhotelreservation\classes\services\UserDataService.php 
2015-08-26 11:22:17 - DEBUG --> getUserData 
2015-08-26 11:22:17 - DEBUG --> Archivo \components\com_jhotelreservationiews\hotel	mpl\hoteloverview.php 
2015-08-26 11:22:17 - DEBUG --> Accedió 
2015-08-26 11:48:57 - DEBUG --> Archivo \components\com_jhotelreservation\classes\services\UserDataService.php 
2015-08-26 11:48:57 - DEBUG --> initializeUserData 
2015-08-26 11:48:57 - DEBUG --> UserData first: N; 
2015-08-26 11:48:57 - DEBUG --> Archivo \components\com_jhotelreservation\classes\services\UserDataService.php 
2015-08-26 11:48:57 - DEBUG --> createUserData 
2015-08-26 11:48:57 - DEBUG --> UserData end:  a:0:{} 
2015-08-26 11:48:57 - DEBUG --> Archivo \components\com_jhotelreservation\classes\services\UserDataService.php 
2015-08-26 11:48:57 - DEBUG --> initializeUserData 
2015-08-26 11:48:57 - DEBUG --> UserData first: a:0:{} 
2015-08-26 11:48:57 - DEBUG --> UserData end:  a:0:{} 
2015-08-26 11:48:57 - DEBUG --> Archivo \components\com_jhotelreservation\classes\services\UserDataService.php 
2015-08-26 11:48:57 - DEBUG --> initializeReservationData 
2015-08-26 11:48:57 - DEBUG --> UserData: a:0:{} 
2015-08-26 11:48:57 - DEBUG --> Archivo \components\com_jhotelreservation\classes\services\UserDataService.php 
2015-08-26 11:48:57 - DEBUG --> updateUserData 
2015-08-26 11:48:57 - DEBUG --> Archivo \components\com_jhotelreservation\classes\services\UserDataService.php 
2015-08-26 11:48:57 - DEBUG --> getUserData 
2015-08-26 11:48:57 - DEBUG --> Archivo \components\com_jhotelreservation\classes\services\UserDataService.php 
2015-08-26 11:48:57 - DEBUG --> setCurrency 
2015-08-26 11:48:57 - DEBUG --> Archivo \components\com_jhotelreservation\classes\services\UserDataService.php 
2015-08-26 11:48:57 - DEBUG --> getUserData 
2015-08-26 11:48:57 - DEBUG --> Archivo \components\com_jhotelreservation\classes\services\UserDataService.php 
2015-08-26 11:48:57 - DEBUG --> getUserData 
2015-08-26 11:48:57 - DEBUG --> Archivo \components\com_jhotelreservation\classes\services\UserDataService.php 
2015-08-26 11:48:57 - DEBUG --> getUserData 
2015-08-26 11:48:57 - DEBUG --> Archivo \components\com_jhotelreservationiews\hotel	mpl\hoteloverview.php 
2015-08-26 11:48:57 - DEBUG --> Accedió 
2015-08-26 12:35:26 - DEBUG --> Archivo \components\com_jhotelreservation\classes\services\UserDataService.php 
2015-08-26 12:35:26 - DEBUG --> initializeUserData 
2015-08-26 12:35:26 - DEBUG --> UserData first: N; 
2015-08-26 12:35:26 - DEBUG --> Archivo \components\com_jhotelreservation\classes\services\UserDataService.php 
2015-08-26 12:35:26 - DEBUG --> createUserData 
2015-08-26 12:35:26 - DEBUG --> UserData end:  a:0:{} 
2015-08-26 13:18:27 - DEBUG --> Archivo \components\com_jhotelreservation\classes\services\UserDataService.php 
2015-08-26 13:18:27 - DEBUG --> initializeUserData 
2015-08-26 13:18:27 - DEBUG --> UserData first: N; 
2015-08-26 13:18:27 - DEBUG --> Archivo \components\com_jhotelreservation\classes\services\UserDataService.php 
2015-08-26 13:18:27 - DEBUG --> createUserData 
2015-08-26 13:18:27 - DEBUG --> UserData end:  a:0:{} 
2015-08-26 13:18:27 - DEBUG --> Archivo \components\com_jhotelreservation\classes\services\UserDataService.php 
2015-08-26 13:18:27 - DEBUG --> initializeUserData 
2015-08-26 13:18:27 - DEBUG --> UserData first: a:0:{} 
2015-08-26 13:18:27 - DEBUG --> UserData end:  a:0:{} 
2015-08-26 13:18:27 - DEBUG --> Archivo \components\com_jhotelreservation\classes\services\UserDataService.php 
2015-08-26 13:18:27 - DEBUG --> initializeReservationData 
2015-08-26 13:18:27 - DEBUG --> UserData: a:0:{} 
2015-08-26 13:18:27 - DEBUG --> Archivo \components\com_jhotelreservation\classes\services\UserDataService.php 
2015-08-26 13:18:27 - DEBUG --> updateUserData 
2015-08-26 13:18:27 - DEBUG --> Archivo \components\com_jhotelreservation\classes\services\UserDataService.php 
2015-08-26 13:18:27 - DEBUG --> getUserData 
2015-08-26 13:18:27 - DEBUG --> Archivo \components\com_jhotelreservation\classes\services\UserDataService.php 
2015-08-26 13:18:27 - DEBUG --> setCurrency 
2015-08-26 13:18:27 - DEBUG --> Archivo \components\com_jhotelreservation\classes\services\UserDataService.php 
2015-08-26 13:18:27 - DEBUG --> getUserData 
2015-08-26 13:18:27 - DEBUG --> Archivo \components\com_jhotelreservation\classes\services\UserDataService.php 
2015-08-26 13:18:27 - DEBUG --> getUserData 
2015-08-26 13:18:27 - DEBUG --> Archivo \components\com_jhotelreservation\classes\services\UserDataService.php 
2015-08-26 13:18:27 - DEBUG --> getUserData 
2015-08-26 13:18:27 - DEBUG --> Archivo \components\com_jhotelreservationiews\hotel	mpl\hoteloverview.php 
2015-08-26 13:18:27 - DEBUG --> Accedió 
2015-08-26 13:44:39 - DEBUG --> Archivo \components\com_jhotelreservation\classes\services\UserDataService.php 
2015-08-26 13:44:39 - DEBUG --> initializeUserData 
2015-08-26 13:44:39 - DEBUG --> UserData first: N; 
2015-08-26 13:44:39 - DEBUG --> Archivo \components\com_jhotelreservation\classes\services\UserDataService.php 
2015-08-26 13:44:39 - DEBUG --> createUserData 
2015-08-26 13:44:39 - DEBUG --> UserData end:  a:0:{} 
2015-08-26 13:44:39 - DEBUG --> Archivo \components\com_jhotelreservation\classes\services\UserDataService.php 
2015-08-26 13:44:39 - DEBUG --> initializeUserData 
2015-08-26 13:44:39 - DEBUG --> UserData first: a:0:{} 
2015-08-26 13:44:39 - DEBUG --> UserData end:  a:0:{} 
2015-08-26 13:44:39 - DEBUG --> Archivo \components\com_jhotelreservation\classes\services\UserDataService.php 
2015-08-26 13:44:39 - DEBUG --> initializeReservationData 
2015-08-26 13:44:39 - DEBUG --> UserData: a:0:{} 
2015-08-26 13:44:39 - DEBUG --> Archivo \components\com_jhotelreservation\classes\services\UserDataService.php 
2015-08-26 13:44:39 - DEBUG --> updateUserData 
2015-08-26 13:44:39 - DEBUG --> Archivo \components\com_jhotelreservation\classes\services\UserDataService.php 
2015-08-26 13:44:39 - DEBUG --> getUserData 
2015-08-26 13:44:39 - DEBUG --> Archivo \components\com_jhotelreservation\classes\services\UserDataService.php 
2015-08-26 13:44:39 - DEBUG --> setCurrency 
2015-08-26 13:44:39 - DEBUG --> Archivo \components\com_jhotelreservation\classes\services\UserDataService.php 
2015-08-26 13:44:39 - DEBUG --> getUserData 
2015-08-26 13:44:39 - DEBUG --> Archivo \components\com_jhotelreservation\classes\services\UserDataService.php 
2015-08-26 13:44:39 - DEBUG --> getUserData 
2015-08-26 13:44:39 - DEBUG --> Archivo \components\com_jhotelreservation\classes\services\UserDataService.php 
2015-08-26 13:44:39 - DEBUG --> getUserData 
2015-08-26 13:44:39 - DEBUG --> Archivo \components\com_jhotelreservationiews\hotel	mpl\hoteloverview.php 
2015-08-26 13:44:39 - DEBUG --> Accedió 
2015-08-26 13:57:28 - DEBUG --> Archivo \components\com_jhotelreservation\classes\services\UserDataService.php 
2015-08-26 13:57:28 - DEBUG --> initializeUserData 
2015-08-26 13:57:28 - DEBUG --> UserData first: N; 
2015-08-26 13:57:28 - DEBUG --> Archivo \components\com_jhotelreservation\classes\services\UserDataService.php 
2015-08-26 13:57:28 - DEBUG --> createUserData 
2015-08-26 13:57:28 - DEBUG --> UserData end:  a:0:{} 
2015-08-26 13:57:28 - DEBUG --> Archivo \components\com_jhotelreservation\classes\services\UserDataService.php 
2015-08-26 13:57:28 - DEBUG --> initializeUserData 
2015-08-26 13:57:28 - DEBUG --> UserData first: a:0:{} 
2015-08-26 13:57:28 - DEBUG --> UserData end:  a:0:{} 
2015-08-26 13:57:28 - DEBUG --> Archivo \components\com_jhotelreservation\classes\services\UserDataService.php 
2015-08-26 13:57:28 - DEBUG --> initializeReservationData 
2015-08-26 13:57:28 - DEBUG --> UserData: a:0:{} 
2015-08-26 13:57:28 - DEBUG --> Archivo \components\com_jhotelreservation\classes\services\UserDataService.php 
2015-08-26 13:57:28 - DEBUG --> updateUserData 
2015-08-26 13:57:28 - DEBUG --> Archivo \components\com_jhotelreservation\classes\services\UserDataService.php 
2015-08-26 13:57:28 - DEBUG --> getUserData 
2015-08-26 13:57:28 - DEBUG --> Archivo \components\com_jhotelreservation\classes\services\UserDataService.php 
2015-08-26 13:57:28 - DEBUG --> setCurrency 
2015-08-26 13:57:28 - DEBUG --> Archivo \components\com_jhotelreservation\classes\services\UserDataService.php 
2015-08-26 13:57:28 - DEBUG --> getUserData 
2015-08-26 13:57:28 - DEBUG --> Archivo \components\com_jhotelreservation\classes\services\UserDataService.php 
2015-08-26 13:57:28 - DEBUG --> getUserData 
2015-08-26 13:57:28 - DEBUG --> Archivo \components\com_jhotelreservation\classes\services\UserDataService.php 
2015-08-26 13:57:28 - DEBUG --> getUserData 
2015-08-26 13:57:28 - DEBUG --> Archivo \components\com_jhotelreservationiews\hotel	mpl\hoteloverview.php 
2015-08-26 13:57:28 - DEBUG --> Accedió 
2015-08-26 14:29:35 - DEBUG --> Archivo \components\com_jhotelreservation\classes\services\UserDataService.php 
2015-08-26 14:29:35 - DEBUG --> initializeUserData 
2015-08-26 14:29:35 - DEBUG --> UserData first: N; 
2015-08-26 14:29:35 - DEBUG --> Archivo \components\com_jhotelreservation\classes\services\UserDataService.php 
2015-08-26 14:29:35 - DEBUG --> createUserData 
2015-08-26 14:29:35 - DEBUG --> UserData end:  a:0:{} 
2015-08-26 14:29:35 - DEBUG --> Archivo \components\com_jhotelreservation\classes\services\UserDataService.php 
2015-08-26 14:29:35 - DEBUG --> initializeUserData 
2015-08-26 14:29:35 - DEBUG --> UserData first: a:0:{} 
2015-08-26 14:29:35 - DEBUG --> UserData end:  a:0:{} 
2015-08-26 14:29:35 - DEBUG --> Archivo \components\com_jhotelreservation\classes\services\UserDataService.php 
2015-08-26 14:29:35 - DEBUG --> initializeReservationData 
2015-08-26 14:29:35 - DEBUG --> UserData: a:0:{} 
2015-08-26 14:29:35 - DEBUG --> Archivo \components\com_jhotelreservation\classes\services\UserDataService.php 
2015-08-26 14:29:35 - DEBUG --> updateUserData 
2015-08-26 14:29:35 - DEBUG --> Archivo \components\com_jhotelreservation\classes\services\UserDataService.php 
2015-08-26 14:29:35 - DEBUG --> getUserData 
2015-08-26 14:29:35 - DEBUG --> Archivo \components\com_jhotelreservation\classes\services\UserDataService.php 
2015-08-26 14:29:35 - DEBUG --> setCurrency 
2015-08-26 14:29:35 - DEBUG --> Archivo \components\com_jhotelreservation\classes\services\UserDataService.php 
2015-08-26 14:29:35 - DEBUG --> getUserData 
2015-08-26 14:29:35 - DEBUG --> Archivo \components\com_jhotelreservation\classes\services\UserDataService.php 
2015-08-26 14:29:35 - DEBUG --> getUserData 
2015-08-26 14:29:35 - DEBUG --> Archivo \components\com_jhotelreservation\classes\services\UserDataService.php 
2015-08-26 14:29:35 - DEBUG --> getUserData 
2015-08-26 14:29:35 - DEBUG --> Archivo \components\com_jhotelreservationiews\hotel	mpl\hoteloverview.php 
2015-08-26 14:29:35 - DEBUG --> Accedió 
2015-08-26 14:56:09 - DEBUG --> Archivo \components\com_jhotelreservation\classes\services\UserDataService.php 
2015-08-26 14:56:09 - DEBUG --> initializeUserData 
2015-08-26 14:56:09 - DEBUG --> UserData first: N; 
2015-08-26 14:56:09 - DEBUG --> Archivo \components\com_jhotelreservation\classes\services\UserDataService.php 
2015-08-26 14:56:09 - DEBUG --> createUserData 
2015-08-26 14:56:09 - DEBUG --> UserData end:  a:0:{} 
2015-08-26 14:56:09 - DEBUG --> Archivo \components\com_jhotelreservation\classes\services\UserDataService.php 
2015-08-26 14:56:09 - DEBUG --> initializeUserData 
2015-08-26 14:56:09 - DEBUG --> UserData first: a:0:{} 
2015-08-26 14:56:09 - DEBUG --> UserData end:  a:0:{} 
2015-08-26 14:56:09 - DEBUG --> Archivo \components\com_jhotelreservation\classes\services\UserDataService.php 
2015-08-26 14:56:09 - DEBUG --> initializeReservationData 
2015-08-26 14:56:09 - DEBUG --> UserData: a:0:{} 
2015-08-26 14:56:09 - DEBUG --> Archivo \components\com_jhotelreservation\classes\services\UserDataService.php 
2015-08-26 14:56:09 - DEBUG --> updateUserData 
2015-08-26 14:56:09 - DEBUG --> Archivo \components\com_jhotelreservation\classes\services\UserDataService.php 
2015-08-26 14:56:09 - DEBUG --> getUserData 
2015-08-26 14:56:09 - DEBUG --> Archivo \components\com_jhotelreservation\classes\services\UserDataService.php 
2015-08-26 14:56:09 - DEBUG --> setCurrency 
2015-08-26 14:56:09 - DEBUG --> Archivo \components\com_jhotelreservation\classes\services\UserDataService.php 
2015-08-26 14:56:09 - DEBUG --> getUserData 
2015-08-26 14:56:09 - DEBUG --> Archivo \components\com_jhotelreservation\classes\services\UserDataService.php 
2015-08-26 14:56:09 - DEBUG --> getUserData 
2015-08-26 14:56:09 - DEBUG --> Archivo \components\com_jhotelreservation\classes\services\UserDataService.php 
2015-08-26 14:56:09 - DEBUG --> getUserData 
2015-08-26 14:56:09 - DEBUG --> Archivo \components\com_jhotelreservationiews\hotel	mpl\hoteloverview.php 
2015-08-26 14:56:09 - DEBUG --> Accedió 
2015-08-26 17:03:38 - DEBUG --> Archivo \components\com_jhotelreservation\classes\services\UserDataService.php 
2015-08-26 17:03:38 - DEBUG --> initializeUserData 
2015-08-26 17:03:38 - DEBUG --> UserData first: N; 
2015-08-26 17:03:38 - DEBUG --> Archivo \components\com_jhotelreservation\classes\services\UserDataService.php 
2015-08-26 17:03:38 - DEBUG --> createUserData 
2015-08-26 17:03:38 - DEBUG --> UserData end:  a:0:{} 
2015-08-26 17:03:38 - DEBUG --> Archivo \components\com_jhotelreservation\classes\services\UserDataService.php 
2015-08-26 17:03:38 - DEBUG --> initializeUserData 
2015-08-26 17:03:38 - DEBUG --> UserData first: a:0:{} 
2015-08-26 17:03:38 - DEBUG --> UserData end:  a:0:{} 
2015-08-26 17:03:38 - DEBUG --> Archivo \components\com_jhotelreservation\classes\services\UserDataService.php 
2015-08-26 17:03:38 - DEBUG --> initializeReservationData 
2015-08-26 17:03:38 - DEBUG --> UserData: a:0:{} 
2015-08-26 17:03:38 - DEBUG --> Archivo \components\com_jhotelreservation\classes\services\UserDataService.php 
2015-08-26 17:03:38 - DEBUG --> updateUserData 
2015-08-26 17:03:38 - DEBUG --> Archivo \components\com_jhotelreservation\classes\services\UserDataService.php 
2015-08-26 17:03:38 - DEBUG --> getUserData 
2015-08-26 17:03:38 - DEBUG --> Archivo \components\com_jhotelreservation\classes\services\UserDataService.php 
2015-08-26 17:03:38 - DEBUG --> setCurrency 
2015-08-26 17:03:38 - DEBUG --> Archivo \components\com_jhotelreservation\classes\services\UserDataService.php 
2015-08-26 17:03:38 - DEBUG --> getUserData 
2015-08-26 17:03:38 - DEBUG --> Archivo \components\com_jhotelreservation\classes\services\UserDataService.php 
2015-08-26 17:03:38 - DEBUG --> getUserData 
2015-08-26 17:03:38 - DEBUG --> Archivo \components\com_jhotelreservation\classes\services\UserDataService.php 
2015-08-26 17:03:38 - DEBUG --> getUserData 
2015-08-26 17:03:38 - DEBUG --> Archivo \components\com_jhotelreservationiews\hotel	mpl\hoteloverview.php 
2015-08-26 17:03:38 - DEBUG --> Accedió 
2015-08-26 17:18:31 - DEBUG --> Archivo \components\com_jhotelreservation\classes\services\UserDataService.php 
2015-08-26 17:18:31 - DEBUG --> initializeUserData 
2015-08-26 17:18:31 - DEBUG --> UserData first: N; 
2015-08-26 17:18:31 - DEBUG --> Archivo \components\com_jhotelreservation\classes\services\UserDataService.php 
2015-08-26 17:18:31 - DEBUG --> createUserData 
2015-08-26 17:18:31 - DEBUG --> UserData end:  a:0:{} 
2015-08-26 17:18:31 - DEBUG --> Archivo \components\com_jhotelreservation\classes\services\UserDataService.php 
2015-08-26 17:18:31 - DEBUG --> initializeUserData 
2015-08-26 17:18:31 - DEBUG --> UserData first: a:0:{} 
2015-08-26 17:18:31 - DEBUG --> UserData end:  a:0:{} 
2015-08-26 17:18:31 - DEBUG --> Archivo \components\com_jhotelreservation\classes\services\UserDataService.php 
2015-08-26 17:18:31 - DEBUG --> initializeReservationData 
2015-08-26 17:18:31 - DEBUG --> UserData: a:0:{} 
2015-08-26 17:18:31 - DEBUG --> Archivo \components\com_jhotelreservation\classes\services\UserDataService.php 
2015-08-26 17:18:31 - DEBUG --> updateUserData 
2015-08-26 17:18:31 - DEBUG --> Archivo \components\com_jhotelreservation\classes\services\UserDataService.php 
2015-08-26 17:18:31 - DEBUG --> getUserData 
2015-08-26 17:18:31 - DEBUG --> Archivo \components\com_jhotelreservation\classes\services\UserDataService.php 
2015-08-26 17:18:31 - DEBUG --> setCurrency 
2015-08-26 17:18:31 - DEBUG --> Archivo \components\com_jhotelreservation\classes\services\UserDataService.php 
2015-08-26 17:18:31 - DEBUG --> getUserData 
2015-08-26 17:18:31 - DEBUG --> Archivo \components\com_jhotelreservation\classes\services\UserDataService.php 
2015-08-26 17:18:31 - DEBUG --> getUserData 
2015-08-26 17:18:31 - DEBUG --> Archivo \components\com_jhotelreservation\classes\services\UserDataService.php 
2015-08-26 17:18:31 - DEBUG --> getUserData 
2015-08-26 17:18:31 - DEBUG --> Archivo \components\com_jhotelreservationiews\hotel	mpl\hoteloverview.php 
2015-08-26 17:18:31 - DEBUG --> Accedió 
2015-08-26 17:35:24 - DEBUG --> Archivo \components\com_jhotelreservation\classes\services\UserDataService.php 
2015-08-26 17:35:24 - DEBUG --> initializeUserData 
2015-08-26 17:35:24 - DEBUG --> UserData first: N; 
2015-08-26 17:35:24 - DEBUG --> Archivo \components\com_jhotelreservation\classes\services\UserDataService.php 
2015-08-26 17:35:24 - DEBUG --> createUserData 
2015-08-26 17:35:24 - DEBUG --> UserData end:  a:0:{} 
2015-08-26 17:35:24 - DEBUG --> Archivo \components\com_jhotelreservation\classes\services\UserDataService.php 
2015-08-26 17:35:24 - DEBUG --> initializeUserData 
2015-08-26 17:35:24 - DEBUG --> UserData first: a:0:{} 
2015-08-26 17:35:24 - DEBUG --> UserData end:  a:0:{} 
2015-08-26 17:35:24 - DEBUG --> Archivo \components\com_jhotelreservation\classes\services\UserDataService.php 
2015-08-26 17:35:24 - DEBUG --> initializeReservationData 
2015-08-26 17:35:24 - DEBUG --> UserData: a:0:{} 
2015-08-26 17:35:24 - DEBUG --> Archivo \components\com_jhotelreservation\classes\services\UserDataService.php 
2015-08-26 17:35:24 - DEBUG --> updateUserData 
2015-08-26 17:35:24 - DEBUG --> Archivo \components\com_jhotelreservation\classes\services\UserDataService.php 
2015-08-26 17:35:24 - DEBUG --> getUserData 
2015-08-26 17:35:24 - DEBUG --> Archivo \components\com_jhotelreservation\classes\services\UserDataService.php 
2015-08-26 17:35:24 - DEBUG --> setCurrency 
2015-08-26 17:35:24 - DEBUG --> Archivo \components\com_jhotelreservation\classes\services\UserDataService.php 
2015-08-26 17:35:24 - DEBUG --> getUserData 
2015-08-26 17:35:24 - DEBUG --> Archivo \components\com_jhotelreservation\classes\services\UserDataService.php 
2015-08-26 17:35:24 - DEBUG --> getUserData 
2015-08-26 17:35:24 - DEBUG --> Archivo \components\com_jhotelreservation\classes\services\UserDataService.php 
2015-08-26 17:35:24 - DEBUG --> getUserData 
2015-08-26 17:35:24 - DEBUG --> Archivo \components\com_jhotelreservationiews\hotel	mpl\hoteloverview.php 
2015-08-26 17:35:24 - DEBUG --> Accedió 
2015-08-26 17:35:25 - DEBUG --> Archivo \components\com_jhotelreservation\classes\services\UserDataService.php 
2015-08-26 17:35:25 - DEBUG --> initializeUserData 
2015-08-26 17:35:25 - DEBUG --> UserData first: N; 
2015-08-26 17:35:25 - DEBUG --> Archivo \components\com_jhotelreservation\classes\services\UserDataService.php 
2015-08-26 17:35:25 - DEBUG --> createUserData 
2015-08-26 17:35:25 - DEBUG --> UserData end:  a:0:{} 
2015-08-26 17:35:25 - DEBUG --> Archivo \components\com_jhotelreservation\classes\services\UserDataService.php 
2015-08-26 17:35:25 - DEBUG --> initializeUserData 
2015-08-26 17:35:25 - DEBUG --> UserData first: a:0:{} 
2015-08-26 17:35:25 - DEBUG --> UserData end:  a:0:{} 
2015-08-26 17:35:25 - DEBUG --> Archivo \components\com_jhotelreservation\classes\services\UserDataService.php 
2015-08-26 17:35:25 - DEBUG --> initializeReservationData 
2015-08-26 17:35:25 - DEBUG --> UserData: a:0:{} 
2015-08-26 17:35:25 - DEBUG --> Archivo \components\com_jhotelreservation\classes\services\UserDataService.php 
2015-08-26 17:35:25 - DEBUG --> updateUserData 
2015-08-26 17:35:25 - DEBUG --> Archivo \components\com_jhotelreservation\classes\services\UserDataService.php 
2015-08-26 17:35:25 - DEBUG --> getUserData 
2015-08-26 17:35:25 - DEBUG --> Archivo \components\com_jhotelreservation\classes\services\UserDataService.php 
2015-08-26 17:35:25 - DEBUG --> setCurrency 
2015-08-26 17:35:25 - DEBUG --> Archivo \components\com_jhotelreservation\classes\services\UserDataService.php 
2015-08-26 17:35:25 - DEBUG --> getUserData 
2015-08-26 17:35:25 - DEBUG --> Archivo \components\com_jhotelreservation\classes\services\UserDataService.php 
2015-08-26 17:35:25 - DEBUG --> getUserData 
2015-08-26 17:35:25 - DEBUG --> Archivo \components\com_jhotelreservation\classes\services\UserDataService.php 
2015-08-26 17:35:25 - DEBUG --> getUserData 
2015-08-26 17:35:25 - DEBUG --> Archivo \components\com_jhotelreservationiews\hotel	mpl\hoteloverview.php 
2015-08-26 17:35:25 - DEBUG --> Accedió 
2015-08-26 17:35:30 - DEBUG --> Archivo \components\com_jhotelreservation\classes\services\UserDataService.php 
2015-08-26 17:35:30 - DEBUG --> initializeUserData 
2015-08-26 17:35:30 - DEBUG --> UserData first: N; 
2015-08-26 17:35:30 - DEBUG --> Archivo \components\com_jhotelreservation\classes\services\UserDataService.php 
2015-08-26 17:35:30 - DEBUG --> createUserData 
2015-08-26 17:35:30 - DEBUG --> UserData end:  a:0:{} 
2015-08-26 17:35:30 - DEBUG --> Archivo \components\com_jhotelreservation\classes\services\UserDataService.php 
2015-08-26 17:35:30 - DEBUG --> initializeUserData 
2015-08-26 17:35:30 - DEBUG --> UserData first: a:0:{} 
2015-08-26 17:35:30 - DEBUG --> UserData end:  a:0:{} 
2015-08-26 17:35:30 - DEBUG --> Archivo \components\com_jhotelreservation\classes\services\UserDataService.php 
2015-08-26 17:35:30 - DEBUG --> initializeReservationData 
2015-08-26 17:35:30 - DEBUG --> UserData: a:0:{} 
2015-08-26 17:35:30 - DEBUG --> Archivo \components\com_jhotelreservation\classes\services\UserDataService.php 
2015-08-26 17:35:30 - DEBUG --> updateUserData 
2015-08-26 17:35:30 - DEBUG --> Archivo \components\com_jhotelreservation\classes\services\UserDataService.php 
2015-08-26 17:35:30 - DEBUG --> getUserData 
2015-08-26 17:35:30 - DEBUG --> Archivo \components\com_jhotelreservation\classes\services\UserDataService.php 
2015-08-26 17:35:30 - DEBUG --> setCurrency 
2015-08-26 17:35:30 - DEBUG --> Archivo \components\com_jhotelreservation\classes\services\UserDataService.php 
2015-08-26 17:35:30 - DEBUG --> getUserData 
2015-08-26 17:35:30 - DEBUG --> Archivo \components\com_jhotelreservation\classes\services\UserDataService.php 
2015-08-26 17:35:30 - DEBUG --> getUserData 
2015-08-26 17:35:30 - DEBUG --> Archivo \components\com_jhotelreservation\classes\services\UserDataService.php 
2015-08-26 17:35:30 - DEBUG --> getUserData 
2015-08-26 17:35:30 - DEBUG --> Archivo \components\com_jhotelreservationiews\hotel	mpl\hoteloverview.php 
2015-08-26 17:35:30 - DEBUG --> Accedió 
2015-08-26 17:35:41 - DEBUG --> Archivo \components\com_jhotelreservation\classes\services\UserDataService.php 
2015-08-26 17:35:41 - DEBUG --> initializeUserData 
2015-08-26 17:35:41 - DEBUG --> UserData first: N; 
2015-08-26 17:35:41 - DEBUG --> Archivo \components\com_jhotelreservation\classes\services\UserDataService.php 
2015-08-26 17:35:41 - DEBUG --> createUserData 
2015-08-26 17:35:41 - DEBUG --> UserData end:  a:0:{} 
2015-08-26 17:35:41 - DEBUG --> Archivo \components\com_jhotelreservation\classes\services\UserDataService.php 
2015-08-26 17:35:41 - DEBUG --> initializeUserData 
2015-08-26 17:35:41 - DEBUG --> UserData first: a:0:{} 
2015-08-26 17:35:41 - DEBUG --> UserData end:  a:0:{} 
2015-08-26 17:35:41 - DEBUG --> Archivo \components\com_jhotelreservation\classes\services\UserDataService.php 
2015-08-26 17:35:41 - DEBUG --> initializeReservationData 
2015-08-26 17:35:41 - DEBUG --> UserData: a:0:{} 
2015-08-26 17:35:41 - DEBUG --> Archivo \components\com_jhotelreservation\classes\services\UserDataService.php 
2015-08-26 17:35:41 - DEBUG --> updateUserData 
2015-08-26 17:35:41 - DEBUG --> Archivo \components\com_jhotelreservation\classes\services\UserDataService.php 
2015-08-26 17:35:41 - DEBUG --> getUserData 
2015-08-26 17:35:41 - DEBUG --> Archivo \components\com_jhotelreservation\classes\services\UserDataService.php 
2015-08-26 17:35:41 - DEBUG --> setCurrency 
2015-08-26 17:35:41 - DEBUG --> Archivo \components\com_jhotelreservation\classes\services\UserDataService.php 
2015-08-26 17:35:41 - DEBUG --> getUserData 
2015-08-26 17:35:41 - DEBUG --> Archivo \components\com_jhotelreservation\classes\services\UserDataService.php 
2015-08-26 17:35:41 - DEBUG --> getUserData 
2015-08-26 17:35:41 - DEBUG --> Archivo \components\com_jhotelreservation\classes\services\UserDataService.php 
2015-08-26 17:35:41 - DEBUG --> getUserData 
2015-08-26 17:35:41 - DEBUG --> Archivo \components\com_jhotelreservationiews\hotel	mpl\hoteloverview.php 
2015-08-26 17:35:41 - DEBUG --> Accedió 
2015-08-26 17:35:44 - DEBUG --> Archivo \components\com_jhotelreservation\classes\services\UserDataService.php 
2015-08-26 17:35:44 - DEBUG --> initializeUserData 
2015-08-26 17:35:44 - DEBUG --> UserData first: N; 
2015-08-26 17:35:44 - DEBUG --> Archivo \components\com_jhotelreservation\classes\services\UserDataService.php 
2015-08-26 17:35:44 - DEBUG --> createUserData 
2015-08-26 17:35:44 - DEBUG --> UserData end:  a:0:{} 
2015-08-26 17:35:44 - DEBUG --> Archivo \components\com_jhotelreservation\classes\services\UserDataService.php 
2015-08-26 17:35:44 - DEBUG --> initializeUserData 
2015-08-26 17:35:44 - DEBUG --> UserData first: a:0:{} 
2015-08-26 17:35:44 - DEBUG --> UserData end:  a:0:{} 
2015-08-26 17:35:44 - DEBUG --> Archivo \components\com_jhotelreservation\classes\services\UserDataService.php 
2015-08-26 17:35:44 - DEBUG --> initializeReservationData 
2015-08-26 17:35:44 - DEBUG --> UserData: a:0:{} 
2015-08-26 17:35:44 - DEBUG --> Archivo \components\com_jhotelreservation\classes\services\UserDataService.php 
2015-08-26 17:35:44 - DEBUG --> updateUserData 
2015-08-26 17:35:44 - DEBUG --> Archivo \components\com_jhotelreservation\classes\services\UserDataService.php 
2015-08-26 17:35:44 - DEBUG --> getUserData 
2015-08-26 17:35:44 - DEBUG --> Archivo \components\com_jhotelreservation\classes\services\UserDataService.php 
2015-08-26 17:35:44 - DEBUG --> setCurrency 
2015-08-26 17:35:44 - DEBUG --> Archivo \components\com_jhotelreservation\classes\services\UserDataService.php 
2015-08-26 17:35:44 - DEBUG --> getUserData 
2015-08-26 17:35:44 - DEBUG --> Archivo \components\com_jhotelreservation\classes\services\UserDataService.php 
2015-08-26 17:35:44 - DEBUG --> getUserData 
2015-08-26 17:35:44 - DEBUG --> Archivo \components\com_jhotelreservation\classes\services\UserDataService.php 
2015-08-26 17:35:44 - DEBUG --> getUserData 
2015-08-26 17:35:44 - DEBUG --> Archivo \components\com_jhotelreservationiews\hotel	mpl\hoteloverview.php 
2015-08-26 17:35:44 - DEBUG --> Accedió 
2015-08-26 17:35:47 - DEBUG --> Archivo \components\com_jhotelreservation\classes\services\UserDataService.php 
2015-08-26 17:35:47 - DEBUG --> initializeUserData 
2015-08-26 17:35:47 - DEBUG --> UserData first: N; 
2015-08-26 17:35:47 - DEBUG --> Archivo \components\com_jhotelreservation\classes\services\UserDataService.php 
2015-08-26 17:35:47 - DEBUG --> createUserData 
2015-08-26 17:35:47 - DEBUG --> UserData end:  a:0:{} 
2015-08-26 17:35:47 - DEBUG --> Archivo \components\com_jhotelreservation\classes\services\UserDataService.php 
2015-08-26 17:35:47 - DEBUG --> initializeUserData 
2015-08-26 17:35:47 - DEBUG --> UserData first: a:0:{} 
2015-08-26 17:35:47 - DEBUG --> UserData end:  a:0:{} 
2015-08-26 17:35:47 - DEBUG --> Archivo \components\com_jhotelreservation\classes\services\UserDataService.php 
2015-08-26 17:35:47 - DEBUG --> initializeReservationData 
2015-08-26 17:35:47 - DEBUG --> UserData: a:0:{} 
2015-08-26 17:35:47 - DEBUG --> Archivo \components\com_jhotelreservation\classes\services\UserDataService.php 
2015-08-26 17:35:47 - DEBUG --> updateUserData 
2015-08-26 17:35:47 - DEBUG --> Archivo \components\com_jhotelreservation\classes\services\UserDataService.php 
2015-08-26 17:35:47 - DEBUG --> getUserData 
2015-08-26 17:35:47 - DEBUG --> Archivo \components\com_jhotelreservation\classes\services\UserDataService.php 
2015-08-26 17:35:47 - DEBUG --> setCurrency 
2015-08-26 17:35:47 - DEBUG --> Archivo \components\com_jhotelreservation\classes\services\UserDataService.php 
2015-08-26 17:35:47 - DEBUG --> getUserData 
2015-08-26 17:35:47 - DEBUG --> Archivo \components\com_jhotelreservation\classes\services\UserDataService.php 
2015-08-26 17:35:47 - DEBUG --> getUserData 
2015-08-26 17:35:47 - DEBUG --> Archivo \components\com_jhotelreservation\classes\services\UserDataService.php 
2015-08-26 17:35:47 - DEBUG --> getUserData 
2015-08-26 17:35:47 - DEBUG --> Archivo \components\com_jhotelreservationiews\hotel	mpl\hoteloverview.php 
2015-08-26 17:35:47 - DEBUG --> Accedió 
2015-08-26 18:20:09 - DEBUG --> Archivo \components\com_jhotelreservation\classes\services\UserDataService.php 
2015-08-26 18:20:09 - DEBUG --> initializeUserData 
2015-08-26 18:20:09 - DEBUG --> UserData first: N; 
2015-08-26 18:20:09 - DEBUG --> Archivo \components\com_jhotelreservation\classes\services\UserDataService.php 
2015-08-26 18:20:09 - DEBUG --> createUserData 
2015-08-26 18:20:09 - DEBUG --> UserData end:  a:0:{} 
2015-08-26 18:20:09 - DEBUG --> Archivo \components\com_jhotelreservation\classes\services\UserDataService.php 
2015-08-26 18:20:09 - DEBUG --> initializeUserData 
2015-08-26 18:20:09 - DEBUG --> UserData first: a:0:{} 
2015-08-26 18:20:09 - DEBUG --> UserData end:  a:0:{} 
2015-08-26 18:20:09 - DEBUG --> Archivo \components\com_jhotelreservation\classes\services\UserDataService.php 
2015-08-26 18:20:09 - DEBUG --> initializeReservationData 
2015-08-26 18:20:09 - DEBUG --> UserData: a:0:{} 
2015-08-26 18:20:09 - DEBUG --> Archivo \components\com_jhotelreservation\classes\services\UserDataService.php 
2015-08-26 18:20:09 - DEBUG --> updateUserData 
2015-08-26 18:20:09 - DEBUG --> Archivo \components\com_jhotelreservation\classes\services\UserDataService.php 
2015-08-26 18:20:09 - DEBUG --> getUserData 
2015-08-26 18:20:09 - DEBUG --> Archivo \components\com_jhotelreservation\classes\services\UserDataService.php 
2015-08-26 18:20:09 - DEBUG --> setCurrency 
2015-08-26 18:20:09 - DEBUG --> Archivo \components\com_jhotelreservation\classes\services\UserDataService.php 
2015-08-26 18:20:09 - DEBUG --> getUserData 
2015-08-26 18:20:09 - DEBUG --> Archivo \components\com_jhotelreservation\classes\services\UserDataService.php 
2015-08-26 18:20:09 - DEBUG --> getUserData 
2015-08-26 18:20:09 - DEBUG --> Archivo \components\com_jhotelreservation\classes\services\UserDataService.php 
2015-08-26 18:20:09 - DEBUG --> getUserData 
2015-08-26 18:20:09 - DEBUG --> Archivo \components\com_jhotelreservationiews\hotel	mpl\hoteloverview.php 
2015-08-26 18:20:09 - DEBUG --> Accedió 
2015-08-26 22:27:55 - DEBUG --> Archivo \components\com_jhotelreservation\classes\services\UserDataService.php 
2015-08-26 22:27:55 - DEBUG --> initializeUserData 
2015-08-26 22:27:55 - DEBUG --> UserData first: N; 
2015-08-26 22:27:55 - DEBUG --> Archivo \components\com_jhotelreservation\classes\services\UserDataService.php 
2015-08-26 22:27:55 - DEBUG --> createUserData 
2015-08-26 22:27:55 - DEBUG --> UserData end:  a:0:{} 
2015-08-26 22:27:55 - DEBUG --> Archivo \components\com_jhotelreservation\classes\services\UserDataService.php 
2015-08-26 22:27:55 - DEBUG --> initializeUserData 
2015-08-26 22:27:55 - DEBUG --> UserData first: a:0:{} 
2015-08-26 22:27:55 - DEBUG --> UserData end:  a:0:{} 
2015-08-26 22:27:55 - DEBUG --> Archivo \components\com_jhotelreservation\classes\services\UserDataService.php 
2015-08-26 22:27:55 - DEBUG --> initializeReservationData 
2015-08-26 22:27:55 - DEBUG --> UserData: a:0:{} 
2015-08-26 22:27:55 - DEBUG --> Archivo \components\com_jhotelreservation\classes\services\UserDataService.php 
2015-08-26 22:27:55 - DEBUG --> updateUserData 
2015-08-26 22:27:55 - DEBUG --> Archivo \components\com_jhotelreservation\classes\services\UserDataService.php 
2015-08-26 22:27:55 - DEBUG --> getUserData 
2015-08-26 22:27:55 - DEBUG --> Archivo \components\com_jhotelreservation\classes\services\UserDataService.php 
2015-08-26 22:27:55 - DEBUG --> setCurrency 
2015-08-26 22:27:55 - DEBUG --> Archivo \components\com_jhotelreservation\classes\services\UserDataService.php 
2015-08-26 22:27:55 - DEBUG --> getUserData 
2015-08-26 22:27:55 - DEBUG --> Archivo \components\com_jhotelreservation\classes\services\UserDataService.php 
2015-08-26 22:27:55 - DEBUG --> getUserData 
2015-08-26 22:27:55 - DEBUG --> Archivo \components\com_jhotelreservation\classes\services\UserDataService.php 
2015-08-26 22:27:55 - DEBUG --> getUserData 
2015-08-26 22:27:55 - DEBUG --> Archivo \components\com_jhotelreservationiews\hotel	mpl\hoteloverview.php 
2015-08-26 22:27:55 - DEBUG --> Accedió 
