2015-12-09 1:09:59 - DEBUG --> Archivo \components\com_jhotelreservation\classes\services\UserDataService.php 
2015-12-09 1:09:59 - DEBUG --> initializeUserData 
2015-12-09 1:09:59 - DEBUG --> UserData first: N; 
2015-12-09 1:09:59 - DEBUG --> Archivo \components\com_jhotelreservation\classes\services\UserDataService.php 
2015-12-09 1:09:59 - DEBUG --> createUserData 
2015-12-09 1:09:59 - DEBUG --> UserData end:  a:0:{} 
2015-12-09 1:09:59 - DEBUG --> Archivo \components\com_jhotelreservation\classes\services\UserDataService.php 
2015-12-09 1:09:59 - DEBUG --> initializeUserData 
2015-12-09 1:09:59 - DEBUG --> UserData first: a:0:{} 
2015-12-09 1:09:59 - DEBUG --> UserData end:  a:0:{} 
2015-12-09 1:09:59 - DEBUG --> Archivo \components\com_jhotelreservation\classes\services\UserDataService.php 
2015-12-09 1:09:59 - DEBUG --> initializeReservationData 
2015-12-09 1:09:59 - DEBUG --> UserData: a:0:{} 
2015-12-09 1:09:59 - DEBUG --> Archivo \components\com_jhotelreservation\classes\services\UserDataService.php 
2015-12-09 1:09:59 - DEBUG --> updateUserData 
2015-12-09 1:09:59 - DEBUG --> Archivo \components\com_jhotelreservation\classes\services\UserDataService.php 
2015-12-09 1:09:59 - DEBUG --> getUserData 
2015-12-09 1:09:59 - DEBUG --> Archivo \components\com_jhotelreservation\classes\services\UserDataService.php 
2015-12-09 1:09:59 - DEBUG --> setCurrency 
2015-12-09 1:09:59 - DEBUG --> Archivo \components\com_jhotelreservation\classes\services\UserDataService.php 
2015-12-09 1:09:59 - DEBUG --> getUserData 
2015-12-09 1:09:59 - DEBUG --> Archivo \components\com_jhotelreservation\classes\services\UserDataService.php 
2015-12-09 1:09:59 - DEBUG --> getUserData 
2015-12-09 1:09:59 - DEBUG --> Archivo \components\com_jhotelreservation\classes\services\UserDataService.php 
2015-12-09 1:09:59 - DEBUG --> getUserData 
2015-12-09 1:09:59 - DEBUG --> Archivo \components\com_jhotelreservationiews\hotel	mpl\hoteloverview.php 
2015-12-09 1:09:59 - DEBUG --> Accedió 
2015-12-09 1:12:58 - DEBUG --> Archivo \components\com_jhotelreservation\classes\services\UserDataService.php 
2015-12-09 1:12:58 - DEBUG --> initializeUserData 
2015-12-09 1:12:58 - DEBUG --> UserData first: N; 
2015-12-09 1:12:58 - DEBUG --> Archivo \components\com_jhotelreservation\classes\services\UserDataService.php 
2015-12-09 1:12:58 - DEBUG --> createUserData 
2015-12-09 1:12:58 - DEBUG --> UserData end:  a:0:{} 
2015-12-09 1:12:58 - DEBUG --> Archivo \components\com_jhotelreservation\classes\services\UserDataService.php 
2015-12-09 1:12:58 - DEBUG --> initializeUserData 
2015-12-09 1:12:58 - DEBUG --> UserData first: a:0:{} 
2015-12-09 1:12:58 - DEBUG --> UserData end:  a:0:{} 
2015-12-09 1:12:58 - DEBUG --> Archivo \components\com_jhotelreservation\classes\services\UserDataService.php 
2015-12-09 1:12:58 - DEBUG --> initializeReservationData 
2015-12-09 1:12:58 - DEBUG --> UserData: a:0:{} 
2015-12-09 1:12:58 - DEBUG --> Archivo \components\com_jhotelreservation\classes\services\UserDataService.php 
2015-12-09 1:12:58 - DEBUG --> updateUserData 
2015-12-09 1:12:58 - DEBUG --> Archivo \components\com_jhotelreservation\classes\services\UserDataService.php 
2015-12-09 1:12:58 - DEBUG --> getUserData 
2015-12-09 1:12:58 - DEBUG --> Archivo \components\com_jhotelreservation\classes\services\UserDataService.php 
2015-12-09 1:12:58 - DEBUG --> setCurrency 
2015-12-09 1:12:58 - DEBUG --> Archivo \components\com_jhotelreservation\classes\services\UserDataService.php 
2015-12-09 1:12:58 - DEBUG --> getUserData 
2015-12-09 1:12:58 - DEBUG --> Archivo \components\com_jhotelreservation\classes\services\UserDataService.php 
2015-12-09 1:12:58 - DEBUG --> getUserData 
2015-12-09 1:12:58 - DEBUG --> Archivo \components\com_jhotelreservation\classes\services\UserDataService.php 
2015-12-09 1:12:58 - DEBUG --> getUserData 
2015-12-09 1:12:58 - DEBUG --> Archivo \components\com_jhotelreservationiews\hotel	mpl\hoteloverview.php 
2015-12-09 1:12:58 - DEBUG --> Accedió 
2015-12-09 1:43:29 - DEBUG --> Archivo \components\com_jhotelreservation\classes\services\UserDataService.php 
2015-12-09 1:43:29 - DEBUG --> initializeUserData 
2015-12-09 1:43:29 - DEBUG --> UserData first: N; 
2015-12-09 1:43:29 - DEBUG --> Archivo \components\com_jhotelreservation\classes\services\UserDataService.php 
2015-12-09 1:43:29 - DEBUG --> createUserData 
2015-12-09 1:43:29 - DEBUG --> UserData end:  a:0:{} 
2015-12-09 2:01:41 - DEBUG --> Archivo \components\com_jhotelreservation\classes\services\UserDataService.php 
2015-12-09 2:01:41 - DEBUG --> initializeUserData 
2015-12-09 2:01:41 - DEBUG --> UserData first: N; 
2015-12-09 2:01:41 - DEBUG --> Archivo \components\com_jhotelreservation\classes\services\UserDataService.php 
2015-12-09 2:01:41 - DEBUG --> createUserData 
2015-12-09 2:01:41 - DEBUG --> UserData end:  a:0:{} 
2015-12-09 2:01:41 - DEBUG --> Archivo \components\com_jhotelreservation\classes\services\UserDataService.php 
2015-12-09 2:01:41 - DEBUG --> initializeUserData 
2015-12-09 2:01:41 - DEBUG --> UserData first: a:0:{} 
2015-12-09 2:01:41 - DEBUG --> UserData end:  a:0:{} 
2015-12-09 2:01:41 - DEBUG --> Archivo \components\com_jhotelreservation\classes\services\UserDataService.php 
2015-12-09 2:01:41 - DEBUG --> initializeReservationData 
2015-12-09 2:01:41 - DEBUG --> UserData: a:0:{} 
2015-12-09 2:01:41 - DEBUG --> Archivo \components\com_jhotelreservation\classes\services\UserDataService.php 
2015-12-09 2:01:41 - DEBUG --> updateUserData 
2015-12-09 2:01:41 - DEBUG --> Archivo \components\com_jhotelreservation\classes\services\UserDataService.php 
2015-12-09 2:01:41 - DEBUG --> getUserData 
2015-12-09 2:01:41 - DEBUG --> Archivo \components\com_jhotelreservation\classes\services\UserDataService.php 
2015-12-09 2:01:41 - DEBUG --> setCurrency 
2015-12-09 2:01:41 - DEBUG --> Archivo \components\com_jhotelreservation\classes\services\UserDataService.php 
2015-12-09 2:01:41 - DEBUG --> getUserData 
2015-12-09 2:01:41 - DEBUG --> Archivo \components\com_jhotelreservation\classes\services\UserDataService.php 
2015-12-09 2:01:41 - DEBUG --> getUserData 
2015-12-09 2:01:41 - DEBUG --> Archivo \components\com_jhotelreservation\classes\services\UserDataService.php 
2015-12-09 2:01:41 - DEBUG --> getUserData 
2015-12-09 2:01:41 - DEBUG --> Archivo \components\com_jhotelreservationiews\hotel	mpl\hoteloverview.php 
2015-12-09 2:01:41 - DEBUG --> Accedió 
2015-12-09 2:01:44 - DEBUG --> Archivo \components\com_jhotelreservation\classes\services\UserDataService.php 
2015-12-09 2:01:44 - DEBUG --> initializeUserData 
2015-12-09 2:01:44 - DEBUG --> UserData first: N; 
2015-12-09 2:01:44 - DEBUG --> Archivo \components\com_jhotelreservation\classes\services\UserDataService.php 
2015-12-09 2:01:44 - DEBUG --> createUserData 
2015-12-09 2:01:44 - DEBUG --> UserData end:  a:0:{} 
2015-12-09 2:01:44 - DEBUG --> Archivo \components\com_jhotelreservation\classes\services\UserDataService.php 
2015-12-09 2:01:44 - DEBUG --> initializeUserData 
2015-12-09 2:01:44 - DEBUG --> UserData first: a:0:{} 
2015-12-09 2:01:44 - DEBUG --> UserData end:  a:0:{} 
2015-12-09 2:01:44 - DEBUG --> Archivo \components\com_jhotelreservation\classes\services\UserDataService.php 
2015-12-09 2:01:44 - DEBUG --> initializeReservationData 
2015-12-09 2:01:44 - DEBUG --> UserData: a:0:{} 
2015-12-09 2:01:44 - DEBUG --> Archivo \components\com_jhotelreservation\classes\services\UserDataService.php 
2015-12-09 2:01:44 - DEBUG --> updateUserData 
2015-12-09 2:01:44 - DEBUG --> Archivo \components\com_jhotelreservation\classes\services\UserDataService.php 
2015-12-09 2:01:44 - DEBUG --> getUserData 
2015-12-09 2:01:44 - DEBUG --> Archivo \components\com_jhotelreservation\classes\services\UserDataService.php 
2015-12-09 2:01:44 - DEBUG --> setCurrency 
2015-12-09 2:01:44 - DEBUG --> Archivo \components\com_jhotelreservation\classes\services\UserDataService.php 
2015-12-09 2:01:44 - DEBUG --> getUserData 
2015-12-09 2:01:44 - DEBUG --> Archivo \components\com_jhotelreservation\classes\services\UserDataService.php 
2015-12-09 2:01:44 - DEBUG --> getUserData 
2015-12-09 2:01:44 - DEBUG --> Archivo \components\com_jhotelreservation\classes\services\UserDataService.php 
2015-12-09 2:01:44 - DEBUG --> getUserData 
2015-12-09 2:01:44 - DEBUG --> Archivo \components\com_jhotelreservationiews\hotel	mpl\hoteloverview.php 
2015-12-09 2:01:44 - DEBUG --> Accedió 
2015-12-09 2:50:58 - DEBUG --> Archivo \components\com_jhotelreservation\classes\services\UserDataService.php 
2015-12-09 2:50:58 - DEBUG --> initializeUserData 
2015-12-09 2:50:58 - DEBUG --> UserData first: N; 
2015-12-09 2:50:58 - DEBUG --> Archivo \components\com_jhotelreservation\classes\services\UserDataService.php 
2015-12-09 2:50:58 - DEBUG --> createUserData 
2015-12-09 2:50:58 - DEBUG --> UserData end:  a:0:{} 
2015-12-09 2:50:58 - DEBUG --> Archivo \components\com_jhotelreservation\classes\services\UserDataService.php 
2015-12-09 2:50:58 - DEBUG --> initializeUserData 
2015-12-09 2:50:58 - DEBUG --> UserData first: a:0:{} 
2015-12-09 2:50:58 - DEBUG --> UserData end:  a:0:{} 
2015-12-09 2:50:58 - DEBUG --> Archivo \components\com_jhotelreservation\classes\services\UserDataService.php 
2015-12-09 2:50:58 - DEBUG --> initializeReservationData 
2015-12-09 2:50:58 - DEBUG --> UserData: a:0:{} 
2015-12-09 2:50:58 - DEBUG --> Archivo \components\com_jhotelreservation\classes\services\UserDataService.php 
2015-12-09 2:50:58 - DEBUG --> updateUserData 
2015-12-09 2:50:58 - DEBUG --> Archivo \components\com_jhotelreservation\classes\services\UserDataService.php 
2015-12-09 2:50:58 - DEBUG --> getUserData 
2015-12-09 2:50:58 - DEBUG --> Archivo \components\com_jhotelreservation\classes\services\UserDataService.php 
2015-12-09 2:50:58 - DEBUG --> setCurrency 
2015-12-09 2:50:58 - DEBUG --> Archivo \components\com_jhotelreservation\classes\services\UserDataService.php 
2015-12-09 2:50:58 - DEBUG --> getUserData 
2015-12-09 2:50:58 - DEBUG --> Archivo \components\com_jhotelreservation\classes\services\UserDataService.php 
2015-12-09 2:50:58 - DEBUG --> getUserData 
2015-12-09 2:50:58 - DEBUG --> Archivo \components\com_jhotelreservation\classes\services\UserDataService.php 
2015-12-09 2:50:58 - DEBUG --> getUserData 
2015-12-09 2:50:58 - DEBUG --> Archivo \components\com_jhotelreservationiews\hotel	mpl\hoteloverview.php 
2015-12-09 2:50:58 - DEBUG --> Accedió 
2015-12-09 3:00:26 - DEBUG --> Archivo \components\com_jhotelreservation\classes\services\UserDataService.php 
2015-12-09 3:00:26 - DEBUG --> initializeUserData 
2015-12-09 3:00:26 - DEBUG --> UserData first: N; 
2015-12-09 3:00:26 - DEBUG --> Archivo \components\com_jhotelreservation\classes\services\UserDataService.php 
2015-12-09 3:00:26 - DEBUG --> createUserData 
2015-12-09 3:00:26 - DEBUG --> UserData end:  a:0:{} 
2015-12-09 3:00:26 - DEBUG --> Archivo \components\com_jhotelreservation\classes\services\UserDataService.php 
2015-12-09 3:00:26 - DEBUG --> initializeUserData 
2015-12-09 3:00:26 - DEBUG --> UserData first: a:0:{} 
2015-12-09 3:00:26 - DEBUG --> UserData end:  a:0:{} 
2015-12-09 3:00:26 - DEBUG --> Archivo \components\com_jhotelreservation\classes\services\UserDataService.php 
2015-12-09 3:00:26 - DEBUG --> initializeReservationData 
2015-12-09 3:00:26 - DEBUG --> UserData: a:0:{} 
2015-12-09 3:00:26 - DEBUG --> Archivo \components\com_jhotelreservation\classes\services\UserDataService.php 
2015-12-09 3:00:26 - DEBUG --> updateUserData 
2015-12-09 3:00:26 - DEBUG --> Archivo \components\com_jhotelreservation\classes\services\UserDataService.php 
2015-12-09 3:00:26 - DEBUG --> getUserData 
2015-12-09 3:00:26 - DEBUG --> Archivo \components\com_jhotelreservation\classes\services\UserDataService.php 
2015-12-09 3:00:26 - DEBUG --> setCurrency 
2015-12-09 3:00:26 - DEBUG --> Archivo \components\com_jhotelreservation\classes\services\UserDataService.php 
2015-12-09 3:00:26 - DEBUG --> getUserData 
2015-12-09 3:00:26 - DEBUG --> Archivo \components\com_jhotelreservation\classes\services\UserDataService.php 
2015-12-09 3:00:26 - DEBUG --> getUserData 
2015-12-09 3:00:26 - DEBUG --> Archivo \components\com_jhotelreservation\classes\services\UserDataService.php 
2015-12-09 3:00:26 - DEBUG --> getUserData 
2015-12-09 3:00:26 - DEBUG --> Archivo \components\com_jhotelreservationiews\hotel	mpl\hoteloverview.php 
2015-12-09 3:00:26 - DEBUG --> Accedió 
2015-12-09 3:42:37 - DEBUG --> Archivo \components\com_jhotelreservation\classes\services\UserDataService.php 
2015-12-09 3:42:37 - DEBUG --> initializeUserData 
2015-12-09 3:42:37 - DEBUG --> UserData first: N; 
2015-12-09 3:42:37 - DEBUG --> Archivo \components\com_jhotelreservation\classes\services\UserDataService.php 
2015-12-09 3:42:37 - DEBUG --> createUserData 
2015-12-09 3:42:37 - DEBUG --> UserData end:  a:0:{} 
2015-12-09 3:42:37 - DEBUG --> Archivo \components\com_jhotelreservation\classes\services\UserDataService.php 
2015-12-09 3:42:37 - DEBUG --> initializeUserData 
2015-12-09 3:42:37 - DEBUG --> UserData first: a:0:{} 
2015-12-09 3:42:37 - DEBUG --> UserData end:  a:0:{} 
2015-12-09 3:42:37 - DEBUG --> Archivo \components\com_jhotelreservation\classes\services\UserDataService.php 
2015-12-09 3:42:37 - DEBUG --> initializeReservationData 
2015-12-09 3:42:37 - DEBUG --> UserData: a:0:{} 
2015-12-09 3:42:37 - DEBUG --> Archivo \components\com_jhotelreservation\classes\services\UserDataService.php 
2015-12-09 3:42:37 - DEBUG --> updateUserData 
2015-12-09 3:42:37 - DEBUG --> Archivo \components\com_jhotelreservation\classes\services\UserDataService.php 
2015-12-09 3:42:37 - DEBUG --> getUserData 
2015-12-09 3:42:37 - DEBUG --> Archivo \components\com_jhotelreservation\classes\services\UserDataService.php 
2015-12-09 3:42:37 - DEBUG --> setCurrency 
2015-12-09 3:42:37 - DEBUG --> Archivo \components\com_jhotelreservation\classes\services\UserDataService.php 
2015-12-09 3:42:37 - DEBUG --> getUserData 
2015-12-09 3:42:37 - DEBUG --> Archivo \components\com_jhotelreservation\classes\services\UserDataService.php 
2015-12-09 3:42:37 - DEBUG --> getUserData 
2015-12-09 3:42:37 - DEBUG --> Archivo \components\com_jhotelreservation\classes\services\UserDataService.php 
2015-12-09 3:42:37 - DEBUG --> getUserData 
2015-12-09 6:07:48 - DEBUG --> Archivo \components\com_jhotelreservation\classes\services\UserDataService.php 
2015-12-09 6:07:48 - DEBUG --> initializeUserData 
2015-12-09 6:07:48 - DEBUG --> UserData first: N; 
2015-12-09 6:07:48 - DEBUG --> Archivo \components\com_jhotelreservation\classes\services\UserDataService.php 
2015-12-09 6:07:48 - DEBUG --> createUserData 
2015-12-09 6:07:48 - DEBUG --> UserData end:  a:0:{} 
2015-12-09 6:07:48 - DEBUG --> Archivo \components\com_jhotelreservation\classes\services\UserDataService.php 
2015-12-09 6:07:48 - DEBUG --> initializeUserData 
2015-12-09 6:07:48 - DEBUG --> UserData first: a:0:{} 
2015-12-09 6:07:48 - DEBUG --> UserData end:  a:0:{} 
2015-12-09 6:07:48 - DEBUG --> Archivo \components\com_jhotelreservation\classes\services\UserDataService.php 
2015-12-09 6:07:48 - DEBUG --> initializeReservationData 
2015-12-09 6:07:48 - DEBUG --> UserData: a:0:{} 
2015-12-09 6:07:48 - DEBUG --> Archivo \components\com_jhotelreservation\classes\services\UserDataService.php 
2015-12-09 6:07:48 - DEBUG --> updateUserData 
2015-12-09 6:07:48 - DEBUG --> Archivo \components\com_jhotelreservation\classes\services\UserDataService.php 
2015-12-09 6:07:48 - DEBUG --> getUserData 
2015-12-09 6:07:48 - DEBUG --> Archivo \components\com_jhotelreservation\classes\services\UserDataService.php 
2015-12-09 6:07:48 - DEBUG --> setCurrency 
2015-12-09 6:07:48 - DEBUG --> Archivo \components\com_jhotelreservation\classes\services\UserDataService.php 
2015-12-09 6:07:48 - DEBUG --> getUserData 
2015-12-09 6:07:48 - DEBUG --> Archivo \components\com_jhotelreservation\classes\services\UserDataService.php 
2015-12-09 6:07:48 - DEBUG --> getUserData 
2015-12-09 6:07:48 - DEBUG --> Archivo \components\com_jhotelreservation\classes\services\UserDataService.php 
2015-12-09 6:07:48 - DEBUG --> getUserData 
2015-12-09 7:13:54 - DEBUG --> Archivo \components\com_jhotelreservation\classes\services\UserDataService.php 
2015-12-09 7:13:54 - DEBUG --> initializeUserData 
2015-12-09 7:13:54 - DEBUG --> UserData first: N; 
2015-12-09 7:13:54 - DEBUG --> Archivo \components\com_jhotelreservation\classes\services\UserDataService.php 
2015-12-09 7:13:54 - DEBUG --> createUserData 
2015-12-09 7:13:54 - DEBUG --> UserData end:  a:0:{} 
2015-12-09 7:13:54 - DEBUG --> Archivo \components\com_jhotelreservation\classes\services\UserDataService.php 
2015-12-09 7:13:54 - DEBUG --> initializeUserData 
2015-12-09 7:13:54 - DEBUG --> UserData first: a:0:{} 
2015-12-09 7:13:54 - DEBUG --> UserData end:  a:0:{} 
2015-12-09 7:13:54 - DEBUG --> Archivo \components\com_jhotelreservation\classes\services\UserDataService.php 
2015-12-09 7:13:54 - DEBUG --> initializeReservationData 
2015-12-09 7:13:54 - DEBUG --> UserData: a:0:{} 
2015-12-09 7:13:54 - DEBUG --> Archivo \components\com_jhotelreservation\classes\services\UserDataService.php 
2015-12-09 7:13:54 - DEBUG --> updateUserData 
2015-12-09 7:13:54 - DEBUG --> Archivo \components\com_jhotelreservation\classes\services\UserDataService.php 
2015-12-09 7:13:54 - DEBUG --> getUserData 
2015-12-09 7:13:54 - DEBUG --> Archivo \components\com_jhotelreservation\classes\services\UserDataService.php 
2015-12-09 7:13:54 - DEBUG --> setCurrency 
2015-12-09 7:13:54 - DEBUG --> Archivo \components\com_jhotelreservation\classes\services\UserDataService.php 
2015-12-09 7:13:54 - DEBUG --> getUserData 
2015-12-09 7:13:54 - DEBUG --> Archivo \components\com_jhotelreservation\classes\services\UserDataService.php 
2015-12-09 7:13:54 - DEBUG --> getUserData 
2015-12-09 7:13:54 - DEBUG --> Archivo \components\com_jhotelreservation\classes\services\UserDataService.php 
2015-12-09 7:13:54 - DEBUG --> getUserData 
2015-12-09 11:38:14 - DEBUG --> Archivo \components\com_jhotelreservation\classes\services\UserDataService.php 
2015-12-09 11:38:14 - DEBUG --> initializeUserData 
2015-12-09 11:38:14 - DEBUG --> UserData first: N; 
2015-12-09 11:38:14 - DEBUG --> Archivo \components\com_jhotelreservation\classes\services\UserDataService.php 
2015-12-09 11:38:14 - DEBUG --> createUserData 
2015-12-09 11:38:14 - DEBUG --> UserData end:  a:0:{} 
2015-12-09 11:38:14 - DEBUG --> Archivo \components\com_jhotelreservation\classes\services\UserDataService.php 
2015-12-09 11:38:14 - DEBUG --> initializeUserData 
2015-12-09 11:38:14 - DEBUG --> UserData first: a:0:{} 
2015-12-09 11:38:14 - DEBUG --> UserData end:  a:0:{} 
2015-12-09 11:38:14 - DEBUG --> Archivo \components\com_jhotelreservation\classes\services\UserDataService.php 
2015-12-09 11:38:14 - DEBUG --> initializeReservationData 
2015-12-09 11:38:14 - DEBUG --> UserData: a:0:{} 
2015-12-09 11:38:14 - DEBUG --> Archivo \components\com_jhotelreservation\classes\services\UserDataService.php 
2015-12-09 11:38:14 - DEBUG --> updateUserData 
2015-12-09 11:38:14 - DEBUG --> Archivo \components\com_jhotelreservation\classes\services\UserDataService.php 
2015-12-09 11:38:14 - DEBUG --> getUserData 
2015-12-09 11:38:14 - DEBUG --> Archivo \components\com_jhotelreservation\classes\services\UserDataService.php 
2015-12-09 11:38:14 - DEBUG --> setCurrency 
2015-12-09 11:38:14 - DEBUG --> Archivo \components\com_jhotelreservation\classes\services\UserDataService.php 
2015-12-09 11:38:14 - DEBUG --> getUserData 
2015-12-09 11:38:14 - DEBUG --> Archivo \components\com_jhotelreservation\classes\services\UserDataService.php 
2015-12-09 11:38:14 - DEBUG --> getUserData 
2015-12-09 11:38:14 - DEBUG --> Archivo \components\com_jhotelreservation\classes\services\UserDataService.php 
2015-12-09 11:38:14 - DEBUG --> getUserData 
2015-12-09 14:00:27 - DEBUG --> Archivo \components\com_jhotelreservation\classes\services\UserDataService.php 
2015-12-09 14:00:27 - DEBUG --> initializeUserData 
2015-12-09 14:00:27 - DEBUG --> UserData first: N; 
2015-12-09 14:00:27 - DEBUG --> Archivo \components\com_jhotelreservation\classes\services\UserDataService.php 
2015-12-09 14:00:27 - DEBUG --> createUserData 
2015-12-09 14:00:27 - DEBUG --> UserData end:  a:0:{} 
2015-12-09 14:00:27 - DEBUG --> Archivo \components\com_jhotelreservation\classes\services\UserDataService.php 
2015-12-09 14:00:27 - DEBUG --> initializeUserData 
2015-12-09 14:00:27 - DEBUG --> UserData first: a:0:{} 
2015-12-09 14:00:27 - DEBUG --> UserData end:  a:0:{} 
2015-12-09 14:00:27 - DEBUG --> Archivo \components\com_jhotelreservation\classes\services\UserDataService.php 
2015-12-09 14:00:27 - DEBUG --> initializeReservationData 
2015-12-09 14:00:27 - DEBUG --> UserData: a:0:{} 
2015-12-09 14:00:27 - DEBUG --> Archivo \components\com_jhotelreservation\classes\services\UserDataService.php 
2015-12-09 14:00:27 - DEBUG --> updateUserData 
2015-12-09 14:00:27 - DEBUG --> Archivo \components\com_jhotelreservation\classes\services\UserDataService.php 
2015-12-09 14:00:27 - DEBUG --> getUserData 
2015-12-09 14:00:27 - DEBUG --> Archivo \components\com_jhotelreservation\classes\services\UserDataService.php 
2015-12-09 14:00:27 - DEBUG --> setCurrency 
2015-12-09 14:00:27 - DEBUG --> Archivo \components\com_jhotelreservation\classes\services\UserDataService.php 
2015-12-09 14:00:27 - DEBUG --> getUserData 
2015-12-09 14:00:27 - DEBUG --> Archivo \components\com_jhotelreservation\classes\services\UserDataService.php 
2015-12-09 14:00:27 - DEBUG --> getUserData 
2015-12-09 14:00:27 - DEBUG --> Archivo \components\com_jhotelreservation\classes\services\UserDataService.php 
2015-12-09 14:00:27 - DEBUG --> getUserData 
2015-12-09 14:00:27 - DEBUG --> Archivo \components\com_jhotelreservationiews\hotel	mpl\hoteloverview.php 
2015-12-09 14:00:27 - DEBUG --> Accedió 
2015-12-09 14:00:30 - DEBUG --> Archivo \components\com_jhotelreservation\classes\services\UserDataService.php 
2015-12-09 14:00:30 - DEBUG --> initializeUserData 
2015-12-09 14:00:30 - DEBUG --> UserData first: N; 
2015-12-09 14:00:30 - DEBUG --> Archivo \components\com_jhotelreservation\classes\services\UserDataService.php 
2015-12-09 14:00:30 - DEBUG --> createUserData 
2015-12-09 14:00:30 - DEBUG --> UserData end:  a:0:{} 
2015-12-09 14:00:30 - DEBUG --> Archivo \components\com_jhotelreservation\classes\services\UserDataService.php 
2015-12-09 14:00:30 - DEBUG --> initializeUserData 
2015-12-09 14:00:30 - DEBUG --> UserData first: a:0:{} 
2015-12-09 14:00:30 - DEBUG --> UserData end:  a:0:{} 
2015-12-09 14:00:30 - DEBUG --> Archivo \components\com_jhotelreservation\classes\services\UserDataService.php 
2015-12-09 14:00:30 - DEBUG --> initializeReservationData 
2015-12-09 14:00:30 - DEBUG --> UserData: a:0:{} 
2015-12-09 14:00:30 - DEBUG --> Archivo \components\com_jhotelreservation\classes\services\UserDataService.php 
2015-12-09 14:00:30 - DEBUG --> updateUserData 
2015-12-09 14:00:30 - DEBUG --> Archivo \components\com_jhotelreservation\classes\services\UserDataService.php 
2015-12-09 14:00:30 - DEBUG --> getUserData 
2015-12-09 14:00:30 - DEBUG --> Archivo \components\com_jhotelreservation\classes\services\UserDataService.php 
2015-12-09 14:00:30 - DEBUG --> setCurrency 
2015-12-09 14:00:30 - DEBUG --> Archivo \components\com_jhotelreservation\classes\services\UserDataService.php 
2015-12-09 14:00:30 - DEBUG --> getUserData 
2015-12-09 14:00:30 - DEBUG --> Archivo \components\com_jhotelreservation\classes\services\UserDataService.php 
2015-12-09 14:00:30 - DEBUG --> getUserData 
2015-12-09 14:00:30 - DEBUG --> Archivo \components\com_jhotelreservation\classes\services\UserDataService.php 
2015-12-09 14:00:30 - DEBUG --> getUserData 
2015-12-09 14:00:30 - DEBUG --> Archivo \components\com_jhotelreservationiews\hotel	mpl\hoteloverview.php 
2015-12-09 14:00:30 - DEBUG --> Accedió 
2015-12-09 14:00:33 - DEBUG --> Archivo \components\com_jhotelreservation\classes\services\UserDataService.php 
2015-12-09 14:00:33 - DEBUG --> initializeUserData 
2015-12-09 14:00:33 - DEBUG --> UserData first: N; 
2015-12-09 14:00:33 - DEBUG --> Archivo \components\com_jhotelreservation\classes\services\UserDataService.php 
2015-12-09 14:00:33 - DEBUG --> createUserData 
2015-12-09 14:00:33 - DEBUG --> UserData end:  a:0:{} 
2015-12-09 14:00:33 - DEBUG --> Archivo \components\com_jhotelreservation\classes\services\UserDataService.php 
2015-12-09 14:00:33 - DEBUG --> initializeUserData 
2015-12-09 14:00:33 - DEBUG --> UserData first: a:0:{} 
2015-12-09 14:00:33 - DEBUG --> UserData end:  a:0:{} 
2015-12-09 14:00:33 - DEBUG --> Archivo \components\com_jhotelreservation\classes\services\UserDataService.php 
2015-12-09 14:00:33 - DEBUG --> initializeReservationData 
2015-12-09 14:00:33 - DEBUG --> UserData: a:0:{} 
2015-12-09 14:00:33 - DEBUG --> Archivo \components\com_jhotelreservation\classes\services\UserDataService.php 
2015-12-09 14:00:33 - DEBUG --> updateUserData 
2015-12-09 14:00:33 - DEBUG --> Archivo \components\com_jhotelreservation\classes\services\UserDataService.php 
2015-12-09 14:00:33 - DEBUG --> getUserData 
2015-12-09 14:00:33 - DEBUG --> Archivo \components\com_jhotelreservation\classes\services\UserDataService.php 
2015-12-09 14:00:33 - DEBUG --> setCurrency 
2015-12-09 14:00:33 - DEBUG --> Archivo \components\com_jhotelreservation\classes\services\UserDataService.php 
2015-12-09 14:00:33 - DEBUG --> getUserData 
2015-12-09 14:00:33 - DEBUG --> Archivo \components\com_jhotelreservation\classes\services\UserDataService.php 
2015-12-09 14:00:33 - DEBUG --> getUserData 
2015-12-09 14:00:33 - DEBUG --> Archivo \components\com_jhotelreservation\classes\services\UserDataService.php 
2015-12-09 14:00:33 - DEBUG --> getUserData 
2015-12-09 14:00:33 - DEBUG --> Archivo \components\com_jhotelreservationiews\hotel	mpl\hoteloverview.php 
2015-12-09 14:00:33 - DEBUG --> Accedió 
2015-12-09 14:00:35 - DEBUG --> Archivo \components\com_jhotelreservation\classes\services\UserDataService.php 
2015-12-09 14:00:35 - DEBUG --> initializeUserData 
2015-12-09 14:00:35 - DEBUG --> UserData first: N; 
2015-12-09 14:00:35 - DEBUG --> Archivo \components\com_jhotelreservation\classes\services\UserDataService.php 
2015-12-09 14:00:35 - DEBUG --> createUserData 
2015-12-09 14:00:35 - DEBUG --> UserData end:  a:0:{} 
2015-12-09 14:00:35 - DEBUG --> Archivo \components\com_jhotelreservation\classes\services\UserDataService.php 
2015-12-09 14:00:35 - DEBUG --> initializeUserData 
2015-12-09 14:00:35 - DEBUG --> UserData first: a:0:{} 
2015-12-09 14:00:35 - DEBUG --> UserData end:  a:0:{} 
2015-12-09 14:00:35 - DEBUG --> Archivo \components\com_jhotelreservation\classes\services\UserDataService.php 
2015-12-09 14:00:35 - DEBUG --> initializeReservationData 
2015-12-09 14:00:35 - DEBUG --> UserData: a:0:{} 
2015-12-09 14:00:35 - DEBUG --> Archivo \components\com_jhotelreservation\classes\services\UserDataService.php 
2015-12-09 14:00:35 - DEBUG --> updateUserData 
2015-12-09 14:00:35 - DEBUG --> Archivo \components\com_jhotelreservation\classes\services\UserDataService.php 
2015-12-09 14:00:35 - DEBUG --> getUserData 
2015-12-09 14:00:35 - DEBUG --> Archivo \components\com_jhotelreservation\classes\services\UserDataService.php 
2015-12-09 14:00:35 - DEBUG --> setCurrency 
2015-12-09 14:00:35 - DEBUG --> Archivo \components\com_jhotelreservation\classes\services\UserDataService.php 
2015-12-09 14:00:35 - DEBUG --> getUserData 
2015-12-09 14:00:35 - DEBUG --> Archivo \components\com_jhotelreservation\classes\services\UserDataService.php 
2015-12-09 14:00:35 - DEBUG --> getUserData 
2015-12-09 14:00:35 - DEBUG --> Archivo \components\com_jhotelreservation\classes\services\UserDataService.php 
2015-12-09 14:00:35 - DEBUG --> getUserData 
2015-12-09 14:00:35 - DEBUG --> Archivo \components\com_jhotelreservationiews\hotel	mpl\hoteloverview.php 
2015-12-09 14:00:35 - DEBUG --> Accedió 
2015-12-09 14:00:47 - DEBUG --> Archivo \components\com_jhotelreservation\classes\services\UserDataService.php 
2015-12-09 14:00:47 - DEBUG --> initializeUserData 
2015-12-09 14:00:47 - DEBUG --> UserData first: N; 
2015-12-09 14:00:47 - DEBUG --> Archivo \components\com_jhotelreservation\classes\services\UserDataService.php 
2015-12-09 14:00:47 - DEBUG --> createUserData 
2015-12-09 14:00:47 - DEBUG --> UserData end:  a:0:{} 
2015-12-09 14:00:47 - DEBUG --> Archivo \components\com_jhotelreservation\classes\services\UserDataService.php 
2015-12-09 14:00:47 - DEBUG --> initializeUserData 
2015-12-09 14:00:47 - DEBUG --> UserData first: a:0:{} 
2015-12-09 14:00:47 - DEBUG --> UserData end:  a:0:{} 
2015-12-09 14:00:47 - DEBUG --> Archivo \components\com_jhotelreservation\classes\services\UserDataService.php 
2015-12-09 14:00:47 - DEBUG --> initializeReservationData 
2015-12-09 14:00:47 - DEBUG --> UserData: a:0:{} 
2015-12-09 14:00:47 - DEBUG --> Archivo \components\com_jhotelreservation\classes\services\UserDataService.php 
2015-12-09 14:00:47 - DEBUG --> updateUserData 
2015-12-09 14:00:47 - DEBUG --> Archivo \components\com_jhotelreservation\classes\services\UserDataService.php 
2015-12-09 14:00:47 - DEBUG --> getUserData 
2015-12-09 14:00:47 - DEBUG --> Archivo \components\com_jhotelreservation\classes\services\UserDataService.php 
2015-12-09 14:00:47 - DEBUG --> setCurrency 
2015-12-09 14:00:47 - DEBUG --> Archivo \components\com_jhotelreservation\classes\services\UserDataService.php 
2015-12-09 14:00:47 - DEBUG --> getUserData 
2015-12-09 14:00:47 - DEBUG --> Archivo \components\com_jhotelreservation\classes\services\UserDataService.php 
2015-12-09 14:00:47 - DEBUG --> getUserData 
2015-12-09 14:00:47 - DEBUG --> Archivo \components\com_jhotelreservation\classes\services\UserDataService.php 
2015-12-09 14:00:47 - DEBUG --> getUserData 
2015-12-09 14:00:47 - DEBUG --> Archivo \components\com_jhotelreservationiews\hotel	mpl\hoteloverview.php 
2015-12-09 14:00:47 - DEBUG --> Accedió 
2015-12-09 14:01:03 - DEBUG --> Archivo \components\com_jhotelreservation\classes\services\UserDataService.php 
2015-12-09 14:01:03 - DEBUG --> initializeUserData 
2015-12-09 14:01:03 - DEBUG --> UserData first: N; 
2015-12-09 14:01:03 - DEBUG --> Archivo \components\com_jhotelreservation\classes\services\UserDataService.php 
2015-12-09 14:01:03 - DEBUG --> createUserData 
2015-12-09 14:01:03 - DEBUG --> UserData end:  a:0:{} 
2015-12-09 14:01:03 - DEBUG --> Archivo \components\com_jhotelreservation\classes\services\UserDataService.php 
2015-12-09 14:01:03 - DEBUG --> initializeUserData 
2015-12-09 14:01:03 - DEBUG --> UserData first: a:0:{} 
2015-12-09 14:01:03 - DEBUG --> UserData end:  a:0:{} 
2015-12-09 14:01:03 - DEBUG --> Archivo \components\com_jhotelreservation\classes\services\UserDataService.php 
2015-12-09 14:01:03 - DEBUG --> initializeReservationData 
2015-12-09 14:01:03 - DEBUG --> UserData: a:0:{} 
2015-12-09 14:01:03 - DEBUG --> Archivo \components\com_jhotelreservation\classes\services\UserDataService.php 
2015-12-09 14:01:03 - DEBUG --> updateUserData 
2015-12-09 14:01:03 - DEBUG --> Archivo \components\com_jhotelreservation\classes\services\UserDataService.php 
2015-12-09 14:01:03 - DEBUG --> getUserData 
2015-12-09 14:01:03 - DEBUG --> Archivo \components\com_jhotelreservation\classes\services\UserDataService.php 
2015-12-09 14:01:03 - DEBUG --> setCurrency 
2015-12-09 14:01:03 - DEBUG --> Archivo \components\com_jhotelreservation\classes\services\UserDataService.php 
2015-12-09 14:01:03 - DEBUG --> getUserData 
2015-12-09 14:01:03 - DEBUG --> Archivo \components\com_jhotelreservation\classes\services\UserDataService.php 
2015-12-09 14:01:03 - DEBUG --> getUserData 
2015-12-09 14:01:03 - DEBUG --> Archivo \components\com_jhotelreservation\classes\services\UserDataService.php 
2015-12-09 14:01:03 - DEBUG --> getUserData 
2015-12-09 14:01:03 - DEBUG --> Archivo \components\com_jhotelreservationiews\hotel	mpl\hoteloverview.php 
2015-12-09 14:01:03 - DEBUG --> Accedió 
2015-12-09 14:01:07 - DEBUG --> Archivo \components\com_jhotelreservation\classes\services\UserDataService.php 
2015-12-09 14:01:07 - DEBUG --> initializeUserData 
2015-12-09 14:01:07 - DEBUG --> UserData first: N; 
2015-12-09 14:01:07 - DEBUG --> Archivo \components\com_jhotelreservation\classes\services\UserDataService.php 
2015-12-09 14:01:07 - DEBUG --> createUserData 
2015-12-09 14:01:07 - DEBUG --> UserData end:  a:0:{} 
2015-12-09 14:01:07 - DEBUG --> Archivo \components\com_jhotelreservation\classes\services\UserDataService.php 
2015-12-09 14:01:07 - DEBUG --> initializeUserData 
2015-12-09 14:01:07 - DEBUG --> UserData first: a:0:{} 
2015-12-09 14:01:07 - DEBUG --> UserData end:  a:0:{} 
2015-12-09 14:01:07 - DEBUG --> Archivo \components\com_jhotelreservation\classes\services\UserDataService.php 
2015-12-09 14:01:07 - DEBUG --> initializeReservationData 
2015-12-09 14:01:07 - DEBUG --> UserData: a:0:{} 
2015-12-09 14:01:07 - DEBUG --> Archivo \components\com_jhotelreservation\classes\services\UserDataService.php 
2015-12-09 14:01:07 - DEBUG --> updateUserData 
2015-12-09 14:01:07 - DEBUG --> Archivo \components\com_jhotelreservation\classes\services\UserDataService.php 
2015-12-09 14:01:07 - DEBUG --> getUserData 
2015-12-09 14:01:07 - DEBUG --> Archivo \components\com_jhotelreservation\classes\services\UserDataService.php 
2015-12-09 14:01:07 - DEBUG --> setCurrency 
2015-12-09 14:01:07 - DEBUG --> Archivo \components\com_jhotelreservation\classes\services\UserDataService.php 
2015-12-09 14:01:07 - DEBUG --> getUserData 
2015-12-09 14:01:07 - DEBUG --> Archivo \components\com_jhotelreservation\classes\services\UserDataService.php 
2015-12-09 14:01:07 - DEBUG --> getUserData 
2015-12-09 14:01:07 - DEBUG --> Archivo \components\com_jhotelreservation\classes\services\UserDataService.php 
2015-12-09 14:01:07 - DEBUG --> getUserData 
2015-12-09 14:01:07 - DEBUG --> Archivo \components\com_jhotelreservationiews\hotel	mpl\hoteloverview.php 
2015-12-09 14:01:07 - DEBUG --> Accedió 
2015-12-09 14:01:11 - DEBUG --> Archivo \components\com_jhotelreservation\classes\services\UserDataService.php 
2015-12-09 14:01:11 - DEBUG --> initializeUserData 
2015-12-09 14:01:11 - DEBUG --> UserData first: N; 
2015-12-09 14:01:11 - DEBUG --> Archivo \components\com_jhotelreservation\classes\services\UserDataService.php 
2015-12-09 14:01:11 - DEBUG --> createUserData 
2015-12-09 14:01:11 - DEBUG --> UserData end:  a:0:{} 
2015-12-09 14:01:11 - DEBUG --> Archivo \components\com_jhotelreservation\classes\services\UserDataService.php 
2015-12-09 14:01:11 - DEBUG --> initializeUserData 
2015-12-09 14:01:11 - DEBUG --> UserData first: a:0:{} 
2015-12-09 14:01:11 - DEBUG --> UserData end:  a:0:{} 
2015-12-09 14:01:11 - DEBUG --> Archivo \components\com_jhotelreservation\classes\services\UserDataService.php 
2015-12-09 14:01:11 - DEBUG --> initializeReservationData 
2015-12-09 14:01:11 - DEBUG --> UserData: a:0:{} 
2015-12-09 14:01:11 - DEBUG --> Archivo \components\com_jhotelreservation\classes\services\UserDataService.php 
2015-12-09 14:01:11 - DEBUG --> updateUserData 
2015-12-09 14:01:11 - DEBUG --> Archivo \components\com_jhotelreservation\classes\services\UserDataService.php 
2015-12-09 14:01:11 - DEBUG --> getUserData 
2015-12-09 14:01:11 - DEBUG --> Archivo \components\com_jhotelreservation\classes\services\UserDataService.php 
2015-12-09 14:01:11 - DEBUG --> setCurrency 
2015-12-09 14:01:11 - DEBUG --> Archivo \components\com_jhotelreservation\classes\services\UserDataService.php 
2015-12-09 14:01:11 - DEBUG --> getUserData 
2015-12-09 14:01:11 - DEBUG --> Archivo \components\com_jhotelreservation\classes\services\UserDataService.php 
2015-12-09 14:01:11 - DEBUG --> getUserData 
2015-12-09 14:01:11 - DEBUG --> Archivo \components\com_jhotelreservation\classes\services\UserDataService.php 
2015-12-09 14:01:11 - DEBUG --> getUserData 
2015-12-09 14:01:11 - DEBUG --> Archivo \components\com_jhotelreservationiews\hotel	mpl\hoteloverview.php 
2015-12-09 14:01:11 - DEBUG --> Accedió 
2015-12-09 14:01:15 - DEBUG --> Archivo \components\com_jhotelreservation\classes\services\UserDataService.php 
2015-12-09 14:01:15 - DEBUG --> initializeUserData 
2015-12-09 14:01:15 - DEBUG --> UserData first: N; 
2015-12-09 14:01:15 - DEBUG --> Archivo \components\com_jhotelreservation\classes\services\UserDataService.php 
2015-12-09 14:01:15 - DEBUG --> createUserData 
2015-12-09 14:01:15 - DEBUG --> UserData end:  a:0:{} 
2015-12-09 14:01:15 - DEBUG --> Archivo \components\com_jhotelreservation\classes\services\UserDataService.php 
2015-12-09 14:01:15 - DEBUG --> initializeUserData 
2015-12-09 14:01:15 - DEBUG --> UserData first: a:0:{} 
2015-12-09 14:01:15 - DEBUG --> UserData end:  a:0:{} 
2015-12-09 14:01:15 - DEBUG --> Archivo \components\com_jhotelreservation\classes\services\UserDataService.php 
2015-12-09 14:01:15 - DEBUG --> initializeReservationData 
2015-12-09 14:01:15 - DEBUG --> UserData: a:0:{} 
2015-12-09 14:01:15 - DEBUG --> Archivo \components\com_jhotelreservation\classes\services\UserDataService.php 
2015-12-09 14:01:15 - DEBUG --> updateUserData 
2015-12-09 14:01:15 - DEBUG --> Archivo \components\com_jhotelreservation\classes\services\UserDataService.php 
2015-12-09 14:01:15 - DEBUG --> getUserData 
2015-12-09 14:01:15 - DEBUG --> Archivo \components\com_jhotelreservation\classes\services\UserDataService.php 
2015-12-09 14:01:15 - DEBUG --> setCurrency 
2015-12-09 14:01:15 - DEBUG --> Archivo \components\com_jhotelreservation\classes\services\UserDataService.php 
2015-12-09 14:01:15 - DEBUG --> getUserData 
2015-12-09 14:01:15 - DEBUG --> Archivo \components\com_jhotelreservation\classes\services\UserDataService.php 
2015-12-09 14:01:15 - DEBUG --> getUserData 
2015-12-09 14:01:15 - DEBUG --> Archivo \components\com_jhotelreservation\classes\services\UserDataService.php 
2015-12-09 14:01:15 - DEBUG --> getUserData 
2015-12-09 14:01:15 - DEBUG --> Archivo \components\com_jhotelreservationiews\hotel	mpl\hoteloverview.php 
2015-12-09 14:01:15 - DEBUG --> Accedió 
2015-12-09 14:01:18 - DEBUG --> Archivo \components\com_jhotelreservation\classes\services\UserDataService.php 
2015-12-09 14:01:18 - DEBUG --> initializeUserData 
2015-12-09 14:01:18 - DEBUG --> UserData first: N; 
2015-12-09 14:01:18 - DEBUG --> Archivo \components\com_jhotelreservation\classes\services\UserDataService.php 
2015-12-09 14:01:18 - DEBUG --> createUserData 
2015-12-09 14:01:18 - DEBUG --> UserData end:  a:0:{} 
2015-12-09 14:01:18 - DEBUG --> Archivo \components\com_jhotelreservation\classes\services\UserDataService.php 
2015-12-09 14:01:18 - DEBUG --> initializeUserData 
2015-12-09 14:01:18 - DEBUG --> UserData first: a:0:{} 
2015-12-09 14:01:18 - DEBUG --> UserData end:  a:0:{} 
2015-12-09 14:01:18 - DEBUG --> Archivo \components\com_jhotelreservation\classes\services\UserDataService.php 
2015-12-09 14:01:18 - DEBUG --> initializeReservationData 
2015-12-09 14:01:18 - DEBUG --> UserData: a:0:{} 
2015-12-09 14:01:18 - DEBUG --> Archivo \components\com_jhotelreservation\classes\services\UserDataService.php 
2015-12-09 14:01:18 - DEBUG --> updateUserData 
2015-12-09 14:01:18 - DEBUG --> Archivo \components\com_jhotelreservation\classes\services\UserDataService.php 
2015-12-09 14:01:18 - DEBUG --> getUserData 
2015-12-09 14:01:18 - DEBUG --> Archivo \components\com_jhotelreservation\classes\services\UserDataService.php 
2015-12-09 14:01:18 - DEBUG --> setCurrency 
2015-12-09 14:01:18 - DEBUG --> Archivo \components\com_jhotelreservation\classes\services\UserDataService.php 
2015-12-09 14:01:18 - DEBUG --> getUserData 
2015-12-09 14:01:18 - DEBUG --> Archivo \components\com_jhotelreservation\classes\services\UserDataService.php 
2015-12-09 14:01:18 - DEBUG --> getUserData 
2015-12-09 14:01:18 - DEBUG --> Archivo \components\com_jhotelreservation\classes\services\UserDataService.php 
2015-12-09 14:01:18 - DEBUG --> getUserData 
2015-12-09 14:01:18 - DEBUG --> Archivo \components\com_jhotelreservationiews\hotel	mpl\hoteloverview.php 
2015-12-09 14:01:18 - DEBUG --> Accedió 
2015-12-09 15:45:06 - DEBUG --> Archivo \components\com_jhotelreservation\classes\services\UserDataService.php 
2015-12-09 15:45:06 - DEBUG --> initializeUserData 
2015-12-09 15:45:06 - DEBUG --> UserData first: N; 
2015-12-09 15:45:06 - DEBUG --> Archivo \components\com_jhotelreservation\classes\services\UserDataService.php 
2015-12-09 15:45:06 - DEBUG --> createUserData 
2015-12-09 15:45:06 - DEBUG --> UserData end:  a:0:{} 
2015-12-09 15:45:06 - DEBUG --> Archivo \components\com_jhotelreservation\classes\services\UserDataService.php 
2015-12-09 15:45:06 - DEBUG --> initializeUserData 
2015-12-09 15:45:06 - DEBUG --> UserData first: a:0:{} 
2015-12-09 15:45:06 - DEBUG --> UserData end:  a:0:{} 
2015-12-09 15:45:06 - DEBUG --> Archivo \components\com_jhotelreservation\classes\services\UserDataService.php 
2015-12-09 15:45:06 - DEBUG --> initializeReservationData 
2015-12-09 15:45:06 - DEBUG --> UserData: a:0:{} 
2015-12-09 15:45:06 - DEBUG --> Archivo \components\com_jhotelreservation\classes\services\UserDataService.php 
2015-12-09 15:45:06 - DEBUG --> updateUserData 
2015-12-09 15:45:06 - DEBUG --> Archivo \components\com_jhotelreservation\classes\services\UserDataService.php 
2015-12-09 15:45:06 - DEBUG --> getUserData 
2015-12-09 15:45:06 - DEBUG --> Archivo \components\com_jhotelreservation\classes\services\UserDataService.php 
2015-12-09 15:45:06 - DEBUG --> setCurrency 
2015-12-09 15:45:06 - DEBUG --> Archivo \components\com_jhotelreservation\classes\services\UserDataService.php 
2015-12-09 15:45:06 - DEBUG --> getUserData 
2015-12-09 15:45:06 - DEBUG --> Archivo \components\com_jhotelreservation\classes\services\UserDataService.php 
2015-12-09 15:45:06 - DEBUG --> getUserData 
2015-12-09 15:45:06 - DEBUG --> Archivo \components\com_jhotelreservation\classes\services\UserDataService.php 
2015-12-09 15:45:06 - DEBUG --> getUserData 
2015-12-09 15:45:06 - DEBUG --> Archivo \components\com_jhotelreservationiews\hotel	mpl\hoteloverview.php 
2015-12-09 15:45:06 - DEBUG --> Accedió 
2015-12-09 16:22:48 - DEBUG --> Archivo \components\com_jhotelreservation\classes\services\UserDataService.php 
2015-12-09 16:22:48 - DEBUG --> initializeUserData 
2015-12-09 16:22:48 - DEBUG --> UserData first: N; 
2015-12-09 16:22:48 - DEBUG --> Archivo \components\com_jhotelreservation\classes\services\UserDataService.php 
2015-12-09 16:22:48 - DEBUG --> createUserData 
2015-12-09 16:22:48 - DEBUG --> UserData end:  a:0:{} 
2015-12-09 16:22:48 - DEBUG --> Archivo \components\com_jhotelreservation\classes\services\UserDataService.php 
2015-12-09 16:22:48 - DEBUG --> initializeUserData 
2015-12-09 16:22:48 - DEBUG --> UserData first: a:0:{} 
2015-12-09 16:22:48 - DEBUG --> UserData end:  a:0:{} 
2015-12-09 16:22:48 - DEBUG --> Archivo \components\com_jhotelreservation\classes\services\UserDataService.php 
2015-12-09 16:22:48 - DEBUG --> initializeReservationData 
2015-12-09 16:22:48 - DEBUG --> UserData: a:0:{} 
2015-12-09 16:22:48 - DEBUG --> Archivo \components\com_jhotelreservation\classes\services\UserDataService.php 
2015-12-09 16:22:48 - DEBUG --> updateUserData 
2015-12-09 16:22:48 - DEBUG --> Archivo \components\com_jhotelreservation\classes\services\UserDataService.php 
2015-12-09 16:22:48 - DEBUG --> getUserData 
2015-12-09 16:22:48 - DEBUG --> Archivo \components\com_jhotelreservation\classes\services\UserDataService.php 
2015-12-09 16:22:48 - DEBUG --> setCurrency 
2015-12-09 16:22:48 - DEBUG --> Archivo \components\com_jhotelreservation\classes\services\UserDataService.php 
2015-12-09 16:22:48 - DEBUG --> getUserData 
2015-12-09 16:22:48 - DEBUG --> Archivo \components\com_jhotelreservation\classes\services\UserDataService.php 
2015-12-09 16:22:48 - DEBUG --> getUserData 
2015-12-09 16:22:48 - DEBUG --> Archivo \components\com_jhotelreservation\classes\services\UserDataService.php 
2015-12-09 16:22:48 - DEBUG --> getUserData 
2015-12-09 16:22:48 - DEBUG --> Archivo \components\com_jhotelreservationiews\hotel	mpl\hoteloverview.php 
2015-12-09 16:22:48 - DEBUG --> Accedió 
2015-12-09 17:53:27 - DEBUG --> Archivo \components\com_jhotelreservation\classes\services\UserDataService.php 
2015-12-09 17:53:27 - DEBUG --> initializeUserData 
2015-12-09 17:53:27 - DEBUG --> UserData first: N; 
2015-12-09 17:53:27 - DEBUG --> Archivo \components\com_jhotelreservation\classes\services\UserDataService.php 
2015-12-09 17:53:27 - DEBUG --> createUserData 
2015-12-09 17:53:27 - DEBUG --> UserData end:  a:0:{} 
2015-12-09 18:10:37 - DEBUG --> Archivo \components\com_jhotelreservation\classes\services\UserDataService.php 
2015-12-09 18:10:37 - DEBUG --> initializeUserData 
2015-12-09 18:10:37 - DEBUG --> UserData first: N; 
2015-12-09 18:10:37 - DEBUG --> Archivo \components\com_jhotelreservation\classes\services\UserDataService.php 
2015-12-09 18:10:37 - DEBUG --> createUserData 
2015-12-09 18:10:37 - DEBUG --> UserData end:  a:0:{} 
2015-12-09 18:10:37 - DEBUG --> Archivo \components\com_jhotelreservation\classes\services\UserDataService.php 
2015-12-09 18:10:37 - DEBUG --> initializeUserData 
2015-12-09 18:10:37 - DEBUG --> UserData first: a:0:{} 
2015-12-09 18:10:37 - DEBUG --> UserData end:  a:0:{} 
2015-12-09 18:10:37 - DEBUG --> Archivo \components\com_jhotelreservation\classes\services\UserDataService.php 
2015-12-09 18:10:37 - DEBUG --> initializeReservationData 
2015-12-09 18:10:37 - DEBUG --> UserData: a:0:{} 
2015-12-09 18:10:37 - DEBUG --> Archivo \components\com_jhotelreservation\classes\services\UserDataService.php 
2015-12-09 18:10:37 - DEBUG --> updateUserData 
2015-12-09 18:10:37 - DEBUG --> Archivo \components\com_jhotelreservation\classes\services\UserDataService.php 
2015-12-09 18:10:37 - DEBUG --> getUserData 
2015-12-09 18:10:37 - DEBUG --> Archivo \components\com_jhotelreservation\classes\services\UserDataService.php 
2015-12-09 18:10:37 - DEBUG --> setCurrency 
2015-12-09 18:10:37 - DEBUG --> Archivo \components\com_jhotelreservation\classes\services\UserDataService.php 
2015-12-09 18:10:37 - DEBUG --> getUserData 
2015-12-09 18:10:37 - DEBUG --> Archivo \components\com_jhotelreservation\classes\services\UserDataService.php 
2015-12-09 18:10:37 - DEBUG --> getUserData 
2015-12-09 18:10:37 - DEBUG --> Archivo \components\com_jhotelreservation\classes\services\UserDataService.php 
2015-12-09 18:10:37 - DEBUG --> getUserData 
2015-12-09 18:10:37 - DEBUG --> Archivo \components\com_jhotelreservationiews\hotel	mpl\hoteloverview.php 
2015-12-09 18:10:37 - DEBUG --> Accedió 
2015-12-09 18:12:31 - DEBUG --> Archivo \components\com_jhotelreservation\classes\services\UserDataService.php 
2015-12-09 18:12:31 - DEBUG --> initializeUserData 
2015-12-09 18:12:31 - DEBUG --> UserData first: N; 
2015-12-09 18:12:31 - DEBUG --> Archivo \components\com_jhotelreservation\classes\services\UserDataService.php 
2015-12-09 18:12:31 - DEBUG --> createUserData 
2015-12-09 18:12:31 - DEBUG --> UserData end:  a:0:{} 
2015-12-09 18:12:31 - DEBUG --> Archivo \components\com_jhotelreservation\classes\services\UserDataService.php 
2015-12-09 18:12:31 - DEBUG --> initializeUserData 
2015-12-09 18:12:31 - DEBUG --> UserData first: a:0:{} 
2015-12-09 18:12:31 - DEBUG --> UserData end:  a:0:{} 
2015-12-09 18:12:31 - DEBUG --> Archivo \components\com_jhotelreservation\classes\services\UserDataService.php 
2015-12-09 18:12:31 - DEBUG --> initializeReservationData 
2015-12-09 18:12:31 - DEBUG --> UserData: a:0:{} 
2015-12-09 18:12:31 - DEBUG --> Archivo \components\com_jhotelreservation\classes\services\UserDataService.php 
2015-12-09 18:12:31 - DEBUG --> updateUserData 
2015-12-09 18:12:31 - DEBUG --> Archivo \components\com_jhotelreservation\classes\services\UserDataService.php 
2015-12-09 18:12:31 - DEBUG --> getUserData 
2015-12-09 18:12:31 - DEBUG --> Archivo \components\com_jhotelreservation\classes\services\UserDataService.php 
2015-12-09 18:12:31 - DEBUG --> setCurrency 
2015-12-09 18:12:31 - DEBUG --> Archivo \components\com_jhotelreservation\classes\services\UserDataService.php 
2015-12-09 18:12:31 - DEBUG --> getUserData 
2015-12-09 18:12:31 - DEBUG --> Archivo \components\com_jhotelreservation\classes\services\UserDataService.php 
2015-12-09 18:12:31 - DEBUG --> getUserData 
2015-12-09 18:12:31 - DEBUG --> Archivo \components\com_jhotelreservation\classes\services\UserDataService.php 
2015-12-09 18:12:31 - DEBUG --> getUserData 
2015-12-09 18:12:31 - DEBUG --> Archivo \components\com_jhotelreservationiews\hotel	mpl\hoteloverview.php 
2015-12-09 18:12:31 - DEBUG --> Accedió 
2015-12-09 18:14:21 - DEBUG --> Archivo \components\com_jhotelreservation\classes\services\UserDataService.php 
2015-12-09 18:14:21 - DEBUG --> initializeUserData 
2015-12-09 18:14:21 - DEBUG --> UserData first: N; 
2015-12-09 18:14:21 - DEBUG --> Archivo \components\com_jhotelreservation\classes\services\UserDataService.php 
2015-12-09 18:14:21 - DEBUG --> createUserData 
2015-12-09 18:14:21 - DEBUG --> UserData end:  a:0:{} 
2015-12-09 18:14:21 - DEBUG --> Archivo \components\com_jhotelreservation\classes\services\UserDataService.php 
2015-12-09 18:14:21 - DEBUG --> initializeUserData 
2015-12-09 18:14:21 - DEBUG --> UserData first: a:0:{} 
2015-12-09 18:14:21 - DEBUG --> UserData end:  a:0:{} 
2015-12-09 18:14:21 - DEBUG --> Archivo \components\com_jhotelreservation\classes\services\UserDataService.php 
2015-12-09 18:14:21 - DEBUG --> initializeReservationData 
2015-12-09 18:14:21 - DEBUG --> UserData: a:0:{} 
2015-12-09 18:14:21 - DEBUG --> Archivo \components\com_jhotelreservation\classes\services\UserDataService.php 
2015-12-09 18:14:21 - DEBUG --> updateUserData 
2015-12-09 18:14:21 - DEBUG --> Archivo \components\com_jhotelreservation\classes\services\UserDataService.php 
2015-12-09 18:14:21 - DEBUG --> getUserData 
2015-12-09 18:14:21 - DEBUG --> Archivo \components\com_jhotelreservation\classes\services\UserDataService.php 
2015-12-09 18:14:21 - DEBUG --> setCurrency 
2015-12-09 18:14:21 - DEBUG --> Archivo \components\com_jhotelreservation\classes\services\UserDataService.php 
2015-12-09 18:14:21 - DEBUG --> getUserData 
2015-12-09 18:14:21 - DEBUG --> Archivo \components\com_jhotelreservation\classes\services\UserDataService.php 
2015-12-09 18:14:21 - DEBUG --> getUserData 
2015-12-09 18:14:21 - DEBUG --> Archivo \components\com_jhotelreservation\classes\services\UserDataService.php 
2015-12-09 18:14:21 - DEBUG --> getUserData 
2015-12-09 18:14:21 - DEBUG --> Archivo \components\com_jhotelreservationiews\hotel	mpl\hoteloverview.php 
2015-12-09 18:14:21 - DEBUG --> Accedió 
2015-12-09 18:17:38 - DEBUG --> Archivo \components\com_jhotelreservation\classes\services\UserDataService.php 
2015-12-09 18:17:38 - DEBUG --> initializeUserData 
2015-12-09 18:17:38 - DEBUG --> Archivo \components\com_jhotelreservation\classes\services\UserDataService.php 
2015-12-09 18:17:38 - DEBUG --> initializeUserData 
2015-12-09 18:17:38 - DEBUG --> UserData first: N; 
2015-12-09 18:17:38 - DEBUG --> Archivo \components\com_jhotelreservation\classes\services\UserDataService.php 
2015-12-09 18:17:38 - DEBUG --> createUserData 
2015-12-09 18:17:38 - DEBUG --> UserData end:  a:0:{} 
2015-12-09 18:17:38 - DEBUG --> Archivo \components\com_jhotelreservation\classes\services\UserDataService.php 
2015-12-09 18:17:38 - DEBUG --> initializeUserData 
2015-12-09 18:17:38 - DEBUG --> UserData first: N; 
2015-12-09 18:17:38 - DEBUG --> Archivo \components\com_jhotelreservation\classes\services\UserDataService.php 
2015-12-09 18:17:38 - DEBUG --> createUserData 
2015-12-09 18:17:38 - DEBUG --> UserData end:  a:0:{} 
2015-12-09 18:17:38 - DEBUG --> Archivo \components\com_jhotelreservation\classes\services\UserDataService.php 
2015-12-09 18:17:38 - DEBUG --> initializeUserData 
2015-12-09 18:17:38 - DEBUG --> UserData first: a:0:{} 
2015-12-09 18:17:38 - DEBUG --> UserData end:  a:0:{} 
2015-12-09 18:17:38 - DEBUG --> Archivo \components\com_jhotelreservation\classes\services\UserDataService.php 
2015-12-09 18:17:38 - DEBUG --> initializeReservationData 
2015-12-09 18:17:38 - DEBUG --> UserData: a:0:{} 
2015-12-09 18:17:38 - DEBUG --> Archivo \components\com_jhotelreservation\classes\services\UserDataService.php 
2015-12-09 18:17:38 - DEBUG --> updateUserData 
2015-12-09 18:17:38 - DEBUG --> Archivo \components\com_jhotelreservation\classes\services\UserDataService.php 
2015-12-09 18:17:38 - DEBUG --> getUserData 
2015-12-09 18:17:38 - DEBUG --> Archivo \components\com_jhotelreservation\classes\services\UserDataService.php 
2015-12-09 18:17:38 - DEBUG --> initializeUserData 
2015-12-09 18:17:38 - DEBUG --> UserData first: N; 
2015-12-09 18:17:38 - DEBUG --> Archivo \components\com_jhotelreservation\classes\services\UserDataService.php 
2015-12-09 18:17:38 - DEBUG --> createUserData 
2015-12-09 18:17:38 - DEBUG --> UserData end:  a:0:{} 
2015-12-09 18:17:38 - DEBUG --> Archivo \components\com_jhotelreservation\classes\services\UserDataService.php 
2015-12-09 18:17:38 - DEBUG --> initializeUserData 
2015-12-09 18:17:38 - DEBUG --> UserData first: a:0:{} 
2015-12-09 18:17:38 - DEBUG --> UserData end:  a:0:{} 
2015-12-09 18:17:38 - DEBUG --> Archivo \components\com_jhotelreservation\classes\services\UserDataService.php 
2015-12-09 18:17:38 - DEBUG --> initializeReservationData 
2015-12-09 18:17:38 - DEBUG --> UserData: a:0:{} 
2015-12-09 18:17:38 - DEBUG --> Archivo \components\com_jhotelreservation\classes\services\UserDataService.php 
2015-12-09 18:17:38 - DEBUG --> updateUserData 
2015-12-09 18:17:38 - DEBUG --> Archivo \components\com_jhotelreservation\classes\services\UserDataService.php 
2015-12-09 18:17:38 - DEBUG --> getUserData 
2015-12-09 18:17:38 - DEBUG --> Archivo \components\com_jhotelreservation\classes\services\UserDataService.php 
2015-12-09 18:17:38 - DEBUG --> setCurrency 
2015-12-09 18:17:38 - DEBUG --> Archivo \components\com_jhotelreservation\classes\services\UserDataService.php 
2015-12-09 18:17:38 - DEBUG --> getUserData 
2015-12-09 18:17:38 - DEBUG --> UserData first: N; 
2015-12-09 18:17:38 - DEBUG --> Archivo \components\com_jhotelreservation\classes\services\UserDataService.php 
2015-12-09 18:17:38 - DEBUG --> createUserData 
2015-12-09 18:17:38 - DEBUG --> UserData end:  a:0:{} 
2015-12-09 18:17:38 - DEBUG --> Archivo \components\com_jhotelreservation\classes\services\UserDataService.php 
2015-12-09 18:17:38 - DEBUG --> initializeUserData 
2015-12-09 18:17:38 - DEBUG --> UserData first: a:0:{} 
2015-12-09 18:17:38 - DEBUG --> UserData end:  a:0:{} 
2015-12-09 18:17:38 - DEBUG --> Archivo \components\com_jhotelreservation\classes\services\UserDataService.php 
2015-12-09 18:17:38 - DEBUG --> initializeReservationData 
2015-12-09 18:17:38 - DEBUG --> UserData: a:0:{} 
2015-12-09 18:17:38 - DEBUG --> Archivo \components\com_jhotelreservation\classes\services\UserDataService.php 
2015-12-09 18:17:38 - DEBUG --> updateUserData 
2015-12-09 18:17:38 - DEBUG --> Archivo \components\com_jhotelreservation\classes\services\UserDataService.php 
2015-12-09 18:17:38 - DEBUG --> getUserData 
2015-12-09 18:17:38 - DEBUG --> Archivo \components\com_jhotelreservation\classes\services\UserDataService.php 
2015-12-09 18:17:38 - DEBUG --> initializeUserData 
2015-12-09 18:17:38 - DEBUG --> UserData first: a:0:{} 
2015-12-09 18:17:38 - DEBUG --> UserData end:  a:0:{} 
2015-12-09 18:17:38 - DEBUG --> Archivo \components\com_jhotelreservation\classes\services\UserDataService.php 
2015-12-09 18:17:38 - DEBUG --> initializeReservationData 
2015-12-09 18:17:38 - DEBUG --> UserData: a:0:{} 
2015-12-09 18:17:38 - DEBUG --> Archivo \components\com_jhotelreservation\classes\services\UserDataService.php 
2015-12-09 18:17:38 - DEBUG --> updateUserData 
2015-12-09 18:17:38 - DEBUG --> Archivo \components\com_jhotelreservation\classes\services\UserDataService.php 
2015-12-09 18:17:38 - DEBUG --> getUserData 
2015-12-09 18:17:38 - DEBUG --> Archivo \components\com_jhotelreservation\classes\services\UserDataService.php 
2015-12-09 18:17:38 - DEBUG --> getUserData 
2015-12-09 18:17:38 - DEBUG --> Archivo \components\com_jhotelreservation\classes\services\UserDataService.php 
2015-12-09 18:17:38 - DEBUG --> getUserData 
2015-12-09 18:17:38 - DEBUG --> Archivo \components\com_jhotelreservationiews\hotel	mpl\hoteloverview.php 
2015-12-09 18:17:38 - DEBUG --> Accedió 
2015-12-09 18:17:38 - DEBUG --> Archivo \components\com_jhotelreservation\classes\services\UserDataService.php 
2015-12-09 18:17:38 - DEBUG --> setCurrency 
2015-12-09 18:17:38 - DEBUG --> Archivo \components\com_jhotelreservation\classes\services\UserDataService.php 
2015-12-09 18:17:38 - DEBUG --> getUserData 
2015-12-09 18:17:38 - DEBUG --> Archivo \components\com_jhotelreservation\classes\services\UserDataService.php 
2015-12-09 18:17:38 - DEBUG --> setCurrency 
2015-12-09 18:17:38 - DEBUG --> Archivo \components\com_jhotelreservation\classes\services\UserDataService.php 
2015-12-09 18:17:38 - DEBUG --> getUserData 
2015-12-09 18:17:38 - DEBUG --> Archivo \components\com_jhotelreservation\classes\services\UserDataService.php 
2015-12-09 18:17:38 - DEBUG --> setCurrency 
2015-12-09 18:17:38 - DEBUG --> Archivo \components\com_jhotelreservation\classes\services\UserDataService.php 
2015-12-09 18:17:38 - DEBUG --> getUserData 
2015-12-09 18:17:38 - DEBUG --> Archivo \components\com_jhotelreservation\classes\services\UserDataService.php 
2015-12-09 18:17:38 - DEBUG --> initializeUserData 
2015-12-09 18:17:38 - DEBUG --> UserData first: N; 
2015-12-09 18:17:38 - DEBUG --> Archivo \components\com_jhotelreservation\classes\services\UserDataService.php 
2015-12-09 18:17:38 - DEBUG --> createUserData 
2015-12-09 18:17:38 - DEBUG --> UserData end:  a:0:{} 
2015-12-09 18:17:38 - DEBUG --> Archivo \components\com_jhotelreservation\classes\services\UserDataService.php 
2015-12-09 18:17:38 - DEBUG --> initializeUserData 
2015-12-09 18:17:38 - DEBUG --> UserData first: a:0:{} 
2015-12-09 18:17:38 - DEBUG --> UserData end:  a:0:{} 
2015-12-09 18:17:38 - DEBUG --> Archivo \components\com_jhotelreservation\classes\services\UserDataService.php 
2015-12-09 18:17:38 - DEBUG --> initializeReservationData 
2015-12-09 18:17:38 - DEBUG --> UserData: a:0:{} 
2015-12-09 18:17:38 - DEBUG --> Archivo \components\com_jhotelreservation\classes\services\UserDataService.php 
2015-12-09 18:17:38 - DEBUG --> updateUserData 
2015-12-09 18:17:38 - DEBUG --> Archivo \components\com_jhotelreservation\classes\services\UserDataService.php 
2015-12-09 18:17:38 - DEBUG --> getUserData 
2015-12-09 18:17:38 - DEBUG --> Archivo \components\com_jhotelreservation\classes\services\UserDataService.php 
2015-12-09 18:17:38 - DEBUG --> getUserData 
2015-12-09 18:17:38 - DEBUG --> Archivo \components\com_jhotelreservation\classes\services\UserDataService.php 
2015-12-09 18:17:38 - DEBUG --> getUserData 
2015-12-09 18:17:38 - DEBUG --> Archivo \components\com_jhotelreservation\classes\services\UserDataService.php 
2015-12-09 18:17:38 - DEBUG --> getUserData 
2015-12-09 18:17:38 - DEBUG --> Archivo \components\com_jhotelreservation\classes\services\UserDataService.php 
2015-12-09 18:17:38 - DEBUG --> getUserData 
2015-12-09 18:17:38 - DEBUG --> Archivo \components\com_jhotelreservationiews\hotel	mpl\hoteloverview.php 
2015-12-09 18:17:38 - DEBUG --> Accedió 
2015-12-09 18:17:38 - DEBUG --> Archivo \components\com_jhotelreservation\classes\services\UserDataService.php 
2015-12-09 18:17:38 - DEBUG --> getUserData 
2015-12-09 18:17:38 - DEBUG --> Archivo \components\com_jhotelreservationiews\hotel	mpl\hoteloverview.php 
2015-12-09 18:17:38 - DEBUG --> Accedió 
2015-12-09 18:17:38 - DEBUG --> Archivo \components\com_jhotelreservation\classes\services\UserDataService.php 
2015-12-09 18:17:38 - DEBUG --> getUserData 
2015-12-09 18:17:38 - DEBUG --> Archivo \components\com_jhotelreservationiews\hotel	mpl\hoteloverview.php 
2015-12-09 18:17:38 - DEBUG --> Accedió 
2015-12-09 18:17:38 - DEBUG --> Archivo \components\com_jhotelreservation\classes\services\UserDataService.php 
2015-12-09 18:17:38 - DEBUG --> setCurrency 
2015-12-09 18:17:38 - DEBUG --> Archivo \components\com_jhotelreservation\classes\services\UserDataService.php 
2015-12-09 18:17:38 - DEBUG --> getUserData 
2015-12-09 18:17:38 - DEBUG --> Archivo \components\com_jhotelreservation\classes\services\UserDataService.php 
2015-12-09 18:17:38 - DEBUG --> initializeUserData 
2015-12-09 18:17:38 - DEBUG --> UserData first: N; 
2015-12-09 18:17:38 - DEBUG --> Archivo \components\com_jhotelreservation\classes\services\UserDataService.php 
2015-12-09 18:17:38 - DEBUG --> createUserData 
2015-12-09 18:17:38 - DEBUG --> UserData end:  a:0:{} 
2015-12-09 18:17:38 - DEBUG --> Archivo \components\com_jhotelreservation\classes\services\UserDataService.php 
2015-12-09 18:17:38 - DEBUG --> initializeUserData 
2015-12-09 18:17:38 - DEBUG --> UserData first: a:0:{} 
2015-12-09 18:17:38 - DEBUG --> UserData end:  a:0:{} 
2015-12-09 18:17:38 - DEBUG --> Archivo \components\com_jhotelreservation\classes\services\UserDataService.php 
2015-12-09 18:17:38 - DEBUG --> initializeReservationData 
2015-12-09 18:17:38 - DEBUG --> UserData: a:0:{} 
2015-12-09 18:17:38 - DEBUG --> Archivo \components\com_jhotelreservation\classes\services\UserDataService.php 
2015-12-09 18:17:38 - DEBUG --> getUserData 
2015-12-09 18:17:38 - DEBUG --> Archivo \components\com_jhotelreservation\classes\services\UserDataService.php 
2015-12-09 18:17:38 - DEBUG --> getUserData 
2015-12-09 18:17:38 - DEBUG --> Archivo \components\com_jhotelreservationiews\hotel	mpl\hoteloverview.php 
2015-12-09 18:17:38 - DEBUG --> Accedió 
2015-12-09 18:17:38 - DEBUG --> Archivo \components\com_jhotelreservation\classes\services\UserDataService.php 
2015-12-09 18:17:38 - DEBUG --> updateUserData 
2015-12-09 18:17:38 - DEBUG --> Archivo \components\com_jhotelreservation\classes\services\UserDataService.php 
2015-12-09 18:17:38 - DEBUG --> getUserData 
2015-12-09 18:17:38 - DEBUG --> Archivo \components\com_jhotelreservation\classes\services\UserDataService.php 
2015-12-09 18:17:38 - DEBUG --> setCurrency 
2015-12-09 18:17:38 - DEBUG --> Archivo \components\com_jhotelreservation\classes\services\UserDataService.php 
2015-12-09 18:17:38 - DEBUG --> getUserData 
2015-12-09 18:17:38 - DEBUG --> Archivo \components\com_jhotelreservation\classes\services\UserDataService.php 
2015-12-09 18:17:38 - DEBUG --> getUserData 
2015-12-09 18:17:38 - DEBUG --> Archivo \components\com_jhotelreservation\classes\services\UserDataService.php 
2015-12-09 18:17:38 - DEBUG --> getUserData 
2015-12-09 18:17:38 - DEBUG --> Archivo \components\com_jhotelreservationiews\hotel	mpl\hoteloverview.php 
2015-12-09 18:17:38 - DEBUG --> Accedió 
2015-12-09 18:17:39 - DEBUG --> Archivo \components\com_jhotelreservation\classes\services\UserDataService.php 
2015-12-09 18:17:39 - DEBUG --> initializeUserData 
2015-12-09 18:17:39 - DEBUG --> UserData first: N; 
2015-12-09 18:17:39 - DEBUG --> Archivo \components\com_jhotelreservation\classes\services\UserDataService.php 
2015-12-09 18:17:39 - DEBUG --> createUserData 
2015-12-09 18:17:39 - DEBUG --> UserData end:  a:0:{} 
2015-12-09 18:17:39 - DEBUG --> Archivo \components\com_jhotelreservation\classes\services\UserDataService.php 
2015-12-09 18:17:39 - DEBUG --> initializeUserData 
2015-12-09 18:17:39 - DEBUG --> UserData first: a:0:{} 
2015-12-09 18:17:39 - DEBUG --> UserData end:  a:0:{} 
2015-12-09 18:17:39 - DEBUG --> Archivo \components\com_jhotelreservation\classes\services\UserDataService.php 
2015-12-09 18:17:39 - DEBUG --> initializeReservationData 
2015-12-09 18:17:39 - DEBUG --> UserData: a:0:{} 
2015-12-09 18:17:39 - DEBUG --> Archivo \components\com_jhotelreservation\classes\services\UserDataService.php 
2015-12-09 18:17:39 - DEBUG --> updateUserData 
2015-12-09 18:17:39 - DEBUG --> Archivo \components\com_jhotelreservation\classes\services\UserDataService.php 
2015-12-09 18:17:39 - DEBUG --> getUserData 
2015-12-09 18:17:39 - DEBUG --> Archivo \components\com_jhotelreservation\classes\services\UserDataService.php 
2015-12-09 18:17:39 - DEBUG --> initializeUserData 
2015-12-09 18:17:39 - DEBUG --> UserData first: N; 
2015-12-09 18:17:39 - DEBUG --> Archivo \components\com_jhotelreservation\classes\services\UserDataService.php 
2015-12-09 18:17:39 - DEBUG --> createUserData 
2015-12-09 18:17:39 - DEBUG --> UserData end:  a:0:{} 
2015-12-09 18:17:39 - DEBUG --> Archivo \components\com_jhotelreservation\classes\services\UserDataService.php 
2015-12-09 18:17:39 - DEBUG --> initializeUserData 
2015-12-09 18:17:39 - DEBUG --> UserData first: a:0:{} 
2015-12-09 18:17:39 - DEBUG --> UserData end:  a:0:{} 
2015-12-09 18:17:39 - DEBUG --> Archivo \components\com_jhotelreservation\classes\services\UserDataService.php 
2015-12-09 18:17:39 - DEBUG --> initializeReservationData 
2015-12-09 18:17:39 - DEBUG --> UserData: a:0:{} 
2015-12-09 18:17:39 - DEBUG --> Archivo \components\com_jhotelreservation\classes\services\UserDataService.php 
2015-12-09 18:17:39 - DEBUG --> updateUserData 
2015-12-09 18:17:39 - DEBUG --> Archivo \components\com_jhotelreservation\classes\services\UserDataService.php 
2015-12-09 18:17:39 - DEBUG --> getUserData 
2015-12-09 18:17:39 - DEBUG --> Archivo \components\com_jhotelreservation\classes\services\UserDataService.php 
2015-12-09 18:17:39 - DEBUG --> setCurrency 
2015-12-09 18:17:39 - DEBUG --> Archivo \components\com_jhotelreservation\classes\services\UserDataService.php 
2015-12-09 18:17:39 - DEBUG --> getUserData 
2015-12-09 18:17:39 - DEBUG --> Archivo \components\com_jhotelreservation\classes\services\UserDataService.php 
2015-12-09 18:17:39 - DEBUG --> getUserData 
2015-12-09 18:17:39 - DEBUG --> Archivo \components\com_jhotelreservation\classes\services\UserDataService.php 
2015-12-09 18:17:39 - DEBUG --> getUserData 
2015-12-09 18:17:39 - DEBUG --> Archivo \components\com_jhotelreservationiews\hotel	mpl\hoteloverview.php 
2015-12-09 18:17:39 - DEBUG --> Accedió 
2015-12-09 18:17:39 - DEBUG --> Archivo \components\com_jhotelreservation\classes\services\UserDataService.php 
2015-12-09 18:17:39 - DEBUG --> initializeUserData 
2015-12-09 18:17:39 - DEBUG --> UserData first: N; 
2015-12-09 18:17:39 - DEBUG --> Archivo \components\com_jhotelreservation\classes\services\UserDataService.php 
2015-12-09 18:17:39 - DEBUG --> createUserData 
2015-12-09 18:17:39 - DEBUG --> UserData end:  a:0:{} 
2015-12-09 18:17:39 - DEBUG --> Archivo \components\com_jhotelreservation\classes\services\UserDataService.php 
2015-12-09 18:17:39 - DEBUG --> initializeUserData 
2015-12-09 18:17:39 - DEBUG --> Archivo \components\com_jhotelreservation\classes\services\UserDataService.php 
2015-12-09 18:17:39 - DEBUG --> setCurrency 
2015-12-09 18:17:39 - DEBUG --> Archivo \components\com_jhotelreservation\classes\services\UserDataService.php 
2015-12-09 18:17:39 - DEBUG --> getUserData 
2015-12-09 18:17:39 - DEBUG --> Archivo \components\com_jhotelreservation\classes\services\UserDataService.php 
2015-12-09 18:17:39 - DEBUG --> getUserData 
2015-12-09 18:17:39 - DEBUG --> Archivo \components\com_jhotelreservation\classes\services\UserDataService.php 
2015-12-09 18:17:39 - DEBUG --> getUserData 
2015-12-09 18:17:39 - DEBUG --> Archivo \components\com_jhotelreservationiews\hotel	mpl\hoteloverview.php 
2015-12-09 18:17:39 - DEBUG --> Accedió 
2015-12-09 18:17:39 - DEBUG --> UserData first: a:0:{} 
2015-12-09 18:17:39 - DEBUG --> UserData end:  a:0:{} 
2015-12-09 18:17:39 - DEBUG --> Archivo \components\com_jhotelreservation\classes\services\UserDataService.php 
2015-12-09 18:17:39 - DEBUG --> initializeReservationData 
2015-12-09 18:17:39 - DEBUG --> UserData: a:0:{} 
2015-12-09 18:17:39 - DEBUG --> Archivo \components\com_jhotelreservation\classes\services\UserDataService.php 
2015-12-09 18:17:39 - DEBUG --> updateUserData 
2015-12-09 18:17:39 - DEBUG --> Archivo \components\com_jhotelreservation\classes\services\UserDataService.php 
2015-12-09 18:17:39 - DEBUG --> getUserData 
2015-12-09 18:17:39 - DEBUG --> Archivo \components\com_jhotelreservation\classes\services\UserDataService.php 
2015-12-09 18:17:39 - DEBUG --> setCurrency 
2015-12-09 18:17:39 - DEBUG --> Archivo \components\com_jhotelreservation\classes\services\UserDataService.php 
2015-12-09 18:17:39 - DEBUG --> getUserData 
2015-12-09 18:17:39 - DEBUG --> Archivo \components\com_jhotelreservation\classes\services\UserDataService.php 
2015-12-09 18:17:39 - DEBUG --> getUserData 
2015-12-09 18:17:39 - DEBUG --> Archivo \components\com_jhotelreservation\classes\services\UserDataService.php 
2015-12-09 18:17:39 - DEBUG --> getUserData 
2015-12-09 18:17:39 - DEBUG --> Archivo \components\com_jhotelreservationiews\hotel	mpl\hoteloverview.php 
2015-12-09 18:17:39 - DEBUG --> Accedió 
2015-12-09 18:17:40 - DEBUG --> Archivo \components\com_jhotelreservation\classes\services\UserDataService.php 
2015-12-09 18:17:40 - DEBUG --> initializeUserData 
2015-12-09 18:17:40 - DEBUG --> UserData first: N; 
2015-12-09 18:17:40 - DEBUG --> Archivo \components\com_jhotelreservation\classes\services\UserDataService.php 
2015-12-09 18:17:40 - DEBUG --> createUserData 
2015-12-09 18:17:40 - DEBUG --> UserData end:  a:0:{} 
2015-12-09 18:17:40 - DEBUG --> Archivo \components\com_jhotelreservation\classes\services\UserDataService.php 
2015-12-09 18:17:40 - DEBUG --> initializeUserData 
2015-12-09 18:17:40 - DEBUG --> UserData first: a:0:{} 
2015-12-09 18:17:40 - DEBUG --> UserData end:  a:0:{} 
2015-12-09 18:17:40 - DEBUG --> Archivo \components\com_jhotelreservation\classes\services\UserDataService.php 
2015-12-09 18:17:40 - DEBUG --> initializeReservationData 
2015-12-09 18:17:40 - DEBUG --> UserData: a:0:{} 
2015-12-09 18:17:40 - DEBUG --> Archivo \components\com_jhotelreservation\classes\services\UserDataService.php 
2015-12-09 18:17:40 - DEBUG --> updateUserData 
2015-12-09 18:17:40 - DEBUG --> Archivo \components\com_jhotelreservation\classes\services\UserDataService.php 
2015-12-09 18:17:40 - DEBUG --> getUserData 
2015-12-09 18:17:40 - DEBUG --> Archivo \components\com_jhotelreservation\classes\services\UserDataService.php 
2015-12-09 18:17:40 - DEBUG --> setCurrency 
2015-12-09 18:17:40 - DEBUG --> Archivo \components\com_jhotelreservation\classes\services\UserDataService.php 
2015-12-09 18:17:40 - DEBUG --> getUserData 
2015-12-09 18:17:40 - DEBUG --> Archivo \components\com_jhotelreservation\classes\services\UserDataService.php 
2015-12-09 18:17:40 - DEBUG --> getUserData 
2015-12-09 18:17:40 - DEBUG --> Archivo \components\com_jhotelreservation\classes\services\UserDataService.php 
2015-12-09 18:17:40 - DEBUG --> getUserData 
2015-12-09 18:17:40 - DEBUG --> Archivo \components\com_jhotelreservationiews\hotel	mpl\hoteloverview.php 
2015-12-09 18:17:40 - DEBUG --> Accedió 
2015-12-09 18:17:40 - DEBUG --> Archivo \components\com_jhotelreservation\classes\services\UserDataService.php 
2015-12-09 18:17:40 - DEBUG --> initializeUserData 
2015-12-09 18:17:40 - DEBUG --> UserData first: N; 
2015-12-09 18:17:40 - DEBUG --> Archivo \components\com_jhotelreservation\classes\services\UserDataService.php 
2015-12-09 18:17:40 - DEBUG --> createUserData 
2015-12-09 18:17:40 - DEBUG --> UserData end:  a:0:{} 
2015-12-09 18:17:40 - DEBUG --> Archivo \components\com_jhotelreservation\classes\services\UserDataService.php 
2015-12-09 18:17:40 - DEBUG --> initializeUserData 
2015-12-09 18:17:40 - DEBUG --> UserData first: a:0:{} 
2015-12-09 18:17:40 - DEBUG --> UserData end:  a:0:{} 
2015-12-09 18:17:40 - DEBUG --> Archivo \components\com_jhotelreservation\classes\services\UserDataService.php 
2015-12-09 18:17:40 - DEBUG --> initializeReservationData 
2015-12-09 18:17:40 - DEBUG --> UserData: a:0:{} 
2015-12-09 18:17:40 - DEBUG --> Archivo \components\com_jhotelreservation\classes\services\UserDataService.php 
2015-12-09 18:17:40 - DEBUG --> updateUserData 
2015-12-09 18:17:40 - DEBUG --> Archivo \components\com_jhotelreservation\classes\services\UserDataService.php 
2015-12-09 18:17:40 - DEBUG --> getUserData 
2015-12-09 18:17:40 - DEBUG --> Archivo \components\com_jhotelreservation\classes\services\UserDataService.php 
2015-12-09 18:17:40 - DEBUG --> setCurrency 
2015-12-09 18:17:40 - DEBUG --> Archivo \components\com_jhotelreservation\classes\services\UserDataService.php 
2015-12-09 18:17:40 - DEBUG --> getUserData 
2015-12-09 18:17:40 - DEBUG --> Archivo \components\com_jhotelreservation\classes\services\UserDataService.php 
2015-12-09 18:17:40 - DEBUG --> getUserData 
2015-12-09 18:17:40 - DEBUG --> Archivo \components\com_jhotelreservation\classes\services\UserDataService.php 
2015-12-09 18:17:40 - DEBUG --> getUserData 
2015-12-09 18:17:40 - DEBUG --> Archivo \components\com_jhotelreservationiews\hotel	mpl\hoteloverview.php 
2015-12-09 18:17:40 - DEBUG --> Accedió 
2015-12-09 18:22:42 - DEBUG --> Archivo \components\com_jhotelreservation\classes\services\UserDataService.php 
2015-12-09 18:22:42 - DEBUG --> initializeUserData 
2015-12-09 18:22:42 - DEBUG --> UserData first: N; 
2015-12-09 18:22:42 - DEBUG --> Archivo \components\com_jhotelreservation\classes\services\UserDataService.php 
2015-12-09 18:22:42 - DEBUG --> createUserData 
2015-12-09 18:22:42 - DEBUG --> UserData end:  a:0:{} 
2015-12-09 18:22:42 - DEBUG --> Archivo \components\com_jhotelreservation\classes\services\UserDataService.php 
2015-12-09 18:22:42 - DEBUG --> initializeUserData 
2015-12-09 18:22:42 - DEBUG --> UserData first: a:0:{} 
2015-12-09 18:22:42 - DEBUG --> UserData end:  a:0:{} 
2015-12-09 18:22:42 - DEBUG --> Archivo \components\com_jhotelreservation\classes\services\UserDataService.php 
2015-12-09 18:22:42 - DEBUG --> initializeReservationData 
2015-12-09 18:22:42 - DEBUG --> UserData: a:0:{} 
2015-12-09 18:22:42 - DEBUG --> Archivo \components\com_jhotelreservation\classes\services\UserDataService.php 
2015-12-09 18:22:42 - DEBUG --> updateUserData 
2015-12-09 18:22:42 - DEBUG --> Archivo \components\com_jhotelreservation\classes\services\UserDataService.php 
2015-12-09 18:22:42 - DEBUG --> getUserData 
2015-12-09 18:22:42 - DEBUG --> Archivo \components\com_jhotelreservation\classes\services\UserDataService.php 
2015-12-09 18:22:42 - DEBUG --> setCurrency 
2015-12-09 18:22:42 - DEBUG --> Archivo \components\com_jhotelreservation\classes\services\UserDataService.php 
2015-12-09 18:22:42 - DEBUG --> getUserData 
2015-12-09 18:22:42 - DEBUG --> Archivo \components\com_jhotelreservation\classes\services\UserDataService.php 
2015-12-09 18:22:42 - DEBUG --> getUserData 
2015-12-09 18:22:42 - DEBUG --> Archivo \components\com_jhotelreservation\classes\services\UserDataService.php 
2015-12-09 18:22:42 - DEBUG --> getUserData 
2015-12-09 18:22:42 - DEBUG --> Archivo \components\com_jhotelreservationiews\hotel	mpl\hoteloverview.php 
2015-12-09 18:22:42 - DEBUG --> Accedió 
2015-12-09 18:25:09 - DEBUG --> Archivo \components\com_jhotelreservation\classes\services\UserDataService.php 
2015-12-09 18:25:09 - DEBUG --> initializeUserData 
2015-12-09 18:25:09 - DEBUG --> UserData first: N; 
2015-12-09 18:25:09 - DEBUG --> Archivo \components\com_jhotelreservation\classes\services\UserDataService.php 
2015-12-09 18:25:09 - DEBUG --> createUserData 
2015-12-09 18:25:09 - DEBUG --> UserData end:  a:0:{} 
2015-12-09 18:25:09 - DEBUG --> Archivo \components\com_jhotelreservation\classes\services\UserDataService.php 
2015-12-09 18:25:09 - DEBUG --> initializeUserData 
2015-12-09 18:25:09 - DEBUG --> UserData first: a:0:{} 
2015-12-09 18:25:09 - DEBUG --> UserData end:  a:0:{} 
2015-12-09 18:25:09 - DEBUG --> Archivo \components\com_jhotelreservation\classes\services\UserDataService.php 
2015-12-09 18:25:09 - DEBUG --> initializeReservationData 
2015-12-09 18:25:09 - DEBUG --> UserData: a:0:{} 
2015-12-09 18:25:09 - DEBUG --> Archivo \components\com_jhotelreservation\classes\services\UserDataService.php 
2015-12-09 18:25:09 - DEBUG --> updateUserData 
2015-12-09 18:25:09 - DEBUG --> Archivo \components\com_jhotelreservation\classes\services\UserDataService.php 
2015-12-09 18:25:09 - DEBUG --> getUserData 
2015-12-09 18:25:09 - DEBUG --> Archivo \components\com_jhotelreservation\classes\services\UserDataService.php 
2015-12-09 18:25:09 - DEBUG --> setCurrency 
2015-12-09 18:25:09 - DEBUG --> Archivo \components\com_jhotelreservation\classes\services\UserDataService.php 
2015-12-09 18:25:09 - DEBUG --> getUserData 
2015-12-09 18:25:09 - DEBUG --> Archivo \components\com_jhotelreservation\classes\services\UserDataService.php 
2015-12-09 18:25:09 - DEBUG --> getUserData 
2015-12-09 18:25:09 - DEBUG --> Archivo \components\com_jhotelreservation\classes\services\UserDataService.php 
2015-12-09 18:25:09 - DEBUG --> getUserData 
2015-12-09 19:14:20 - DEBUG --> Archivo \components\com_jhotelreservation\classes\services\UserDataService.php 
2015-12-09 19:14:20 - DEBUG --> initializeUserData 
2015-12-09 19:14:20 - DEBUG --> UserData first: a:0:{} 
2015-12-09 19:14:20 - DEBUG --> Archivo \components\com_jhotelreservation\classes\services\UserDataService.php 
2015-12-09 19:14:20 - DEBUG --> createUserData 
2015-12-09 19:14:20 - DEBUG --> voucher:  
2015-12-09 19:14:20 - DEBUG --> UserData end:  a:0:{} 
2015-12-09 19:14:20 - DEBUG --> Archivo \components\com_jhotelreservation\classes\services\UserDataService.php 
2015-12-09 19:14:20 - DEBUG --> initializeUserData 
2015-12-09 19:14:20 - DEBUG --> UserData first: a:0:{} 
2015-12-09 19:14:20 - DEBUG --> Archivo \components\com_jhotelreservation\classes\services\UserDataService.php 
2015-12-09 19:14:20 - DEBUG --> createUserData 
2015-12-09 19:14:20 - DEBUG --> voucher:  
2015-12-09 19:14:20 - DEBUG --> UserData end:  a:0:{} 
2015-12-09 21:17:47 - DEBUG --> Archivo \components\com_jhotelreservation\classes\services\UserDataService.php 
2015-12-09 21:17:47 - DEBUG --> initializeUserData 
2015-12-09 21:17:47 - DEBUG --> UserData first: N; 
2015-12-09 21:17:47 - DEBUG --> Archivo \components\com_jhotelreservation\classes\services\UserDataService.php 
2015-12-09 21:17:47 - DEBUG --> createUserData 
2015-12-09 21:17:47 - DEBUG --> UserData end:  a:0:{} 
2015-12-09 21:17:47 - DEBUG --> Archivo \components\com_jhotelreservation\classes\services\UserDataService.php 
2015-12-09 21:17:47 - DEBUG --> initializeUserData 
2015-12-09 21:17:47 - DEBUG --> UserData first: a:0:{} 
2015-12-09 21:17:47 - DEBUG --> UserData end:  a:0:{} 
2015-12-09 21:17:47 - DEBUG --> Archivo \components\com_jhotelreservation\classes\services\UserDataService.php 
2015-12-09 21:17:47 - DEBUG --> initializeReservationData 
2015-12-09 21:17:47 - DEBUG --> UserData: a:0:{} 
2015-12-09 21:17:47 - DEBUG --> Archivo \components\com_jhotelreservation\classes\services\UserDataService.php 
2015-12-09 21:17:47 - DEBUG --> updateUserData 
2015-12-09 21:17:47 - DEBUG --> Archivo \components\com_jhotelreservation\classes\services\UserDataService.php 
2015-12-09 21:17:47 - DEBUG --> getUserData 
2015-12-09 21:17:47 - DEBUG --> Archivo \components\com_jhotelreservation\classes\services\UserDataService.php 
2015-12-09 21:17:47 - DEBUG --> setCurrency 
2015-12-09 21:17:47 - DEBUG --> Archivo \components\com_jhotelreservation\classes\services\UserDataService.php 
2015-12-09 21:17:47 - DEBUG --> getUserData 
2015-12-09 21:17:47 - DEBUG --> Archivo \components\com_jhotelreservation\classes\services\UserDataService.php 
2015-12-09 21:17:47 - DEBUG --> getUserData 
2015-12-09 21:17:47 - DEBUG --> Archivo \components\com_jhotelreservation\classes\services\UserDataService.php 
2015-12-09 21:17:47 - DEBUG --> getUserData 
2015-12-09 21:17:47 - DEBUG --> Archivo \components\com_jhotelreservationiews\hotel	mpl\hoteloverview.php 
2015-12-09 21:17:47 - DEBUG --> Accedió 
2015-12-09 22:32:58 - DEBUG --> Archivo \components\com_jhotelreservation\classes\services\UserDataService.php 
2015-12-09 22:32:58 - DEBUG --> initializeUserData 
2015-12-09 22:32:58 - DEBUG --> UserData first: N; 
2015-12-09 22:32:58 - DEBUG --> Archivo \components\com_jhotelreservation\classes\services\UserDataService.php 
2015-12-09 22:32:58 - DEBUG --> createUserData 
2015-12-09 22:32:58 - DEBUG --> UserData end:  a:0:{} 
2015-12-09 22:32:58 - DEBUG --> Archivo \components\com_jhotelreservation\classes\services\UserDataService.php 
2015-12-09 22:32:58 - DEBUG --> initializeUserData 
2015-12-09 22:32:58 - DEBUG --> UserData first: a:0:{} 
2015-12-09 22:32:58 - DEBUG --> UserData end:  a:0:{} 
2015-12-09 22:32:58 - DEBUG --> Archivo \components\com_jhotelreservation\classes\services\UserDataService.php 
2015-12-09 22:32:58 - DEBUG --> initializeReservationData 
2015-12-09 22:32:58 - DEBUG --> UserData: a:0:{} 
2015-12-09 22:32:58 - DEBUG --> Archivo \components\com_jhotelreservation\classes\services\UserDataService.php 
2015-12-09 22:32:58 - DEBUG --> updateUserData 
2015-12-09 22:32:58 - DEBUG --> Archivo \components\com_jhotelreservation\classes\services\UserDataService.php 
2015-12-09 22:32:58 - DEBUG --> getUserData 
2015-12-09 22:32:58 - DEBUG --> Archivo \components\com_jhotelreservation\classes\services\UserDataService.php 
2015-12-09 22:32:58 - DEBUG --> setCurrency 
2015-12-09 22:32:58 - DEBUG --> Archivo \components\com_jhotelreservation\classes\services\UserDataService.php 
2015-12-09 22:32:58 - DEBUG --> getUserData 
2015-12-09 22:32:58 - DEBUG --> Archivo \components\com_jhotelreservation\classes\services\UserDataService.php 
2015-12-09 22:32:58 - DEBUG --> getUserData 
2015-12-09 22:32:58 - DEBUG --> Archivo \components\com_jhotelreservation\classes\services\UserDataService.php 
2015-12-09 22:32:58 - DEBUG --> getUserData 
2015-12-09 22:32:58 - DEBUG --> Archivo \components\com_jhotelreservationiews\hotel	mpl\hoteloverview.php 
2015-12-09 22:32:58 - DEBUG --> Accedió 
2015-12-09 22:33:00 - DEBUG --> Archivo \components\com_jhotelreservation\classes\services\UserDataService.php 
2015-12-09 22:33:00 - DEBUG --> initializeUserData 
2015-12-09 22:33:00 - DEBUG --> UserData first: N; 
2015-12-09 22:33:00 - DEBUG --> Archivo \components\com_jhotelreservation\classes\services\UserDataService.php 
2015-12-09 22:33:00 - DEBUG --> createUserData 
2015-12-09 22:33:00 - DEBUG --> UserData end:  a:0:{} 
2015-12-09 22:33:00 - DEBUG --> Archivo \components\com_jhotelreservation\classes\services\UserDataService.php 
2015-12-09 22:33:00 - DEBUG --> initializeUserData 
2015-12-09 22:33:00 - DEBUG --> UserData first: a:0:{} 
2015-12-09 22:33:00 - DEBUG --> UserData end:  a:0:{} 
2015-12-09 22:33:00 - DEBUG --> Archivo \components\com_jhotelreservation\classes\services\UserDataService.php 
2015-12-09 22:33:00 - DEBUG --> initializeReservationData 
2015-12-09 22:33:00 - DEBUG --> UserData: a:0:{} 
2015-12-09 22:33:00 - DEBUG --> Archivo \components\com_jhotelreservation\classes\services\UserDataService.php 
2015-12-09 22:33:00 - DEBUG --> updateUserData 
2015-12-09 22:33:00 - DEBUG --> Archivo \components\com_jhotelreservation\classes\services\UserDataService.php 
2015-12-09 22:33:00 - DEBUG --> getUserData 
2015-12-09 22:33:01 - DEBUG --> Archivo \components\com_jhotelreservation\classes\services\UserDataService.php 
2015-12-09 22:33:01 - DEBUG --> setCurrency 
2015-12-09 22:33:01 - DEBUG --> Archivo \components\com_jhotelreservation\classes\services\UserDataService.php 
2015-12-09 22:33:01 - DEBUG --> getUserData 
2015-12-09 22:33:01 - DEBUG --> Archivo \components\com_jhotelreservation\classes\services\UserDataService.php 
2015-12-09 22:33:01 - DEBUG --> getUserData 
2015-12-09 22:33:01 - DEBUG --> Archivo \components\com_jhotelreservation\classes\services\UserDataService.php 
2015-12-09 22:33:01 - DEBUG --> getUserData 
2015-12-09 22:33:01 - DEBUG --> Archivo \components\com_jhotelreservationiews\hotel	mpl\hoteloverview.php 
2015-12-09 22:33:01 - DEBUG --> Accedió 
2015-12-09 22:33:03 - DEBUG --> Archivo \components\com_jhotelreservation\classes\services\UserDataService.php 
2015-12-09 22:33:03 - DEBUG --> initializeUserData 
2015-12-09 22:33:03 - DEBUG --> UserData first: N; 
2015-12-09 22:33:03 - DEBUG --> Archivo \components\com_jhotelreservation\classes\services\UserDataService.php 
2015-12-09 22:33:03 - DEBUG --> createUserData 
2015-12-09 22:33:03 - DEBUG --> UserData end:  a:0:{} 
2015-12-09 22:33:03 - DEBUG --> Archivo \components\com_jhotelreservation\classes\services\UserDataService.php 
2015-12-09 22:33:03 - DEBUG --> initializeUserData 
2015-12-09 22:33:03 - DEBUG --> UserData first: a:0:{} 
2015-12-09 22:33:03 - DEBUG --> UserData end:  a:0:{} 
2015-12-09 22:33:03 - DEBUG --> Archivo \components\com_jhotelreservation\classes\services\UserDataService.php 
2015-12-09 22:33:03 - DEBUG --> initializeReservationData 
2015-12-09 22:33:03 - DEBUG --> UserData: a:0:{} 
2015-12-09 22:33:03 - DEBUG --> Archivo \components\com_jhotelreservation\classes\services\UserDataService.php 
2015-12-09 22:33:03 - DEBUG --> updateUserData 
2015-12-09 22:33:03 - DEBUG --> Archivo \components\com_jhotelreservation\classes\services\UserDataService.php 
2015-12-09 22:33:03 - DEBUG --> getUserData 
2015-12-09 22:33:03 - DEBUG --> Archivo \components\com_jhotelreservation\classes\services\UserDataService.php 
2015-12-09 22:33:03 - DEBUG --> setCurrency 
2015-12-09 22:33:03 - DEBUG --> Archivo \components\com_jhotelreservation\classes\services\UserDataService.php 
2015-12-09 22:33:03 - DEBUG --> getUserData 
2015-12-09 22:33:03 - DEBUG --> Archivo \components\com_jhotelreservation\classes\services\UserDataService.php 
2015-12-09 22:33:03 - DEBUG --> getUserData 
2015-12-09 22:33:03 - DEBUG --> Archivo \components\com_jhotelreservation\classes\services\UserDataService.php 
2015-12-09 22:33:03 - DEBUG --> getUserData 
2015-12-09 22:33:03 - DEBUG --> Archivo \components\com_jhotelreservationiews\hotel	mpl\hoteloverview.php 
2015-12-09 22:33:03 - DEBUG --> Accedió 
2015-12-09 22:33:05 - DEBUG --> Archivo \components\com_jhotelreservation\classes\services\UserDataService.php 
2015-12-09 22:33:05 - DEBUG --> initializeUserData 
2015-12-09 22:33:05 - DEBUG --> UserData first: N; 
2015-12-09 22:33:05 - DEBUG --> Archivo \components\com_jhotelreservation\classes\services\UserDataService.php 
2015-12-09 22:33:05 - DEBUG --> createUserData 
2015-12-09 22:33:05 - DEBUG --> UserData end:  a:0:{} 
2015-12-09 22:33:05 - DEBUG --> Archivo \components\com_jhotelreservation\classes\services\UserDataService.php 
2015-12-09 22:33:05 - DEBUG --> initializeUserData 
2015-12-09 22:33:05 - DEBUG --> UserData first: a:0:{} 
2015-12-09 22:33:05 - DEBUG --> UserData end:  a:0:{} 
2015-12-09 22:33:05 - DEBUG --> Archivo \components\com_jhotelreservation\classes\services\UserDataService.php 
2015-12-09 22:33:05 - DEBUG --> initializeReservationData 
2015-12-09 22:33:05 - DEBUG --> UserData: a:0:{} 
2015-12-09 22:33:05 - DEBUG --> Archivo \components\com_jhotelreservation\classes\services\UserDataService.php 
2015-12-09 22:33:05 - DEBUG --> updateUserData 
2015-12-09 22:33:05 - DEBUG --> Archivo \components\com_jhotelreservation\classes\services\UserDataService.php 
2015-12-09 22:33:05 - DEBUG --> getUserData 
2015-12-09 22:33:05 - DEBUG --> Archivo \components\com_jhotelreservation\classes\services\UserDataService.php 
2015-12-09 22:33:05 - DEBUG --> setCurrency 
2015-12-09 22:33:05 - DEBUG --> Archivo \components\com_jhotelreservation\classes\services\UserDataService.php 
2015-12-09 22:33:05 - DEBUG --> getUserData 
2015-12-09 22:33:05 - DEBUG --> Archivo \components\com_jhotelreservation\classes\services\UserDataService.php 
2015-12-09 22:33:05 - DEBUG --> getUserData 
2015-12-09 22:33:05 - DEBUG --> Archivo \components\com_jhotelreservation\classes\services\UserDataService.php 
2015-12-09 22:33:05 - DEBUG --> getUserData 
2015-12-09 22:33:05 - DEBUG --> Archivo \components\com_jhotelreservationiews\hotel	mpl\hoteloverview.php 
2015-12-09 22:33:05 - DEBUG --> Accedió 
2015-12-09 23:08:29 - DEBUG --> Archivo \components\com_jhotelreservation\classes\services\UserDataService.php 
2015-12-09 23:08:29 - DEBUG --> initializeUserData 
2015-12-09 23:08:29 - DEBUG --> UserData first: N; 
2015-12-09 23:08:29 - DEBUG --> Archivo \components\com_jhotelreservation\classes\services\UserDataService.php 
2015-12-09 23:08:29 - DEBUG --> createUserData 
2015-12-09 23:08:29 - DEBUG --> UserData end:  a:0:{} 
