2015-12-26 2:50:54 - DEBUG --> Archivo \components\com_jhotelreservation\classes\services\UserDataService.php 
2015-12-26 2:50:54 - DEBUG --> initializeUserData 
2015-12-26 2:50:54 - DEBUG --> UserData first: N; 
2015-12-26 2:50:54 - DEBUG --> Archivo \components\com_jhotelreservation\classes\services\UserDataService.php 
2015-12-26 2:50:54 - DEBUG --> createUserData 
2015-12-26 2:50:54 - DEBUG --> UserData end:  a:0:{} 
2015-12-26 2:50:54 - DEBUG --> Archivo \components\com_jhotelreservation\classes\services\UserDataService.php 
2015-12-26 2:50:54 - DEBUG --> initializeUserData 
2015-12-26 2:50:54 - DEBUG --> UserData first: a:0:{} 
2015-12-26 2:50:54 - DEBUG --> UserData end:  a:0:{} 
2015-12-26 2:50:54 - DEBUG --> Archivo \components\com_jhotelreservation\classes\services\UserDataService.php 
2015-12-26 2:50:54 - DEBUG --> initializeReservationData 
2015-12-26 2:50:54 - DEBUG --> UserData: a:0:{} 
2015-12-26 2:50:54 - DEBUG --> Archivo \components\com_jhotelreservation\classes\services\UserDataService.php 
2015-12-26 2:50:54 - DEBUG --> updateUserData 
2015-12-26 2:50:54 - DEBUG --> Archivo \components\com_jhotelreservation\classes\services\UserDataService.php 
2015-12-26 2:50:54 - DEBUG --> getUserData 
2015-12-26 2:50:54 - DEBUG --> Archivo \components\com_jhotelreservation\classes\services\UserDataService.php 
2015-12-26 2:50:54 - DEBUG --> setCurrency 
2015-12-26 2:50:54 - DEBUG --> Archivo \components\com_jhotelreservation\classes\services\UserDataService.php 
2015-12-26 2:50:54 - DEBUG --> getUserData 
2015-12-26 2:50:54 - DEBUG --> Archivo \components\com_jhotelreservation\classes\services\UserDataService.php 
2015-12-26 2:50:54 - DEBUG --> getUserData 
2015-12-26 2:50:54 - DEBUG --> Archivo \components\com_jhotelreservation\classes\services\UserDataService.php 
2015-12-26 2:50:54 - DEBUG --> getUserData 
2015-12-26 2:50:54 - DEBUG --> Archivo \components\com_jhotelreservationiews\hotel	mpl\hoteloverview.php 
2015-12-26 2:50:54 - DEBUG --> Accedió 
2015-12-26 2:50:56 - DEBUG --> Archivo \components\com_jhotelreservation\classes\services\UserDataService.php 
2015-12-26 2:50:56 - DEBUG --> initializeUserData 
2015-12-26 2:50:56 - DEBUG --> UserData first: N; 
2015-12-26 2:50:56 - DEBUG --> Archivo \components\com_jhotelreservation\classes\services\UserDataService.php 
2015-12-26 2:50:56 - DEBUG --> createUserData 
2015-12-26 2:50:56 - DEBUG --> UserData end:  a:0:{} 
2015-12-26 2:50:56 - DEBUG --> Archivo \components\com_jhotelreservation\classes\services\UserDataService.php 
2015-12-26 2:50:56 - DEBUG --> initializeUserData 
2015-12-26 2:50:56 - DEBUG --> UserData first: a:0:{} 
2015-12-26 2:50:56 - DEBUG --> UserData end:  a:0:{} 
2015-12-26 2:50:56 - DEBUG --> Archivo \components\com_jhotelreservation\classes\services\UserDataService.php 
2015-12-26 2:50:56 - DEBUG --> initializeReservationData 
2015-12-26 2:50:56 - DEBUG --> UserData: a:0:{} 
2015-12-26 2:50:56 - DEBUG --> Archivo \components\com_jhotelreservation\classes\services\UserDataService.php 
2015-12-26 2:50:56 - DEBUG --> updateUserData 
2015-12-26 2:50:56 - DEBUG --> Archivo \components\com_jhotelreservation\classes\services\UserDataService.php 
2015-12-26 2:50:56 - DEBUG --> getUserData 
2015-12-26 2:50:56 - DEBUG --> Archivo \components\com_jhotelreservation\classes\services\UserDataService.php 
2015-12-26 2:50:56 - DEBUG --> setCurrency 
2015-12-26 2:50:56 - DEBUG --> Archivo \components\com_jhotelreservation\classes\services\UserDataService.php 
2015-12-26 2:50:56 - DEBUG --> getUserData 
2015-12-26 2:50:56 - DEBUG --> Archivo \components\com_jhotelreservation\classes\services\UserDataService.php 
2015-12-26 2:50:56 - DEBUG --> getUserData 
2015-12-26 2:50:56 - DEBUG --> Archivo \components\com_jhotelreservation\classes\services\UserDataService.php 
2015-12-26 2:50:56 - DEBUG --> getUserData 
2015-12-26 2:50:56 - DEBUG --> Archivo \components\com_jhotelreservationiews\hotel	mpl\hoteloverview.php 
2015-12-26 2:50:56 - DEBUG --> Accedió 
2015-12-26 2:50:59 - DEBUG --> Archivo \components\com_jhotelreservation\classes\services\UserDataService.php 
2015-12-26 2:50:59 - DEBUG --> initializeUserData 
2015-12-26 2:50:59 - DEBUG --> UserData first: N; 
2015-12-26 2:50:59 - DEBUG --> Archivo \components\com_jhotelreservation\classes\services\UserDataService.php 
2015-12-26 2:50:59 - DEBUG --> createUserData 
2015-12-26 2:50:59 - DEBUG --> UserData end:  a:0:{} 
2015-12-26 2:50:59 - DEBUG --> Archivo \components\com_jhotelreservation\classes\services\UserDataService.php 
2015-12-26 2:50:59 - DEBUG --> initializeUserData 
2015-12-26 2:50:59 - DEBUG --> UserData first: a:0:{} 
2015-12-26 2:50:59 - DEBUG --> UserData end:  a:0:{} 
2015-12-26 2:50:59 - DEBUG --> Archivo \components\com_jhotelreservation\classes\services\UserDataService.php 
2015-12-26 2:50:59 - DEBUG --> initializeReservationData 
2015-12-26 2:50:59 - DEBUG --> UserData: a:0:{} 
2015-12-26 2:50:59 - DEBUG --> Archivo \components\com_jhotelreservation\classes\services\UserDataService.php 
2015-12-26 2:50:59 - DEBUG --> updateUserData 
2015-12-26 2:50:59 - DEBUG --> Archivo \components\com_jhotelreservation\classes\services\UserDataService.php 
2015-12-26 2:50:59 - DEBUG --> getUserData 
2015-12-26 2:50:59 - DEBUG --> Archivo \components\com_jhotelreservation\classes\services\UserDataService.php 
2015-12-26 2:50:59 - DEBUG --> setCurrency 
2015-12-26 2:50:59 - DEBUG --> Archivo \components\com_jhotelreservation\classes\services\UserDataService.php 
2015-12-26 2:50:59 - DEBUG --> getUserData 
2015-12-26 2:50:59 - DEBUG --> Archivo \components\com_jhotelreservation\classes\services\UserDataService.php 
2015-12-26 2:50:59 - DEBUG --> getUserData 
2015-12-26 2:50:59 - DEBUG --> Archivo \components\com_jhotelreservation\classes\services\UserDataService.php 
2015-12-26 2:50:59 - DEBUG --> getUserData 
2015-12-26 2:50:59 - DEBUG --> Archivo \components\com_jhotelreservationiews\hotel	mpl\hoteloverview.php 
2015-12-26 2:50:59 - DEBUG --> Accedió 
2015-12-26 2:51:01 - DEBUG --> Archivo \components\com_jhotelreservation\classes\services\UserDataService.php 
2015-12-26 2:51:01 - DEBUG --> initializeUserData 
2015-12-26 2:51:01 - DEBUG --> UserData first: N; 
2015-12-26 2:51:01 - DEBUG --> Archivo \components\com_jhotelreservation\classes\services\UserDataService.php 
2015-12-26 2:51:01 - DEBUG --> createUserData 
2015-12-26 2:51:01 - DEBUG --> UserData end:  a:0:{} 
2015-12-26 2:51:01 - DEBUG --> Archivo \components\com_jhotelreservation\classes\services\UserDataService.php 
2015-12-26 2:51:01 - DEBUG --> initializeUserData 
2015-12-26 2:51:01 - DEBUG --> UserData first: a:0:{} 
2015-12-26 2:51:01 - DEBUG --> UserData end:  a:0:{} 
2015-12-26 2:51:01 - DEBUG --> Archivo \components\com_jhotelreservation\classes\services\UserDataService.php 
2015-12-26 2:51:01 - DEBUG --> initializeReservationData 
2015-12-26 2:51:01 - DEBUG --> UserData: a:0:{} 
2015-12-26 2:51:01 - DEBUG --> Archivo \components\com_jhotelreservation\classes\services\UserDataService.php 
2015-12-26 2:51:01 - DEBUG --> updateUserData 
2015-12-26 2:51:01 - DEBUG --> Archivo \components\com_jhotelreservation\classes\services\UserDataService.php 
2015-12-26 2:51:01 - DEBUG --> getUserData 
2015-12-26 2:51:01 - DEBUG --> Archivo \components\com_jhotelreservation\classes\services\UserDataService.php 
2015-12-26 2:51:01 - DEBUG --> setCurrency 
2015-12-26 2:51:01 - DEBUG --> Archivo \components\com_jhotelreservation\classes\services\UserDataService.php 
2015-12-26 2:51:01 - DEBUG --> getUserData 
2015-12-26 2:51:01 - DEBUG --> Archivo \components\com_jhotelreservation\classes\services\UserDataService.php 
2015-12-26 2:51:01 - DEBUG --> getUserData 
2015-12-26 2:51:01 - DEBUG --> Archivo \components\com_jhotelreservation\classes\services\UserDataService.php 
2015-12-26 2:51:01 - DEBUG --> getUserData 
2015-12-26 2:51:01 - DEBUG --> Archivo \components\com_jhotelreservationiews\hotel	mpl\hoteloverview.php 
2015-12-26 2:51:01 - DEBUG --> Accedió 
2015-12-26 2:51:04 - DEBUG --> Archivo \components\com_jhotelreservation\classes\services\UserDataService.php 
2015-12-26 2:51:04 - DEBUG --> initializeUserData 
2015-12-26 2:51:04 - DEBUG --> UserData first: N; 
2015-12-26 2:51:04 - DEBUG --> Archivo \components\com_jhotelreservation\classes\services\UserDataService.php 
2015-12-26 2:51:04 - DEBUG --> createUserData 
2015-12-26 2:51:04 - DEBUG --> UserData end:  a:0:{} 
2015-12-26 2:51:04 - DEBUG --> Archivo \components\com_jhotelreservation\classes\services\UserDataService.php 
2015-12-26 2:51:04 - DEBUG --> initializeUserData 
2015-12-26 2:51:04 - DEBUG --> UserData first: a:0:{} 
2015-12-26 2:51:04 - DEBUG --> UserData end:  a:0:{} 
2015-12-26 2:51:04 - DEBUG --> Archivo \components\com_jhotelreservation\classes\services\UserDataService.php 
2015-12-26 2:51:04 - DEBUG --> initializeReservationData 
2015-12-26 2:51:04 - DEBUG --> UserData: a:0:{} 
2015-12-26 2:51:04 - DEBUG --> Archivo \components\com_jhotelreservation\classes\services\UserDataService.php 
2015-12-26 2:51:04 - DEBUG --> updateUserData 
2015-12-26 2:51:04 - DEBUG --> Archivo \components\com_jhotelreservation\classes\services\UserDataService.php 
2015-12-26 2:51:04 - DEBUG --> getUserData 
2015-12-26 2:51:04 - DEBUG --> Archivo \components\com_jhotelreservation\classes\services\UserDataService.php 
2015-12-26 2:51:04 - DEBUG --> setCurrency 
2015-12-26 2:51:04 - DEBUG --> Archivo \components\com_jhotelreservation\classes\services\UserDataService.php 
2015-12-26 2:51:04 - DEBUG --> getUserData 
2015-12-26 2:51:04 - DEBUG --> Archivo \components\com_jhotelreservation\classes\services\UserDataService.php 
2015-12-26 2:51:04 - DEBUG --> getUserData 
2015-12-26 2:51:04 - DEBUG --> Archivo \components\com_jhotelreservation\classes\services\UserDataService.php 
2015-12-26 2:51:04 - DEBUG --> getUserData 
2015-12-26 2:51:04 - DEBUG --> Archivo \components\com_jhotelreservationiews\hotel	mpl\hoteloverview.php 
2015-12-26 2:51:04 - DEBUG --> Accedió 
2015-12-26 2:51:06 - DEBUG --> Archivo \components\com_jhotelreservation\classes\services\UserDataService.php 
2015-12-26 2:51:06 - DEBUG --> initializeUserData 
2015-12-26 2:51:06 - DEBUG --> UserData first: N; 
2015-12-26 2:51:06 - DEBUG --> Archivo \components\com_jhotelreservation\classes\services\UserDataService.php 
2015-12-26 2:51:06 - DEBUG --> createUserData 
2015-12-26 2:51:06 - DEBUG --> UserData end:  a:0:{} 
2015-12-26 2:51:06 - DEBUG --> Archivo \components\com_jhotelreservation\classes\services\UserDataService.php 
2015-12-26 2:51:06 - DEBUG --> initializeUserData 
2015-12-26 2:51:06 - DEBUG --> UserData first: a:0:{} 
2015-12-26 2:51:06 - DEBUG --> UserData end:  a:0:{} 
2015-12-26 2:51:06 - DEBUG --> Archivo \components\com_jhotelreservation\classes\services\UserDataService.php 
2015-12-26 2:51:06 - DEBUG --> initializeReservationData 
2015-12-26 2:51:06 - DEBUG --> UserData: a:0:{} 
2015-12-26 2:51:06 - DEBUG --> Archivo \components\com_jhotelreservation\classes\services\UserDataService.php 
2015-12-26 2:51:06 - DEBUG --> updateUserData 
2015-12-26 2:51:06 - DEBUG --> Archivo \components\com_jhotelreservation\classes\services\UserDataService.php 
2015-12-26 2:51:06 - DEBUG --> getUserData 
2015-12-26 2:51:06 - DEBUG --> Archivo \components\com_jhotelreservation\classes\services\UserDataService.php 
2015-12-26 2:51:06 - DEBUG --> setCurrency 
2015-12-26 2:51:06 - DEBUG --> Archivo \components\com_jhotelreservation\classes\services\UserDataService.php 
2015-12-26 2:51:06 - DEBUG --> getUserData 
2015-12-26 2:51:06 - DEBUG --> Archivo \components\com_jhotelreservation\classes\services\UserDataService.php 
2015-12-26 2:51:06 - DEBUG --> getUserData 
2015-12-26 2:51:06 - DEBUG --> Archivo \components\com_jhotelreservation\classes\services\UserDataService.php 
2015-12-26 2:51:06 - DEBUG --> getUserData 
2015-12-26 2:51:06 - DEBUG --> Archivo \components\com_jhotelreservationiews\hotel	mpl\hoteloverview.php 
2015-12-26 2:51:06 - DEBUG --> Accedió 
2015-12-26 2:51:09 - DEBUG --> Archivo \components\com_jhotelreservation\classes\services\UserDataService.php 
2015-12-26 2:51:09 - DEBUG --> initializeUserData 
2015-12-26 2:51:09 - DEBUG --> UserData first: N; 
2015-12-26 2:51:09 - DEBUG --> Archivo \components\com_jhotelreservation\classes\services\UserDataService.php 
2015-12-26 2:51:09 - DEBUG --> createUserData 
2015-12-26 2:51:09 - DEBUG --> UserData end:  a:0:{} 
2015-12-26 2:51:09 - DEBUG --> Archivo \components\com_jhotelreservation\classes\services\UserDataService.php 
2015-12-26 2:51:09 - DEBUG --> initializeUserData 
2015-12-26 2:51:09 - DEBUG --> UserData first: a:0:{} 
2015-12-26 2:51:09 - DEBUG --> UserData end:  a:0:{} 
2015-12-26 2:51:09 - DEBUG --> Archivo \components\com_jhotelreservation\classes\services\UserDataService.php 
2015-12-26 2:51:09 - DEBUG --> initializeReservationData 
2015-12-26 2:51:09 - DEBUG --> UserData: a:0:{} 
2015-12-26 2:51:09 - DEBUG --> Archivo \components\com_jhotelreservation\classes\services\UserDataService.php 
2015-12-26 2:51:09 - DEBUG --> updateUserData 
2015-12-26 2:51:09 - DEBUG --> Archivo \components\com_jhotelreservation\classes\services\UserDataService.php 
2015-12-26 2:51:09 - DEBUG --> getUserData 
2015-12-26 2:51:09 - DEBUG --> Archivo \components\com_jhotelreservation\classes\services\UserDataService.php 
2015-12-26 2:51:09 - DEBUG --> setCurrency 
2015-12-26 2:51:09 - DEBUG --> Archivo \components\com_jhotelreservation\classes\services\UserDataService.php 
2015-12-26 2:51:09 - DEBUG --> getUserData 
2015-12-26 2:51:09 - DEBUG --> Archivo \components\com_jhotelreservation\classes\services\UserDataService.php 
2015-12-26 2:51:09 - DEBUG --> getUserData 
2015-12-26 2:51:09 - DEBUG --> Archivo \components\com_jhotelreservation\classes\services\UserDataService.php 
2015-12-26 2:51:09 - DEBUG --> getUserData 
2015-12-26 2:51:09 - DEBUG --> Archivo \components\com_jhotelreservationiews\hotel	mpl\hoteloverview.php 
2015-12-26 2:51:09 - DEBUG --> Accedió 
2015-12-26 2:51:11 - DEBUG --> Archivo \components\com_jhotelreservation\classes\services\UserDataService.php 
2015-12-26 2:51:11 - DEBUG --> initializeUserData 
2015-12-26 2:51:11 - DEBUG --> UserData first: N; 
2015-12-26 2:51:11 - DEBUG --> Archivo \components\com_jhotelreservation\classes\services\UserDataService.php 
2015-12-26 2:51:11 - DEBUG --> createUserData 
2015-12-26 2:51:11 - DEBUG --> UserData end:  a:0:{} 
2015-12-26 2:51:11 - DEBUG --> Archivo \components\com_jhotelreservation\classes\services\UserDataService.php 
2015-12-26 2:51:11 - DEBUG --> initializeUserData 
2015-12-26 2:51:11 - DEBUG --> UserData first: a:0:{} 
2015-12-26 2:51:11 - DEBUG --> UserData end:  a:0:{} 
2015-12-26 2:51:11 - DEBUG --> Archivo \components\com_jhotelreservation\classes\services\UserDataService.php 
2015-12-26 2:51:11 - DEBUG --> initializeReservationData 
2015-12-26 2:51:11 - DEBUG --> UserData: a:0:{} 
2015-12-26 2:51:11 - DEBUG --> Archivo \components\com_jhotelreservation\classes\services\UserDataService.php 
2015-12-26 2:51:11 - DEBUG --> updateUserData 
2015-12-26 2:51:11 - DEBUG --> Archivo \components\com_jhotelreservation\classes\services\UserDataService.php 
2015-12-26 2:51:11 - DEBUG --> getUserData 
2015-12-26 2:51:11 - DEBUG --> Archivo \components\com_jhotelreservation\classes\services\UserDataService.php 
2015-12-26 2:51:11 - DEBUG --> setCurrency 
2015-12-26 2:51:11 - DEBUG --> Archivo \components\com_jhotelreservation\classes\services\UserDataService.php 
2015-12-26 2:51:11 - DEBUG --> getUserData 
2015-12-26 2:51:11 - DEBUG --> Archivo \components\com_jhotelreservation\classes\services\UserDataService.php 
2015-12-26 2:51:11 - DEBUG --> getUserData 
2015-12-26 2:51:11 - DEBUG --> Archivo \components\com_jhotelreservation\classes\services\UserDataService.php 
2015-12-26 2:51:11 - DEBUG --> getUserData 
2015-12-26 2:51:11 - DEBUG --> Archivo \components\com_jhotelreservationiews\hotel	mpl\hoteloverview.php 
2015-12-26 2:51:11 - DEBUG --> Accedió 
2015-12-26 2:51:14 - DEBUG --> Archivo \components\com_jhotelreservation\classes\services\UserDataService.php 
2015-12-26 2:51:14 - DEBUG --> initializeUserData 
2015-12-26 2:51:14 - DEBUG --> UserData first: N; 
2015-12-26 2:51:14 - DEBUG --> Archivo \components\com_jhotelreservation\classes\services\UserDataService.php 
2015-12-26 2:51:14 - DEBUG --> createUserData 
2015-12-26 2:51:14 - DEBUG --> UserData end:  a:0:{} 
2015-12-26 2:51:14 - DEBUG --> Archivo \components\com_jhotelreservation\classes\services\UserDataService.php 
2015-12-26 2:51:14 - DEBUG --> initializeUserData 
2015-12-26 2:51:14 - DEBUG --> UserData first: a:0:{} 
2015-12-26 2:51:14 - DEBUG --> UserData end:  a:0:{} 
2015-12-26 2:51:14 - DEBUG --> Archivo \components\com_jhotelreservation\classes\services\UserDataService.php 
2015-12-26 2:51:14 - DEBUG --> initializeReservationData 
2015-12-26 2:51:14 - DEBUG --> UserData: a:0:{} 
2015-12-26 2:51:14 - DEBUG --> Archivo \components\com_jhotelreservation\classes\services\UserDataService.php 
2015-12-26 2:51:14 - DEBUG --> updateUserData 
2015-12-26 2:51:14 - DEBUG --> Archivo \components\com_jhotelreservation\classes\services\UserDataService.php 
2015-12-26 2:51:14 - DEBUG --> getUserData 
2015-12-26 2:51:14 - DEBUG --> Archivo \components\com_jhotelreservation\classes\services\UserDataService.php 
2015-12-26 2:51:14 - DEBUG --> setCurrency 
2015-12-26 2:51:14 - DEBUG --> Archivo \components\com_jhotelreservation\classes\services\UserDataService.php 
2015-12-26 2:51:14 - DEBUG --> getUserData 
2015-12-26 2:51:14 - DEBUG --> Archivo \components\com_jhotelreservation\classes\services\UserDataService.php 
2015-12-26 2:51:14 - DEBUG --> getUserData 
2015-12-26 2:51:14 - DEBUG --> Archivo \components\com_jhotelreservation\classes\services\UserDataService.php 
2015-12-26 2:51:14 - DEBUG --> getUserData 
2015-12-26 2:51:14 - DEBUG --> Archivo \components\com_jhotelreservationiews\hotel	mpl\hoteloverview.php 
2015-12-26 2:51:14 - DEBUG --> Accedió 
2015-12-26 2:51:16 - DEBUG --> Archivo \components\com_jhotelreservation\classes\services\UserDataService.php 
2015-12-26 2:51:16 - DEBUG --> initializeUserData 
2015-12-26 2:51:16 - DEBUG --> UserData first: N; 
2015-12-26 2:51:16 - DEBUG --> Archivo \components\com_jhotelreservation\classes\services\UserDataService.php 
2015-12-26 2:51:16 - DEBUG --> createUserData 
2015-12-26 2:51:16 - DEBUG --> UserData end:  a:0:{} 
2015-12-26 2:51:16 - DEBUG --> Archivo \components\com_jhotelreservation\classes\services\UserDataService.php 
2015-12-26 2:51:16 - DEBUG --> initializeUserData 
2015-12-26 2:51:16 - DEBUG --> UserData first: a:0:{} 
2015-12-26 2:51:16 - DEBUG --> UserData end:  a:0:{} 
2015-12-26 2:51:16 - DEBUG --> Archivo \components\com_jhotelreservation\classes\services\UserDataService.php 
2015-12-26 2:51:16 - DEBUG --> initializeReservationData 
2015-12-26 2:51:16 - DEBUG --> UserData: a:0:{} 
2015-12-26 2:51:16 - DEBUG --> Archivo \components\com_jhotelreservation\classes\services\UserDataService.php 
2015-12-26 2:51:16 - DEBUG --> updateUserData 
2015-12-26 2:51:16 - DEBUG --> Archivo \components\com_jhotelreservation\classes\services\UserDataService.php 
2015-12-26 2:51:16 - DEBUG --> getUserData 
2015-12-26 2:51:16 - DEBUG --> Archivo \components\com_jhotelreservation\classes\services\UserDataService.php 
2015-12-26 2:51:16 - DEBUG --> setCurrency 
2015-12-26 2:51:16 - DEBUG --> Archivo \components\com_jhotelreservation\classes\services\UserDataService.php 
2015-12-26 2:51:16 - DEBUG --> getUserData 
2015-12-26 2:51:16 - DEBUG --> Archivo \components\com_jhotelreservation\classes\services\UserDataService.php 
2015-12-26 2:51:16 - DEBUG --> getUserData 
2015-12-26 2:51:16 - DEBUG --> Archivo \components\com_jhotelreservation\classes\services\UserDataService.php 
2015-12-26 2:51:16 - DEBUG --> getUserData 
2015-12-26 2:51:16 - DEBUG --> Archivo \components\com_jhotelreservationiews\hotel	mpl\hoteloverview.php 
2015-12-26 2:51:16 - DEBUG --> Accedió 
2015-12-26 2:51:19 - DEBUG --> Archivo \components\com_jhotelreservation\classes\services\UserDataService.php 
2015-12-26 2:51:19 - DEBUG --> initializeUserData 
2015-12-26 2:51:19 - DEBUG --> UserData first: N; 
2015-12-26 2:51:19 - DEBUG --> Archivo \components\com_jhotelreservation\classes\services\UserDataService.php 
2015-12-26 2:51:19 - DEBUG --> createUserData 
2015-12-26 2:51:19 - DEBUG --> UserData end:  a:0:{} 
2015-12-26 2:51:19 - DEBUG --> Archivo \components\com_jhotelreservation\classes\services\UserDataService.php 
2015-12-26 2:51:19 - DEBUG --> initializeUserData 
2015-12-26 2:51:19 - DEBUG --> UserData first: a:0:{} 
2015-12-26 2:51:19 - DEBUG --> UserData end:  a:0:{} 
2015-12-26 2:51:19 - DEBUG --> Archivo \components\com_jhotelreservation\classes\services\UserDataService.php 
2015-12-26 2:51:19 - DEBUG --> initializeReservationData 
2015-12-26 2:51:19 - DEBUG --> UserData: a:0:{} 
2015-12-26 2:51:19 - DEBUG --> Archivo \components\com_jhotelreservation\classes\services\UserDataService.php 
2015-12-26 2:51:19 - DEBUG --> updateUserData 
2015-12-26 2:51:19 - DEBUG --> Archivo \components\com_jhotelreservation\classes\services\UserDataService.php 
2015-12-26 2:51:19 - DEBUG --> getUserData 
2015-12-26 2:51:19 - DEBUG --> Archivo \components\com_jhotelreservation\classes\services\UserDataService.php 
2015-12-26 2:51:19 - DEBUG --> setCurrency 
2015-12-26 2:51:19 - DEBUG --> Archivo \components\com_jhotelreservation\classes\services\UserDataService.php 
2015-12-26 2:51:19 - DEBUG --> getUserData 
2015-12-26 2:51:19 - DEBUG --> Archivo \components\com_jhotelreservation\classes\services\UserDataService.php 
2015-12-26 2:51:19 - DEBUG --> getUserData 
2015-12-26 2:51:19 - DEBUG --> Archivo \components\com_jhotelreservation\classes\services\UserDataService.php 
2015-12-26 2:51:19 - DEBUG --> getUserData 
2015-12-26 2:51:19 - DEBUG --> Archivo \components\com_jhotelreservationiews\hotel	mpl\hoteloverview.php 
2015-12-26 2:51:19 - DEBUG --> Accedió 
2015-12-26 2:51:21 - DEBUG --> Archivo \components\com_jhotelreservation\classes\services\UserDataService.php 
2015-12-26 2:51:21 - DEBUG --> initializeUserData 
2015-12-26 2:51:21 - DEBUG --> UserData first: N; 
2015-12-26 2:51:21 - DEBUG --> Archivo \components\com_jhotelreservation\classes\services\UserDataService.php 
2015-12-26 2:51:21 - DEBUG --> createUserData 
2015-12-26 2:51:21 - DEBUG --> UserData end:  a:0:{} 
2015-12-26 2:51:21 - DEBUG --> Archivo \components\com_jhotelreservation\classes\services\UserDataService.php 
2015-12-26 2:51:21 - DEBUG --> initializeUserData 
2015-12-26 2:51:21 - DEBUG --> UserData first: a:0:{} 
2015-12-26 2:51:21 - DEBUG --> UserData end:  a:0:{} 
2015-12-26 2:51:21 - DEBUG --> Archivo \components\com_jhotelreservation\classes\services\UserDataService.php 
2015-12-26 2:51:21 - DEBUG --> initializeReservationData 
2015-12-26 2:51:21 - DEBUG --> UserData: a:0:{} 
2015-12-26 2:51:21 - DEBUG --> Archivo \components\com_jhotelreservation\classes\services\UserDataService.php 
2015-12-26 2:51:21 - DEBUG --> updateUserData 
2015-12-26 2:51:21 - DEBUG --> Archivo \components\com_jhotelreservation\classes\services\UserDataService.php 
2015-12-26 2:51:21 - DEBUG --> getUserData 
2015-12-26 2:51:21 - DEBUG --> Archivo \components\com_jhotelreservation\classes\services\UserDataService.php 
2015-12-26 2:51:21 - DEBUG --> setCurrency 
2015-12-26 2:51:21 - DEBUG --> Archivo \components\com_jhotelreservation\classes\services\UserDataService.php 
2015-12-26 2:51:21 - DEBUG --> getUserData 
2015-12-26 2:51:21 - DEBUG --> Archivo \components\com_jhotelreservation\classes\services\UserDataService.php 
2015-12-26 2:51:21 - DEBUG --> getUserData 
2015-12-26 2:51:21 - DEBUG --> Archivo \components\com_jhotelreservation\classes\services\UserDataService.php 
2015-12-26 2:51:21 - DEBUG --> getUserData 
2015-12-26 2:51:21 - DEBUG --> Archivo \components\com_jhotelreservationiews\hotel	mpl\hoteloverview.php 
2015-12-26 2:51:21 - DEBUG --> Accedió 
2015-12-26 5:17:41 - DEBUG --> Archivo \components\com_jhotelreservation\classes\services\UserDataService.php 
2015-12-26 5:17:41 - DEBUG --> initializeUserData 
2015-12-26 5:17:41 - DEBUG --> UserData first: N; 
2015-12-26 5:17:41 - DEBUG --> Archivo \components\com_jhotelreservation\classes\services\UserDataService.php 
2015-12-26 5:17:41 - DEBUG --> createUserData 
2015-12-26 5:17:41 - DEBUG --> UserData end:  a:0:{} 
2015-12-26 5:17:41 - DEBUG --> Archivo \components\com_jhotelreservation\classes\services\UserDataService.php 
2015-12-26 5:17:41 - DEBUG --> initializeUserData 
2015-12-26 5:17:41 - DEBUG --> UserData first: a:0:{} 
2015-12-26 5:17:41 - DEBUG --> UserData end:  a:0:{} 
2015-12-26 5:17:41 - DEBUG --> Archivo \components\com_jhotelreservation\classes\services\UserDataService.php 
2015-12-26 5:17:41 - DEBUG --> initializeReservationData 
2015-12-26 5:17:41 - DEBUG --> UserData: a:0:{} 
2015-12-26 5:17:41 - DEBUG --> Archivo \components\com_jhotelreservation\classes\services\UserDataService.php 
2015-12-26 5:17:41 - DEBUG --> updateUserData 
2015-12-26 5:17:41 - DEBUG --> Archivo \components\com_jhotelreservation\classes\services\UserDataService.php 
2015-12-26 5:17:41 - DEBUG --> getUserData 
2015-12-26 5:17:41 - DEBUG --> Archivo \components\com_jhotelreservation\classes\services\UserDataService.php 
2015-12-26 5:17:41 - DEBUG --> setCurrency 
2015-12-26 5:17:41 - DEBUG --> Archivo \components\com_jhotelreservation\classes\services\UserDataService.php 
2015-12-26 5:17:41 - DEBUG --> getUserData 
2015-12-26 5:17:41 - DEBUG --> Archivo \components\com_jhotelreservation\classes\services\UserDataService.php 
2015-12-26 5:17:41 - DEBUG --> getUserData 
2015-12-26 5:17:41 - DEBUG --> Archivo \components\com_jhotelreservation\classes\services\UserDataService.php 
2015-12-26 5:17:41 - DEBUG --> getUserData 
2015-12-26 5:17:41 - DEBUG --> Archivo \components\com_jhotelreservationiews\hotel	mpl\hoteloverview.php 
2015-12-26 5:17:41 - DEBUG --> Accedió 
2015-12-26 5:46:49 - DEBUG --> Archivo \components\com_jhotelreservation\classes\services\UserDataService.php 
2015-12-26 5:46:49 - DEBUG --> initializeUserData 
2015-12-26 5:46:49 - DEBUG --> UserData first: a:0:{} 
2015-12-26 5:46:49 - DEBUG --> UserData end:  a:0:{} 
2015-12-26 5:46:49 - DEBUG --> Archivo \components\com_jhotelreservation\classes\services\UserDataService.php 
2015-12-26 5:46:49 - DEBUG --> initializeUserData 
2015-12-26 5:46:49 - DEBUG --> UserData first: a:0:{} 
2015-12-26 5:46:49 - DEBUG --> UserData end:  a:0:{} 
2015-12-26 5:46:49 - DEBUG --> Archivo \components\com_jhotelreservation\classes\services\UserDataService.php 
2015-12-26 5:46:49 - DEBUG --> initializeReservationData 
2015-12-26 5:46:49 - DEBUG --> UserData: a:0:{} 
2015-12-26 5:46:49 - DEBUG --> Archivo \components\com_jhotelreservation\classes\services\UserDataService.php 
2015-12-26 5:46:49 - DEBUG --> updateUserData 
2015-12-26 5:46:49 - DEBUG --> Archivo \components\com_jhotelreservation\classes\services\UserDataService.php 
2015-12-26 5:46:49 - DEBUG --> getUserData 
2015-12-26 5:46:49 - DEBUG --> Archivo \components\com_jhotelreservation\classes\services\UserDataService.php 
2015-12-26 5:46:49 - DEBUG --> setCurrency 
2015-12-26 5:46:49 - DEBUG --> Archivo \components\com_jhotelreservation\classes\services\UserDataService.php 
2015-12-26 5:46:49 - DEBUG --> getUserData 
2015-12-26 5:46:49 - DEBUG --> Archivo \components\com_jhotelreservation\classes\services\UserDataService.php 
2015-12-26 5:46:49 - DEBUG --> getUserData 
2015-12-26 5:46:49 - DEBUG --> Archivo \components\com_jhotelreservation\classes\services\UserDataService.php 
2015-12-26 5:46:49 - DEBUG --> getUserData 
2015-12-26 5:46:49 - DEBUG --> Archivo \components\com_jhotelreservationiews\hotel	mpl\hoteloverview.php 
2015-12-26 5:46:49 - DEBUG --> Accedió 
2015-12-26 5:49:19 - DEBUG --> Archivo \components\com_jhotelreservation\classes\services\UserDataService.php 
2015-12-26 5:49:19 - DEBUG --> initializeUserData 
2015-12-26 5:49:19 - DEBUG --> UserData first: a:0:{} 
2015-12-26 5:49:19 - DEBUG --> UserData end:  a:0:{} 
2015-12-26 5:49:19 - DEBUG --> Archivo \components\com_jhotelreservation\classes\services\UserDataService.php 
2015-12-26 5:49:19 - DEBUG --> initializeUserData 
2015-12-26 5:49:19 - DEBUG --> UserData first: a:0:{} 
2015-12-26 5:49:19 - DEBUG --> UserData end:  a:0:{} 
2015-12-26 5:49:19 - DEBUG --> Archivo \components\com_jhotelreservation\classes\services\UserDataService.php 
2015-12-26 5:49:19 - DEBUG --> initializeReservationData 
2015-12-26 5:49:19 - DEBUG --> UserData: a:0:{} 
2015-12-26 5:49:19 - DEBUG --> Archivo \components\com_jhotelreservation\classes\services\UserDataService.php 
2015-12-26 5:49:19 - DEBUG --> updateUserData 
2015-12-26 5:49:19 - DEBUG --> Archivo \components\com_jhotelreservation\classes\services\UserDataService.php 
2015-12-26 5:49:19 - DEBUG --> getUserData 
2015-12-26 5:49:19 - DEBUG --> Archivo \components\com_jhotelreservation\classes\services\UserDataService.php 
2015-12-26 5:49:19 - DEBUG --> setCurrency 
2015-12-26 5:49:19 - DEBUG --> Archivo \components\com_jhotelreservation\classes\services\UserDataService.php 
2015-12-26 5:49:19 - DEBUG --> getUserData 
2015-12-26 5:49:19 - DEBUG --> Archivo \components\com_jhotelreservation\classes\services\UserDataService.php 
2015-12-26 5:49:19 - DEBUG --> getUserData 
2015-12-26 5:49:19 - DEBUG --> Archivo \components\com_jhotelreservation\classes\services\UserDataService.php 
2015-12-26 5:49:19 - DEBUG --> getUserData 
2015-12-26 5:49:19 - DEBUG --> Archivo \components\com_jhotelreservationiews\hotel	mpl\hoteloverview.php 
2015-12-26 5:49:19 - DEBUG --> Accedió 
2015-12-26 9:28:57 - DEBUG --> Archivo \components\com_jhotelreservation\classes\services\UserDataService.php 
2015-12-26 9:28:57 - DEBUG --> initializeUserData 
2015-12-26 9:28:57 - DEBUG --> UserData first: N; 
2015-12-26 9:28:57 - DEBUG --> Archivo \components\com_jhotelreservation\classes\services\UserDataService.php 
2015-12-26 9:28:57 - DEBUG --> createUserData 
2015-12-26 9:28:57 - DEBUG --> UserData end:  a:0:{} 
2015-12-26 13:58:16 - DEBUG --> Archivo \components\com_jhotelreservation\classes\services\UserDataService.php 
2015-12-26 13:58:16 - DEBUG --> initializeUserData 
2015-12-26 13:58:16 - DEBUG --> UserData first: a:0:{} 
2015-12-26 13:58:16 - DEBUG --> Archivo \components\com_jhotelreservation\classes\services\UserDataService.php 
2015-12-26 13:58:16 - DEBUG --> createUserData 
2015-12-26 13:58:16 - DEBUG --> voucher:  
2015-12-26 13:58:16 - DEBUG --> UserData end:  a:0:{} 
2015-12-26 13:58:16 - DEBUG --> Archivo \components\com_jhotelreservation\classes\services\UserDataService.php 
2015-12-26 13:58:16 - DEBUG --> initializeUserData 
2015-12-26 13:58:16 - DEBUG --> UserData first: a:0:{} 
2015-12-26 13:58:16 - DEBUG --> Archivo \components\com_jhotelreservation\classes\services\UserDataService.php 
2015-12-26 13:58:16 - DEBUG --> createUserData 
2015-12-26 13:58:16 - DEBUG --> voucher:  
2015-12-26 13:58:16 - DEBUG --> UserData end:  a:0:{} 
2015-12-26 13:58:19 - DEBUG --> Archivo \components\com_jhotelreservation\classes\services\UserDataService.php 
2015-12-26 13:58:19 - DEBUG --> initializeUserData 
2015-12-26 13:58:19 - DEBUG --> UserData first: a:0:{} 
2015-12-26 13:58:19 - DEBUG --> UserData end:  a:0:{} 
2015-12-26 13:58:19 - DEBUG --> Archivo \components\com_jhotelreservation\classes\services\UserDataService.php 
2015-12-26 13:58:19 - DEBUG --> initializeUserData 
2015-12-26 13:58:19 - DEBUG --> UserData first: a:0:{} 
2015-12-26 13:58:19 - DEBUG --> UserData end:  a:0:{} 
2015-12-26 18:42:00 - DEBUG --> Archivo \components\com_jhotelreservation\classes\services\UserDataService.php 
2015-12-26 18:42:00 - DEBUG --> initializeUserData 
2015-12-26 18:42:00 - DEBUG --> UserData first: N; 
2015-12-26 18:42:00 - DEBUG --> Archivo \components\com_jhotelreservation\classes\services\UserDataService.php 
2015-12-26 18:42:00 - DEBUG --> createUserData 
2015-12-26 18:42:00 - DEBUG --> UserData end:  a:0:{} 
2015-12-26 18:42:00 - DEBUG --> Archivo \components\com_jhotelreservation\classes\services\UserDataService.php 
2015-12-26 18:42:00 - DEBUG --> initializeUserData 
2015-12-26 18:42:00 - DEBUG --> UserData first: a:0:{} 
2015-12-26 18:42:00 - DEBUG --> UserData end:  a:0:{} 
2015-12-26 18:42:00 - DEBUG --> Archivo \components\com_jhotelreservation\classes\services\UserDataService.php 
2015-12-26 18:42:00 - DEBUG --> initializeReservationData 
2015-12-26 18:42:00 - DEBUG --> UserData: a:0:{} 
2015-12-26 18:42:00 - DEBUG --> Archivo \components\com_jhotelreservation\classes\services\UserDataService.php 
2015-12-26 18:42:00 - DEBUG --> updateUserData 
2015-12-26 18:42:00 - DEBUG --> Archivo \components\com_jhotelreservation\classes\services\UserDataService.php 
2015-12-26 18:42:00 - DEBUG --> getUserData 
2015-12-26 18:42:00 - DEBUG --> Archivo \components\com_jhotelreservation\classes\services\UserDataService.php 
2015-12-26 18:42:00 - DEBUG --> setCurrency 
2015-12-26 18:42:00 - DEBUG --> Archivo \components\com_jhotelreservation\classes\services\UserDataService.php 
2015-12-26 18:42:00 - DEBUG --> getUserData 
2015-12-26 18:42:00 - DEBUG --> Archivo \components\com_jhotelreservation\classes\services\UserDataService.php 
2015-12-26 18:42:00 - DEBUG --> getUserData 
2015-12-26 18:42:00 - DEBUG --> Archivo \components\com_jhotelreservation\classes\services\UserDataService.php 
2015-12-26 18:42:00 - DEBUG --> getUserData 
2015-12-26 18:42:00 - DEBUG --> Archivo \components\com_jhotelreservationiews\hotel	mpl\hoteloverview.php 
2015-12-26 18:42:00 - DEBUG --> Accedió 
2015-12-26 18:42:38 - DEBUG --> Archivo \components\com_jhotelreservation\classes\services\UserDataService.php 
2015-12-26 18:42:38 - DEBUG --> initializeUserData 
2015-12-26 18:42:38 - DEBUG --> UserData first: N; 
2015-12-26 18:42:38 - DEBUG --> Archivo \components\com_jhotelreservation\classes\services\UserDataService.php 
2015-12-26 18:42:38 - DEBUG --> createUserData 
2015-12-26 18:42:38 - DEBUG --> UserData end:  a:0:{} 
2015-12-26 18:42:38 - DEBUG --> Archivo \components\com_jhotelreservation\classes\services\UserDataService.php 
2015-12-26 18:42:38 - DEBUG --> initializeUserData 
2015-12-26 18:42:38 - DEBUG --> UserData first: a:0:{} 
2015-12-26 18:42:38 - DEBUG --> UserData end:  a:0:{} 
2015-12-26 18:42:38 - DEBUG --> Archivo \components\com_jhotelreservation\classes\services\UserDataService.php 
2015-12-26 18:42:38 - DEBUG --> initializeReservationData 
2015-12-26 18:42:38 - DEBUG --> UserData: a:0:{} 
2015-12-26 18:42:38 - DEBUG --> Archivo \components\com_jhotelreservation\classes\services\UserDataService.php 
2015-12-26 18:42:38 - DEBUG --> updateUserData 
2015-12-26 18:42:38 - DEBUG --> Archivo \components\com_jhotelreservation\classes\services\UserDataService.php 
2015-12-26 18:42:38 - DEBUG --> getUserData 
2015-12-26 18:42:38 - DEBUG --> Archivo \components\com_jhotelreservation\classes\services\UserDataService.php 
2015-12-26 18:42:38 - DEBUG --> setCurrency 
2015-12-26 18:42:38 - DEBUG --> Archivo \components\com_jhotelreservation\classes\services\UserDataService.php 
2015-12-26 18:42:38 - DEBUG --> getUserData 
2015-12-26 18:42:38 - DEBUG --> Archivo \components\com_jhotelreservation\classes\services\UserDataService.php 
2015-12-26 18:42:38 - DEBUG --> getUserData 
2015-12-26 18:42:38 - DEBUG --> Archivo \components\com_jhotelreservation\classes\services\UserDataService.php 
2015-12-26 18:42:38 - DEBUG --> getUserData 
2015-12-26 18:42:38 - DEBUG --> Archivo \components\com_jhotelreservationiews\hotel	mpl\hoteloverview.php 
2015-12-26 18:42:38 - DEBUG --> Accedió 
2015-12-26 18:55:14 - DEBUG --> Archivo \components\com_jhotelreservation\classes\services\UserDataService.php 
2015-12-26 18:55:14 - DEBUG --> initializeUserData 
2015-12-26 18:55:14 - DEBUG --> UserData first: N; 
2015-12-26 18:55:14 - DEBUG --> Archivo \components\com_jhotelreservation\classes\services\UserDataService.php 
2015-12-26 18:55:14 - DEBUG --> createUserData 
2015-12-26 18:55:14 - DEBUG --> UserData end:  a:0:{} 
2015-12-26 18:55:14 - DEBUG --> Archivo \components\com_jhotelreservation\classes\services\UserDataService.php 
2015-12-26 18:55:14 - DEBUG --> initializeUserData 
2015-12-26 18:55:14 - DEBUG --> UserData first: a:0:{} 
2015-12-26 18:55:14 - DEBUG --> UserData end:  a:0:{} 
2015-12-26 18:55:14 - DEBUG --> Archivo \components\com_jhotelreservation\classes\services\UserDataService.php 
2015-12-26 18:55:14 - DEBUG --> initializeReservationData 
2015-12-26 18:55:14 - DEBUG --> UserData: a:0:{} 
2015-12-26 18:55:14 - DEBUG --> Archivo \components\com_jhotelreservation\classes\services\UserDataService.php 
2015-12-26 18:55:14 - DEBUG --> updateUserData 
2015-12-26 18:55:14 - DEBUG --> Archivo \components\com_jhotelreservation\classes\services\UserDataService.php 
2015-12-26 18:55:14 - DEBUG --> getUserData 
2015-12-26 18:55:14 - DEBUG --> Archivo \components\com_jhotelreservation\classes\services\UserDataService.php 
2015-12-26 18:55:14 - DEBUG --> setCurrency 
2015-12-26 18:55:14 - DEBUG --> Archivo \components\com_jhotelreservation\classes\services\UserDataService.php 
2015-12-26 18:55:14 - DEBUG --> getUserData 
2015-12-26 18:55:14 - DEBUG --> Archivo \components\com_jhotelreservation\classes\services\UserDataService.php 
2015-12-26 18:55:14 - DEBUG --> getUserData 
2015-12-26 18:55:14 - DEBUG --> Archivo \components\com_jhotelreservation\classes\services\UserDataService.php 
2015-12-26 18:55:14 - DEBUG --> getUserData 
2015-12-26 18:55:14 - DEBUG --> Archivo \components\com_jhotelreservationiews\hotel	mpl\hoteloverview.php 
2015-12-26 18:55:14 - DEBUG --> Accedió 
2015-12-26 22:18:23 - DEBUG --> Archivo \components\com_jhotelreservation\classes\services\UserDataService.php 
2015-12-26 22:18:23 - DEBUG --> initializeUserData 
2015-12-26 22:18:23 - DEBUG --> UserData first: N; 
2015-12-26 22:18:23 - DEBUG --> Archivo \components\com_jhotelreservation\classes\services\UserDataService.php 
2015-12-26 22:18:23 - DEBUG --> createUserData 
2015-12-26 22:18:23 - DEBUG --> UserData end:  a:0:{} 
2015-12-26 22:18:23 - DEBUG --> Archivo \components\com_jhotelreservation\classes\services\UserDataService.php 
2015-12-26 22:18:23 - DEBUG --> initializeUserData 
2015-12-26 22:18:23 - DEBUG --> UserData first: a:0:{} 
2015-12-26 22:18:23 - DEBUG --> UserData end:  a:0:{} 
2015-12-26 22:18:23 - DEBUG --> Archivo \components\com_jhotelreservation\classes\services\UserDataService.php 
2015-12-26 22:18:23 - DEBUG --> initializeReservationData 
2015-12-26 22:18:23 - DEBUG --> UserData: a:0:{} 
2015-12-26 22:18:23 - DEBUG --> Archivo \components\com_jhotelreservation\classes\services\UserDataService.php 
2015-12-26 22:18:23 - DEBUG --> updateUserData 
2015-12-26 22:18:23 - DEBUG --> Archivo \components\com_jhotelreservation\classes\services\UserDataService.php 
2015-12-26 22:18:23 - DEBUG --> getUserData 
2015-12-26 22:18:23 - DEBUG --> Archivo \components\com_jhotelreservation\classes\services\UserDataService.php 
2015-12-26 22:18:23 - DEBUG --> setCurrency 
2015-12-26 22:18:23 - DEBUG --> Archivo \components\com_jhotelreservation\classes\services\UserDataService.php 
2015-12-26 22:18:23 - DEBUG --> getUserData 
2015-12-26 22:18:23 - DEBUG --> Archivo \components\com_jhotelreservation\classes\services\UserDataService.php 
2015-12-26 22:18:23 - DEBUG --> getUserData 
2015-12-26 22:18:23 - DEBUG --> Archivo \components\com_jhotelreservation\classes\services\UserDataService.php 
2015-12-26 22:18:23 - DEBUG --> getUserData 
2015-12-26 22:18:23 - DEBUG --> Archivo \components\com_jhotelreservationiews\hotel	mpl\hoteloverview.php 
2015-12-26 22:18:23 - DEBUG --> Accedió 
