2016-07-22 0:11:54 - DEBUG --> Archivo \components\com_jhotelreservation\classes\services\UserDataService.php 
2016-07-22 0:11:54 - DEBUG --> initializeUserData 
2016-07-22 0:11:54 - DEBUG --> UserData first: a:0:{} 
2016-07-22 0:11:54 - DEBUG --> Archivo \components\com_jhotelreservation\classes\services\UserDataService.php 
2016-07-22 0:11:54 - DEBUG --> createUserData 
2016-07-22 0:11:54 - DEBUG --> voucher:  
2016-07-22 0:11:54 - DEBUG --> UserData end:  a:0:{} 
2016-07-22 0:11:54 - DEBUG --> Archivo \components\com_jhotelreservation\classes\services\UserDataService.php 
2016-07-22 0:11:54 - DEBUG --> initializeUserData 
2016-07-22 0:11:54 - DEBUG --> UserData first: a:0:{} 
2016-07-22 0:11:54 - DEBUG --> Archivo \components\com_jhotelreservation\classes\services\UserDataService.php 
2016-07-22 0:11:54 - DEBUG --> createUserData 
2016-07-22 0:11:54 - DEBUG --> voucher:  
2016-07-22 0:11:54 - DEBUG --> UserData end:  a:0:{} 
2016-07-22 0:12:14 - DEBUG --> Archivo \components\com_jhotelreservation\classes\services\UserDataService.php 
2016-07-22 0:12:14 - DEBUG --> initializeUserData 
2016-07-22 0:12:14 - DEBUG --> UserData first: a:0:{} 
2016-07-22 0:12:14 - DEBUG --> UserData end:  a:0:{} 
2016-07-22 0:12:14 - DEBUG --> Archivo \components\com_jhotelreservation\classes\services\UserDataService.php 
2016-07-22 0:12:14 - DEBUG --> initializeUserData 
2016-07-22 0:12:14 - DEBUG --> UserData first: a:0:{} 
2016-07-22 0:12:14 - DEBUG --> UserData end:  a:0:{} 
2016-07-22 0:14:53 - DEBUG --> Archivo \components\com_jhotelreservation\classes\services\UserDataService.php 
2016-07-22 0:14:53 - DEBUG --> initializeUserData 
2016-07-22 0:14:53 - DEBUG --> UserData first: N; 
2016-07-22 0:14:53 - DEBUG --> Archivo \components\com_jhotelreservation\classes\services\UserDataService.php 
2016-07-22 0:14:53 - DEBUG --> createUserData 
2016-07-22 0:14:53 - DEBUG --> UserData end:  a:0:{} 
2016-07-22 0:14:53 - DEBUG --> Archivo \components\com_jhotelreservation\classes\services\UserDataService.php 
2016-07-22 0:14:53 - DEBUG --> initializeUserData 
2016-07-22 0:14:53 - DEBUG --> UserData first: a:0:{} 
2016-07-22 0:14:53 - DEBUG --> UserData end:  a:0:{} 
2016-07-22 0:14:53 - DEBUG --> Archivo \components\com_jhotelreservation\classes\services\UserDataService.php 
2016-07-22 0:14:53 - DEBUG --> initializeReservationData 
2016-07-22 0:14:53 - DEBUG --> UserData: a:0:{} 
2016-07-22 0:14:53 - DEBUG --> Archivo \components\com_jhotelreservation\classes\services\UserDataService.php 
2016-07-22 0:14:53 - DEBUG --> updateUserData 
2016-07-22 0:14:53 - DEBUG --> Archivo \components\com_jhotelreservation\classes\services\UserDataService.php 
2016-07-22 0:14:53 - DEBUG --> getUserData 
2016-07-22 0:14:53 - DEBUG --> Archivo \components\com_jhotelreservation\classes\services\UserDataService.php 
2016-07-22 0:14:53 - DEBUG --> setCurrency 
2016-07-22 0:14:53 - DEBUG --> Archivo \components\com_jhotelreservation\classes\services\UserDataService.php 
2016-07-22 0:14:53 - DEBUG --> getUserData 
2016-07-22 0:14:53 - DEBUG --> Archivo \components\com_jhotelreservation\classes\services\UserDataService.php 
2016-07-22 0:14:53 - DEBUG --> getUserData 
2016-07-22 0:14:53 - DEBUG --> Archivo \components\com_jhotelreservation\classes\services\UserDataService.php 
2016-07-22 0:14:53 - DEBUG --> getUserData 
2016-07-22 0:18:43 - DEBUG --> Archivo \components\com_jhotelreservation\classes\services\UserDataService.php 
2016-07-22 0:18:43 - DEBUG --> initializeUserData 
2016-07-22 0:18:43 - DEBUG --> UserData first: a:0:{} 
2016-07-22 0:18:43 - DEBUG --> Archivo \components\com_jhotelreservation\classes\services\UserDataService.php 
2016-07-22 0:18:43 - DEBUG --> createUserData 
2016-07-22 0:18:43 - DEBUG --> voucher:  
2016-07-22 0:18:43 - DEBUG --> UserData end:  a:0:{} 
2016-07-22 0:18:43 - DEBUG --> Archivo \components\com_jhotelreservation\classes\services\UserDataService.php 
2016-07-22 0:18:43 - DEBUG --> initializeUserData 
2016-07-22 0:18:43 - DEBUG --> UserData first: a:0:{} 
2016-07-22 0:18:43 - DEBUG --> Archivo \components\com_jhotelreservation\classes\services\UserDataService.php 
2016-07-22 0:18:43 - DEBUG --> createUserData 
2016-07-22 0:18:43 - DEBUG --> voucher:  
2016-07-22 0:18:43 - DEBUG --> UserData end:  a:0:{} 
2016-07-22 0:18:54 - DEBUG --> Archivo \components\com_jhotelreservation\classes\services\UserDataService.php 
2016-07-22 0:18:54 - DEBUG --> initializeUserData 
2016-07-22 0:18:54 - DEBUG --> UserData first: a:0:{} 
2016-07-22 0:18:54 - DEBUG --> UserData end:  a:0:{} 
2016-07-22 0:18:54 - DEBUG --> Archivo \components\com_jhotelreservation\classes\services\UserDataService.php 
2016-07-22 0:18:54 - DEBUG --> initializeUserData 
2016-07-22 0:18:54 - DEBUG --> UserData first: a:0:{} 
2016-07-22 0:18:54 - DEBUG --> UserData end:  a:0:{} 
2016-07-22 0:18:59 - DEBUG --> Archivo \components\com_jhotelreservation\classes\services\UserDataService.php 
2016-07-22 0:18:59 - DEBUG --> initializeUserData 
2016-07-22 0:18:59 - DEBUG --> UserData first: a:0:{} 
2016-07-22 0:18:59 - DEBUG --> UserData end:  a:0:{} 
2016-07-22 0:18:59 - DEBUG --> Archivo \components\com_jhotelreservation\classes\services\UserDataService.php 
2016-07-22 0:18:59 - DEBUG --> initializeUserData 
2016-07-22 0:18:59 - DEBUG --> UserData first: a:0:{} 
2016-07-22 0:18:59 - DEBUG --> UserData end:  a:0:{} 
2016-07-22 1:38:32 - DEBUG --> Archivo \components\com_jhotelreservation\classes\services\UserDataService.php 
2016-07-22 1:38:32 - DEBUG --> initializeUserData 
2016-07-22 1:38:32 - DEBUG --> UserData first: N; 
2016-07-22 1:38:32 - DEBUG --> Archivo \components\com_jhotelreservation\classes\services\UserDataService.php 
2016-07-22 1:38:32 - DEBUG --> createUserData 
2016-07-22 1:38:32 - DEBUG --> UserData end:  a:0:{} 
2016-07-22 1:38:32 - DEBUG --> Archivo \components\com_jhotelreservation\classes\services\UserDataService.php 
2016-07-22 1:38:32 - DEBUG --> initializeUserData 
2016-07-22 1:38:32 - DEBUG --> UserData first: a:0:{} 
2016-07-22 1:38:32 - DEBUG --> UserData end:  a:0:{} 
2016-07-22 1:38:32 - DEBUG --> Archivo \components\com_jhotelreservation\classes\services\UserDataService.php 
2016-07-22 1:38:32 - DEBUG --> initializeReservationData 
2016-07-22 1:38:32 - DEBUG --> UserData: a:0:{} 
2016-07-22 1:38:32 - DEBUG --> Archivo \components\com_jhotelreservation\classes\services\UserDataService.php 
2016-07-22 1:38:32 - DEBUG --> updateUserData 
2016-07-22 1:38:32 - DEBUG --> Archivo \components\com_jhotelreservation\classes\services\UserDataService.php 
2016-07-22 1:38:32 - DEBUG --> getUserData 
2016-07-22 1:38:32 - DEBUG --> Archivo \components\com_jhotelreservation\classes\services\UserDataService.php 
2016-07-22 1:38:32 - DEBUG --> setCurrency 
2016-07-22 1:38:32 - DEBUG --> Archivo \components\com_jhotelreservation\classes\services\UserDataService.php 
2016-07-22 1:38:32 - DEBUG --> getUserData 
2016-07-22 1:38:32 - DEBUG --> Archivo \components\com_jhotelreservation\classes\services\UserDataService.php 
2016-07-22 1:38:32 - DEBUG --> getUserData 
2016-07-22 1:38:32 - DEBUG --> Archivo \components\com_jhotelreservation\classes\services\UserDataService.php 
2016-07-22 1:38:32 - DEBUG --> getUserData 
2016-07-22 1:38:32 - DEBUG --> Archivo \components\com_jhotelreservationiews\hotel	mpl\hoteloverview.php 
2016-07-22 1:38:32 - DEBUG --> Accedió 
2016-07-22 3:35:07 - DEBUG --> Archivo \components\com_jhotelreservation\classes\services\UserDataService.php 
2016-07-22 3:35:07 - DEBUG --> initializeUserData 
2016-07-22 3:35:07 - DEBUG --> UserData first: N; 
2016-07-22 3:35:07 - DEBUG --> Archivo \components\com_jhotelreservation\classes\services\UserDataService.php 
2016-07-22 3:35:07 - DEBUG --> createUserData 
2016-07-22 3:35:07 - DEBUG --> UserData end:  a:0:{} 
2016-07-22 4:08:56 - DEBUG --> Archivo \components\com_jhotelreservation\classes\services\UserDataService.php 
2016-07-22 4:08:56 - DEBUG --> initializeUserData 
2016-07-22 4:08:56 - DEBUG --> UserData first: N; 
2016-07-22 4:08:56 - DEBUG --> Archivo \components\com_jhotelreservation\classes\services\UserDataService.php 
2016-07-22 4:08:56 - DEBUG --> createUserData 
2016-07-22 4:08:56 - DEBUG --> UserData end:  a:0:{} 
2016-07-22 4:08:56 - DEBUG --> Archivo \components\com_jhotelreservation\classes\services\UserDataService.php 
2016-07-22 4:08:56 - DEBUG --> initializeUserData 
2016-07-22 4:08:56 - DEBUG --> UserData first: a:0:{} 
2016-07-22 4:08:56 - DEBUG --> UserData end:  a:0:{} 
2016-07-22 4:08:56 - DEBUG --> Archivo \components\com_jhotelreservation\classes\services\UserDataService.php 
2016-07-22 4:08:56 - DEBUG --> initializeReservationData 
2016-07-22 4:08:56 - DEBUG --> UserData: a:0:{} 
2016-07-22 4:08:56 - DEBUG --> Archivo \components\com_jhotelreservation\classes\services\UserDataService.php 
2016-07-22 4:08:56 - DEBUG --> updateUserData 
2016-07-22 4:08:56 - DEBUG --> Archivo \components\com_jhotelreservation\classes\services\UserDataService.php 
2016-07-22 4:08:56 - DEBUG --> getUserData 
2016-07-22 4:08:56 - DEBUG --> Archivo \components\com_jhotelreservation\classes\services\UserDataService.php 
2016-07-22 4:08:56 - DEBUG --> setCurrency 
2016-07-22 4:08:56 - DEBUG --> Archivo \components\com_jhotelreservation\classes\services\UserDataService.php 
2016-07-22 4:08:56 - DEBUG --> getUserData 
2016-07-22 4:08:56 - DEBUG --> Archivo \components\com_jhotelreservation\classes\services\UserDataService.php 
2016-07-22 4:08:56 - DEBUG --> getUserData 
2016-07-22 4:08:56 - DEBUG --> Archivo \components\com_jhotelreservation\classes\services\UserDataService.php 
2016-07-22 4:08:56 - DEBUG --> getUserData 
2016-07-22 4:08:56 - DEBUG --> Archivo \components\com_jhotelreservationiews\hotel	mpl\hoteloverview.php 
2016-07-22 4:08:56 - DEBUG --> Accedió 
2016-07-22 6:11:47 - DEBUG --> Archivo \components\com_jhotelreservation\classes\services\UserDataService.php 
2016-07-22 6:11:47 - DEBUG --> initializeUserData 
2016-07-22 6:11:47 - DEBUG --> UserData first: N; 
2016-07-22 6:11:47 - DEBUG --> Archivo \components\com_jhotelreservation\classes\services\UserDataService.php 
2016-07-22 6:11:47 - DEBUG --> createUserData 
2016-07-22 6:11:47 - DEBUG --> UserData end:  a:0:{} 
2016-07-22 6:11:47 - DEBUG --> Archivo \components\com_jhotelreservation\classes\services\UserDataService.php 
2016-07-22 6:11:47 - DEBUG --> initializeUserData 
2016-07-22 6:11:47 - DEBUG --> UserData first: a:0:{} 
2016-07-22 6:11:47 - DEBUG --> UserData end:  a:0:{} 
2016-07-22 6:11:47 - DEBUG --> Archivo \components\com_jhotelreservation\classes\services\UserDataService.php 
2016-07-22 6:11:47 - DEBUG --> initializeReservationData 
2016-07-22 6:11:47 - DEBUG --> UserData: a:0:{} 
2016-07-22 6:11:47 - DEBUG --> Archivo \components\com_jhotelreservation\classes\services\UserDataService.php 
2016-07-22 6:11:47 - DEBUG --> updateUserData 
2016-07-22 6:11:47 - DEBUG --> Archivo \components\com_jhotelreservation\classes\services\UserDataService.php 
2016-07-22 6:11:47 - DEBUG --> getUserData 
2016-07-22 6:11:47 - DEBUG --> Archivo \components\com_jhotelreservation\classes\services\UserDataService.php 
2016-07-22 6:11:47 - DEBUG --> setCurrency 
2016-07-22 6:11:47 - DEBUG --> Archivo \components\com_jhotelreservation\classes\services\UserDataService.php 
2016-07-22 6:11:47 - DEBUG --> getUserData 
2016-07-22 6:11:47 - DEBUG --> Archivo \components\com_jhotelreservation\classes\services\UserDataService.php 
2016-07-22 6:11:47 - DEBUG --> getUserData 
2016-07-22 6:11:47 - DEBUG --> Archivo \components\com_jhotelreservation\classes\services\UserDataService.php 
2016-07-22 6:11:47 - DEBUG --> getUserData 
2016-07-22 6:11:47 - DEBUG --> Archivo \components\com_jhotelreservationiews\hotel	mpl\hoteloverview.php 
2016-07-22 6:11:47 - DEBUG --> Accedió 
2016-07-22 6:49:47 - DEBUG --> Archivo \components\com_jhotelreservation\classes\services\UserDataService.php 
2016-07-22 6:49:47 - DEBUG --> initializeUserData 
2016-07-22 6:49:47 - DEBUG --> UserData first: N; 
2016-07-22 6:49:47 - DEBUG --> Archivo \components\com_jhotelreservation\classes\services\UserDataService.php 
2016-07-22 6:49:47 - DEBUG --> createUserData 
2016-07-22 6:49:47 - DEBUG --> UserData end:  a:0:{} 
2016-07-22 6:49:47 - DEBUG --> Archivo \components\com_jhotelreservation\classes\services\UserDataService.php 
2016-07-22 6:49:47 - DEBUG --> initializeUserData 
2016-07-22 6:49:47 - DEBUG --> UserData first: a:0:{} 
2016-07-22 6:49:47 - DEBUG --> UserData end:  a:0:{} 
2016-07-22 6:49:47 - DEBUG --> Archivo \components\com_jhotelreservation\classes\services\UserDataService.php 
2016-07-22 6:49:47 - DEBUG --> initializeReservationData 
2016-07-22 6:49:47 - DEBUG --> UserData: a:0:{} 
2016-07-22 6:49:47 - DEBUG --> Archivo \components\com_jhotelreservation\classes\services\UserDataService.php 
2016-07-22 6:49:47 - DEBUG --> updateUserData 
2016-07-22 6:49:47 - DEBUG --> Archivo \components\com_jhotelreservation\classes\services\UserDataService.php 
2016-07-22 6:49:47 - DEBUG --> getUserData 
2016-07-22 6:49:47 - DEBUG --> Archivo \components\com_jhotelreservation\classes\services\UserDataService.php 
2016-07-22 6:49:47 - DEBUG --> setCurrency 
2016-07-22 6:49:47 - DEBUG --> Archivo \components\com_jhotelreservation\classes\services\UserDataService.php 
2016-07-22 6:49:47 - DEBUG --> getUserData 
2016-07-22 6:49:47 - DEBUG --> Archivo \components\com_jhotelreservation\classes\services\UserDataService.php 
2016-07-22 6:49:47 - DEBUG --> getUserData 
2016-07-22 6:49:47 - DEBUG --> Archivo \components\com_jhotelreservation\classes\services\UserDataService.php 
2016-07-22 6:49:47 - DEBUG --> getUserData 
2016-07-22 6:49:47 - DEBUG --> Archivo \components\com_jhotelreservationiews\hotel	mpl\hoteloverview.php 
2016-07-22 6:49:47 - DEBUG --> Accedió 
2016-07-22 9:00:39 - DEBUG --> Archivo \components\com_jhotelreservation\classes\services\UserDataService.php 
2016-07-22 9:00:39 - DEBUG --> initializeUserData 
2016-07-22 9:00:39 - DEBUG --> UserData first: N; 
2016-07-22 9:00:39 - DEBUG --> Archivo \components\com_jhotelreservation\classes\services\UserDataService.php 
2016-07-22 9:00:39 - DEBUG --> createUserData 
2016-07-22 9:00:39 - DEBUG --> UserData end:  a:0:{} 
2016-07-22 9:00:39 - DEBUG --> Archivo \components\com_jhotelreservation\classes\services\UserDataService.php 
2016-07-22 9:00:39 - DEBUG --> initializeUserData 
2016-07-22 9:00:39 - DEBUG --> UserData first: a:0:{} 
2016-07-22 9:00:39 - DEBUG --> UserData end:  a:0:{} 
2016-07-22 9:00:39 - DEBUG --> Archivo \components\com_jhotelreservation\classes\services\UserDataService.php 
2016-07-22 9:00:39 - DEBUG --> initializeReservationData 
2016-07-22 9:00:39 - DEBUG --> UserData: a:0:{} 
2016-07-22 9:00:39 - DEBUG --> Archivo \components\com_jhotelreservation\classes\services\UserDataService.php 
2016-07-22 9:00:39 - DEBUG --> updateUserData 
2016-07-22 9:00:39 - DEBUG --> Archivo \components\com_jhotelreservation\classes\services\UserDataService.php 
2016-07-22 9:00:39 - DEBUG --> getUserData 
2016-07-22 9:00:39 - DEBUG --> Archivo \components\com_jhotelreservation\classes\services\UserDataService.php 
2016-07-22 9:00:39 - DEBUG --> setCurrency 
2016-07-22 9:00:39 - DEBUG --> Archivo \components\com_jhotelreservation\classes\services\UserDataService.php 
2016-07-22 9:00:39 - DEBUG --> getUserData 
2016-07-22 9:00:39 - DEBUG --> Archivo \components\com_jhotelreservation\classes\services\UserDataService.php 
2016-07-22 9:00:39 - DEBUG --> getUserData 
2016-07-22 9:00:39 - DEBUG --> Archivo \components\com_jhotelreservation\classes\services\UserDataService.php 
2016-07-22 9:00:39 - DEBUG --> getUserData 
2016-07-22 9:00:39 - DEBUG --> Archivo \components\com_jhotelreservationiews\hotel	mpl\hoteloverview.php 
2016-07-22 9:00:39 - DEBUG --> Accedió 
2016-07-22 9:33:08 - DEBUG --> Archivo \components\com_jhotelreservation\classes\services\UserDataService.php 
2016-07-22 9:33:08 - DEBUG --> initializeUserData 
2016-07-22 9:33:08 - DEBUG --> UserData first: N; 
2016-07-22 9:33:08 - DEBUG --> Archivo \components\com_jhotelreservation\classes\services\UserDataService.php 
2016-07-22 9:33:08 - DEBUG --> createUserData 
2016-07-22 9:33:08 - DEBUG --> UserData end:  a:0:{} 
2016-07-22 9:33:08 - DEBUG --> Archivo \components\com_jhotelreservation\classes\services\UserDataService.php 
2016-07-22 9:33:08 - DEBUG --> initializeUserData 
2016-07-22 9:33:08 - DEBUG --> UserData first: a:0:{} 
2016-07-22 9:33:08 - DEBUG --> UserData end:  a:0:{} 
2016-07-22 9:33:08 - DEBUG --> Archivo \components\com_jhotelreservation\classes\services\UserDataService.php 
2016-07-22 9:33:08 - DEBUG --> initializeReservationData 
2016-07-22 9:33:08 - DEBUG --> UserData: a:0:{} 
2016-07-22 9:33:08 - DEBUG --> Archivo \components\com_jhotelreservation\classes\services\UserDataService.php 
2016-07-22 9:33:08 - DEBUG --> updateUserData 
2016-07-22 9:33:08 - DEBUG --> Archivo \components\com_jhotelreservation\classes\services\UserDataService.php 
2016-07-22 9:33:08 - DEBUG --> getUserData 
2016-07-22 9:33:08 - DEBUG --> Archivo \components\com_jhotelreservation\classes\services\UserDataService.php 
2016-07-22 9:33:08 - DEBUG --> setCurrency 
2016-07-22 9:33:08 - DEBUG --> Archivo \components\com_jhotelreservation\classes\services\UserDataService.php 
2016-07-22 9:33:08 - DEBUG --> getUserData 
2016-07-22 9:33:08 - DEBUG --> Archivo \components\com_jhotelreservation\classes\services\UserDataService.php 
2016-07-22 9:33:08 - DEBUG --> getUserData 
2016-07-22 9:33:08 - DEBUG --> Archivo \components\com_jhotelreservation\classes\services\UserDataService.php 
2016-07-22 9:33:08 - DEBUG --> getUserData 
2016-07-22 9:33:08 - DEBUG --> Archivo \components\com_jhotelreservationiews\hotel	mpl\hoteloverview.php 
2016-07-22 9:33:08 - DEBUG --> Accedió 
2016-07-22 9:33:10 - DEBUG --> Archivo \components\com_jhotelreservation\classes\services\UserDataService.php 
2016-07-22 9:33:10 - DEBUG --> initializeUserData 
2016-07-22 9:33:10 - DEBUG --> UserData first: N; 
2016-07-22 9:33:10 - DEBUG --> Archivo \components\com_jhotelreservation\classes\services\UserDataService.php 
2016-07-22 9:33:10 - DEBUG --> createUserData 
2016-07-22 9:33:10 - DEBUG --> UserData end:  a:0:{} 
2016-07-22 9:33:10 - DEBUG --> Archivo \components\com_jhotelreservation\classes\services\UserDataService.php 
2016-07-22 9:33:10 - DEBUG --> initializeUserData 
2016-07-22 9:33:10 - DEBUG --> UserData first: a:0:{} 
2016-07-22 9:33:10 - DEBUG --> UserData end:  a:0:{} 
2016-07-22 9:33:10 - DEBUG --> Archivo \components\com_jhotelreservation\classes\services\UserDataService.php 
2016-07-22 9:33:10 - DEBUG --> initializeReservationData 
2016-07-22 9:33:10 - DEBUG --> UserData: a:0:{} 
2016-07-22 9:33:10 - DEBUG --> Archivo \components\com_jhotelreservation\classes\services\UserDataService.php 
2016-07-22 9:33:10 - DEBUG --> updateUserData 
2016-07-22 9:33:10 - DEBUG --> Archivo \components\com_jhotelreservation\classes\services\UserDataService.php 
2016-07-22 9:33:10 - DEBUG --> getUserData 
2016-07-22 9:33:10 - DEBUG --> Archivo \components\com_jhotelreservation\classes\services\UserDataService.php 
2016-07-22 9:33:10 - DEBUG --> setCurrency 
2016-07-22 9:33:10 - DEBUG --> Archivo \components\com_jhotelreservation\classes\services\UserDataService.php 
2016-07-22 9:33:10 - DEBUG --> getUserData 
2016-07-22 9:33:10 - DEBUG --> Archivo \components\com_jhotelreservation\classes\services\UserDataService.php 
2016-07-22 9:33:10 - DEBUG --> getUserData 
2016-07-22 9:33:10 - DEBUG --> Archivo \components\com_jhotelreservation\classes\services\UserDataService.php 
2016-07-22 9:33:10 - DEBUG --> getUserData 
2016-07-22 9:33:10 - DEBUG --> Archivo \components\com_jhotelreservationiews\hotel	mpl\hoteloverview.php 
2016-07-22 9:33:10 - DEBUG --> Accedió 
2016-07-22 9:33:21 - DEBUG --> Archivo \components\com_jhotelreservation\classes\services\UserDataService.php 
2016-07-22 9:33:21 - DEBUG --> initializeUserData 
2016-07-22 9:33:21 - DEBUG --> UserData first: N; 
2016-07-22 9:33:21 - DEBUG --> Archivo \components\com_jhotelreservation\classes\services\UserDataService.php 
2016-07-22 9:33:21 - DEBUG --> createUserData 
2016-07-22 9:33:21 - DEBUG --> UserData end:  a:0:{} 
2016-07-22 9:33:21 - DEBUG --> Archivo \components\com_jhotelreservation\classes\services\UserDataService.php 
2016-07-22 9:33:21 - DEBUG --> initializeUserData 
2016-07-22 9:33:21 - DEBUG --> UserData first: a:0:{} 
2016-07-22 9:33:21 - DEBUG --> UserData end:  a:0:{} 
2016-07-22 9:33:21 - DEBUG --> Archivo \components\com_jhotelreservation\classes\services\UserDataService.php 
2016-07-22 9:33:21 - DEBUG --> initializeReservationData 
2016-07-22 9:33:21 - DEBUG --> UserData: a:0:{} 
2016-07-22 9:33:21 - DEBUG --> Archivo \components\com_jhotelreservation\classes\services\UserDataService.php 
2016-07-22 9:33:21 - DEBUG --> updateUserData 
2016-07-22 9:33:21 - DEBUG --> Archivo \components\com_jhotelreservation\classes\services\UserDataService.php 
2016-07-22 9:33:21 - DEBUG --> getUserData 
2016-07-22 9:33:21 - DEBUG --> Archivo \components\com_jhotelreservation\classes\services\UserDataService.php 
2016-07-22 9:33:21 - DEBUG --> setCurrency 
2016-07-22 9:33:21 - DEBUG --> Archivo \components\com_jhotelreservation\classes\services\UserDataService.php 
2016-07-22 9:33:21 - DEBUG --> getUserData 
2016-07-22 9:33:21 - DEBUG --> Archivo \components\com_jhotelreservation\classes\services\UserDataService.php 
2016-07-22 9:33:21 - DEBUG --> getUserData 
2016-07-22 9:33:21 - DEBUG --> Archivo \components\com_jhotelreservation\classes\services\UserDataService.php 
2016-07-22 9:33:21 - DEBUG --> getUserData 
2016-07-22 9:33:21 - DEBUG --> Archivo \components\com_jhotelreservationiews\hotel	mpl\hoteloverview.php 
2016-07-22 9:33:21 - DEBUG --> Accedió 
2016-07-22 9:33:28 - DEBUG --> Archivo \components\com_jhotelreservation\classes\services\UserDataService.php 
2016-07-22 9:33:28 - DEBUG --> initializeUserData 
2016-07-22 9:33:28 - DEBUG --> UserData first: N; 
2016-07-22 9:33:28 - DEBUG --> Archivo \components\com_jhotelreservation\classes\services\UserDataService.php 
2016-07-22 9:33:28 - DEBUG --> createUserData 
2016-07-22 9:33:28 - DEBUG --> UserData end:  a:0:{} 
2016-07-22 9:33:28 - DEBUG --> Archivo \components\com_jhotelreservation\classes\services\UserDataService.php 
2016-07-22 9:33:28 - DEBUG --> initializeUserData 
2016-07-22 9:33:28 - DEBUG --> UserData first: a:0:{} 
2016-07-22 9:33:28 - DEBUG --> UserData end:  a:0:{} 
2016-07-22 9:33:28 - DEBUG --> Archivo \components\com_jhotelreservation\classes\services\UserDataService.php 
2016-07-22 9:33:28 - DEBUG --> initializeReservationData 
2016-07-22 9:33:28 - DEBUG --> UserData: a:0:{} 
2016-07-22 9:33:28 - DEBUG --> Archivo \components\com_jhotelreservation\classes\services\UserDataService.php 
2016-07-22 9:33:28 - DEBUG --> updateUserData 
2016-07-22 9:33:28 - DEBUG --> Archivo \components\com_jhotelreservation\classes\services\UserDataService.php 
2016-07-22 9:33:28 - DEBUG --> getUserData 
2016-07-22 9:33:28 - DEBUG --> Archivo \components\com_jhotelreservation\classes\services\UserDataService.php 
2016-07-22 9:33:28 - DEBUG --> setCurrency 
2016-07-22 9:33:28 - DEBUG --> Archivo \components\com_jhotelreservation\classes\services\UserDataService.php 
2016-07-22 9:33:28 - DEBUG --> getUserData 
2016-07-22 9:33:28 - DEBUG --> Archivo \components\com_jhotelreservation\classes\services\UserDataService.php 
2016-07-22 9:33:28 - DEBUG --> getUserData 
2016-07-22 9:33:28 - DEBUG --> Archivo \components\com_jhotelreservation\classes\services\UserDataService.php 
2016-07-22 9:33:28 - DEBUG --> getUserData 
2016-07-22 9:33:28 - DEBUG --> Archivo \components\com_jhotelreservationiews\hotel	mpl\hoteloverview.php 
2016-07-22 9:33:28 - DEBUG --> Accedió 
2016-07-22 9:33:32 - DEBUG --> Archivo \components\com_jhotelreservation\classes\services\UserDataService.php 
2016-07-22 9:33:32 - DEBUG --> initializeUserData 
2016-07-22 9:33:32 - DEBUG --> UserData first: N; 
2016-07-22 9:33:32 - DEBUG --> Archivo \components\com_jhotelreservation\classes\services\UserDataService.php 
2016-07-22 9:33:32 - DEBUG --> createUserData 
2016-07-22 9:33:32 - DEBUG --> UserData end:  a:0:{} 
2016-07-22 9:33:32 - DEBUG --> Archivo \components\com_jhotelreservation\classes\services\UserDataService.php 
2016-07-22 9:33:32 - DEBUG --> initializeUserData 
2016-07-22 9:33:32 - DEBUG --> UserData first: a:0:{} 
2016-07-22 9:33:32 - DEBUG --> UserData end:  a:0:{} 
2016-07-22 9:33:32 - DEBUG --> Archivo \components\com_jhotelreservation\classes\services\UserDataService.php 
2016-07-22 9:33:32 - DEBUG --> initializeReservationData 
2016-07-22 9:33:32 - DEBUG --> UserData: a:0:{} 
2016-07-22 9:33:32 - DEBUG --> Archivo \components\com_jhotelreservation\classes\services\UserDataService.php 
2016-07-22 9:33:32 - DEBUG --> updateUserData 
2016-07-22 9:33:32 - DEBUG --> Archivo \components\com_jhotelreservation\classes\services\UserDataService.php 
2016-07-22 9:33:32 - DEBUG --> getUserData 
2016-07-22 9:33:32 - DEBUG --> Archivo \components\com_jhotelreservation\classes\services\UserDataService.php 
2016-07-22 9:33:32 - DEBUG --> setCurrency 
2016-07-22 9:33:32 - DEBUG --> Archivo \components\com_jhotelreservation\classes\services\UserDataService.php 
2016-07-22 9:33:32 - DEBUG --> getUserData 
2016-07-22 9:33:32 - DEBUG --> Archivo \components\com_jhotelreservation\classes\services\UserDataService.php 
2016-07-22 9:33:32 - DEBUG --> getUserData 
2016-07-22 9:33:32 - DEBUG --> Archivo \components\com_jhotelreservation\classes\services\UserDataService.php 
2016-07-22 9:33:32 - DEBUG --> getUserData 
2016-07-22 9:33:32 - DEBUG --> Archivo \components\com_jhotelreservationiews\hotel	mpl\hoteloverview.php 
2016-07-22 9:33:32 - DEBUG --> Accedió 
2016-07-22 9:33:34 - DEBUG --> Archivo \components\com_jhotelreservation\classes\services\UserDataService.php 
2016-07-22 9:33:34 - DEBUG --> initializeUserData 
2016-07-22 9:33:34 - DEBUG --> UserData first: N; 
2016-07-22 9:33:34 - DEBUG --> Archivo \components\com_jhotelreservation\classes\services\UserDataService.php 
2016-07-22 9:33:34 - DEBUG --> createUserData 
2016-07-22 9:33:34 - DEBUG --> UserData end:  a:0:{} 
2016-07-22 9:33:34 - DEBUG --> Archivo \components\com_jhotelreservation\classes\services\UserDataService.php 
2016-07-22 9:33:34 - DEBUG --> initializeUserData 
2016-07-22 9:33:34 - DEBUG --> UserData first: a:0:{} 
2016-07-22 9:33:34 - DEBUG --> UserData end:  a:0:{} 
2016-07-22 9:33:34 - DEBUG --> Archivo \components\com_jhotelreservation\classes\services\UserDataService.php 
2016-07-22 9:33:34 - DEBUG --> initializeReservationData 
2016-07-22 9:33:34 - DEBUG --> UserData: a:0:{} 
2016-07-22 9:33:34 - DEBUG --> Archivo \components\com_jhotelreservation\classes\services\UserDataService.php 
2016-07-22 9:33:34 - DEBUG --> updateUserData 
2016-07-22 9:33:34 - DEBUG --> Archivo \components\com_jhotelreservation\classes\services\UserDataService.php 
2016-07-22 9:33:34 - DEBUG --> getUserData 
2016-07-22 9:33:34 - DEBUG --> Archivo \components\com_jhotelreservation\classes\services\UserDataService.php 
2016-07-22 9:33:34 - DEBUG --> setCurrency 
2016-07-22 9:33:34 - DEBUG --> Archivo \components\com_jhotelreservation\classes\services\UserDataService.php 
2016-07-22 9:33:34 - DEBUG --> getUserData 
2016-07-22 9:33:34 - DEBUG --> Archivo \components\com_jhotelreservation\classes\services\UserDataService.php 
2016-07-22 9:33:34 - DEBUG --> getUserData 
2016-07-22 9:33:34 - DEBUG --> Archivo \components\com_jhotelreservation\classes\services\UserDataService.php 
2016-07-22 9:33:34 - DEBUG --> getUserData 
2016-07-22 9:33:34 - DEBUG --> Archivo \components\com_jhotelreservationiews\hotel	mpl\hoteloverview.php 
2016-07-22 9:33:34 - DEBUG --> Accedió 
2016-07-22 9:54:27 - DEBUG --> Archivo \components\com_jhotelreservation\classes\services\UserDataService.php 
2016-07-22 9:54:27 - DEBUG --> initializeUserData 
2016-07-22 9:54:27 - DEBUG --> UserData first: N; 
2016-07-22 9:54:27 - DEBUG --> Archivo \components\com_jhotelreservation\classes\services\UserDataService.php 
2016-07-22 9:54:27 - DEBUG --> createUserData 
2016-07-22 9:54:27 - DEBUG --> UserData end:  a:0:{} 
2016-07-22 9:54:27 - DEBUG --> Archivo \components\com_jhotelreservation\classes\services\UserDataService.php 
2016-07-22 9:54:27 - DEBUG --> initializeUserData 
2016-07-22 9:54:27 - DEBUG --> UserData first: a:0:{} 
2016-07-22 9:54:27 - DEBUG --> UserData end:  a:0:{} 
2016-07-22 9:54:27 - DEBUG --> Archivo \components\com_jhotelreservation\classes\services\UserDataService.php 
2016-07-22 9:54:27 - DEBUG --> initializeReservationData 
2016-07-22 9:54:27 - DEBUG --> UserData: a:0:{} 
2016-07-22 9:54:27 - DEBUG --> Archivo \components\com_jhotelreservation\classes\services\UserDataService.php 
2016-07-22 9:54:27 - DEBUG --> updateUserData 
2016-07-22 9:54:27 - DEBUG --> Archivo \components\com_jhotelreservation\classes\services\UserDataService.php 
2016-07-22 9:54:27 - DEBUG --> getUserData 
2016-07-22 9:54:27 - DEBUG --> Archivo \components\com_jhotelreservation\classes\services\UserDataService.php 
2016-07-22 9:54:27 - DEBUG --> setCurrency 
2016-07-22 9:54:27 - DEBUG --> Archivo \components\com_jhotelreservation\classes\services\UserDataService.php 
2016-07-22 9:54:27 - DEBUG --> getUserData 
2016-07-22 9:54:27 - DEBUG --> Archivo \components\com_jhotelreservation\classes\services\UserDataService.php 
2016-07-22 9:54:27 - DEBUG --> getUserData 
2016-07-22 9:54:27 - DEBUG --> Archivo \components\com_jhotelreservation\classes\services\UserDataService.php 
2016-07-22 9:54:27 - DEBUG --> getUserData 
2016-07-22 10:38:55 - DEBUG --> Archivo \components\com_jhotelreservation\classes\services\UserDataService.php 
2016-07-22 10:38:55 - DEBUG --> initializeUserData 
2016-07-22 10:38:55 - DEBUG --> UserData first: N; 
2016-07-22 10:38:55 - DEBUG --> Archivo \components\com_jhotelreservation\classes\services\UserDataService.php 
2016-07-22 10:38:55 - DEBUG --> createUserData 
2016-07-22 10:38:55 - DEBUG --> UserData end:  a:0:{} 
2016-07-22 10:38:55 - DEBUG --> Archivo \components\com_jhotelreservation\classes\services\UserDataService.php 
2016-07-22 10:38:55 - DEBUG --> initializeUserData 
2016-07-22 10:38:55 - DEBUG --> UserData first: a:0:{} 
2016-07-22 10:38:55 - DEBUG --> UserData end:  a:0:{} 
2016-07-22 10:38:55 - DEBUG --> Archivo \components\com_jhotelreservation\classes\services\UserDataService.php 
2016-07-22 10:38:55 - DEBUG --> initializeReservationData 
2016-07-22 10:38:55 - DEBUG --> UserData: a:0:{} 
2016-07-22 10:38:55 - DEBUG --> Archivo \components\com_jhotelreservation\classes\services\UserDataService.php 
2016-07-22 10:38:55 - DEBUG --> updateUserData 
2016-07-22 10:38:55 - DEBUG --> Archivo \components\com_jhotelreservation\classes\services\UserDataService.php 
2016-07-22 10:38:55 - DEBUG --> getUserData 
2016-07-22 10:38:55 - DEBUG --> Archivo \components\com_jhotelreservation\classes\services\UserDataService.php 
2016-07-22 10:38:55 - DEBUG --> setCurrency 
2016-07-22 10:38:55 - DEBUG --> Archivo \components\com_jhotelreservation\classes\services\UserDataService.php 
2016-07-22 10:38:55 - DEBUG --> getUserData 
2016-07-22 10:38:55 - DEBUG --> Archivo \components\com_jhotelreservation\classes\services\UserDataService.php 
2016-07-22 10:38:55 - DEBUG --> getUserData 
2016-07-22 10:38:55 - DEBUG --> Archivo \components\com_jhotelreservation\classes\services\UserDataService.php 
2016-07-22 10:38:55 - DEBUG --> getUserData 
2016-07-22 10:38:55 - DEBUG --> Archivo \components\com_jhotelreservationiews\hotel	mpl\hoteloverview.php 
2016-07-22 10:38:55 - DEBUG --> Accedió 
2016-07-22 11:18:22 - DEBUG --> Archivo \components\com_jhotelreservation\classes\services\UserDataService.php 
2016-07-22 11:18:22 - DEBUG --> initializeUserData 
2016-07-22 11:18:22 - DEBUG --> UserData first: a:0:{} 
2016-07-22 11:18:22 - DEBUG --> Archivo \components\com_jhotelreservation\classes\services\UserDataService.php 
2016-07-22 11:18:22 - DEBUG --> createUserData 
2016-07-22 11:18:22 - DEBUG --> voucher:  
2016-07-22 11:18:22 - DEBUG --> UserData end:  a:0:{} 
2016-07-22 11:18:22 - DEBUG --> Archivo \components\com_jhotelreservation\classes\services\UserDataService.php 
2016-07-22 11:18:22 - DEBUG --> initializeUserData 
2016-07-22 11:18:22 - DEBUG --> UserData first: a:0:{} 
2016-07-22 11:18:22 - DEBUG --> Archivo \components\com_jhotelreservation\classes\services\UserDataService.php 
2016-07-22 11:18:22 - DEBUG --> createUserData 
2016-07-22 11:18:22 - DEBUG --> voucher:  
2016-07-22 11:18:22 - DEBUG --> UserData end:  a:0:{} 
2016-07-22 12:00:02 - DEBUG --> Archivo \components\com_jhotelreservation\classes\services\UserDataService.php 
2016-07-22 12:00:02 - DEBUG --> initializeUserData 
2016-07-22 12:00:02 - DEBUG --> UserData first: a:0:{} 
2016-07-22 12:00:02 - DEBUG --> UserData end:  a:0:{} 
2016-07-22 12:13:21 - DEBUG --> Archivo \components\com_jhotelreservation\classes\services\UserDataService.php 
2016-07-22 12:13:21 - DEBUG --> initializeUserData 
2016-07-22 12:13:21 - DEBUG --> UserData first: N; 
2016-07-22 12:13:21 - DEBUG --> Archivo \components\com_jhotelreservation\classes\services\UserDataService.php 
2016-07-22 12:13:21 - DEBUG --> createUserData 
2016-07-22 12:13:21 - DEBUG --> UserData end:  a:0:{} 
2016-07-22 12:13:21 - DEBUG --> Archivo \components\com_jhotelreservation\classes\services\UserDataService.php 
2016-07-22 12:13:21 - DEBUG --> initializeUserData 
2016-07-22 12:13:21 - DEBUG --> UserData first: a:0:{} 
2016-07-22 12:13:21 - DEBUG --> UserData end:  a:0:{} 
2016-07-22 12:13:21 - DEBUG --> Archivo \components\com_jhotelreservation\classes\services\UserDataService.php 
2016-07-22 12:13:21 - DEBUG --> initializeReservationData 
2016-07-22 12:13:21 - DEBUG --> UserData: a:0:{} 
2016-07-22 12:13:21 - DEBUG --> Archivo \components\com_jhotelreservation\classes\services\UserDataService.php 
2016-07-22 12:13:21 - DEBUG --> updateUserData 
2016-07-22 12:13:21 - DEBUG --> Archivo \components\com_jhotelreservation\classes\services\UserDataService.php 
2016-07-22 12:13:21 - DEBUG --> getUserData 
2016-07-22 12:13:21 - DEBUG --> Archivo \components\com_jhotelreservation\classes\services\UserDataService.php 
2016-07-22 12:13:21 - DEBUG --> setCurrency 
2016-07-22 12:13:21 - DEBUG --> Archivo \components\com_jhotelreservation\classes\services\UserDataService.php 
2016-07-22 12:13:21 - DEBUG --> getUserData 
2016-07-22 12:13:21 - DEBUG --> Archivo \components\com_jhotelreservation\classes\services\UserDataService.php 
2016-07-22 12:13:21 - DEBUG --> getUserData 
2016-07-22 12:13:21 - DEBUG --> Archivo \components\com_jhotelreservation\classes\services\UserDataService.php 
2016-07-22 12:13:21 - DEBUG --> getUserData 
2016-07-22 12:13:21 - DEBUG --> Archivo \components\com_jhotelreservationiews\hotel	mpl\hoteloverview.php 
2016-07-22 12:13:21 - DEBUG --> Accedió 
2016-07-22 12:13:24 - DEBUG --> Archivo \components\com_jhotelreservation\classes\services\UserDataService.php 
2016-07-22 12:13:24 - DEBUG --> initializeUserData 
2016-07-22 12:13:24 - DEBUG --> UserData first: N; 
2016-07-22 12:13:24 - DEBUG --> Archivo \components\com_jhotelreservation\classes\services\UserDataService.php 
2016-07-22 12:13:24 - DEBUG --> createUserData 
2016-07-22 12:13:24 - DEBUG --> UserData end:  a:0:{} 
2016-07-22 12:13:24 - DEBUG --> Archivo \components\com_jhotelreservation\classes\services\UserDataService.php 
2016-07-22 12:13:24 - DEBUG --> initializeUserData 
2016-07-22 12:13:24 - DEBUG --> UserData first: a:0:{} 
2016-07-22 12:13:24 - DEBUG --> UserData end:  a:0:{} 
2016-07-22 12:13:24 - DEBUG --> Archivo \components\com_jhotelreservation\classes\services\UserDataService.php 
2016-07-22 12:13:24 - DEBUG --> initializeReservationData 
2016-07-22 12:13:24 - DEBUG --> UserData: a:0:{} 
2016-07-22 12:13:24 - DEBUG --> Archivo \components\com_jhotelreservation\classes\services\UserDataService.php 
2016-07-22 12:13:24 - DEBUG --> updateUserData 
2016-07-22 12:13:24 - DEBUG --> Archivo \components\com_jhotelreservation\classes\services\UserDataService.php 
2016-07-22 12:13:24 - DEBUG --> getUserData 
2016-07-22 12:13:24 - DEBUG --> Archivo \components\com_jhotelreservation\classes\services\UserDataService.php 
2016-07-22 12:13:24 - DEBUG --> setCurrency 
2016-07-22 12:13:24 - DEBUG --> Archivo \components\com_jhotelreservation\classes\services\UserDataService.php 
2016-07-22 12:13:24 - DEBUG --> getUserData 
2016-07-22 12:13:24 - DEBUG --> Archivo \components\com_jhotelreservation\classes\services\UserDataService.php 
2016-07-22 12:13:24 - DEBUG --> getUserData 
2016-07-22 12:13:24 - DEBUG --> Archivo \components\com_jhotelreservation\classes\services\UserDataService.php 
2016-07-22 12:13:24 - DEBUG --> getUserData 
2016-07-22 12:13:24 - DEBUG --> Archivo \components\com_jhotelreservationiews\hotel	mpl\hoteloverview.php 
2016-07-22 12:13:24 - DEBUG --> Accedió 
2016-07-22 12:13:45 - DEBUG --> Archivo \components\com_jhotelreservation\classes\services\UserDataService.php 
2016-07-22 12:13:45 - DEBUG --> initializeUserData 
2016-07-22 12:13:45 - DEBUG --> UserData first: N; 
2016-07-22 12:13:45 - DEBUG --> Archivo \components\com_jhotelreservation\classes\services\UserDataService.php 
2016-07-22 12:13:45 - DEBUG --> createUserData 
2016-07-22 12:13:45 - DEBUG --> UserData end:  a:0:{} 
2016-07-22 12:13:45 - DEBUG --> Archivo \components\com_jhotelreservation\classes\services\UserDataService.php 
2016-07-22 12:13:45 - DEBUG --> initializeUserData 
2016-07-22 12:13:45 - DEBUG --> UserData first: a:0:{} 
2016-07-22 12:13:45 - DEBUG --> UserData end:  a:0:{} 
2016-07-22 12:13:45 - DEBUG --> Archivo \components\com_jhotelreservation\classes\services\UserDataService.php 
2016-07-22 12:13:45 - DEBUG --> initializeReservationData 
2016-07-22 12:13:45 - DEBUG --> UserData: a:0:{} 
2016-07-22 12:13:45 - DEBUG --> Archivo \components\com_jhotelreservation\classes\services\UserDataService.php 
2016-07-22 12:13:45 - DEBUG --> updateUserData 
2016-07-22 12:13:45 - DEBUG --> Archivo \components\com_jhotelreservation\classes\services\UserDataService.php 
2016-07-22 12:13:45 - DEBUG --> getUserData 
2016-07-22 12:13:45 - DEBUG --> Archivo \components\com_jhotelreservation\classes\services\UserDataService.php 
2016-07-22 12:13:45 - DEBUG --> setCurrency 
2016-07-22 12:13:45 - DEBUG --> Archivo \components\com_jhotelreservation\classes\services\UserDataService.php 
2016-07-22 12:13:45 - DEBUG --> getUserData 
2016-07-22 12:13:45 - DEBUG --> Archivo \components\com_jhotelreservation\classes\services\UserDataService.php 
2016-07-22 12:13:45 - DEBUG --> getUserData 
2016-07-22 12:13:45 - DEBUG --> Archivo \components\com_jhotelreservation\classes\services\UserDataService.php 
2016-07-22 12:13:45 - DEBUG --> getUserData 
2016-07-22 12:13:45 - DEBUG --> Archivo \components\com_jhotelreservationiews\hotel	mpl\hoteloverview.php 
2016-07-22 12:13:45 - DEBUG --> Accedió 
2016-07-22 12:13:48 - DEBUG --> Archivo \components\com_jhotelreservation\classes\services\UserDataService.php 
2016-07-22 12:13:48 - DEBUG --> initializeUserData 
2016-07-22 12:13:48 - DEBUG --> UserData first: N; 
2016-07-22 12:13:48 - DEBUG --> Archivo \components\com_jhotelreservation\classes\services\UserDataService.php 
2016-07-22 12:13:48 - DEBUG --> createUserData 
2016-07-22 12:13:48 - DEBUG --> UserData end:  a:0:{} 
2016-07-22 12:13:48 - DEBUG --> Archivo \components\com_jhotelreservation\classes\services\UserDataService.php 
2016-07-22 12:13:48 - DEBUG --> initializeUserData 
2016-07-22 12:13:48 - DEBUG --> UserData first: a:0:{} 
2016-07-22 12:13:48 - DEBUG --> UserData end:  a:0:{} 
2016-07-22 12:13:48 - DEBUG --> Archivo \components\com_jhotelreservation\classes\services\UserDataService.php 
2016-07-22 12:13:48 - DEBUG --> initializeReservationData 
2016-07-22 12:13:48 - DEBUG --> UserData: a:0:{} 
2016-07-22 12:13:48 - DEBUG --> Archivo \components\com_jhotelreservation\classes\services\UserDataService.php 
2016-07-22 12:13:48 - DEBUG --> updateUserData 
2016-07-22 12:13:48 - DEBUG --> Archivo \components\com_jhotelreservation\classes\services\UserDataService.php 
2016-07-22 12:13:48 - DEBUG --> getUserData 
2016-07-22 12:13:48 - DEBUG --> Archivo \components\com_jhotelreservation\classes\services\UserDataService.php 
2016-07-22 12:13:48 - DEBUG --> setCurrency 
2016-07-22 12:13:48 - DEBUG --> Archivo \components\com_jhotelreservation\classes\services\UserDataService.php 
2016-07-22 12:13:48 - DEBUG --> getUserData 
2016-07-22 12:13:48 - DEBUG --> Archivo \components\com_jhotelreservation\classes\services\UserDataService.php 
2016-07-22 12:13:48 - DEBUG --> getUserData 
2016-07-22 12:13:48 - DEBUG --> Archivo \components\com_jhotelreservation\classes\services\UserDataService.php 
2016-07-22 12:13:48 - DEBUG --> getUserData 
2016-07-22 12:13:48 - DEBUG --> Archivo \components\com_jhotelreservationiews\hotel	mpl\hoteloverview.php 
2016-07-22 12:13:48 - DEBUG --> Accedió 
2016-07-22 12:13:58 - DEBUG --> Archivo \components\com_jhotelreservation\classes\services\UserDataService.php 
2016-07-22 12:13:58 - DEBUG --> initializeUserData 
2016-07-22 12:13:58 - DEBUG --> UserData first: N; 
2016-07-22 12:13:58 - DEBUG --> Archivo \components\com_jhotelreservation\classes\services\UserDataService.php 
2016-07-22 12:13:58 - DEBUG --> createUserData 
2016-07-22 12:13:58 - DEBUG --> UserData end:  a:0:{} 
2016-07-22 12:13:58 - DEBUG --> Archivo \components\com_jhotelreservation\classes\services\UserDataService.php 
2016-07-22 12:13:58 - DEBUG --> initializeUserData 
2016-07-22 12:13:58 - DEBUG --> UserData first: a:0:{} 
2016-07-22 12:13:58 - DEBUG --> UserData end:  a:0:{} 
2016-07-22 12:13:58 - DEBUG --> Archivo \components\com_jhotelreservation\classes\services\UserDataService.php 
2016-07-22 12:13:58 - DEBUG --> initializeReservationData 
2016-07-22 12:13:58 - DEBUG --> UserData: a:0:{} 
2016-07-22 12:13:58 - DEBUG --> Archivo \components\com_jhotelreservation\classes\services\UserDataService.php 
2016-07-22 12:13:58 - DEBUG --> updateUserData 
2016-07-22 12:13:58 - DEBUG --> Archivo \components\com_jhotelreservation\classes\services\UserDataService.php 
2016-07-22 12:13:58 - DEBUG --> getUserData 
2016-07-22 12:13:58 - DEBUG --> Archivo \components\com_jhotelreservation\classes\services\UserDataService.php 
2016-07-22 12:13:58 - DEBUG --> setCurrency 
2016-07-22 12:13:58 - DEBUG --> Archivo \components\com_jhotelreservation\classes\services\UserDataService.php 
2016-07-22 12:13:58 - DEBUG --> getUserData 
2016-07-22 12:13:58 - DEBUG --> Archivo \components\com_jhotelreservation\classes\services\UserDataService.php 
2016-07-22 12:13:58 - DEBUG --> getUserData 
2016-07-22 12:13:58 - DEBUG --> Archivo \components\com_jhotelreservation\classes\services\UserDataService.php 
2016-07-22 12:13:58 - DEBUG --> getUserData 
2016-07-22 12:13:58 - DEBUG --> Archivo \components\com_jhotelreservationiews\hotel	mpl\hoteloverview.php 
2016-07-22 12:13:58 - DEBUG --> Accedió 
2016-07-22 12:14:30 - DEBUG --> Archivo \components\com_jhotelreservation\classes\services\UserDataService.php 
2016-07-22 12:14:30 - DEBUG --> initializeUserData 
2016-07-22 12:14:30 - DEBUG --> UserData first: N; 
2016-07-22 12:14:30 - DEBUG --> Archivo \components\com_jhotelreservation\classes\services\UserDataService.php 
2016-07-22 12:14:30 - DEBUG --> createUserData 
2016-07-22 12:14:30 - DEBUG --> UserData end:  a:0:{} 
2016-07-22 12:14:30 - DEBUG --> Archivo \components\com_jhotelreservation\classes\services\UserDataService.php 
2016-07-22 12:14:30 - DEBUG --> initializeUserData 
2016-07-22 12:14:30 - DEBUG --> UserData first: a:0:{} 
2016-07-22 12:14:30 - DEBUG --> UserData end:  a:0:{} 
2016-07-22 12:14:30 - DEBUG --> Archivo \components\com_jhotelreservation\classes\services\UserDataService.php 
2016-07-22 12:14:30 - DEBUG --> initializeReservationData 
2016-07-22 12:14:30 - DEBUG --> UserData: a:0:{} 
2016-07-22 12:14:30 - DEBUG --> Archivo \components\com_jhotelreservation\classes\services\UserDataService.php 
2016-07-22 12:14:30 - DEBUG --> updateUserData 
2016-07-22 12:14:30 - DEBUG --> Archivo \components\com_jhotelreservation\classes\services\UserDataService.php 
2016-07-22 12:14:30 - DEBUG --> getUserData 
2016-07-22 12:14:30 - DEBUG --> Archivo \components\com_jhotelreservation\classes\services\UserDataService.php 
2016-07-22 12:14:30 - DEBUG --> setCurrency 
2016-07-22 12:14:30 - DEBUG --> Archivo \components\com_jhotelreservation\classes\services\UserDataService.php 
2016-07-22 12:14:30 - DEBUG --> getUserData 
2016-07-22 12:14:30 - DEBUG --> Archivo \components\com_jhotelreservation\classes\services\UserDataService.php 
2016-07-22 12:14:30 - DEBUG --> getUserData 
2016-07-22 12:14:30 - DEBUG --> Archivo \components\com_jhotelreservation\classes\services\UserDataService.php 
2016-07-22 12:14:30 - DEBUG --> getUserData 
2016-07-22 12:14:30 - DEBUG --> Archivo \components\com_jhotelreservationiews\hotel	mpl\hoteloverview.php 
2016-07-22 12:14:30 - DEBUG --> Accedió 
2016-07-22 12:14:32 - DEBUG --> Archivo \components\com_jhotelreservation\classes\services\UserDataService.php 
2016-07-22 12:14:32 - DEBUG --> initializeUserData 
2016-07-22 12:14:32 - DEBUG --> UserData first: N; 
2016-07-22 12:14:32 - DEBUG --> Archivo \components\com_jhotelreservation\classes\services\UserDataService.php 
2016-07-22 12:14:32 - DEBUG --> createUserData 
2016-07-22 12:14:32 - DEBUG --> UserData end:  a:0:{} 
2016-07-22 12:14:32 - DEBUG --> Archivo \components\com_jhotelreservation\classes\services\UserDataService.php 
2016-07-22 12:14:32 - DEBUG --> initializeUserData 
2016-07-22 12:14:32 - DEBUG --> UserData first: a:0:{} 
2016-07-22 12:14:32 - DEBUG --> UserData end:  a:0:{} 
2016-07-22 12:14:32 - DEBUG --> Archivo \components\com_jhotelreservation\classes\services\UserDataService.php 
2016-07-22 12:14:32 - DEBUG --> initializeReservationData 
2016-07-22 12:14:32 - DEBUG --> UserData: a:0:{} 
2016-07-22 12:14:32 - DEBUG --> Archivo \components\com_jhotelreservation\classes\services\UserDataService.php 
2016-07-22 12:14:32 - DEBUG --> updateUserData 
2016-07-22 12:14:32 - DEBUG --> Archivo \components\com_jhotelreservation\classes\services\UserDataService.php 
2016-07-22 12:14:32 - DEBUG --> getUserData 
2016-07-22 12:14:32 - DEBUG --> Archivo \components\com_jhotelreservation\classes\services\UserDataService.php 
2016-07-22 12:14:32 - DEBUG --> setCurrency 
2016-07-22 12:14:32 - DEBUG --> Archivo \components\com_jhotelreservation\classes\services\UserDataService.php 
2016-07-22 12:14:32 - DEBUG --> getUserData 
2016-07-22 12:14:32 - DEBUG --> Archivo \components\com_jhotelreservation\classes\services\UserDataService.php 
2016-07-22 12:14:32 - DEBUG --> getUserData 
2016-07-22 12:14:32 - DEBUG --> Archivo \components\com_jhotelreservation\classes\services\UserDataService.php 
2016-07-22 12:14:32 - DEBUG --> getUserData 
2016-07-22 12:14:32 - DEBUG --> Archivo \components\com_jhotelreservationiews\hotel	mpl\hoteloverview.php 
2016-07-22 12:14:32 - DEBUG --> Accedió 
2016-07-22 12:14:43 - DEBUG --> Archivo \components\com_jhotelreservation\classes\services\UserDataService.php 
2016-07-22 12:14:43 - DEBUG --> initializeUserData 
2016-07-22 12:14:43 - DEBUG --> UserData first: N; 
2016-07-22 12:14:43 - DEBUG --> Archivo \components\com_jhotelreservation\classes\services\UserDataService.php 
2016-07-22 12:14:43 - DEBUG --> createUserData 
2016-07-22 12:14:43 - DEBUG --> UserData end:  a:0:{} 
2016-07-22 12:14:43 - DEBUG --> Archivo \components\com_jhotelreservation\classes\services\UserDataService.php 
2016-07-22 12:14:43 - DEBUG --> initializeUserData 
2016-07-22 12:14:43 - DEBUG --> UserData first: a:0:{} 
2016-07-22 12:14:43 - DEBUG --> UserData end:  a:0:{} 
2016-07-22 12:14:43 - DEBUG --> Archivo \components\com_jhotelreservation\classes\services\UserDataService.php 
2016-07-22 12:14:43 - DEBUG --> initializeReservationData 
2016-07-22 12:14:43 - DEBUG --> UserData: a:0:{} 
2016-07-22 12:14:43 - DEBUG --> Archivo \components\com_jhotelreservation\classes\services\UserDataService.php 
2016-07-22 12:14:43 - DEBUG --> updateUserData 
2016-07-22 12:14:43 - DEBUG --> Archivo \components\com_jhotelreservation\classes\services\UserDataService.php 
2016-07-22 12:14:43 - DEBUG --> getUserData 
2016-07-22 12:14:43 - DEBUG --> Archivo \components\com_jhotelreservation\classes\services\UserDataService.php 
2016-07-22 12:14:43 - DEBUG --> setCurrency 
2016-07-22 12:14:43 - DEBUG --> Archivo \components\com_jhotelreservation\classes\services\UserDataService.php 
2016-07-22 12:14:43 - DEBUG --> getUserData 
2016-07-22 12:14:43 - DEBUG --> Archivo \components\com_jhotelreservation\classes\services\UserDataService.php 
2016-07-22 12:14:43 - DEBUG --> getUserData 
2016-07-22 12:14:43 - DEBUG --> Archivo \components\com_jhotelreservation\classes\services\UserDataService.php 
2016-07-22 12:14:43 - DEBUG --> getUserData 
2016-07-22 12:14:43 - DEBUG --> Archivo \components\com_jhotelreservationiews\hotel	mpl\hoteloverview.php 
2016-07-22 12:14:43 - DEBUG --> Accedió 
2016-07-22 12:14:54 - DEBUG --> Archivo \components\com_jhotelreservation\classes\services\UserDataService.php 
2016-07-22 12:14:54 - DEBUG --> initializeUserData 
2016-07-22 12:14:54 - DEBUG --> UserData first: N; 
2016-07-22 12:14:54 - DEBUG --> Archivo \components\com_jhotelreservation\classes\services\UserDataService.php 
2016-07-22 12:14:54 - DEBUG --> createUserData 
2016-07-22 12:14:54 - DEBUG --> UserData end:  a:0:{} 
2016-07-22 12:14:54 - DEBUG --> Archivo \components\com_jhotelreservation\classes\services\UserDataService.php 
2016-07-22 12:14:54 - DEBUG --> initializeUserData 
2016-07-22 12:14:54 - DEBUG --> UserData first: a:0:{} 
2016-07-22 12:14:54 - DEBUG --> UserData end:  a:0:{} 
2016-07-22 12:14:54 - DEBUG --> Archivo \components\com_jhotelreservation\classes\services\UserDataService.php 
2016-07-22 12:14:54 - DEBUG --> initializeReservationData 
2016-07-22 12:14:54 - DEBUG --> UserData: a:0:{} 
2016-07-22 12:14:54 - DEBUG --> Archivo \components\com_jhotelreservation\classes\services\UserDataService.php 
2016-07-22 12:14:54 - DEBUG --> updateUserData 
2016-07-22 12:14:54 - DEBUG --> Archivo \components\com_jhotelreservation\classes\services\UserDataService.php 
2016-07-22 12:14:54 - DEBUG --> getUserData 
2016-07-22 12:14:54 - DEBUG --> Archivo \components\com_jhotelreservation\classes\services\UserDataService.php 
2016-07-22 12:14:54 - DEBUG --> setCurrency 
2016-07-22 12:14:54 - DEBUG --> Archivo \components\com_jhotelreservation\classes\services\UserDataService.php 
2016-07-22 12:14:54 - DEBUG --> getUserData 
2016-07-22 12:14:54 - DEBUG --> Archivo \components\com_jhotelreservation\classes\services\UserDataService.php 
2016-07-22 12:14:54 - DEBUG --> getUserData 
2016-07-22 12:14:54 - DEBUG --> Archivo \components\com_jhotelreservation\classes\services\UserDataService.php 
2016-07-22 12:14:54 - DEBUG --> getUserData 
2016-07-22 12:14:54 - DEBUG --> Archivo \components\com_jhotelreservationiews\hotel	mpl\hoteloverview.php 
2016-07-22 12:14:54 - DEBUG --> Accedió 
2016-07-22 12:15:09 - DEBUG --> Archivo \components\com_jhotelreservation\classes\services\UserDataService.php 
2016-07-22 12:15:09 - DEBUG --> initializeUserData 
2016-07-22 12:15:09 - DEBUG --> UserData first: N; 
2016-07-22 12:15:09 - DEBUG --> Archivo \components\com_jhotelreservation\classes\services\UserDataService.php 
2016-07-22 12:15:09 - DEBUG --> createUserData 
2016-07-22 12:15:09 - DEBUG --> UserData end:  a:0:{} 
2016-07-22 12:15:09 - DEBUG --> Archivo \components\com_jhotelreservation\classes\services\UserDataService.php 
2016-07-22 12:15:09 - DEBUG --> initializeUserData 
2016-07-22 12:15:09 - DEBUG --> UserData first: a:0:{} 
2016-07-22 12:15:09 - DEBUG --> UserData end:  a:0:{} 
2016-07-22 12:15:09 - DEBUG --> Archivo \components\com_jhotelreservation\classes\services\UserDataService.php 
2016-07-22 12:15:09 - DEBUG --> initializeReservationData 
2016-07-22 12:15:09 - DEBUG --> UserData: a:0:{} 
2016-07-22 12:15:09 - DEBUG --> Archivo \components\com_jhotelreservation\classes\services\UserDataService.php 
2016-07-22 12:15:09 - DEBUG --> updateUserData 
2016-07-22 12:15:09 - DEBUG --> Archivo \components\com_jhotelreservation\classes\services\UserDataService.php 
2016-07-22 12:15:09 - DEBUG --> getUserData 
2016-07-22 12:15:09 - DEBUG --> Archivo \components\com_jhotelreservation\classes\services\UserDataService.php 
2016-07-22 12:15:09 - DEBUG --> setCurrency 
2016-07-22 12:15:09 - DEBUG --> Archivo \components\com_jhotelreservation\classes\services\UserDataService.php 
2016-07-22 12:15:09 - DEBUG --> getUserData 
2016-07-22 12:15:09 - DEBUG --> Archivo \components\com_jhotelreservation\classes\services\UserDataService.php 
2016-07-22 12:15:09 - DEBUG --> getUserData 
2016-07-22 12:15:09 - DEBUG --> Archivo \components\com_jhotelreservation\classes\services\UserDataService.php 
2016-07-22 12:15:09 - DEBUG --> getUserData 
2016-07-22 12:15:09 - DEBUG --> Archivo \components\com_jhotelreservationiews\hotel	mpl\hoteloverview.php 
2016-07-22 12:15:09 - DEBUG --> Accedió 
2016-07-22 12:15:11 - DEBUG --> Archivo \components\com_jhotelreservation\classes\services\UserDataService.php 
2016-07-22 12:15:11 - DEBUG --> initializeUserData 
2016-07-22 12:15:11 - DEBUG --> UserData first: N; 
2016-07-22 12:15:11 - DEBUG --> Archivo \components\com_jhotelreservation\classes\services\UserDataService.php 
2016-07-22 12:15:11 - DEBUG --> createUserData 
2016-07-22 12:15:11 - DEBUG --> UserData end:  a:0:{} 
2016-07-22 12:15:11 - DEBUG --> Archivo \components\com_jhotelreservation\classes\services\UserDataService.php 
2016-07-22 12:15:11 - DEBUG --> initializeUserData 
2016-07-22 12:15:11 - DEBUG --> UserData first: a:0:{} 
2016-07-22 12:15:11 - DEBUG --> UserData end:  a:0:{} 
2016-07-22 12:15:11 - DEBUG --> Archivo \components\com_jhotelreservation\classes\services\UserDataService.php 
2016-07-22 12:15:11 - DEBUG --> initializeReservationData 
2016-07-22 12:15:11 - DEBUG --> UserData: a:0:{} 
2016-07-22 12:15:11 - DEBUG --> Archivo \components\com_jhotelreservation\classes\services\UserDataService.php 
2016-07-22 12:15:11 - DEBUG --> updateUserData 
2016-07-22 12:15:11 - DEBUG --> Archivo \components\com_jhotelreservation\classes\services\UserDataService.php 
2016-07-22 12:15:11 - DEBUG --> getUserData 
2016-07-22 12:15:11 - DEBUG --> Archivo \components\com_jhotelreservation\classes\services\UserDataService.php 
2016-07-22 12:15:11 - DEBUG --> setCurrency 
2016-07-22 12:15:11 - DEBUG --> Archivo \components\com_jhotelreservation\classes\services\UserDataService.php 
2016-07-22 12:15:11 - DEBUG --> getUserData 
2016-07-22 12:15:11 - DEBUG --> Archivo \components\com_jhotelreservation\classes\services\UserDataService.php 
2016-07-22 12:15:11 - DEBUG --> getUserData 
2016-07-22 12:15:11 - DEBUG --> Archivo \components\com_jhotelreservation\classes\services\UserDataService.php 
2016-07-22 12:15:11 - DEBUG --> getUserData 
2016-07-22 12:15:11 - DEBUG --> Archivo \components\com_jhotelreservationiews\hotel	mpl\hoteloverview.php 
2016-07-22 12:15:11 - DEBUG --> Accedió 
2016-07-22 12:15:29 - DEBUG --> Archivo \components\com_jhotelreservation\classes\services\UserDataService.php 
2016-07-22 12:15:29 - DEBUG --> initializeUserData 
2016-07-22 12:15:29 - DEBUG --> UserData first: N; 
2016-07-22 12:15:29 - DEBUG --> Archivo \components\com_jhotelreservation\classes\services\UserDataService.php 
2016-07-22 12:15:29 - DEBUG --> createUserData 
2016-07-22 12:15:29 - DEBUG --> UserData end:  a:0:{} 
2016-07-22 12:15:29 - DEBUG --> Archivo \components\com_jhotelreservation\classes\services\UserDataService.php 
2016-07-22 12:15:29 - DEBUG --> initializeUserData 
2016-07-22 12:15:29 - DEBUG --> UserData first: a:0:{} 
2016-07-22 12:15:29 - DEBUG --> UserData end:  a:0:{} 
2016-07-22 12:15:29 - DEBUG --> Archivo \components\com_jhotelreservation\classes\services\UserDataService.php 
2016-07-22 12:15:29 - DEBUG --> initializeReservationData 
2016-07-22 12:15:29 - DEBUG --> UserData: a:0:{} 
2016-07-22 12:15:29 - DEBUG --> Archivo \components\com_jhotelreservation\classes\services\UserDataService.php 
2016-07-22 12:15:29 - DEBUG --> updateUserData 
2016-07-22 12:15:29 - DEBUG --> Archivo \components\com_jhotelreservation\classes\services\UserDataService.php 
2016-07-22 12:15:29 - DEBUG --> getUserData 
2016-07-22 12:15:29 - DEBUG --> Archivo \components\com_jhotelreservation\classes\services\UserDataService.php 
2016-07-22 12:15:29 - DEBUG --> setCurrency 
2016-07-22 12:15:29 - DEBUG --> Archivo \components\com_jhotelreservation\classes\services\UserDataService.php 
2016-07-22 12:15:29 - DEBUG --> getUserData 
2016-07-22 12:15:29 - DEBUG --> Archivo \components\com_jhotelreservation\classes\services\UserDataService.php 
2016-07-22 12:15:29 - DEBUG --> getUserData 
2016-07-22 12:15:29 - DEBUG --> Archivo \components\com_jhotelreservation\classes\services\UserDataService.php 
2016-07-22 12:15:29 - DEBUG --> getUserData 
2016-07-22 12:15:29 - DEBUG --> Archivo \components\com_jhotelreservationiews\hotel	mpl\hoteloverview.php 
2016-07-22 12:15:29 - DEBUG --> Accedió 
2016-07-22 12:15:31 - DEBUG --> Archivo \components\com_jhotelreservation\classes\services\UserDataService.php 
2016-07-22 12:15:31 - DEBUG --> initializeUserData 
2016-07-22 12:15:31 - DEBUG --> UserData first: N; 
2016-07-22 12:15:31 - DEBUG --> Archivo \components\com_jhotelreservation\classes\services\UserDataService.php 
2016-07-22 12:15:31 - DEBUG --> createUserData 
2016-07-22 12:15:31 - DEBUG --> UserData end:  a:0:{} 
2016-07-22 12:15:31 - DEBUG --> Archivo \components\com_jhotelreservation\classes\services\UserDataService.php 
2016-07-22 12:15:31 - DEBUG --> initializeUserData 
2016-07-22 12:15:31 - DEBUG --> UserData first: a:0:{} 
2016-07-22 12:15:31 - DEBUG --> UserData end:  a:0:{} 
2016-07-22 12:15:31 - DEBUG --> Archivo \components\com_jhotelreservation\classes\services\UserDataService.php 
2016-07-22 12:15:31 - DEBUG --> initializeReservationData 
2016-07-22 12:15:31 - DEBUG --> UserData: a:0:{} 
2016-07-22 12:15:31 - DEBUG --> Archivo \components\com_jhotelreservation\classes\services\UserDataService.php 
2016-07-22 12:15:31 - DEBUG --> updateUserData 
2016-07-22 12:15:31 - DEBUG --> Archivo \components\com_jhotelreservation\classes\services\UserDataService.php 
2016-07-22 12:15:31 - DEBUG --> getUserData 
2016-07-22 12:15:31 - DEBUG --> Archivo \components\com_jhotelreservation\classes\services\UserDataService.php 
2016-07-22 12:15:31 - DEBUG --> setCurrency 
2016-07-22 12:15:31 - DEBUG --> Archivo \components\com_jhotelreservation\classes\services\UserDataService.php 
2016-07-22 12:15:31 - DEBUG --> getUserData 
2016-07-22 12:15:31 - DEBUG --> Archivo \components\com_jhotelreservation\classes\services\UserDataService.php 
2016-07-22 12:15:31 - DEBUG --> getUserData 
2016-07-22 12:15:31 - DEBUG --> Archivo \components\com_jhotelreservation\classes\services\UserDataService.php 
2016-07-22 12:15:31 - DEBUG --> getUserData 
2016-07-22 12:15:31 - DEBUG --> Archivo \components\com_jhotelreservationiews\hotel	mpl\hoteloverview.php 
2016-07-22 12:15:31 - DEBUG --> Accedió 
2016-07-22 12:15:54 - DEBUG --> Archivo \components\com_jhotelreservation\classes\services\UserDataService.php 
2016-07-22 12:15:54 - DEBUG --> initializeUserData 
2016-07-22 12:15:54 - DEBUG --> UserData first: N; 
2016-07-22 12:15:54 - DEBUG --> Archivo \components\com_jhotelreservation\classes\services\UserDataService.php 
2016-07-22 12:15:54 - DEBUG --> createUserData 
2016-07-22 12:15:54 - DEBUG --> UserData end:  a:0:{} 
2016-07-22 12:15:54 - DEBUG --> Archivo \components\com_jhotelreservation\classes\services\UserDataService.php 
2016-07-22 12:15:54 - DEBUG --> initializeUserData 
2016-07-22 12:15:54 - DEBUG --> UserData first: a:0:{} 
2016-07-22 12:15:54 - DEBUG --> UserData end:  a:0:{} 
2016-07-22 12:15:54 - DEBUG --> Archivo \components\com_jhotelreservation\classes\services\UserDataService.php 
2016-07-22 12:15:54 - DEBUG --> initializeReservationData 
2016-07-22 12:15:54 - DEBUG --> UserData: a:0:{} 
2016-07-22 12:15:54 - DEBUG --> Archivo \components\com_jhotelreservation\classes\services\UserDataService.php 
2016-07-22 12:15:54 - DEBUG --> updateUserData 
2016-07-22 12:15:54 - DEBUG --> Archivo \components\com_jhotelreservation\classes\services\UserDataService.php 
2016-07-22 12:15:54 - DEBUG --> getUserData 
2016-07-22 12:15:54 - DEBUG --> Archivo \components\com_jhotelreservation\classes\services\UserDataService.php 
2016-07-22 12:15:54 - DEBUG --> setCurrency 
2016-07-22 12:15:54 - DEBUG --> Archivo \components\com_jhotelreservation\classes\services\UserDataService.php 
2016-07-22 12:15:54 - DEBUG --> getUserData 
2016-07-22 12:15:54 - DEBUG --> Archivo \components\com_jhotelreservation\classes\services\UserDataService.php 
2016-07-22 12:15:54 - DEBUG --> getUserData 
2016-07-22 12:15:54 - DEBUG --> Archivo \components\com_jhotelreservation\classes\services\UserDataService.php 
2016-07-22 12:15:54 - DEBUG --> getUserData 
2016-07-22 12:15:54 - DEBUG --> Archivo \components\com_jhotelreservationiews\hotel	mpl\hoteloverview.php 
2016-07-22 12:15:54 - DEBUG --> Accedió 
2016-07-22 12:16:00 - DEBUG --> Archivo \components\com_jhotelreservation\classes\services\UserDataService.php 
2016-07-22 12:16:00 - DEBUG --> initializeUserData 
2016-07-22 12:16:00 - DEBUG --> UserData first: N; 
2016-07-22 12:16:00 - DEBUG --> Archivo \components\com_jhotelreservation\classes\services\UserDataService.php 
2016-07-22 12:16:00 - DEBUG --> createUserData 
2016-07-22 12:16:00 - DEBUG --> UserData end:  a:0:{} 
2016-07-22 12:16:00 - DEBUG --> Archivo \components\com_jhotelreservation\classes\services\UserDataService.php 
2016-07-22 12:16:00 - DEBUG --> initializeUserData 
2016-07-22 12:16:00 - DEBUG --> UserData first: a:0:{} 
2016-07-22 12:16:00 - DEBUG --> UserData end:  a:0:{} 
2016-07-22 12:16:00 - DEBUG --> Archivo \components\com_jhotelreservation\classes\services\UserDataService.php 
2016-07-22 12:16:00 - DEBUG --> initializeReservationData 
2016-07-22 12:16:00 - DEBUG --> UserData: a:0:{} 
2016-07-22 12:16:00 - DEBUG --> Archivo \components\com_jhotelreservation\classes\services\UserDataService.php 
2016-07-22 12:16:00 - DEBUG --> updateUserData 
2016-07-22 12:16:00 - DEBUG --> Archivo \components\com_jhotelreservation\classes\services\UserDataService.php 
2016-07-22 12:16:00 - DEBUG --> getUserData 
2016-07-22 12:16:00 - DEBUG --> Archivo \components\com_jhotelreservation\classes\services\UserDataService.php 
2016-07-22 12:16:00 - DEBUG --> setCurrency 
2016-07-22 12:16:00 - DEBUG --> Archivo \components\com_jhotelreservation\classes\services\UserDataService.php 
2016-07-22 12:16:00 - DEBUG --> getUserData 
2016-07-22 12:16:00 - DEBUG --> Archivo \components\com_jhotelreservation\classes\services\UserDataService.php 
2016-07-22 12:16:00 - DEBUG --> getUserData 
2016-07-22 12:16:00 - DEBUG --> Archivo \components\com_jhotelreservation\classes\services\UserDataService.php 
2016-07-22 12:16:00 - DEBUG --> getUserData 
2016-07-22 12:16:00 - DEBUG --> Archivo \components\com_jhotelreservationiews\hotel	mpl\hoteloverview.php 
2016-07-22 12:16:00 - DEBUG --> Accedió 
2016-07-22 14:19:44 - DEBUG --> Archivo \components\com_jhotelreservation\classes\services\UserDataService.php 
2016-07-22 14:19:44 - DEBUG --> initializeUserData 
2016-07-22 14:19:44 - DEBUG --> UserData first: N; 
2016-07-22 14:19:44 - DEBUG --> Archivo \components\com_jhotelreservation\classes\services\UserDataService.php 
2016-07-22 14:19:44 - DEBUG --> createUserData 
2016-07-22 14:19:44 - DEBUG --> UserData end:  a:0:{} 
2016-07-22 14:19:44 - DEBUG --> Archivo \components\com_jhotelreservation\classes\services\UserDataService.php 
2016-07-22 14:19:44 - DEBUG --> initializeUserData 
2016-07-22 14:19:44 - DEBUG --> UserData first: a:0:{} 
2016-07-22 14:19:44 - DEBUG --> UserData end:  a:0:{} 
2016-07-22 14:19:44 - DEBUG --> Archivo \components\com_jhotelreservation\classes\services\UserDataService.php 
2016-07-22 14:19:44 - DEBUG --> initializeReservationData 
2016-07-22 14:19:44 - DEBUG --> UserData: a:0:{} 
2016-07-22 14:19:44 - DEBUG --> Archivo \components\com_jhotelreservation\classes\services\UserDataService.php 
2016-07-22 14:19:44 - DEBUG --> updateUserData 
2016-07-22 14:19:44 - DEBUG --> Archivo \components\com_jhotelreservation\classes\services\UserDataService.php 
2016-07-22 14:19:44 - DEBUG --> getUserData 
2016-07-22 14:19:44 - DEBUG --> Archivo \components\com_jhotelreservation\classes\services\UserDataService.php 
2016-07-22 14:19:44 - DEBUG --> setCurrency 
2016-07-22 14:19:44 - DEBUG --> Archivo \components\com_jhotelreservation\classes\services\UserDataService.php 
2016-07-22 14:19:44 - DEBUG --> getUserData 
2016-07-22 14:19:44 - DEBUG --> Archivo \components\com_jhotelreservation\classes\services\UserDataService.php 
2016-07-22 14:19:44 - DEBUG --> getUserData 
2016-07-22 14:19:44 - DEBUG --> Archivo \components\com_jhotelreservation\classes\services\UserDataService.php 
2016-07-22 14:19:44 - DEBUG --> getUserData 
2016-07-22 14:19:44 - DEBUG --> Archivo \components\com_jhotelreservationiews\hotel	mpl\hoteloverview.php 
2016-07-22 14:19:44 - DEBUG --> Accedió 
2016-07-22 14:19:46 - DEBUG --> Archivo \components\com_jhotelreservation\classes\services\UserDataService.php 
2016-07-22 14:19:46 - DEBUG --> initializeUserData 
2016-07-22 14:19:46 - DEBUG --> UserData first: a:0:{} 
2016-07-22 14:19:46 - DEBUG --> UserData end:  a:0:{} 
2016-07-22 14:19:46 - DEBUG --> Archivo \components\com_jhotelreservation\classes\services\UserDataService.php 
2016-07-22 14:19:46 - DEBUG --> initializeUserData 
2016-07-22 14:19:46 - DEBUG --> UserData first: a:0:{} 
2016-07-22 14:19:46 - DEBUG --> UserData end:  a:0:{} 
2016-07-22 14:19:46 - DEBUG --> Archivo \components\com_jhotelreservation\classes\services\UserDataService.php 
2016-07-22 14:19:46 - DEBUG --> initializeReservationData 
2016-07-22 14:19:46 - DEBUG --> UserData: a:0:{} 
2016-07-22 14:19:46 - DEBUG --> Archivo \components\com_jhotelreservation\classes\services\UserDataService.php 
2016-07-22 14:19:46 - DEBUG --> updateUserData 
2016-07-22 14:19:46 - DEBUG --> Archivo \components\com_jhotelreservation\classes\services\UserDataService.php 
2016-07-22 14:19:46 - DEBUG --> getUserData 
2016-07-22 14:19:46 - DEBUG --> Archivo \components\com_jhotelreservation\classes\services\UserDataService.php 
2016-07-22 14:19:46 - DEBUG --> setCurrency 
2016-07-22 14:19:46 - DEBUG --> Archivo \components\com_jhotelreservation\classes\services\UserDataService.php 
2016-07-22 14:19:46 - DEBUG --> getUserData 
2016-07-22 14:19:46 - DEBUG --> Archivo \components\com_jhotelreservation\classes\services\UserDataService.php 
2016-07-22 14:19:46 - DEBUG --> getUserData 
2016-07-22 14:19:46 - DEBUG --> Archivo \components\com_jhotelreservation\classes\services\UserDataService.php 
2016-07-22 14:19:46 - DEBUG --> getUserData 
2016-07-22 14:19:46 - DEBUG --> Archivo \components\com_jhotelreservationiews\hotel	mpl\hoteloverview.php 
2016-07-22 14:19:46 - DEBUG --> Accedió 
2016-07-22 14:19:47 - DEBUG --> Archivo \components\com_jhotelreservation\classes\services\UserDataService.php 
2016-07-22 14:19:47 - DEBUG --> initializeUserData 
2016-07-22 14:19:47 - DEBUG --> UserData first: a:0:{} 
2016-07-22 14:19:47 - DEBUG --> UserData end:  a:0:{} 
2016-07-22 14:19:47 - DEBUG --> Archivo \components\com_jhotelreservation\classes\services\UserDataService.php 
2016-07-22 14:19:47 - DEBUG --> initializeUserData 
2016-07-22 14:19:47 - DEBUG --> UserData first: a:0:{} 
2016-07-22 14:19:47 - DEBUG --> UserData end:  a:0:{} 
2016-07-22 14:19:47 - DEBUG --> Archivo \components\com_jhotelreservation\classes\services\UserDataService.php 
2016-07-22 14:19:47 - DEBUG --> initializeReservationData 
2016-07-22 14:19:47 - DEBUG --> UserData: a:0:{} 
2016-07-22 14:19:47 - DEBUG --> Archivo \components\com_jhotelreservation\classes\services\UserDataService.php 
2016-07-22 14:19:47 - DEBUG --> updateUserData 
2016-07-22 14:19:47 - DEBUG --> Archivo \components\com_jhotelreservation\classes\services\UserDataService.php 
2016-07-22 14:19:47 - DEBUG --> getUserData 
2016-07-22 14:19:47 - DEBUG --> Archivo \components\com_jhotelreservation\classes\services\UserDataService.php 
2016-07-22 14:19:47 - DEBUG --> setCurrency 
2016-07-22 14:19:47 - DEBUG --> Archivo \components\com_jhotelreservation\classes\services\UserDataService.php 
2016-07-22 14:19:47 - DEBUG --> getUserData 
2016-07-22 14:19:47 - DEBUG --> Archivo \components\com_jhotelreservation\classes\services\UserDataService.php 
2016-07-22 14:19:47 - DEBUG --> getUserData 
2016-07-22 14:19:47 - DEBUG --> Archivo \components\com_jhotelreservation\classes\services\UserDataService.php 
2016-07-22 14:19:47 - DEBUG --> getUserData 
2016-07-22 14:19:47 - DEBUG --> Archivo \components\com_jhotelreservationiews\hotel	mpl\hoteloverview.php 
2016-07-22 14:19:47 - DEBUG --> Accedió 
2016-07-22 14:19:49 - DEBUG --> Archivo \components\com_jhotelreservation\classes\services\UserDataService.php 
2016-07-22 14:19:49 - DEBUG --> initializeUserData 
2016-07-22 14:19:49 - DEBUG --> UserData first: a:0:{} 
2016-07-22 14:19:49 - DEBUG --> UserData end:  a:0:{} 
2016-07-22 14:19:49 - DEBUG --> Archivo \components\com_jhotelreservation\classes\services\UserDataService.php 
2016-07-22 14:19:49 - DEBUG --> initializeUserData 
2016-07-22 14:19:49 - DEBUG --> UserData first: a:0:{} 
2016-07-22 14:19:49 - DEBUG --> UserData end:  a:0:{} 
2016-07-22 14:19:49 - DEBUG --> Archivo \components\com_jhotelreservation\classes\services\UserDataService.php 
2016-07-22 14:19:49 - DEBUG --> initializeReservationData 
2016-07-22 14:19:49 - DEBUG --> UserData: a:0:{} 
2016-07-22 14:19:49 - DEBUG --> Archivo \components\com_jhotelreservation\classes\services\UserDataService.php 
2016-07-22 14:19:49 - DEBUG --> updateUserData 
2016-07-22 14:19:49 - DEBUG --> Archivo \components\com_jhotelreservation\classes\services\UserDataService.php 
2016-07-22 14:19:49 - DEBUG --> getUserData 
2016-07-22 14:19:49 - DEBUG --> Archivo \components\com_jhotelreservation\classes\services\UserDataService.php 
2016-07-22 14:19:49 - DEBUG --> setCurrency 
2016-07-22 14:19:49 - DEBUG --> Archivo \components\com_jhotelreservation\classes\services\UserDataService.php 
2016-07-22 14:19:49 - DEBUG --> getUserData 
2016-07-22 14:19:49 - DEBUG --> Archivo \components\com_jhotelreservation\classes\services\UserDataService.php 
2016-07-22 14:19:49 - DEBUG --> getUserData 
2016-07-22 14:19:49 - DEBUG --> Archivo \components\com_jhotelreservation\classes\services\UserDataService.php 
2016-07-22 14:19:49 - DEBUG --> getUserData 
2016-07-22 14:19:49 - DEBUG --> Archivo \components\com_jhotelreservationiews\hotel	mpl\hoteloverview.php 
2016-07-22 14:19:49 - DEBUG --> Accedió 
2016-07-22 14:19:50 - DEBUG --> Archivo \components\com_jhotelreservation\classes\services\UserDataService.php 
2016-07-22 14:19:50 - DEBUG --> initializeUserData 
2016-07-22 14:19:50 - DEBUG --> UserData first: a:0:{} 
2016-07-22 14:19:50 - DEBUG --> UserData end:  a:0:{} 
2016-07-22 14:19:50 - DEBUG --> Archivo \components\com_jhotelreservation\classes\services\UserDataService.php 
2016-07-22 14:19:50 - DEBUG --> initializeUserData 
2016-07-22 14:19:50 - DEBUG --> UserData first: a:0:{} 
2016-07-22 14:19:50 - DEBUG --> UserData end:  a:0:{} 
2016-07-22 14:19:50 - DEBUG --> Archivo \components\com_jhotelreservation\classes\services\UserDataService.php 
2016-07-22 14:19:50 - DEBUG --> initializeReservationData 
2016-07-22 14:19:50 - DEBUG --> UserData: a:0:{} 
2016-07-22 14:19:50 - DEBUG --> Archivo \components\com_jhotelreservation\classes\services\UserDataService.php 
2016-07-22 14:19:50 - DEBUG --> updateUserData 
2016-07-22 14:19:50 - DEBUG --> Archivo \components\com_jhotelreservation\classes\services\UserDataService.php 
2016-07-22 14:19:50 - DEBUG --> getUserData 
2016-07-22 14:19:50 - DEBUG --> Archivo \components\com_jhotelreservation\classes\services\UserDataService.php 
2016-07-22 14:19:50 - DEBUG --> setCurrency 
2016-07-22 14:19:50 - DEBUG --> Archivo \components\com_jhotelreservation\classes\services\UserDataService.php 
2016-07-22 14:19:50 - DEBUG --> getUserData 
2016-07-22 14:19:50 - DEBUG --> Archivo \components\com_jhotelreservation\classes\services\UserDataService.php 
2016-07-22 14:19:50 - DEBUG --> getUserData 
2016-07-22 14:19:50 - DEBUG --> Archivo \components\com_jhotelreservation\classes\services\UserDataService.php 
2016-07-22 14:19:50 - DEBUG --> getUserData 
2016-07-22 14:19:50 - DEBUG --> Archivo \components\com_jhotelreservationiews\hotel	mpl\hoteloverview.php 
2016-07-22 14:19:50 - DEBUG --> Accedió 
2016-07-22 14:19:50 - DEBUG --> Archivo \components\com_jhotelreservation\classes\services\UserDataService.php 
2016-07-22 14:19:50 - DEBUG --> initializeUserData 
2016-07-22 14:19:50 - DEBUG --> UserData first: a:0:{} 
2016-07-22 14:19:50 - DEBUG --> UserData end:  a:0:{} 
2016-07-22 14:19:50 - DEBUG --> Archivo \components\com_jhotelreservation\classes\services\UserDataService.php 
2016-07-22 14:19:50 - DEBUG --> initializeUserData 
2016-07-22 14:19:50 - DEBUG --> UserData first: a:0:{} 
2016-07-22 14:19:50 - DEBUG --> UserData end:  a:0:{} 
2016-07-22 14:19:50 - DEBUG --> Archivo \components\com_jhotelreservation\classes\services\UserDataService.php 
2016-07-22 14:19:50 - DEBUG --> initializeReservationData 
2016-07-22 14:19:50 - DEBUG --> UserData: a:0:{} 
2016-07-22 14:19:50 - DEBUG --> Archivo \components\com_jhotelreservation\classes\services\UserDataService.php 
2016-07-22 14:19:50 - DEBUG --> updateUserData 
2016-07-22 14:19:50 - DEBUG --> Archivo \components\com_jhotelreservation\classes\services\UserDataService.php 
2016-07-22 14:19:50 - DEBUG --> getUserData 
2016-07-22 14:19:50 - DEBUG --> Archivo \components\com_jhotelreservation\classes\services\UserDataService.php 
2016-07-22 14:19:50 - DEBUG --> initializeUserData 
2016-07-22 14:19:50 - DEBUG --> UserData first: a:0:{} 
2016-07-22 14:19:50 - DEBUG --> UserData end:  a:0:{} 
2016-07-22 14:19:50 - DEBUG --> Archivo \components\com_jhotelreservation\classes\services\UserDataService.php 
2016-07-22 14:19:50 - DEBUG --> initializeUserData 
2016-07-22 14:19:50 - DEBUG --> UserData first: a:0:{} 
2016-07-22 14:19:50 - DEBUG --> UserData end:  a:0:{} 
2016-07-22 14:19:50 - DEBUG --> Archivo \components\com_jhotelreservation\classes\services\UserDataService.php 
2016-07-22 14:19:50 - DEBUG --> initializeReservationData 
2016-07-22 14:19:50 - DEBUG --> UserData: a:0:{} 
2016-07-22 14:19:50 - DEBUG --> Archivo \components\com_jhotelreservation\classes\services\UserDataService.php 
2016-07-22 14:19:50 - DEBUG --> updateUserData 
2016-07-22 14:19:50 - DEBUG --> Archivo \components\com_jhotelreservation\classes\services\UserDataService.php 
2016-07-22 14:19:50 - DEBUG --> getUserData 
2016-07-22 14:19:50 - DEBUG --> Archivo \components\com_jhotelreservation\classes\services\UserDataService.php 
2016-07-22 14:19:50 - DEBUG --> setCurrency 
2016-07-22 14:19:50 - DEBUG --> Archivo \components\com_jhotelreservation\classes\services\UserDataService.php 
2016-07-22 14:19:50 - DEBUG --> getUserData 
2016-07-22 14:19:50 - DEBUG --> Archivo \components\com_jhotelreservation\classes\services\UserDataService.php 
2016-07-22 14:19:50 - DEBUG --> getUserData 
2016-07-22 14:19:50 - DEBUG --> Archivo \components\com_jhotelreservation\classes\services\UserDataService.php 
2016-07-22 14:19:50 - DEBUG --> initializeUserData 
2016-07-22 14:19:50 - DEBUG --> UserData first: a:0:{} 
2016-07-22 14:19:50 - DEBUG --> UserData end:  a:0:{} 
2016-07-22 14:19:50 - DEBUG --> Archivo \components\com_jhotelreservation\classes\services\UserDataService.php 
2016-07-22 14:19:50 - DEBUG --> getUserData 
2016-07-22 14:19:50 - DEBUG --> Archivo \components\com_jhotelreservationiews\hotel	mpl\hoteloverview.php 
2016-07-22 14:19:50 - DEBUG --> Accedió 
2016-07-22 14:19:50 - DEBUG --> Archivo \components\com_jhotelreservation\classes\services\UserDataService.php 
2016-07-22 14:19:50 - DEBUG --> setCurrency 
2016-07-22 14:19:50 - DEBUG --> Archivo \components\com_jhotelreservation\classes\services\UserDataService.php 
2016-07-22 14:19:50 - DEBUG --> getUserData 
2016-07-22 14:19:50 - DEBUG --> Archivo \components\com_jhotelreservation\classes\services\UserDataService.php 
2016-07-22 14:19:50 - DEBUG --> getUserData 
2016-07-22 14:19:50 - DEBUG --> Archivo \components\com_jhotelreservation\classes\services\UserDataService.php 
2016-07-22 14:19:50 - DEBUG --> getUserData 
2016-07-22 14:19:50 - DEBUG --> Archivo \components\com_jhotelreservationiews\hotel	mpl\hoteloverview.php 
2016-07-22 14:19:50 - DEBUG --> Accedió 
2016-07-22 14:19:50 - DEBUG --> Archivo \components\com_jhotelreservation\classes\services\UserDataService.php 
2016-07-22 14:19:50 - DEBUG --> initializeUserData 
2016-07-22 14:19:50 - DEBUG --> UserData first: a:0:{} 
2016-07-22 14:19:50 - DEBUG --> UserData end:  a:0:{} 
2016-07-22 14:19:50 - DEBUG --> Archivo \components\com_jhotelreservation\classes\services\UserDataService.php 
2016-07-22 14:19:50 - DEBUG --> initializeReservationData 
2016-07-22 14:19:50 - DEBUG --> UserData: a:0:{} 
2016-07-22 14:19:50 - DEBUG --> Archivo \components\com_jhotelreservation\classes\services\UserDataService.php 
2016-07-22 14:19:50 - DEBUG --> updateUserData 
2016-07-22 14:19:50 - DEBUG --> Archivo \components\com_jhotelreservation\classes\services\UserDataService.php 
2016-07-22 14:19:50 - DEBUG --> getUserData 
2016-07-22 14:19:50 - DEBUG --> Archivo \components\com_jhotelreservation\classes\services\UserDataService.php 
2016-07-22 14:19:50 - DEBUG --> initializeUserData 
2016-07-22 14:19:50 - DEBUG --> UserData first: a:0:{} 
2016-07-22 14:19:50 - DEBUG --> UserData end:  a:0:{} 
2016-07-22 14:19:50 - DEBUG --> Archivo \components\com_jhotelreservation\classes\services\UserDataService.php 
2016-07-22 14:19:50 - DEBUG --> initializeUserData 
2016-07-22 14:19:50 - DEBUG --> UserData first: a:0:{} 
2016-07-22 14:19:50 - DEBUG --> UserData end:  a:0:{} 
2016-07-22 14:19:50 - DEBUG --> Archivo \components\com_jhotelreservation\classes\services\UserDataService.php 
2016-07-22 14:19:50 - DEBUG --> initializeReservationData 
2016-07-22 14:19:50 - DEBUG --> UserData: a:0:{} 
2016-07-22 14:19:50 - DEBUG --> Archivo \components\com_jhotelreservation\classes\services\UserDataService.php 
2016-07-22 14:19:50 - DEBUG --> setCurrency 
2016-07-22 14:19:50 - DEBUG --> Archivo \components\com_jhotelreservation\classes\services\UserDataService.php 
2016-07-22 14:19:50 - DEBUG --> getUserData 
2016-07-22 14:19:50 - DEBUG --> Archivo \components\com_jhotelreservation\classes\services\UserDataService.php 
2016-07-22 14:19:50 - DEBUG --> getUserData 
2016-07-22 14:19:50 - DEBUG --> Archivo \components\com_jhotelreservation\classes\services\UserDataService.php 
2016-07-22 14:19:50 - DEBUG --> getUserData 
2016-07-22 14:19:50 - DEBUG --> Archivo \components\com_jhotelreservationiews\hotel	mpl\hoteloverview.php 
2016-07-22 14:19:50 - DEBUG --> Accedió 
2016-07-22 14:19:50 - DEBUG --> Archivo \components\com_jhotelreservation\classes\services\UserDataService.php 
2016-07-22 14:19:50 - DEBUG --> updateUserData 
2016-07-22 14:19:50 - DEBUG --> Archivo \components\com_jhotelreservation\classes\services\UserDataService.php 
2016-07-22 14:19:50 - DEBUG --> getUserData 
2016-07-22 14:19:50 - DEBUG --> Archivo \components\com_jhotelreservation\classes\services\UserDataService.php 
2016-07-22 14:19:50 - DEBUG --> setCurrency 
2016-07-22 14:19:50 - DEBUG --> Archivo \components\com_jhotelreservation\classes\services\UserDataService.php 
2016-07-22 14:19:50 - DEBUG --> getUserData 
2016-07-22 14:19:50 - DEBUG --> Archivo \components\com_jhotelreservation\classes\services\UserDataService.php 
2016-07-22 14:19:50 - DEBUG --> getUserData 
2016-07-22 14:19:50 - DEBUG --> Archivo \components\com_jhotelreservation\classes\services\UserDataService.php 
2016-07-22 14:19:50 - DEBUG --> getUserData 
2016-07-22 14:19:50 - DEBUG --> Archivo \components\com_jhotelreservationiews\hotel	mpl\hoteloverview.php 
2016-07-22 14:19:50 - DEBUG --> Accedió 
2016-07-22 17:14:50 - DEBUG --> Archivo \components\com_jhotelreservation\classes\services\UserDataService.php 
2016-07-22 17:14:50 - DEBUG --> initializeUserData 
2016-07-22 17:14:50 - DEBUG --> UserData first: N; 
2016-07-22 17:14:50 - DEBUG --> Archivo \components\com_jhotelreservation\classes\services\UserDataService.php 
2016-07-22 17:14:50 - DEBUG --> createUserData 
2016-07-22 17:14:50 - DEBUG --> UserData end:  a:0:{} 
2016-07-22 17:14:50 - DEBUG --> Archivo \components\com_jhotelreservation\classes\services\UserDataService.php 
2016-07-22 17:14:50 - DEBUG --> initializeUserData 
2016-07-22 17:14:50 - DEBUG --> UserData first: a:0:{} 
2016-07-22 17:14:50 - DEBUG --> UserData end:  a:0:{} 
2016-07-22 17:14:50 - DEBUG --> Archivo \components\com_jhotelreservation\classes\services\UserDataService.php 
2016-07-22 17:14:50 - DEBUG --> initializeReservationData 
2016-07-22 17:14:50 - DEBUG --> UserData: a:0:{} 
2016-07-22 17:14:50 - DEBUG --> Archivo \components\com_jhotelreservation\classes\services\UserDataService.php 
2016-07-22 17:14:50 - DEBUG --> updateUserData 
2016-07-22 17:14:50 - DEBUG --> Archivo \components\com_jhotelreservation\classes\services\UserDataService.php 
2016-07-22 17:14:50 - DEBUG --> getUserData 
2016-07-22 17:14:50 - DEBUG --> Archivo \components\com_jhotelreservation\classes\services\UserDataService.php 
2016-07-22 17:14:50 - DEBUG --> setCurrency 
2016-07-22 17:14:50 - DEBUG --> Archivo \components\com_jhotelreservation\classes\services\UserDataService.php 
2016-07-22 17:14:50 - DEBUG --> getUserData 
2016-07-22 17:14:50 - DEBUG --> Archivo \components\com_jhotelreservation\classes\services\UserDataService.php 
2016-07-22 17:14:50 - DEBUG --> getUserData 
2016-07-22 17:14:50 - DEBUG --> Archivo \components\com_jhotelreservation\classes\services\UserDataService.php 
2016-07-22 17:14:50 - DEBUG --> getUserData 
2016-07-22 17:14:50 - DEBUG --> Archivo \components\com_jhotelreservationiews\hotel	mpl\hoteloverview.php 
2016-07-22 17:14:50 - DEBUG --> Accedió 
2016-07-22 18:31:00 - DEBUG --> Archivo \components\com_jhotelreservation\classes\services\UserDataService.php 
2016-07-22 18:31:00 - DEBUG --> initializeUserData 
2016-07-22 18:31:00 - DEBUG --> UserData first: N; 
2016-07-22 18:31:00 - DEBUG --> Archivo \components\com_jhotelreservation\classes\services\UserDataService.php 
2016-07-22 18:31:00 - DEBUG --> createUserData 
2016-07-22 18:31:00 - DEBUG --> UserData end:  a:0:{} 
2016-07-22 18:31:00 - DEBUG --> Archivo \components\com_jhotelreservation\classes\services\UserDataService.php 
2016-07-22 18:31:00 - DEBUG --> initializeUserData 
2016-07-22 18:31:00 - DEBUG --> UserData first: a:0:{} 
2016-07-22 18:31:00 - DEBUG --> UserData end:  a:0:{} 
2016-07-22 18:31:00 - DEBUG --> Archivo \components\com_jhotelreservation\classes\services\UserDataService.php 
2016-07-22 18:31:00 - DEBUG --> initializeReservationData 
2016-07-22 18:31:00 - DEBUG --> UserData: a:0:{} 
2016-07-22 18:31:00 - DEBUG --> Archivo \components\com_jhotelreservation\classes\services\UserDataService.php 
2016-07-22 18:31:00 - DEBUG --> updateUserData 
2016-07-22 18:31:00 - DEBUG --> Archivo \components\com_jhotelreservation\classes\services\UserDataService.php 
2016-07-22 18:31:00 - DEBUG --> getUserData 
2016-07-22 18:31:00 - DEBUG --> Archivo \components\com_jhotelreservation\classes\services\UserDataService.php 
2016-07-22 18:31:00 - DEBUG --> setCurrency 
2016-07-22 18:31:00 - DEBUG --> Archivo \components\com_jhotelreservation\classes\services\UserDataService.php 
2016-07-22 18:31:00 - DEBUG --> getUserData 
2016-07-22 18:31:00 - DEBUG --> Archivo \components\com_jhotelreservation\classes\services\UserDataService.php 
2016-07-22 18:31:00 - DEBUG --> getUserData 
2016-07-22 18:31:00 - DEBUG --> Archivo \components\com_jhotelreservation\classes\services\UserDataService.php 
2016-07-22 18:31:00 - DEBUG --> getUserData 
2016-07-22 18:31:00 - DEBUG --> Archivo \components\com_jhotelreservationiews\hotel	mpl\hoteloverview.php 
2016-07-22 18:31:00 - DEBUG --> Accedió 
2016-07-22 18:31:01 - DEBUG --> Archivo \components\com_jhotelreservation\classes\services\UserDataService.php 
2016-07-22 18:31:01 - DEBUG --> initializeUserData 
2016-07-22 18:31:01 - DEBUG --> UserData first: N; 
2016-07-22 18:31:01 - DEBUG --> Archivo \components\com_jhotelreservation\classes\services\UserDataService.php 
2016-07-22 18:31:01 - DEBUG --> createUserData 
2016-07-22 18:31:01 - DEBUG --> UserData end:  a:0:{} 
2016-07-22 18:31:01 - DEBUG --> Archivo \components\com_jhotelreservation\classes\services\UserDataService.php 
2016-07-22 18:31:01 - DEBUG --> initializeUserData 
2016-07-22 18:31:01 - DEBUG --> UserData first: a:0:{} 
2016-07-22 18:31:01 - DEBUG --> UserData end:  a:0:{} 
2016-07-22 18:31:01 - DEBUG --> Archivo \components\com_jhotelreservation\classes\services\UserDataService.php 
2016-07-22 18:31:01 - DEBUG --> initializeReservationData 
2016-07-22 18:31:01 - DEBUG --> UserData: a:0:{} 
2016-07-22 18:31:01 - DEBUG --> Archivo \components\com_jhotelreservation\classes\services\UserDataService.php 
2016-07-22 18:31:01 - DEBUG --> updateUserData 
2016-07-22 18:31:01 - DEBUG --> Archivo \components\com_jhotelreservation\classes\services\UserDataService.php 
2016-07-22 18:31:01 - DEBUG --> getUserData 
2016-07-22 18:31:01 - DEBUG --> Archivo \components\com_jhotelreservation\classes\services\UserDataService.php 
2016-07-22 18:31:01 - DEBUG --> setCurrency 
2016-07-22 18:31:01 - DEBUG --> Archivo \components\com_jhotelreservation\classes\services\UserDataService.php 
2016-07-22 18:31:01 - DEBUG --> getUserData 
2016-07-22 18:31:01 - DEBUG --> Archivo \components\com_jhotelreservation\classes\services\UserDataService.php 
2016-07-22 18:31:01 - DEBUG --> getUserData 
2016-07-22 18:31:01 - DEBUG --> Archivo \components\com_jhotelreservation\classes\services\UserDataService.php 
2016-07-22 18:31:01 - DEBUG --> getUserData 
2016-07-22 18:31:01 - DEBUG --> Archivo \components\com_jhotelreservationiews\hotel	mpl\hoteloverview.php 
2016-07-22 18:31:01 - DEBUG --> Accedió 
2016-07-22 18:31:01 - DEBUG --> Archivo \components\com_jhotelreservation\classes\services\UserDataService.php 
2016-07-22 18:31:01 - DEBUG --> initializeUserData 
2016-07-22 18:31:01 - DEBUG --> UserData first: N; 
2016-07-22 18:31:01 - DEBUG --> Archivo \components\com_jhotelreservation\classes\services\UserDataService.php 
2016-07-22 18:31:01 - DEBUG --> createUserData 
2016-07-22 18:31:01 - DEBUG --> UserData end:  a:0:{} 
2016-07-22 18:31:01 - DEBUG --> Archivo \components\com_jhotelreservation\classes\services\UserDataService.php 
2016-07-22 18:31:01 - DEBUG --> initializeUserData 
2016-07-22 18:31:01 - DEBUG --> UserData first: a:0:{} 
2016-07-22 18:31:01 - DEBUG --> UserData end:  a:0:{} 
2016-07-22 18:31:01 - DEBUG --> Archivo \components\com_jhotelreservation\classes\services\UserDataService.php 
2016-07-22 18:31:01 - DEBUG --> initializeReservationData 
2016-07-22 18:31:01 - DEBUG --> UserData: a:0:{} 
2016-07-22 18:31:01 - DEBUG --> Archivo \components\com_jhotelreservation\classes\services\UserDataService.php 
2016-07-22 18:31:01 - DEBUG --> updateUserData 
2016-07-22 18:31:01 - DEBUG --> Archivo \components\com_jhotelreservation\classes\services\UserDataService.php 
2016-07-22 18:31:01 - DEBUG --> getUserData 
2016-07-22 18:31:01 - DEBUG --> Archivo \components\com_jhotelreservation\classes\services\UserDataService.php 
2016-07-22 18:31:01 - DEBUG --> setCurrency 
2016-07-22 18:31:01 - DEBUG --> Archivo \components\com_jhotelreservation\classes\services\UserDataService.php 
2016-07-22 18:31:01 - DEBUG --> getUserData 
2016-07-22 18:31:01 - DEBUG --> Archivo \components\com_jhotelreservation\classes\services\UserDataService.php 
2016-07-22 18:31:01 - DEBUG --> getUserData 
2016-07-22 18:31:01 - DEBUG --> Archivo \components\com_jhotelreservation\classes\services\UserDataService.php 
2016-07-22 18:31:01 - DEBUG --> getUserData 
2016-07-22 18:31:01 - DEBUG --> Archivo \components\com_jhotelreservationiews\hotel	mpl\hoteloverview.php 
2016-07-22 18:31:01 - DEBUG --> Accedió 
2016-07-22 18:31:02 - DEBUG --> Archivo \components\com_jhotelreservation\classes\services\UserDataService.php 
2016-07-22 18:31:02 - DEBUG --> initializeUserData 
2016-07-22 18:31:02 - DEBUG --> UserData first: N; 
2016-07-22 18:31:02 - DEBUG --> Archivo \components\com_jhotelreservation\classes\services\UserDataService.php 
2016-07-22 18:31:02 - DEBUG --> createUserData 
2016-07-22 18:31:02 - DEBUG --> UserData end:  a:0:{} 
2016-07-22 18:31:02 - DEBUG --> Archivo \components\com_jhotelreservation\classes\services\UserDataService.php 
2016-07-22 18:31:02 - DEBUG --> initializeUserData 
2016-07-22 18:31:02 - DEBUG --> UserData first: a:0:{} 
2016-07-22 18:31:02 - DEBUG --> UserData end:  a:0:{} 
2016-07-22 18:31:02 - DEBUG --> Archivo \components\com_jhotelreservation\classes\services\UserDataService.php 
2016-07-22 18:31:02 - DEBUG --> initializeReservationData 
2016-07-22 18:31:02 - DEBUG --> UserData: a:0:{} 
2016-07-22 18:31:02 - DEBUG --> Archivo \components\com_jhotelreservation\classes\services\UserDataService.php 
2016-07-22 18:31:02 - DEBUG --> updateUserData 
2016-07-22 18:31:02 - DEBUG --> Archivo \components\com_jhotelreservation\classes\services\UserDataService.php 
2016-07-22 18:31:02 - DEBUG --> getUserData 
2016-07-22 18:31:02 - DEBUG --> Archivo \components\com_jhotelreservation\classes\services\UserDataService.php 
2016-07-22 18:31:02 - DEBUG --> setCurrency 
2016-07-22 18:31:02 - DEBUG --> Archivo \components\com_jhotelreservation\classes\services\UserDataService.php 
2016-07-22 18:31:02 - DEBUG --> getUserData 
2016-07-22 18:31:02 - DEBUG --> Archivo \components\com_jhotelreservation\classes\services\UserDataService.php 
2016-07-22 18:31:02 - DEBUG --> getUserData 
2016-07-22 18:31:02 - DEBUG --> Archivo \components\com_jhotelreservation\classes\services\UserDataService.php 
2016-07-22 18:31:02 - DEBUG --> getUserData 
2016-07-22 18:31:02 - DEBUG --> Archivo \components\com_jhotelreservationiews\hotel	mpl\hoteloverview.php 
2016-07-22 18:31:02 - DEBUG --> Accedió 
2016-07-22 18:31:03 - DEBUG --> Archivo \components\com_jhotelreservation\classes\services\UserDataService.php 
2016-07-22 18:31:03 - DEBUG --> initializeUserData 
2016-07-22 18:31:03 - DEBUG --> UserData first: N; 
2016-07-22 18:31:03 - DEBUG --> Archivo \components\com_jhotelreservation\classes\services\UserDataService.php 
2016-07-22 18:31:03 - DEBUG --> createUserData 
2016-07-22 18:31:03 - DEBUG --> UserData end:  a:0:{} 
2016-07-22 18:31:03 - DEBUG --> Archivo \components\com_jhotelreservation\classes\services\UserDataService.php 
2016-07-22 18:31:03 - DEBUG --> initializeUserData 
2016-07-22 18:31:03 - DEBUG --> UserData first: a:0:{} 
2016-07-22 18:31:03 - DEBUG --> UserData end:  a:0:{} 
2016-07-22 18:31:03 - DEBUG --> Archivo \components\com_jhotelreservation\classes\services\UserDataService.php 
2016-07-22 18:31:03 - DEBUG --> initializeReservationData 
2016-07-22 18:31:03 - DEBUG --> UserData: a:0:{} 
2016-07-22 18:31:03 - DEBUG --> Archivo \components\com_jhotelreservation\classes\services\UserDataService.php 
2016-07-22 18:31:03 - DEBUG --> updateUserData 
2016-07-22 18:31:03 - DEBUG --> Archivo \components\com_jhotelreservation\classes\services\UserDataService.php 
2016-07-22 18:31:03 - DEBUG --> getUserData 
2016-07-22 18:31:03 - DEBUG --> Archivo \components\com_jhotelreservation\classes\services\UserDataService.php 
2016-07-22 18:31:03 - DEBUG --> setCurrency 
2016-07-22 18:31:03 - DEBUG --> Archivo \components\com_jhotelreservation\classes\services\UserDataService.php 
2016-07-22 18:31:03 - DEBUG --> getUserData 
2016-07-22 18:31:03 - DEBUG --> Archivo \components\com_jhotelreservation\classes\services\UserDataService.php 
2016-07-22 18:31:03 - DEBUG --> getUserData 
2016-07-22 18:31:03 - DEBUG --> Archivo \components\com_jhotelreservation\classes\services\UserDataService.php 
2016-07-22 18:31:03 - DEBUG --> getUserData 
2016-07-22 18:31:03 - DEBUG --> Archivo \components\com_jhotelreservationiews\hotel	mpl\hoteloverview.php 
2016-07-22 18:31:03 - DEBUG --> Accedió 
2016-07-22 18:31:03 - DEBUG --> Archivo \components\com_jhotelreservation\classes\services\UserDataService.php 
2016-07-22 18:31:03 - DEBUG --> initializeUserData 
2016-07-22 18:31:03 - DEBUG --> UserData first: N; 
2016-07-22 18:31:03 - DEBUG --> Archivo \components\com_jhotelreservation\classes\services\UserDataService.php 
2016-07-22 18:31:03 - DEBUG --> createUserData 
2016-07-22 18:31:03 - DEBUG --> UserData end:  a:0:{} 
2016-07-22 18:31:03 - DEBUG --> Archivo \components\com_jhotelreservation\classes\services\UserDataService.php 
2016-07-22 18:31:03 - DEBUG --> initializeUserData 
2016-07-22 18:31:03 - DEBUG --> UserData first: a:0:{} 
2016-07-22 18:31:03 - DEBUG --> UserData end:  a:0:{} 
2016-07-22 18:31:03 - DEBUG --> Archivo \components\com_jhotelreservation\classes\services\UserDataService.php 
2016-07-22 18:31:03 - DEBUG --> initializeReservationData 
2016-07-22 18:31:03 - DEBUG --> UserData: a:0:{} 
2016-07-22 18:31:03 - DEBUG --> Archivo \components\com_jhotelreservation\classes\services\UserDataService.php 
2016-07-22 18:31:03 - DEBUG --> updateUserData 
2016-07-22 18:31:03 - DEBUG --> Archivo \components\com_jhotelreservation\classes\services\UserDataService.php 
2016-07-22 18:31:03 - DEBUG --> getUserData 
2016-07-22 18:31:03 - DEBUG --> Archivo \components\com_jhotelreservation\classes\services\UserDataService.php 
2016-07-22 18:31:03 - DEBUG --> setCurrency 
2016-07-22 18:31:03 - DEBUG --> Archivo \components\com_jhotelreservation\classes\services\UserDataService.php 
2016-07-22 18:31:03 - DEBUG --> getUserData 
2016-07-22 18:31:03 - DEBUG --> Archivo \components\com_jhotelreservation\classes\services\UserDataService.php 
2016-07-22 18:31:03 - DEBUG --> getUserData 
2016-07-22 18:31:03 - DEBUG --> Archivo \components\com_jhotelreservation\classes\services\UserDataService.php 
2016-07-22 18:31:03 - DEBUG --> getUserData 
2016-07-22 18:31:03 - DEBUG --> Archivo \components\com_jhotelreservationiews\hotel	mpl\hoteloverview.php 
2016-07-22 18:31:03 - DEBUG --> Accedió 
2016-07-22 18:31:04 - DEBUG --> Archivo \components\com_jhotelreservation\classes\services\UserDataService.php 
2016-07-22 18:31:04 - DEBUG --> initializeUserData 
2016-07-22 18:31:04 - DEBUG --> UserData first: N; 
2016-07-22 18:31:04 - DEBUG --> Archivo \components\com_jhotelreservation\classes\services\UserDataService.php 
2016-07-22 18:31:04 - DEBUG --> createUserData 
2016-07-22 18:31:04 - DEBUG --> UserData end:  a:0:{} 
2016-07-22 18:31:04 - DEBUG --> Archivo \components\com_jhotelreservation\classes\services\UserDataService.php 
2016-07-22 18:31:04 - DEBUG --> initializeUserData 
2016-07-22 18:31:04 - DEBUG --> UserData first: a:0:{} 
2016-07-22 18:31:04 - DEBUG --> UserData end:  a:0:{} 
2016-07-22 18:31:04 - DEBUG --> Archivo \components\com_jhotelreservation\classes\services\UserDataService.php 
2016-07-22 18:31:04 - DEBUG --> initializeReservationData 
2016-07-22 18:31:04 - DEBUG --> UserData: a:0:{} 
2016-07-22 18:31:04 - DEBUG --> Archivo \components\com_jhotelreservation\classes\services\UserDataService.php 
2016-07-22 18:31:04 - DEBUG --> updateUserData 
2016-07-22 18:31:04 - DEBUG --> Archivo \components\com_jhotelreservation\classes\services\UserDataService.php 
2016-07-22 18:31:04 - DEBUG --> getUserData 
2016-07-22 18:31:04 - DEBUG --> Archivo \components\com_jhotelreservation\classes\services\UserDataService.php 
2016-07-22 18:31:04 - DEBUG --> setCurrency 
2016-07-22 18:31:04 - DEBUG --> Archivo \components\com_jhotelreservation\classes\services\UserDataService.php 
2016-07-22 18:31:04 - DEBUG --> getUserData 
2016-07-22 18:31:04 - DEBUG --> Archivo \components\com_jhotelreservation\classes\services\UserDataService.php 
2016-07-22 18:31:04 - DEBUG --> getUserData 
2016-07-22 18:31:04 - DEBUG --> Archivo \components\com_jhotelreservation\classes\services\UserDataService.php 
2016-07-22 18:31:04 - DEBUG --> getUserData 
2016-07-22 18:31:04 - DEBUG --> Archivo \components\com_jhotelreservationiews\hotel	mpl\hoteloverview.php 
2016-07-22 18:31:04 - DEBUG --> Accedió 
2016-07-22 18:52:03 - DEBUG --> Archivo \components\com_jhotelreservation\classes\services\UserDataService.php 
2016-07-22 18:52:03 - DEBUG --> initializeUserData 
2016-07-22 18:52:03 - DEBUG --> UserData first: N; 
2016-07-22 18:52:03 - DEBUG --> Archivo \components\com_jhotelreservation\classes\services\UserDataService.php 
2016-07-22 18:52:03 - DEBUG --> createUserData 
2016-07-22 18:52:03 - DEBUG --> UserData end:  a:0:{} 
2016-07-22 18:52:03 - DEBUG --> Archivo \components\com_jhotelreservation\classes\services\UserDataService.php 
2016-07-22 18:52:03 - DEBUG --> initializeUserData 
2016-07-22 18:52:03 - DEBUG --> UserData first: a:0:{} 
2016-07-22 18:52:03 - DEBUG --> UserData end:  a:0:{} 
2016-07-22 18:52:03 - DEBUG --> Archivo \components\com_jhotelreservation\classes\services\UserDataService.php 
2016-07-22 18:52:03 - DEBUG --> initializeReservationData 
2016-07-22 18:52:03 - DEBUG --> UserData: a:0:{} 
2016-07-22 18:52:03 - DEBUG --> Archivo \components\com_jhotelreservation\classes\services\UserDataService.php 
2016-07-22 18:52:03 - DEBUG --> updateUserData 
2016-07-22 18:52:03 - DEBUG --> Archivo \components\com_jhotelreservation\classes\services\UserDataService.php 
2016-07-22 18:52:03 - DEBUG --> getUserData 
2016-07-22 18:52:03 - DEBUG --> Archivo \components\com_jhotelreservation\classes\services\UserDataService.php 
2016-07-22 18:52:03 - DEBUG --> setCurrency 
2016-07-22 18:52:03 - DEBUG --> Archivo \components\com_jhotelreservation\classes\services\UserDataService.php 
2016-07-22 18:52:03 - DEBUG --> getUserData 
2016-07-22 18:52:03 - DEBUG --> Archivo \components\com_jhotelreservation\classes\services\UserDataService.php 
2016-07-22 18:52:03 - DEBUG --> getUserData 
2016-07-22 18:52:03 - DEBUG --> Archivo \components\com_jhotelreservation\classes\services\UserDataService.php 
2016-07-22 18:52:03 - DEBUG --> getUserData 
2016-07-22 18:52:03 - DEBUG --> Archivo \components\com_jhotelreservationiews\hotel	mpl\hoteloverview.php 
2016-07-22 18:52:03 - DEBUG --> Accedió 
