2016-02-08 0:32:13 - DEBUG --> Archivo \components\com_jhotelreservation\classes\services\UserDataService.php 
2016-02-08 0:32:13 - DEBUG --> initializeUserData 
2016-02-08 0:32:13 - DEBUG --> UserData first: N; 
2016-02-08 0:32:13 - DEBUG --> Archivo \components\com_jhotelreservation\classes\services\UserDataService.php 
2016-02-08 0:32:13 - DEBUG --> createUserData 
2016-02-08 0:32:13 - DEBUG --> UserData end:  a:0:{} 
2016-02-08 0:32:13 - DEBUG --> Archivo \components\com_jhotelreservation\classes\services\UserDataService.php 
2016-02-08 0:32:13 - DEBUG --> initializeUserData 
2016-02-08 0:32:13 - DEBUG --> UserData first: a:0:{} 
2016-02-08 0:32:13 - DEBUG --> UserData end:  a:0:{} 
2016-02-08 0:32:13 - DEBUG --> Archivo \components\com_jhotelreservation\classes\services\UserDataService.php 
2016-02-08 0:32:13 - DEBUG --> initializeReservationData 
2016-02-08 0:32:13 - DEBUG --> UserData: a:0:{} 
2016-02-08 0:32:13 - DEBUG --> Archivo \components\com_jhotelreservation\classes\services\UserDataService.php 
2016-02-08 0:32:13 - DEBUG --> updateUserData 
2016-02-08 0:32:13 - DEBUG --> Archivo \components\com_jhotelreservation\classes\services\UserDataService.php 
2016-02-08 0:32:13 - DEBUG --> getUserData 
2016-02-08 0:32:13 - DEBUG --> Archivo \components\com_jhotelreservation\classes\services\UserDataService.php 
2016-02-08 0:32:13 - DEBUG --> setCurrency 
2016-02-08 0:32:13 - DEBUG --> Archivo \components\com_jhotelreservation\classes\services\UserDataService.php 
2016-02-08 0:32:13 - DEBUG --> getUserData 
2016-02-08 0:32:13 - DEBUG --> Archivo \components\com_jhotelreservation\classes\services\UserDataService.php 
2016-02-08 0:32:13 - DEBUG --> getUserData 
2016-02-08 0:32:13 - DEBUG --> Archivo \components\com_jhotelreservation\classes\services\UserDataService.php 
2016-02-08 0:32:13 - DEBUG --> getUserData 
2016-02-08 0:32:13 - DEBUG --> Archivo \components\com_jhotelreservationiews\hotel	mpl\hoteloverview.php 
2016-02-08 0:32:13 - DEBUG --> Accedió 
2016-02-08 1:24:54 - DEBUG --> Archivo \components\com_jhotelreservation\classes\services\UserDataService.php 
2016-02-08 1:24:54 - DEBUG --> initializeUserData 
2016-02-08 1:24:54 - DEBUG --> UserData first: N; 
2016-02-08 1:24:54 - DEBUG --> Archivo \components\com_jhotelreservation\classes\services\UserDataService.php 
2016-02-08 1:24:54 - DEBUG --> createUserData 
2016-02-08 1:24:54 - DEBUG --> UserData end:  a:0:{} 
2016-02-08 1:24:54 - DEBUG --> Archivo \components\com_jhotelreservation\classes\services\UserDataService.php 
2016-02-08 1:24:54 - DEBUG --> initializeUserData 
2016-02-08 1:24:54 - DEBUG --> UserData first: a:0:{} 
2016-02-08 1:24:54 - DEBUG --> UserData end:  a:0:{} 
2016-02-08 1:24:54 - DEBUG --> Archivo \components\com_jhotelreservation\classes\services\UserDataService.php 
2016-02-08 1:24:54 - DEBUG --> initializeReservationData 
2016-02-08 1:24:54 - DEBUG --> UserData: a:0:{} 
2016-02-08 1:24:54 - DEBUG --> Archivo \components\com_jhotelreservation\classes\services\UserDataService.php 
2016-02-08 1:24:54 - DEBUG --> updateUserData 
2016-02-08 1:24:54 - DEBUG --> Archivo \components\com_jhotelreservation\classes\services\UserDataService.php 
2016-02-08 1:24:54 - DEBUG --> getUserData 
2016-02-08 1:24:54 - DEBUG --> Archivo \components\com_jhotelreservation\classes\services\UserDataService.php 
2016-02-08 1:24:54 - DEBUG --> setCurrency 
2016-02-08 1:24:54 - DEBUG --> Archivo \components\com_jhotelreservation\classes\services\UserDataService.php 
2016-02-08 1:24:54 - DEBUG --> getUserData 
2016-02-08 1:24:54 - DEBUG --> Archivo \components\com_jhotelreservation\classes\services\UserDataService.php 
2016-02-08 1:24:54 - DEBUG --> getUserData 
2016-02-08 1:24:54 - DEBUG --> Archivo \components\com_jhotelreservation\classes\services\UserDataService.php 
2016-02-08 1:24:54 - DEBUG --> getUserData 
2016-02-08 2:32:43 - DEBUG --> Archivo \components\com_jhotelreservation\classes\services\UserDataService.php 
2016-02-08 2:32:43 - DEBUG --> initializeUserData 
2016-02-08 2:32:43 - DEBUG --> UserData first: N; 
2016-02-08 2:32:43 - DEBUG --> Archivo \components\com_jhotelreservation\classes\services\UserDataService.php 
2016-02-08 2:32:43 - DEBUG --> createUserData 
2016-02-08 2:32:43 - DEBUG --> UserData end:  a:0:{} 
2016-02-08 2:32:43 - DEBUG --> Archivo \components\com_jhotelreservation\classes\services\UserDataService.php 
2016-02-08 2:32:43 - DEBUG --> initializeUserData 
2016-02-08 2:32:43 - DEBUG --> UserData first: a:0:{} 
2016-02-08 2:32:43 - DEBUG --> UserData end:  a:0:{} 
2016-02-08 2:32:43 - DEBUG --> Archivo \components\com_jhotelreservation\classes\services\UserDataService.php 
2016-02-08 2:32:43 - DEBUG --> initializeReservationData 
2016-02-08 2:32:43 - DEBUG --> UserData: a:0:{} 
2016-02-08 2:32:43 - DEBUG --> Archivo \components\com_jhotelreservation\classes\services\UserDataService.php 
2016-02-08 2:32:43 - DEBUG --> updateUserData 
2016-02-08 2:32:43 - DEBUG --> Archivo \components\com_jhotelreservation\classes\services\UserDataService.php 
2016-02-08 2:32:43 - DEBUG --> getUserData 
2016-02-08 2:32:43 - DEBUG --> Archivo \components\com_jhotelreservation\classes\services\UserDataService.php 
2016-02-08 2:32:43 - DEBUG --> setCurrency 
2016-02-08 2:32:43 - DEBUG --> Archivo \components\com_jhotelreservation\classes\services\UserDataService.php 
2016-02-08 2:32:43 - DEBUG --> getUserData 
2016-02-08 2:32:43 - DEBUG --> Archivo \components\com_jhotelreservation\classes\services\UserDataService.php 
2016-02-08 2:32:43 - DEBUG --> getUserData 
2016-02-08 2:32:43 - DEBUG --> Archivo \components\com_jhotelreservation\classes\services\UserDataService.php 
2016-02-08 2:32:43 - DEBUG --> getUserData 
2016-02-08 2:48:14 - DEBUG --> Archivo \components\com_jhotelreservation\classes\services\UserDataService.php 
2016-02-08 2:48:14 - DEBUG --> initializeUserData 
2016-02-08 2:48:14 - DEBUG --> UserData first: N; 
2016-02-08 2:48:14 - DEBUG --> Archivo \components\com_jhotelreservation\classes\services\UserDataService.php 
2016-02-08 2:48:14 - DEBUG --> createUserData 
2016-02-08 2:48:14 - DEBUG --> UserData end:  a:0:{} 
2016-02-08 2:48:14 - DEBUG --> Archivo \components\com_jhotelreservation\classes\services\UserDataService.php 
2016-02-08 2:48:14 - DEBUG --> initializeUserData 
2016-02-08 2:48:14 - DEBUG --> UserData first: a:0:{} 
2016-02-08 2:48:14 - DEBUG --> UserData end:  a:0:{} 
2016-02-08 2:48:14 - DEBUG --> Archivo \components\com_jhotelreservation\classes\services\UserDataService.php 
2016-02-08 2:48:14 - DEBUG --> initializeReservationData 
2016-02-08 2:48:14 - DEBUG --> UserData: a:0:{} 
2016-02-08 2:48:14 - DEBUG --> Archivo \components\com_jhotelreservation\classes\services\UserDataService.php 
2016-02-08 2:48:14 - DEBUG --> updateUserData 
2016-02-08 2:48:14 - DEBUG --> Archivo \components\com_jhotelreservation\classes\services\UserDataService.php 
2016-02-08 2:48:14 - DEBUG --> getUserData 
2016-02-08 2:48:14 - DEBUG --> Archivo \components\com_jhotelreservation\classes\services\UserDataService.php 
2016-02-08 2:48:14 - DEBUG --> setCurrency 
2016-02-08 2:48:14 - DEBUG --> Archivo \components\com_jhotelreservation\classes\services\UserDataService.php 
2016-02-08 2:48:14 - DEBUG --> getUserData 
2016-02-08 2:48:14 - DEBUG --> Archivo \components\com_jhotelreservation\classes\services\UserDataService.php 
2016-02-08 2:48:14 - DEBUG --> getUserData 
2016-02-08 2:48:14 - DEBUG --> Archivo \components\com_jhotelreservation\classes\services\UserDataService.php 
2016-02-08 2:48:14 - DEBUG --> getUserData 
2016-02-08 3:29:18 - DEBUG --> Archivo \components\com_jhotelreservation\classes\services\UserDataService.php 
2016-02-08 3:29:18 - DEBUG --> initializeUserData 
2016-02-08 3:29:18 - DEBUG --> UserData first: N; 
2016-02-08 3:29:18 - DEBUG --> Archivo \components\com_jhotelreservation\classes\services\UserDataService.php 
2016-02-08 3:29:18 - DEBUG --> createUserData 
2016-02-08 3:29:18 - DEBUG --> UserData end:  a:0:{} 
2016-02-08 3:29:18 - DEBUG --> Archivo \components\com_jhotelreservation\classes\services\UserDataService.php 
2016-02-08 3:29:18 - DEBUG --> initializeUserData 
2016-02-08 3:29:18 - DEBUG --> UserData first: a:0:{} 
2016-02-08 3:29:18 - DEBUG --> UserData end:  a:0:{} 
2016-02-08 3:29:18 - DEBUG --> Archivo \components\com_jhotelreservation\classes\services\UserDataService.php 
2016-02-08 3:29:18 - DEBUG --> initializeReservationData 
2016-02-08 3:29:18 - DEBUG --> UserData: a:0:{} 
2016-02-08 3:29:18 - DEBUG --> Archivo \components\com_jhotelreservation\classes\services\UserDataService.php 
2016-02-08 3:29:18 - DEBUG --> updateUserData 
2016-02-08 3:29:18 - DEBUG --> Archivo \components\com_jhotelreservation\classes\services\UserDataService.php 
2016-02-08 3:29:18 - DEBUG --> getUserData 
2016-02-08 3:29:18 - DEBUG --> Archivo \components\com_jhotelreservation\classes\services\UserDataService.php 
2016-02-08 3:29:18 - DEBUG --> setCurrency 
2016-02-08 3:29:18 - DEBUG --> Archivo \components\com_jhotelreservation\classes\services\UserDataService.php 
2016-02-08 3:29:18 - DEBUG --> getUserData 
2016-02-08 3:29:18 - DEBUG --> Archivo \components\com_jhotelreservation\classes\services\UserDataService.php 
2016-02-08 3:29:18 - DEBUG --> getUserData 
2016-02-08 3:29:18 - DEBUG --> Archivo \components\com_jhotelreservation\classes\services\UserDataService.php 
2016-02-08 3:29:18 - DEBUG --> getUserData 
2016-02-08 3:29:18 - DEBUG --> Archivo \components\com_jhotelreservationiews\hotel	mpl\hoteloverview.php 
2016-02-08 3:29:18 - DEBUG --> Accedió 
2016-02-08 3:29:21 - DEBUG --> Archivo \components\com_jhotelreservation\classes\services\UserDataService.php 
2016-02-08 3:29:21 - DEBUG --> initializeUserData 
2016-02-08 3:29:21 - DEBUG --> UserData first: N; 
2016-02-08 3:29:21 - DEBUG --> Archivo \components\com_jhotelreservation\classes\services\UserDataService.php 
2016-02-08 3:29:21 - DEBUG --> createUserData 
2016-02-08 3:29:21 - DEBUG --> UserData end:  a:0:{} 
2016-02-08 3:29:21 - DEBUG --> Archivo \components\com_jhotelreservation\classes\services\UserDataService.php 
2016-02-08 3:29:21 - DEBUG --> initializeUserData 
2016-02-08 3:29:21 - DEBUG --> UserData first: a:0:{} 
2016-02-08 3:29:21 - DEBUG --> UserData end:  a:0:{} 
2016-02-08 3:29:21 - DEBUG --> Archivo \components\com_jhotelreservation\classes\services\UserDataService.php 
2016-02-08 3:29:21 - DEBUG --> initializeReservationData 
2016-02-08 3:29:21 - DEBUG --> UserData: a:0:{} 
2016-02-08 3:29:21 - DEBUG --> Archivo \components\com_jhotelreservation\classes\services\UserDataService.php 
2016-02-08 3:29:21 - DEBUG --> updateUserData 
2016-02-08 3:29:21 - DEBUG --> Archivo \components\com_jhotelreservation\classes\services\UserDataService.php 
2016-02-08 3:29:21 - DEBUG --> getUserData 
2016-02-08 3:29:21 - DEBUG --> Archivo \components\com_jhotelreservation\classes\services\UserDataService.php 
2016-02-08 3:29:21 - DEBUG --> setCurrency 
2016-02-08 3:29:21 - DEBUG --> Archivo \components\com_jhotelreservation\classes\services\UserDataService.php 
2016-02-08 3:29:21 - DEBUG --> getUserData 
2016-02-08 3:29:21 - DEBUG --> Archivo \components\com_jhotelreservation\classes\services\UserDataService.php 
2016-02-08 3:29:21 - DEBUG --> getUserData 
2016-02-08 3:29:21 - DEBUG --> Archivo \components\com_jhotelreservation\classes\services\UserDataService.php 
2016-02-08 3:29:21 - DEBUG --> getUserData 
2016-02-08 3:29:21 - DEBUG --> Archivo \components\com_jhotelreservationiews\hotel	mpl\hoteloverview.php 
2016-02-08 3:29:21 - DEBUG --> Accedió 
2016-02-08 3:29:23 - DEBUG --> Archivo \components\com_jhotelreservation\classes\services\UserDataService.php 
2016-02-08 3:29:23 - DEBUG --> initializeUserData 
2016-02-08 3:29:23 - DEBUG --> UserData first: N; 
2016-02-08 3:29:23 - DEBUG --> Archivo \components\com_jhotelreservation\classes\services\UserDataService.php 
2016-02-08 3:29:23 - DEBUG --> createUserData 
2016-02-08 3:29:23 - DEBUG --> UserData end:  a:0:{} 
2016-02-08 3:29:23 - DEBUG --> Archivo \components\com_jhotelreservation\classes\services\UserDataService.php 
2016-02-08 3:29:23 - DEBUG --> initializeUserData 
2016-02-08 3:29:23 - DEBUG --> UserData first: a:0:{} 
2016-02-08 3:29:23 - DEBUG --> UserData end:  a:0:{} 
2016-02-08 3:29:23 - DEBUG --> Archivo \components\com_jhotelreservation\classes\services\UserDataService.php 
2016-02-08 3:29:23 - DEBUG --> initializeReservationData 
2016-02-08 3:29:23 - DEBUG --> UserData: a:0:{} 
2016-02-08 3:29:23 - DEBUG --> Archivo \components\com_jhotelreservation\classes\services\UserDataService.php 
2016-02-08 3:29:23 - DEBUG --> updateUserData 
2016-02-08 3:29:23 - DEBUG --> Archivo \components\com_jhotelreservation\classes\services\UserDataService.php 
2016-02-08 3:29:23 - DEBUG --> getUserData 
2016-02-08 3:29:23 - DEBUG --> Archivo \components\com_jhotelreservation\classes\services\UserDataService.php 
2016-02-08 3:29:23 - DEBUG --> setCurrency 
2016-02-08 3:29:23 - DEBUG --> Archivo \components\com_jhotelreservation\classes\services\UserDataService.php 
2016-02-08 3:29:23 - DEBUG --> getUserData 
2016-02-08 3:29:23 - DEBUG --> Archivo \components\com_jhotelreservation\classes\services\UserDataService.php 
2016-02-08 3:29:23 - DEBUG --> getUserData 
2016-02-08 3:29:23 - DEBUG --> Archivo \components\com_jhotelreservation\classes\services\UserDataService.php 
2016-02-08 3:29:23 - DEBUG --> getUserData 
2016-02-08 3:29:23 - DEBUG --> Archivo \components\com_jhotelreservationiews\hotel	mpl\hoteloverview.php 
2016-02-08 3:29:23 - DEBUG --> Accedió 
2016-02-08 3:29:25 - DEBUG --> Archivo \components\com_jhotelreservation\classes\services\UserDataService.php 
2016-02-08 3:29:25 - DEBUG --> initializeUserData 
2016-02-08 3:29:25 - DEBUG --> UserData first: N; 
2016-02-08 3:29:25 - DEBUG --> Archivo \components\com_jhotelreservation\classes\services\UserDataService.php 
2016-02-08 3:29:25 - DEBUG --> createUserData 
2016-02-08 3:29:25 - DEBUG --> UserData end:  a:0:{} 
2016-02-08 3:29:25 - DEBUG --> Archivo \components\com_jhotelreservation\classes\services\UserDataService.php 
2016-02-08 3:29:25 - DEBUG --> initializeUserData 
2016-02-08 3:29:25 - DEBUG --> UserData first: a:0:{} 
2016-02-08 3:29:25 - DEBUG --> UserData end:  a:0:{} 
2016-02-08 3:29:25 - DEBUG --> Archivo \components\com_jhotelreservation\classes\services\UserDataService.php 
2016-02-08 3:29:25 - DEBUG --> initializeReservationData 
2016-02-08 3:29:25 - DEBUG --> UserData: a:0:{} 
2016-02-08 3:29:25 - DEBUG --> Archivo \components\com_jhotelreservation\classes\services\UserDataService.php 
2016-02-08 3:29:25 - DEBUG --> updateUserData 
2016-02-08 3:29:25 - DEBUG --> Archivo \components\com_jhotelreservation\classes\services\UserDataService.php 
2016-02-08 3:29:25 - DEBUG --> getUserData 
2016-02-08 3:29:25 - DEBUG --> Archivo \components\com_jhotelreservation\classes\services\UserDataService.php 
2016-02-08 3:29:25 - DEBUG --> setCurrency 
2016-02-08 3:29:25 - DEBUG --> Archivo \components\com_jhotelreservation\classes\services\UserDataService.php 
2016-02-08 3:29:25 - DEBUG --> getUserData 
2016-02-08 3:29:25 - DEBUG --> Archivo \components\com_jhotelreservation\classes\services\UserDataService.php 
2016-02-08 3:29:25 - DEBUG --> getUserData 
2016-02-08 3:29:25 - DEBUG --> Archivo \components\com_jhotelreservation\classes\services\UserDataService.php 
2016-02-08 3:29:25 - DEBUG --> getUserData 
2016-02-08 3:29:25 - DEBUG --> Archivo \components\com_jhotelreservationiews\hotel	mpl\hoteloverview.php 
2016-02-08 3:29:25 - DEBUG --> Accedió 
2016-02-08 3:29:27 - DEBUG --> Archivo \components\com_jhotelreservation\classes\services\UserDataService.php 
2016-02-08 3:29:27 - DEBUG --> initializeUserData 
2016-02-08 3:29:27 - DEBUG --> UserData first: N; 
2016-02-08 3:29:27 - DEBUG --> Archivo \components\com_jhotelreservation\classes\services\UserDataService.php 
2016-02-08 3:29:27 - DEBUG --> createUserData 
2016-02-08 3:29:27 - DEBUG --> UserData end:  a:0:{} 
2016-02-08 3:29:27 - DEBUG --> Archivo \components\com_jhotelreservation\classes\services\UserDataService.php 
2016-02-08 3:29:27 - DEBUG --> initializeUserData 
2016-02-08 3:29:27 - DEBUG --> UserData first: a:0:{} 
2016-02-08 3:29:27 - DEBUG --> UserData end:  a:0:{} 
2016-02-08 3:29:27 - DEBUG --> Archivo \components\com_jhotelreservation\classes\services\UserDataService.php 
2016-02-08 3:29:27 - DEBUG --> initializeReservationData 
2016-02-08 3:29:27 - DEBUG --> UserData: a:0:{} 
2016-02-08 3:29:27 - DEBUG --> Archivo \components\com_jhotelreservation\classes\services\UserDataService.php 
2016-02-08 3:29:27 - DEBUG --> updateUserData 
2016-02-08 3:29:27 - DEBUG --> Archivo \components\com_jhotelreservation\classes\services\UserDataService.php 
2016-02-08 3:29:27 - DEBUG --> getUserData 
2016-02-08 3:29:27 - DEBUG --> Archivo \components\com_jhotelreservation\classes\services\UserDataService.php 
2016-02-08 3:29:27 - DEBUG --> setCurrency 
2016-02-08 3:29:27 - DEBUG --> Archivo \components\com_jhotelreservation\classes\services\UserDataService.php 
2016-02-08 3:29:27 - DEBUG --> getUserData 
2016-02-08 3:29:27 - DEBUG --> Archivo \components\com_jhotelreservation\classes\services\UserDataService.php 
2016-02-08 3:29:27 - DEBUG --> getUserData 
2016-02-08 3:29:27 - DEBUG --> Archivo \components\com_jhotelreservation\classes\services\UserDataService.php 
2016-02-08 3:29:27 - DEBUG --> getUserData 
2016-02-08 3:29:27 - DEBUG --> Archivo \components\com_jhotelreservationiews\hotel	mpl\hoteloverview.php 
2016-02-08 3:29:27 - DEBUG --> Accedió 
2016-02-08 3:29:29 - DEBUG --> Archivo \components\com_jhotelreservation\classes\services\UserDataService.php 
2016-02-08 3:29:29 - DEBUG --> initializeUserData 
2016-02-08 3:29:29 - DEBUG --> UserData first: N; 
2016-02-08 3:29:29 - DEBUG --> Archivo \components\com_jhotelreservation\classes\services\UserDataService.php 
2016-02-08 3:29:29 - DEBUG --> createUserData 
2016-02-08 3:29:29 - DEBUG --> UserData end:  a:0:{} 
2016-02-08 3:29:29 - DEBUG --> Archivo \components\com_jhotelreservation\classes\services\UserDataService.php 
2016-02-08 3:29:29 - DEBUG --> initializeUserData 
2016-02-08 3:29:29 - DEBUG --> UserData first: a:0:{} 
2016-02-08 3:29:29 - DEBUG --> UserData end:  a:0:{} 
2016-02-08 3:29:29 - DEBUG --> Archivo \components\com_jhotelreservation\classes\services\UserDataService.php 
2016-02-08 3:29:29 - DEBUG --> initializeReservationData 
2016-02-08 3:29:29 - DEBUG --> UserData: a:0:{} 
2016-02-08 3:29:29 - DEBUG --> Archivo \components\com_jhotelreservation\classes\services\UserDataService.php 
2016-02-08 3:29:29 - DEBUG --> updateUserData 
2016-02-08 3:29:29 - DEBUG --> Archivo \components\com_jhotelreservation\classes\services\UserDataService.php 
2016-02-08 3:29:29 - DEBUG --> getUserData 
2016-02-08 3:29:29 - DEBUG --> Archivo \components\com_jhotelreservation\classes\services\UserDataService.php 
2016-02-08 3:29:29 - DEBUG --> setCurrency 
2016-02-08 3:29:29 - DEBUG --> Archivo \components\com_jhotelreservation\classes\services\UserDataService.php 
2016-02-08 3:29:29 - DEBUG --> getUserData 
2016-02-08 3:29:30 - DEBUG --> Archivo \components\com_jhotelreservation\classes\services\UserDataService.php 
2016-02-08 3:29:30 - DEBUG --> getUserData 
2016-02-08 3:29:30 - DEBUG --> Archivo \components\com_jhotelreservation\classes\services\UserDataService.php 
2016-02-08 3:29:30 - DEBUG --> getUserData 
2016-02-08 3:29:30 - DEBUG --> Archivo \components\com_jhotelreservationiews\hotel	mpl\hoteloverview.php 
2016-02-08 3:29:30 - DEBUG --> Accedió 
2016-02-08 3:29:32 - DEBUG --> Archivo \components\com_jhotelreservation\classes\services\UserDataService.php 
2016-02-08 3:29:32 - DEBUG --> initializeUserData 
2016-02-08 3:29:32 - DEBUG --> UserData first: N; 
2016-02-08 3:29:32 - DEBUG --> Archivo \components\com_jhotelreservation\classes\services\UserDataService.php 
2016-02-08 3:29:32 - DEBUG --> createUserData 
2016-02-08 3:29:32 - DEBUG --> UserData end:  a:0:{} 
2016-02-08 3:29:32 - DEBUG --> Archivo \components\com_jhotelreservation\classes\services\UserDataService.php 
2016-02-08 3:29:32 - DEBUG --> initializeUserData 
2016-02-08 3:29:32 - DEBUG --> UserData first: a:0:{} 
2016-02-08 3:29:32 - DEBUG --> UserData end:  a:0:{} 
2016-02-08 3:29:32 - DEBUG --> Archivo \components\com_jhotelreservation\classes\services\UserDataService.php 
2016-02-08 3:29:32 - DEBUG --> initializeReservationData 
2016-02-08 3:29:32 - DEBUG --> UserData: a:0:{} 
2016-02-08 3:29:32 - DEBUG --> Archivo \components\com_jhotelreservation\classes\services\UserDataService.php 
2016-02-08 3:29:32 - DEBUG --> updateUserData 
2016-02-08 3:29:32 - DEBUG --> Archivo \components\com_jhotelreservation\classes\services\UserDataService.php 
2016-02-08 3:29:32 - DEBUG --> getUserData 
2016-02-08 3:29:32 - DEBUG --> Archivo \components\com_jhotelreservation\classes\services\UserDataService.php 
2016-02-08 3:29:32 - DEBUG --> setCurrency 
2016-02-08 3:29:32 - DEBUG --> Archivo \components\com_jhotelreservation\classes\services\UserDataService.php 
2016-02-08 3:29:32 - DEBUG --> getUserData 
2016-02-08 3:29:32 - DEBUG --> Archivo \components\com_jhotelreservation\classes\services\UserDataService.php 
2016-02-08 3:29:32 - DEBUG --> getUserData 
2016-02-08 3:29:32 - DEBUG --> Archivo \components\com_jhotelreservation\classes\services\UserDataService.php 
2016-02-08 3:29:32 - DEBUG --> getUserData 
2016-02-08 3:29:32 - DEBUG --> Archivo \components\com_jhotelreservationiews\hotel	mpl\hoteloverview.php 
2016-02-08 3:29:32 - DEBUG --> Accedió 
2016-02-08 3:29:34 - DEBUG --> Archivo \components\com_jhotelreservation\classes\services\UserDataService.php 
2016-02-08 3:29:34 - DEBUG --> initializeUserData 
2016-02-08 3:29:34 - DEBUG --> UserData first: N; 
2016-02-08 3:29:34 - DEBUG --> Archivo \components\com_jhotelreservation\classes\services\UserDataService.php 
2016-02-08 3:29:34 - DEBUG --> createUserData 
2016-02-08 3:29:34 - DEBUG --> UserData end:  a:0:{} 
2016-02-08 3:29:34 - DEBUG --> Archivo \components\com_jhotelreservation\classes\services\UserDataService.php 
2016-02-08 3:29:34 - DEBUG --> initializeUserData 
2016-02-08 3:29:34 - DEBUG --> UserData first: a:0:{} 
2016-02-08 3:29:34 - DEBUG --> UserData end:  a:0:{} 
2016-02-08 3:29:34 - DEBUG --> Archivo \components\com_jhotelreservation\classes\services\UserDataService.php 
2016-02-08 3:29:34 - DEBUG --> initializeReservationData 
2016-02-08 3:29:34 - DEBUG --> UserData: a:0:{} 
2016-02-08 3:29:34 - DEBUG --> Archivo \components\com_jhotelreservation\classes\services\UserDataService.php 
2016-02-08 3:29:34 - DEBUG --> updateUserData 
2016-02-08 3:29:34 - DEBUG --> Archivo \components\com_jhotelreservation\classes\services\UserDataService.php 
2016-02-08 3:29:34 - DEBUG --> getUserData 
2016-02-08 3:29:34 - DEBUG --> Archivo \components\com_jhotelreservation\classes\services\UserDataService.php 
2016-02-08 3:29:34 - DEBUG --> setCurrency 
2016-02-08 3:29:34 - DEBUG --> Archivo \components\com_jhotelreservation\classes\services\UserDataService.php 
2016-02-08 3:29:34 - DEBUG --> getUserData 
2016-02-08 3:29:34 - DEBUG --> Archivo \components\com_jhotelreservation\classes\services\UserDataService.php 
2016-02-08 3:29:34 - DEBUG --> getUserData 
2016-02-08 3:29:34 - DEBUG --> Archivo \components\com_jhotelreservation\classes\services\UserDataService.php 
2016-02-08 3:29:34 - DEBUG --> getUserData 
2016-02-08 3:29:34 - DEBUG --> Archivo \components\com_jhotelreservationiews\hotel	mpl\hoteloverview.php 
2016-02-08 3:29:34 - DEBUG --> Accedió 
2016-02-08 3:29:36 - DEBUG --> Archivo \components\com_jhotelreservation\classes\services\UserDataService.php 
2016-02-08 3:29:36 - DEBUG --> initializeUserData 
2016-02-08 3:29:36 - DEBUG --> UserData first: N; 
2016-02-08 3:29:36 - DEBUG --> Archivo \components\com_jhotelreservation\classes\services\UserDataService.php 
2016-02-08 3:29:36 - DEBUG --> createUserData 
2016-02-08 3:29:36 - DEBUG --> UserData end:  a:0:{} 
2016-02-08 3:29:36 - DEBUG --> Archivo \components\com_jhotelreservation\classes\services\UserDataService.php 
2016-02-08 3:29:36 - DEBUG --> initializeUserData 
2016-02-08 3:29:36 - DEBUG --> UserData first: a:0:{} 
2016-02-08 3:29:36 - DEBUG --> UserData end:  a:0:{} 
2016-02-08 3:29:36 - DEBUG --> Archivo \components\com_jhotelreservation\classes\services\UserDataService.php 
2016-02-08 3:29:36 - DEBUG --> initializeReservationData 
2016-02-08 3:29:36 - DEBUG --> UserData: a:0:{} 
2016-02-08 3:29:36 - DEBUG --> Archivo \components\com_jhotelreservation\classes\services\UserDataService.php 
2016-02-08 3:29:36 - DEBUG --> updateUserData 
2016-02-08 3:29:36 - DEBUG --> Archivo \components\com_jhotelreservation\classes\services\UserDataService.php 
2016-02-08 3:29:36 - DEBUG --> getUserData 
2016-02-08 3:29:36 - DEBUG --> Archivo \components\com_jhotelreservation\classes\services\UserDataService.php 
2016-02-08 3:29:36 - DEBUG --> setCurrency 
2016-02-08 3:29:36 - DEBUG --> Archivo \components\com_jhotelreservation\classes\services\UserDataService.php 
2016-02-08 3:29:36 - DEBUG --> getUserData 
2016-02-08 3:29:36 - DEBUG --> Archivo \components\com_jhotelreservation\classes\services\UserDataService.php 
2016-02-08 3:29:36 - DEBUG --> getUserData 
2016-02-08 3:29:36 - DEBUG --> Archivo \components\com_jhotelreservation\classes\services\UserDataService.php 
2016-02-08 3:29:36 - DEBUG --> getUserData 
2016-02-08 3:29:36 - DEBUG --> Archivo \components\com_jhotelreservationiews\hotel	mpl\hoteloverview.php 
2016-02-08 3:29:36 - DEBUG --> Accedió 
2016-02-08 3:29:38 - DEBUG --> Archivo \components\com_jhotelreservation\classes\services\UserDataService.php 
2016-02-08 3:29:38 - DEBUG --> initializeUserData 
2016-02-08 3:29:38 - DEBUG --> UserData first: N; 
2016-02-08 3:29:38 - DEBUG --> Archivo \components\com_jhotelreservation\classes\services\UserDataService.php 
2016-02-08 3:29:38 - DEBUG --> createUserData 
2016-02-08 3:29:38 - DEBUG --> UserData end:  a:0:{} 
2016-02-08 3:29:38 - DEBUG --> Archivo \components\com_jhotelreservation\classes\services\UserDataService.php 
2016-02-08 3:29:38 - DEBUG --> initializeUserData 
2016-02-08 3:29:38 - DEBUG --> UserData first: a:0:{} 
2016-02-08 3:29:38 - DEBUG --> UserData end:  a:0:{} 
2016-02-08 3:29:38 - DEBUG --> Archivo \components\com_jhotelreservation\classes\services\UserDataService.php 
2016-02-08 3:29:38 - DEBUG --> initializeReservationData 
2016-02-08 3:29:38 - DEBUG --> UserData: a:0:{} 
2016-02-08 3:29:38 - DEBUG --> Archivo \components\com_jhotelreservation\classes\services\UserDataService.php 
2016-02-08 3:29:38 - DEBUG --> updateUserData 
2016-02-08 3:29:38 - DEBUG --> Archivo \components\com_jhotelreservation\classes\services\UserDataService.php 
2016-02-08 3:29:38 - DEBUG --> getUserData 
2016-02-08 3:29:38 - DEBUG --> Archivo \components\com_jhotelreservation\classes\services\UserDataService.php 
2016-02-08 3:29:38 - DEBUG --> setCurrency 
2016-02-08 3:29:38 - DEBUG --> Archivo \components\com_jhotelreservation\classes\services\UserDataService.php 
2016-02-08 3:29:38 - DEBUG --> getUserData 
2016-02-08 3:29:38 - DEBUG --> Archivo \components\com_jhotelreservation\classes\services\UserDataService.php 
2016-02-08 3:29:38 - DEBUG --> getUserData 
2016-02-08 3:29:38 - DEBUG --> Archivo \components\com_jhotelreservation\classes\services\UserDataService.php 
2016-02-08 3:29:38 - DEBUG --> getUserData 
2016-02-08 3:29:38 - DEBUG --> Archivo \components\com_jhotelreservationiews\hotel	mpl\hoteloverview.php 
2016-02-08 3:29:38 - DEBUG --> Accedió 
2016-02-08 3:29:40 - DEBUG --> Archivo \components\com_jhotelreservation\classes\services\UserDataService.php 
2016-02-08 3:29:40 - DEBUG --> initializeUserData 
2016-02-08 3:29:40 - DEBUG --> UserData first: N; 
2016-02-08 3:29:40 - DEBUG --> Archivo \components\com_jhotelreservation\classes\services\UserDataService.php 
2016-02-08 3:29:40 - DEBUG --> createUserData 
2016-02-08 3:29:40 - DEBUG --> UserData end:  a:0:{} 
2016-02-08 3:29:40 - DEBUG --> Archivo \components\com_jhotelreservation\classes\services\UserDataService.php 
2016-02-08 3:29:40 - DEBUG --> initializeUserData 
2016-02-08 3:29:40 - DEBUG --> UserData first: a:0:{} 
2016-02-08 3:29:40 - DEBUG --> UserData end:  a:0:{} 
2016-02-08 3:29:40 - DEBUG --> Archivo \components\com_jhotelreservation\classes\services\UserDataService.php 
2016-02-08 3:29:40 - DEBUG --> initializeReservationData 
2016-02-08 3:29:40 - DEBUG --> UserData: a:0:{} 
2016-02-08 3:29:40 - DEBUG --> Archivo \components\com_jhotelreservation\classes\services\UserDataService.php 
2016-02-08 3:29:40 - DEBUG --> updateUserData 
2016-02-08 3:29:40 - DEBUG --> Archivo \components\com_jhotelreservation\classes\services\UserDataService.php 
2016-02-08 3:29:40 - DEBUG --> getUserData 
2016-02-08 3:29:40 - DEBUG --> Archivo \components\com_jhotelreservation\classes\services\UserDataService.php 
2016-02-08 3:29:40 - DEBUG --> setCurrency 
2016-02-08 3:29:40 - DEBUG --> Archivo \components\com_jhotelreservation\classes\services\UserDataService.php 
2016-02-08 3:29:40 - DEBUG --> getUserData 
2016-02-08 3:29:40 - DEBUG --> Archivo \components\com_jhotelreservation\classes\services\UserDataService.php 
2016-02-08 3:29:40 - DEBUG --> getUserData 
2016-02-08 3:29:40 - DEBUG --> Archivo \components\com_jhotelreservation\classes\services\UserDataService.php 
2016-02-08 3:29:40 - DEBUG --> getUserData 
2016-02-08 3:29:40 - DEBUG --> Archivo \components\com_jhotelreservationiews\hotel	mpl\hoteloverview.php 
2016-02-08 3:29:40 - DEBUG --> Accedió 
2016-02-08 8:47:38 - DEBUG --> Archivo \components\com_jhotelreservation\classes\services\UserDataService.php 
2016-02-08 8:47:38 - DEBUG --> initializeUserData 
2016-02-08 8:47:38 - DEBUG --> UserData first: N; 
2016-02-08 8:47:38 - DEBUG --> Archivo \components\com_jhotelreservation\classes\services\UserDataService.php 
2016-02-08 8:47:38 - DEBUG --> createUserData 
2016-02-08 8:47:38 - DEBUG --> UserData end:  a:0:{} 
2016-02-08 8:47:38 - DEBUG --> Archivo \components\com_jhotelreservation\classes\services\UserDataService.php 
2016-02-08 8:47:38 - DEBUG --> initializeUserData 
2016-02-08 8:47:38 - DEBUG --> UserData first: a:0:{} 
2016-02-08 8:47:38 - DEBUG --> UserData end:  a:0:{} 
2016-02-08 8:47:38 - DEBUG --> Archivo \components\com_jhotelreservation\classes\services\UserDataService.php 
2016-02-08 8:47:38 - DEBUG --> initializeReservationData 
2016-02-08 8:47:38 - DEBUG --> UserData: a:0:{} 
2016-02-08 8:47:38 - DEBUG --> Archivo \components\com_jhotelreservation\classes\services\UserDataService.php 
2016-02-08 8:47:38 - DEBUG --> updateUserData 
2016-02-08 8:47:38 - DEBUG --> Archivo \components\com_jhotelreservation\classes\services\UserDataService.php 
2016-02-08 8:47:38 - DEBUG --> getUserData 
2016-02-08 8:47:38 - DEBUG --> Archivo \components\com_jhotelreservation\classes\services\UserDataService.php 
2016-02-08 8:47:38 - DEBUG --> setCurrency 
2016-02-08 8:47:38 - DEBUG --> Archivo \components\com_jhotelreservation\classes\services\UserDataService.php 
2016-02-08 8:47:38 - DEBUG --> getUserData 
2016-02-08 8:47:38 - DEBUG --> Archivo \components\com_jhotelreservation\classes\services\UserDataService.php 
2016-02-08 8:47:38 - DEBUG --> getUserData 
2016-02-08 8:47:38 - DEBUG --> Archivo \components\com_jhotelreservation\classes\services\UserDataService.php 
2016-02-08 8:47:38 - DEBUG --> getUserData 
2016-02-08 8:47:38 - DEBUG --> Archivo \components\com_jhotelreservation\classes\services\UserDataService.php 
2016-02-08 8:47:38 - DEBUG --> initializeUserData 
2016-02-08 8:47:38 - DEBUG --> UserData first: N; 
2016-02-08 8:47:38 - DEBUG --> Archivo \components\com_jhotelreservation\classes\services\UserDataService.php 
2016-02-08 8:47:38 - DEBUG --> createUserData 
2016-02-08 8:47:38 - DEBUG --> UserData end:  a:0:{} 
2016-02-08 8:47:38 - DEBUG --> Archivo \components\com_jhotelreservation\classes\services\UserDataService.php 
2016-02-08 8:47:38 - DEBUG --> initializeUserData 
2016-02-08 8:47:38 - DEBUG --> UserData first: a:0:{} 
2016-02-08 8:47:38 - DEBUG --> UserData end:  a:0:{} 
2016-02-08 8:47:38 - DEBUG --> Archivo \components\com_jhotelreservation\classes\services\UserDataService.php 
2016-02-08 8:47:38 - DEBUG --> initializeReservationData 
2016-02-08 8:47:38 - DEBUG --> UserData: a:0:{} 
2016-02-08 8:47:38 - DEBUG --> Archivo \components\com_jhotelreservation\classes\services\UserDataService.php 
2016-02-08 8:47:38 - DEBUG --> updateUserData 
2016-02-08 8:47:38 - DEBUG --> Archivo \components\com_jhotelreservation\classes\services\UserDataService.php 
2016-02-08 8:47:38 - DEBUG --> getUserData 
2016-02-08 8:47:38 - DEBUG --> Archivo \components\com_jhotelreservation\classes\services\UserDataService.php 
2016-02-08 8:47:38 - DEBUG --> setCurrency 
2016-02-08 8:47:38 - DEBUG --> Archivo \components\com_jhotelreservation\classes\services\UserDataService.php 
2016-02-08 8:47:38 - DEBUG --> getUserData 
2016-02-08 8:47:38 - DEBUG --> Archivo \components\com_jhotelreservation\classes\services\UserDataService.php 
2016-02-08 8:47:38 - DEBUG --> getUserData 
2016-02-08 8:47:38 - DEBUG --> Archivo \components\com_jhotelreservation\classes\services\UserDataService.php 
2016-02-08 8:47:38 - DEBUG --> getUserData 
2016-02-08 8:47:54 - DEBUG --> Archivo \components\com_jhotelreservation\classes\services\UserDataService.php 
2016-02-08 8:47:54 - DEBUG --> initializeUserData 
2016-02-08 8:47:54 - DEBUG --> UserData first: N; 
2016-02-08 8:47:54 - DEBUG --> Archivo \components\com_jhotelreservation\classes\services\UserDataService.php 
2016-02-08 8:47:54 - DEBUG --> createUserData 
2016-02-08 8:47:54 - DEBUG --> UserData end:  a:0:{} 
2016-02-08 8:47:54 - DEBUG --> Archivo \components\com_jhotelreservation\classes\services\UserDataService.php 
2016-02-08 8:47:54 - DEBUG --> initializeUserData 
2016-02-08 8:47:54 - DEBUG --> UserData first: a:0:{} 
2016-02-08 8:47:54 - DEBUG --> UserData end:  a:0:{} 
2016-02-08 8:47:54 - DEBUG --> Archivo \components\com_jhotelreservation\classes\services\UserDataService.php 
2016-02-08 8:47:54 - DEBUG --> initializeReservationData 
2016-02-08 8:47:54 - DEBUG --> UserData: a:0:{} 
2016-02-08 8:47:54 - DEBUG --> Archivo \components\com_jhotelreservation\classes\services\UserDataService.php 
2016-02-08 8:47:54 - DEBUG --> updateUserData 
2016-02-08 8:47:54 - DEBUG --> Archivo \components\com_jhotelreservation\classes\services\UserDataService.php 
2016-02-08 8:47:54 - DEBUG --> getUserData 
2016-02-08 8:47:54 - DEBUG --> Archivo \components\com_jhotelreservation\classes\services\UserDataService.php 
2016-02-08 8:47:54 - DEBUG --> setCurrency 
2016-02-08 8:47:54 - DEBUG --> Archivo \components\com_jhotelreservation\classes\services\UserDataService.php 
2016-02-08 8:47:54 - DEBUG --> getUserData 
2016-02-08 8:47:54 - DEBUG --> Archivo \components\com_jhotelreservation\classes\services\UserDataService.php 
2016-02-08 8:47:54 - DEBUG --> getUserData 
2016-02-08 8:47:54 - DEBUG --> Archivo \components\com_jhotelreservation\classes\services\UserDataService.php 
2016-02-08 8:47:54 - DEBUG --> getUserData 
2016-02-08 8:47:54 - DEBUG --> Archivo \components\com_jhotelreservationiews\hotel	mpl\hoteloverview.php 
2016-02-08 8:47:54 - DEBUG --> Accedió 
2016-02-08 8:47:55 - DEBUG --> Archivo \components\com_jhotelreservation\classes\services\UserDataService.php 
2016-02-08 8:47:55 - DEBUG --> initializeUserData 
2016-02-08 8:47:55 - DEBUG --> UserData first: N; 
2016-02-08 8:47:55 - DEBUG --> Archivo \components\com_jhotelreservation\classes\services\UserDataService.php 
2016-02-08 8:47:55 - DEBUG --> createUserData 
2016-02-08 8:47:55 - DEBUG --> UserData end:  a:0:{} 
2016-02-08 8:47:55 - DEBUG --> Archivo \components\com_jhotelreservation\classes\services\UserDataService.php 
2016-02-08 8:47:55 - DEBUG --> initializeUserData 
2016-02-08 8:47:55 - DEBUG --> UserData first: a:0:{} 
2016-02-08 8:47:55 - DEBUG --> UserData end:  a:0:{} 
2016-02-08 8:47:55 - DEBUG --> Archivo \components\com_jhotelreservation\classes\services\UserDataService.php 
2016-02-08 8:47:55 - DEBUG --> initializeReservationData 
2016-02-08 8:47:55 - DEBUG --> UserData: a:0:{} 
2016-02-08 8:47:55 - DEBUG --> Archivo \components\com_jhotelreservation\classes\services\UserDataService.php 
2016-02-08 8:47:55 - DEBUG --> updateUserData 
2016-02-08 8:47:55 - DEBUG --> Archivo \components\com_jhotelreservation\classes\services\UserDataService.php 
2016-02-08 8:47:55 - DEBUG --> getUserData 
2016-02-08 8:47:55 - DEBUG --> Archivo \components\com_jhotelreservation\classes\services\UserDataService.php 
2016-02-08 8:47:55 - DEBUG --> setCurrency 
2016-02-08 8:47:55 - DEBUG --> Archivo \components\com_jhotelreservation\classes\services\UserDataService.php 
2016-02-08 8:47:55 - DEBUG --> getUserData 
2016-02-08 8:47:55 - DEBUG --> Archivo \components\com_jhotelreservation\classes\services\UserDataService.php 
2016-02-08 8:47:55 - DEBUG --> getUserData 
2016-02-08 8:47:55 - DEBUG --> Archivo \components\com_jhotelreservation\classes\services\UserDataService.php 
2016-02-08 8:47:55 - DEBUG --> getUserData 
2016-02-08 8:47:55 - DEBUG --> Archivo \components\com_jhotelreservationiews\hotel	mpl\hoteloverview.php 
2016-02-08 8:47:55 - DEBUG --> Accedió 
2016-02-08 8:47:55 - DEBUG --> Archivo \components\com_jhotelreservation\classes\services\UserDataService.php 
2016-02-08 8:47:55 - DEBUG --> initializeUserData 
2016-02-08 8:47:55 - DEBUG --> UserData first: N; 
2016-02-08 8:47:55 - DEBUG --> Archivo \components\com_jhotelreservation\classes\services\UserDataService.php 
2016-02-08 8:47:55 - DEBUG --> createUserData 
2016-02-08 8:47:55 - DEBUG --> UserData end:  a:0:{} 
2016-02-08 8:47:55 - DEBUG --> Archivo \components\com_jhotelreservation\classes\services\UserDataService.php 
2016-02-08 8:47:55 - DEBUG --> initializeUserData 
2016-02-08 8:47:55 - DEBUG --> UserData first: a:0:{} 
2016-02-08 8:47:55 - DEBUG --> UserData end:  a:0:{} 
2016-02-08 8:47:55 - DEBUG --> Archivo \components\com_jhotelreservation\classes\services\UserDataService.php 
2016-02-08 8:47:55 - DEBUG --> initializeReservationData 
2016-02-08 8:47:55 - DEBUG --> UserData: a:0:{} 
2016-02-08 8:47:55 - DEBUG --> Archivo \components\com_jhotelreservation\classes\services\UserDataService.php 
2016-02-08 8:47:55 - DEBUG --> updateUserData 
2016-02-08 8:47:55 - DEBUG --> Archivo \components\com_jhotelreservation\classes\services\UserDataService.php 
2016-02-08 8:47:55 - DEBUG --> getUserData 
2016-02-08 8:47:55 - DEBUG --> Archivo \components\com_jhotelreservation\classes\services\UserDataService.php 
2016-02-08 8:47:55 - DEBUG --> setCurrency 
2016-02-08 8:47:55 - DEBUG --> Archivo \components\com_jhotelreservation\classes\services\UserDataService.php 
2016-02-08 8:47:55 - DEBUG --> getUserData 
2016-02-08 8:47:55 - DEBUG --> Archivo \components\com_jhotelreservation\classes\services\UserDataService.php 
2016-02-08 8:47:55 - DEBUG --> getUserData 
2016-02-08 8:47:55 - DEBUG --> Archivo \components\com_jhotelreservation\classes\services\UserDataService.php 
2016-02-08 8:47:55 - DEBUG --> getUserData 
2016-02-08 8:47:56 - DEBUG --> Archivo \components\com_jhotelreservation\classes\services\UserDataService.php 
2016-02-08 8:47:56 - DEBUG --> initializeUserData 
2016-02-08 8:47:56 - DEBUG --> UserData first: N; 
2016-02-08 8:47:56 - DEBUG --> Archivo \components\com_jhotelreservation\classes\services\UserDataService.php 
2016-02-08 8:47:56 - DEBUG --> createUserData 
2016-02-08 8:47:56 - DEBUG --> UserData end:  a:0:{} 
2016-02-08 8:47:56 - DEBUG --> Archivo \components\com_jhotelreservation\classes\services\UserDataService.php 
2016-02-08 8:47:56 - DEBUG --> initializeUserData 
2016-02-08 8:47:56 - DEBUG --> UserData first: a:0:{} 
2016-02-08 8:47:56 - DEBUG --> UserData end:  a:0:{} 
2016-02-08 8:47:56 - DEBUG --> Archivo \components\com_jhotelreservation\classes\services\UserDataService.php 
2016-02-08 8:47:56 - DEBUG --> initializeReservationData 
2016-02-08 8:47:56 - DEBUG --> UserData: a:0:{} 
2016-02-08 8:47:56 - DEBUG --> Archivo \components\com_jhotelreservation\classes\services\UserDataService.php 
2016-02-08 8:47:56 - DEBUG --> updateUserData 
2016-02-08 8:47:56 - DEBUG --> Archivo \components\com_jhotelreservation\classes\services\UserDataService.php 
2016-02-08 8:47:56 - DEBUG --> getUserData 
2016-02-08 8:47:56 - DEBUG --> Archivo \components\com_jhotelreservation\classes\services\UserDataService.php 
2016-02-08 8:47:56 - DEBUG --> setCurrency 
2016-02-08 8:47:56 - DEBUG --> Archivo \components\com_jhotelreservation\classes\services\UserDataService.php 
2016-02-08 8:47:56 - DEBUG --> getUserData 
2016-02-08 8:47:56 - DEBUG --> Archivo \components\com_jhotelreservation\classes\services\UserDataService.php 
2016-02-08 8:47:56 - DEBUG --> getUserData 
2016-02-08 8:47:56 - DEBUG --> Archivo \components\com_jhotelreservation\classes\services\UserDataService.php 
2016-02-08 8:47:56 - DEBUG --> getUserData 
2016-02-08 8:47:56 - DEBUG --> Archivo \components\com_jhotelreservationiews\hotel	mpl\hoteloverview.php 
2016-02-08 8:47:56 - DEBUG --> Accedió 
2016-02-08 11:08:23 - DEBUG --> Archivo \components\com_jhotelreservation\classes\services\UserDataService.php 
2016-02-08 11:08:23 - DEBUG --> initializeUserData 
2016-02-08 11:08:23 - DEBUG --> UserData first: N; 
2016-02-08 11:08:23 - DEBUG --> Archivo \components\com_jhotelreservation\classes\services\UserDataService.php 
2016-02-08 11:08:23 - DEBUG --> createUserData 
2016-02-08 11:08:23 - DEBUG --> UserData end:  a:0:{} 
2016-02-08 11:08:23 - DEBUG --> Archivo \components\com_jhotelreservation\classes\services\UserDataService.php 
2016-02-08 11:08:23 - DEBUG --> initializeUserData 
2016-02-08 11:08:23 - DEBUG --> UserData first: a:0:{} 
2016-02-08 11:08:23 - DEBUG --> UserData end:  a:0:{} 
2016-02-08 11:08:23 - DEBUG --> Archivo \components\com_jhotelreservation\classes\services\UserDataService.php 
2016-02-08 11:08:23 - DEBUG --> initializeReservationData 
2016-02-08 11:08:23 - DEBUG --> UserData: a:0:{} 
2016-02-08 11:08:23 - DEBUG --> Archivo \components\com_jhotelreservation\classes\services\UserDataService.php 
2016-02-08 11:08:23 - DEBUG --> updateUserData 
2016-02-08 11:08:23 - DEBUG --> Archivo \components\com_jhotelreservation\classes\services\UserDataService.php 
2016-02-08 11:08:23 - DEBUG --> getUserData 
2016-02-08 11:08:23 - DEBUG --> Archivo \components\com_jhotelreservation\classes\services\UserDataService.php 
2016-02-08 11:08:23 - DEBUG --> setCurrency 
2016-02-08 11:08:23 - DEBUG --> Archivo \components\com_jhotelreservation\classes\services\UserDataService.php 
2016-02-08 11:08:23 - DEBUG --> getUserData 
2016-02-08 11:08:23 - DEBUG --> Archivo \components\com_jhotelreservation\classes\services\UserDataService.php 
2016-02-08 11:08:23 - DEBUG --> getUserData 
2016-02-08 11:08:23 - DEBUG --> Archivo \components\com_jhotelreservation\classes\services\UserDataService.php 
2016-02-08 11:08:23 - DEBUG --> getUserData 
2016-02-08 11:08:23 - DEBUG --> Archivo \components\com_jhotelreservationiews\hotel	mpl\hoteloverview.php 
2016-02-08 11:08:23 - DEBUG --> Accedió 
2016-02-08 17:58:13 - DEBUG --> Archivo \components\com_jhotelreservation\classes\services\UserDataService.php 
2016-02-08 17:58:13 - DEBUG --> initializeUserData 
2016-02-08 17:58:13 - DEBUG --> UserData first: N; 
2016-02-08 17:58:13 - DEBUG --> Archivo \components\com_jhotelreservation\classes\services\UserDataService.php 
2016-02-08 17:58:13 - DEBUG --> createUserData 
2016-02-08 17:58:13 - DEBUG --> UserData end:  a:0:{} 
2016-02-08 17:58:13 - DEBUG --> Archivo \components\com_jhotelreservation\classes\services\UserDataService.php 
2016-02-08 17:58:13 - DEBUG --> initializeUserData 
2016-02-08 17:58:13 - DEBUG --> UserData first: a:0:{} 
2016-02-08 17:58:13 - DEBUG --> UserData end:  a:0:{} 
2016-02-08 17:58:13 - DEBUG --> Archivo \components\com_jhotelreservation\classes\services\UserDataService.php 
2016-02-08 17:58:13 - DEBUG --> initializeReservationData 
2016-02-08 17:58:13 - DEBUG --> UserData: a:0:{} 
2016-02-08 17:58:13 - DEBUG --> Archivo \components\com_jhotelreservation\classes\services\UserDataService.php 
2016-02-08 17:58:13 - DEBUG --> updateUserData 
2016-02-08 17:58:13 - DEBUG --> Archivo \components\com_jhotelreservation\classes\services\UserDataService.php 
2016-02-08 17:58:13 - DEBUG --> getUserData 
2016-02-08 17:58:13 - DEBUG --> Archivo \components\com_jhotelreservation\classes\services\UserDataService.php 
2016-02-08 17:58:13 - DEBUG --> setCurrency 
2016-02-08 17:58:13 - DEBUG --> Archivo \components\com_jhotelreservation\classes\services\UserDataService.php 
2016-02-08 17:58:13 - DEBUG --> getUserData 
2016-02-08 17:58:13 - DEBUG --> Archivo \components\com_jhotelreservation\classes\services\UserDataService.php 
2016-02-08 17:58:13 - DEBUG --> getUserData 
2016-02-08 17:58:13 - DEBUG --> Archivo \components\com_jhotelreservation\classes\services\UserDataService.php 
2016-02-08 17:58:13 - DEBUG --> getUserData 
2016-02-08 17:58:13 - DEBUG --> Archivo \components\com_jhotelreservationiews\hotel	mpl\hoteloverview.php 
2016-02-08 17:58:13 - DEBUG --> Accedió 
2016-02-08 18:12:55 - DEBUG --> Archivo \components\com_jhotelreservation\classes\services\UserDataService.php 
2016-02-08 18:12:55 - DEBUG --> initializeUserData 
2016-02-08 18:12:55 - DEBUG --> UserData first: N; 
2016-02-08 18:12:55 - DEBUG --> Archivo \components\com_jhotelreservation\classes\services\UserDataService.php 
2016-02-08 18:12:55 - DEBUG --> createUserData 
2016-02-08 18:12:55 - DEBUG --> UserData end:  a:0:{} 
2016-02-08 18:12:55 - DEBUG --> Archivo \components\com_jhotelreservation\classes\services\UserDataService.php 
2016-02-08 18:12:55 - DEBUG --> initializeUserData 
2016-02-08 18:12:55 - DEBUG --> UserData first: a:0:{} 
2016-02-08 18:12:55 - DEBUG --> UserData end:  a:0:{} 
2016-02-08 18:12:55 - DEBUG --> Archivo \components\com_jhotelreservation\classes\services\UserDataService.php 
2016-02-08 18:12:55 - DEBUG --> initializeReservationData 
2016-02-08 18:12:55 - DEBUG --> UserData: a:0:{} 
2016-02-08 18:12:55 - DEBUG --> Archivo \components\com_jhotelreservation\classes\services\UserDataService.php 
2016-02-08 18:12:55 - DEBUG --> updateUserData 
2016-02-08 18:12:55 - DEBUG --> Archivo \components\com_jhotelreservation\classes\services\UserDataService.php 
2016-02-08 18:12:55 - DEBUG --> getUserData 
2016-02-08 18:12:55 - DEBUG --> Archivo \components\com_jhotelreservation\classes\services\UserDataService.php 
2016-02-08 18:12:55 - DEBUG --> setCurrency 
2016-02-08 18:12:55 - DEBUG --> Archivo \components\com_jhotelreservation\classes\services\UserDataService.php 
2016-02-08 18:12:55 - DEBUG --> getUserData 
2016-02-08 18:12:55 - DEBUG --> Archivo \components\com_jhotelreservation\classes\services\UserDataService.php 
2016-02-08 18:12:55 - DEBUG --> getUserData 
2016-02-08 18:12:55 - DEBUG --> Archivo \components\com_jhotelreservation\classes\services\UserDataService.php 
2016-02-08 18:12:55 - DEBUG --> getUserData 
2016-02-08 18:12:55 - DEBUG --> Archivo \components\com_jhotelreservationiews\hotel	mpl\hoteloverview.php 
2016-02-08 18:12:55 - DEBUG --> Accedió 
2016-02-08 18:12:58 - DEBUG --> Archivo \components\com_jhotelreservation\classes\services\UserDataService.php 
2016-02-08 18:12:58 - DEBUG --> initializeUserData 
2016-02-08 18:12:58 - DEBUG --> UserData first: N; 
2016-02-08 18:12:58 - DEBUG --> Archivo \components\com_jhotelreservation\classes\services\UserDataService.php 
2016-02-08 18:12:58 - DEBUG --> createUserData 
2016-02-08 18:12:58 - DEBUG --> UserData end:  a:0:{} 
2016-02-08 18:12:58 - DEBUG --> Archivo \components\com_jhotelreservation\classes\services\UserDataService.php 
2016-02-08 18:12:58 - DEBUG --> initializeUserData 
2016-02-08 18:12:58 - DEBUG --> UserData first: a:0:{} 
2016-02-08 18:12:58 - DEBUG --> UserData end:  a:0:{} 
2016-02-08 18:12:58 - DEBUG --> Archivo \components\com_jhotelreservation\classes\services\UserDataService.php 
2016-02-08 18:12:58 - DEBUG --> initializeReservationData 
2016-02-08 18:12:58 - DEBUG --> UserData: a:0:{} 
2016-02-08 18:12:58 - DEBUG --> Archivo \components\com_jhotelreservation\classes\services\UserDataService.php 
2016-02-08 18:12:58 - DEBUG --> updateUserData 
2016-02-08 18:12:58 - DEBUG --> Archivo \components\com_jhotelreservation\classes\services\UserDataService.php 
2016-02-08 18:12:58 - DEBUG --> getUserData 
2016-02-08 18:12:58 - DEBUG --> Archivo \components\com_jhotelreservation\classes\services\UserDataService.php 
2016-02-08 18:12:58 - DEBUG --> setCurrency 
2016-02-08 18:12:58 - DEBUG --> Archivo \components\com_jhotelreservation\classes\services\UserDataService.php 
2016-02-08 18:12:58 - DEBUG --> getUserData 
2016-02-08 18:12:58 - DEBUG --> Archivo \components\com_jhotelreservation\classes\services\UserDataService.php 
2016-02-08 18:12:58 - DEBUG --> getUserData 
2016-02-08 18:12:58 - DEBUG --> Archivo \components\com_jhotelreservation\classes\services\UserDataService.php 
2016-02-08 18:12:58 - DEBUG --> getUserData 
2016-02-08 18:12:58 - DEBUG --> Archivo \components\com_jhotelreservationiews\hotel	mpl\hoteloverview.php 
2016-02-08 18:12:58 - DEBUG --> Accedió 
2016-02-08 18:22:30 - DEBUG --> Archivo \components\com_jhotelreservation\classes\services\UserDataService.php 
2016-02-08 18:22:30 - DEBUG --> initializeUserData 
2016-02-08 18:22:30 - DEBUG --> UserData first: N; 
2016-02-08 18:22:30 - DEBUG --> Archivo \components\com_jhotelreservation\classes\services\UserDataService.php 
2016-02-08 18:22:30 - DEBUG --> createUserData 
2016-02-08 18:22:30 - DEBUG --> UserData end:  a:0:{} 
2016-02-08 18:22:30 - DEBUG --> Archivo \components\com_jhotelreservation\classes\services\UserDataService.php 
2016-02-08 18:22:30 - DEBUG --> initializeUserData 
2016-02-08 18:22:30 - DEBUG --> UserData first: a:0:{} 
2016-02-08 18:22:30 - DEBUG --> UserData end:  a:0:{} 
2016-02-08 18:22:30 - DEBUG --> Archivo \components\com_jhotelreservation\classes\services\UserDataService.php 
2016-02-08 18:22:30 - DEBUG --> initializeReservationData 
2016-02-08 18:22:30 - DEBUG --> UserData: a:0:{} 
2016-02-08 18:22:30 - DEBUG --> Archivo \components\com_jhotelreservation\classes\services\UserDataService.php 
2016-02-08 18:22:30 - DEBUG --> updateUserData 
2016-02-08 18:22:30 - DEBUG --> Archivo \components\com_jhotelreservation\classes\services\UserDataService.php 
2016-02-08 18:22:30 - DEBUG --> getUserData 
2016-02-08 18:22:30 - DEBUG --> Archivo \components\com_jhotelreservation\classes\services\UserDataService.php 
2016-02-08 18:22:30 - DEBUG --> setCurrency 
2016-02-08 18:22:30 - DEBUG --> Archivo \components\com_jhotelreservation\classes\services\UserDataService.php 
2016-02-08 18:22:30 - DEBUG --> getUserData 
2016-02-08 18:22:30 - DEBUG --> Archivo \components\com_jhotelreservation\classes\services\UserDataService.php 
2016-02-08 18:22:30 - DEBUG --> getUserData 
2016-02-08 18:22:30 - DEBUG --> Archivo \components\com_jhotelreservation\classes\services\UserDataService.php 
2016-02-08 18:22:30 - DEBUG --> getUserData 
2016-02-08 18:22:30 - DEBUG --> Archivo \components\com_jhotelreservationiews\hotel	mpl\hoteloverview.php 
2016-02-08 18:22:30 - DEBUG --> Accedió 
2016-02-08 19:50:17 - DEBUG --> Archivo \components\com_jhotelreservation\classes\services\UserDataService.php 
2016-02-08 19:50:17 - DEBUG --> initializeUserData 
2016-02-08 19:50:17 - DEBUG --> UserData first: N; 
2016-02-08 19:50:17 - DEBUG --> Archivo \components\com_jhotelreservation\classes\services\UserDataService.php 
2016-02-08 19:50:17 - DEBUG --> createUserData 
2016-02-08 19:50:17 - DEBUG --> UserData end:  a:0:{} 
2016-02-08 19:50:17 - DEBUG --> Archivo \components\com_jhotelreservation\classes\services\UserDataService.php 
2016-02-08 19:50:17 - DEBUG --> initializeUserData 
2016-02-08 19:50:17 - DEBUG --> UserData first: a:0:{} 
2016-02-08 19:50:17 - DEBUG --> UserData end:  a:0:{} 
2016-02-08 19:50:17 - DEBUG --> Archivo \components\com_jhotelreservation\classes\services\UserDataService.php 
2016-02-08 19:50:17 - DEBUG --> initializeReservationData 
2016-02-08 19:50:17 - DEBUG --> UserData: a:0:{} 
2016-02-08 19:50:17 - DEBUG --> Archivo \components\com_jhotelreservation\classes\services\UserDataService.php 
2016-02-08 19:50:17 - DEBUG --> updateUserData 
2016-02-08 19:50:17 - DEBUG --> Archivo \components\com_jhotelreservation\classes\services\UserDataService.php 
2016-02-08 19:50:17 - DEBUG --> getUserData 
2016-02-08 19:50:17 - DEBUG --> Archivo \components\com_jhotelreservation\classes\services\UserDataService.php 
2016-02-08 19:50:17 - DEBUG --> setCurrency 
2016-02-08 19:50:17 - DEBUG --> Archivo \components\com_jhotelreservation\classes\services\UserDataService.php 
2016-02-08 19:50:17 - DEBUG --> getUserData 
2016-02-08 19:50:17 - DEBUG --> Archivo \components\com_jhotelreservation\classes\services\UserDataService.php 
2016-02-08 19:50:17 - DEBUG --> getUserData 
2016-02-08 19:50:17 - DEBUG --> Archivo \components\com_jhotelreservation\classes\services\UserDataService.php 
2016-02-08 19:50:17 - DEBUG --> getUserData 
2016-02-08 19:50:17 - DEBUG --> Archivo \components\com_jhotelreservationiews\hotel	mpl\hoteloverview.php 
2016-02-08 19:50:17 - DEBUG --> Accedió 
2016-02-08 19:52:58 - DEBUG --> Archivo \components\com_jhotelreservation\classes\services\UserDataService.php 
2016-02-08 19:52:58 - DEBUG --> initializeUserData 
2016-02-08 19:52:58 - DEBUG --> UserData first: a:0:{} 
2016-02-08 19:52:58 - DEBUG --> Archivo \components\com_jhotelreservation\classes\services\UserDataService.php 
2016-02-08 19:52:58 - DEBUG --> createUserData 
2016-02-08 19:52:58 - DEBUG --> voucher:  
2016-02-08 19:52:58 - DEBUG --> UserData end:  a:0:{} 
2016-02-08 19:52:58 - DEBUG --> Archivo \components\com_jhotelreservation\classes\services\UserDataService.php 
2016-02-08 19:52:58 - DEBUG --> initializeUserData 
2016-02-08 19:52:58 - DEBUG --> UserData first: a:0:{} 
2016-02-08 19:52:58 - DEBUG --> Archivo \components\com_jhotelreservation\classes\services\UserDataService.php 
2016-02-08 19:52:58 - DEBUG --> createUserData 
2016-02-08 19:52:58 - DEBUG --> voucher:  
2016-02-08 19:52:58 - DEBUG --> UserData end:  a:0:{} 
2016-02-08 19:52:58 - DEBUG --> Archivo \components\com_jhotelreservation\classes\services\UserDataService.php 
2016-02-08 19:52:58 - DEBUG --> initializeReservationData 
2016-02-08 19:52:58 - DEBUG --> UserData: a:0:{} 
2016-02-08 19:52:59 - DEBUG --> Archivo \components\com_jhotelreservation\classes\services\UserDataService.php 
2016-02-08 19:52:59 - DEBUG --> initializeUserData 
2016-02-08 19:52:59 - DEBUG --> UserData first: a:0:{} 
2016-02-08 19:52:59 - DEBUG --> UserData end:  a:0:{} 
2016-02-08 19:52:59 - DEBUG --> Archivo \components\com_jhotelreservation\classes\services\UserDataService.php 
2016-02-08 19:52:59 - DEBUG --> initializeUserData 
2016-02-08 19:52:59 - DEBUG --> UserData first: a:0:{} 
2016-02-08 19:52:59 - DEBUG --> UserData end:  a:0:{} 
2016-02-08 19:52:59 - DEBUG --> Archivo \components\com_jhotelreservation\classes\services\UserDataService.php 
2016-02-08 19:52:59 - DEBUG --> initializeReservationData 
2016-02-08 19:52:59 - DEBUG --> UserData: a:0:{} 
2016-02-08 19:52:59 - DEBUG --> Archivo \components\com_jhotelreservation\classes\services\UserDataService.php 
2016-02-08 19:52:59 - DEBUG --> updateUserData 
2016-02-08 19:52:59 - DEBUG --> Archivo \components\com_jhotelreservation\classes\services\UserDataService.php 
2016-02-08 19:52:59 - DEBUG --> getUserData 
2016-02-08 19:52:59 - DEBUG --> Archivo \components\com_jhotelreservation\classes\services\UserDataService.php 
2016-02-08 19:52:59 - DEBUG --> setCurrency 
2016-02-08 19:52:59 - DEBUG --> Archivo \components\com_jhotelreservation\classes\services\UserDataService.php 
2016-02-08 19:52:59 - DEBUG --> getUserData 
2016-02-08 19:52:59 - DEBUG --> Archivo \components\com_jhotelreservation\classes\services\UserDataService.php 
2016-02-08 19:52:59 - DEBUG --> getUserData 
2016-02-08 19:52:59 - DEBUG --> Archivo \components\com_jhotelreservation\classes\services\UserDataService.php 
2016-02-08 19:52:59 - DEBUG --> getUserData 
2016-02-08 19:52:59 - DEBUG --> Archivo \components\com_jhotelreservationiews\hotel	mpl\hoteloverview.php 
2016-02-08 19:52:59 - DEBUG --> Accedió 
