2015-12-22 9:14:31 - DEBUG --> Archivo \components\com_jhotelreservation\classes\services\UserDataService.php 
2015-12-22 9:14:31 - DEBUG --> initializeUserData 
2015-12-22 9:14:31 - DEBUG --> UserData first: N; 
2015-12-22 9:14:31 - DEBUG --> Archivo \components\com_jhotelreservation\classes\services\UserDataService.php 
2015-12-22 9:14:31 - DEBUG --> createUserData 
2015-12-22 9:14:31 - DEBUG --> UserData end:  a:0:{} 
2015-12-22 9:14:31 - DEBUG --> Archivo \components\com_jhotelreservation\classes\services\UserDataService.php 
2015-12-22 9:14:31 - DEBUG --> initializeUserData 
2015-12-22 9:14:31 - DEBUG --> UserData first: a:0:{} 
2015-12-22 9:14:31 - DEBUG --> UserData end:  a:0:{} 
2015-12-22 9:14:31 - DEBUG --> Archivo \components\com_jhotelreservation\classes\services\UserDataService.php 
2015-12-22 9:14:31 - DEBUG --> initializeReservationData 
2015-12-22 9:14:31 - DEBUG --> UserData: a:0:{} 
2015-12-22 9:14:31 - DEBUG --> Archivo \components\com_jhotelreservation\classes\services\UserDataService.php 
2015-12-22 9:14:31 - DEBUG --> updateUserData 
2015-12-22 9:14:31 - DEBUG --> Archivo \components\com_jhotelreservation\classes\services\UserDataService.php 
2015-12-22 9:14:31 - DEBUG --> getUserData 
2015-12-22 9:14:31 - DEBUG --> Archivo \components\com_jhotelreservation\classes\services\UserDataService.php 
2015-12-22 9:14:31 - DEBUG --> setCurrency 
2015-12-22 9:14:31 - DEBUG --> Archivo \components\com_jhotelreservation\classes\services\UserDataService.php 
2015-12-22 9:14:31 - DEBUG --> getUserData 
2015-12-22 9:14:31 - DEBUG --> Archivo \components\com_jhotelreservation\classes\services\UserDataService.php 
2015-12-22 9:14:31 - DEBUG --> getUserData 
2015-12-22 9:14:31 - DEBUG --> Archivo \components\com_jhotelreservation\classes\services\UserDataService.php 
2015-12-22 9:14:31 - DEBUG --> getUserData 
2015-12-22 17:23:28 - DEBUG --> Archivo \components\com_jhotelreservation\classes\services\UserDataService.php 
2015-12-22 17:23:28 - DEBUG --> initializeUserData 
2015-12-22 17:23:28 - DEBUG --> UserData first: N; 
2015-12-22 17:23:28 - DEBUG --> Archivo \components\com_jhotelreservation\classes\services\UserDataService.php 
2015-12-22 17:23:28 - DEBUG --> createUserData 
2015-12-22 17:23:28 - DEBUG --> UserData end:  a:0:{} 
2015-12-22 17:23:28 - DEBUG --> Archivo \components\com_jhotelreservation\classes\services\UserDataService.php 
2015-12-22 17:23:28 - DEBUG --> initializeUserData 
2015-12-22 17:23:28 - DEBUG --> UserData first: a:0:{} 
2015-12-22 17:23:28 - DEBUG --> UserData end:  a:0:{} 
2015-12-22 17:23:28 - DEBUG --> Archivo \components\com_jhotelreservation\classes\services\UserDataService.php 
2015-12-22 17:23:28 - DEBUG --> initializeReservationData 
2015-12-22 17:23:28 - DEBUG --> UserData: a:0:{} 
2015-12-22 17:23:28 - DEBUG --> Archivo \components\com_jhotelreservation\classes\services\UserDataService.php 
2015-12-22 17:23:28 - DEBUG --> updateUserData 
2015-12-22 17:23:28 - DEBUG --> Archivo \components\com_jhotelreservation\classes\services\UserDataService.php 
2015-12-22 17:23:28 - DEBUG --> getUserData 
2015-12-22 17:23:28 - DEBUG --> Archivo \components\com_jhotelreservation\classes\services\UserDataService.php 
2015-12-22 17:23:28 - DEBUG --> setCurrency 
2015-12-22 17:23:28 - DEBUG --> Archivo \components\com_jhotelreservation\classes\services\UserDataService.php 
2015-12-22 17:23:28 - DEBUG --> getUserData 
2015-12-22 17:23:28 - DEBUG --> Archivo \components\com_jhotelreservation\classes\services\UserDataService.php 
2015-12-22 17:23:28 - DEBUG --> getUserData 
2015-12-22 17:23:28 - DEBUG --> Archivo \components\com_jhotelreservation\classes\services\UserDataService.php 
2015-12-22 17:23:28 - DEBUG --> getUserData 
2015-12-22 17:23:28 - DEBUG --> Archivo \components\com_jhotelreservationiews\hotel	mpl\hoteloverview.php 
2015-12-22 17:23:28 - DEBUG --> Accedi贸 
2015-12-22 18:08:32 - DEBUG --> Archivo \components\com_jhotelreservation\classes\services\UserDataService.php 
2015-12-22 18:08:32 - DEBUG --> initializeUserData 
2015-12-22 18:08:32 - DEBUG --> UserData first: N; 
2015-12-22 18:08:32 - DEBUG --> Archivo \components\com_jhotelreservation\classes\services\UserDataService.php 
2015-12-22 18:08:32 - DEBUG --> createUserData 
2015-12-22 18:08:32 - DEBUG --> UserData end:  a:0:{} 
2015-12-22 18:08:32 - DEBUG --> Archivo \components\com_jhotelreservation\classes\services\UserDataService.php 
2015-12-22 18:08:32 - DEBUG --> initializeUserData 
2015-12-22 18:08:32 - DEBUG --> UserData first: a:0:{} 
2015-12-22 18:08:32 - DEBUG --> UserData end:  a:0:{} 
2015-12-22 18:08:32 - DEBUG --> Archivo \components\com_jhotelreservation\classes\services\UserDataService.php 
2015-12-22 18:08:32 - DEBUG --> initializeReservationData 
2015-12-22 18:08:32 - DEBUG --> UserData: a:0:{} 
2015-12-22 18:08:32 - DEBUG --> Archivo \components\com_jhotelreservation\classes\services\UserDataService.php 
2015-12-22 18:08:32 - DEBUG --> updateUserData 
2015-12-22 18:08:32 - DEBUG --> Archivo \components\com_jhotelreservation\classes\services\UserDataService.php 
2015-12-22 18:08:32 - DEBUG --> getUserData 
2015-12-22 18:08:32 - DEBUG --> Archivo \components\com_jhotelreservation\classes\services\UserDataService.php 
2015-12-22 18:08:32 - DEBUG --> setCurrency 
2015-12-22 18:08:32 - DEBUG --> Archivo \components\com_jhotelreservation\classes\services\UserDataService.php 
2015-12-22 18:08:32 - DEBUG --> getUserData 
2015-12-22 18:08:32 - DEBUG --> Archivo \components\com_jhotelreservation\classes\services\UserDataService.php 
2015-12-22 18:08:32 - DEBUG --> getUserData 
2015-12-22 18:08:32 - DEBUG --> Archivo \components\com_jhotelreservation\classes\services\UserDataService.php 
2015-12-22 18:08:32 - DEBUG --> getUserData 
2015-12-22 18:08:32 - DEBUG --> Archivo \components\com_jhotelreservationiews\hotel	mpl\hoteloverview.php 
2015-12-22 18:08:32 - DEBUG --> Accedi贸 
2015-12-22 22:16:39 - DEBUG --> Archivo \components\com_jhotelreservation\classes\services\UserDataService.php 
2015-12-22 22:16:39 - DEBUG --> initializeUserData 
2015-12-22 22:16:39 - DEBUG --> UserData first: N; 
2015-12-22 22:16:39 - DEBUG --> Archivo \components\com_jhotelreservation\classes\services\UserDataService.php 
2015-12-22 22:16:39 - DEBUG --> createUserData 
2015-12-22 22:16:39 - DEBUG --> UserData end:  a:0:{} 
2015-12-22 22:16:39 - DEBUG --> Archivo \components\com_jhotelreservation\classes\services\UserDataService.php 
2015-12-22 22:16:39 - DEBUG --> initializeUserData 
2015-12-22 22:16:39 - DEBUG --> UserData first: a:0:{} 
2015-12-22 22:16:39 - DEBUG --> UserData end:  a:0:{} 
2015-12-22 22:16:39 - DEBUG --> Archivo \components\com_jhotelreservation\classes\services\UserDataService.php 
2015-12-22 22:16:39 - DEBUG --> initializeReservationData 
2015-12-22 22:16:39 - DEBUG --> UserData: a:0:{} 
2015-12-22 22:16:39 - DEBUG --> Archivo \components\com_jhotelreservation\classes\services\UserDataService.php 
2015-12-22 22:16:39 - DEBUG --> updateUserData 
2015-12-22 22:16:39 - DEBUG --> Archivo \components\com_jhotelreservation\classes\services\UserDataService.php 
2015-12-22 22:16:39 - DEBUG --> getUserData 
2015-12-22 22:16:39 - DEBUG --> Archivo \components\com_jhotelreservation\classes\services\UserDataService.php 
2015-12-22 22:16:39 - DEBUG --> setCurrency 
2015-12-22 22:16:39 - DEBUG --> Archivo \components\com_jhotelreservation\classes\services\UserDataService.php 
2015-12-22 22:16:39 - DEBUG --> getUserData 
2015-12-22 22:16:39 - DEBUG --> Archivo \components\com_jhotelreservation\classes\services\UserDataService.php 
2015-12-22 22:16:39 - DEBUG --> getUserData 
2015-12-22 22:16:39 - DEBUG --> Archivo \components\com_jhotelreservation\classes\services\UserDataService.php 
2015-12-22 22:16:39 - DEBUG --> getUserData 
2015-12-22 22:16:39 - DEBUG --> Archivo \components\com_jhotelreservationiews\hotel	mpl\hoteloverview.php 
2015-12-22 22:16:39 - DEBUG --> Accedi贸 
2015-12-22 23:22:41 - DEBUG --> Archivo \components\com_jhotelreservation\classes\services\UserDataService.php 
2015-12-22 23:22:41 - DEBUG --> initializeUserData 
2015-12-22 23:22:41 - DEBUG --> UserData first: N; 
2015-12-22 23:22:41 - DEBUG --> Archivo \components\com_jhotelreservation\classes\services\UserDataService.php 
2015-12-22 23:22:41 - DEBUG --> createUserData 
2015-12-22 23:22:41 - DEBUG --> UserData end:  a:0:{} 
2015-12-22 23:22:41 - DEBUG --> Archivo \components\com_jhotelreservation\classes\services\UserDataService.php 
2015-12-22 23:22:41 - DEBUG --> initializeUserData 
2015-12-22 23:22:41 - DEBUG --> UserData first: a:0:{} 
2015-12-22 23:22:41 - DEBUG --> UserData end:  a:0:{} 
2015-12-22 23:22:41 - DEBUG --> Archivo \components\com_jhotelreservation\classes\services\UserDataService.php 
2015-12-22 23:22:41 - DEBUG --> initializeReservationData 
2015-12-22 23:22:41 - DEBUG --> UserData: a:0:{} 
2015-12-22 23:22:41 - DEBUG --> Archivo \components\com_jhotelreservation\classes\services\UserDataService.php 
2015-12-22 23:22:41 - DEBUG --> updateUserData 
2015-12-22 23:22:41 - DEBUG --> Archivo \components\com_jhotelreservation\classes\services\UserDataService.php 
2015-12-22 23:22:41 - DEBUG --> getUserData 
2015-12-22 23:22:41 - DEBUG --> Archivo \components\com_jhotelreservation\classes\services\UserDataService.php 
2015-12-22 23:22:41 - DEBUG --> setCurrency 
2015-12-22 23:22:41 - DEBUG --> Archivo \components\com_jhotelreservation\classes\services\UserDataService.php 
2015-12-22 23:22:41 - DEBUG --> getUserData 
2015-12-22 23:22:41 - DEBUG --> Archivo \components\com_jhotelreservation\classes\services\UserDataService.php 
2015-12-22 23:22:41 - DEBUG --> getUserData 
2015-12-22 23:22:42 - DEBUG --> Archivo \components\com_jhotelreservation\classes\services\UserDataService.php 
2015-12-22 23:22:42 - DEBUG --> getUserData 
2015-12-22 23:22:42 - DEBUG --> Archivo \components\com_jhotelreservationiews\hotel	mpl\hoteloverview.php 
2015-12-22 23:22:42 - DEBUG --> Accedi贸 
