2015-08-01 2:49:49 - DEBUG --> Archivo \components\com_jhotelreservation\classes\services\UserDataService.php 
2015-08-01 2:49:49 - DEBUG --> initializeUserData 
2015-08-01 2:49:49 - DEBUG --> UserData first: N; 
2015-08-01 2:49:49 - DEBUG --> Archivo \components\com_jhotelreservation\classes\services\UserDataService.php 
2015-08-01 2:49:49 - DEBUG --> createUserData 
2015-08-01 2:49:49 - DEBUG --> UserData end:  a:0:{} 
2015-08-01 2:49:49 - DEBUG --> Archivo \components\com_jhotelreservation\classes\services\UserDataService.php 
2015-08-01 2:49:49 - DEBUG --> initializeUserData 
2015-08-01 2:49:49 - DEBUG --> UserData first: a:0:{} 
2015-08-01 2:49:49 - DEBUG --> UserData end:  a:0:{} 
2015-08-01 2:49:49 - DEBUG --> Archivo \components\com_jhotelreservation\classes\services\UserDataService.php 
2015-08-01 2:49:49 - DEBUG --> initializeReservationData 
2015-08-01 2:49:49 - DEBUG --> UserData: a:0:{} 
2015-08-01 2:49:49 - DEBUG --> Archivo \components\com_jhotelreservation\classes\services\UserDataService.php 
2015-08-01 2:49:49 - DEBUG --> updateUserData 
2015-08-01 2:49:49 - DEBUG --> Archivo \components\com_jhotelreservation\classes\services\UserDataService.php 
2015-08-01 2:49:49 - DEBUG --> getUserData 
2015-08-01 2:49:49 - DEBUG --> Archivo \components\com_jhotelreservation\classes\services\UserDataService.php 
2015-08-01 2:49:49 - DEBUG --> setCurrency 
2015-08-01 2:49:49 - DEBUG --> Archivo \components\com_jhotelreservation\classes\services\UserDataService.php 
2015-08-01 2:49:49 - DEBUG --> getUserData 
2015-08-01 2:49:49 - DEBUG --> Archivo \components\com_jhotelreservation\classes\services\UserDataService.php 
2015-08-01 2:49:49 - DEBUG --> getUserData 
2015-08-01 2:49:49 - DEBUG --> Archivo \components\com_jhotelreservation\classes\services\UserDataService.php 
2015-08-01 2:49:49 - DEBUG --> getUserData 
2015-08-01 2:49:49 - DEBUG --> Archivo \components\com_jhotelreservationiews\hotel	mpl\hoteloverview.php 
2015-08-01 2:49:49 - DEBUG --> Accedió 
2015-08-01 11:51:58 - DEBUG --> Archivo \components\com_jhotelreservation\classes\services\UserDataService.php 
2015-08-01 11:51:58 - DEBUG --> initializeUserData 
2015-08-01 11:51:58 - DEBUG --> UserData first: N; 
2015-08-01 11:51:58 - DEBUG --> Archivo \components\com_jhotelreservation\classes\services\UserDataService.php 
2015-08-01 11:51:58 - DEBUG --> createUserData 
2015-08-01 11:51:58 - DEBUG --> UserData end:  a:0:{} 
2015-08-01 11:51:58 - DEBUG --> Archivo \components\com_jhotelreservation\classes\services\UserDataService.php 
2015-08-01 11:51:58 - DEBUG --> initializeUserData 
2015-08-01 11:51:58 - DEBUG --> UserData first: a:0:{} 
2015-08-01 11:51:58 - DEBUG --> UserData end:  a:0:{} 
2015-08-01 11:51:58 - DEBUG --> Archivo \components\com_jhotelreservation\classes\services\UserDataService.php 
2015-08-01 11:51:58 - DEBUG --> initializeReservationData 
2015-08-01 11:51:58 - DEBUG --> UserData: a:0:{} 
2015-08-01 11:51:58 - DEBUG --> Archivo \components\com_jhotelreservation\classes\services\UserDataService.php 
2015-08-01 11:51:58 - DEBUG --> updateUserData 
2015-08-01 11:51:58 - DEBUG --> Archivo \components\com_jhotelreservation\classes\services\UserDataService.php 
2015-08-01 11:51:58 - DEBUG --> getUserData 
2015-08-01 11:51:58 - DEBUG --> Archivo \components\com_jhotelreservation\classes\services\UserDataService.php 
2015-08-01 11:51:58 - DEBUG --> setCurrency 
2015-08-01 11:51:58 - DEBUG --> Archivo \components\com_jhotelreservation\classes\services\UserDataService.php 
2015-08-01 11:51:58 - DEBUG --> getUserData 
2015-08-01 11:51:58 - DEBUG --> Archivo \components\com_jhotelreservation\classes\services\UserDataService.php 
2015-08-01 11:51:58 - DEBUG --> getUserData 
2015-08-01 11:51:58 - DEBUG --> Archivo \components\com_jhotelreservation\classes\services\UserDataService.php 
2015-08-01 11:51:58 - DEBUG --> getUserData 
2015-08-01 11:51:58 - DEBUG --> Archivo \components\com_jhotelreservationiews\hotel	mpl\hoteloverview.php 
2015-08-01 11:51:58 - DEBUG --> Accedió 
2015-08-01 16:27:52 - DEBUG --> Archivo \components\com_jhotelreservation\classes\services\UserDataService.php 
2015-08-01 16:27:52 - DEBUG --> initializeUserData 
2015-08-01 16:27:52 - DEBUG --> UserData first: a:0:{} 
2015-08-01 16:27:52 - DEBUG --> UserData end:  a:0:{} 
2015-08-01 16:27:52 - DEBUG --> Archivo \components\com_jhotelreservation\classes\services\UserDataService.php 
2015-08-01 16:27:52 - DEBUG --> initializeUserData 
2015-08-01 16:27:52 - DEBUG --> UserData first: a:0:{} 
2015-08-01 16:27:52 - DEBUG --> UserData end:  a:0:{} 
2015-08-01 16:27:52 - DEBUG --> Archivo \components\com_jhotelreservation\classes\services\UserDataService.php 
2015-08-01 16:27:52 - DEBUG --> initializeReservationData 
2015-08-01 16:27:52 - DEBUG --> UserData: a:0:{} 
2015-08-01 16:27:52 - DEBUG --> Archivo \components\com_jhotelreservation\classes\services\UserDataService.php 
2015-08-01 16:27:52 - DEBUG --> updateUserData 
2015-08-01 16:27:52 - DEBUG --> Archivo \components\com_jhotelreservation\classes\services\UserDataService.php 
2015-08-01 16:27:52 - DEBUG --> getUserData 
2015-08-01 16:27:52 - DEBUG --> Archivo \components\com_jhotelreservation\classes\services\UserDataService.php 
2015-08-01 16:27:52 - DEBUG --> setCurrency 
2015-08-01 16:27:52 - DEBUG --> Archivo \components\com_jhotelreservation\classes\services\UserDataService.php 
2015-08-01 16:27:52 - DEBUG --> getUserData 
2015-08-01 16:27:52 - DEBUG --> Archivo \components\com_jhotelreservation\classes\services\UserDataService.php 
2015-08-01 16:27:52 - DEBUG --> getUserData 
2015-08-01 16:27:52 - DEBUG --> Archivo \components\com_jhotelreservation\classes\services\UserDataService.php 
2015-08-01 16:27:52 - DEBUG --> getUserData 
2015-08-01 16:27:52 - DEBUG --> Archivo \components\com_jhotelreservationiews\hotel	mpl\hoteloverview.php 
2015-08-01 16:27:52 - DEBUG --> Accedió 
2015-08-01 17:18:16 - DEBUG --> Archivo \components\com_jhotelreservation\classes\services\UserDataService.php 
2015-08-01 17:18:16 - DEBUG --> initializeUserData 
2015-08-01 17:18:16 - DEBUG --> UserData first: N; 
2015-08-01 17:18:16 - DEBUG --> Archivo \components\com_jhotelreservation\classes\services\UserDataService.php 
2015-08-01 17:18:16 - DEBUG --> createUserData 
2015-08-01 17:18:16 - DEBUG --> UserData end:  a:0:{} 
2015-08-01 17:18:16 - DEBUG --> Archivo \components\com_jhotelreservation\classes\services\UserDataService.php 
2015-08-01 17:18:16 - DEBUG --> initializeUserData 
2015-08-01 17:18:16 - DEBUG --> UserData first: a:0:{} 
2015-08-01 17:18:16 - DEBUG --> UserData end:  a:0:{} 
2015-08-01 17:18:16 - DEBUG --> Archivo \components\com_jhotelreservation\classes\services\UserDataService.php 
2015-08-01 17:18:16 - DEBUG --> initializeReservationData 
2015-08-01 17:18:16 - DEBUG --> UserData: a:0:{} 
2015-08-01 17:18:16 - DEBUG --> Archivo \components\com_jhotelreservation\classes\services\UserDataService.php 
2015-08-01 17:18:16 - DEBUG --> updateUserData 
2015-08-01 17:18:16 - DEBUG --> Archivo \components\com_jhotelreservation\classes\services\UserDataService.php 
2015-08-01 17:18:16 - DEBUG --> getUserData 
2015-08-01 17:18:16 - DEBUG --> Archivo \components\com_jhotelreservation\classes\services\UserDataService.php 
2015-08-01 17:18:16 - DEBUG --> setCurrency 
2015-08-01 17:18:16 - DEBUG --> Archivo \components\com_jhotelreservation\classes\services\UserDataService.php 
2015-08-01 17:18:16 - DEBUG --> getUserData 
2015-08-01 17:18:16 - DEBUG --> Archivo \components\com_jhotelreservation\classes\services\UserDataService.php 
2015-08-01 17:18:16 - DEBUG --> getUserData 
2015-08-01 17:18:16 - DEBUG --> Archivo \components\com_jhotelreservation\classes\services\UserDataService.php 
2015-08-01 17:18:16 - DEBUG --> getUserData 
2015-08-01 17:18:16 - DEBUG --> Archivo \components\com_jhotelreservationiews\hotel	mpl\hoteloverview.php 
2015-08-01 17:18:16 - DEBUG --> Accedió 
2015-08-01 20:55:36 - DEBUG --> Archivo \components\com_jhotelreservation\classes\services\UserDataService.php 
2015-08-01 20:55:36 - DEBUG --> initializeUserData 
2015-08-01 20:55:36 - DEBUG --> UserData first: N; 
2015-08-01 20:55:36 - DEBUG --> Archivo \components\com_jhotelreservation\classes\services\UserDataService.php 
2015-08-01 20:55:36 - DEBUG --> createUserData 
2015-08-01 20:55:36 - DEBUG --> UserData end:  a:0:{} 
2015-08-01 22:32:11 - DEBUG --> Archivo \components\com_jhotelreservation\classes\services\UserDataService.php 
2015-08-01 22:32:11 - DEBUG --> initializeUserData 
2015-08-01 22:32:11 - DEBUG --> UserData first: N; 
2015-08-01 22:32:11 - DEBUG --> Archivo \components\com_jhotelreservation\classes\services\UserDataService.php 
2015-08-01 22:32:11 - DEBUG --> createUserData 
2015-08-01 22:32:11 - DEBUG --> UserData end:  a:0:{} 
2015-08-01 22:32:11 - DEBUG --> Archivo \components\com_jhotelreservation\classes\services\UserDataService.php 
2015-08-01 22:32:11 - DEBUG --> initializeUserData 
2015-08-01 22:32:11 - DEBUG --> UserData first: a:0:{} 
2015-08-01 22:32:11 - DEBUG --> UserData end:  a:0:{} 
2015-08-01 22:32:11 - DEBUG --> Archivo \components\com_jhotelreservation\classes\services\UserDataService.php 
2015-08-01 22:32:11 - DEBUG --> initializeReservationData 
2015-08-01 22:32:11 - DEBUG --> UserData: a:0:{} 
2015-08-01 22:32:11 - DEBUG --> Archivo \components\com_jhotelreservation\classes\services\UserDataService.php 
2015-08-01 22:32:11 - DEBUG --> updateUserData 
2015-08-01 22:32:11 - DEBUG --> Archivo \components\com_jhotelreservation\classes\services\UserDataService.php 
2015-08-01 22:32:11 - DEBUG --> getUserData 
2015-08-01 22:32:11 - DEBUG --> Archivo \components\com_jhotelreservation\classes\services\UserDataService.php 
2015-08-01 22:32:11 - DEBUG --> setCurrency 
2015-08-01 22:32:11 - DEBUG --> Archivo \components\com_jhotelreservation\classes\services\UserDataService.php 
2015-08-01 22:32:11 - DEBUG --> getUserData 
2015-08-01 22:32:11 - DEBUG --> Archivo \components\com_jhotelreservation\classes\services\UserDataService.php 
2015-08-01 22:32:11 - DEBUG --> getUserData 
2015-08-01 22:32:11 - DEBUG --> Archivo \components\com_jhotelreservation\classes\services\UserDataService.php 
2015-08-01 22:32:11 - DEBUG --> getUserData 
2015-08-01 22:32:11 - DEBUG --> Archivo \components\com_jhotelreservationiews\hotel	mpl\hoteloverview.php 
2015-08-01 22:32:11 - DEBUG --> Accedió 
