2015-12-30 4:21:53 - DEBUG --> Archivo \components\com_jhotelreservation\classes\services\UserDataService.php 
2015-12-30 4:21:53 - DEBUG --> initializeUserData 
2015-12-30 4:21:53 - DEBUG --> UserData first: N; 
2015-12-30 4:21:53 - DEBUG --> Archivo \components\com_jhotelreservation\classes\services\UserDataService.php 
2015-12-30 4:21:53 - DEBUG --> createUserData 
2015-12-30 4:21:53 - DEBUG --> UserData end:  a:0:{} 
2015-12-30 4:21:53 - DEBUG --> Archivo \components\com_jhotelreservation\classes\services\UserDataService.php 
2015-12-30 4:21:53 - DEBUG --> initializeUserData 
2015-12-30 4:21:53 - DEBUG --> UserData first: a:0:{} 
2015-12-30 4:21:53 - DEBUG --> UserData end:  a:0:{} 
2015-12-30 4:21:53 - DEBUG --> Archivo \components\com_jhotelreservation\classes\services\UserDataService.php 
2015-12-30 4:21:53 - DEBUG --> initializeReservationData 
2015-12-30 4:21:53 - DEBUG --> UserData: a:0:{} 
2015-12-30 4:21:53 - DEBUG --> Archivo \components\com_jhotelreservation\classes\services\UserDataService.php 
2015-12-30 4:21:53 - DEBUG --> updateUserData 
2015-12-30 4:21:53 - DEBUG --> Archivo \components\com_jhotelreservation\classes\services\UserDataService.php 
2015-12-30 4:21:53 - DEBUG --> getUserData 
2015-12-30 4:21:53 - DEBUG --> Archivo \components\com_jhotelreservation\classes\services\UserDataService.php 
2015-12-30 4:21:53 - DEBUG --> setCurrency 
2015-12-30 4:21:53 - DEBUG --> Archivo \components\com_jhotelreservation\classes\services\UserDataService.php 
2015-12-30 4:21:53 - DEBUG --> getUserData 
2015-12-30 4:21:53 - DEBUG --> Archivo \components\com_jhotelreservation\classes\services\UserDataService.php 
2015-12-30 4:21:53 - DEBUG --> getUserData 
2015-12-30 4:21:53 - DEBUG --> Archivo \components\com_jhotelreservation\classes\services\UserDataService.php 
2015-12-30 4:21:53 - DEBUG --> getUserData 
2015-12-30 4:21:53 - DEBUG --> Archivo \components\com_jhotelreservationiews\hotel	mpl\hoteloverview.php 
2015-12-30 4:21:53 - DEBUG --> Accedió 
2015-12-30 4:31:02 - DEBUG --> Archivo \components\com_jhotelreservation\classes\services\UserDataService.php 
2015-12-30 4:31:02 - DEBUG --> initializeUserData 
2015-12-30 4:31:02 - DEBUG --> UserData first: N; 
2015-12-30 4:31:02 - DEBUG --> Archivo \components\com_jhotelreservation\classes\services\UserDataService.php 
2015-12-30 4:31:02 - DEBUG --> createUserData 
2015-12-30 4:31:02 - DEBUG --> UserData end:  a:0:{} 
2015-12-30 4:31:02 - DEBUG --> Archivo \components\com_jhotelreservation\classes\services\UserDataService.php 
2015-12-30 4:31:02 - DEBUG --> initializeUserData 
2015-12-30 4:31:02 - DEBUG --> UserData first: a:0:{} 
2015-12-30 4:31:02 - DEBUG --> UserData end:  a:0:{} 
2015-12-30 4:31:02 - DEBUG --> Archivo \components\com_jhotelreservation\classes\services\UserDataService.php 
2015-12-30 4:31:02 - DEBUG --> initializeReservationData 
2015-12-30 4:31:02 - DEBUG --> UserData: a:0:{} 
2015-12-30 4:31:02 - DEBUG --> Archivo \components\com_jhotelreservation\classes\services\UserDataService.php 
2015-12-30 4:31:02 - DEBUG --> updateUserData 
2015-12-30 4:31:02 - DEBUG --> Archivo \components\com_jhotelreservation\classes\services\UserDataService.php 
2015-12-30 4:31:02 - DEBUG --> getUserData 
2015-12-30 4:31:02 - DEBUG --> Archivo \components\com_jhotelreservation\classes\services\UserDataService.php 
2015-12-30 4:31:02 - DEBUG --> setCurrency 
2015-12-30 4:31:02 - DEBUG --> Archivo \components\com_jhotelreservation\classes\services\UserDataService.php 
2015-12-30 4:31:02 - DEBUG --> getUserData 
2015-12-30 4:31:02 - DEBUG --> Archivo \components\com_jhotelreservation\classes\services\UserDataService.php 
2015-12-30 4:31:02 - DEBUG --> getUserData 
2015-12-30 4:31:02 - DEBUG --> Archivo \components\com_jhotelreservation\classes\services\UserDataService.php 
2015-12-30 4:31:02 - DEBUG --> getUserData 
2015-12-30 4:31:02 - DEBUG --> Archivo \components\com_jhotelreservationiews\hotel	mpl\hoteloverview.php 
2015-12-30 4:31:02 - DEBUG --> Accedió 
2015-12-30 4:31:06 - DEBUG --> Archivo \components\com_jhotelreservation\classes\services\UserDataService.php 
2015-12-30 4:31:06 - DEBUG --> initializeUserData 
2015-12-30 4:31:06 - DEBUG --> UserData first: N; 
2015-12-30 4:31:06 - DEBUG --> Archivo \components\com_jhotelreservation\classes\services\UserDataService.php 
2015-12-30 4:31:06 - DEBUG --> createUserData 
2015-12-30 4:31:06 - DEBUG --> UserData end:  a:0:{} 
2015-12-30 4:31:06 - DEBUG --> Archivo \components\com_jhotelreservation\classes\services\UserDataService.php 
2015-12-30 4:31:06 - DEBUG --> initializeUserData 
2015-12-30 4:31:06 - DEBUG --> UserData first: a:0:{} 
2015-12-30 4:31:06 - DEBUG --> UserData end:  a:0:{} 
2015-12-30 4:31:06 - DEBUG --> Archivo \components\com_jhotelreservation\classes\services\UserDataService.php 
2015-12-30 4:31:06 - DEBUG --> initializeReservationData 
2015-12-30 4:31:06 - DEBUG --> UserData: a:0:{} 
2015-12-30 4:31:06 - DEBUG --> Archivo \components\com_jhotelreservation\classes\services\UserDataService.php 
2015-12-30 4:31:06 - DEBUG --> updateUserData 
2015-12-30 4:31:06 - DEBUG --> Archivo \components\com_jhotelreservation\classes\services\UserDataService.php 
2015-12-30 4:31:06 - DEBUG --> getUserData 
2015-12-30 4:31:06 - DEBUG --> Archivo \components\com_jhotelreservation\classes\services\UserDataService.php 
2015-12-30 4:31:06 - DEBUG --> setCurrency 
2015-12-30 4:31:06 - DEBUG --> Archivo \components\com_jhotelreservation\classes\services\UserDataService.php 
2015-12-30 4:31:06 - DEBUG --> getUserData 
2015-12-30 4:31:06 - DEBUG --> Archivo \components\com_jhotelreservation\classes\services\UserDataService.php 
2015-12-30 4:31:06 - DEBUG --> getUserData 
2015-12-30 4:31:06 - DEBUG --> Archivo \components\com_jhotelreservation\classes\services\UserDataService.php 
2015-12-30 4:31:06 - DEBUG --> getUserData 
2015-12-30 4:31:06 - DEBUG --> Archivo \components\com_jhotelreservationiews\hotel	mpl\hoteloverview.php 
2015-12-30 4:31:06 - DEBUG --> Accedió 
2015-12-30 4:36:21 - DEBUG --> Archivo \components\com_jhotelreservation\classes\services\UserDataService.php 
2015-12-30 4:36:21 - DEBUG --> initializeUserData 
2015-12-30 4:36:21 - DEBUG --> UserData first: N; 
2015-12-30 4:36:21 - DEBUG --> Archivo \components\com_jhotelreservation\classes\services\UserDataService.php 
2015-12-30 4:36:21 - DEBUG --> createUserData 
2015-12-30 4:36:21 - DEBUG --> UserData end:  a:0:{} 
2015-12-30 4:36:21 - DEBUG --> Archivo \components\com_jhotelreservation\classes\services\UserDataService.php 
2015-12-30 4:36:21 - DEBUG --> initializeUserData 
2015-12-30 4:36:21 - DEBUG --> UserData first: a:0:{} 
2015-12-30 4:36:21 - DEBUG --> UserData end:  a:0:{} 
2015-12-30 4:36:21 - DEBUG --> Archivo \components\com_jhotelreservation\classes\services\UserDataService.php 
2015-12-30 4:36:21 - DEBUG --> initializeReservationData 
2015-12-30 4:36:21 - DEBUG --> UserData: a:0:{} 
2015-12-30 4:36:21 - DEBUG --> Archivo \components\com_jhotelreservation\classes\services\UserDataService.php 
2015-12-30 4:36:21 - DEBUG --> updateUserData 
2015-12-30 4:36:21 - DEBUG --> Archivo \components\com_jhotelreservation\classes\services\UserDataService.php 
2015-12-30 4:36:21 - DEBUG --> getUserData 
2015-12-30 4:36:21 - DEBUG --> Archivo \components\com_jhotelreservation\classes\services\UserDataService.php 
2015-12-30 4:36:21 - DEBUG --> setCurrency 
2015-12-30 4:36:21 - DEBUG --> Archivo \components\com_jhotelreservation\classes\services\UserDataService.php 
2015-12-30 4:36:21 - DEBUG --> getUserData 
2015-12-30 4:36:21 - DEBUG --> Archivo \components\com_jhotelreservation\classes\services\UserDataService.php 
2015-12-30 4:36:21 - DEBUG --> getUserData 
2015-12-30 4:36:21 - DEBUG --> Archivo \components\com_jhotelreservation\classes\services\UserDataService.php 
2015-12-30 4:36:21 - DEBUG --> getUserData 
2015-12-30 4:36:21 - DEBUG --> Archivo \components\com_jhotelreservationiews\hotel	mpl\hoteloverview.php 
2015-12-30 4:36:21 - DEBUG --> Accedió 
2015-12-30 7:37:45 - DEBUG --> Archivo \components\com_jhotelreservation\classes\services\UserDataService.php 
2015-12-30 7:37:45 - DEBUG --> initializeUserData 
2015-12-30 7:37:45 - DEBUG --> UserData first: N; 
2015-12-30 7:37:45 - DEBUG --> Archivo \components\com_jhotelreservation\classes\services\UserDataService.php 
2015-12-30 7:37:45 - DEBUG --> createUserData 
2015-12-30 7:37:45 - DEBUG --> UserData end:  a:0:{} 
2015-12-30 7:37:45 - DEBUG --> Archivo \components\com_jhotelreservation\classes\services\UserDataService.php 
2015-12-30 7:37:45 - DEBUG --> initializeUserData 
2015-12-30 7:37:45 - DEBUG --> UserData first: a:0:{} 
2015-12-30 7:37:45 - DEBUG --> UserData end:  a:0:{} 
2015-12-30 7:37:45 - DEBUG --> Archivo \components\com_jhotelreservation\classes\services\UserDataService.php 
2015-12-30 7:37:45 - DEBUG --> initializeReservationData 
2015-12-30 7:37:45 - DEBUG --> UserData: a:0:{} 
2015-12-30 7:37:45 - DEBUG --> Archivo \components\com_jhotelreservation\classes\services\UserDataService.php 
2015-12-30 7:37:45 - DEBUG --> updateUserData 
2015-12-30 7:37:45 - DEBUG --> Archivo \components\com_jhotelreservation\classes\services\UserDataService.php 
2015-12-30 7:37:45 - DEBUG --> getUserData 
2015-12-30 7:37:45 - DEBUG --> Archivo \components\com_jhotelreservation\classes\services\UserDataService.php 
2015-12-30 7:37:45 - DEBUG --> setCurrency 
2015-12-30 7:37:45 - DEBUG --> Archivo \components\com_jhotelreservation\classes\services\UserDataService.php 
2015-12-30 7:37:45 - DEBUG --> getUserData 
2015-12-30 7:37:45 - DEBUG --> Archivo \components\com_jhotelreservation\classes\services\UserDataService.php 
2015-12-30 7:37:45 - DEBUG --> getUserData 
2015-12-30 7:37:46 - DEBUG --> Archivo \components\com_jhotelreservation\classes\services\UserDataService.php 
2015-12-30 7:37:46 - DEBUG --> getUserData 
2015-12-30 7:37:46 - DEBUG --> Archivo \components\com_jhotelreservationiews\hotel	mpl\hoteloverview.php 
2015-12-30 7:37:46 - DEBUG --> Accedió 
2015-12-30 7:37:48 - DEBUG --> Archivo \components\com_jhotelreservation\classes\services\UserDataService.php 
2015-12-30 7:37:48 - DEBUG --> initializeUserData 
2015-12-30 7:37:48 - DEBUG --> UserData first: N; 
2015-12-30 7:37:48 - DEBUG --> Archivo \components\com_jhotelreservation\classes\services\UserDataService.php 
2015-12-30 7:37:48 - DEBUG --> createUserData 
2015-12-30 7:37:48 - DEBUG --> UserData end:  a:0:{} 
2015-12-30 7:37:48 - DEBUG --> Archivo \components\com_jhotelreservation\classes\services\UserDataService.php 
2015-12-30 7:37:48 - DEBUG --> initializeUserData 
2015-12-30 7:37:48 - DEBUG --> UserData first: a:0:{} 
2015-12-30 7:37:48 - DEBUG --> UserData end:  a:0:{} 
2015-12-30 7:37:48 - DEBUG --> Archivo \components\com_jhotelreservation\classes\services\UserDataService.php 
2015-12-30 7:37:48 - DEBUG --> initializeReservationData 
2015-12-30 7:37:48 - DEBUG --> UserData: a:0:{} 
2015-12-30 7:37:48 - DEBUG --> Archivo \components\com_jhotelreservation\classes\services\UserDataService.php 
2015-12-30 7:37:48 - DEBUG --> updateUserData 
2015-12-30 7:37:48 - DEBUG --> Archivo \components\com_jhotelreservation\classes\services\UserDataService.php 
2015-12-30 7:37:48 - DEBUG --> getUserData 
2015-12-30 7:37:48 - DEBUG --> Archivo \components\com_jhotelreservation\classes\services\UserDataService.php 
2015-12-30 7:37:48 - DEBUG --> setCurrency 
2015-12-30 7:37:48 - DEBUG --> Archivo \components\com_jhotelreservation\classes\services\UserDataService.php 
2015-12-30 7:37:48 - DEBUG --> getUserData 
2015-12-30 7:37:48 - DEBUG --> Archivo \components\com_jhotelreservation\classes\services\UserDataService.php 
2015-12-30 7:37:48 - DEBUG --> getUserData 
2015-12-30 7:37:48 - DEBUG --> Archivo \components\com_jhotelreservation\classes\services\UserDataService.php 
2015-12-30 7:37:48 - DEBUG --> getUserData 
2015-12-30 7:37:49 - DEBUG --> Archivo \components\com_jhotelreservation\classes\services\UserDataService.php 
2015-12-30 7:37:49 - DEBUG --> initializeUserData 
2015-12-30 7:37:49 - DEBUG --> UserData first: N; 
2015-12-30 7:37:49 - DEBUG --> Archivo \components\com_jhotelreservation\classes\services\UserDataService.php 
2015-12-30 7:37:49 - DEBUG --> createUserData 
2015-12-30 7:37:49 - DEBUG --> UserData end:  a:0:{} 
2015-12-30 7:37:49 - DEBUG --> Archivo \components\com_jhotelreservation\classes\services\UserDataService.php 
2015-12-30 7:37:49 - DEBUG --> initializeUserData 
2015-12-30 7:37:49 - DEBUG --> UserData first: a:0:{} 
2015-12-30 7:37:49 - DEBUG --> UserData end:  a:0:{} 
2015-12-30 7:37:49 - DEBUG --> Archivo \components\com_jhotelreservation\classes\services\UserDataService.php 
2015-12-30 7:37:49 - DEBUG --> initializeReservationData 
2015-12-30 7:37:49 - DEBUG --> UserData: a:0:{} 
2015-12-30 7:37:49 - DEBUG --> Archivo \components\com_jhotelreservation\classes\services\UserDataService.php 
2015-12-30 7:37:49 - DEBUG --> updateUserData 
2015-12-30 7:37:49 - DEBUG --> Archivo \components\com_jhotelreservation\classes\services\UserDataService.php 
2015-12-30 7:37:49 - DEBUG --> getUserData 
2015-12-30 7:37:49 - DEBUG --> Archivo \components\com_jhotelreservation\classes\services\UserDataService.php 
2015-12-30 7:37:49 - DEBUG --> setCurrency 
2015-12-30 7:37:49 - DEBUG --> Archivo \components\com_jhotelreservation\classes\services\UserDataService.php 
2015-12-30 7:37:49 - DEBUG --> getUserData 
2015-12-30 7:37:49 - DEBUG --> Archivo \components\com_jhotelreservation\classes\services\UserDataService.php 
2015-12-30 7:37:49 - DEBUG --> getUserData 
2015-12-30 7:37:49 - DEBUG --> Archivo \components\com_jhotelreservation\classes\services\UserDataService.php 
2015-12-30 7:37:49 - DEBUG --> getUserData 
2015-12-30 7:37:49 - DEBUG --> Archivo \components\com_jhotelreservationiews\hotel	mpl\hoteloverview.php 
2015-12-30 7:37:49 - DEBUG --> Accedió 
2015-12-30 10:52:22 - DEBUG --> Archivo \components\com_jhotelreservation\classes\services\UserDataService.php 
2015-12-30 10:52:22 - DEBUG --> initializeUserData 
2015-12-30 10:52:22 - DEBUG --> UserData first: N; 
2015-12-30 10:52:22 - DEBUG --> Archivo \components\com_jhotelreservation\classes\services\UserDataService.php 
2015-12-30 10:52:22 - DEBUG --> createUserData 
2015-12-30 10:52:22 - DEBUG --> UserData end:  a:0:{} 
2015-12-30 10:52:22 - DEBUG --> Archivo \components\com_jhotelreservation\classes\services\UserDataService.php 
2015-12-30 10:52:22 - DEBUG --> initializeUserData 
2015-12-30 10:52:22 - DEBUG --> UserData first: a:0:{} 
2015-12-30 10:52:22 - DEBUG --> UserData end:  a:0:{} 
2015-12-30 10:52:22 - DEBUG --> Archivo \components\com_jhotelreservation\classes\services\UserDataService.php 
2015-12-30 10:52:22 - DEBUG --> initializeReservationData 
2015-12-30 10:52:22 - DEBUG --> UserData: a:0:{} 
2015-12-30 10:52:22 - DEBUG --> Archivo \components\com_jhotelreservation\classes\services\UserDataService.php 
2015-12-30 10:52:22 - DEBUG --> updateUserData 
2015-12-30 10:52:22 - DEBUG --> Archivo \components\com_jhotelreservation\classes\services\UserDataService.php 
2015-12-30 10:52:22 - DEBUG --> getUserData 
2015-12-30 10:52:22 - DEBUG --> Archivo \components\com_jhotelreservation\classes\services\UserDataService.php 
2015-12-30 10:52:22 - DEBUG --> setCurrency 
2015-12-30 10:52:22 - DEBUG --> Archivo \components\com_jhotelreservation\classes\services\UserDataService.php 
2015-12-30 10:52:22 - DEBUG --> getUserData 
2015-12-30 10:52:22 - DEBUG --> Archivo \components\com_jhotelreservation\classes\services\UserDataService.php 
2015-12-30 10:52:22 - DEBUG --> getUserData 
2015-12-30 10:52:22 - DEBUG --> Archivo \components\com_jhotelreservation\classes\services\UserDataService.php 
2015-12-30 10:52:22 - DEBUG --> getUserData 
