2016-03-06 2:19:42 - DEBUG --> Archivo \components\com_jhotelreservation\classes\services\UserDataService.php 
2016-03-06 2:19:42 - DEBUG --> initializeUserData 
2016-03-06 2:19:42 - DEBUG --> UserData first: N; 
2016-03-06 2:19:42 - DEBUG --> Archivo \components\com_jhotelreservation\classes\services\UserDataService.php 
2016-03-06 2:19:42 - DEBUG --> createUserData 
2016-03-06 2:19:42 - DEBUG --> UserData end:  a:0:{} 
2016-03-06 2:19:42 - DEBUG --> Archivo \components\com_jhotelreservation\classes\services\UserDataService.php 
2016-03-06 2:19:42 - DEBUG --> initializeUserData 
2016-03-06 2:19:42 - DEBUG --> UserData first: a:0:{} 
2016-03-06 2:19:42 - DEBUG --> UserData end:  a:0:{} 
2016-03-06 2:19:42 - DEBUG --> Archivo \components\com_jhotelreservation\classes\services\UserDataService.php 
2016-03-06 2:19:42 - DEBUG --> initializeReservationData 
2016-03-06 2:19:42 - DEBUG --> UserData: a:0:{} 
2016-03-06 2:19:42 - DEBUG --> Archivo \components\com_jhotelreservation\classes\services\UserDataService.php 
2016-03-06 2:19:42 - DEBUG --> updateUserData 
2016-03-06 2:19:42 - DEBUG --> Archivo \components\com_jhotelreservation\classes\services\UserDataService.php 
2016-03-06 2:19:42 - DEBUG --> getUserData 
2016-03-06 2:19:42 - DEBUG --> Archivo \components\com_jhotelreservation\classes\services\UserDataService.php 
2016-03-06 2:19:42 - DEBUG --> setCurrency 
2016-03-06 2:19:42 - DEBUG --> Archivo \components\com_jhotelreservation\classes\services\UserDataService.php 
2016-03-06 2:19:42 - DEBUG --> getUserData 
2016-03-06 2:19:42 - DEBUG --> Archivo \components\com_jhotelreservation\classes\services\UserDataService.php 
2016-03-06 2:19:42 - DEBUG --> getUserData 
2016-03-06 2:19:42 - DEBUG --> Archivo \components\com_jhotelreservation\classes\services\UserDataService.php 
2016-03-06 2:19:42 - DEBUG --> getUserData 
2016-03-06 2:19:42 - DEBUG --> Archivo \components\com_jhotelreservationiews\hotel	mpl\hoteloverview.php 
2016-03-06 2:19:42 - DEBUG --> Accedió 
2016-03-06 5:40:08 - DEBUG --> Archivo \components\com_jhotelreservation\classes\services\UserDataService.php 
2016-03-06 5:40:08 - DEBUG --> initializeUserData 
2016-03-06 5:40:08 - DEBUG --> UserData first: N; 
2016-03-06 5:40:08 - DEBUG --> Archivo \components\com_jhotelreservation\classes\services\UserDataService.php 
2016-03-06 5:40:08 - DEBUG --> createUserData 
2016-03-06 5:40:08 - DEBUG --> UserData end:  a:0:{} 
2016-03-06 5:40:08 - DEBUG --> Archivo \components\com_jhotelreservation\classes\services\UserDataService.php 
2016-03-06 5:40:08 - DEBUG --> initializeUserData 
2016-03-06 5:40:08 - DEBUG --> UserData first: a:0:{} 
2016-03-06 5:40:08 - DEBUG --> UserData end:  a:0:{} 
2016-03-06 5:40:08 - DEBUG --> Archivo \components\com_jhotelreservation\classes\services\UserDataService.php 
2016-03-06 5:40:08 - DEBUG --> initializeReservationData 
2016-03-06 5:40:08 - DEBUG --> UserData: a:0:{} 
2016-03-06 5:40:08 - DEBUG --> Archivo \components\com_jhotelreservation\classes\services\UserDataService.php 
2016-03-06 5:40:08 - DEBUG --> updateUserData 
2016-03-06 5:40:08 - DEBUG --> Archivo \components\com_jhotelreservation\classes\services\UserDataService.php 
2016-03-06 5:40:08 - DEBUG --> getUserData 
2016-03-06 5:40:08 - DEBUG --> Archivo \components\com_jhotelreservation\classes\services\UserDataService.php 
2016-03-06 5:40:08 - DEBUG --> setCurrency 
2016-03-06 5:40:08 - DEBUG --> Archivo \components\com_jhotelreservation\classes\services\UserDataService.php 
2016-03-06 5:40:08 - DEBUG --> getUserData 
2016-03-06 5:40:08 - DEBUG --> Archivo \components\com_jhotelreservation\classes\services\UserDataService.php 
2016-03-06 5:40:08 - DEBUG --> getUserData 
2016-03-06 5:40:08 - DEBUG --> Archivo \components\com_jhotelreservation\classes\services\UserDataService.php 
2016-03-06 5:40:08 - DEBUG --> getUserData 
2016-03-06 5:40:08 - DEBUG --> Archivo \components\com_jhotelreservationiews\hotel	mpl\hoteloverview.php 
2016-03-06 5:40:08 - DEBUG --> Accedió 
2016-03-06 5:40:11 - DEBUG --> Archivo \components\com_jhotelreservation\classes\services\UserDataService.php 
2016-03-06 5:40:11 - DEBUG --> initializeUserData 
2016-03-06 5:40:11 - DEBUG --> UserData first: N; 
2016-03-06 5:40:11 - DEBUG --> Archivo \components\com_jhotelreservation\classes\services\UserDataService.php 
2016-03-06 5:40:11 - DEBUG --> createUserData 
2016-03-06 5:40:11 - DEBUG --> UserData end:  a:0:{} 
2016-03-06 5:40:11 - DEBUG --> Archivo \components\com_jhotelreservation\classes\services\UserDataService.php 
2016-03-06 5:40:11 - DEBUG --> initializeUserData 
2016-03-06 5:40:11 - DEBUG --> UserData first: a:0:{} 
2016-03-06 5:40:11 - DEBUG --> UserData end:  a:0:{} 
2016-03-06 5:40:11 - DEBUG --> Archivo \components\com_jhotelreservation\classes\services\UserDataService.php 
2016-03-06 5:40:11 - DEBUG --> initializeReservationData 
2016-03-06 5:40:11 - DEBUG --> UserData: a:0:{} 
2016-03-06 5:40:11 - DEBUG --> Archivo \components\com_jhotelreservation\classes\services\UserDataService.php 
2016-03-06 5:40:11 - DEBUG --> updateUserData 
2016-03-06 5:40:11 - DEBUG --> Archivo \components\com_jhotelreservation\classes\services\UserDataService.php 
2016-03-06 5:40:11 - DEBUG --> getUserData 
2016-03-06 5:40:11 - DEBUG --> Archivo \components\com_jhotelreservation\classes\services\UserDataService.php 
2016-03-06 5:40:11 - DEBUG --> setCurrency 
2016-03-06 5:40:11 - DEBUG --> Archivo \components\com_jhotelreservation\classes\services\UserDataService.php 
2016-03-06 5:40:11 - DEBUG --> getUserData 
2016-03-06 5:40:11 - DEBUG --> Archivo \components\com_jhotelreservation\classes\services\UserDataService.php 
2016-03-06 5:40:11 - DEBUG --> getUserData 
2016-03-06 5:40:11 - DEBUG --> Archivo \components\com_jhotelreservation\classes\services\UserDataService.php 
2016-03-06 5:40:11 - DEBUG --> getUserData 
2016-03-06 5:40:11 - DEBUG --> Archivo \components\com_jhotelreservationiews\hotel	mpl\hoteloverview.php 
2016-03-06 5:40:11 - DEBUG --> Accedió 
2016-03-06 8:02:15 - DEBUG --> Archivo \components\com_jhotelreservation\classes\services\UserDataService.php 
2016-03-06 8:02:15 - DEBUG --> initializeUserData 
2016-03-06 8:02:15 - DEBUG --> UserData first: N; 
2016-03-06 8:02:15 - DEBUG --> Archivo \components\com_jhotelreservation\classes\services\UserDataService.php 
2016-03-06 8:02:15 - DEBUG --> createUserData 
2016-03-06 8:02:15 - DEBUG --> UserData end:  a:0:{} 
2016-03-06 8:02:15 - DEBUG --> Archivo \components\com_jhotelreservation\classes\services\UserDataService.php 
2016-03-06 8:02:15 - DEBUG --> initializeUserData 
2016-03-06 8:02:15 - DEBUG --> UserData first: a:0:{} 
2016-03-06 8:02:15 - DEBUG --> UserData end:  a:0:{} 
2016-03-06 8:02:15 - DEBUG --> Archivo \components\com_jhotelreservation\classes\services\UserDataService.php 
2016-03-06 8:02:15 - DEBUG --> initializeReservationData 
2016-03-06 8:02:15 - DEBUG --> UserData: a:0:{} 
2016-03-06 8:02:15 - DEBUG --> Archivo \components\com_jhotelreservation\classes\services\UserDataService.php 
2016-03-06 8:02:15 - DEBUG --> updateUserData 
2016-03-06 8:02:15 - DEBUG --> Archivo \components\com_jhotelreservation\classes\services\UserDataService.php 
2016-03-06 8:02:15 - DEBUG --> getUserData 
2016-03-06 8:02:15 - DEBUG --> Archivo \components\com_jhotelreservation\classes\services\UserDataService.php 
2016-03-06 8:02:15 - DEBUG --> setCurrency 
2016-03-06 8:02:15 - DEBUG --> Archivo \components\com_jhotelreservation\classes\services\UserDataService.php 
2016-03-06 8:02:15 - DEBUG --> getUserData 
2016-03-06 8:02:15 - DEBUG --> Archivo \components\com_jhotelreservation\classes\services\UserDataService.php 
2016-03-06 8:02:15 - DEBUG --> getUserData 
2016-03-06 8:02:15 - DEBUG --> Archivo \components\com_jhotelreservation\classes\services\UserDataService.php 
2016-03-06 8:02:15 - DEBUG --> getUserData 
2016-03-06 8:02:15 - DEBUG --> Archivo \components\com_jhotelreservationiews\hotel	mpl\hoteloverview.php 
2016-03-06 8:02:15 - DEBUG --> Accedió 
2016-03-06 12:15:16 - DEBUG --> Archivo \components\com_jhotelreservation\classes\services\UserDataService.php 
2016-03-06 12:15:16 - DEBUG --> initializeUserData 
2016-03-06 12:15:16 - DEBUG --> UserData first: N; 
2016-03-06 12:15:16 - DEBUG --> Archivo \components\com_jhotelreservation\classes\services\UserDataService.php 
2016-03-06 12:15:16 - DEBUG --> createUserData 
2016-03-06 12:15:16 - DEBUG --> UserData end:  a:0:{} 
2016-03-06 12:15:16 - DEBUG --> Archivo \components\com_jhotelreservation\classes\services\UserDataService.php 
2016-03-06 12:15:16 - DEBUG --> initializeUserData 
2016-03-06 12:15:16 - DEBUG --> UserData first: a:0:{} 
2016-03-06 12:15:16 - DEBUG --> UserData end:  a:0:{} 
2016-03-06 12:15:16 - DEBUG --> Archivo \components\com_jhotelreservation\classes\services\UserDataService.php 
2016-03-06 12:15:16 - DEBUG --> initializeReservationData 
2016-03-06 12:15:16 - DEBUG --> UserData: a:0:{} 
2016-03-06 12:15:16 - DEBUG --> Archivo \components\com_jhotelreservation\classes\services\UserDataService.php 
2016-03-06 12:15:16 - DEBUG --> updateUserData 
2016-03-06 12:15:16 - DEBUG --> Archivo \components\com_jhotelreservation\classes\services\UserDataService.php 
2016-03-06 12:15:16 - DEBUG --> getUserData 
2016-03-06 12:15:16 - DEBUG --> Archivo \components\com_jhotelreservation\classes\services\UserDataService.php 
2016-03-06 12:15:16 - DEBUG --> setCurrency 
2016-03-06 12:15:16 - DEBUG --> Archivo \components\com_jhotelreservation\classes\services\UserDataService.php 
2016-03-06 12:15:16 - DEBUG --> getUserData 
2016-03-06 12:15:16 - DEBUG --> Archivo \components\com_jhotelreservation\classes\services\UserDataService.php 
2016-03-06 12:15:16 - DEBUG --> getUserData 
2016-03-06 12:15:16 - DEBUG --> Archivo \components\com_jhotelreservation\classes\services\UserDataService.php 
2016-03-06 12:15:16 - DEBUG --> getUserData 
2016-03-06 12:15:16 - DEBUG --> Archivo \components\com_jhotelreservationiews\hotel	mpl\hoteloverview.php 
2016-03-06 12:15:16 - DEBUG --> Accedió 
2016-03-06 12:31:49 - DEBUG --> Archivo \components\com_jhotelreservation\classes\services\UserDataService.php 
2016-03-06 12:31:49 - DEBUG --> initializeUserData 
2016-03-06 12:31:49 - DEBUG --> UserData first: N; 
2016-03-06 12:31:49 - DEBUG --> Archivo \components\com_jhotelreservation\classes\services\UserDataService.php 
2016-03-06 12:31:49 - DEBUG --> createUserData 
2016-03-06 12:31:49 - DEBUG --> UserData end:  a:0:{} 
2016-03-06 12:31:49 - DEBUG --> Archivo \components\com_jhotelreservation\classes\services\UserDataService.php 
2016-03-06 12:31:49 - DEBUG --> initializeUserData 
2016-03-06 12:31:49 - DEBUG --> UserData first: a:0:{} 
2016-03-06 12:31:49 - DEBUG --> UserData end:  a:0:{} 
2016-03-06 12:31:49 - DEBUG --> Archivo \components\com_jhotelreservation\classes\services\UserDataService.php 
2016-03-06 12:31:49 - DEBUG --> initializeReservationData 
2016-03-06 12:31:49 - DEBUG --> UserData: a:0:{} 
2016-03-06 12:31:49 - DEBUG --> Archivo \components\com_jhotelreservation\classes\services\UserDataService.php 
2016-03-06 12:31:49 - DEBUG --> updateUserData 
2016-03-06 12:31:49 - DEBUG --> Archivo \components\com_jhotelreservation\classes\services\UserDataService.php 
2016-03-06 12:31:49 - DEBUG --> getUserData 
2016-03-06 12:31:49 - DEBUG --> Archivo \components\com_jhotelreservation\classes\services\UserDataService.php 
2016-03-06 12:31:49 - DEBUG --> setCurrency 
2016-03-06 12:31:49 - DEBUG --> Archivo \components\com_jhotelreservation\classes\services\UserDataService.php 
2016-03-06 12:31:49 - DEBUG --> getUserData 
2016-03-06 12:31:49 - DEBUG --> Archivo \components\com_jhotelreservation\classes\services\UserDataService.php 
2016-03-06 12:31:49 - DEBUG --> getUserData 
2016-03-06 12:31:49 - DEBUG --> Archivo \components\com_jhotelreservation\classes\services\UserDataService.php 
2016-03-06 12:31:49 - DEBUG --> getUserData 
2016-03-06 12:46:09 - DEBUG --> Archivo \components\com_jhotelreservation\classes\services\UserDataService.php 
2016-03-06 12:46:09 - DEBUG --> initializeUserData 
2016-03-06 12:46:09 - DEBUG --> UserData first: N; 
2016-03-06 12:46:09 - DEBUG --> Archivo \components\com_jhotelreservation\classes\services\UserDataService.php 
2016-03-06 12:46:09 - DEBUG --> createUserData 
2016-03-06 12:46:09 - DEBUG --> UserData end:  a:0:{} 
2016-03-06 12:46:09 - DEBUG --> Archivo \components\com_jhotelreservation\classes\services\UserDataService.php 
2016-03-06 12:46:09 - DEBUG --> initializeUserData 
2016-03-06 12:46:09 - DEBUG --> UserData first: a:0:{} 
2016-03-06 12:46:09 - DEBUG --> UserData end:  a:0:{} 
2016-03-06 12:46:09 - DEBUG --> Archivo \components\com_jhotelreservation\classes\services\UserDataService.php 
2016-03-06 12:46:09 - DEBUG --> initializeReservationData 
2016-03-06 12:46:09 - DEBUG --> UserData: a:0:{} 
2016-03-06 12:46:09 - DEBUG --> Archivo \components\com_jhotelreservation\classes\services\UserDataService.php 
2016-03-06 12:46:09 - DEBUG --> updateUserData 
2016-03-06 12:46:09 - DEBUG --> Archivo \components\com_jhotelreservation\classes\services\UserDataService.php 
2016-03-06 12:46:09 - DEBUG --> getUserData 
2016-03-06 12:46:09 - DEBUG --> Archivo \components\com_jhotelreservation\classes\services\UserDataService.php 
2016-03-06 12:46:09 - DEBUG --> setCurrency 
2016-03-06 12:46:09 - DEBUG --> Archivo \components\com_jhotelreservation\classes\services\UserDataService.php 
2016-03-06 12:46:09 - DEBUG --> getUserData 
2016-03-06 12:46:09 - DEBUG --> Archivo \components\com_jhotelreservation\classes\services\UserDataService.php 
2016-03-06 12:46:09 - DEBUG --> getUserData 
2016-03-06 12:46:09 - DEBUG --> Archivo \components\com_jhotelreservation\classes\services\UserDataService.php 
2016-03-06 12:46:09 - DEBUG --> getUserData 
2016-03-06 14:45:20 - DEBUG --> Archivo \components\com_jhotelreservation\classes\services\UserDataService.php 
2016-03-06 14:45:20 - DEBUG --> initializeUserData 
2016-03-06 14:45:20 - DEBUG --> UserData first: N; 
2016-03-06 14:45:20 - DEBUG --> Archivo \components\com_jhotelreservation\classes\services\UserDataService.php 
2016-03-06 14:45:20 - DEBUG --> createUserData 
2016-03-06 14:45:20 - DEBUG --> UserData end:  a:0:{} 
2016-03-06 14:45:20 - DEBUG --> Archivo \components\com_jhotelreservation\classes\services\UserDataService.php 
2016-03-06 14:45:20 - DEBUG --> initializeUserData 
2016-03-06 14:45:20 - DEBUG --> UserData first: a:0:{} 
2016-03-06 14:45:20 - DEBUG --> UserData end:  a:0:{} 
2016-03-06 14:45:20 - DEBUG --> Archivo \components\com_jhotelreservation\classes\services\UserDataService.php 
2016-03-06 14:45:20 - DEBUG --> initializeReservationData 
2016-03-06 14:45:20 - DEBUG --> UserData: a:0:{} 
2016-03-06 14:45:20 - DEBUG --> Archivo \components\com_jhotelreservation\classes\services\UserDataService.php 
2016-03-06 14:45:20 - DEBUG --> updateUserData 
2016-03-06 14:45:20 - DEBUG --> Archivo \components\com_jhotelreservation\classes\services\UserDataService.php 
2016-03-06 14:45:20 - DEBUG --> getUserData 
2016-03-06 14:45:20 - DEBUG --> Archivo \components\com_jhotelreservation\classes\services\UserDataService.php 
2016-03-06 14:45:20 - DEBUG --> setCurrency 
2016-03-06 14:45:20 - DEBUG --> Archivo \components\com_jhotelreservation\classes\services\UserDataService.php 
2016-03-06 14:45:20 - DEBUG --> getUserData 
2016-03-06 14:45:20 - DEBUG --> Archivo \components\com_jhotelreservation\classes\services\UserDataService.php 
2016-03-06 14:45:20 - DEBUG --> getUserData 
2016-03-06 14:45:20 - DEBUG --> Archivo \components\com_jhotelreservation\classes\services\UserDataService.php 
2016-03-06 14:45:20 - DEBUG --> getUserData 
2016-03-06 14:45:20 - DEBUG --> Archivo \components\com_jhotelreservationiews\hotel	mpl\hoteloverview.php 
2016-03-06 14:45:20 - DEBUG --> Accedió 
2016-03-06 14:45:31 - DEBUG --> Archivo \components\com_jhotelreservation\classes\services\UserDataService.php 
2016-03-06 14:45:31 - DEBUG --> initializeUserData 
2016-03-06 14:45:31 - DEBUG --> UserData first: N; 
2016-03-06 14:45:31 - DEBUG --> Archivo \components\com_jhotelreservation\classes\services\UserDataService.php 
2016-03-06 14:45:31 - DEBUG --> createUserData 
2016-03-06 14:45:31 - DEBUG --> UserData end:  a:0:{} 
2016-03-06 14:45:31 - DEBUG --> Archivo \components\com_jhotelreservation\classes\services\UserDataService.php 
2016-03-06 14:45:31 - DEBUG --> initializeUserData 
2016-03-06 14:45:31 - DEBUG --> UserData first: a:0:{} 
2016-03-06 14:45:31 - DEBUG --> UserData end:  a:0:{} 
2016-03-06 14:45:31 - DEBUG --> Archivo \components\com_jhotelreservation\classes\services\UserDataService.php 
2016-03-06 14:45:31 - DEBUG --> initializeReservationData 
2016-03-06 14:45:31 - DEBUG --> UserData: a:0:{} 
2016-03-06 14:45:31 - DEBUG --> Archivo \components\com_jhotelreservation\classes\services\UserDataService.php 
2016-03-06 14:45:31 - DEBUG --> updateUserData 
2016-03-06 14:45:31 - DEBUG --> Archivo \components\com_jhotelreservation\classes\services\UserDataService.php 
2016-03-06 14:45:31 - DEBUG --> getUserData 
2016-03-06 14:45:31 - DEBUG --> Archivo \components\com_jhotelreservation\classes\services\UserDataService.php 
2016-03-06 14:45:31 - DEBUG --> setCurrency 
2016-03-06 14:45:31 - DEBUG --> Archivo \components\com_jhotelreservation\classes\services\UserDataService.php 
2016-03-06 14:45:31 - DEBUG --> getUserData 
2016-03-06 14:45:31 - DEBUG --> Archivo \components\com_jhotelreservation\classes\services\UserDataService.php 
2016-03-06 14:45:31 - DEBUG --> getUserData 
2016-03-06 14:45:31 - DEBUG --> Archivo \components\com_jhotelreservation\classes\services\UserDataService.php 
2016-03-06 14:45:31 - DEBUG --> getUserData 
2016-03-06 14:45:31 - DEBUG --> Archivo \components\com_jhotelreservationiews\hotel	mpl\hoteloverview.php 
2016-03-06 14:45:31 - DEBUG --> Accedió 
2016-03-06 14:47:16 - DEBUG --> Archivo \components\com_jhotelreservation\classes\services\UserDataService.php 
2016-03-06 14:47:16 - DEBUG --> initializeUserData 
2016-03-06 14:47:16 - DEBUG --> UserData first: N; 
2016-03-06 14:47:16 - DEBUG --> Archivo \components\com_jhotelreservation\classes\services\UserDataService.php 
2016-03-06 14:47:16 - DEBUG --> createUserData 
2016-03-06 14:47:16 - DEBUG --> UserData end:  a:0:{} 
2016-03-06 14:47:16 - DEBUG --> Archivo \components\com_jhotelreservation\classes\services\UserDataService.php 
2016-03-06 14:47:16 - DEBUG --> initializeUserData 
2016-03-06 14:47:16 - DEBUG --> UserData first: a:0:{} 
2016-03-06 14:47:16 - DEBUG --> UserData end:  a:0:{} 
2016-03-06 14:47:16 - DEBUG --> Archivo \components\com_jhotelreservation\classes\services\UserDataService.php 
2016-03-06 14:47:16 - DEBUG --> initializeReservationData 
2016-03-06 14:47:16 - DEBUG --> UserData: a:0:{} 
2016-03-06 14:47:16 - DEBUG --> Archivo \components\com_jhotelreservation\classes\services\UserDataService.php 
2016-03-06 14:47:16 - DEBUG --> updateUserData 
2016-03-06 14:47:16 - DEBUG --> Archivo \components\com_jhotelreservation\classes\services\UserDataService.php 
2016-03-06 14:47:16 - DEBUG --> getUserData 
2016-03-06 14:47:16 - DEBUG --> Archivo \components\com_jhotelreservation\classes\services\UserDataService.php 
2016-03-06 14:47:16 - DEBUG --> setCurrency 
2016-03-06 14:47:16 - DEBUG --> Archivo \components\com_jhotelreservation\classes\services\UserDataService.php 
2016-03-06 14:47:16 - DEBUG --> getUserData 
2016-03-06 14:47:16 - DEBUG --> Archivo \components\com_jhotelreservation\classes\services\UserDataService.php 
2016-03-06 14:47:16 - DEBUG --> getUserData 
2016-03-06 14:47:16 - DEBUG --> Archivo \components\com_jhotelreservation\classes\services\UserDataService.php 
2016-03-06 14:47:16 - DEBUG --> getUserData 
2016-03-06 14:47:16 - DEBUG --> Archivo \components\com_jhotelreservationiews\hotel	mpl\hoteloverview.php 
2016-03-06 14:47:16 - DEBUG --> Accedió 
2016-03-06 14:48:32 - DEBUG --> Archivo \components\com_jhotelreservation\classes\services\UserDataService.php 
2016-03-06 14:48:32 - DEBUG --> initializeUserData 
2016-03-06 14:48:32 - DEBUG --> UserData first: N; 
2016-03-06 14:48:32 - DEBUG --> Archivo \components\com_jhotelreservation\classes\services\UserDataService.php 
2016-03-06 14:48:32 - DEBUG --> createUserData 
2016-03-06 14:48:32 - DEBUG --> UserData end:  a:0:{} 
2016-03-06 14:48:32 - DEBUG --> Archivo \components\com_jhotelreservation\classes\services\UserDataService.php 
2016-03-06 14:48:32 - DEBUG --> initializeUserData 
2016-03-06 14:48:32 - DEBUG --> UserData first: a:0:{} 
2016-03-06 14:48:32 - DEBUG --> UserData end:  a:0:{} 
2016-03-06 14:48:32 - DEBUG --> Archivo \components\com_jhotelreservation\classes\services\UserDataService.php 
2016-03-06 14:48:32 - DEBUG --> initializeReservationData 
2016-03-06 14:48:32 - DEBUG --> UserData: a:0:{} 
2016-03-06 14:48:32 - DEBUG --> Archivo \components\com_jhotelreservation\classes\services\UserDataService.php 
2016-03-06 14:48:32 - DEBUG --> updateUserData 
2016-03-06 14:48:32 - DEBUG --> Archivo \components\com_jhotelreservation\classes\services\UserDataService.php 
2016-03-06 14:48:32 - DEBUG --> getUserData 
2016-03-06 14:48:32 - DEBUG --> Archivo \components\com_jhotelreservation\classes\services\UserDataService.php 
2016-03-06 14:48:32 - DEBUG --> setCurrency 
2016-03-06 14:48:32 - DEBUG --> Archivo \components\com_jhotelreservation\classes\services\UserDataService.php 
2016-03-06 14:48:32 - DEBUG --> getUserData 
2016-03-06 14:48:32 - DEBUG --> Archivo \components\com_jhotelreservation\classes\services\UserDataService.php 
2016-03-06 14:48:32 - DEBUG --> getUserData 
2016-03-06 14:48:32 - DEBUG --> Archivo \components\com_jhotelreservation\classes\services\UserDataService.php 
2016-03-06 14:48:32 - DEBUG --> getUserData 
2016-03-06 14:48:32 - DEBUG --> Archivo \components\com_jhotelreservationiews\hotel	mpl\hoteloverview.php 
2016-03-06 14:48:32 - DEBUG --> Accedió 
2016-03-06 14:50:47 - DEBUG --> Archivo \components\com_jhotelreservation\classes\services\UserDataService.php 
2016-03-06 14:50:47 - DEBUG --> initializeUserData 
2016-03-06 14:50:47 - DEBUG --> UserData first: N; 
2016-03-06 14:50:47 - DEBUG --> Archivo \components\com_jhotelreservation\classes\services\UserDataService.php 
2016-03-06 14:50:47 - DEBUG --> createUserData 
2016-03-06 14:50:47 - DEBUG --> UserData end:  a:0:{} 
2016-03-06 14:50:47 - DEBUG --> Archivo \components\com_jhotelreservation\classes\services\UserDataService.php 
2016-03-06 14:50:47 - DEBUG --> initializeUserData 
2016-03-06 14:50:47 - DEBUG --> UserData first: a:0:{} 
2016-03-06 14:50:47 - DEBUG --> UserData end:  a:0:{} 
2016-03-06 14:50:47 - DEBUG --> Archivo \components\com_jhotelreservation\classes\services\UserDataService.php 
2016-03-06 14:50:47 - DEBUG --> initializeReservationData 
2016-03-06 14:50:47 - DEBUG --> UserData: a:0:{} 
2016-03-06 14:50:47 - DEBUG --> Archivo \components\com_jhotelreservation\classes\services\UserDataService.php 
2016-03-06 14:50:47 - DEBUG --> updateUserData 
2016-03-06 14:50:47 - DEBUG --> Archivo \components\com_jhotelreservation\classes\services\UserDataService.php 
2016-03-06 14:50:47 - DEBUG --> getUserData 
2016-03-06 14:50:47 - DEBUG --> Archivo \components\com_jhotelreservation\classes\services\UserDataService.php 
2016-03-06 14:50:47 - DEBUG --> setCurrency 
2016-03-06 14:50:47 - DEBUG --> Archivo \components\com_jhotelreservation\classes\services\UserDataService.php 
2016-03-06 14:50:47 - DEBUG --> getUserData 
2016-03-06 14:50:47 - DEBUG --> Archivo \components\com_jhotelreservation\classes\services\UserDataService.php 
2016-03-06 14:50:47 - DEBUG --> getUserData 
2016-03-06 14:50:47 - DEBUG --> Archivo \components\com_jhotelreservation\classes\services\UserDataService.php 
2016-03-06 14:50:47 - DEBUG --> getUserData 
2016-03-06 14:50:47 - DEBUG --> Archivo \components\com_jhotelreservationiews\hotel	mpl\hoteloverview.php 
2016-03-06 14:50:47 - DEBUG --> Accedió 
2016-03-06 14:53:44 - DEBUG --> Archivo \components\com_jhotelreservation\classes\services\UserDataService.php 
2016-03-06 14:53:44 - DEBUG --> initializeUserData 
2016-03-06 14:53:44 - DEBUG --> UserData first: N; 
2016-03-06 14:53:44 - DEBUG --> Archivo \components\com_jhotelreservation\classes\services\UserDataService.php 
2016-03-06 14:53:44 - DEBUG --> createUserData 
2016-03-06 14:53:44 - DEBUG --> UserData end:  a:0:{} 
2016-03-06 14:53:44 - DEBUG --> Archivo \components\com_jhotelreservation\classes\services\UserDataService.php 
2016-03-06 14:53:44 - DEBUG --> initializeUserData 
2016-03-06 14:53:44 - DEBUG --> UserData first: a:0:{} 
2016-03-06 14:53:44 - DEBUG --> UserData end:  a:0:{} 
2016-03-06 14:53:44 - DEBUG --> Archivo \components\com_jhotelreservation\classes\services\UserDataService.php 
2016-03-06 14:53:44 - DEBUG --> initializeReservationData 
2016-03-06 14:53:44 - DEBUG --> UserData: a:0:{} 
2016-03-06 14:53:44 - DEBUG --> Archivo \components\com_jhotelreservation\classes\services\UserDataService.php 
2016-03-06 14:53:44 - DEBUG --> updateUserData 
2016-03-06 14:53:44 - DEBUG --> Archivo \components\com_jhotelreservation\classes\services\UserDataService.php 
2016-03-06 14:53:44 - DEBUG --> getUserData 
2016-03-06 14:53:44 - DEBUG --> Archivo \components\com_jhotelreservation\classes\services\UserDataService.php 
2016-03-06 14:53:44 - DEBUG --> setCurrency 
2016-03-06 14:53:44 - DEBUG --> Archivo \components\com_jhotelreservation\classes\services\UserDataService.php 
2016-03-06 14:53:44 - DEBUG --> getUserData 
2016-03-06 14:53:44 - DEBUG --> Archivo \components\com_jhotelreservation\classes\services\UserDataService.php 
2016-03-06 14:53:44 - DEBUG --> getUserData 
2016-03-06 14:53:44 - DEBUG --> Archivo \components\com_jhotelreservation\classes\services\UserDataService.php 
2016-03-06 14:53:44 - DEBUG --> getUserData 
2016-03-06 14:53:44 - DEBUG --> Archivo \components\com_jhotelreservationiews\hotel	mpl\hoteloverview.php 
2016-03-06 14:53:44 - DEBUG --> Accedió 
2016-03-06 14:53:53 - DEBUG --> Archivo \components\com_jhotelreservation\classes\services\UserDataService.php 
2016-03-06 14:53:53 - DEBUG --> initializeUserData 
2016-03-06 14:53:53 - DEBUG --> UserData first: N; 
2016-03-06 14:53:53 - DEBUG --> Archivo \components\com_jhotelreservation\classes\services\UserDataService.php 
2016-03-06 14:53:53 - DEBUG --> createUserData 
2016-03-06 14:53:53 - DEBUG --> UserData end:  a:0:{} 
2016-03-06 14:53:53 - DEBUG --> Archivo \components\com_jhotelreservation\classes\services\UserDataService.php 
2016-03-06 14:53:53 - DEBUG --> initializeUserData 
2016-03-06 14:53:53 - DEBUG --> UserData first: a:0:{} 
2016-03-06 14:53:53 - DEBUG --> UserData end:  a:0:{} 
2016-03-06 14:53:53 - DEBUG --> Archivo \components\com_jhotelreservation\classes\services\UserDataService.php 
2016-03-06 14:53:53 - DEBUG --> initializeReservationData 
2016-03-06 14:53:53 - DEBUG --> UserData: a:0:{} 
2016-03-06 14:53:53 - DEBUG --> Archivo \components\com_jhotelreservation\classes\services\UserDataService.php 
2016-03-06 14:53:53 - DEBUG --> updateUserData 
2016-03-06 14:53:53 - DEBUG --> Archivo \components\com_jhotelreservation\classes\services\UserDataService.php 
2016-03-06 14:53:53 - DEBUG --> getUserData 
2016-03-06 14:53:53 - DEBUG --> Archivo \components\com_jhotelreservation\classes\services\UserDataService.php 
2016-03-06 14:53:53 - DEBUG --> setCurrency 
2016-03-06 14:53:53 - DEBUG --> Archivo \components\com_jhotelreservation\classes\services\UserDataService.php 
2016-03-06 14:53:53 - DEBUG --> getUserData 
2016-03-06 14:53:53 - DEBUG --> Archivo \components\com_jhotelreservation\classes\services\UserDataService.php 
2016-03-06 14:53:53 - DEBUG --> getUserData 
2016-03-06 14:53:53 - DEBUG --> Archivo \components\com_jhotelreservation\classes\services\UserDataService.php 
2016-03-06 14:53:53 - DEBUG --> getUserData 
2016-03-06 14:53:53 - DEBUG --> Archivo \components\com_jhotelreservationiews\hotel	mpl\hoteloverview.php 
2016-03-06 14:53:53 - DEBUG --> Accedió 
2016-03-06 14:54:21 - DEBUG --> Archivo \components\com_jhotelreservation\classes\services\UserDataService.php 
2016-03-06 14:54:21 - DEBUG --> initializeUserData 
2016-03-06 14:54:21 - DEBUG --> UserData first: N; 
2016-03-06 14:54:21 - DEBUG --> Archivo \components\com_jhotelreservation\classes\services\UserDataService.php 
2016-03-06 14:54:21 - DEBUG --> createUserData 
2016-03-06 14:54:21 - DEBUG --> UserData end:  a:0:{} 
2016-03-06 14:54:21 - DEBUG --> Archivo \components\com_jhotelreservation\classes\services\UserDataService.php 
2016-03-06 14:54:21 - DEBUG --> initializeUserData 
2016-03-06 14:54:21 - DEBUG --> UserData first: a:0:{} 
2016-03-06 14:54:21 - DEBUG --> UserData end:  a:0:{} 
2016-03-06 14:54:21 - DEBUG --> Archivo \components\com_jhotelreservation\classes\services\UserDataService.php 
2016-03-06 14:54:21 - DEBUG --> initializeReservationData 
2016-03-06 14:54:21 - DEBUG --> UserData: a:0:{} 
2016-03-06 14:54:21 - DEBUG --> Archivo \components\com_jhotelreservation\classes\services\UserDataService.php 
2016-03-06 14:54:21 - DEBUG --> updateUserData 
2016-03-06 14:54:21 - DEBUG --> Archivo \components\com_jhotelreservation\classes\services\UserDataService.php 
2016-03-06 14:54:21 - DEBUG --> getUserData 
2016-03-06 14:54:21 - DEBUG --> Archivo \components\com_jhotelreservation\classes\services\UserDataService.php 
2016-03-06 14:54:21 - DEBUG --> setCurrency 
2016-03-06 14:54:21 - DEBUG --> Archivo \components\com_jhotelreservation\classes\services\UserDataService.php 
2016-03-06 14:54:21 - DEBUG --> getUserData 
2016-03-06 14:54:21 - DEBUG --> Archivo \components\com_jhotelreservation\classes\services\UserDataService.php 
2016-03-06 14:54:21 - DEBUG --> getUserData 
2016-03-06 14:54:21 - DEBUG --> Archivo \components\com_jhotelreservation\classes\services\UserDataService.php 
2016-03-06 14:54:21 - DEBUG --> getUserData 
2016-03-06 14:54:21 - DEBUG --> Archivo \components\com_jhotelreservationiews\hotel	mpl\hoteloverview.php 
2016-03-06 14:54:21 - DEBUG --> Accedió 
2016-03-06 14:55:52 - DEBUG --> Archivo \components\com_jhotelreservation\classes\services\UserDataService.php 
2016-03-06 14:55:52 - DEBUG --> initializeUserData 
2016-03-06 14:55:52 - DEBUG --> UserData first: N; 
2016-03-06 14:55:52 - DEBUG --> Archivo \components\com_jhotelreservation\classes\services\UserDataService.php 
2016-03-06 14:55:52 - DEBUG --> createUserData 
2016-03-06 14:55:52 - DEBUG --> UserData end:  a:0:{} 
2016-03-06 14:55:52 - DEBUG --> Archivo \components\com_jhotelreservation\classes\services\UserDataService.php 
2016-03-06 14:55:52 - DEBUG --> initializeUserData 
2016-03-06 14:55:52 - DEBUG --> UserData first: a:0:{} 
2016-03-06 14:55:52 - DEBUG --> UserData end:  a:0:{} 
2016-03-06 14:55:52 - DEBUG --> Archivo \components\com_jhotelreservation\classes\services\UserDataService.php 
2016-03-06 14:55:52 - DEBUG --> initializeReservationData 
2016-03-06 14:55:52 - DEBUG --> UserData: a:0:{} 
2016-03-06 14:55:52 - DEBUG --> Archivo \components\com_jhotelreservation\classes\services\UserDataService.php 
2016-03-06 14:55:52 - DEBUG --> updateUserData 
2016-03-06 14:55:52 - DEBUG --> Archivo \components\com_jhotelreservation\classes\services\UserDataService.php 
2016-03-06 14:55:52 - DEBUG --> getUserData 
2016-03-06 14:55:52 - DEBUG --> Archivo \components\com_jhotelreservation\classes\services\UserDataService.php 
2016-03-06 14:55:52 - DEBUG --> setCurrency 
2016-03-06 14:55:52 - DEBUG --> Archivo \components\com_jhotelreservation\classes\services\UserDataService.php 
2016-03-06 14:55:52 - DEBUG --> getUserData 
2016-03-06 14:55:52 - DEBUG --> Archivo \components\com_jhotelreservation\classes\services\UserDataService.php 
2016-03-06 14:55:52 - DEBUG --> getUserData 
2016-03-06 14:55:52 - DEBUG --> Archivo \components\com_jhotelreservation\classes\services\UserDataService.php 
2016-03-06 14:55:52 - DEBUG --> getUserData 
2016-03-06 14:55:52 - DEBUG --> Archivo \components\com_jhotelreservationiews\hotel	mpl\hoteloverview.php 
2016-03-06 14:55:52 - DEBUG --> Accedió 
2016-03-06 14:56:57 - DEBUG --> Archivo \components\com_jhotelreservation\classes\services\UserDataService.php 
2016-03-06 14:56:57 - DEBUG --> initializeUserData 
2016-03-06 14:56:57 - DEBUG --> UserData first: N; 
2016-03-06 14:56:57 - DEBUG --> Archivo \components\com_jhotelreservation\classes\services\UserDataService.php 
2016-03-06 14:56:57 - DEBUG --> createUserData 
2016-03-06 14:56:57 - DEBUG --> UserData end:  a:0:{} 
2016-03-06 14:56:57 - DEBUG --> Archivo \components\com_jhotelreservation\classes\services\UserDataService.php 
2016-03-06 14:56:57 - DEBUG --> initializeUserData 
2016-03-06 14:56:57 - DEBUG --> UserData first: a:0:{} 
2016-03-06 14:56:57 - DEBUG --> UserData end:  a:0:{} 
2016-03-06 14:56:57 - DEBUG --> Archivo \components\com_jhotelreservation\classes\services\UserDataService.php 
2016-03-06 14:56:57 - DEBUG --> initializeReservationData 
2016-03-06 14:56:57 - DEBUG --> UserData: a:0:{} 
2016-03-06 14:56:57 - DEBUG --> Archivo \components\com_jhotelreservation\classes\services\UserDataService.php 
2016-03-06 14:56:57 - DEBUG --> updateUserData 
2016-03-06 14:56:57 - DEBUG --> Archivo \components\com_jhotelreservation\classes\services\UserDataService.php 
2016-03-06 14:56:57 - DEBUG --> getUserData 
2016-03-06 14:56:57 - DEBUG --> Archivo \components\com_jhotelreservation\classes\services\UserDataService.php 
2016-03-06 14:56:57 - DEBUG --> setCurrency 
2016-03-06 14:56:57 - DEBUG --> Archivo \components\com_jhotelreservation\classes\services\UserDataService.php 
2016-03-06 14:56:57 - DEBUG --> getUserData 
2016-03-06 14:56:57 - DEBUG --> Archivo \components\com_jhotelreservation\classes\services\UserDataService.php 
2016-03-06 14:56:57 - DEBUG --> getUserData 
2016-03-06 14:56:57 - DEBUG --> Archivo \components\com_jhotelreservation\classes\services\UserDataService.php 
2016-03-06 14:56:57 - DEBUG --> getUserData 
2016-03-06 14:56:57 - DEBUG --> Archivo \components\com_jhotelreservationiews\hotel	mpl\hoteloverview.php 
2016-03-06 14:56:57 - DEBUG --> Accedió 
2016-03-06 14:58:20 - DEBUG --> Archivo \components\com_jhotelreservation\classes\services\UserDataService.php 
2016-03-06 14:58:20 - DEBUG --> initializeUserData 
2016-03-06 14:58:20 - DEBUG --> UserData first: N; 
2016-03-06 14:58:20 - DEBUG --> Archivo \components\com_jhotelreservation\classes\services\UserDataService.php 
2016-03-06 14:58:20 - DEBUG --> createUserData 
2016-03-06 14:58:20 - DEBUG --> UserData end:  a:0:{} 
2016-03-06 14:58:20 - DEBUG --> Archivo \components\com_jhotelreservation\classes\services\UserDataService.php 
2016-03-06 14:58:20 - DEBUG --> initializeUserData 
2016-03-06 14:58:20 - DEBUG --> UserData first: a:0:{} 
2016-03-06 14:58:20 - DEBUG --> UserData end:  a:0:{} 
2016-03-06 14:58:20 - DEBUG --> Archivo \components\com_jhotelreservation\classes\services\UserDataService.php 
2016-03-06 14:58:20 - DEBUG --> initializeReservationData 
2016-03-06 14:58:20 - DEBUG --> UserData: a:0:{} 
2016-03-06 14:58:20 - DEBUG --> Archivo \components\com_jhotelreservation\classes\services\UserDataService.php 
2016-03-06 14:58:20 - DEBUG --> updateUserData 
2016-03-06 14:58:20 - DEBUG --> Archivo \components\com_jhotelreservation\classes\services\UserDataService.php 
2016-03-06 14:58:20 - DEBUG --> getUserData 
2016-03-06 14:58:20 - DEBUG --> Archivo \components\com_jhotelreservation\classes\services\UserDataService.php 
2016-03-06 14:58:20 - DEBUG --> setCurrency 
2016-03-06 14:58:20 - DEBUG --> Archivo \components\com_jhotelreservation\classes\services\UserDataService.php 
2016-03-06 14:58:20 - DEBUG --> getUserData 
2016-03-06 14:58:20 - DEBUG --> Archivo \components\com_jhotelreservation\classes\services\UserDataService.php 
2016-03-06 14:58:20 - DEBUG --> getUserData 
2016-03-06 14:58:20 - DEBUG --> Archivo \components\com_jhotelreservation\classes\services\UserDataService.php 
2016-03-06 14:58:20 - DEBUG --> getUserData 
2016-03-06 14:58:20 - DEBUG --> Archivo \components\com_jhotelreservationiews\hotel	mpl\hoteloverview.php 
2016-03-06 14:58:20 - DEBUG --> Accedió 
2016-03-06 14:58:22 - DEBUG --> Archivo \components\com_jhotelreservation\classes\services\UserDataService.php 
2016-03-06 14:58:22 - DEBUG --> initializeUserData 
2016-03-06 14:58:22 - DEBUG --> UserData first: N; 
2016-03-06 14:58:22 - DEBUG --> Archivo \components\com_jhotelreservation\classes\services\UserDataService.php 
2016-03-06 14:58:22 - DEBUG --> createUserData 
2016-03-06 14:58:22 - DEBUG --> UserData end:  a:0:{} 
2016-03-06 14:58:22 - DEBUG --> Archivo \components\com_jhotelreservation\classes\services\UserDataService.php 
2016-03-06 14:58:22 - DEBUG --> initializeUserData 
2016-03-06 14:58:22 - DEBUG --> UserData first: a:0:{} 
2016-03-06 14:58:22 - DEBUG --> UserData end:  a:0:{} 
2016-03-06 14:58:22 - DEBUG --> Archivo \components\com_jhotelreservation\classes\services\UserDataService.php 
2016-03-06 14:58:22 - DEBUG --> initializeReservationData 
2016-03-06 14:58:22 - DEBUG --> UserData: a:0:{} 
2016-03-06 14:58:22 - DEBUG --> Archivo \components\com_jhotelreservation\classes\services\UserDataService.php 
2016-03-06 14:58:22 - DEBUG --> updateUserData 
2016-03-06 14:58:22 - DEBUG --> Archivo \components\com_jhotelreservation\classes\services\UserDataService.php 
2016-03-06 14:58:22 - DEBUG --> getUserData 
2016-03-06 14:58:22 - DEBUG --> Archivo \components\com_jhotelreservation\classes\services\UserDataService.php 
2016-03-06 14:58:22 - DEBUG --> setCurrency 
2016-03-06 14:58:22 - DEBUG --> Archivo \components\com_jhotelreservation\classes\services\UserDataService.php 
2016-03-06 14:58:22 - DEBUG --> getUserData 
2016-03-06 14:58:22 - DEBUG --> Archivo \components\com_jhotelreservation\classes\services\UserDataService.php 
2016-03-06 14:58:22 - DEBUG --> getUserData 
2016-03-06 14:58:22 - DEBUG --> Archivo \components\com_jhotelreservation\classes\services\UserDataService.php 
2016-03-06 14:58:22 - DEBUG --> getUserData 
2016-03-06 14:58:22 - DEBUG --> Archivo \components\com_jhotelreservationiews\hotel	mpl\hoteloverview.php 
2016-03-06 14:58:22 - DEBUG --> Accedió 
2016-03-06 15:01:58 - DEBUG --> Archivo \components\com_jhotelreservation\classes\services\UserDataService.php 
2016-03-06 15:01:58 - DEBUG --> initializeUserData 
2016-03-06 15:01:58 - DEBUG --> UserData first: N; 
2016-03-06 15:01:58 - DEBUG --> Archivo \components\com_jhotelreservation\classes\services\UserDataService.php 
2016-03-06 15:01:58 - DEBUG --> createUserData 
2016-03-06 15:01:58 - DEBUG --> UserData end:  a:0:{} 
2016-03-06 15:01:58 - DEBUG --> Archivo \components\com_jhotelreservation\classes\services\UserDataService.php 
2016-03-06 15:01:58 - DEBUG --> initializeUserData 
2016-03-06 15:01:58 - DEBUG --> UserData first: a:0:{} 
2016-03-06 15:01:58 - DEBUG --> UserData end:  a:0:{} 
2016-03-06 15:01:58 - DEBUG --> Archivo \components\com_jhotelreservation\classes\services\UserDataService.php 
2016-03-06 15:01:58 - DEBUG --> initializeReservationData 
2016-03-06 15:01:58 - DEBUG --> UserData: a:0:{} 
2016-03-06 15:01:58 - DEBUG --> Archivo \components\com_jhotelreservation\classes\services\UserDataService.php 
2016-03-06 15:01:58 - DEBUG --> updateUserData 
2016-03-06 15:01:58 - DEBUG --> Archivo \components\com_jhotelreservation\classes\services\UserDataService.php 
2016-03-06 15:01:58 - DEBUG --> getUserData 
2016-03-06 15:01:58 - DEBUG --> Archivo \components\com_jhotelreservation\classes\services\UserDataService.php 
2016-03-06 15:01:58 - DEBUG --> setCurrency 
2016-03-06 15:01:58 - DEBUG --> Archivo \components\com_jhotelreservation\classes\services\UserDataService.php 
2016-03-06 15:01:58 - DEBUG --> getUserData 
2016-03-06 15:01:58 - DEBUG --> Archivo \components\com_jhotelreservation\classes\services\UserDataService.php 
2016-03-06 15:01:58 - DEBUG --> getUserData 
2016-03-06 15:01:58 - DEBUG --> Archivo \components\com_jhotelreservation\classes\services\UserDataService.php 
2016-03-06 15:01:58 - DEBUG --> getUserData 
2016-03-06 15:01:58 - DEBUG --> Archivo \components\com_jhotelreservationiews\hotel	mpl\hoteloverview.php 
2016-03-06 15:01:58 - DEBUG --> Accedió 
2016-03-06 15:27:38 - DEBUG --> Archivo \components\com_jhotelreservation\classes\services\UserDataService.php 
2016-03-06 15:27:38 - DEBUG --> initializeUserData 
2016-03-06 15:27:38 - DEBUG --> UserData first: N; 
2016-03-06 15:27:38 - DEBUG --> Archivo \components\com_jhotelreservation\classes\services\UserDataService.php 
2016-03-06 15:27:38 - DEBUG --> createUserData 
2016-03-06 15:27:38 - DEBUG --> UserData end:  a:0:{} 
2016-03-06 15:27:38 - DEBUG --> Archivo \components\com_jhotelreservation\classes\services\UserDataService.php 
2016-03-06 15:27:38 - DEBUG --> initializeUserData 
2016-03-06 15:27:38 - DEBUG --> UserData first: a:0:{} 
2016-03-06 15:27:38 - DEBUG --> UserData end:  a:0:{} 
2016-03-06 15:27:38 - DEBUG --> Archivo \components\com_jhotelreservation\classes\services\UserDataService.php 
2016-03-06 15:27:38 - DEBUG --> initializeReservationData 
2016-03-06 15:27:38 - DEBUG --> UserData: a:0:{} 
2016-03-06 15:27:38 - DEBUG --> Archivo \components\com_jhotelreservation\classes\services\UserDataService.php 
2016-03-06 15:27:38 - DEBUG --> updateUserData 
2016-03-06 15:27:38 - DEBUG --> Archivo \components\com_jhotelreservation\classes\services\UserDataService.php 
2016-03-06 15:27:38 - DEBUG --> getUserData 
2016-03-06 15:27:38 - DEBUG --> Archivo \components\com_jhotelreservation\classes\services\UserDataService.php 
2016-03-06 15:27:38 - DEBUG --> setCurrency 
2016-03-06 15:27:38 - DEBUG --> Archivo \components\com_jhotelreservation\classes\services\UserDataService.php 
2016-03-06 15:27:38 - DEBUG --> getUserData 
2016-03-06 15:27:38 - DEBUG --> Archivo \components\com_jhotelreservation\classes\services\UserDataService.php 
2016-03-06 15:27:38 - DEBUG --> getUserData 
2016-03-06 15:27:38 - DEBUG --> Archivo \components\com_jhotelreservation\classes\services\UserDataService.php 
2016-03-06 15:27:38 - DEBUG --> getUserData 
2016-03-06 15:27:38 - DEBUG --> Archivo \components\com_jhotelreservationiews\hotel	mpl\hoteloverview.php 
2016-03-06 15:27:38 - DEBUG --> Accedió 
2016-03-06 17:50:28 - DEBUG --> Archivo \components\com_jhotelreservation\classes\services\UserDataService.php 
2016-03-06 17:50:28 - DEBUG --> initializeUserData 
2016-03-06 17:50:28 - DEBUG --> UserData first: N; 
2016-03-06 17:50:28 - DEBUG --> Archivo \components\com_jhotelreservation\classes\services\UserDataService.php 
2016-03-06 17:50:28 - DEBUG --> createUserData 
2016-03-06 17:50:28 - DEBUG --> UserData end:  a:0:{} 
2016-03-06 17:50:28 - DEBUG --> Archivo \components\com_jhotelreservation\classes\services\UserDataService.php 
2016-03-06 17:50:28 - DEBUG --> initializeUserData 
2016-03-06 17:50:28 - DEBUG --> UserData first: a:0:{} 
2016-03-06 17:50:28 - DEBUG --> UserData end:  a:0:{} 
2016-03-06 17:50:28 - DEBUG --> Archivo \components\com_jhotelreservation\classes\services\UserDataService.php 
2016-03-06 17:50:28 - DEBUG --> initializeReservationData 
2016-03-06 17:50:28 - DEBUG --> UserData: a:0:{} 
2016-03-06 17:50:28 - DEBUG --> Archivo \components\com_jhotelreservation\classes\services\UserDataService.php 
2016-03-06 17:50:28 - DEBUG --> updateUserData 
2016-03-06 17:50:28 - DEBUG --> Archivo \components\com_jhotelreservation\classes\services\UserDataService.php 
2016-03-06 17:50:28 - DEBUG --> getUserData 
2016-03-06 17:50:28 - DEBUG --> Archivo \components\com_jhotelreservation\classes\services\UserDataService.php 
2016-03-06 17:50:28 - DEBUG --> setCurrency 
2016-03-06 17:50:28 - DEBUG --> Archivo \components\com_jhotelreservation\classes\services\UserDataService.php 
2016-03-06 17:50:28 - DEBUG --> getUserData 
2016-03-06 17:50:28 - DEBUG --> Archivo \components\com_jhotelreservation\classes\services\UserDataService.php 
2016-03-06 17:50:28 - DEBUG --> getUserData 
2016-03-06 17:50:28 - DEBUG --> Archivo \components\com_jhotelreservation\classes\services\UserDataService.php 
2016-03-06 17:50:28 - DEBUG --> getUserData 
2016-03-06 17:50:28 - DEBUG --> Archivo \components\com_jhotelreservationiews\hotel	mpl\hoteloverview.php 
2016-03-06 17:50:28 - DEBUG --> Accedió 
2016-03-06 21:45:29 - DEBUG --> Archivo \components\com_jhotelreservation\classes\services\UserDataService.php 
2016-03-06 21:45:29 - DEBUG --> initializeUserData 
2016-03-06 21:45:29 - DEBUG --> UserData first: N; 
2016-03-06 21:45:29 - DEBUG --> Archivo \components\com_jhotelreservation\classes\services\UserDataService.php 
2016-03-06 21:45:29 - DEBUG --> createUserData 
2016-03-06 21:45:29 - DEBUG --> UserData end:  a:0:{} 
2016-03-06 21:45:29 - DEBUG --> Archivo \components\com_jhotelreservation\classes\services\UserDataService.php 
2016-03-06 21:45:29 - DEBUG --> initializeUserData 
2016-03-06 21:45:29 - DEBUG --> UserData first: a:0:{} 
2016-03-06 21:45:29 - DEBUG --> UserData end:  a:0:{} 
2016-03-06 21:45:29 - DEBUG --> Archivo \components\com_jhotelreservation\classes\services\UserDataService.php 
2016-03-06 21:45:29 - DEBUG --> initializeReservationData 
2016-03-06 21:45:29 - DEBUG --> UserData: a:0:{} 
2016-03-06 21:45:29 - DEBUG --> Archivo \components\com_jhotelreservation\classes\services\UserDataService.php 
2016-03-06 21:45:29 - DEBUG --> updateUserData 
2016-03-06 21:45:29 - DEBUG --> Archivo \components\com_jhotelreservation\classes\services\UserDataService.php 
2016-03-06 21:45:29 - DEBUG --> getUserData 
2016-03-06 21:45:29 - DEBUG --> Archivo \components\com_jhotelreservation\classes\services\UserDataService.php 
2016-03-06 21:45:29 - DEBUG --> setCurrency 
2016-03-06 21:45:29 - DEBUG --> Archivo \components\com_jhotelreservation\classes\services\UserDataService.php 
2016-03-06 21:45:29 - DEBUG --> getUserData 
2016-03-06 21:45:29 - DEBUG --> Archivo \components\com_jhotelreservation\classes\services\UserDataService.php 
2016-03-06 21:45:29 - DEBUG --> getUserData 
2016-03-06 21:45:29 - DEBUG --> Archivo \components\com_jhotelreservation\classes\services\UserDataService.php 
2016-03-06 21:45:29 - DEBUG --> getUserData 
2016-03-06 21:45:29 - DEBUG --> Archivo \components\com_jhotelreservationiews\hotel	mpl\hoteloverview.php 
2016-03-06 21:45:29 - DEBUG --> Accedió 
2016-03-06 23:27:53 - DEBUG --> Archivo \components\com_jhotelreservation\classes\services\UserDataService.php 
2016-03-06 23:27:53 - DEBUG --> initializeUserData 
2016-03-06 23:27:53 - DEBUG --> UserData first: a:0:{} 
2016-03-06 23:27:53 - DEBUG --> UserData end:  a:0:{} 
2016-03-06 23:28:25 - DEBUG --> Archivo \components\com_jhotelreservation\classes\services\UserDataService.php 
2016-03-06 23:28:25 - DEBUG --> initializeUserData 
2016-03-06 23:28:25 - DEBUG --> UserData first: a:0:{} 
2016-03-06 23:28:25 - DEBUG --> Archivo \components\com_jhotelreservation\classes\services\UserDataService.php 
2016-03-06 23:28:25 - DEBUG --> createUserData 
2016-03-06 23:28:25 - DEBUG --> voucher:  
2016-03-06 23:28:25 - DEBUG --> UserData end:  a:0:{} 
2016-03-06 23:28:25 - DEBUG --> Archivo \components\com_jhotelreservation\classes\services\UserDataService.php 
2016-03-06 23:28:25 - DEBUG --> initializeUserData 
2016-03-06 23:28:25 - DEBUG --> UserData first: a:0:{} 
2016-03-06 23:28:25 - DEBUG --> Archivo \components\com_jhotelreservation\classes\services\UserDataService.php 
2016-03-06 23:28:25 - DEBUG --> createUserData 
2016-03-06 23:28:25 - DEBUG --> voucher:  
2016-03-06 23:28:25 - DEBUG --> UserData end:  a:0:{} 
2016-03-06 23:28:51 - DEBUG --> Archivo \components\com_jhotelreservation\classes\services\UserDataService.php 
2016-03-06 23:28:51 - DEBUG --> initializeUserData 
2016-03-06 23:28:51 - DEBUG --> UserData first: a:0:{} 
2016-03-06 23:28:51 - DEBUG --> UserData end:  a:0:{} 
2016-03-06 23:28:51 - DEBUG --> Archivo \components\com_jhotelreservation\classes\services\UserDataService.php 
2016-03-06 23:28:51 - DEBUG --> initializeUserData 
2016-03-06 23:28:51 - DEBUG --> UserData first: a:0:{} 
2016-03-06 23:28:51 - DEBUG --> UserData end:  a:0:{} 
2016-03-06 23:29:50 - DEBUG --> Archivo \components\com_jhotelreservation\classes\services\UserDataService.php 
2016-03-06 23:29:50 - DEBUG --> initializeUserData 
2016-03-06 23:29:50 - DEBUG --> UserData first: a:0:{} 
2016-03-06 23:29:50 - DEBUG --> UserData end:  a:0:{} 
2016-03-06 23:29:56 - DEBUG --> Archivo \components\com_jhotelreservation\classes\services\UserDataService.php 
2016-03-06 23:29:56 - DEBUG --> initializeUserData 
2016-03-06 23:29:56 - DEBUG --> UserData first: a:0:{} 
2016-03-06 23:29:56 - DEBUG --> Archivo \components\com_jhotelreservation\classes\services\UserDataService.php 
2016-03-06 23:29:56 - DEBUG --> createUserData 
2016-03-06 23:29:56 - DEBUG --> voucher:  
2016-03-06 23:29:56 - DEBUG --> UserData end:  a:0:{} 
2016-03-06 23:29:56 - DEBUG --> Archivo \components\com_jhotelreservation\classes\services\UserDataService.php 
2016-03-06 23:29:56 - DEBUG --> initializeUserData 
2016-03-06 23:29:56 - DEBUG --> UserData first: a:0:{} 
2016-03-06 23:29:56 - DEBUG --> Archivo \components\com_jhotelreservation\classes\services\UserDataService.php 
2016-03-06 23:29:56 - DEBUG --> createUserData 
2016-03-06 23:29:56 - DEBUG --> voucher:  
2016-03-06 23:29:56 - DEBUG --> UserData end:  a:0:{} 
2016-03-06 23:30:09 - DEBUG --> Archivo \components\com_jhotelreservation\classes\services\UserDataService.php 
2016-03-06 23:30:09 - DEBUG --> initializeUserData 
2016-03-06 23:30:09 - DEBUG --> UserData first: a:0:{} 
2016-03-06 23:30:09 - DEBUG --> UserData end:  a:0:{} 
2016-03-06 23:30:09 - DEBUG --> Archivo \components\com_jhotelreservation\classes\services\UserDataService.php 
2016-03-06 23:30:09 - DEBUG --> initializeUserData 
2016-03-06 23:30:09 - DEBUG --> UserData first: a:0:{} 
2016-03-06 23:30:09 - DEBUG --> UserData end:  a:0:{} 
2016-03-06 23:30:09 - DEBUG --> Archivo \components\com_jhotelreservation\classes\services\UserDataService.php 
2016-03-06 23:30:09 - DEBUG --> initializeReservationData 
2016-03-06 23:30:09 - DEBUG --> UserData: a:0:{} 
2016-03-06 23:30:09 - DEBUG --> Archivo \components\com_jhotelreservation\classes\services\UserDataService.php 
2016-03-06 23:30:09 - DEBUG --> updateUserData 
2016-03-06 23:30:09 - DEBUG --> Archivo \components\com_jhotelreservation\classes\services\UserDataService.php 
2016-03-06 23:30:09 - DEBUG --> getUserData 
2016-03-06 23:30:09 - DEBUG --> Archivo \components\com_jhotelreservation\classes\services\UserDataService.php 
2016-03-06 23:30:09 - DEBUG --> setCurrency 
2016-03-06 23:30:09 - DEBUG --> Archivo \components\com_jhotelreservation\classes\services\UserDataService.php 
2016-03-06 23:30:09 - DEBUG --> getUserData 
2016-03-06 23:30:09 - DEBUG --> Archivo \components\com_jhotelreservation\classes\services\UserDataService.php 
2016-03-06 23:30:09 - DEBUG --> getUserData 
2016-03-06 23:30:09 - DEBUG --> Archivo \components\com_jhotelreservation\classes\services\UserDataService.php 
2016-03-06 23:30:09 - DEBUG --> getUserData 
2016-03-06 23:30:09 - DEBUG --> Archivo \components\com_jhotelreservationiews\hotel	mpl\hoteloverview.php 
2016-03-06 23:30:09 - DEBUG --> Accedió 
2016-03-06 23:30:22 - DEBUG --> Archivo \components\com_jhotelreservation\classes\services\UserDataService.php 
2016-03-06 23:30:22 - DEBUG --> initializeUserData 
2016-03-06 23:30:22 - DEBUG --> UserData first: a:0:{} 
2016-03-06 23:30:22 - DEBUG --> UserData end:  a:0:{} 
2016-03-06 23:30:22 - DEBUG --> Archivo \components\com_jhotelreservation\classes\services\UserDataService.php 
2016-03-06 23:30:22 - DEBUG --> initializeUserData 
2016-03-06 23:30:22 - DEBUG --> UserData first: a:0:{} 
2016-03-06 23:30:22 - DEBUG --> UserData end:  a:0:{} 
2016-03-06 23:30:22 - DEBUG --> Archivo \components\com_jhotelreservation\classes\services\UserDataService.php 
2016-03-06 23:30:22 - DEBUG --> initializeReservationData 
2016-03-06 23:30:22 - DEBUG --> UserData: a:0:{} 
2016-03-06 23:30:22 - DEBUG --> Archivo \components\com_jhotelreservation\classes\services\UserDataService.php 
2016-03-06 23:30:22 - DEBUG --> updateUserData 
2016-03-06 23:30:22 - DEBUG --> Archivo \components\com_jhotelreservation\classes\services\UserDataService.php 
2016-03-06 23:30:22 - DEBUG --> getUserData 
2016-03-06 23:30:22 - DEBUG --> Archivo \components\com_jhotelreservation\classes\services\UserDataService.php 
2016-03-06 23:30:22 - DEBUG --> setCurrency 
2016-03-06 23:30:22 - DEBUG --> Archivo \components\com_jhotelreservation\classes\services\UserDataService.php 
2016-03-06 23:30:22 - DEBUG --> getUserData 
2016-03-06 23:30:22 - DEBUG --> Archivo \components\com_jhotelreservation\classes\services\UserDataService.php 
2016-03-06 23:30:22 - DEBUG --> getUserData 
2016-03-06 23:30:22 - DEBUG --> Archivo \components\com_jhotelreservation\classes\services\UserDataService.php 
2016-03-06 23:30:22 - DEBUG --> getUserData 
2016-03-06 23:30:26 - DEBUG --> Archivo \components\com_jhotelreservation\classes\services\UserDataService.php 
2016-03-06 23:30:26 - DEBUG --> initializeUserData 
2016-03-06 23:30:26 - DEBUG --> UserData first: a:0:{} 
2016-03-06 23:30:26 - DEBUG --> UserData end:  a:0:{} 
2016-03-06 23:30:26 - DEBUG --> Archivo \components\com_jhotelreservation\classes\services\UserDataService.php 
2016-03-06 23:30:26 - DEBUG --> initializeUserData 
2016-03-06 23:30:26 - DEBUG --> UserData first: a:0:{} 
2016-03-06 23:30:26 - DEBUG --> UserData end:  a:0:{} 
2016-03-06 23:30:26 - DEBUG --> Archivo \components\com_jhotelreservation\classes\services\UserDataService.php 
2016-03-06 23:30:26 - DEBUG --> initializeReservationData 
2016-03-06 23:30:26 - DEBUG --> UserData: a:0:{} 
2016-03-06 23:30:26 - DEBUG --> Archivo \components\com_jhotelreservation\classes\services\UserDataService.php 
2016-03-06 23:30:26 - DEBUG --> updateUserData 
2016-03-06 23:30:26 - DEBUG --> Archivo \components\com_jhotelreservation\classes\services\UserDataService.php 
2016-03-06 23:30:26 - DEBUG --> getUserData 
2016-03-06 23:30:26 - DEBUG --> Archivo \components\com_jhotelreservation\classes\services\UserDataService.php 
2016-03-06 23:30:26 - DEBUG --> setCurrency 
2016-03-06 23:30:26 - DEBUG --> Archivo \components\com_jhotelreservation\classes\services\UserDataService.php 
2016-03-06 23:30:26 - DEBUG --> getUserData 
2016-03-06 23:30:26 - DEBUG --> Archivo \components\com_jhotelreservation\classes\services\UserDataService.php 
2016-03-06 23:30:26 - DEBUG --> getUserData 
2016-03-06 23:30:26 - DEBUG --> Archivo \components\com_jhotelreservation\classes\services\UserDataService.php 
2016-03-06 23:30:26 - DEBUG --> getUserData 
2016-03-06 23:30:56 - DEBUG --> Archivo \components\com_jhotelreservation\classes\services\UserDataService.php 
2016-03-06 23:30:56 - DEBUG --> initializeUserData 
2016-03-06 23:30:56 - DEBUG --> UserData first: a:0:{} 
2016-03-06 23:30:56 - DEBUG --> UserData end:  a:0:{} 
2016-03-06 23:30:56 - DEBUG --> Archivo \components\com_jhotelreservation\classes\services\UserDataService.php 
2016-03-06 23:30:56 - DEBUG --> initializeUserData 
2016-03-06 23:30:56 - DEBUG --> UserData first: a:0:{} 
2016-03-06 23:30:56 - DEBUG --> UserData end:  a:0:{} 
2016-03-06 23:30:56 - DEBUG --> Archivo \components\com_jhotelreservation\classes\services\UserDataService.php 
2016-03-06 23:30:56 - DEBUG --> initializeReservationData 
2016-03-06 23:30:56 - DEBUG --> UserData: a:0:{} 
2016-03-06 23:30:56 - DEBUG --> Archivo \components\com_jhotelreservation\classes\services\UserDataService.php 
2016-03-06 23:30:56 - DEBUG --> updateUserData 
2016-03-06 23:30:56 - DEBUG --> Archivo \components\com_jhotelreservation\classes\services\UserDataService.php 
2016-03-06 23:30:56 - DEBUG --> getUserData 
2016-03-06 23:30:56 - DEBUG --> Archivo \components\com_jhotelreservation\classes\services\UserDataService.php 
2016-03-06 23:30:56 - DEBUG --> setCurrency 
2016-03-06 23:30:56 - DEBUG --> Archivo \components\com_jhotelreservation\classes\services\UserDataService.php 
2016-03-06 23:30:56 - DEBUG --> getUserData 
2016-03-06 23:30:56 - DEBUG --> Archivo \components\com_jhotelreservation\classes\services\UserDataService.php 
2016-03-06 23:30:56 - DEBUG --> getUserData 
2016-03-06 23:30:56 - DEBUG --> Archivo \components\com_jhotelreservation\classes\services\UserDataService.php 
2016-03-06 23:30:56 - DEBUG --> getUserData 
2016-03-06 23:30:56 - DEBUG --> Archivo \components\com_jhotelreservationiews\hotel	mpl\hoteloverview.php 
2016-03-06 23:30:56 - DEBUG --> Accedió 
2016-03-06 23:31:39 - DEBUG --> Archivo \components\com_jhotelreservation\classes\services\UserDataService.php 
2016-03-06 23:31:39 - DEBUG --> initializeUserData 
2016-03-06 23:31:39 - DEBUG --> UserData first: a:0:{} 
2016-03-06 23:31:39 - DEBUG --> Archivo \components\com_jhotelreservation\classes\services\UserDataService.php 
2016-03-06 23:31:39 - DEBUG --> createUserData 
2016-03-06 23:31:39 - DEBUG --> voucher:  
2016-03-06 23:31:39 - DEBUG --> UserData end:  a:0:{} 
2016-03-06 23:31:39 - DEBUG --> Archivo \components\com_jhotelreservation\classes\services\UserDataService.php 
2016-03-06 23:31:39 - DEBUG --> initializeUserData 
2016-03-06 23:31:39 - DEBUG --> UserData first: a:0:{} 
2016-03-06 23:31:39 - DEBUG --> Archivo \components\com_jhotelreservation\classes\services\UserDataService.php 
2016-03-06 23:31:39 - DEBUG --> createUserData 
2016-03-06 23:31:39 - DEBUG --> voucher:  
2016-03-06 23:31:39 - DEBUG --> UserData end:  a:0:{} 
2016-03-06 23:31:39 - DEBUG --> Archivo \components\com_jhotelreservation\classes\services\UserDataService.php 
2016-03-06 23:31:39 - DEBUG --> initializeReservationData 
2016-03-06 23:31:39 - DEBUG --> UserData: a:0:{} 
2016-03-06 23:31:40 - DEBUG --> Archivo \components\com_jhotelreservation\classes\services\UserDataService.php 
2016-03-06 23:31:40 - DEBUG --> initializeUserData 
2016-03-06 23:31:40 - DEBUG --> UserData first: a:0:{} 
2016-03-06 23:31:40 - DEBUG --> UserData end:  a:0:{} 
2016-03-06 23:31:40 - DEBUG --> Archivo \components\com_jhotelreservation\classes\services\UserDataService.php 
2016-03-06 23:31:40 - DEBUG --> initializeUserData 
2016-03-06 23:31:40 - DEBUG --> UserData first: a:0:{} 
2016-03-06 23:31:40 - DEBUG --> UserData end:  a:0:{} 
2016-03-06 23:31:40 - DEBUG --> Archivo \components\com_jhotelreservation\classes\services\UserDataService.php 
2016-03-06 23:31:40 - DEBUG --> initializeReservationData 
2016-03-06 23:31:40 - DEBUG --> UserData: a:0:{} 
2016-03-06 23:31:40 - DEBUG --> Archivo \components\com_jhotelreservation\classes\services\UserDataService.php 
2016-03-06 23:31:40 - DEBUG --> updateUserData 
2016-03-06 23:31:40 - DEBUG --> Archivo \components\com_jhotelreservation\classes\services\UserDataService.php 
2016-03-06 23:31:40 - DEBUG --> getUserData 
2016-03-06 23:31:40 - DEBUG --> Archivo \components\com_jhotelreservation\classes\services\UserDataService.php 
2016-03-06 23:31:40 - DEBUG --> setCurrency 
2016-03-06 23:31:40 - DEBUG --> Archivo \components\com_jhotelreservation\classes\services\UserDataService.php 
2016-03-06 23:31:40 - DEBUG --> getUserData 
2016-03-06 23:31:40 - DEBUG --> Archivo \components\com_jhotelreservation\classes\services\UserDataService.php 
2016-03-06 23:31:40 - DEBUG --> getUserData 
2016-03-06 23:31:40 - DEBUG --> Archivo \components\com_jhotelreservation\classes\services\UserDataService.php 
2016-03-06 23:31:40 - DEBUG --> getUserData 
2016-03-06 23:31:40 - DEBUG --> Archivo \components\com_jhotelreservationiews\hotel	mpl\hoteloverview.php 
2016-03-06 23:31:40 - DEBUG --> Accedió 
2016-03-06 23:32:17 - DEBUG --> Archivo \components\com_jhotelreservation\classes\services\UserDataService.php 
2016-03-06 23:32:17 - DEBUG --> initializeUserData 
2016-03-06 23:32:17 - DEBUG --> UserData first: a:0:{} 
2016-03-06 23:32:17 - DEBUG --> UserData end:  a:0:{} 
2016-03-06 23:32:24 - DEBUG --> Archivo \components\com_jhotelreservation\classes\services\UserDataService.php 
2016-03-06 23:32:24 - DEBUG --> initializeUserData 
2016-03-06 23:32:24 - DEBUG --> UserData first: a:0:{} 
2016-03-06 23:32:24 - DEBUG --> Archivo \components\com_jhotelreservation\classes\services\UserDataService.php 
2016-03-06 23:32:24 - DEBUG --> createUserData 
2016-03-06 23:32:24 - DEBUG --> voucher:  
2016-03-06 23:32:24 - DEBUG --> UserData end:  a:0:{} 
2016-03-06 23:32:24 - DEBUG --> Archivo \components\com_jhotelreservation\classes\services\UserDataService.php 
2016-03-06 23:32:24 - DEBUG --> initializeUserData 
2016-03-06 23:32:24 - DEBUG --> UserData first: a:0:{} 
2016-03-06 23:32:24 - DEBUG --> Archivo \components\com_jhotelreservation\classes\services\UserDataService.php 
2016-03-06 23:32:24 - DEBUG --> createUserData 
2016-03-06 23:32:24 - DEBUG --> voucher:  
2016-03-06 23:32:24 - DEBUG --> UserData end:  a:0:{} 
2016-03-06 23:36:15 - DEBUG --> Archivo \components\com_jhotelreservation\classes\services\UserDataService.php 
2016-03-06 23:36:15 - DEBUG --> initializeUserData 
2016-03-06 23:36:15 - DEBUG --> UserData first: a:0:{} 
2016-03-06 23:36:15 - DEBUG --> UserData end:  a:0:{} 
2016-03-06 23:40:39 - DEBUG --> Archivo \components\com_jhotelreservation\classes\services\UserDataService.php 
2016-03-06 23:40:39 - DEBUG --> initializeUserData 
2016-03-06 23:40:39 - DEBUG --> UserData first: N; 
2016-03-06 23:40:39 - DEBUG --> Archivo \components\com_jhotelreservation\classes\services\UserDataService.php 
2016-03-06 23:40:39 - DEBUG --> createUserData 
2016-03-06 23:40:39 - DEBUG --> UserData end:  a:0:{} 
2016-03-06 23:40:39 - DEBUG --> Archivo \components\com_jhotelreservation\classes\services\UserDataService.php 
2016-03-06 23:40:39 - DEBUG --> initializeUserData 
2016-03-06 23:40:39 - DEBUG --> UserData first: a:0:{} 
2016-03-06 23:40:39 - DEBUG --> UserData end:  a:0:{} 
2016-03-06 23:40:39 - DEBUG --> Archivo \components\com_jhotelreservation\classes\services\UserDataService.php 
2016-03-06 23:40:39 - DEBUG --> initializeReservationData 
2016-03-06 23:40:39 - DEBUG --> UserData: a:0:{} 
2016-03-06 23:40:39 - DEBUG --> Archivo \components\com_jhotelreservation\classes\services\UserDataService.php 
2016-03-06 23:40:39 - DEBUG --> updateUserData 
2016-03-06 23:40:39 - DEBUG --> Archivo \components\com_jhotelreservation\classes\services\UserDataService.php 
2016-03-06 23:40:39 - DEBUG --> getUserData 
2016-03-06 23:40:39 - DEBUG --> Archivo \components\com_jhotelreservation\classes\services\UserDataService.php 
2016-03-06 23:40:39 - DEBUG --> setCurrency 
2016-03-06 23:40:39 - DEBUG --> Archivo \components\com_jhotelreservation\classes\services\UserDataService.php 
2016-03-06 23:40:39 - DEBUG --> getUserData 
2016-03-06 23:40:39 - DEBUG --> Archivo \components\com_jhotelreservation\classes\services\UserDataService.php 
2016-03-06 23:40:39 - DEBUG --> getUserData 
2016-03-06 23:40:39 - DEBUG --> Archivo \components\com_jhotelreservation\classes\services\UserDataService.php 
2016-03-06 23:40:39 - DEBUG --> getUserData 
