2016-04-08 0:21:42 - DEBUG --> Archivo \components\com_jhotelreservation\classes\services\UserDataService.php 
2016-04-08 0:21:42 - DEBUG --> initializeUserData 
2016-04-08 0:21:42 - DEBUG --> UserData first: N; 
2016-04-08 0:21:42 - DEBUG --> Archivo \components\com_jhotelreservation\classes\services\UserDataService.php 
2016-04-08 0:21:42 - DEBUG --> createUserData 
2016-04-08 0:21:42 - DEBUG --> UserData end:  a:0:{} 
2016-04-08 0:21:42 - DEBUG --> Archivo \components\com_jhotelreservation\classes\services\UserDataService.php 
2016-04-08 0:21:42 - DEBUG --> initializeUserData 
2016-04-08 0:21:42 - DEBUG --> UserData first: a:0:{} 
2016-04-08 0:21:42 - DEBUG --> UserData end:  a:0:{} 
2016-04-08 0:21:42 - DEBUG --> Archivo \components\com_jhotelreservation\classes\services\UserDataService.php 
2016-04-08 0:21:42 - DEBUG --> initializeReservationData 
2016-04-08 0:21:42 - DEBUG --> UserData: a:0:{} 
2016-04-08 0:21:42 - DEBUG --> Archivo \components\com_jhotelreservation\classes\services\UserDataService.php 
2016-04-08 0:21:42 - DEBUG --> updateUserData 
2016-04-08 0:21:42 - DEBUG --> Archivo \components\com_jhotelreservation\classes\services\UserDataService.php 
2016-04-08 0:21:42 - DEBUG --> getUserData 
2016-04-08 0:21:42 - DEBUG --> Archivo \components\com_jhotelreservation\classes\services\UserDataService.php 
2016-04-08 0:21:42 - DEBUG --> setCurrency 
2016-04-08 0:21:42 - DEBUG --> Archivo \components\com_jhotelreservation\classes\services\UserDataService.php 
2016-04-08 0:21:42 - DEBUG --> getUserData 
2016-04-08 0:21:42 - DEBUG --> Archivo \components\com_jhotelreservation\classes\services\UserDataService.php 
2016-04-08 0:21:42 - DEBUG --> getUserData 
2016-04-08 0:21:42 - DEBUG --> Archivo \components\com_jhotelreservation\classes\services\UserDataService.php 
2016-04-08 0:21:42 - DEBUG --> getUserData 
2016-04-08 0:21:42 - DEBUG --> Archivo \components\com_jhotelreservationiews\hotel	mpl\hoteloverview.php 
2016-04-08 0:21:42 - DEBUG --> Accedió 
2016-04-08 0:21:46 - DEBUG --> Archivo \components\com_jhotelreservation\classes\services\UserDataService.php 
2016-04-08 0:21:46 - DEBUG --> initializeUserData 
2016-04-08 0:21:46 - DEBUG --> UserData first: N; 
2016-04-08 0:21:46 - DEBUG --> Archivo \components\com_jhotelreservation\classes\services\UserDataService.php 
2016-04-08 0:21:46 - DEBUG --> createUserData 
2016-04-08 0:21:46 - DEBUG --> UserData end:  a:0:{} 
2016-04-08 0:21:46 - DEBUG --> Archivo \components\com_jhotelreservation\classes\services\UserDataService.php 
2016-04-08 0:21:46 - DEBUG --> initializeUserData 
2016-04-08 0:21:46 - DEBUG --> UserData first: a:0:{} 
2016-04-08 0:21:46 - DEBUG --> UserData end:  a:0:{} 
2016-04-08 0:21:46 - DEBUG --> Archivo \components\com_jhotelreservation\classes\services\UserDataService.php 
2016-04-08 0:21:46 - DEBUG --> initializeReservationData 
2016-04-08 0:21:46 - DEBUG --> UserData: a:0:{} 
2016-04-08 0:21:46 - DEBUG --> Archivo \components\com_jhotelreservation\classes\services\UserDataService.php 
2016-04-08 0:21:46 - DEBUG --> updateUserData 
2016-04-08 0:21:46 - DEBUG --> Archivo \components\com_jhotelreservation\classes\services\UserDataService.php 
2016-04-08 0:21:46 - DEBUG --> getUserData 
2016-04-08 0:21:46 - DEBUG --> Archivo \components\com_jhotelreservation\classes\services\UserDataService.php 
2016-04-08 0:21:46 - DEBUG --> setCurrency 
2016-04-08 0:21:46 - DEBUG --> Archivo \components\com_jhotelreservation\classes\services\UserDataService.php 
2016-04-08 0:21:46 - DEBUG --> getUserData 
2016-04-08 0:21:46 - DEBUG --> Archivo \components\com_jhotelreservation\classes\services\UserDataService.php 
2016-04-08 0:21:46 - DEBUG --> getUserData 
2016-04-08 0:21:46 - DEBUG --> Archivo \components\com_jhotelreservation\classes\services\UserDataService.php 
2016-04-08 0:21:46 - DEBUG --> getUserData 
2016-04-08 0:21:46 - DEBUG --> Archivo \components\com_jhotelreservationiews\hotel	mpl\hoteloverview.php 
2016-04-08 0:21:46 - DEBUG --> Accedió 
2016-04-08 0:21:48 - DEBUG --> Archivo \components\com_jhotelreservation\classes\services\UserDataService.php 
2016-04-08 0:21:48 - DEBUG --> initializeUserData 
2016-04-08 0:21:48 - DEBUG --> UserData first: N; 
2016-04-08 0:21:48 - DEBUG --> Archivo \components\com_jhotelreservation\classes\services\UserDataService.php 
2016-04-08 0:21:48 - DEBUG --> createUserData 
2016-04-08 0:21:48 - DEBUG --> UserData end:  a:0:{} 
2016-04-08 0:21:48 - DEBUG --> Archivo \components\com_jhotelreservation\classes\services\UserDataService.php 
2016-04-08 0:21:48 - DEBUG --> initializeUserData 
2016-04-08 0:21:48 - DEBUG --> UserData first: a:0:{} 
2016-04-08 0:21:48 - DEBUG --> UserData end:  a:0:{} 
2016-04-08 0:21:48 - DEBUG --> Archivo \components\com_jhotelreservation\classes\services\UserDataService.php 
2016-04-08 0:21:48 - DEBUG --> initializeReservationData 
2016-04-08 0:21:48 - DEBUG --> UserData: a:0:{} 
2016-04-08 0:21:48 - DEBUG --> Archivo \components\com_jhotelreservation\classes\services\UserDataService.php 
2016-04-08 0:21:48 - DEBUG --> updateUserData 
2016-04-08 0:21:48 - DEBUG --> Archivo \components\com_jhotelreservation\classes\services\UserDataService.php 
2016-04-08 0:21:48 - DEBUG --> getUserData 
2016-04-08 0:21:48 - DEBUG --> Archivo \components\com_jhotelreservation\classes\services\UserDataService.php 
2016-04-08 0:21:48 - DEBUG --> setCurrency 
2016-04-08 0:21:48 - DEBUG --> Archivo \components\com_jhotelreservation\classes\services\UserDataService.php 
2016-04-08 0:21:48 - DEBUG --> getUserData 
2016-04-08 0:21:48 - DEBUG --> Archivo \components\com_jhotelreservation\classes\services\UserDataService.php 
2016-04-08 0:21:48 - DEBUG --> getUserData 
2016-04-08 0:21:48 - DEBUG --> Archivo \components\com_jhotelreservation\classes\services\UserDataService.php 
2016-04-08 0:21:48 - DEBUG --> getUserData 
2016-04-08 0:21:48 - DEBUG --> Archivo \components\com_jhotelreservationiews\hotel	mpl\hoteloverview.php 
2016-04-08 0:21:48 - DEBUG --> Accedió 
2016-04-08 0:21:50 - DEBUG --> Archivo \components\com_jhotelreservation\classes\services\UserDataService.php 
2016-04-08 0:21:50 - DEBUG --> initializeUserData 
2016-04-08 0:21:50 - DEBUG --> UserData first: N; 
2016-04-08 0:21:50 - DEBUG --> Archivo \components\com_jhotelreservation\classes\services\UserDataService.php 
2016-04-08 0:21:50 - DEBUG --> createUserData 
2016-04-08 0:21:50 - DEBUG --> UserData end:  a:0:{} 
2016-04-08 0:21:50 - DEBUG --> Archivo \components\com_jhotelreservation\classes\services\UserDataService.php 
2016-04-08 0:21:50 - DEBUG --> initializeUserData 
2016-04-08 0:21:50 - DEBUG --> UserData first: a:0:{} 
2016-04-08 0:21:50 - DEBUG --> UserData end:  a:0:{} 
2016-04-08 0:21:50 - DEBUG --> Archivo \components\com_jhotelreservation\classes\services\UserDataService.php 
2016-04-08 0:21:50 - DEBUG --> initializeReservationData 
2016-04-08 0:21:50 - DEBUG --> UserData: a:0:{} 
2016-04-08 0:21:50 - DEBUG --> Archivo \components\com_jhotelreservation\classes\services\UserDataService.php 
2016-04-08 0:21:50 - DEBUG --> updateUserData 
2016-04-08 0:21:50 - DEBUG --> Archivo \components\com_jhotelreservation\classes\services\UserDataService.php 
2016-04-08 0:21:50 - DEBUG --> getUserData 
2016-04-08 0:21:50 - DEBUG --> Archivo \components\com_jhotelreservation\classes\services\UserDataService.php 
2016-04-08 0:21:50 - DEBUG --> setCurrency 
2016-04-08 0:21:50 - DEBUG --> Archivo \components\com_jhotelreservation\classes\services\UserDataService.php 
2016-04-08 0:21:50 - DEBUG --> getUserData 
2016-04-08 0:21:50 - DEBUG --> Archivo \components\com_jhotelreservation\classes\services\UserDataService.php 
2016-04-08 0:21:50 - DEBUG --> getUserData 
2016-04-08 0:21:50 - DEBUG --> Archivo \components\com_jhotelreservation\classes\services\UserDataService.php 
2016-04-08 0:21:50 - DEBUG --> getUserData 
2016-04-08 0:21:50 - DEBUG --> Archivo \components\com_jhotelreservationiews\hotel	mpl\hoteloverview.php 
2016-04-08 0:21:50 - DEBUG --> Accedió 
2016-04-08 0:21:55 - DEBUG --> Archivo \components\com_jhotelreservation\classes\services\UserDataService.php 
2016-04-08 0:21:55 - DEBUG --> initializeUserData 
2016-04-08 0:21:55 - DEBUG --> UserData first: N; 
2016-04-08 0:21:55 - DEBUG --> Archivo \components\com_jhotelreservation\classes\services\UserDataService.php 
2016-04-08 0:21:55 - DEBUG --> createUserData 
2016-04-08 0:21:55 - DEBUG --> UserData end:  a:0:{} 
2016-04-08 0:21:55 - DEBUG --> Archivo \components\com_jhotelreservation\classes\services\UserDataService.php 
2016-04-08 0:21:55 - DEBUG --> initializeUserData 
2016-04-08 0:21:55 - DEBUG --> UserData first: a:0:{} 
2016-04-08 0:21:55 - DEBUG --> UserData end:  a:0:{} 
2016-04-08 0:21:55 - DEBUG --> Archivo \components\com_jhotelreservation\classes\services\UserDataService.php 
2016-04-08 0:21:55 - DEBUG --> initializeReservationData 
2016-04-08 0:21:55 - DEBUG --> UserData: a:0:{} 
2016-04-08 0:21:55 - DEBUG --> Archivo \components\com_jhotelreservation\classes\services\UserDataService.php 
2016-04-08 0:21:55 - DEBUG --> updateUserData 
2016-04-08 0:21:55 - DEBUG --> Archivo \components\com_jhotelreservation\classes\services\UserDataService.php 
2016-04-08 0:21:55 - DEBUG --> getUserData 
2016-04-08 0:21:55 - DEBUG --> Archivo \components\com_jhotelreservation\classes\services\UserDataService.php 
2016-04-08 0:21:55 - DEBUG --> setCurrency 
2016-04-08 0:21:55 - DEBUG --> Archivo \components\com_jhotelreservation\classes\services\UserDataService.php 
2016-04-08 0:21:55 - DEBUG --> getUserData 
2016-04-08 0:21:55 - DEBUG --> Archivo \components\com_jhotelreservation\classes\services\UserDataService.php 
2016-04-08 0:21:55 - DEBUG --> getUserData 
2016-04-08 0:21:55 - DEBUG --> Archivo \components\com_jhotelreservation\classes\services\UserDataService.php 
2016-04-08 0:21:55 - DEBUG --> getUserData 
2016-04-08 0:21:55 - DEBUG --> Archivo \components\com_jhotelreservationiews\hotel	mpl\hoteloverview.php 
2016-04-08 0:21:55 - DEBUG --> Accedió 
2016-04-08 0:21:57 - DEBUG --> Archivo \components\com_jhotelreservation\classes\services\UserDataService.php 
2016-04-08 0:21:57 - DEBUG --> initializeUserData 
2016-04-08 0:21:57 - DEBUG --> UserData first: N; 
2016-04-08 0:21:57 - DEBUG --> Archivo \components\com_jhotelreservation\classes\services\UserDataService.php 
2016-04-08 0:21:57 - DEBUG --> createUserData 
2016-04-08 0:21:57 - DEBUG --> UserData end:  a:0:{} 
2016-04-08 0:21:57 - DEBUG --> Archivo \components\com_jhotelreservation\classes\services\UserDataService.php 
2016-04-08 0:21:57 - DEBUG --> initializeUserData 
2016-04-08 0:21:57 - DEBUG --> UserData first: a:0:{} 
2016-04-08 0:21:57 - DEBUG --> UserData end:  a:0:{} 
2016-04-08 0:21:57 - DEBUG --> Archivo \components\com_jhotelreservation\classes\services\UserDataService.php 
2016-04-08 0:21:57 - DEBUG --> initializeReservationData 
2016-04-08 0:21:57 - DEBUG --> UserData: a:0:{} 
2016-04-08 0:21:57 - DEBUG --> Archivo \components\com_jhotelreservation\classes\services\UserDataService.php 
2016-04-08 0:21:57 - DEBUG --> updateUserData 
2016-04-08 0:21:57 - DEBUG --> Archivo \components\com_jhotelreservation\classes\services\UserDataService.php 
2016-04-08 0:21:57 - DEBUG --> getUserData 
2016-04-08 0:21:57 - DEBUG --> Archivo \components\com_jhotelreservation\classes\services\UserDataService.php 
2016-04-08 0:21:57 - DEBUG --> setCurrency 
2016-04-08 0:21:57 - DEBUG --> Archivo \components\com_jhotelreservation\classes\services\UserDataService.php 
2016-04-08 0:21:57 - DEBUG --> getUserData 
2016-04-08 0:21:57 - DEBUG --> Archivo \components\com_jhotelreservation\classes\services\UserDataService.php 
2016-04-08 0:21:57 - DEBUG --> getUserData 
2016-04-08 0:21:57 - DEBUG --> Archivo \components\com_jhotelreservation\classes\services\UserDataService.php 
2016-04-08 0:21:57 - DEBUG --> getUserData 
2016-04-08 0:21:57 - DEBUG --> Archivo \components\com_jhotelreservationiews\hotel	mpl\hoteloverview.php 
2016-04-08 0:21:57 - DEBUG --> Accedió 
2016-04-08 0:21:59 - DEBUG --> Archivo \components\com_jhotelreservation\classes\services\UserDataService.php 
2016-04-08 0:21:59 - DEBUG --> initializeUserData 
2016-04-08 0:21:59 - DEBUG --> UserData first: N; 
2016-04-08 0:21:59 - DEBUG --> Archivo \components\com_jhotelreservation\classes\services\UserDataService.php 
2016-04-08 0:21:59 - DEBUG --> createUserData 
2016-04-08 0:21:59 - DEBUG --> UserData end:  a:0:{} 
2016-04-08 0:21:59 - DEBUG --> Archivo \components\com_jhotelreservation\classes\services\UserDataService.php 
2016-04-08 0:21:59 - DEBUG --> initializeUserData 
2016-04-08 0:21:59 - DEBUG --> UserData first: a:0:{} 
2016-04-08 0:21:59 - DEBUG --> UserData end:  a:0:{} 
2016-04-08 0:21:59 - DEBUG --> Archivo \components\com_jhotelreservation\classes\services\UserDataService.php 
2016-04-08 0:21:59 - DEBUG --> initializeReservationData 
2016-04-08 0:21:59 - DEBUG --> UserData: a:0:{} 
2016-04-08 0:21:59 - DEBUG --> Archivo \components\com_jhotelreservation\classes\services\UserDataService.php 
2016-04-08 0:21:59 - DEBUG --> updateUserData 
2016-04-08 0:21:59 - DEBUG --> Archivo \components\com_jhotelreservation\classes\services\UserDataService.php 
2016-04-08 0:21:59 - DEBUG --> getUserData 
2016-04-08 0:21:59 - DEBUG --> Archivo \components\com_jhotelreservation\classes\services\UserDataService.php 
2016-04-08 0:21:59 - DEBUG --> setCurrency 
2016-04-08 0:21:59 - DEBUG --> Archivo \components\com_jhotelreservation\classes\services\UserDataService.php 
2016-04-08 0:21:59 - DEBUG --> getUserData 
2016-04-08 0:21:59 - DEBUG --> Archivo \components\com_jhotelreservation\classes\services\UserDataService.php 
2016-04-08 0:21:59 - DEBUG --> getUserData 
2016-04-08 0:21:59 - DEBUG --> Archivo \components\com_jhotelreservation\classes\services\UserDataService.php 
2016-04-08 0:21:59 - DEBUG --> getUserData 
2016-04-08 0:21:59 - DEBUG --> Archivo \components\com_jhotelreservationiews\hotel	mpl\hoteloverview.php 
2016-04-08 0:21:59 - DEBUG --> Accedió 
2016-04-08 0:22:01 - DEBUG --> Archivo \components\com_jhotelreservation\classes\services\UserDataService.php 
2016-04-08 0:22:01 - DEBUG --> initializeUserData 
2016-04-08 0:22:01 - DEBUG --> UserData first: N; 
2016-04-08 0:22:01 - DEBUG --> Archivo \components\com_jhotelreservation\classes\services\UserDataService.php 
2016-04-08 0:22:01 - DEBUG --> createUserData 
2016-04-08 0:22:01 - DEBUG --> UserData end:  a:0:{} 
2016-04-08 0:22:01 - DEBUG --> Archivo \components\com_jhotelreservation\classes\services\UserDataService.php 
2016-04-08 0:22:01 - DEBUG --> initializeUserData 
2016-04-08 0:22:01 - DEBUG --> UserData first: a:0:{} 
2016-04-08 0:22:01 - DEBUG --> UserData end:  a:0:{} 
2016-04-08 0:22:01 - DEBUG --> Archivo \components\com_jhotelreservation\classes\services\UserDataService.php 
2016-04-08 0:22:01 - DEBUG --> initializeReservationData 
2016-04-08 0:22:01 - DEBUG --> UserData: a:0:{} 
2016-04-08 0:22:01 - DEBUG --> Archivo \components\com_jhotelreservation\classes\services\UserDataService.php 
2016-04-08 0:22:01 - DEBUG --> updateUserData 
2016-04-08 0:22:01 - DEBUG --> Archivo \components\com_jhotelreservation\classes\services\UserDataService.php 
2016-04-08 0:22:01 - DEBUG --> getUserData 
2016-04-08 0:22:01 - DEBUG --> Archivo \components\com_jhotelreservation\classes\services\UserDataService.php 
2016-04-08 0:22:01 - DEBUG --> setCurrency 
2016-04-08 0:22:01 - DEBUG --> Archivo \components\com_jhotelreservation\classes\services\UserDataService.php 
2016-04-08 0:22:01 - DEBUG --> getUserData 
2016-04-08 0:22:01 - DEBUG --> Archivo \components\com_jhotelreservation\classes\services\UserDataService.php 
2016-04-08 0:22:01 - DEBUG --> getUserData 
2016-04-08 0:22:01 - DEBUG --> Archivo \components\com_jhotelreservation\classes\services\UserDataService.php 
2016-04-08 0:22:01 - DEBUG --> getUserData 
2016-04-08 0:22:01 - DEBUG --> Archivo \components\com_jhotelreservationiews\hotel	mpl\hoteloverview.php 
2016-04-08 0:22:01 - DEBUG --> Accedió 
2016-04-08 0:22:04 - DEBUG --> Archivo \components\com_jhotelreservation\classes\services\UserDataService.php 
2016-04-08 0:22:04 - DEBUG --> initializeUserData 
2016-04-08 0:22:04 - DEBUG --> UserData first: N; 
2016-04-08 0:22:04 - DEBUG --> Archivo \components\com_jhotelreservation\classes\services\UserDataService.php 
2016-04-08 0:22:04 - DEBUG --> createUserData 
2016-04-08 0:22:04 - DEBUG --> UserData end:  a:0:{} 
2016-04-08 0:22:04 - DEBUG --> Archivo \components\com_jhotelreservation\classes\services\UserDataService.php 
2016-04-08 0:22:04 - DEBUG --> initializeUserData 
2016-04-08 0:22:04 - DEBUG --> UserData first: a:0:{} 
2016-04-08 0:22:04 - DEBUG --> UserData end:  a:0:{} 
2016-04-08 0:22:04 - DEBUG --> Archivo \components\com_jhotelreservation\classes\services\UserDataService.php 
2016-04-08 0:22:04 - DEBUG --> initializeReservationData 
2016-04-08 0:22:04 - DEBUG --> UserData: a:0:{} 
2016-04-08 0:22:04 - DEBUG --> Archivo \components\com_jhotelreservation\classes\services\UserDataService.php 
2016-04-08 0:22:04 - DEBUG --> updateUserData 
2016-04-08 0:22:04 - DEBUG --> Archivo \components\com_jhotelreservation\classes\services\UserDataService.php 
2016-04-08 0:22:04 - DEBUG --> getUserData 
2016-04-08 0:22:04 - DEBUG --> Archivo \components\com_jhotelreservation\classes\services\UserDataService.php 
2016-04-08 0:22:04 - DEBUG --> setCurrency 
2016-04-08 0:22:04 - DEBUG --> Archivo \components\com_jhotelreservation\classes\services\UserDataService.php 
2016-04-08 0:22:04 - DEBUG --> getUserData 
2016-04-08 0:22:04 - DEBUG --> Archivo \components\com_jhotelreservation\classes\services\UserDataService.php 
2016-04-08 0:22:04 - DEBUG --> getUserData 
2016-04-08 0:22:04 - DEBUG --> Archivo \components\com_jhotelreservation\classes\services\UserDataService.php 
2016-04-08 0:22:04 - DEBUG --> getUserData 
2016-04-08 0:22:04 - DEBUG --> Archivo \components\com_jhotelreservationiews\hotel	mpl\hoteloverview.php 
2016-04-08 0:22:04 - DEBUG --> Accedió 
2016-04-08 0:22:06 - DEBUG --> Archivo \components\com_jhotelreservation\classes\services\UserDataService.php 
2016-04-08 0:22:06 - DEBUG --> initializeUserData 
2016-04-08 0:22:06 - DEBUG --> UserData first: N; 
2016-04-08 0:22:06 - DEBUG --> Archivo \components\com_jhotelreservation\classes\services\UserDataService.php 
2016-04-08 0:22:06 - DEBUG --> createUserData 
2016-04-08 0:22:06 - DEBUG --> UserData end:  a:0:{} 
2016-04-08 0:22:06 - DEBUG --> Archivo \components\com_jhotelreservation\classes\services\UserDataService.php 
2016-04-08 0:22:06 - DEBUG --> initializeUserData 
2016-04-08 0:22:06 - DEBUG --> UserData first: a:0:{} 
2016-04-08 0:22:06 - DEBUG --> UserData end:  a:0:{} 
2016-04-08 0:22:06 - DEBUG --> Archivo \components\com_jhotelreservation\classes\services\UserDataService.php 
2016-04-08 0:22:06 - DEBUG --> initializeReservationData 
2016-04-08 0:22:06 - DEBUG --> UserData: a:0:{} 
2016-04-08 0:22:06 - DEBUG --> Archivo \components\com_jhotelreservation\classes\services\UserDataService.php 
2016-04-08 0:22:06 - DEBUG --> updateUserData 
2016-04-08 0:22:06 - DEBUG --> Archivo \components\com_jhotelreservation\classes\services\UserDataService.php 
2016-04-08 0:22:06 - DEBUG --> getUserData 
2016-04-08 0:22:06 - DEBUG --> Archivo \components\com_jhotelreservation\classes\services\UserDataService.php 
2016-04-08 0:22:06 - DEBUG --> setCurrency 
2016-04-08 0:22:06 - DEBUG --> Archivo \components\com_jhotelreservation\classes\services\UserDataService.php 
2016-04-08 0:22:06 - DEBUG --> getUserData 
2016-04-08 0:22:06 - DEBUG --> Archivo \components\com_jhotelreservation\classes\services\UserDataService.php 
2016-04-08 0:22:06 - DEBUG --> getUserData 
2016-04-08 0:22:06 - DEBUG --> Archivo \components\com_jhotelreservation\classes\services\UserDataService.php 
2016-04-08 0:22:06 - DEBUG --> getUserData 
2016-04-08 0:22:06 - DEBUG --> Archivo \components\com_jhotelreservationiews\hotel	mpl\hoteloverview.php 
2016-04-08 0:22:06 - DEBUG --> Accedió 
2016-04-08 0:22:08 - DEBUG --> Archivo \components\com_jhotelreservation\classes\services\UserDataService.php 
2016-04-08 0:22:08 - DEBUG --> initializeUserData 
2016-04-08 0:22:08 - DEBUG --> UserData first: N; 
2016-04-08 0:22:08 - DEBUG --> Archivo \components\com_jhotelreservation\classes\services\UserDataService.php 
2016-04-08 0:22:08 - DEBUG --> createUserData 
2016-04-08 0:22:08 - DEBUG --> UserData end:  a:0:{} 
2016-04-08 0:22:08 - DEBUG --> Archivo \components\com_jhotelreservation\classes\services\UserDataService.php 
2016-04-08 0:22:08 - DEBUG --> initializeUserData 
2016-04-08 0:22:08 - DEBUG --> UserData first: a:0:{} 
2016-04-08 0:22:08 - DEBUG --> UserData end:  a:0:{} 
2016-04-08 0:22:08 - DEBUG --> Archivo \components\com_jhotelreservation\classes\services\UserDataService.php 
2016-04-08 0:22:08 - DEBUG --> initializeReservationData 
2016-04-08 0:22:08 - DEBUG --> UserData: a:0:{} 
2016-04-08 0:22:08 - DEBUG --> Archivo \components\com_jhotelreservation\classes\services\UserDataService.php 
2016-04-08 0:22:08 - DEBUG --> updateUserData 
2016-04-08 0:22:08 - DEBUG --> Archivo \components\com_jhotelreservation\classes\services\UserDataService.php 
2016-04-08 0:22:08 - DEBUG --> getUserData 
2016-04-08 0:22:08 - DEBUG --> Archivo \components\com_jhotelreservation\classes\services\UserDataService.php 
2016-04-08 0:22:08 - DEBUG --> setCurrency 
2016-04-08 0:22:08 - DEBUG --> Archivo \components\com_jhotelreservation\classes\services\UserDataService.php 
2016-04-08 0:22:08 - DEBUG --> getUserData 
2016-04-08 0:22:08 - DEBUG --> Archivo \components\com_jhotelreservation\classes\services\UserDataService.php 
2016-04-08 0:22:08 - DEBUG --> getUserData 
2016-04-08 0:22:08 - DEBUG --> Archivo \components\com_jhotelreservation\classes\services\UserDataService.php 
2016-04-08 0:22:08 - DEBUG --> getUserData 
2016-04-08 0:22:08 - DEBUG --> Archivo \components\com_jhotelreservationiews\hotel	mpl\hoteloverview.php 
2016-04-08 0:22:08 - DEBUG --> Accedió 
2016-04-08 0:22:10 - DEBUG --> Archivo \components\com_jhotelreservation\classes\services\UserDataService.php 
2016-04-08 0:22:10 - DEBUG --> initializeUserData 
2016-04-08 0:22:10 - DEBUG --> UserData first: N; 
2016-04-08 0:22:10 - DEBUG --> Archivo \components\com_jhotelreservation\classes\services\UserDataService.php 
2016-04-08 0:22:10 - DEBUG --> createUserData 
2016-04-08 0:22:10 - DEBUG --> UserData end:  a:0:{} 
2016-04-08 0:22:10 - DEBUG --> Archivo \components\com_jhotelreservation\classes\services\UserDataService.php 
2016-04-08 0:22:10 - DEBUG --> initializeUserData 
2016-04-08 0:22:10 - DEBUG --> UserData first: a:0:{} 
2016-04-08 0:22:10 - DEBUG --> UserData end:  a:0:{} 
2016-04-08 0:22:10 - DEBUG --> Archivo \components\com_jhotelreservation\classes\services\UserDataService.php 
2016-04-08 0:22:10 - DEBUG --> initializeReservationData 
2016-04-08 0:22:10 - DEBUG --> UserData: a:0:{} 
2016-04-08 0:22:10 - DEBUG --> Archivo \components\com_jhotelreservation\classes\services\UserDataService.php 
2016-04-08 0:22:10 - DEBUG --> updateUserData 
2016-04-08 0:22:10 - DEBUG --> Archivo \components\com_jhotelreservation\classes\services\UserDataService.php 
2016-04-08 0:22:10 - DEBUG --> getUserData 
2016-04-08 0:22:10 - DEBUG --> Archivo \components\com_jhotelreservation\classes\services\UserDataService.php 
2016-04-08 0:22:10 - DEBUG --> setCurrency 
2016-04-08 0:22:10 - DEBUG --> Archivo \components\com_jhotelreservation\classes\services\UserDataService.php 
2016-04-08 0:22:10 - DEBUG --> getUserData 
2016-04-08 0:22:10 - DEBUG --> Archivo \components\com_jhotelreservation\classes\services\UserDataService.php 
2016-04-08 0:22:10 - DEBUG --> getUserData 
2016-04-08 0:22:10 - DEBUG --> Archivo \components\com_jhotelreservation\classes\services\UserDataService.php 
2016-04-08 0:22:10 - DEBUG --> getUserData 
2016-04-08 0:22:10 - DEBUG --> Archivo \components\com_jhotelreservationiews\hotel	mpl\hoteloverview.php 
2016-04-08 0:22:10 - DEBUG --> Accedió 
2016-04-08 0:22:13 - DEBUG --> Archivo \components\com_jhotelreservation\classes\services\UserDataService.php 
2016-04-08 0:22:13 - DEBUG --> initializeUserData 
2016-04-08 0:22:13 - DEBUG --> UserData first: N; 
2016-04-08 0:22:13 - DEBUG --> Archivo \components\com_jhotelreservation\classes\services\UserDataService.php 
2016-04-08 0:22:13 - DEBUG --> createUserData 
2016-04-08 0:22:13 - DEBUG --> UserData end:  a:0:{} 
2016-04-08 0:22:13 - DEBUG --> Archivo \components\com_jhotelreservation\classes\services\UserDataService.php 
2016-04-08 0:22:13 - DEBUG --> initializeUserData 
2016-04-08 0:22:13 - DEBUG --> UserData first: a:0:{} 
2016-04-08 0:22:13 - DEBUG --> UserData end:  a:0:{} 
2016-04-08 0:22:13 - DEBUG --> Archivo \components\com_jhotelreservation\classes\services\UserDataService.php 
2016-04-08 0:22:13 - DEBUG --> initializeReservationData 
2016-04-08 0:22:13 - DEBUG --> UserData: a:0:{} 
2016-04-08 0:22:13 - DEBUG --> Archivo \components\com_jhotelreservation\classes\services\UserDataService.php 
2016-04-08 0:22:13 - DEBUG --> updateUserData 
2016-04-08 0:22:13 - DEBUG --> Archivo \components\com_jhotelreservation\classes\services\UserDataService.php 
2016-04-08 0:22:13 - DEBUG --> getUserData 
2016-04-08 0:22:13 - DEBUG --> Archivo \components\com_jhotelreservation\classes\services\UserDataService.php 
2016-04-08 0:22:13 - DEBUG --> setCurrency 
2016-04-08 0:22:13 - DEBUG --> Archivo \components\com_jhotelreservation\classes\services\UserDataService.php 
2016-04-08 0:22:13 - DEBUG --> getUserData 
2016-04-08 0:22:13 - DEBUG --> Archivo \components\com_jhotelreservation\classes\services\UserDataService.php 
2016-04-08 0:22:13 - DEBUG --> getUserData 
2016-04-08 0:22:13 - DEBUG --> Archivo \components\com_jhotelreservation\classes\services\UserDataService.php 
2016-04-08 0:22:13 - DEBUG --> getUserData 
2016-04-08 0:22:13 - DEBUG --> Archivo \components\com_jhotelreservationiews\hotel	mpl\hoteloverview.php 
2016-04-08 0:22:13 - DEBUG --> Accedió 
2016-04-08 0:22:15 - DEBUG --> Archivo \components\com_jhotelreservation\classes\services\UserDataService.php 
2016-04-08 0:22:15 - DEBUG --> initializeUserData 
2016-04-08 0:22:15 - DEBUG --> UserData first: N; 
2016-04-08 0:22:15 - DEBUG --> Archivo \components\com_jhotelreservation\classes\services\UserDataService.php 
2016-04-08 0:22:15 - DEBUG --> createUserData 
2016-04-08 0:22:15 - DEBUG --> UserData end:  a:0:{} 
2016-04-08 0:22:15 - DEBUG --> Archivo \components\com_jhotelreservation\classes\services\UserDataService.php 
2016-04-08 0:22:15 - DEBUG --> initializeUserData 
2016-04-08 0:22:15 - DEBUG --> UserData first: a:0:{} 
2016-04-08 0:22:15 - DEBUG --> UserData end:  a:0:{} 
2016-04-08 0:22:15 - DEBUG --> Archivo \components\com_jhotelreservation\classes\services\UserDataService.php 
2016-04-08 0:22:15 - DEBUG --> initializeReservationData 
2016-04-08 0:22:15 - DEBUG --> UserData: a:0:{} 
2016-04-08 0:22:15 - DEBUG --> Archivo \components\com_jhotelreservation\classes\services\UserDataService.php 
2016-04-08 0:22:15 - DEBUG --> updateUserData 
2016-04-08 0:22:15 - DEBUG --> Archivo \components\com_jhotelreservation\classes\services\UserDataService.php 
2016-04-08 0:22:15 - DEBUG --> getUserData 
2016-04-08 0:22:15 - DEBUG --> Archivo \components\com_jhotelreservation\classes\services\UserDataService.php 
2016-04-08 0:22:15 - DEBUG --> setCurrency 
2016-04-08 0:22:15 - DEBUG --> Archivo \components\com_jhotelreservation\classes\services\UserDataService.php 
2016-04-08 0:22:15 - DEBUG --> getUserData 
2016-04-08 0:22:15 - DEBUG --> Archivo \components\com_jhotelreservation\classes\services\UserDataService.php 
2016-04-08 0:22:15 - DEBUG --> getUserData 
2016-04-08 0:22:15 - DEBUG --> Archivo \components\com_jhotelreservation\classes\services\UserDataService.php 
2016-04-08 0:22:15 - DEBUG --> getUserData 
2016-04-08 0:22:15 - DEBUG --> Archivo \components\com_jhotelreservationiews\hotel	mpl\hoteloverview.php 
2016-04-08 0:22:15 - DEBUG --> Accedió 
2016-04-08 0:22:17 - DEBUG --> Archivo \components\com_jhotelreservation\classes\services\UserDataService.php 
2016-04-08 0:22:17 - DEBUG --> initializeUserData 
2016-04-08 0:22:17 - DEBUG --> UserData first: N; 
2016-04-08 0:22:17 - DEBUG --> Archivo \components\com_jhotelreservation\classes\services\UserDataService.php 
2016-04-08 0:22:17 - DEBUG --> createUserData 
2016-04-08 0:22:17 - DEBUG --> UserData end:  a:0:{} 
2016-04-08 0:22:17 - DEBUG --> Archivo \components\com_jhotelreservation\classes\services\UserDataService.php 
2016-04-08 0:22:17 - DEBUG --> initializeUserData 
2016-04-08 0:22:17 - DEBUG --> UserData first: a:0:{} 
2016-04-08 0:22:17 - DEBUG --> UserData end:  a:0:{} 
2016-04-08 0:22:17 - DEBUG --> Archivo \components\com_jhotelreservation\classes\services\UserDataService.php 
2016-04-08 0:22:17 - DEBUG --> initializeReservationData 
2016-04-08 0:22:17 - DEBUG --> UserData: a:0:{} 
2016-04-08 0:22:17 - DEBUG --> Archivo \components\com_jhotelreservation\classes\services\UserDataService.php 
2016-04-08 0:22:17 - DEBUG --> updateUserData 
2016-04-08 0:22:17 - DEBUG --> Archivo \components\com_jhotelreservation\classes\services\UserDataService.php 
2016-04-08 0:22:17 - DEBUG --> getUserData 
2016-04-08 0:22:17 - DEBUG --> Archivo \components\com_jhotelreservation\classes\services\UserDataService.php 
2016-04-08 0:22:17 - DEBUG --> setCurrency 
2016-04-08 0:22:17 - DEBUG --> Archivo \components\com_jhotelreservation\classes\services\UserDataService.php 
2016-04-08 0:22:17 - DEBUG --> getUserData 
2016-04-08 0:22:17 - DEBUG --> Archivo \components\com_jhotelreservation\classes\services\UserDataService.php 
2016-04-08 0:22:17 - DEBUG --> getUserData 
2016-04-08 0:22:17 - DEBUG --> Archivo \components\com_jhotelreservation\classes\services\UserDataService.php 
2016-04-08 0:22:17 - DEBUG --> getUserData 
2016-04-08 0:22:17 - DEBUG --> Archivo \components\com_jhotelreservationiews\hotel	mpl\hoteloverview.php 
2016-04-08 0:22:17 - DEBUG --> Accedió 
2016-04-08 0:22:19 - DEBUG --> Archivo \components\com_jhotelreservation\classes\services\UserDataService.php 
2016-04-08 0:22:19 - DEBUG --> initializeUserData 
2016-04-08 0:22:19 - DEBUG --> UserData first: N; 
2016-04-08 0:22:19 - DEBUG --> Archivo \components\com_jhotelreservation\classes\services\UserDataService.php 
2016-04-08 0:22:19 - DEBUG --> createUserData 
2016-04-08 0:22:19 - DEBUG --> UserData end:  a:0:{} 
2016-04-08 0:22:19 - DEBUG --> Archivo \components\com_jhotelreservation\classes\services\UserDataService.php 
2016-04-08 0:22:19 - DEBUG --> initializeUserData 
2016-04-08 0:22:19 - DEBUG --> UserData first: a:0:{} 
2016-04-08 0:22:19 - DEBUG --> UserData end:  a:0:{} 
2016-04-08 0:22:19 - DEBUG --> Archivo \components\com_jhotelreservation\classes\services\UserDataService.php 
2016-04-08 0:22:19 - DEBUG --> initializeReservationData 
2016-04-08 0:22:19 - DEBUG --> UserData: a:0:{} 
2016-04-08 0:22:19 - DEBUG --> Archivo \components\com_jhotelreservation\classes\services\UserDataService.php 
2016-04-08 0:22:19 - DEBUG --> updateUserData 
2016-04-08 0:22:19 - DEBUG --> Archivo \components\com_jhotelreservation\classes\services\UserDataService.php 
2016-04-08 0:22:19 - DEBUG --> getUserData 
2016-04-08 0:22:19 - DEBUG --> Archivo \components\com_jhotelreservation\classes\services\UserDataService.php 
2016-04-08 0:22:19 - DEBUG --> setCurrency 
2016-04-08 0:22:19 - DEBUG --> Archivo \components\com_jhotelreservation\classes\services\UserDataService.php 
2016-04-08 0:22:19 - DEBUG --> getUserData 
2016-04-08 0:22:19 - DEBUG --> Archivo \components\com_jhotelreservation\classes\services\UserDataService.php 
2016-04-08 0:22:19 - DEBUG --> getUserData 
2016-04-08 0:22:19 - DEBUG --> Archivo \components\com_jhotelreservation\classes\services\UserDataService.php 
2016-04-08 0:22:19 - DEBUG --> getUserData 
2016-04-08 0:22:19 - DEBUG --> Archivo \components\com_jhotelreservationiews\hotel	mpl\hoteloverview.php 
2016-04-08 0:22:19 - DEBUG --> Accedió 
2016-04-08 0:22:22 - DEBUG --> Archivo \components\com_jhotelreservation\classes\services\UserDataService.php 
2016-04-08 0:22:22 - DEBUG --> initializeUserData 
2016-04-08 0:22:22 - DEBUG --> UserData first: N; 
2016-04-08 0:22:22 - DEBUG --> Archivo \components\com_jhotelreservation\classes\services\UserDataService.php 
2016-04-08 0:22:22 - DEBUG --> createUserData 
2016-04-08 0:22:22 - DEBUG --> UserData end:  a:0:{} 
2016-04-08 0:22:22 - DEBUG --> Archivo \components\com_jhotelreservation\classes\services\UserDataService.php 
2016-04-08 0:22:22 - DEBUG --> initializeUserData 
2016-04-08 0:22:22 - DEBUG --> UserData first: a:0:{} 
2016-04-08 0:22:22 - DEBUG --> UserData end:  a:0:{} 
2016-04-08 0:22:22 - DEBUG --> Archivo \components\com_jhotelreservation\classes\services\UserDataService.php 
2016-04-08 0:22:22 - DEBUG --> initializeReservationData 
2016-04-08 0:22:22 - DEBUG --> UserData: a:0:{} 
2016-04-08 0:22:22 - DEBUG --> Archivo \components\com_jhotelreservation\classes\services\UserDataService.php 
2016-04-08 0:22:22 - DEBUG --> updateUserData 
2016-04-08 0:22:22 - DEBUG --> Archivo \components\com_jhotelreservation\classes\services\UserDataService.php 
2016-04-08 0:22:22 - DEBUG --> getUserData 
2016-04-08 0:22:22 - DEBUG --> Archivo \components\com_jhotelreservation\classes\services\UserDataService.php 
2016-04-08 0:22:22 - DEBUG --> setCurrency 
2016-04-08 0:22:22 - DEBUG --> Archivo \components\com_jhotelreservation\classes\services\UserDataService.php 
2016-04-08 0:22:22 - DEBUG --> getUserData 
2016-04-08 0:22:22 - DEBUG --> Archivo \components\com_jhotelreservation\classes\services\UserDataService.php 
2016-04-08 0:22:22 - DEBUG --> getUserData 
2016-04-08 0:22:22 - DEBUG --> Archivo \components\com_jhotelreservation\classes\services\UserDataService.php 
2016-04-08 0:22:22 - DEBUG --> getUserData 
2016-04-08 0:22:22 - DEBUG --> Archivo \components\com_jhotelreservationiews\hotel	mpl\hoteloverview.php 
2016-04-08 0:22:22 - DEBUG --> Accedió 
2016-04-08 0:22:24 - DEBUG --> Archivo \components\com_jhotelreservation\classes\services\UserDataService.php 
2016-04-08 0:22:24 - DEBUG --> initializeUserData 
2016-04-08 0:22:24 - DEBUG --> UserData first: N; 
2016-04-08 0:22:24 - DEBUG --> Archivo \components\com_jhotelreservation\classes\services\UserDataService.php 
2016-04-08 0:22:24 - DEBUG --> createUserData 
2016-04-08 0:22:24 - DEBUG --> UserData end:  a:0:{} 
2016-04-08 0:22:24 - DEBUG --> Archivo \components\com_jhotelreservation\classes\services\UserDataService.php 
2016-04-08 0:22:24 - DEBUG --> initializeUserData 
2016-04-08 0:22:24 - DEBUG --> UserData first: a:0:{} 
2016-04-08 0:22:24 - DEBUG --> UserData end:  a:0:{} 
2016-04-08 0:22:24 - DEBUG --> Archivo \components\com_jhotelreservation\classes\services\UserDataService.php 
2016-04-08 0:22:24 - DEBUG --> initializeReservationData 
2016-04-08 0:22:24 - DEBUG --> UserData: a:0:{} 
2016-04-08 0:22:24 - DEBUG --> Archivo \components\com_jhotelreservation\classes\services\UserDataService.php 
2016-04-08 0:22:24 - DEBUG --> updateUserData 
2016-04-08 0:22:24 - DEBUG --> Archivo \components\com_jhotelreservation\classes\services\UserDataService.php 
2016-04-08 0:22:24 - DEBUG --> getUserData 
2016-04-08 0:22:24 - DEBUG --> Archivo \components\com_jhotelreservation\classes\services\UserDataService.php 
2016-04-08 0:22:24 - DEBUG --> setCurrency 
2016-04-08 0:22:24 - DEBUG --> Archivo \components\com_jhotelreservation\classes\services\UserDataService.php 
2016-04-08 0:22:24 - DEBUG --> getUserData 
2016-04-08 0:22:24 - DEBUG --> Archivo \components\com_jhotelreservation\classes\services\UserDataService.php 
2016-04-08 0:22:24 - DEBUG --> getUserData 
2016-04-08 0:22:24 - DEBUG --> Archivo \components\com_jhotelreservation\classes\services\UserDataService.php 
2016-04-08 0:22:24 - DEBUG --> getUserData 
2016-04-08 0:22:24 - DEBUG --> Archivo \components\com_jhotelreservationiews\hotel	mpl\hoteloverview.php 
2016-04-08 0:22:24 - DEBUG --> Accedió 
2016-04-08 0:22:26 - DEBUG --> Archivo \components\com_jhotelreservation\classes\services\UserDataService.php 
2016-04-08 0:22:26 - DEBUG --> initializeUserData 
2016-04-08 0:22:26 - DEBUG --> UserData first: N; 
2016-04-08 0:22:26 - DEBUG --> Archivo \components\com_jhotelreservation\classes\services\UserDataService.php 
2016-04-08 0:22:26 - DEBUG --> createUserData 
2016-04-08 0:22:26 - DEBUG --> UserData end:  a:0:{} 
2016-04-08 0:22:26 - DEBUG --> Archivo \components\com_jhotelreservation\classes\services\UserDataService.php 
2016-04-08 0:22:26 - DEBUG --> initializeUserData 
2016-04-08 0:22:26 - DEBUG --> UserData first: a:0:{} 
2016-04-08 0:22:26 - DEBUG --> UserData end:  a:0:{} 
2016-04-08 0:22:26 - DEBUG --> Archivo \components\com_jhotelreservation\classes\services\UserDataService.php 
2016-04-08 0:22:26 - DEBUG --> initializeReservationData 
2016-04-08 0:22:26 - DEBUG --> UserData: a:0:{} 
2016-04-08 0:22:26 - DEBUG --> Archivo \components\com_jhotelreservation\classes\services\UserDataService.php 
2016-04-08 0:22:26 - DEBUG --> updateUserData 
2016-04-08 0:22:26 - DEBUG --> Archivo \components\com_jhotelreservation\classes\services\UserDataService.php 
2016-04-08 0:22:26 - DEBUG --> getUserData 
2016-04-08 0:22:26 - DEBUG --> Archivo \components\com_jhotelreservation\classes\services\UserDataService.php 
2016-04-08 0:22:26 - DEBUG --> setCurrency 
2016-04-08 0:22:26 - DEBUG --> Archivo \components\com_jhotelreservation\classes\services\UserDataService.php 
2016-04-08 0:22:26 - DEBUG --> getUserData 
2016-04-08 0:22:26 - DEBUG --> Archivo \components\com_jhotelreservation\classes\services\UserDataService.php 
2016-04-08 0:22:26 - DEBUG --> getUserData 
2016-04-08 0:22:26 - DEBUG --> Archivo \components\com_jhotelreservation\classes\services\UserDataService.php 
2016-04-08 0:22:26 - DEBUG --> getUserData 
2016-04-08 0:22:26 - DEBUG --> Archivo \components\com_jhotelreservationiews\hotel	mpl\hoteloverview.php 
2016-04-08 0:22:26 - DEBUG --> Accedió 
2016-04-08 0:22:28 - DEBUG --> Archivo \components\com_jhotelreservation\classes\services\UserDataService.php 
2016-04-08 0:22:28 - DEBUG --> initializeUserData 
2016-04-08 0:22:28 - DEBUG --> UserData first: N; 
2016-04-08 0:22:28 - DEBUG --> Archivo \components\com_jhotelreservation\classes\services\UserDataService.php 
2016-04-08 0:22:28 - DEBUG --> createUserData 
2016-04-08 0:22:28 - DEBUG --> UserData end:  a:0:{} 
2016-04-08 0:22:28 - DEBUG --> Archivo \components\com_jhotelreservation\classes\services\UserDataService.php 
2016-04-08 0:22:28 - DEBUG --> initializeUserData 
2016-04-08 0:22:28 - DEBUG --> UserData first: a:0:{} 
2016-04-08 0:22:28 - DEBUG --> UserData end:  a:0:{} 
2016-04-08 0:22:28 - DEBUG --> Archivo \components\com_jhotelreservation\classes\services\UserDataService.php 
2016-04-08 0:22:28 - DEBUG --> initializeReservationData 
2016-04-08 0:22:28 - DEBUG --> UserData: a:0:{} 
2016-04-08 0:22:28 - DEBUG --> Archivo \components\com_jhotelreservation\classes\services\UserDataService.php 
2016-04-08 0:22:28 - DEBUG --> updateUserData 
2016-04-08 0:22:28 - DEBUG --> Archivo \components\com_jhotelreservation\classes\services\UserDataService.php 
2016-04-08 0:22:28 - DEBUG --> getUserData 
2016-04-08 0:22:28 - DEBUG --> Archivo \components\com_jhotelreservation\classes\services\UserDataService.php 
2016-04-08 0:22:28 - DEBUG --> setCurrency 
2016-04-08 0:22:28 - DEBUG --> Archivo \components\com_jhotelreservation\classes\services\UserDataService.php 
2016-04-08 0:22:28 - DEBUG --> getUserData 
2016-04-08 0:22:28 - DEBUG --> Archivo \components\com_jhotelreservation\classes\services\UserDataService.php 
2016-04-08 0:22:28 - DEBUG --> getUserData 
2016-04-08 0:22:28 - DEBUG --> Archivo \components\com_jhotelreservation\classes\services\UserDataService.php 
2016-04-08 0:22:28 - DEBUG --> getUserData 
2016-04-08 0:22:28 - DEBUG --> Archivo \components\com_jhotelreservationiews\hotel	mpl\hoteloverview.php 
2016-04-08 0:22:28 - DEBUG --> Accedió 
2016-04-08 3:04:40 - DEBUG --> Archivo \components\com_jhotelreservation\classes\services\UserDataService.php 
2016-04-08 3:04:40 - DEBUG --> initializeUserData 
2016-04-08 3:04:40 - DEBUG --> UserData first: N; 
2016-04-08 3:04:40 - DEBUG --> Archivo \components\com_jhotelreservation\classes\services\UserDataService.php 
2016-04-08 3:04:40 - DEBUG --> createUserData 
2016-04-08 3:04:40 - DEBUG --> UserData end:  a:0:{} 
2016-04-08 3:04:40 - DEBUG --> Archivo \components\com_jhotelreservation\classes\services\UserDataService.php 
2016-04-08 3:04:40 - DEBUG --> initializeUserData 
2016-04-08 3:04:40 - DEBUG --> UserData first: a:0:{} 
2016-04-08 3:04:40 - DEBUG --> UserData end:  a:0:{} 
2016-04-08 3:04:40 - DEBUG --> Archivo \components\com_jhotelreservation\classes\services\UserDataService.php 
2016-04-08 3:04:40 - DEBUG --> initializeReservationData 
2016-04-08 3:04:40 - DEBUG --> UserData: a:0:{} 
2016-04-08 3:04:40 - DEBUG --> Archivo \components\com_jhotelreservation\classes\services\UserDataService.php 
2016-04-08 3:04:40 - DEBUG --> updateUserData 
2016-04-08 3:04:40 - DEBUG --> Archivo \components\com_jhotelreservation\classes\services\UserDataService.php 
2016-04-08 3:04:40 - DEBUG --> getUserData 
2016-04-08 3:04:40 - DEBUG --> Archivo \components\com_jhotelreservation\classes\services\UserDataService.php 
2016-04-08 3:04:40 - DEBUG --> setCurrency 
2016-04-08 3:04:40 - DEBUG --> Archivo \components\com_jhotelreservation\classes\services\UserDataService.php 
2016-04-08 3:04:40 - DEBUG --> getUserData 
2016-04-08 3:04:40 - DEBUG --> Archivo \components\com_jhotelreservation\classes\services\UserDataService.php 
2016-04-08 3:04:40 - DEBUG --> getUserData 
2016-04-08 3:04:40 - DEBUG --> Archivo \components\com_jhotelreservation\classes\services\UserDataService.php 
2016-04-08 3:04:40 - DEBUG --> getUserData 
2016-04-08 3:59:50 - DEBUG --> Archivo \components\com_jhotelreservation\classes\services\UserDataService.php 
2016-04-08 3:59:50 - DEBUG --> initializeUserData 
2016-04-08 3:59:50 - DEBUG --> UserData first: N; 
2016-04-08 3:59:50 - DEBUG --> Archivo \components\com_jhotelreservation\classes\services\UserDataService.php 
2016-04-08 3:59:50 - DEBUG --> createUserData 
2016-04-08 3:59:50 - DEBUG --> UserData end:  a:0:{} 
2016-04-08 3:59:50 - DEBUG --> Archivo \components\com_jhotelreservation\classes\services\UserDataService.php 
2016-04-08 3:59:50 - DEBUG --> initializeUserData 
2016-04-08 3:59:50 - DEBUG --> UserData first: a:0:{} 
2016-04-08 3:59:50 - DEBUG --> UserData end:  a:0:{} 
2016-04-08 3:59:50 - DEBUG --> Archivo \components\com_jhotelreservation\classes\services\UserDataService.php 
2016-04-08 3:59:50 - DEBUG --> initializeReservationData 
2016-04-08 3:59:50 - DEBUG --> UserData: a:0:{} 
2016-04-08 3:59:50 - DEBUG --> Archivo \components\com_jhotelreservation\classes\services\UserDataService.php 
2016-04-08 3:59:50 - DEBUG --> updateUserData 
2016-04-08 3:59:50 - DEBUG --> Archivo \components\com_jhotelreservation\classes\services\UserDataService.php 
2016-04-08 3:59:50 - DEBUG --> getUserData 
2016-04-08 3:59:50 - DEBUG --> Archivo \components\com_jhotelreservation\classes\services\UserDataService.php 
2016-04-08 3:59:50 - DEBUG --> setCurrency 
2016-04-08 3:59:50 - DEBUG --> Archivo \components\com_jhotelreservation\classes\services\UserDataService.php 
2016-04-08 3:59:50 - DEBUG --> getUserData 
2016-04-08 3:59:50 - DEBUG --> Archivo \components\com_jhotelreservation\classes\services\UserDataService.php 
2016-04-08 3:59:50 - DEBUG --> getUserData 
2016-04-08 3:59:50 - DEBUG --> Archivo \components\com_jhotelreservation\classes\services\UserDataService.php 
2016-04-08 3:59:50 - DEBUG --> getUserData 
2016-04-08 4:20:00 - DEBUG --> Archivo \components\com_jhotelreservation\classes\services\UserDataService.php 
2016-04-08 4:20:00 - DEBUG --> initializeUserData 
2016-04-08 4:20:00 - DEBUG --> UserData first: N; 
2016-04-08 4:20:00 - DEBUG --> Archivo \components\com_jhotelreservation\classes\services\UserDataService.php 
2016-04-08 4:20:00 - DEBUG --> createUserData 
2016-04-08 4:20:00 - DEBUG --> UserData end:  a:0:{} 
2016-04-08 4:20:00 - DEBUG --> Archivo \components\com_jhotelreservation\classes\services\UserDataService.php 
2016-04-08 4:20:00 - DEBUG --> initializeUserData 
2016-04-08 4:20:00 - DEBUG --> UserData first: a:0:{} 
2016-04-08 4:20:00 - DEBUG --> UserData end:  a:0:{} 
2016-04-08 4:20:00 - DEBUG --> Archivo \components\com_jhotelreservation\classes\services\UserDataService.php 
2016-04-08 4:20:00 - DEBUG --> initializeReservationData 
2016-04-08 4:20:00 - DEBUG --> UserData: a:0:{} 
2016-04-08 4:20:00 - DEBUG --> Archivo \components\com_jhotelreservation\classes\services\UserDataService.php 
2016-04-08 4:20:00 - DEBUG --> updateUserData 
2016-04-08 4:20:00 - DEBUG --> Archivo \components\com_jhotelreservation\classes\services\UserDataService.php 
2016-04-08 4:20:00 - DEBUG --> getUserData 
2016-04-08 4:20:00 - DEBUG --> Archivo \components\com_jhotelreservation\classes\services\UserDataService.php 
2016-04-08 4:20:00 - DEBUG --> setCurrency 
2016-04-08 4:20:00 - DEBUG --> Archivo \components\com_jhotelreservation\classes\services\UserDataService.php 
2016-04-08 4:20:00 - DEBUG --> getUserData 
2016-04-08 4:20:00 - DEBUG --> Archivo \components\com_jhotelreservation\classes\services\UserDataService.php 
2016-04-08 4:20:00 - DEBUG --> getUserData 
2016-04-08 4:20:00 - DEBUG --> Archivo \components\com_jhotelreservation\classes\services\UserDataService.php 
2016-04-08 4:20:00 - DEBUG --> getUserData 
2016-04-08 4:20:00 - DEBUG --> Archivo \components\com_jhotelreservationiews\hotel	mpl\hoteloverview.php 
2016-04-08 4:20:00 - DEBUG --> Accedió 
2016-04-08 4:20:01 - DEBUG --> Archivo \components\com_jhotelreservation\classes\services\UserDataService.php 
2016-04-08 4:20:01 - DEBUG --> initializeUserData 
2016-04-08 4:20:01 - DEBUG --> UserData first: N; 
2016-04-08 4:20:01 - DEBUG --> Archivo \components\com_jhotelreservation\classes\services\UserDataService.php 
2016-04-08 4:20:01 - DEBUG --> createUserData 
2016-04-08 4:20:01 - DEBUG --> UserData end:  a:0:{} 
2016-04-08 4:20:01 - DEBUG --> Archivo \components\com_jhotelreservation\classes\services\UserDataService.php 
2016-04-08 4:20:01 - DEBUG --> initializeUserData 
2016-04-08 4:20:01 - DEBUG --> UserData first: a:0:{} 
2016-04-08 4:20:01 - DEBUG --> UserData end:  a:0:{} 
2016-04-08 4:20:01 - DEBUG --> Archivo \components\com_jhotelreservation\classes\services\UserDataService.php 
2016-04-08 4:20:01 - DEBUG --> initializeReservationData 
2016-04-08 4:20:01 - DEBUG --> UserData: a:0:{} 
2016-04-08 4:20:01 - DEBUG --> Archivo \components\com_jhotelreservation\classes\services\UserDataService.php 
2016-04-08 4:20:01 - DEBUG --> updateUserData 
2016-04-08 4:20:01 - DEBUG --> Archivo \components\com_jhotelreservation\classes\services\UserDataService.php 
2016-04-08 4:20:01 - DEBUG --> getUserData 
2016-04-08 4:20:01 - DEBUG --> Archivo \components\com_jhotelreservation\classes\services\UserDataService.php 
2016-04-08 4:20:01 - DEBUG --> setCurrency 
2016-04-08 4:20:01 - DEBUG --> Archivo \components\com_jhotelreservation\classes\services\UserDataService.php 
2016-04-08 4:20:01 - DEBUG --> getUserData 
2016-04-08 4:20:01 - DEBUG --> Archivo \components\com_jhotelreservation\classes\services\UserDataService.php 
2016-04-08 4:20:01 - DEBUG --> getUserData 
2016-04-08 4:20:01 - DEBUG --> Archivo \components\com_jhotelreservation\classes\services\UserDataService.php 
2016-04-08 4:20:01 - DEBUG --> getUserData 
2016-04-08 4:20:01 - DEBUG --> Archivo \components\com_jhotelreservationiews\hotel	mpl\hoteloverview.php 
2016-04-08 4:20:01 - DEBUG --> Accedió 
2016-04-08 4:20:03 - DEBUG --> Archivo \components\com_jhotelreservation\classes\services\UserDataService.php 
2016-04-08 4:20:03 - DEBUG --> initializeUserData 
2016-04-08 4:20:03 - DEBUG --> UserData first: N; 
2016-04-08 4:20:03 - DEBUG --> Archivo \components\com_jhotelreservation\classes\services\UserDataService.php 
2016-04-08 4:20:03 - DEBUG --> createUserData 
2016-04-08 4:20:03 - DEBUG --> UserData end:  a:0:{} 
2016-04-08 4:20:03 - DEBUG --> Archivo \components\com_jhotelreservation\classes\services\UserDataService.php 
2016-04-08 4:20:03 - DEBUG --> initializeUserData 
2016-04-08 4:20:03 - DEBUG --> UserData first: a:0:{} 
2016-04-08 4:20:03 - DEBUG --> UserData end:  a:0:{} 
2016-04-08 4:20:03 - DEBUG --> Archivo \components\com_jhotelreservation\classes\services\UserDataService.php 
2016-04-08 4:20:03 - DEBUG --> initializeReservationData 
2016-04-08 4:20:03 - DEBUG --> UserData: a:0:{} 
2016-04-08 4:20:03 - DEBUG --> Archivo \components\com_jhotelreservation\classes\services\UserDataService.php 
2016-04-08 4:20:03 - DEBUG --> updateUserData 
2016-04-08 4:20:03 - DEBUG --> Archivo \components\com_jhotelreservation\classes\services\UserDataService.php 
2016-04-08 4:20:03 - DEBUG --> getUserData 
2016-04-08 4:20:03 - DEBUG --> Archivo \components\com_jhotelreservation\classes\services\UserDataService.php 
2016-04-08 4:20:03 - DEBUG --> setCurrency 
2016-04-08 4:20:03 - DEBUG --> Archivo \components\com_jhotelreservation\classes\services\UserDataService.php 
2016-04-08 4:20:03 - DEBUG --> getUserData 
2016-04-08 4:20:03 - DEBUG --> Archivo \components\com_jhotelreservation\classes\services\UserDataService.php 
2016-04-08 4:20:03 - DEBUG --> getUserData 
2016-04-08 4:20:03 - DEBUG --> Archivo \components\com_jhotelreservation\classes\services\UserDataService.php 
2016-04-08 4:20:03 - DEBUG --> getUserData 
2016-04-08 4:20:15 - DEBUG --> Archivo \components\com_jhotelreservation\classes\services\UserDataService.php 
2016-04-08 4:20:15 - DEBUG --> initializeUserData 
2016-04-08 4:20:15 - DEBUG --> UserData first: N; 
2016-04-08 4:20:15 - DEBUG --> Archivo \components\com_jhotelreservation\classes\services\UserDataService.php 
2016-04-08 4:20:15 - DEBUG --> createUserData 
2016-04-08 4:20:15 - DEBUG --> UserData end:  a:0:{} 
2016-04-08 4:20:15 - DEBUG --> Archivo \components\com_jhotelreservation\classes\services\UserDataService.php 
2016-04-08 4:20:15 - DEBUG --> initializeUserData 
2016-04-08 4:20:15 - DEBUG --> UserData first: a:0:{} 
2016-04-08 4:20:15 - DEBUG --> UserData end:  a:0:{} 
2016-04-08 4:20:15 - DEBUG --> Archivo \components\com_jhotelreservation\classes\services\UserDataService.php 
2016-04-08 4:20:15 - DEBUG --> initializeReservationData 
2016-04-08 4:20:15 - DEBUG --> UserData: a:0:{} 
2016-04-08 4:20:15 - DEBUG --> Archivo \components\com_jhotelreservation\classes\services\UserDataService.php 
2016-04-08 4:20:15 - DEBUG --> updateUserData 
2016-04-08 4:20:15 - DEBUG --> Archivo \components\com_jhotelreservation\classes\services\UserDataService.php 
2016-04-08 4:20:15 - DEBUG --> getUserData 
2016-04-08 4:20:15 - DEBUG --> Archivo \components\com_jhotelreservation\classes\services\UserDataService.php 
2016-04-08 4:20:15 - DEBUG --> setCurrency 
2016-04-08 4:20:15 - DEBUG --> Archivo \components\com_jhotelreservation\classes\services\UserDataService.php 
2016-04-08 4:20:15 - DEBUG --> getUserData 
2016-04-08 4:20:15 - DEBUG --> Archivo \components\com_jhotelreservation\classes\services\UserDataService.php 
2016-04-08 4:20:15 - DEBUG --> getUserData 
2016-04-08 4:20:15 - DEBUG --> Archivo \components\com_jhotelreservation\classes\services\UserDataService.php 
2016-04-08 4:20:15 - DEBUG --> getUserData 
2016-04-08 4:20:15 - DEBUG --> Archivo \components\com_jhotelreservationiews\hotel	mpl\hoteloverview.php 
2016-04-08 4:20:15 - DEBUG --> Accedió 
2016-04-08 4:20:17 - DEBUG --> Archivo \components\com_jhotelreservation\classes\services\UserDataService.php 
2016-04-08 4:20:17 - DEBUG --> initializeUserData 
2016-04-08 4:20:17 - DEBUG --> UserData first: N; 
2016-04-08 4:20:17 - DEBUG --> Archivo \components\com_jhotelreservation\classes\services\UserDataService.php 
2016-04-08 4:20:17 - DEBUG --> createUserData 
2016-04-08 4:20:17 - DEBUG --> UserData end:  a:0:{} 
2016-04-08 4:20:17 - DEBUG --> Archivo \components\com_jhotelreservation\classes\services\UserDataService.php 
2016-04-08 4:20:17 - DEBUG --> initializeUserData 
2016-04-08 4:20:17 - DEBUG --> UserData first: a:0:{} 
2016-04-08 4:20:17 - DEBUG --> UserData end:  a:0:{} 
2016-04-08 4:20:17 - DEBUG --> Archivo \components\com_jhotelreservation\classes\services\UserDataService.php 
2016-04-08 4:20:17 - DEBUG --> initializeReservationData 
2016-04-08 4:20:17 - DEBUG --> UserData: a:0:{} 
2016-04-08 4:20:17 - DEBUG --> Archivo \components\com_jhotelreservation\classes\services\UserDataService.php 
2016-04-08 4:20:17 - DEBUG --> updateUserData 
2016-04-08 4:20:17 - DEBUG --> Archivo \components\com_jhotelreservation\classes\services\UserDataService.php 
2016-04-08 4:20:17 - DEBUG --> getUserData 
2016-04-08 4:20:17 - DEBUG --> Archivo \components\com_jhotelreservation\classes\services\UserDataService.php 
2016-04-08 4:20:17 - DEBUG --> setCurrency 
2016-04-08 4:20:17 - DEBUG --> Archivo \components\com_jhotelreservation\classes\services\UserDataService.php 
2016-04-08 4:20:17 - DEBUG --> getUserData 
2016-04-08 4:20:17 - DEBUG --> Archivo \components\com_jhotelreservation\classes\services\UserDataService.php 
2016-04-08 4:20:17 - DEBUG --> getUserData 
2016-04-08 4:20:17 - DEBUG --> Archivo \components\com_jhotelreservation\classes\services\UserDataService.php 
2016-04-08 4:20:17 - DEBUG --> getUserData 
2016-04-08 4:20:17 - DEBUG --> Archivo \components\com_jhotelreservation\classes\services\UserDataService.php 
2016-04-08 4:20:17 - DEBUG --> initializeUserData 
2016-04-08 4:20:17 - DEBUG --> UserData first: N; 
2016-04-08 4:20:17 - DEBUG --> Archivo \components\com_jhotelreservation\classes\services\UserDataService.php 
2016-04-08 4:20:17 - DEBUG --> createUserData 
2016-04-08 4:20:17 - DEBUG --> UserData end:  a:0:{} 
2016-04-08 4:20:17 - DEBUG --> Archivo \components\com_jhotelreservation\classes\services\UserDataService.php 
2016-04-08 4:20:17 - DEBUG --> initializeUserData 
2016-04-08 4:20:17 - DEBUG --> UserData first: a:0:{} 
2016-04-08 4:20:17 - DEBUG --> UserData end:  a:0:{} 
2016-04-08 4:20:17 - DEBUG --> Archivo \components\com_jhotelreservation\classes\services\UserDataService.php 
2016-04-08 4:20:17 - DEBUG --> initializeReservationData 
2016-04-08 4:20:17 - DEBUG --> UserData: a:0:{} 
2016-04-08 4:20:17 - DEBUG --> Archivo \components\com_jhotelreservation\classes\services\UserDataService.php 
2016-04-08 4:20:17 - DEBUG --> updateUserData 
2016-04-08 4:20:17 - DEBUG --> Archivo \components\com_jhotelreservation\classes\services\UserDataService.php 
2016-04-08 4:20:17 - DEBUG --> getUserData 
2016-04-08 4:20:17 - DEBUG --> Archivo \components\com_jhotelreservation\classes\services\UserDataService.php 
2016-04-08 4:20:17 - DEBUG --> setCurrency 
2016-04-08 4:20:17 - DEBUG --> Archivo \components\com_jhotelreservation\classes\services\UserDataService.php 
2016-04-08 4:20:17 - DEBUG --> getUserData 
2016-04-08 4:20:17 - DEBUG --> Archivo \components\com_jhotelreservation\classes\services\UserDataService.php 
2016-04-08 4:20:17 - DEBUG --> getUserData 
2016-04-08 4:20:17 - DEBUG --> Archivo \components\com_jhotelreservation\classes\services\UserDataService.php 
2016-04-08 4:20:17 - DEBUG --> getUserData 
2016-04-08 4:20:29 - DEBUG --> Archivo \components\com_jhotelreservation\classes\services\UserDataService.php 
2016-04-08 4:20:29 - DEBUG --> initializeUserData 
2016-04-08 4:20:29 - DEBUG --> UserData first: N; 
2016-04-08 4:20:29 - DEBUG --> Archivo \components\com_jhotelreservation\classes\services\UserDataService.php 
2016-04-08 4:20:29 - DEBUG --> createUserData 
2016-04-08 4:20:29 - DEBUG --> UserData end:  a:0:{} 
2016-04-08 4:20:29 - DEBUG --> Archivo \components\com_jhotelreservation\classes\services\UserDataService.php 
2016-04-08 4:20:29 - DEBUG --> initializeUserData 
2016-04-08 4:20:29 - DEBUG --> UserData first: a:0:{} 
2016-04-08 4:20:29 - DEBUG --> UserData end:  a:0:{} 
2016-04-08 4:20:29 - DEBUG --> Archivo \components\com_jhotelreservation\classes\services\UserDataService.php 
2016-04-08 4:20:29 - DEBUG --> initializeReservationData 
2016-04-08 4:20:29 - DEBUG --> UserData: a:0:{} 
2016-04-08 4:20:29 - DEBUG --> Archivo \components\com_jhotelreservation\classes\services\UserDataService.php 
2016-04-08 4:20:29 - DEBUG --> updateUserData 
2016-04-08 4:20:29 - DEBUG --> Archivo \components\com_jhotelreservation\classes\services\UserDataService.php 
2016-04-08 4:20:29 - DEBUG --> getUserData 
2016-04-08 4:20:29 - DEBUG --> Archivo \components\com_jhotelreservation\classes\services\UserDataService.php 
2016-04-08 4:20:29 - DEBUG --> setCurrency 
2016-04-08 4:20:29 - DEBUG --> Archivo \components\com_jhotelreservation\classes\services\UserDataService.php 
2016-04-08 4:20:29 - DEBUG --> getUserData 
2016-04-08 4:20:29 - DEBUG --> Archivo \components\com_jhotelreservation\classes\services\UserDataService.php 
2016-04-08 4:20:29 - DEBUG --> getUserData 
2016-04-08 4:20:29 - DEBUG --> Archivo \components\com_jhotelreservation\classes\services\UserDataService.php 
2016-04-08 4:20:29 - DEBUG --> getUserData 
2016-04-08 4:20:29 - DEBUG --> Archivo \components\com_jhotelreservationiews\hotel	mpl\hoteloverview.php 
2016-04-08 4:20:29 - DEBUG --> Accedió 
2016-04-08 4:20:29 - DEBUG --> Archivo \components\com_jhotelreservation\classes\services\UserDataService.php 
2016-04-08 4:20:29 - DEBUG --> initializeUserData 
2016-04-08 4:20:29 - DEBUG --> UserData first: N; 
2016-04-08 4:20:29 - DEBUG --> Archivo \components\com_jhotelreservation\classes\services\UserDataService.php 
2016-04-08 4:20:29 - DEBUG --> createUserData 
2016-04-08 4:20:29 - DEBUG --> UserData end:  a:0:{} 
2016-04-08 4:20:29 - DEBUG --> Archivo \components\com_jhotelreservation\classes\services\UserDataService.php 
2016-04-08 4:20:29 - DEBUG --> initializeUserData 
2016-04-08 4:20:29 - DEBUG --> UserData first: a:0:{} 
2016-04-08 4:20:29 - DEBUG --> UserData end:  a:0:{} 
2016-04-08 4:20:29 - DEBUG --> Archivo \components\com_jhotelreservation\classes\services\UserDataService.php 
2016-04-08 4:20:29 - DEBUG --> initializeReservationData 
2016-04-08 4:20:29 - DEBUG --> UserData: a:0:{} 
2016-04-08 4:20:29 - DEBUG --> Archivo \components\com_jhotelreservation\classes\services\UserDataService.php 
2016-04-08 4:20:29 - DEBUG --> updateUserData 
2016-04-08 4:20:29 - DEBUG --> Archivo \components\com_jhotelreservation\classes\services\UserDataService.php 
2016-04-08 4:20:29 - DEBUG --> getUserData 
2016-04-08 4:20:29 - DEBUG --> Archivo \components\com_jhotelreservation\classes\services\UserDataService.php 
2016-04-08 4:20:29 - DEBUG --> setCurrency 
2016-04-08 4:20:29 - DEBUG --> Archivo \components\com_jhotelreservation\classes\services\UserDataService.php 
2016-04-08 4:20:29 - DEBUG --> getUserData 
2016-04-08 4:20:30 - DEBUG --> Archivo \components\com_jhotelreservation\classes\services\UserDataService.php 
2016-04-08 4:20:30 - DEBUG --> getUserData 
2016-04-08 4:20:30 - DEBUG --> Archivo \components\com_jhotelreservation\classes\services\UserDataService.php 
2016-04-08 4:20:30 - DEBUG --> getUserData 
2016-04-08 4:20:30 - DEBUG --> Archivo \components\com_jhotelreservationiews\hotel	mpl\hoteloverview.php 
2016-04-08 4:20:30 - DEBUG --> Accedió 
2016-04-08 4:20:30 - DEBUG --> Archivo \components\com_jhotelreservation\classes\services\UserDataService.php 
2016-04-08 4:20:30 - DEBUG --> initializeUserData 
2016-04-08 4:20:30 - DEBUG --> UserData first: N; 
2016-04-08 4:20:30 - DEBUG --> Archivo \components\com_jhotelreservation\classes\services\UserDataService.php 
2016-04-08 4:20:30 - DEBUG --> createUserData 
2016-04-08 4:20:30 - DEBUG --> UserData end:  a:0:{} 
2016-04-08 4:20:30 - DEBUG --> Archivo \components\com_jhotelreservation\classes\services\UserDataService.php 
2016-04-08 4:20:30 - DEBUG --> initializeUserData 
2016-04-08 4:20:30 - DEBUG --> UserData first: a:0:{} 
2016-04-08 4:20:30 - DEBUG --> UserData end:  a:0:{} 
2016-04-08 4:20:30 - DEBUG --> Archivo \components\com_jhotelreservation\classes\services\UserDataService.php 
2016-04-08 4:20:30 - DEBUG --> initializeReservationData 
2016-04-08 4:20:30 - DEBUG --> UserData: a:0:{} 
2016-04-08 4:20:30 - DEBUG --> Archivo \components\com_jhotelreservation\classes\services\UserDataService.php 
2016-04-08 4:20:30 - DEBUG --> updateUserData 
2016-04-08 4:20:30 - DEBUG --> Archivo \components\com_jhotelreservation\classes\services\UserDataService.php 
2016-04-08 4:20:30 - DEBUG --> getUserData 
2016-04-08 4:20:30 - DEBUG --> Archivo \components\com_jhotelreservation\classes\services\UserDataService.php 
2016-04-08 4:20:30 - DEBUG --> setCurrency 
2016-04-08 4:20:30 - DEBUG --> Archivo \components\com_jhotelreservation\classes\services\UserDataService.php 
2016-04-08 4:20:30 - DEBUG --> getUserData 
2016-04-08 4:20:30 - DEBUG --> Archivo \components\com_jhotelreservation\classes\services\UserDataService.php 
2016-04-08 4:20:30 - DEBUG --> getUserData 
2016-04-08 4:20:30 - DEBUG --> Archivo \components\com_jhotelreservation\classes\services\UserDataService.php 
2016-04-08 4:20:30 - DEBUG --> getUserData 
2016-04-08 4:20:30 - DEBUG --> Archivo \components\com_jhotelreservation\classes\services\UserDataService.php 
2016-04-08 4:20:30 - DEBUG --> initializeUserData 
2016-04-08 4:20:30 - DEBUG --> UserData first: N; 
2016-04-08 4:20:30 - DEBUG --> Archivo \components\com_jhotelreservation\classes\services\UserDataService.php 
2016-04-08 4:20:30 - DEBUG --> createUserData 
2016-04-08 4:20:30 - DEBUG --> UserData end:  a:0:{} 
2016-04-08 4:20:30 - DEBUG --> Archivo \components\com_jhotelreservation\classes\services\UserDataService.php 
2016-04-08 4:20:30 - DEBUG --> initializeUserData 
2016-04-08 4:20:30 - DEBUG --> UserData first: a:0:{} 
2016-04-08 4:20:30 - DEBUG --> UserData end:  a:0:{} 
2016-04-08 4:20:30 - DEBUG --> Archivo \components\com_jhotelreservation\classes\services\UserDataService.php 
2016-04-08 4:20:30 - DEBUG --> initializeReservationData 
2016-04-08 4:20:30 - DEBUG --> UserData: a:0:{} 
2016-04-08 4:20:30 - DEBUG --> Archivo \components\com_jhotelreservation\classes\services\UserDataService.php 
2016-04-08 4:20:30 - DEBUG --> updateUserData 
2016-04-08 4:20:30 - DEBUG --> Archivo \components\com_jhotelreservation\classes\services\UserDataService.php 
2016-04-08 4:20:30 - DEBUG --> getUserData 
2016-04-08 4:20:30 - DEBUG --> Archivo \components\com_jhotelreservation\classes\services\UserDataService.php 
2016-04-08 4:20:30 - DEBUG --> setCurrency 
2016-04-08 4:20:30 - DEBUG --> Archivo \components\com_jhotelreservation\classes\services\UserDataService.php 
2016-04-08 4:20:30 - DEBUG --> getUserData 
2016-04-08 4:20:30 - DEBUG --> Archivo \components\com_jhotelreservation\classes\services\UserDataService.php 
2016-04-08 4:20:30 - DEBUG --> getUserData 
2016-04-08 4:20:30 - DEBUG --> Archivo \components\com_jhotelreservation\classes\services\UserDataService.php 
2016-04-08 4:20:30 - DEBUG --> getUserData 
2016-04-08 4:20:30 - DEBUG --> Archivo \components\com_jhotelreservationiews\hotel	mpl\hoteloverview.php 
2016-04-08 4:20:30 - DEBUG --> Accedió 
2016-04-08 5:17:10 - DEBUG --> Archivo \components\com_jhotelreservation\classes\services\UserDataService.php 
2016-04-08 5:17:10 - DEBUG --> initializeUserData 
2016-04-08 5:17:10 - DEBUG --> UserData first: N; 
2016-04-08 5:17:10 - DEBUG --> Archivo \components\com_jhotelreservation\classes\services\UserDataService.php 
2016-04-08 5:17:10 - DEBUG --> createUserData 
2016-04-08 5:17:10 - DEBUG --> UserData end:  a:0:{} 
2016-04-08 5:17:10 - DEBUG --> Archivo \components\com_jhotelreservation\classes\services\UserDataService.php 
2016-04-08 5:17:10 - DEBUG --> initializeUserData 
2016-04-08 5:17:10 - DEBUG --> UserData first: a:0:{} 
2016-04-08 5:17:10 - DEBUG --> UserData end:  a:0:{} 
2016-04-08 5:17:10 - DEBUG --> Archivo \components\com_jhotelreservation\classes\services\UserDataService.php 
2016-04-08 5:17:10 - DEBUG --> initializeReservationData 
2016-04-08 5:17:10 - DEBUG --> UserData: a:0:{} 
2016-04-08 5:17:10 - DEBUG --> Archivo \components\com_jhotelreservation\classes\services\UserDataService.php 
2016-04-08 5:17:10 - DEBUG --> updateUserData 
2016-04-08 5:17:10 - DEBUG --> Archivo \components\com_jhotelreservation\classes\services\UserDataService.php 
2016-04-08 5:17:10 - DEBUG --> getUserData 
2016-04-08 5:17:10 - DEBUG --> Archivo \components\com_jhotelreservation\classes\services\UserDataService.php 
2016-04-08 5:17:10 - DEBUG --> setCurrency 
2016-04-08 5:17:10 - DEBUG --> Archivo \components\com_jhotelreservation\classes\services\UserDataService.php 
2016-04-08 5:17:10 - DEBUG --> getUserData 
2016-04-08 5:17:10 - DEBUG --> Archivo \components\com_jhotelreservation\classes\services\UserDataService.php 
2016-04-08 5:17:10 - DEBUG --> getUserData 
2016-04-08 5:17:10 - DEBUG --> Archivo \components\com_jhotelreservation\classes\services\UserDataService.php 
2016-04-08 5:17:10 - DEBUG --> getUserData 
2016-04-08 6:18:30 - DEBUG --> Archivo \components\com_jhotelreservation\classes\services\UserDataService.php 
2016-04-08 6:18:30 - DEBUG --> initializeUserData 
2016-04-08 6:18:30 - DEBUG --> UserData first: N; 
2016-04-08 6:18:30 - DEBUG --> Archivo \components\com_jhotelreservation\classes\services\UserDataService.php 
2016-04-08 6:18:30 - DEBUG --> createUserData 
2016-04-08 6:18:30 - DEBUG --> UserData end:  a:0:{} 
2016-04-08 6:18:30 - DEBUG --> Archivo \components\com_jhotelreservation\classes\services\UserDataService.php 
2016-04-08 6:18:30 - DEBUG --> initializeUserData 
2016-04-08 6:18:30 - DEBUG --> UserData first: a:0:{} 
2016-04-08 6:18:30 - DEBUG --> UserData end:  a:0:{} 
2016-04-08 6:18:30 - DEBUG --> Archivo \components\com_jhotelreservation\classes\services\UserDataService.php 
2016-04-08 6:18:30 - DEBUG --> initializeReservationData 
2016-04-08 6:18:30 - DEBUG --> UserData: a:0:{} 
2016-04-08 6:18:30 - DEBUG --> Archivo \components\com_jhotelreservation\classes\services\UserDataService.php 
2016-04-08 6:18:30 - DEBUG --> updateUserData 
2016-04-08 6:18:30 - DEBUG --> Archivo \components\com_jhotelreservation\classes\services\UserDataService.php 
2016-04-08 6:18:30 - DEBUG --> getUserData 
2016-04-08 6:18:30 - DEBUG --> Archivo \components\com_jhotelreservation\classes\services\UserDataService.php 
2016-04-08 6:18:30 - DEBUG --> setCurrency 
2016-04-08 6:18:30 - DEBUG --> Archivo \components\com_jhotelreservation\classes\services\UserDataService.php 
2016-04-08 6:18:30 - DEBUG --> getUserData 
2016-04-08 6:18:30 - DEBUG --> Archivo \components\com_jhotelreservation\classes\services\UserDataService.php 
2016-04-08 6:18:30 - DEBUG --> getUserData 
2016-04-08 6:18:30 - DEBUG --> Archivo \components\com_jhotelreservation\classes\services\UserDataService.php 
2016-04-08 6:18:30 - DEBUG --> getUserData 
2016-04-08 7:11:10 - DEBUG --> Archivo \components\com_jhotelreservation\classes\services\UserDataService.php 
2016-04-08 7:11:10 - DEBUG --> initializeUserData 
2016-04-08 7:11:10 - DEBUG --> UserData first: N; 
2016-04-08 7:11:10 - DEBUG --> Archivo \components\com_jhotelreservation\classes\services\UserDataService.php 
2016-04-08 7:11:10 - DEBUG --> createUserData 
2016-04-08 7:11:10 - DEBUG --> UserData end:  a:0:{} 
2016-04-08 7:11:10 - DEBUG --> Archivo \components\com_jhotelreservation\classes\services\UserDataService.php 
2016-04-08 7:11:10 - DEBUG --> initializeUserData 
2016-04-08 7:11:10 - DEBUG --> UserData first: a:0:{} 
2016-04-08 7:11:10 - DEBUG --> UserData end:  a:0:{} 
2016-04-08 7:11:10 - DEBUG --> Archivo \components\com_jhotelreservation\classes\services\UserDataService.php 
2016-04-08 7:11:10 - DEBUG --> initializeReservationData 
2016-04-08 7:11:10 - DEBUG --> UserData: a:0:{} 
2016-04-08 7:11:10 - DEBUG --> Archivo \components\com_jhotelreservation\classes\services\UserDataService.php 
2016-04-08 7:11:10 - DEBUG --> updateUserData 
2016-04-08 7:11:10 - DEBUG --> Archivo \components\com_jhotelreservation\classes\services\UserDataService.php 
2016-04-08 7:11:10 - DEBUG --> getUserData 
2016-04-08 7:11:10 - DEBUG --> Archivo \components\com_jhotelreservation\classes\services\UserDataService.php 
2016-04-08 7:11:10 - DEBUG --> setCurrency 
2016-04-08 7:11:10 - DEBUG --> Archivo \components\com_jhotelreservation\classes\services\UserDataService.php 
2016-04-08 7:11:10 - DEBUG --> getUserData 
2016-04-08 7:11:10 - DEBUG --> Archivo \components\com_jhotelreservation\classes\services\UserDataService.php 
2016-04-08 7:11:10 - DEBUG --> getUserData 
2016-04-08 7:11:10 - DEBUG --> Archivo \components\com_jhotelreservation\classes\services\UserDataService.php 
2016-04-08 7:11:10 - DEBUG --> getUserData 
2016-04-08 7:11:10 - DEBUG --> Archivo \components\com_jhotelreservationiews\hotel	mpl\hoteloverview.php 
2016-04-08 7:11:10 - DEBUG --> Accedió 
2016-04-08 7:44:39 - DEBUG --> Archivo \components\com_jhotelreservation\classes\services\UserDataService.php 
2016-04-08 7:44:39 - DEBUG --> initializeUserData 
2016-04-08 7:44:39 - DEBUG --> UserData first: N; 
2016-04-08 7:44:39 - DEBUG --> Archivo \components\com_jhotelreservation\classes\services\UserDataService.php 
2016-04-08 7:44:39 - DEBUG --> createUserData 
2016-04-08 7:44:39 - DEBUG --> UserData end:  a:0:{} 
2016-04-08 7:44:39 - DEBUG --> Archivo \components\com_jhotelreservation\classes\services\UserDataService.php 
2016-04-08 7:44:39 - DEBUG --> initializeUserData 
2016-04-08 7:44:39 - DEBUG --> UserData first: a:0:{} 
2016-04-08 7:44:39 - DEBUG --> UserData end:  a:0:{} 
2016-04-08 7:44:39 - DEBUG --> Archivo \components\com_jhotelreservation\classes\services\UserDataService.php 
2016-04-08 7:44:39 - DEBUG --> initializeReservationData 
2016-04-08 7:44:39 - DEBUG --> UserData: a:0:{} 
2016-04-08 7:44:39 - DEBUG --> Archivo \components\com_jhotelreservation\classes\services\UserDataService.php 
2016-04-08 7:44:39 - DEBUG --> updateUserData 
2016-04-08 7:44:39 - DEBUG --> Archivo \components\com_jhotelreservation\classes\services\UserDataService.php 
2016-04-08 7:44:39 - DEBUG --> getUserData 
2016-04-08 7:44:39 - DEBUG --> Archivo \components\com_jhotelreservation\classes\services\UserDataService.php 
2016-04-08 7:44:39 - DEBUG --> setCurrency 
2016-04-08 7:44:39 - DEBUG --> Archivo \components\com_jhotelreservation\classes\services\UserDataService.php 
2016-04-08 7:44:39 - DEBUG --> getUserData 
2016-04-08 7:44:39 - DEBUG --> Archivo \components\com_jhotelreservation\classes\services\UserDataService.php 
2016-04-08 7:44:39 - DEBUG --> getUserData 
2016-04-08 7:44:39 - DEBUG --> Archivo \components\com_jhotelreservation\classes\services\UserDataService.php 
2016-04-08 7:44:39 - DEBUG --> getUserData 
2016-04-08 7:44:39 - DEBUG --> Archivo \components\com_jhotelreservationiews\hotel	mpl\hoteloverview.php 
2016-04-08 7:44:39 - DEBUG --> Accedió 
2016-04-08 8:15:20 - DEBUG --> Archivo \components\com_jhotelreservation\classes\services\UserDataService.php 
2016-04-08 8:15:20 - DEBUG --> initializeUserData 
2016-04-08 8:15:20 - DEBUG --> UserData first: N; 
2016-04-08 8:15:20 - DEBUG --> Archivo \components\com_jhotelreservation\classes\services\UserDataService.php 
2016-04-08 8:15:20 - DEBUG --> createUserData 
2016-04-08 8:15:20 - DEBUG --> UserData end:  a:0:{} 
2016-04-08 8:15:20 - DEBUG --> Archivo \components\com_jhotelreservation\classes\services\UserDataService.php 
2016-04-08 8:15:20 - DEBUG --> initializeUserData 
2016-04-08 8:15:20 - DEBUG --> UserData first: a:0:{} 
2016-04-08 8:15:20 - DEBUG --> UserData end:  a:0:{} 
2016-04-08 8:15:20 - DEBUG --> Archivo \components\com_jhotelreservation\classes\services\UserDataService.php 
2016-04-08 8:15:20 - DEBUG --> initializeReservationData 
2016-04-08 8:15:20 - DEBUG --> UserData: a:0:{} 
2016-04-08 8:15:20 - DEBUG --> Archivo \components\com_jhotelreservation\classes\services\UserDataService.php 
2016-04-08 8:15:20 - DEBUG --> updateUserData 
2016-04-08 8:15:20 - DEBUG --> Archivo \components\com_jhotelreservation\classes\services\UserDataService.php 
2016-04-08 8:15:20 - DEBUG --> getUserData 
2016-04-08 8:15:20 - DEBUG --> Archivo \components\com_jhotelreservation\classes\services\UserDataService.php 
2016-04-08 8:15:20 - DEBUG --> setCurrency 
2016-04-08 8:15:20 - DEBUG --> Archivo \components\com_jhotelreservation\classes\services\UserDataService.php 
2016-04-08 8:15:20 - DEBUG --> getUserData 
2016-04-08 8:15:20 - DEBUG --> Archivo \components\com_jhotelreservation\classes\services\UserDataService.php 
2016-04-08 8:15:20 - DEBUG --> getUserData 
2016-04-08 8:15:20 - DEBUG --> Archivo \components\com_jhotelreservation\classes\services\UserDataService.php 
2016-04-08 8:15:20 - DEBUG --> getUserData 
2016-04-08 8:15:20 - DEBUG --> Archivo \components\com_jhotelreservationiews\hotel	mpl\hoteloverview.php 
2016-04-08 8:15:20 - DEBUG --> Accedió 
2016-04-08 8:49:00 - DEBUG --> Archivo \components\com_jhotelreservation\classes\services\UserDataService.php 
2016-04-08 8:49:00 - DEBUG --> initializeUserData 
2016-04-08 8:49:00 - DEBUG --> UserData first: N; 
2016-04-08 8:49:00 - DEBUG --> Archivo \components\com_jhotelreservation\classes\services\UserDataService.php 
2016-04-08 8:49:00 - DEBUG --> createUserData 
2016-04-08 8:49:00 - DEBUG --> UserData end:  a:0:{} 
2016-04-08 8:49:00 - DEBUG --> Archivo \components\com_jhotelreservation\classes\services\UserDataService.php 
2016-04-08 8:49:00 - DEBUG --> initializeUserData 
2016-04-08 8:49:00 - DEBUG --> UserData first: a:0:{} 
2016-04-08 8:49:00 - DEBUG --> UserData end:  a:0:{} 
2016-04-08 8:49:00 - DEBUG --> Archivo \components\com_jhotelreservation\classes\services\UserDataService.php 
2016-04-08 8:49:00 - DEBUG --> initializeReservationData 
2016-04-08 8:49:00 - DEBUG --> UserData: a:0:{} 
2016-04-08 8:49:00 - DEBUG --> Archivo \components\com_jhotelreservation\classes\services\UserDataService.php 
2016-04-08 8:49:00 - DEBUG --> updateUserData 
2016-04-08 8:49:00 - DEBUG --> Archivo \components\com_jhotelreservation\classes\services\UserDataService.php 
2016-04-08 8:49:00 - DEBUG --> getUserData 
2016-04-08 8:49:00 - DEBUG --> Archivo \components\com_jhotelreservation\classes\services\UserDataService.php 
2016-04-08 8:49:00 - DEBUG --> setCurrency 
2016-04-08 8:49:00 - DEBUG --> Archivo \components\com_jhotelreservation\classes\services\UserDataService.php 
2016-04-08 8:49:00 - DEBUG --> getUserData 
2016-04-08 8:49:00 - DEBUG --> Archivo \components\com_jhotelreservation\classes\services\UserDataService.php 
2016-04-08 8:49:00 - DEBUG --> getUserData 
2016-04-08 8:49:00 - DEBUG --> Archivo \components\com_jhotelreservation\classes\services\UserDataService.php 
2016-04-08 8:49:00 - DEBUG --> getUserData 
2016-04-08 8:49:00 - DEBUG --> Archivo \components\com_jhotelreservationiews\hotel	mpl\hoteloverview.php 
2016-04-08 8:49:00 - DEBUG --> Accedió 
2016-04-08 10:18:46 - DEBUG --> Archivo \components\com_jhotelreservation\classes\services\UserDataService.php 
2016-04-08 10:18:46 - DEBUG --> initializeUserData 
2016-04-08 10:18:46 - DEBUG --> UserData first: N; 
2016-04-08 10:18:46 - DEBUG --> Archivo \components\com_jhotelreservation\classes\services\UserDataService.php 
2016-04-08 10:18:46 - DEBUG --> createUserData 
2016-04-08 10:18:46 - DEBUG --> UserData end:  a:0:{} 
2016-04-08 10:18:46 - DEBUG --> Archivo \components\com_jhotelreservation\classes\services\UserDataService.php 
2016-04-08 10:18:46 - DEBUG --> initializeUserData 
2016-04-08 10:18:46 - DEBUG --> UserData first: a:0:{} 
2016-04-08 10:18:46 - DEBUG --> UserData end:  a:0:{} 
2016-04-08 10:18:46 - DEBUG --> Archivo \components\com_jhotelreservation\classes\services\UserDataService.php 
2016-04-08 10:18:46 - DEBUG --> initializeReservationData 
2016-04-08 10:18:46 - DEBUG --> UserData: a:0:{} 
2016-04-08 10:18:46 - DEBUG --> Archivo \components\com_jhotelreservation\classes\services\UserDataService.php 
2016-04-08 10:18:46 - DEBUG --> updateUserData 
2016-04-08 10:18:46 - DEBUG --> Archivo \components\com_jhotelreservation\classes\services\UserDataService.php 
2016-04-08 10:18:46 - DEBUG --> getUserData 
2016-04-08 10:18:46 - DEBUG --> Archivo \components\com_jhotelreservation\classes\services\UserDataService.php 
2016-04-08 10:18:46 - DEBUG --> setCurrency 
2016-04-08 10:18:46 - DEBUG --> Archivo \components\com_jhotelreservation\classes\services\UserDataService.php 
2016-04-08 10:18:46 - DEBUG --> getUserData 
2016-04-08 10:18:46 - DEBUG --> Archivo \components\com_jhotelreservation\classes\services\UserDataService.php 
2016-04-08 10:18:46 - DEBUG --> getUserData 
2016-04-08 10:18:46 - DEBUG --> Archivo \components\com_jhotelreservation\classes\services\UserDataService.php 
2016-04-08 10:18:46 - DEBUG --> getUserData 
2016-04-08 10:18:46 - DEBUG --> Archivo \components\com_jhotelreservationiews\hotel	mpl\hoteloverview.php 
2016-04-08 10:18:46 - DEBUG --> Accedió 
2016-04-08 13:29:05 - DEBUG --> Archivo \components\com_jhotelreservation\classes\services\UserDataService.php 
2016-04-08 13:29:05 - DEBUG --> initializeUserData 
2016-04-08 13:29:05 - DEBUG --> UserData first: a:0:{} 
2016-04-08 13:29:05 - DEBUG --> UserData end:  a:0:{} 
2016-04-08 13:29:30 - DEBUG --> Archivo \components\com_jhotelreservation\classes\services\UserDataService.php 
2016-04-08 13:29:30 - DEBUG --> initializeUserData 
2016-04-08 13:29:30 - DEBUG --> UserData first: a:0:{} 
2016-04-08 13:29:30 - DEBUG --> Archivo \components\com_jhotelreservation\classes\services\UserDataService.php 
2016-04-08 13:29:30 - DEBUG --> createUserData 
2016-04-08 13:29:30 - DEBUG --> voucher:  
2016-04-08 13:29:30 - DEBUG --> UserData end:  a:0:{} 
2016-04-08 13:29:30 - DEBUG --> Archivo \components\com_jhotelreservation\classes\services\UserDataService.php 
2016-04-08 13:29:30 - DEBUG --> initializeUserData 
2016-04-08 13:29:30 - DEBUG --> UserData first: a:0:{} 
2016-04-08 13:29:30 - DEBUG --> Archivo \components\com_jhotelreservation\classes\services\UserDataService.php 
2016-04-08 13:29:30 - DEBUG --> createUserData 
2016-04-08 13:29:30 - DEBUG --> voucher:  
2016-04-08 13:29:30 - DEBUG --> UserData end:  a:0:{} 
2016-04-08 13:29:34 - DEBUG --> Archivo \components\com_jhotelreservation\classes\services\UserDataService.php 
2016-04-08 13:29:34 - DEBUG --> initializeUserData 
2016-04-08 13:29:34 - DEBUG --> UserData first: a:0:{} 
2016-04-08 13:29:34 - DEBUG --> UserData end:  a:0:{} 
2016-04-08 13:29:34 - DEBUG --> Archivo \components\com_jhotelreservation\classes\services\UserDataService.php 
2016-04-08 13:29:34 - DEBUG --> initializeUserData 
2016-04-08 13:29:34 - DEBUG --> UserData first: a:0:{} 
2016-04-08 13:29:34 - DEBUG --> UserData end:  a:0:{} 
2016-04-08 13:29:34 - DEBUG --> Archivo \components\com_jhotelreservation\classes\services\UserDataService.php 
2016-04-08 13:29:34 - DEBUG --> initializeReservationData 
2016-04-08 13:29:34 - DEBUG --> UserData: a:0:{} 
2016-04-08 13:29:34 - DEBUG --> Archivo \components\com_jhotelreservation\classes\services\UserDataService.php 
2016-04-08 13:29:34 - DEBUG --> updateUserData 
2016-04-08 13:29:34 - DEBUG --> Archivo \components\com_jhotelreservation\classes\services\UserDataService.php 
2016-04-08 13:29:34 - DEBUG --> getUserData 
2016-04-08 13:29:34 - DEBUG --> Archivo \components\com_jhotelreservation\classes\services\UserDataService.php 
2016-04-08 13:29:34 - DEBUG --> setCurrency 
2016-04-08 13:29:34 - DEBUG --> Archivo \components\com_jhotelreservation\classes\services\UserDataService.php 
2016-04-08 13:29:34 - DEBUG --> getUserData 
2016-04-08 13:29:34 - DEBUG --> Archivo \components\com_jhotelreservation\classes\services\UserDataService.php 
2016-04-08 13:29:34 - DEBUG --> getUserData 
2016-04-08 13:29:34 - DEBUG --> Archivo \components\com_jhotelreservation\classes\services\UserDataService.php 
2016-04-08 13:29:34 - DEBUG --> getUserData 
2016-04-08 13:29:34 - DEBUG --> Archivo \components\com_jhotelreservationiews\hotel	mpl\hoteloverview.php 
2016-04-08 13:29:34 - DEBUG --> Accedió 
2016-04-08 13:30:57 - DEBUG --> Archivo \components\com_jhotelreservation\classes\services\UserDataService.php 
2016-04-08 13:30:57 - DEBUG --> initializeUserData 
2016-04-08 13:30:57 - DEBUG --> UserData first: a:0:{} 
2016-04-08 13:30:57 - DEBUG --> UserData end:  a:0:{} 
2016-04-08 13:30:57 - DEBUG --> Archivo \components\com_jhotelreservation\classes\services\UserDataService.php 
2016-04-08 13:30:57 - DEBUG --> reserveRoom hotelId= 27, reservedItem = 0|34, current = 1 
2016-04-08 13:30:57 - DEBUG --> Reserved items: a:1:{i:0;s:6:"0|34|1";} 
2016-04-08 13:30:58 - DEBUG --> Archivo \components\com_jhotelreservation\classes\services\UserDataService.php 
2016-04-08 13:30:58 - DEBUG --> initializeUserData 
2016-04-08 13:30:58 - DEBUG --> UserData first: a:1:{i:0;s:6:"0|34|1";} 
2016-04-08 13:30:58 - DEBUG --> UserData end:  a:1:{i:0;s:6:"0|34|1";} 
2016-04-08 13:30:58 - DEBUG --> Archivo \components\com_jhotelreservation\classes\services\UserDataService.php 
2016-04-08 13:30:58 - DEBUG --> getUserData 
2016-04-08 13:30:58 - DEBUG --> Archivo \components\com_jhotelreservation\classes\services\UserDataService.php 
2016-04-08 13:30:58 - DEBUG --> getUserData 
2016-04-08 13:30:58 - DEBUG --> Archivo \components\com_jhotelreservation\classes\services\UserDataService.php 
2016-04-08 13:30:58 - DEBUG --> getUserData 
2016-04-08 13:30:58 - DEBUG --> Archivo \components\com_jhotelreservation\classes\services\UserDataService.php 
2016-04-08 13:30:58 - DEBUG --> getUserData 
2016-04-08 13:30:58 - DEBUG --> Archivo \components\com_jhotelreservation\classes\services\UserDataService.php 
2016-04-08 13:30:58 - DEBUG --> getUserData 
2016-04-08 13:31:17 - DEBUG --> Archivo \components\com_jhotelreservation\classes\services\UserDataService.php 
2016-04-08 13:31:17 - DEBUG --> initializeUserData 
2016-04-08 13:31:17 - DEBUG --> UserData first: a:1:{i:0;s:6:"0|34|1";} 
2016-04-08 13:31:17 - DEBUG --> UserData end:  a:1:{i:0;s:6:"0|34|1";} 
2016-04-08 13:31:17 - DEBUG --> Archivo \components\com_jhotelreservation\classes\services\UserDataService.php 
2016-04-08 13:31:17 - DEBUG --> getUserData 
2016-04-08 13:31:17 - DEBUG --> Archivo \components\com_jhotelreservation\classes\services\UserDataService.php 
2016-04-08 13:31:17 - DEBUG --> initializeUserData 
2016-04-08 13:31:17 - DEBUG --> UserData first: a:1:{i:0;s:6:"0|34|1";} 
2016-04-08 13:31:17 - DEBUG --> UserData end:  a:1:{i:0;s:6:"0|34|1";} 
2016-04-08 13:31:17 - DEBUG --> Archivo \components\com_jhotelreservation\classes\services\UserDataService.php 
2016-04-08 13:31:17 - DEBUG --> getUserData 
2016-04-08 13:31:17 - DEBUG --> Archivo \components\com_jhotelreservation\classes\services\UserDataService.php 
2016-04-08 13:31:17 - DEBUG --> getUserData 
2016-04-08 13:31:17 - DEBUG --> Archivo \components\com_jhotelreservation\classes\services\UserDataService.php 
2016-04-08 13:31:17 - DEBUG --> getUserData 
2016-04-08 13:32:50 - DEBUG --> Archivo \components\com_jhotelreservation\classes\services\UserDataService.php 
2016-04-08 13:32:50 - DEBUG --> initializeUserData 
2016-04-08 13:32:50 - DEBUG --> UserData first: a:1:{i:0;s:6:"0|34|1";} 
2016-04-08 13:32:50 - DEBUG --> UserData end:  a:1:{i:0;s:6:"0|34|1";} 
2016-04-08 13:32:53 - DEBUG --> Archivo \components\com_jhotelreservation\classes\services\UserDataService.php 
2016-04-08 13:32:53 - DEBUG --> initializeUserData 
2016-04-08 13:32:53 - DEBUG --> UserData first: a:1:{i:0;s:6:"0|34|1";} 
2016-04-08 13:32:53 - DEBUG --> Archivo \components\com_jhotelreservation\classes\services\UserDataService.php 
2016-04-08 13:32:53 - DEBUG --> createUserData 
2016-04-08 13:32:53 - DEBUG --> voucher:  
2016-04-08 13:32:53 - DEBUG --> UserData end:  a:0:{} 
2016-04-08 13:32:53 - DEBUG --> Archivo \components\com_jhotelreservation\classes\services\UserDataService.php 
2016-04-08 13:32:53 - DEBUG --> initializeUserData 
2016-04-08 13:32:53 - DEBUG --> UserData first: a:0:{} 
2016-04-08 13:32:53 - DEBUG --> Archivo \components\com_jhotelreservation\classes\services\UserDataService.php 
2016-04-08 13:32:53 - DEBUG --> createUserData 
2016-04-08 13:32:53 - DEBUG --> voucher:  
2016-04-08 13:32:53 - DEBUG --> UserData end:  a:0:{} 
2016-04-08 13:33:04 - DEBUG --> Archivo \components\com_jhotelreservation\classes\services\UserDataService.php 
2016-04-08 13:33:04 - DEBUG --> initializeUserData 
2016-04-08 13:33:04 - DEBUG --> UserData first: a:0:{} 
2016-04-08 13:33:04 - DEBUG --> UserData end:  a:0:{} 
2016-04-08 13:33:04 - DEBUG --> Archivo \components\com_jhotelreservation\classes\services\UserDataService.php 
2016-04-08 13:33:04 - DEBUG --> initializeUserData 
2016-04-08 13:33:04 - DEBUG --> UserData first: a:0:{} 
2016-04-08 13:33:04 - DEBUG --> UserData end:  a:0:{} 
2016-04-08 13:33:04 - DEBUG --> Archivo \components\com_jhotelreservation\classes\services\UserDataService.php 
2016-04-08 13:33:04 - DEBUG --> initializeReservationData 
2016-04-08 13:33:04 - DEBUG --> UserData: a:0:{} 
2016-04-08 13:33:04 - DEBUG --> Archivo \components\com_jhotelreservation\classes\services\UserDataService.php 
2016-04-08 13:33:04 - DEBUG --> updateUserData 
2016-04-08 13:33:04 - DEBUG --> Archivo \components\com_jhotelreservation\classes\services\UserDataService.php 
2016-04-08 13:33:04 - DEBUG --> getUserData 
2016-04-08 13:33:04 - DEBUG --> Archivo \components\com_jhotelreservation\classes\services\UserDataService.php 
2016-04-08 13:33:04 - DEBUG --> setCurrency 
2016-04-08 13:33:04 - DEBUG --> Archivo \components\com_jhotelreservation\classes\services\UserDataService.php 
2016-04-08 13:33:04 - DEBUG --> getUserData 
2016-04-08 13:33:04 - DEBUG --> Archivo \components\com_jhotelreservation\classes\services\UserDataService.php 
2016-04-08 13:33:04 - DEBUG --> getUserData 
2016-04-08 13:33:04 - DEBUG --> Archivo \components\com_jhotelreservation\classes\services\UserDataService.php 
2016-04-08 13:33:04 - DEBUG --> getUserData 
2016-04-08 13:33:04 - DEBUG --> Archivo \components\com_jhotelreservationiews\hotel	mpl\hoteloverview.php 
2016-04-08 13:33:04 - DEBUG --> Accedió 
2016-04-08 13:53:02 - DEBUG --> Archivo \components\com_jhotelreservation\classes\services\UserDataService.php 
2016-04-08 13:53:02 - DEBUG --> initializeUserData 
2016-04-08 13:53:02 - DEBUG --> UserData first: a:0:{} 
2016-04-08 13:53:02 - DEBUG --> UserData end:  a:0:{} 
2016-04-08 13:53:12 - DEBUG --> Archivo \components\com_jhotelreservation\classes\services\UserDataService.php 
2016-04-08 13:53:12 - DEBUG --> initializeUserData 
2016-04-08 13:53:12 - DEBUG --> UserData first: a:0:{} 
2016-04-08 13:53:12 - DEBUG --> Archivo \components\com_jhotelreservation\classes\services\UserDataService.php 
2016-04-08 13:53:12 - DEBUG --> createUserData 
2016-04-08 13:53:12 - DEBUG --> voucher:  
2016-04-08 13:53:12 - DEBUG --> UserData end:  a:0:{} 
2016-04-08 13:53:12 - DEBUG --> Archivo \components\com_jhotelreservation\classes\services\UserDataService.php 
2016-04-08 13:53:12 - DEBUG --> initializeUserData 
2016-04-08 13:53:12 - DEBUG --> UserData first: a:0:{} 
2016-04-08 13:53:12 - DEBUG --> Archivo \components\com_jhotelreservation\classes\services\UserDataService.php 
2016-04-08 13:53:12 - DEBUG --> createUserData 
2016-04-08 13:53:12 - DEBUG --> voucher:  
2016-04-08 13:53:12 - DEBUG --> UserData end:  a:0:{} 
2016-04-08 14:54:35 - DEBUG --> Archivo \components\com_jhotelreservation\classes\services\UserDataService.php 
2016-04-08 14:54:35 - DEBUG --> initializeUserData 
2016-04-08 14:54:35 - DEBUG --> UserData first: N; 
2016-04-08 14:54:35 - DEBUG --> Archivo \components\com_jhotelreservation\classes\services\UserDataService.php 
2016-04-08 14:54:35 - DEBUG --> createUserData 
2016-04-08 14:54:35 - DEBUG --> UserData end:  a:0:{} 
2016-04-08 14:54:35 - DEBUG --> Archivo \components\com_jhotelreservation\classes\services\UserDataService.php 
2016-04-08 14:54:35 - DEBUG --> initializeUserData 
2016-04-08 14:54:35 - DEBUG --> UserData first: a:0:{} 
2016-04-08 14:54:35 - DEBUG --> UserData end:  a:0:{} 
2016-04-08 14:54:35 - DEBUG --> Archivo \components\com_jhotelreservation\classes\services\UserDataService.php 
2016-04-08 14:54:35 - DEBUG --> initializeReservationData 
2016-04-08 14:54:35 - DEBUG --> UserData: a:0:{} 
2016-04-08 14:54:35 - DEBUG --> Archivo \components\com_jhotelreservation\classes\services\UserDataService.php 
2016-04-08 14:54:35 - DEBUG --> updateUserData 
2016-04-08 14:54:35 - DEBUG --> Archivo \components\com_jhotelreservation\classes\services\UserDataService.php 
2016-04-08 14:54:35 - DEBUG --> getUserData 
2016-04-08 14:54:35 - DEBUG --> Archivo \components\com_jhotelreservation\classes\services\UserDataService.php 
2016-04-08 14:54:35 - DEBUG --> setCurrency 
2016-04-08 14:54:35 - DEBUG --> Archivo \components\com_jhotelreservation\classes\services\UserDataService.php 
2016-04-08 14:54:35 - DEBUG --> getUserData 
2016-04-08 14:54:35 - DEBUG --> Archivo \components\com_jhotelreservation\classes\services\UserDataService.php 
2016-04-08 14:54:35 - DEBUG --> getUserData 
2016-04-08 14:54:35 - DEBUG --> Archivo \components\com_jhotelreservation\classes\services\UserDataService.php 
2016-04-08 14:54:35 - DEBUG --> getUserData 
2016-04-08 14:54:35 - DEBUG --> Archivo \components\com_jhotelreservationiews\hotel	mpl\hoteloverview.php 
2016-04-08 14:54:35 - DEBUG --> Accedió 
2016-04-08 16:04:30 - DEBUG --> Archivo \components\com_jhotelreservation\classes\services\UserDataService.php 
2016-04-08 16:04:30 - DEBUG --> initializeUserData 
2016-04-08 16:04:30 - DEBUG --> UserData first: N; 
2016-04-08 16:04:30 - DEBUG --> Archivo \components\com_jhotelreservation\classes\services\UserDataService.php 
2016-04-08 16:04:30 - DEBUG --> createUserData 
2016-04-08 16:04:30 - DEBUG --> UserData end:  a:0:{} 
2016-04-08 16:04:30 - DEBUG --> Archivo \components\com_jhotelreservation\classes\services\UserDataService.php 
2016-04-08 16:04:30 - DEBUG --> initializeUserData 
2016-04-08 16:04:30 - DEBUG --> UserData first: a:0:{} 
2016-04-08 16:04:30 - DEBUG --> UserData end:  a:0:{} 
2016-04-08 16:04:30 - DEBUG --> Archivo \components\com_jhotelreservation\classes\services\UserDataService.php 
2016-04-08 16:04:30 - DEBUG --> initializeReservationData 
2016-04-08 16:04:30 - DEBUG --> UserData: a:0:{} 
2016-04-08 16:04:30 - DEBUG --> Archivo \components\com_jhotelreservation\classes\services\UserDataService.php 
2016-04-08 16:04:30 - DEBUG --> updateUserData 
2016-04-08 16:04:30 - DEBUG --> Archivo \components\com_jhotelreservation\classes\services\UserDataService.php 
2016-04-08 16:04:30 - DEBUG --> getUserData 
2016-04-08 16:04:30 - DEBUG --> Archivo \components\com_jhotelreservation\classes\services\UserDataService.php 
2016-04-08 16:04:30 - DEBUG --> setCurrency 
2016-04-08 16:04:30 - DEBUG --> Archivo \components\com_jhotelreservation\classes\services\UserDataService.php 
2016-04-08 16:04:30 - DEBUG --> getUserData 
2016-04-08 16:04:30 - DEBUG --> Archivo \components\com_jhotelreservation\classes\services\UserDataService.php 
2016-04-08 16:04:30 - DEBUG --> getUserData 
2016-04-08 16:04:30 - DEBUG --> Archivo \components\com_jhotelreservation\classes\services\UserDataService.php 
2016-04-08 16:04:30 - DEBUG --> getUserData 
2016-04-08 16:04:30 - DEBUG --> Archivo \components\com_jhotelreservationiews\hotel	mpl\hoteloverview.php 
2016-04-08 16:04:30 - DEBUG --> Accedió 
2016-04-08 16:06:00 - DEBUG --> Archivo \components\com_jhotelreservation\classes\services\UserDataService.php 
2016-04-08 16:06:00 - DEBUG --> initializeUserData 
2016-04-08 16:06:00 - DEBUG --> UserData first: N; 
2016-04-08 16:06:00 - DEBUG --> Archivo \components\com_jhotelreservation\classes\services\UserDataService.php 
2016-04-08 16:06:00 - DEBUG --> createUserData 
2016-04-08 16:06:00 - DEBUG --> UserData end:  a:0:{} 
2016-04-08 16:06:00 - DEBUG --> Archivo \components\com_jhotelreservation\classes\services\UserDataService.php 
2016-04-08 16:06:00 - DEBUG --> initializeUserData 
2016-04-08 16:06:00 - DEBUG --> UserData first: a:0:{} 
2016-04-08 16:06:00 - DEBUG --> UserData end:  a:0:{} 
2016-04-08 16:06:00 - DEBUG --> Archivo \components\com_jhotelreservation\classes\services\UserDataService.php 
2016-04-08 16:06:00 - DEBUG --> initializeReservationData 
2016-04-08 16:06:00 - DEBUG --> UserData: a:0:{} 
2016-04-08 16:06:00 - DEBUG --> Archivo \components\com_jhotelreservation\classes\services\UserDataService.php 
2016-04-08 16:06:00 - DEBUG --> updateUserData 
2016-04-08 16:06:00 - DEBUG --> Archivo \components\com_jhotelreservation\classes\services\UserDataService.php 
2016-04-08 16:06:00 - DEBUG --> getUserData 
2016-04-08 16:06:00 - DEBUG --> Archivo \components\com_jhotelreservation\classes\services\UserDataService.php 
2016-04-08 16:06:00 - DEBUG --> setCurrency 
2016-04-08 16:06:00 - DEBUG --> Archivo \components\com_jhotelreservation\classes\services\UserDataService.php 
2016-04-08 16:06:00 - DEBUG --> getUserData 
2016-04-08 16:06:00 - DEBUG --> Archivo \components\com_jhotelreservation\classes\services\UserDataService.php 
2016-04-08 16:06:00 - DEBUG --> getUserData 
2016-04-08 16:06:00 - DEBUG --> Archivo \components\com_jhotelreservation\classes\services\UserDataService.php 
2016-04-08 16:06:00 - DEBUG --> getUserData 
2016-04-08 16:06:00 - DEBUG --> Archivo \components\com_jhotelreservationiews\hotel	mpl\hoteloverview.php 
2016-04-08 16:06:00 - DEBUG --> Accedió 
2016-04-08 16:50:59 - DEBUG --> Archivo \components\com_jhotelreservation\classes\services\UserDataService.php 
2016-04-08 16:50:59 - DEBUG --> initializeUserData 
2016-04-08 16:50:59 - DEBUG --> UserData first: N; 
2016-04-08 16:50:59 - DEBUG --> Archivo \components\com_jhotelreservation\classes\services\UserDataService.php 
2016-04-08 16:50:59 - DEBUG --> createUserData 
2016-04-08 16:50:59 - DEBUG --> UserData end:  a:0:{} 
2016-04-08 16:50:59 - DEBUG --> Archivo \components\com_jhotelreservation\classes\services\UserDataService.php 
2016-04-08 16:50:59 - DEBUG --> initializeUserData 
2016-04-08 16:50:59 - DEBUG --> UserData first: a:0:{} 
2016-04-08 16:50:59 - DEBUG --> UserData end:  a:0:{} 
2016-04-08 16:50:59 - DEBUG --> Archivo \components\com_jhotelreservation\classes\services\UserDataService.php 
2016-04-08 16:50:59 - DEBUG --> initializeReservationData 
2016-04-08 16:50:59 - DEBUG --> UserData: a:0:{} 
2016-04-08 16:50:59 - DEBUG --> Archivo \components\com_jhotelreservation\classes\services\UserDataService.php 
2016-04-08 16:50:59 - DEBUG --> updateUserData 
2016-04-08 16:50:59 - DEBUG --> Archivo \components\com_jhotelreservation\classes\services\UserDataService.php 
2016-04-08 16:50:59 - DEBUG --> getUserData 
2016-04-08 16:50:59 - DEBUG --> Archivo \components\com_jhotelreservation\classes\services\UserDataService.php 
2016-04-08 16:50:59 - DEBUG --> setCurrency 
2016-04-08 16:50:59 - DEBUG --> Archivo \components\com_jhotelreservation\classes\services\UserDataService.php 
2016-04-08 16:50:59 - DEBUG --> getUserData 
2016-04-08 16:50:59 - DEBUG --> Archivo \components\com_jhotelreservation\classes\services\UserDataService.php 
2016-04-08 16:50:59 - DEBUG --> getUserData 
2016-04-08 16:50:59 - DEBUG --> Archivo \components\com_jhotelreservation\classes\services\UserDataService.php 
2016-04-08 16:50:59 - DEBUG --> getUserData 
2016-04-08 16:50:59 - DEBUG --> Archivo \components\com_jhotelreservationiews\hotel	mpl\hoteloverview.php 
2016-04-08 16:50:59 - DEBUG --> Accedió 
2016-04-08 17:19:23 - DEBUG --> Archivo \components\com_jhotelreservation\classes\services\UserDataService.php 
2016-04-08 17:19:23 - DEBUG --> initializeUserData 
2016-04-08 17:19:23 - DEBUG --> UserData first: N; 
2016-04-08 17:19:23 - DEBUG --> Archivo \components\com_jhotelreservation\classes\services\UserDataService.php 
2016-04-08 17:19:23 - DEBUG --> createUserData 
2016-04-08 17:19:23 - DEBUG --> UserData end:  a:0:{} 
2016-04-08 17:19:23 - DEBUG --> Archivo \components\com_jhotelreservation\classes\services\UserDataService.php 
2016-04-08 17:19:23 - DEBUG --> initializeUserData 
2016-04-08 17:19:23 - DEBUG --> UserData first: a:0:{} 
2016-04-08 17:19:23 - DEBUG --> UserData end:  a:0:{} 
2016-04-08 17:19:23 - DEBUG --> Archivo \components\com_jhotelreservation\classes\services\UserDataService.php 
2016-04-08 17:19:23 - DEBUG --> initializeReservationData 
2016-04-08 17:19:23 - DEBUG --> UserData: a:0:{} 
2016-04-08 17:19:23 - DEBUG --> Archivo \components\com_jhotelreservation\classes\services\UserDataService.php 
2016-04-08 17:19:23 - DEBUG --> updateUserData 
2016-04-08 17:19:23 - DEBUG --> Archivo \components\com_jhotelreservation\classes\services\UserDataService.php 
2016-04-08 17:19:23 - DEBUG --> getUserData 
2016-04-08 17:19:23 - DEBUG --> Archivo \components\com_jhotelreservation\classes\services\UserDataService.php 
2016-04-08 17:19:23 - DEBUG --> setCurrency 
2016-04-08 17:19:23 - DEBUG --> Archivo \components\com_jhotelreservation\classes\services\UserDataService.php 
2016-04-08 17:19:23 - DEBUG --> getUserData 
2016-04-08 17:19:23 - DEBUG --> Archivo \components\com_jhotelreservation\classes\services\UserDataService.php 
2016-04-08 17:19:23 - DEBUG --> getUserData 
2016-04-08 17:19:23 - DEBUG --> Archivo \components\com_jhotelreservation\classes\services\UserDataService.php 
2016-04-08 17:19:23 - DEBUG --> getUserData 
2016-04-08 17:19:23 - DEBUG --> Archivo \components\com_jhotelreservationiews\hotel	mpl\hoteloverview.php 
2016-04-08 17:19:23 - DEBUG --> Accedió 
2016-04-08 20:00:19 - DEBUG --> Archivo \components\com_jhotelreservation\classes\services\UserDataService.php 
2016-04-08 20:00:19 - DEBUG --> initializeUserData 
2016-04-08 20:00:19 - DEBUG --> UserData first: N; 
2016-04-08 20:00:19 - DEBUG --> Archivo \components\com_jhotelreservation\classes\services\UserDataService.php 
2016-04-08 20:00:19 - DEBUG --> createUserData 
2016-04-08 20:00:19 - DEBUG --> UserData end:  a:0:{} 
2016-04-08 20:12:01 - DEBUG --> Archivo \components\com_jhotelreservation\classes\services\UserDataService.php 
2016-04-08 20:12:01 - DEBUG --> initializeUserData 
2016-04-08 20:12:01 - DEBUG --> UserData first: N; 
2016-04-08 20:12:01 - DEBUG --> Archivo \components\com_jhotelreservation\classes\services\UserDataService.php 
2016-04-08 20:12:01 - DEBUG --> createUserData 
2016-04-08 20:12:01 - DEBUG --> UserData end:  a:0:{} 
2016-04-08 21:07:40 - DEBUG --> Archivo \components\com_jhotelreservation\classes\services\UserDataService.php 
2016-04-08 21:07:40 - DEBUG --> initializeUserData 
2016-04-08 21:07:40 - DEBUG --> UserData first: N; 
2016-04-08 21:07:40 - DEBUG --> Archivo \components\com_jhotelreservation\classes\services\UserDataService.php 
2016-04-08 21:07:40 - DEBUG --> createUserData 
2016-04-08 21:07:40 - DEBUG --> UserData end:  a:0:{} 
2016-04-08 21:07:40 - DEBUG --> Archivo \components\com_jhotelreservation\classes\services\UserDataService.php 
2016-04-08 21:07:40 - DEBUG --> initializeUserData 
2016-04-08 21:07:40 - DEBUG --> UserData first: a:0:{} 
2016-04-08 21:07:40 - DEBUG --> UserData end:  a:0:{} 
2016-04-08 21:07:40 - DEBUG --> Archivo \components\com_jhotelreservation\classes\services\UserDataService.php 
2016-04-08 21:07:40 - DEBUG --> initializeReservationData 
2016-04-08 21:07:40 - DEBUG --> UserData: a:0:{} 
2016-04-08 21:07:40 - DEBUG --> Archivo \components\com_jhotelreservation\classes\services\UserDataService.php 
2016-04-08 21:07:40 - DEBUG --> updateUserData 
2016-04-08 21:07:40 - DEBUG --> Archivo \components\com_jhotelreservation\classes\services\UserDataService.php 
2016-04-08 21:07:40 - DEBUG --> getUserData 
2016-04-08 21:07:40 - DEBUG --> Archivo \components\com_jhotelreservation\classes\services\UserDataService.php 
2016-04-08 21:07:40 - DEBUG --> setCurrency 
2016-04-08 21:07:40 - DEBUG --> Archivo \components\com_jhotelreservation\classes\services\UserDataService.php 
2016-04-08 21:07:40 - DEBUG --> getUserData 
2016-04-08 21:07:40 - DEBUG --> Archivo \components\com_jhotelreservation\classes\services\UserDataService.php 
2016-04-08 21:07:40 - DEBUG --> getUserData 
2016-04-08 21:07:40 - DEBUG --> Archivo \components\com_jhotelreservation\classes\services\UserDataService.php 
2016-04-08 21:07:40 - DEBUG --> getUserData 
2016-04-08 21:07:40 - DEBUG --> Archivo \components\com_jhotelreservationiews\hotel	mpl\hoteloverview.php 
2016-04-08 21:07:40 - DEBUG --> Accedió 
