2016-06-18 1:20:01 - DEBUG --> Archivo \components\com_jhotelreservation\classes\services\UserDataService.php 
2016-06-18 1:20:01 - DEBUG --> initializeUserData 
2016-06-18 1:20:01 - DEBUG --> UserData first: N; 
2016-06-18 1:20:01 - DEBUG --> Archivo \components\com_jhotelreservation\classes\services\UserDataService.php 
2016-06-18 1:20:01 - DEBUG --> createUserData 
2016-06-18 1:20:01 - DEBUG --> UserData end:  a:0:{} 
2016-06-18 1:20:01 - DEBUG --> Archivo \components\com_jhotelreservation\classes\services\UserDataService.php 
2016-06-18 1:20:01 - DEBUG --> initializeUserData 
2016-06-18 1:20:01 - DEBUG --> UserData first: a:0:{} 
2016-06-18 1:20:01 - DEBUG --> UserData end:  a:0:{} 
2016-06-18 1:20:01 - DEBUG --> Archivo \components\com_jhotelreservation\classes\services\UserDataService.php 
2016-06-18 1:20:01 - DEBUG --> initializeReservationData 
2016-06-18 1:20:01 - DEBUG --> UserData: a:0:{} 
2016-06-18 1:20:01 - DEBUG --> Archivo \components\com_jhotelreservation\classes\services\UserDataService.php 
2016-06-18 1:20:01 - DEBUG --> updateUserData 
2016-06-18 1:20:01 - DEBUG --> Archivo \components\com_jhotelreservation\classes\services\UserDataService.php 
2016-06-18 1:20:01 - DEBUG --> getUserData 
2016-06-18 1:20:01 - DEBUG --> Archivo \components\com_jhotelreservation\classes\services\UserDataService.php 
2016-06-18 1:20:01 - DEBUG --> setCurrency 
2016-06-18 1:20:01 - DEBUG --> Archivo \components\com_jhotelreservation\classes\services\UserDataService.php 
2016-06-18 1:20:01 - DEBUG --> getUserData 
2016-06-18 1:20:01 - DEBUG --> Archivo \components\com_jhotelreservation\classes\services\UserDataService.php 
2016-06-18 1:20:01 - DEBUG --> getUserData 
2016-06-18 1:20:01 - DEBUG --> Archivo \components\com_jhotelreservation\classes\services\UserDataService.php 
2016-06-18 1:20:01 - DEBUG --> getUserData 
2016-06-18 1:20:01 - DEBUG --> Archivo \components\com_jhotelreservationiews\hotel	mpl\hoteloverview.php 
2016-06-18 1:20:01 - DEBUG --> Accedió 
2016-06-18 1:27:52 - DEBUG --> Archivo \components\com_jhotelreservation\classes\services\UserDataService.php 
2016-06-18 1:27:52 - DEBUG --> initializeUserData 
2016-06-18 1:27:52 - DEBUG --> UserData first: N; 
2016-06-18 1:27:52 - DEBUG --> Archivo \components\com_jhotelreservation\classes\services\UserDataService.php 
2016-06-18 1:27:52 - DEBUG --> createUserData 
2016-06-18 1:27:52 - DEBUG --> UserData end:  a:0:{} 
2016-06-18 1:27:52 - DEBUG --> Archivo \components\com_jhotelreservation\classes\services\UserDataService.php 
2016-06-18 1:27:52 - DEBUG --> initializeUserData 
2016-06-18 1:27:52 - DEBUG --> UserData first: a:0:{} 
2016-06-18 1:27:52 - DEBUG --> UserData end:  a:0:{} 
2016-06-18 1:27:52 - DEBUG --> Archivo \components\com_jhotelreservation\classes\services\UserDataService.php 
2016-06-18 1:27:52 - DEBUG --> initializeReservationData 
2016-06-18 1:27:52 - DEBUG --> UserData: a:0:{} 
2016-06-18 1:27:52 - DEBUG --> Archivo \components\com_jhotelreservation\classes\services\UserDataService.php 
2016-06-18 1:27:52 - DEBUG --> updateUserData 
2016-06-18 1:27:52 - DEBUG --> Archivo \components\com_jhotelreservation\classes\services\UserDataService.php 
2016-06-18 1:27:52 - DEBUG --> getUserData 
2016-06-18 1:27:52 - DEBUG --> Archivo \components\com_jhotelreservation\classes\services\UserDataService.php 
2016-06-18 1:27:52 - DEBUG --> setCurrency 
2016-06-18 1:27:52 - DEBUG --> Archivo \components\com_jhotelreservation\classes\services\UserDataService.php 
2016-06-18 1:27:52 - DEBUG --> getUserData 
2016-06-18 1:27:52 - DEBUG --> Archivo \components\com_jhotelreservation\classes\services\UserDataService.php 
2016-06-18 1:27:52 - DEBUG --> getUserData 
2016-06-18 1:27:52 - DEBUG --> Archivo \components\com_jhotelreservation\classes\services\UserDataService.php 
2016-06-18 1:27:52 - DEBUG --> getUserData 
2016-06-18 1:27:52 - DEBUG --> Archivo \components\com_jhotelreservationiews\hotel	mpl\hoteloverview.php 
2016-06-18 1:27:52 - DEBUG --> Accedió 
2016-06-18 2:14:03 - DEBUG --> Archivo \components\com_jhotelreservation\classes\services\UserDataService.php 
2016-06-18 2:14:03 - DEBUG --> initializeUserData 
2016-06-18 2:14:03 - DEBUG --> UserData first: N; 
2016-06-18 2:14:03 - DEBUG --> Archivo \components\com_jhotelreservation\classes\services\UserDataService.php 
2016-06-18 2:14:03 - DEBUG --> createUserData 
2016-06-18 2:14:03 - DEBUG --> UserData end:  a:0:{} 
2016-06-18 2:14:03 - DEBUG --> Archivo \components\com_jhotelreservation\classes\services\UserDataService.php 
2016-06-18 2:14:03 - DEBUG --> initializeUserData 
2016-06-18 2:14:03 - DEBUG --> UserData first: a:0:{} 
2016-06-18 2:14:03 - DEBUG --> UserData end:  a:0:{} 
2016-06-18 2:14:03 - DEBUG --> Archivo \components\com_jhotelreservation\classes\services\UserDataService.php 
2016-06-18 2:14:03 - DEBUG --> initializeReservationData 
2016-06-18 2:14:03 - DEBUG --> UserData: a:0:{} 
2016-06-18 2:14:03 - DEBUG --> Archivo \components\com_jhotelreservation\classes\services\UserDataService.php 
2016-06-18 2:14:03 - DEBUG --> updateUserData 
2016-06-18 2:14:03 - DEBUG --> Archivo \components\com_jhotelreservation\classes\services\UserDataService.php 
2016-06-18 2:14:03 - DEBUG --> getUserData 
2016-06-18 2:14:03 - DEBUG --> Archivo \components\com_jhotelreservation\classes\services\UserDataService.php 
2016-06-18 2:14:03 - DEBUG --> setCurrency 
2016-06-18 2:14:03 - DEBUG --> Archivo \components\com_jhotelreservation\classes\services\UserDataService.php 
2016-06-18 2:14:03 - DEBUG --> getUserData 
2016-06-18 2:14:03 - DEBUG --> Archivo \components\com_jhotelreservation\classes\services\UserDataService.php 
2016-06-18 2:14:03 - DEBUG --> getUserData 
2016-06-18 2:14:03 - DEBUG --> Archivo \components\com_jhotelreservation\classes\services\UserDataService.php 
2016-06-18 2:14:03 - DEBUG --> getUserData 
2016-06-18 2:14:03 - DEBUG --> Archivo \components\com_jhotelreservationiews\hotel	mpl\hoteloverview.php 
2016-06-18 2:14:03 - DEBUG --> Accedió 
2016-06-18 3:42:55 - DEBUG --> Archivo \components\com_jhotelreservation\classes\services\UserDataService.php 
2016-06-18 3:42:55 - DEBUG --> initializeUserData 
2016-06-18 3:42:55 - DEBUG --> UserData first: a:0:{} 
2016-06-18 3:42:55 - DEBUG --> UserData end:  a:0:{} 
2016-06-18 3:43:10 - DEBUG --> Archivo \components\com_jhotelreservation\classes\services\UserDataService.php 
2016-06-18 3:43:10 - DEBUG --> initializeUserData 
2016-06-18 3:43:10 - DEBUG --> UserData first: a:0:{} 
2016-06-18 3:43:10 - DEBUG --> Archivo \components\com_jhotelreservation\classes\services\UserDataService.php 
2016-06-18 3:43:10 - DEBUG --> createUserData 
2016-06-18 3:43:10 - DEBUG --> voucher:  
2016-06-18 3:43:10 - DEBUG --> UserData end:  a:0:{} 
2016-06-18 3:43:10 - DEBUG --> Archivo \components\com_jhotelreservation\classes\services\UserDataService.php 
2016-06-18 3:43:10 - DEBUG --> initializeUserData 
2016-06-18 3:43:10 - DEBUG --> UserData first: a:0:{} 
2016-06-18 3:43:10 - DEBUG --> Archivo \components\com_jhotelreservation\classes\services\UserDataService.php 
2016-06-18 3:43:10 - DEBUG --> createUserData 
2016-06-18 3:43:10 - DEBUG --> voucher:  
2016-06-18 3:43:10 - DEBUG --> UserData end:  a:0:{} 
2016-06-18 3:43:31 - DEBUG --> Archivo \components\com_jhotelreservation\classes\services\UserDataService.php 
2016-06-18 3:43:31 - DEBUG --> initializeUserData 
2016-06-18 3:43:31 - DEBUG --> UserData first: a:0:{} 
2016-06-18 3:43:31 - DEBUG --> UserData end:  a:0:{} 
2016-06-18 3:43:31 - DEBUG --> Archivo \components\com_jhotelreservation\classes\services\UserDataService.php 
2016-06-18 3:43:31 - DEBUG --> initializeUserData 
2016-06-18 3:43:31 - DEBUG --> UserData first: a:0:{} 
2016-06-18 3:43:31 - DEBUG --> UserData end:  a:0:{} 
2016-06-18 3:43:31 - DEBUG --> Archivo \components\com_jhotelreservation\classes\services\UserDataService.php 
2016-06-18 3:43:31 - DEBUG --> initializeReservationData 
2016-06-18 3:43:31 - DEBUG --> UserData: a:0:{} 
2016-06-18 3:43:31 - DEBUG --> Archivo \components\com_jhotelreservation\classes\services\UserDataService.php 
2016-06-18 3:43:31 - DEBUG --> updateUserData 
2016-06-18 3:43:31 - DEBUG --> Archivo \components\com_jhotelreservation\classes\services\UserDataService.php 
2016-06-18 3:43:31 - DEBUG --> getUserData 
2016-06-18 3:43:31 - DEBUG --> Archivo \components\com_jhotelreservation\classes\services\UserDataService.php 
2016-06-18 3:43:31 - DEBUG --> setCurrency 
2016-06-18 3:43:31 - DEBUG --> Archivo \components\com_jhotelreservation\classes\services\UserDataService.php 
2016-06-18 3:43:31 - DEBUG --> getUserData 
2016-06-18 3:43:31 - DEBUG --> Archivo \components\com_jhotelreservation\classes\services\UserDataService.php 
2016-06-18 3:43:31 - DEBUG --> getUserData 
2016-06-18 3:43:31 - DEBUG --> Archivo \components\com_jhotelreservation\classes\services\UserDataService.php 
2016-06-18 3:43:31 - DEBUG --> getUserData 
2016-06-18 3:43:31 - DEBUG --> Archivo \components\com_jhotelreservationiews\hotel	mpl\hoteloverview.php 
2016-06-18 3:43:31 - DEBUG --> Accedió 
2016-06-18 7:14:38 - DEBUG --> Archivo \components\com_jhotelreservation\classes\services\UserDataService.php 
2016-06-18 7:14:38 - DEBUG --> initializeUserData 
2016-06-18 7:14:38 - DEBUG --> UserData first: N; 
2016-06-18 7:14:38 - DEBUG --> Archivo \components\com_jhotelreservation\classes\services\UserDataService.php 
2016-06-18 7:14:38 - DEBUG --> createUserData 
2016-06-18 7:14:38 - DEBUG --> UserData end:  a:0:{} 
2016-06-18 7:14:38 - DEBUG --> Archivo \components\com_jhotelreservation\classes\services\UserDataService.php 
2016-06-18 7:14:38 - DEBUG --> initializeUserData 
2016-06-18 7:14:38 - DEBUG --> UserData first: a:0:{} 
2016-06-18 7:14:38 - DEBUG --> UserData end:  a:0:{} 
2016-06-18 7:14:38 - DEBUG --> Archivo \components\com_jhotelreservation\classes\services\UserDataService.php 
2016-06-18 7:14:38 - DEBUG --> initializeReservationData 
2016-06-18 7:14:38 - DEBUG --> UserData: a:0:{} 
2016-06-18 7:14:38 - DEBUG --> Archivo \components\com_jhotelreservation\classes\services\UserDataService.php 
2016-06-18 7:14:38 - DEBUG --> updateUserData 
2016-06-18 7:14:38 - DEBUG --> Archivo \components\com_jhotelreservation\classes\services\UserDataService.php 
2016-06-18 7:14:38 - DEBUG --> getUserData 
2016-06-18 7:14:38 - DEBUG --> Archivo \components\com_jhotelreservation\classes\services\UserDataService.php 
2016-06-18 7:14:38 - DEBUG --> setCurrency 
2016-06-18 7:14:38 - DEBUG --> Archivo \components\com_jhotelreservation\classes\services\UserDataService.php 
2016-06-18 7:14:38 - DEBUG --> getUserData 
2016-06-18 7:14:38 - DEBUG --> Archivo \components\com_jhotelreservation\classes\services\UserDataService.php 
2016-06-18 7:14:38 - DEBUG --> getUserData 
2016-06-18 7:14:38 - DEBUG --> Archivo \components\com_jhotelreservation\classes\services\UserDataService.php 
2016-06-18 7:14:38 - DEBUG --> getUserData 
2016-06-18 7:14:38 - DEBUG --> Archivo \components\com_jhotelreservationiews\hotel	mpl\hoteloverview.php 
2016-06-18 7:14:38 - DEBUG --> Accedió 
2016-06-18 7:14:41 - DEBUG --> Archivo \components\com_jhotelreservation\classes\services\UserDataService.php 
2016-06-18 7:14:41 - DEBUG --> initializeUserData 
2016-06-18 7:14:41 - DEBUG --> UserData first: N; 
2016-06-18 7:14:41 - DEBUG --> Archivo \components\com_jhotelreservation\classes\services\UserDataService.php 
2016-06-18 7:14:41 - DEBUG --> createUserData 
2016-06-18 7:14:41 - DEBUG --> UserData end:  a:0:{} 
2016-06-18 7:14:41 - DEBUG --> Archivo \components\com_jhotelreservation\classes\services\UserDataService.php 
2016-06-18 7:14:41 - DEBUG --> initializeUserData 
2016-06-18 7:14:41 - DEBUG --> UserData first: a:0:{} 
2016-06-18 7:14:41 - DEBUG --> UserData end:  a:0:{} 
2016-06-18 7:14:41 - DEBUG --> Archivo \components\com_jhotelreservation\classes\services\UserDataService.php 
2016-06-18 7:14:41 - DEBUG --> initializeReservationData 
2016-06-18 7:14:41 - DEBUG --> UserData: a:0:{} 
2016-06-18 7:14:41 - DEBUG --> Archivo \components\com_jhotelreservation\classes\services\UserDataService.php 
2016-06-18 7:14:41 - DEBUG --> updateUserData 
2016-06-18 7:14:41 - DEBUG --> Archivo \components\com_jhotelreservation\classes\services\UserDataService.php 
2016-06-18 7:14:41 - DEBUG --> getUserData 
2016-06-18 7:14:41 - DEBUG --> Archivo \components\com_jhotelreservation\classes\services\UserDataService.php 
2016-06-18 7:14:41 - DEBUG --> setCurrency 
2016-06-18 7:14:41 - DEBUG --> Archivo \components\com_jhotelreservation\classes\services\UserDataService.php 
2016-06-18 7:14:41 - DEBUG --> getUserData 
2016-06-18 7:14:41 - DEBUG --> Archivo \components\com_jhotelreservation\classes\services\UserDataService.php 
2016-06-18 7:14:41 - DEBUG --> getUserData 
2016-06-18 7:14:41 - DEBUG --> Archivo \components\com_jhotelreservation\classes\services\UserDataService.php 
2016-06-18 7:14:41 - DEBUG --> getUserData 
2016-06-18 7:14:41 - DEBUG --> Archivo \components\com_jhotelreservationiews\hotel	mpl\hoteloverview.php 
2016-06-18 7:14:41 - DEBUG --> Accedió 
2016-06-18 7:14:43 - DEBUG --> Archivo \components\com_jhotelreservation\classes\services\UserDataService.php 
2016-06-18 7:14:43 - DEBUG --> initializeUserData 
2016-06-18 7:14:43 - DEBUG --> UserData first: N; 
2016-06-18 7:14:43 - DEBUG --> Archivo \components\com_jhotelreservation\classes\services\UserDataService.php 
2016-06-18 7:14:43 - DEBUG --> createUserData 
2016-06-18 7:14:43 - DEBUG --> UserData end:  a:0:{} 
2016-06-18 7:14:43 - DEBUG --> Archivo \components\com_jhotelreservation\classes\services\UserDataService.php 
2016-06-18 7:14:43 - DEBUG --> initializeUserData 
2016-06-18 7:14:43 - DEBUG --> UserData first: a:0:{} 
2016-06-18 7:14:43 - DEBUG --> UserData end:  a:0:{} 
2016-06-18 7:14:43 - DEBUG --> Archivo \components\com_jhotelreservation\classes\services\UserDataService.php 
2016-06-18 7:14:43 - DEBUG --> initializeReservationData 
2016-06-18 7:14:43 - DEBUG --> UserData: a:0:{} 
2016-06-18 7:14:43 - DEBUG --> Archivo \components\com_jhotelreservation\classes\services\UserDataService.php 
2016-06-18 7:14:43 - DEBUG --> updateUserData 
2016-06-18 7:14:43 - DEBUG --> Archivo \components\com_jhotelreservation\classes\services\UserDataService.php 
2016-06-18 7:14:43 - DEBUG --> getUserData 
2016-06-18 7:14:43 - DEBUG --> Archivo \components\com_jhotelreservation\classes\services\UserDataService.php 
2016-06-18 7:14:43 - DEBUG --> setCurrency 
2016-06-18 7:14:43 - DEBUG --> Archivo \components\com_jhotelreservation\classes\services\UserDataService.php 
2016-06-18 7:14:43 - DEBUG --> getUserData 
2016-06-18 7:14:43 - DEBUG --> Archivo \components\com_jhotelreservation\classes\services\UserDataService.php 
2016-06-18 7:14:43 - DEBUG --> getUserData 
2016-06-18 7:14:43 - DEBUG --> Archivo \components\com_jhotelreservation\classes\services\UserDataService.php 
2016-06-18 7:14:43 - DEBUG --> getUserData 
2016-06-18 7:14:45 - DEBUG --> Archivo \components\com_jhotelreservation\classes\services\UserDataService.php 
2016-06-18 7:14:45 - DEBUG --> initializeUserData 
2016-06-18 7:14:45 - DEBUG --> UserData first: N; 
2016-06-18 7:14:45 - DEBUG --> Archivo \components\com_jhotelreservation\classes\services\UserDataService.php 
2016-06-18 7:14:45 - DEBUG --> createUserData 
2016-06-18 7:14:45 - DEBUG --> UserData end:  a:0:{} 
2016-06-18 7:14:45 - DEBUG --> Archivo \components\com_jhotelreservation\classes\services\UserDataService.php 
2016-06-18 7:14:45 - DEBUG --> initializeUserData 
2016-06-18 7:14:45 - DEBUG --> UserData first: a:0:{} 
2016-06-18 7:14:45 - DEBUG --> UserData end:  a:0:{} 
2016-06-18 7:14:45 - DEBUG --> Archivo \components\com_jhotelreservation\classes\services\UserDataService.php 
2016-06-18 7:14:45 - DEBUG --> initializeReservationData 
2016-06-18 7:14:45 - DEBUG --> UserData: a:0:{} 
2016-06-18 7:14:45 - DEBUG --> Archivo \components\com_jhotelreservation\classes\services\UserDataService.php 
2016-06-18 7:14:45 - DEBUG --> updateUserData 
2016-06-18 7:14:45 - DEBUG --> Archivo \components\com_jhotelreservation\classes\services\UserDataService.php 
2016-06-18 7:14:45 - DEBUG --> getUserData 
2016-06-18 7:14:45 - DEBUG --> Archivo \components\com_jhotelreservation\classes\services\UserDataService.php 
2016-06-18 7:14:45 - DEBUG --> setCurrency 
2016-06-18 7:14:45 - DEBUG --> Archivo \components\com_jhotelreservation\classes\services\UserDataService.php 
2016-06-18 7:14:45 - DEBUG --> getUserData 
2016-06-18 7:14:45 - DEBUG --> Archivo \components\com_jhotelreservation\classes\services\UserDataService.php 
2016-06-18 7:14:45 - DEBUG --> getUserData 
2016-06-18 7:14:45 - DEBUG --> Archivo \components\com_jhotelreservation\classes\services\UserDataService.php 
2016-06-18 7:14:45 - DEBUG --> getUserData 
2016-06-18 7:14:45 - DEBUG --> Archivo \components\com_jhotelreservationiews\hotel	mpl\hoteloverview.php 
2016-06-18 7:14:45 - DEBUG --> Accedió 
2016-06-18 7:14:47 - DEBUG --> Archivo \components\com_jhotelreservation\classes\services\UserDataService.php 
2016-06-18 7:14:47 - DEBUG --> initializeUserData 
2016-06-18 7:14:47 - DEBUG --> UserData first: N; 
2016-06-18 7:14:47 - DEBUG --> Archivo \components\com_jhotelreservation\classes\services\UserDataService.php 
2016-06-18 7:14:47 - DEBUG --> createUserData 
2016-06-18 7:14:47 - DEBUG --> UserData end:  a:0:{} 
2016-06-18 7:14:47 - DEBUG --> Archivo \components\com_jhotelreservation\classes\services\UserDataService.php 
2016-06-18 7:14:47 - DEBUG --> initializeUserData 
2016-06-18 7:14:47 - DEBUG --> UserData first: a:0:{} 
2016-06-18 7:14:47 - DEBUG --> UserData end:  a:0:{} 
2016-06-18 7:14:47 - DEBUG --> Archivo \components\com_jhotelreservation\classes\services\UserDataService.php 
2016-06-18 7:14:47 - DEBUG --> initializeReservationData 
2016-06-18 7:14:47 - DEBUG --> UserData: a:0:{} 
2016-06-18 7:14:47 - DEBUG --> Archivo \components\com_jhotelreservation\classes\services\UserDataService.php 
2016-06-18 7:14:47 - DEBUG --> updateUserData 
2016-06-18 7:14:47 - DEBUG --> Archivo \components\com_jhotelreservation\classes\services\UserDataService.php 
2016-06-18 7:14:47 - DEBUG --> getUserData 
2016-06-18 7:14:47 - DEBUG --> Archivo \components\com_jhotelreservation\classes\services\UserDataService.php 
2016-06-18 7:14:47 - DEBUG --> setCurrency 
2016-06-18 7:14:47 - DEBUG --> Archivo \components\com_jhotelreservation\classes\services\UserDataService.php 
2016-06-18 7:14:47 - DEBUG --> getUserData 
2016-06-18 7:14:47 - DEBUG --> Archivo \components\com_jhotelreservation\classes\services\UserDataService.php 
2016-06-18 7:14:47 - DEBUG --> getUserData 
2016-06-18 7:14:47 - DEBUG --> Archivo \components\com_jhotelreservation\classes\services\UserDataService.php 
2016-06-18 7:14:47 - DEBUG --> getUserData 
2016-06-18 7:14:47 - DEBUG --> Archivo \components\com_jhotelreservationiews\hotel	mpl\hoteloverview.php 
2016-06-18 7:14:47 - DEBUG --> Accedió 
2016-06-18 9:23:37 - DEBUG --> Archivo \components\com_jhotelreservation\classes\services\UserDataService.php 
2016-06-18 9:23:37 - DEBUG --> initializeUserData 
2016-06-18 9:23:37 - DEBUG --> UserData first: N; 
2016-06-18 9:23:37 - DEBUG --> Archivo \components\com_jhotelreservation\classes\services\UserDataService.php 
2016-06-18 9:23:37 - DEBUG --> createUserData 
2016-06-18 9:23:37 - DEBUG --> UserData end:  a:0:{} 
2016-06-18 9:23:37 - DEBUG --> Archivo \components\com_jhotelreservation\classes\services\UserDataService.php 
2016-06-18 9:23:37 - DEBUG --> initializeUserData 
2016-06-18 9:23:37 - DEBUG --> UserData first: a:0:{} 
2016-06-18 9:23:37 - DEBUG --> UserData end:  a:0:{} 
2016-06-18 9:23:37 - DEBUG --> Archivo \components\com_jhotelreservation\classes\services\UserDataService.php 
2016-06-18 9:23:37 - DEBUG --> initializeReservationData 
2016-06-18 9:23:37 - DEBUG --> UserData: a:0:{} 
2016-06-18 9:23:37 - DEBUG --> Archivo \components\com_jhotelreservation\classes\services\UserDataService.php 
2016-06-18 9:23:37 - DEBUG --> updateUserData 
2016-06-18 9:23:37 - DEBUG --> Archivo \components\com_jhotelreservation\classes\services\UserDataService.php 
2016-06-18 9:23:37 - DEBUG --> getUserData 
2016-06-18 9:23:37 - DEBUG --> Archivo \components\com_jhotelreservation\classes\services\UserDataService.php 
2016-06-18 9:23:37 - DEBUG --> setCurrency 
2016-06-18 9:23:37 - DEBUG --> Archivo \components\com_jhotelreservation\classes\services\UserDataService.php 
2016-06-18 9:23:37 - DEBUG --> getUserData 
2016-06-18 9:23:37 - DEBUG --> Archivo \components\com_jhotelreservation\classes\services\UserDataService.php 
2016-06-18 9:23:37 - DEBUG --> getUserData 
2016-06-18 9:23:37 - DEBUG --> Archivo \components\com_jhotelreservation\classes\services\UserDataService.php 
2016-06-18 9:23:37 - DEBUG --> getUserData 
2016-06-18 9:23:37 - DEBUG --> Archivo \components\com_jhotelreservationiews\hotel	mpl\hoteloverview.php 
2016-06-18 9:23:37 - DEBUG --> Accedió 
2016-06-18 11:50:39 - DEBUG --> Archivo \components\com_jhotelreservation\classes\services\UserDataService.php 
2016-06-18 11:50:39 - DEBUG --> initializeUserData 
2016-06-18 11:50:39 - DEBUG --> UserData first: N; 
2016-06-18 11:50:39 - DEBUG --> Archivo \components\com_jhotelreservation\classes\services\UserDataService.php 
2016-06-18 11:50:39 - DEBUG --> createUserData 
2016-06-18 11:50:39 - DEBUG --> UserData end:  a:0:{} 
2016-06-18 11:50:39 - DEBUG --> Archivo \components\com_jhotelreservation\classes\services\UserDataService.php 
2016-06-18 11:50:39 - DEBUG --> initializeUserData 
2016-06-18 11:50:39 - DEBUG --> UserData first: a:0:{} 
2016-06-18 11:50:39 - DEBUG --> UserData end:  a:0:{} 
2016-06-18 11:50:39 - DEBUG --> Archivo \components\com_jhotelreservation\classes\services\UserDataService.php 
2016-06-18 11:50:39 - DEBUG --> initializeReservationData 
2016-06-18 11:50:39 - DEBUG --> UserData: a:0:{} 
2016-06-18 11:50:39 - DEBUG --> Archivo \components\com_jhotelreservation\classes\services\UserDataService.php 
2016-06-18 11:50:39 - DEBUG --> updateUserData 
2016-06-18 11:50:39 - DEBUG --> Archivo \components\com_jhotelreservation\classes\services\UserDataService.php 
2016-06-18 11:50:39 - DEBUG --> getUserData 
2016-06-18 11:50:39 - DEBUG --> Archivo \components\com_jhotelreservation\classes\services\UserDataService.php 
2016-06-18 11:50:39 - DEBUG --> setCurrency 
2016-06-18 11:50:39 - DEBUG --> Archivo \components\com_jhotelreservation\classes\services\UserDataService.php 
2016-06-18 11:50:39 - DEBUG --> getUserData 
2016-06-18 11:50:39 - DEBUG --> Archivo \components\com_jhotelreservation\classes\services\UserDataService.php 
2016-06-18 11:50:39 - DEBUG --> getUserData 
2016-06-18 11:50:39 - DEBUG --> Archivo \components\com_jhotelreservation\classes\services\UserDataService.php 
2016-06-18 11:50:39 - DEBUG --> getUserData 
2016-06-18 11:50:39 - DEBUG --> Archivo \components\com_jhotelreservationiews\hotel	mpl\hoteloverview.php 
2016-06-18 11:50:39 - DEBUG --> Accedió 
2016-06-18 13:49:49 - DEBUG --> Archivo \components\com_jhotelreservation\classes\services\UserDataService.php 
2016-06-18 13:49:49 - DEBUG --> initializeUserData 
2016-06-18 13:49:49 - DEBUG --> UserData first: N; 
2016-06-18 13:49:49 - DEBUG --> Archivo \components\com_jhotelreservation\classes\services\UserDataService.php 
2016-06-18 13:49:49 - DEBUG --> createUserData 
2016-06-18 13:49:49 - DEBUG --> UserData end:  a:0:{} 
2016-06-18 13:49:49 - DEBUG --> Archivo \components\com_jhotelreservation\classes\services\UserDataService.php 
2016-06-18 13:49:49 - DEBUG --> initializeUserData 
2016-06-18 13:49:49 - DEBUG --> UserData first: a:0:{} 
2016-06-18 13:49:49 - DEBUG --> UserData end:  a:0:{} 
2016-06-18 13:49:49 - DEBUG --> Archivo \components\com_jhotelreservation\classes\services\UserDataService.php 
2016-06-18 13:49:49 - DEBUG --> initializeReservationData 
2016-06-18 13:49:49 - DEBUG --> UserData: a:0:{} 
2016-06-18 13:49:49 - DEBUG --> Archivo \components\com_jhotelreservation\classes\services\UserDataService.php 
2016-06-18 13:49:49 - DEBUG --> updateUserData 
2016-06-18 13:49:49 - DEBUG --> Archivo \components\com_jhotelreservation\classes\services\UserDataService.php 
2016-06-18 13:49:49 - DEBUG --> getUserData 
2016-06-18 13:49:49 - DEBUG --> Archivo \components\com_jhotelreservation\classes\services\UserDataService.php 
2016-06-18 13:49:49 - DEBUG --> setCurrency 
2016-06-18 13:49:49 - DEBUG --> Archivo \components\com_jhotelreservation\classes\services\UserDataService.php 
2016-06-18 13:49:49 - DEBUG --> getUserData 
2016-06-18 13:49:49 - DEBUG --> Archivo \components\com_jhotelreservation\classes\services\UserDataService.php 
2016-06-18 13:49:49 - DEBUG --> getUserData 
2016-06-18 13:49:49 - DEBUG --> Archivo \components\com_jhotelreservation\classes\services\UserDataService.php 
2016-06-18 13:49:49 - DEBUG --> getUserData 
2016-06-18 14:45:12 - DEBUG --> Archivo \components\com_jhotelreservation\classes\services\UserDataService.php 
2016-06-18 14:45:12 - DEBUG --> initializeUserData 
2016-06-18 14:45:12 - DEBUG --> UserData first: a:0:{} 
2016-06-18 14:45:12 - DEBUG --> Archivo \components\com_jhotelreservation\classes\services\UserDataService.php 
2016-06-18 14:45:12 - DEBUG --> createUserData 
2016-06-18 14:45:12 - DEBUG --> voucher:  
2016-06-18 14:45:12 - DEBUG --> UserData end:  a:0:{} 
2016-06-18 14:45:12 - DEBUG --> Archivo \components\com_jhotelreservation\classes\services\UserDataService.php 
2016-06-18 14:45:12 - DEBUG --> initializeUserData 
2016-06-18 14:45:12 - DEBUG --> UserData first: a:0:{} 
2016-06-18 14:45:12 - DEBUG --> Archivo \components\com_jhotelreservation\classes\services\UserDataService.php 
2016-06-18 14:45:12 - DEBUG --> createUserData 
2016-06-18 14:45:12 - DEBUG --> voucher:  
2016-06-18 14:45:12 - DEBUG --> UserData end:  a:0:{} 
2016-06-18 16:11:43 - DEBUG --> Archivo \components\com_jhotelreservation\classes\services\UserDataService.php 
2016-06-18 16:11:43 - DEBUG --> initializeUserData 
2016-06-18 16:11:43 - DEBUG --> UserData first: a:0:{} 
2016-06-18 16:11:43 - DEBUG --> UserData end:  a:0:{} 
2016-06-18 16:11:47 - DEBUG --> Archivo \components\com_jhotelreservation\classes\services\UserDataService.php 
2016-06-18 16:11:47 - DEBUG --> initializeUserData 
2016-06-18 16:11:47 - DEBUG --> UserData first: a:0:{} 
2016-06-18 16:11:47 - DEBUG --> Archivo \components\com_jhotelreservation\classes\services\UserDataService.php 
2016-06-18 16:11:47 - DEBUG --> createUserData 
2016-06-18 16:11:47 - DEBUG --> voucher:  
2016-06-18 16:11:47 - DEBUG --> UserData end:  a:0:{} 
2016-06-18 16:11:47 - DEBUG --> Archivo \components\com_jhotelreservation\classes\services\UserDataService.php 
2016-06-18 16:11:47 - DEBUG --> initializeUserData 
2016-06-18 16:11:47 - DEBUG --> UserData first: a:0:{} 
2016-06-18 16:11:47 - DEBUG --> Archivo \components\com_jhotelreservation\classes\services\UserDataService.php 
2016-06-18 16:11:47 - DEBUG --> createUserData 
2016-06-18 16:11:47 - DEBUG --> voucher:  
2016-06-18 16:11:47 - DEBUG --> UserData end:  a:0:{} 
2016-06-18 17:13:51 - DEBUG --> Archivo \components\com_jhotelreservation\classes\services\UserDataService.php 
2016-06-18 17:13:51 - DEBUG --> initializeUserData 
2016-06-18 17:13:51 - DEBUG --> UserData first: N; 
2016-06-18 17:13:51 - DEBUG --> Archivo \components\com_jhotelreservation\classes\services\UserDataService.php 
2016-06-18 17:13:51 - DEBUG --> createUserData 
2016-06-18 17:13:51 - DEBUG --> UserData end:  a:0:{} 
2016-06-18 17:13:51 - DEBUG --> Archivo \components\com_jhotelreservation\classes\services\UserDataService.php 
2016-06-18 17:13:51 - DEBUG --> initializeUserData 
2016-06-18 17:13:51 - DEBUG --> UserData first: a:0:{} 
2016-06-18 17:13:51 - DEBUG --> UserData end:  a:0:{} 
2016-06-18 17:13:51 - DEBUG --> Archivo \components\com_jhotelreservation\classes\services\UserDataService.php 
2016-06-18 17:13:51 - DEBUG --> initializeReservationData 
2016-06-18 17:13:51 - DEBUG --> UserData: a:0:{} 
2016-06-18 17:13:51 - DEBUG --> Archivo \components\com_jhotelreservation\classes\services\UserDataService.php 
2016-06-18 17:13:51 - DEBUG --> updateUserData 
2016-06-18 17:13:51 - DEBUG --> Archivo \components\com_jhotelreservation\classes\services\UserDataService.php 
2016-06-18 17:13:51 - DEBUG --> getUserData 
2016-06-18 17:13:51 - DEBUG --> Archivo \components\com_jhotelreservation\classes\services\UserDataService.php 
2016-06-18 17:13:51 - DEBUG --> setCurrency 
2016-06-18 17:13:51 - DEBUG --> Archivo \components\com_jhotelreservation\classes\services\UserDataService.php 
2016-06-18 17:13:51 - DEBUG --> getUserData 
2016-06-18 17:13:51 - DEBUG --> Archivo \components\com_jhotelreservation\classes\services\UserDataService.php 
2016-06-18 17:13:51 - DEBUG --> getUserData 
2016-06-18 17:13:51 - DEBUG --> Archivo \components\com_jhotelreservation\classes\services\UserDataService.php 
2016-06-18 17:13:51 - DEBUG --> getUserData 
2016-06-18 17:13:51 - DEBUG --> Archivo \components\com_jhotelreservationiews\hotel	mpl\hoteloverview.php 
2016-06-18 17:13:51 - DEBUG --> Accedió 
2016-06-18 20:56:33 - DEBUG --> Archivo \components\com_jhotelreservation\classes\services\UserDataService.php 
2016-06-18 20:56:33 - DEBUG --> initializeUserData 
2016-06-18 20:56:33 - DEBUG --> UserData first: N; 
2016-06-18 20:56:33 - DEBUG --> Archivo \components\com_jhotelreservation\classes\services\UserDataService.php 
2016-06-18 20:56:33 - DEBUG --> createUserData 
2016-06-18 20:56:33 - DEBUG --> UserData end:  a:0:{} 
2016-06-18 20:56:33 - DEBUG --> Archivo \components\com_jhotelreservation\classes\services\UserDataService.php 
2016-06-18 20:56:33 - DEBUG --> initializeUserData 
2016-06-18 20:56:33 - DEBUG --> UserData first: a:0:{} 
2016-06-18 20:56:33 - DEBUG --> UserData end:  a:0:{} 
2016-06-18 20:56:33 - DEBUG --> Archivo \components\com_jhotelreservation\classes\services\UserDataService.php 
2016-06-18 20:56:33 - DEBUG --> initializeReservationData 
2016-06-18 20:56:33 - DEBUG --> UserData: a:0:{} 
2016-06-18 20:56:33 - DEBUG --> Archivo \components\com_jhotelreservation\classes\services\UserDataService.php 
2016-06-18 20:56:33 - DEBUG --> updateUserData 
2016-06-18 20:56:33 - DEBUG --> Archivo \components\com_jhotelreservation\classes\services\UserDataService.php 
2016-06-18 20:56:33 - DEBUG --> getUserData 
2016-06-18 20:56:33 - DEBUG --> Archivo \components\com_jhotelreservation\classes\services\UserDataService.php 
2016-06-18 20:56:33 - DEBUG --> setCurrency 
2016-06-18 20:56:33 - DEBUG --> Archivo \components\com_jhotelreservation\classes\services\UserDataService.php 
2016-06-18 20:56:33 - DEBUG --> getUserData 
2016-06-18 20:56:33 - DEBUG --> Archivo \components\com_jhotelreservation\classes\services\UserDataService.php 
2016-06-18 20:56:33 - DEBUG --> getUserData 
2016-06-18 20:56:33 - DEBUG --> Archivo \components\com_jhotelreservation\classes\services\UserDataService.php 
2016-06-18 20:56:33 - DEBUG --> getUserData 
2016-06-18 20:56:33 - DEBUG --> Archivo \components\com_jhotelreservationiews\hotel	mpl\hoteloverview.php 
2016-06-18 20:56:33 - DEBUG --> Accedió 
2016-06-18 20:57:56 - DEBUG --> Archivo \components\com_jhotelreservation\classes\services\UserDataService.php 
2016-06-18 20:57:56 - DEBUG --> initializeUserData 
2016-06-18 20:57:56 - DEBUG --> UserData first: N; 
2016-06-18 20:57:56 - DEBUG --> Archivo \components\com_jhotelreservation\classes\services\UserDataService.php 
2016-06-18 20:57:56 - DEBUG --> createUserData 
2016-06-18 20:57:56 - DEBUG --> UserData end:  a:0:{} 
2016-06-18 20:57:56 - DEBUG --> Archivo \components\com_jhotelreservation\classes\services\UserDataService.php 
2016-06-18 20:57:56 - DEBUG --> initializeUserData 
2016-06-18 20:57:56 - DEBUG --> UserData first: a:0:{} 
2016-06-18 20:57:56 - DEBUG --> UserData end:  a:0:{} 
2016-06-18 20:57:56 - DEBUG --> Archivo \components\com_jhotelreservation\classes\services\UserDataService.php 
2016-06-18 20:57:56 - DEBUG --> initializeReservationData 
2016-06-18 20:57:56 - DEBUG --> UserData: a:0:{} 
2016-06-18 20:57:56 - DEBUG --> Archivo \components\com_jhotelreservation\classes\services\UserDataService.php 
2016-06-18 20:57:56 - DEBUG --> updateUserData 
2016-06-18 20:57:56 - DEBUG --> Archivo \components\com_jhotelreservation\classes\services\UserDataService.php 
2016-06-18 20:57:56 - DEBUG --> getUserData 
2016-06-18 20:57:56 - DEBUG --> Archivo \components\com_jhotelreservation\classes\services\UserDataService.php 
2016-06-18 20:57:56 - DEBUG --> setCurrency 
2016-06-18 20:57:56 - DEBUG --> Archivo \components\com_jhotelreservation\classes\services\UserDataService.php 
2016-06-18 20:57:56 - DEBUG --> getUserData 
2016-06-18 20:57:56 - DEBUG --> Archivo \components\com_jhotelreservation\classes\services\UserDataService.php 
2016-06-18 20:57:56 - DEBUG --> getUserData 
2016-06-18 20:57:56 - DEBUG --> Archivo \components\com_jhotelreservation\classes\services\UserDataService.php 
2016-06-18 20:57:56 - DEBUG --> getUserData 
2016-06-18 20:57:56 - DEBUG --> Archivo \components\com_jhotelreservationiews\hotel	mpl\hoteloverview.php 
2016-06-18 20:57:56 - DEBUG --> Accedió 
2016-06-18 20:58:10 - DEBUG --> Archivo \components\com_jhotelreservation\classes\services\UserDataService.php 
2016-06-18 20:58:10 - DEBUG --> initializeUserData 
2016-06-18 20:58:10 - DEBUG --> UserData first: N; 
2016-06-18 20:58:10 - DEBUG --> Archivo \components\com_jhotelreservation\classes\services\UserDataService.php 
2016-06-18 20:58:10 - DEBUG --> createUserData 
2016-06-18 20:58:10 - DEBUG --> UserData end:  a:0:{} 
2016-06-18 20:58:10 - DEBUG --> Archivo \components\com_jhotelreservation\classes\services\UserDataService.php 
2016-06-18 20:58:10 - DEBUG --> initializeUserData 
2016-06-18 20:58:10 - DEBUG --> UserData first: a:0:{} 
2016-06-18 20:58:10 - DEBUG --> UserData end:  a:0:{} 
2016-06-18 20:58:10 - DEBUG --> Archivo \components\com_jhotelreservation\classes\services\UserDataService.php 
2016-06-18 20:58:10 - DEBUG --> initializeReservationData 
2016-06-18 20:58:10 - DEBUG --> UserData: a:0:{} 
2016-06-18 20:58:10 - DEBUG --> Archivo \components\com_jhotelreservation\classes\services\UserDataService.php 
2016-06-18 20:58:10 - DEBUG --> updateUserData 
2016-06-18 20:58:10 - DEBUG --> Archivo \components\com_jhotelreservation\classes\services\UserDataService.php 
2016-06-18 20:58:10 - DEBUG --> getUserData 
2016-06-18 20:58:10 - DEBUG --> Archivo \components\com_jhotelreservation\classes\services\UserDataService.php 
2016-06-18 20:58:10 - DEBUG --> setCurrency 
2016-06-18 20:58:10 - DEBUG --> Archivo \components\com_jhotelreservation\classes\services\UserDataService.php 
2016-06-18 20:58:10 - DEBUG --> getUserData 
2016-06-18 20:58:10 - DEBUG --> Archivo \components\com_jhotelreservation\classes\services\UserDataService.php 
2016-06-18 20:58:10 - DEBUG --> getUserData 
2016-06-18 20:58:10 - DEBUG --> Archivo \components\com_jhotelreservation\classes\services\UserDataService.php 
2016-06-18 20:58:10 - DEBUG --> getUserData 
2016-06-18 20:58:10 - DEBUG --> Archivo \components\com_jhotelreservationiews\hotel	mpl\hoteloverview.php 
2016-06-18 20:58:10 - DEBUG --> Accedió 
2016-06-18 21:18:59 - DEBUG --> Archivo \components\com_jhotelreservation\classes\services\UserDataService.php 
2016-06-18 21:18:59 - DEBUG --> initializeUserData 
2016-06-18 21:18:59 - DEBUG --> UserData first: N; 
2016-06-18 21:18:59 - DEBUG --> Archivo \components\com_jhotelreservation\classes\services\UserDataService.php 
2016-06-18 21:18:59 - DEBUG --> createUserData 
2016-06-18 21:18:59 - DEBUG --> UserData end:  a:0:{} 
2016-06-18 21:18:59 - DEBUG --> Archivo \components\com_jhotelreservation\classes\services\UserDataService.php 
2016-06-18 21:18:59 - DEBUG --> initializeUserData 
2016-06-18 21:18:59 - DEBUG --> UserData first: a:0:{} 
2016-06-18 21:18:59 - DEBUG --> UserData end:  a:0:{} 
2016-06-18 21:18:59 - DEBUG --> Archivo \components\com_jhotelreservation\classes\services\UserDataService.php 
2016-06-18 21:18:59 - DEBUG --> initializeReservationData 
2016-06-18 21:18:59 - DEBUG --> UserData: a:0:{} 
2016-06-18 21:18:59 - DEBUG --> Archivo \components\com_jhotelreservation\classes\services\UserDataService.php 
2016-06-18 21:18:59 - DEBUG --> updateUserData 
2016-06-18 21:18:59 - DEBUG --> Archivo \components\com_jhotelreservation\classes\services\UserDataService.php 
2016-06-18 21:18:59 - DEBUG --> getUserData 
2016-06-18 21:18:59 - DEBUG --> Archivo \components\com_jhotelreservation\classes\services\UserDataService.php 
2016-06-18 21:18:59 - DEBUG --> setCurrency 
2016-06-18 21:18:59 - DEBUG --> Archivo \components\com_jhotelreservation\classes\services\UserDataService.php 
2016-06-18 21:18:59 - DEBUG --> getUserData 
2016-06-18 21:18:59 - DEBUG --> Archivo \components\com_jhotelreservation\classes\services\UserDataService.php 
2016-06-18 21:18:59 - DEBUG --> getUserData 
2016-06-18 21:18:59 - DEBUG --> Archivo \components\com_jhotelreservation\classes\services\UserDataService.php 
2016-06-18 21:18:59 - DEBUG --> getUserData 
2016-06-18 21:18:59 - DEBUG --> Archivo \components\com_jhotelreservationiews\hotel	mpl\hoteloverview.php 
2016-06-18 21:18:59 - DEBUG --> Accedió 
2016-06-18 22:18:05 - DEBUG --> Archivo \components\com_jhotelreservation\classes\services\UserDataService.php 
2016-06-18 22:18:05 - DEBUG --> initializeUserData 
2016-06-18 22:18:05 - DEBUG --> UserData first: N; 
2016-06-18 22:18:05 - DEBUG --> Archivo \components\com_jhotelreservation\classes\services\UserDataService.php 
2016-06-18 22:18:05 - DEBUG --> createUserData 
2016-06-18 22:18:05 - DEBUG --> UserData end:  a:0:{} 
2016-06-18 22:18:05 - DEBUG --> Archivo \components\com_jhotelreservation\classes\services\UserDataService.php 
2016-06-18 22:18:05 - DEBUG --> initializeUserData 
2016-06-18 22:18:05 - DEBUG --> UserData first: a:0:{} 
2016-06-18 22:18:05 - DEBUG --> UserData end:  a:0:{} 
2016-06-18 22:18:05 - DEBUG --> Archivo \components\com_jhotelreservation\classes\services\UserDataService.php 
2016-06-18 22:18:05 - DEBUG --> initializeReservationData 
2016-06-18 22:18:05 - DEBUG --> UserData: a:0:{} 
2016-06-18 22:18:05 - DEBUG --> Archivo \components\com_jhotelreservation\classes\services\UserDataService.php 
2016-06-18 22:18:05 - DEBUG --> updateUserData 
2016-06-18 22:18:05 - DEBUG --> Archivo \components\com_jhotelreservation\classes\services\UserDataService.php 
2016-06-18 22:18:05 - DEBUG --> getUserData 
2016-06-18 22:18:05 - DEBUG --> Archivo \components\com_jhotelreservation\classes\services\UserDataService.php 
2016-06-18 22:18:05 - DEBUG --> setCurrency 
2016-06-18 22:18:05 - DEBUG --> Archivo \components\com_jhotelreservation\classes\services\UserDataService.php 
2016-06-18 22:18:05 - DEBUG --> getUserData 
2016-06-18 22:18:05 - DEBUG --> Archivo \components\com_jhotelreservation\classes\services\UserDataService.php 
2016-06-18 22:18:05 - DEBUG --> getUserData 
2016-06-18 22:18:05 - DEBUG --> Archivo \components\com_jhotelreservation\classes\services\UserDataService.php 
2016-06-18 22:18:05 - DEBUG --> getUserData 
2016-06-18 22:18:05 - DEBUG --> Archivo \components\com_jhotelreservationiews\hotel	mpl\hoteloverview.php 
2016-06-18 22:18:05 - DEBUG --> Accedió 
