2015-07-23 4:20:10 - DEBUG --> Archivo \components\com_jhotelreservation\classes\services\UserDataService.php 
2015-07-23 4:20:10 - DEBUG --> initializeUserData 
2015-07-23 4:20:10 - DEBUG --> UserData first: a:0:{} 
2015-07-23 4:20:10 - DEBUG --> UserData end:  a:0:{} 
2015-07-23 4:20:10 - DEBUG --> Archivo \components\com_jhotelreservation\classes\services\UserDataService.php 
2015-07-23 4:20:10 - DEBUG --> initializeUserData 
2015-07-23 4:20:10 - DEBUG --> UserData first: a:0:{} 
2015-07-23 4:20:10 - DEBUG --> Archivo \components\com_jhotelreservation\classes\services\UserDataService.php 
2015-07-23 4:20:10 - DEBUG --> createUserData 
2015-07-23 4:20:10 - DEBUG --> voucher:  
2015-07-23 4:20:10 - DEBUG --> UserData end:  a:0:{} 
2015-07-23 4:20:10 - DEBUG --> Archivo \components\com_jhotelreservation\classes\services\UserDataService.php 
2015-07-23 4:20:10 - DEBUG --> initializeUserData 
2015-07-23 4:20:10 - DEBUG --> UserData first: a:0:{} 
2015-07-23 4:20:10 - DEBUG --> Archivo \components\com_jhotelreservation\classes\services\UserDataService.php 
2015-07-23 4:20:10 - DEBUG --> createUserData 
2015-07-23 4:20:10 - DEBUG --> voucher:  
2015-07-23 4:20:10 - DEBUG --> UserData end:  a:0:{} 
2015-07-23 4:20:17 - DEBUG --> Archivo \components\com_jhotelreservation\classes\services\UserDataService.php 
2015-07-23 4:20:17 - DEBUG --> initializeUserData 
2015-07-23 4:20:17 - DEBUG --> UserData first: a:0:{} 
2015-07-23 4:20:17 - DEBUG --> UserData end:  a:0:{} 
2015-07-23 4:20:17 - DEBUG --> Archivo \components\com_jhotelreservation\classes\services\UserDataService.php 
2015-07-23 4:20:17 - DEBUG --> initializeUserData 
2015-07-23 4:20:17 - DEBUG --> UserData first: a:0:{} 
2015-07-23 4:20:17 - DEBUG --> UserData end:  a:0:{} 
2015-07-23 4:20:17 - DEBUG --> Archivo \components\com_jhotelreservation\classes\services\UserDataService.php 
2015-07-23 4:20:17 - DEBUG --> initializeReservationData 
2015-07-23 4:20:17 - DEBUG --> UserData: a:0:{} 
2015-07-23 4:20:17 - DEBUG --> Archivo \components\com_jhotelreservation\classes\services\UserDataService.php 
2015-07-23 4:20:17 - DEBUG --> updateUserData 
2015-07-23 4:20:17 - DEBUG --> Archivo \components\com_jhotelreservation\classes\services\UserDataService.php 
2015-07-23 4:20:17 - DEBUG --> getUserData 
2015-07-23 4:20:17 - DEBUG --> Archivo \components\com_jhotelreservation\classes\services\UserDataService.php 
2015-07-23 4:20:17 - DEBUG --> setCurrency 
2015-07-23 4:20:17 - DEBUG --> Archivo \components\com_jhotelreservation\classes\services\UserDataService.php 
2015-07-23 4:20:17 - DEBUG --> getUserData 
2015-07-23 4:20:17 - DEBUG --> Archivo \components\com_jhotelreservation\classes\services\UserDataService.php 
2015-07-23 4:20:17 - DEBUG --> getUserData 
2015-07-23 4:20:17 - DEBUG --> Archivo \components\com_jhotelreservation\classes\services\UserDataService.php 
2015-07-23 4:20:17 - DEBUG --> getUserData 
2015-07-23 4:20:17 - DEBUG --> Archivo \components\com_jhotelreservationiews\hotel	mpl\hoteloverview.php 
2015-07-23 4:20:17 - DEBUG --> Accedió 
2015-07-23 4:20:29 - DEBUG --> Archivo \components\com_jhotelreservation\classes\services\UserDataService.php 
2015-07-23 4:20:29 - DEBUG --> initializeUserData 
2015-07-23 4:20:29 - DEBUG --> UserData first: a:0:{} 
2015-07-23 4:20:29 - DEBUG --> UserData end:  a:0:{} 
2015-07-23 4:20:29 - DEBUG --> Archivo \components\com_jhotelreservation\classes\services\UserDataService.php 
2015-07-23 4:20:29 - DEBUG --> reserveRoom hotelId= 27, reservedItem = 0|36, current = 1 
2015-07-23 4:20:29 - DEBUG --> Reserved items: a:1:{i:0;s:6:"0|36|1";} 
2015-07-23 4:20:30 - DEBUG --> Archivo \components\com_jhotelreservation\classes\services\UserDataService.php 
2015-07-23 4:20:30 - DEBUG --> initializeUserData 
2015-07-23 4:20:30 - DEBUG --> UserData first: a:1:{i:0;s:6:"0|36|1";} 
2015-07-23 4:20:30 - DEBUG --> UserData end:  a:1:{i:0;s:6:"0|36|1";} 
2015-07-23 4:20:30 - DEBUG --> Archivo \components\com_jhotelreservation\classes\services\UserDataService.php 
2015-07-23 4:20:30 - DEBUG --> getUserData 
2015-07-23 4:20:30 - DEBUG --> Archivo \components\com_jhotelreservation\classes\services\UserDataService.php 
2015-07-23 4:20:30 - DEBUG --> getUserData 
2015-07-23 4:20:30 - DEBUG --> Archivo \components\com_jhotelreservation\classes\services\UserDataService.php 
2015-07-23 4:20:30 - DEBUG --> initializeUserData 
2015-07-23 4:20:30 - DEBUG --> UserData first: a:1:{i:0;s:6:"0|36|1";} 
2015-07-23 4:20:30 - DEBUG --> UserData end:  a:1:{i:0;s:6:"0|36|1";} 
2015-07-23 4:20:30 - DEBUG --> Archivo \components\com_jhotelreservation\classes\services\UserDataService.php 
2015-07-23 4:20:30 - DEBUG --> initializeUserData 
2015-07-23 4:20:30 - DEBUG --> UserData first: a:1:{i:0;s:6:"0|36|1";} 
2015-07-23 4:20:30 - DEBUG --> UserData end:  a:1:{i:0;s:6:"0|36|1";} 
2015-07-23 4:20:30 - DEBUG --> Archivo \components\com_jhotelreservation\classes\services\UserDataService.php 
2015-07-23 4:20:30 - DEBUG --> updateUserData 
2015-07-23 4:20:30 - DEBUG --> Archivo \components\com_jhotelreservation\classes\services\UserDataService.php 
2015-07-23 4:20:30 - DEBUG --> getUserData 
2015-07-23 4:20:30 - DEBUG --> Archivo \components\com_jhotelreservation\classes\services\UserDataService.php 
2015-07-23 4:20:30 - DEBUG --> setCurrency 
2015-07-23 4:20:30 - DEBUG --> Archivo \components\com_jhotelreservation\classes\services\UserDataService.php 
2015-07-23 4:20:30 - DEBUG --> getUserData 
2015-07-23 4:20:30 - DEBUG --> Archivo \components\com_jhotelreservation\classes\services\UserDataService.php 
2015-07-23 4:20:30 - DEBUG --> getUserData 
2015-07-23 4:20:30 - DEBUG --> Archivo \components\com_jhotelreservation\classes\services\UserDataService.php 
2015-07-23 4:20:30 - DEBUG --> getUserData 
2015-07-23 4:20:30 - DEBUG --> Archivo \components\com_jhotelreservationiews\hotel	mpl\hoteloverview.php 
2015-07-23 4:20:30 - DEBUG --> Accedió 
2015-07-23 4:20:42 - DEBUG --> Archivo \components\com_jhotelreservation\classes\services\UserDataService.php 
2015-07-23 4:20:42 - DEBUG --> initializeUserData 
2015-07-23 4:20:42 - DEBUG --> UserData first: a:1:{i:0;s:6:"0|36|1";} 
2015-07-23 4:20:42 - DEBUG --> UserData end:  a:1:{i:0;s:6:"0|36|1";} 
2015-07-23 4:20:42 - DEBUG --> Archivo \components\com_jhotelreservation\classes\services\UserDataService.php 
2015-07-23 4:20:42 - DEBUG --> reserveRoom hotelId= 27, reservedItem = 0|47, current = 2 
2015-07-23 4:20:42 - DEBUG --> Reserved items: a:2:{i:0;s:6:"0|36|1";i:1;s:6:"0|47|2";} 
2015-07-23 4:20:42 - DEBUG --> Archivo \components\com_jhotelreservation\classes\services\UserDataService.php 
2015-07-23 4:20:42 - DEBUG --> initializeUserData 
2015-07-23 4:20:42 - DEBUG --> UserData first: a:2:{i:0;s:6:"0|36|1";i:1;s:6:"0|47|2";} 
2015-07-23 4:20:42 - DEBUG --> UserData end:  a:2:{i:0;s:6:"0|36|1";i:1;s:6:"0|47|2";} 
2015-07-23 4:20:42 - DEBUG --> Archivo \components\com_jhotelreservation\classes\services\UserDataService.php 
2015-07-23 4:20:42 - DEBUG --> getUserData 
2015-07-23 4:20:42 - DEBUG --> Archivo \components\com_jhotelreservation\classes\services\UserDataService.php 
2015-07-23 4:20:42 - DEBUG --> getUserData 
2015-07-23 4:20:42 - DEBUG --> Archivo \components\com_jhotelreservation\classes\services\UserDataService.php 
2015-07-23 4:20:42 - DEBUG --> initializeUserData 
2015-07-23 4:20:42 - DEBUG --> UserData first: a:2:{i:0;s:6:"0|36|1";i:1;s:6:"0|47|2";} 
2015-07-23 4:20:42 - DEBUG --> UserData end:  a:2:{i:0;s:6:"0|36|1";i:1;s:6:"0|47|2";} 
2015-07-23 4:20:42 - DEBUG --> Archivo \components\com_jhotelreservation\classes\services\UserDataService.php 
2015-07-23 4:20:42 - DEBUG --> getUserData 
2015-07-23 4:20:42 - DEBUG --> Archivo \components\com_jhotelreservation\classes\services\UserDataService.php 
2015-07-23 4:20:42 - DEBUG --> getUserData 
2015-07-23 4:20:43 - DEBUG --> Archivo \components\com_jhotelreservation\classes\services\UserDataService.php 
2015-07-23 4:20:43 - DEBUG --> getUserData 
2015-07-23 4:21:07 - DEBUG --> Archivo \components\com_jhotelreservation\classes\services\UserDataService.php 
2015-07-23 4:21:07 - DEBUG --> initializeUserData 
2015-07-23 4:21:07 - DEBUG --> UserData first: a:2:{i:0;s:6:"0|36|1";i:1;s:6:"0|47|2";} 
2015-07-23 4:21:07 - DEBUG --> UserData end:  a:2:{i:0;s:6:"0|36|1";i:1;s:6:"0|47|2";} 
2015-07-23 4:21:07 - DEBUG --> Archivo \components\com_jhotelreservation\classes\services\UserDataService.php 
2015-07-23 4:21:07 - DEBUG --> initializeUserData 
2015-07-23 4:21:07 - DEBUG --> UserData first: a:2:{i:0;s:6:"0|36|1";i:1;s:6:"0|47|2";} 
2015-07-23 4:21:07 - DEBUG --> UserData end:  a:2:{i:0;s:6:"0|36|1";i:1;s:6:"0|47|2";} 
2015-07-23 4:21:07 - DEBUG --> Archivo \components\com_jhotelreservation\classes\services\UserDataService.php 
2015-07-23 4:21:07 - DEBUG --> getUserData 
2015-07-23 4:21:07 - DEBUG --> Archivo \components\com_jhotelreservation\classes\services\UserDataService.php 
2015-07-23 4:21:07 - DEBUG --> getUserData 
2015-07-23 4:21:37 - DEBUG --> Archivo \components\com_jhotelreservation\classes\services\UserDataService.php 
2015-07-23 4:21:37 - DEBUG --> initializeUserData 
2015-07-23 4:21:37 - DEBUG --> UserData first: a:2:{i:0;s:6:"0|36|1";i:1;s:6:"0|47|2";} 
2015-07-23 4:21:37 - DEBUG --> UserData end:  a:2:{i:0;s:6:"0|36|1";i:1;s:6:"0|47|2";} 
2015-07-23 4:21:37 - DEBUG --> Archivo \components\com_jhotelreservation\classes\services\UserDataService.php 
2015-07-23 4:21:37 - DEBUG --> removeLastRoom 
2015-07-23 4:21:37 - DEBUG --> Archivo \components\com_jhotelreservation\classes\services\UserDataService.php 
2015-07-23 4:21:37 - DEBUG --> getUserData 
2015-07-23 4:21:37 - DEBUG --> Archivo \components\com_jhotelreservation\classes\services\UserDataService.php 
2015-07-23 4:21:37 - DEBUG --> initializeUserData 
2015-07-23 4:21:37 - DEBUG --> UserData first: a:1:{i:0;s:6:"0|36|1";} 
2015-07-23 4:21:37 - DEBUG --> UserData end:  a:1:{i:0;s:6:"0|36|1";} 
2015-07-23 4:21:37 - DEBUG --> Archivo \components\com_jhotelreservation\classes\services\UserDataService.php 
2015-07-23 4:21:37 - DEBUG --> initializeUserData 
2015-07-23 4:21:37 - DEBUG --> UserData first: a:1:{i:0;s:6:"0|36|1";} 
2015-07-23 4:21:37 - DEBUG --> UserData end:  a:1:{i:0;s:6:"0|36|1";} 
2015-07-23 4:21:37 - DEBUG --> Archivo \components\com_jhotelreservation\classes\services\UserDataService.php 
2015-07-23 4:21:37 - DEBUG --> initializeReservationData 
2015-07-23 4:21:37 - DEBUG --> UserData: a:0:{} 
2015-07-23 4:21:37 - DEBUG --> Archivo \components\com_jhotelreservation\classes\services\UserDataService.php 
2015-07-23 4:21:37 - DEBUG --> updateUserData 
2015-07-23 4:21:37 - DEBUG --> Archivo \components\com_jhotelreservation\classes\services\UserDataService.php 
2015-07-23 4:21:37 - DEBUG --> getUserData 
2015-07-23 4:21:37 - DEBUG --> Archivo \components\com_jhotelreservation\classes\services\UserDataService.php 
2015-07-23 4:21:37 - DEBUG --> setCurrency 
2015-07-23 4:21:37 - DEBUG --> Archivo \components\com_jhotelreservation\classes\services\UserDataService.php 
2015-07-23 4:21:37 - DEBUG --> getUserData 
2015-07-23 4:21:37 - DEBUG --> Archivo \components\com_jhotelreservation\classes\services\UserDataService.php 
2015-07-23 4:21:37 - DEBUG --> getUserData 
2015-07-23 4:21:37 - DEBUG --> Archivo \components\com_jhotelreservation\classes\services\UserDataService.php 
2015-07-23 4:21:37 - DEBUG --> getUserData 
2015-07-23 4:21:37 - DEBUG --> Archivo \components\com_jhotelreservationiews\hotel	mpl\hoteloverview.php 
2015-07-23 4:21:37 - DEBUG --> Accedió 
2015-07-23 4:21:48 - DEBUG --> Archivo \components\com_jhotelreservation\classes\services\UserDataService.php 
2015-07-23 4:21:48 - DEBUG --> initializeUserData 
2015-07-23 4:21:48 - DEBUG --> UserData first: a:0:{} 
2015-07-23 4:21:48 - DEBUG --> UserData end:  a:0:{} 
2015-07-23 4:21:48 - DEBUG --> Archivo \components\com_jhotelreservation\classes\services\UserDataService.php 
2015-07-23 4:21:48 - DEBUG --> initializeUserData 
2015-07-23 4:21:48 - DEBUG --> UserData first: a:0:{} 
2015-07-23 4:21:48 - DEBUG --> UserData end:  a:0:{} 
2015-07-23 4:21:48 - DEBUG --> Archivo \components\com_jhotelreservation\classes\services\UserDataService.php 
2015-07-23 4:21:48 - DEBUG --> initializeReservationData 
2015-07-23 4:21:48 - DEBUG --> UserData: a:0:{} 
2015-07-23 4:21:48 - DEBUG --> Archivo \components\com_jhotelreservation\classes\services\UserDataService.php 
2015-07-23 4:21:48 - DEBUG --> updateUserData 
2015-07-23 4:21:48 - DEBUG --> Archivo \components\com_jhotelreservation\classes\services\UserDataService.php 
2015-07-23 4:21:48 - DEBUG --> getUserData 
2015-07-23 4:21:48 - DEBUG --> Archivo \components\com_jhotelreservation\classes\services\UserDataService.php 
2015-07-23 4:21:48 - DEBUG --> setCurrency 
2015-07-23 4:21:48 - DEBUG --> Archivo \components\com_jhotelreservation\classes\services\UserDataService.php 
2015-07-23 4:21:48 - DEBUG --> getUserData 
2015-07-23 4:21:48 - DEBUG --> Archivo \components\com_jhotelreservation\classes\services\UserDataService.php 
2015-07-23 4:21:48 - DEBUG --> getUserData 
2015-07-23 4:21:48 - DEBUG --> Archivo \components\com_jhotelreservation\classes\services\UserDataService.php 
2015-07-23 4:21:48 - DEBUG --> getUserData 
2015-07-23 4:57:15 - DEBUG --> Archivo \components\com_jhotelreservation\classes\services\UserDataService.php 
2015-07-23 4:57:15 - DEBUG --> initializeUserData 
2015-07-23 4:57:15 - DEBUG --> UserData first: N; 
2015-07-23 4:57:15 - DEBUG --> Archivo \components\com_jhotelreservation\classes\services\UserDataService.php 
2015-07-23 4:57:15 - DEBUG --> createUserData 
2015-07-23 4:57:15 - DEBUG --> UserData end:  a:0:{} 
2015-07-23 4:57:15 - DEBUG --> Archivo \components\com_jhotelreservation\classes\services\UserDataService.php 
2015-07-23 4:57:15 - DEBUG --> initializeUserData 
2015-07-23 4:57:15 - DEBUG --> UserData first: a:0:{} 
2015-07-23 4:57:15 - DEBUG --> UserData end:  a:0:{} 
2015-07-23 4:57:15 - DEBUG --> Archivo \components\com_jhotelreservation\classes\services\UserDataService.php 
2015-07-23 4:57:15 - DEBUG --> initializeReservationData 
2015-07-23 4:57:15 - DEBUG --> UserData: a:0:{} 
2015-07-23 4:57:15 - DEBUG --> Archivo \components\com_jhotelreservation\classes\services\UserDataService.php 
2015-07-23 4:57:15 - DEBUG --> updateUserData 
2015-07-23 4:57:15 - DEBUG --> Archivo \components\com_jhotelreservation\classes\services\UserDataService.php 
2015-07-23 4:57:15 - DEBUG --> getUserData 
2015-07-23 4:57:15 - DEBUG --> Archivo \components\com_jhotelreservation\classes\services\UserDataService.php 
2015-07-23 4:57:15 - DEBUG --> setCurrency 
2015-07-23 4:57:15 - DEBUG --> Archivo \components\com_jhotelreservation\classes\services\UserDataService.php 
2015-07-23 4:57:15 - DEBUG --> getUserData 
2015-07-23 4:57:15 - DEBUG --> Archivo \components\com_jhotelreservation\classes\services\UserDataService.php 
2015-07-23 4:57:15 - DEBUG --> getUserData 
2015-07-23 4:57:15 - DEBUG --> Archivo \components\com_jhotelreservation\classes\services\UserDataService.php 
2015-07-23 4:57:15 - DEBUG --> getUserData 
2015-07-23 4:57:15 - DEBUG --> Archivo \components\com_jhotelreservationiews\hotel	mpl\hoteloverview.php 
2015-07-23 4:57:15 - DEBUG --> Accedió 
2015-07-23 14:43:09 - DEBUG --> Archivo \components\com_jhotelreservation\classes\services\UserDataService.php 
2015-07-23 14:43:09 - DEBUG --> initializeUserData 
2015-07-23 14:43:09 - DEBUG --> UserData first: N; 
2015-07-23 14:43:09 - DEBUG --> Archivo \components\com_jhotelreservation\classes\services\UserDataService.php 
2015-07-23 14:43:09 - DEBUG --> createUserData 
2015-07-23 14:43:09 - DEBUG --> UserData end:  a:0:{} 
2015-07-23 16:52:06 - DEBUG --> Archivo \components\com_jhotelreservation\classes\services\UserDataService.php 
2015-07-23 16:52:06 - DEBUG --> initializeUserData 
2015-07-23 16:52:06 - DEBUG --> UserData first: N; 
2015-07-23 16:52:06 - DEBUG --> Archivo \components\com_jhotelreservation\classes\services\UserDataService.php 
2015-07-23 16:52:06 - DEBUG --> createUserData 
2015-07-23 16:52:06 - DEBUG --> UserData end:  a:0:{} 
2015-07-23 16:52:06 - DEBUG --> Archivo \components\com_jhotelreservation\classes\services\UserDataService.php 
2015-07-23 16:52:06 - DEBUG --> initializeUserData 
2015-07-23 16:52:06 - DEBUG --> UserData first: a:0:{} 
2015-07-23 16:52:06 - DEBUG --> UserData end:  a:0:{} 
2015-07-23 16:52:06 - DEBUG --> Archivo \components\com_jhotelreservation\classes\services\UserDataService.php 
2015-07-23 16:52:06 - DEBUG --> initializeReservationData 
2015-07-23 16:52:06 - DEBUG --> UserData: a:0:{} 
2015-07-23 16:52:06 - DEBUG --> Archivo \components\com_jhotelreservation\classes\services\UserDataService.php 
2015-07-23 16:52:06 - DEBUG --> updateUserData 
2015-07-23 16:52:06 - DEBUG --> Archivo \components\com_jhotelreservation\classes\services\UserDataService.php 
2015-07-23 16:52:06 - DEBUG --> getUserData 
2015-07-23 16:52:06 - DEBUG --> Archivo \components\com_jhotelreservation\classes\services\UserDataService.php 
2015-07-23 16:52:06 - DEBUG --> setCurrency 
2015-07-23 16:52:06 - DEBUG --> Archivo \components\com_jhotelreservation\classes\services\UserDataService.php 
2015-07-23 16:52:06 - DEBUG --> getUserData 
2015-07-23 16:52:06 - DEBUG --> Archivo \components\com_jhotelreservation\classes\services\UserDataService.php 
2015-07-23 16:52:06 - DEBUG --> getUserData 
2015-07-23 16:52:06 - DEBUG --> Archivo \components\com_jhotelreservation\classes\services\UserDataService.php 
2015-07-23 16:52:06 - DEBUG --> getUserData 
2015-07-23 16:52:06 - DEBUG --> Archivo \components\com_jhotelreservationiews\hotel	mpl\hoteloverview.php 
2015-07-23 16:52:06 - DEBUG --> Accedió 
2015-07-23 20:53:52 - DEBUG --> Archivo \components\com_jhotelreservation\classes\services\UserDataService.php 
2015-07-23 20:53:52 - DEBUG --> initializeUserData 
2015-07-23 20:53:52 - DEBUG --> UserData first: N; 
2015-07-23 20:53:52 - DEBUG --> Archivo \components\com_jhotelreservation\classes\services\UserDataService.php 
2015-07-23 20:53:52 - DEBUG --> createUserData 
2015-07-23 20:53:52 - DEBUG --> UserData end:  a:0:{} 
2015-07-23 20:53:52 - DEBUG --> Archivo \components\com_jhotelreservation\classes\services\UserDataService.php 
2015-07-23 20:53:52 - DEBUG --> initializeUserData 
2015-07-23 20:53:52 - DEBUG --> UserData first: a:0:{} 
2015-07-23 20:53:52 - DEBUG --> UserData end:  a:0:{} 
2015-07-23 20:53:52 - DEBUG --> Archivo \components\com_jhotelreservation\classes\services\UserDataService.php 
2015-07-23 20:53:52 - DEBUG --> initializeReservationData 
2015-07-23 20:53:52 - DEBUG --> UserData: a:0:{} 
2015-07-23 20:53:52 - DEBUG --> Archivo \components\com_jhotelreservation\classes\services\UserDataService.php 
2015-07-23 20:53:52 - DEBUG --> updateUserData 
2015-07-23 20:53:52 - DEBUG --> Archivo \components\com_jhotelreservation\classes\services\UserDataService.php 
2015-07-23 20:53:52 - DEBUG --> getUserData 
2015-07-23 20:53:52 - DEBUG --> Archivo \components\com_jhotelreservation\classes\services\UserDataService.php 
2015-07-23 20:53:52 - DEBUG --> setCurrency 
2015-07-23 20:53:52 - DEBUG --> Archivo \components\com_jhotelreservation\classes\services\UserDataService.php 
2015-07-23 20:53:52 - DEBUG --> getUserData 
2015-07-23 20:53:52 - DEBUG --> Archivo \components\com_jhotelreservation\classes\services\UserDataService.php 
2015-07-23 20:53:52 - DEBUG --> getUserData 
2015-07-23 20:53:52 - DEBUG --> Archivo \components\com_jhotelreservation\classes\services\UserDataService.php 
2015-07-23 20:53:52 - DEBUG --> getUserData 
2015-07-23 20:53:52 - DEBUG --> Archivo \components\com_jhotelreservationiews\hotel	mpl\hoteloverview.php 
2015-07-23 20:53:52 - DEBUG --> Accedió 
2015-07-23 21:54:05 - DEBUG --> Archivo \components\com_jhotelreservation\classes\services\UserDataService.php 
2015-07-23 21:54:05 - DEBUG --> initializeUserData 
2015-07-23 21:54:05 - DEBUG --> UserData first: a:0:{} 
2015-07-23 21:54:05 - DEBUG --> UserData end:  a:0:{} 
2015-07-23 21:54:10 - DEBUG --> Archivo \components\com_jhotelreservation\classes\services\UserDataService.php 
2015-07-23 21:54:10 - DEBUG --> initializeUserData 
2015-07-23 21:54:10 - DEBUG --> UserData first: a:0:{} 
2015-07-23 21:54:10 - DEBUG --> Archivo \components\com_jhotelreservation\classes\services\UserDataService.php 
2015-07-23 21:54:10 - DEBUG --> createUserData 
2015-07-23 21:54:10 - DEBUG --> voucher:  
2015-07-23 21:54:10 - DEBUG --> UserData end:  a:0:{} 
2015-07-23 21:54:10 - DEBUG --> Archivo \components\com_jhotelreservation\classes\services\UserDataService.php 
2015-07-23 21:54:10 - DEBUG --> initializeUserData 
2015-07-23 21:54:10 - DEBUG --> UserData first: a:0:{} 
2015-07-23 21:54:10 - DEBUG --> Archivo \components\com_jhotelreservation\classes\services\UserDataService.php 
2015-07-23 21:54:10 - DEBUG --> createUserData 
2015-07-23 21:54:10 - DEBUG --> voucher:  
2015-07-23 21:54:10 - DEBUG --> UserData end:  a:0:{} 
2015-07-23 21:54:13 - DEBUG --> Archivo \components\com_jhotelreservation\classes\services\UserDataService.php 
2015-07-23 21:54:13 - DEBUG --> initializeUserData 
2015-07-23 21:54:13 - DEBUG --> UserData first: a:0:{} 
2015-07-23 21:54:13 - DEBUG --> UserData end:  a:0:{} 
2015-07-23 21:54:13 - DEBUG --> Archivo \components\com_jhotelreservation\classes\services\UserDataService.php 
2015-07-23 21:54:13 - DEBUG --> initializeUserData 
2015-07-23 21:54:13 - DEBUG --> UserData first: a:0:{} 
2015-07-23 21:54:13 - DEBUG --> UserData end:  a:0:{} 
2015-07-23 21:54:13 - DEBUG --> Archivo \components\com_jhotelreservation\classes\services\UserDataService.php 
2015-07-23 21:54:13 - DEBUG --> initializeReservationData 
2015-07-23 21:54:13 - DEBUG --> UserData: a:0:{} 
2015-07-23 21:54:13 - DEBUG --> Archivo \components\com_jhotelreservation\classes\services\UserDataService.php 
2015-07-23 21:54:13 - DEBUG --> updateUserData 
2015-07-23 21:54:13 - DEBUG --> Archivo \components\com_jhotelreservation\classes\services\UserDataService.php 
2015-07-23 21:54:13 - DEBUG --> getUserData 
2015-07-23 21:54:13 - DEBUG --> Archivo \components\com_jhotelreservation\classes\services\UserDataService.php 
2015-07-23 21:54:13 - DEBUG --> setCurrency 
2015-07-23 21:54:13 - DEBUG --> Archivo \components\com_jhotelreservation\classes\services\UserDataService.php 
2015-07-23 21:54:13 - DEBUG --> getUserData 
2015-07-23 21:54:13 - DEBUG --> Archivo \components\com_jhotelreservation\classes\services\UserDataService.php 
2015-07-23 21:54:13 - DEBUG --> getUserData 
2015-07-23 21:54:13 - DEBUG --> Archivo \components\com_jhotelreservation\classes\services\UserDataService.php 
2015-07-23 21:54:13 - DEBUG --> getUserData 
2015-07-23 21:54:13 - DEBUG --> Archivo \components\com_jhotelreservationiews\hotel	mpl\hoteloverview.php 
2015-07-23 21:54:13 - DEBUG --> Accedió 
2015-07-23 21:54:24 - DEBUG --> Archivo \components\com_jhotelreservation\classes\services\UserDataService.php 
2015-07-23 21:54:24 - DEBUG --> initializeUserData 
2015-07-23 21:54:24 - DEBUG --> UserData first: a:0:{} 
2015-07-23 21:54:24 - DEBUG --> UserData end:  a:0:{} 
2015-07-23 21:54:24 - DEBUG --> Archivo \components\com_jhotelreservation\classes\services\UserDataService.php 
2015-07-23 21:54:24 - DEBUG --> reserveRoom hotelId= 27, reservedItem = 0|34, current = 1 
2015-07-23 21:54:24 - DEBUG --> Reserved items: a:1:{i:0;s:6:"0|34|1";} 
2015-07-23 21:54:24 - DEBUG --> Archivo \components\com_jhotelreservation\classes\services\UserDataService.php 
2015-07-23 21:54:24 - DEBUG --> initializeUserData 
2015-07-23 21:54:24 - DEBUG --> UserData first: a:1:{i:0;s:6:"0|34|1";} 
2015-07-23 21:54:24 - DEBUG --> UserData end:  a:1:{i:0;s:6:"0|34|1";} 
2015-07-23 21:54:24 - DEBUG --> Archivo \components\com_jhotelreservation\classes\services\UserDataService.php 
2015-07-23 21:54:24 - DEBUG --> getUserData 
2015-07-23 21:54:24 - DEBUG --> Archivo \components\com_jhotelreservation\classes\services\UserDataService.php 
2015-07-23 21:54:24 - DEBUG --> getUserData 
2015-07-23 21:54:24 - DEBUG --> Archivo \components\com_jhotelreservation\classes\services\UserDataService.php 
2015-07-23 21:54:24 - DEBUG --> initializeUserData 
2015-07-23 21:54:24 - DEBUG --> UserData first: a:1:{i:0;s:6:"0|34|1";} 
2015-07-23 21:54:24 - DEBUG --> UserData end:  a:1:{i:0;s:6:"0|34|1";} 
2015-07-23 21:54:24 - DEBUG --> Archivo \components\com_jhotelreservation\classes\services\UserDataService.php 
2015-07-23 21:54:24 - DEBUG --> getUserData 
2015-07-23 21:54:24 - DEBUG --> Archivo \components\com_jhotelreservation\classes\services\UserDataService.php 
2015-07-23 21:54:24 - DEBUG --> getUserData 
2015-07-23 21:54:24 - DEBUG --> Archivo \components\com_jhotelreservation\classes\services\UserDataService.php 
2015-07-23 21:54:24 - DEBUG --> getUserData 
2015-07-23 21:54:28 - DEBUG --> Archivo \components\com_jhotelreservation\classes\services\UserDataService.php 
2015-07-23 21:54:28 - DEBUG --> initializeUserData 
2015-07-23 21:54:28 - DEBUG --> UserData first: a:1:{i:0;s:6:"0|34|1";} 
2015-07-23 21:54:28 - DEBUG --> UserData end:  a:1:{i:0;s:6:"0|34|1";} 
2015-07-23 21:54:28 - DEBUG --> Archivo \components\com_jhotelreservation\classes\services\UserDataService.php 
2015-07-23 21:54:28 - DEBUG --> initializeUserData 
2015-07-23 21:54:28 - DEBUG --> UserData first: a:1:{i:0;s:6:"0|34|1";} 
2015-07-23 21:54:28 - DEBUG --> UserData end:  a:1:{i:0;s:6:"0|34|1";} 
2015-07-23 21:54:28 - DEBUG --> Archivo \components\com_jhotelreservation\classes\services\UserDataService.php 
2015-07-23 21:54:28 - DEBUG --> getUserData 
2015-07-23 21:54:28 - DEBUG --> Archivo \components\com_jhotelreservation\classes\services\UserDataService.php 
2015-07-23 21:54:28 - DEBUG --> getUserData 
2015-07-23 21:55:57 - DEBUG --> Archivo \components\com_jhotelreservation\classes\services\UserDataService.php 
2015-07-23 21:55:57 - DEBUG --> initializeUserData 
2015-07-23 21:55:57 - DEBUG --> UserData first: a:1:{i:0;s:6:"0|34|1";} 
2015-07-23 21:55:57 - DEBUG --> UserData end:  a:1:{i:0;s:6:"0|34|1";} 
2015-07-23 21:55:57 - DEBUG --> Archivo \components\com_jhotelreservation\classes\services\UserDataService.php 
2015-07-23 21:55:57 - DEBUG --> initializeUserData 
2015-07-23 21:55:57 - DEBUG --> UserData first: a:1:{i:0;s:6:"0|34|1";} 
2015-07-23 21:55:57 - DEBUG --> UserData end:  a:1:{i:0;s:6:"0|34|1";} 
2015-07-23 21:55:57 - DEBUG --> Archivo \components\com_jhotelreservation\classes\services\UserDataService.php 
2015-07-23 21:55:57 - DEBUG --> initializeReservationData 
2015-07-23 21:55:57 - DEBUG --> UserData: a:0:{} 
2015-07-23 21:55:57 - DEBUG --> Archivo \components\com_jhotelreservation\classes\services\UserDataService.php 
2015-07-23 21:55:57 - DEBUG --> updateUserData 
2015-07-23 21:55:57 - DEBUG --> Archivo \components\com_jhotelreservation\classes\services\UserDataService.php 
2015-07-23 21:55:57 - DEBUG --> getUserData 
2015-07-23 21:55:57 - DEBUG --> Archivo \components\com_jhotelreservation\classes\services\UserDataService.php 
2015-07-23 21:55:57 - DEBUG --> setCurrency 
2015-07-23 21:55:57 - DEBUG --> Archivo \components\com_jhotelreservation\classes\services\UserDataService.php 
2015-07-23 21:55:57 - DEBUG --> getUserData 
2015-07-23 21:55:57 - DEBUG --> Archivo \components\com_jhotelreservation\classes\services\UserDataService.php 
2015-07-23 21:55:57 - DEBUG --> getUserData 
2015-07-23 21:55:57 - DEBUG --> Archivo \components\com_jhotelreservation\classes\services\UserDataService.php 
2015-07-23 21:55:57 - DEBUG --> getUserData 
2015-07-23 21:55:57 - DEBUG --> Archivo \components\com_jhotelreservationiews\hotel	mpl\hoteloverview.php 
2015-07-23 21:55:57 - DEBUG --> Accedió 
2015-07-23 21:56:48 - DEBUG --> Archivo \components\com_jhotelreservation\classes\services\UserDataService.php 
2015-07-23 21:56:48 - DEBUG --> initializeUserData 
2015-07-23 21:56:48 - DEBUG --> UserData first: a:0:{} 
2015-07-23 21:56:48 - DEBUG --> UserData end:  a:0:{} 
2015-07-23 21:56:48 - DEBUG --> Archivo \components\com_jhotelreservation\classes\services\UserDataService.php 
2015-07-23 21:56:48 - DEBUG --> reserveRoom hotelId= 39, reservedItem = 0|132, current = 1 
2015-07-23 21:56:48 - DEBUG --> Reserved items: a:1:{i:0;s:7:"0|132|1";} 
2015-07-23 21:56:48 - DEBUG --> Archivo \components\com_jhotelreservation\classes\services\UserDataService.php 
2015-07-23 21:56:48 - DEBUG --> initializeUserData 
2015-07-23 21:56:48 - DEBUG --> UserData first: a:1:{i:0;s:7:"0|132|1";} 
2015-07-23 21:56:48 - DEBUG --> UserData end:  a:1:{i:0;s:7:"0|132|1";} 
2015-07-23 21:56:48 - DEBUG --> Archivo \components\com_jhotelreservation\classes\services\UserDataService.php 
2015-07-23 21:56:48 - DEBUG --> getUserData 
2015-07-23 21:56:48 - DEBUG --> Archivo \components\com_jhotelreservation\classes\services\UserDataService.php 
2015-07-23 21:56:48 - DEBUG --> getUserData 
2015-07-23 21:56:49 - DEBUG --> Archivo \components\com_jhotelreservation\classes\services\UserDataService.php 
2015-07-23 21:56:49 - DEBUG --> initializeUserData 
2015-07-23 21:56:49 - DEBUG --> UserData first: a:1:{i:0;s:7:"0|132|1";} 
2015-07-23 21:56:49 - DEBUG --> UserData end:  a:1:{i:0;s:7:"0|132|1";} 
2015-07-23 21:56:49 - DEBUG --> Archivo \components\com_jhotelreservation\classes\services\UserDataService.php 
2015-07-23 21:56:49 - DEBUG --> getUserData 
2015-07-23 21:56:49 - DEBUG --> Archivo \components\com_jhotelreservation\classes\services\UserDataService.php 
2015-07-23 21:56:49 - DEBUG --> getUserData 
2015-07-23 21:56:49 - DEBUG --> Archivo \components\com_jhotelreservation\classes\services\UserDataService.php 
2015-07-23 21:56:49 - DEBUG --> getUserData 
2015-07-23 21:56:53 - DEBUG --> Archivo \components\com_jhotelreservation\classes\services\UserDataService.php 
2015-07-23 21:56:53 - DEBUG --> initializeUserData 
2015-07-23 21:56:53 - DEBUG --> UserData first: a:1:{i:0;s:7:"0|132|1";} 
2015-07-23 21:56:53 - DEBUG --> UserData end:  a:1:{i:0;s:7:"0|132|1";} 
2015-07-23 21:56:53 - DEBUG --> Archivo \components\com_jhotelreservation\classes\services\UserDataService.php 
2015-07-23 21:56:53 - DEBUG --> initializeUserData 
2015-07-23 21:56:53 - DEBUG --> UserData first: a:1:{i:0;s:7:"0|132|1";} 
2015-07-23 21:56:53 - DEBUG --> UserData end:  a:1:{i:0;s:7:"0|132|1";} 
2015-07-23 21:56:53 - DEBUG --> Archivo \components\com_jhotelreservation\classes\services\UserDataService.php 
2015-07-23 21:56:53 - DEBUG --> getUserData 
2015-07-23 21:56:53 - DEBUG --> Archivo \components\com_jhotelreservation\classes\services\UserDataService.php 
2015-07-23 21:56:53 - DEBUG --> getUserData 
2015-07-23 22:09:00 - DEBUG --> Archivo \components\com_jhotelreservation\classes\services\UserDataService.php 
2015-07-23 22:09:00 - DEBUG --> initializeUserData 
2015-07-23 22:09:00 - DEBUG --> UserData first: a:0:{} 
2015-07-23 22:09:00 - DEBUG --> Archivo \components\com_jhotelreservation\classes\services\UserDataService.php 
2015-07-23 22:09:00 - DEBUG --> createUserData 
2015-07-23 22:09:00 - DEBUG --> voucher:  
2015-07-23 22:09:00 - DEBUG --> UserData end:  a:0:{} 
2015-07-23 22:09:00 - DEBUG --> Archivo \components\com_jhotelreservation\classes\services\UserDataService.php 
2015-07-23 22:09:00 - DEBUG --> initializeUserData 
2015-07-23 22:09:00 - DEBUG --> UserData first: a:0:{} 
2015-07-23 22:09:00 - DEBUG --> Archivo \components\com_jhotelreservation\classes\services\UserDataService.php 
2015-07-23 22:09:00 - DEBUG --> createUserData 
2015-07-23 22:09:00 - DEBUG --> voucher:  
2015-07-23 22:09:00 - DEBUG --> UserData end:  a:0:{} 
2015-07-23 22:09:07 - DEBUG --> Archivo \components\com_jhotelreservation\classes\services\UserDataService.php 
2015-07-23 22:09:07 - DEBUG --> initializeUserData 
2015-07-23 22:09:07 - DEBUG --> UserData first: a:0:{} 
2015-07-23 22:09:07 - DEBUG --> UserData end:  a:0:{} 
2015-07-23 22:09:07 - DEBUG --> Archivo \components\com_jhotelreservation\classes\services\UserDataService.php 
2015-07-23 22:09:07 - DEBUG --> initializeUserData 
2015-07-23 22:09:07 - DEBUG --> UserData first: a:0:{} 
2015-07-23 22:09:07 - DEBUG --> UserData end:  a:0:{} 
2015-07-23 22:09:07 - DEBUG --> Archivo \components\com_jhotelreservation\classes\services\UserDataService.php 
2015-07-23 22:09:07 - DEBUG --> initializeReservationData 
2015-07-23 22:09:07 - DEBUG --> UserData: a:0:{} 
2015-07-23 22:09:07 - DEBUG --> Archivo \components\com_jhotelreservation\classes\services\UserDataService.php 
2015-07-23 22:09:07 - DEBUG --> updateUserData 
2015-07-23 22:09:07 - DEBUG --> Archivo \components\com_jhotelreservation\classes\services\UserDataService.php 
2015-07-23 22:09:07 - DEBUG --> getUserData 
2015-07-23 22:09:07 - DEBUG --> Archivo \components\com_jhotelreservation\classes\services\UserDataService.php 
2015-07-23 22:09:07 - DEBUG --> setCurrency 
2015-07-23 22:09:07 - DEBUG --> Archivo \components\com_jhotelreservation\classes\services\UserDataService.php 
2015-07-23 22:09:07 - DEBUG --> getUserData 
2015-07-23 22:09:07 - DEBUG --> Archivo \components\com_jhotelreservation\classes\services\UserDataService.php 
2015-07-23 22:09:07 - DEBUG --> getUserData 
2015-07-23 22:09:07 - DEBUG --> Archivo \components\com_jhotelreservation\classes\services\UserDataService.php 
2015-07-23 22:09:07 - DEBUG --> getUserData 
2015-07-23 22:09:07 - DEBUG --> Archivo \components\com_jhotelreservationiews\hotel	mpl\hoteloverview.php 
2015-07-23 22:09:07 - DEBUG --> Accedió 
2015-07-23 22:09:43 - DEBUG --> Archivo \components\com_jhotelreservation\classes\services\UserDataService.php 
2015-07-23 22:09:43 - DEBUG --> initializeUserData 
2015-07-23 22:09:43 - DEBUG --> UserData first: a:0:{} 
2015-07-23 22:09:43 - DEBUG --> UserData end:  a:0:{} 
2015-07-23 22:09:52 - DEBUG --> Archivo \components\com_jhotelreservation\classes\services\UserDataService.php 
2015-07-23 22:09:52 - DEBUG --> initializeUserData 
2015-07-23 22:09:52 - DEBUG --> UserData first: a:0:{} 
2015-07-23 22:09:52 - DEBUG --> Archivo \components\com_jhotelreservation\classes\services\UserDataService.php 
2015-07-23 22:09:52 - DEBUG --> createUserData 
2015-07-23 22:09:52 - DEBUG --> voucher:  
2015-07-23 22:09:52 - DEBUG --> UserData end:  a:0:{} 
2015-07-23 22:09:52 - DEBUG --> Archivo \components\com_jhotelreservation\classes\services\UserDataService.php 
2015-07-23 22:09:52 - DEBUG --> initializeUserData 
2015-07-23 22:09:52 - DEBUG --> UserData first: a:0:{} 
2015-07-23 22:09:52 - DEBUG --> Archivo \components\com_jhotelreservation\classes\services\UserDataService.php 
2015-07-23 22:09:52 - DEBUG --> createUserData 
2015-07-23 22:09:52 - DEBUG --> voucher:  
2015-07-23 22:09:52 - DEBUG --> UserData end:  a:0:{} 
2015-07-23 22:09:56 - DEBUG --> Archivo \components\com_jhotelreservation\classes\services\UserDataService.php 
2015-07-23 22:09:56 - DEBUG --> initializeUserData 
2015-07-23 22:09:56 - DEBUG --> UserData first: a:0:{} 
2015-07-23 22:09:56 - DEBUG --> UserData end:  a:0:{} 
2015-07-23 22:09:56 - DEBUG --> Archivo \components\com_jhotelreservation\classes\services\UserDataService.php 
2015-07-23 22:09:56 - DEBUG --> initializeUserData 
2015-07-23 22:09:56 - DEBUG --> UserData first: a:0:{} 
2015-07-23 22:09:56 - DEBUG --> UserData end:  a:0:{} 
2015-07-23 22:09:56 - DEBUG --> Archivo \components\com_jhotelreservation\classes\services\UserDataService.php 
2015-07-23 22:09:56 - DEBUG --> initializeReservationData 
2015-07-23 22:09:56 - DEBUG --> UserData: a:0:{} 
2015-07-23 22:09:56 - DEBUG --> Archivo \components\com_jhotelreservation\classes\services\UserDataService.php 
2015-07-23 22:09:56 - DEBUG --> updateUserData 
2015-07-23 22:09:56 - DEBUG --> Archivo \components\com_jhotelreservation\classes\services\UserDataService.php 
2015-07-23 22:09:56 - DEBUG --> getUserData 
2015-07-23 22:09:56 - DEBUG --> Archivo \components\com_jhotelreservation\classes\services\UserDataService.php 
2015-07-23 22:09:56 - DEBUG --> setCurrency 
2015-07-23 22:09:56 - DEBUG --> Archivo \components\com_jhotelreservation\classes\services\UserDataService.php 
2015-07-23 22:09:56 - DEBUG --> getUserData 
2015-07-23 22:09:56 - DEBUG --> Archivo \components\com_jhotelreservation\classes\services\UserDataService.php 
2015-07-23 22:09:56 - DEBUG --> getUserData 
2015-07-23 22:09:56 - DEBUG --> Archivo \components\com_jhotelreservation\classes\services\UserDataService.php 
2015-07-23 22:09:56 - DEBUG --> getUserData 
2015-07-23 22:09:56 - DEBUG --> Archivo \components\com_jhotelreservationiews\hotel	mpl\hoteloverview.php 
2015-07-23 22:09:56 - DEBUG --> Accedió 
2015-07-23 22:10:11 - DEBUG --> Archivo \components\com_jhotelreservation\classes\services\UserDataService.php 
2015-07-23 22:10:11 - DEBUG --> initializeUserData 
2015-07-23 22:10:11 - DEBUG --> UserData first: a:0:{} 
2015-07-23 22:10:11 - DEBUG --> UserData end:  a:0:{} 
2015-07-23 22:10:11 - DEBUG --> Archivo \components\com_jhotelreservation\classes\services\UserDataService.php 
2015-07-23 22:10:11 - DEBUG --> reserveRoom hotelId= 38, reservedItem = 0|127, current = 1 
2015-07-23 22:10:11 - DEBUG --> Reserved items: a:1:{i:0;s:7:"0|127|1";} 
2015-07-23 22:10:11 - DEBUG --> Archivo \components\com_jhotelreservation\classes\services\UserDataService.php 
2015-07-23 22:10:11 - DEBUG --> initializeUserData 
2015-07-23 22:10:11 - DEBUG --> UserData first: a:1:{i:0;s:7:"0|127|1";} 
2015-07-23 22:10:11 - DEBUG --> UserData end:  a:1:{i:0;s:7:"0|127|1";} 
2015-07-23 22:10:11 - DEBUG --> Archivo \components\com_jhotelreservation\classes\services\UserDataService.php 
2015-07-23 22:10:11 - DEBUG --> getUserData 
2015-07-23 22:10:11 - DEBUG --> Archivo \components\com_jhotelreservation\classes\services\UserDataService.php 
2015-07-23 22:10:11 - DEBUG --> getUserData 
2015-07-23 22:10:12 - DEBUG --> Archivo \components\com_jhotelreservation\classes\services\UserDataService.php 
2015-07-23 22:10:12 - DEBUG --> initializeUserData 
2015-07-23 22:10:12 - DEBUG --> UserData first: a:1:{i:0;s:7:"0|127|1";} 
2015-07-23 22:10:12 - DEBUG --> UserData end:  a:1:{i:0;s:7:"0|127|1";} 
2015-07-23 22:10:12 - DEBUG --> Archivo \components\com_jhotelreservation\classes\services\UserDataService.php 
2015-07-23 22:10:12 - DEBUG --> getUserData 
2015-07-23 22:10:12 - DEBUG --> Archivo \components\com_jhotelreservation\classes\services\UserDataService.php 
2015-07-23 22:10:12 - DEBUG --> getUserData 
2015-07-23 22:10:12 - DEBUG --> Archivo \components\com_jhotelreservation\classes\services\UserDataService.php 
2015-07-23 22:10:12 - DEBUG --> getUserData 
2015-07-23 22:11:22 - DEBUG --> Archivo \components\com_jhotelreservation\classes\services\UserDataService.php 
2015-07-23 22:11:22 - DEBUG --> initializeUserData 
2015-07-23 22:11:22 - DEBUG --> UserData first: a:1:{i:0;s:7:"0|127|1";} 
2015-07-23 22:11:22 - DEBUG --> Archivo \components\com_jhotelreservation\classes\services\UserDataService.php 
2015-07-23 22:11:22 - DEBUG --> createUserData 
2015-07-23 22:11:22 - DEBUG --> voucher:  
2015-07-23 22:11:22 - DEBUG --> UserData end:  a:0:{} 
2015-07-23 22:11:22 - DEBUG --> Archivo \components\com_jhotelreservation\classes\services\UserDataService.php 
2015-07-23 22:11:22 - DEBUG --> initializeUserData 
2015-07-23 22:11:22 - DEBUG --> UserData first: a:0:{} 
2015-07-23 22:11:22 - DEBUG --> Archivo \components\com_jhotelreservation\classes\services\UserDataService.php 
2015-07-23 22:11:22 - DEBUG --> createUserData 
2015-07-23 22:11:22 - DEBUG --> voucher:  
2015-07-23 22:11:22 - DEBUG --> UserData end:  a:0:{} 
2015-07-23 22:11:26 - DEBUG --> Archivo \components\com_jhotelreservation\classes\services\UserDataService.php 
2015-07-23 22:11:26 - DEBUG --> initializeUserData 
2015-07-23 22:11:26 - DEBUG --> UserData first: a:0:{} 
2015-07-23 22:11:26 - DEBUG --> UserData end:  a:0:{} 
2015-07-23 22:11:26 - DEBUG --> Archivo \components\com_jhotelreservation\classes\services\UserDataService.php 
2015-07-23 22:11:26 - DEBUG --> initializeUserData 
2015-07-23 22:11:26 - DEBUG --> UserData first: a:0:{} 
2015-07-23 22:11:26 - DEBUG --> UserData end:  a:0:{} 
2015-07-23 22:11:26 - DEBUG --> Archivo \components\com_jhotelreservation\classes\services\UserDataService.php 
2015-07-23 22:11:26 - DEBUG --> initializeReservationData 
2015-07-23 22:11:26 - DEBUG --> UserData: a:0:{} 
2015-07-23 22:11:26 - DEBUG --> Archivo \components\com_jhotelreservation\classes\services\UserDataService.php 
2015-07-23 22:11:26 - DEBUG --> updateUserData 
2015-07-23 22:11:26 - DEBUG --> Archivo \components\com_jhotelreservation\classes\services\UserDataService.php 
2015-07-23 22:11:26 - DEBUG --> getUserData 
2015-07-23 22:11:26 - DEBUG --> Archivo \components\com_jhotelreservation\classes\services\UserDataService.php 
2015-07-23 22:11:26 - DEBUG --> setCurrency 
2015-07-23 22:11:26 - DEBUG --> Archivo \components\com_jhotelreservation\classes\services\UserDataService.php 
2015-07-23 22:11:26 - DEBUG --> getUserData 
2015-07-23 22:11:26 - DEBUG --> Archivo \components\com_jhotelreservation\classes\services\UserDataService.php 
2015-07-23 22:11:26 - DEBUG --> getUserData 
2015-07-23 22:11:26 - DEBUG --> Archivo \components\com_jhotelreservation\classes\services\UserDataService.php 
2015-07-23 22:11:26 - DEBUG --> getUserData 
2015-07-23 22:11:26 - DEBUG --> Archivo \components\com_jhotelreservationiews\hotel	mpl\hoteloverview.php 
2015-07-23 22:11:26 - DEBUG --> Accedió 
2015-07-23 22:18:25 - DEBUG --> Archivo \components\com_jhotelreservation\classes\services\UserDataService.php 
2015-07-23 22:18:25 - DEBUG --> initializeUserData 
2015-07-23 22:18:25 - DEBUG --> UserData first: a:0:{} 
2015-07-23 22:18:25 - DEBUG --> Archivo \components\com_jhotelreservation\classes\services\UserDataService.php 
2015-07-23 22:18:25 - DEBUG --> createUserData 
2015-07-23 22:18:25 - DEBUG --> voucher:  
2015-07-23 22:18:25 - DEBUG --> UserData end:  a:0:{} 
2015-07-23 22:18:25 - DEBUG --> Archivo \components\com_jhotelreservation\classes\services\UserDataService.php 
2015-07-23 22:18:25 - DEBUG --> initializeUserData 
2015-07-23 22:18:25 - DEBUG --> UserData first: a:0:{} 
2015-07-23 22:18:25 - DEBUG --> Archivo \components\com_jhotelreservation\classes\services\UserDataService.php 
2015-07-23 22:18:25 - DEBUG --> createUserData 
2015-07-23 22:18:25 - DEBUG --> voucher:  
2015-07-23 22:18:25 - DEBUG --> UserData end:  a:0:{} 
2015-07-23 22:18:25 - DEBUG --> Archivo \components\com_jhotelreservation\classes\services\UserDataService.php 
2015-07-23 22:18:25 - DEBUG --> initializeReservationData 
2015-07-23 22:18:25 - DEBUG --> UserData: a:0:{} 
2015-07-23 22:18:26 - DEBUG --> Archivo \components\com_jhotelreservation\classes\services\UserDataService.php 
2015-07-23 22:18:26 - DEBUG --> initializeUserData 
2015-07-23 22:18:26 - DEBUG --> UserData first: a:0:{} 
2015-07-23 22:18:26 - DEBUG --> UserData end:  a:0:{} 
2015-07-23 22:18:26 - DEBUG --> Archivo \components\com_jhotelreservation\classes\services\UserDataService.php 
2015-07-23 22:18:26 - DEBUG --> initializeUserData 
2015-07-23 22:18:26 - DEBUG --> UserData first: a:0:{} 
2015-07-23 22:18:26 - DEBUG --> UserData end:  a:0:{} 
2015-07-23 22:18:26 - DEBUG --> Archivo \components\com_jhotelreservation\classes\services\UserDataService.php 
2015-07-23 22:18:26 - DEBUG --> initializeReservationData 
2015-07-23 22:18:26 - DEBUG --> UserData: a:0:{} 
2015-07-23 22:18:26 - DEBUG --> Archivo \components\com_jhotelreservation\classes\services\UserDataService.php 
2015-07-23 22:18:26 - DEBUG --> updateUserData 
2015-07-23 22:18:26 - DEBUG --> Archivo \components\com_jhotelreservation\classes\services\UserDataService.php 
2015-07-23 22:18:26 - DEBUG --> getUserData 
2015-07-23 22:18:26 - DEBUG --> Archivo \components\com_jhotelreservation\classes\services\UserDataService.php 
2015-07-23 22:18:26 - DEBUG --> setCurrency 
2015-07-23 22:18:26 - DEBUG --> Archivo \components\com_jhotelreservation\classes\services\UserDataService.php 
2015-07-23 22:18:26 - DEBUG --> getUserData 
2015-07-23 22:18:26 - DEBUG --> Archivo \components\com_jhotelreservation\classes\services\UserDataService.php 
2015-07-23 22:18:26 - DEBUG --> getUserData 
2015-07-23 22:18:26 - DEBUG --> Archivo \components\com_jhotelreservation\classes\services\UserDataService.php 
2015-07-23 22:18:26 - DEBUG --> getUserData 
2015-07-23 22:18:26 - DEBUG --> Archivo \components\com_jhotelreservationiews\hotel	mpl\hoteloverview.php 
2015-07-23 22:18:26 - DEBUG --> Accedió 
2015-07-23 22:24:14 - DEBUG --> Archivo \components\com_jhotelreservation\classes\services\UserDataService.php 
2015-07-23 22:24:14 - DEBUG --> initializeUserData 
2015-07-23 22:24:14 - DEBUG --> UserData first: N; 
2015-07-23 22:24:14 - DEBUG --> Archivo \components\com_jhotelreservation\classes\services\UserDataService.php 
2015-07-23 22:24:14 - DEBUG --> createUserData 
2015-07-23 22:24:14 - DEBUG --> UserData end:  a:0:{} 
2015-07-23 22:24:14 - DEBUG --> Archivo \components\com_jhotelreservation\classes\services\UserDataService.php 
2015-07-23 22:24:14 - DEBUG --> initializeUserData 
2015-07-23 22:24:14 - DEBUG --> UserData first: a:0:{} 
2015-07-23 22:24:14 - DEBUG --> UserData end:  a:0:{} 
2015-07-23 22:24:14 - DEBUG --> Archivo \components\com_jhotelreservation\classes\services\UserDataService.php 
2015-07-23 22:24:14 - DEBUG --> initializeReservationData 
2015-07-23 22:24:14 - DEBUG --> UserData: a:0:{} 
2015-07-23 22:24:14 - DEBUG --> Archivo \components\com_jhotelreservation\classes\services\UserDataService.php 
2015-07-23 22:24:14 - DEBUG --> updateUserData 
2015-07-23 22:24:14 - DEBUG --> Archivo \components\com_jhotelreservation\classes\services\UserDataService.php 
2015-07-23 22:24:14 - DEBUG --> getUserData 
2015-07-23 22:24:14 - DEBUG --> Archivo \components\com_jhotelreservation\classes\services\UserDataService.php 
2015-07-23 22:24:14 - DEBUG --> setCurrency 
2015-07-23 22:24:14 - DEBUG --> Archivo \components\com_jhotelreservation\classes\services\UserDataService.php 
2015-07-23 22:24:14 - DEBUG --> getUserData 
2015-07-23 22:24:14 - DEBUG --> Archivo \components\com_jhotelreservation\classes\services\UserDataService.php 
2015-07-23 22:24:14 - DEBUG --> getUserData 
2015-07-23 22:24:14 - DEBUG --> Archivo \components\com_jhotelreservation\classes\services\UserDataService.php 
2015-07-23 22:24:14 - DEBUG --> getUserData 
2015-07-23 22:24:14 - DEBUG --> Archivo \components\com_jhotelreservationiews\hotel	mpl\hoteloverview.php 
2015-07-23 22:24:14 - DEBUG --> Accedió 
2015-07-23 22:43:46 - DEBUG --> Archivo \components\com_jhotelreservation\classes\services\UserDataService.php 
2015-07-23 22:43:46 - DEBUG --> initializeUserData 
2015-07-23 22:43:46 - DEBUG --> UserData first: a:0:{} 
2015-07-23 22:43:46 - DEBUG --> UserData end:  a:0:{} 
2015-07-23 22:43:46 - DEBUG --> Archivo \components\com_jhotelreservation\classes\services\UserDataService.php 
2015-07-23 22:43:46 - DEBUG --> reserveRoom hotelId= 34, reservedItem = 0|70, current = 1 
2015-07-23 22:43:46 - DEBUG --> Reserved items: a:1:{i:0;s:6:"0|70|1";} 
2015-07-23 22:43:47 - DEBUG --> Archivo \components\com_jhotelreservation\classes\services\UserDataService.php 
2015-07-23 22:43:47 - DEBUG --> initializeUserData 
2015-07-23 22:43:47 - DEBUG --> UserData first: a:1:{i:0;s:6:"0|70|1";} 
2015-07-23 22:43:47 - DEBUG --> UserData end:  a:1:{i:0;s:6:"0|70|1";} 
2015-07-23 22:43:47 - DEBUG --> Archivo \components\com_jhotelreservation\classes\services\UserDataService.php 
2015-07-23 22:43:47 - DEBUG --> getUserData 
2015-07-23 22:43:47 - DEBUG --> Archivo \components\com_jhotelreservation\classes\services\UserDataService.php 
2015-07-23 22:43:47 - DEBUG --> getUserData 
2015-07-23 22:43:47 - DEBUG --> Archivo \components\com_jhotelreservation\classes\services\UserDataService.php 
2015-07-23 22:43:47 - DEBUG --> initializeUserData 
2015-07-23 22:43:47 - DEBUG --> UserData first: a:1:{i:0;s:6:"0|70|1";} 
2015-07-23 22:43:47 - DEBUG --> UserData end:  a:1:{i:0;s:6:"0|70|1";} 
2015-07-23 22:43:47 - DEBUG --> Archivo \components\com_jhotelreservation\classes\services\UserDataService.php 
2015-07-23 22:43:47 - DEBUG --> getUserData 
2015-07-23 22:43:47 - DEBUG --> Archivo \components\com_jhotelreservation\classes\services\UserDataService.php 
2015-07-23 22:43:47 - DEBUG --> getUserData 
2015-07-23 22:43:47 - DEBUG --> Archivo \components\com_jhotelreservation\classes\services\UserDataService.php 
2015-07-23 22:43:47 - DEBUG --> getUserData 
2015-07-23 23:57:01 - DEBUG --> Archivo \components\com_jhotelreservation\classes\services\UserDataService.php 
2015-07-23 23:57:01 - DEBUG --> initializeUserData 
2015-07-23 23:57:01 - DEBUG --> UserData first: N; 
2015-07-23 23:57:01 - DEBUG --> Archivo \components\com_jhotelreservation\classes\services\UserDataService.php 
2015-07-23 23:57:01 - DEBUG --> createUserData 
2015-07-23 23:57:01 - DEBUG --> UserData end:  a:0:{} 
2015-07-23 23:57:01 - DEBUG --> Archivo \components\com_jhotelreservation\classes\services\UserDataService.php 
2015-07-23 23:57:01 - DEBUG --> initializeUserData 
2015-07-23 23:57:01 - DEBUG --> UserData first: a:0:{} 
2015-07-23 23:57:01 - DEBUG --> UserData end:  a:0:{} 
2015-07-23 23:57:01 - DEBUG --> Archivo \components\com_jhotelreservation\classes\services\UserDataService.php 
2015-07-23 23:57:01 - DEBUG --> initializeReservationData 
2015-07-23 23:57:01 - DEBUG --> UserData: a:0:{} 
2015-07-23 23:57:01 - DEBUG --> Archivo \components\com_jhotelreservation\classes\services\UserDataService.php 
2015-07-23 23:57:01 - DEBUG --> updateUserData 
2015-07-23 23:57:01 - DEBUG --> Archivo \components\com_jhotelreservation\classes\services\UserDataService.php 
2015-07-23 23:57:01 - DEBUG --> getUserData 
2015-07-23 23:57:01 - DEBUG --> Archivo \components\com_jhotelreservation\classes\services\UserDataService.php 
2015-07-23 23:57:01 - DEBUG --> setCurrency 
2015-07-23 23:57:01 - DEBUG --> Archivo \components\com_jhotelreservation\classes\services\UserDataService.php 
2015-07-23 23:57:01 - DEBUG --> getUserData 
2015-07-23 23:57:01 - DEBUG --> Archivo \components\com_jhotelreservation\classes\services\UserDataService.php 
2015-07-23 23:57:01 - DEBUG --> getUserData 
2015-07-23 23:57:01 - DEBUG --> Archivo \components\com_jhotelreservation\classes\services\UserDataService.php 
2015-07-23 23:57:01 - DEBUG --> getUserData 
2015-07-23 23:57:01 - DEBUG --> Archivo \components\com_jhotelreservationiews\hotel	mpl\hoteloverview.php 
2015-07-23 23:57:01 - DEBUG --> Accedió 
