2015-07-25 3:37:06 - DEBUG --> Archivo \components\com_jhotelreservation\classes\services\UserDataService.php 
2015-07-25 3:37:06 - DEBUG --> initializeUserData 
2015-07-25 3:37:06 - DEBUG --> UserData first: N; 
2015-07-25 3:37:06 - DEBUG --> Archivo \components\com_jhotelreservation\classes\services\UserDataService.php 
2015-07-25 3:37:06 - DEBUG --> createUserData 
2015-07-25 3:37:06 - DEBUG --> UserData end:  a:0:{} 
2015-07-25 3:37:06 - DEBUG --> Archivo \components\com_jhotelreservation\classes\services\UserDataService.php 
2015-07-25 3:37:06 - DEBUG --> initializeUserData 
2015-07-25 3:37:06 - DEBUG --> UserData first: a:0:{} 
2015-07-25 3:37:06 - DEBUG --> UserData end:  a:0:{} 
2015-07-25 3:37:06 - DEBUG --> Archivo \components\com_jhotelreservation\classes\services\UserDataService.php 
2015-07-25 3:37:06 - DEBUG --> initializeReservationData 
2015-07-25 3:37:06 - DEBUG --> UserData: a:0:{} 
2015-07-25 3:37:06 - DEBUG --> Archivo \components\com_jhotelreservation\classes\services\UserDataService.php 
2015-07-25 3:37:06 - DEBUG --> updateUserData 
2015-07-25 3:37:06 - DEBUG --> Archivo \components\com_jhotelreservation\classes\services\UserDataService.php 
2015-07-25 3:37:06 - DEBUG --> getUserData 
2015-07-25 3:37:06 - DEBUG --> Archivo \components\com_jhotelreservation\classes\services\UserDataService.php 
2015-07-25 3:37:06 - DEBUG --> setCurrency 
2015-07-25 3:37:06 - DEBUG --> Archivo \components\com_jhotelreservation\classes\services\UserDataService.php 
2015-07-25 3:37:06 - DEBUG --> getUserData 
2015-07-25 3:37:06 - DEBUG --> Archivo \components\com_jhotelreservation\classes\services\UserDataService.php 
2015-07-25 3:37:06 - DEBUG --> getUserData 
2015-07-25 3:37:06 - DEBUG --> Archivo \components\com_jhotelreservation\classes\services\UserDataService.php 
2015-07-25 3:37:06 - DEBUG --> getUserData 
2015-07-25 3:37:06 - DEBUG --> Archivo \components\com_jhotelreservationiews\hotel	mpl\hoteloverview.php 
2015-07-25 3:37:06 - DEBUG --> Accedió 
2015-07-25 13:21:37 - DEBUG --> Archivo \components\com_jhotelreservation\classes\services\UserDataService.php 
2015-07-25 13:21:37 - DEBUG --> initializeUserData 
2015-07-25 13:21:37 - DEBUG --> UserData first: N; 
2015-07-25 13:21:37 - DEBUG --> Archivo \components\com_jhotelreservation\classes\services\UserDataService.php 
2015-07-25 13:21:37 - DEBUG --> createUserData 
2015-07-25 13:21:37 - DEBUG --> UserData end:  a:0:{} 
2015-07-25 13:21:37 - DEBUG --> Archivo \components\com_jhotelreservation\classes\services\UserDataService.php 
2015-07-25 13:21:37 - DEBUG --> initializeUserData 
2015-07-25 13:21:37 - DEBUG --> UserData first: a:0:{} 
2015-07-25 13:21:37 - DEBUG --> UserData end:  a:0:{} 
2015-07-25 13:21:37 - DEBUG --> Archivo \components\com_jhotelreservation\classes\services\UserDataService.php 
2015-07-25 13:21:37 - DEBUG --> initializeReservationData 
2015-07-25 13:21:37 - DEBUG --> UserData: a:0:{} 
2015-07-25 13:21:37 - DEBUG --> Archivo \components\com_jhotelreservation\classes\services\UserDataService.php 
2015-07-25 13:21:37 - DEBUG --> updateUserData 
2015-07-25 13:21:37 - DEBUG --> Archivo \components\com_jhotelreservation\classes\services\UserDataService.php 
2015-07-25 13:21:37 - DEBUG --> getUserData 
2015-07-25 13:21:37 - DEBUG --> Archivo \components\com_jhotelreservation\classes\services\UserDataService.php 
2015-07-25 13:21:37 - DEBUG --> setCurrency 
2015-07-25 13:21:37 - DEBUG --> Archivo \components\com_jhotelreservation\classes\services\UserDataService.php 
2015-07-25 13:21:37 - DEBUG --> getUserData 
2015-07-25 13:21:37 - DEBUG --> Archivo \components\com_jhotelreservation\classes\services\UserDataService.php 
2015-07-25 13:21:37 - DEBUG --> getUserData 
2015-07-25 13:21:37 - DEBUG --> Archivo \components\com_jhotelreservation\classes\services\UserDataService.php 
2015-07-25 13:21:37 - DEBUG --> getUserData 
2015-07-25 13:21:37 - DEBUG --> Archivo \components\com_jhotelreservationiews\hotel	mpl\hoteloverview.php 
2015-07-25 13:21:37 - DEBUG --> Accedió 
2015-07-25 18:08:53 - DEBUG --> Archivo \components\com_jhotelreservation\classes\services\UserDataService.php 
2015-07-25 18:08:53 - DEBUG --> initializeUserData 
2015-07-25 18:08:53 - DEBUG --> UserData first: N; 
2015-07-25 18:08:53 - DEBUG --> Archivo \components\com_jhotelreservation\classes\services\UserDataService.php 
2015-07-25 18:08:53 - DEBUG --> createUserData 
2015-07-25 18:08:53 - DEBUG --> UserData end:  a:0:{} 
2015-07-25 18:58:44 - DEBUG --> Archivo \components\com_jhotelreservation\classes\services\UserDataService.php 
2015-07-25 18:58:44 - DEBUG --> initializeUserData 
2015-07-25 18:58:44 - DEBUG --> UserData first: N; 
2015-07-25 18:58:44 - DEBUG --> Archivo \components\com_jhotelreservation\classes\services\UserDataService.php 
2015-07-25 18:58:44 - DEBUG --> createUserData 
2015-07-25 18:58:44 - DEBUG --> UserData end:  a:0:{} 
2015-07-25 18:58:44 - DEBUG --> Archivo \components\com_jhotelreservation\classes\services\UserDataService.php 
2015-07-25 18:58:44 - DEBUG --> initializeUserData 
2015-07-25 18:58:44 - DEBUG --> UserData first: a:0:{} 
2015-07-25 18:58:44 - DEBUG --> UserData end:  a:0:{} 
2015-07-25 18:58:44 - DEBUG --> Archivo \components\com_jhotelreservation\classes\services\UserDataService.php 
2015-07-25 18:58:44 - DEBUG --> initializeReservationData 
2015-07-25 18:58:44 - DEBUG --> UserData: a:0:{} 
2015-07-25 18:58:44 - DEBUG --> Archivo \components\com_jhotelreservation\classes\services\UserDataService.php 
2015-07-25 18:58:44 - DEBUG --> updateUserData 
2015-07-25 18:58:44 - DEBUG --> Archivo \components\com_jhotelreservation\classes\services\UserDataService.php 
2015-07-25 18:58:44 - DEBUG --> getUserData 
2015-07-25 18:58:44 - DEBUG --> Archivo \components\com_jhotelreservation\classes\services\UserDataService.php 
2015-07-25 18:58:44 - DEBUG --> setCurrency 
2015-07-25 18:58:44 - DEBUG --> Archivo \components\com_jhotelreservation\classes\services\UserDataService.php 
2015-07-25 18:58:44 - DEBUG --> getUserData 
2015-07-25 18:58:44 - DEBUG --> Archivo \components\com_jhotelreservation\classes\services\UserDataService.php 
2015-07-25 18:58:44 - DEBUG --> getUserData 
2015-07-25 18:58:44 - DEBUG --> Archivo \components\com_jhotelreservation\classes\services\UserDataService.php 
2015-07-25 18:58:44 - DEBUG --> getUserData 
2015-07-25 18:58:44 - DEBUG --> Archivo \components\com_jhotelreservationiews\hotel	mpl\hoteloverview.php 
2015-07-25 18:58:44 - DEBUG --> Accedió 
