2015-11-07 7:16:14 - DEBUG --> Archivo \components\com_jhotelreservation\classes\services\UserDataService.php 
2015-11-07 7:16:14 - DEBUG --> initializeUserData 
2015-11-07 7:16:14 - DEBUG --> UserData first: N; 
2015-11-07 7:16:14 - DEBUG --> Archivo \components\com_jhotelreservation\classes\services\UserDataService.php 
2015-11-07 7:16:14 - DEBUG --> createUserData 
2015-11-07 7:16:14 - DEBUG --> UserData end:  a:0:{} 
2015-11-07 7:16:14 - DEBUG --> Archivo \components\com_jhotelreservation\classes\services\UserDataService.php 
2015-11-07 7:16:14 - DEBUG --> initializeUserData 
2015-11-07 7:16:14 - DEBUG --> UserData first: a:0:{} 
2015-11-07 7:16:14 - DEBUG --> UserData end:  a:0:{} 
2015-11-07 7:16:14 - DEBUG --> Archivo \components\com_jhotelreservation\classes\services\UserDataService.php 
2015-11-07 7:16:14 - DEBUG --> initializeReservationData 
2015-11-07 7:16:14 - DEBUG --> UserData: a:0:{} 
2015-11-07 7:16:14 - DEBUG --> Archivo \components\com_jhotelreservation\classes\services\UserDataService.php 
2015-11-07 7:16:14 - DEBUG --> updateUserData 
2015-11-07 7:16:14 - DEBUG --> Archivo \components\com_jhotelreservation\classes\services\UserDataService.php 
2015-11-07 7:16:14 - DEBUG --> getUserData 
2015-11-07 7:16:14 - DEBUG --> Archivo \components\com_jhotelreservation\classes\services\UserDataService.php 
2015-11-07 7:16:14 - DEBUG --> setCurrency 
2015-11-07 7:16:14 - DEBUG --> Archivo \components\com_jhotelreservation\classes\services\UserDataService.php 
2015-11-07 7:16:14 - DEBUG --> getUserData 
2015-11-07 7:16:14 - DEBUG --> Archivo \components\com_jhotelreservation\classes\services\UserDataService.php 
2015-11-07 7:16:14 - DEBUG --> getUserData 
2015-11-07 7:16:14 - DEBUG --> Archivo \components\com_jhotelreservation\classes\services\UserDataService.php 
2015-11-07 7:16:14 - DEBUG --> getUserData 
2015-11-07 7:16:14 - DEBUG --> Archivo \components\com_jhotelreservationiews\hotel	mpl\hoteloverview.php 
2015-11-07 7:16:14 - DEBUG --> Accedió 
2015-11-07 8:46:15 - DEBUG --> Archivo \components\com_jhotelreservation\classes\services\UserDataService.php 
2015-11-07 8:46:15 - DEBUG --> initializeUserData 
2015-11-07 8:46:15 - DEBUG --> UserData first: N; 
2015-11-07 8:46:15 - DEBUG --> Archivo \components\com_jhotelreservation\classes\services\UserDataService.php 
2015-11-07 8:46:15 - DEBUG --> createUserData 
2015-11-07 8:46:15 - DEBUG --> UserData end:  a:0:{} 
2015-11-07 8:46:15 - DEBUG --> Archivo \components\com_jhotelreservation\classes\services\UserDataService.php 
2015-11-07 8:46:15 - DEBUG --> initializeUserData 
2015-11-07 8:46:15 - DEBUG --> UserData first: a:0:{} 
2015-11-07 8:46:15 - DEBUG --> UserData end:  a:0:{} 
2015-11-07 8:46:15 - DEBUG --> Archivo \components\com_jhotelreservation\classes\services\UserDataService.php 
2015-11-07 8:46:15 - DEBUG --> initializeReservationData 
2015-11-07 8:46:15 - DEBUG --> UserData: a:0:{} 
2015-11-07 8:46:15 - DEBUG --> Archivo \components\com_jhotelreservation\classes\services\UserDataService.php 
2015-11-07 8:46:15 - DEBUG --> updateUserData 
2015-11-07 8:46:15 - DEBUG --> Archivo \components\com_jhotelreservation\classes\services\UserDataService.php 
2015-11-07 8:46:15 - DEBUG --> getUserData 
2015-11-07 8:46:15 - DEBUG --> Archivo \components\com_jhotelreservation\classes\services\UserDataService.php 
2015-11-07 8:46:15 - DEBUG --> setCurrency 
2015-11-07 8:46:15 - DEBUG --> Archivo \components\com_jhotelreservation\classes\services\UserDataService.php 
2015-11-07 8:46:15 - DEBUG --> getUserData 
2015-11-07 8:46:15 - DEBUG --> Archivo \components\com_jhotelreservation\classes\services\UserDataService.php 
2015-11-07 8:46:15 - DEBUG --> getUserData 
2015-11-07 8:46:15 - DEBUG --> Archivo \components\com_jhotelreservation\classes\services\UserDataService.php 
2015-11-07 8:46:15 - DEBUG --> getUserData 
2015-11-07 8:46:15 - DEBUG --> Archivo \components\com_jhotelreservationiews\hotel	mpl\hoteloverview.php 
2015-11-07 8:46:15 - DEBUG --> Accedió 
2015-11-07 10:04:35 - DEBUG --> Archivo \components\com_jhotelreservation\classes\services\UserDataService.php 
2015-11-07 10:04:35 - DEBUG --> initializeUserData 
2015-11-07 10:04:35 - DEBUG --> UserData first: N; 
2015-11-07 10:04:35 - DEBUG --> Archivo \components\com_jhotelreservation\classes\services\UserDataService.php 
2015-11-07 10:04:35 - DEBUG --> createUserData 
2015-11-07 10:04:35 - DEBUG --> UserData end:  a:0:{} 
2015-11-07 10:04:35 - DEBUG --> Archivo \components\com_jhotelreservation\classes\services\UserDataService.php 
2015-11-07 10:04:35 - DEBUG --> initializeUserData 
2015-11-07 10:04:35 - DEBUG --> UserData first: a:0:{} 
2015-11-07 10:04:35 - DEBUG --> UserData end:  a:0:{} 
2015-11-07 10:04:35 - DEBUG --> Archivo \components\com_jhotelreservation\classes\services\UserDataService.php 
2015-11-07 10:04:35 - DEBUG --> initializeReservationData 
2015-11-07 10:04:35 - DEBUG --> UserData: a:0:{} 
2015-11-07 10:04:35 - DEBUG --> Archivo \components\com_jhotelreservation\classes\services\UserDataService.php 
2015-11-07 10:04:35 - DEBUG --> updateUserData 
2015-11-07 10:04:35 - DEBUG --> Archivo \components\com_jhotelreservation\classes\services\UserDataService.php 
2015-11-07 10:04:35 - DEBUG --> getUserData 
2015-11-07 10:04:35 - DEBUG --> Archivo \components\com_jhotelreservation\classes\services\UserDataService.php 
2015-11-07 10:04:35 - DEBUG --> setCurrency 
2015-11-07 10:04:35 - DEBUG --> Archivo \components\com_jhotelreservation\classes\services\UserDataService.php 
2015-11-07 10:04:35 - DEBUG --> getUserData 
2015-11-07 10:04:35 - DEBUG --> Archivo \components\com_jhotelreservation\classes\services\UserDataService.php 
2015-11-07 10:04:35 - DEBUG --> getUserData 
2015-11-07 10:04:35 - DEBUG --> Archivo \components\com_jhotelreservation\classes\services\UserDataService.php 
2015-11-07 10:04:35 - DEBUG --> getUserData 
2015-11-07 10:04:35 - DEBUG --> Archivo \components\com_jhotelreservationiews\hotel	mpl\hoteloverview.php 
2015-11-07 10:04:35 - DEBUG --> Accedió 
2015-11-07 10:09:21 - DEBUG --> Archivo \components\com_jhotelreservation\classes\services\UserDataService.php 
2015-11-07 10:09:21 - DEBUG --> initializeUserData 
2015-11-07 10:09:21 - DEBUG --> UserData first: N; 
2015-11-07 10:09:21 - DEBUG --> Archivo \components\com_jhotelreservation\classes\services\UserDataService.php 
2015-11-07 10:09:21 - DEBUG --> createUserData 
2015-11-07 10:09:21 - DEBUG --> UserData end:  a:0:{} 
2015-11-07 10:09:21 - DEBUG --> Archivo \components\com_jhotelreservation\classes\services\UserDataService.php 
2015-11-07 10:09:21 - DEBUG --> initializeUserData 
2015-11-07 10:09:21 - DEBUG --> UserData first: a:0:{} 
2015-11-07 10:09:21 - DEBUG --> UserData end:  a:0:{} 
2015-11-07 10:09:21 - DEBUG --> Archivo \components\com_jhotelreservation\classes\services\UserDataService.php 
2015-11-07 10:09:21 - DEBUG --> initializeReservationData 
2015-11-07 10:09:21 - DEBUG --> UserData: a:0:{} 
2015-11-07 10:09:21 - DEBUG --> Archivo \components\com_jhotelreservation\classes\services\UserDataService.php 
2015-11-07 10:09:21 - DEBUG --> updateUserData 
2015-11-07 10:09:21 - DEBUG --> Archivo \components\com_jhotelreservation\classes\services\UserDataService.php 
2015-11-07 10:09:21 - DEBUG --> getUserData 
2015-11-07 10:09:21 - DEBUG --> Archivo \components\com_jhotelreservation\classes\services\UserDataService.php 
2015-11-07 10:09:21 - DEBUG --> setCurrency 
2015-11-07 10:09:21 - DEBUG --> Archivo \components\com_jhotelreservation\classes\services\UserDataService.php 
2015-11-07 10:09:21 - DEBUG --> getUserData 
2015-11-07 10:09:21 - DEBUG --> Archivo \components\com_jhotelreservation\classes\services\UserDataService.php 
2015-11-07 10:09:21 - DEBUG --> getUserData 
2015-11-07 10:09:21 - DEBUG --> Archivo \components\com_jhotelreservation\classes\services\UserDataService.php 
2015-11-07 10:09:21 - DEBUG --> getUserData 
2015-11-07 10:10:46 - DEBUG --> Archivo \components\com_jhotelreservation\classes\services\UserDataService.php 
2015-11-07 10:10:46 - DEBUG --> initializeUserData 
2015-11-07 10:10:46 - DEBUG --> UserData first: N; 
2015-11-07 10:10:46 - DEBUG --> Archivo \components\com_jhotelreservation\classes\services\UserDataService.php 
2015-11-07 10:10:46 - DEBUG --> createUserData 
2015-11-07 10:10:46 - DEBUG --> UserData end:  a:0:{} 
2015-11-07 10:10:46 - DEBUG --> Archivo \components\com_jhotelreservation\classes\services\UserDataService.php 
2015-11-07 10:10:46 - DEBUG --> initializeUserData 
2015-11-07 10:10:46 - DEBUG --> UserData first: a:0:{} 
2015-11-07 10:10:46 - DEBUG --> UserData end:  a:0:{} 
2015-11-07 10:10:46 - DEBUG --> Archivo \components\com_jhotelreservation\classes\services\UserDataService.php 
2015-11-07 10:10:46 - DEBUG --> initializeReservationData 
2015-11-07 10:10:46 - DEBUG --> UserData: a:0:{} 
2015-11-07 10:10:46 - DEBUG --> Archivo \components\com_jhotelreservation\classes\services\UserDataService.php 
2015-11-07 10:10:46 - DEBUG --> updateUserData 
2015-11-07 10:10:46 - DEBUG --> Archivo \components\com_jhotelreservation\classes\services\UserDataService.php 
2015-11-07 10:10:46 - DEBUG --> getUserData 
2015-11-07 10:10:46 - DEBUG --> Archivo \components\com_jhotelreservation\classes\services\UserDataService.php 
2015-11-07 10:10:46 - DEBUG --> setCurrency 
2015-11-07 10:10:46 - DEBUG --> Archivo \components\com_jhotelreservation\classes\services\UserDataService.php 
2015-11-07 10:10:46 - DEBUG --> getUserData 
2015-11-07 10:10:46 - DEBUG --> Archivo \components\com_jhotelreservation\classes\services\UserDataService.php 
2015-11-07 10:10:46 - DEBUG --> getUserData 
2015-11-07 10:10:46 - DEBUG --> Archivo \components\com_jhotelreservation\classes\services\UserDataService.php 
2015-11-07 10:10:46 - DEBUG --> getUserData 
2015-11-07 10:13:36 - DEBUG --> Archivo \components\com_jhotelreservation\classes\services\UserDataService.php 
2015-11-07 10:13:36 - DEBUG --> initializeUserData 
2015-11-07 10:13:36 - DEBUG --> UserData first: N; 
2015-11-07 10:13:36 - DEBUG --> Archivo \components\com_jhotelreservation\classes\services\UserDataService.php 
2015-11-07 10:13:36 - DEBUG --> createUserData 
2015-11-07 10:13:36 - DEBUG --> UserData end:  a:0:{} 
2015-11-07 10:13:36 - DEBUG --> Archivo \components\com_jhotelreservation\classes\services\UserDataService.php 
2015-11-07 10:13:36 - DEBUG --> initializeUserData 
2015-11-07 10:13:36 - DEBUG --> UserData first: a:0:{} 
2015-11-07 10:13:36 - DEBUG --> UserData end:  a:0:{} 
2015-11-07 10:13:36 - DEBUG --> Archivo \components\com_jhotelreservation\classes\services\UserDataService.php 
2015-11-07 10:13:36 - DEBUG --> initializeReservationData 
2015-11-07 10:13:36 - DEBUG --> UserData: a:0:{} 
2015-11-07 10:13:36 - DEBUG --> Archivo \components\com_jhotelreservation\classes\services\UserDataService.php 
2015-11-07 10:13:36 - DEBUG --> updateUserData 
2015-11-07 10:13:36 - DEBUG --> Archivo \components\com_jhotelreservation\classes\services\UserDataService.php 
2015-11-07 10:13:36 - DEBUG --> getUserData 
2015-11-07 10:13:36 - DEBUG --> Archivo \components\com_jhotelreservation\classes\services\UserDataService.php 
2015-11-07 10:13:36 - DEBUG --> setCurrency 
2015-11-07 10:13:36 - DEBUG --> Archivo \components\com_jhotelreservation\classes\services\UserDataService.php 
2015-11-07 10:13:36 - DEBUG --> getUserData 
2015-11-07 10:13:36 - DEBUG --> Archivo \components\com_jhotelreservation\classes\services\UserDataService.php 
2015-11-07 10:13:36 - DEBUG --> getUserData 
2015-11-07 10:13:36 - DEBUG --> Archivo \components\com_jhotelreservation\classes\services\UserDataService.php 
2015-11-07 10:13:36 - DEBUG --> getUserData 
2015-11-07 10:13:36 - DEBUG --> Archivo \components\com_jhotelreservationiews\hotel	mpl\hoteloverview.php 
2015-11-07 10:13:36 - DEBUG --> Accedió 
2015-11-07 10:50:06 - DEBUG --> Archivo \components\com_jhotelreservation\classes\services\UserDataService.php 
2015-11-07 10:50:06 - DEBUG --> initializeUserData 
2015-11-07 10:50:06 - DEBUG --> UserData first: N; 
2015-11-07 10:50:06 - DEBUG --> Archivo \components\com_jhotelreservation\classes\services\UserDataService.php 
2015-11-07 10:50:06 - DEBUG --> createUserData 
2015-11-07 10:50:06 - DEBUG --> UserData end:  a:0:{} 
2015-11-07 10:50:06 - DEBUG --> Archivo \components\com_jhotelreservation\classes\services\UserDataService.php 
2015-11-07 10:50:06 - DEBUG --> initializeUserData 
2015-11-07 10:50:06 - DEBUG --> UserData first: a:0:{} 
2015-11-07 10:50:06 - DEBUG --> UserData end:  a:0:{} 
2015-11-07 10:50:06 - DEBUG --> Archivo \components\com_jhotelreservation\classes\services\UserDataService.php 
2015-11-07 10:50:06 - DEBUG --> initializeReservationData 
2015-11-07 10:50:06 - DEBUG --> UserData: a:0:{} 
2015-11-07 10:50:06 - DEBUG --> Archivo \components\com_jhotelreservation\classes\services\UserDataService.php 
2015-11-07 10:50:06 - DEBUG --> updateUserData 
2015-11-07 10:50:06 - DEBUG --> Archivo \components\com_jhotelreservation\classes\services\UserDataService.php 
2015-11-07 10:50:06 - DEBUG --> getUserData 
2015-11-07 10:50:06 - DEBUG --> Archivo \components\com_jhotelreservation\classes\services\UserDataService.php 
2015-11-07 10:50:06 - DEBUG --> setCurrency 
2015-11-07 10:50:06 - DEBUG --> Archivo \components\com_jhotelreservation\classes\services\UserDataService.php 
2015-11-07 10:50:06 - DEBUG --> getUserData 
2015-11-07 10:50:06 - DEBUG --> Archivo \components\com_jhotelreservation\classes\services\UserDataService.php 
2015-11-07 10:50:06 - DEBUG --> getUserData 
2015-11-07 10:50:06 - DEBUG --> Archivo \components\com_jhotelreservation\classes\services\UserDataService.php 
2015-11-07 10:50:06 - DEBUG --> getUserData 
2015-11-07 11:25:35 - DEBUG --> Archivo \components\com_jhotelreservation\classes\services\UserDataService.php 
2015-11-07 11:25:35 - DEBUG --> initializeUserData 
2015-11-07 11:25:35 - DEBUG --> UserData first: N; 
2015-11-07 11:25:35 - DEBUG --> Archivo \components\com_jhotelreservation\classes\services\UserDataService.php 
2015-11-07 11:25:35 - DEBUG --> createUserData 
2015-11-07 11:25:35 - DEBUG --> UserData end:  a:0:{} 
2015-11-07 11:25:35 - DEBUG --> Archivo \components\com_jhotelreservation\classes\services\UserDataService.php 
2015-11-07 11:25:35 - DEBUG --> initializeUserData 
2015-11-07 11:25:35 - DEBUG --> UserData first: a:0:{} 
2015-11-07 11:25:35 - DEBUG --> UserData end:  a:0:{} 
2015-11-07 11:25:35 - DEBUG --> Archivo \components\com_jhotelreservation\classes\services\UserDataService.php 
2015-11-07 11:25:35 - DEBUG --> initializeReservationData 
2015-11-07 11:25:35 - DEBUG --> UserData: a:0:{} 
2015-11-07 11:25:35 - DEBUG --> Archivo \components\com_jhotelreservation\classes\services\UserDataService.php 
2015-11-07 11:25:35 - DEBUG --> updateUserData 
2015-11-07 11:25:35 - DEBUG --> Archivo \components\com_jhotelreservation\classes\services\UserDataService.php 
2015-11-07 11:25:35 - DEBUG --> getUserData 
2015-11-07 11:25:35 - DEBUG --> Archivo \components\com_jhotelreservation\classes\services\UserDataService.php 
2015-11-07 11:25:35 - DEBUG --> setCurrency 
2015-11-07 11:25:35 - DEBUG --> Archivo \components\com_jhotelreservation\classes\services\UserDataService.php 
2015-11-07 11:25:35 - DEBUG --> getUserData 
2015-11-07 11:25:35 - DEBUG --> Archivo \components\com_jhotelreservation\classes\services\UserDataService.php 
2015-11-07 11:25:35 - DEBUG --> getUserData 
2015-11-07 11:25:35 - DEBUG --> Archivo \components\com_jhotelreservation\classes\services\UserDataService.php 
2015-11-07 11:25:35 - DEBUG --> getUserData 
2015-11-07 11:25:35 - DEBUG --> Archivo \components\com_jhotelreservationiews\hotel	mpl\hoteloverview.php 
2015-11-07 11:25:35 - DEBUG --> Accedió 
2015-11-07 16:59:51 - DEBUG --> Archivo \components\com_jhotelreservation\classes\services\UserDataService.php 
2015-11-07 16:59:51 - DEBUG --> initializeUserData 
2015-11-07 16:59:51 - DEBUG --> UserData first: N; 
2015-11-07 16:59:51 - DEBUG --> Archivo \components\com_jhotelreservation\classes\services\UserDataService.php 
2015-11-07 16:59:51 - DEBUG --> createUserData 
2015-11-07 16:59:51 - DEBUG --> UserData end:  a:0:{} 
2015-11-07 16:59:51 - DEBUG --> Archivo \components\com_jhotelreservation\classes\services\UserDataService.php 
2015-11-07 16:59:51 - DEBUG --> initializeUserData 
2015-11-07 16:59:51 - DEBUG --> UserData first: a:0:{} 
2015-11-07 16:59:51 - DEBUG --> UserData end:  a:0:{} 
2015-11-07 16:59:51 - DEBUG --> Archivo \components\com_jhotelreservation\classes\services\UserDataService.php 
2015-11-07 16:59:51 - DEBUG --> initializeReservationData 
2015-11-07 16:59:51 - DEBUG --> UserData: a:0:{} 
2015-11-07 16:59:51 - DEBUG --> Archivo \components\com_jhotelreservation\classes\services\UserDataService.php 
2015-11-07 16:59:51 - DEBUG --> updateUserData 
2015-11-07 16:59:51 - DEBUG --> Archivo \components\com_jhotelreservation\classes\services\UserDataService.php 
2015-11-07 16:59:51 - DEBUG --> getUserData 
2015-11-07 16:59:51 - DEBUG --> Archivo \components\com_jhotelreservation\classes\services\UserDataService.php 
2015-11-07 16:59:51 - DEBUG --> setCurrency 
2015-11-07 16:59:51 - DEBUG --> Archivo \components\com_jhotelreservation\classes\services\UserDataService.php 
2015-11-07 16:59:51 - DEBUG --> getUserData 
2015-11-07 16:59:51 - DEBUG --> Archivo \components\com_jhotelreservation\classes\services\UserDataService.php 
2015-11-07 16:59:51 - DEBUG --> getUserData 
2015-11-07 16:59:51 - DEBUG --> Archivo \components\com_jhotelreservation\classes\services\UserDataService.php 
2015-11-07 16:59:51 - DEBUG --> getUserData 
2015-11-07 16:59:51 - DEBUG --> Archivo \components\com_jhotelreservationiews\hotel	mpl\hoteloverview.php 
2015-11-07 16:59:51 - DEBUG --> Accedió 
2015-11-07 17:04:22 - DEBUG --> Archivo \components\com_jhotelreservation\classes\services\UserDataService.php 
2015-11-07 17:04:22 - DEBUG --> initializeUserData 
2015-11-07 17:04:22 - DEBUG --> UserData first: N; 
2015-11-07 17:04:22 - DEBUG --> Archivo \components\com_jhotelreservation\classes\services\UserDataService.php 
2015-11-07 17:04:22 - DEBUG --> createUserData 
2015-11-07 17:04:22 - DEBUG --> UserData end:  a:0:{} 
2015-11-07 17:04:22 - DEBUG --> Archivo \components\com_jhotelreservation\classes\services\UserDataService.php 
2015-11-07 17:04:22 - DEBUG --> initializeUserData 
2015-11-07 17:04:22 - DEBUG --> UserData first: a:0:{} 
2015-11-07 17:04:22 - DEBUG --> UserData end:  a:0:{} 
2015-11-07 17:04:22 - DEBUG --> Archivo \components\com_jhotelreservation\classes\services\UserDataService.php 
2015-11-07 17:04:22 - DEBUG --> initializeReservationData 
2015-11-07 17:04:22 - DEBUG --> UserData: a:0:{} 
2015-11-07 17:04:22 - DEBUG --> Archivo \components\com_jhotelreservation\classes\services\UserDataService.php 
2015-11-07 17:04:22 - DEBUG --> updateUserData 
2015-11-07 17:04:22 - DEBUG --> Archivo \components\com_jhotelreservation\classes\services\UserDataService.php 
2015-11-07 17:04:22 - DEBUG --> getUserData 
2015-11-07 17:04:22 - DEBUG --> Archivo \components\com_jhotelreservation\classes\services\UserDataService.php 
2015-11-07 17:04:22 - DEBUG --> setCurrency 
2015-11-07 17:04:22 - DEBUG --> Archivo \components\com_jhotelreservation\classes\services\UserDataService.php 
2015-11-07 17:04:22 - DEBUG --> getUserData 
2015-11-07 17:04:22 - DEBUG --> Archivo \components\com_jhotelreservation\classes\services\UserDataService.php 
2015-11-07 17:04:22 - DEBUG --> getUserData 
2015-11-07 17:04:22 - DEBUG --> Archivo \components\com_jhotelreservation\classes\services\UserDataService.php 
2015-11-07 17:04:22 - DEBUG --> getUserData 
2015-11-07 17:08:59 - DEBUG --> Archivo \components\com_jhotelreservation\classes\services\UserDataService.php 
2015-11-07 17:08:59 - DEBUG --> initializeUserData 
2015-11-07 17:08:59 - DEBUG --> UserData first: N; 
2015-11-07 17:08:59 - DEBUG --> Archivo \components\com_jhotelreservation\classes\services\UserDataService.php 
2015-11-07 17:08:59 - DEBUG --> createUserData 
2015-11-07 17:08:59 - DEBUG --> UserData end:  a:0:{} 
2015-11-07 17:08:59 - DEBUG --> Archivo \components\com_jhotelreservation\classes\services\UserDataService.php 
2015-11-07 17:08:59 - DEBUG --> initializeUserData 
2015-11-07 17:08:59 - DEBUG --> UserData first: a:0:{} 
2015-11-07 17:08:59 - DEBUG --> UserData end:  a:0:{} 
2015-11-07 17:08:59 - DEBUG --> Archivo \components\com_jhotelreservation\classes\services\UserDataService.php 
2015-11-07 17:08:59 - DEBUG --> initializeReservationData 
2015-11-07 17:08:59 - DEBUG --> UserData: a:0:{} 
2015-11-07 17:08:59 - DEBUG --> Archivo \components\com_jhotelreservation\classes\services\UserDataService.php 
2015-11-07 17:08:59 - DEBUG --> updateUserData 
2015-11-07 17:08:59 - DEBUG --> Archivo \components\com_jhotelreservation\classes\services\UserDataService.php 
2015-11-07 17:08:59 - DEBUG --> getUserData 
2015-11-07 17:08:59 - DEBUG --> Archivo \components\com_jhotelreservation\classes\services\UserDataService.php 
2015-11-07 17:08:59 - DEBUG --> setCurrency 
2015-11-07 17:08:59 - DEBUG --> Archivo \components\com_jhotelreservation\classes\services\UserDataService.php 
2015-11-07 17:08:59 - DEBUG --> getUserData 
2015-11-07 17:08:59 - DEBUG --> Archivo \components\com_jhotelreservation\classes\services\UserDataService.php 
2015-11-07 17:08:59 - DEBUG --> getUserData 
2015-11-07 17:08:59 - DEBUG --> Archivo \components\com_jhotelreservation\classes\services\UserDataService.php 
2015-11-07 17:08:59 - DEBUG --> getUserData 
2015-11-07 17:08:59 - DEBUG --> Archivo \components\com_jhotelreservationiews\hotel	mpl\hoteloverview.php 
2015-11-07 17:08:59 - DEBUG --> Accedió 
2015-11-07 22:32:56 - DEBUG --> Archivo \components\com_jhotelreservation\classes\services\UserDataService.php 
2015-11-07 22:32:56 - DEBUG --> initializeUserData 
2015-11-07 22:32:56 - DEBUG --> UserData first: N; 
2015-11-07 22:32:56 - DEBUG --> Archivo \components\com_jhotelreservation\classes\services\UserDataService.php 
2015-11-07 22:32:56 - DEBUG --> createUserData 
2015-11-07 22:32:56 - DEBUG --> UserData end:  a:0:{} 
2015-11-07 22:32:56 - DEBUG --> Archivo \components\com_jhotelreservation\classes\services\UserDataService.php 
2015-11-07 22:32:56 - DEBUG --> initializeUserData 
2015-11-07 22:32:56 - DEBUG --> UserData first: a:0:{} 
2015-11-07 22:32:56 - DEBUG --> UserData end:  a:0:{} 
2015-11-07 22:32:56 - DEBUG --> Archivo \components\com_jhotelreservation\classes\services\UserDataService.php 
2015-11-07 22:32:56 - DEBUG --> initializeReservationData 
2015-11-07 22:32:56 - DEBUG --> UserData: a:0:{} 
2015-11-07 22:32:56 - DEBUG --> Archivo \components\com_jhotelreservation\classes\services\UserDataService.php 
2015-11-07 22:32:56 - DEBUG --> updateUserData 
2015-11-07 22:32:56 - DEBUG --> Archivo \components\com_jhotelreservation\classes\services\UserDataService.php 
2015-11-07 22:32:56 - DEBUG --> getUserData 
2015-11-07 22:32:56 - DEBUG --> Archivo \components\com_jhotelreservation\classes\services\UserDataService.php 
2015-11-07 22:32:56 - DEBUG --> setCurrency 
2015-11-07 22:32:56 - DEBUG --> Archivo \components\com_jhotelreservation\classes\services\UserDataService.php 
2015-11-07 22:32:56 - DEBUG --> getUserData 
2015-11-07 22:32:56 - DEBUG --> Archivo \components\com_jhotelreservation\classes\services\UserDataService.php 
2015-11-07 22:32:56 - DEBUG --> getUserData 
2015-11-07 22:32:56 - DEBUG --> Archivo \components\com_jhotelreservation\classes\services\UserDataService.php 
2015-11-07 22:32:56 - DEBUG --> getUserData 
2015-11-07 22:32:56 - DEBUG --> Archivo \components\com_jhotelreservationiews\hotel	mpl\hoteloverview.php 
2015-11-07 22:32:56 - DEBUG --> Accedió 
