2015-07-29 1:08:15 - DEBUG --> Archivo \components\com_jhotelreservation\classes\services\UserDataService.php 
2015-07-29 1:08:15 - DEBUG --> initializeUserData 
2015-07-29 1:08:15 - DEBUG --> UserData first: N; 
2015-07-29 1:08:15 - DEBUG --> Archivo \components\com_jhotelreservation\classes\services\UserDataService.php 
2015-07-29 1:08:15 - DEBUG --> createUserData 
2015-07-29 1:08:15 - DEBUG --> UserData end:  a:0:{} 
2015-07-29 1:08:15 - DEBUG --> Archivo \components\com_jhotelreservation\classes\services\UserDataService.php 
2015-07-29 1:08:15 - DEBUG --> initializeUserData 
2015-07-29 1:08:15 - DEBUG --> UserData first: a:0:{} 
2015-07-29 1:08:15 - DEBUG --> UserData end:  a:0:{} 
2015-07-29 1:08:15 - DEBUG --> Archivo \components\com_jhotelreservation\classes\services\UserDataService.php 
2015-07-29 1:08:15 - DEBUG --> initializeReservationData 
2015-07-29 1:08:15 - DEBUG --> UserData: a:0:{} 
2015-07-29 1:08:15 - DEBUG --> Archivo \components\com_jhotelreservation\classes\services\UserDataService.php 
2015-07-29 1:08:15 - DEBUG --> updateUserData 
2015-07-29 1:08:15 - DEBUG --> Archivo \components\com_jhotelreservation\classes\services\UserDataService.php 
2015-07-29 1:08:15 - DEBUG --> getUserData 
2015-07-29 1:08:15 - DEBUG --> Archivo \components\com_jhotelreservation\classes\services\UserDataService.php 
2015-07-29 1:08:15 - DEBUG --> setCurrency 
2015-07-29 1:08:15 - DEBUG --> Archivo \components\com_jhotelreservation\classes\services\UserDataService.php 
2015-07-29 1:08:15 - DEBUG --> getUserData 
2015-07-29 1:08:15 - DEBUG --> Archivo \components\com_jhotelreservation\classes\services\UserDataService.php 
2015-07-29 1:08:15 - DEBUG --> getUserData 
2015-07-29 1:08:15 - DEBUG --> Archivo \components\com_jhotelreservation\classes\services\UserDataService.php 
2015-07-29 1:08:15 - DEBUG --> getUserData 
2015-07-29 1:08:15 - DEBUG --> Archivo \components\com_jhotelreservationiews\hotel	mpl\hoteloverview.php 
2015-07-29 1:08:15 - DEBUG --> Accedió 
2015-07-29 1:10:16 - DEBUG --> Archivo \components\com_jhotelreservation\classes\services\UserDataService.php 
2015-07-29 1:10:16 - DEBUG --> initializeUserData 
2015-07-29 1:10:16 - DEBUG --> UserData first: N; 
2015-07-29 1:10:16 - DEBUG --> Archivo \components\com_jhotelreservation\classes\services\UserDataService.php 
2015-07-29 1:10:16 - DEBUG --> createUserData 
2015-07-29 1:10:16 - DEBUG --> UserData end:  a:0:{} 
2015-07-29 1:10:16 - DEBUG --> Archivo \components\com_jhotelreservation\classes\services\UserDataService.php 
2015-07-29 1:10:16 - DEBUG --> initializeUserData 
2015-07-29 1:10:16 - DEBUG --> UserData first: a:0:{} 
2015-07-29 1:10:16 - DEBUG --> UserData end:  a:0:{} 
2015-07-29 1:10:16 - DEBUG --> Archivo \components\com_jhotelreservation\classes\services\UserDataService.php 
2015-07-29 1:10:16 - DEBUG --> initializeReservationData 
2015-07-29 1:10:16 - DEBUG --> UserData: a:0:{} 
2015-07-29 1:10:16 - DEBUG --> Archivo \components\com_jhotelreservation\classes\services\UserDataService.php 
2015-07-29 1:10:16 - DEBUG --> updateUserData 
2015-07-29 1:10:16 - DEBUG --> Archivo \components\com_jhotelreservation\classes\services\UserDataService.php 
2015-07-29 1:10:16 - DEBUG --> getUserData 
2015-07-29 1:10:16 - DEBUG --> Archivo \components\com_jhotelreservation\classes\services\UserDataService.php 
2015-07-29 1:10:16 - DEBUG --> setCurrency 
2015-07-29 1:10:16 - DEBUG --> Archivo \components\com_jhotelreservation\classes\services\UserDataService.php 
2015-07-29 1:10:16 - DEBUG --> getUserData 
2015-07-29 1:10:16 - DEBUG --> Archivo \components\com_jhotelreservation\classes\services\UserDataService.php 
2015-07-29 1:10:16 - DEBUG --> getUserData 
2015-07-29 1:10:16 - DEBUG --> Archivo \components\com_jhotelreservation\classes\services\UserDataService.php 
2015-07-29 1:10:16 - DEBUG --> getUserData 
2015-07-29 1:10:16 - DEBUG --> Archivo \components\com_jhotelreservationiews\hotel	mpl\hoteloverview.php 
2015-07-29 1:10:16 - DEBUG --> Accedió 
2015-07-29 1:10:18 - DEBUG --> Archivo \components\com_jhotelreservation\classes\services\UserDataService.php 
2015-07-29 1:10:18 - DEBUG --> initializeUserData 
2015-07-29 1:10:18 - DEBUG --> UserData first: N; 
2015-07-29 1:10:18 - DEBUG --> Archivo \components\com_jhotelreservation\classes\services\UserDataService.php 
2015-07-29 1:10:18 - DEBUG --> createUserData 
2015-07-29 1:10:18 - DEBUG --> UserData end:  a:0:{} 
2015-07-29 1:10:18 - DEBUG --> Archivo \components\com_jhotelreservation\classes\services\UserDataService.php 
2015-07-29 1:10:18 - DEBUG --> initializeUserData 
2015-07-29 1:10:18 - DEBUG --> UserData first: a:0:{} 
2015-07-29 1:10:18 - DEBUG --> UserData end:  a:0:{} 
2015-07-29 1:10:18 - DEBUG --> Archivo \components\com_jhotelreservation\classes\services\UserDataService.php 
2015-07-29 1:10:18 - DEBUG --> initializeReservationData 
2015-07-29 1:10:18 - DEBUG --> UserData: a:0:{} 
2015-07-29 1:10:18 - DEBUG --> Archivo \components\com_jhotelreservation\classes\services\UserDataService.php 
2015-07-29 1:10:18 - DEBUG --> updateUserData 
2015-07-29 1:10:18 - DEBUG --> Archivo \components\com_jhotelreservation\classes\services\UserDataService.php 
2015-07-29 1:10:18 - DEBUG --> getUserData 
2015-07-29 1:10:18 - DEBUG --> Archivo \components\com_jhotelreservation\classes\services\UserDataService.php 
2015-07-29 1:10:18 - DEBUG --> setCurrency 
2015-07-29 1:10:18 - DEBUG --> Archivo \components\com_jhotelreservation\classes\services\UserDataService.php 
2015-07-29 1:10:18 - DEBUG --> getUserData 
2015-07-29 1:10:18 - DEBUG --> Archivo \components\com_jhotelreservation\classes\services\UserDataService.php 
2015-07-29 1:10:18 - DEBUG --> getUserData 
2015-07-29 1:10:18 - DEBUG --> Archivo \components\com_jhotelreservation\classes\services\UserDataService.php 
2015-07-29 1:10:18 - DEBUG --> getUserData 
2015-07-29 1:10:18 - DEBUG --> Archivo \components\com_jhotelreservationiews\hotel	mpl\hoteloverview.php 
2015-07-29 1:10:18 - DEBUG --> Accedió 
2015-07-29 1:56:09 - DEBUG --> Archivo \components\com_jhotelreservation\classes\services\UserDataService.php 
2015-07-29 1:56:09 - DEBUG --> initializeUserData 
2015-07-29 1:56:09 - DEBUG --> UserData first: N; 
2015-07-29 1:56:09 - DEBUG --> Archivo \components\com_jhotelreservation\classes\services\UserDataService.php 
2015-07-29 1:56:09 - DEBUG --> createUserData 
2015-07-29 1:56:09 - DEBUG --> UserData end:  a:0:{} 
2015-07-29 1:56:09 - DEBUG --> Archivo \components\com_jhotelreservation\classes\services\UserDataService.php 
2015-07-29 1:56:09 - DEBUG --> initializeUserData 
2015-07-29 1:56:09 - DEBUG --> UserData first: a:0:{} 
2015-07-29 1:56:09 - DEBUG --> UserData end:  a:0:{} 
2015-07-29 1:56:09 - DEBUG --> Archivo \components\com_jhotelreservation\classes\services\UserDataService.php 
2015-07-29 1:56:09 - DEBUG --> initializeReservationData 
2015-07-29 1:56:09 - DEBUG --> UserData: a:0:{} 
2015-07-29 1:56:09 - DEBUG --> Archivo \components\com_jhotelreservation\classes\services\UserDataService.php 
2015-07-29 1:56:09 - DEBUG --> updateUserData 
2015-07-29 1:56:09 - DEBUG --> Archivo \components\com_jhotelreservation\classes\services\UserDataService.php 
2015-07-29 1:56:09 - DEBUG --> getUserData 
2015-07-29 1:56:09 - DEBUG --> Archivo \components\com_jhotelreservation\classes\services\UserDataService.php 
2015-07-29 1:56:09 - DEBUG --> setCurrency 
2015-07-29 1:56:09 - DEBUG --> Archivo \components\com_jhotelreservation\classes\services\UserDataService.php 
2015-07-29 1:56:09 - DEBUG --> getUserData 
2015-07-29 1:56:09 - DEBUG --> Archivo \components\com_jhotelreservation\classes\services\UserDataService.php 
2015-07-29 1:56:09 - DEBUG --> getUserData 
2015-07-29 1:56:09 - DEBUG --> Archivo \components\com_jhotelreservation\classes\services\UserDataService.php 
2015-07-29 1:56:09 - DEBUG --> getUserData 
2015-07-29 1:56:09 - DEBUG --> Archivo \components\com_jhotelreservationiews\hotel	mpl\hoteloverview.php 
2015-07-29 1:56:09 - DEBUG --> Accedió 
2015-07-29 4:18:57 - DEBUG --> Archivo \components\com_jhotelreservation\classes\services\UserDataService.php 
2015-07-29 4:18:57 - DEBUG --> initializeUserData 
2015-07-29 4:18:57 - DEBUG --> UserData first: N; 
2015-07-29 4:18:57 - DEBUG --> Archivo \components\com_jhotelreservation\classes\services\UserDataService.php 
2015-07-29 4:18:57 - DEBUG --> createUserData 
2015-07-29 4:18:57 - DEBUG --> UserData end:  a:0:{} 
2015-07-29 4:18:57 - DEBUG --> Archivo \components\com_jhotelreservation\classes\services\UserDataService.php 
2015-07-29 4:18:57 - DEBUG --> initializeUserData 
2015-07-29 4:18:57 - DEBUG --> UserData first: a:0:{} 
2015-07-29 4:18:57 - DEBUG --> UserData end:  a:0:{} 
2015-07-29 4:18:57 - DEBUG --> Archivo \components\com_jhotelreservation\classes\services\UserDataService.php 
2015-07-29 4:18:57 - DEBUG --> initializeReservationData 
2015-07-29 4:18:57 - DEBUG --> UserData: a:0:{} 
2015-07-29 4:18:57 - DEBUG --> Archivo \components\com_jhotelreservation\classes\services\UserDataService.php 
2015-07-29 4:18:57 - DEBUG --> updateUserData 
2015-07-29 4:18:57 - DEBUG --> Archivo \components\com_jhotelreservation\classes\services\UserDataService.php 
2015-07-29 4:18:57 - DEBUG --> getUserData 
2015-07-29 4:18:57 - DEBUG --> Archivo \components\com_jhotelreservation\classes\services\UserDataService.php 
2015-07-29 4:18:57 - DEBUG --> setCurrency 
2015-07-29 4:18:57 - DEBUG --> Archivo \components\com_jhotelreservation\classes\services\UserDataService.php 
2015-07-29 4:18:57 - DEBUG --> getUserData 
2015-07-29 4:18:57 - DEBUG --> Archivo \components\com_jhotelreservation\classes\services\UserDataService.php 
2015-07-29 4:18:57 - DEBUG --> getUserData 
2015-07-29 4:18:57 - DEBUG --> Archivo \components\com_jhotelreservation\classes\services\UserDataService.php 
2015-07-29 4:18:57 - DEBUG --> getUserData 
2015-07-29 4:18:57 - DEBUG --> Archivo \components\com_jhotelreservationiews\hotel	mpl\hoteloverview.php 
2015-07-29 4:18:57 - DEBUG --> Accedió 
2015-07-29 4:22:19 - DEBUG --> Archivo \components\com_jhotelreservation\classes\services\UserDataService.php 
2015-07-29 4:22:19 - DEBUG --> initializeUserData 
2015-07-29 4:22:19 - DEBUG --> UserData first: N; 
2015-07-29 4:22:19 - DEBUG --> Archivo \components\com_jhotelreservation\classes\services\UserDataService.php 
2015-07-29 4:22:19 - DEBUG --> createUserData 
2015-07-29 4:22:19 - DEBUG --> UserData end:  a:0:{} 
2015-07-29 4:22:19 - DEBUG --> Archivo \components\com_jhotelreservation\classes\services\UserDataService.php 
2015-07-29 4:22:19 - DEBUG --> initializeUserData 
2015-07-29 4:22:19 - DEBUG --> UserData first: a:0:{} 
2015-07-29 4:22:19 - DEBUG --> UserData end:  a:0:{} 
2015-07-29 4:22:19 - DEBUG --> Archivo \components\com_jhotelreservation\classes\services\UserDataService.php 
2015-07-29 4:22:19 - DEBUG --> initializeReservationData 
2015-07-29 4:22:19 - DEBUG --> UserData: a:0:{} 
2015-07-29 4:22:19 - DEBUG --> Archivo \components\com_jhotelreservation\classes\services\UserDataService.php 
2015-07-29 4:22:19 - DEBUG --> updateUserData 
2015-07-29 4:22:19 - DEBUG --> Archivo \components\com_jhotelreservation\classes\services\UserDataService.php 
2015-07-29 4:22:19 - DEBUG --> getUserData 
2015-07-29 4:22:19 - DEBUG --> Archivo \components\com_jhotelreservation\classes\services\UserDataService.php 
2015-07-29 4:22:19 - DEBUG --> setCurrency 
2015-07-29 4:22:19 - DEBUG --> Archivo \components\com_jhotelreservation\classes\services\UserDataService.php 
2015-07-29 4:22:19 - DEBUG --> getUserData 
2015-07-29 4:22:19 - DEBUG --> Archivo \components\com_jhotelreservation\classes\services\UserDataService.php 
2015-07-29 4:22:19 - DEBUG --> getUserData 
2015-07-29 4:22:19 - DEBUG --> Archivo \components\com_jhotelreservation\classes\services\UserDataService.php 
2015-07-29 4:22:19 - DEBUG --> getUserData 
2015-07-29 4:22:19 - DEBUG --> Archivo \components\com_jhotelreservationiews\hotel	mpl\hoteloverview.php 
2015-07-29 4:22:19 - DEBUG --> Accedió 
2015-07-29 4:22:22 - DEBUG --> Archivo \components\com_jhotelreservation\classes\services\UserDataService.php 
2015-07-29 4:22:22 - DEBUG --> initializeUserData 
2015-07-29 4:22:22 - DEBUG --> UserData first: N; 
2015-07-29 4:22:22 - DEBUG --> Archivo \components\com_jhotelreservation\classes\services\UserDataService.php 
2015-07-29 4:22:22 - DEBUG --> createUserData 
2015-07-29 4:22:22 - DEBUG --> UserData end:  a:0:{} 
2015-07-29 4:22:22 - DEBUG --> Archivo \components\com_jhotelreservation\classes\services\UserDataService.php 
2015-07-29 4:22:22 - DEBUG --> initializeUserData 
2015-07-29 4:22:22 - DEBUG --> UserData first: a:0:{} 
2015-07-29 4:22:22 - DEBUG --> UserData end:  a:0:{} 
2015-07-29 4:22:22 - DEBUG --> Archivo \components\com_jhotelreservation\classes\services\UserDataService.php 
2015-07-29 4:22:22 - DEBUG --> initializeReservationData 
2015-07-29 4:22:22 - DEBUG --> UserData: a:0:{} 
2015-07-29 4:22:22 - DEBUG --> Archivo \components\com_jhotelreservation\classes\services\UserDataService.php 
2015-07-29 4:22:22 - DEBUG --> updateUserData 
2015-07-29 4:22:22 - DEBUG --> Archivo \components\com_jhotelreservation\classes\services\UserDataService.php 
2015-07-29 4:22:22 - DEBUG --> getUserData 
2015-07-29 4:22:22 - DEBUG --> Archivo \components\com_jhotelreservation\classes\services\UserDataService.php 
2015-07-29 4:22:22 - DEBUG --> setCurrency 
2015-07-29 4:22:22 - DEBUG --> Archivo \components\com_jhotelreservation\classes\services\UserDataService.php 
2015-07-29 4:22:22 - DEBUG --> getUserData 
2015-07-29 4:22:22 - DEBUG --> Archivo \components\com_jhotelreservation\classes\services\UserDataService.php 
2015-07-29 4:22:22 - DEBUG --> getUserData 
2015-07-29 4:22:22 - DEBUG --> Archivo \components\com_jhotelreservation\classes\services\UserDataService.php 
2015-07-29 4:22:22 - DEBUG --> getUserData 
2015-07-29 4:22:22 - DEBUG --> Archivo \components\com_jhotelreservationiews\hotel	mpl\hoteloverview.php 
2015-07-29 4:22:22 - DEBUG --> Accedió 
2015-07-29 5:06:13 - DEBUG --> Archivo \components\com_jhotelreservation\classes\services\UserDataService.php 
2015-07-29 5:06:13 - DEBUG --> initializeUserData 
2015-07-29 5:06:13 - DEBUG --> UserData first: N; 
2015-07-29 5:06:13 - DEBUG --> Archivo \components\com_jhotelreservation\classes\services\UserDataService.php 
2015-07-29 5:06:13 - DEBUG --> createUserData 
2015-07-29 5:06:13 - DEBUG --> UserData end:  a:0:{} 
2015-07-29 5:06:13 - DEBUG --> Archivo \components\com_jhotelreservation\classes\services\UserDataService.php 
2015-07-29 5:06:13 - DEBUG --> initializeUserData 
2015-07-29 5:06:13 - DEBUG --> UserData first: a:0:{} 
2015-07-29 5:06:13 - DEBUG --> UserData end:  a:0:{} 
2015-07-29 5:06:13 - DEBUG --> Archivo \components\com_jhotelreservation\classes\services\UserDataService.php 
2015-07-29 5:06:13 - DEBUG --> initializeReservationData 
2015-07-29 5:06:13 - DEBUG --> UserData: a:0:{} 
2015-07-29 5:06:13 - DEBUG --> Archivo \components\com_jhotelreservation\classes\services\UserDataService.php 
2015-07-29 5:06:13 - DEBUG --> updateUserData 
2015-07-29 5:06:13 - DEBUG --> Archivo \components\com_jhotelreservation\classes\services\UserDataService.php 
2015-07-29 5:06:13 - DEBUG --> getUserData 
2015-07-29 5:06:13 - DEBUG --> Archivo \components\com_jhotelreservation\classes\services\UserDataService.php 
2015-07-29 5:06:13 - DEBUG --> setCurrency 
2015-07-29 5:06:13 - DEBUG --> Archivo \components\com_jhotelreservation\classes\services\UserDataService.php 
2015-07-29 5:06:13 - DEBUG --> getUserData 
2015-07-29 5:06:13 - DEBUG --> Archivo \components\com_jhotelreservation\classes\services\UserDataService.php 
2015-07-29 5:06:13 - DEBUG --> getUserData 
2015-07-29 5:06:13 - DEBUG --> Archivo \components\com_jhotelreservation\classes\services\UserDataService.php 
2015-07-29 5:06:13 - DEBUG --> getUserData 
2015-07-29 5:06:13 - DEBUG --> Archivo \components\com_jhotelreservationiews\hotel	mpl\hoteloverview.php 
2015-07-29 5:06:13 - DEBUG --> Accedió 
2015-07-29 6:54:11 - DEBUG --> Archivo \components\com_jhotelreservation\classes\services\UserDataService.php 
2015-07-29 6:54:11 - DEBUG --> initializeUserData 
2015-07-29 6:54:11 - DEBUG --> UserData first: N; 
2015-07-29 6:54:11 - DEBUG --> Archivo \components\com_jhotelreservation\classes\services\UserDataService.php 
2015-07-29 6:54:11 - DEBUG --> createUserData 
2015-07-29 6:54:11 - DEBUG --> UserData end:  a:0:{} 
2015-07-29 6:54:11 - DEBUG --> Archivo \components\com_jhotelreservation\classes\services\UserDataService.php 
2015-07-29 6:54:11 - DEBUG --> initializeUserData 
2015-07-29 6:54:11 - DEBUG --> UserData first: a:0:{} 
2015-07-29 6:54:11 - DEBUG --> UserData end:  a:0:{} 
2015-07-29 6:54:11 - DEBUG --> Archivo \components\com_jhotelreservation\classes\services\UserDataService.php 
2015-07-29 6:54:11 - DEBUG --> initializeReservationData 
2015-07-29 6:54:11 - DEBUG --> UserData: a:0:{} 
2015-07-29 6:54:11 - DEBUG --> Archivo \components\com_jhotelreservation\classes\services\UserDataService.php 
2015-07-29 6:54:11 - DEBUG --> updateUserData 
2015-07-29 6:54:11 - DEBUG --> Archivo \components\com_jhotelreservation\classes\services\UserDataService.php 
2015-07-29 6:54:11 - DEBUG --> getUserData 
2015-07-29 6:54:11 - DEBUG --> Archivo \components\com_jhotelreservation\classes\services\UserDataService.php 
2015-07-29 6:54:11 - DEBUG --> setCurrency 
2015-07-29 6:54:11 - DEBUG --> Archivo \components\com_jhotelreservation\classes\services\UserDataService.php 
2015-07-29 6:54:11 - DEBUG --> getUserData 
2015-07-29 6:54:11 - DEBUG --> Archivo \components\com_jhotelreservation\classes\services\UserDataService.php 
2015-07-29 6:54:11 - DEBUG --> getUserData 
2015-07-29 6:54:11 - DEBUG --> Archivo \components\com_jhotelreservation\classes\services\UserDataService.php 
2015-07-29 6:54:11 - DEBUG --> getUserData 
2015-07-29 6:54:11 - DEBUG --> Archivo \components\com_jhotelreservationiews\hotel	mpl\hoteloverview.php 
2015-07-29 6:54:11 - DEBUG --> Accedió 
2015-07-29 8:44:13 - DEBUG --> Archivo \components\com_jhotelreservation\classes\services\UserDataService.php 
2015-07-29 8:44:13 - DEBUG --> initializeUserData 
2015-07-29 8:44:13 - DEBUG --> UserData first: N; 
2015-07-29 8:44:13 - DEBUG --> Archivo \components\com_jhotelreservation\classes\services\UserDataService.php 
2015-07-29 8:44:13 - DEBUG --> createUserData 
2015-07-29 8:44:13 - DEBUG --> UserData end:  a:0:{} 
2015-07-29 9:02:42 - DEBUG --> Archivo \components\com_jhotelreservation\classes\services\UserDataService.php 
2015-07-29 9:02:42 - DEBUG --> initializeUserData 
2015-07-29 9:02:42 - DEBUG --> UserData first: N; 
2015-07-29 9:02:42 - DEBUG --> Archivo \components\com_jhotelreservation\classes\services\UserDataService.php 
2015-07-29 9:02:42 - DEBUG --> createUserData 
2015-07-29 9:02:42 - DEBUG --> UserData end:  a:0:{} 
2015-07-29 9:02:42 - DEBUG --> Archivo \components\com_jhotelreservation\classes\services\UserDataService.php 
2015-07-29 9:02:42 - DEBUG --> initializeUserData 
2015-07-29 9:02:42 - DEBUG --> UserData first: a:0:{} 
2015-07-29 9:02:42 - DEBUG --> UserData end:  a:0:{} 
2015-07-29 9:02:42 - DEBUG --> Archivo \components\com_jhotelreservation\classes\services\UserDataService.php 
2015-07-29 9:02:42 - DEBUG --> initializeReservationData 
2015-07-29 9:02:42 - DEBUG --> UserData: a:0:{} 
2015-07-29 9:02:42 - DEBUG --> Archivo \components\com_jhotelreservation\classes\services\UserDataService.php 
2015-07-29 9:02:42 - DEBUG --> updateUserData 
2015-07-29 9:02:42 - DEBUG --> Archivo \components\com_jhotelreservation\classes\services\UserDataService.php 
2015-07-29 9:02:42 - DEBUG --> getUserData 
2015-07-29 9:02:42 - DEBUG --> Archivo \components\com_jhotelreservation\classes\services\UserDataService.php 
2015-07-29 9:02:42 - DEBUG --> setCurrency 
2015-07-29 9:02:42 - DEBUG --> Archivo \components\com_jhotelreservation\classes\services\UserDataService.php 
2015-07-29 9:02:42 - DEBUG --> getUserData 
2015-07-29 9:02:42 - DEBUG --> Archivo \components\com_jhotelreservation\classes\services\UserDataService.php 
2015-07-29 9:02:42 - DEBUG --> getUserData 
2015-07-29 9:02:42 - DEBUG --> Archivo \components\com_jhotelreservation\classes\services\UserDataService.php 
2015-07-29 9:02:42 - DEBUG --> getUserData 
2015-07-29 9:38:13 - DEBUG --> Archivo \components\com_jhotelreservation\classes\services\UserDataService.php 
2015-07-29 9:38:13 - DEBUG --> initializeUserData 
2015-07-29 9:38:13 - DEBUG --> UserData first: N; 
2015-07-29 9:38:13 - DEBUG --> Archivo \components\com_jhotelreservation\classes\services\UserDataService.php 
2015-07-29 9:38:13 - DEBUG --> createUserData 
2015-07-29 9:38:13 - DEBUG --> UserData end:  a:0:{} 
2015-07-29 9:38:13 - DEBUG --> Archivo \components\com_jhotelreservation\classes\services\UserDataService.php 
2015-07-29 9:38:13 - DEBUG --> initializeUserData 
2015-07-29 9:38:13 - DEBUG --> UserData first: a:0:{} 
2015-07-29 9:38:13 - DEBUG --> UserData end:  a:0:{} 
2015-07-29 9:38:13 - DEBUG --> Archivo \components\com_jhotelreservation\classes\services\UserDataService.php 
2015-07-29 9:38:13 - DEBUG --> initializeReservationData 
2015-07-29 9:38:13 - DEBUG --> UserData: a:0:{} 
2015-07-29 9:38:13 - DEBUG --> Archivo \components\com_jhotelreservation\classes\services\UserDataService.php 
2015-07-29 9:38:13 - DEBUG --> updateUserData 
2015-07-29 9:38:13 - DEBUG --> Archivo \components\com_jhotelreservation\classes\services\UserDataService.php 
2015-07-29 9:38:13 - DEBUG --> getUserData 
2015-07-29 9:38:13 - DEBUG --> Archivo \components\com_jhotelreservation\classes\services\UserDataService.php 
2015-07-29 9:38:13 - DEBUG --> setCurrency 
2015-07-29 9:38:13 - DEBUG --> Archivo \components\com_jhotelreservation\classes\services\UserDataService.php 
2015-07-29 9:38:13 - DEBUG --> getUserData 
2015-07-29 9:38:13 - DEBUG --> Archivo \components\com_jhotelreservation\classes\services\UserDataService.php 
2015-07-29 9:38:13 - DEBUG --> getUserData 
2015-07-29 9:38:13 - DEBUG --> Archivo \components\com_jhotelreservation\classes\services\UserDataService.php 
2015-07-29 9:38:13 - DEBUG --> getUserData 
2015-07-29 9:38:13 - DEBUG --> Archivo \components\com_jhotelreservationiews\hotel	mpl\hoteloverview.php 
2015-07-29 9:38:13 - DEBUG --> Accedió 
2015-07-29 15:05:16 - DEBUG --> Archivo \components\com_jhotelreservation\classes\services\UserDataService.php 
2015-07-29 15:05:16 - DEBUG --> initializeUserData 
2015-07-29 15:05:16 - DEBUG --> UserData first: a:0:{} 
2015-07-29 15:05:16 - DEBUG --> Archivo \components\com_jhotelreservation\classes\services\UserDataService.php 
2015-07-29 15:05:16 - DEBUG --> createUserData 
2015-07-29 15:05:16 - DEBUG --> voucher:  
2015-07-29 15:05:16 - DEBUG --> UserData end:  a:0:{} 
2015-07-29 15:05:16 - DEBUG --> Archivo \components\com_jhotelreservation\classes\services\UserDataService.php 
2015-07-29 15:05:16 - DEBUG --> initializeUserData 
2015-07-29 15:05:16 - DEBUG --> UserData first: a:0:{} 
2015-07-29 15:05:16 - DEBUG --> Archivo \components\com_jhotelreservation\classes\services\UserDataService.php 
2015-07-29 15:05:16 - DEBUG --> createUserData 
2015-07-29 15:05:16 - DEBUG --> voucher:  
2015-07-29 15:05:16 - DEBUG --> UserData end:  a:0:{} 
2015-07-29 15:05:39 - DEBUG --> Archivo \components\com_jhotelreservation\classes\services\UserDataService.php 
2015-07-29 15:05:39 - DEBUG --> initializeUserData 
2015-07-29 15:05:39 - DEBUG --> UserData first: a:0:{} 
2015-07-29 15:05:39 - DEBUG --> UserData end:  a:0:{} 
2015-07-29 15:05:39 - DEBUG --> Archivo \components\com_jhotelreservation\classes\services\UserDataService.php 
2015-07-29 15:05:39 - DEBUG --> initializeUserData 
2015-07-29 15:05:39 - DEBUG --> UserData first: a:0:{} 
2015-07-29 15:05:39 - DEBUG --> UserData end:  a:0:{} 
2015-07-29 15:05:39 - DEBUG --> Archivo \components\com_jhotelreservation\classes\services\UserDataService.php 
2015-07-29 15:05:39 - DEBUG --> initializeReservationData 
2015-07-29 15:05:39 - DEBUG --> UserData: a:0:{} 
2015-07-29 15:05:39 - DEBUG --> Archivo \components\com_jhotelreservation\classes\services\UserDataService.php 
2015-07-29 15:05:39 - DEBUG --> updateUserData 
2015-07-29 15:05:39 - DEBUG --> Archivo \components\com_jhotelreservation\classes\services\UserDataService.php 
2015-07-29 15:05:39 - DEBUG --> getUserData 
2015-07-29 15:05:39 - DEBUG --> Archivo \components\com_jhotelreservation\classes\services\UserDataService.php 
2015-07-29 15:05:39 - DEBUG --> setCurrency 
2015-07-29 15:05:39 - DEBUG --> Archivo \components\com_jhotelreservation\classes\services\UserDataService.php 
2015-07-29 15:05:39 - DEBUG --> getUserData 
2015-07-29 15:05:39 - DEBUG --> Archivo \components\com_jhotelreservation\classes\services\UserDataService.php 
2015-07-29 15:05:39 - DEBUG --> getUserData 
2015-07-29 15:05:39 - DEBUG --> Archivo \components\com_jhotelreservation\classes\services\UserDataService.php 
2015-07-29 15:05:39 - DEBUG --> getUserData 
2015-07-29 15:05:39 - DEBUG --> Archivo \components\com_jhotelreservationiews\hotel	mpl\hoteloverview.php 
2015-07-29 15:05:39 - DEBUG --> Accedió 
2015-07-29 15:06:20 - DEBUG --> Archivo \components\com_jhotelreservation\classes\services\UserDataService.php 
2015-07-29 15:06:20 - DEBUG --> initializeUserData 
2015-07-29 15:06:20 - DEBUG --> UserData first: a:0:{} 
2015-07-29 15:06:20 - DEBUG --> UserData end:  a:0:{} 
2015-07-29 15:06:20 - DEBUG --> Archivo \components\com_jhotelreservation\classes\services\UserDataService.php 
2015-07-29 15:06:20 - DEBUG --> reserveRoom hotelId= 27, reservedItem = 0|34, current = 1 
2015-07-29 15:06:20 - DEBUG --> Reserved items: a:1:{i:0;s:6:"0|34|1";} 
2015-07-29 15:06:20 - DEBUG --> Archivo \components\com_jhotelreservation\classes\services\UserDataService.php 
2015-07-29 15:06:20 - DEBUG --> initializeUserData 
2015-07-29 15:06:20 - DEBUG --> UserData first: a:1:{i:0;s:6:"0|34|1";} 
2015-07-29 15:06:20 - DEBUG --> UserData end:  a:1:{i:0;s:6:"0|34|1";} 
2015-07-29 15:06:20 - DEBUG --> Archivo \components\com_jhotelreservation\classes\services\UserDataService.php 
2015-07-29 15:06:20 - DEBUG --> getUserData 
2015-07-29 15:06:20 - DEBUG --> Archivo \components\com_jhotelreservation\classes\services\UserDataService.php 
2015-07-29 15:06:20 - DEBUG --> getUserData 
2015-07-29 15:06:20 - DEBUG --> Archivo \components\com_jhotelreservation\classes\services\UserDataService.php 
2015-07-29 15:06:20 - DEBUG --> initializeUserData 
2015-07-29 15:06:20 - DEBUG --> UserData first: a:1:{i:0;s:6:"0|34|1";} 
2015-07-29 15:06:20 - DEBUG --> UserData end:  a:1:{i:0;s:6:"0|34|1";} 
2015-07-29 15:06:20 - DEBUG --> Archivo \components\com_jhotelreservation\classes\services\UserDataService.php 
2015-07-29 15:06:20 - DEBUG --> getUserData 
2015-07-29 15:06:20 - DEBUG --> Archivo \components\com_jhotelreservation\classes\services\UserDataService.php 
2015-07-29 15:06:20 - DEBUG --> getUserData 
2015-07-29 15:06:20 - DEBUG --> Archivo \components\com_jhotelreservation\classes\services\UserDataService.php 
2015-07-29 15:06:20 - DEBUG --> getUserData 
2015-07-29 15:06:53 - DEBUG --> Archivo \components\com_jhotelreservation\classes\services\UserDataService.php 
2015-07-29 15:06:53 - DEBUG --> initializeUserData 
2015-07-29 15:06:53 - DEBUG --> UserData first: a:1:{i:0;s:6:"0|34|1";} 
2015-07-29 15:06:53 - DEBUG --> UserData end:  a:1:{i:0;s:6:"0|34|1";} 
2015-07-29 15:06:53 - DEBUG --> Archivo \components\com_jhotelreservation\classes\services\UserDataService.php 
2015-07-29 15:06:53 - DEBUG --> initializeUserData 
2015-07-29 15:06:53 - DEBUG --> UserData first: a:1:{i:0;s:6:"0|34|1";} 
2015-07-29 15:06:53 - DEBUG --> UserData end:  a:1:{i:0;s:6:"0|34|1";} 
2015-07-29 15:06:53 - DEBUG --> Archivo \components\com_jhotelreservation\classes\services\UserDataService.php 
2015-07-29 15:06:53 - DEBUG --> initializeReservationData 
2015-07-29 15:06:53 - DEBUG --> UserData: a:0:{} 
2015-07-29 15:06:53 - DEBUG --> Archivo \components\com_jhotelreservation\classes\services\UserDataService.php 
2015-07-29 15:06:53 - DEBUG --> updateUserData 
2015-07-29 15:06:53 - DEBUG --> Archivo \components\com_jhotelreservation\classes\services\UserDataService.php 
2015-07-29 15:06:53 - DEBUG --> getUserData 
2015-07-29 15:06:53 - DEBUG --> Archivo \components\com_jhotelreservation\classes\services\UserDataService.php 
2015-07-29 15:06:53 - DEBUG --> setCurrency 
2015-07-29 15:06:53 - DEBUG --> Archivo \components\com_jhotelreservation\classes\services\UserDataService.php 
2015-07-29 15:06:53 - DEBUG --> getUserData 
2015-07-29 15:06:53 - DEBUG --> Archivo \components\com_jhotelreservation\classes\services\UserDataService.php 
2015-07-29 15:06:53 - DEBUG --> getUserData 
2015-07-29 15:06:53 - DEBUG --> Archivo \components\com_jhotelreservation\classes\services\UserDataService.php 
2015-07-29 15:06:53 - DEBUG --> getUserData 
2015-07-29 15:16:43 - DEBUG --> Archivo \components\com_jhotelreservation\classes\services\UserDataService.php 
2015-07-29 15:16:43 - DEBUG --> initializeUserData 
2015-07-29 15:16:43 - DEBUG --> UserData first: N; 
2015-07-29 15:16:43 - DEBUG --> Archivo \components\com_jhotelreservation\classes\services\UserDataService.php 
2015-07-29 15:16:43 - DEBUG --> createUserData 
2015-07-29 15:16:43 - DEBUG --> UserData end:  a:0:{} 
2015-07-29 15:16:43 - DEBUG --> Archivo \components\com_jhotelreservation\classes\services\UserDataService.php 
2015-07-29 15:16:43 - DEBUG --> initializeUserData 
2015-07-29 15:16:43 - DEBUG --> UserData first: a:0:{} 
2015-07-29 15:16:43 - DEBUG --> UserData end:  a:0:{} 
2015-07-29 15:16:43 - DEBUG --> Archivo \components\com_jhotelreservation\classes\services\UserDataService.php 
2015-07-29 15:16:43 - DEBUG --> initializeReservationData 
2015-07-29 15:16:43 - DEBUG --> UserData: a:0:{} 
2015-07-29 15:16:43 - DEBUG --> Archivo \components\com_jhotelreservation\classes\services\UserDataService.php 
2015-07-29 15:16:43 - DEBUG --> updateUserData 
2015-07-29 15:16:43 - DEBUG --> Archivo \components\com_jhotelreservation\classes\services\UserDataService.php 
2015-07-29 15:16:43 - DEBUG --> getUserData 
2015-07-29 15:16:43 - DEBUG --> Archivo \components\com_jhotelreservation\classes\services\UserDataService.php 
2015-07-29 15:16:43 - DEBUG --> setCurrency 
2015-07-29 15:16:43 - DEBUG --> Archivo \components\com_jhotelreservation\classes\services\UserDataService.php 
2015-07-29 15:16:43 - DEBUG --> getUserData 
2015-07-29 15:16:43 - DEBUG --> Archivo \components\com_jhotelreservation\classes\services\UserDataService.php 
2015-07-29 15:16:43 - DEBUG --> getUserData 
2015-07-29 15:16:43 - DEBUG --> Archivo \components\com_jhotelreservation\classes\services\UserDataService.php 
2015-07-29 15:16:43 - DEBUG --> getUserData 
2015-07-29 15:16:43 - DEBUG --> Archivo \components\com_jhotelreservationiews\hotel	mpl\hoteloverview.php 
2015-07-29 15:16:43 - DEBUG --> Accedió 
2015-07-29 17:57:31 - DEBUG --> Archivo \components\com_jhotelreservation\classes\services\UserDataService.php 
2015-07-29 17:57:31 - DEBUG --> initializeUserData 
2015-07-29 17:57:31 - DEBUG --> UserData first: N; 
2015-07-29 17:57:31 - DEBUG --> Archivo \components\com_jhotelreservation\classes\services\UserDataService.php 
2015-07-29 17:57:31 - DEBUG --> createUserData 
2015-07-29 17:57:31 - DEBUG --> UserData end:  a:0:{} 
2015-07-29 17:57:31 - DEBUG --> Archivo \components\com_jhotelreservation\classes\services\UserDataService.php 
2015-07-29 17:57:31 - DEBUG --> initializeUserData 
2015-07-29 17:57:31 - DEBUG --> UserData first: a:0:{} 
2015-07-29 17:57:31 - DEBUG --> UserData end:  a:0:{} 
2015-07-29 17:57:31 - DEBUG --> Archivo \components\com_jhotelreservation\classes\services\UserDataService.php 
2015-07-29 17:57:31 - DEBUG --> initializeReservationData 
2015-07-29 17:57:31 - DEBUG --> UserData: a:0:{} 
2015-07-29 17:57:31 - DEBUG --> Archivo \components\com_jhotelreservation\classes\services\UserDataService.php 
2015-07-29 17:57:31 - DEBUG --> updateUserData 
2015-07-29 17:57:31 - DEBUG --> Archivo \components\com_jhotelreservation\classes\services\UserDataService.php 
2015-07-29 17:57:31 - DEBUG --> getUserData 
2015-07-29 17:57:31 - DEBUG --> Archivo \components\com_jhotelreservation\classes\services\UserDataService.php 
2015-07-29 17:57:31 - DEBUG --> setCurrency 
2015-07-29 17:57:31 - DEBUG --> Archivo \components\com_jhotelreservation\classes\services\UserDataService.php 
2015-07-29 17:57:31 - DEBUG --> getUserData 
2015-07-29 17:57:31 - DEBUG --> Archivo \components\com_jhotelreservation\classes\services\UserDataService.php 
2015-07-29 17:57:31 - DEBUG --> getUserData 
2015-07-29 17:57:31 - DEBUG --> Archivo \components\com_jhotelreservation\classes\services\UserDataService.php 
2015-07-29 17:57:31 - DEBUG --> getUserData 
2015-07-29 17:57:31 - DEBUG --> Archivo \components\com_jhotelreservationiews\hotel	mpl\hoteloverview.php 
2015-07-29 17:57:31 - DEBUG --> Accedió 
2015-07-29 17:57:40 - DEBUG --> Archivo \components\com_jhotelreservation\classes\services\UserDataService.php 
2015-07-29 17:57:40 - DEBUG --> initializeUserData 
2015-07-29 17:57:40 - DEBUG --> UserData first: N; 
2015-07-29 17:57:40 - DEBUG --> Archivo \components\com_jhotelreservation\classes\services\UserDataService.php 
2015-07-29 17:57:40 - DEBUG --> createUserData 
2015-07-29 17:57:40 - DEBUG --> UserData end:  a:0:{} 
2015-07-29 17:57:40 - DEBUG --> Archivo \components\com_jhotelreservation\classes\services\UserDataService.php 
2015-07-29 17:57:40 - DEBUG --> initializeUserData 
2015-07-29 17:57:40 - DEBUG --> UserData first: a:0:{} 
2015-07-29 17:57:40 - DEBUG --> UserData end:  a:0:{} 
2015-07-29 17:57:40 - DEBUG --> Archivo \components\com_jhotelreservation\classes\services\UserDataService.php 
2015-07-29 17:57:40 - DEBUG --> initializeReservationData 
2015-07-29 17:57:40 - DEBUG --> UserData: a:0:{} 
2015-07-29 17:57:40 - DEBUG --> Archivo \components\com_jhotelreservation\classes\services\UserDataService.php 
2015-07-29 17:57:40 - DEBUG --> updateUserData 
2015-07-29 17:57:40 - DEBUG --> Archivo \components\com_jhotelreservation\classes\services\UserDataService.php 
2015-07-29 17:57:40 - DEBUG --> getUserData 
2015-07-29 17:57:40 - DEBUG --> Archivo \components\com_jhotelreservation\classes\services\UserDataService.php 
2015-07-29 17:57:40 - DEBUG --> setCurrency 
2015-07-29 17:57:40 - DEBUG --> Archivo \components\com_jhotelreservation\classes\services\UserDataService.php 
2015-07-29 17:57:40 - DEBUG --> getUserData 
2015-07-29 17:57:40 - DEBUG --> Archivo \components\com_jhotelreservation\classes\services\UserDataService.php 
2015-07-29 17:57:40 - DEBUG --> getUserData 
2015-07-29 17:57:40 - DEBUG --> Archivo \components\com_jhotelreservation\classes\services\UserDataService.php 
2015-07-29 17:57:40 - DEBUG --> getUserData 
2015-07-29 18:36:44 - DEBUG --> Archivo \components\com_jhotelreservation\classes\services\UserDataService.php 
2015-07-29 18:36:44 - DEBUG --> initializeUserData 
2015-07-29 18:36:44 - DEBUG --> UserData first: N; 
2015-07-29 18:36:44 - DEBUG --> Archivo \components\com_jhotelreservation\classes\services\UserDataService.php 
2015-07-29 18:36:44 - DEBUG --> createUserData 
2015-07-29 18:36:44 - DEBUG --> UserData end:  a:0:{} 
2015-07-29 18:36:44 - DEBUG --> Archivo \components\com_jhotelreservation\classes\services\UserDataService.php 
2015-07-29 18:36:44 - DEBUG --> initializeUserData 
2015-07-29 18:36:44 - DEBUG --> UserData first: a:0:{} 
2015-07-29 18:36:44 - DEBUG --> UserData end:  a:0:{} 
2015-07-29 18:36:44 - DEBUG --> Archivo \components\com_jhotelreservation\classes\services\UserDataService.php 
2015-07-29 18:36:44 - DEBUG --> initializeReservationData 
2015-07-29 18:36:44 - DEBUG --> UserData: a:0:{} 
2015-07-29 18:36:44 - DEBUG --> Archivo \components\com_jhotelreservation\classes\services\UserDataService.php 
2015-07-29 18:36:44 - DEBUG --> updateUserData 
2015-07-29 18:36:44 - DEBUG --> Archivo \components\com_jhotelreservation\classes\services\UserDataService.php 
2015-07-29 18:36:44 - DEBUG --> getUserData 
2015-07-29 18:36:44 - DEBUG --> Archivo \components\com_jhotelreservation\classes\services\UserDataService.php 
2015-07-29 18:36:44 - DEBUG --> setCurrency 
2015-07-29 18:36:44 - DEBUG --> Archivo \components\com_jhotelreservation\classes\services\UserDataService.php 
2015-07-29 18:36:44 - DEBUG --> getUserData 
2015-07-29 18:36:44 - DEBUG --> Archivo \components\com_jhotelreservation\classes\services\UserDataService.php 
2015-07-29 18:36:44 - DEBUG --> getUserData 
2015-07-29 18:36:44 - DEBUG --> Archivo \components\com_jhotelreservation\classes\services\UserDataService.php 
2015-07-29 18:36:44 - DEBUG --> getUserData 
2015-07-29 18:36:44 - DEBUG --> Archivo \components\com_jhotelreservationiews\hotel	mpl\hoteloverview.php 
2015-07-29 18:36:44 - DEBUG --> Accedió 
2015-07-29 18:36:45 - DEBUG --> Archivo \components\com_jhotelreservation\classes\services\UserDataService.php 
2015-07-29 18:36:45 - DEBUG --> initializeUserData 
2015-07-29 18:36:45 - DEBUG --> UserData first: N; 
2015-07-29 18:36:45 - DEBUG --> Archivo \components\com_jhotelreservation\classes\services\UserDataService.php 
2015-07-29 18:36:45 - DEBUG --> createUserData 
2015-07-29 18:36:45 - DEBUG --> UserData end:  a:0:{} 
2015-07-29 18:36:45 - DEBUG --> Archivo \components\com_jhotelreservation\classes\services\UserDataService.php 
2015-07-29 18:36:45 - DEBUG --> initializeUserData 
2015-07-29 18:36:45 - DEBUG --> UserData first: N; 
2015-07-29 18:36:45 - DEBUG --> Archivo \components\com_jhotelreservation\classes\services\UserDataService.php 
2015-07-29 18:36:45 - DEBUG --> createUserData 
2015-07-29 18:36:45 - DEBUG --> UserData end:  a:0:{} 
2015-07-29 18:36:45 - DEBUG --> Archivo \components\com_jhotelreservation\classes\services\UserDataService.php 
2015-07-29 18:36:45 - DEBUG --> initializeUserData 
2015-07-29 18:36:45 - DEBUG --> UserData first: a:0:{} 
2015-07-29 18:36:45 - DEBUG --> UserData end:  a:0:{} 
2015-07-29 18:36:45 - DEBUG --> Archivo \components\com_jhotelreservation\classes\services\UserDataService.php 
2015-07-29 18:36:45 - DEBUG --> initializeReservationData 
2015-07-29 18:36:45 - DEBUG --> UserData: a:0:{} 
2015-07-29 18:36:45 - DEBUG --> Archivo \components\com_jhotelreservation\classes\services\UserDataService.php 
2015-07-29 18:36:45 - DEBUG --> updateUserData 
2015-07-29 18:36:45 - DEBUG --> Archivo \components\com_jhotelreservation\classes\services\UserDataService.php 
2015-07-29 18:36:45 - DEBUG --> getUserData 
2015-07-29 18:36:45 - DEBUG --> Archivo \components\com_jhotelreservation\classes\services\UserDataService.php 
2015-07-29 18:36:45 - DEBUG --> setCurrency 
2015-07-29 18:36:45 - DEBUG --> Archivo \components\com_jhotelreservation\classes\services\UserDataService.php 
2015-07-29 18:36:45 - DEBUG --> getUserData 
2015-07-29 18:36:45 - DEBUG --> Archivo \components\com_jhotelreservation\classes\services\UserDataService.php 
2015-07-29 18:36:45 - DEBUG --> getUserData 
2015-07-29 18:36:45 - DEBUG --> Archivo \components\com_jhotelreservation\classes\services\UserDataService.php 
2015-07-29 18:36:45 - DEBUG --> getUserData 
2015-07-29 18:36:48 - DEBUG --> Archivo \components\com_jhotelreservation\classes\services\UserDataService.php 
2015-07-29 18:36:48 - DEBUG --> initializeUserData 
2015-07-29 18:36:48 - DEBUG --> UserData first: N; 
2015-07-29 18:36:48 - DEBUG --> Archivo \components\com_jhotelreservation\classes\services\UserDataService.php 
2015-07-29 18:36:48 - DEBUG --> createUserData 
2015-07-29 18:36:48 - DEBUG --> UserData end:  a:0:{} 
2015-07-29 18:36:48 - DEBUG --> Archivo \components\com_jhotelreservation\classes\services\UserDataService.php 
2015-07-29 18:36:48 - DEBUG --> initializeUserData 
2015-07-29 18:36:48 - DEBUG --> UserData first: a:0:{} 
2015-07-29 18:36:48 - DEBUG --> UserData end:  a:0:{} 
2015-07-29 18:36:48 - DEBUG --> Archivo \components\com_jhotelreservation\classes\services\UserDataService.php 
2015-07-29 18:36:48 - DEBUG --> initializeReservationData 
2015-07-29 18:36:48 - DEBUG --> UserData: a:0:{} 
2015-07-29 18:36:48 - DEBUG --> Archivo \components\com_jhotelreservation\classes\services\UserDataService.php 
2015-07-29 18:36:48 - DEBUG --> updateUserData 
2015-07-29 18:36:48 - DEBUG --> Archivo \components\com_jhotelreservation\classes\services\UserDataService.php 
2015-07-29 18:36:48 - DEBUG --> getUserData 
2015-07-29 18:36:48 - DEBUG --> Archivo \components\com_jhotelreservation\classes\services\UserDataService.php 
2015-07-29 18:36:48 - DEBUG --> setCurrency 
2015-07-29 18:36:48 - DEBUG --> Archivo \components\com_jhotelreservation\classes\services\UserDataService.php 
2015-07-29 18:36:48 - DEBUG --> getUserData 
2015-07-29 18:36:48 - DEBUG --> Archivo \components\com_jhotelreservation\classes\services\UserDataService.php 
2015-07-29 18:36:48 - DEBUG --> getUserData 
2015-07-29 18:36:48 - DEBUG --> Archivo \components\com_jhotelreservation\classes\services\UserDataService.php 
2015-07-29 18:36:48 - DEBUG --> getUserData 
2015-07-29 19:22:36 - DEBUG --> Archivo \components\com_jhotelreservation\classes\services\UserDataService.php 
2015-07-29 19:22:36 - DEBUG --> initializeUserData 
2015-07-29 19:22:36 - DEBUG --> UserData first: N; 
2015-07-29 19:22:36 - DEBUG --> Archivo \components\com_jhotelreservation\classes\services\UserDataService.php 
2015-07-29 19:22:36 - DEBUG --> createUserData 
2015-07-29 19:22:36 - DEBUG --> UserData end:  a:0:{} 
2015-07-29 19:22:36 - DEBUG --> Archivo \components\com_jhotelreservation\classes\services\UserDataService.php 
2015-07-29 19:22:36 - DEBUG --> initializeUserData 
2015-07-29 19:22:36 - DEBUG --> UserData first: a:0:{} 
2015-07-29 19:22:36 - DEBUG --> UserData end:  a:0:{} 
2015-07-29 19:22:36 - DEBUG --> Archivo \components\com_jhotelreservation\classes\services\UserDataService.php 
2015-07-29 19:22:36 - DEBUG --> initializeReservationData 
2015-07-29 19:22:36 - DEBUG --> UserData: a:0:{} 
2015-07-29 19:22:36 - DEBUG --> Archivo \components\com_jhotelreservation\classes\services\UserDataService.php 
2015-07-29 19:22:36 - DEBUG --> updateUserData 
2015-07-29 19:22:36 - DEBUG --> Archivo \components\com_jhotelreservation\classes\services\UserDataService.php 
2015-07-29 19:22:36 - DEBUG --> getUserData 
2015-07-29 19:22:36 - DEBUG --> Archivo \components\com_jhotelreservation\classes\services\UserDataService.php 
2015-07-29 19:22:36 - DEBUG --> setCurrency 
2015-07-29 19:22:36 - DEBUG --> Archivo \components\com_jhotelreservation\classes\services\UserDataService.php 
2015-07-29 19:22:36 - DEBUG --> getUserData 
2015-07-29 19:22:36 - DEBUG --> Archivo \components\com_jhotelreservation\classes\services\UserDataService.php 
2015-07-29 19:22:36 - DEBUG --> getUserData 
2015-07-29 19:22:36 - DEBUG --> Archivo \components\com_jhotelreservation\classes\services\UserDataService.php 
2015-07-29 19:22:36 - DEBUG --> getUserData 
2015-07-29 19:22:36 - DEBUG --> Archivo \components\com_jhotelreservationiews\hotel	mpl\hoteloverview.php 
2015-07-29 19:22:36 - DEBUG --> Accedió 
2015-07-29 19:52:14 - DEBUG --> Archivo \components\com_jhotelreservation\classes\services\UserDataService.php 
2015-07-29 19:52:14 - DEBUG --> initializeUserData 
2015-07-29 19:52:14 - DEBUG --> UserData first: N; 
2015-07-29 19:52:14 - DEBUG --> Archivo \components\com_jhotelreservation\classes\services\UserDataService.php 
2015-07-29 19:52:14 - DEBUG --> createUserData 
2015-07-29 19:52:14 - DEBUG --> UserData end:  a:0:{} 
2015-07-29 19:52:14 - DEBUG --> Archivo \components\com_jhotelreservation\classes\services\UserDataService.php 
2015-07-29 19:52:14 - DEBUG --> initializeUserData 
2015-07-29 19:52:14 - DEBUG --> UserData first: a:0:{} 
2015-07-29 19:52:14 - DEBUG --> UserData end:  a:0:{} 
2015-07-29 19:52:14 - DEBUG --> Archivo \components\com_jhotelreservation\classes\services\UserDataService.php 
2015-07-29 19:52:14 - DEBUG --> initializeReservationData 
2015-07-29 19:52:14 - DEBUG --> UserData: a:0:{} 
2015-07-29 19:52:14 - DEBUG --> Archivo \components\com_jhotelreservation\classes\services\UserDataService.php 
2015-07-29 19:52:14 - DEBUG --> updateUserData 
2015-07-29 19:52:14 - DEBUG --> Archivo \components\com_jhotelreservation\classes\services\UserDataService.php 
2015-07-29 19:52:14 - DEBUG --> getUserData 
2015-07-29 19:52:14 - DEBUG --> Archivo \components\com_jhotelreservation\classes\services\UserDataService.php 
2015-07-29 19:52:14 - DEBUG --> setCurrency 
2015-07-29 19:52:14 - DEBUG --> Archivo \components\com_jhotelreservation\classes\services\UserDataService.php 
2015-07-29 19:52:14 - DEBUG --> getUserData 
2015-07-29 19:52:14 - DEBUG --> Archivo \components\com_jhotelreservation\classes\services\UserDataService.php 
2015-07-29 19:52:14 - DEBUG --> getUserData 
2015-07-29 19:52:14 - DEBUG --> Archivo \components\com_jhotelreservation\classes\services\UserDataService.php 
2015-07-29 19:52:14 - DEBUG --> getUserData 
2015-07-29 19:52:14 - DEBUG --> Archivo \components\com_jhotelreservationiews\hotel	mpl\hoteloverview.php 
2015-07-29 19:52:14 - DEBUG --> Accedió 
2015-07-29 21:22:22 - DEBUG --> Archivo \components\com_jhotelreservation\classes\services\UserDataService.php 
2015-07-29 21:22:22 - DEBUG --> initializeUserData 
2015-07-29 21:22:22 - DEBUG --> UserData first: N; 
2015-07-29 21:22:22 - DEBUG --> Archivo \components\com_jhotelreservation\classes\services\UserDataService.php 
2015-07-29 21:22:22 - DEBUG --> createUserData 
2015-07-29 21:22:22 - DEBUG --> UserData end:  a:0:{} 
2015-07-29 21:22:22 - DEBUG --> Archivo \components\com_jhotelreservation\classes\services\UserDataService.php 
2015-07-29 21:22:22 - DEBUG --> initializeUserData 
2015-07-29 21:22:22 - DEBUG --> UserData first: a:0:{} 
2015-07-29 21:22:22 - DEBUG --> UserData end:  a:0:{} 
2015-07-29 21:22:22 - DEBUG --> Archivo \components\com_jhotelreservation\classes\services\UserDataService.php 
2015-07-29 21:22:22 - DEBUG --> initializeReservationData 
2015-07-29 21:22:22 - DEBUG --> UserData: a:0:{} 
2015-07-29 21:22:22 - DEBUG --> Archivo \components\com_jhotelreservation\classes\services\UserDataService.php 
2015-07-29 21:22:22 - DEBUG --> updateUserData 
2015-07-29 21:22:22 - DEBUG --> Archivo \components\com_jhotelreservation\classes\services\UserDataService.php 
2015-07-29 21:22:22 - DEBUG --> getUserData 
2015-07-29 21:22:22 - DEBUG --> Archivo \components\com_jhotelreservation\classes\services\UserDataService.php 
2015-07-29 21:22:22 - DEBUG --> setCurrency 
2015-07-29 21:22:22 - DEBUG --> Archivo \components\com_jhotelreservation\classes\services\UserDataService.php 
2015-07-29 21:22:22 - DEBUG --> getUserData 
2015-07-29 21:22:22 - DEBUG --> Archivo \components\com_jhotelreservation\classes\services\UserDataService.php 
2015-07-29 21:22:22 - DEBUG --> getUserData 
2015-07-29 21:22:22 - DEBUG --> Archivo \components\com_jhotelreservation\classes\services\UserDataService.php 
2015-07-29 21:22:22 - DEBUG --> getUserData 
