2015-12-27 3:49:17 - DEBUG --> Archivo \components\com_jhotelreservation\classes\services\UserDataService.php 
2015-12-27 3:49:17 - DEBUG --> initializeUserData 
2015-12-27 3:49:17 - DEBUG --> UserData first: N; 
2015-12-27 3:49:17 - DEBUG --> Archivo \components\com_jhotelreservation\classes\services\UserDataService.php 
2015-12-27 3:49:17 - DEBUG --> createUserData 
2015-12-27 3:49:17 - DEBUG --> UserData end:  a:0:{} 
2015-12-27 3:49:17 - DEBUG --> Archivo \components\com_jhotelreservation\classes\services\UserDataService.php 
2015-12-27 3:49:17 - DEBUG --> initializeUserData 
2015-12-27 3:49:17 - DEBUG --> UserData first: a:0:{} 
2015-12-27 3:49:17 - DEBUG --> UserData end:  a:0:{} 
2015-12-27 3:49:17 - DEBUG --> Archivo \components\com_jhotelreservation\classes\services\UserDataService.php 
2015-12-27 3:49:17 - DEBUG --> initializeReservationData 
2015-12-27 3:49:17 - DEBUG --> UserData: a:0:{} 
2015-12-27 3:49:17 - DEBUG --> Archivo \components\com_jhotelreservation\classes\services\UserDataService.php 
2015-12-27 3:49:17 - DEBUG --> updateUserData 
2015-12-27 3:49:17 - DEBUG --> Archivo \components\com_jhotelreservation\classes\services\UserDataService.php 
2015-12-27 3:49:17 - DEBUG --> getUserData 
2015-12-27 3:49:17 - DEBUG --> Archivo \components\com_jhotelreservation\classes\services\UserDataService.php 
2015-12-27 3:49:17 - DEBUG --> setCurrency 
2015-12-27 3:49:17 - DEBUG --> Archivo \components\com_jhotelreservation\classes\services\UserDataService.php 
2015-12-27 3:49:17 - DEBUG --> getUserData 
2015-12-27 3:49:17 - DEBUG --> Archivo \components\com_jhotelreservation\classes\services\UserDataService.php 
2015-12-27 3:49:17 - DEBUG --> getUserData 
2015-12-27 3:49:17 - DEBUG --> Archivo \components\com_jhotelreservation\classes\services\UserDataService.php 
2015-12-27 3:49:17 - DEBUG --> getUserData 
2015-12-27 3:49:18 - DEBUG --> Archivo \components\com_jhotelreservation\classes\services\UserDataService.php 
2015-12-27 3:49:18 - DEBUG --> initializeUserData 
2015-12-27 3:49:18 - DEBUG --> UserData first: N; 
2015-12-27 3:49:18 - DEBUG --> Archivo \components\com_jhotelreservation\classes\services\UserDataService.php 
2015-12-27 3:49:18 - DEBUG --> createUserData 
2015-12-27 3:49:18 - DEBUG --> UserData end:  a:0:{} 
2015-12-27 3:49:18 - DEBUG --> Archivo \components\com_jhotelreservation\classes\services\UserDataService.php 
2015-12-27 3:49:18 - DEBUG --> initializeUserData 
2015-12-27 3:49:18 - DEBUG --> UserData first: a:0:{} 
2015-12-27 3:49:18 - DEBUG --> UserData end:  a:0:{} 
2015-12-27 3:49:18 - DEBUG --> Archivo \components\com_jhotelreservation\classes\services\UserDataService.php 
2015-12-27 3:49:18 - DEBUG --> initializeReservationData 
2015-12-27 3:49:18 - DEBUG --> UserData: a:0:{} 
2015-12-27 3:49:18 - DEBUG --> Archivo \components\com_jhotelreservation\classes\services\UserDataService.php 
2015-12-27 3:49:18 - DEBUG --> updateUserData 
2015-12-27 3:49:18 - DEBUG --> Archivo \components\com_jhotelreservation\classes\services\UserDataService.php 
2015-12-27 3:49:18 - DEBUG --> getUserData 
2015-12-27 3:49:18 - DEBUG --> Archivo \components\com_jhotelreservation\classes\services\UserDataService.php 
2015-12-27 3:49:18 - DEBUG --> setCurrency 
2015-12-27 3:49:18 - DEBUG --> Archivo \components\com_jhotelreservation\classes\services\UserDataService.php 
2015-12-27 3:49:18 - DEBUG --> getUserData 
2015-12-27 3:49:18 - DEBUG --> Archivo \components\com_jhotelreservation\classes\services\UserDataService.php 
2015-12-27 3:49:18 - DEBUG --> getUserData 
2015-12-27 3:49:18 - DEBUG --> Archivo \components\com_jhotelreservation\classes\services\UserDataService.php 
2015-12-27 3:49:18 - DEBUG --> getUserData 
2015-12-27 3:59:15 - DEBUG --> Archivo \components\com_jhotelreservation\classes\services\UserDataService.php 
2015-12-27 3:59:15 - DEBUG --> initializeUserData 
2015-12-27 3:59:15 - DEBUG --> UserData first: N; 
2015-12-27 3:59:15 - DEBUG --> Archivo \components\com_jhotelreservation\classes\services\UserDataService.php 
2015-12-27 3:59:15 - DEBUG --> createUserData 
2015-12-27 3:59:15 - DEBUG --> UserData end:  a:0:{} 
2015-12-27 3:59:15 - DEBUG --> Archivo \components\com_jhotelreservation\classes\services\UserDataService.php 
2015-12-27 3:59:15 - DEBUG --> initializeUserData 
2015-12-27 3:59:15 - DEBUG --> UserData first: a:0:{} 
2015-12-27 3:59:15 - DEBUG --> UserData end:  a:0:{} 
2015-12-27 3:59:15 - DEBUG --> Archivo \components\com_jhotelreservation\classes\services\UserDataService.php 
2015-12-27 3:59:15 - DEBUG --> initializeReservationData 
2015-12-27 3:59:15 - DEBUG --> UserData: a:0:{} 
2015-12-27 3:59:15 - DEBUG --> Archivo \components\com_jhotelreservation\classes\services\UserDataService.php 
2015-12-27 3:59:15 - DEBUG --> updateUserData 
2015-12-27 3:59:15 - DEBUG --> Archivo \components\com_jhotelreservation\classes\services\UserDataService.php 
2015-12-27 3:59:15 - DEBUG --> getUserData 
2015-12-27 3:59:15 - DEBUG --> Archivo \components\com_jhotelreservation\classes\services\UserDataService.php 
2015-12-27 3:59:15 - DEBUG --> setCurrency 
2015-12-27 3:59:15 - DEBUG --> Archivo \components\com_jhotelreservation\classes\services\UserDataService.php 
2015-12-27 3:59:15 - DEBUG --> getUserData 
2015-12-27 3:59:15 - DEBUG --> Archivo \components\com_jhotelreservation\classes\services\UserDataService.php 
2015-12-27 3:59:15 - DEBUG --> getUserData 
2015-12-27 3:59:15 - DEBUG --> Archivo \components\com_jhotelreservation\classes\services\UserDataService.php 
2015-12-27 3:59:15 - DEBUG --> getUserData 
2015-12-27 3:59:15 - DEBUG --> Archivo \components\com_jhotelreservationiews\hotel	mpl\hoteloverview.php 
2015-12-27 3:59:15 - DEBUG --> Accedi贸 
2015-12-27 3:59:16 - DEBUG --> Archivo \components\com_jhotelreservation\classes\services\UserDataService.php 
2015-12-27 3:59:16 - DEBUG --> initializeUserData 
2015-12-27 3:59:16 - DEBUG --> UserData first: N; 
2015-12-27 3:59:16 - DEBUG --> Archivo \components\com_jhotelreservation\classes\services\UserDataService.php 
2015-12-27 3:59:16 - DEBUG --> createUserData 
2015-12-27 3:59:16 - DEBUG --> UserData end:  a:0:{} 
2015-12-27 3:59:16 - DEBUG --> Archivo \components\com_jhotelreservation\classes\services\UserDataService.php 
2015-12-27 3:59:16 - DEBUG --> initializeUserData 
2015-12-27 3:59:16 - DEBUG --> UserData first: a:0:{} 
2015-12-27 3:59:16 - DEBUG --> UserData end:  a:0:{} 
2015-12-27 3:59:16 - DEBUG --> Archivo \components\com_jhotelreservation\classes\services\UserDataService.php 
2015-12-27 3:59:16 - DEBUG --> initializeReservationData 
2015-12-27 3:59:16 - DEBUG --> UserData: a:0:{} 
2015-12-27 3:59:16 - DEBUG --> Archivo \components\com_jhotelreservation\classes\services\UserDataService.php 
2015-12-27 3:59:16 - DEBUG --> updateUserData 
2015-12-27 3:59:16 - DEBUG --> Archivo \components\com_jhotelreservation\classes\services\UserDataService.php 
2015-12-27 3:59:16 - DEBUG --> getUserData 
2015-12-27 3:59:16 - DEBUG --> Archivo \components\com_jhotelreservation\classes\services\UserDataService.php 
2015-12-27 3:59:16 - DEBUG --> setCurrency 
2015-12-27 3:59:16 - DEBUG --> Archivo \components\com_jhotelreservation\classes\services\UserDataService.php 
2015-12-27 3:59:16 - DEBUG --> getUserData 
2015-12-27 3:59:16 - DEBUG --> Archivo \components\com_jhotelreservation\classes\services\UserDataService.php 
2015-12-27 3:59:16 - DEBUG --> getUserData 
2015-12-27 3:59:16 - DEBUG --> Archivo \components\com_jhotelreservation\classes\services\UserDataService.php 
2015-12-27 3:59:16 - DEBUG --> getUserData 
2015-12-27 3:59:16 - DEBUG --> Archivo \components\com_jhotelreservation\classes\services\UserDataService.php 
2015-12-27 3:59:16 - DEBUG --> initializeUserData 
2015-12-27 3:59:16 - DEBUG --> UserData first: N; 
2015-12-27 3:59:16 - DEBUG --> Archivo \components\com_jhotelreservation\classes\services\UserDataService.php 
2015-12-27 3:59:16 - DEBUG --> createUserData 
2015-12-27 3:59:16 - DEBUG --> UserData end:  a:0:{} 
2015-12-27 3:59:16 - DEBUG --> Archivo \components\com_jhotelreservation\classes\services\UserDataService.php 
2015-12-27 3:59:16 - DEBUG --> initializeUserData 
2015-12-27 3:59:16 - DEBUG --> UserData first: a:0:{} 
2015-12-27 3:59:16 - DEBUG --> UserData end:  a:0:{} 
2015-12-27 3:59:16 - DEBUG --> Archivo \components\com_jhotelreservation\classes\services\UserDataService.php 
2015-12-27 3:59:16 - DEBUG --> initializeReservationData 
2015-12-27 3:59:16 - DEBUG --> UserData: a:0:{} 
2015-12-27 3:59:16 - DEBUG --> Archivo \components\com_jhotelreservation\classes\services\UserDataService.php 
2015-12-27 3:59:16 - DEBUG --> updateUserData 
2015-12-27 3:59:16 - DEBUG --> Archivo \components\com_jhotelreservation\classes\services\UserDataService.php 
2015-12-27 3:59:16 - DEBUG --> getUserData 
2015-12-27 3:59:16 - DEBUG --> Archivo \components\com_jhotelreservation\classes\services\UserDataService.php 
2015-12-27 3:59:16 - DEBUG --> setCurrency 
2015-12-27 3:59:16 - DEBUG --> Archivo \components\com_jhotelreservation\classes\services\UserDataService.php 
2015-12-27 3:59:16 - DEBUG --> getUserData 
2015-12-27 3:59:16 - DEBUG --> Archivo \components\com_jhotelreservation\classes\services\UserDataService.php 
2015-12-27 3:59:16 - DEBUG --> getUserData 
2015-12-27 3:59:16 - DEBUG --> Archivo \components\com_jhotelreservation\classes\services\UserDataService.php 
2015-12-27 3:59:16 - DEBUG --> getUserData 
2015-12-27 3:59:16 - DEBUG --> Archivo \components\com_jhotelreservation\classes\services\UserDataService.php 
2015-12-27 3:59:16 - DEBUG --> initializeUserData 
2015-12-27 3:59:16 - DEBUG --> UserData first: N; 
2015-12-27 3:59:16 - DEBUG --> Archivo \components\com_jhotelreservation\classes\services\UserDataService.php 
2015-12-27 3:59:16 - DEBUG --> createUserData 
2015-12-27 3:59:16 - DEBUG --> UserData end:  a:0:{} 
2015-12-27 3:59:16 - DEBUG --> Archivo \components\com_jhotelreservation\classes\services\UserDataService.php 
2015-12-27 3:59:16 - DEBUG --> initializeUserData 
2015-12-27 3:59:16 - DEBUG --> UserData first: a:0:{} 
2015-12-27 3:59:16 - DEBUG --> UserData end:  a:0:{} 
2015-12-27 3:59:16 - DEBUG --> Archivo \components\com_jhotelreservation\classes\services\UserDataService.php 
2015-12-27 3:59:16 - DEBUG --> initializeReservationData 
2015-12-27 3:59:16 - DEBUG --> UserData: a:0:{} 
2015-12-27 3:59:16 - DEBUG --> Archivo \components\com_jhotelreservation\classes\services\UserDataService.php 
2015-12-27 3:59:16 - DEBUG --> updateUserData 
2015-12-27 3:59:16 - DEBUG --> Archivo \components\com_jhotelreservation\classes\services\UserDataService.php 
2015-12-27 3:59:16 - DEBUG --> getUserData 
2015-12-27 3:59:16 - DEBUG --> Archivo \components\com_jhotelreservation\classes\services\UserDataService.php 
2015-12-27 3:59:16 - DEBUG --> setCurrency 
2015-12-27 3:59:16 - DEBUG --> Archivo \components\com_jhotelreservation\classes\services\UserDataService.php 
2015-12-27 3:59:16 - DEBUG --> getUserData 
2015-12-27 3:59:16 - DEBUG --> Archivo \components\com_jhotelreservation\classes\services\UserDataService.php 
2015-12-27 3:59:16 - DEBUG --> getUserData 
2015-12-27 3:59:16 - DEBUG --> Archivo \components\com_jhotelreservation\classes\services\UserDataService.php 
2015-12-27 3:59:16 - DEBUG --> getUserData 
2015-12-27 3:59:16 - DEBUG --> Archivo \components\com_jhotelreservationiews\hotel	mpl\hoteloverview.php 
2015-12-27 3:59:16 - DEBUG --> Accedi贸 
2015-12-27 3:59:17 - DEBUG --> Archivo \components\com_jhotelreservation\classes\services\UserDataService.php 
2015-12-27 3:59:17 - DEBUG --> initializeUserData 
2015-12-27 3:59:17 - DEBUG --> UserData first: N; 
2015-12-27 3:59:17 - DEBUG --> Archivo \components\com_jhotelreservation\classes\services\UserDataService.php 
2015-12-27 3:59:17 - DEBUG --> createUserData 
2015-12-27 3:59:17 - DEBUG --> UserData end:  a:0:{} 
2015-12-27 3:59:17 - DEBUG --> Archivo \components\com_jhotelreservation\classes\services\UserDataService.php 
2015-12-27 3:59:17 - DEBUG --> initializeUserData 
2015-12-27 3:59:17 - DEBUG --> UserData first: a:0:{} 
2015-12-27 3:59:17 - DEBUG --> UserData end:  a:0:{} 
2015-12-27 3:59:17 - DEBUG --> Archivo \components\com_jhotelreservation\classes\services\UserDataService.php 
2015-12-27 3:59:17 - DEBUG --> initializeReservationData 
2015-12-27 3:59:17 - DEBUG --> UserData: a:0:{} 
2015-12-27 3:59:17 - DEBUG --> Archivo \components\com_jhotelreservation\classes\services\UserDataService.php 
2015-12-27 3:59:17 - DEBUG --> updateUserData 
2015-12-27 3:59:17 - DEBUG --> Archivo \components\com_jhotelreservation\classes\services\UserDataService.php 
2015-12-27 3:59:17 - DEBUG --> getUserData 
2015-12-27 3:59:17 - DEBUG --> Archivo \components\com_jhotelreservation\classes\services\UserDataService.php 
2015-12-27 3:59:17 - DEBUG --> setCurrency 
2015-12-27 3:59:17 - DEBUG --> Archivo \components\com_jhotelreservation\classes\services\UserDataService.php 
2015-12-27 3:59:17 - DEBUG --> getUserData 
2015-12-27 3:59:17 - DEBUG --> Archivo \components\com_jhotelreservation\classes\services\UserDataService.php 
2015-12-27 3:59:17 - DEBUG --> getUserData 
2015-12-27 3:59:17 - DEBUG --> Archivo \components\com_jhotelreservation\classes\services\UserDataService.php 
2015-12-27 3:59:17 - DEBUG --> getUserData 
2015-12-27 9:10:22 - DEBUG --> Archivo \components\com_jhotelreservation\classes\services\UserDataService.php 
2015-12-27 9:10:22 - DEBUG --> initializeUserData 
2015-12-27 9:10:22 - DEBUG --> UserData first: N; 
2015-12-27 9:10:22 - DEBUG --> Archivo \components\com_jhotelreservation\classes\services\UserDataService.php 
2015-12-27 9:10:22 - DEBUG --> createUserData 
2015-12-27 9:10:22 - DEBUG --> UserData end:  a:0:{} 
2015-12-27 9:10:22 - DEBUG --> Archivo \components\com_jhotelreservation\classes\services\UserDataService.php 
2015-12-27 9:10:22 - DEBUG --> initializeUserData 
2015-12-27 9:10:22 - DEBUG --> UserData first: a:0:{} 
2015-12-27 9:10:22 - DEBUG --> UserData end:  a:0:{} 
2015-12-27 9:10:22 - DEBUG --> Archivo \components\com_jhotelreservation\classes\services\UserDataService.php 
2015-12-27 9:10:22 - DEBUG --> initializeReservationData 
2015-12-27 9:10:22 - DEBUG --> UserData: a:0:{} 
2015-12-27 9:10:22 - DEBUG --> Archivo \components\com_jhotelreservation\classes\services\UserDataService.php 
2015-12-27 9:10:22 - DEBUG --> updateUserData 
2015-12-27 9:10:22 - DEBUG --> Archivo \components\com_jhotelreservation\classes\services\UserDataService.php 
2015-12-27 9:10:22 - DEBUG --> getUserData 
2015-12-27 9:10:22 - DEBUG --> Archivo \components\com_jhotelreservation\classes\services\UserDataService.php 
2015-12-27 9:10:22 - DEBUG --> setCurrency 
2015-12-27 9:10:22 - DEBUG --> Archivo \components\com_jhotelreservation\classes\services\UserDataService.php 
2015-12-27 9:10:22 - DEBUG --> getUserData 
2015-12-27 9:10:22 - DEBUG --> Archivo \components\com_jhotelreservation\classes\services\UserDataService.php 
2015-12-27 9:10:22 - DEBUG --> getUserData 
2015-12-27 9:10:22 - DEBUG --> Archivo \components\com_jhotelreservation\classes\services\UserDataService.php 
2015-12-27 9:10:22 - DEBUG --> getUserData 
2015-12-27 9:10:22 - DEBUG --> Archivo \components\com_jhotelreservationiews\hotel	mpl\hoteloverview.php 
2015-12-27 9:10:22 - DEBUG --> Accedi贸 
2015-12-27 16:20:33 - DEBUG --> Archivo \components\com_jhotelreservation\classes\services\UserDataService.php 
2015-12-27 16:20:33 - DEBUG --> initializeUserData 
2015-12-27 16:20:33 - DEBUG --> UserData first: N; 
2015-12-27 16:20:33 - DEBUG --> Archivo \components\com_jhotelreservation\classes\services\UserDataService.php 
2015-12-27 16:20:33 - DEBUG --> createUserData 
2015-12-27 16:20:33 - DEBUG --> UserData end:  a:0:{} 
2015-12-27 22:21:02 - DEBUG --> Archivo \components\com_jhotelreservation\classes\services\UserDataService.php 
2015-12-27 22:21:02 - DEBUG --> initializeUserData 
2015-12-27 22:21:02 - DEBUG --> UserData first: N; 
2015-12-27 22:21:02 - DEBUG --> Archivo \components\com_jhotelreservation\classes\services\UserDataService.php 
2015-12-27 22:21:02 - DEBUG --> createUserData 
2015-12-27 22:21:02 - DEBUG --> UserData end:  a:0:{} 
2015-12-27 22:21:02 - DEBUG --> Archivo \components\com_jhotelreservation\classes\services\UserDataService.php 
2015-12-27 22:21:02 - DEBUG --> initializeUserData 
2015-12-27 22:21:02 - DEBUG --> UserData first: a:0:{} 
2015-12-27 22:21:02 - DEBUG --> UserData end:  a:0:{} 
2015-12-27 22:21:02 - DEBUG --> Archivo \components\com_jhotelreservation\classes\services\UserDataService.php 
2015-12-27 22:21:02 - DEBUG --> initializeReservationData 
2015-12-27 22:21:02 - DEBUG --> UserData: a:0:{} 
2015-12-27 22:21:02 - DEBUG --> Archivo \components\com_jhotelreservation\classes\services\UserDataService.php 
2015-12-27 22:21:02 - DEBUG --> updateUserData 
2015-12-27 22:21:02 - DEBUG --> Archivo \components\com_jhotelreservation\classes\services\UserDataService.php 
2015-12-27 22:21:02 - DEBUG --> getUserData 
2015-12-27 22:21:02 - DEBUG --> Archivo \components\com_jhotelreservation\classes\services\UserDataService.php 
2015-12-27 22:21:02 - DEBUG --> setCurrency 
2015-12-27 22:21:02 - DEBUG --> Archivo \components\com_jhotelreservation\classes\services\UserDataService.php 
2015-12-27 22:21:02 - DEBUG --> getUserData 
2015-12-27 22:21:02 - DEBUG --> Archivo \components\com_jhotelreservation\classes\services\UserDataService.php 
2015-12-27 22:21:02 - DEBUG --> getUserData 
2015-12-27 22:21:02 - DEBUG --> Archivo \components\com_jhotelreservation\classes\services\UserDataService.php 
2015-12-27 22:21:02 - DEBUG --> getUserData 
2015-12-27 22:21:02 - DEBUG --> Archivo \components\com_jhotelreservationiews\hotel	mpl\hoteloverview.php 
2015-12-27 22:21:02 - DEBUG --> Accedi贸 
