2016-02-11 4:36:05 - DEBUG --> Archivo \components\com_jhotelreservation\classes\services\UserDataService.php 
2016-02-11 4:36:05 - DEBUG --> initializeUserData 
2016-02-11 4:36:05 - DEBUG --> UserData first: N; 
2016-02-11 4:36:05 - DEBUG --> Archivo \components\com_jhotelreservation\classes\services\UserDataService.php 
2016-02-11 4:36:05 - DEBUG --> createUserData 
2016-02-11 4:36:05 - DEBUG --> UserData end:  a:0:{} 
2016-02-11 4:36:05 - DEBUG --> Archivo \components\com_jhotelreservation\classes\services\UserDataService.php 
2016-02-11 4:36:05 - DEBUG --> initializeUserData 
2016-02-11 4:36:05 - DEBUG --> UserData first: a:0:{} 
2016-02-11 4:36:05 - DEBUG --> UserData end:  a:0:{} 
2016-02-11 4:36:05 - DEBUG --> Archivo \components\com_jhotelreservation\classes\services\UserDataService.php 
2016-02-11 4:36:05 - DEBUG --> initializeReservationData 
2016-02-11 4:36:05 - DEBUG --> UserData: a:0:{} 
2016-02-11 4:36:05 - DEBUG --> Archivo \components\com_jhotelreservation\classes\services\UserDataService.php 
2016-02-11 4:36:05 - DEBUG --> updateUserData 
2016-02-11 4:36:05 - DEBUG --> Archivo \components\com_jhotelreservation\classes\services\UserDataService.php 
2016-02-11 4:36:05 - DEBUG --> getUserData 
2016-02-11 4:36:05 - DEBUG --> Archivo \components\com_jhotelreservation\classes\services\UserDataService.php 
2016-02-11 4:36:05 - DEBUG --> setCurrency 
2016-02-11 4:36:05 - DEBUG --> Archivo \components\com_jhotelreservation\classes\services\UserDataService.php 
2016-02-11 4:36:05 - DEBUG --> getUserData 
2016-02-11 4:36:05 - DEBUG --> Archivo \components\com_jhotelreservation\classes\services\UserDataService.php 
2016-02-11 4:36:05 - DEBUG --> getUserData 
2016-02-11 4:36:05 - DEBUG --> Archivo \components\com_jhotelreservation\classes\services\UserDataService.php 
2016-02-11 4:36:05 - DEBUG --> getUserData 
2016-02-11 4:36:05 - DEBUG --> Archivo \components\com_jhotelreservationiews\hotel	mpl\hoteloverview.php 
2016-02-11 4:36:05 - DEBUG --> Accedió 
2016-02-11 8:11:46 - DEBUG --> Archivo \components\com_jhotelreservation\classes\services\UserDataService.php 
2016-02-11 8:11:46 - DEBUG --> initializeUserData 
2016-02-11 8:11:46 - DEBUG --> UserData first: N; 
2016-02-11 8:11:46 - DEBUG --> Archivo \components\com_jhotelreservation\classes\services\UserDataService.php 
2016-02-11 8:11:46 - DEBUG --> createUserData 
2016-02-11 8:11:46 - DEBUG --> UserData end:  a:0:{} 
2016-02-11 8:11:46 - DEBUG --> Archivo \components\com_jhotelreservation\classes\services\UserDataService.php 
2016-02-11 8:11:46 - DEBUG --> initializeUserData 
2016-02-11 8:11:46 - DEBUG --> UserData first: a:0:{} 
2016-02-11 8:11:46 - DEBUG --> UserData end:  a:0:{} 
2016-02-11 8:11:46 - DEBUG --> Archivo \components\com_jhotelreservation\classes\services\UserDataService.php 
2016-02-11 8:11:46 - DEBUG --> initializeReservationData 
2016-02-11 8:11:46 - DEBUG --> UserData: a:0:{} 
2016-02-11 8:11:46 - DEBUG --> Archivo \components\com_jhotelreservation\classes\services\UserDataService.php 
2016-02-11 8:11:46 - DEBUG --> updateUserData 
2016-02-11 8:11:46 - DEBUG --> Archivo \components\com_jhotelreservation\classes\services\UserDataService.php 
2016-02-11 8:11:46 - DEBUG --> getUserData 
2016-02-11 8:11:46 - DEBUG --> Archivo \components\com_jhotelreservation\classes\services\UserDataService.php 
2016-02-11 8:11:46 - DEBUG --> setCurrency 
2016-02-11 8:11:46 - DEBUG --> Archivo \components\com_jhotelreservation\classes\services\UserDataService.php 
2016-02-11 8:11:46 - DEBUG --> getUserData 
2016-02-11 8:11:46 - DEBUG --> Archivo \components\com_jhotelreservation\classes\services\UserDataService.php 
2016-02-11 8:11:46 - DEBUG --> getUserData 
2016-02-11 8:11:46 - DEBUG --> Archivo \components\com_jhotelreservation\classes\services\UserDataService.php 
2016-02-11 8:11:46 - DEBUG --> getUserData 
2016-02-11 8:11:46 - DEBUG --> Archivo \components\com_jhotelreservationiews\hotel	mpl\hoteloverview.php 
2016-02-11 8:11:46 - DEBUG --> Accedió 
2016-02-11 17:27:13 - DEBUG --> Archivo \components\com_jhotelreservation\classes\services\UserDataService.php 
2016-02-11 17:27:13 - DEBUG --> initializeUserData 
2016-02-11 17:27:13 - DEBUG --> UserData first: N; 
2016-02-11 17:27:13 - DEBUG --> Archivo \components\com_jhotelreservation\classes\services\UserDataService.php 
2016-02-11 17:27:13 - DEBUG --> createUserData 
2016-02-11 17:27:13 - DEBUG --> UserData end:  a:0:{} 
2016-02-11 17:27:13 - DEBUG --> Archivo \components\com_jhotelreservation\classes\services\UserDataService.php 
2016-02-11 17:27:13 - DEBUG --> initializeUserData 
2016-02-11 17:27:13 - DEBUG --> UserData first: a:0:{} 
2016-02-11 17:27:13 - DEBUG --> UserData end:  a:0:{} 
2016-02-11 17:27:13 - DEBUG --> Archivo \components\com_jhotelreservation\classes\services\UserDataService.php 
2016-02-11 17:27:13 - DEBUG --> initializeReservationData 
2016-02-11 17:27:13 - DEBUG --> UserData: a:0:{} 
2016-02-11 17:27:13 - DEBUG --> Archivo \components\com_jhotelreservation\classes\services\UserDataService.php 
2016-02-11 17:27:13 - DEBUG --> updateUserData 
2016-02-11 17:27:13 - DEBUG --> Archivo \components\com_jhotelreservation\classes\services\UserDataService.php 
2016-02-11 17:27:13 - DEBUG --> getUserData 
2016-02-11 17:27:13 - DEBUG --> Archivo \components\com_jhotelreservation\classes\services\UserDataService.php 
2016-02-11 17:27:13 - DEBUG --> setCurrency 
2016-02-11 17:27:13 - DEBUG --> Archivo \components\com_jhotelreservation\classes\services\UserDataService.php 
2016-02-11 17:27:13 - DEBUG --> getUserData 
2016-02-11 17:27:13 - DEBUG --> Archivo \components\com_jhotelreservation\classes\services\UserDataService.php 
2016-02-11 17:27:13 - DEBUG --> getUserData 
2016-02-11 17:27:13 - DEBUG --> Archivo \components\com_jhotelreservation\classes\services\UserDataService.php 
2016-02-11 17:27:13 - DEBUG --> getUserData 
2016-02-11 17:27:13 - DEBUG --> Archivo \components\com_jhotelreservationiews\hotel	mpl\hoteloverview.php 
2016-02-11 17:27:13 - DEBUG --> Accedió 
2016-02-11 19:26:40 - DEBUG --> Archivo \components\com_jhotelreservation\classes\services\UserDataService.php 
2016-02-11 19:26:40 - DEBUG --> initializeUserData 
2016-02-11 19:26:40 - DEBUG --> UserData first: N; 
2016-02-11 19:26:40 - DEBUG --> Archivo \components\com_jhotelreservation\classes\services\UserDataService.php 
2016-02-11 19:26:40 - DEBUG --> createUserData 
2016-02-11 19:26:40 - DEBUG --> UserData end:  a:0:{} 
2016-02-11 19:26:40 - DEBUG --> Archivo \components\com_jhotelreservation\classes\services\UserDataService.php 
2016-02-11 19:26:40 - DEBUG --> initializeUserData 
2016-02-11 19:26:40 - DEBUG --> UserData first: a:0:{} 
2016-02-11 19:26:40 - DEBUG --> UserData end:  a:0:{} 
2016-02-11 19:26:40 - DEBUG --> Archivo \components\com_jhotelreservation\classes\services\UserDataService.php 
2016-02-11 19:26:40 - DEBUG --> initializeReservationData 
2016-02-11 19:26:40 - DEBUG --> UserData: a:0:{} 
2016-02-11 19:26:40 - DEBUG --> Archivo \components\com_jhotelreservation\classes\services\UserDataService.php 
2016-02-11 19:26:40 - DEBUG --> updateUserData 
2016-02-11 19:26:40 - DEBUG --> Archivo \components\com_jhotelreservation\classes\services\UserDataService.php 
2016-02-11 19:26:40 - DEBUG --> getUserData 
2016-02-11 19:26:40 - DEBUG --> Archivo \components\com_jhotelreservation\classes\services\UserDataService.php 
2016-02-11 19:26:40 - DEBUG --> setCurrency 
2016-02-11 19:26:40 - DEBUG --> Archivo \components\com_jhotelreservation\classes\services\UserDataService.php 
2016-02-11 19:26:40 - DEBUG --> getUserData 
2016-02-11 19:26:40 - DEBUG --> Archivo \components\com_jhotelreservation\classes\services\UserDataService.php 
2016-02-11 19:26:40 - DEBUG --> getUserData 
2016-02-11 19:26:40 - DEBUG --> Archivo \components\com_jhotelreservation\classes\services\UserDataService.php 
2016-02-11 19:26:40 - DEBUG --> getUserData 
2016-02-11 19:26:40 - DEBUG --> Archivo \components\com_jhotelreservationiews\hotel	mpl\hoteloverview.php 
2016-02-11 19:26:40 - DEBUG --> Accedió 
2016-02-11 20:10:10 - DEBUG --> Archivo \components\com_jhotelreservation\classes\services\UserDataService.php 
2016-02-11 20:10:10 - DEBUG --> initializeUserData 
2016-02-11 20:10:10 - DEBUG --> UserData first: N; 
2016-02-11 20:10:10 - DEBUG --> Archivo \components\com_jhotelreservation\classes\services\UserDataService.php 
2016-02-11 20:10:10 - DEBUG --> createUserData 
2016-02-11 20:10:10 - DEBUG --> UserData end:  a:0:{} 
2016-02-11 20:10:10 - DEBUG --> Archivo \components\com_jhotelreservation\classes\services\UserDataService.php 
2016-02-11 20:10:10 - DEBUG --> initializeUserData 
2016-02-11 20:10:10 - DEBUG --> UserData first: a:0:{} 
2016-02-11 20:10:10 - DEBUG --> UserData end:  a:0:{} 
2016-02-11 20:10:10 - DEBUG --> Archivo \components\com_jhotelreservation\classes\services\UserDataService.php 
2016-02-11 20:10:10 - DEBUG --> initializeReservationData 
2016-02-11 20:10:10 - DEBUG --> UserData: a:0:{} 
2016-02-11 20:10:10 - DEBUG --> Archivo \components\com_jhotelreservation\classes\services\UserDataService.php 
2016-02-11 20:10:10 - DEBUG --> updateUserData 
2016-02-11 20:10:10 - DEBUG --> Archivo \components\com_jhotelreservation\classes\services\UserDataService.php 
2016-02-11 20:10:10 - DEBUG --> getUserData 
2016-02-11 20:10:10 - DEBUG --> Archivo \components\com_jhotelreservation\classes\services\UserDataService.php 
2016-02-11 20:10:10 - DEBUG --> setCurrency 
2016-02-11 20:10:10 - DEBUG --> Archivo \components\com_jhotelreservation\classes\services\UserDataService.php 
2016-02-11 20:10:10 - DEBUG --> getUserData 
2016-02-11 20:10:10 - DEBUG --> Archivo \components\com_jhotelreservation\classes\services\UserDataService.php 
2016-02-11 20:10:10 - DEBUG --> getUserData 
2016-02-11 20:10:10 - DEBUG --> Archivo \components\com_jhotelreservation\classes\services\UserDataService.php 
2016-02-11 20:10:10 - DEBUG --> getUserData 
2016-02-11 21:39:11 - DEBUG --> Archivo \components\com_jhotelreservation\classes\services\UserDataService.php 
2016-02-11 21:39:11 - DEBUG --> initializeUserData 
2016-02-11 21:39:11 - DEBUG --> UserData first: N; 
2016-02-11 21:39:11 - DEBUG --> Archivo \components\com_jhotelreservation\classes\services\UserDataService.php 
2016-02-11 21:39:11 - DEBUG --> createUserData 
2016-02-11 21:39:11 - DEBUG --> UserData end:  a:0:{} 
2016-02-11 21:39:11 - DEBUG --> Archivo \components\com_jhotelreservation\classes\services\UserDataService.php 
2016-02-11 21:39:11 - DEBUG --> initializeUserData 
2016-02-11 21:39:11 - DEBUG --> UserData first: a:0:{} 
2016-02-11 21:39:11 - DEBUG --> UserData end:  a:0:{} 
2016-02-11 21:39:11 - DEBUG --> Archivo \components\com_jhotelreservation\classes\services\UserDataService.php 
2016-02-11 21:39:11 - DEBUG --> initializeReservationData 
2016-02-11 21:39:11 - DEBUG --> UserData: a:0:{} 
2016-02-11 21:39:11 - DEBUG --> Archivo \components\com_jhotelreservation\classes\services\UserDataService.php 
2016-02-11 21:39:11 - DEBUG --> updateUserData 
2016-02-11 21:39:11 - DEBUG --> Archivo \components\com_jhotelreservation\classes\services\UserDataService.php 
2016-02-11 21:39:11 - DEBUG --> getUserData 
2016-02-11 21:39:11 - DEBUG --> Archivo \components\com_jhotelreservation\classes\services\UserDataService.php 
2016-02-11 21:39:11 - DEBUG --> setCurrency 
2016-02-11 21:39:11 - DEBUG --> Archivo \components\com_jhotelreservation\classes\services\UserDataService.php 
2016-02-11 21:39:11 - DEBUG --> getUserData 
2016-02-11 21:39:11 - DEBUG --> Archivo \components\com_jhotelreservation\classes\services\UserDataService.php 
2016-02-11 21:39:11 - DEBUG --> getUserData 
2016-02-11 21:39:11 - DEBUG --> Archivo \components\com_jhotelreservation\classes\services\UserDataService.php 
2016-02-11 21:39:11 - DEBUG --> getUserData 
2016-02-11 21:45:31 - DEBUG --> Archivo \components\com_jhotelreservation\classes\services\UserDataService.php 
2016-02-11 21:45:31 - DEBUG --> initializeUserData 
2016-02-11 21:45:31 - DEBUG --> UserData first: N; 
2016-02-11 21:45:31 - DEBUG --> Archivo \components\com_jhotelreservation\classes\services\UserDataService.php 
2016-02-11 21:45:31 - DEBUG --> createUserData 
2016-02-11 21:45:31 - DEBUG --> UserData end:  a:0:{} 
2016-02-11 21:45:31 - DEBUG --> Archivo \components\com_jhotelreservation\classes\services\UserDataService.php 
2016-02-11 21:45:31 - DEBUG --> initializeUserData 
2016-02-11 21:45:31 - DEBUG --> UserData first: a:0:{} 
2016-02-11 21:45:31 - DEBUG --> UserData end:  a:0:{} 
2016-02-11 21:45:31 - DEBUG --> Archivo \components\com_jhotelreservation\classes\services\UserDataService.php 
2016-02-11 21:45:31 - DEBUG --> initializeReservationData 
2016-02-11 21:45:31 - DEBUG --> UserData: a:0:{} 
2016-02-11 21:45:31 - DEBUG --> Archivo \components\com_jhotelreservation\classes\services\UserDataService.php 
2016-02-11 21:45:31 - DEBUG --> updateUserData 
2016-02-11 21:45:31 - DEBUG --> Archivo \components\com_jhotelreservation\classes\services\UserDataService.php 
2016-02-11 21:45:31 - DEBUG --> getUserData 
2016-02-11 21:45:31 - DEBUG --> Archivo \components\com_jhotelreservation\classes\services\UserDataService.php 
2016-02-11 21:45:31 - DEBUG --> setCurrency 
2016-02-11 21:45:31 - DEBUG --> Archivo \components\com_jhotelreservation\classes\services\UserDataService.php 
2016-02-11 21:45:31 - DEBUG --> getUserData 
2016-02-11 21:45:31 - DEBUG --> Archivo \components\com_jhotelreservation\classes\services\UserDataService.php 
2016-02-11 21:45:31 - DEBUG --> getUserData 
2016-02-11 21:45:31 - DEBUG --> Archivo \components\com_jhotelreservation\classes\services\UserDataService.php 
2016-02-11 21:45:31 - DEBUG --> getUserData 
2016-02-11 22:12:40 - DEBUG --> Archivo \components\com_jhotelreservation\classes\services\UserDataService.php 
2016-02-11 22:12:40 - DEBUG --> initializeUserData 
2016-02-11 22:12:40 - DEBUG --> UserData first: N; 
2016-02-11 22:12:40 - DEBUG --> Archivo \components\com_jhotelreservation\classes\services\UserDataService.php 
2016-02-11 22:12:40 - DEBUG --> createUserData 
2016-02-11 22:12:40 - DEBUG --> UserData end:  a:0:{} 
2016-02-11 22:12:40 - DEBUG --> Archivo \components\com_jhotelreservation\classes\services\UserDataService.php 
2016-02-11 22:12:40 - DEBUG --> initializeUserData 
2016-02-11 22:12:40 - DEBUG --> UserData first: a:0:{} 
2016-02-11 22:12:40 - DEBUG --> UserData end:  a:0:{} 
2016-02-11 22:12:40 - DEBUG --> Archivo \components\com_jhotelreservation\classes\services\UserDataService.php 
2016-02-11 22:12:40 - DEBUG --> initializeReservationData 
2016-02-11 22:12:40 - DEBUG --> UserData: a:0:{} 
2016-02-11 22:12:40 - DEBUG --> Archivo \components\com_jhotelreservation\classes\services\UserDataService.php 
2016-02-11 22:12:40 - DEBUG --> updateUserData 
2016-02-11 22:12:40 - DEBUG --> Archivo \components\com_jhotelreservation\classes\services\UserDataService.php 
2016-02-11 22:12:40 - DEBUG --> getUserData 
2016-02-11 22:12:40 - DEBUG --> Archivo \components\com_jhotelreservation\classes\services\UserDataService.php 
2016-02-11 22:12:40 - DEBUG --> setCurrency 
2016-02-11 22:12:40 - DEBUG --> Archivo \components\com_jhotelreservation\classes\services\UserDataService.php 
2016-02-11 22:12:40 - DEBUG --> getUserData 
2016-02-11 22:12:40 - DEBUG --> Archivo \components\com_jhotelreservation\classes\services\UserDataService.php 
2016-02-11 22:12:40 - DEBUG --> getUserData 
2016-02-11 22:12:40 - DEBUG --> Archivo \components\com_jhotelreservation\classes\services\UserDataService.php 
2016-02-11 22:12:40 - DEBUG --> getUserData 
2016-02-11 22:12:40 - DEBUG --> Archivo \components\com_jhotelreservationiews\hotel	mpl\hoteloverview.php 
2016-02-11 22:12:40 - DEBUG --> Accedió 
2016-02-11 22:17:38 - DEBUG --> Archivo \components\com_jhotelreservation\classes\services\UserDataService.php 
2016-02-11 22:17:38 - DEBUG --> initializeUserData 
2016-02-11 22:17:38 - DEBUG --> UserData first: N; 
2016-02-11 22:17:38 - DEBUG --> Archivo \components\com_jhotelreservation\classes\services\UserDataService.php 
2016-02-11 22:17:38 - DEBUG --> createUserData 
2016-02-11 22:17:38 - DEBUG --> UserData end:  a:0:{} 
2016-02-11 22:17:38 - DEBUG --> Archivo \components\com_jhotelreservation\classes\services\UserDataService.php 
2016-02-11 22:17:38 - DEBUG --> initializeUserData 
2016-02-11 22:17:38 - DEBUG --> UserData first: a:0:{} 
2016-02-11 22:17:38 - DEBUG --> UserData end:  a:0:{} 
2016-02-11 22:17:38 - DEBUG --> Archivo \components\com_jhotelreservation\classes\services\UserDataService.php 
2016-02-11 22:17:38 - DEBUG --> initializeReservationData 
2016-02-11 22:17:38 - DEBUG --> UserData: a:0:{} 
2016-02-11 22:17:38 - DEBUG --> Archivo \components\com_jhotelreservation\classes\services\UserDataService.php 
2016-02-11 22:17:38 - DEBUG --> updateUserData 
2016-02-11 22:17:38 - DEBUG --> Archivo \components\com_jhotelreservation\classes\services\UserDataService.php 
2016-02-11 22:17:38 - DEBUG --> getUserData 
2016-02-11 22:17:38 - DEBUG --> Archivo \components\com_jhotelreservation\classes\services\UserDataService.php 
2016-02-11 22:17:38 - DEBUG --> setCurrency 
2016-02-11 22:17:38 - DEBUG --> Archivo \components\com_jhotelreservation\classes\services\UserDataService.php 
2016-02-11 22:17:38 - DEBUG --> getUserData 
2016-02-11 22:17:38 - DEBUG --> Archivo \components\com_jhotelreservation\classes\services\UserDataService.php 
2016-02-11 22:17:38 - DEBUG --> getUserData 
2016-02-11 22:17:38 - DEBUG --> Archivo \components\com_jhotelreservation\classes\services\UserDataService.php 
2016-02-11 22:17:38 - DEBUG --> getUserData 
2016-02-11 22:17:38 - DEBUG --> Archivo \components\com_jhotelreservationiews\hotel	mpl\hoteloverview.php 
2016-02-11 22:17:38 - DEBUG --> Accedió 
2016-02-11 22:29:10 - DEBUG --> Archivo \components\com_jhotelreservation\classes\services\UserDataService.php 
2016-02-11 22:29:10 - DEBUG --> initializeUserData 
2016-02-11 22:29:10 - DEBUG --> UserData first: N; 
2016-02-11 22:29:10 - DEBUG --> Archivo \components\com_jhotelreservation\classes\services\UserDataService.php 
2016-02-11 22:29:10 - DEBUG --> createUserData 
2016-02-11 22:29:10 - DEBUG --> UserData end:  a:0:{} 
2016-02-11 22:29:10 - DEBUG --> Archivo \components\com_jhotelreservation\classes\services\UserDataService.php 
2016-02-11 22:29:10 - DEBUG --> initializeUserData 
2016-02-11 22:29:10 - DEBUG --> UserData first: a:0:{} 
2016-02-11 22:29:10 - DEBUG --> UserData end:  a:0:{} 
2016-02-11 22:29:10 - DEBUG --> Archivo \components\com_jhotelreservation\classes\services\UserDataService.php 
2016-02-11 22:29:10 - DEBUG --> initializeReservationData 
2016-02-11 22:29:10 - DEBUG --> UserData: a:0:{} 
2016-02-11 22:29:10 - DEBUG --> Archivo \components\com_jhotelreservation\classes\services\UserDataService.php 
2016-02-11 22:29:10 - DEBUG --> updateUserData 
2016-02-11 22:29:10 - DEBUG --> Archivo \components\com_jhotelreservation\classes\services\UserDataService.php 
2016-02-11 22:29:10 - DEBUG --> getUserData 
2016-02-11 22:29:10 - DEBUG --> Archivo \components\com_jhotelreservation\classes\services\UserDataService.php 
2016-02-11 22:29:10 - DEBUG --> setCurrency 
2016-02-11 22:29:10 - DEBUG --> Archivo \components\com_jhotelreservation\classes\services\UserDataService.php 
2016-02-11 22:29:10 - DEBUG --> getUserData 
2016-02-11 22:29:10 - DEBUG --> Archivo \components\com_jhotelreservation\classes\services\UserDataService.php 
2016-02-11 22:29:10 - DEBUG --> getUserData 
2016-02-11 22:29:10 - DEBUG --> Archivo \components\com_jhotelreservation\classes\services\UserDataService.php 
2016-02-11 22:29:10 - DEBUG --> getUserData 
2016-02-11 22:29:10 - DEBUG --> Archivo \components\com_jhotelreservationiews\hotel	mpl\hoteloverview.php 
2016-02-11 22:29:10 - DEBUG --> Accedió 
