2016-02-15 0:15:02 - DEBUG --> Archivo \components\com_jhotelreservation\classes\services\UserDataService.php 
2016-02-15 0:15:02 - DEBUG --> initializeUserData 
2016-02-15 0:15:02 - DEBUG --> UserData first: N; 
2016-02-15 0:15:02 - DEBUG --> Archivo \components\com_jhotelreservation\classes\services\UserDataService.php 
2016-02-15 0:15:02 - DEBUG --> createUserData 
2016-02-15 0:15:02 - DEBUG --> UserData end:  a:0:{} 
2016-02-15 0:15:02 - DEBUG --> Archivo \components\com_jhotelreservation\classes\services\UserDataService.php 
2016-02-15 0:15:02 - DEBUG --> initializeUserData 
2016-02-15 0:15:02 - DEBUG --> UserData first: a:0:{} 
2016-02-15 0:15:02 - DEBUG --> UserData end:  a:0:{} 
2016-02-15 0:15:02 - DEBUG --> Archivo \components\com_jhotelreservation\classes\services\UserDataService.php 
2016-02-15 0:15:02 - DEBUG --> initializeReservationData 
2016-02-15 0:15:02 - DEBUG --> UserData: a:0:{} 
2016-02-15 0:15:02 - DEBUG --> Archivo \components\com_jhotelreservation\classes\services\UserDataService.php 
2016-02-15 0:15:02 - DEBUG --> updateUserData 
2016-02-15 0:15:02 - DEBUG --> Archivo \components\com_jhotelreservation\classes\services\UserDataService.php 
2016-02-15 0:15:02 - DEBUG --> getUserData 
2016-02-15 0:15:02 - DEBUG --> Archivo \components\com_jhotelreservation\classes\services\UserDataService.php 
2016-02-15 0:15:02 - DEBUG --> setCurrency 
2016-02-15 0:15:02 - DEBUG --> Archivo \components\com_jhotelreservation\classes\services\UserDataService.php 
2016-02-15 0:15:02 - DEBUG --> getUserData 
2016-02-15 0:15:02 - DEBUG --> Archivo \components\com_jhotelreservation\classes\services\UserDataService.php 
2016-02-15 0:15:02 - DEBUG --> getUserData 
2016-02-15 0:15:02 - DEBUG --> Archivo \components\com_jhotelreservation\classes\services\UserDataService.php 
2016-02-15 0:15:02 - DEBUG --> getUserData 
2016-02-15 0:15:02 - DEBUG --> Archivo \components\com_jhotelreservationiews\hotel	mpl\hoteloverview.php 
2016-02-15 0:15:02 - DEBUG --> Accedió 
2016-02-15 1:41:51 - DEBUG --> Archivo \components\com_jhotelreservation\classes\services\UserDataService.php 
2016-02-15 1:41:51 - DEBUG --> initializeUserData 
2016-02-15 1:41:51 - DEBUG --> UserData first: N; 
2016-02-15 1:41:51 - DEBUG --> Archivo \components\com_jhotelreservation\classes\services\UserDataService.php 
2016-02-15 1:41:51 - DEBUG --> createUserData 
2016-02-15 1:41:51 - DEBUG --> UserData end:  a:0:{} 
2016-02-15 1:41:51 - DEBUG --> Archivo \components\com_jhotelreservation\classes\services\UserDataService.php 
2016-02-15 1:41:51 - DEBUG --> initializeUserData 
2016-02-15 1:41:51 - DEBUG --> UserData first: a:0:{} 
2016-02-15 1:41:51 - DEBUG --> UserData end:  a:0:{} 
2016-02-15 1:41:51 - DEBUG --> Archivo \components\com_jhotelreservation\classes\services\UserDataService.php 
2016-02-15 1:41:51 - DEBUG --> initializeReservationData 
2016-02-15 1:41:51 - DEBUG --> UserData: a:0:{} 
2016-02-15 1:41:51 - DEBUG --> Archivo \components\com_jhotelreservation\classes\services\UserDataService.php 
2016-02-15 1:41:51 - DEBUG --> updateUserData 
2016-02-15 1:41:51 - DEBUG --> Archivo \components\com_jhotelreservation\classes\services\UserDataService.php 
2016-02-15 1:41:51 - DEBUG --> getUserData 
2016-02-15 1:41:51 - DEBUG --> Archivo \components\com_jhotelreservation\classes\services\UserDataService.php 
2016-02-15 1:41:51 - DEBUG --> setCurrency 
2016-02-15 1:41:51 - DEBUG --> Archivo \components\com_jhotelreservation\classes\services\UserDataService.php 
2016-02-15 1:41:51 - DEBUG --> getUserData 
2016-02-15 1:41:51 - DEBUG --> Archivo \components\com_jhotelreservation\classes\services\UserDataService.php 
2016-02-15 1:41:51 - DEBUG --> getUserData 
2016-02-15 1:41:51 - DEBUG --> Archivo \components\com_jhotelreservation\classes\services\UserDataService.php 
2016-02-15 1:41:51 - DEBUG --> getUserData 
2016-02-15 1:41:51 - DEBUG --> Archivo \components\com_jhotelreservationiews\hotel	mpl\hoteloverview.php 
2016-02-15 1:41:51 - DEBUG --> Accedió 
2016-02-15 1:43:36 - DEBUG --> Archivo \components\com_jhotelreservation\classes\services\UserDataService.php 
2016-02-15 1:43:36 - DEBUG --> initializeUserData 
2016-02-15 1:43:36 - DEBUG --> UserData first: N; 
2016-02-15 1:43:36 - DEBUG --> Archivo \components\com_jhotelreservation\classes\services\UserDataService.php 
2016-02-15 1:43:36 - DEBUG --> createUserData 
2016-02-15 1:43:36 - DEBUG --> UserData end:  a:0:{} 
2016-02-15 1:43:36 - DEBUG --> Archivo \components\com_jhotelreservation\classes\services\UserDataService.php 
2016-02-15 1:43:36 - DEBUG --> initializeUserData 
2016-02-15 1:43:36 - DEBUG --> UserData first: a:0:{} 
2016-02-15 1:43:36 - DEBUG --> UserData end:  a:0:{} 
2016-02-15 1:43:36 - DEBUG --> Archivo \components\com_jhotelreservation\classes\services\UserDataService.php 
2016-02-15 1:43:36 - DEBUG --> initializeReservationData 
2016-02-15 1:43:36 - DEBUG --> UserData: a:0:{} 
2016-02-15 1:43:36 - DEBUG --> Archivo \components\com_jhotelreservation\classes\services\UserDataService.php 
2016-02-15 1:43:36 - DEBUG --> updateUserData 
2016-02-15 1:43:36 - DEBUG --> Archivo \components\com_jhotelreservation\classes\services\UserDataService.php 
2016-02-15 1:43:36 - DEBUG --> getUserData 
2016-02-15 1:43:36 - DEBUG --> Archivo \components\com_jhotelreservation\classes\services\UserDataService.php 
2016-02-15 1:43:36 - DEBUG --> setCurrency 
2016-02-15 1:43:36 - DEBUG --> Archivo \components\com_jhotelreservation\classes\services\UserDataService.php 
2016-02-15 1:43:36 - DEBUG --> getUserData 
2016-02-15 1:43:36 - DEBUG --> Archivo \components\com_jhotelreservation\classes\services\UserDataService.php 
2016-02-15 1:43:36 - DEBUG --> getUserData 
2016-02-15 1:43:36 - DEBUG --> Archivo \components\com_jhotelreservation\classes\services\UserDataService.php 
2016-02-15 1:43:36 - DEBUG --> getUserData 
2016-02-15 1:43:36 - DEBUG --> Archivo \components\com_jhotelreservationiews\hotel	mpl\hoteloverview.php 
2016-02-15 1:43:36 - DEBUG --> Accedió 
2016-02-15 1:58:52 - DEBUG --> Archivo \components\com_jhotelreservation\classes\services\UserDataService.php 
2016-02-15 1:58:52 - DEBUG --> initializeUserData 
2016-02-15 1:58:52 - DEBUG --> UserData first: N; 
2016-02-15 1:58:52 - DEBUG --> Archivo \components\com_jhotelreservation\classes\services\UserDataService.php 
2016-02-15 1:58:52 - DEBUG --> createUserData 
2016-02-15 1:58:52 - DEBUG --> UserData end:  a:0:{} 
2016-02-15 1:58:52 - DEBUG --> Archivo \components\com_jhotelreservation\classes\services\UserDataService.php 
2016-02-15 1:58:52 - DEBUG --> initializeUserData 
2016-02-15 1:58:52 - DEBUG --> UserData first: a:0:{} 
2016-02-15 1:58:52 - DEBUG --> UserData end:  a:0:{} 
2016-02-15 1:58:52 - DEBUG --> Archivo \components\com_jhotelreservation\classes\services\UserDataService.php 
2016-02-15 1:58:52 - DEBUG --> initializeReservationData 
2016-02-15 1:58:52 - DEBUG --> UserData: a:0:{} 
2016-02-15 1:58:52 - DEBUG --> Archivo \components\com_jhotelreservation\classes\services\UserDataService.php 
2016-02-15 1:58:52 - DEBUG --> updateUserData 
2016-02-15 1:58:52 - DEBUG --> Archivo \components\com_jhotelreservation\classes\services\UserDataService.php 
2016-02-15 1:58:52 - DEBUG --> getUserData 
2016-02-15 1:58:52 - DEBUG --> Archivo \components\com_jhotelreservation\classes\services\UserDataService.php 
2016-02-15 1:58:52 - DEBUG --> setCurrency 
2016-02-15 1:58:52 - DEBUG --> Archivo \components\com_jhotelreservation\classes\services\UserDataService.php 
2016-02-15 1:58:52 - DEBUG --> getUserData 
2016-02-15 1:58:52 - DEBUG --> Archivo \components\com_jhotelreservation\classes\services\UserDataService.php 
2016-02-15 1:58:52 - DEBUG --> getUserData 
2016-02-15 1:58:52 - DEBUG --> Archivo \components\com_jhotelreservation\classes\services\UserDataService.php 
2016-02-15 1:58:52 - DEBUG --> getUserData 
2016-02-15 1:58:52 - DEBUG --> Archivo \components\com_jhotelreservationiews\hotel	mpl\hoteloverview.php 
2016-02-15 1:58:52 - DEBUG --> Accedió 
2016-02-15 2:45:05 - DEBUG --> Archivo \components\com_jhotelreservation\classes\services\UserDataService.php 
2016-02-15 2:45:05 - DEBUG --> initializeUserData 
2016-02-15 2:45:05 - DEBUG --> UserData first: N; 
2016-02-15 2:45:05 - DEBUG --> Archivo \components\com_jhotelreservation\classes\services\UserDataService.php 
2016-02-15 2:45:05 - DEBUG --> createUserData 
2016-02-15 2:45:05 - DEBUG --> UserData end:  a:0:{} 
2016-02-15 2:45:05 - DEBUG --> Archivo \components\com_jhotelreservation\classes\services\UserDataService.php 
2016-02-15 2:45:05 - DEBUG --> initializeUserData 
2016-02-15 2:45:05 - DEBUG --> UserData first: a:0:{} 
2016-02-15 2:45:05 - DEBUG --> UserData end:  a:0:{} 
2016-02-15 2:45:05 - DEBUG --> Archivo \components\com_jhotelreservation\classes\services\UserDataService.php 
2016-02-15 2:45:05 - DEBUG --> initializeReservationData 
2016-02-15 2:45:05 - DEBUG --> UserData: a:0:{} 
2016-02-15 2:45:05 - DEBUG --> Archivo \components\com_jhotelreservation\classes\services\UserDataService.php 
2016-02-15 2:45:05 - DEBUG --> updateUserData 
2016-02-15 2:45:05 - DEBUG --> Archivo \components\com_jhotelreservation\classes\services\UserDataService.php 
2016-02-15 2:45:05 - DEBUG --> getUserData 
2016-02-15 2:45:05 - DEBUG --> Archivo \components\com_jhotelreservation\classes\services\UserDataService.php 
2016-02-15 2:45:05 - DEBUG --> setCurrency 
2016-02-15 2:45:05 - DEBUG --> Archivo \components\com_jhotelreservation\classes\services\UserDataService.php 
2016-02-15 2:45:05 - DEBUG --> getUserData 
2016-02-15 2:45:05 - DEBUG --> Archivo \components\com_jhotelreservation\classes\services\UserDataService.php 
2016-02-15 2:45:05 - DEBUG --> getUserData 
2016-02-15 2:45:05 - DEBUG --> Archivo \components\com_jhotelreservation\classes\services\UserDataService.php 
2016-02-15 2:45:05 - DEBUG --> getUserData 
2016-02-15 2:45:05 - DEBUG --> Archivo \components\com_jhotelreservationiews\hotel	mpl\hoteloverview.php 
2016-02-15 2:45:05 - DEBUG --> Accedió 
2016-02-15 6:23:55 - DEBUG --> Archivo \components\com_jhotelreservation\classes\services\UserDataService.php 
2016-02-15 6:23:55 - DEBUG --> initializeUserData 
2016-02-15 6:23:55 - DEBUG --> UserData first: N; 
2016-02-15 6:23:55 - DEBUG --> Archivo \components\com_jhotelreservation\classes\services\UserDataService.php 
2016-02-15 6:23:55 - DEBUG --> createUserData 
2016-02-15 6:23:55 - DEBUG --> UserData end:  a:0:{} 
2016-02-15 6:23:55 - DEBUG --> Archivo \components\com_jhotelreservation\classes\services\UserDataService.php 
2016-02-15 6:23:55 - DEBUG --> initializeUserData 
2016-02-15 6:23:55 - DEBUG --> UserData first: a:0:{} 
2016-02-15 6:23:55 - DEBUG --> UserData end:  a:0:{} 
2016-02-15 6:23:55 - DEBUG --> Archivo \components\com_jhotelreservation\classes\services\UserDataService.php 
2016-02-15 6:23:55 - DEBUG --> initializeReservationData 
2016-02-15 6:23:55 - DEBUG --> UserData: a:0:{} 
2016-02-15 6:23:55 - DEBUG --> Archivo \components\com_jhotelreservation\classes\services\UserDataService.php 
2016-02-15 6:23:55 - DEBUG --> updateUserData 
2016-02-15 6:23:55 - DEBUG --> Archivo \components\com_jhotelreservation\classes\services\UserDataService.php 
2016-02-15 6:23:55 - DEBUG --> getUserData 
2016-02-15 6:23:55 - DEBUG --> Archivo \components\com_jhotelreservation\classes\services\UserDataService.php 
2016-02-15 6:23:55 - DEBUG --> setCurrency 
2016-02-15 6:23:55 - DEBUG --> Archivo \components\com_jhotelreservation\classes\services\UserDataService.php 
2016-02-15 6:23:55 - DEBUG --> getUserData 
2016-02-15 6:23:55 - DEBUG --> Archivo \components\com_jhotelreservation\classes\services\UserDataService.php 
2016-02-15 6:23:55 - DEBUG --> getUserData 
2016-02-15 6:23:55 - DEBUG --> Archivo \components\com_jhotelreservation\classes\services\UserDataService.php 
2016-02-15 6:23:55 - DEBUG --> getUserData 
2016-02-15 6:23:55 - DEBUG --> Archivo \components\com_jhotelreservationiews\hotel	mpl\hoteloverview.php 
2016-02-15 6:23:55 - DEBUG --> Accedió 
2016-02-15 8:17:31 - DEBUG --> Archivo \components\com_jhotelreservation\classes\services\UserDataService.php 
2016-02-15 8:17:31 - DEBUG --> initializeUserData 
2016-02-15 8:17:31 - DEBUG --> UserData first: N; 
2016-02-15 8:17:31 - DEBUG --> Archivo \components\com_jhotelreservation\classes\services\UserDataService.php 
2016-02-15 8:17:31 - DEBUG --> createUserData 
2016-02-15 8:17:31 - DEBUG --> UserData end:  a:0:{} 
2016-02-15 8:17:31 - DEBUG --> Archivo \components\com_jhotelreservation\classes\services\UserDataService.php 
2016-02-15 8:17:31 - DEBUG --> initializeUserData 
2016-02-15 8:17:31 - DEBUG --> UserData first: a:0:{} 
2016-02-15 8:17:31 - DEBUG --> UserData end:  a:0:{} 
2016-02-15 8:17:31 - DEBUG --> Archivo \components\com_jhotelreservation\classes\services\UserDataService.php 
2016-02-15 8:17:31 - DEBUG --> initializeReservationData 
2016-02-15 8:17:31 - DEBUG --> UserData: a:0:{} 
2016-02-15 8:17:31 - DEBUG --> Archivo \components\com_jhotelreservation\classes\services\UserDataService.php 
2016-02-15 8:17:31 - DEBUG --> updateUserData 
2016-02-15 8:17:31 - DEBUG --> Archivo \components\com_jhotelreservation\classes\services\UserDataService.php 
2016-02-15 8:17:31 - DEBUG --> getUserData 
2016-02-15 8:17:31 - DEBUG --> Archivo \components\com_jhotelreservation\classes\services\UserDataService.php 
2016-02-15 8:17:31 - DEBUG --> setCurrency 
2016-02-15 8:17:31 - DEBUG --> Archivo \components\com_jhotelreservation\classes\services\UserDataService.php 
2016-02-15 8:17:31 - DEBUG --> getUserData 
2016-02-15 8:17:31 - DEBUG --> Archivo \components\com_jhotelreservation\classes\services\UserDataService.php 
2016-02-15 8:17:31 - DEBUG --> getUserData 
2016-02-15 8:17:31 - DEBUG --> Archivo \components\com_jhotelreservation\classes\services\UserDataService.php 
2016-02-15 8:17:31 - DEBUG --> getUserData 
2016-02-15 8:17:31 - DEBUG --> Archivo \components\com_jhotelreservationiews\hotel	mpl\hoteloverview.php 
2016-02-15 8:17:31 - DEBUG --> Accedió 
2016-02-15 8:18:34 - DEBUG --> Archivo \components\com_jhotelreservation\classes\services\UserDataService.php 
2016-02-15 8:18:34 - DEBUG --> initializeUserData 
2016-02-15 8:18:34 - DEBUG --> UserData first: N; 
2016-02-15 8:18:34 - DEBUG --> Archivo \components\com_jhotelreservation\classes\services\UserDataService.php 
2016-02-15 8:18:34 - DEBUG --> createUserData 
2016-02-15 8:18:34 - DEBUG --> UserData end:  a:0:{} 
2016-02-15 8:18:34 - DEBUG --> Archivo \components\com_jhotelreservation\classes\services\UserDataService.php 
2016-02-15 8:18:34 - DEBUG --> initializeUserData 
2016-02-15 8:18:34 - DEBUG --> UserData first: a:0:{} 
2016-02-15 8:18:34 - DEBUG --> UserData end:  a:0:{} 
2016-02-15 8:18:34 - DEBUG --> Archivo \components\com_jhotelreservation\classes\services\UserDataService.php 
2016-02-15 8:18:34 - DEBUG --> initializeReservationData 
2016-02-15 8:18:34 - DEBUG --> UserData: a:0:{} 
2016-02-15 8:18:34 - DEBUG --> Archivo \components\com_jhotelreservation\classes\services\UserDataService.php 
2016-02-15 8:18:34 - DEBUG --> updateUserData 
2016-02-15 8:18:34 - DEBUG --> Archivo \components\com_jhotelreservation\classes\services\UserDataService.php 
2016-02-15 8:18:34 - DEBUG --> getUserData 
2016-02-15 8:18:34 - DEBUG --> Archivo \components\com_jhotelreservation\classes\services\UserDataService.php 
2016-02-15 8:18:34 - DEBUG --> setCurrency 
2016-02-15 8:18:34 - DEBUG --> Archivo \components\com_jhotelreservation\classes\services\UserDataService.php 
2016-02-15 8:18:34 - DEBUG --> getUserData 
2016-02-15 8:18:34 - DEBUG --> Archivo \components\com_jhotelreservation\classes\services\UserDataService.php 
2016-02-15 8:18:34 - DEBUG --> getUserData 
2016-02-15 8:18:34 - DEBUG --> Archivo \components\com_jhotelreservation\classes\services\UserDataService.php 
2016-02-15 8:18:34 - DEBUG --> getUserData 
2016-02-15 8:18:34 - DEBUG --> Archivo \components\com_jhotelreservationiews\hotel	mpl\hoteloverview.php 
2016-02-15 8:18:34 - DEBUG --> Accedió 
2016-02-15 9:38:44 - DEBUG --> Archivo \components\com_jhotelreservation\classes\services\UserDataService.php 
2016-02-15 9:38:44 - DEBUG --> initializeUserData 
2016-02-15 9:38:44 - DEBUG --> UserData first: N; 
2016-02-15 9:38:44 - DEBUG --> Archivo \components\com_jhotelreservation\classes\services\UserDataService.php 
2016-02-15 9:38:44 - DEBUG --> createUserData 
2016-02-15 9:38:44 - DEBUG --> UserData end:  a:0:{} 
2016-02-15 9:38:44 - DEBUG --> Archivo \components\com_jhotelreservation\classes\services\UserDataService.php 
2016-02-15 9:38:44 - DEBUG --> initializeUserData 
2016-02-15 9:38:44 - DEBUG --> UserData first: a:0:{} 
2016-02-15 9:38:44 - DEBUG --> UserData end:  a:0:{} 
2016-02-15 9:38:44 - DEBUG --> Archivo \components\com_jhotelreservation\classes\services\UserDataService.php 
2016-02-15 9:38:44 - DEBUG --> initializeReservationData 
2016-02-15 9:38:44 - DEBUG --> UserData: a:0:{} 
2016-02-15 9:38:44 - DEBUG --> Archivo \components\com_jhotelreservation\classes\services\UserDataService.php 
2016-02-15 9:38:44 - DEBUG --> updateUserData 
2016-02-15 9:38:44 - DEBUG --> Archivo \components\com_jhotelreservation\classes\services\UserDataService.php 
2016-02-15 9:38:44 - DEBUG --> getUserData 
2016-02-15 9:38:44 - DEBUG --> Archivo \components\com_jhotelreservation\classes\services\UserDataService.php 
2016-02-15 9:38:44 - DEBUG --> setCurrency 
2016-02-15 9:38:44 - DEBUG --> Archivo \components\com_jhotelreservation\classes\services\UserDataService.php 
2016-02-15 9:38:44 - DEBUG --> getUserData 
2016-02-15 9:38:44 - DEBUG --> Archivo \components\com_jhotelreservation\classes\services\UserDataService.php 
2016-02-15 9:38:44 - DEBUG --> getUserData 
2016-02-15 9:38:44 - DEBUG --> Archivo \components\com_jhotelreservation\classes\services\UserDataService.php 
2016-02-15 9:38:44 - DEBUG --> getUserData 
2016-02-15 9:38:44 - DEBUG --> Archivo \components\com_jhotelreservationiews\hotel	mpl\hoteloverview.php 
2016-02-15 9:38:44 - DEBUG --> Accedió 
2016-02-15 14:06:52 - DEBUG --> Archivo \components\com_jhotelreservation\classes\services\UserDataService.php 
2016-02-15 14:06:52 - DEBUG --> initializeUserData 
2016-02-15 14:06:52 - DEBUG --> UserData first: a:0:{} 
2016-02-15 14:06:52 - DEBUG --> Archivo \components\com_jhotelreservation\classes\services\UserDataService.php 
2016-02-15 14:06:52 - DEBUG --> createUserData 
2016-02-15 14:06:52 - DEBUG --> voucher:  
2016-02-15 14:06:52 - DEBUG --> UserData end:  a:0:{} 
2016-02-15 14:06:52 - DEBUG --> Archivo \components\com_jhotelreservation\classes\services\UserDataService.php 
2016-02-15 14:06:52 - DEBUG --> initializeUserData 
2016-02-15 14:06:52 - DEBUG --> UserData first: a:0:{} 
2016-02-15 14:06:52 - DEBUG --> Archivo \components\com_jhotelreservation\classes\services\UserDataService.php 
2016-02-15 14:06:52 - DEBUG --> createUserData 
2016-02-15 14:06:52 - DEBUG --> voucher:  
2016-02-15 14:06:52 - DEBUG --> UserData end:  a:0:{} 
2016-02-15 15:30:41 - DEBUG --> Archivo \components\com_jhotelreservation\classes\services\UserDataService.php 
2016-02-15 15:30:41 - DEBUG --> initializeUserData 
2016-02-15 15:30:41 - DEBUG --> UserData first: N; 
2016-02-15 15:30:41 - DEBUG --> Archivo \components\com_jhotelreservation\classes\services\UserDataService.php 
2016-02-15 15:30:41 - DEBUG --> createUserData 
2016-02-15 15:30:41 - DEBUG --> UserData end:  a:0:{} 
2016-02-15 15:30:41 - DEBUG --> Archivo \components\com_jhotelreservation\classes\services\UserDataService.php 
2016-02-15 15:30:41 - DEBUG --> initializeUserData 
2016-02-15 15:30:41 - DEBUG --> UserData first: a:0:{} 
2016-02-15 15:30:41 - DEBUG --> UserData end:  a:0:{} 
2016-02-15 15:30:41 - DEBUG --> Archivo \components\com_jhotelreservation\classes\services\UserDataService.php 
2016-02-15 15:30:41 - DEBUG --> initializeReservationData 
2016-02-15 15:30:41 - DEBUG --> UserData: a:0:{} 
2016-02-15 15:30:41 - DEBUG --> Archivo \components\com_jhotelreservation\classes\services\UserDataService.php 
2016-02-15 15:30:41 - DEBUG --> updateUserData 
2016-02-15 15:30:41 - DEBUG --> Archivo \components\com_jhotelreservation\classes\services\UserDataService.php 
2016-02-15 15:30:41 - DEBUG --> getUserData 
2016-02-15 15:30:41 - DEBUG --> Archivo \components\com_jhotelreservation\classes\services\UserDataService.php 
2016-02-15 15:30:41 - DEBUG --> setCurrency 
2016-02-15 15:30:41 - DEBUG --> Archivo \components\com_jhotelreservation\classes\services\UserDataService.php 
2016-02-15 15:30:41 - DEBUG --> getUserData 
2016-02-15 15:30:41 - DEBUG --> Archivo \components\com_jhotelreservation\classes\services\UserDataService.php 
2016-02-15 15:30:41 - DEBUG --> getUserData 
2016-02-15 15:30:41 - DEBUG --> Archivo \components\com_jhotelreservation\classes\services\UserDataService.php 
2016-02-15 15:30:41 - DEBUG --> getUserData 
2016-02-15 15:30:41 - DEBUG --> Archivo \components\com_jhotelreservationiews\hotel	mpl\hoteloverview.php 
2016-02-15 15:30:41 - DEBUG --> Accedió 
2016-02-15 15:36:43 - DEBUG --> Archivo \components\com_jhotelreservation\classes\services\UserDataService.php 
2016-02-15 15:36:43 - DEBUG --> initializeUserData 
2016-02-15 15:36:43 - DEBUG --> UserData first: a:0:{} 
2016-02-15 15:36:43 - DEBUG --> UserData end:  a:0:{} 
2016-02-15 21:32:11 - DEBUG --> Archivo \components\com_jhotelreservation\classes\services\UserDataService.php 
2016-02-15 21:32:11 - DEBUG --> initializeUserData 
2016-02-15 21:32:11 - DEBUG --> UserData first: N; 
2016-02-15 21:32:11 - DEBUG --> Archivo \components\com_jhotelreservation\classes\services\UserDataService.php 
2016-02-15 21:32:11 - DEBUG --> createUserData 
2016-02-15 21:32:11 - DEBUG --> UserData end:  a:0:{} 
2016-02-15 21:32:11 - DEBUG --> Archivo \components\com_jhotelreservation\classes\services\UserDataService.php 
2016-02-15 21:32:11 - DEBUG --> initializeUserData 
2016-02-15 21:32:11 - DEBUG --> UserData first: a:0:{} 
2016-02-15 21:32:11 - DEBUG --> UserData end:  a:0:{} 
2016-02-15 21:32:11 - DEBUG --> Archivo \components\com_jhotelreservation\classes\services\UserDataService.php 
2016-02-15 21:32:11 - DEBUG --> initializeReservationData 
2016-02-15 21:32:11 - DEBUG --> UserData: a:0:{} 
2016-02-15 21:32:11 - DEBUG --> Archivo \components\com_jhotelreservation\classes\services\UserDataService.php 
2016-02-15 21:32:11 - DEBUG --> updateUserData 
2016-02-15 21:32:11 - DEBUG --> Archivo \components\com_jhotelreservation\classes\services\UserDataService.php 
2016-02-15 21:32:11 - DEBUG --> getUserData 
2016-02-15 21:32:11 - DEBUG --> Archivo \components\com_jhotelreservation\classes\services\UserDataService.php 
2016-02-15 21:32:11 - DEBUG --> setCurrency 
2016-02-15 21:32:11 - DEBUG --> Archivo \components\com_jhotelreservation\classes\services\UserDataService.php 
2016-02-15 21:32:11 - DEBUG --> getUserData 
2016-02-15 21:32:11 - DEBUG --> Archivo \components\com_jhotelreservation\classes\services\UserDataService.php 
2016-02-15 21:32:11 - DEBUG --> getUserData 
2016-02-15 21:32:11 - DEBUG --> Archivo \components\com_jhotelreservation\classes\services\UserDataService.php 
2016-02-15 21:32:11 - DEBUG --> getUserData 
2016-02-15 21:53:51 - DEBUG --> Archivo \components\com_jhotelreservation\classes\services\UserDataService.php 
2016-02-15 21:53:51 - DEBUG --> initializeUserData 
2016-02-15 21:53:51 - DEBUG --> UserData first: N; 
2016-02-15 21:53:51 - DEBUG --> Archivo \components\com_jhotelreservation\classes\services\UserDataService.php 
2016-02-15 21:53:51 - DEBUG --> createUserData 
2016-02-15 21:53:51 - DEBUG --> UserData end:  a:0:{} 
2016-02-15 21:53:51 - DEBUG --> Archivo \components\com_jhotelreservation\classes\services\UserDataService.php 
2016-02-15 21:53:51 - DEBUG --> initializeUserData 
2016-02-15 21:53:51 - DEBUG --> UserData first: a:0:{} 
2016-02-15 21:53:51 - DEBUG --> UserData end:  a:0:{} 
2016-02-15 21:53:51 - DEBUG --> Archivo \components\com_jhotelreservation\classes\services\UserDataService.php 
2016-02-15 21:53:51 - DEBUG --> initializeReservationData 
2016-02-15 21:53:51 - DEBUG --> UserData: a:0:{} 
2016-02-15 21:53:51 - DEBUG --> Archivo \components\com_jhotelreservation\classes\services\UserDataService.php 
2016-02-15 21:53:51 - DEBUG --> updateUserData 
2016-02-15 21:53:51 - DEBUG --> Archivo \components\com_jhotelreservation\classes\services\UserDataService.php 
2016-02-15 21:53:51 - DEBUG --> getUserData 
2016-02-15 21:53:51 - DEBUG --> Archivo \components\com_jhotelreservation\classes\services\UserDataService.php 
2016-02-15 21:53:51 - DEBUG --> setCurrency 
2016-02-15 21:53:51 - DEBUG --> Archivo \components\com_jhotelreservation\classes\services\UserDataService.php 
2016-02-15 21:53:51 - DEBUG --> getUserData 
2016-02-15 21:53:51 - DEBUG --> Archivo \components\com_jhotelreservation\classes\services\UserDataService.php 
2016-02-15 21:53:51 - DEBUG --> getUserData 
2016-02-15 21:53:51 - DEBUG --> Archivo \components\com_jhotelreservation\classes\services\UserDataService.php 
2016-02-15 21:53:51 - DEBUG --> getUserData 
2016-02-15 22:14:14 - DEBUG --> Archivo \components\com_jhotelreservation\classes\services\UserDataService.php 
2016-02-15 22:14:14 - DEBUG --> initializeUserData 
2016-02-15 22:14:14 - DEBUG --> UserData first: N; 
2016-02-15 22:14:14 - DEBUG --> Archivo \components\com_jhotelreservation\classes\services\UserDataService.php 
2016-02-15 22:14:14 - DEBUG --> createUserData 
2016-02-15 22:14:14 - DEBUG --> UserData end:  a:0:{} 
2016-02-15 22:14:14 - DEBUG --> Archivo \components\com_jhotelreservation\classes\services\UserDataService.php 
2016-02-15 22:14:14 - DEBUG --> initializeUserData 
2016-02-15 22:14:14 - DEBUG --> UserData first: a:0:{} 
2016-02-15 22:14:14 - DEBUG --> UserData end:  a:0:{} 
2016-02-15 22:14:14 - DEBUG --> Archivo \components\com_jhotelreservation\classes\services\UserDataService.php 
2016-02-15 22:14:14 - DEBUG --> initializeReservationData 
2016-02-15 22:14:14 - DEBUG --> UserData: a:0:{} 
2016-02-15 22:14:14 - DEBUG --> Archivo \components\com_jhotelreservation\classes\services\UserDataService.php 
2016-02-15 22:14:14 - DEBUG --> updateUserData 
2016-02-15 22:14:14 - DEBUG --> Archivo \components\com_jhotelreservation\classes\services\UserDataService.php 
2016-02-15 22:14:14 - DEBUG --> getUserData 
2016-02-15 22:14:14 - DEBUG --> Archivo \components\com_jhotelreservation\classes\services\UserDataService.php 
2016-02-15 22:14:14 - DEBUG --> setCurrency 
2016-02-15 22:14:14 - DEBUG --> Archivo \components\com_jhotelreservation\classes\services\UserDataService.php 
2016-02-15 22:14:14 - DEBUG --> getUserData 
2016-02-15 22:14:14 - DEBUG --> Archivo \components\com_jhotelreservation\classes\services\UserDataService.php 
2016-02-15 22:14:14 - DEBUG --> getUserData 
2016-02-15 22:14:14 - DEBUG --> Archivo \components\com_jhotelreservation\classes\services\UserDataService.php 
2016-02-15 22:14:14 - DEBUG --> getUserData 
2016-02-15 22:14:14 - DEBUG --> Archivo \components\com_jhotelreservationiews\hotel	mpl\hoteloverview.php 
2016-02-15 22:14:14 - DEBUG --> Accedió 
2016-02-15 22:25:09 - DEBUG --> Archivo \components\com_jhotelreservation\classes\services\UserDataService.php 
2016-02-15 22:25:09 - DEBUG --> initializeUserData 
2016-02-15 22:25:09 - DEBUG --> UserData first: N; 
2016-02-15 22:25:09 - DEBUG --> Archivo \components\com_jhotelreservation\classes\services\UserDataService.php 
2016-02-15 22:25:09 - DEBUG --> createUserData 
2016-02-15 22:25:09 - DEBUG --> UserData end:  a:0:{} 
2016-02-15 22:25:09 - DEBUG --> Archivo \components\com_jhotelreservation\classes\services\UserDataService.php 
2016-02-15 22:25:09 - DEBUG --> initializeUserData 
2016-02-15 22:25:09 - DEBUG --> UserData first: a:0:{} 
2016-02-15 22:25:09 - DEBUG --> UserData end:  a:0:{} 
2016-02-15 22:25:09 - DEBUG --> Archivo \components\com_jhotelreservation\classes\services\UserDataService.php 
2016-02-15 22:25:09 - DEBUG --> initializeReservationData 
2016-02-15 22:25:09 - DEBUG --> UserData: a:0:{} 
2016-02-15 22:25:09 - DEBUG --> Archivo \components\com_jhotelreservation\classes\services\UserDataService.php 
2016-02-15 22:25:09 - DEBUG --> updateUserData 
2016-02-15 22:25:09 - DEBUG --> Archivo \components\com_jhotelreservation\classes\services\UserDataService.php 
2016-02-15 22:25:09 - DEBUG --> getUserData 
2016-02-15 22:25:09 - DEBUG --> Archivo \components\com_jhotelreservation\classes\services\UserDataService.php 
2016-02-15 22:25:09 - DEBUG --> setCurrency 
2016-02-15 22:25:09 - DEBUG --> Archivo \components\com_jhotelreservation\classes\services\UserDataService.php 
2016-02-15 22:25:09 - DEBUG --> getUserData 
2016-02-15 22:25:09 - DEBUG --> Archivo \components\com_jhotelreservation\classes\services\UserDataService.php 
2016-02-15 22:25:09 - DEBUG --> getUserData 
2016-02-15 22:25:09 - DEBUG --> Archivo \components\com_jhotelreservation\classes\services\UserDataService.php 
2016-02-15 22:25:09 - DEBUG --> getUserData 
2016-02-15 22:25:09 - DEBUG --> Archivo \components\com_jhotelreservationiews\hotel	mpl\hoteloverview.php 
2016-02-15 22:25:09 - DEBUG --> Accedió 
2016-02-15 22:29:00 - DEBUG --> Archivo \components\com_jhotelreservation\classes\services\UserDataService.php 
2016-02-15 22:29:00 - DEBUG --> initializeUserData 
2016-02-15 22:29:00 - DEBUG --> UserData first: N; 
2016-02-15 22:29:00 - DEBUG --> Archivo \components\com_jhotelreservation\classes\services\UserDataService.php 
2016-02-15 22:29:00 - DEBUG --> createUserData 
2016-02-15 22:29:00 - DEBUG --> UserData end:  a:0:{} 
2016-02-15 22:29:00 - DEBUG --> Archivo \components\com_jhotelreservation\classes\services\UserDataService.php 
2016-02-15 22:29:00 - DEBUG --> initializeUserData 
2016-02-15 22:29:00 - DEBUG --> UserData first: a:0:{} 
2016-02-15 22:29:00 - DEBUG --> UserData end:  a:0:{} 
2016-02-15 22:29:00 - DEBUG --> Archivo \components\com_jhotelreservation\classes\services\UserDataService.php 
2016-02-15 22:29:00 - DEBUG --> initializeReservationData 
2016-02-15 22:29:00 - DEBUG --> UserData: a:0:{} 
2016-02-15 22:29:00 - DEBUG --> Archivo \components\com_jhotelreservation\classes\services\UserDataService.php 
2016-02-15 22:29:00 - DEBUG --> updateUserData 
2016-02-15 22:29:00 - DEBUG --> Archivo \components\com_jhotelreservation\classes\services\UserDataService.php 
2016-02-15 22:29:00 - DEBUG --> getUserData 
2016-02-15 22:29:00 - DEBUG --> Archivo \components\com_jhotelreservation\classes\services\UserDataService.php 
2016-02-15 22:29:00 - DEBUG --> setCurrency 
2016-02-15 22:29:00 - DEBUG --> Archivo \components\com_jhotelreservation\classes\services\UserDataService.php 
2016-02-15 22:29:00 - DEBUG --> getUserData 
2016-02-15 22:29:00 - DEBUG --> Archivo \components\com_jhotelreservation\classes\services\UserDataService.php 
2016-02-15 22:29:00 - DEBUG --> getUserData 
2016-02-15 22:29:00 - DEBUG --> Archivo \components\com_jhotelreservation\classes\services\UserDataService.php 
2016-02-15 22:29:00 - DEBUG --> getUserData 
2016-02-15 22:29:00 - DEBUG --> Archivo \components\com_jhotelreservationiews\hotel	mpl\hoteloverview.php 
2016-02-15 22:29:00 - DEBUG --> Accedió 
2016-02-15 22:49:42 - DEBUG --> Archivo \components\com_jhotelreservation\classes\services\UserDataService.php 
2016-02-15 22:49:42 - DEBUG --> initializeUserData 
2016-02-15 22:49:42 - DEBUG --> UserData first: N; 
2016-02-15 22:49:42 - DEBUG --> Archivo \components\com_jhotelreservation\classes\services\UserDataService.php 
2016-02-15 22:49:42 - DEBUG --> createUserData 
2016-02-15 22:49:42 - DEBUG --> UserData end:  a:0:{} 
2016-02-15 22:49:42 - DEBUG --> Archivo \components\com_jhotelreservation\classes\services\UserDataService.php 
2016-02-15 22:49:42 - DEBUG --> initializeUserData 
2016-02-15 22:49:42 - DEBUG --> UserData first: a:0:{} 
2016-02-15 22:49:42 - DEBUG --> UserData end:  a:0:{} 
2016-02-15 22:49:42 - DEBUG --> Archivo \components\com_jhotelreservation\classes\services\UserDataService.php 
2016-02-15 22:49:42 - DEBUG --> initializeReservationData 
2016-02-15 22:49:42 - DEBUG --> UserData: a:0:{} 
2016-02-15 22:49:42 - DEBUG --> Archivo \components\com_jhotelreservation\classes\services\UserDataService.php 
2016-02-15 22:49:42 - DEBUG --> updateUserData 
2016-02-15 22:49:42 - DEBUG --> Archivo \components\com_jhotelreservation\classes\services\UserDataService.php 
2016-02-15 22:49:42 - DEBUG --> getUserData 
2016-02-15 22:49:42 - DEBUG --> Archivo \components\com_jhotelreservation\classes\services\UserDataService.php 
2016-02-15 22:49:42 - DEBUG --> setCurrency 
2016-02-15 22:49:42 - DEBUG --> Archivo \components\com_jhotelreservation\classes\services\UserDataService.php 
2016-02-15 22:49:42 - DEBUG --> getUserData 
2016-02-15 22:49:42 - DEBUG --> Archivo \components\com_jhotelreservation\classes\services\UserDataService.php 
2016-02-15 22:49:42 - DEBUG --> getUserData 
2016-02-15 22:49:42 - DEBUG --> Archivo \components\com_jhotelreservation\classes\services\UserDataService.php 
2016-02-15 22:49:42 - DEBUG --> getUserData 
2016-02-15 23:15:53 - DEBUG --> Archivo \components\com_jhotelreservation\classes\services\UserDataService.php 
2016-02-15 23:15:53 - DEBUG --> initializeUserData 
2016-02-15 23:15:53 - DEBUG --> UserData first: N; 
2016-02-15 23:15:53 - DEBUG --> Archivo \components\com_jhotelreservation\classes\services\UserDataService.php 
2016-02-15 23:15:53 - DEBUG --> createUserData 
2016-02-15 23:15:53 - DEBUG --> UserData end:  a:0:{} 
