2016-01-04 0:07:08 - DEBUG --> Archivo \components\com_jhotelreservation\classes\services\UserDataService.php 
2016-01-04 0:07:08 - DEBUG --> initializeUserData 
2016-01-04 0:07:08 - DEBUG --> UserData first: N; 
2016-01-04 0:07:08 - DEBUG --> Archivo \components\com_jhotelreservation\classes\services\UserDataService.php 
2016-01-04 0:07:08 - DEBUG --> createUserData 
2016-01-04 0:07:08 - DEBUG --> UserData end:  a:0:{} 
2016-01-04 0:07:08 - DEBUG --> Archivo \components\com_jhotelreservation\classes\services\UserDataService.php 
2016-01-04 0:07:08 - DEBUG --> initializeUserData 
2016-01-04 0:07:08 - DEBUG --> UserData first: a:0:{} 
2016-01-04 0:07:08 - DEBUG --> UserData end:  a:0:{} 
2016-01-04 0:07:08 - DEBUG --> Archivo \components\com_jhotelreservation\classes\services\UserDataService.php 
2016-01-04 0:07:08 - DEBUG --> initializeReservationData 
2016-01-04 0:07:08 - DEBUG --> UserData: a:0:{} 
2016-01-04 0:07:08 - DEBUG --> Archivo \components\com_jhotelreservation\classes\services\UserDataService.php 
2016-01-04 0:07:08 - DEBUG --> updateUserData 
2016-01-04 0:07:08 - DEBUG --> Archivo \components\com_jhotelreservation\classes\services\UserDataService.php 
2016-01-04 0:07:08 - DEBUG --> getUserData 
2016-01-04 0:07:08 - DEBUG --> Archivo \components\com_jhotelreservation\classes\services\UserDataService.php 
2016-01-04 0:07:08 - DEBUG --> setCurrency 
2016-01-04 0:07:08 - DEBUG --> Archivo \components\com_jhotelreservation\classes\services\UserDataService.php 
2016-01-04 0:07:08 - DEBUG --> getUserData 
2016-01-04 0:07:08 - DEBUG --> Archivo \components\com_jhotelreservation\classes\services\UserDataService.php 
2016-01-04 0:07:08 - DEBUG --> getUserData 
2016-01-04 0:07:08 - DEBUG --> Archivo \components\com_jhotelreservation\classes\services\UserDataService.php 
2016-01-04 0:07:08 - DEBUG --> getUserData 
2016-01-04 0:07:08 - DEBUG --> Archivo \components\com_jhotelreservationiews\hotel	mpl\hoteloverview.php 
2016-01-04 0:07:08 - DEBUG --> Accedió 
2016-01-04 0:31:28 - DEBUG --> Archivo \components\com_jhotelreservation\classes\services\UserDataService.php 
2016-01-04 0:31:28 - DEBUG --> initializeUserData 
2016-01-04 0:31:28 - DEBUG --> UserData first: N; 
2016-01-04 0:31:28 - DEBUG --> Archivo \components\com_jhotelreservation\classes\services\UserDataService.php 
2016-01-04 0:31:28 - DEBUG --> createUserData 
2016-01-04 0:31:28 - DEBUG --> UserData end:  a:0:{} 
2016-01-04 0:31:28 - DEBUG --> Archivo \components\com_jhotelreservation\classes\services\UserDataService.php 
2016-01-04 0:31:28 - DEBUG --> initializeUserData 
2016-01-04 0:31:28 - DEBUG --> UserData first: a:0:{} 
2016-01-04 0:31:28 - DEBUG --> UserData end:  a:0:{} 
2016-01-04 0:31:28 - DEBUG --> Archivo \components\com_jhotelreservation\classes\services\UserDataService.php 
2016-01-04 0:31:28 - DEBUG --> initializeReservationData 
2016-01-04 0:31:28 - DEBUG --> UserData: a:0:{} 
2016-01-04 0:31:28 - DEBUG --> Archivo \components\com_jhotelreservation\classes\services\UserDataService.php 
2016-01-04 0:31:28 - DEBUG --> updateUserData 
2016-01-04 0:31:28 - DEBUG --> Archivo \components\com_jhotelreservation\classes\services\UserDataService.php 
2016-01-04 0:31:28 - DEBUG --> getUserData 
2016-01-04 0:31:28 - DEBUG --> Archivo \components\com_jhotelreservation\classes\services\UserDataService.php 
2016-01-04 0:31:28 - DEBUG --> setCurrency 
2016-01-04 0:31:28 - DEBUG --> Archivo \components\com_jhotelreservation\classes\services\UserDataService.php 
2016-01-04 0:31:28 - DEBUG --> getUserData 
2016-01-04 0:31:28 - DEBUG --> Archivo \components\com_jhotelreservation\classes\services\UserDataService.php 
2016-01-04 0:31:28 - DEBUG --> getUserData 
2016-01-04 0:31:28 - DEBUG --> Archivo \components\com_jhotelreservation\classes\services\UserDataService.php 
2016-01-04 0:31:28 - DEBUG --> getUserData 
2016-01-04 0:31:28 - DEBUG --> Archivo \components\com_jhotelreservationiews\hotel	mpl\hoteloverview.php 
2016-01-04 0:31:28 - DEBUG --> Accedió 
2016-01-04 0:32:07 - DEBUG --> Archivo \components\com_jhotelreservation\classes\services\UserDataService.php 
2016-01-04 0:32:07 - DEBUG --> initializeUserData 
2016-01-04 0:32:07 - DEBUG --> UserData first: N; 
2016-01-04 0:32:07 - DEBUG --> Archivo \components\com_jhotelreservation\classes\services\UserDataService.php 
2016-01-04 0:32:07 - DEBUG --> createUserData 
2016-01-04 0:32:07 - DEBUG --> UserData end:  a:0:{} 
2016-01-04 0:32:07 - DEBUG --> Archivo \components\com_jhotelreservation\classes\services\UserDataService.php 
2016-01-04 0:32:07 - DEBUG --> initializeUserData 
2016-01-04 0:32:07 - DEBUG --> UserData first: a:0:{} 
2016-01-04 0:32:07 - DEBUG --> UserData end:  a:0:{} 
2016-01-04 0:32:07 - DEBUG --> Archivo \components\com_jhotelreservation\classes\services\UserDataService.php 
2016-01-04 0:32:07 - DEBUG --> initializeReservationData 
2016-01-04 0:32:07 - DEBUG --> UserData: a:0:{} 
2016-01-04 0:32:07 - DEBUG --> Archivo \components\com_jhotelreservation\classes\services\UserDataService.php 
2016-01-04 0:32:07 - DEBUG --> updateUserData 
2016-01-04 0:32:07 - DEBUG --> Archivo \components\com_jhotelreservation\classes\services\UserDataService.php 
2016-01-04 0:32:07 - DEBUG --> getUserData 
2016-01-04 0:32:07 - DEBUG --> Archivo \components\com_jhotelreservation\classes\services\UserDataService.php 
2016-01-04 0:32:07 - DEBUG --> setCurrency 
2016-01-04 0:32:07 - DEBUG --> Archivo \components\com_jhotelreservation\classes\services\UserDataService.php 
2016-01-04 0:32:07 - DEBUG --> getUserData 
2016-01-04 0:32:07 - DEBUG --> Archivo \components\com_jhotelreservation\classes\services\UserDataService.php 
2016-01-04 0:32:07 - DEBUG --> getUserData 
2016-01-04 0:32:07 - DEBUG --> Archivo \components\com_jhotelreservation\classes\services\UserDataService.php 
2016-01-04 0:32:07 - DEBUG --> getUserData 
2016-01-04 0:32:07 - DEBUG --> Archivo \components\com_jhotelreservationiews\hotel	mpl\hoteloverview.php 
2016-01-04 0:32:07 - DEBUG --> Accedió 
2016-01-04 0:32:10 - DEBUG --> Archivo \components\com_jhotelreservation\classes\services\UserDataService.php 
2016-01-04 0:32:10 - DEBUG --> initializeUserData 
2016-01-04 0:32:10 - DEBUG --> UserData first: N; 
2016-01-04 0:32:10 - DEBUG --> Archivo \components\com_jhotelreservation\classes\services\UserDataService.php 
2016-01-04 0:32:10 - DEBUG --> createUserData 
2016-01-04 0:32:10 - DEBUG --> UserData end:  a:0:{} 
2016-01-04 0:32:10 - DEBUG --> Archivo \components\com_jhotelreservation\classes\services\UserDataService.php 
2016-01-04 0:32:10 - DEBUG --> initializeUserData 
2016-01-04 0:32:10 - DEBUG --> UserData first: a:0:{} 
2016-01-04 0:32:10 - DEBUG --> UserData end:  a:0:{} 
2016-01-04 0:32:10 - DEBUG --> Archivo \components\com_jhotelreservation\classes\services\UserDataService.php 
2016-01-04 0:32:10 - DEBUG --> initializeReservationData 
2016-01-04 0:32:10 - DEBUG --> UserData: a:0:{} 
2016-01-04 0:32:10 - DEBUG --> Archivo \components\com_jhotelreservation\classes\services\UserDataService.php 
2016-01-04 0:32:10 - DEBUG --> updateUserData 
2016-01-04 0:32:10 - DEBUG --> Archivo \components\com_jhotelreservation\classes\services\UserDataService.php 
2016-01-04 0:32:10 - DEBUG --> getUserData 
2016-01-04 0:32:10 - DEBUG --> Archivo \components\com_jhotelreservation\classes\services\UserDataService.php 
2016-01-04 0:32:10 - DEBUG --> setCurrency 
2016-01-04 0:32:10 - DEBUG --> Archivo \components\com_jhotelreservation\classes\services\UserDataService.php 
2016-01-04 0:32:10 - DEBUG --> getUserData 
2016-01-04 0:32:10 - DEBUG --> Archivo \components\com_jhotelreservation\classes\services\UserDataService.php 
2016-01-04 0:32:10 - DEBUG --> getUserData 
2016-01-04 0:32:10 - DEBUG --> Archivo \components\com_jhotelreservation\classes\services\UserDataService.php 
2016-01-04 0:32:10 - DEBUG --> getUserData 
2016-01-04 0:32:10 - DEBUG --> Archivo \components\com_jhotelreservationiews\hotel	mpl\hoteloverview.php 
2016-01-04 0:32:10 - DEBUG --> Accedió 
2016-01-04 0:34:28 - DEBUG --> Archivo \components\com_jhotelreservation\classes\services\UserDataService.php 
2016-01-04 0:34:28 - DEBUG --> initializeUserData 
2016-01-04 0:34:28 - DEBUG --> UserData first: N; 
2016-01-04 0:34:28 - DEBUG --> Archivo \components\com_jhotelreservation\classes\services\UserDataService.php 
2016-01-04 0:34:28 - DEBUG --> createUserData 
2016-01-04 0:34:28 - DEBUG --> UserData end:  a:0:{} 
2016-01-04 0:34:28 - DEBUG --> Archivo \components\com_jhotelreservation\classes\services\UserDataService.php 
2016-01-04 0:34:28 - DEBUG --> initializeUserData 
2016-01-04 0:34:28 - DEBUG --> UserData first: a:0:{} 
2016-01-04 0:34:28 - DEBUG --> UserData end:  a:0:{} 
2016-01-04 0:34:28 - DEBUG --> Archivo \components\com_jhotelreservation\classes\services\UserDataService.php 
2016-01-04 0:34:28 - DEBUG --> initializeReservationData 
2016-01-04 0:34:28 - DEBUG --> UserData: a:0:{} 
2016-01-04 0:34:28 - DEBUG --> Archivo \components\com_jhotelreservation\classes\services\UserDataService.php 
2016-01-04 0:34:28 - DEBUG --> updateUserData 
2016-01-04 0:34:28 - DEBUG --> Archivo \components\com_jhotelreservation\classes\services\UserDataService.php 
2016-01-04 0:34:28 - DEBUG --> getUserData 
2016-01-04 0:34:28 - DEBUG --> Archivo \components\com_jhotelreservation\classes\services\UserDataService.php 
2016-01-04 0:34:28 - DEBUG --> setCurrency 
2016-01-04 0:34:28 - DEBUG --> Archivo \components\com_jhotelreservation\classes\services\UserDataService.php 
2016-01-04 0:34:28 - DEBUG --> getUserData 
2016-01-04 0:34:28 - DEBUG --> Archivo \components\com_jhotelreservation\classes\services\UserDataService.php 
2016-01-04 0:34:28 - DEBUG --> getUserData 
2016-01-04 0:34:28 - DEBUG --> Archivo \components\com_jhotelreservation\classes\services\UserDataService.php 
2016-01-04 0:34:28 - DEBUG --> getUserData 
2016-01-04 0:34:28 - DEBUG --> Archivo \components\com_jhotelreservationiews\hotel	mpl\hoteloverview.php 
2016-01-04 0:34:28 - DEBUG --> Accedió 
2016-01-04 1:02:17 - DEBUG --> Archivo \components\com_jhotelreservation\classes\services\UserDataService.php 
2016-01-04 1:02:17 - DEBUG --> initializeUserData 
2016-01-04 1:02:17 - DEBUG --> UserData first: N; 
2016-01-04 1:02:17 - DEBUG --> Archivo \components\com_jhotelreservation\classes\services\UserDataService.php 
2016-01-04 1:02:17 - DEBUG --> createUserData 
2016-01-04 1:02:17 - DEBUG --> UserData end:  a:0:{} 
2016-01-04 1:02:17 - DEBUG --> Archivo \components\com_jhotelreservation\classes\services\UserDataService.php 
2016-01-04 1:02:17 - DEBUG --> initializeUserData 
2016-01-04 1:02:17 - DEBUG --> UserData first: a:0:{} 
2016-01-04 1:02:17 - DEBUG --> UserData end:  a:0:{} 
2016-01-04 1:02:17 - DEBUG --> Archivo \components\com_jhotelreservation\classes\services\UserDataService.php 
2016-01-04 1:02:17 - DEBUG --> initializeReservationData 
2016-01-04 1:02:17 - DEBUG --> UserData: a:0:{} 
2016-01-04 1:02:17 - DEBUG --> Archivo \components\com_jhotelreservation\classes\services\UserDataService.php 
2016-01-04 1:02:17 - DEBUG --> updateUserData 
2016-01-04 1:02:17 - DEBUG --> Archivo \components\com_jhotelreservation\classes\services\UserDataService.php 
2016-01-04 1:02:17 - DEBUG --> getUserData 
2016-01-04 1:02:17 - DEBUG --> Archivo \components\com_jhotelreservation\classes\services\UserDataService.php 
2016-01-04 1:02:17 - DEBUG --> setCurrency 
2016-01-04 1:02:17 - DEBUG --> Archivo \components\com_jhotelreservation\classes\services\UserDataService.php 
2016-01-04 1:02:17 - DEBUG --> getUserData 
2016-01-04 1:02:17 - DEBUG --> Archivo \components\com_jhotelreservation\classes\services\UserDataService.php 
2016-01-04 1:02:17 - DEBUG --> getUserData 
2016-01-04 1:02:17 - DEBUG --> Archivo \components\com_jhotelreservation\classes\services\UserDataService.php 
2016-01-04 1:02:17 - DEBUG --> getUserData 
2016-01-04 1:02:17 - DEBUG --> Archivo \components\com_jhotelreservationiews\hotel	mpl\hoteloverview.php 
2016-01-04 1:02:17 - DEBUG --> Accedió 
2016-01-04 1:45:47 - DEBUG --> Archivo \components\com_jhotelreservation\classes\services\UserDataService.php 
2016-01-04 1:45:47 - DEBUG --> initializeUserData 
2016-01-04 1:45:47 - DEBUG --> UserData first: N; 
2016-01-04 1:45:47 - DEBUG --> Archivo \components\com_jhotelreservation\classes\services\UserDataService.php 
2016-01-04 1:45:47 - DEBUG --> createUserData 
2016-01-04 1:45:47 - DEBUG --> UserData end:  a:0:{} 
2016-01-04 1:45:47 - DEBUG --> Archivo \components\com_jhotelreservation\classes\services\UserDataService.php 
2016-01-04 1:45:47 - DEBUG --> initializeUserData 
2016-01-04 1:45:47 - DEBUG --> UserData first: a:0:{} 
2016-01-04 1:45:47 - DEBUG --> UserData end:  a:0:{} 
2016-01-04 1:45:47 - DEBUG --> Archivo \components\com_jhotelreservation\classes\services\UserDataService.php 
2016-01-04 1:45:47 - DEBUG --> initializeReservationData 
2016-01-04 1:45:47 - DEBUG --> UserData: a:0:{} 
2016-01-04 1:45:47 - DEBUG --> Archivo \components\com_jhotelreservation\classes\services\UserDataService.php 
2016-01-04 1:45:47 - DEBUG --> updateUserData 
2016-01-04 1:45:47 - DEBUG --> Archivo \components\com_jhotelreservation\classes\services\UserDataService.php 
2016-01-04 1:45:47 - DEBUG --> getUserData 
2016-01-04 1:45:47 - DEBUG --> Archivo \components\com_jhotelreservation\classes\services\UserDataService.php 
2016-01-04 1:45:47 - DEBUG --> setCurrency 
2016-01-04 1:45:47 - DEBUG --> Archivo \components\com_jhotelreservation\classes\services\UserDataService.php 
2016-01-04 1:45:47 - DEBUG --> getUserData 
2016-01-04 1:45:47 - DEBUG --> Archivo \components\com_jhotelreservation\classes\services\UserDataService.php 
2016-01-04 1:45:47 - DEBUG --> getUserData 
2016-01-04 1:45:47 - DEBUG --> Archivo \components\com_jhotelreservation\classes\services\UserDataService.php 
2016-01-04 1:45:47 - DEBUG --> getUserData 
2016-01-04 1:45:47 - DEBUG --> Archivo \components\com_jhotelreservationiews\hotel	mpl\hoteloverview.php 
2016-01-04 1:45:47 - DEBUG --> Accedió 
2016-01-04 1:58:08 - DEBUG --> Archivo \components\com_jhotelreservation\classes\services\UserDataService.php 
2016-01-04 1:58:08 - DEBUG --> initializeUserData 
2016-01-04 1:58:08 - DEBUG --> UserData first: N; 
2016-01-04 1:58:08 - DEBUG --> Archivo \components\com_jhotelreservation\classes\services\UserDataService.php 
2016-01-04 1:58:08 - DEBUG --> createUserData 
2016-01-04 1:58:08 - DEBUG --> UserData end:  a:0:{} 
2016-01-04 2:13:27 - DEBUG --> Archivo \components\com_jhotelreservation\classes\services\UserDataService.php 
2016-01-04 2:13:27 - DEBUG --> initializeUserData 
2016-01-04 2:13:27 - DEBUG --> UserData first: N; 
2016-01-04 2:13:27 - DEBUG --> Archivo \components\com_jhotelreservation\classes\services\UserDataService.php 
2016-01-04 2:13:27 - DEBUG --> createUserData 
2016-01-04 2:13:27 - DEBUG --> UserData end:  a:0:{} 
2016-01-04 2:13:27 - DEBUG --> Archivo \components\com_jhotelreservation\classes\services\UserDataService.php 
2016-01-04 2:13:27 - DEBUG --> initializeUserData 
2016-01-04 2:13:27 - DEBUG --> UserData first: a:0:{} 
2016-01-04 2:13:27 - DEBUG --> UserData end:  a:0:{} 
2016-01-04 2:13:27 - DEBUG --> Archivo \components\com_jhotelreservation\classes\services\UserDataService.php 
2016-01-04 2:13:27 - DEBUG --> initializeReservationData 
2016-01-04 2:13:27 - DEBUG --> UserData: a:0:{} 
2016-01-04 2:13:27 - DEBUG --> Archivo \components\com_jhotelreservation\classes\services\UserDataService.php 
2016-01-04 2:13:27 - DEBUG --> updateUserData 
2016-01-04 2:13:27 - DEBUG --> Archivo \components\com_jhotelreservation\classes\services\UserDataService.php 
2016-01-04 2:13:27 - DEBUG --> getUserData 
2016-01-04 2:13:27 - DEBUG --> Archivo \components\com_jhotelreservation\classes\services\UserDataService.php 
2016-01-04 2:13:27 - DEBUG --> setCurrency 
2016-01-04 2:13:27 - DEBUG --> Archivo \components\com_jhotelreservation\classes\services\UserDataService.php 
2016-01-04 2:13:27 - DEBUG --> getUserData 
2016-01-04 2:13:27 - DEBUG --> Archivo \components\com_jhotelreservation\classes\services\UserDataService.php 
2016-01-04 2:13:27 - DEBUG --> getUserData 
2016-01-04 2:13:27 - DEBUG --> Archivo \components\com_jhotelreservation\classes\services\UserDataService.php 
2016-01-04 2:13:27 - DEBUG --> getUserData 
2016-01-04 2:19:28 - DEBUG --> Archivo \components\com_jhotelreservation\classes\services\UserDataService.php 
2016-01-04 2:19:28 - DEBUG --> initializeUserData 
2016-01-04 2:19:28 - DEBUG --> UserData first: N; 
2016-01-04 2:19:28 - DEBUG --> Archivo \components\com_jhotelreservation\classes\services\UserDataService.php 
2016-01-04 2:19:28 - DEBUG --> createUserData 
2016-01-04 2:19:28 - DEBUG --> UserData end:  a:0:{} 
2016-01-04 2:19:28 - DEBUG --> Archivo \components\com_jhotelreservation\classes\services\UserDataService.php 
2016-01-04 2:19:28 - DEBUG --> initializeUserData 
2016-01-04 2:19:28 - DEBUG --> UserData first: a:0:{} 
2016-01-04 2:19:28 - DEBUG --> UserData end:  a:0:{} 
2016-01-04 2:19:28 - DEBUG --> Archivo \components\com_jhotelreservation\classes\services\UserDataService.php 
2016-01-04 2:19:28 - DEBUG --> initializeReservationData 
2016-01-04 2:19:28 - DEBUG --> UserData: a:0:{} 
2016-01-04 2:19:28 - DEBUG --> Archivo \components\com_jhotelreservation\classes\services\UserDataService.php 
2016-01-04 2:19:28 - DEBUG --> updateUserData 
2016-01-04 2:19:28 - DEBUG --> Archivo \components\com_jhotelreservation\classes\services\UserDataService.php 
2016-01-04 2:19:28 - DEBUG --> getUserData 
2016-01-04 2:19:28 - DEBUG --> Archivo \components\com_jhotelreservation\classes\services\UserDataService.php 
2016-01-04 2:19:28 - DEBUG --> setCurrency 
2016-01-04 2:19:28 - DEBUG --> Archivo \components\com_jhotelreservation\classes\services\UserDataService.php 
2016-01-04 2:19:28 - DEBUG --> getUserData 
2016-01-04 2:19:28 - DEBUG --> Archivo \components\com_jhotelreservation\classes\services\UserDataService.php 
2016-01-04 2:19:28 - DEBUG --> getUserData 
2016-01-04 2:19:28 - DEBUG --> Archivo \components\com_jhotelreservation\classes\services\UserDataService.php 
2016-01-04 2:19:28 - DEBUG --> getUserData 
2016-01-04 2:19:28 - DEBUG --> Archivo \components\com_jhotelreservationiews\hotel	mpl\hoteloverview.php 
2016-01-04 2:19:28 - DEBUG --> Accedió 
2016-01-04 2:50:27 - DEBUG --> Archivo \components\com_jhotelreservation\classes\services\UserDataService.php 
2016-01-04 2:50:27 - DEBUG --> initializeUserData 
2016-01-04 2:50:27 - DEBUG --> UserData first: N; 
2016-01-04 2:50:27 - DEBUG --> Archivo \components\com_jhotelreservation\classes\services\UserDataService.php 
2016-01-04 2:50:27 - DEBUG --> createUserData 
2016-01-04 2:50:27 - DEBUG --> UserData end:  a:0:{} 
2016-01-04 2:50:27 - DEBUG --> Archivo \components\com_jhotelreservation\classes\services\UserDataService.php 
2016-01-04 2:50:27 - DEBUG --> initializeUserData 
2016-01-04 2:50:27 - DEBUG --> UserData first: a:0:{} 
2016-01-04 2:50:27 - DEBUG --> UserData end:  a:0:{} 
2016-01-04 2:50:27 - DEBUG --> Archivo \components\com_jhotelreservation\classes\services\UserDataService.php 
2016-01-04 2:50:27 - DEBUG --> initializeReservationData 
2016-01-04 2:50:27 - DEBUG --> UserData: a:0:{} 
2016-01-04 2:50:27 - DEBUG --> Archivo \components\com_jhotelreservation\classes\services\UserDataService.php 
2016-01-04 2:50:27 - DEBUG --> updateUserData 
2016-01-04 2:50:27 - DEBUG --> Archivo \components\com_jhotelreservation\classes\services\UserDataService.php 
2016-01-04 2:50:27 - DEBUG --> getUserData 
2016-01-04 2:50:27 - DEBUG --> Archivo \components\com_jhotelreservation\classes\services\UserDataService.php 
2016-01-04 2:50:27 - DEBUG --> setCurrency 
2016-01-04 2:50:27 - DEBUG --> Archivo \components\com_jhotelreservation\classes\services\UserDataService.php 
2016-01-04 2:50:27 - DEBUG --> getUserData 
2016-01-04 2:50:27 - DEBUG --> Archivo \components\com_jhotelreservation\classes\services\UserDataService.php 
2016-01-04 2:50:27 - DEBUG --> getUserData 
2016-01-04 2:50:27 - DEBUG --> Archivo \components\com_jhotelreservation\classes\services\UserDataService.php 
2016-01-04 2:50:27 - DEBUG --> getUserData 
2016-01-04 2:50:27 - DEBUG --> Archivo \components\com_jhotelreservationiews\hotel	mpl\hoteloverview.php 
2016-01-04 2:50:27 - DEBUG --> Accedió 
2016-01-04 3:02:38 - DEBUG --> Archivo \components\com_jhotelreservation\classes\services\UserDataService.php 
2016-01-04 3:02:38 - DEBUG --> initializeUserData 
2016-01-04 3:02:38 - DEBUG --> UserData first: N; 
2016-01-04 3:02:38 - DEBUG --> Archivo \components\com_jhotelreservation\classes\services\UserDataService.php 
2016-01-04 3:02:38 - DEBUG --> createUserData 
2016-01-04 3:02:38 - DEBUG --> UserData end:  a:0:{} 
2016-01-04 3:24:08 - DEBUG --> Archivo \components\com_jhotelreservation\classes\services\UserDataService.php 
2016-01-04 3:24:08 - DEBUG --> initializeUserData 
2016-01-04 3:24:08 - DEBUG --> UserData first: N; 
2016-01-04 3:24:08 - DEBUG --> Archivo \components\com_jhotelreservation\classes\services\UserDataService.php 
2016-01-04 3:24:08 - DEBUG --> createUserData 
2016-01-04 3:24:08 - DEBUG --> UserData end:  a:0:{} 
2016-01-04 3:24:08 - DEBUG --> Archivo \components\com_jhotelreservation\classes\services\UserDataService.php 
2016-01-04 3:24:08 - DEBUG --> initializeUserData 
2016-01-04 3:24:08 - DEBUG --> UserData first: a:0:{} 
2016-01-04 3:24:08 - DEBUG --> UserData end:  a:0:{} 
2016-01-04 3:24:08 - DEBUG --> Archivo \components\com_jhotelreservation\classes\services\UserDataService.php 
2016-01-04 3:24:08 - DEBUG --> initializeReservationData 
2016-01-04 3:24:08 - DEBUG --> UserData: a:0:{} 
2016-01-04 3:24:08 - DEBUG --> Archivo \components\com_jhotelreservation\classes\services\UserDataService.php 
2016-01-04 3:24:08 - DEBUG --> updateUserData 
2016-01-04 3:24:08 - DEBUG --> Archivo \components\com_jhotelreservation\classes\services\UserDataService.php 
2016-01-04 3:24:08 - DEBUG --> getUserData 
2016-01-04 3:24:08 - DEBUG --> Archivo \components\com_jhotelreservation\classes\services\UserDataService.php 
2016-01-04 3:24:08 - DEBUG --> setCurrency 
2016-01-04 3:24:08 - DEBUG --> Archivo \components\com_jhotelreservation\classes\services\UserDataService.php 
2016-01-04 3:24:08 - DEBUG --> getUserData 
2016-01-04 3:24:08 - DEBUG --> Archivo \components\com_jhotelreservation\classes\services\UserDataService.php 
2016-01-04 3:24:08 - DEBUG --> getUserData 
2016-01-04 3:24:08 - DEBUG --> Archivo \components\com_jhotelreservation\classes\services\UserDataService.php 
2016-01-04 3:24:08 - DEBUG --> getUserData 
2016-01-04 3:24:08 - DEBUG --> Archivo \components\com_jhotelreservationiews\hotel	mpl\hoteloverview.php 
2016-01-04 3:24:08 - DEBUG --> Accedió 
2016-01-04 4:15:37 - DEBUG --> Archivo \components\com_jhotelreservation\classes\services\UserDataService.php 
2016-01-04 4:15:37 - DEBUG --> initializeUserData 
2016-01-04 4:15:37 - DEBUG --> UserData first: N; 
2016-01-04 4:15:37 - DEBUG --> Archivo \components\com_jhotelreservation\classes\services\UserDataService.php 
2016-01-04 4:15:37 - DEBUG --> createUserData 
2016-01-04 4:15:37 - DEBUG --> UserData end:  a:0:{} 
2016-01-04 4:15:37 - DEBUG --> Archivo \components\com_jhotelreservation\classes\services\UserDataService.php 
2016-01-04 4:15:37 - DEBUG --> initializeUserData 
2016-01-04 4:15:37 - DEBUG --> UserData first: a:0:{} 
2016-01-04 4:15:37 - DEBUG --> UserData end:  a:0:{} 
2016-01-04 4:15:37 - DEBUG --> Archivo \components\com_jhotelreservation\classes\services\UserDataService.php 
2016-01-04 4:15:37 - DEBUG --> initializeReservationData 
2016-01-04 4:15:37 - DEBUG --> UserData: a:0:{} 
2016-01-04 4:15:37 - DEBUG --> Archivo \components\com_jhotelreservation\classes\services\UserDataService.php 
2016-01-04 4:15:37 - DEBUG --> updateUserData 
2016-01-04 4:15:37 - DEBUG --> Archivo \components\com_jhotelreservation\classes\services\UserDataService.php 
2016-01-04 4:15:37 - DEBUG --> getUserData 
2016-01-04 4:15:37 - DEBUG --> Archivo \components\com_jhotelreservation\classes\services\UserDataService.php 
2016-01-04 4:15:37 - DEBUG --> setCurrency 
2016-01-04 4:15:37 - DEBUG --> Archivo \components\com_jhotelreservation\classes\services\UserDataService.php 
2016-01-04 4:15:37 - DEBUG --> getUserData 
2016-01-04 4:15:37 - DEBUG --> Archivo \components\com_jhotelreservation\classes\services\UserDataService.php 
2016-01-04 4:15:37 - DEBUG --> getUserData 
2016-01-04 4:15:38 - DEBUG --> Archivo \components\com_jhotelreservation\classes\services\UserDataService.php 
2016-01-04 4:15:38 - DEBUG --> getUserData 
2016-01-04 4:15:38 - DEBUG --> Archivo \components\com_jhotelreservationiews\hotel	mpl\hoteloverview.php 
2016-01-04 4:15:38 - DEBUG --> Accedió 
2016-01-04 4:18:47 - DEBUG --> Archivo \components\com_jhotelreservation\classes\services\UserDataService.php 
2016-01-04 4:18:47 - DEBUG --> initializeUserData 
2016-01-04 4:18:47 - DEBUG --> UserData first: N; 
2016-01-04 4:18:47 - DEBUG --> Archivo \components\com_jhotelreservation\classes\services\UserDataService.php 
2016-01-04 4:18:47 - DEBUG --> createUserData 
2016-01-04 4:18:47 - DEBUG --> UserData end:  a:0:{} 
2016-01-04 4:18:47 - DEBUG --> Archivo \components\com_jhotelreservation\classes\services\UserDataService.php 
2016-01-04 4:18:47 - DEBUG --> initializeUserData 
2016-01-04 4:18:47 - DEBUG --> UserData first: a:0:{} 
2016-01-04 4:18:47 - DEBUG --> UserData end:  a:0:{} 
2016-01-04 4:18:47 - DEBUG --> Archivo \components\com_jhotelreservation\classes\services\UserDataService.php 
2016-01-04 4:18:47 - DEBUG --> initializeReservationData 
2016-01-04 4:18:47 - DEBUG --> UserData: a:0:{} 
2016-01-04 4:18:47 - DEBUG --> Archivo \components\com_jhotelreservation\classes\services\UserDataService.php 
2016-01-04 4:18:47 - DEBUG --> updateUserData 
2016-01-04 4:18:47 - DEBUG --> Archivo \components\com_jhotelreservation\classes\services\UserDataService.php 
2016-01-04 4:18:47 - DEBUG --> getUserData 
2016-01-04 4:18:47 - DEBUG --> Archivo \components\com_jhotelreservation\classes\services\UserDataService.php 
2016-01-04 4:18:47 - DEBUG --> setCurrency 
2016-01-04 4:18:47 - DEBUG --> Archivo \components\com_jhotelreservation\classes\services\UserDataService.php 
2016-01-04 4:18:47 - DEBUG --> getUserData 
2016-01-04 4:18:47 - DEBUG --> Archivo \components\com_jhotelreservation\classes\services\UserDataService.php 
2016-01-04 4:18:47 - DEBUG --> getUserData 
2016-01-04 4:18:47 - DEBUG --> Archivo \components\com_jhotelreservation\classes\services\UserDataService.php 
2016-01-04 4:18:47 - DEBUG --> getUserData 
2016-01-04 5:29:47 - DEBUG --> Archivo \components\com_jhotelreservation\classes\services\UserDataService.php 
2016-01-04 5:29:47 - DEBUG --> initializeUserData 
2016-01-04 5:29:47 - DEBUG --> UserData first: N; 
2016-01-04 5:29:47 - DEBUG --> Archivo \components\com_jhotelreservation\classes\services\UserDataService.php 
2016-01-04 5:29:47 - DEBUG --> createUserData 
2016-01-04 5:29:47 - DEBUG --> UserData end:  a:0:{} 
2016-01-04 5:29:47 - DEBUG --> Archivo \components\com_jhotelreservation\classes\services\UserDataService.php 
2016-01-04 5:29:47 - DEBUG --> initializeUserData 
2016-01-04 5:29:47 - DEBUG --> UserData first: a:0:{} 
2016-01-04 5:29:47 - DEBUG --> UserData end:  a:0:{} 
2016-01-04 5:29:47 - DEBUG --> Archivo \components\com_jhotelreservation\classes\services\UserDataService.php 
2016-01-04 5:29:47 - DEBUG --> initializeReservationData 
2016-01-04 5:29:47 - DEBUG --> UserData: a:0:{} 
2016-01-04 5:29:47 - DEBUG --> Archivo \components\com_jhotelreservation\classes\services\UserDataService.php 
2016-01-04 5:29:47 - DEBUG --> updateUserData 
2016-01-04 5:29:47 - DEBUG --> Archivo \components\com_jhotelreservation\classes\services\UserDataService.php 
2016-01-04 5:29:47 - DEBUG --> getUserData 
2016-01-04 5:29:47 - DEBUG --> Archivo \components\com_jhotelreservation\classes\services\UserDataService.php 
2016-01-04 5:29:47 - DEBUG --> setCurrency 
2016-01-04 5:29:47 - DEBUG --> Archivo \components\com_jhotelreservation\classes\services\UserDataService.php 
2016-01-04 5:29:47 - DEBUG --> getUserData 
2016-01-04 5:29:47 - DEBUG --> Archivo \components\com_jhotelreservation\classes\services\UserDataService.php 
2016-01-04 5:29:47 - DEBUG --> getUserData 
2016-01-04 5:29:47 - DEBUG --> Archivo \components\com_jhotelreservation\classes\services\UserDataService.php 
2016-01-04 5:29:47 - DEBUG --> getUserData 
2016-01-04 5:29:47 - DEBUG --> Archivo \components\com_jhotelreservationiews\hotel	mpl\hoteloverview.php 
2016-01-04 5:29:47 - DEBUG --> Accedió 
2016-01-04 5:54:29 - DEBUG --> Archivo \components\com_jhotelreservation\classes\services\UserDataService.php 
2016-01-04 5:54:29 - DEBUG --> initializeUserData 
2016-01-04 5:54:29 - DEBUG --> UserData first: N; 
2016-01-04 5:54:29 - DEBUG --> Archivo \components\com_jhotelreservation\classes\services\UserDataService.php 
2016-01-04 5:54:29 - DEBUG --> createUserData 
2016-01-04 5:54:29 - DEBUG --> UserData end:  a:0:{} 
2016-01-04 5:54:29 - DEBUG --> Archivo \components\com_jhotelreservation\classes\services\UserDataService.php 
2016-01-04 5:54:29 - DEBUG --> initializeUserData 
2016-01-04 5:54:29 - DEBUG --> UserData first: a:0:{} 
2016-01-04 5:54:29 - DEBUG --> UserData end:  a:0:{} 
2016-01-04 5:54:29 - DEBUG --> Archivo \components\com_jhotelreservation\classes\services\UserDataService.php 
2016-01-04 5:54:29 - DEBUG --> initializeReservationData 
2016-01-04 5:54:29 - DEBUG --> UserData: a:0:{} 
2016-01-04 5:54:29 - DEBUG --> Archivo \components\com_jhotelreservation\classes\services\UserDataService.php 
2016-01-04 5:54:29 - DEBUG --> updateUserData 
2016-01-04 5:54:29 - DEBUG --> Archivo \components\com_jhotelreservation\classes\services\UserDataService.php 
2016-01-04 5:54:29 - DEBUG --> getUserData 
2016-01-04 5:54:29 - DEBUG --> Archivo \components\com_jhotelreservation\classes\services\UserDataService.php 
2016-01-04 5:54:29 - DEBUG --> setCurrency 
2016-01-04 5:54:29 - DEBUG --> Archivo \components\com_jhotelreservation\classes\services\UserDataService.php 
2016-01-04 5:54:29 - DEBUG --> getUserData 
2016-01-04 5:54:29 - DEBUG --> Archivo \components\com_jhotelreservation\classes\services\UserDataService.php 
2016-01-04 5:54:29 - DEBUG --> getUserData 
2016-01-04 5:54:29 - DEBUG --> Archivo \components\com_jhotelreservation\classes\services\UserDataService.php 
2016-01-04 5:54:29 - DEBUG --> getUserData 
2016-01-04 5:54:29 - DEBUG --> Archivo \components\com_jhotelreservationiews\hotel	mpl\hoteloverview.php 
2016-01-04 5:54:29 - DEBUG --> Accedió 
2016-01-04 6:06:37 - DEBUG --> Archivo \components\com_jhotelreservation\classes\services\UserDataService.php 
2016-01-04 6:06:37 - DEBUG --> initializeUserData 
2016-01-04 6:06:37 - DEBUG --> UserData first: N; 
2016-01-04 6:06:37 - DEBUG --> Archivo \components\com_jhotelreservation\classes\services\UserDataService.php 
2016-01-04 6:06:37 - DEBUG --> createUserData 
2016-01-04 6:06:37 - DEBUG --> UserData end:  a:0:{} 
2016-01-04 6:06:37 - DEBUG --> Archivo \components\com_jhotelreservation\classes\services\UserDataService.php 
2016-01-04 6:06:37 - DEBUG --> initializeUserData 
2016-01-04 6:06:37 - DEBUG --> UserData first: a:0:{} 
2016-01-04 6:06:37 - DEBUG --> UserData end:  a:0:{} 
2016-01-04 6:06:37 - DEBUG --> Archivo \components\com_jhotelreservation\classes\services\UserDataService.php 
2016-01-04 6:06:37 - DEBUG --> initializeReservationData 
2016-01-04 6:06:37 - DEBUG --> UserData: a:0:{} 
2016-01-04 6:06:37 - DEBUG --> Archivo \components\com_jhotelreservation\classes\services\UserDataService.php 
2016-01-04 6:06:37 - DEBUG --> updateUserData 
2016-01-04 6:06:37 - DEBUG --> Archivo \components\com_jhotelreservation\classes\services\UserDataService.php 
2016-01-04 6:06:37 - DEBUG --> getUserData 
2016-01-04 6:06:37 - DEBUG --> Archivo \components\com_jhotelreservation\classes\services\UserDataService.php 
2016-01-04 6:06:37 - DEBUG --> setCurrency 
2016-01-04 6:06:37 - DEBUG --> Archivo \components\com_jhotelreservation\classes\services\UserDataService.php 
2016-01-04 6:06:37 - DEBUG --> getUserData 
2016-01-04 6:06:37 - DEBUG --> Archivo \components\com_jhotelreservation\classes\services\UserDataService.php 
2016-01-04 6:06:37 - DEBUG --> getUserData 
2016-01-04 6:06:37 - DEBUG --> Archivo \components\com_jhotelreservation\classes\services\UserDataService.php 
2016-01-04 6:06:37 - DEBUG --> getUserData 
2016-01-04 6:06:37 - DEBUG --> Archivo \components\com_jhotelreservationiews\hotel	mpl\hoteloverview.php 
2016-01-04 6:06:37 - DEBUG --> Accedió 
2016-01-04 6:37:26 - DEBUG --> Archivo \components\com_jhotelreservation\classes\services\UserDataService.php 
2016-01-04 6:37:26 - DEBUG --> initializeUserData 
2016-01-04 6:37:26 - DEBUG --> UserData first: N; 
2016-01-04 6:37:26 - DEBUG --> Archivo \components\com_jhotelreservation\classes\services\UserDataService.php 
2016-01-04 6:37:26 - DEBUG --> createUserData 
2016-01-04 6:37:26 - DEBUG --> UserData end:  a:0:{} 
2016-01-04 6:37:26 - DEBUG --> Archivo \components\com_jhotelreservation\classes\services\UserDataService.php 
2016-01-04 6:37:26 - DEBUG --> initializeUserData 
2016-01-04 6:37:26 - DEBUG --> UserData first: a:0:{} 
2016-01-04 6:37:26 - DEBUG --> UserData end:  a:0:{} 
2016-01-04 6:37:26 - DEBUG --> Archivo \components\com_jhotelreservation\classes\services\UserDataService.php 
2016-01-04 6:37:26 - DEBUG --> initializeReservationData 
2016-01-04 6:37:26 - DEBUG --> UserData: a:0:{} 
2016-01-04 6:37:26 - DEBUG --> Archivo \components\com_jhotelreservation\classes\services\UserDataService.php 
2016-01-04 6:37:26 - DEBUG --> updateUserData 
2016-01-04 6:37:26 - DEBUG --> Archivo \components\com_jhotelreservation\classes\services\UserDataService.php 
2016-01-04 6:37:26 - DEBUG --> getUserData 
2016-01-04 6:37:26 - DEBUG --> Archivo \components\com_jhotelreservation\classes\services\UserDataService.php 
2016-01-04 6:37:26 - DEBUG --> setCurrency 
2016-01-04 6:37:26 - DEBUG --> Archivo \components\com_jhotelreservation\classes\services\UserDataService.php 
2016-01-04 6:37:26 - DEBUG --> getUserData 
2016-01-04 6:37:26 - DEBUG --> Archivo \components\com_jhotelreservation\classes\services\UserDataService.php 
2016-01-04 6:37:26 - DEBUG --> getUserData 
2016-01-04 6:37:26 - DEBUG --> Archivo \components\com_jhotelreservation\classes\services\UserDataService.php 
2016-01-04 6:37:26 - DEBUG --> getUserData 
2016-01-04 7:50:56 - DEBUG --> Archivo \components\com_jhotelreservation\classes\services\UserDataService.php 
2016-01-04 7:50:56 - DEBUG --> initializeUserData 
2016-01-04 7:50:56 - DEBUG --> UserData first: N; 
2016-01-04 7:50:56 - DEBUG --> Archivo \components\com_jhotelreservation\classes\services\UserDataService.php 
2016-01-04 7:50:56 - DEBUG --> createUserData 
2016-01-04 7:50:56 - DEBUG --> UserData end:  a:0:{} 
2016-01-04 7:50:56 - DEBUG --> Archivo \components\com_jhotelreservation\classes\services\UserDataService.php 
2016-01-04 7:50:56 - DEBUG --> initializeUserData 
2016-01-04 7:50:56 - DEBUG --> UserData first: a:0:{} 
2016-01-04 7:50:56 - DEBUG --> UserData end:  a:0:{} 
2016-01-04 7:50:56 - DEBUG --> Archivo \components\com_jhotelreservation\classes\services\UserDataService.php 
2016-01-04 7:50:56 - DEBUG --> initializeReservationData 
2016-01-04 7:50:56 - DEBUG --> UserData: a:0:{} 
2016-01-04 7:50:56 - DEBUG --> Archivo \components\com_jhotelreservation\classes\services\UserDataService.php 
2016-01-04 7:50:56 - DEBUG --> updateUserData 
2016-01-04 7:50:56 - DEBUG --> Archivo \components\com_jhotelreservation\classes\services\UserDataService.php 
2016-01-04 7:50:56 - DEBUG --> getUserData 
2016-01-04 7:50:56 - DEBUG --> Archivo \components\com_jhotelreservation\classes\services\UserDataService.php 
2016-01-04 7:50:56 - DEBUG --> setCurrency 
2016-01-04 7:50:56 - DEBUG --> Archivo \components\com_jhotelreservation\classes\services\UserDataService.php 
2016-01-04 7:50:56 - DEBUG --> getUserData 
2016-01-04 7:50:56 - DEBUG --> Archivo \components\com_jhotelreservation\classes\services\UserDataService.php 
2016-01-04 7:50:56 - DEBUG --> getUserData 
2016-01-04 7:50:56 - DEBUG --> Archivo \components\com_jhotelreservation\classes\services\UserDataService.php 
2016-01-04 7:50:56 - DEBUG --> getUserData 
2016-01-04 7:51:03 - DEBUG --> Archivo \components\com_jhotelreservation\classes\services\UserDataService.php 
2016-01-04 7:51:03 - DEBUG --> initializeUserData 
2016-01-04 7:51:03 - DEBUG --> UserData first: N; 
2016-01-04 7:51:03 - DEBUG --> Archivo \components\com_jhotelreservation\classes\services\UserDataService.php 
2016-01-04 7:51:03 - DEBUG --> createUserData 
2016-01-04 7:51:03 - DEBUG --> UserData end:  a:0:{} 
2016-01-04 7:51:03 - DEBUG --> Archivo \components\com_jhotelreservation\classes\services\UserDataService.php 
2016-01-04 7:51:03 - DEBUG --> initializeUserData 
2016-01-04 7:51:03 - DEBUG --> UserData first: a:0:{} 
2016-01-04 7:51:03 - DEBUG --> UserData end:  a:0:{} 
2016-01-04 7:51:03 - DEBUG --> Archivo \components\com_jhotelreservation\classes\services\UserDataService.php 
2016-01-04 7:51:03 - DEBUG --> initializeReservationData 
2016-01-04 7:51:03 - DEBUG --> UserData: a:0:{} 
2016-01-04 7:51:03 - DEBUG --> Archivo \components\com_jhotelreservation\classes\services\UserDataService.php 
2016-01-04 7:51:03 - DEBUG --> updateUserData 
2016-01-04 7:51:03 - DEBUG --> Archivo \components\com_jhotelreservation\classes\services\UserDataService.php 
2016-01-04 7:51:03 - DEBUG --> getUserData 
2016-01-04 7:51:03 - DEBUG --> Archivo \components\com_jhotelreservation\classes\services\UserDataService.php 
2016-01-04 7:51:03 - DEBUG --> setCurrency 
2016-01-04 7:51:03 - DEBUG --> Archivo \components\com_jhotelreservation\classes\services\UserDataService.php 
2016-01-04 7:51:03 - DEBUG --> getUserData 
2016-01-04 7:51:03 - DEBUG --> Archivo \components\com_jhotelreservation\classes\services\UserDataService.php 
2016-01-04 7:51:03 - DEBUG --> getUserData 
2016-01-04 7:51:03 - DEBUG --> Archivo \components\com_jhotelreservation\classes\services\UserDataService.php 
2016-01-04 7:51:03 - DEBUG --> getUserData 
2016-01-04 8:15:47 - DEBUG --> Archivo \components\com_jhotelreservation\classes\services\UserDataService.php 
2016-01-04 8:15:47 - DEBUG --> initializeUserData 
2016-01-04 8:15:47 - DEBUG --> UserData first: N; 
2016-01-04 8:15:47 - DEBUG --> Archivo \components\com_jhotelreservation\classes\services\UserDataService.php 
2016-01-04 8:15:47 - DEBUG --> createUserData 
2016-01-04 8:15:47 - DEBUG --> UserData end:  a:0:{} 
2016-01-04 8:15:47 - DEBUG --> Archivo \components\com_jhotelreservation\classes\services\UserDataService.php 
2016-01-04 8:15:47 - DEBUG --> initializeUserData 
2016-01-04 8:15:47 - DEBUG --> UserData first: a:0:{} 
2016-01-04 8:15:47 - DEBUG --> UserData end:  a:0:{} 
2016-01-04 8:15:47 - DEBUG --> Archivo \components\com_jhotelreservation\classes\services\UserDataService.php 
2016-01-04 8:15:47 - DEBUG --> initializeReservationData 
2016-01-04 8:15:47 - DEBUG --> UserData: a:0:{} 
2016-01-04 8:15:47 - DEBUG --> Archivo \components\com_jhotelreservation\classes\services\UserDataService.php 
2016-01-04 8:15:47 - DEBUG --> updateUserData 
2016-01-04 8:15:47 - DEBUG --> Archivo \components\com_jhotelreservation\classes\services\UserDataService.php 
2016-01-04 8:15:47 - DEBUG --> getUserData 
2016-01-04 8:15:47 - DEBUG --> Archivo \components\com_jhotelreservation\classes\services\UserDataService.php 
2016-01-04 8:15:47 - DEBUG --> setCurrency 
2016-01-04 8:15:47 - DEBUG --> Archivo \components\com_jhotelreservation\classes\services\UserDataService.php 
2016-01-04 8:15:47 - DEBUG --> getUserData 
2016-01-04 8:15:47 - DEBUG --> Archivo \components\com_jhotelreservation\classes\services\UserDataService.php 
2016-01-04 8:15:47 - DEBUG --> getUserData 
2016-01-04 8:15:47 - DEBUG --> Archivo \components\com_jhotelreservation\classes\services\UserDataService.php 
2016-01-04 8:15:47 - DEBUG --> getUserData 
2016-01-04 8:15:47 - DEBUG --> Archivo \components\com_jhotelreservationiews\hotel	mpl\hoteloverview.php 
2016-01-04 8:15:47 - DEBUG --> Accedió 
2016-01-04 8:28:40 - DEBUG --> Archivo \components\com_jhotelreservation\classes\services\UserDataService.php 
2016-01-04 8:28:40 - DEBUG --> initializeUserData 
2016-01-04 8:28:40 - DEBUG --> UserData first: N; 
2016-01-04 8:28:40 - DEBUG --> Archivo \components\com_jhotelreservation\classes\services\UserDataService.php 
2016-01-04 8:28:40 - DEBUG --> createUserData 
2016-01-04 8:28:40 - DEBUG --> UserData end:  a:0:{} 
2016-01-04 8:28:40 - DEBUG --> Archivo \components\com_jhotelreservation\classes\services\UserDataService.php 
2016-01-04 8:28:40 - DEBUG --> initializeUserData 
2016-01-04 8:28:40 - DEBUG --> UserData first: a:0:{} 
2016-01-04 8:28:40 - DEBUG --> UserData end:  a:0:{} 
2016-01-04 8:28:40 - DEBUG --> Archivo \components\com_jhotelreservation\classes\services\UserDataService.php 
2016-01-04 8:28:40 - DEBUG --> initializeReservationData 
2016-01-04 8:28:40 - DEBUG --> UserData: a:0:{} 
2016-01-04 8:28:40 - DEBUG --> Archivo \components\com_jhotelreservation\classes\services\UserDataService.php 
2016-01-04 8:28:40 - DEBUG --> updateUserData 
2016-01-04 8:28:40 - DEBUG --> Archivo \components\com_jhotelreservation\classes\services\UserDataService.php 
2016-01-04 8:28:40 - DEBUG --> getUserData 
2016-01-04 8:28:40 - DEBUG --> Archivo \components\com_jhotelreservation\classes\services\UserDataService.php 
2016-01-04 8:28:40 - DEBUG --> setCurrency 
2016-01-04 8:28:40 - DEBUG --> Archivo \components\com_jhotelreservation\classes\services\UserDataService.php 
2016-01-04 8:28:40 - DEBUG --> getUserData 
2016-01-04 8:28:40 - DEBUG --> Archivo \components\com_jhotelreservation\classes\services\UserDataService.php 
2016-01-04 8:28:40 - DEBUG --> getUserData 
2016-01-04 8:28:40 - DEBUG --> Archivo \components\com_jhotelreservation\classes\services\UserDataService.php 
2016-01-04 8:28:40 - DEBUG --> getUserData 
2016-01-04 8:43:27 - DEBUG --> Archivo \components\com_jhotelreservation\classes\services\UserDataService.php 
2016-01-04 8:43:27 - DEBUG --> initializeUserData 
2016-01-04 8:43:27 - DEBUG --> UserData first: N; 
2016-01-04 8:43:27 - DEBUG --> Archivo \components\com_jhotelreservation\classes\services\UserDataService.php 
2016-01-04 8:43:27 - DEBUG --> createUserData 
2016-01-04 8:43:27 - DEBUG --> UserData end:  a:0:{} 
2016-01-04 8:43:27 - DEBUG --> Archivo \components\com_jhotelreservation\classes\services\UserDataService.php 
2016-01-04 8:43:27 - DEBUG --> initializeUserData 
2016-01-04 8:43:27 - DEBUG --> UserData first: a:0:{} 
2016-01-04 8:43:27 - DEBUG --> UserData end:  a:0:{} 
2016-01-04 8:43:27 - DEBUG --> Archivo \components\com_jhotelreservation\classes\services\UserDataService.php 
2016-01-04 8:43:27 - DEBUG --> initializeReservationData 
2016-01-04 8:43:27 - DEBUG --> UserData: a:0:{} 
2016-01-04 8:43:27 - DEBUG --> Archivo \components\com_jhotelreservation\classes\services\UserDataService.php 
2016-01-04 8:43:27 - DEBUG --> updateUserData 
2016-01-04 8:43:27 - DEBUG --> Archivo \components\com_jhotelreservation\classes\services\UserDataService.php 
2016-01-04 8:43:27 - DEBUG --> getUserData 
2016-01-04 8:43:27 - DEBUG --> Archivo \components\com_jhotelreservation\classes\services\UserDataService.php 
2016-01-04 8:43:27 - DEBUG --> setCurrency 
2016-01-04 8:43:27 - DEBUG --> Archivo \components\com_jhotelreservation\classes\services\UserDataService.php 
2016-01-04 8:43:27 - DEBUG --> getUserData 
2016-01-04 8:43:27 - DEBUG --> Archivo \components\com_jhotelreservation\classes\services\UserDataService.php 
2016-01-04 8:43:27 - DEBUG --> getUserData 
2016-01-04 8:43:27 - DEBUG --> Archivo \components\com_jhotelreservation\classes\services\UserDataService.php 
2016-01-04 8:43:27 - DEBUG --> getUserData 
2016-01-04 8:43:27 - DEBUG --> Archivo \components\com_jhotelreservationiews\hotel	mpl\hoteloverview.php 
2016-01-04 8:43:27 - DEBUG --> Accedió 
2016-01-04 11:43:27 - DEBUG --> Archivo \components\com_jhotelreservation\classes\services\UserDataService.php 
2016-01-04 11:43:27 - DEBUG --> initializeUserData 
2016-01-04 11:43:27 - DEBUG --> UserData first: N; 
2016-01-04 11:43:27 - DEBUG --> Archivo \components\com_jhotelreservation\classes\services\UserDataService.php 
2016-01-04 11:43:27 - DEBUG --> createUserData 
2016-01-04 11:43:27 - DEBUG --> UserData end:  a:0:{} 
2016-01-04 11:43:27 - DEBUG --> Archivo \components\com_jhotelreservation\classes\services\UserDataService.php 
2016-01-04 11:43:27 - DEBUG --> initializeUserData 
2016-01-04 11:43:27 - DEBUG --> UserData first: a:0:{} 
2016-01-04 11:43:27 - DEBUG --> UserData end:  a:0:{} 
2016-01-04 11:43:27 - DEBUG --> Archivo \components\com_jhotelreservation\classes\services\UserDataService.php 
2016-01-04 11:43:27 - DEBUG --> initializeReservationData 
2016-01-04 11:43:27 - DEBUG --> UserData: a:0:{} 
2016-01-04 11:43:27 - DEBUG --> Archivo \components\com_jhotelreservation\classes\services\UserDataService.php 
2016-01-04 11:43:27 - DEBUG --> updateUserData 
2016-01-04 11:43:27 - DEBUG --> Archivo \components\com_jhotelreservation\classes\services\UserDataService.php 
2016-01-04 11:43:27 - DEBUG --> getUserData 
2016-01-04 11:43:27 - DEBUG --> Archivo \components\com_jhotelreservation\classes\services\UserDataService.php 
2016-01-04 11:43:27 - DEBUG --> setCurrency 
2016-01-04 11:43:27 - DEBUG --> Archivo \components\com_jhotelreservation\classes\services\UserDataService.php 
2016-01-04 11:43:27 - DEBUG --> getUserData 
2016-01-04 11:43:28 - DEBUG --> Archivo \components\com_jhotelreservation\classes\services\UserDataService.php 
2016-01-04 11:43:28 - DEBUG --> getUserData 
2016-01-04 11:43:28 - DEBUG --> Archivo \components\com_jhotelreservation\classes\services\UserDataService.php 
2016-01-04 11:43:28 - DEBUG --> getUserData 
2016-01-04 11:43:28 - DEBUG --> Archivo \components\com_jhotelreservationiews\hotel	mpl\hoteloverview.php 
2016-01-04 11:43:28 - DEBUG --> Accedió 
2016-01-04 14:37:18 - DEBUG --> Archivo \components\com_jhotelreservation\classes\services\UserDataService.php 
2016-01-04 14:37:18 - DEBUG --> initializeUserData 
2016-01-04 14:37:18 - DEBUG --> UserData first: N; 
2016-01-04 14:37:18 - DEBUG --> Archivo \components\com_jhotelreservation\classes\services\UserDataService.php 
2016-01-04 14:37:18 - DEBUG --> createUserData 
2016-01-04 14:37:18 - DEBUG --> UserData end:  a:0:{} 
2016-01-04 14:37:18 - DEBUG --> Archivo \components\com_jhotelreservation\classes\services\UserDataService.php 
2016-01-04 14:37:18 - DEBUG --> initializeUserData 
2016-01-04 14:37:18 - DEBUG --> UserData first: a:0:{} 
2016-01-04 14:37:18 - DEBUG --> UserData end:  a:0:{} 
2016-01-04 14:37:18 - DEBUG --> Archivo \components\com_jhotelreservation\classes\services\UserDataService.php 
2016-01-04 14:37:18 - DEBUG --> initializeReservationData 
2016-01-04 14:37:18 - DEBUG --> UserData: a:0:{} 
2016-01-04 14:37:18 - DEBUG --> Archivo \components\com_jhotelreservation\classes\services\UserDataService.php 
2016-01-04 14:37:18 - DEBUG --> updateUserData 
2016-01-04 14:37:18 - DEBUG --> Archivo \components\com_jhotelreservation\classes\services\UserDataService.php 
2016-01-04 14:37:18 - DEBUG --> getUserData 
2016-01-04 14:37:18 - DEBUG --> Archivo \components\com_jhotelreservation\classes\services\UserDataService.php 
2016-01-04 14:37:18 - DEBUG --> setCurrency 
2016-01-04 14:37:18 - DEBUG --> Archivo \components\com_jhotelreservation\classes\services\UserDataService.php 
2016-01-04 14:37:18 - DEBUG --> getUserData 
2016-01-04 14:37:18 - DEBUG --> Archivo \components\com_jhotelreservation\classes\services\UserDataService.php 
2016-01-04 14:37:18 - DEBUG --> getUserData 
2016-01-04 14:37:18 - DEBUG --> Archivo \components\com_jhotelreservation\classes\services\UserDataService.php 
2016-01-04 14:37:18 - DEBUG --> getUserData 
2016-01-04 14:37:18 - DEBUG --> Archivo \components\com_jhotelreservationiews\hotel	mpl\hoteloverview.php 
2016-01-04 14:37:18 - DEBUG --> Accedió 
2016-01-04 14:37:20 - DEBUG --> Archivo \components\com_jhotelreservation\classes\services\UserDataService.php 
2016-01-04 14:37:20 - DEBUG --> initializeUserData 
2016-01-04 14:37:20 - DEBUG --> UserData first: N; 
2016-01-04 14:37:20 - DEBUG --> Archivo \components\com_jhotelreservation\classes\services\UserDataService.php 
2016-01-04 14:37:20 - DEBUG --> createUserData 
2016-01-04 14:37:20 - DEBUG --> UserData end:  a:0:{} 
2016-01-04 14:37:20 - DEBUG --> Archivo \components\com_jhotelreservation\classes\services\UserDataService.php 
2016-01-04 14:37:20 - DEBUG --> initializeUserData 
2016-01-04 14:37:20 - DEBUG --> UserData first: a:0:{} 
2016-01-04 14:37:20 - DEBUG --> UserData end:  a:0:{} 
2016-01-04 14:37:20 - DEBUG --> Archivo \components\com_jhotelreservation\classes\services\UserDataService.php 
2016-01-04 14:37:20 - DEBUG --> initializeReservationData 
2016-01-04 14:37:20 - DEBUG --> UserData: a:0:{} 
2016-01-04 14:37:20 - DEBUG --> Archivo \components\com_jhotelreservation\classes\services\UserDataService.php 
2016-01-04 14:37:20 - DEBUG --> updateUserData 
2016-01-04 14:37:20 - DEBUG --> Archivo \components\com_jhotelreservation\classes\services\UserDataService.php 
2016-01-04 14:37:20 - DEBUG --> getUserData 
2016-01-04 14:37:20 - DEBUG --> Archivo \components\com_jhotelreservation\classes\services\UserDataService.php 
2016-01-04 14:37:20 - DEBUG --> setCurrency 
2016-01-04 14:37:20 - DEBUG --> Archivo \components\com_jhotelreservation\classes\services\UserDataService.php 
2016-01-04 14:37:20 - DEBUG --> getUserData 
2016-01-04 14:37:20 - DEBUG --> Archivo \components\com_jhotelreservation\classes\services\UserDataService.php 
2016-01-04 14:37:20 - DEBUG --> getUserData 
2016-01-04 14:37:20 - DEBUG --> Archivo \components\com_jhotelreservation\classes\services\UserDataService.php 
2016-01-04 14:37:20 - DEBUG --> getUserData 
2016-01-04 14:37:20 - DEBUG --> Archivo \components\com_jhotelreservationiews\hotel	mpl\hoteloverview.php 
2016-01-04 14:37:20 - DEBUG --> Accedió 
2016-01-04 14:37:22 - DEBUG --> Archivo \components\com_jhotelreservation\classes\services\UserDataService.php 
2016-01-04 14:37:22 - DEBUG --> initializeUserData 
2016-01-04 14:37:22 - DEBUG --> UserData first: N; 
2016-01-04 14:37:22 - DEBUG --> Archivo \components\com_jhotelreservation\classes\services\UserDataService.php 
2016-01-04 14:37:22 - DEBUG --> createUserData 
2016-01-04 14:37:22 - DEBUG --> UserData end:  a:0:{} 
2016-01-04 14:37:22 - DEBUG --> Archivo \components\com_jhotelreservation\classes\services\UserDataService.php 
2016-01-04 14:37:22 - DEBUG --> initializeUserData 
2016-01-04 14:37:22 - DEBUG --> UserData first: a:0:{} 
2016-01-04 14:37:22 - DEBUG --> UserData end:  a:0:{} 
2016-01-04 14:37:22 - DEBUG --> Archivo \components\com_jhotelreservation\classes\services\UserDataService.php 
2016-01-04 14:37:22 - DEBUG --> initializeReservationData 
2016-01-04 14:37:22 - DEBUG --> UserData: a:0:{} 
2016-01-04 14:37:22 - DEBUG --> Archivo \components\com_jhotelreservation\classes\services\UserDataService.php 
2016-01-04 14:37:22 - DEBUG --> updateUserData 
2016-01-04 14:37:22 - DEBUG --> Archivo \components\com_jhotelreservation\classes\services\UserDataService.php 
2016-01-04 14:37:22 - DEBUG --> getUserData 
2016-01-04 14:37:22 - DEBUG --> Archivo \components\com_jhotelreservation\classes\services\UserDataService.php 
2016-01-04 14:37:22 - DEBUG --> setCurrency 
2016-01-04 14:37:22 - DEBUG --> Archivo \components\com_jhotelreservation\classes\services\UserDataService.php 
2016-01-04 14:37:22 - DEBUG --> getUserData 
2016-01-04 14:37:22 - DEBUG --> Archivo \components\com_jhotelreservation\classes\services\UserDataService.php 
2016-01-04 14:37:22 - DEBUG --> getUserData 
2016-01-04 14:37:22 - DEBUG --> Archivo \components\com_jhotelreservation\classes\services\UserDataService.php 
2016-01-04 14:37:22 - DEBUG --> getUserData 
2016-01-04 14:37:22 - DEBUG --> Archivo \components\com_jhotelreservationiews\hotel	mpl\hoteloverview.php 
2016-01-04 14:37:22 - DEBUG --> Accedió 
2016-01-04 14:37:25 - DEBUG --> Archivo \components\com_jhotelreservation\classes\services\UserDataService.php 
2016-01-04 14:37:25 - DEBUG --> initializeUserData 
2016-01-04 14:37:25 - DEBUG --> UserData first: N; 
2016-01-04 14:37:25 - DEBUG --> Archivo \components\com_jhotelreservation\classes\services\UserDataService.php 
2016-01-04 14:37:25 - DEBUG --> createUserData 
2016-01-04 14:37:25 - DEBUG --> UserData end:  a:0:{} 
2016-01-04 14:37:25 - DEBUG --> Archivo \components\com_jhotelreservation\classes\services\UserDataService.php 
2016-01-04 14:37:25 - DEBUG --> initializeUserData 
2016-01-04 14:37:25 - DEBUG --> UserData first: a:0:{} 
2016-01-04 14:37:25 - DEBUG --> UserData end:  a:0:{} 
2016-01-04 14:37:25 - DEBUG --> Archivo \components\com_jhotelreservation\classes\services\UserDataService.php 
2016-01-04 14:37:25 - DEBUG --> initializeReservationData 
2016-01-04 14:37:25 - DEBUG --> UserData: a:0:{} 
2016-01-04 14:37:25 - DEBUG --> Archivo \components\com_jhotelreservation\classes\services\UserDataService.php 
2016-01-04 14:37:25 - DEBUG --> updateUserData 
2016-01-04 14:37:25 - DEBUG --> Archivo \components\com_jhotelreservation\classes\services\UserDataService.php 
2016-01-04 14:37:25 - DEBUG --> getUserData 
2016-01-04 14:37:25 - DEBUG --> Archivo \components\com_jhotelreservation\classes\services\UserDataService.php 
2016-01-04 14:37:25 - DEBUG --> setCurrency 
2016-01-04 14:37:25 - DEBUG --> Archivo \components\com_jhotelreservation\classes\services\UserDataService.php 
2016-01-04 14:37:25 - DEBUG --> getUserData 
2016-01-04 14:37:25 - DEBUG --> Archivo \components\com_jhotelreservation\classes\services\UserDataService.php 
2016-01-04 14:37:25 - DEBUG --> getUserData 
2016-01-04 14:37:25 - DEBUG --> Archivo \components\com_jhotelreservation\classes\services\UserDataService.php 
2016-01-04 14:37:25 - DEBUG --> getUserData 
2016-01-04 14:37:25 - DEBUG --> Archivo \components\com_jhotelreservationiews\hotel	mpl\hoteloverview.php 
2016-01-04 14:37:25 - DEBUG --> Accedió 
2016-01-04 14:37:27 - DEBUG --> Archivo \components\com_jhotelreservation\classes\services\UserDataService.php 
2016-01-04 14:37:27 - DEBUG --> initializeUserData 
2016-01-04 14:37:27 - DEBUG --> UserData first: N; 
2016-01-04 14:37:27 - DEBUG --> Archivo \components\com_jhotelreservation\classes\services\UserDataService.php 
2016-01-04 14:37:27 - DEBUG --> createUserData 
2016-01-04 14:37:27 - DEBUG --> UserData end:  a:0:{} 
2016-01-04 14:37:27 - DEBUG --> Archivo \components\com_jhotelreservation\classes\services\UserDataService.php 
2016-01-04 14:37:27 - DEBUG --> initializeUserData 
2016-01-04 14:37:27 - DEBUG --> UserData first: a:0:{} 
2016-01-04 14:37:27 - DEBUG --> UserData end:  a:0:{} 
2016-01-04 14:37:27 - DEBUG --> Archivo \components\com_jhotelreservation\classes\services\UserDataService.php 
2016-01-04 14:37:27 - DEBUG --> initializeReservationData 
2016-01-04 14:37:27 - DEBUG --> UserData: a:0:{} 
2016-01-04 14:37:27 - DEBUG --> Archivo \components\com_jhotelreservation\classes\services\UserDataService.php 
2016-01-04 14:37:27 - DEBUG --> updateUserData 
2016-01-04 14:37:27 - DEBUG --> Archivo \components\com_jhotelreservation\classes\services\UserDataService.php 
2016-01-04 14:37:27 - DEBUG --> getUserData 
2016-01-04 14:37:27 - DEBUG --> Archivo \components\com_jhotelreservation\classes\services\UserDataService.php 
2016-01-04 14:37:27 - DEBUG --> setCurrency 
2016-01-04 14:37:27 - DEBUG --> Archivo \components\com_jhotelreservation\classes\services\UserDataService.php 
2016-01-04 14:37:27 - DEBUG --> getUserData 
2016-01-04 14:37:27 - DEBUG --> Archivo \components\com_jhotelreservation\classes\services\UserDataService.php 
2016-01-04 14:37:27 - DEBUG --> getUserData 
2016-01-04 14:37:27 - DEBUG --> Archivo \components\com_jhotelreservation\classes\services\UserDataService.php 
2016-01-04 14:37:27 - DEBUG --> getUserData 
2016-01-04 14:37:27 - DEBUG --> Archivo \components\com_jhotelreservationiews\hotel	mpl\hoteloverview.php 
2016-01-04 14:37:27 - DEBUG --> Accedió 
2016-01-04 14:37:29 - DEBUG --> Archivo \components\com_jhotelreservation\classes\services\UserDataService.php 
2016-01-04 14:37:29 - DEBUG --> initializeUserData 
2016-01-04 14:37:29 - DEBUG --> UserData first: N; 
2016-01-04 14:37:29 - DEBUG --> Archivo \components\com_jhotelreservation\classes\services\UserDataService.php 
2016-01-04 14:37:29 - DEBUG --> createUserData 
2016-01-04 14:37:29 - DEBUG --> UserData end:  a:0:{} 
2016-01-04 14:37:29 - DEBUG --> Archivo \components\com_jhotelreservation\classes\services\UserDataService.php 
2016-01-04 14:37:29 - DEBUG --> initializeUserData 
2016-01-04 14:37:29 - DEBUG --> UserData first: a:0:{} 
2016-01-04 14:37:29 - DEBUG --> UserData end:  a:0:{} 
2016-01-04 14:37:29 - DEBUG --> Archivo \components\com_jhotelreservation\classes\services\UserDataService.php 
2016-01-04 14:37:29 - DEBUG --> initializeReservationData 
2016-01-04 14:37:29 - DEBUG --> UserData: a:0:{} 
2016-01-04 14:37:29 - DEBUG --> Archivo \components\com_jhotelreservation\classes\services\UserDataService.php 
2016-01-04 14:37:29 - DEBUG --> updateUserData 
2016-01-04 14:37:29 - DEBUG --> Archivo \components\com_jhotelreservation\classes\services\UserDataService.php 
2016-01-04 14:37:29 - DEBUG --> getUserData 
2016-01-04 14:37:29 - DEBUG --> Archivo \components\com_jhotelreservation\classes\services\UserDataService.php 
2016-01-04 14:37:29 - DEBUG --> setCurrency 
2016-01-04 14:37:29 - DEBUG --> Archivo \components\com_jhotelreservation\classes\services\UserDataService.php 
2016-01-04 14:37:29 - DEBUG --> getUserData 
2016-01-04 14:37:29 - DEBUG --> Archivo \components\com_jhotelreservation\classes\services\UserDataService.php 
2016-01-04 14:37:29 - DEBUG --> getUserData 
2016-01-04 14:37:29 - DEBUG --> Archivo \components\com_jhotelreservation\classes\services\UserDataService.php 
2016-01-04 14:37:29 - DEBUG --> getUserData 
2016-01-04 14:37:29 - DEBUG --> Archivo \components\com_jhotelreservationiews\hotel	mpl\hoteloverview.php 
2016-01-04 14:37:29 - DEBUG --> Accedió 
2016-01-04 14:37:32 - DEBUG --> Archivo \components\com_jhotelreservation\classes\services\UserDataService.php 
2016-01-04 14:37:32 - DEBUG --> initializeUserData 
2016-01-04 14:37:32 - DEBUG --> UserData first: N; 
2016-01-04 14:37:32 - DEBUG --> Archivo \components\com_jhotelreservation\classes\services\UserDataService.php 
2016-01-04 14:37:32 - DEBUG --> createUserData 
2016-01-04 14:37:32 - DEBUG --> UserData end:  a:0:{} 
2016-01-04 14:37:32 - DEBUG --> Archivo \components\com_jhotelreservation\classes\services\UserDataService.php 
2016-01-04 14:37:32 - DEBUG --> initializeUserData 
2016-01-04 14:37:32 - DEBUG --> UserData first: a:0:{} 
2016-01-04 14:37:32 - DEBUG --> UserData end:  a:0:{} 
2016-01-04 14:37:32 - DEBUG --> Archivo \components\com_jhotelreservation\classes\services\UserDataService.php 
2016-01-04 14:37:32 - DEBUG --> initializeReservationData 
2016-01-04 14:37:32 - DEBUG --> UserData: a:0:{} 
2016-01-04 14:37:32 - DEBUG --> Archivo \components\com_jhotelreservation\classes\services\UserDataService.php 
2016-01-04 14:37:32 - DEBUG --> updateUserData 
2016-01-04 14:37:32 - DEBUG --> Archivo \components\com_jhotelreservation\classes\services\UserDataService.php 
2016-01-04 14:37:32 - DEBUG --> getUserData 
2016-01-04 14:37:32 - DEBUG --> Archivo \components\com_jhotelreservation\classes\services\UserDataService.php 
2016-01-04 14:37:32 - DEBUG --> setCurrency 
2016-01-04 14:37:32 - DEBUG --> Archivo \components\com_jhotelreservation\classes\services\UserDataService.php 
2016-01-04 14:37:32 - DEBUG --> getUserData 
2016-01-04 14:37:32 - DEBUG --> Archivo \components\com_jhotelreservation\classes\services\UserDataService.php 
2016-01-04 14:37:32 - DEBUG --> getUserData 
2016-01-04 14:37:32 - DEBUG --> Archivo \components\com_jhotelreservation\classes\services\UserDataService.php 
2016-01-04 14:37:32 - DEBUG --> getUserData 
2016-01-04 14:37:32 - DEBUG --> Archivo \components\com_jhotelreservationiews\hotel	mpl\hoteloverview.php 
2016-01-04 14:37:32 - DEBUG --> Accedió 
2016-01-04 14:37:34 - DEBUG --> Archivo \components\com_jhotelreservation\classes\services\UserDataService.php 
2016-01-04 14:37:34 - DEBUG --> initializeUserData 
2016-01-04 14:37:34 - DEBUG --> UserData first: N; 
2016-01-04 14:37:34 - DEBUG --> Archivo \components\com_jhotelreservation\classes\services\UserDataService.php 
2016-01-04 14:37:34 - DEBUG --> createUserData 
2016-01-04 14:37:34 - DEBUG --> UserData end:  a:0:{} 
2016-01-04 14:37:34 - DEBUG --> Archivo \components\com_jhotelreservation\classes\services\UserDataService.php 
2016-01-04 14:37:34 - DEBUG --> initializeUserData 
2016-01-04 14:37:34 - DEBUG --> UserData first: a:0:{} 
2016-01-04 14:37:34 - DEBUG --> UserData end:  a:0:{} 
2016-01-04 14:37:34 - DEBUG --> Archivo \components\com_jhotelreservation\classes\services\UserDataService.php 
2016-01-04 14:37:34 - DEBUG --> initializeReservationData 
2016-01-04 14:37:34 - DEBUG --> UserData: a:0:{} 
2016-01-04 14:37:34 - DEBUG --> Archivo \components\com_jhotelreservation\classes\services\UserDataService.php 
2016-01-04 14:37:34 - DEBUG --> updateUserData 
2016-01-04 14:37:34 - DEBUG --> Archivo \components\com_jhotelreservation\classes\services\UserDataService.php 
2016-01-04 14:37:34 - DEBUG --> getUserData 
2016-01-04 14:37:34 - DEBUG --> Archivo \components\com_jhotelreservation\classes\services\UserDataService.php 
2016-01-04 14:37:34 - DEBUG --> setCurrency 
2016-01-04 14:37:34 - DEBUG --> Archivo \components\com_jhotelreservation\classes\services\UserDataService.php 
2016-01-04 14:37:34 - DEBUG --> getUserData 
2016-01-04 14:37:34 - DEBUG --> Archivo \components\com_jhotelreservation\classes\services\UserDataService.php 
2016-01-04 14:37:34 - DEBUG --> getUserData 
2016-01-04 14:37:34 - DEBUG --> Archivo \components\com_jhotelreservation\classes\services\UserDataService.php 
2016-01-04 14:37:34 - DEBUG --> getUserData 
2016-01-04 14:37:34 - DEBUG --> Archivo \components\com_jhotelreservationiews\hotel	mpl\hoteloverview.php 
2016-01-04 14:37:34 - DEBUG --> Accedió 
2016-01-04 14:37:36 - DEBUG --> Archivo \components\com_jhotelreservation\classes\services\UserDataService.php 
2016-01-04 14:37:36 - DEBUG --> initializeUserData 
2016-01-04 14:37:36 - DEBUG --> UserData first: N; 
2016-01-04 14:37:36 - DEBUG --> Archivo \components\com_jhotelreservation\classes\services\UserDataService.php 
2016-01-04 14:37:36 - DEBUG --> createUserData 
2016-01-04 14:37:36 - DEBUG --> UserData end:  a:0:{} 
2016-01-04 14:37:36 - DEBUG --> Archivo \components\com_jhotelreservation\classes\services\UserDataService.php 
2016-01-04 14:37:36 - DEBUG --> initializeUserData 
2016-01-04 14:37:36 - DEBUG --> UserData first: a:0:{} 
2016-01-04 14:37:36 - DEBUG --> UserData end:  a:0:{} 
2016-01-04 14:37:36 - DEBUG --> Archivo \components\com_jhotelreservation\classes\services\UserDataService.php 
2016-01-04 14:37:36 - DEBUG --> initializeReservationData 
2016-01-04 14:37:36 - DEBUG --> UserData: a:0:{} 
2016-01-04 14:37:36 - DEBUG --> Archivo \components\com_jhotelreservation\classes\services\UserDataService.php 
2016-01-04 14:37:36 - DEBUG --> updateUserData 
2016-01-04 14:37:36 - DEBUG --> Archivo \components\com_jhotelreservation\classes\services\UserDataService.php 
2016-01-04 14:37:36 - DEBUG --> getUserData 
2016-01-04 14:37:36 - DEBUG --> Archivo \components\com_jhotelreservation\classes\services\UserDataService.php 
2016-01-04 14:37:36 - DEBUG --> setCurrency 
2016-01-04 14:37:36 - DEBUG --> Archivo \components\com_jhotelreservation\classes\services\UserDataService.php 
2016-01-04 14:37:36 - DEBUG --> getUserData 
2016-01-04 14:37:36 - DEBUG --> Archivo \components\com_jhotelreservation\classes\services\UserDataService.php 
2016-01-04 14:37:36 - DEBUG --> getUserData 
2016-01-04 14:37:36 - DEBUG --> Archivo \components\com_jhotelreservation\classes\services\UserDataService.php 
2016-01-04 14:37:36 - DEBUG --> getUserData 
2016-01-04 14:37:36 - DEBUG --> Archivo \components\com_jhotelreservationiews\hotel	mpl\hoteloverview.php 
2016-01-04 14:37:36 - DEBUG --> Accedió 
2016-01-04 14:37:38 - DEBUG --> Archivo \components\com_jhotelreservation\classes\services\UserDataService.php 
2016-01-04 14:37:38 - DEBUG --> initializeUserData 
2016-01-04 14:37:38 - DEBUG --> UserData first: N; 
2016-01-04 14:37:38 - DEBUG --> Archivo \components\com_jhotelreservation\classes\services\UserDataService.php 
2016-01-04 14:37:38 - DEBUG --> createUserData 
2016-01-04 14:37:38 - DEBUG --> UserData end:  a:0:{} 
2016-01-04 14:37:38 - DEBUG --> Archivo \components\com_jhotelreservation\classes\services\UserDataService.php 
2016-01-04 14:37:38 - DEBUG --> initializeUserData 
2016-01-04 14:37:38 - DEBUG --> UserData first: a:0:{} 
2016-01-04 14:37:38 - DEBUG --> UserData end:  a:0:{} 
2016-01-04 14:37:38 - DEBUG --> Archivo \components\com_jhotelreservation\classes\services\UserDataService.php 
2016-01-04 14:37:38 - DEBUG --> initializeReservationData 
2016-01-04 14:37:38 - DEBUG --> UserData: a:0:{} 
2016-01-04 14:37:38 - DEBUG --> Archivo \components\com_jhotelreservation\classes\services\UserDataService.php 
2016-01-04 14:37:38 - DEBUG --> updateUserData 
2016-01-04 14:37:38 - DEBUG --> Archivo \components\com_jhotelreservation\classes\services\UserDataService.php 
2016-01-04 14:37:38 - DEBUG --> getUserData 
2016-01-04 14:37:38 - DEBUG --> Archivo \components\com_jhotelreservation\classes\services\UserDataService.php 
2016-01-04 14:37:38 - DEBUG --> setCurrency 
2016-01-04 14:37:38 - DEBUG --> Archivo \components\com_jhotelreservation\classes\services\UserDataService.php 
2016-01-04 14:37:38 - DEBUG --> getUserData 
2016-01-04 14:37:38 - DEBUG --> Archivo \components\com_jhotelreservation\classes\services\UserDataService.php 
2016-01-04 14:37:38 - DEBUG --> getUserData 
2016-01-04 14:37:38 - DEBUG --> Archivo \components\com_jhotelreservation\classes\services\UserDataService.php 
2016-01-04 14:37:38 - DEBUG --> getUserData 
2016-01-04 14:37:38 - DEBUG --> Archivo \components\com_jhotelreservationiews\hotel	mpl\hoteloverview.php 
2016-01-04 14:37:38 - DEBUG --> Accedió 
2016-01-04 18:10:01 - DEBUG --> Archivo \components\com_jhotelreservation\classes\services\UserDataService.php 
2016-01-04 18:10:01 - DEBUG --> initializeUserData 
2016-01-04 18:10:01 - DEBUG --> UserData first: N; 
2016-01-04 18:10:01 - DEBUG --> Archivo \components\com_jhotelreservation\classes\services\UserDataService.php 
2016-01-04 18:10:01 - DEBUG --> createUserData 
2016-01-04 18:10:01 - DEBUG --> UserData end:  a:0:{} 
2016-01-04 18:10:01 - DEBUG --> Archivo \components\com_jhotelreservation\classes\services\UserDataService.php 
2016-01-04 18:10:01 - DEBUG --> initializeUserData 
2016-01-04 18:10:01 - DEBUG --> UserData first: a:0:{} 
2016-01-04 18:10:01 - DEBUG --> UserData end:  a:0:{} 
2016-01-04 18:10:01 - DEBUG --> Archivo \components\com_jhotelreservation\classes\services\UserDataService.php 
2016-01-04 18:10:01 - DEBUG --> initializeReservationData 
2016-01-04 18:10:01 - DEBUG --> UserData: a:0:{} 
2016-01-04 18:10:01 - DEBUG --> Archivo \components\com_jhotelreservation\classes\services\UserDataService.php 
2016-01-04 18:10:01 - DEBUG --> updateUserData 
2016-01-04 18:10:01 - DEBUG --> Archivo \components\com_jhotelreservation\classes\services\UserDataService.php 
2016-01-04 18:10:01 - DEBUG --> getUserData 
2016-01-04 18:10:01 - DEBUG --> Archivo \components\com_jhotelreservation\classes\services\UserDataService.php 
2016-01-04 18:10:01 - DEBUG --> setCurrency 
2016-01-04 18:10:01 - DEBUG --> Archivo \components\com_jhotelreservation\classes\services\UserDataService.php 
2016-01-04 18:10:01 - DEBUG --> getUserData 
2016-01-04 18:10:01 - DEBUG --> Archivo \components\com_jhotelreservation\classes\services\UserDataService.php 
2016-01-04 18:10:01 - DEBUG --> getUserData 
2016-01-04 18:10:01 - DEBUG --> Archivo \components\com_jhotelreservation\classes\services\UserDataService.php 
2016-01-04 18:10:01 - DEBUG --> getUserData 
2016-01-04 18:10:02 - DEBUG --> Archivo \components\com_jhotelreservation\classes\services\UserDataService.php 
2016-01-04 18:10:02 - DEBUG --> initializeUserData 
2016-01-04 18:10:02 - DEBUG --> UserData first: N; 
2016-01-04 18:10:02 - DEBUG --> Archivo \components\com_jhotelreservation\classes\services\UserDataService.php 
2016-01-04 18:10:02 - DEBUG --> createUserData 
2016-01-04 18:10:02 - DEBUG --> UserData end:  a:0:{} 
2016-01-04 18:10:02 - DEBUG --> Archivo \components\com_jhotelreservation\classes\services\UserDataService.php 
2016-01-04 18:10:02 - DEBUG --> initializeUserData 
2016-01-04 18:10:02 - DEBUG --> UserData first: a:0:{} 
2016-01-04 18:10:02 - DEBUG --> UserData end:  a:0:{} 
2016-01-04 18:10:02 - DEBUG --> Archivo \components\com_jhotelreservation\classes\services\UserDataService.php 
2016-01-04 18:10:02 - DEBUG --> initializeReservationData 
2016-01-04 18:10:02 - DEBUG --> UserData: a:0:{} 
2016-01-04 18:10:02 - DEBUG --> Archivo \components\com_jhotelreservation\classes\services\UserDataService.php 
2016-01-04 18:10:02 - DEBUG --> updateUserData 
2016-01-04 18:10:02 - DEBUG --> Archivo \components\com_jhotelreservation\classes\services\UserDataService.php 
2016-01-04 18:10:02 - DEBUG --> getUserData 
2016-01-04 18:10:02 - DEBUG --> Archivo \components\com_jhotelreservation\classes\services\UserDataService.php 
2016-01-04 18:10:02 - DEBUG --> setCurrency 
2016-01-04 18:10:02 - DEBUG --> Archivo \components\com_jhotelreservation\classes\services\UserDataService.php 
2016-01-04 18:10:02 - DEBUG --> getUserData 
2016-01-04 18:10:02 - DEBUG --> Archivo \components\com_jhotelreservation\classes\services\UserDataService.php 
2016-01-04 18:10:02 - DEBUG --> getUserData 
2016-01-04 18:10:02 - DEBUG --> Archivo \components\com_jhotelreservation\classes\services\UserDataService.php 
2016-01-04 18:10:02 - DEBUG --> getUserData 
2016-01-04 18:10:02 - DEBUG --> Archivo \components\com_jhotelreservationiews\hotel	mpl\hoteloverview.php 
2016-01-04 18:10:02 - DEBUG --> Accedió 
2016-01-04 18:10:02 - DEBUG --> Archivo \components\com_jhotelreservation\classes\services\UserDataService.php 
2016-01-04 18:10:02 - DEBUG --> initializeUserData 
2016-01-04 18:10:02 - DEBUG --> UserData first: N; 
2016-01-04 18:10:02 - DEBUG --> Archivo \components\com_jhotelreservation\classes\services\UserDataService.php 
2016-01-04 18:10:02 - DEBUG --> createUserData 
2016-01-04 18:10:02 - DEBUG --> UserData end:  a:0:{} 
2016-01-04 18:10:02 - DEBUG --> Archivo \components\com_jhotelreservation\classes\services\UserDataService.php 
2016-01-04 18:10:02 - DEBUG --> initializeUserData 
2016-01-04 18:10:02 - DEBUG --> UserData first: a:0:{} 
2016-01-04 18:10:02 - DEBUG --> UserData end:  a:0:{} 
2016-01-04 18:10:02 - DEBUG --> Archivo \components\com_jhotelreservation\classes\services\UserDataService.php 
2016-01-04 18:10:02 - DEBUG --> initializeReservationData 
2016-01-04 18:10:02 - DEBUG --> UserData: a:0:{} 
2016-01-04 18:10:02 - DEBUG --> Archivo \components\com_jhotelreservation\classes\services\UserDataService.php 
2016-01-04 18:10:02 - DEBUG --> updateUserData 
2016-01-04 18:10:02 - DEBUG --> Archivo \components\com_jhotelreservation\classes\services\UserDataService.php 
2016-01-04 18:10:02 - DEBUG --> getUserData 
2016-01-04 18:10:02 - DEBUG --> Archivo \components\com_jhotelreservation\classes\services\UserDataService.php 
2016-01-04 18:10:02 - DEBUG --> setCurrency 
2016-01-04 18:10:02 - DEBUG --> Archivo \components\com_jhotelreservation\classes\services\UserDataService.php 
2016-01-04 18:10:02 - DEBUG --> getUserData 
2016-01-04 18:10:02 - DEBUG --> Archivo \components\com_jhotelreservation\classes\services\UserDataService.php 
2016-01-04 18:10:02 - DEBUG --> getUserData 
2016-01-04 18:10:02 - DEBUG --> Archivo \components\com_jhotelreservation\classes\services\UserDataService.php 
2016-01-04 18:10:02 - DEBUG --> getUserData 
2016-01-04 18:10:02 - DEBUG --> Archivo \components\com_jhotelreservation\classes\services\UserDataService.php 
2016-01-04 18:10:02 - DEBUG --> initializeUserData 
2016-01-04 18:10:03 - DEBUG --> UserData first: N; 
2016-01-04 18:10:03 - DEBUG --> Archivo \components\com_jhotelreservation\classes\services\UserDataService.php 
2016-01-04 18:10:03 - DEBUG --> createUserData 
2016-01-04 18:10:03 - DEBUG --> UserData end:  a:0:{} 
2016-01-04 18:10:03 - DEBUG --> Archivo \components\com_jhotelreservation\classes\services\UserDataService.php 
2016-01-04 18:10:03 - DEBUG --> initializeUserData 
2016-01-04 18:10:03 - DEBUG --> UserData first: a:0:{} 
2016-01-04 18:10:03 - DEBUG --> UserData end:  a:0:{} 
2016-01-04 18:10:03 - DEBUG --> Archivo \components\com_jhotelreservation\classes\services\UserDataService.php 
2016-01-04 18:10:03 - DEBUG --> initializeReservationData 
2016-01-04 18:10:03 - DEBUG --> UserData: a:0:{} 
2016-01-04 18:10:03 - DEBUG --> Archivo \components\com_jhotelreservation\classes\services\UserDataService.php 
2016-01-04 18:10:03 - DEBUG --> updateUserData 
2016-01-04 18:10:03 - DEBUG --> Archivo \components\com_jhotelreservation\classes\services\UserDataService.php 
2016-01-04 18:10:03 - DEBUG --> getUserData 
2016-01-04 18:10:03 - DEBUG --> Archivo \components\com_jhotelreservation\classes\services\UserDataService.php 
2016-01-04 18:10:03 - DEBUG --> setCurrency 
2016-01-04 18:10:03 - DEBUG --> Archivo \components\com_jhotelreservation\classes\services\UserDataService.php 
2016-01-04 18:10:03 - DEBUG --> getUserData 
2016-01-04 18:10:03 - DEBUG --> Archivo \components\com_jhotelreservation\classes\services\UserDataService.php 
2016-01-04 18:10:03 - DEBUG --> getUserData 
2016-01-04 18:10:03 - DEBUG --> Archivo \components\com_jhotelreservation\classes\services\UserDataService.php 
2016-01-04 18:10:03 - DEBUG --> getUserData 
2016-01-04 18:10:03 - DEBUG --> Archivo \components\com_jhotelreservationiews\hotel	mpl\hoteloverview.php 
2016-01-04 18:10:03 - DEBUG --> Accedió 
2016-01-04 18:12:33 - DEBUG --> Archivo \components\com_jhotelreservation\classes\services\UserDataService.php 
2016-01-04 18:12:33 - DEBUG --> initializeUserData 
2016-01-04 18:12:33 - DEBUG --> UserData first: N; 
2016-01-04 18:12:33 - DEBUG --> Archivo \components\com_jhotelreservation\classes\services\UserDataService.php 
2016-01-04 18:12:33 - DEBUG --> createUserData 
2016-01-04 18:12:33 - DEBUG --> UserData end:  a:0:{} 
2016-01-04 18:12:33 - DEBUG --> Archivo \components\com_jhotelreservation\classes\services\UserDataService.php 
2016-01-04 18:12:33 - DEBUG --> initializeUserData 
2016-01-04 18:12:33 - DEBUG --> UserData first: a:0:{} 
2016-01-04 18:12:33 - DEBUG --> UserData end:  a:0:{} 
2016-01-04 18:12:33 - DEBUG --> Archivo \components\com_jhotelreservation\classes\services\UserDataService.php 
2016-01-04 18:12:33 - DEBUG --> initializeReservationData 
2016-01-04 18:12:33 - DEBUG --> UserData: a:0:{} 
2016-01-04 18:12:33 - DEBUG --> Archivo \components\com_jhotelreservation\classes\services\UserDataService.php 
2016-01-04 18:12:33 - DEBUG --> updateUserData 
2016-01-04 18:12:33 - DEBUG --> Archivo \components\com_jhotelreservation\classes\services\UserDataService.php 
2016-01-04 18:12:33 - DEBUG --> getUserData 
2016-01-04 18:12:33 - DEBUG --> Archivo \components\com_jhotelreservation\classes\services\UserDataService.php 
2016-01-04 18:12:33 - DEBUG --> setCurrency 
2016-01-04 18:12:33 - DEBUG --> Archivo \components\com_jhotelreservation\classes\services\UserDataService.php 
2016-01-04 18:12:33 - DEBUG --> getUserData 
2016-01-04 18:12:33 - DEBUG --> Archivo \components\com_jhotelreservation\classes\services\UserDataService.php 
2016-01-04 18:12:33 - DEBUG --> getUserData 
2016-01-04 18:12:33 - DEBUG --> Archivo \components\com_jhotelreservation\classes\services\UserDataService.php 
2016-01-04 18:12:33 - DEBUG --> getUserData 
2016-01-04 18:12:33 - DEBUG --> Archivo \components\com_jhotelreservationiews\hotel	mpl\hoteloverview.php 
2016-01-04 18:12:33 - DEBUG --> Accedió 
2016-01-04 18:12:34 - DEBUG --> Archivo \components\com_jhotelreservation\classes\services\UserDataService.php 
2016-01-04 18:12:34 - DEBUG --> initializeUserData 
2016-01-04 18:12:34 - DEBUG --> UserData first: N; 
2016-01-04 18:12:34 - DEBUG --> Archivo \components\com_jhotelreservation\classes\services\UserDataService.php 
2016-01-04 18:12:34 - DEBUG --> createUserData 
2016-01-04 18:12:34 - DEBUG --> UserData end:  a:0:{} 
2016-01-04 18:12:34 - DEBUG --> Archivo \components\com_jhotelreservation\classes\services\UserDataService.php 
2016-01-04 18:12:34 - DEBUG --> initializeUserData 
2016-01-04 18:12:34 - DEBUG --> UserData first: a:0:{} 
2016-01-04 18:12:34 - DEBUG --> UserData end:  a:0:{} 
2016-01-04 18:12:34 - DEBUG --> Archivo \components\com_jhotelreservation\classes\services\UserDataService.php 
2016-01-04 18:12:34 - DEBUG --> initializeReservationData 
2016-01-04 18:12:34 - DEBUG --> UserData: a:0:{} 
2016-01-04 18:12:34 - DEBUG --> Archivo \components\com_jhotelreservation\classes\services\UserDataService.php 
2016-01-04 18:12:34 - DEBUG --> updateUserData 
2016-01-04 18:12:34 - DEBUG --> Archivo \components\com_jhotelreservation\classes\services\UserDataService.php 
2016-01-04 18:12:34 - DEBUG --> getUserData 
2016-01-04 18:12:34 - DEBUG --> Archivo \components\com_jhotelreservation\classes\services\UserDataService.php 
2016-01-04 18:12:34 - DEBUG --> setCurrency 
2016-01-04 18:12:34 - DEBUG --> Archivo \components\com_jhotelreservation\classes\services\UserDataService.php 
2016-01-04 18:12:34 - DEBUG --> getUserData 
2016-01-04 18:12:34 - DEBUG --> Archivo \components\com_jhotelreservation\classes\services\UserDataService.php 
2016-01-04 18:12:34 - DEBUG --> getUserData 
2016-01-04 18:12:34 - DEBUG --> Archivo \components\com_jhotelreservation\classes\services\UserDataService.php 
2016-01-04 18:12:34 - DEBUG --> getUserData 
2016-01-04 18:12:34 - DEBUG --> Archivo \components\com_jhotelreservationiews\hotel	mpl\hoteloverview.php 
2016-01-04 18:12:34 - DEBUG --> Accedió 
2016-01-04 18:12:35 - DEBUG --> Archivo \components\com_jhotelreservation\classes\services\UserDataService.php 
2016-01-04 18:12:35 - DEBUG --> initializeUserData 
2016-01-04 18:12:35 - DEBUG --> UserData first: N; 
2016-01-04 18:12:35 - DEBUG --> Archivo \components\com_jhotelreservation\classes\services\UserDataService.php 
2016-01-04 18:12:35 - DEBUG --> createUserData 
2016-01-04 18:12:35 - DEBUG --> UserData end:  a:0:{} 
2016-01-04 18:12:35 - DEBUG --> Archivo \components\com_jhotelreservation\classes\services\UserDataService.php 
2016-01-04 18:12:35 - DEBUG --> initializeUserData 
2016-01-04 18:12:35 - DEBUG --> UserData first: a:0:{} 
2016-01-04 18:12:35 - DEBUG --> UserData end:  a:0:{} 
2016-01-04 18:12:35 - DEBUG --> Archivo \components\com_jhotelreservation\classes\services\UserDataService.php 
2016-01-04 18:12:35 - DEBUG --> initializeReservationData 
2016-01-04 18:12:35 - DEBUG --> UserData: a:0:{} 
2016-01-04 18:12:35 - DEBUG --> Archivo \components\com_jhotelreservation\classes\services\UserDataService.php 
2016-01-04 18:12:35 - DEBUG --> updateUserData 
2016-01-04 18:12:35 - DEBUG --> Archivo \components\com_jhotelreservation\classes\services\UserDataService.php 
2016-01-04 18:12:35 - DEBUG --> getUserData 
2016-01-04 18:12:35 - DEBUG --> Archivo \components\com_jhotelreservation\classes\services\UserDataService.php 
2016-01-04 18:12:35 - DEBUG --> setCurrency 
2016-01-04 18:12:35 - DEBUG --> Archivo \components\com_jhotelreservation\classes\services\UserDataService.php 
2016-01-04 18:12:35 - DEBUG --> getUserData 
2016-01-04 18:12:35 - DEBUG --> Archivo \components\com_jhotelreservation\classes\services\UserDataService.php 
2016-01-04 18:12:35 - DEBUG --> getUserData 
2016-01-04 18:12:35 - DEBUG --> Archivo \components\com_jhotelreservation\classes\services\UserDataService.php 
2016-01-04 18:12:35 - DEBUG --> getUserData 
2016-01-04 18:12:35 - DEBUG --> Archivo \components\com_jhotelreservationiews\hotel	mpl\hoteloverview.php 
2016-01-04 18:12:35 - DEBUG --> Accedió 
2016-01-04 18:22:06 - DEBUG --> Archivo \components\com_jhotelreservation\classes\services\UserDataService.php 
2016-01-04 18:22:06 - DEBUG --> initializeUserData 
2016-01-04 18:22:06 - DEBUG --> UserData first: N; 
2016-01-04 18:22:06 - DEBUG --> Archivo \components\com_jhotelreservation\classes\services\UserDataService.php 
2016-01-04 18:22:06 - DEBUG --> createUserData 
2016-01-04 18:22:06 - DEBUG --> UserData end:  a:0:{} 
2016-01-04 18:22:06 - DEBUG --> Archivo \components\com_jhotelreservation\classes\services\UserDataService.php 
2016-01-04 18:22:06 - DEBUG --> initializeUserData 
2016-01-04 18:22:06 - DEBUG --> UserData first: a:0:{} 
2016-01-04 18:22:06 - DEBUG --> UserData end:  a:0:{} 
2016-01-04 18:22:06 - DEBUG --> Archivo \components\com_jhotelreservation\classes\services\UserDataService.php 
2016-01-04 18:22:06 - DEBUG --> initializeReservationData 
2016-01-04 18:22:06 - DEBUG --> UserData: a:0:{} 
2016-01-04 18:22:06 - DEBUG --> Archivo \components\com_jhotelreservation\classes\services\UserDataService.php 
2016-01-04 18:22:06 - DEBUG --> updateUserData 
2016-01-04 18:22:06 - DEBUG --> Archivo \components\com_jhotelreservation\classes\services\UserDataService.php 
2016-01-04 18:22:06 - DEBUG --> getUserData 
2016-01-04 18:22:06 - DEBUG --> Archivo \components\com_jhotelreservation\classes\services\UserDataService.php 
2016-01-04 18:22:06 - DEBUG --> setCurrency 
2016-01-04 18:22:06 - DEBUG --> Archivo \components\com_jhotelreservation\classes\services\UserDataService.php 
2016-01-04 18:22:06 - DEBUG --> getUserData 
2016-01-04 18:22:06 - DEBUG --> Archivo \components\com_jhotelreservation\classes\services\UserDataService.php 
2016-01-04 18:22:06 - DEBUG --> getUserData 
2016-01-04 18:22:06 - DEBUG --> Archivo \components\com_jhotelreservation\classes\services\UserDataService.php 
2016-01-04 18:22:06 - DEBUG --> getUserData 
2016-01-04 18:22:07 - DEBUG --> Archivo \components\com_jhotelreservation\classes\services\UserDataService.php 
2016-01-04 18:22:07 - DEBUG --> initializeUserData 
2016-01-04 18:22:07 - DEBUG --> UserData first: N; 
2016-01-04 18:22:07 - DEBUG --> Archivo \components\com_jhotelreservation\classes\services\UserDataService.php 
2016-01-04 18:22:07 - DEBUG --> createUserData 
2016-01-04 18:22:07 - DEBUG --> UserData end:  a:0:{} 
2016-01-04 18:22:07 - DEBUG --> Archivo \components\com_jhotelreservation\classes\services\UserDataService.php 
2016-01-04 18:22:07 - DEBUG --> initializeUserData 
2016-01-04 18:22:07 - DEBUG --> UserData first: a:0:{} 
2016-01-04 18:22:07 - DEBUG --> UserData end:  a:0:{} 
2016-01-04 18:22:07 - DEBUG --> Archivo \components\com_jhotelreservation\classes\services\UserDataService.php 
2016-01-04 18:22:07 - DEBUG --> initializeReservationData 
2016-01-04 18:22:07 - DEBUG --> UserData: a:0:{} 
2016-01-04 18:22:07 - DEBUG --> Archivo \components\com_jhotelreservation\classes\services\UserDataService.php 
2016-01-04 18:22:07 - DEBUG --> updateUserData 
2016-01-04 18:22:07 - DEBUG --> Archivo \components\com_jhotelreservation\classes\services\UserDataService.php 
2016-01-04 18:22:07 - DEBUG --> getUserData 
2016-01-04 18:22:07 - DEBUG --> Archivo \components\com_jhotelreservation\classes\services\UserDataService.php 
2016-01-04 18:22:07 - DEBUG --> setCurrency 
2016-01-04 18:22:07 - DEBUG --> Archivo \components\com_jhotelreservation\classes\services\UserDataService.php 
2016-01-04 18:22:07 - DEBUG --> getUserData 
2016-01-04 18:22:07 - DEBUG --> Archivo \components\com_jhotelreservation\classes\services\UserDataService.php 
2016-01-04 18:22:07 - DEBUG --> getUserData 
2016-01-04 18:22:07 - DEBUG --> Archivo \components\com_jhotelreservation\classes\services\UserDataService.php 
2016-01-04 18:22:07 - DEBUG --> getUserData 
2016-01-04 18:24:35 - DEBUG --> Archivo \components\com_jhotelreservation\classes\services\UserDataService.php 
2016-01-04 18:24:35 - DEBUG --> initializeUserData 
2016-01-04 18:24:35 - DEBUG --> UserData first: N; 
2016-01-04 18:24:35 - DEBUG --> Archivo \components\com_jhotelreservation\classes\services\UserDataService.php 
2016-01-04 18:24:35 - DEBUG --> createUserData 
2016-01-04 18:24:35 - DEBUG --> UserData end:  a:0:{} 
2016-01-04 18:24:35 - DEBUG --> Archivo \components\com_jhotelreservation\classes\services\UserDataService.php 
2016-01-04 18:24:35 - DEBUG --> initializeUserData 
2016-01-04 18:24:35 - DEBUG --> UserData first: a:0:{} 
2016-01-04 18:24:35 - DEBUG --> UserData end:  a:0:{} 
2016-01-04 18:24:35 - DEBUG --> Archivo \components\com_jhotelreservation\classes\services\UserDataService.php 
2016-01-04 18:24:35 - DEBUG --> initializeReservationData 
2016-01-04 18:24:35 - DEBUG --> UserData: a:0:{} 
2016-01-04 18:24:35 - DEBUG --> Archivo \components\com_jhotelreservation\classes\services\UserDataService.php 
2016-01-04 18:24:35 - DEBUG --> updateUserData 
2016-01-04 18:24:35 - DEBUG --> Archivo \components\com_jhotelreservation\classes\services\UserDataService.php 
2016-01-04 18:24:35 - DEBUG --> getUserData 
2016-01-04 18:24:35 - DEBUG --> Archivo \components\com_jhotelreservation\classes\services\UserDataService.php 
2016-01-04 18:24:35 - DEBUG --> setCurrency 
2016-01-04 18:24:35 - DEBUG --> Archivo \components\com_jhotelreservation\classes\services\UserDataService.php 
2016-01-04 18:24:35 - DEBUG --> getUserData 
2016-01-04 18:24:35 - DEBUG --> Archivo \components\com_jhotelreservation\classes\services\UserDataService.php 
2016-01-04 18:24:35 - DEBUG --> getUserData 
2016-01-04 18:24:35 - DEBUG --> Archivo \components\com_jhotelreservation\classes\services\UserDataService.php 
2016-01-04 18:24:35 - DEBUG --> getUserData 
2016-01-04 18:24:35 - DEBUG --> Archivo \components\com_jhotelreservationiews\hotel	mpl\hoteloverview.php 
2016-01-04 18:24:35 - DEBUG --> Accedió 
2016-01-04 18:24:36 - DEBUG --> Archivo \components\com_jhotelreservation\classes\services\UserDataService.php 
2016-01-04 18:24:36 - DEBUG --> initializeUserData 
2016-01-04 18:24:36 - DEBUG --> UserData first: N; 
2016-01-04 18:24:36 - DEBUG --> Archivo \components\com_jhotelreservation\classes\services\UserDataService.php 
2016-01-04 18:24:36 - DEBUG --> createUserData 
2016-01-04 18:24:36 - DEBUG --> UserData end:  a:0:{} 
2016-01-04 18:24:36 - DEBUG --> Archivo \components\com_jhotelreservation\classes\services\UserDataService.php 
2016-01-04 18:24:36 - DEBUG --> initializeUserData 
2016-01-04 18:24:36 - DEBUG --> UserData first: a:0:{} 
2016-01-04 18:24:36 - DEBUG --> UserData end:  a:0:{} 
2016-01-04 18:24:36 - DEBUG --> Archivo \components\com_jhotelreservation\classes\services\UserDataService.php 
2016-01-04 18:24:36 - DEBUG --> initializeReservationData 
2016-01-04 18:24:36 - DEBUG --> UserData: a:0:{} 
2016-01-04 18:24:36 - DEBUG --> Archivo \components\com_jhotelreservation\classes\services\UserDataService.php 
2016-01-04 18:24:36 - DEBUG --> updateUserData 
2016-01-04 18:24:36 - DEBUG --> Archivo \components\com_jhotelreservation\classes\services\UserDataService.php 
2016-01-04 18:24:36 - DEBUG --> getUserData 
2016-01-04 18:24:36 - DEBUG --> Archivo \components\com_jhotelreservation\classes\services\UserDataService.php 
2016-01-04 18:24:36 - DEBUG --> setCurrency 
2016-01-04 18:24:36 - DEBUG --> Archivo \components\com_jhotelreservation\classes\services\UserDataService.php 
2016-01-04 18:24:36 - DEBUG --> getUserData 
2016-01-04 18:24:36 - DEBUG --> Archivo \components\com_jhotelreservation\classes\services\UserDataService.php 
2016-01-04 18:24:36 - DEBUG --> getUserData 
2016-01-04 18:24:36 - DEBUG --> Archivo \components\com_jhotelreservation\classes\services\UserDataService.php 
2016-01-04 18:24:36 - DEBUG --> getUserData 
2016-01-04 18:24:36 - DEBUG --> Archivo \components\com_jhotelreservationiews\hotel	mpl\hoteloverview.php 
2016-01-04 18:24:36 - DEBUG --> Accedió 
2016-01-04 18:24:37 - DEBUG --> Archivo \components\com_jhotelreservation\classes\services\UserDataService.php 
2016-01-04 18:24:37 - DEBUG --> initializeUserData 
2016-01-04 18:24:37 - DEBUG --> UserData first: N; 
2016-01-04 18:24:37 - DEBUG --> Archivo \components\com_jhotelreservation\classes\services\UserDataService.php 
2016-01-04 18:24:37 - DEBUG --> createUserData 
2016-01-04 18:24:37 - DEBUG --> UserData end:  a:0:{} 
2016-01-04 18:24:37 - DEBUG --> Archivo \components\com_jhotelreservation\classes\services\UserDataService.php 
2016-01-04 18:24:37 - DEBUG --> initializeUserData 
2016-01-04 18:24:37 - DEBUG --> UserData first: a:0:{} 
2016-01-04 18:24:37 - DEBUG --> UserData end:  a:0:{} 
2016-01-04 18:24:37 - DEBUG --> Archivo \components\com_jhotelreservation\classes\services\UserDataService.php 
2016-01-04 18:24:37 - DEBUG --> initializeReservationData 
2016-01-04 18:24:37 - DEBUG --> UserData: a:0:{} 
2016-01-04 18:24:37 - DEBUG --> Archivo \components\com_jhotelreservation\classes\services\UserDataService.php 
2016-01-04 18:24:37 - DEBUG --> updateUserData 
2016-01-04 18:24:37 - DEBUG --> Archivo \components\com_jhotelreservation\classes\services\UserDataService.php 
2016-01-04 18:24:37 - DEBUG --> getUserData 
2016-01-04 18:24:37 - DEBUG --> Archivo \components\com_jhotelreservation\classes\services\UserDataService.php 
2016-01-04 18:24:37 - DEBUG --> setCurrency 
2016-01-04 18:24:37 - DEBUG --> Archivo \components\com_jhotelreservation\classes\services\UserDataService.php 
2016-01-04 18:24:37 - DEBUG --> getUserData 
2016-01-04 18:24:37 - DEBUG --> Archivo \components\com_jhotelreservation\classes\services\UserDataService.php 
2016-01-04 18:24:37 - DEBUG --> getUserData 
2016-01-04 18:24:37 - DEBUG --> Archivo \components\com_jhotelreservation\classes\services\UserDataService.php 
2016-01-04 18:24:37 - DEBUG --> getUserData 
2016-01-04 18:24:37 - DEBUG --> Archivo \components\com_jhotelreservationiews\hotel	mpl\hoteloverview.php 
2016-01-04 18:24:37 - DEBUG --> Accedió 
2016-01-04 18:24:37 - DEBUG --> Archivo \components\com_jhotelreservation\classes\services\UserDataService.php 
2016-01-04 18:24:37 - DEBUG --> initializeUserData 
2016-01-04 18:24:37 - DEBUG --> UserData first: N; 
2016-01-04 18:24:37 - DEBUG --> Archivo \components\com_jhotelreservation\classes\services\UserDataService.php 
2016-01-04 18:24:37 - DEBUG --> createUserData 
2016-01-04 18:24:37 - DEBUG --> UserData end:  a:0:{} 
2016-01-04 18:24:37 - DEBUG --> Archivo \components\com_jhotelreservation\classes\services\UserDataService.php 
2016-01-04 18:24:37 - DEBUG --> initializeUserData 
2016-01-04 18:24:37 - DEBUG --> UserData first: a:0:{} 
2016-01-04 18:24:37 - DEBUG --> UserData end:  a:0:{} 
2016-01-04 18:24:37 - DEBUG --> Archivo \components\com_jhotelreservation\classes\services\UserDataService.php 
2016-01-04 18:24:37 - DEBUG --> initializeReservationData 
2016-01-04 18:24:37 - DEBUG --> UserData: a:0:{} 
2016-01-04 18:24:37 - DEBUG --> Archivo \components\com_jhotelreservation\classes\services\UserDataService.php 
2016-01-04 18:24:37 - DEBUG --> updateUserData 
2016-01-04 18:24:37 - DEBUG --> Archivo \components\com_jhotelreservation\classes\services\UserDataService.php 
2016-01-04 18:24:37 - DEBUG --> getUserData 
2016-01-04 18:24:37 - DEBUG --> Archivo \components\com_jhotelreservation\classes\services\UserDataService.php 
2016-01-04 18:24:37 - DEBUG --> setCurrency 
2016-01-04 18:24:37 - DEBUG --> Archivo \components\com_jhotelreservation\classes\services\UserDataService.php 
2016-01-04 18:24:37 - DEBUG --> getUserData 
2016-01-04 18:24:37 - DEBUG --> Archivo \components\com_jhotelreservation\classes\services\UserDataService.php 
2016-01-04 18:24:37 - DEBUG --> getUserData 
2016-01-04 18:24:37 - DEBUG --> Archivo \components\com_jhotelreservation\classes\services\UserDataService.php 
2016-01-04 18:24:37 - DEBUG --> getUserData 
2016-01-04 18:24:37 - DEBUG --> Archivo \components\com_jhotelreservationiews\hotel	mpl\hoteloverview.php 
2016-01-04 18:24:37 - DEBUG --> Accedió 
2016-01-04 19:31:44 - DEBUG --> Archivo \components\com_jhotelreservation\classes\services\UserDataService.php 
2016-01-04 19:31:44 - DEBUG --> initializeUserData 
2016-01-04 19:31:44 - DEBUG --> UserData first: N; 
2016-01-04 19:31:44 - DEBUG --> Archivo \components\com_jhotelreservation\classes\services\UserDataService.php 
2016-01-04 19:31:44 - DEBUG --> createUserData 
2016-01-04 19:31:44 - DEBUG --> UserData end:  a:0:{} 
2016-01-04 19:31:44 - DEBUG --> Archivo \components\com_jhotelreservation\classes\services\UserDataService.php 
2016-01-04 19:31:44 - DEBUG --> initializeUserData 
2016-01-04 19:31:44 - DEBUG --> UserData first: a:0:{} 
2016-01-04 19:31:44 - DEBUG --> UserData end:  a:0:{} 
2016-01-04 19:31:44 - DEBUG --> Archivo \components\com_jhotelreservation\classes\services\UserDataService.php 
2016-01-04 19:31:44 - DEBUG --> initializeReservationData 
2016-01-04 19:31:44 - DEBUG --> UserData: a:0:{} 
2016-01-04 19:31:44 - DEBUG --> Archivo \components\com_jhotelreservation\classes\services\UserDataService.php 
2016-01-04 19:31:44 - DEBUG --> updateUserData 
2016-01-04 19:31:44 - DEBUG --> Archivo \components\com_jhotelreservation\classes\services\UserDataService.php 
2016-01-04 19:31:44 - DEBUG --> getUserData 
2016-01-04 19:31:44 - DEBUG --> Archivo \components\com_jhotelreservation\classes\services\UserDataService.php 
2016-01-04 19:31:44 - DEBUG --> setCurrency 
2016-01-04 19:31:44 - DEBUG --> Archivo \components\com_jhotelreservation\classes\services\UserDataService.php 
2016-01-04 19:31:44 - DEBUG --> getUserData 
2016-01-04 19:31:44 - DEBUG --> Archivo \components\com_jhotelreservation\classes\services\UserDataService.php 
2016-01-04 19:31:44 - DEBUG --> getUserData 
2016-01-04 19:31:44 - DEBUG --> Archivo \components\com_jhotelreservation\classes\services\UserDataService.php 
2016-01-04 19:31:44 - DEBUG --> getUserData 
2016-01-04 19:31:44 - DEBUG --> Archivo \components\com_jhotelreservationiews\hotel	mpl\hoteloverview.php 
2016-01-04 19:31:44 - DEBUG --> Accedió 
2016-01-04 20:01:35 - DEBUG --> Archivo \components\com_jhotelreservation\classes\services\UserDataService.php 
2016-01-04 20:01:35 - DEBUG --> initializeUserData 
2016-01-04 20:01:35 - DEBUG --> UserData first: N; 
2016-01-04 20:01:35 - DEBUG --> Archivo \components\com_jhotelreservation\classes\services\UserDataService.php 
2016-01-04 20:01:35 - DEBUG --> createUserData 
2016-01-04 20:01:35 - DEBUG --> UserData end:  a:0:{} 
2016-01-04 20:01:35 - DEBUG --> Archivo \components\com_jhotelreservation\classes\services\UserDataService.php 
2016-01-04 20:01:35 - DEBUG --> initializeUserData 
2016-01-04 20:01:35 - DEBUG --> UserData first: a:0:{} 
2016-01-04 20:01:35 - DEBUG --> UserData end:  a:0:{} 
2016-01-04 20:01:35 - DEBUG --> Archivo \components\com_jhotelreservation\classes\services\UserDataService.php 
2016-01-04 20:01:35 - DEBUG --> initializeReservationData 
2016-01-04 20:01:35 - DEBUG --> UserData: a:0:{} 
2016-01-04 20:01:35 - DEBUG --> Archivo \components\com_jhotelreservation\classes\services\UserDataService.php 
2016-01-04 20:01:35 - DEBUG --> updateUserData 
2016-01-04 20:01:35 - DEBUG --> Archivo \components\com_jhotelreservation\classes\services\UserDataService.php 
2016-01-04 20:01:35 - DEBUG --> getUserData 
2016-01-04 20:01:35 - DEBUG --> Archivo \components\com_jhotelreservation\classes\services\UserDataService.php 
2016-01-04 20:01:35 - DEBUG --> setCurrency 
2016-01-04 20:01:35 - DEBUG --> Archivo \components\com_jhotelreservation\classes\services\UserDataService.php 
2016-01-04 20:01:35 - DEBUG --> getUserData 
2016-01-04 20:01:35 - DEBUG --> Archivo \components\com_jhotelreservation\classes\services\UserDataService.php 
2016-01-04 20:01:35 - DEBUG --> getUserData 
2016-01-04 20:01:35 - DEBUG --> Archivo \components\com_jhotelreservation\classes\services\UserDataService.php 
2016-01-04 20:01:35 - DEBUG --> getUserData 
