2015-08-11 0:25:54 - DEBUG --> Archivo \components\com_jhotelreservation\classes\services\UserDataService.php 
2015-08-11 0:25:54 - DEBUG --> initializeUserData 
2015-08-11 0:25:54 - DEBUG --> UserData first: N; 
2015-08-11 0:25:54 - DEBUG --> Archivo \components\com_jhotelreservation\classes\services\UserDataService.php 
2015-08-11 0:25:54 - DEBUG --> createUserData 
2015-08-11 0:25:54 - DEBUG --> UserData end:  a:0:{} 
2015-08-11 0:25:54 - DEBUG --> Archivo \components\com_jhotelreservation\classes\services\UserDataService.php 
2015-08-11 0:25:54 - DEBUG --> initializeUserData 
2015-08-11 0:25:54 - DEBUG --> UserData first: a:0:{} 
2015-08-11 0:25:54 - DEBUG --> UserData end:  a:0:{} 
2015-08-11 0:25:54 - DEBUG --> Archivo \components\com_jhotelreservation\classes\services\UserDataService.php 
2015-08-11 0:25:54 - DEBUG --> initializeReservationData 
2015-08-11 0:25:54 - DEBUG --> UserData: a:0:{} 
2015-08-11 0:25:54 - DEBUG --> Archivo \components\com_jhotelreservation\classes\services\UserDataService.php 
2015-08-11 0:25:54 - DEBUG --> updateUserData 
2015-08-11 0:25:54 - DEBUG --> Archivo \components\com_jhotelreservation\classes\services\UserDataService.php 
2015-08-11 0:25:54 - DEBUG --> getUserData 
2015-08-11 0:25:54 - DEBUG --> Archivo \components\com_jhotelreservation\classes\services\UserDataService.php 
2015-08-11 0:25:54 - DEBUG --> setCurrency 
2015-08-11 0:25:54 - DEBUG --> Archivo \components\com_jhotelreservation\classes\services\UserDataService.php 
2015-08-11 0:25:54 - DEBUG --> getUserData 
2015-08-11 0:25:54 - DEBUG --> Archivo \components\com_jhotelreservation\classes\services\UserDataService.php 
2015-08-11 0:25:54 - DEBUG --> getUserData 
2015-08-11 0:25:54 - DEBUG --> Archivo \components\com_jhotelreservation\classes\services\UserDataService.php 
2015-08-11 0:25:54 - DEBUG --> getUserData 
2015-08-11 0:25:54 - DEBUG --> Archivo \components\com_jhotelreservationiews\hotel	mpl\hoteloverview.php 
2015-08-11 0:25:54 - DEBUG --> Accedió 
2015-08-11 0:26:49 - DEBUG --> Archivo \components\com_jhotelreservation\classes\services\UserDataService.php 
2015-08-11 0:26:49 - DEBUG --> initializeUserData 
2015-08-11 0:26:49 - DEBUG --> UserData first: N; 
2015-08-11 0:26:49 - DEBUG --> Archivo \components\com_jhotelreservation\classes\services\UserDataService.php 
2015-08-11 0:26:49 - DEBUG --> createUserData 
2015-08-11 0:26:49 - DEBUG --> UserData end:  a:0:{} 
2015-08-11 0:26:49 - DEBUG --> Archivo \components\com_jhotelreservation\classes\services\UserDataService.php 
2015-08-11 0:26:49 - DEBUG --> initializeUserData 
2015-08-11 0:26:49 - DEBUG --> UserData first: a:0:{} 
2015-08-11 0:26:49 - DEBUG --> UserData end:  a:0:{} 
2015-08-11 0:26:49 - DEBUG --> Archivo \components\com_jhotelreservation\classes\services\UserDataService.php 
2015-08-11 0:26:49 - DEBUG --> initializeReservationData 
2015-08-11 0:26:49 - DEBUG --> UserData: a:0:{} 
2015-08-11 0:26:49 - DEBUG --> Archivo \components\com_jhotelreservation\classes\services\UserDataService.php 
2015-08-11 0:26:49 - DEBUG --> updateUserData 
2015-08-11 0:26:49 - DEBUG --> Archivo \components\com_jhotelreservation\classes\services\UserDataService.php 
2015-08-11 0:26:49 - DEBUG --> getUserData 
2015-08-11 0:26:49 - DEBUG --> Archivo \components\com_jhotelreservation\classes\services\UserDataService.php 
2015-08-11 0:26:49 - DEBUG --> setCurrency 
2015-08-11 0:26:49 - DEBUG --> Archivo \components\com_jhotelreservation\classes\services\UserDataService.php 
2015-08-11 0:26:49 - DEBUG --> getUserData 
2015-08-11 0:26:49 - DEBUG --> Archivo \components\com_jhotelreservation\classes\services\UserDataService.php 
2015-08-11 0:26:49 - DEBUG --> getUserData 
2015-08-11 0:26:49 - DEBUG --> Archivo \components\com_jhotelreservation\classes\services\UserDataService.php 
2015-08-11 0:26:49 - DEBUG --> getUserData 
2015-08-11 0:30:23 - DEBUG --> Archivo \components\com_jhotelreservation\classes\services\UserDataService.php 
2015-08-11 0:30:23 - DEBUG --> initializeUserData 
2015-08-11 0:30:23 - DEBUG --> UserData first: N; 
2015-08-11 0:30:23 - DEBUG --> Archivo \components\com_jhotelreservation\classes\services\UserDataService.php 
2015-08-11 0:30:23 - DEBUG --> createUserData 
2015-08-11 0:30:23 - DEBUG --> UserData end:  a:0:{} 
2015-08-11 0:30:23 - DEBUG --> Archivo \components\com_jhotelreservation\classes\services\UserDataService.php 
2015-08-11 0:30:23 - DEBUG --> initializeUserData 
2015-08-11 0:30:23 - DEBUG --> UserData first: a:0:{} 
2015-08-11 0:30:23 - DEBUG --> UserData end:  a:0:{} 
2015-08-11 0:30:23 - DEBUG --> Archivo \components\com_jhotelreservation\classes\services\UserDataService.php 
2015-08-11 0:30:23 - DEBUG --> initializeReservationData 
2015-08-11 0:30:23 - DEBUG --> UserData: a:0:{} 
2015-08-11 0:30:23 - DEBUG --> Archivo \components\com_jhotelreservation\classes\services\UserDataService.php 
2015-08-11 0:30:23 - DEBUG --> updateUserData 
2015-08-11 0:30:23 - DEBUG --> Archivo \components\com_jhotelreservation\classes\services\UserDataService.php 
2015-08-11 0:30:23 - DEBUG --> getUserData 
2015-08-11 0:30:23 - DEBUG --> Archivo \components\com_jhotelreservation\classes\services\UserDataService.php 
2015-08-11 0:30:23 - DEBUG --> setCurrency 
2015-08-11 0:30:23 - DEBUG --> Archivo \components\com_jhotelreservation\classes\services\UserDataService.php 
2015-08-11 0:30:23 - DEBUG --> getUserData 
2015-08-11 0:30:23 - DEBUG --> Archivo \components\com_jhotelreservation\classes\services\UserDataService.php 
2015-08-11 0:30:23 - DEBUG --> getUserData 
2015-08-11 0:30:23 - DEBUG --> Archivo \components\com_jhotelreservation\classes\services\UserDataService.php 
2015-08-11 0:30:23 - DEBUG --> getUserData 
2015-08-11 0:30:24 - DEBUG --> Archivo \components\com_jhotelreservation\classes\services\UserDataService.php 
2015-08-11 0:30:24 - DEBUG --> initializeUserData 
2015-08-11 0:30:24 - DEBUG --> UserData first: N; 
2015-08-11 0:30:24 - DEBUG --> Archivo \components\com_jhotelreservation\classes\services\UserDataService.php 
2015-08-11 0:30:24 - DEBUG --> createUserData 
2015-08-11 0:30:24 - DEBUG --> UserData end:  a:0:{} 
2015-08-11 0:30:24 - DEBUG --> Archivo \components\com_jhotelreservation\classes\services\UserDataService.php 
2015-08-11 0:30:24 - DEBUG --> initializeUserData 
2015-08-11 0:30:24 - DEBUG --> UserData first: a:0:{} 
2015-08-11 0:30:24 - DEBUG --> UserData end:  a:0:{} 
2015-08-11 0:30:24 - DEBUG --> Archivo \components\com_jhotelreservation\classes\services\UserDataService.php 
2015-08-11 0:30:24 - DEBUG --> initializeReservationData 
2015-08-11 0:30:24 - DEBUG --> UserData: a:0:{} 
2015-08-11 0:30:24 - DEBUG --> Archivo \components\com_jhotelreservation\classes\services\UserDataService.php 
2015-08-11 0:30:24 - DEBUG --> updateUserData 
2015-08-11 0:30:24 - DEBUG --> Archivo \components\com_jhotelreservation\classes\services\UserDataService.php 
2015-08-11 0:30:24 - DEBUG --> getUserData 
2015-08-11 0:30:24 - DEBUG --> Archivo \components\com_jhotelreservation\classes\services\UserDataService.php 
2015-08-11 0:30:24 - DEBUG --> setCurrency 
2015-08-11 0:30:24 - DEBUG --> Archivo \components\com_jhotelreservation\classes\services\UserDataService.php 
2015-08-11 0:30:24 - DEBUG --> getUserData 
2015-08-11 0:30:24 - DEBUG --> Archivo \components\com_jhotelreservation\classes\services\UserDataService.php 
2015-08-11 0:30:24 - DEBUG --> getUserData 
2015-08-11 0:30:24 - DEBUG --> Archivo \components\com_jhotelreservation\classes\services\UserDataService.php 
2015-08-11 0:30:24 - DEBUG --> getUserData 
2015-08-11 0:30:24 - DEBUG --> Archivo \components\com_jhotelreservationiews\hotel	mpl\hoteloverview.php 
2015-08-11 0:30:24 - DEBUG --> Accedió 
2015-08-11 1:16:51 - DEBUG --> Archivo \components\com_jhotelreservation\classes\services\UserDataService.php 
2015-08-11 1:16:51 - DEBUG --> initializeUserData 
2015-08-11 1:16:51 - DEBUG --> UserData first: N; 
2015-08-11 1:16:51 - DEBUG --> Archivo \components\com_jhotelreservation\classes\services\UserDataService.php 
2015-08-11 1:16:51 - DEBUG --> createUserData 
2015-08-11 1:16:51 - DEBUG --> UserData end:  a:0:{} 
2015-08-11 1:16:52 - DEBUG --> Archivo \components\com_jhotelreservation\classes\services\UserDataService.php 
2015-08-11 1:16:52 - DEBUG --> initializeUserData 
2015-08-11 1:16:52 - DEBUG --> UserData first: N; 
2015-08-11 1:16:52 - DEBUG --> Archivo \components\com_jhotelreservation\classes\services\UserDataService.php 
2015-08-11 1:16:52 - DEBUG --> createUserData 
2015-08-11 1:16:52 - DEBUG --> UserData end:  a:0:{} 
2015-08-11 1:16:52 - DEBUG --> Archivo \components\com_jhotelreservation\classes\services\UserDataService.php 
2015-08-11 1:16:52 - DEBUG --> initializeUserData 
2015-08-11 1:16:52 - DEBUG --> UserData first: a:0:{} 
2015-08-11 1:16:52 - DEBUG --> UserData end:  a:0:{} 
2015-08-11 1:16:52 - DEBUG --> Archivo \components\com_jhotelreservation\classes\services\UserDataService.php 
2015-08-11 1:16:52 - DEBUG --> initializeReservationData 
2015-08-11 1:16:52 - DEBUG --> UserData: a:0:{} 
2015-08-11 1:16:52 - DEBUG --> Archivo \components\com_jhotelreservation\classes\services\UserDataService.php 
2015-08-11 1:16:52 - DEBUG --> updateUserData 
2015-08-11 1:16:52 - DEBUG --> Archivo \components\com_jhotelreservation\classes\services\UserDataService.php 
2015-08-11 1:16:52 - DEBUG --> getUserData 
2015-08-11 1:16:52 - DEBUG --> Archivo \components\com_jhotelreservation\classes\services\UserDataService.php 
2015-08-11 1:16:52 - DEBUG --> setCurrency 
2015-08-11 1:16:52 - DEBUG --> Archivo \components\com_jhotelreservation\classes\services\UserDataService.php 
2015-08-11 1:16:52 - DEBUG --> getUserData 
2015-08-11 1:16:52 - DEBUG --> Archivo \components\com_jhotelreservation\classes\services\UserDataService.php 
2015-08-11 1:16:52 - DEBUG --> getUserData 
2015-08-11 1:16:52 - DEBUG --> Archivo \components\com_jhotelreservation\classes\services\UserDataService.php 
2015-08-11 1:16:52 - DEBUG --> getUserData 
2015-08-11 1:16:53 - DEBUG --> Archivo \components\com_jhotelreservation\classes\services\UserDataService.php 
2015-08-11 1:16:53 - DEBUG --> initializeUserData 
2015-08-11 1:16:53 - DEBUG --> UserData first: N; 
2015-08-11 1:16:53 - DEBUG --> Archivo \components\com_jhotelreservation\classes\services\UserDataService.php 
2015-08-11 1:16:53 - DEBUG --> createUserData 
2015-08-11 1:16:53 - DEBUG --> UserData end:  a:0:{} 
2015-08-11 1:16:53 - DEBUG --> Archivo \components\com_jhotelreservation\classes\services\UserDataService.php 
2015-08-11 1:16:53 - DEBUG --> initializeUserData 
2015-08-11 1:16:53 - DEBUG --> UserData first: a:0:{} 
2015-08-11 1:16:53 - DEBUG --> UserData end:  a:0:{} 
2015-08-11 1:16:53 - DEBUG --> Archivo \components\com_jhotelreservation\classes\services\UserDataService.php 
2015-08-11 1:16:53 - DEBUG --> initializeReservationData 
2015-08-11 1:16:53 - DEBUG --> UserData: a:0:{} 
2015-08-11 1:16:53 - DEBUG --> Archivo \components\com_jhotelreservation\classes\services\UserDataService.php 
2015-08-11 1:16:53 - DEBUG --> updateUserData 
2015-08-11 1:16:53 - DEBUG --> Archivo \components\com_jhotelreservation\classes\services\UserDataService.php 
2015-08-11 1:16:53 - DEBUG --> getUserData 
2015-08-11 1:16:53 - DEBUG --> Archivo \components\com_jhotelreservation\classes\services\UserDataService.php 
2015-08-11 1:16:53 - DEBUG --> setCurrency 
2015-08-11 1:16:53 - DEBUG --> Archivo \components\com_jhotelreservation\classes\services\UserDataService.php 
2015-08-11 1:16:53 - DEBUG --> getUserData 
2015-08-11 1:16:53 - DEBUG --> Archivo \components\com_jhotelreservation\classes\services\UserDataService.php 
2015-08-11 1:16:53 - DEBUG --> getUserData 
2015-08-11 1:16:53 - DEBUG --> Archivo \components\com_jhotelreservation\classes\services\UserDataService.php 
2015-08-11 1:16:53 - DEBUG --> getUserData 
2015-08-11 1:16:53 - DEBUG --> Archivo \components\com_jhotelreservationiews\hotel	mpl\hoteloverview.php 
2015-08-11 1:16:53 - DEBUG --> Accedió 
2015-08-11 5:42:21 - DEBUG --> Archivo \components\com_jhotelreservation\classes\services\UserDataService.php 
2015-08-11 5:42:21 - DEBUG --> initializeUserData 
2015-08-11 5:42:21 - DEBUG --> UserData first: N; 
2015-08-11 5:42:21 - DEBUG --> Archivo \components\com_jhotelreservation\classes\services\UserDataService.php 
2015-08-11 5:42:21 - DEBUG --> createUserData 
2015-08-11 5:42:21 - DEBUG --> UserData end:  a:0:{} 
2015-08-11 5:42:21 - DEBUG --> Archivo \components\com_jhotelreservation\classes\services\UserDataService.php 
2015-08-11 5:42:21 - DEBUG --> initializeUserData 
2015-08-11 5:42:21 - DEBUG --> UserData first: a:0:{} 
2015-08-11 5:42:21 - DEBUG --> UserData end:  a:0:{} 
2015-08-11 5:42:21 - DEBUG --> Archivo \components\com_jhotelreservation\classes\services\UserDataService.php 
2015-08-11 5:42:21 - DEBUG --> initializeReservationData 
2015-08-11 5:42:21 - DEBUG --> UserData: a:0:{} 
2015-08-11 5:42:21 - DEBUG --> Archivo \components\com_jhotelreservation\classes\services\UserDataService.php 
2015-08-11 5:42:21 - DEBUG --> updateUserData 
2015-08-11 5:42:21 - DEBUG --> Archivo \components\com_jhotelreservation\classes\services\UserDataService.php 
2015-08-11 5:42:21 - DEBUG --> getUserData 
2015-08-11 5:42:21 - DEBUG --> Archivo \components\com_jhotelreservation\classes\services\UserDataService.php 
2015-08-11 5:42:21 - DEBUG --> setCurrency 
2015-08-11 5:42:21 - DEBUG --> Archivo \components\com_jhotelreservation\classes\services\UserDataService.php 
2015-08-11 5:42:21 - DEBUG --> getUserData 
2015-08-11 5:42:21 - DEBUG --> Archivo \components\com_jhotelreservation\classes\services\UserDataService.php 
2015-08-11 5:42:21 - DEBUG --> getUserData 
2015-08-11 5:42:21 - DEBUG --> Archivo \components\com_jhotelreservation\classes\services\UserDataService.php 
2015-08-11 5:42:21 - DEBUG --> getUserData 
2015-08-11 5:42:21 - DEBUG --> Archivo \components\com_jhotelreservationiews\hotel	mpl\hoteloverview.php 
2015-08-11 5:42:21 - DEBUG --> Accedió 
2015-08-11 5:44:20 - DEBUG --> Archivo \components\com_jhotelreservation\classes\services\UserDataService.php 
2015-08-11 5:44:20 - DEBUG --> initializeUserData 
2015-08-11 5:44:20 - DEBUG --> UserData first: N; 
2015-08-11 5:44:20 - DEBUG --> Archivo \components\com_jhotelreservation\classes\services\UserDataService.php 
2015-08-11 5:44:20 - DEBUG --> createUserData 
2015-08-11 5:44:20 - DEBUG --> UserData end:  a:0:{} 
2015-08-11 5:44:20 - DEBUG --> Archivo \components\com_jhotelreservation\classes\services\UserDataService.php 
2015-08-11 5:44:20 - DEBUG --> initializeUserData 
2015-08-11 5:44:20 - DEBUG --> UserData first: a:0:{} 
2015-08-11 5:44:20 - DEBUG --> UserData end:  a:0:{} 
2015-08-11 5:44:20 - DEBUG --> Archivo \components\com_jhotelreservation\classes\services\UserDataService.php 
2015-08-11 5:44:20 - DEBUG --> initializeReservationData 
2015-08-11 5:44:20 - DEBUG --> UserData: a:0:{} 
2015-08-11 5:44:20 - DEBUG --> Archivo \components\com_jhotelreservation\classes\services\UserDataService.php 
2015-08-11 5:44:20 - DEBUG --> updateUserData 
2015-08-11 5:44:20 - DEBUG --> Archivo \components\com_jhotelreservation\classes\services\UserDataService.php 
2015-08-11 5:44:20 - DEBUG --> getUserData 
2015-08-11 5:44:20 - DEBUG --> Archivo \components\com_jhotelreservation\classes\services\UserDataService.php 
2015-08-11 5:44:20 - DEBUG --> setCurrency 
2015-08-11 5:44:20 - DEBUG --> Archivo \components\com_jhotelreservation\classes\services\UserDataService.php 
2015-08-11 5:44:20 - DEBUG --> getUserData 
2015-08-11 5:44:20 - DEBUG --> Archivo \components\com_jhotelreservation\classes\services\UserDataService.php 
2015-08-11 5:44:20 - DEBUG --> getUserData 
2015-08-11 5:44:20 - DEBUG --> Archivo \components\com_jhotelreservation\classes\services\UserDataService.php 
2015-08-11 5:44:20 - DEBUG --> getUserData 
2015-08-11 5:44:20 - DEBUG --> Archivo \components\com_jhotelreservationiews\hotel	mpl\hoteloverview.php 
2015-08-11 5:44:20 - DEBUG --> Accedió 
2015-08-11 5:46:23 - DEBUG --> Archivo \components\com_jhotelreservation\classes\services\UserDataService.php 
2015-08-11 5:46:23 - DEBUG --> initializeUserData 
2015-08-11 5:46:23 - DEBUG --> UserData first: N; 
2015-08-11 5:46:23 - DEBUG --> Archivo \components\com_jhotelreservation\classes\services\UserDataService.php 
2015-08-11 5:46:23 - DEBUG --> createUserData 
2015-08-11 5:46:23 - DEBUG --> UserData end:  a:0:{} 
2015-08-11 5:46:23 - DEBUG --> Archivo \components\com_jhotelreservation\classes\services\UserDataService.php 
2015-08-11 5:46:23 - DEBUG --> initializeUserData 
2015-08-11 5:46:23 - DEBUG --> UserData first: a:0:{} 
2015-08-11 5:46:23 - DEBUG --> UserData end:  a:0:{} 
2015-08-11 5:46:23 - DEBUG --> Archivo \components\com_jhotelreservation\classes\services\UserDataService.php 
2015-08-11 5:46:23 - DEBUG --> initializeReservationData 
2015-08-11 5:46:23 - DEBUG --> UserData: a:0:{} 
2015-08-11 5:46:23 - DEBUG --> Archivo \components\com_jhotelreservation\classes\services\UserDataService.php 
2015-08-11 5:46:23 - DEBUG --> updateUserData 
2015-08-11 5:46:23 - DEBUG --> Archivo \components\com_jhotelreservation\classes\services\UserDataService.php 
2015-08-11 5:46:23 - DEBUG --> getUserData 
2015-08-11 5:46:23 - DEBUG --> Archivo \components\com_jhotelreservation\classes\services\UserDataService.php 
2015-08-11 5:46:23 - DEBUG --> setCurrency 
2015-08-11 5:46:23 - DEBUG --> Archivo \components\com_jhotelreservation\classes\services\UserDataService.php 
2015-08-11 5:46:23 - DEBUG --> getUserData 
2015-08-11 5:46:23 - DEBUG --> Archivo \components\com_jhotelreservation\classes\services\UserDataService.php 
2015-08-11 5:46:23 - DEBUG --> getUserData 
2015-08-11 5:46:23 - DEBUG --> Archivo \components\com_jhotelreservation\classes\services\UserDataService.php 
2015-08-11 5:46:23 - DEBUG --> getUserData 
2015-08-11 5:49:41 - DEBUG --> Archivo \components\com_jhotelreservation\classes\services\UserDataService.php 
2015-08-11 5:49:41 - DEBUG --> initializeUserData 
2015-08-11 5:49:41 - DEBUG --> UserData first: N; 
2015-08-11 5:49:41 - DEBUG --> Archivo \components\com_jhotelreservation\classes\services\UserDataService.php 
2015-08-11 5:49:41 - DEBUG --> createUserData 
2015-08-11 5:49:41 - DEBUG --> UserData end:  a:0:{} 
2015-08-11 5:49:41 - DEBUG --> Archivo \components\com_jhotelreservation\classes\services\UserDataService.php 
2015-08-11 5:49:41 - DEBUG --> initializeUserData 
2015-08-11 5:49:41 - DEBUG --> UserData first: a:0:{} 
2015-08-11 5:49:41 - DEBUG --> UserData end:  a:0:{} 
2015-08-11 5:49:41 - DEBUG --> Archivo \components\com_jhotelreservation\classes\services\UserDataService.php 
2015-08-11 5:49:41 - DEBUG --> initializeReservationData 
2015-08-11 5:49:41 - DEBUG --> UserData: a:0:{} 
2015-08-11 5:49:41 - DEBUG --> Archivo \components\com_jhotelreservation\classes\services\UserDataService.php 
2015-08-11 5:49:41 - DEBUG --> updateUserData 
2015-08-11 5:49:41 - DEBUG --> Archivo \components\com_jhotelreservation\classes\services\UserDataService.php 
2015-08-11 5:49:41 - DEBUG --> getUserData 
2015-08-11 5:49:41 - DEBUG --> Archivo \components\com_jhotelreservation\classes\services\UserDataService.php 
2015-08-11 5:49:41 - DEBUG --> setCurrency 
2015-08-11 5:49:41 - DEBUG --> Archivo \components\com_jhotelreservation\classes\services\UserDataService.php 
2015-08-11 5:49:41 - DEBUG --> getUserData 
2015-08-11 5:49:41 - DEBUG --> Archivo \components\com_jhotelreservation\classes\services\UserDataService.php 
2015-08-11 5:49:41 - DEBUG --> getUserData 
2015-08-11 5:49:41 - DEBUG --> Archivo \components\com_jhotelreservation\classes\services\UserDataService.php 
2015-08-11 5:49:41 - DEBUG --> getUserData 
2015-08-11 5:49:41 - DEBUG --> Archivo \components\com_jhotelreservationiews\hotel	mpl\hoteloverview.php 
2015-08-11 5:49:41 - DEBUG --> Accedió 
2015-08-11 5:52:10 - DEBUG --> Archivo \components\com_jhotelreservation\classes\services\UserDataService.php 
2015-08-11 5:52:10 - DEBUG --> initializeUserData 
2015-08-11 5:52:10 - DEBUG --> UserData first: N; 
2015-08-11 5:52:10 - DEBUG --> Archivo \components\com_jhotelreservation\classes\services\UserDataService.php 
2015-08-11 5:52:10 - DEBUG --> createUserData 
2015-08-11 5:52:10 - DEBUG --> UserData end:  a:0:{} 
2015-08-11 5:52:10 - DEBUG --> Archivo \components\com_jhotelreservation\classes\services\UserDataService.php 
2015-08-11 5:52:10 - DEBUG --> initializeUserData 
2015-08-11 5:52:10 - DEBUG --> UserData first: a:0:{} 
2015-08-11 5:52:10 - DEBUG --> UserData end:  a:0:{} 
2015-08-11 5:52:10 - DEBUG --> Archivo \components\com_jhotelreservation\classes\services\UserDataService.php 
2015-08-11 5:52:10 - DEBUG --> initializeReservationData 
2015-08-11 5:52:10 - DEBUG --> UserData: a:0:{} 
2015-08-11 5:52:10 - DEBUG --> Archivo \components\com_jhotelreservation\classes\services\UserDataService.php 
2015-08-11 5:52:10 - DEBUG --> updateUserData 
2015-08-11 5:52:10 - DEBUG --> Archivo \components\com_jhotelreservation\classes\services\UserDataService.php 
2015-08-11 5:52:10 - DEBUG --> getUserData 
2015-08-11 5:52:10 - DEBUG --> Archivo \components\com_jhotelreservation\classes\services\UserDataService.php 
2015-08-11 5:52:10 - DEBUG --> setCurrency 
2015-08-11 5:52:10 - DEBUG --> Archivo \components\com_jhotelreservation\classes\services\UserDataService.php 
2015-08-11 5:52:10 - DEBUG --> getUserData 
2015-08-11 5:52:10 - DEBUG --> Archivo \components\com_jhotelreservation\classes\services\UserDataService.php 
2015-08-11 5:52:10 - DEBUG --> getUserData 
2015-08-11 5:52:10 - DEBUG --> Archivo \components\com_jhotelreservation\classes\services\UserDataService.php 
2015-08-11 5:52:10 - DEBUG --> getUserData 
2015-08-11 5:52:10 - DEBUG --> Archivo \components\com_jhotelreservationiews\hotel	mpl\hoteloverview.php 
2015-08-11 5:52:10 - DEBUG --> Accedió 
2015-08-11 5:52:15 - DEBUG --> Archivo \components\com_jhotelreservation\classes\services\UserDataService.php 
2015-08-11 5:52:15 - DEBUG --> initializeUserData 
2015-08-11 5:52:15 - DEBUG --> UserData first: N; 
2015-08-11 5:52:15 - DEBUG --> Archivo \components\com_jhotelreservation\classes\services\UserDataService.php 
2015-08-11 5:52:15 - DEBUG --> createUserData 
2015-08-11 5:52:15 - DEBUG --> UserData end:  a:0:{} 
2015-08-11 5:52:15 - DEBUG --> Archivo \components\com_jhotelreservation\classes\services\UserDataService.php 
2015-08-11 5:52:15 - DEBUG --> initializeUserData 
2015-08-11 5:52:15 - DEBUG --> UserData first: a:0:{} 
2015-08-11 5:52:15 - DEBUG --> UserData end:  a:0:{} 
2015-08-11 5:52:15 - DEBUG --> Archivo \components\com_jhotelreservation\classes\services\UserDataService.php 
2015-08-11 5:52:15 - DEBUG --> initializeReservationData 
2015-08-11 5:52:15 - DEBUG --> UserData: a:0:{} 
2015-08-11 5:52:15 - DEBUG --> Archivo \components\com_jhotelreservation\classes\services\UserDataService.php 
2015-08-11 5:52:15 - DEBUG --> updateUserData 
2015-08-11 5:52:15 - DEBUG --> Archivo \components\com_jhotelreservation\classes\services\UserDataService.php 
2015-08-11 5:52:15 - DEBUG --> getUserData 
2015-08-11 5:52:15 - DEBUG --> Archivo \components\com_jhotelreservation\classes\services\UserDataService.php 
2015-08-11 5:52:15 - DEBUG --> setCurrency 
2015-08-11 5:52:15 - DEBUG --> Archivo \components\com_jhotelreservation\classes\services\UserDataService.php 
2015-08-11 5:52:15 - DEBUG --> getUserData 
2015-08-11 5:52:15 - DEBUG --> Archivo \components\com_jhotelreservation\classes\services\UserDataService.php 
2015-08-11 5:52:15 - DEBUG --> getUserData 
2015-08-11 5:52:15 - DEBUG --> Archivo \components\com_jhotelreservation\classes\services\UserDataService.php 
2015-08-11 5:52:15 - DEBUG --> getUserData 
2015-08-11 5:52:15 - DEBUG --> Archivo \components\com_jhotelreservationiews\hotel	mpl\hoteloverview.php 
2015-08-11 5:52:15 - DEBUG --> Accedió 
2015-08-11 5:53:53 - DEBUG --> Archivo \components\com_jhotelreservation\classes\services\UserDataService.php 
2015-08-11 5:53:53 - DEBUG --> initializeUserData 
2015-08-11 5:53:53 - DEBUG --> UserData first: N; 
2015-08-11 5:53:53 - DEBUG --> Archivo \components\com_jhotelreservation\classes\services\UserDataService.php 
2015-08-11 5:53:53 - DEBUG --> createUserData 
2015-08-11 5:53:53 - DEBUG --> UserData end:  a:0:{} 
2015-08-11 5:53:53 - DEBUG --> Archivo \components\com_jhotelreservation\classes\services\UserDataService.php 
2015-08-11 5:53:53 - DEBUG --> initializeUserData 
2015-08-11 5:53:53 - DEBUG --> UserData first: a:0:{} 
2015-08-11 5:53:53 - DEBUG --> UserData end:  a:0:{} 
2015-08-11 5:53:53 - DEBUG --> Archivo \components\com_jhotelreservation\classes\services\UserDataService.php 
2015-08-11 5:53:53 - DEBUG --> initializeReservationData 
2015-08-11 5:53:53 - DEBUG --> UserData: a:0:{} 
2015-08-11 5:53:53 - DEBUG --> Archivo \components\com_jhotelreservation\classes\services\UserDataService.php 
2015-08-11 5:53:53 - DEBUG --> updateUserData 
2015-08-11 5:53:53 - DEBUG --> Archivo \components\com_jhotelreservation\classes\services\UserDataService.php 
2015-08-11 5:53:53 - DEBUG --> getUserData 
2015-08-11 5:53:53 - DEBUG --> Archivo \components\com_jhotelreservation\classes\services\UserDataService.php 
2015-08-11 5:53:53 - DEBUG --> setCurrency 
2015-08-11 5:53:53 - DEBUG --> Archivo \components\com_jhotelreservation\classes\services\UserDataService.php 
2015-08-11 5:53:53 - DEBUG --> getUserData 
2015-08-11 5:53:53 - DEBUG --> Archivo \components\com_jhotelreservation\classes\services\UserDataService.php 
2015-08-11 5:53:53 - DEBUG --> getUserData 
2015-08-11 5:53:53 - DEBUG --> Archivo \components\com_jhotelreservation\classes\services\UserDataService.php 
2015-08-11 5:53:53 - DEBUG --> getUserData 
2015-08-11 5:53:53 - DEBUG --> Archivo \components\com_jhotelreservationiews\hotel	mpl\hoteloverview.php 
2015-08-11 5:53:53 - DEBUG --> Accedió 
2015-08-11 5:54:52 - DEBUG --> Archivo \components\com_jhotelreservation\classes\services\UserDataService.php 
2015-08-11 5:54:52 - DEBUG --> initializeUserData 
2015-08-11 5:54:52 - DEBUG --> UserData first: N; 
2015-08-11 5:54:52 - DEBUG --> Archivo \components\com_jhotelreservation\classes\services\UserDataService.php 
2015-08-11 5:54:52 - DEBUG --> createUserData 
2015-08-11 5:54:52 - DEBUG --> UserData end:  a:0:{} 
2015-08-11 5:54:52 - DEBUG --> Archivo \components\com_jhotelreservation\classes\services\UserDataService.php 
2015-08-11 5:54:52 - DEBUG --> initializeUserData 
2015-08-11 5:54:52 - DEBUG --> UserData first: a:0:{} 
2015-08-11 5:54:52 - DEBUG --> UserData end:  a:0:{} 
2015-08-11 5:54:52 - DEBUG --> Archivo \components\com_jhotelreservation\classes\services\UserDataService.php 
2015-08-11 5:54:52 - DEBUG --> initializeReservationData 
2015-08-11 5:54:52 - DEBUG --> UserData: a:0:{} 
2015-08-11 5:54:52 - DEBUG --> Archivo \components\com_jhotelreservation\classes\services\UserDataService.php 
2015-08-11 5:54:52 - DEBUG --> updateUserData 
2015-08-11 5:54:52 - DEBUG --> Archivo \components\com_jhotelreservation\classes\services\UserDataService.php 
2015-08-11 5:54:52 - DEBUG --> getUserData 
2015-08-11 5:54:52 - DEBUG --> Archivo \components\com_jhotelreservation\classes\services\UserDataService.php 
2015-08-11 5:54:52 - DEBUG --> setCurrency 
2015-08-11 5:54:52 - DEBUG --> Archivo \components\com_jhotelreservation\classes\services\UserDataService.php 
2015-08-11 5:54:52 - DEBUG --> getUserData 
2015-08-11 5:54:52 - DEBUG --> Archivo \components\com_jhotelreservation\classes\services\UserDataService.php 
2015-08-11 5:54:52 - DEBUG --> getUserData 
2015-08-11 5:54:52 - DEBUG --> Archivo \components\com_jhotelreservation\classes\services\UserDataService.php 
2015-08-11 5:54:52 - DEBUG --> getUserData 
2015-08-11 5:54:52 - DEBUG --> Archivo \components\com_jhotelreservationiews\hotel	mpl\hoteloverview.php 
2015-08-11 5:54:52 - DEBUG --> Accedió 
2015-08-11 6:14:52 - DEBUG --> Archivo \components\com_jhotelreservation\classes\services\UserDataService.php 
2015-08-11 6:14:52 - DEBUG --> initializeUserData 
2015-08-11 6:14:52 - DEBUG --> UserData first: N; 
2015-08-11 6:14:52 - DEBUG --> Archivo \components\com_jhotelreservation\classes\services\UserDataService.php 
2015-08-11 6:14:52 - DEBUG --> createUserData 
2015-08-11 6:14:52 - DEBUG --> UserData end:  a:0:{} 
2015-08-11 6:14:52 - DEBUG --> Archivo \components\com_jhotelreservation\classes\services\UserDataService.php 
2015-08-11 6:14:52 - DEBUG --> initializeUserData 
2015-08-11 6:14:52 - DEBUG --> UserData first: a:0:{} 
2015-08-11 6:14:52 - DEBUG --> UserData end:  a:0:{} 
2015-08-11 6:14:52 - DEBUG --> Archivo \components\com_jhotelreservation\classes\services\UserDataService.php 
2015-08-11 6:14:52 - DEBUG --> initializeReservationData 
2015-08-11 6:14:52 - DEBUG --> UserData: a:0:{} 
2015-08-11 6:14:52 - DEBUG --> Archivo \components\com_jhotelreservation\classes\services\UserDataService.php 
2015-08-11 6:14:52 - DEBUG --> updateUserData 
2015-08-11 6:14:52 - DEBUG --> Archivo \components\com_jhotelreservation\classes\services\UserDataService.php 
2015-08-11 6:14:52 - DEBUG --> getUserData 
2015-08-11 6:14:52 - DEBUG --> Archivo \components\com_jhotelreservation\classes\services\UserDataService.php 
2015-08-11 6:14:52 - DEBUG --> setCurrency 
2015-08-11 6:14:52 - DEBUG --> Archivo \components\com_jhotelreservation\classes\services\UserDataService.php 
2015-08-11 6:14:52 - DEBUG --> getUserData 
2015-08-11 6:14:52 - DEBUG --> Archivo \components\com_jhotelreservation\classes\services\UserDataService.php 
2015-08-11 6:14:52 - DEBUG --> getUserData 
2015-08-11 6:14:52 - DEBUG --> Archivo \components\com_jhotelreservation\classes\services\UserDataService.php 
2015-08-11 6:14:52 - DEBUG --> getUserData 
2015-08-11 6:14:52 - DEBUG --> Archivo \components\com_jhotelreservationiews\hotel	mpl\hoteloverview.php 
2015-08-11 6:14:52 - DEBUG --> Accedió 
2015-08-11 11:53:44 - DEBUG --> Archivo \components\com_jhotelreservation\classes\services\UserDataService.php 
2015-08-11 11:53:44 - DEBUG --> initializeUserData 
2015-08-11 11:53:44 - DEBUG --> UserData first: N; 
2015-08-11 11:53:44 - DEBUG --> Archivo \components\com_jhotelreservation\classes\services\UserDataService.php 
2015-08-11 11:53:44 - DEBUG --> createUserData 
2015-08-11 11:53:44 - DEBUG --> UserData end:  a:0:{} 
2015-08-11 11:53:44 - DEBUG --> Archivo \components\com_jhotelreservation\classes\services\UserDataService.php 
2015-08-11 11:53:44 - DEBUG --> initializeUserData 
2015-08-11 11:53:44 - DEBUG --> UserData first: a:0:{} 
2015-08-11 11:53:44 - DEBUG --> UserData end:  a:0:{} 
2015-08-11 11:53:44 - DEBUG --> Archivo \components\com_jhotelreservation\classes\services\UserDataService.php 
2015-08-11 11:53:44 - DEBUG --> initializeReservationData 
2015-08-11 11:53:44 - DEBUG --> UserData: a:0:{} 
2015-08-11 11:53:44 - DEBUG --> Archivo \components\com_jhotelreservation\classes\services\UserDataService.php 
2015-08-11 11:53:44 - DEBUG --> updateUserData 
2015-08-11 11:53:44 - DEBUG --> Archivo \components\com_jhotelreservation\classes\services\UserDataService.php 
2015-08-11 11:53:44 - DEBUG --> getUserData 
2015-08-11 11:53:44 - DEBUG --> Archivo \components\com_jhotelreservation\classes\services\UserDataService.php 
2015-08-11 11:53:44 - DEBUG --> setCurrency 
2015-08-11 11:53:44 - DEBUG --> Archivo \components\com_jhotelreservation\classes\services\UserDataService.php 
2015-08-11 11:53:44 - DEBUG --> getUserData 
2015-08-11 11:53:44 - DEBUG --> Archivo \components\com_jhotelreservation\classes\services\UserDataService.php 
2015-08-11 11:53:44 - DEBUG --> getUserData 
2015-08-11 11:53:44 - DEBUG --> Archivo \components\com_jhotelreservation\classes\services\UserDataService.php 
2015-08-11 11:53:44 - DEBUG --> getUserData 
2015-08-11 11:53:44 - DEBUG --> Archivo \components\com_jhotelreservationiews\hotel	mpl\hoteloverview.php 
2015-08-11 11:53:44 - DEBUG --> Accedió 
2015-08-11 14:23:45 - DEBUG --> Archivo \components\com_jhotelreservation\classes\services\UserDataService.php 
2015-08-11 14:23:45 - DEBUG --> initializeUserData 
2015-08-11 14:23:45 - DEBUG --> UserData first: N; 
2015-08-11 14:23:45 - DEBUG --> Archivo \components\com_jhotelreservation\classes\services\UserDataService.php 
2015-08-11 14:23:45 - DEBUG --> createUserData 
2015-08-11 14:23:45 - DEBUG --> UserData end:  a:0:{} 
2015-08-11 14:23:45 - DEBUG --> Archivo \components\com_jhotelreservation\classes\services\UserDataService.php 
2015-08-11 14:23:45 - DEBUG --> initializeUserData 
2015-08-11 14:23:45 - DEBUG --> UserData first: a:0:{} 
2015-08-11 14:23:45 - DEBUG --> UserData end:  a:0:{} 
2015-08-11 14:23:45 - DEBUG --> Archivo \components\com_jhotelreservation\classes\services\UserDataService.php 
2015-08-11 14:23:45 - DEBUG --> initializeReservationData 
2015-08-11 14:23:45 - DEBUG --> UserData: a:0:{} 
2015-08-11 14:23:45 - DEBUG --> Archivo \components\com_jhotelreservation\classes\services\UserDataService.php 
2015-08-11 14:23:45 - DEBUG --> updateUserData 
2015-08-11 14:23:45 - DEBUG --> Archivo \components\com_jhotelreservation\classes\services\UserDataService.php 
2015-08-11 14:23:45 - DEBUG --> getUserData 
2015-08-11 14:23:45 - DEBUG --> Archivo \components\com_jhotelreservation\classes\services\UserDataService.php 
2015-08-11 14:23:45 - DEBUG --> setCurrency 
2015-08-11 14:23:45 - DEBUG --> Archivo \components\com_jhotelreservation\classes\services\UserDataService.php 
2015-08-11 14:23:45 - DEBUG --> getUserData 
2015-08-11 14:23:45 - DEBUG --> Archivo \components\com_jhotelreservation\classes\services\UserDataService.php 
2015-08-11 14:23:45 - DEBUG --> getUserData 
2015-08-11 14:23:45 - DEBUG --> Archivo \components\com_jhotelreservation\classes\services\UserDataService.php 
2015-08-11 14:23:45 - DEBUG --> getUserData 
2015-08-11 14:23:45 - DEBUG --> Archivo \components\com_jhotelreservationiews\hotel	mpl\hoteloverview.php 
2015-08-11 14:23:45 - DEBUG --> Accedió 
2015-08-11 15:04:40 - DEBUG --> Archivo \components\com_jhotelreservation\classes\services\UserDataService.php 
2015-08-11 15:04:40 - DEBUG --> initializeUserData 
2015-08-11 15:04:40 - DEBUG --> UserData first: N; 
2015-08-11 15:04:40 - DEBUG --> Archivo \components\com_jhotelreservation\classes\services\UserDataService.php 
2015-08-11 15:04:40 - DEBUG --> createUserData 
2015-08-11 15:04:40 - DEBUG --> UserData end:  a:0:{} 
2015-08-11 15:04:40 - DEBUG --> Archivo \components\com_jhotelreservation\classes\services\UserDataService.php 
2015-08-11 15:04:40 - DEBUG --> initializeUserData 
2015-08-11 15:04:40 - DEBUG --> UserData first: a:0:{} 
2015-08-11 15:04:40 - DEBUG --> UserData end:  a:0:{} 
2015-08-11 15:04:40 - DEBUG --> Archivo \components\com_jhotelreservation\classes\services\UserDataService.php 
2015-08-11 15:04:40 - DEBUG --> initializeReservationData 
2015-08-11 15:04:40 - DEBUG --> UserData: a:0:{} 
2015-08-11 15:04:40 - DEBUG --> Archivo \components\com_jhotelreservation\classes\services\UserDataService.php 
2015-08-11 15:04:40 - DEBUG --> updateUserData 
2015-08-11 15:04:40 - DEBUG --> Archivo \components\com_jhotelreservation\classes\services\UserDataService.php 
2015-08-11 15:04:40 - DEBUG --> getUserData 
2015-08-11 15:04:40 - DEBUG --> Archivo \components\com_jhotelreservation\classes\services\UserDataService.php 
2015-08-11 15:04:40 - DEBUG --> setCurrency 
2015-08-11 15:04:40 - DEBUG --> Archivo \components\com_jhotelreservation\classes\services\UserDataService.php 
2015-08-11 15:04:40 - DEBUG --> getUserData 
2015-08-11 15:04:40 - DEBUG --> Archivo \components\com_jhotelreservation\classes\services\UserDataService.php 
2015-08-11 15:04:40 - DEBUG --> getUserData 
2015-08-11 15:04:40 - DEBUG --> Archivo \components\com_jhotelreservation\classes\services\UserDataService.php 
2015-08-11 15:04:40 - DEBUG --> getUserData 
2015-08-11 15:04:40 - DEBUG --> Archivo \components\com_jhotelreservationiews\hotel	mpl\hoteloverview.php 
2015-08-11 15:04:40 - DEBUG --> Accedió 
2015-08-11 15:08:48 - DEBUG --> Archivo \components\com_jhotelreservation\classes\services\UserDataService.php 
2015-08-11 15:08:48 - DEBUG --> initializeUserData 
2015-08-11 15:08:48 - DEBUG --> UserData first: N; 
2015-08-11 15:08:48 - DEBUG --> Archivo \components\com_jhotelreservation\classes\services\UserDataService.php 
2015-08-11 15:08:48 - DEBUG --> createUserData 
2015-08-11 15:08:48 - DEBUG --> UserData end:  a:0:{} 
2015-08-11 15:08:48 - DEBUG --> Archivo \components\com_jhotelreservation\classes\services\UserDataService.php 
2015-08-11 15:08:48 - DEBUG --> initializeUserData 
2015-08-11 15:08:48 - DEBUG --> UserData first: a:0:{} 
2015-08-11 15:08:48 - DEBUG --> UserData end:  a:0:{} 
2015-08-11 15:08:48 - DEBUG --> Archivo \components\com_jhotelreservation\classes\services\UserDataService.php 
2015-08-11 15:08:48 - DEBUG --> initializeReservationData 
2015-08-11 15:08:48 - DEBUG --> UserData: a:0:{} 
2015-08-11 15:08:48 - DEBUG --> Archivo \components\com_jhotelreservation\classes\services\UserDataService.php 
2015-08-11 15:08:48 - DEBUG --> updateUserData 
2015-08-11 15:08:48 - DEBUG --> Archivo \components\com_jhotelreservation\classes\services\UserDataService.php 
2015-08-11 15:08:48 - DEBUG --> getUserData 
2015-08-11 15:08:48 - DEBUG --> Archivo \components\com_jhotelreservation\classes\services\UserDataService.php 
2015-08-11 15:08:48 - DEBUG --> setCurrency 
2015-08-11 15:08:48 - DEBUG --> Archivo \components\com_jhotelreservation\classes\services\UserDataService.php 
2015-08-11 15:08:48 - DEBUG --> getUserData 
2015-08-11 15:08:48 - DEBUG --> Archivo \components\com_jhotelreservation\classes\services\UserDataService.php 
2015-08-11 15:08:48 - DEBUG --> getUserData 
2015-08-11 15:08:48 - DEBUG --> Archivo \components\com_jhotelreservation\classes\services\UserDataService.php 
2015-08-11 15:08:48 - DEBUG --> getUserData 
2015-08-11 15:08:48 - DEBUG --> Archivo \components\com_jhotelreservationiews\hotel	mpl\hoteloverview.php 
2015-08-11 15:08:48 - DEBUG --> Accedió 
2015-08-11 15:13:47 - DEBUG --> Archivo \components\com_jhotelreservation\classes\services\UserDataService.php 
2015-08-11 15:13:47 - DEBUG --> initializeUserData 
2015-08-11 15:13:47 - DEBUG --> UserData first: N; 
2015-08-11 15:13:47 - DEBUG --> Archivo \components\com_jhotelreservation\classes\services\UserDataService.php 
2015-08-11 15:13:47 - DEBUG --> createUserData 
2015-08-11 15:13:47 - DEBUG --> UserData end:  a:0:{} 
2015-08-11 15:13:47 - DEBUG --> Archivo \components\com_jhotelreservation\classes\services\UserDataService.php 
2015-08-11 15:13:47 - DEBUG --> initializeUserData 
2015-08-11 15:13:47 - DEBUG --> UserData first: a:0:{} 
2015-08-11 15:13:47 - DEBUG --> UserData end:  a:0:{} 
2015-08-11 15:13:47 - DEBUG --> Archivo \components\com_jhotelreservation\classes\services\UserDataService.php 
2015-08-11 15:13:47 - DEBUG --> initializeReservationData 
2015-08-11 15:13:47 - DEBUG --> UserData: a:0:{} 
2015-08-11 15:13:47 - DEBUG --> Archivo \components\com_jhotelreservation\classes\services\UserDataService.php 
2015-08-11 15:13:47 - DEBUG --> updateUserData 
2015-08-11 15:13:47 - DEBUG --> Archivo \components\com_jhotelreservation\classes\services\UserDataService.php 
2015-08-11 15:13:47 - DEBUG --> getUserData 
2015-08-11 15:13:47 - DEBUG --> Archivo \components\com_jhotelreservation\classes\services\UserDataService.php 
2015-08-11 15:13:47 - DEBUG --> setCurrency 
2015-08-11 15:13:47 - DEBUG --> Archivo \components\com_jhotelreservation\classes\services\UserDataService.php 
2015-08-11 15:13:47 - DEBUG --> getUserData 
2015-08-11 15:13:47 - DEBUG --> Archivo \components\com_jhotelreservation\classes\services\UserDataService.php 
2015-08-11 15:13:47 - DEBUG --> getUserData 
2015-08-11 15:13:47 - DEBUG --> Archivo \components\com_jhotelreservation\classes\services\UserDataService.php 
2015-08-11 15:13:47 - DEBUG --> getUserData 
2015-08-11 15:13:47 - DEBUG --> Archivo \components\com_jhotelreservationiews\hotel	mpl\hoteloverview.php 
2015-08-11 15:13:47 - DEBUG --> Accedió 
2015-08-11 15:42:50 - DEBUG --> Archivo \components\com_jhotelreservation\classes\services\UserDataService.php 
2015-08-11 15:42:50 - DEBUG --> initializeUserData 
2015-08-11 15:42:50 - DEBUG --> UserData first: N; 
2015-08-11 15:42:50 - DEBUG --> Archivo \components\com_jhotelreservation\classes\services\UserDataService.php 
2015-08-11 15:42:50 - DEBUG --> createUserData 
2015-08-11 15:42:50 - DEBUG --> UserData end:  a:0:{} 
2015-08-11 15:42:50 - DEBUG --> Archivo \components\com_jhotelreservation\classes\services\UserDataService.php 
2015-08-11 15:42:50 - DEBUG --> initializeUserData 
2015-08-11 15:42:50 - DEBUG --> UserData first: a:0:{} 
2015-08-11 15:42:50 - DEBUG --> UserData end:  a:0:{} 
2015-08-11 15:42:50 - DEBUG --> Archivo \components\com_jhotelreservation\classes\services\UserDataService.php 
2015-08-11 15:42:50 - DEBUG --> initializeReservationData 
2015-08-11 15:42:50 - DEBUG --> UserData: a:0:{} 
2015-08-11 15:42:50 - DEBUG --> Archivo \components\com_jhotelreservation\classes\services\UserDataService.php 
2015-08-11 15:42:50 - DEBUG --> updateUserData 
2015-08-11 15:42:50 - DEBUG --> Archivo \components\com_jhotelreservation\classes\services\UserDataService.php 
2015-08-11 15:42:50 - DEBUG --> getUserData 
2015-08-11 15:42:50 - DEBUG --> Archivo \components\com_jhotelreservation\classes\services\UserDataService.php 
2015-08-11 15:42:50 - DEBUG --> setCurrency 
2015-08-11 15:42:50 - DEBUG --> Archivo \components\com_jhotelreservation\classes\services\UserDataService.php 
2015-08-11 15:42:50 - DEBUG --> getUserData 
2015-08-11 15:42:50 - DEBUG --> Archivo \components\com_jhotelreservation\classes\services\UserDataService.php 
2015-08-11 15:42:50 - DEBUG --> getUserData 
2015-08-11 15:42:50 - DEBUG --> Archivo \components\com_jhotelreservation\classes\services\UserDataService.php 
2015-08-11 15:42:50 - DEBUG --> getUserData 
2015-08-11 17:16:46 - DEBUG --> Archivo \components\com_jhotelreservation\classes\services\UserDataService.php 
2015-08-11 17:16:46 - DEBUG --> initializeUserData 
2015-08-11 17:16:46 - DEBUG --> UserData first: N; 
2015-08-11 17:16:46 - DEBUG --> Archivo \components\com_jhotelreservation\classes\services\UserDataService.php 
2015-08-11 17:16:46 - DEBUG --> createUserData 
2015-08-11 17:16:46 - DEBUG --> UserData end:  a:0:{} 
2015-08-11 17:16:46 - DEBUG --> Archivo \components\com_jhotelreservation\classes\services\UserDataService.php 
2015-08-11 17:16:46 - DEBUG --> initializeUserData 
2015-08-11 17:16:46 - DEBUG --> UserData first: a:0:{} 
2015-08-11 17:16:46 - DEBUG --> UserData end:  a:0:{} 
2015-08-11 17:16:46 - DEBUG --> Archivo \components\com_jhotelreservation\classes\services\UserDataService.php 
2015-08-11 17:16:46 - DEBUG --> initializeReservationData 
2015-08-11 17:16:46 - DEBUG --> UserData: a:0:{} 
2015-08-11 17:16:46 - DEBUG --> Archivo \components\com_jhotelreservation\classes\services\UserDataService.php 
2015-08-11 17:16:46 - DEBUG --> updateUserData 
2015-08-11 17:16:46 - DEBUG --> Archivo \components\com_jhotelreservation\classes\services\UserDataService.php 
2015-08-11 17:16:46 - DEBUG --> getUserData 
2015-08-11 17:16:46 - DEBUG --> Archivo \components\com_jhotelreservation\classes\services\UserDataService.php 
2015-08-11 17:16:46 - DEBUG --> setCurrency 
2015-08-11 17:16:46 - DEBUG --> Archivo \components\com_jhotelreservation\classes\services\UserDataService.php 
2015-08-11 17:16:46 - DEBUG --> getUserData 
2015-08-11 17:16:46 - DEBUG --> Archivo \components\com_jhotelreservation\classes\services\UserDataService.php 
2015-08-11 17:16:46 - DEBUG --> getUserData 
2015-08-11 17:16:46 - DEBUG --> Archivo \components\com_jhotelreservation\classes\services\UserDataService.php 
2015-08-11 17:16:46 - DEBUG --> getUserData 
2015-08-11 17:16:47 - DEBUG --> Archivo \components\com_jhotelreservationiews\hotel	mpl\hoteloverview.php 
2015-08-11 17:16:47 - DEBUG --> Accedió 
2015-08-11 20:27:02 - DEBUG --> Archivo \components\com_jhotelreservation\classes\services\UserDataService.php 
2015-08-11 20:27:02 - DEBUG --> initializeUserData 
2015-08-11 20:27:02 - DEBUG --> UserData first: a:0:{} 
2015-08-11 20:27:02 - DEBUG --> UserData end:  a:0:{} 
2015-08-11 20:27:11 - DEBUG --> Archivo \components\com_jhotelreservation\classes\services\UserDataService.php 
2015-08-11 20:27:11 - DEBUG --> initializeUserData 
2015-08-11 20:27:11 - DEBUG --> UserData first: a:0:{} 
2015-08-11 20:27:11 - DEBUG --> Archivo \components\com_jhotelreservation\classes\services\UserDataService.php 
2015-08-11 20:27:11 - DEBUG --> createUserData 
2015-08-11 20:27:11 - DEBUG --> voucher:  
2015-08-11 20:27:11 - DEBUG --> UserData end:  a:0:{} 
2015-08-11 20:27:11 - DEBUG --> Archivo \components\com_jhotelreservation\classes\services\UserDataService.php 
2015-08-11 20:27:11 - DEBUG --> initializeUserData 
2015-08-11 20:27:11 - DEBUG --> UserData first: a:0:{} 
2015-08-11 20:27:11 - DEBUG --> Archivo \components\com_jhotelreservation\classes\services\UserDataService.php 
2015-08-11 20:27:11 - DEBUG --> createUserData 
2015-08-11 20:27:11 - DEBUG --> voucher:  
2015-08-11 20:27:11 - DEBUG --> UserData end:  a:0:{} 
2015-08-11 20:27:28 - DEBUG --> Archivo \components\com_jhotelreservation\classes\services\UserDataService.php 
2015-08-11 20:27:28 - DEBUG --> initializeUserData 
2015-08-11 20:27:28 - DEBUG --> UserData first: a:0:{} 
2015-08-11 20:27:28 - DEBUG --> UserData end:  a:0:{} 
2015-08-11 20:27:28 - DEBUG --> Archivo \components\com_jhotelreservation\classes\services\UserDataService.php 
2015-08-11 20:27:28 - DEBUG --> initializeUserData 
2015-08-11 20:27:28 - DEBUG --> UserData first: a:0:{} 
2015-08-11 20:27:28 - DEBUG --> UserData end:  a:0:{} 
2015-08-11 20:27:28 - DEBUG --> Archivo \components\com_jhotelreservation\classes\services\UserDataService.php 
2015-08-11 20:27:28 - DEBUG --> initializeReservationData 
2015-08-11 20:27:28 - DEBUG --> UserData: a:0:{} 
2015-08-11 20:27:28 - DEBUG --> Archivo \components\com_jhotelreservation\classes\services\UserDataService.php 
2015-08-11 20:27:28 - DEBUG --> updateUserData 
2015-08-11 20:27:28 - DEBUG --> Archivo \components\com_jhotelreservation\classes\services\UserDataService.php 
2015-08-11 20:27:28 - DEBUG --> getUserData 
2015-08-11 20:27:28 - DEBUG --> Archivo \components\com_jhotelreservation\classes\services\UserDataService.php 
2015-08-11 20:27:28 - DEBUG --> setCurrency 
2015-08-11 20:27:28 - DEBUG --> Archivo \components\com_jhotelreservation\classes\services\UserDataService.php 
2015-08-11 20:27:28 - DEBUG --> getUserData 
2015-08-11 20:27:28 - DEBUG --> Archivo \components\com_jhotelreservation\classes\services\UserDataService.php 
2015-08-11 20:27:28 - DEBUG --> getUserData 
2015-08-11 20:27:28 - DEBUG --> Archivo \components\com_jhotelreservation\classes\services\UserDataService.php 
2015-08-11 20:27:28 - DEBUG --> getUserData 
2015-08-11 20:27:28 - DEBUG --> Archivo \components\com_jhotelreservationiews\hotel	mpl\hoteloverview.php 
2015-08-11 20:27:28 - DEBUG --> Accedió 
2015-08-11 20:30:54 - DEBUG --> Archivo \components\com_jhotelreservation\classes\services\UserDataService.php 
2015-08-11 20:30:54 - DEBUG --> initializeUserData 
2015-08-11 20:30:54 - DEBUG --> UserData first: a:0:{} 
2015-08-11 20:30:54 - DEBUG --> UserData end:  a:0:{} 
2015-08-11 20:30:54 - DEBUG --> Archivo \components\com_jhotelreservation\classes\services\UserDataService.php 
2015-08-11 20:30:54 - DEBUG --> initializeUserData 
2015-08-11 20:30:54 - DEBUG --> UserData first: a:0:{} 
2015-08-11 20:30:54 - DEBUG --> Archivo \components\com_jhotelreservation\classes\services\UserDataService.php 
2015-08-11 20:30:54 - DEBUG --> createUserData 
2015-08-11 20:30:54 - DEBUG --> voucher:  
2015-08-11 20:30:54 - DEBUG --> UserData end:  a:0:{} 
2015-08-11 20:30:54 - DEBUG --> Archivo \components\com_jhotelreservation\classes\services\UserDataService.php 
2015-08-11 20:30:54 - DEBUG --> initializeUserData 
2015-08-11 20:30:54 - DEBUG --> UserData first: a:0:{} 
2015-08-11 20:30:54 - DEBUG --> Archivo \components\com_jhotelreservation\classes\services\UserDataService.php 
2015-08-11 20:30:54 - DEBUG --> createUserData 
2015-08-11 20:30:54 - DEBUG --> voucher:  
2015-08-11 20:30:54 - DEBUG --> UserData end:  a:0:{} 
2015-08-11 20:31:12 - DEBUG --> Archivo \components\com_jhotelreservation\classes\services\UserDataService.php 
2015-08-11 20:31:12 - DEBUG --> initializeUserData 
2015-08-11 20:31:12 - DEBUG --> UserData first: a:0:{} 
2015-08-11 20:31:12 - DEBUG --> UserData end:  a:0:{} 
2015-08-11 20:31:12 - DEBUG --> Archivo \components\com_jhotelreservation\classes\services\UserDataService.php 
2015-08-11 20:31:12 - DEBUG --> initializeUserData 
2015-08-11 20:31:12 - DEBUG --> UserData first: a:0:{} 
2015-08-11 20:31:12 - DEBUG --> UserData end:  a:0:{} 
2015-08-11 20:31:12 - DEBUG --> Archivo \components\com_jhotelreservation\classes\services\UserDataService.php 
2015-08-11 20:31:12 - DEBUG --> initializeReservationData 
2015-08-11 20:31:12 - DEBUG --> UserData: a:0:{} 
2015-08-11 20:31:12 - DEBUG --> Archivo \components\com_jhotelreservation\classes\services\UserDataService.php 
2015-08-11 20:31:12 - DEBUG --> updateUserData 
2015-08-11 20:31:12 - DEBUG --> Archivo \components\com_jhotelreservation\classes\services\UserDataService.php 
2015-08-11 20:31:12 - DEBUG --> getUserData 
2015-08-11 20:31:12 - DEBUG --> Archivo \components\com_jhotelreservation\classes\services\UserDataService.php 
2015-08-11 20:31:12 - DEBUG --> setCurrency 
2015-08-11 20:31:12 - DEBUG --> Archivo \components\com_jhotelreservation\classes\services\UserDataService.php 
2015-08-11 20:31:12 - DEBUG --> getUserData 
2015-08-11 20:31:12 - DEBUG --> Archivo \components\com_jhotelreservation\classes\services\UserDataService.php 
2015-08-11 20:31:12 - DEBUG --> getUserData 
2015-08-11 20:31:12 - DEBUG --> Archivo \components\com_jhotelreservation\classes\services\UserDataService.php 
2015-08-11 20:31:12 - DEBUG --> getUserData 
2015-08-11 20:31:12 - DEBUG --> Archivo \components\com_jhotelreservationiews\hotel	mpl\hoteloverview.php 
2015-08-11 20:31:12 - DEBUG --> Accedió 
2015-08-11 21:06:17 - DEBUG --> Archivo \components\com_jhotelreservation\classes\services\UserDataService.php 
2015-08-11 21:06:17 - DEBUG --> initializeUserData 
2015-08-11 21:06:17 - DEBUG --> UserData first: N; 
2015-08-11 21:06:17 - DEBUG --> Archivo \components\com_jhotelreservation\classes\services\UserDataService.php 
2015-08-11 21:06:17 - DEBUG --> createUserData 
2015-08-11 21:06:17 - DEBUG --> UserData end:  a:0:{} 
2015-08-11 21:06:17 - DEBUG --> Archivo \components\com_jhotelreservation\classes\services\UserDataService.php 
2015-08-11 21:06:17 - DEBUG --> initializeUserData 
2015-08-11 21:06:17 - DEBUG --> UserData first: a:0:{} 
2015-08-11 21:06:17 - DEBUG --> UserData end:  a:0:{} 
2015-08-11 21:06:17 - DEBUG --> Archivo \components\com_jhotelreservation\classes\services\UserDataService.php 
2015-08-11 21:06:17 - DEBUG --> initializeReservationData 
2015-08-11 21:06:17 - DEBUG --> UserData: a:0:{} 
2015-08-11 21:06:17 - DEBUG --> Archivo \components\com_jhotelreservation\classes\services\UserDataService.php 
2015-08-11 21:06:17 - DEBUG --> updateUserData 
2015-08-11 21:06:17 - DEBUG --> Archivo \components\com_jhotelreservation\classes\services\UserDataService.php 
2015-08-11 21:06:17 - DEBUG --> getUserData 
2015-08-11 21:06:18 - DEBUG --> Archivo \components\com_jhotelreservation\classes\services\UserDataService.php 
2015-08-11 21:06:18 - DEBUG --> setCurrency 
2015-08-11 21:06:18 - DEBUG --> Archivo \components\com_jhotelreservation\classes\services\UserDataService.php 
2015-08-11 21:06:18 - DEBUG --> getUserData 
2015-08-11 21:06:18 - DEBUG --> Archivo \components\com_jhotelreservation\classes\services\UserDataService.php 
2015-08-11 21:06:18 - DEBUG --> getUserData 
2015-08-11 21:06:18 - DEBUG --> Archivo \components\com_jhotelreservation\classes\services\UserDataService.php 
2015-08-11 21:06:18 - DEBUG --> getUserData 
2015-08-11 21:06:18 - DEBUG --> Archivo \components\com_jhotelreservationiews\hotel	mpl\hoteloverview.php 
2015-08-11 21:06:18 - DEBUG --> Accedió 
2015-08-11 21:08:24 - DEBUG --> Archivo \components\com_jhotelreservation\classes\services\UserDataService.php 
2015-08-11 21:08:24 - DEBUG --> initializeUserData 
2015-08-11 21:08:24 - DEBUG --> UserData first: a:0:{} 
2015-08-11 21:08:24 - DEBUG --> UserData end:  a:0:{} 
2015-08-11 21:08:30 - DEBUG --> Archivo \components\com_jhotelreservation\classes\services\UserDataService.php 
2015-08-11 21:08:30 - DEBUG --> initializeUserData 
2015-08-11 21:08:30 - DEBUG --> UserData first: a:0:{} 
2015-08-11 21:08:30 - DEBUG --> Archivo \components\com_jhotelreservation\classes\services\UserDataService.php 
2015-08-11 21:08:30 - DEBUG --> createUserData 
2015-08-11 21:08:30 - DEBUG --> voucher:  
2015-08-11 21:08:30 - DEBUG --> UserData end:  a:0:{} 
2015-08-11 21:08:30 - DEBUG --> Archivo \components\com_jhotelreservation\classes\services\UserDataService.php 
2015-08-11 21:08:30 - DEBUG --> initializeUserData 
2015-08-11 21:08:30 - DEBUG --> UserData first: a:0:{} 
2015-08-11 21:08:30 - DEBUG --> Archivo \components\com_jhotelreservation\classes\services\UserDataService.php 
2015-08-11 21:08:30 - DEBUG --> createUserData 
2015-08-11 21:08:30 - DEBUG --> voucher:  
2015-08-11 21:08:30 - DEBUG --> UserData end:  a:0:{} 
2015-08-11 21:08:42 - DEBUG --> Archivo \components\com_jhotelreservation\classes\services\UserDataService.php 
2015-08-11 21:08:42 - DEBUG --> initializeUserData 
2015-08-11 21:08:42 - DEBUG --> UserData first: a:0:{} 
2015-08-11 21:08:42 - DEBUG --> UserData end:  a:0:{} 
2015-08-11 21:08:42 - DEBUG --> Archivo \components\com_jhotelreservation\classes\services\UserDataService.php 
2015-08-11 21:08:42 - DEBUG --> initializeUserData 
2015-08-11 21:08:42 - DEBUG --> UserData first: a:0:{} 
2015-08-11 21:08:42 - DEBUG --> UserData end:  a:0:{} 
2015-08-11 21:08:42 - DEBUG --> Archivo \components\com_jhotelreservation\classes\services\UserDataService.php 
2015-08-11 21:08:42 - DEBUG --> initializeReservationData 
2015-08-11 21:08:42 - DEBUG --> UserData: a:0:{} 
2015-08-11 21:08:42 - DEBUG --> Archivo \components\com_jhotelreservation\classes\services\UserDataService.php 
2015-08-11 21:08:42 - DEBUG --> updateUserData 
2015-08-11 21:08:42 - DEBUG --> Archivo \components\com_jhotelreservation\classes\services\UserDataService.php 
2015-08-11 21:08:42 - DEBUG --> getUserData 
2015-08-11 21:08:42 - DEBUG --> Archivo \components\com_jhotelreservation\classes\services\UserDataService.php 
2015-08-11 21:08:42 - DEBUG --> setCurrency 
2015-08-11 21:08:42 - DEBUG --> Archivo \components\com_jhotelreservation\classes\services\UserDataService.php 
2015-08-11 21:08:42 - DEBUG --> getUserData 
2015-08-11 21:08:42 - DEBUG --> Archivo \components\com_jhotelreservation\classes\services\UserDataService.php 
2015-08-11 21:08:42 - DEBUG --> getUserData 
2015-08-11 21:08:42 - DEBUG --> Archivo \components\com_jhotelreservation\classes\services\UserDataService.php 
2015-08-11 21:08:42 - DEBUG --> getUserData 
2015-08-11 21:08:42 - DEBUG --> Archivo \components\com_jhotelreservationiews\hotel	mpl\hoteloverview.php 
2015-08-11 21:08:42 - DEBUG --> Accedió 
2015-08-11 22:32:15 - DEBUG --> Archivo \components\com_jhotelreservation\classes\services\UserDataService.php 
2015-08-11 22:32:15 - DEBUG --> initializeUserData 
2015-08-11 22:32:15 - DEBUG --> UserData first: N; 
2015-08-11 22:32:15 - DEBUG --> Archivo \components\com_jhotelreservation\classes\services\UserDataService.php 
2015-08-11 22:32:15 - DEBUG --> createUserData 
2015-08-11 22:32:15 - DEBUG --> UserData end:  a:0:{} 
2015-08-11 23:06:26 - DEBUG --> Archivo \components\com_jhotelreservation\classes\services\UserDataService.php 
2015-08-11 23:06:26 - DEBUG --> initializeUserData 
2015-08-11 23:06:26 - DEBUG --> UserData first: N; 
2015-08-11 23:06:26 - DEBUG --> Archivo \components\com_jhotelreservation\classes\services\UserDataService.php 
2015-08-11 23:06:26 - DEBUG --> createUserData 
2015-08-11 23:06:26 - DEBUG --> UserData end:  a:0:{} 
2015-08-11 23:06:26 - DEBUG --> Archivo \components\com_jhotelreservation\classes\services\UserDataService.php 
2015-08-11 23:06:26 - DEBUG --> initializeUserData 
2015-08-11 23:06:26 - DEBUG --> UserData first: a:0:{} 
2015-08-11 23:06:26 - DEBUG --> UserData end:  a:0:{} 
2015-08-11 23:06:26 - DEBUG --> Archivo \components\com_jhotelreservation\classes\services\UserDataService.php 
2015-08-11 23:06:26 - DEBUG --> initializeReservationData 
2015-08-11 23:06:26 - DEBUG --> UserData: a:0:{} 
2015-08-11 23:06:26 - DEBUG --> Archivo \components\com_jhotelreservation\classes\services\UserDataService.php 
2015-08-11 23:06:26 - DEBUG --> updateUserData 
2015-08-11 23:06:26 - DEBUG --> Archivo \components\com_jhotelreservation\classes\services\UserDataService.php 
2015-08-11 23:06:26 - DEBUG --> getUserData 
2015-08-11 23:06:26 - DEBUG --> Archivo \components\com_jhotelreservation\classes\services\UserDataService.php 
2015-08-11 23:06:26 - DEBUG --> setCurrency 
2015-08-11 23:06:26 - DEBUG --> Archivo \components\com_jhotelreservation\classes\services\UserDataService.php 
2015-08-11 23:06:26 - DEBUG --> getUserData 
2015-08-11 23:06:26 - DEBUG --> Archivo \components\com_jhotelreservation\classes\services\UserDataService.php 
2015-08-11 23:06:26 - DEBUG --> getUserData 
2015-08-11 23:06:26 - DEBUG --> Archivo \components\com_jhotelreservation\classes\services\UserDataService.php 
2015-08-11 23:06:26 - DEBUG --> getUserData 
2015-08-11 23:06:26 - DEBUG --> Archivo \components\com_jhotelreservationiews\hotel	mpl\hoteloverview.php 
2015-08-11 23:06:26 - DEBUG --> Accedió 
2015-08-11 23:13:36 - DEBUG --> Archivo \components\com_jhotelreservation\classes\services\UserDataService.php 
2015-08-11 23:13:36 - DEBUG --> initializeUserData 
2015-08-11 23:13:36 - DEBUG --> UserData first: N; 
2015-08-11 23:13:36 - DEBUG --> Archivo \components\com_jhotelreservation\classes\services\UserDataService.php 
2015-08-11 23:13:36 - DEBUG --> createUserData 
2015-08-11 23:13:36 - DEBUG --> UserData end:  a:0:{} 
2015-08-11 23:13:36 - DEBUG --> Archivo \components\com_jhotelreservation\classes\services\UserDataService.php 
2015-08-11 23:13:36 - DEBUG --> initializeUserData 
2015-08-11 23:13:36 - DEBUG --> UserData first: a:0:{} 
2015-08-11 23:13:36 - DEBUG --> UserData end:  a:0:{} 
2015-08-11 23:13:36 - DEBUG --> Archivo \components\com_jhotelreservation\classes\services\UserDataService.php 
2015-08-11 23:13:36 - DEBUG --> initializeReservationData 
2015-08-11 23:13:36 - DEBUG --> UserData: a:0:{} 
2015-08-11 23:13:36 - DEBUG --> Archivo \components\com_jhotelreservation\classes\services\UserDataService.php 
2015-08-11 23:13:36 - DEBUG --> updateUserData 
2015-08-11 23:13:36 - DEBUG --> Archivo \components\com_jhotelreservation\classes\services\UserDataService.php 
2015-08-11 23:13:36 - DEBUG --> getUserData 
2015-08-11 23:13:36 - DEBUG --> Archivo \components\com_jhotelreservation\classes\services\UserDataService.php 
2015-08-11 23:13:36 - DEBUG --> setCurrency 
2015-08-11 23:13:36 - DEBUG --> Archivo \components\com_jhotelreservation\classes\services\UserDataService.php 
2015-08-11 23:13:36 - DEBUG --> getUserData 
2015-08-11 23:13:36 - DEBUG --> Archivo \components\com_jhotelreservation\classes\services\UserDataService.php 
2015-08-11 23:13:36 - DEBUG --> getUserData 
2015-08-11 23:13:36 - DEBUG --> Archivo \components\com_jhotelreservation\classes\services\UserDataService.php 
2015-08-11 23:13:36 - DEBUG --> getUserData 
2015-08-11 23:13:36 - DEBUG --> Archivo \components\com_jhotelreservationiews\hotel	mpl\hoteloverview.php 
2015-08-11 23:13:36 - DEBUG --> Accedió 
