2016-06-03 3:22:30 - DEBUG --> Archivo \components\com_jhotelreservation\classes\services\UserDataService.php 
2016-06-03 3:22:30 - DEBUG --> initializeUserData 
2016-06-03 3:22:30 - DEBUG --> UserData first: N; 
2016-06-03 3:22:30 - DEBUG --> Archivo \components\com_jhotelreservation\classes\services\UserDataService.php 
2016-06-03 3:22:30 - DEBUG --> createUserData 
2016-06-03 3:22:30 - DEBUG --> UserData end:  a:0:{} 
2016-06-03 3:22:30 - DEBUG --> Archivo \components\com_jhotelreservation\classes\services\UserDataService.php 
2016-06-03 3:22:30 - DEBUG --> initializeUserData 
2016-06-03 3:22:30 - DEBUG --> UserData first: a:0:{} 
2016-06-03 3:22:30 - DEBUG --> UserData end:  a:0:{} 
2016-06-03 3:22:30 - DEBUG --> Archivo \components\com_jhotelreservation\classes\services\UserDataService.php 
2016-06-03 3:22:30 - DEBUG --> initializeReservationData 
2016-06-03 3:22:30 - DEBUG --> UserData: a:0:{} 
2016-06-03 3:22:30 - DEBUG --> Archivo \components\com_jhotelreservation\classes\services\UserDataService.php 
2016-06-03 3:22:30 - DEBUG --> updateUserData 
2016-06-03 3:22:30 - DEBUG --> Archivo \components\com_jhotelreservation\classes\services\UserDataService.php 
2016-06-03 3:22:30 - DEBUG --> getUserData 
2016-06-03 3:22:30 - DEBUG --> Archivo \components\com_jhotelreservation\classes\services\UserDataService.php 
2016-06-03 3:22:30 - DEBUG --> setCurrency 
2016-06-03 3:22:30 - DEBUG --> Archivo \components\com_jhotelreservation\classes\services\UserDataService.php 
2016-06-03 3:22:30 - DEBUG --> getUserData 
2016-06-03 3:22:30 - DEBUG --> Archivo \components\com_jhotelreservation\classes\services\UserDataService.php 
2016-06-03 3:22:30 - DEBUG --> getUserData 
2016-06-03 3:22:30 - DEBUG --> Archivo \components\com_jhotelreservation\classes\services\UserDataService.php 
2016-06-03 3:22:30 - DEBUG --> getUserData 
2016-06-03 3:22:30 - DEBUG --> Archivo \components\com_jhotelreservationiews\hotel	mpl\hoteloverview.php 
2016-06-03 3:22:30 - DEBUG --> Accedió 
2016-06-03 4:32:42 - DEBUG --> Archivo \components\com_jhotelreservation\classes\services\UserDataService.php 
2016-06-03 4:32:42 - DEBUG --> initializeUserData 
2016-06-03 4:32:42 - DEBUG --> UserData first: N; 
2016-06-03 4:32:42 - DEBUG --> Archivo \components\com_jhotelreservation\classes\services\UserDataService.php 
2016-06-03 4:32:42 - DEBUG --> createUserData 
2016-06-03 4:32:42 - DEBUG --> UserData end:  a:0:{} 
2016-06-03 4:32:42 - DEBUG --> Archivo \components\com_jhotelreservation\classes\services\UserDataService.php 
2016-06-03 4:32:42 - DEBUG --> initializeUserData 
2016-06-03 4:32:42 - DEBUG --> UserData first: a:0:{} 
2016-06-03 4:32:42 - DEBUG --> UserData end:  a:0:{} 
2016-06-03 4:32:42 - DEBUG --> Archivo \components\com_jhotelreservation\classes\services\UserDataService.php 
2016-06-03 4:32:42 - DEBUG --> initializeReservationData 
2016-06-03 4:32:42 - DEBUG --> UserData: a:0:{} 
2016-06-03 4:32:42 - DEBUG --> Archivo \components\com_jhotelreservation\classes\services\UserDataService.php 
2016-06-03 4:32:42 - DEBUG --> updateUserData 
2016-06-03 4:32:42 - DEBUG --> Archivo \components\com_jhotelreservation\classes\services\UserDataService.php 
2016-06-03 4:32:42 - DEBUG --> getUserData 
2016-06-03 4:32:42 - DEBUG --> Archivo \components\com_jhotelreservation\classes\services\UserDataService.php 
2016-06-03 4:32:42 - DEBUG --> setCurrency 
2016-06-03 4:32:42 - DEBUG --> Archivo \components\com_jhotelreservation\classes\services\UserDataService.php 
2016-06-03 4:32:42 - DEBUG --> getUserData 
2016-06-03 4:32:42 - DEBUG --> Archivo \components\com_jhotelreservation\classes\services\UserDataService.php 
2016-06-03 4:32:42 - DEBUG --> getUserData 
2016-06-03 4:32:42 - DEBUG --> Archivo \components\com_jhotelreservation\classes\services\UserDataService.php 
2016-06-03 4:32:42 - DEBUG --> getUserData 
2016-06-03 4:32:42 - DEBUG --> Archivo \components\com_jhotelreservationiews\hotel	mpl\hoteloverview.php 
2016-06-03 4:32:42 - DEBUG --> Accedió 
2016-06-03 6:21:02 - DEBUG --> Archivo \components\com_jhotelreservation\classes\services\UserDataService.php 
2016-06-03 6:21:02 - DEBUG --> initializeUserData 
2016-06-03 6:21:02 - DEBUG --> UserData first: N; 
2016-06-03 6:21:02 - DEBUG --> Archivo \components\com_jhotelreservation\classes\services\UserDataService.php 
2016-06-03 6:21:02 - DEBUG --> createUserData 
2016-06-03 6:21:02 - DEBUG --> UserData end:  a:0:{} 
2016-06-03 6:21:02 - DEBUG --> Archivo \components\com_jhotelreservation\classes\services\UserDataService.php 
2016-06-03 6:21:02 - DEBUG --> initializeUserData 
2016-06-03 6:21:02 - DEBUG --> UserData first: a:0:{} 
2016-06-03 6:21:02 - DEBUG --> UserData end:  a:0:{} 
2016-06-03 6:21:02 - DEBUG --> Archivo \components\com_jhotelreservation\classes\services\UserDataService.php 
2016-06-03 6:21:02 - DEBUG --> initializeReservationData 
2016-06-03 6:21:02 - DEBUG --> UserData: a:0:{} 
2016-06-03 6:21:02 - DEBUG --> Archivo \components\com_jhotelreservation\classes\services\UserDataService.php 
2016-06-03 6:21:02 - DEBUG --> updateUserData 
2016-06-03 6:21:02 - DEBUG --> Archivo \components\com_jhotelreservation\classes\services\UserDataService.php 
2016-06-03 6:21:02 - DEBUG --> getUserData 
2016-06-03 6:21:02 - DEBUG --> Archivo \components\com_jhotelreservation\classes\services\UserDataService.php 
2016-06-03 6:21:02 - DEBUG --> setCurrency 
2016-06-03 6:21:02 - DEBUG --> Archivo \components\com_jhotelreservation\classes\services\UserDataService.php 
2016-06-03 6:21:02 - DEBUG --> getUserData 
2016-06-03 6:21:02 - DEBUG --> Archivo \components\com_jhotelreservation\classes\services\UserDataService.php 
2016-06-03 6:21:02 - DEBUG --> getUserData 
2016-06-03 6:21:02 - DEBUG --> Archivo \components\com_jhotelreservation\classes\services\UserDataService.php 
2016-06-03 6:21:02 - DEBUG --> getUserData 
2016-06-03 6:21:02 - DEBUG --> Archivo \components\com_jhotelreservationiews\hotel	mpl\hoteloverview.php 
2016-06-03 6:21:02 - DEBUG --> Accedió 
2016-06-03 6:27:39 - DEBUG --> Archivo \components\com_jhotelreservation\classes\services\UserDataService.php 
2016-06-03 6:27:39 - DEBUG --> initializeUserData 
2016-06-03 6:27:39 - DEBUG --> UserData first: N; 
2016-06-03 6:27:39 - DEBUG --> Archivo \components\com_jhotelreservation\classes\services\UserDataService.php 
2016-06-03 6:27:39 - DEBUG --> createUserData 
2016-06-03 6:27:39 - DEBUG --> UserData end:  a:0:{} 
2016-06-03 6:27:39 - DEBUG --> Archivo \components\com_jhotelreservation\classes\services\UserDataService.php 
2016-06-03 6:27:39 - DEBUG --> initializeUserData 
2016-06-03 6:27:39 - DEBUG --> UserData first: a:0:{} 
2016-06-03 6:27:39 - DEBUG --> UserData end:  a:0:{} 
2016-06-03 6:27:39 - DEBUG --> Archivo \components\com_jhotelreservation\classes\services\UserDataService.php 
2016-06-03 6:27:39 - DEBUG --> initializeReservationData 
2016-06-03 6:27:39 - DEBUG --> UserData: a:0:{} 
2016-06-03 6:27:39 - DEBUG --> Archivo \components\com_jhotelreservation\classes\services\UserDataService.php 
2016-06-03 6:27:39 - DEBUG --> updateUserData 
2016-06-03 6:27:39 - DEBUG --> Archivo \components\com_jhotelreservation\classes\services\UserDataService.php 
2016-06-03 6:27:39 - DEBUG --> getUserData 
2016-06-03 6:27:39 - DEBUG --> Archivo \components\com_jhotelreservation\classes\services\UserDataService.php 
2016-06-03 6:27:39 - DEBUG --> setCurrency 
2016-06-03 6:27:39 - DEBUG --> Archivo \components\com_jhotelreservation\classes\services\UserDataService.php 
2016-06-03 6:27:39 - DEBUG --> getUserData 
2016-06-03 6:27:39 - DEBUG --> Archivo \components\com_jhotelreservation\classes\services\UserDataService.php 
2016-06-03 6:27:39 - DEBUG --> getUserData 
2016-06-03 6:27:39 - DEBUG --> Archivo \components\com_jhotelreservation\classes\services\UserDataService.php 
2016-06-03 6:27:39 - DEBUG --> getUserData 
2016-06-03 6:27:39 - DEBUG --> Archivo \components\com_jhotelreservationiews\hotel	mpl\hoteloverview.php 
2016-06-03 6:27:39 - DEBUG --> Accedió 
2016-06-03 6:27:54 - DEBUG --> Archivo \components\com_jhotelreservation\classes\services\UserDataService.php 
2016-06-03 6:27:54 - DEBUG --> initializeUserData 
2016-06-03 6:27:54 - DEBUG --> UserData first: N; 
2016-06-03 6:27:54 - DEBUG --> Archivo \components\com_jhotelreservation\classes\services\UserDataService.php 
2016-06-03 6:27:54 - DEBUG --> createUserData 
2016-06-03 6:27:54 - DEBUG --> UserData end:  a:0:{} 
2016-06-03 6:27:54 - DEBUG --> Archivo \components\com_jhotelreservation\classes\services\UserDataService.php 
2016-06-03 6:27:54 - DEBUG --> initializeUserData 
2016-06-03 6:27:54 - DEBUG --> UserData first: a:0:{} 
2016-06-03 6:27:54 - DEBUG --> UserData end:  a:0:{} 
2016-06-03 6:27:54 - DEBUG --> Archivo \components\com_jhotelreservation\classes\services\UserDataService.php 
2016-06-03 6:27:54 - DEBUG --> initializeReservationData 
2016-06-03 6:27:54 - DEBUG --> UserData: a:0:{} 
2016-06-03 6:27:54 - DEBUG --> Archivo \components\com_jhotelreservation\classes\services\UserDataService.php 
2016-06-03 6:27:54 - DEBUG --> updateUserData 
2016-06-03 6:27:54 - DEBUG --> Archivo \components\com_jhotelreservation\classes\services\UserDataService.php 
2016-06-03 6:27:54 - DEBUG --> getUserData 
2016-06-03 6:27:54 - DEBUG --> Archivo \components\com_jhotelreservation\classes\services\UserDataService.php 
2016-06-03 6:27:54 - DEBUG --> setCurrency 
2016-06-03 6:27:54 - DEBUG --> Archivo \components\com_jhotelreservation\classes\services\UserDataService.php 
2016-06-03 6:27:54 - DEBUG --> getUserData 
2016-06-03 6:27:54 - DEBUG --> Archivo \components\com_jhotelreservation\classes\services\UserDataService.php 
2016-06-03 6:27:54 - DEBUG --> getUserData 
2016-06-03 6:27:54 - DEBUG --> Archivo \components\com_jhotelreservation\classes\services\UserDataService.php 
2016-06-03 6:27:54 - DEBUG --> getUserData 
2016-06-03 6:27:54 - DEBUG --> Archivo \components\com_jhotelreservationiews\hotel	mpl\hoteloverview.php 
2016-06-03 6:27:54 - DEBUG --> Accedió 
2016-06-03 6:54:24 - DEBUG --> Archivo \components\com_jhotelreservation\classes\services\UserDataService.php 
2016-06-03 6:54:24 - DEBUG --> initializeUserData 
2016-06-03 6:54:24 - DEBUG --> UserData first: N; 
2016-06-03 6:54:24 - DEBUG --> Archivo \components\com_jhotelreservation\classes\services\UserDataService.php 
2016-06-03 6:54:24 - DEBUG --> createUserData 
2016-06-03 6:54:24 - DEBUG --> UserData end:  a:0:{} 
2016-06-03 6:54:24 - DEBUG --> Archivo \components\com_jhotelreservation\classes\services\UserDataService.php 
2016-06-03 6:54:24 - DEBUG --> initializeUserData 
2016-06-03 6:54:24 - DEBUG --> UserData first: a:0:{} 
2016-06-03 6:54:24 - DEBUG --> UserData end:  a:0:{} 
2016-06-03 6:54:24 - DEBUG --> Archivo \components\com_jhotelreservation\classes\services\UserDataService.php 
2016-06-03 6:54:24 - DEBUG --> initializeReservationData 
2016-06-03 6:54:24 - DEBUG --> UserData: a:0:{} 
2016-06-03 6:54:24 - DEBUG --> Archivo \components\com_jhotelreservation\classes\services\UserDataService.php 
2016-06-03 6:54:24 - DEBUG --> updateUserData 
2016-06-03 6:54:24 - DEBUG --> Archivo \components\com_jhotelreservation\classes\services\UserDataService.php 
2016-06-03 6:54:24 - DEBUG --> getUserData 
2016-06-03 6:54:24 - DEBUG --> Archivo \components\com_jhotelreservation\classes\services\UserDataService.php 
2016-06-03 6:54:24 - DEBUG --> setCurrency 
2016-06-03 6:54:24 - DEBUG --> Archivo \components\com_jhotelreservation\classes\services\UserDataService.php 
2016-06-03 6:54:24 - DEBUG --> getUserData 
2016-06-03 6:54:24 - DEBUG --> Archivo \components\com_jhotelreservation\classes\services\UserDataService.php 
2016-06-03 6:54:24 - DEBUG --> getUserData 
2016-06-03 6:54:24 - DEBUG --> Archivo \components\com_jhotelreservation\classes\services\UserDataService.php 
2016-06-03 6:54:24 - DEBUG --> getUserData 
2016-06-03 7:13:52 - DEBUG --> Archivo \components\com_jhotelreservation\classes\services\UserDataService.php 
2016-06-03 7:13:52 - DEBUG --> initializeUserData 
2016-06-03 7:13:52 - DEBUG --> UserData first: N; 
2016-06-03 7:13:52 - DEBUG --> Archivo \components\com_jhotelreservation\classes\services\UserDataService.php 
2016-06-03 7:13:52 - DEBUG --> createUserData 
2016-06-03 7:13:52 - DEBUG --> UserData end:  a:0:{} 
2016-06-03 7:13:52 - DEBUG --> Archivo \components\com_jhotelreservation\classes\services\UserDataService.php 
2016-06-03 7:13:52 - DEBUG --> initializeUserData 
2016-06-03 7:13:52 - DEBUG --> UserData first: a:0:{} 
2016-06-03 7:13:52 - DEBUG --> UserData end:  a:0:{} 
2016-06-03 7:13:52 - DEBUG --> Archivo \components\com_jhotelreservation\classes\services\UserDataService.php 
2016-06-03 7:13:52 - DEBUG --> initializeReservationData 
2016-06-03 7:13:52 - DEBUG --> UserData: a:0:{} 
2016-06-03 7:13:52 - DEBUG --> Archivo \components\com_jhotelreservation\classes\services\UserDataService.php 
2016-06-03 7:13:52 - DEBUG --> updateUserData 
2016-06-03 7:13:52 - DEBUG --> Archivo \components\com_jhotelreservation\classes\services\UserDataService.php 
2016-06-03 7:13:52 - DEBUG --> getUserData 
2016-06-03 7:13:52 - DEBUG --> Archivo \components\com_jhotelreservation\classes\services\UserDataService.php 
2016-06-03 7:13:52 - DEBUG --> setCurrency 
2016-06-03 7:13:52 - DEBUG --> Archivo \components\com_jhotelreservation\classes\services\UserDataService.php 
2016-06-03 7:13:52 - DEBUG --> getUserData 
2016-06-03 7:13:52 - DEBUG --> Archivo \components\com_jhotelreservation\classes\services\UserDataService.php 
2016-06-03 7:13:52 - DEBUG --> getUserData 
2016-06-03 7:13:52 - DEBUG --> Archivo \components\com_jhotelreservation\classes\services\UserDataService.php 
2016-06-03 7:13:52 - DEBUG --> getUserData 
2016-06-03 7:13:52 - DEBUG --> Archivo \components\com_jhotelreservationiews\hotel	mpl\hoteloverview.php 
2016-06-03 7:13:52 - DEBUG --> Accedió 
2016-06-03 7:55:57 - DEBUG --> Archivo \components\com_jhotelreservation\classes\services\UserDataService.php 
2016-06-03 7:55:57 - DEBUG --> initializeUserData 
2016-06-03 7:55:57 - DEBUG --> UserData first: N; 
2016-06-03 7:55:57 - DEBUG --> Archivo \components\com_jhotelreservation\classes\services\UserDataService.php 
2016-06-03 7:55:57 - DEBUG --> createUserData 
2016-06-03 7:55:57 - DEBUG --> UserData end:  a:0:{} 
2016-06-03 7:55:57 - DEBUG --> Archivo \components\com_jhotelreservation\classes\services\UserDataService.php 
2016-06-03 7:55:57 - DEBUG --> initializeUserData 
2016-06-03 7:55:57 - DEBUG --> UserData first: a:0:{} 
2016-06-03 7:55:57 - DEBUG --> UserData end:  a:0:{} 
2016-06-03 7:55:57 - DEBUG --> Archivo \components\com_jhotelreservation\classes\services\UserDataService.php 
2016-06-03 7:55:57 - DEBUG --> initializeReservationData 
2016-06-03 7:55:57 - DEBUG --> UserData: a:0:{} 
2016-06-03 7:55:57 - DEBUG --> Archivo \components\com_jhotelreservation\classes\services\UserDataService.php 
2016-06-03 7:55:57 - DEBUG --> updateUserData 
2016-06-03 7:55:57 - DEBUG --> Archivo \components\com_jhotelreservation\classes\services\UserDataService.php 
2016-06-03 7:55:57 - DEBUG --> getUserData 
2016-06-03 7:55:57 - DEBUG --> Archivo \components\com_jhotelreservation\classes\services\UserDataService.php 
2016-06-03 7:55:57 - DEBUG --> setCurrency 
2016-06-03 7:55:57 - DEBUG --> Archivo \components\com_jhotelreservation\classes\services\UserDataService.php 
2016-06-03 7:55:57 - DEBUG --> getUserData 
2016-06-03 7:55:57 - DEBUG --> Archivo \components\com_jhotelreservation\classes\services\UserDataService.php 
2016-06-03 7:55:57 - DEBUG --> getUserData 
2016-06-03 7:55:57 - DEBUG --> Archivo \components\com_jhotelreservation\classes\services\UserDataService.php 
2016-06-03 7:55:57 - DEBUG --> getUserData 
2016-06-03 7:55:57 - DEBUG --> Archivo \components\com_jhotelreservationiews\hotel	mpl\hoteloverview.php 
2016-06-03 7:55:57 - DEBUG --> Accedió 
2016-06-03 8:16:48 - DEBUG --> Archivo \components\com_jhotelreservation\classes\services\UserDataService.php 
2016-06-03 8:16:48 - DEBUG --> initializeUserData 
2016-06-03 8:16:48 - DEBUG --> UserData first: N; 
2016-06-03 8:16:48 - DEBUG --> Archivo \components\com_jhotelreservation\classes\services\UserDataService.php 
2016-06-03 8:16:48 - DEBUG --> createUserData 
2016-06-03 8:16:48 - DEBUG --> UserData end:  a:0:{} 
2016-06-03 8:16:48 - DEBUG --> Archivo \components\com_jhotelreservation\classes\services\UserDataService.php 
2016-06-03 8:16:48 - DEBUG --> initializeUserData 
2016-06-03 8:16:48 - DEBUG --> UserData first: a:0:{} 
2016-06-03 8:16:48 - DEBUG --> UserData end:  a:0:{} 
2016-06-03 8:16:48 - DEBUG --> Archivo \components\com_jhotelreservation\classes\services\UserDataService.php 
2016-06-03 8:16:48 - DEBUG --> initializeReservationData 
2016-06-03 8:16:48 - DEBUG --> UserData: a:0:{} 
2016-06-03 8:16:48 - DEBUG --> Archivo \components\com_jhotelreservation\classes\services\UserDataService.php 
2016-06-03 8:16:48 - DEBUG --> updateUserData 
2016-06-03 8:16:48 - DEBUG --> Archivo \components\com_jhotelreservation\classes\services\UserDataService.php 
2016-06-03 8:16:48 - DEBUG --> getUserData 
2016-06-03 8:16:48 - DEBUG --> Archivo \components\com_jhotelreservation\classes\services\UserDataService.php 
2016-06-03 8:16:48 - DEBUG --> setCurrency 
2016-06-03 8:16:48 - DEBUG --> Archivo \components\com_jhotelreservation\classes\services\UserDataService.php 
2016-06-03 8:16:48 - DEBUG --> getUserData 
2016-06-03 8:16:48 - DEBUG --> Archivo \components\com_jhotelreservation\classes\services\UserDataService.php 
2016-06-03 8:16:48 - DEBUG --> getUserData 
2016-06-03 8:16:48 - DEBUG --> Archivo \components\com_jhotelreservation\classes\services\UserDataService.php 
2016-06-03 8:16:48 - DEBUG --> getUserData 
2016-06-03 8:16:48 - DEBUG --> Archivo \components\com_jhotelreservationiews\hotel	mpl\hoteloverview.php 
2016-06-03 8:16:48 - DEBUG --> Accedió 
2016-06-03 10:35:14 - DEBUG --> Archivo \components\com_jhotelreservation\classes\services\UserDataService.php 
2016-06-03 10:35:14 - DEBUG --> initializeUserData 
2016-06-03 10:35:14 - DEBUG --> UserData first: a:0:{} 
2016-06-03 10:35:14 - DEBUG --> Archivo \components\com_jhotelreservation\classes\services\UserDataService.php 
2016-06-03 10:35:14 - DEBUG --> createUserData 
2016-06-03 10:35:14 - DEBUG --> voucher:  
2016-06-03 10:35:14 - DEBUG --> UserData end:  a:0:{} 
2016-06-03 10:35:14 - DEBUG --> Archivo \components\com_jhotelreservation\classes\services\UserDataService.php 
2016-06-03 10:35:14 - DEBUG --> initializeUserData 
2016-06-03 10:35:14 - DEBUG --> UserData first: a:0:{} 
2016-06-03 10:35:14 - DEBUG --> Archivo \components\com_jhotelreservation\classes\services\UserDataService.php 
2016-06-03 10:35:14 - DEBUG --> createUserData 
2016-06-03 10:35:14 - DEBUG --> voucher:  
2016-06-03 10:35:14 - DEBUG --> UserData end:  a:0:{} 
2016-06-03 13:05:47 - DEBUG --> Archivo \components\com_jhotelreservation\classes\services\UserDataService.php 
2016-06-03 13:05:47 - DEBUG --> initializeUserData 
2016-06-03 13:05:47 - DEBUG --> UserData first: N; 
2016-06-03 13:05:47 - DEBUG --> Archivo \components\com_jhotelreservation\classes\services\UserDataService.php 
2016-06-03 13:05:47 - DEBUG --> createUserData 
2016-06-03 13:05:47 - DEBUG --> UserData end:  a:0:{} 
2016-06-03 13:05:47 - DEBUG --> Archivo \components\com_jhotelreservation\classes\services\UserDataService.php 
2016-06-03 13:05:47 - DEBUG --> initializeUserData 
2016-06-03 13:05:47 - DEBUG --> UserData first: a:0:{} 
2016-06-03 13:05:47 - DEBUG --> UserData end:  a:0:{} 
2016-06-03 13:05:47 - DEBUG --> Archivo \components\com_jhotelreservation\classes\services\UserDataService.php 
2016-06-03 13:05:47 - DEBUG --> initializeReservationData 
2016-06-03 13:05:47 - DEBUG --> UserData: a:0:{} 
2016-06-03 13:05:47 - DEBUG --> Archivo \components\com_jhotelreservation\classes\services\UserDataService.php 
2016-06-03 13:05:47 - DEBUG --> updateUserData 
2016-06-03 13:05:47 - DEBUG --> Archivo \components\com_jhotelreservation\classes\services\UserDataService.php 
2016-06-03 13:05:47 - DEBUG --> getUserData 
2016-06-03 13:05:47 - DEBUG --> Archivo \components\com_jhotelreservation\classes\services\UserDataService.php 
2016-06-03 13:05:47 - DEBUG --> setCurrency 
2016-06-03 13:05:47 - DEBUG --> Archivo \components\com_jhotelreservation\classes\services\UserDataService.php 
2016-06-03 13:05:47 - DEBUG --> getUserData 
2016-06-03 13:05:47 - DEBUG --> Archivo \components\com_jhotelreservation\classes\services\UserDataService.php 
2016-06-03 13:05:47 - DEBUG --> getUserData 
2016-06-03 13:05:47 - DEBUG --> Archivo \components\com_jhotelreservation\classes\services\UserDataService.php 
2016-06-03 13:05:47 - DEBUG --> getUserData 
2016-06-03 13:05:47 - DEBUG --> Archivo \components\com_jhotelreservationiews\hotel	mpl\hoteloverview.php 
2016-06-03 13:05:47 - DEBUG --> Accedió 
2016-06-03 15:02:15 - DEBUG --> Archivo \components\com_jhotelreservation\classes\services\UserDataService.php 
2016-06-03 15:02:15 - DEBUG --> initializeUserData 
2016-06-03 15:02:15 - DEBUG --> UserData first: N; 
2016-06-03 15:02:15 - DEBUG --> Archivo \components\com_jhotelreservation\classes\services\UserDataService.php 
2016-06-03 15:02:15 - DEBUG --> createUserData 
2016-06-03 15:02:15 - DEBUG --> UserData end:  a:0:{} 
2016-06-03 15:03:36 - DEBUG --> Archivo \components\com_jhotelreservation\classes\services\UserDataService.php 
2016-06-03 15:03:36 - DEBUG --> initializeUserData 
2016-06-03 15:03:36 - DEBUG --> UserData first: N; 
2016-06-03 15:03:36 - DEBUG --> Archivo \components\com_jhotelreservation\classes\services\UserDataService.php 
2016-06-03 15:03:36 - DEBUG --> createUserData 
2016-06-03 15:03:36 - DEBUG --> UserData end:  a:0:{} 
2016-06-03 15:03:36 - DEBUG --> Archivo \components\com_jhotelreservation\classes\services\UserDataService.php 
2016-06-03 15:03:36 - DEBUG --> initializeUserData 
2016-06-03 15:03:36 - DEBUG --> UserData first: a:0:{} 
2016-06-03 15:03:36 - DEBUG --> UserData end:  a:0:{} 
2016-06-03 15:03:36 - DEBUG --> Archivo \components\com_jhotelreservation\classes\services\UserDataService.php 
2016-06-03 15:03:36 - DEBUG --> initializeReservationData 
2016-06-03 15:03:36 - DEBUG --> UserData: a:0:{} 
2016-06-03 15:03:36 - DEBUG --> Archivo \components\com_jhotelreservation\classes\services\UserDataService.php 
2016-06-03 15:03:36 - DEBUG --> updateUserData 
2016-06-03 15:03:36 - DEBUG --> Archivo \components\com_jhotelreservation\classes\services\UserDataService.php 
2016-06-03 15:03:36 - DEBUG --> getUserData 
2016-06-03 15:03:36 - DEBUG --> Archivo \components\com_jhotelreservation\classes\services\UserDataService.php 
2016-06-03 15:03:36 - DEBUG --> setCurrency 
2016-06-03 15:03:36 - DEBUG --> Archivo \components\com_jhotelreservation\classes\services\UserDataService.php 
2016-06-03 15:03:36 - DEBUG --> getUserData 
2016-06-03 15:03:36 - DEBUG --> Archivo \components\com_jhotelreservation\classes\services\UserDataService.php 
2016-06-03 15:03:36 - DEBUG --> getUserData 
2016-06-03 15:03:36 - DEBUG --> Archivo \components\com_jhotelreservation\classes\services\UserDataService.php 
2016-06-03 15:03:36 - DEBUG --> getUserData 
2016-06-03 15:03:36 - DEBUG --> Archivo \components\com_jhotelreservationiews\hotel	mpl\hoteloverview.php 
2016-06-03 15:03:36 - DEBUG --> Accedió 
2016-06-03 15:09:55 - DEBUG --> Archivo \components\com_jhotelreservation\classes\services\UserDataService.php 
2016-06-03 15:09:55 - DEBUG --> initializeUserData 
2016-06-03 15:09:55 - DEBUG --> UserData first: N; 
2016-06-03 15:09:55 - DEBUG --> Archivo \components\com_jhotelreservation\classes\services\UserDataService.php 
2016-06-03 15:09:55 - DEBUG --> createUserData 
2016-06-03 15:09:55 - DEBUG --> UserData end:  a:0:{} 
2016-06-03 15:09:55 - DEBUG --> Archivo \components\com_jhotelreservation\classes\services\UserDataService.php 
2016-06-03 15:09:55 - DEBUG --> initializeUserData 
2016-06-03 15:09:55 - DEBUG --> UserData first: a:0:{} 
2016-06-03 15:09:55 - DEBUG --> UserData end:  a:0:{} 
2016-06-03 15:09:55 - DEBUG --> Archivo \components\com_jhotelreservation\classes\services\UserDataService.php 
2016-06-03 15:09:55 - DEBUG --> initializeReservationData 
2016-06-03 15:09:55 - DEBUG --> UserData: a:0:{} 
2016-06-03 15:09:55 - DEBUG --> Archivo \components\com_jhotelreservation\classes\services\UserDataService.php 
2016-06-03 15:09:55 - DEBUG --> updateUserData 
2016-06-03 15:09:55 - DEBUG --> Archivo \components\com_jhotelreservation\classes\services\UserDataService.php 
2016-06-03 15:09:55 - DEBUG --> getUserData 
2016-06-03 15:09:55 - DEBUG --> Archivo \components\com_jhotelreservation\classes\services\UserDataService.php 
2016-06-03 15:09:55 - DEBUG --> setCurrency 
2016-06-03 15:09:55 - DEBUG --> Archivo \components\com_jhotelreservation\classes\services\UserDataService.php 
2016-06-03 15:09:55 - DEBUG --> getUserData 
2016-06-03 15:09:55 - DEBUG --> Archivo \components\com_jhotelreservation\classes\services\UserDataService.php 
2016-06-03 15:09:55 - DEBUG --> getUserData 
2016-06-03 15:09:55 - DEBUG --> Archivo \components\com_jhotelreservation\classes\services\UserDataService.php 
2016-06-03 15:09:55 - DEBUG --> getUserData 
2016-06-03 16:12:44 - DEBUG --> Archivo \components\com_jhotelreservation\classes\services\UserDataService.php 
2016-06-03 16:12:44 - DEBUG --> initializeUserData 
2016-06-03 16:12:44 - DEBUG --> UserData first: N; 
2016-06-03 16:12:44 - DEBUG --> Archivo \components\com_jhotelreservation\classes\services\UserDataService.php 
2016-06-03 16:12:44 - DEBUG --> createUserData 
2016-06-03 16:12:44 - DEBUG --> UserData end:  a:0:{} 
2016-06-03 16:12:46 - DEBUG --> Archivo \components\com_jhotelreservation\classes\services\UserDataService.php 
2016-06-03 16:12:46 - DEBUG --> initializeUserData 
2016-06-03 16:12:46 - DEBUG --> UserData first: N; 
2016-06-03 16:12:46 - DEBUG --> Archivo \components\com_jhotelreservation\classes\services\UserDataService.php 
2016-06-03 16:12:46 - DEBUG --> createUserData 
2016-06-03 16:12:46 - DEBUG --> UserData end:  a:0:{} 
2016-06-03 16:12:46 - DEBUG --> Archivo \components\com_jhotelreservation\classes\services\UserDataService.php 
2016-06-03 16:12:46 - DEBUG --> initializeUserData 
2016-06-03 16:12:46 - DEBUG --> UserData first: a:0:{} 
2016-06-03 16:12:46 - DEBUG --> UserData end:  a:0:{} 
2016-06-03 16:12:46 - DEBUG --> Archivo \components\com_jhotelreservation\classes\services\UserDataService.php 
2016-06-03 16:12:46 - DEBUG --> initializeReservationData 
2016-06-03 16:12:46 - DEBUG --> UserData: a:0:{} 
2016-06-03 16:12:47 - DEBUG --> Archivo \components\com_jhotelreservation\classes\services\UserDataService.php 
2016-06-03 16:12:47 - DEBUG --> updateUserData 
2016-06-03 16:12:47 - DEBUG --> Archivo \components\com_jhotelreservation\classes\services\UserDataService.php 
2016-06-03 16:12:47 - DEBUG --> getUserData 
2016-06-03 16:12:47 - DEBUG --> Archivo \components\com_jhotelreservation\classes\services\UserDataService.php 
2016-06-03 16:12:47 - DEBUG --> setCurrency 
2016-06-03 16:12:47 - DEBUG --> Archivo \components\com_jhotelreservation\classes\services\UserDataService.php 
2016-06-03 16:12:47 - DEBUG --> getUserData 
2016-06-03 16:12:47 - DEBUG --> Archivo \components\com_jhotelreservation\classes\services\UserDataService.php 
2016-06-03 16:12:47 - DEBUG --> getUserData 
2016-06-03 16:12:47 - DEBUG --> Archivo \components\com_jhotelreservation\classes\services\UserDataService.php 
2016-06-03 16:12:47 - DEBUG --> getUserData 
2016-06-03 16:12:47 - DEBUG --> Archivo \components\com_jhotelreservationiews\hotel	mpl\hoteloverview.php 
2016-06-03 16:12:47 - DEBUG --> Accedió 
2016-06-03 16:12:49 - DEBUG --> Archivo \components\com_jhotelreservation\classes\services\UserDataService.php 
2016-06-03 16:12:49 - DEBUG --> initializeUserData 
2016-06-03 16:12:49 - DEBUG --> UserData first: N; 
2016-06-03 16:12:49 - DEBUG --> Archivo \components\com_jhotelreservation\classes\services\UserDataService.php 
2016-06-03 16:12:49 - DEBUG --> createUserData 
2016-06-03 16:12:49 - DEBUG --> UserData end:  a:0:{} 
2016-06-03 16:12:49 - DEBUG --> Archivo \components\com_jhotelreservation\classes\services\UserDataService.php 
2016-06-03 16:12:49 - DEBUG --> initializeUserData 
2016-06-03 16:12:49 - DEBUG --> UserData first: a:0:{} 
2016-06-03 16:12:49 - DEBUG --> UserData end:  a:0:{} 
2016-06-03 16:12:49 - DEBUG --> Archivo \components\com_jhotelreservation\classes\services\UserDataService.php 
2016-06-03 16:12:49 - DEBUG --> initializeReservationData 
2016-06-03 16:12:49 - DEBUG --> UserData: a:0:{} 
2016-06-03 16:12:49 - DEBUG --> Archivo \components\com_jhotelreservation\classes\services\UserDataService.php 
2016-06-03 16:12:49 - DEBUG --> updateUserData 
2016-06-03 16:12:49 - DEBUG --> Archivo \components\com_jhotelreservation\classes\services\UserDataService.php 
2016-06-03 16:12:49 - DEBUG --> getUserData 
2016-06-03 16:12:49 - DEBUG --> Archivo \components\com_jhotelreservation\classes\services\UserDataService.php 
2016-06-03 16:12:49 - DEBUG --> setCurrency 
2016-06-03 16:12:49 - DEBUG --> Archivo \components\com_jhotelreservation\classes\services\UserDataService.php 
2016-06-03 16:12:49 - DEBUG --> getUserData 
2016-06-03 16:12:49 - DEBUG --> Archivo \components\com_jhotelreservation\classes\services\UserDataService.php 
2016-06-03 16:12:49 - DEBUG --> getUserData 
2016-06-03 16:12:49 - DEBUG --> Archivo \components\com_jhotelreservation\classes\services\UserDataService.php 
2016-06-03 16:12:49 - DEBUG --> getUserData 
2016-06-03 16:12:51 - DEBUG --> Archivo \components\com_jhotelreservation\classes\services\UserDataService.php 
2016-06-03 16:12:51 - DEBUG --> initializeUserData 
2016-06-03 16:12:51 - DEBUG --> UserData first: N; 
2016-06-03 16:12:51 - DEBUG --> Archivo \components\com_jhotelreservation\classes\services\UserDataService.php 
2016-06-03 16:12:51 - DEBUG --> createUserData 
2016-06-03 16:12:51 - DEBUG --> UserData end:  a:0:{} 
2016-06-03 16:12:51 - DEBUG --> Archivo \components\com_jhotelreservation\classes\services\UserDataService.php 
2016-06-03 16:12:51 - DEBUG --> initializeUserData 
2016-06-03 16:12:51 - DEBUG --> UserData first: a:0:{} 
2016-06-03 16:12:51 - DEBUG --> UserData end:  a:0:{} 
2016-06-03 16:12:51 - DEBUG --> Archivo \components\com_jhotelreservation\classes\services\UserDataService.php 
2016-06-03 16:12:51 - DEBUG --> initializeReservationData 
2016-06-03 16:12:51 - DEBUG --> UserData: a:0:{} 
2016-06-03 16:12:51 - DEBUG --> Archivo \components\com_jhotelreservation\classes\services\UserDataService.php 
2016-06-03 16:12:51 - DEBUG --> updateUserData 
2016-06-03 16:12:51 - DEBUG --> Archivo \components\com_jhotelreservation\classes\services\UserDataService.php 
2016-06-03 16:12:51 - DEBUG --> getUserData 
2016-06-03 16:12:51 - DEBUG --> Archivo \components\com_jhotelreservation\classes\services\UserDataService.php 
2016-06-03 16:12:51 - DEBUG --> setCurrency 
2016-06-03 16:12:51 - DEBUG --> Archivo \components\com_jhotelreservation\classes\services\UserDataService.php 
2016-06-03 16:12:51 - DEBUG --> getUserData 
2016-06-03 16:12:51 - DEBUG --> Archivo \components\com_jhotelreservation\classes\services\UserDataService.php 
2016-06-03 16:12:51 - DEBUG --> getUserData 
2016-06-03 16:12:51 - DEBUG --> Archivo \components\com_jhotelreservation\classes\services\UserDataService.php 
2016-06-03 16:12:51 - DEBUG --> getUserData 
2016-06-03 16:12:51 - DEBUG --> Archivo \components\com_jhotelreservationiews\hotel	mpl\hoteloverview.php 
2016-06-03 16:12:51 - DEBUG --> Accedió 
2016-06-03 16:12:53 - DEBUG --> Archivo \components\com_jhotelreservation\classes\services\UserDataService.php 
2016-06-03 16:12:53 - DEBUG --> initializeUserData 
2016-06-03 16:12:53 - DEBUG --> UserData first: N; 
2016-06-03 16:12:53 - DEBUG --> Archivo \components\com_jhotelreservation\classes\services\UserDataService.php 
2016-06-03 16:12:53 - DEBUG --> createUserData 
2016-06-03 16:12:53 - DEBUG --> UserData end:  a:0:{} 
2016-06-03 16:12:53 - DEBUG --> Archivo \components\com_jhotelreservation\classes\services\UserDataService.php 
2016-06-03 16:12:53 - DEBUG --> initializeUserData 
2016-06-03 16:12:53 - DEBUG --> UserData first: a:0:{} 
2016-06-03 16:12:53 - DEBUG --> UserData end:  a:0:{} 
2016-06-03 16:12:53 - DEBUG --> Archivo \components\com_jhotelreservation\classes\services\UserDataService.php 
2016-06-03 16:12:53 - DEBUG --> initializeReservationData 
2016-06-03 16:12:53 - DEBUG --> UserData: a:0:{} 
2016-06-03 16:12:53 - DEBUG --> Archivo \components\com_jhotelreservation\classes\services\UserDataService.php 
2016-06-03 16:12:53 - DEBUG --> updateUserData 
2016-06-03 16:12:53 - DEBUG --> Archivo \components\com_jhotelreservation\classes\services\UserDataService.php 
2016-06-03 16:12:53 - DEBUG --> getUserData 
2016-06-03 16:12:53 - DEBUG --> Archivo \components\com_jhotelreservation\classes\services\UserDataService.php 
2016-06-03 16:12:53 - DEBUG --> setCurrency 
2016-06-03 16:12:53 - DEBUG --> Archivo \components\com_jhotelreservation\classes\services\UserDataService.php 
2016-06-03 16:12:53 - DEBUG --> getUserData 
2016-06-03 16:12:53 - DEBUG --> Archivo \components\com_jhotelreservation\classes\services\UserDataService.php 
2016-06-03 16:12:53 - DEBUG --> getUserData 
2016-06-03 16:12:53 - DEBUG --> Archivo \components\com_jhotelreservation\classes\services\UserDataService.php 
2016-06-03 16:12:53 - DEBUG --> getUserData 
2016-06-03 16:12:55 - DEBUG --> Archivo \components\com_jhotelreservation\classes\services\UserDataService.php 
2016-06-03 16:12:55 - DEBUG --> initializeUserData 
2016-06-03 16:12:55 - DEBUG --> UserData first: N; 
2016-06-03 16:12:55 - DEBUG --> Archivo \components\com_jhotelreservation\classes\services\UserDataService.php 
2016-06-03 16:12:55 - DEBUG --> createUserData 
2016-06-03 16:12:55 - DEBUG --> UserData end:  a:0:{} 
2016-06-03 16:12:55 - DEBUG --> Archivo \components\com_jhotelreservation\classes\services\UserDataService.php 
2016-06-03 16:12:55 - DEBUG --> initializeUserData 
2016-06-03 16:12:55 - DEBUG --> UserData first: a:0:{} 
2016-06-03 16:12:55 - DEBUG --> UserData end:  a:0:{} 
2016-06-03 16:12:55 - DEBUG --> Archivo \components\com_jhotelreservation\classes\services\UserDataService.php 
2016-06-03 16:12:55 - DEBUG --> initializeReservationData 
2016-06-03 16:12:55 - DEBUG --> UserData: a:0:{} 
2016-06-03 16:12:55 - DEBUG --> Archivo \components\com_jhotelreservation\classes\services\UserDataService.php 
2016-06-03 16:12:55 - DEBUG --> updateUserData 
2016-06-03 16:12:55 - DEBUG --> Archivo \components\com_jhotelreservation\classes\services\UserDataService.php 
2016-06-03 16:12:55 - DEBUG --> getUserData 
2016-06-03 16:12:55 - DEBUG --> Archivo \components\com_jhotelreservation\classes\services\UserDataService.php 
2016-06-03 16:12:55 - DEBUG --> setCurrency 
2016-06-03 16:12:55 - DEBUG --> Archivo \components\com_jhotelreservation\classes\services\UserDataService.php 
2016-06-03 16:12:55 - DEBUG --> getUserData 
2016-06-03 16:12:55 - DEBUG --> Archivo \components\com_jhotelreservation\classes\services\UserDataService.php 
2016-06-03 16:12:55 - DEBUG --> getUserData 
2016-06-03 16:12:55 - DEBUG --> Archivo \components\com_jhotelreservation\classes\services\UserDataService.php 
2016-06-03 16:12:55 - DEBUG --> getUserData 
2016-06-03 16:12:55 - DEBUG --> Archivo \components\com_jhotelreservationiews\hotel	mpl\hoteloverview.php 
2016-06-03 16:12:55 - DEBUG --> Accedió 
2016-06-03 16:12:57 - DEBUG --> Archivo \components\com_jhotelreservation\classes\services\UserDataService.php 
2016-06-03 16:12:57 - DEBUG --> initializeUserData 
2016-06-03 16:12:57 - DEBUG --> UserData first: N; 
2016-06-03 16:12:57 - DEBUG --> Archivo \components\com_jhotelreservation\classes\services\UserDataService.php 
2016-06-03 16:12:57 - DEBUG --> createUserData 
2016-06-03 16:12:57 - DEBUG --> UserData end:  a:0:{} 
2016-06-03 16:12:57 - DEBUG --> Archivo \components\com_jhotelreservation\classes\services\UserDataService.php 
2016-06-03 16:12:57 - DEBUG --> initializeUserData 
2016-06-03 16:12:57 - DEBUG --> UserData first: a:0:{} 
2016-06-03 16:12:57 - DEBUG --> UserData end:  a:0:{} 
2016-06-03 16:12:57 - DEBUG --> Archivo \components\com_jhotelreservation\classes\services\UserDataService.php 
2016-06-03 16:12:57 - DEBUG --> initializeReservationData 
2016-06-03 16:12:57 - DEBUG --> UserData: a:0:{} 
2016-06-03 16:12:57 - DEBUG --> Archivo \components\com_jhotelreservation\classes\services\UserDataService.php 
2016-06-03 16:12:57 - DEBUG --> updateUserData 
2016-06-03 16:12:57 - DEBUG --> Archivo \components\com_jhotelreservation\classes\services\UserDataService.php 
2016-06-03 16:12:57 - DEBUG --> getUserData 
2016-06-03 16:12:57 - DEBUG --> Archivo \components\com_jhotelreservation\classes\services\UserDataService.php 
2016-06-03 16:12:57 - DEBUG --> setCurrency 
2016-06-03 16:12:57 - DEBUG --> Archivo \components\com_jhotelreservation\classes\services\UserDataService.php 
2016-06-03 16:12:57 - DEBUG --> getUserData 
2016-06-03 16:12:57 - DEBUG --> Archivo \components\com_jhotelreservation\classes\services\UserDataService.php 
2016-06-03 16:12:57 - DEBUG --> getUserData 
2016-06-03 16:12:57 - DEBUG --> Archivo \components\com_jhotelreservation\classes\services\UserDataService.php 
2016-06-03 16:12:57 - DEBUG --> getUserData 
2016-06-03 16:12:59 - DEBUG --> Archivo \components\com_jhotelreservation\classes\services\UserDataService.php 
2016-06-03 16:12:59 - DEBUG --> initializeUserData 
2016-06-03 16:12:59 - DEBUG --> UserData first: N; 
2016-06-03 16:12:59 - DEBUG --> Archivo \components\com_jhotelreservation\classes\services\UserDataService.php 
2016-06-03 16:12:59 - DEBUG --> createUserData 
2016-06-03 16:12:59 - DEBUG --> UserData end:  a:0:{} 
2016-06-03 16:12:59 - DEBUG --> Archivo \components\com_jhotelreservation\classes\services\UserDataService.php 
2016-06-03 16:12:59 - DEBUG --> initializeUserData 
2016-06-03 16:12:59 - DEBUG --> UserData first: a:0:{} 
2016-06-03 16:12:59 - DEBUG --> UserData end:  a:0:{} 
2016-06-03 16:12:59 - DEBUG --> Archivo \components\com_jhotelreservation\classes\services\UserDataService.php 
2016-06-03 16:12:59 - DEBUG --> initializeReservationData 
2016-06-03 16:12:59 - DEBUG --> UserData: a:0:{} 
2016-06-03 16:12:59 - DEBUG --> Archivo \components\com_jhotelreservation\classes\services\UserDataService.php 
2016-06-03 16:12:59 - DEBUG --> updateUserData 
2016-06-03 16:12:59 - DEBUG --> Archivo \components\com_jhotelreservation\classes\services\UserDataService.php 
2016-06-03 16:12:59 - DEBUG --> getUserData 
2016-06-03 16:12:59 - DEBUG --> Archivo \components\com_jhotelreservation\classes\services\UserDataService.php 
2016-06-03 16:12:59 - DEBUG --> setCurrency 
2016-06-03 16:12:59 - DEBUG --> Archivo \components\com_jhotelreservation\classes\services\UserDataService.php 
2016-06-03 16:12:59 - DEBUG --> getUserData 
2016-06-03 16:12:59 - DEBUG --> Archivo \components\com_jhotelreservation\classes\services\UserDataService.php 
2016-06-03 16:12:59 - DEBUG --> getUserData 
2016-06-03 16:12:59 - DEBUG --> Archivo \components\com_jhotelreservation\classes\services\UserDataService.php 
2016-06-03 16:12:59 - DEBUG --> getUserData 
2016-06-03 16:12:59 - DEBUG --> Archivo \components\com_jhotelreservationiews\hotel	mpl\hoteloverview.php 
2016-06-03 16:12:59 - DEBUG --> Accedió 
2016-06-03 16:19:44 - DEBUG --> Archivo \components\com_jhotelreservation\classes\services\UserDataService.php 
2016-06-03 16:19:44 - DEBUG --> initializeUserData 
2016-06-03 16:19:44 - DEBUG --> UserData first: N; 
2016-06-03 16:19:44 - DEBUG --> Archivo \components\com_jhotelreservation\classes\services\UserDataService.php 
2016-06-03 16:19:44 - DEBUG --> createUserData 
2016-06-03 16:19:44 - DEBUG --> UserData end:  a:0:{} 
2016-06-03 16:19:44 - DEBUG --> Archivo \components\com_jhotelreservation\classes\services\UserDataService.php 
2016-06-03 16:19:44 - DEBUG --> initializeUserData 
2016-06-03 16:19:44 - DEBUG --> UserData first: a:0:{} 
2016-06-03 16:19:44 - DEBUG --> UserData end:  a:0:{} 
2016-06-03 16:19:44 - DEBUG --> Archivo \components\com_jhotelreservation\classes\services\UserDataService.php 
2016-06-03 16:19:44 - DEBUG --> initializeReservationData 
2016-06-03 16:19:44 - DEBUG --> UserData: a:0:{} 
2016-06-03 16:19:44 - DEBUG --> Archivo \components\com_jhotelreservation\classes\services\UserDataService.php 
2016-06-03 16:19:44 - DEBUG --> updateUserData 
2016-06-03 16:19:44 - DEBUG --> Archivo \components\com_jhotelreservation\classes\services\UserDataService.php 
2016-06-03 16:19:44 - DEBUG --> getUserData 
2016-06-03 16:19:44 - DEBUG --> Archivo \components\com_jhotelreservation\classes\services\UserDataService.php 
2016-06-03 16:19:44 - DEBUG --> setCurrency 
2016-06-03 16:19:44 - DEBUG --> Archivo \components\com_jhotelreservation\classes\services\UserDataService.php 
2016-06-03 16:19:44 - DEBUG --> getUserData 
2016-06-03 16:19:44 - DEBUG --> Archivo \components\com_jhotelreservation\classes\services\UserDataService.php 
2016-06-03 16:19:44 - DEBUG --> getUserData 
2016-06-03 16:19:44 - DEBUG --> Archivo \components\com_jhotelreservation\classes\services\UserDataService.php 
2016-06-03 16:19:44 - DEBUG --> getUserData 
2016-06-03 18:41:52 - DEBUG --> Archivo \components\com_jhotelreservation\classes\services\UserDataService.php 
2016-06-03 18:41:52 - DEBUG --> initializeUserData 
2016-06-03 18:41:52 - DEBUG --> UserData first: N; 
2016-06-03 18:41:52 - DEBUG --> Archivo \components\com_jhotelreservation\classes\services\UserDataService.php 
2016-06-03 18:41:52 - DEBUG --> createUserData 
2016-06-03 18:41:52 - DEBUG --> UserData end:  a:0:{} 
2016-06-03 18:41:52 - DEBUG --> Archivo \components\com_jhotelreservation\classes\services\UserDataService.php 
2016-06-03 18:41:52 - DEBUG --> initializeUserData 
2016-06-03 18:41:52 - DEBUG --> UserData first: a:0:{} 
2016-06-03 18:41:52 - DEBUG --> UserData end:  a:0:{} 
2016-06-03 18:41:52 - DEBUG --> Archivo \components\com_jhotelreservation\classes\services\UserDataService.php 
2016-06-03 18:41:52 - DEBUG --> initializeReservationData 
2016-06-03 18:41:52 - DEBUG --> UserData: a:0:{} 
2016-06-03 18:41:52 - DEBUG --> Archivo \components\com_jhotelreservation\classes\services\UserDataService.php 
2016-06-03 18:41:52 - DEBUG --> updateUserData 
2016-06-03 18:41:52 - DEBUG --> Archivo \components\com_jhotelreservation\classes\services\UserDataService.php 
2016-06-03 18:41:52 - DEBUG --> getUserData 
2016-06-03 18:41:52 - DEBUG --> Archivo \components\com_jhotelreservation\classes\services\UserDataService.php 
2016-06-03 18:41:52 - DEBUG --> setCurrency 
2016-06-03 18:41:52 - DEBUG --> Archivo \components\com_jhotelreservation\classes\services\UserDataService.php 
2016-06-03 18:41:52 - DEBUG --> getUserData 
2016-06-03 18:41:52 - DEBUG --> Archivo \components\com_jhotelreservation\classes\services\UserDataService.php 
2016-06-03 18:41:52 - DEBUG --> getUserData 
2016-06-03 18:41:52 - DEBUG --> Archivo \components\com_jhotelreservation\classes\services\UserDataService.php 
2016-06-03 18:41:52 - DEBUG --> getUserData 
2016-06-03 18:41:52 - DEBUG --> Archivo \components\com_jhotelreservationiews\hotel	mpl\hoteloverview.php 
2016-06-03 18:41:52 - DEBUG --> Accedió 
2016-06-03 18:47:03 - DEBUG --> Archivo \components\com_jhotelreservation\classes\services\UserDataService.php 
2016-06-03 18:47:03 - DEBUG --> initializeUserData 
2016-06-03 18:47:03 - DEBUG --> UserData first: N; 
2016-06-03 18:47:03 - DEBUG --> Archivo \components\com_jhotelreservation\classes\services\UserDataService.php 
2016-06-03 18:47:03 - DEBUG --> createUserData 
2016-06-03 18:47:03 - DEBUG --> UserData end:  a:0:{} 
2016-06-03 18:47:03 - DEBUG --> Archivo \components\com_jhotelreservation\classes\services\UserDataService.php 
2016-06-03 18:47:03 - DEBUG --> initializeUserData 
2016-06-03 18:47:03 - DEBUG --> UserData first: a:0:{} 
2016-06-03 18:47:03 - DEBUG --> UserData end:  a:0:{} 
2016-06-03 18:47:03 - DEBUG --> Archivo \components\com_jhotelreservation\classes\services\UserDataService.php 
2016-06-03 18:47:03 - DEBUG --> initializeReservationData 
2016-06-03 18:47:03 - DEBUG --> UserData: a:0:{} 
2016-06-03 18:47:03 - DEBUG --> Archivo \components\com_jhotelreservation\classes\services\UserDataService.php 
2016-06-03 18:47:03 - DEBUG --> updateUserData 
2016-06-03 18:47:03 - DEBUG --> Archivo \components\com_jhotelreservation\classes\services\UserDataService.php 
2016-06-03 18:47:03 - DEBUG --> getUserData 
2016-06-03 18:47:03 - DEBUG --> Archivo \components\com_jhotelreservation\classes\services\UserDataService.php 
2016-06-03 18:47:03 - DEBUG --> setCurrency 
2016-06-03 18:47:03 - DEBUG --> Archivo \components\com_jhotelreservation\classes\services\UserDataService.php 
2016-06-03 18:47:03 - DEBUG --> getUserData 
2016-06-03 18:47:03 - DEBUG --> Archivo \components\com_jhotelreservation\classes\services\UserDataService.php 
2016-06-03 18:47:03 - DEBUG --> getUserData 
2016-06-03 18:47:03 - DEBUG --> Archivo \components\com_jhotelreservation\classes\services\UserDataService.php 
2016-06-03 18:47:03 - DEBUG --> getUserData 
2016-06-03 18:47:03 - DEBUG --> Archivo \components\com_jhotelreservationiews\hotel	mpl\hoteloverview.php 
2016-06-03 18:47:03 - DEBUG --> Accedió 
2016-06-03 18:57:36 - DEBUG --> Archivo \components\com_jhotelreservation\classes\services\UserDataService.php 
2016-06-03 18:57:36 - DEBUG --> initializeUserData 
2016-06-03 18:57:36 - DEBUG --> UserData first: a:0:{} 
2016-06-03 18:57:36 - DEBUG --> UserData end:  a:0:{} 
2016-06-03 18:58:38 - DEBUG --> Archivo \components\com_jhotelreservation\classes\services\UserDataService.php 
2016-06-03 18:58:38 - DEBUG --> initializeUserData 
2016-06-03 18:58:38 - DEBUG --> UserData first: a:0:{} 
2016-06-03 18:58:38 - DEBUG --> Archivo \components\com_jhotelreservation\classes\services\UserDataService.php 
2016-06-03 18:58:38 - DEBUG --> createUserData 
2016-06-03 18:58:38 - DEBUG --> voucher:  
2016-06-03 18:58:38 - DEBUG --> UserData end:  a:0:{} 
2016-06-03 18:58:38 - DEBUG --> Archivo \components\com_jhotelreservation\classes\services\UserDataService.php 
2016-06-03 18:58:38 - DEBUG --> initializeUserData 
2016-06-03 18:58:38 - DEBUG --> UserData first: a:0:{} 
2016-06-03 18:58:38 - DEBUG --> Archivo \components\com_jhotelreservation\classes\services\UserDataService.php 
2016-06-03 18:58:38 - DEBUG --> createUserData 
2016-06-03 18:58:38 - DEBUG --> voucher:  
2016-06-03 18:58:38 - DEBUG --> UserData end:  a:0:{} 
2016-06-03 22:26:49 - DEBUG --> Archivo \components\com_jhotelreservation\classes\services\UserDataService.php 
2016-06-03 22:26:49 - DEBUG --> initializeUserData 
2016-06-03 22:26:49 - DEBUG --> UserData first: N; 
2016-06-03 22:26:49 - DEBUG --> Archivo \components\com_jhotelreservation\classes\services\UserDataService.php 
2016-06-03 22:26:49 - DEBUG --> createUserData 
2016-06-03 22:26:49 - DEBUG --> UserData end:  a:0:{} 
