2016-05-09 3:04:45 - DEBUG --> Archivo \components\com_jhotelreservation\classes\services\UserDataService.php 
2016-05-09 3:04:45 - DEBUG --> initializeUserData 
2016-05-09 3:04:45 - DEBUG --> UserData first: N; 
2016-05-09 3:04:45 - DEBUG --> Archivo \components\com_jhotelreservation\classes\services\UserDataService.php 
2016-05-09 3:04:45 - DEBUG --> createUserData 
2016-05-09 3:04:45 - DEBUG --> UserData end:  a:0:{} 
2016-05-09 3:04:45 - DEBUG --> Archivo \components\com_jhotelreservation\classes\services\UserDataService.php 
2016-05-09 3:04:45 - DEBUG --> initializeUserData 
2016-05-09 3:04:45 - DEBUG --> UserData first: a:0:{} 
2016-05-09 3:04:45 - DEBUG --> UserData end:  a:0:{} 
2016-05-09 3:04:45 - DEBUG --> Archivo \components\com_jhotelreservation\classes\services\UserDataService.php 
2016-05-09 3:04:45 - DEBUG --> initializeReservationData 
2016-05-09 3:04:45 - DEBUG --> UserData: a:0:{} 
2016-05-09 3:04:45 - DEBUG --> Archivo \components\com_jhotelreservation\classes\services\UserDataService.php 
2016-05-09 3:04:45 - DEBUG --> updateUserData 
2016-05-09 3:04:45 - DEBUG --> Archivo \components\com_jhotelreservation\classes\services\UserDataService.php 
2016-05-09 3:04:45 - DEBUG --> getUserData 
2016-05-09 3:04:45 - DEBUG --> Archivo \components\com_jhotelreservation\classes\services\UserDataService.php 
2016-05-09 3:04:45 - DEBUG --> setCurrency 
2016-05-09 3:04:45 - DEBUG --> Archivo \components\com_jhotelreservation\classes\services\UserDataService.php 
2016-05-09 3:04:45 - DEBUG --> getUserData 
2016-05-09 3:04:45 - DEBUG --> Archivo \components\com_jhotelreservation\classes\services\UserDataService.php 
2016-05-09 3:04:45 - DEBUG --> getUserData 
2016-05-09 3:04:45 - DEBUG --> Archivo \components\com_jhotelreservation\classes\services\UserDataService.php 
2016-05-09 3:04:45 - DEBUG --> getUserData 
2016-05-09 3:04:45 - DEBUG --> Archivo \components\com_jhotelreservationiews\hotel	mpl\hoteloverview.php 
2016-05-09 3:04:45 - DEBUG --> Accedió 
2016-05-09 3:05:33 - DEBUG --> Archivo \components\com_jhotelreservation\classes\services\UserDataService.php 
2016-05-09 3:05:33 - DEBUG --> initializeUserData 
2016-05-09 3:05:33 - DEBUG --> UserData first: N; 
2016-05-09 3:05:33 - DEBUG --> Archivo \components\com_jhotelreservation\classes\services\UserDataService.php 
2016-05-09 3:05:33 - DEBUG --> createUserData 
2016-05-09 3:05:33 - DEBUG --> UserData end:  a:0:{} 
2016-05-09 3:05:33 - DEBUG --> Archivo \components\com_jhotelreservation\classes\services\UserDataService.php 
2016-05-09 3:05:33 - DEBUG --> initializeUserData 
2016-05-09 3:05:33 - DEBUG --> UserData first: a:0:{} 
2016-05-09 3:05:33 - DEBUG --> UserData end:  a:0:{} 
2016-05-09 3:05:33 - DEBUG --> Archivo \components\com_jhotelreservation\classes\services\UserDataService.php 
2016-05-09 3:05:33 - DEBUG --> initializeReservationData 
2016-05-09 3:05:33 - DEBUG --> UserData: a:0:{} 
2016-05-09 3:05:33 - DEBUG --> Archivo \components\com_jhotelreservation\classes\services\UserDataService.php 
2016-05-09 3:05:33 - DEBUG --> updateUserData 
2016-05-09 3:05:33 - DEBUG --> Archivo \components\com_jhotelreservation\classes\services\UserDataService.php 
2016-05-09 3:05:33 - DEBUG --> getUserData 
2016-05-09 3:05:33 - DEBUG --> Archivo \components\com_jhotelreservation\classes\services\UserDataService.php 
2016-05-09 3:05:33 - DEBUG --> setCurrency 
2016-05-09 3:05:33 - DEBUG --> Archivo \components\com_jhotelreservation\classes\services\UserDataService.php 
2016-05-09 3:05:33 - DEBUG --> getUserData 
2016-05-09 3:05:33 - DEBUG --> Archivo \components\com_jhotelreservation\classes\services\UserDataService.php 
2016-05-09 3:05:33 - DEBUG --> getUserData 
2016-05-09 3:05:33 - DEBUG --> Archivo \components\com_jhotelreservation\classes\services\UserDataService.php 
2016-05-09 3:05:33 - DEBUG --> getUserData 
2016-05-09 3:05:33 - DEBUG --> Archivo \components\com_jhotelreservationiews\hotel	mpl\hoteloverview.php 
2016-05-09 3:05:33 - DEBUG --> Accedió 
2016-05-09 4:07:20 - DEBUG --> Archivo \components\com_jhotelreservation\classes\services\UserDataService.php 
2016-05-09 4:07:20 - DEBUG --> initializeUserData 
2016-05-09 4:07:20 - DEBUG --> UserData first: N; 
2016-05-09 4:07:20 - DEBUG --> Archivo \components\com_jhotelreservation\classes\services\UserDataService.php 
2016-05-09 4:07:20 - DEBUG --> createUserData 
2016-05-09 4:07:20 - DEBUG --> UserData end:  a:0:{} 
2016-05-09 4:07:20 - DEBUG --> Archivo \components\com_jhotelreservation\classes\services\UserDataService.php 
2016-05-09 4:07:20 - DEBUG --> initializeUserData 
2016-05-09 4:07:20 - DEBUG --> UserData first: a:0:{} 
2016-05-09 4:07:20 - DEBUG --> UserData end:  a:0:{} 
2016-05-09 4:07:20 - DEBUG --> Archivo \components\com_jhotelreservation\classes\services\UserDataService.php 
2016-05-09 4:07:20 - DEBUG --> initializeReservationData 
2016-05-09 4:07:20 - DEBUG --> UserData: a:0:{} 
2016-05-09 4:07:20 - DEBUG --> Archivo \components\com_jhotelreservation\classes\services\UserDataService.php 
2016-05-09 4:07:20 - DEBUG --> updateUserData 
2016-05-09 4:07:20 - DEBUG --> Archivo \components\com_jhotelreservation\classes\services\UserDataService.php 
2016-05-09 4:07:20 - DEBUG --> getUserData 
2016-05-09 4:07:20 - DEBUG --> Archivo \components\com_jhotelreservation\classes\services\UserDataService.php 
2016-05-09 4:07:20 - DEBUG --> setCurrency 
2016-05-09 4:07:20 - DEBUG --> Archivo \components\com_jhotelreservation\classes\services\UserDataService.php 
2016-05-09 4:07:20 - DEBUG --> getUserData 
2016-05-09 4:07:20 - DEBUG --> Archivo \components\com_jhotelreservation\classes\services\UserDataService.php 
2016-05-09 4:07:20 - DEBUG --> getUserData 
2016-05-09 4:07:20 - DEBUG --> Archivo \components\com_jhotelreservation\classes\services\UserDataService.php 
2016-05-09 4:07:20 - DEBUG --> getUserData 
2016-05-09 7:41:35 - DEBUG --> Archivo \components\com_jhotelreservation\classes\services\UserDataService.php 
2016-05-09 7:41:35 - DEBUG --> initializeUserData 
2016-05-09 7:41:35 - DEBUG --> UserData first: N; 
2016-05-09 7:41:35 - DEBUG --> Archivo \components\com_jhotelreservation\classes\services\UserDataService.php 
2016-05-09 7:41:35 - DEBUG --> createUserData 
2016-05-09 7:41:35 - DEBUG --> UserData end:  a:0:{} 
2016-05-09 7:41:35 - DEBUG --> Archivo \components\com_jhotelreservation\classes\services\UserDataService.php 
2016-05-09 7:41:35 - DEBUG --> initializeUserData 
2016-05-09 7:41:35 - DEBUG --> UserData first: a:0:{} 
2016-05-09 7:41:35 - DEBUG --> UserData end:  a:0:{} 
2016-05-09 7:41:35 - DEBUG --> Archivo \components\com_jhotelreservation\classes\services\UserDataService.php 
2016-05-09 7:41:35 - DEBUG --> initializeReservationData 
2016-05-09 7:41:35 - DEBUG --> UserData: a:0:{} 
2016-05-09 7:41:35 - DEBUG --> Archivo \components\com_jhotelreservation\classes\services\UserDataService.php 
2016-05-09 7:41:35 - DEBUG --> updateUserData 
2016-05-09 7:41:35 - DEBUG --> Archivo \components\com_jhotelreservation\classes\services\UserDataService.php 
2016-05-09 7:41:35 - DEBUG --> getUserData 
2016-05-09 7:41:35 - DEBUG --> Archivo \components\com_jhotelreservation\classes\services\UserDataService.php 
2016-05-09 7:41:35 - DEBUG --> setCurrency 
2016-05-09 7:41:35 - DEBUG --> Archivo \components\com_jhotelreservation\classes\services\UserDataService.php 
2016-05-09 7:41:35 - DEBUG --> getUserData 
2016-05-09 7:41:35 - DEBUG --> Archivo \components\com_jhotelreservation\classes\services\UserDataService.php 
2016-05-09 7:41:35 - DEBUG --> getUserData 
2016-05-09 7:41:35 - DEBUG --> Archivo \components\com_jhotelreservation\classes\services\UserDataService.php 
2016-05-09 7:41:35 - DEBUG --> getUserData 
2016-05-09 7:41:35 - DEBUG --> Archivo \components\com_jhotelreservationiews\hotel	mpl\hoteloverview.php 
2016-05-09 7:41:35 - DEBUG --> Accedió 
2016-05-09 7:41:38 - DEBUG --> Archivo \components\com_jhotelreservation\classes\services\UserDataService.php 
2016-05-09 7:41:38 - DEBUG --> initializeUserData 
2016-05-09 7:41:38 - DEBUG --> UserData first: N; 
2016-05-09 7:41:38 - DEBUG --> Archivo \components\com_jhotelreservation\classes\services\UserDataService.php 
2016-05-09 7:41:38 - DEBUG --> createUserData 
2016-05-09 7:41:38 - DEBUG --> UserData end:  a:0:{} 
2016-05-09 7:41:38 - DEBUG --> Archivo \components\com_jhotelreservation\classes\services\UserDataService.php 
2016-05-09 7:41:38 - DEBUG --> initializeUserData 
2016-05-09 7:41:38 - DEBUG --> UserData first: a:0:{} 
2016-05-09 7:41:38 - DEBUG --> UserData end:  a:0:{} 
2016-05-09 7:41:38 - DEBUG --> Archivo \components\com_jhotelreservation\classes\services\UserDataService.php 
2016-05-09 7:41:38 - DEBUG --> initializeReservationData 
2016-05-09 7:41:38 - DEBUG --> UserData: a:0:{} 
2016-05-09 7:41:38 - DEBUG --> Archivo \components\com_jhotelreservation\classes\services\UserDataService.php 
2016-05-09 7:41:38 - DEBUG --> updateUserData 
2016-05-09 7:41:38 - DEBUG --> Archivo \components\com_jhotelreservation\classes\services\UserDataService.php 
2016-05-09 7:41:38 - DEBUG --> getUserData 
2016-05-09 7:41:38 - DEBUG --> Archivo \components\com_jhotelreservation\classes\services\UserDataService.php 
2016-05-09 7:41:38 - DEBUG --> setCurrency 
2016-05-09 7:41:38 - DEBUG --> Archivo \components\com_jhotelreservation\classes\services\UserDataService.php 
2016-05-09 7:41:38 - DEBUG --> getUserData 
2016-05-09 7:41:38 - DEBUG --> Archivo \components\com_jhotelreservation\classes\services\UserDataService.php 
2016-05-09 7:41:38 - DEBUG --> getUserData 
2016-05-09 7:41:38 - DEBUG --> Archivo \components\com_jhotelreservation\classes\services\UserDataService.php 
2016-05-09 7:41:38 - DEBUG --> getUserData 
2016-05-09 7:41:38 - DEBUG --> Archivo \components\com_jhotelreservationiews\hotel	mpl\hoteloverview.php 
2016-05-09 7:41:38 - DEBUG --> Accedió 
2016-05-09 7:41:41 - DEBUG --> Archivo \components\com_jhotelreservation\classes\services\UserDataService.php 
2016-05-09 7:41:41 - DEBUG --> initializeUserData 
2016-05-09 7:41:41 - DEBUG --> UserData first: N; 
2016-05-09 7:41:41 - DEBUG --> Archivo \components\com_jhotelreservation\classes\services\UserDataService.php 
2016-05-09 7:41:41 - DEBUG --> createUserData 
2016-05-09 7:41:41 - DEBUG --> UserData end:  a:0:{} 
2016-05-09 7:41:41 - DEBUG --> Archivo \components\com_jhotelreservation\classes\services\UserDataService.php 
2016-05-09 7:41:41 - DEBUG --> initializeUserData 
2016-05-09 7:41:41 - DEBUG --> UserData first: a:0:{} 
2016-05-09 7:41:41 - DEBUG --> UserData end:  a:0:{} 
2016-05-09 7:41:41 - DEBUG --> Archivo \components\com_jhotelreservation\classes\services\UserDataService.php 
2016-05-09 7:41:41 - DEBUG --> initializeReservationData 
2016-05-09 7:41:41 - DEBUG --> UserData: a:0:{} 
2016-05-09 7:41:41 - DEBUG --> Archivo \components\com_jhotelreservation\classes\services\UserDataService.php 
2016-05-09 7:41:41 - DEBUG --> updateUserData 
2016-05-09 7:41:41 - DEBUG --> Archivo \components\com_jhotelreservation\classes\services\UserDataService.php 
2016-05-09 7:41:41 - DEBUG --> getUserData 
2016-05-09 7:41:41 - DEBUG --> Archivo \components\com_jhotelreservation\classes\services\UserDataService.php 
2016-05-09 7:41:41 - DEBUG --> setCurrency 
2016-05-09 7:41:41 - DEBUG --> Archivo \components\com_jhotelreservation\classes\services\UserDataService.php 
2016-05-09 7:41:41 - DEBUG --> getUserData 
2016-05-09 7:41:41 - DEBUG --> Archivo \components\com_jhotelreservation\classes\services\UserDataService.php 
2016-05-09 7:41:41 - DEBUG --> getUserData 
2016-05-09 7:41:41 - DEBUG --> Archivo \components\com_jhotelreservation\classes\services\UserDataService.php 
2016-05-09 7:41:41 - DEBUG --> getUserData 
2016-05-09 7:41:41 - DEBUG --> Archivo \components\com_jhotelreservationiews\hotel	mpl\hoteloverview.php 
2016-05-09 7:41:41 - DEBUG --> Accedió 
2016-05-09 7:57:26 - DEBUG --> Archivo \components\com_jhotelreservation\classes\services\UserDataService.php 
2016-05-09 7:57:26 - DEBUG --> initializeUserData 
2016-05-09 7:57:26 - DEBUG --> UserData first: N; 
2016-05-09 7:57:26 - DEBUG --> Archivo \components\com_jhotelreservation\classes\services\UserDataService.php 
2016-05-09 7:57:26 - DEBUG --> createUserData 
2016-05-09 7:57:26 - DEBUG --> UserData end:  a:0:{} 
2016-05-09 7:57:26 - DEBUG --> Archivo \components\com_jhotelreservation\classes\services\UserDataService.php 
2016-05-09 7:57:26 - DEBUG --> initializeUserData 
2016-05-09 7:57:26 - DEBUG --> UserData first: a:0:{} 
2016-05-09 7:57:26 - DEBUG --> UserData end:  a:0:{} 
2016-05-09 7:57:26 - DEBUG --> Archivo \components\com_jhotelreservation\classes\services\UserDataService.php 
2016-05-09 7:57:26 - DEBUG --> initializeReservationData 
2016-05-09 7:57:26 - DEBUG --> UserData: a:0:{} 
2016-05-09 7:57:26 - DEBUG --> Archivo \components\com_jhotelreservation\classes\services\UserDataService.php 
2016-05-09 7:57:26 - DEBUG --> updateUserData 
2016-05-09 7:57:26 - DEBUG --> Archivo \components\com_jhotelreservation\classes\services\UserDataService.php 
2016-05-09 7:57:26 - DEBUG --> getUserData 
2016-05-09 7:57:26 - DEBUG --> Archivo \components\com_jhotelreservation\classes\services\UserDataService.php 
2016-05-09 7:57:26 - DEBUG --> setCurrency 
2016-05-09 7:57:26 - DEBUG --> Archivo \components\com_jhotelreservation\classes\services\UserDataService.php 
2016-05-09 7:57:26 - DEBUG --> getUserData 
2016-05-09 7:57:26 - DEBUG --> Archivo \components\com_jhotelreservation\classes\services\UserDataService.php 
2016-05-09 7:57:26 - DEBUG --> getUserData 
2016-05-09 7:57:27 - DEBUG --> Archivo \components\com_jhotelreservation\classes\services\UserDataService.php 
2016-05-09 7:57:27 - DEBUG --> getUserData 
2016-05-09 7:57:27 - DEBUG --> Archivo \components\com_jhotelreservationiews\hotel	mpl\hoteloverview.php 
2016-05-09 7:57:27 - DEBUG --> Accedió 
2016-05-09 9:22:39 - DEBUG --> Archivo \components\com_jhotelreservation\classes\services\UserDataService.php 
2016-05-09 9:22:39 - DEBUG --> initializeUserData 
2016-05-09 9:22:39 - DEBUG --> UserData first: N; 
2016-05-09 9:22:39 - DEBUG --> Archivo \components\com_jhotelreservation\classes\services\UserDataService.php 
2016-05-09 9:22:39 - DEBUG --> createUserData 
2016-05-09 9:22:39 - DEBUG --> UserData end:  a:0:{} 
2016-05-09 9:22:39 - DEBUG --> Archivo \components\com_jhotelreservation\classes\services\UserDataService.php 
2016-05-09 9:22:39 - DEBUG --> initializeUserData 
2016-05-09 9:22:39 - DEBUG --> UserData first: a:0:{} 
2016-05-09 9:22:39 - DEBUG --> UserData end:  a:0:{} 
2016-05-09 9:22:39 - DEBUG --> Archivo \components\com_jhotelreservation\classes\services\UserDataService.php 
2016-05-09 9:22:39 - DEBUG --> initializeReservationData 
2016-05-09 9:22:39 - DEBUG --> UserData: a:0:{} 
2016-05-09 9:22:39 - DEBUG --> Archivo \components\com_jhotelreservation\classes\services\UserDataService.php 
2016-05-09 9:22:39 - DEBUG --> updateUserData 
2016-05-09 9:22:39 - DEBUG --> Archivo \components\com_jhotelreservation\classes\services\UserDataService.php 
2016-05-09 9:22:39 - DEBUG --> getUserData 
2016-05-09 9:22:39 - DEBUG --> Archivo \components\com_jhotelreservation\classes\services\UserDataService.php 
2016-05-09 9:22:39 - DEBUG --> setCurrency 
2016-05-09 9:22:39 - DEBUG --> Archivo \components\com_jhotelreservation\classes\services\UserDataService.php 
2016-05-09 9:22:39 - DEBUG --> getUserData 
2016-05-09 9:22:39 - DEBUG --> Archivo \components\com_jhotelreservation\classes\services\UserDataService.php 
2016-05-09 9:22:39 - DEBUG --> getUserData 
2016-05-09 9:22:39 - DEBUG --> Archivo \components\com_jhotelreservation\classes\services\UserDataService.php 
2016-05-09 9:22:39 - DEBUG --> getUserData 
2016-05-09 9:22:39 - DEBUG --> Archivo \components\com_jhotelreservationiews\hotel	mpl\hoteloverview.php 
2016-05-09 9:22:39 - DEBUG --> Accedió 
2016-05-09 10:17:45 - DEBUG --> Archivo \components\com_jhotelreservation\classes\services\UserDataService.php 
2016-05-09 10:17:45 - DEBUG --> initializeUserData 
2016-05-09 10:17:45 - DEBUG --> UserData first: N; 
2016-05-09 10:17:45 - DEBUG --> Archivo \components\com_jhotelreservation\classes\services\UserDataService.php 
2016-05-09 10:17:45 - DEBUG --> createUserData 
2016-05-09 10:17:45 - DEBUG --> UserData end:  a:0:{} 
2016-05-09 10:17:45 - DEBUG --> Archivo \components\com_jhotelreservation\classes\services\UserDataService.php 
2016-05-09 10:17:45 - DEBUG --> initializeUserData 
2016-05-09 10:17:45 - DEBUG --> UserData first: a:0:{} 
2016-05-09 10:17:45 - DEBUG --> UserData end:  a:0:{} 
2016-05-09 10:17:45 - DEBUG --> Archivo \components\com_jhotelreservation\classes\services\UserDataService.php 
2016-05-09 10:17:45 - DEBUG --> initializeReservationData 
2016-05-09 10:17:45 - DEBUG --> UserData: a:0:{} 
2016-05-09 10:17:45 - DEBUG --> Archivo \components\com_jhotelreservation\classes\services\UserDataService.php 
2016-05-09 10:17:45 - DEBUG --> updateUserData 
2016-05-09 10:17:45 - DEBUG --> Archivo \components\com_jhotelreservation\classes\services\UserDataService.php 
2016-05-09 10:17:45 - DEBUG --> getUserData 
2016-05-09 10:17:45 - DEBUG --> Archivo \components\com_jhotelreservation\classes\services\UserDataService.php 
2016-05-09 10:17:45 - DEBUG --> setCurrency 
2016-05-09 10:17:45 - DEBUG --> Archivo \components\com_jhotelreservation\classes\services\UserDataService.php 
2016-05-09 10:17:45 - DEBUG --> getUserData 
2016-05-09 10:17:45 - DEBUG --> Archivo \components\com_jhotelreservation\classes\services\UserDataService.php 
2016-05-09 10:17:45 - DEBUG --> getUserData 
2016-05-09 10:17:45 - DEBUG --> Archivo \components\com_jhotelreservation\classes\services\UserDataService.php 
2016-05-09 10:17:45 - DEBUG --> getUserData 
2016-05-09 10:17:45 - DEBUG --> Archivo \components\com_jhotelreservationiews\hotel	mpl\hoteloverview.php 
2016-05-09 10:17:45 - DEBUG --> Accedió 
2016-05-09 11:58:23 - DEBUG --> Archivo \components\com_jhotelreservation\classes\services\UserDataService.php 
2016-05-09 11:58:23 - DEBUG --> initializeUserData 
2016-05-09 11:58:23 - DEBUG --> UserData first: a:0:{} 
2016-05-09 11:58:23 - DEBUG --> Archivo \components\com_jhotelreservation\classes\services\UserDataService.php 
2016-05-09 11:58:23 - DEBUG --> createUserData 
2016-05-09 11:58:23 - DEBUG --> voucher:  
2016-05-09 11:58:23 - DEBUG --> UserData end:  a:0:{} 
2016-05-09 11:58:23 - DEBUG --> Archivo \components\com_jhotelreservation\classes\services\UserDataService.php 
2016-05-09 11:58:23 - DEBUG --> initializeUserData 
2016-05-09 11:58:23 - DEBUG --> UserData first: a:0:{} 
2016-05-09 11:58:23 - DEBUG --> Archivo \components\com_jhotelreservation\classes\services\UserDataService.php 
2016-05-09 11:58:23 - DEBUG --> createUserData 
2016-05-09 11:58:23 - DEBUG --> voucher:  
2016-05-09 11:58:23 - DEBUG --> UserData end:  a:0:{} 
2016-05-09 12:31:41 - DEBUG --> Archivo \components\com_jhotelreservation\classes\services\UserDataService.php 
2016-05-09 12:31:41 - DEBUG --> initializeUserData 
2016-05-09 12:31:41 - DEBUG --> UserData first: N; 
2016-05-09 12:31:41 - DEBUG --> Archivo \components\com_jhotelreservation\classes\services\UserDataService.php 
2016-05-09 12:31:41 - DEBUG --> createUserData 
2016-05-09 12:31:41 - DEBUG --> UserData end:  a:0:{} 
2016-05-09 12:31:41 - DEBUG --> Archivo \components\com_jhotelreservation\classes\services\UserDataService.php 
2016-05-09 12:31:41 - DEBUG --> initializeUserData 
2016-05-09 12:31:41 - DEBUG --> UserData first: a:0:{} 
2016-05-09 12:31:41 - DEBUG --> UserData end:  a:0:{} 
2016-05-09 12:31:41 - DEBUG --> Archivo \components\com_jhotelreservation\classes\services\UserDataService.php 
2016-05-09 12:31:41 - DEBUG --> initializeReservationData 
2016-05-09 12:31:41 - DEBUG --> UserData: a:0:{} 
2016-05-09 12:31:41 - DEBUG --> Archivo \components\com_jhotelreservation\classes\services\UserDataService.php 
2016-05-09 12:31:41 - DEBUG --> updateUserData 
2016-05-09 12:31:41 - DEBUG --> Archivo \components\com_jhotelreservation\classes\services\UserDataService.php 
2016-05-09 12:31:41 - DEBUG --> getUserData 
2016-05-09 12:31:41 - DEBUG --> Archivo \components\com_jhotelreservation\classes\services\UserDataService.php 
2016-05-09 12:31:41 - DEBUG --> setCurrency 
2016-05-09 12:31:41 - DEBUG --> Archivo \components\com_jhotelreservation\classes\services\UserDataService.php 
2016-05-09 12:31:41 - DEBUG --> getUserData 
2016-05-09 12:31:41 - DEBUG --> Archivo \components\com_jhotelreservation\classes\services\UserDataService.php 
2016-05-09 12:31:41 - DEBUG --> getUserData 
2016-05-09 12:31:41 - DEBUG --> Archivo \components\com_jhotelreservation\classes\services\UserDataService.php 
2016-05-09 12:31:41 - DEBUG --> getUserData 
2016-05-09 15:37:12 - DEBUG --> Archivo \components\com_jhotelreservation\classes\services\UserDataService.php 
2016-05-09 15:37:12 - DEBUG --> initializeUserData 
2016-05-09 15:37:12 - DEBUG --> UserData first: N; 
2016-05-09 15:37:12 - DEBUG --> Archivo \components\com_jhotelreservation\classes\services\UserDataService.php 
2016-05-09 15:37:12 - DEBUG --> createUserData 
2016-05-09 15:37:12 - DEBUG --> UserData end:  a:0:{} 
2016-05-09 15:37:12 - DEBUG --> Archivo \components\com_jhotelreservation\classes\services\UserDataService.php 
2016-05-09 15:37:12 - DEBUG --> initializeUserData 
2016-05-09 15:37:12 - DEBUG --> UserData first: a:0:{} 
2016-05-09 15:37:12 - DEBUG --> UserData end:  a:0:{} 
2016-05-09 15:37:12 - DEBUG --> Archivo \components\com_jhotelreservation\classes\services\UserDataService.php 
2016-05-09 15:37:12 - DEBUG --> initializeReservationData 
2016-05-09 15:37:12 - DEBUG --> UserData: a:0:{} 
2016-05-09 15:37:12 - DEBUG --> Archivo \components\com_jhotelreservation\classes\services\UserDataService.php 
2016-05-09 15:37:12 - DEBUG --> updateUserData 
2016-05-09 15:37:12 - DEBUG --> Archivo \components\com_jhotelreservation\classes\services\UserDataService.php 
2016-05-09 15:37:12 - DEBUG --> getUserData 
2016-05-09 15:37:12 - DEBUG --> Archivo \components\com_jhotelreservation\classes\services\UserDataService.php 
2016-05-09 15:37:12 - DEBUG --> setCurrency 
2016-05-09 15:37:12 - DEBUG --> Archivo \components\com_jhotelreservation\classes\services\UserDataService.php 
2016-05-09 15:37:12 - DEBUG --> getUserData 
2016-05-09 15:37:12 - DEBUG --> Archivo \components\com_jhotelreservation\classes\services\UserDataService.php 
2016-05-09 15:37:12 - DEBUG --> getUserData 
2016-05-09 15:37:12 - DEBUG --> Archivo \components\com_jhotelreservation\classes\services\UserDataService.php 
2016-05-09 15:37:12 - DEBUG --> getUserData 
2016-05-09 16:24:37 - DEBUG --> Archivo \components\com_jhotelreservation\classes\services\UserDataService.php 
2016-05-09 16:24:37 - DEBUG --> initializeUserData 
2016-05-09 16:24:37 - DEBUG --> UserData first: N; 
2016-05-09 16:24:37 - DEBUG --> Archivo \components\com_jhotelreservation\classes\services\UserDataService.php 
2016-05-09 16:24:37 - DEBUG --> createUserData 
2016-05-09 16:24:37 - DEBUG --> UserData end:  a:0:{} 
2016-05-09 16:24:37 - DEBUG --> Archivo \components\com_jhotelreservation\classes\services\UserDataService.php 
2016-05-09 16:24:37 - DEBUG --> initializeUserData 
2016-05-09 16:24:37 - DEBUG --> UserData first: a:0:{} 
2016-05-09 16:24:37 - DEBUG --> UserData end:  a:0:{} 
2016-05-09 16:24:37 - DEBUG --> Archivo \components\com_jhotelreservation\classes\services\UserDataService.php 
2016-05-09 16:24:37 - DEBUG --> initializeReservationData 
2016-05-09 16:24:37 - DEBUG --> UserData: a:0:{} 
2016-05-09 16:24:37 - DEBUG --> Archivo \components\com_jhotelreservation\classes\services\UserDataService.php 
2016-05-09 16:24:37 - DEBUG --> updateUserData 
2016-05-09 16:24:37 - DEBUG --> Archivo \components\com_jhotelreservation\classes\services\UserDataService.php 
2016-05-09 16:24:37 - DEBUG --> getUserData 
2016-05-09 16:24:37 - DEBUG --> Archivo \components\com_jhotelreservation\classes\services\UserDataService.php 
2016-05-09 16:24:37 - DEBUG --> setCurrency 
2016-05-09 16:24:37 - DEBUG --> Archivo \components\com_jhotelreservation\classes\services\UserDataService.php 
2016-05-09 16:24:37 - DEBUG --> getUserData 
2016-05-09 16:24:37 - DEBUG --> Archivo \components\com_jhotelreservation\classes\services\UserDataService.php 
2016-05-09 16:24:37 - DEBUG --> getUserData 
2016-05-09 16:24:37 - DEBUG --> Archivo \components\com_jhotelreservation\classes\services\UserDataService.php 
2016-05-09 16:24:37 - DEBUG --> getUserData 
2016-05-09 16:24:37 - DEBUG --> Archivo \components\com_jhotelreservationiews\hotel	mpl\hoteloverview.php 
2016-05-09 16:24:37 - DEBUG --> Accedió 
2016-05-09 17:17:16 - DEBUG --> Archivo \components\com_jhotelreservation\classes\services\UserDataService.php 
2016-05-09 17:17:16 - DEBUG --> initializeUserData 
2016-05-09 17:17:16 - DEBUG --> UserData first: N; 
2016-05-09 17:17:16 - DEBUG --> Archivo \components\com_jhotelreservation\classes\services\UserDataService.php 
2016-05-09 17:17:16 - DEBUG --> createUserData 
2016-05-09 17:17:16 - DEBUG --> UserData end:  a:0:{} 
2016-05-09 17:17:16 - DEBUG --> Archivo \components\com_jhotelreservation\classes\services\UserDataService.php 
2016-05-09 17:17:16 - DEBUG --> initializeUserData 
2016-05-09 17:17:16 - DEBUG --> UserData first: a:0:{} 
2016-05-09 17:17:16 - DEBUG --> UserData end:  a:0:{} 
2016-05-09 17:17:16 - DEBUG --> Archivo \components\com_jhotelreservation\classes\services\UserDataService.php 
2016-05-09 17:17:16 - DEBUG --> initializeReservationData 
2016-05-09 17:17:16 - DEBUG --> UserData: a:0:{} 
2016-05-09 17:17:16 - DEBUG --> Archivo \components\com_jhotelreservation\classes\services\UserDataService.php 
2016-05-09 17:17:16 - DEBUG --> updateUserData 
2016-05-09 17:17:16 - DEBUG --> Archivo \components\com_jhotelreservation\classes\services\UserDataService.php 
2016-05-09 17:17:16 - DEBUG --> getUserData 
2016-05-09 17:17:16 - DEBUG --> Archivo \components\com_jhotelreservation\classes\services\UserDataService.php 
2016-05-09 17:17:16 - DEBUG --> setCurrency 
2016-05-09 17:17:16 - DEBUG --> Archivo \components\com_jhotelreservation\classes\services\UserDataService.php 
2016-05-09 17:17:16 - DEBUG --> getUserData 
2016-05-09 17:17:16 - DEBUG --> Archivo \components\com_jhotelreservation\classes\services\UserDataService.php 
2016-05-09 17:17:16 - DEBUG --> getUserData 
2016-05-09 17:17:16 - DEBUG --> Archivo \components\com_jhotelreservation\classes\services\UserDataService.php 
2016-05-09 17:17:16 - DEBUG --> getUserData 
2016-05-09 17:17:16 - DEBUG --> Archivo \components\com_jhotelreservationiews\hotel	mpl\hoteloverview.php 
2016-05-09 17:17:16 - DEBUG --> Accedió 
2016-05-09 17:22:38 - DEBUG --> Archivo \components\com_jhotelreservation\classes\services\UserDataService.php 
2016-05-09 17:22:38 - DEBUG --> initializeUserData 
2016-05-09 17:22:38 - DEBUG --> UserData first: N; 
2016-05-09 17:22:38 - DEBUG --> Archivo \components\com_jhotelreservation\classes\services\UserDataService.php 
2016-05-09 17:22:38 - DEBUG --> createUserData 
2016-05-09 17:22:38 - DEBUG --> UserData end:  a:0:{} 
2016-05-09 17:22:38 - DEBUG --> Archivo \components\com_jhotelreservation\classes\services\UserDataService.php 
2016-05-09 17:22:38 - DEBUG --> initializeUserData 
2016-05-09 17:22:38 - DEBUG --> UserData first: a:0:{} 
2016-05-09 17:22:38 - DEBUG --> UserData end:  a:0:{} 
2016-05-09 17:22:38 - DEBUG --> Archivo \components\com_jhotelreservation\classes\services\UserDataService.php 
2016-05-09 17:22:38 - DEBUG --> initializeReservationData 
2016-05-09 17:22:38 - DEBUG --> UserData: a:0:{} 
2016-05-09 17:22:38 - DEBUG --> Archivo \components\com_jhotelreservation\classes\services\UserDataService.php 
2016-05-09 17:22:38 - DEBUG --> updateUserData 
2016-05-09 17:22:38 - DEBUG --> Archivo \components\com_jhotelreservation\classes\services\UserDataService.php 
2016-05-09 17:22:38 - DEBUG --> getUserData 
2016-05-09 17:22:38 - DEBUG --> Archivo \components\com_jhotelreservation\classes\services\UserDataService.php 
2016-05-09 17:22:38 - DEBUG --> setCurrency 
2016-05-09 17:22:38 - DEBUG --> Archivo \components\com_jhotelreservation\classes\services\UserDataService.php 
2016-05-09 17:22:38 - DEBUG --> getUserData 
2016-05-09 17:22:38 - DEBUG --> Archivo \components\com_jhotelreservation\classes\services\UserDataService.php 
2016-05-09 17:22:38 - DEBUG --> getUserData 
2016-05-09 17:22:38 - DEBUG --> Archivo \components\com_jhotelreservation\classes\services\UserDataService.php 
2016-05-09 17:22:38 - DEBUG --> getUserData 
2016-05-09 17:24:08 - DEBUG --> Archivo \components\com_jhotelreservation\classes\services\UserDataService.php 
2016-05-09 17:24:08 - DEBUG --> initializeUserData 
2016-05-09 17:24:08 - DEBUG --> UserData first: N; 
2016-05-09 17:24:08 - DEBUG --> Archivo \components\com_jhotelreservation\classes\services\UserDataService.php 
2016-05-09 17:24:08 - DEBUG --> createUserData 
2016-05-09 17:24:08 - DEBUG --> UserData end:  a:0:{} 
2016-05-09 17:24:08 - DEBUG --> Archivo \components\com_jhotelreservation\classes\services\UserDataService.php 
2016-05-09 17:24:08 - DEBUG --> initializeUserData 
2016-05-09 17:24:08 - DEBUG --> UserData first: a:0:{} 
2016-05-09 17:24:08 - DEBUG --> UserData end:  a:0:{} 
2016-05-09 17:24:08 - DEBUG --> Archivo \components\com_jhotelreservation\classes\services\UserDataService.php 
2016-05-09 17:24:08 - DEBUG --> initializeReservationData 
2016-05-09 17:24:08 - DEBUG --> UserData: a:0:{} 
2016-05-09 17:24:08 - DEBUG --> Archivo \components\com_jhotelreservation\classes\services\UserDataService.php 
2016-05-09 17:24:08 - DEBUG --> updateUserData 
2016-05-09 17:24:08 - DEBUG --> Archivo \components\com_jhotelreservation\classes\services\UserDataService.php 
2016-05-09 17:24:08 - DEBUG --> getUserData 
2016-05-09 17:24:08 - DEBUG --> Archivo \components\com_jhotelreservation\classes\services\UserDataService.php 
2016-05-09 17:24:08 - DEBUG --> setCurrency 
2016-05-09 17:24:08 - DEBUG --> Archivo \components\com_jhotelreservation\classes\services\UserDataService.php 
2016-05-09 17:24:08 - DEBUG --> getUserData 
2016-05-09 17:24:08 - DEBUG --> Archivo \components\com_jhotelreservation\classes\services\UserDataService.php 
2016-05-09 17:24:08 - DEBUG --> getUserData 
2016-05-09 17:24:08 - DEBUG --> Archivo \components\com_jhotelreservation\classes\services\UserDataService.php 
2016-05-09 17:24:08 - DEBUG --> getUserData 
2016-05-09 17:25:55 - DEBUG --> Archivo \components\com_jhotelreservation\classes\services\UserDataService.php 
2016-05-09 17:25:55 - DEBUG --> initializeUserData 
2016-05-09 17:25:55 - DEBUG --> UserData first: N; 
2016-05-09 17:25:55 - DEBUG --> Archivo \components\com_jhotelreservation\classes\services\UserDataService.php 
2016-05-09 17:25:55 - DEBUG --> createUserData 
2016-05-09 17:25:55 - DEBUG --> UserData end:  a:0:{} 
2016-05-09 17:25:55 - DEBUG --> Archivo \components\com_jhotelreservation\classes\services\UserDataService.php 
2016-05-09 17:25:55 - DEBUG --> initializeUserData 
2016-05-09 17:25:55 - DEBUG --> UserData first: a:0:{} 
2016-05-09 17:25:55 - DEBUG --> UserData end:  a:0:{} 
2016-05-09 17:25:55 - DEBUG --> Archivo \components\com_jhotelreservation\classes\services\UserDataService.php 
2016-05-09 17:25:55 - DEBUG --> initializeReservationData 
2016-05-09 17:25:55 - DEBUG --> UserData: a:0:{} 
2016-05-09 17:25:55 - DEBUG --> Archivo \components\com_jhotelreservation\classes\services\UserDataService.php 
2016-05-09 17:25:55 - DEBUG --> updateUserData 
2016-05-09 17:25:55 - DEBUG --> Archivo \components\com_jhotelreservation\classes\services\UserDataService.php 
2016-05-09 17:25:55 - DEBUG --> getUserData 
2016-05-09 17:25:55 - DEBUG --> Archivo \components\com_jhotelreservation\classes\services\UserDataService.php 
2016-05-09 17:25:55 - DEBUG --> setCurrency 
2016-05-09 17:25:55 - DEBUG --> Archivo \components\com_jhotelreservation\classes\services\UserDataService.php 
2016-05-09 17:25:55 - DEBUG --> getUserData 
2016-05-09 17:25:55 - DEBUG --> Archivo \components\com_jhotelreservation\classes\services\UserDataService.php 
2016-05-09 17:25:55 - DEBUG --> getUserData 
2016-05-09 17:25:55 - DEBUG --> Archivo \components\com_jhotelreservation\classes\services\UserDataService.php 
2016-05-09 17:25:55 - DEBUG --> getUserData 
2016-05-09 17:25:55 - DEBUG --> Archivo \components\com_jhotelreservationiews\hotel	mpl\hoteloverview.php 
2016-05-09 17:25:55 - DEBUG --> Accedió 
2016-05-09 18:23:22 - DEBUG --> Archivo \components\com_jhotelreservation\classes\services\UserDataService.php 
2016-05-09 18:23:22 - DEBUG --> initializeUserData 
2016-05-09 18:23:22 - DEBUG --> UserData first: N; 
2016-05-09 18:23:22 - DEBUG --> Archivo \components\com_jhotelreservation\classes\services\UserDataService.php 
2016-05-09 18:23:22 - DEBUG --> createUserData 
2016-05-09 18:23:22 - DEBUG --> UserData end:  a:0:{} 
2016-05-09 18:23:22 - DEBUG --> Archivo \components\com_jhotelreservation\classes\services\UserDataService.php 
2016-05-09 18:23:22 - DEBUG --> initializeUserData 
2016-05-09 18:23:22 - DEBUG --> UserData first: a:0:{} 
2016-05-09 18:23:22 - DEBUG --> UserData end:  a:0:{} 
2016-05-09 18:23:22 - DEBUG --> Archivo \components\com_jhotelreservation\classes\services\UserDataService.php 
2016-05-09 18:23:22 - DEBUG --> initializeReservationData 
2016-05-09 18:23:22 - DEBUG --> UserData: a:0:{} 
2016-05-09 18:23:22 - DEBUG --> Archivo \components\com_jhotelreservation\classes\services\UserDataService.php 
2016-05-09 18:23:22 - DEBUG --> updateUserData 
2016-05-09 18:23:22 - DEBUG --> Archivo \components\com_jhotelreservation\classes\services\UserDataService.php 
2016-05-09 18:23:22 - DEBUG --> getUserData 
2016-05-09 18:23:22 - DEBUG --> Archivo \components\com_jhotelreservation\classes\services\UserDataService.php 
2016-05-09 18:23:22 - DEBUG --> setCurrency 
2016-05-09 18:23:22 - DEBUG --> Archivo \components\com_jhotelreservation\classes\services\UserDataService.php 
2016-05-09 18:23:22 - DEBUG --> getUserData 
2016-05-09 18:23:22 - DEBUG --> Archivo \components\com_jhotelreservation\classes\services\UserDataService.php 
2016-05-09 18:23:22 - DEBUG --> getUserData 
2016-05-09 18:23:22 - DEBUG --> Archivo \components\com_jhotelreservation\classes\services\UserDataService.php 
2016-05-09 18:23:22 - DEBUG --> getUserData 
2016-05-09 19:28:06 - DEBUG --> Archivo \components\com_jhotelreservation\classes\services\UserDataService.php 
2016-05-09 19:28:06 - DEBUG --> initializeUserData 
2016-05-09 19:28:06 - DEBUG --> UserData first: a:0:{} 
2016-05-09 19:28:06 - DEBUG --> UserData end:  a:0:{} 
2016-05-09 19:28:37 - DEBUG --> Archivo \components\com_jhotelreservation\classes\services\UserDataService.php 
2016-05-09 19:28:37 - DEBUG --> initializeUserData 
2016-05-09 19:28:37 - DEBUG --> UserData first: a:0:{} 
2016-05-09 19:28:37 - DEBUG --> Archivo \components\com_jhotelreservation\classes\services\UserDataService.php 
2016-05-09 19:28:37 - DEBUG --> createUserData 
2016-05-09 19:28:37 - DEBUG --> voucher:  
2016-05-09 19:28:37 - DEBUG --> UserData end:  a:0:{} 
2016-05-09 19:28:37 - DEBUG --> Archivo \components\com_jhotelreservation\classes\services\UserDataService.php 
2016-05-09 19:28:37 - DEBUG --> initializeUserData 
2016-05-09 19:28:37 - DEBUG --> UserData first: a:0:{} 
2016-05-09 19:28:37 - DEBUG --> Archivo \components\com_jhotelreservation\classes\services\UserDataService.php 
2016-05-09 19:28:37 - DEBUG --> createUserData 
2016-05-09 19:28:37 - DEBUG --> voucher:  
2016-05-09 19:28:37 - DEBUG --> UserData end:  a:0:{} 
2016-05-09 19:29:06 - DEBUG --> Archivo \components\com_jhotelreservation\classes\services\UserDataService.php 
2016-05-09 19:29:06 - DEBUG --> initializeUserData 
2016-05-09 19:29:06 - DEBUG --> UserData first: a:0:{} 
2016-05-09 19:29:06 - DEBUG --> UserData end:  a:0:{} 
2016-05-09 19:29:06 - DEBUG --> Archivo \components\com_jhotelreservation\classes\services\UserDataService.php 
2016-05-09 19:29:06 - DEBUG --> initializeUserData 
2016-05-09 19:29:06 - DEBUG --> UserData first: a:0:{} 
2016-05-09 19:29:06 - DEBUG --> UserData end:  a:0:{} 
2016-05-09 19:29:06 - DEBUG --> Archivo \components\com_jhotelreservation\classes\services\UserDataService.php 
2016-05-09 19:29:06 - DEBUG --> initializeReservationData 
2016-05-09 19:29:06 - DEBUG --> UserData: a:0:{} 
2016-05-09 19:29:06 - DEBUG --> Archivo \components\com_jhotelreservation\classes\services\UserDataService.php 
2016-05-09 19:29:06 - DEBUG --> updateUserData 
2016-05-09 19:29:06 - DEBUG --> Archivo \components\com_jhotelreservation\classes\services\UserDataService.php 
2016-05-09 19:29:06 - DEBUG --> getUserData 
2016-05-09 19:29:06 - DEBUG --> Archivo \components\com_jhotelreservation\classes\services\UserDataService.php 
2016-05-09 19:29:06 - DEBUG --> setCurrency 
2016-05-09 19:29:06 - DEBUG --> Archivo \components\com_jhotelreservation\classes\services\UserDataService.php 
2016-05-09 19:29:06 - DEBUG --> getUserData 
2016-05-09 19:29:06 - DEBUG --> Archivo \components\com_jhotelreservation\classes\services\UserDataService.php 
2016-05-09 19:29:06 - DEBUG --> getUserData 
2016-05-09 19:29:06 - DEBUG --> Archivo \components\com_jhotelreservation\classes\services\UserDataService.php 
2016-05-09 19:29:06 - DEBUG --> getUserData 
2016-05-09 19:29:06 - DEBUG --> Archivo \components\com_jhotelreservationiews\hotel	mpl\hoteloverview.php 
2016-05-09 19:29:06 - DEBUG --> Accedió 
2016-05-09 19:35:20 - DEBUG --> Archivo \components\com_jhotelreservation\classes\services\UserDataService.php 
2016-05-09 19:35:20 - DEBUG --> initializeUserData 
2016-05-09 19:35:20 - DEBUG --> UserData first: N; 
2016-05-09 19:35:20 - DEBUG --> Archivo \components\com_jhotelreservation\classes\services\UserDataService.php 
2016-05-09 19:35:20 - DEBUG --> createUserData 
2016-05-09 19:35:20 - DEBUG --> UserData end:  a:0:{} 
2016-05-09 19:35:20 - DEBUG --> Archivo \components\com_jhotelreservation\classes\services\UserDataService.php 
2016-05-09 19:35:20 - DEBUG --> initializeUserData 
2016-05-09 19:35:20 - DEBUG --> UserData first: a:0:{} 
2016-05-09 19:35:20 - DEBUG --> UserData end:  a:0:{} 
2016-05-09 19:35:20 - DEBUG --> Archivo \components\com_jhotelreservation\classes\services\UserDataService.php 
2016-05-09 19:35:20 - DEBUG --> initializeReservationData 
2016-05-09 19:35:20 - DEBUG --> UserData: a:0:{} 
2016-05-09 19:35:20 - DEBUG --> Archivo \components\com_jhotelreservation\classes\services\UserDataService.php 
2016-05-09 19:35:20 - DEBUG --> updateUserData 
2016-05-09 19:35:20 - DEBUG --> Archivo \components\com_jhotelreservation\classes\services\UserDataService.php 
2016-05-09 19:35:20 - DEBUG --> getUserData 
2016-05-09 19:35:20 - DEBUG --> Archivo \components\com_jhotelreservation\classes\services\UserDataService.php 
2016-05-09 19:35:20 - DEBUG --> setCurrency 
2016-05-09 19:35:20 - DEBUG --> Archivo \components\com_jhotelreservation\classes\services\UserDataService.php 
2016-05-09 19:35:20 - DEBUG --> getUserData 
2016-05-09 19:35:20 - DEBUG --> Archivo \components\com_jhotelreservation\classes\services\UserDataService.php 
2016-05-09 19:35:20 - DEBUG --> getUserData 
2016-05-09 19:35:20 - DEBUG --> Archivo \components\com_jhotelreservation\classes\services\UserDataService.php 
2016-05-09 19:35:20 - DEBUG --> getUserData 
2016-05-09 20:23:03 - DEBUG --> Archivo \components\com_jhotelreservation\classes\services\UserDataService.php 
2016-05-09 20:23:03 - DEBUG --> initializeUserData 
2016-05-09 20:23:03 - DEBUG --> UserData first: N; 
2016-05-09 20:23:03 - DEBUG --> Archivo \components\com_jhotelreservation\classes\services\UserDataService.php 
2016-05-09 20:23:03 - DEBUG --> createUserData 
2016-05-09 20:23:03 - DEBUG --> UserData end:  a:0:{} 
2016-05-09 20:23:03 - DEBUG --> Archivo \components\com_jhotelreservation\classes\services\UserDataService.php 
2016-05-09 20:23:03 - DEBUG --> initializeUserData 
2016-05-09 20:23:03 - DEBUG --> UserData first: a:0:{} 
2016-05-09 20:23:03 - DEBUG --> UserData end:  a:0:{} 
2016-05-09 20:23:03 - DEBUG --> Archivo \components\com_jhotelreservation\classes\services\UserDataService.php 
2016-05-09 20:23:03 - DEBUG --> initializeReservationData 
2016-05-09 20:23:03 - DEBUG --> UserData: a:0:{} 
2016-05-09 20:23:03 - DEBUG --> Archivo \components\com_jhotelreservation\classes\services\UserDataService.php 
2016-05-09 20:23:03 - DEBUG --> updateUserData 
2016-05-09 20:23:03 - DEBUG --> Archivo \components\com_jhotelreservation\classes\services\UserDataService.php 
2016-05-09 20:23:03 - DEBUG --> getUserData 
2016-05-09 20:23:03 - DEBUG --> Archivo \components\com_jhotelreservation\classes\services\UserDataService.php 
2016-05-09 20:23:03 - DEBUG --> setCurrency 
2016-05-09 20:23:03 - DEBUG --> Archivo \components\com_jhotelreservation\classes\services\UserDataService.php 
2016-05-09 20:23:03 - DEBUG --> getUserData 
2016-05-09 20:23:03 - DEBUG --> Archivo \components\com_jhotelreservation\classes\services\UserDataService.php 
2016-05-09 20:23:03 - DEBUG --> getUserData 
2016-05-09 20:23:03 - DEBUG --> Archivo \components\com_jhotelreservation\classes\services\UserDataService.php 
2016-05-09 20:23:03 - DEBUG --> getUserData 
2016-05-09 20:23:03 - DEBUG --> Archivo \components\com_jhotelreservationiews\hotel	mpl\hoteloverview.php 
2016-05-09 20:23:03 - DEBUG --> Accedió 
2016-05-09 21:41:39 - DEBUG --> Archivo \components\com_jhotelreservation\classes\services\UserDataService.php 
2016-05-09 21:41:39 - DEBUG --> initializeUserData 
2016-05-09 21:41:39 - DEBUG --> UserData first: N; 
2016-05-09 21:41:39 - DEBUG --> Archivo \components\com_jhotelreservation\classes\services\UserDataService.php 
2016-05-09 21:41:39 - DEBUG --> createUserData 
2016-05-09 21:41:39 - DEBUG --> UserData end:  a:0:{} 
2016-05-09 21:41:39 - DEBUG --> Archivo \components\com_jhotelreservation\classes\services\UserDataService.php 
2016-05-09 21:41:39 - DEBUG --> initializeUserData 
2016-05-09 21:41:39 - DEBUG --> UserData first: a:0:{} 
2016-05-09 21:41:39 - DEBUG --> UserData end:  a:0:{} 
2016-05-09 21:41:39 - DEBUG --> Archivo \components\com_jhotelreservation\classes\services\UserDataService.php 
2016-05-09 21:41:39 - DEBUG --> initializeReservationData 
2016-05-09 21:41:39 - DEBUG --> UserData: a:0:{} 
2016-05-09 21:41:39 - DEBUG --> Archivo \components\com_jhotelreservation\classes\services\UserDataService.php 
2016-05-09 21:41:39 - DEBUG --> updateUserData 
2016-05-09 21:41:39 - DEBUG --> Archivo \components\com_jhotelreservation\classes\services\UserDataService.php 
2016-05-09 21:41:39 - DEBUG --> getUserData 
2016-05-09 21:41:39 - DEBUG --> Archivo \components\com_jhotelreservation\classes\services\UserDataService.php 
2016-05-09 21:41:39 - DEBUG --> setCurrency 
2016-05-09 21:41:39 - DEBUG --> Archivo \components\com_jhotelreservation\classes\services\UserDataService.php 
2016-05-09 21:41:39 - DEBUG --> getUserData 
2016-05-09 21:41:39 - DEBUG --> Archivo \components\com_jhotelreservation\classes\services\UserDataService.php 
2016-05-09 21:41:39 - DEBUG --> getUserData 
2016-05-09 21:41:39 - DEBUG --> Archivo \components\com_jhotelreservation\classes\services\UserDataService.php 
2016-05-09 21:41:39 - DEBUG --> getUserData 
2016-05-09 21:41:39 - DEBUG --> Archivo \components\com_jhotelreservationiews\hotel	mpl\hoteloverview.php 
2016-05-09 21:41:39 - DEBUG --> Accedió 
2016-05-09 21:44:22 - DEBUG --> Archivo \components\com_jhotelreservation\classes\services\UserDataService.php 
2016-05-09 21:44:22 - DEBUG --> initializeUserData 
2016-05-09 21:44:22 - DEBUG --> UserData first: N; 
2016-05-09 21:44:22 - DEBUG --> Archivo \components\com_jhotelreservation\classes\services\UserDataService.php 
2016-05-09 21:44:22 - DEBUG --> createUserData 
2016-05-09 21:44:22 - DEBUG --> UserData end:  a:0:{} 
2016-05-09 21:44:22 - DEBUG --> Archivo \components\com_jhotelreservation\classes\services\UserDataService.php 
2016-05-09 21:44:22 - DEBUG --> initializeUserData 
2016-05-09 21:44:22 - DEBUG --> UserData first: a:0:{} 
2016-05-09 21:44:22 - DEBUG --> UserData end:  a:0:{} 
2016-05-09 21:44:22 - DEBUG --> Archivo \components\com_jhotelreservation\classes\services\UserDataService.php 
2016-05-09 21:44:22 - DEBUG --> initializeReservationData 
2016-05-09 21:44:22 - DEBUG --> UserData: a:0:{} 
2016-05-09 21:44:22 - DEBUG --> Archivo \components\com_jhotelreservation\classes\services\UserDataService.php 
2016-05-09 21:44:22 - DEBUG --> updateUserData 
2016-05-09 21:44:22 - DEBUG --> Archivo \components\com_jhotelreservation\classes\services\UserDataService.php 
2016-05-09 21:44:22 - DEBUG --> getUserData 
2016-05-09 21:44:22 - DEBUG --> Archivo \components\com_jhotelreservation\classes\services\UserDataService.php 
2016-05-09 21:44:22 - DEBUG --> setCurrency 
2016-05-09 21:44:22 - DEBUG --> Archivo \components\com_jhotelreservation\classes\services\UserDataService.php 
2016-05-09 21:44:22 - DEBUG --> getUserData 
2016-05-09 21:44:22 - DEBUG --> Archivo \components\com_jhotelreservation\classes\services\UserDataService.php 
2016-05-09 21:44:22 - DEBUG --> getUserData 
2016-05-09 21:44:22 - DEBUG --> Archivo \components\com_jhotelreservation\classes\services\UserDataService.php 
2016-05-09 21:44:22 - DEBUG --> getUserData 
2016-05-09 21:44:22 - DEBUG --> Archivo \components\com_jhotelreservationiews\hotel	mpl\hoteloverview.php 
2016-05-09 21:44:22 - DEBUG --> Accedió 
2016-05-09 21:51:06 - DEBUG --> Archivo \components\com_jhotelreservation\classes\services\UserDataService.php 
2016-05-09 21:51:06 - DEBUG --> initializeUserData 
2016-05-09 21:51:06 - DEBUG --> UserData first: N; 
2016-05-09 21:51:06 - DEBUG --> Archivo \components\com_jhotelreservation\classes\services\UserDataService.php 
2016-05-09 21:51:06 - DEBUG --> createUserData 
2016-05-09 21:51:06 - DEBUG --> UserData end:  a:0:{} 
2016-05-09 21:51:06 - DEBUG --> Archivo \components\com_jhotelreservation\classes\services\UserDataService.php 
2016-05-09 21:51:06 - DEBUG --> initializeUserData 
2016-05-09 21:51:06 - DEBUG --> UserData first: a:0:{} 
2016-05-09 21:51:06 - DEBUG --> UserData end:  a:0:{} 
2016-05-09 21:51:06 - DEBUG --> Archivo \components\com_jhotelreservation\classes\services\UserDataService.php 
2016-05-09 21:51:06 - DEBUG --> initializeReservationData 
2016-05-09 21:51:06 - DEBUG --> UserData: a:0:{} 
2016-05-09 21:51:06 - DEBUG --> Archivo \components\com_jhotelreservation\classes\services\UserDataService.php 
2016-05-09 21:51:06 - DEBUG --> updateUserData 
2016-05-09 21:51:06 - DEBUG --> Archivo \components\com_jhotelreservation\classes\services\UserDataService.php 
2016-05-09 21:51:06 - DEBUG --> getUserData 
2016-05-09 21:51:06 - DEBUG --> Archivo \components\com_jhotelreservation\classes\services\UserDataService.php 
2016-05-09 21:51:06 - DEBUG --> setCurrency 
2016-05-09 21:51:06 - DEBUG --> Archivo \components\com_jhotelreservation\classes\services\UserDataService.php 
2016-05-09 21:51:06 - DEBUG --> getUserData 
2016-05-09 21:51:06 - DEBUG --> Archivo \components\com_jhotelreservation\classes\services\UserDataService.php 
2016-05-09 21:51:06 - DEBUG --> getUserData 
2016-05-09 21:51:06 - DEBUG --> Archivo \components\com_jhotelreservation\classes\services\UserDataService.php 
2016-05-09 21:51:06 - DEBUG --> getUserData 
2016-05-09 21:51:06 - DEBUG --> Archivo \components\com_jhotelreservationiews\hotel	mpl\hoteloverview.php 
2016-05-09 21:51:06 - DEBUG --> Accedió 
2016-05-09 21:53:16 - DEBUG --> Archivo \components\com_jhotelreservation\classes\services\UserDataService.php 
2016-05-09 21:53:16 - DEBUG --> initializeUserData 
2016-05-09 21:53:16 - DEBUG --> UserData first: N; 
2016-05-09 21:53:16 - DEBUG --> Archivo \components\com_jhotelreservation\classes\services\UserDataService.php 
2016-05-09 21:53:16 - DEBUG --> createUserData 
2016-05-09 21:53:16 - DEBUG --> UserData end:  a:0:{} 
2016-05-09 21:53:16 - DEBUG --> Archivo \components\com_jhotelreservation\classes\services\UserDataService.php 
2016-05-09 21:53:16 - DEBUG --> initializeUserData 
2016-05-09 21:53:16 - DEBUG --> UserData first: a:0:{} 
2016-05-09 21:53:16 - DEBUG --> UserData end:  a:0:{} 
2016-05-09 21:53:16 - DEBUG --> Archivo \components\com_jhotelreservation\classes\services\UserDataService.php 
2016-05-09 21:53:16 - DEBUG --> initializeReservationData 
2016-05-09 21:53:16 - DEBUG --> UserData: a:0:{} 
2016-05-09 21:53:16 - DEBUG --> Archivo \components\com_jhotelreservation\classes\services\UserDataService.php 
2016-05-09 21:53:16 - DEBUG --> updateUserData 
2016-05-09 21:53:16 - DEBUG --> Archivo \components\com_jhotelreservation\classes\services\UserDataService.php 
2016-05-09 21:53:16 - DEBUG --> getUserData 
2016-05-09 21:53:16 - DEBUG --> Archivo \components\com_jhotelreservation\classes\services\UserDataService.php 
2016-05-09 21:53:16 - DEBUG --> setCurrency 
2016-05-09 21:53:16 - DEBUG --> Archivo \components\com_jhotelreservation\classes\services\UserDataService.php 
2016-05-09 21:53:16 - DEBUG --> getUserData 
2016-05-09 21:53:16 - DEBUG --> Archivo \components\com_jhotelreservation\classes\services\UserDataService.php 
2016-05-09 21:53:16 - DEBUG --> getUserData 
2016-05-09 21:53:16 - DEBUG --> Archivo \components\com_jhotelreservation\classes\services\UserDataService.php 
2016-05-09 21:53:16 - DEBUG --> getUserData 
2016-05-09 21:53:16 - DEBUG --> Archivo \components\com_jhotelreservationiews\hotel	mpl\hoteloverview.php 
2016-05-09 21:53:16 - DEBUG --> Accedió 
2016-05-09 21:54:18 - DEBUG --> Archivo \components\com_jhotelreservation\classes\services\UserDataService.php 
2016-05-09 21:54:18 - DEBUG --> initializeUserData 
2016-05-09 21:54:18 - DEBUG --> UserData first: N; 
2016-05-09 21:54:18 - DEBUG --> Archivo \components\com_jhotelreservation\classes\services\UserDataService.php 
2016-05-09 21:54:18 - DEBUG --> createUserData 
2016-05-09 21:54:18 - DEBUG --> UserData end:  a:0:{} 
2016-05-09 21:54:18 - DEBUG --> Archivo \components\com_jhotelreservation\classes\services\UserDataService.php 
2016-05-09 21:54:18 - DEBUG --> initializeUserData 
2016-05-09 21:54:18 - DEBUG --> UserData first: a:0:{} 
2016-05-09 21:54:18 - DEBUG --> UserData end:  a:0:{} 
2016-05-09 21:54:18 - DEBUG --> Archivo \components\com_jhotelreservation\classes\services\UserDataService.php 
2016-05-09 21:54:18 - DEBUG --> initializeReservationData 
2016-05-09 21:54:18 - DEBUG --> UserData: a:0:{} 
2016-05-09 21:54:18 - DEBUG --> Archivo \components\com_jhotelreservation\classes\services\UserDataService.php 
2016-05-09 21:54:18 - DEBUG --> updateUserData 
2016-05-09 21:54:18 - DEBUG --> Archivo \components\com_jhotelreservation\classes\services\UserDataService.php 
2016-05-09 21:54:18 - DEBUG --> getUserData 
2016-05-09 21:54:18 - DEBUG --> Archivo \components\com_jhotelreservation\classes\services\UserDataService.php 
2016-05-09 21:54:18 - DEBUG --> setCurrency 
2016-05-09 21:54:18 - DEBUG --> Archivo \components\com_jhotelreservation\classes\services\UserDataService.php 
2016-05-09 21:54:18 - DEBUG --> getUserData 
2016-05-09 21:54:18 - DEBUG --> Archivo \components\com_jhotelreservation\classes\services\UserDataService.php 
2016-05-09 21:54:18 - DEBUG --> getUserData 
2016-05-09 21:54:18 - DEBUG --> Archivo \components\com_jhotelreservation\classes\services\UserDataService.php 
2016-05-09 21:54:18 - DEBUG --> getUserData 
2016-05-09 21:54:18 - DEBUG --> Archivo \components\com_jhotelreservationiews\hotel	mpl\hoteloverview.php 
2016-05-09 21:54:18 - DEBUG --> Accedió 
2016-05-09 21:57:30 - DEBUG --> Archivo \components\com_jhotelreservation\classes\services\UserDataService.php 
2016-05-09 21:57:30 - DEBUG --> initializeUserData 
2016-05-09 21:57:30 - DEBUG --> UserData first: N; 
2016-05-09 21:57:30 - DEBUG --> Archivo \components\com_jhotelreservation\classes\services\UserDataService.php 
2016-05-09 21:57:30 - DEBUG --> createUserData 
2016-05-09 21:57:30 - DEBUG --> UserData end:  a:0:{} 
2016-05-09 21:57:30 - DEBUG --> Archivo \components\com_jhotelreservation\classes\services\UserDataService.php 
2016-05-09 21:57:30 - DEBUG --> initializeUserData 
2016-05-09 21:57:30 - DEBUG --> UserData first: a:0:{} 
2016-05-09 21:57:30 - DEBUG --> UserData end:  a:0:{} 
2016-05-09 21:57:30 - DEBUG --> Archivo \components\com_jhotelreservation\classes\services\UserDataService.php 
2016-05-09 21:57:30 - DEBUG --> initializeReservationData 
2016-05-09 21:57:30 - DEBUG --> UserData: a:0:{} 
2016-05-09 21:57:30 - DEBUG --> Archivo \components\com_jhotelreservation\classes\services\UserDataService.php 
2016-05-09 21:57:30 - DEBUG --> updateUserData 
2016-05-09 21:57:30 - DEBUG --> Archivo \components\com_jhotelreservation\classes\services\UserDataService.php 
2016-05-09 21:57:30 - DEBUG --> getUserData 
2016-05-09 21:57:30 - DEBUG --> Archivo \components\com_jhotelreservation\classes\services\UserDataService.php 
2016-05-09 21:57:30 - DEBUG --> setCurrency 
2016-05-09 21:57:30 - DEBUG --> Archivo \components\com_jhotelreservation\classes\services\UserDataService.php 
2016-05-09 21:57:30 - DEBUG --> getUserData 
2016-05-09 21:57:30 - DEBUG --> Archivo \components\com_jhotelreservation\classes\services\UserDataService.php 
2016-05-09 21:57:30 - DEBUG --> getUserData 
2016-05-09 21:57:30 - DEBUG --> Archivo \components\com_jhotelreservation\classes\services\UserDataService.php 
2016-05-09 21:57:30 - DEBUG --> getUserData 
2016-05-09 21:57:30 - DEBUG --> Archivo \components\com_jhotelreservationiews\hotel	mpl\hoteloverview.php 
2016-05-09 21:57:30 - DEBUG --> Accedió 
2016-05-09 22:30:15 - DEBUG --> Archivo \components\com_jhotelreservation\classes\services\UserDataService.php 
2016-05-09 22:30:15 - DEBUG --> initializeUserData 
2016-05-09 22:30:15 - DEBUG --> UserData first: N; 
2016-05-09 22:30:15 - DEBUG --> Archivo \components\com_jhotelreservation\classes\services\UserDataService.php 
2016-05-09 22:30:15 - DEBUG --> createUserData 
2016-05-09 22:30:15 - DEBUG --> UserData end:  a:0:{} 
2016-05-09 22:30:15 - DEBUG --> Archivo \components\com_jhotelreservation\classes\services\UserDataService.php 
2016-05-09 22:30:15 - DEBUG --> initializeUserData 
2016-05-09 22:30:15 - DEBUG --> UserData first: a:0:{} 
2016-05-09 22:30:15 - DEBUG --> UserData end:  a:0:{} 
2016-05-09 22:30:15 - DEBUG --> Archivo \components\com_jhotelreservation\classes\services\UserDataService.php 
2016-05-09 22:30:15 - DEBUG --> initializeReservationData 
2016-05-09 22:30:15 - DEBUG --> UserData: a:0:{} 
2016-05-09 22:30:15 - DEBUG --> Archivo \components\com_jhotelreservation\classes\services\UserDataService.php 
2016-05-09 22:30:15 - DEBUG --> updateUserData 
2016-05-09 22:30:15 - DEBUG --> Archivo \components\com_jhotelreservation\classes\services\UserDataService.php 
2016-05-09 22:30:15 - DEBUG --> getUserData 
2016-05-09 22:30:15 - DEBUG --> Archivo \components\com_jhotelreservation\classes\services\UserDataService.php 
2016-05-09 22:30:15 - DEBUG --> setCurrency 
2016-05-09 22:30:15 - DEBUG --> Archivo \components\com_jhotelreservation\classes\services\UserDataService.php 
2016-05-09 22:30:15 - DEBUG --> getUserData 
2016-05-09 22:30:16 - DEBUG --> Archivo \components\com_jhotelreservation\classes\services\UserDataService.php 
2016-05-09 22:30:16 - DEBUG --> getUserData 
2016-05-09 22:30:16 - DEBUG --> Archivo \components\com_jhotelreservation\classes\services\UserDataService.php 
2016-05-09 22:30:16 - DEBUG --> getUserData 
2016-05-09 22:30:16 - DEBUG --> Archivo \components\com_jhotelreservationiews\hotel	mpl\hoteloverview.php 
2016-05-09 22:30:16 - DEBUG --> Accedió 
