2016-05-05 2:23:21 - DEBUG --> Archivo \components\com_jhotelreservation\classes\services\UserDataService.php 
2016-05-05 2:23:21 - DEBUG --> initializeUserData 
2016-05-05 2:23:21 - DEBUG --> UserData first: N; 
2016-05-05 2:23:21 - DEBUG --> Archivo \components\com_jhotelreservation\classes\services\UserDataService.php 
2016-05-05 2:23:21 - DEBUG --> createUserData 
2016-05-05 2:23:21 - DEBUG --> UserData end:  a:0:{} 
2016-05-05 2:23:21 - DEBUG --> Archivo \components\com_jhotelreservation\classes\services\UserDataService.php 
2016-05-05 2:23:21 - DEBUG --> initializeUserData 
2016-05-05 2:23:21 - DEBUG --> UserData first: a:0:{} 
2016-05-05 2:23:21 - DEBUG --> UserData end:  a:0:{} 
2016-05-05 2:23:21 - DEBUG --> Archivo \components\com_jhotelreservation\classes\services\UserDataService.php 
2016-05-05 2:23:21 - DEBUG --> initializeReservationData 
2016-05-05 2:23:21 - DEBUG --> UserData: a:0:{} 
2016-05-05 2:23:21 - DEBUG --> Archivo \components\com_jhotelreservation\classes\services\UserDataService.php 
2016-05-05 2:23:21 - DEBUG --> updateUserData 
2016-05-05 2:23:21 - DEBUG --> Archivo \components\com_jhotelreservation\classes\services\UserDataService.php 
2016-05-05 2:23:21 - DEBUG --> getUserData 
2016-05-05 2:23:21 - DEBUG --> Archivo \components\com_jhotelreservation\classes\services\UserDataService.php 
2016-05-05 2:23:21 - DEBUG --> setCurrency 
2016-05-05 2:23:21 - DEBUG --> Archivo \components\com_jhotelreservation\classes\services\UserDataService.php 
2016-05-05 2:23:21 - DEBUG --> getUserData 
2016-05-05 2:23:21 - DEBUG --> Archivo \components\com_jhotelreservation\classes\services\UserDataService.php 
2016-05-05 2:23:21 - DEBUG --> getUserData 
2016-05-05 2:23:21 - DEBUG --> Archivo \components\com_jhotelreservation\classes\services\UserDataService.php 
2016-05-05 2:23:21 - DEBUG --> getUserData 
2016-05-05 2:23:21 - DEBUG --> Archivo \components\com_jhotelreservationiews\hotel	mpl\hoteloverview.php 
2016-05-05 2:23:21 - DEBUG --> Accedió 
2016-05-05 2:38:45 - DEBUG --> Archivo \components\com_jhotelreservation\classes\services\UserDataService.php 
2016-05-05 2:38:45 - DEBUG --> initializeUserData 
2016-05-05 2:38:45 - DEBUG --> UserData first: N; 
2016-05-05 2:38:45 - DEBUG --> Archivo \components\com_jhotelreservation\classes\services\UserDataService.php 
2016-05-05 2:38:45 - DEBUG --> createUserData 
2016-05-05 2:38:45 - DEBUG --> UserData end:  a:0:{} 
2016-05-05 2:38:45 - DEBUG --> Archivo \components\com_jhotelreservation\classes\services\UserDataService.php 
2016-05-05 2:38:45 - DEBUG --> initializeUserData 
2016-05-05 2:38:45 - DEBUG --> UserData first: a:0:{} 
2016-05-05 2:38:45 - DEBUG --> UserData end:  a:0:{} 
2016-05-05 2:38:45 - DEBUG --> Archivo \components\com_jhotelreservation\classes\services\UserDataService.php 
2016-05-05 2:38:45 - DEBUG --> initializeReservationData 
2016-05-05 2:38:45 - DEBUG --> UserData: a:0:{} 
2016-05-05 2:38:45 - DEBUG --> Archivo \components\com_jhotelreservation\classes\services\UserDataService.php 
2016-05-05 2:38:45 - DEBUG --> updateUserData 
2016-05-05 2:38:45 - DEBUG --> Archivo \components\com_jhotelreservation\classes\services\UserDataService.php 
2016-05-05 2:38:45 - DEBUG --> getUserData 
2016-05-05 2:38:45 - DEBUG --> Archivo \components\com_jhotelreservation\classes\services\UserDataService.php 
2016-05-05 2:38:45 - DEBUG --> setCurrency 
2016-05-05 2:38:45 - DEBUG --> Archivo \components\com_jhotelreservation\classes\services\UserDataService.php 
2016-05-05 2:38:45 - DEBUG --> getUserData 
2016-05-05 2:38:45 - DEBUG --> Archivo \components\com_jhotelreservation\classes\services\UserDataService.php 
2016-05-05 2:38:45 - DEBUG --> getUserData 
2016-05-05 2:38:45 - DEBUG --> Archivo \components\com_jhotelreservation\classes\services\UserDataService.php 
2016-05-05 2:38:45 - DEBUG --> getUserData 
2016-05-05 2:38:45 - DEBUG --> Archivo \components\com_jhotelreservationiews\hotel	mpl\hoteloverview.php 
2016-05-05 2:38:45 - DEBUG --> Accedió 
2016-05-05 7:36:35 - DEBUG --> Archivo \components\com_jhotelreservation\classes\services\UserDataService.php 
2016-05-05 7:36:35 - DEBUG --> initializeUserData 
2016-05-05 7:36:35 - DEBUG --> UserData first: N; 
2016-05-05 7:36:35 - DEBUG --> Archivo \components\com_jhotelreservation\classes\services\UserDataService.php 
2016-05-05 7:36:35 - DEBUG --> createUserData 
2016-05-05 7:36:35 - DEBUG --> UserData end:  a:0:{} 
2016-05-05 7:36:35 - DEBUG --> Archivo \components\com_jhotelreservation\classes\services\UserDataService.php 
2016-05-05 7:36:35 - DEBUG --> initializeUserData 
2016-05-05 7:36:35 - DEBUG --> UserData first: a:0:{} 
2016-05-05 7:36:35 - DEBUG --> UserData end:  a:0:{} 
2016-05-05 7:36:35 - DEBUG --> Archivo \components\com_jhotelreservation\classes\services\UserDataService.php 
2016-05-05 7:36:35 - DEBUG --> initializeReservationData 
2016-05-05 7:36:35 - DEBUG --> UserData: a:0:{} 
2016-05-05 7:36:35 - DEBUG --> Archivo \components\com_jhotelreservation\classes\services\UserDataService.php 
2016-05-05 7:36:35 - DEBUG --> updateUserData 
2016-05-05 7:36:35 - DEBUG --> Archivo \components\com_jhotelreservation\classes\services\UserDataService.php 
2016-05-05 7:36:35 - DEBUG --> getUserData 
2016-05-05 7:36:35 - DEBUG --> Archivo \components\com_jhotelreservation\classes\services\UserDataService.php 
2016-05-05 7:36:35 - DEBUG --> setCurrency 
2016-05-05 7:36:35 - DEBUG --> Archivo \components\com_jhotelreservation\classes\services\UserDataService.php 
2016-05-05 7:36:35 - DEBUG --> getUserData 
2016-05-05 7:36:35 - DEBUG --> Archivo \components\com_jhotelreservation\classes\services\UserDataService.php 
2016-05-05 7:36:35 - DEBUG --> getUserData 
2016-05-05 7:36:35 - DEBUG --> Archivo \components\com_jhotelreservation\classes\services\UserDataService.php 
2016-05-05 7:36:35 - DEBUG --> getUserData 
2016-05-05 7:36:35 - DEBUG --> Archivo \components\com_jhotelreservationiews\hotel	mpl\hoteloverview.php 
2016-05-05 7:36:35 - DEBUG --> Accedió 
2016-05-05 8:10:33 - DEBUG --> Archivo \components\com_jhotelreservation\classes\services\UserDataService.php 
2016-05-05 8:10:33 - DEBUG --> initializeUserData 
2016-05-05 8:10:33 - DEBUG --> UserData first: N; 
2016-05-05 8:10:33 - DEBUG --> Archivo \components\com_jhotelreservation\classes\services\UserDataService.php 
2016-05-05 8:10:33 - DEBUG --> createUserData 
2016-05-05 8:10:33 - DEBUG --> UserData end:  a:0:{} 
2016-05-05 8:10:33 - DEBUG --> Archivo \components\com_jhotelreservation\classes\services\UserDataService.php 
2016-05-05 8:10:33 - DEBUG --> initializeUserData 
2016-05-05 8:10:33 - DEBUG --> UserData first: a:0:{} 
2016-05-05 8:10:33 - DEBUG --> UserData end:  a:0:{} 
2016-05-05 8:10:33 - DEBUG --> Archivo \components\com_jhotelreservation\classes\services\UserDataService.php 
2016-05-05 8:10:33 - DEBUG --> initializeReservationData 
2016-05-05 8:10:33 - DEBUG --> UserData: a:0:{} 
2016-05-05 8:10:33 - DEBUG --> Archivo \components\com_jhotelreservation\classes\services\UserDataService.php 
2016-05-05 8:10:33 - DEBUG --> updateUserData 
2016-05-05 8:10:33 - DEBUG --> Archivo \components\com_jhotelreservation\classes\services\UserDataService.php 
2016-05-05 8:10:33 - DEBUG --> getUserData 
2016-05-05 8:10:33 - DEBUG --> Archivo \components\com_jhotelreservation\classes\services\UserDataService.php 
2016-05-05 8:10:33 - DEBUG --> setCurrency 
2016-05-05 8:10:33 - DEBUG --> Archivo \components\com_jhotelreservation\classes\services\UserDataService.php 
2016-05-05 8:10:33 - DEBUG --> getUserData 
2016-05-05 8:10:33 - DEBUG --> Archivo \components\com_jhotelreservation\classes\services\UserDataService.php 
2016-05-05 8:10:33 - DEBUG --> getUserData 
2016-05-05 8:10:33 - DEBUG --> Archivo \components\com_jhotelreservation\classes\services\UserDataService.php 
2016-05-05 8:10:33 - DEBUG --> getUserData 
2016-05-05 10:18:22 - DEBUG --> Archivo \components\com_jhotelreservation\classes\services\UserDataService.php 
2016-05-05 10:18:22 - DEBUG --> initializeUserData 
2016-05-05 10:18:22 - DEBUG --> UserData first: N; 
2016-05-05 10:18:22 - DEBUG --> Archivo \components\com_jhotelreservation\classes\services\UserDataService.php 
2016-05-05 10:18:22 - DEBUG --> createUserData 
2016-05-05 10:18:22 - DEBUG --> UserData end:  a:0:{} 
2016-05-05 10:18:22 - DEBUG --> Archivo \components\com_jhotelreservation\classes\services\UserDataService.php 
2016-05-05 10:18:22 - DEBUG --> initializeUserData 
2016-05-05 10:18:22 - DEBUG --> UserData first: a:0:{} 
2016-05-05 10:18:22 - DEBUG --> UserData end:  a:0:{} 
2016-05-05 10:18:22 - DEBUG --> Archivo \components\com_jhotelreservation\classes\services\UserDataService.php 
2016-05-05 10:18:22 - DEBUG --> initializeReservationData 
2016-05-05 10:18:22 - DEBUG --> UserData: a:0:{} 
2016-05-05 10:18:22 - DEBUG --> Archivo \components\com_jhotelreservation\classes\services\UserDataService.php 
2016-05-05 10:18:22 - DEBUG --> updateUserData 
2016-05-05 10:18:22 - DEBUG --> Archivo \components\com_jhotelreservation\classes\services\UserDataService.php 
2016-05-05 10:18:22 - DEBUG --> getUserData 
2016-05-05 10:18:22 - DEBUG --> Archivo \components\com_jhotelreservation\classes\services\UserDataService.php 
2016-05-05 10:18:22 - DEBUG --> setCurrency 
2016-05-05 10:18:22 - DEBUG --> Archivo \components\com_jhotelreservation\classes\services\UserDataService.php 
2016-05-05 10:18:22 - DEBUG --> getUserData 
2016-05-05 10:18:22 - DEBUG --> Archivo \components\com_jhotelreservation\classes\services\UserDataService.php 
2016-05-05 10:18:22 - DEBUG --> getUserData 
2016-05-05 10:18:22 - DEBUG --> Archivo \components\com_jhotelreservation\classes\services\UserDataService.php 
2016-05-05 10:18:22 - DEBUG --> getUserData 
2016-05-05 10:18:22 - DEBUG --> Archivo \components\com_jhotelreservationiews\hotel	mpl\hoteloverview.php 
2016-05-05 10:18:22 - DEBUG --> Accedió 
2016-05-05 12:12:28 - DEBUG --> Archivo \components\com_jhotelreservation\classes\services\UserDataService.php 
2016-05-05 12:12:28 - DEBUG --> initializeUserData 
2016-05-05 12:12:28 - DEBUG --> UserData first: N; 
2016-05-05 12:12:28 - DEBUG --> Archivo \components\com_jhotelreservation\classes\services\UserDataService.php 
2016-05-05 12:12:28 - DEBUG --> createUserData 
2016-05-05 12:12:28 - DEBUG --> UserData end:  a:0:{} 
2016-05-05 12:12:28 - DEBUG --> Archivo \components\com_jhotelreservation\classes\services\UserDataService.php 
2016-05-05 12:12:28 - DEBUG --> initializeUserData 
2016-05-05 12:12:28 - DEBUG --> UserData first: a:0:{} 
2016-05-05 12:12:28 - DEBUG --> UserData end:  a:0:{} 
2016-05-05 12:12:28 - DEBUG --> Archivo \components\com_jhotelreservation\classes\services\UserDataService.php 
2016-05-05 12:12:28 - DEBUG --> initializeReservationData 
2016-05-05 12:12:28 - DEBUG --> UserData: a:0:{} 
2016-05-05 12:12:28 - DEBUG --> Archivo \components\com_jhotelreservation\classes\services\UserDataService.php 
2016-05-05 12:12:28 - DEBUG --> updateUserData 
2016-05-05 12:12:28 - DEBUG --> Archivo \components\com_jhotelreservation\classes\services\UserDataService.php 
2016-05-05 12:12:28 - DEBUG --> getUserData 
2016-05-05 12:12:28 - DEBUG --> Archivo \components\com_jhotelreservation\classes\services\UserDataService.php 
2016-05-05 12:12:28 - DEBUG --> setCurrency 
2016-05-05 12:12:28 - DEBUG --> Archivo \components\com_jhotelreservation\classes\services\UserDataService.php 
2016-05-05 12:12:28 - DEBUG --> getUserData 
2016-05-05 12:12:28 - DEBUG --> Archivo \components\com_jhotelreservation\classes\services\UserDataService.php 
2016-05-05 12:12:28 - DEBUG --> getUserData 
2016-05-05 12:12:28 - DEBUG --> Archivo \components\com_jhotelreservation\classes\services\UserDataService.php 
2016-05-05 12:12:28 - DEBUG --> getUserData 
2016-05-05 12:12:28 - DEBUG --> Archivo \components\com_jhotelreservationiews\hotel	mpl\hoteloverview.php 
2016-05-05 12:12:28 - DEBUG --> Accedió 
2016-05-05 14:39:52 - DEBUG --> Archivo \components\com_jhotelreservation\classes\services\UserDataService.php 
2016-05-05 14:39:52 - DEBUG --> initializeUserData 
2016-05-05 14:39:52 - DEBUG --> UserData first: N; 
2016-05-05 14:39:52 - DEBUG --> Archivo \components\com_jhotelreservation\classes\services\UserDataService.php 
2016-05-05 14:39:52 - DEBUG --> createUserData 
2016-05-05 14:39:52 - DEBUG --> UserData end:  a:0:{} 
2016-05-05 14:39:52 - DEBUG --> Archivo \components\com_jhotelreservation\classes\services\UserDataService.php 
2016-05-05 14:39:52 - DEBUG --> initializeUserData 
2016-05-05 14:39:52 - DEBUG --> UserData first: a:0:{} 
2016-05-05 14:39:52 - DEBUG --> UserData end:  a:0:{} 
2016-05-05 14:39:52 - DEBUG --> Archivo \components\com_jhotelreservation\classes\services\UserDataService.php 
2016-05-05 14:39:52 - DEBUG --> initializeReservationData 
2016-05-05 14:39:52 - DEBUG --> UserData: a:0:{} 
2016-05-05 14:39:52 - DEBUG --> Archivo \components\com_jhotelreservation\classes\services\UserDataService.php 
2016-05-05 14:39:52 - DEBUG --> updateUserData 
2016-05-05 14:39:52 - DEBUG --> Archivo \components\com_jhotelreservation\classes\services\UserDataService.php 
2016-05-05 14:39:52 - DEBUG --> getUserData 
2016-05-05 14:39:52 - DEBUG --> Archivo \components\com_jhotelreservation\classes\services\UserDataService.php 
2016-05-05 14:39:52 - DEBUG --> setCurrency 
2016-05-05 14:39:52 - DEBUG --> Archivo \components\com_jhotelreservation\classes\services\UserDataService.php 
2016-05-05 14:39:52 - DEBUG --> getUserData 
2016-05-05 14:39:52 - DEBUG --> Archivo \components\com_jhotelreservation\classes\services\UserDataService.php 
2016-05-05 14:39:52 - DEBUG --> getUserData 
2016-05-05 14:39:52 - DEBUG --> Archivo \components\com_jhotelreservation\classes\services\UserDataService.php 
2016-05-05 14:39:52 - DEBUG --> getUserData 
2016-05-05 14:39:52 - DEBUG --> Archivo \components\com_jhotelreservationiews\hotel	mpl\hoteloverview.php 
2016-05-05 14:39:52 - DEBUG --> Accedió 
2016-05-05 18:24:38 - DEBUG --> Archivo \components\com_jhotelreservation\classes\services\UserDataService.php 
2016-05-05 18:24:38 - DEBUG --> initializeUserData 
2016-05-05 18:24:38 - DEBUG --> UserData first: N; 
2016-05-05 18:24:38 - DEBUG --> Archivo \components\com_jhotelreservation\classes\services\UserDataService.php 
2016-05-05 18:24:38 - DEBUG --> createUserData 
2016-05-05 18:24:38 - DEBUG --> UserData end:  a:0:{} 
2016-05-05 18:24:38 - DEBUG --> Archivo \components\com_jhotelreservation\classes\services\UserDataService.php 
2016-05-05 18:24:38 - DEBUG --> initializeUserData 
2016-05-05 18:24:38 - DEBUG --> UserData first: a:0:{} 
2016-05-05 18:24:38 - DEBUG --> UserData end:  a:0:{} 
2016-05-05 18:24:38 - DEBUG --> Archivo \components\com_jhotelreservation\classes\services\UserDataService.php 
2016-05-05 18:24:38 - DEBUG --> initializeReservationData 
2016-05-05 18:24:38 - DEBUG --> UserData: a:0:{} 
2016-05-05 18:24:38 - DEBUG --> Archivo \components\com_jhotelreservation\classes\services\UserDataService.php 
2016-05-05 18:24:38 - DEBUG --> updateUserData 
2016-05-05 18:24:38 - DEBUG --> Archivo \components\com_jhotelreservation\classes\services\UserDataService.php 
2016-05-05 18:24:38 - DEBUG --> getUserData 
2016-05-05 18:24:38 - DEBUG --> Archivo \components\com_jhotelreservation\classes\services\UserDataService.php 
2016-05-05 18:24:38 - DEBUG --> setCurrency 
2016-05-05 18:24:38 - DEBUG --> Archivo \components\com_jhotelreservation\classes\services\UserDataService.php 
2016-05-05 18:24:38 - DEBUG --> getUserData 
2016-05-05 18:24:38 - DEBUG --> Archivo \components\com_jhotelreservation\classes\services\UserDataService.php 
2016-05-05 18:24:38 - DEBUG --> getUserData 
2016-05-05 18:24:38 - DEBUG --> Archivo \components\com_jhotelreservation\classes\services\UserDataService.php 
2016-05-05 18:24:38 - DEBUG --> getUserData 
2016-05-05 18:24:38 - DEBUG --> Archivo \components\com_jhotelreservationiews\hotel	mpl\hoteloverview.php 
2016-05-05 18:24:38 - DEBUG --> Accedió 
2016-05-05 22:31:27 - DEBUG --> Archivo \components\com_jhotelreservation\classes\services\UserDataService.php 
2016-05-05 22:31:27 - DEBUG --> initializeUserData 
2016-05-05 22:31:27 - DEBUG --> UserData first: a:0:{} 
2016-05-05 22:31:27 - DEBUG --> UserData end:  a:0:{} 
2016-05-05 23:58:41 - DEBUG --> Archivo \components\com_jhotelreservation\classes\services\UserDataService.php 
2016-05-05 23:58:41 - DEBUG --> initializeUserData 
2016-05-05 23:58:41 - DEBUG --> UserData first: a:0:{} 
2016-05-05 23:58:41 - DEBUG --> Archivo \components\com_jhotelreservation\classes\services\UserDataService.php 
2016-05-05 23:58:41 - DEBUG --> createUserData 
2016-05-05 23:58:41 - DEBUG --> voucher:  
2016-05-05 23:58:41 - DEBUG --> UserData end:  a:0:{} 
2016-05-05 23:58:41 - DEBUG --> Archivo \components\com_jhotelreservation\classes\services\UserDataService.php 
2016-05-05 23:58:41 - DEBUG --> initializeUserData 
2016-05-05 23:58:41 - DEBUG --> UserData first: a:0:{} 
2016-05-05 23:58:41 - DEBUG --> Archivo \components\com_jhotelreservation\classes\services\UserDataService.php 
2016-05-05 23:58:41 - DEBUG --> createUserData 
2016-05-05 23:58:41 - DEBUG --> voucher:  
2016-05-05 23:58:41 - DEBUG --> UserData end:  a:0:{} 
