2016-02-09 6:27:10 - DEBUG --> Archivo \components\com_jhotelreservation\classes\services\UserDataService.php 
2016-02-09 6:27:10 - DEBUG --> initializeUserData 
2016-02-09 6:27:10 - DEBUG --> UserData first: N; 
2016-02-09 6:27:10 - DEBUG --> Archivo \components\com_jhotelreservation\classes\services\UserDataService.php 
2016-02-09 6:27:10 - DEBUG --> createUserData 
2016-02-09 6:27:10 - DEBUG --> UserData end:  a:0:{} 
2016-02-09 6:27:10 - DEBUG --> Archivo \components\com_jhotelreservation\classes\services\UserDataService.php 
2016-02-09 6:27:10 - DEBUG --> initializeUserData 
2016-02-09 6:27:10 - DEBUG --> UserData first: a:0:{} 
2016-02-09 6:27:10 - DEBUG --> UserData end:  a:0:{} 
2016-02-09 6:27:10 - DEBUG --> Archivo \components\com_jhotelreservation\classes\services\UserDataService.php 
2016-02-09 6:27:10 - DEBUG --> initializeReservationData 
2016-02-09 6:27:10 - DEBUG --> UserData: a:0:{} 
2016-02-09 6:27:10 - DEBUG --> Archivo \components\com_jhotelreservation\classes\services\UserDataService.php 
2016-02-09 6:27:10 - DEBUG --> updateUserData 
2016-02-09 6:27:10 - DEBUG --> Archivo \components\com_jhotelreservation\classes\services\UserDataService.php 
2016-02-09 6:27:10 - DEBUG --> getUserData 
2016-02-09 6:27:10 - DEBUG --> Archivo \components\com_jhotelreservation\classes\services\UserDataService.php 
2016-02-09 6:27:10 - DEBUG --> setCurrency 
2016-02-09 6:27:10 - DEBUG --> Archivo \components\com_jhotelreservation\classes\services\UserDataService.php 
2016-02-09 6:27:10 - DEBUG --> getUserData 
2016-02-09 6:27:10 - DEBUG --> Archivo \components\com_jhotelreservation\classes\services\UserDataService.php 
2016-02-09 6:27:10 - DEBUG --> getUserData 
2016-02-09 6:27:10 - DEBUG --> Archivo \components\com_jhotelreservation\classes\services\UserDataService.php 
2016-02-09 6:27:10 - DEBUG --> getUserData 
2016-02-09 6:27:10 - DEBUG --> Archivo \components\com_jhotelreservationiews\hotel	mpl\hoteloverview.php 
2016-02-09 6:27:10 - DEBUG --> Accedió 
2016-02-09 6:27:14 - DEBUG --> Archivo \components\com_jhotelreservation\classes\services\UserDataService.php 
2016-02-09 6:27:14 - DEBUG --> initializeUserData 
2016-02-09 6:27:14 - DEBUG --> UserData first: N; 
2016-02-09 6:27:14 - DEBUG --> Archivo \components\com_jhotelreservation\classes\services\UserDataService.php 
2016-02-09 6:27:14 - DEBUG --> createUserData 
2016-02-09 6:27:14 - DEBUG --> UserData end:  a:0:{} 
2016-02-09 6:27:14 - DEBUG --> Archivo \components\com_jhotelreservation\classes\services\UserDataService.php 
2016-02-09 6:27:14 - DEBUG --> initializeUserData 
2016-02-09 6:27:14 - DEBUG --> UserData first: a:0:{} 
2016-02-09 6:27:14 - DEBUG --> UserData end:  a:0:{} 
2016-02-09 6:27:14 - DEBUG --> Archivo \components\com_jhotelreservation\classes\services\UserDataService.php 
2016-02-09 6:27:14 - DEBUG --> initializeReservationData 
2016-02-09 6:27:14 - DEBUG --> UserData: a:0:{} 
2016-02-09 6:27:14 - DEBUG --> Archivo \components\com_jhotelreservation\classes\services\UserDataService.php 
2016-02-09 6:27:14 - DEBUG --> updateUserData 
2016-02-09 6:27:14 - DEBUG --> Archivo \components\com_jhotelreservation\classes\services\UserDataService.php 
2016-02-09 6:27:14 - DEBUG --> getUserData 
2016-02-09 6:27:14 - DEBUG --> Archivo \components\com_jhotelreservation\classes\services\UserDataService.php 
2016-02-09 6:27:14 - DEBUG --> setCurrency 
2016-02-09 6:27:14 - DEBUG --> Archivo \components\com_jhotelreservation\classes\services\UserDataService.php 
2016-02-09 6:27:14 - DEBUG --> getUserData 
2016-02-09 6:27:14 - DEBUG --> Archivo \components\com_jhotelreservation\classes\services\UserDataService.php 
2016-02-09 6:27:14 - DEBUG --> getUserData 
2016-02-09 6:27:14 - DEBUG --> Archivo \components\com_jhotelreservation\classes\services\UserDataService.php 
2016-02-09 6:27:14 - DEBUG --> getUserData 
2016-02-09 6:27:14 - DEBUG --> Archivo \components\com_jhotelreservationiews\hotel	mpl\hoteloverview.php 
2016-02-09 6:27:14 - DEBUG --> Accedió 
2016-02-09 6:27:15 - DEBUG --> Archivo \components\com_jhotelreservation\classes\services\UserDataService.php 
2016-02-09 6:27:15 - DEBUG --> initializeUserData 
2016-02-09 6:27:15 - DEBUG --> UserData first: N; 
2016-02-09 6:27:15 - DEBUG --> Archivo \components\com_jhotelreservation\classes\services\UserDataService.php 
2016-02-09 6:27:15 - DEBUG --> createUserData 
2016-02-09 6:27:15 - DEBUG --> UserData end:  a:0:{} 
2016-02-09 6:27:15 - DEBUG --> Archivo \components\com_jhotelreservation\classes\services\UserDataService.php 
2016-02-09 6:27:15 - DEBUG --> initializeUserData 
2016-02-09 6:27:15 - DEBUG --> UserData first: a:0:{} 
2016-02-09 6:27:15 - DEBUG --> UserData end:  a:0:{} 
2016-02-09 6:27:15 - DEBUG --> Archivo \components\com_jhotelreservation\classes\services\UserDataService.php 
2016-02-09 6:27:15 - DEBUG --> initializeReservationData 
2016-02-09 6:27:15 - DEBUG --> UserData: a:0:{} 
2016-02-09 6:27:15 - DEBUG --> Archivo \components\com_jhotelreservation\classes\services\UserDataService.php 
2016-02-09 6:27:15 - DEBUG --> updateUserData 
2016-02-09 6:27:15 - DEBUG --> Archivo \components\com_jhotelreservation\classes\services\UserDataService.php 
2016-02-09 6:27:15 - DEBUG --> getUserData 
2016-02-09 6:27:15 - DEBUG --> Archivo \components\com_jhotelreservation\classes\services\UserDataService.php 
2016-02-09 6:27:15 - DEBUG --> setCurrency 
2016-02-09 6:27:15 - DEBUG --> Archivo \components\com_jhotelreservation\classes\services\UserDataService.php 
2016-02-09 6:27:15 - DEBUG --> getUserData 
2016-02-09 6:27:15 - DEBUG --> Archivo \components\com_jhotelreservation\classes\services\UserDataService.php 
2016-02-09 6:27:15 - DEBUG --> getUserData 
2016-02-09 6:27:15 - DEBUG --> Archivo \components\com_jhotelreservation\classes\services\UserDataService.php 
2016-02-09 6:27:15 - DEBUG --> getUserData 
2016-02-09 6:27:15 - DEBUG --> Archivo \components\com_jhotelreservationiews\hotel	mpl\hoteloverview.php 
2016-02-09 6:27:15 - DEBUG --> Accedió 
2016-02-09 6:27:16 - DEBUG --> Archivo \components\com_jhotelreservation\classes\services\UserDataService.php 
2016-02-09 6:27:16 - DEBUG --> initializeUserData 
2016-02-09 6:27:16 - DEBUG --> UserData first: N; 
2016-02-09 6:27:16 - DEBUG --> Archivo \components\com_jhotelreservation\classes\services\UserDataService.php 
2016-02-09 6:27:16 - DEBUG --> createUserData 
2016-02-09 6:27:16 - DEBUG --> UserData end:  a:0:{} 
2016-02-09 6:27:16 - DEBUG --> Archivo \components\com_jhotelreservation\classes\services\UserDataService.php 
2016-02-09 6:27:16 - DEBUG --> initializeUserData 
2016-02-09 6:27:16 - DEBUG --> UserData first: a:0:{} 
2016-02-09 6:27:16 - DEBUG --> UserData end:  a:0:{} 
2016-02-09 6:27:16 - DEBUG --> Archivo \components\com_jhotelreservation\classes\services\UserDataService.php 
2016-02-09 6:27:16 - DEBUG --> initializeReservationData 
2016-02-09 6:27:16 - DEBUG --> UserData: a:0:{} 
2016-02-09 6:27:16 - DEBUG --> Archivo \components\com_jhotelreservation\classes\services\UserDataService.php 
2016-02-09 6:27:16 - DEBUG --> updateUserData 
2016-02-09 6:27:16 - DEBUG --> Archivo \components\com_jhotelreservation\classes\services\UserDataService.php 
2016-02-09 6:27:16 - DEBUG --> getUserData 
2016-02-09 6:27:16 - DEBUG --> Archivo \components\com_jhotelreservation\classes\services\UserDataService.php 
2016-02-09 6:27:16 - DEBUG --> setCurrency 
2016-02-09 6:27:16 - DEBUG --> Archivo \components\com_jhotelreservation\classes\services\UserDataService.php 
2016-02-09 6:27:16 - DEBUG --> getUserData 
2016-02-09 6:27:16 - DEBUG --> Archivo \components\com_jhotelreservation\classes\services\UserDataService.php 
2016-02-09 6:27:16 - DEBUG --> getUserData 
2016-02-09 6:27:16 - DEBUG --> Archivo \components\com_jhotelreservation\classes\services\UserDataService.php 
2016-02-09 6:27:16 - DEBUG --> getUserData 
2016-02-09 6:27:16 - DEBUG --> Archivo \components\com_jhotelreservation\classes\services\UserDataService.php 
2016-02-09 6:27:16 - DEBUG --> initializeUserData 
2016-02-09 6:27:16 - DEBUG --> UserData first: N; 
2016-02-09 6:27:16 - DEBUG --> Archivo \components\com_jhotelreservation\classes\services\UserDataService.php 
2016-02-09 6:27:16 - DEBUG --> createUserData 
2016-02-09 6:27:16 - DEBUG --> UserData end:  a:0:{} 
2016-02-09 6:27:16 - DEBUG --> Archivo \components\com_jhotelreservation\classes\services\UserDataService.php 
2016-02-09 6:27:16 - DEBUG --> initializeUserData 
2016-02-09 6:27:16 - DEBUG --> UserData first: a:0:{} 
2016-02-09 6:27:16 - DEBUG --> UserData end:  a:0:{} 
2016-02-09 6:27:16 - DEBUG --> Archivo \components\com_jhotelreservation\classes\services\UserDataService.php 
2016-02-09 6:27:16 - DEBUG --> initializeReservationData 
2016-02-09 6:27:16 - DEBUG --> UserData: a:0:{} 
2016-02-09 6:27:16 - DEBUG --> Archivo \components\com_jhotelreservation\classes\services\UserDataService.php 
2016-02-09 6:27:16 - DEBUG --> updateUserData 
2016-02-09 6:27:16 - DEBUG --> Archivo \components\com_jhotelreservation\classes\services\UserDataService.php 
2016-02-09 6:27:16 - DEBUG --> getUserData 
2016-02-09 6:27:16 - DEBUG --> Archivo \components\com_jhotelreservation\classes\services\UserDataService.php 
2016-02-09 6:27:16 - DEBUG --> setCurrency 
2016-02-09 6:27:16 - DEBUG --> Archivo \components\com_jhotelreservation\classes\services\UserDataService.php 
2016-02-09 6:27:16 - DEBUG --> getUserData 
2016-02-09 6:27:16 - DEBUG --> Archivo \components\com_jhotelreservation\classes\services\UserDataService.php 
2016-02-09 6:27:16 - DEBUG --> getUserData 
2016-02-09 6:27:16 - DEBUG --> Archivo \components\com_jhotelreservation\classes\services\UserDataService.php 
2016-02-09 6:27:16 - DEBUG --> getUserData 
2016-02-09 6:27:16 - DEBUG --> Archivo \components\com_jhotelreservationiews\hotel	mpl\hoteloverview.php 
2016-02-09 6:27:16 - DEBUG --> Accedió 
2016-02-09 6:27:25 - DEBUG --> Archivo \components\com_jhotelreservation\classes\services\UserDataService.php 
2016-02-09 6:27:25 - DEBUG --> initializeUserData 
2016-02-09 6:27:25 - DEBUG --> UserData first: N; 
2016-02-09 6:27:25 - DEBUG --> Archivo \components\com_jhotelreservation\classes\services\UserDataService.php 
2016-02-09 6:27:25 - DEBUG --> createUserData 
2016-02-09 6:27:25 - DEBUG --> UserData end:  a:0:{} 
2016-02-09 6:27:25 - DEBUG --> Archivo \components\com_jhotelreservation\classes\services\UserDataService.php 
2016-02-09 6:27:25 - DEBUG --> initializeUserData 
2016-02-09 6:27:25 - DEBUG --> UserData first: a:0:{} 
2016-02-09 6:27:25 - DEBUG --> UserData end:  a:0:{} 
2016-02-09 6:27:25 - DEBUG --> Archivo \components\com_jhotelreservation\classes\services\UserDataService.php 
2016-02-09 6:27:25 - DEBUG --> initializeReservationData 
2016-02-09 6:27:25 - DEBUG --> UserData: a:0:{} 
2016-02-09 6:27:25 - DEBUG --> Archivo \components\com_jhotelreservation\classes\services\UserDataService.php 
2016-02-09 6:27:25 - DEBUG --> updateUserData 
2016-02-09 6:27:25 - DEBUG --> Archivo \components\com_jhotelreservation\classes\services\UserDataService.php 
2016-02-09 6:27:25 - DEBUG --> getUserData 
2016-02-09 6:27:25 - DEBUG --> Archivo \components\com_jhotelreservation\classes\services\UserDataService.php 
2016-02-09 6:27:25 - DEBUG --> setCurrency 
2016-02-09 6:27:25 - DEBUG --> Archivo \components\com_jhotelreservation\classes\services\UserDataService.php 
2016-02-09 6:27:25 - DEBUG --> getUserData 
2016-02-09 6:27:25 - DEBUG --> Archivo \components\com_jhotelreservation\classes\services\UserDataService.php 
2016-02-09 6:27:25 - DEBUG --> getUserData 
2016-02-09 6:27:25 - DEBUG --> Archivo \components\com_jhotelreservation\classes\services\UserDataService.php 
2016-02-09 6:27:25 - DEBUG --> getUserData 
2016-02-09 6:27:25 - DEBUG --> Archivo \components\com_jhotelreservation\classes\services\UserDataService.php 
2016-02-09 6:27:25 - DEBUG --> initializeUserData 
2016-02-09 6:27:25 - DEBUG --> UserData first: N; 
2016-02-09 6:27:25 - DEBUG --> Archivo \components\com_jhotelreservation\classes\services\UserDataService.php 
2016-02-09 6:27:25 - DEBUG --> createUserData 
2016-02-09 6:27:25 - DEBUG --> UserData end:  a:0:{} 
2016-02-09 6:27:25 - DEBUG --> Archivo \components\com_jhotelreservation\classes\services\UserDataService.php 
2016-02-09 6:27:25 - DEBUG --> initializeUserData 
2016-02-09 6:27:25 - DEBUG --> UserData first: a:0:{} 
2016-02-09 6:27:25 - DEBUG --> UserData end:  a:0:{} 
2016-02-09 6:27:25 - DEBUG --> Archivo \components\com_jhotelreservation\classes\services\UserDataService.php 
2016-02-09 6:27:25 - DEBUG --> initializeReservationData 
2016-02-09 6:27:25 - DEBUG --> UserData: a:0:{} 
2016-02-09 6:27:25 - DEBUG --> Archivo \components\com_jhotelreservation\classes\services\UserDataService.php 
2016-02-09 6:27:25 - DEBUG --> updateUserData 
2016-02-09 6:27:25 - DEBUG --> Archivo \components\com_jhotelreservation\classes\services\UserDataService.php 
2016-02-09 6:27:25 - DEBUG --> getUserData 
2016-02-09 6:27:25 - DEBUG --> Archivo \components\com_jhotelreservation\classes\services\UserDataService.php 
2016-02-09 6:27:25 - DEBUG --> setCurrency 
2016-02-09 6:27:25 - DEBUG --> Archivo \components\com_jhotelreservation\classes\services\UserDataService.php 
2016-02-09 6:27:25 - DEBUG --> getUserData 
2016-02-09 6:27:25 - DEBUG --> Archivo \components\com_jhotelreservation\classes\services\UserDataService.php 
2016-02-09 6:27:25 - DEBUG --> getUserData 
2016-02-09 6:27:25 - DEBUG --> Archivo \components\com_jhotelreservation\classes\services\UserDataService.php 
2016-02-09 6:27:25 - DEBUG --> getUserData 
2016-02-09 11:48:08 - DEBUG --> Archivo \components\com_jhotelreservation\classes\services\UserDataService.php 
2016-02-09 11:48:08 - DEBUG --> initializeUserData 
2016-02-09 11:48:08 - DEBUG --> UserData first: N; 
2016-02-09 11:48:08 - DEBUG --> Archivo \components\com_jhotelreservation\classes\services\UserDataService.php 
2016-02-09 11:48:08 - DEBUG --> createUserData 
2016-02-09 11:48:08 - DEBUG --> UserData end:  a:0:{} 
2016-02-09 11:48:08 - DEBUG --> Archivo \components\com_jhotelreservation\classes\services\UserDataService.php 
2016-02-09 11:48:08 - DEBUG --> initializeUserData 
2016-02-09 11:48:08 - DEBUG --> Archivo \components\com_jhotelreservation\classes\services\UserDataService.php 
2016-02-09 11:48:08 - DEBUG --> initializeUserData 
2016-02-09 11:48:08 - DEBUG --> UserData first: N; 
2016-02-09 11:48:08 - DEBUG --> Archivo \components\com_jhotelreservation\classes\services\UserDataService.php 
2016-02-09 11:48:08 - DEBUG --> createUserData 
2016-02-09 11:48:08 - DEBUG --> UserData end:  a:0:{} 
2016-02-09 11:48:08 - DEBUG --> Archivo \components\com_jhotelreservation\classes\services\UserDataService.php 
2016-02-09 11:48:08 - DEBUG --> initializeUserData 
2016-02-09 11:48:08 - DEBUG --> UserData first: a:0:{} 
2016-02-09 11:48:08 - DEBUG --> UserData end:  a:0:{} 
2016-02-09 11:48:08 - DEBUG --> Archivo \components\com_jhotelreservation\classes\services\UserDataService.php 
2016-02-09 11:48:08 - DEBUG --> initializeReservationData 
2016-02-09 11:48:08 - DEBUG --> UserData: a:0:{} 
2016-02-09 11:48:08 - DEBUG --> Archivo \components\com_jhotelreservation\classes\services\UserDataService.php 
2016-02-09 11:48:08 - DEBUG --> updateUserData 
2016-02-09 11:48:08 - DEBUG --> Archivo \components\com_jhotelreservation\classes\services\UserDataService.php 
2016-02-09 11:48:08 - DEBUG --> getUserData 
2016-02-09 11:48:08 - DEBUG --> Archivo \components\com_jhotelreservation\classes\services\UserDataService.php 
2016-02-09 11:48:08 - DEBUG --> initializeUserData 
2016-02-09 11:48:08 - DEBUG --> UserData first: N; 
2016-02-09 11:48:08 - DEBUG --> Archivo \components\com_jhotelreservation\classes\services\UserDataService.php 
2016-02-09 11:48:08 - DEBUG --> createUserData 
2016-02-09 11:48:08 - DEBUG --> UserData end:  a:0:{} 
2016-02-09 11:48:08 - DEBUG --> Archivo \components\com_jhotelreservation\classes\services\UserDataService.php 
2016-02-09 11:48:08 - DEBUG --> initializeUserData 
2016-02-09 11:48:08 - DEBUG --> UserData first: a:0:{} 
2016-02-09 11:48:08 - DEBUG --> UserData end:  a:0:{} 
2016-02-09 11:48:08 - DEBUG --> Archivo \components\com_jhotelreservation\classes\services\UserDataService.php 
2016-02-09 11:48:08 - DEBUG --> initializeReservationData 
2016-02-09 11:48:08 - DEBUG --> UserData: a:0:{} 
2016-02-09 11:48:08 - DEBUG --> Archivo \components\com_jhotelreservation\classes\services\UserDataService.php 
2016-02-09 11:48:08 - DEBUG --> updateUserData 
2016-02-09 11:48:08 - DEBUG --> Archivo \components\com_jhotelreservation\classes\services\UserDataService.php 
2016-02-09 11:48:08 - DEBUG --> getUserData 
2016-02-09 11:48:08 - DEBUG --> UserData first: N; 
2016-02-09 11:48:08 - DEBUG --> Archivo \components\com_jhotelreservation\classes\services\UserDataService.php 
2016-02-09 11:48:08 - DEBUG --> createUserData 
2016-02-09 11:48:08 - DEBUG --> UserData end:  a:0:{} 
2016-02-09 11:48:08 - DEBUG --> Archivo \components\com_jhotelreservation\classes\services\UserDataService.php 
2016-02-09 11:48:08 - DEBUG --> initializeUserData 
2016-02-09 11:48:08 - DEBUG --> UserData first: a:0:{} 
2016-02-09 11:48:08 - DEBUG --> UserData end:  a:0:{} 
2016-02-09 11:48:08 - DEBUG --> Archivo \components\com_jhotelreservation\classes\services\UserDataService.php 
2016-02-09 11:48:08 - DEBUG --> initializeReservationData 
2016-02-09 11:48:08 - DEBUG --> UserData: a:0:{} 
2016-02-09 11:48:08 - DEBUG --> Archivo \components\com_jhotelreservation\classes\services\UserDataService.php 
2016-02-09 11:48:08 - DEBUG --> updateUserData 
2016-02-09 11:48:08 - DEBUG --> Archivo \components\com_jhotelreservation\classes\services\UserDataService.php 
2016-02-09 11:48:08 - DEBUG --> getUserData 
2016-02-09 11:48:08 - DEBUG --> Archivo \components\com_jhotelreservation\classes\services\UserDataService.php 
2016-02-09 11:48:08 - DEBUG --> initializeUserData 
2016-02-09 11:48:08 - DEBUG --> UserData first: a:0:{} 
2016-02-09 11:48:08 - DEBUG --> UserData end:  a:0:{} 
2016-02-09 11:48:08 - DEBUG --> Archivo \components\com_jhotelreservation\classes\services\UserDataService.php 
2016-02-09 11:48:08 - DEBUG --> initializeReservationData 
2016-02-09 11:48:08 - DEBUG --> UserData: a:0:{} 
2016-02-09 11:48:08 - DEBUG --> Archivo \components\com_jhotelreservation\classes\services\UserDataService.php 
2016-02-09 11:48:08 - DEBUG --> updateUserData 
2016-02-09 11:48:08 - DEBUG --> Archivo \components\com_jhotelreservation\classes\services\UserDataService.php 
2016-02-09 11:48:08 - DEBUG --> getUserData 
2016-02-09 11:48:08 - DEBUG --> Archivo \components\com_jhotelreservation\classes\services\UserDataService.php 
2016-02-09 11:48:08 - DEBUG --> setCurrency 
2016-02-09 11:48:08 - DEBUG --> Archivo \components\com_jhotelreservation\classes\services\UserDataService.php 
2016-02-09 11:48:08 - DEBUG --> getUserData 
2016-02-09 11:48:08 - DEBUG --> Archivo \components\com_jhotelreservation\classes\services\UserDataService.php 
2016-02-09 11:48:08 - DEBUG --> setCurrency 
2016-02-09 11:48:08 - DEBUG --> Archivo \components\com_jhotelreservation\classes\services\UserDataService.php 
2016-02-09 11:48:08 - DEBUG --> getUserData 
2016-02-09 11:48:08 - DEBUG --> Archivo \components\com_jhotelreservation\classes\services\UserDataService.php 
2016-02-09 11:48:08 - DEBUG --> setCurrency 
2016-02-09 11:48:08 - DEBUG --> Archivo \components\com_jhotelreservation\classes\services\UserDataService.php 
2016-02-09 11:48:08 - DEBUG --> getUserData 
2016-02-09 11:48:08 - DEBUG --> Archivo \components\com_jhotelreservation\classes\services\UserDataService.php 
2016-02-09 11:48:08 - DEBUG --> setCurrency 
2016-02-09 11:48:08 - DEBUG --> Archivo \components\com_jhotelreservation\classes\services\UserDataService.php 
2016-02-09 11:48:08 - DEBUG --> getUserData 
2016-02-09 11:48:08 - DEBUG --> Archivo \components\com_jhotelreservation\classes\services\UserDataService.php 
2016-02-09 11:48:08 - DEBUG --> getUserData 
2016-02-09 11:48:08 - DEBUG --> Archivo \components\com_jhotelreservation\classes\services\UserDataService.php 
2016-02-09 11:48:08 - DEBUG --> getUserData 
2016-02-09 11:48:08 - DEBUG --> Archivo \components\com_jhotelreservationiews\hotel	mpl\hoteloverview.php 
2016-02-09 11:48:08 - DEBUG --> Accedió 
2016-02-09 11:48:08 - DEBUG --> Archivo \components\com_jhotelreservation\classes\services\UserDataService.php 
2016-02-09 11:48:08 - DEBUG --> getUserData 
2016-02-09 11:48:08 - DEBUG --> Archivo \components\com_jhotelreservation\classes\services\UserDataService.php 
2016-02-09 11:48:08 - DEBUG --> getUserData 
2016-02-09 11:48:08 - DEBUG --> Archivo \components\com_jhotelreservation\classes\services\UserDataService.php 
2016-02-09 11:48:08 - DEBUG --> getUserData 
2016-02-09 11:48:08 - DEBUG --> Archivo \components\com_jhotelreservation\classes\services\UserDataService.php 
2016-02-09 11:48:08 - DEBUG --> getUserData 
2016-02-09 11:48:08 - DEBUG --> Archivo \components\com_jhotelreservationiews\hotel	mpl\hoteloverview.php 
2016-02-09 11:48:08 - DEBUG --> Accedió 
2016-02-09 11:48:08 - DEBUG --> Archivo \components\com_jhotelreservation\classes\services\UserDataService.php 
2016-02-09 11:48:08 - DEBUG --> getUserData 
2016-02-09 11:48:08 - DEBUG --> Archivo \components\com_jhotelreservationiews\hotel	mpl\hoteloverview.php 
2016-02-09 11:48:08 - DEBUG --> Accedió 
2016-02-09 11:48:08 - DEBUG --> Archivo \components\com_jhotelreservation\classes\services\UserDataService.php 
2016-02-09 11:48:08 - DEBUG --> getUserData 
2016-02-09 11:48:08 - DEBUG --> Archivo \components\com_jhotelreservationiews\hotel	mpl\hoteloverview.php 
2016-02-09 11:48:08 - DEBUG --> Accedió 
2016-02-09 11:48:08 - DEBUG --> Archivo \components\com_jhotelreservation\classes\services\UserDataService.php 
2016-02-09 11:48:08 - DEBUG --> initializeUserData 
2016-02-09 11:48:08 - DEBUG --> UserData first: N; 
2016-02-09 11:48:08 - DEBUG --> Archivo \components\com_jhotelreservation\classes\services\UserDataService.php 
2016-02-09 11:48:08 - DEBUG --> createUserData 
2016-02-09 11:48:08 - DEBUG --> UserData end:  a:0:{} 
2016-02-09 11:48:08 - DEBUG --> Archivo \components\com_jhotelreservation\classes\services\UserDataService.php 
2016-02-09 11:48:08 - DEBUG --> initializeUserData 
2016-02-09 11:48:08 - DEBUG --> UserData first: a:0:{} 
2016-02-09 11:48:08 - DEBUG --> UserData end:  a:0:{} 
2016-02-09 11:48:08 - DEBUG --> Archivo \components\com_jhotelreservation\classes\services\UserDataService.php 
2016-02-09 11:48:08 - DEBUG --> initializeReservationData 
2016-02-09 11:48:08 - DEBUG --> UserData: a:0:{} 
2016-02-09 11:48:08 - DEBUG --> Archivo \components\com_jhotelreservation\classes\services\UserDataService.php 
2016-02-09 11:48:08 - DEBUG --> updateUserData 
2016-02-09 11:48:08 - DEBUG --> Archivo \components\com_jhotelreservation\classes\services\UserDataService.php 
2016-02-09 11:48:08 - DEBUG --> getUserData 
2016-02-09 11:48:08 - DEBUG --> Archivo \components\com_jhotelreservation\classes\services\UserDataService.php 
2016-02-09 11:48:08 - DEBUG --> initializeUserData 
2016-02-09 11:48:08 - DEBUG --> UserData first: N; 
2016-02-09 11:48:08 - DEBUG --> Archivo \components\com_jhotelreservation\classes\services\UserDataService.php 
2016-02-09 11:48:08 - DEBUG --> createUserData 
2016-02-09 11:48:08 - DEBUG --> UserData end:  a:0:{} 
2016-02-09 11:48:08 - DEBUG --> Archivo \components\com_jhotelreservation\classes\services\UserDataService.php 
2016-02-09 11:48:08 - DEBUG --> initializeUserData 
2016-02-09 11:48:08 - DEBUG --> UserData first: a:0:{} 
2016-02-09 11:48:08 - DEBUG --> UserData end:  a:0:{} 
2016-02-09 11:48:08 - DEBUG --> Archivo \components\com_jhotelreservation\classes\services\UserDataService.php 
2016-02-09 11:48:08 - DEBUG --> initializeReservationData 
2016-02-09 11:48:08 - DEBUG --> UserData: a:0:{} 
2016-02-09 11:48:08 - DEBUG --> Archivo \components\com_jhotelreservation\classes\services\UserDataService.php 
2016-02-09 11:48:08 - DEBUG --> updateUserData 
2016-02-09 11:48:08 - DEBUG --> Archivo \components\com_jhotelreservation\classes\services\UserDataService.php 
2016-02-09 11:48:08 - DEBUG --> getUserData 
2016-02-09 11:48:08 - DEBUG --> Archivo \components\com_jhotelreservation\classes\services\UserDataService.php 
2016-02-09 11:48:08 - DEBUG --> setCurrency 
2016-02-09 11:48:08 - DEBUG --> Archivo \components\com_jhotelreservation\classes\services\UserDataService.php 
2016-02-09 11:48:08 - DEBUG --> getUserData 
2016-02-09 11:48:08 - DEBUG --> Archivo \components\com_jhotelreservation\classes\services\UserDataService.php 
2016-02-09 11:48:08 - DEBUG --> setCurrency 
2016-02-09 11:48:08 - DEBUG --> Archivo \components\com_jhotelreservation\classes\services\UserDataService.php 
2016-02-09 11:48:08 - DEBUG --> getUserData 
2016-02-09 11:48:08 - DEBUG --> Archivo \components\com_jhotelreservation\classes\services\UserDataService.php 
2016-02-09 11:48:08 - DEBUG --> getUserData 
2016-02-09 11:48:08 - DEBUG --> Archivo \components\com_jhotelreservation\classes\services\UserDataService.php 
2016-02-09 11:48:08 - DEBUG --> initializeUserData 
2016-02-09 11:48:08 - DEBUG --> UserData first: N; 
2016-02-09 11:48:08 - DEBUG --> Archivo \components\com_jhotelreservation\classes\services\UserDataService.php 
2016-02-09 11:48:08 - DEBUG --> createUserData 
2016-02-09 11:48:08 - DEBUG --> UserData end:  a:0:{} 
2016-02-09 11:48:08 - DEBUG --> Archivo \components\com_jhotelreservation\classes\services\UserDataService.php 
2016-02-09 11:48:08 - DEBUG --> initializeUserData 
2016-02-09 11:48:08 - DEBUG --> UserData first: a:0:{} 
2016-02-09 11:48:08 - DEBUG --> UserData end:  a:0:{} 
2016-02-09 11:48:08 - DEBUG --> Archivo \components\com_jhotelreservation\classes\services\UserDataService.php 
2016-02-09 11:48:08 - DEBUG --> initializeReservationData 
2016-02-09 11:48:08 - DEBUG --> UserData: a:0:{} 
2016-02-09 11:48:08 - DEBUG --> Archivo \components\com_jhotelreservation\classes\services\UserDataService.php 
2016-02-09 11:48:08 - DEBUG --> updateUserData 
2016-02-09 11:48:08 - DEBUG --> Archivo \components\com_jhotelreservation\classes\services\UserDataService.php 
2016-02-09 11:48:08 - DEBUG --> getUserData 
2016-02-09 11:48:08 - DEBUG --> Archivo \components\com_jhotelreservation\classes\services\UserDataService.php 
2016-02-09 11:48:08 - DEBUG --> getUserData 
2016-02-09 11:48:08 - DEBUG --> Archivo \components\com_jhotelreservationiews\hotel	mpl\hoteloverview.php 
2016-02-09 11:48:08 - DEBUG --> Accedió 
2016-02-09 11:48:08 - DEBUG --> Archivo \components\com_jhotelreservation\classes\services\UserDataService.php 
2016-02-09 11:48:08 - DEBUG --> getUserData 
2016-02-09 11:48:08 - DEBUG --> Archivo \components\com_jhotelreservation\classes\services\UserDataService.php 
2016-02-09 11:48:08 - DEBUG --> getUserData 
2016-02-09 11:48:08 - DEBUG --> Archivo \components\com_jhotelreservationiews\hotel	mpl\hoteloverview.php 
2016-02-09 11:48:08 - DEBUG --> Accedió 
2016-02-09 11:48:08 - DEBUG --> Archivo \components\com_jhotelreservation\classes\services\UserDataService.php 
2016-02-09 11:48:08 - DEBUG --> setCurrency 
2016-02-09 11:48:08 - DEBUG --> Archivo \components\com_jhotelreservation\classes\services\UserDataService.php 
2016-02-09 11:48:08 - DEBUG --> getUserData 
2016-02-09 11:48:09 - DEBUG --> Archivo \components\com_jhotelreservation\classes\services\UserDataService.php 
2016-02-09 11:48:09 - DEBUG --> getUserData 
2016-02-09 11:48:09 - DEBUG --> Archivo \components\com_jhotelreservation\classes\services\UserDataService.php 
2016-02-09 11:48:09 - DEBUG --> getUserData 
2016-02-09 11:48:09 - DEBUG --> Archivo \components\com_jhotelreservationiews\hotel	mpl\hoteloverview.php 
2016-02-09 11:48:09 - DEBUG --> Accedió 
2016-02-09 11:48:09 - DEBUG --> Archivo \components\com_jhotelreservation\classes\services\UserDataService.php 
2016-02-09 11:48:09 - DEBUG --> initializeUserData 
2016-02-09 11:48:09 - DEBUG --> UserData first: N; 
2016-02-09 11:48:09 - DEBUG --> Archivo \components\com_jhotelreservation\classes\services\UserDataService.php 
2016-02-09 11:48:09 - DEBUG --> createUserData 
2016-02-09 11:48:09 - DEBUG --> UserData end:  a:0:{} 
2016-02-09 11:48:09 - DEBUG --> Archivo \components\com_jhotelreservation\classes\services\UserDataService.php 
2016-02-09 11:48:09 - DEBUG --> initializeUserData 
2016-02-09 11:48:09 - DEBUG --> UserData first: a:0:{} 
2016-02-09 11:48:09 - DEBUG --> UserData end:  a:0:{} 
2016-02-09 11:48:09 - DEBUG --> Archivo \components\com_jhotelreservation\classes\services\UserDataService.php 
2016-02-09 11:48:09 - DEBUG --> initializeReservationData 
2016-02-09 11:48:09 - DEBUG --> UserData: a:0:{} 
2016-02-09 11:48:09 - DEBUG --> Archivo \components\com_jhotelreservation\classes\services\UserDataService.php 
2016-02-09 11:48:09 - DEBUG --> initializeUserData 
2016-02-09 11:48:09 - DEBUG --> UserData first: N; 
2016-02-09 11:48:09 - DEBUG --> Archivo \components\com_jhotelreservation\classes\services\UserDataService.php 
2016-02-09 11:48:09 - DEBUG --> createUserData 
2016-02-09 11:48:09 - DEBUG --> Archivo \components\com_jhotelreservation\classes\services\UserDataService.php 
2016-02-09 11:48:09 - DEBUG --> initializeUserData 
2016-02-09 11:48:09 - DEBUG --> UserData first: N; 
2016-02-09 11:48:09 - DEBUG --> Archivo \components\com_jhotelreservation\classes\services\UserDataService.php 
2016-02-09 11:48:09 - DEBUG --> createUserData 
2016-02-09 11:48:09 - DEBUG --> UserData end:  a:0:{} 
2016-02-09 11:48:09 - DEBUG --> Archivo \components\com_jhotelreservation\classes\services\UserDataService.php 
2016-02-09 11:48:09 - DEBUG --> updateUserData 
2016-02-09 11:48:09 - DEBUG --> Archivo \components\com_jhotelreservation\classes\services\UserDataService.php 
2016-02-09 11:48:09 - DEBUG --> getUserData 
2016-02-09 11:48:09 - DEBUG --> Archivo \components\com_jhotelreservation\classes\services\UserDataService.php 
2016-02-09 11:48:09 - DEBUG --> setCurrency 
2016-02-09 11:48:09 - DEBUG --> Archivo \components\com_jhotelreservation\classes\services\UserDataService.php 
2016-02-09 11:48:09 - DEBUG --> getUserData 
2016-02-09 11:48:09 - DEBUG --> Archivo \components\com_jhotelreservation\classes\services\UserDataService.php 
2016-02-09 11:48:09 - DEBUG --> getUserData 
2016-02-09 11:48:09 - DEBUG --> UserData end:  a:0:{} 
2016-02-09 11:48:09 - DEBUG --> Archivo \components\com_jhotelreservation\classes\services\UserDataService.php 
2016-02-09 11:48:09 - DEBUG --> initializeUserData 
2016-02-09 11:48:09 - DEBUG --> UserData first: a:0:{} 
2016-02-09 11:48:09 - DEBUG --> UserData end:  a:0:{} 
2016-02-09 11:48:09 - DEBUG --> Archivo \components\com_jhotelreservation\classes\services\UserDataService.php 
2016-02-09 11:48:09 - DEBUG --> initializeReservationData 
2016-02-09 11:48:09 - DEBUG --> UserData: a:0:{} 
2016-02-09 11:48:09 - DEBUG --> Archivo \components\com_jhotelreservation\classes\services\UserDataService.php 
2016-02-09 11:48:09 - DEBUG --> updateUserData 
2016-02-09 11:48:09 - DEBUG --> Archivo \components\com_jhotelreservation\classes\services\UserDataService.php 
2016-02-09 11:48:09 - DEBUG --> getUserData 
2016-02-09 11:48:09 - DEBUG --> Archivo \components\com_jhotelreservation\classes\services\UserDataService.php 
2016-02-09 11:48:09 - DEBUG --> getUserData 
2016-02-09 11:48:09 - DEBUG --> Archivo \components\com_jhotelreservationiews\hotel	mpl\hoteloverview.php 
2016-02-09 11:48:09 - DEBUG --> Accedió 
2016-02-09 11:48:09 - DEBUG --> Archivo \components\com_jhotelreservation\classes\services\UserDataService.php 
2016-02-09 11:48:09 - DEBUG --> initializeUserData 
2016-02-09 11:48:09 - DEBUG --> UserData first: a:0:{} 
2016-02-09 11:48:09 - DEBUG --> UserData end:  a:0:{} 
2016-02-09 11:48:09 - DEBUG --> Archivo \components\com_jhotelreservation\classes\services\UserDataService.php 
2016-02-09 11:48:09 - DEBUG --> initializeReservationData 
2016-02-09 11:48:09 - DEBUG --> UserData: a:0:{} 
2016-02-09 11:48:09 - DEBUG --> Archivo \components\com_jhotelreservation\classes\services\UserDataService.php 
2016-02-09 11:48:09 - DEBUG --> updateUserData 
2016-02-09 11:48:09 - DEBUG --> Archivo \components\com_jhotelreservation\classes\services\UserDataService.php 
2016-02-09 11:48:09 - DEBUG --> getUserData 
2016-02-09 11:48:09 - DEBUG --> Archivo \components\com_jhotelreservation\classes\services\UserDataService.php 
2016-02-09 11:48:09 - DEBUG --> setCurrency 
2016-02-09 11:48:09 - DEBUG --> Archivo \components\com_jhotelreservation\classes\services\UserDataService.php 
2016-02-09 11:48:09 - DEBUG --> getUserData 
2016-02-09 11:48:09 - DEBUG --> Archivo \components\com_jhotelreservation\classes\services\UserDataService.php 
2016-02-09 11:48:09 - DEBUG --> setCurrency 
2016-02-09 11:48:09 - DEBUG --> Archivo \components\com_jhotelreservation\classes\services\UserDataService.php 
2016-02-09 11:48:09 - DEBUG --> getUserData 
2016-02-09 11:48:09 - DEBUG --> Archivo \components\com_jhotelreservation\classes\services\UserDataService.php 
2016-02-09 11:48:09 - DEBUG --> getUserData 
2016-02-09 11:48:09 - DEBUG --> Archivo \components\com_jhotelreservation\classes\services\UserDataService.php 
2016-02-09 11:48:09 - DEBUG --> getUserData 
2016-02-09 11:48:09 - DEBUG --> Archivo \components\com_jhotelreservation\classes\services\UserDataService.php 
2016-02-09 11:48:09 - DEBUG --> getUserData 
2016-02-09 11:48:09 - DEBUG --> Archivo \components\com_jhotelreservationiews\hotel	mpl\hoteloverview.php 
2016-02-09 11:48:09 - DEBUG --> Accedió 
2016-02-09 11:48:09 - DEBUG --> Archivo \components\com_jhotelreservation\classes\services\UserDataService.php 
2016-02-09 11:48:09 - DEBUG --> getUserData 
2016-02-09 11:48:09 - DEBUG --> Archivo \components\com_jhotelreservationiews\hotel	mpl\hoteloverview.php 
2016-02-09 11:48:09 - DEBUG --> Accedió 
2016-02-09 11:48:10 - DEBUG --> Archivo \components\com_jhotelreservation\classes\services\UserDataService.php 
2016-02-09 11:48:10 - DEBUG --> initializeUserData 
2016-02-09 11:48:10 - DEBUG --> UserData first: N; 
2016-02-09 11:48:10 - DEBUG --> Archivo \components\com_jhotelreservation\classes\services\UserDataService.php 
2016-02-09 11:48:10 - DEBUG --> createUserData 
2016-02-09 11:48:10 - DEBUG --> UserData end:  a:0:{} 
2016-02-09 11:48:10 - DEBUG --> Archivo \components\com_jhotelreservation\classes\services\UserDataService.php 
2016-02-09 11:48:10 - DEBUG --> initializeUserData 
2016-02-09 11:48:10 - DEBUG --> UserData first: a:0:{} 
2016-02-09 11:48:10 - DEBUG --> UserData end:  a:0:{} 
2016-02-09 11:48:10 - DEBUG --> Archivo \components\com_jhotelreservation\classes\services\UserDataService.php 
2016-02-09 11:48:10 - DEBUG --> initializeReservationData 
2016-02-09 11:48:10 - DEBUG --> UserData: a:0:{} 
2016-02-09 11:48:10 - DEBUG --> Archivo \components\com_jhotelreservation\classes\services\UserDataService.php 
2016-02-09 11:48:10 - DEBUG --> updateUserData 
2016-02-09 11:48:10 - DEBUG --> Archivo \components\com_jhotelreservation\classes\services\UserDataService.php 
2016-02-09 11:48:10 - DEBUG --> getUserData 
2016-02-09 11:48:10 - DEBUG --> Archivo \components\com_jhotelreservation\classes\services\UserDataService.php 
2016-02-09 11:48:10 - DEBUG --> setCurrency 
2016-02-09 11:48:10 - DEBUG --> Archivo \components\com_jhotelreservation\classes\services\UserDataService.php 
2016-02-09 11:48:10 - DEBUG --> getUserData 
2016-02-09 11:48:10 - DEBUG --> Archivo \components\com_jhotelreservation\classes\services\UserDataService.php 
2016-02-09 11:48:10 - DEBUG --> getUserData 
2016-02-09 11:48:10 - DEBUG --> Archivo \components\com_jhotelreservation\classes\services\UserDataService.php 
2016-02-09 11:48:10 - DEBUG --> getUserData 
2016-02-09 11:48:10 - DEBUG --> Archivo \components\com_jhotelreservationiews\hotel	mpl\hoteloverview.php 
2016-02-09 11:48:10 - DEBUG --> Accedió 
2016-02-09 12:27:27 - DEBUG --> Archivo \components\com_jhotelreservation\classes\services\UserDataService.php 
2016-02-09 12:27:27 - DEBUG --> initializeUserData 
2016-02-09 12:27:27 - DEBUG --> UserData first: N; 
2016-02-09 12:27:27 - DEBUG --> Archivo \components\com_jhotelreservation\classes\services\UserDataService.php 
2016-02-09 12:27:27 - DEBUG --> createUserData 
2016-02-09 12:27:27 - DEBUG --> UserData end:  a:0:{} 
2016-02-09 12:27:27 - DEBUG --> Archivo \components\com_jhotelreservation\classes\services\UserDataService.php 
2016-02-09 12:27:27 - DEBUG --> initializeUserData 
2016-02-09 12:27:27 - DEBUG --> UserData first: a:0:{} 
2016-02-09 12:27:27 - DEBUG --> UserData end:  a:0:{} 
2016-02-09 12:27:27 - DEBUG --> Archivo \components\com_jhotelreservation\classes\services\UserDataService.php 
2016-02-09 12:27:27 - DEBUG --> initializeReservationData 
2016-02-09 12:27:27 - DEBUG --> UserData: a:0:{} 
2016-02-09 12:27:27 - DEBUG --> Archivo \components\com_jhotelreservation\classes\services\UserDataService.php 
2016-02-09 12:27:27 - DEBUG --> updateUserData 
2016-02-09 12:27:27 - DEBUG --> Archivo \components\com_jhotelreservation\classes\services\UserDataService.php 
2016-02-09 12:27:27 - DEBUG --> getUserData 
2016-02-09 12:27:27 - DEBUG --> Archivo \components\com_jhotelreservation\classes\services\UserDataService.php 
2016-02-09 12:27:27 - DEBUG --> setCurrency 
2016-02-09 12:27:27 - DEBUG --> Archivo \components\com_jhotelreservation\classes\services\UserDataService.php 
2016-02-09 12:27:27 - DEBUG --> getUserData 
2016-02-09 12:27:27 - DEBUG --> Archivo \components\com_jhotelreservation\classes\services\UserDataService.php 
2016-02-09 12:27:27 - DEBUG --> getUserData 
2016-02-09 12:27:27 - DEBUG --> Archivo \components\com_jhotelreservation\classes\services\UserDataService.php 
2016-02-09 12:27:27 - DEBUG --> getUserData 
2016-02-09 14:02:55 - DEBUG --> Archivo \components\com_jhotelreservation\classes\services\UserDataService.php 
2016-02-09 14:02:55 - DEBUG --> initializeUserData 
2016-02-09 14:02:55 - DEBUG --> UserData first: a:0:{} 
2016-02-09 14:02:55 - DEBUG --> UserData end:  a:0:{} 
2016-02-09 14:02:56 - DEBUG --> Archivo \components\com_jhotelreservation\classes\services\UserDataService.php 
2016-02-09 14:02:56 - DEBUG --> initializeUserData 
2016-02-09 14:02:56 - DEBUG --> UserData first: a:0:{} 
2016-02-09 14:02:56 - DEBUG --> Archivo \components\com_jhotelreservation\classes\services\UserDataService.php 
2016-02-09 14:02:56 - DEBUG --> createUserData 
2016-02-09 14:02:56 - DEBUG --> voucher:  
2016-02-09 14:02:56 - DEBUG --> UserData end:  a:0:{} 
2016-02-09 14:02:56 - DEBUG --> Archivo \components\com_jhotelreservation\classes\services\UserDataService.php 
2016-02-09 14:02:56 - DEBUG --> initializeUserData 
2016-02-09 14:02:56 - DEBUG --> UserData first: a:0:{} 
2016-02-09 14:02:56 - DEBUG --> Archivo \components\com_jhotelreservation\classes\services\UserDataService.php 
2016-02-09 14:02:56 - DEBUG --> createUserData 
2016-02-09 14:02:56 - DEBUG --> voucher:  
2016-02-09 14:02:56 - DEBUG --> UserData end:  a:0:{} 
2016-02-09 14:41:25 - DEBUG --> Archivo \components\com_jhotelreservation\classes\services\UserDataService.php 
2016-02-09 14:41:25 - DEBUG --> initializeUserData 
2016-02-09 14:41:25 - DEBUG --> UserData first: N; 
2016-02-09 14:41:25 - DEBUG --> Archivo \components\com_jhotelreservation\classes\services\UserDataService.php 
2016-02-09 14:41:25 - DEBUG --> createUserData 
2016-02-09 14:41:25 - DEBUG --> UserData end:  a:0:{} 
2016-02-09 14:41:25 - DEBUG --> Archivo \components\com_jhotelreservation\classes\services\UserDataService.php 
2016-02-09 14:41:25 - DEBUG --> initializeUserData 
2016-02-09 14:41:25 - DEBUG --> UserData first: a:0:{} 
2016-02-09 14:41:25 - DEBUG --> UserData end:  a:0:{} 
2016-02-09 14:41:25 - DEBUG --> Archivo \components\com_jhotelreservation\classes\services\UserDataService.php 
2016-02-09 14:41:25 - DEBUG --> initializeReservationData 
2016-02-09 14:41:25 - DEBUG --> UserData: a:0:{} 
2016-02-09 14:41:25 - DEBUG --> Archivo \components\com_jhotelreservation\classes\services\UserDataService.php 
2016-02-09 14:41:25 - DEBUG --> updateUserData 
2016-02-09 14:41:25 - DEBUG --> Archivo \components\com_jhotelreservation\classes\services\UserDataService.php 
2016-02-09 14:41:25 - DEBUG --> getUserData 
2016-02-09 14:41:25 - DEBUG --> Archivo \components\com_jhotelreservation\classes\services\UserDataService.php 
2016-02-09 14:41:25 - DEBUG --> setCurrency 
2016-02-09 14:41:25 - DEBUG --> Archivo \components\com_jhotelreservation\classes\services\UserDataService.php 
2016-02-09 14:41:25 - DEBUG --> getUserData 
2016-02-09 14:41:25 - DEBUG --> Archivo \components\com_jhotelreservation\classes\services\UserDataService.php 
2016-02-09 14:41:25 - DEBUG --> getUserData 
2016-02-09 14:41:25 - DEBUG --> Archivo \components\com_jhotelreservation\classes\services\UserDataService.php 
2016-02-09 14:41:25 - DEBUG --> getUserData 
2016-02-09 14:41:25 - DEBUG --> Archivo \components\com_jhotelreservationiews\hotel	mpl\hoteloverview.php 
2016-02-09 14:41:25 - DEBUG --> Accedió 
2016-02-09 19:49:40 - DEBUG --> Archivo \components\com_jhotelreservation\classes\services\UserDataService.php 
2016-02-09 19:49:40 - DEBUG --> initializeUserData 
2016-02-09 19:49:40 - DEBUG --> UserData first: N; 
2016-02-09 19:49:40 - DEBUG --> Archivo \components\com_jhotelreservation\classes\services\UserDataService.php 
2016-02-09 19:49:40 - DEBUG --> createUserData 
2016-02-09 19:49:40 - DEBUG --> UserData end:  a:0:{} 
2016-02-09 19:49:40 - DEBUG --> Archivo \components\com_jhotelreservation\classes\services\UserDataService.php 
2016-02-09 19:49:40 - DEBUG --> initializeUserData 
2016-02-09 19:49:40 - DEBUG --> UserData first: a:0:{} 
2016-02-09 19:49:40 - DEBUG --> UserData end:  a:0:{} 
2016-02-09 19:49:40 - DEBUG --> Archivo \components\com_jhotelreservation\classes\services\UserDataService.php 
2016-02-09 19:49:40 - DEBUG --> initializeReservationData 
2016-02-09 19:49:40 - DEBUG --> UserData: a:0:{} 
2016-02-09 19:49:40 - DEBUG --> Archivo \components\com_jhotelreservation\classes\services\UserDataService.php 
2016-02-09 19:49:40 - DEBUG --> updateUserData 
2016-02-09 19:49:40 - DEBUG --> Archivo \components\com_jhotelreservation\classes\services\UserDataService.php 
2016-02-09 19:49:40 - DEBUG --> getUserData 
2016-02-09 19:49:40 - DEBUG --> Archivo \components\com_jhotelreservation\classes\services\UserDataService.php 
2016-02-09 19:49:40 - DEBUG --> setCurrency 
2016-02-09 19:49:40 - DEBUG --> Archivo \components\com_jhotelreservation\classes\services\UserDataService.php 
2016-02-09 19:49:40 - DEBUG --> getUserData 
2016-02-09 19:49:40 - DEBUG --> Archivo \components\com_jhotelreservation\classes\services\UserDataService.php 
2016-02-09 19:49:40 - DEBUG --> getUserData 
2016-02-09 19:49:40 - DEBUG --> Archivo \components\com_jhotelreservation\classes\services\UserDataService.php 
2016-02-09 19:49:40 - DEBUG --> getUserData 
2016-02-09 19:49:40 - DEBUG --> Archivo \components\com_jhotelreservationiews\hotel	mpl\hoteloverview.php 
2016-02-09 19:49:40 - DEBUG --> Accedió 
2016-02-09 20:53:44 - DEBUG --> Archivo \components\com_jhotelreservation\classes\services\UserDataService.php 
2016-02-09 20:53:44 - DEBUG --> initializeUserData 
2016-02-09 20:53:44 - DEBUG --> UserData first: N; 
2016-02-09 20:53:44 - DEBUG --> Archivo \components\com_jhotelreservation\classes\services\UserDataService.php 
2016-02-09 20:53:44 - DEBUG --> createUserData 
2016-02-09 20:53:44 - DEBUG --> UserData end:  a:0:{} 
2016-02-09 20:53:44 - DEBUG --> Archivo \components\com_jhotelreservation\classes\services\UserDataService.php 
2016-02-09 20:53:44 - DEBUG --> initializeUserData 
2016-02-09 20:53:44 - DEBUG --> UserData first: a:0:{} 
2016-02-09 20:53:44 - DEBUG --> UserData end:  a:0:{} 
2016-02-09 20:53:44 - DEBUG --> Archivo \components\com_jhotelreservation\classes\services\UserDataService.php 
2016-02-09 20:53:44 - DEBUG --> initializeReservationData 
2016-02-09 20:53:44 - DEBUG --> UserData: a:0:{} 
2016-02-09 20:53:44 - DEBUG --> Archivo \components\com_jhotelreservation\classes\services\UserDataService.php 
2016-02-09 20:53:44 - DEBUG --> updateUserData 
2016-02-09 20:53:44 - DEBUG --> Archivo \components\com_jhotelreservation\classes\services\UserDataService.php 
2016-02-09 20:53:44 - DEBUG --> getUserData 
2016-02-09 20:53:44 - DEBUG --> Archivo \components\com_jhotelreservation\classes\services\UserDataService.php 
2016-02-09 20:53:44 - DEBUG --> setCurrency 
2016-02-09 20:53:44 - DEBUG --> Archivo \components\com_jhotelreservation\classes\services\UserDataService.php 
2016-02-09 20:53:44 - DEBUG --> getUserData 
2016-02-09 20:53:44 - DEBUG --> Archivo \components\com_jhotelreservation\classes\services\UserDataService.php 
2016-02-09 20:53:44 - DEBUG --> getUserData 
2016-02-09 20:53:44 - DEBUG --> Archivo \components\com_jhotelreservation\classes\services\UserDataService.php 
2016-02-09 20:53:44 - DEBUG --> getUserData 
2016-02-09 20:53:44 - DEBUG --> Archivo \components\com_jhotelreservationiews\hotel	mpl\hoteloverview.php 
2016-02-09 20:53:44 - DEBUG --> Accedió 
2016-02-09 21:25:34 - DEBUG --> Archivo \components\com_jhotelreservation\classes\services\UserDataService.php 
2016-02-09 21:25:34 - DEBUG --> initializeUserData 
2016-02-09 21:25:34 - DEBUG --> UserData first: N; 
2016-02-09 21:25:34 - DEBUG --> Archivo \components\com_jhotelreservation\classes\services\UserDataService.php 
2016-02-09 21:25:34 - DEBUG --> createUserData 
2016-02-09 21:25:34 - DEBUG --> UserData end:  a:0:{} 
2016-02-09 21:25:34 - DEBUG --> Archivo \components\com_jhotelreservation\classes\services\UserDataService.php 
2016-02-09 21:25:34 - DEBUG --> initializeUserData 
2016-02-09 21:25:34 - DEBUG --> UserData first: a:0:{} 
2016-02-09 21:25:34 - DEBUG --> UserData end:  a:0:{} 
2016-02-09 21:25:34 - DEBUG --> Archivo \components\com_jhotelreservation\classes\services\UserDataService.php 
2016-02-09 21:25:34 - DEBUG --> initializeReservationData 
2016-02-09 21:25:34 - DEBUG --> UserData: a:0:{} 
2016-02-09 21:25:34 - DEBUG --> Archivo \components\com_jhotelreservation\classes\services\UserDataService.php 
2016-02-09 21:25:34 - DEBUG --> updateUserData 
2016-02-09 21:25:34 - DEBUG --> Archivo \components\com_jhotelreservation\classes\services\UserDataService.php 
2016-02-09 21:25:34 - DEBUG --> getUserData 
2016-02-09 21:25:34 - DEBUG --> Archivo \components\com_jhotelreservation\classes\services\UserDataService.php 
2016-02-09 21:25:34 - DEBUG --> setCurrency 
2016-02-09 21:25:34 - DEBUG --> Archivo \components\com_jhotelreservation\classes\services\UserDataService.php 
2016-02-09 21:25:34 - DEBUG --> getUserData 
2016-02-09 21:25:34 - DEBUG --> Archivo \components\com_jhotelreservation\classes\services\UserDataService.php 
2016-02-09 21:25:34 - DEBUG --> getUserData 
2016-02-09 21:25:34 - DEBUG --> Archivo \components\com_jhotelreservation\classes\services\UserDataService.php 
2016-02-09 21:25:34 - DEBUG --> getUserData 
2016-02-09 21:25:34 - DEBUG --> Archivo \components\com_jhotelreservationiews\hotel	mpl\hoteloverview.php 
2016-02-09 21:25:34 - DEBUG --> Accedió 
