2016-01-27 2:55:29 - DEBUG --> Archivo \components\com_jhotelreservation\classes\services\UserDataService.php 
2016-01-27 2:55:29 - DEBUG --> initializeUserData 
2016-01-27 2:55:29 - DEBUG --> UserData first: N; 
2016-01-27 2:55:29 - DEBUG --> Archivo \components\com_jhotelreservation\classes\services\UserDataService.php 
2016-01-27 2:55:29 - DEBUG --> createUserData 
2016-01-27 2:55:29 - DEBUG --> UserData end:  a:0:{} 
2016-01-27 2:55:29 - DEBUG --> Archivo \components\com_jhotelreservation\classes\services\UserDataService.php 
2016-01-27 2:55:29 - DEBUG --> initializeUserData 
2016-01-27 2:55:29 - DEBUG --> UserData first: a:0:{} 
2016-01-27 2:55:29 - DEBUG --> UserData end:  a:0:{} 
2016-01-27 2:55:29 - DEBUG --> Archivo \components\com_jhotelreservation\classes\services\UserDataService.php 
2016-01-27 2:55:29 - DEBUG --> initializeReservationData 
2016-01-27 2:55:29 - DEBUG --> UserData: a:0:{} 
2016-01-27 2:55:29 - DEBUG --> Archivo \components\com_jhotelreservation\classes\services\UserDataService.php 
2016-01-27 2:55:29 - DEBUG --> updateUserData 
2016-01-27 2:55:29 - DEBUG --> Archivo \components\com_jhotelreservation\classes\services\UserDataService.php 
2016-01-27 2:55:29 - DEBUG --> getUserData 
2016-01-27 2:55:29 - DEBUG --> Archivo \components\com_jhotelreservation\classes\services\UserDataService.php 
2016-01-27 2:55:29 - DEBUG --> setCurrency 
2016-01-27 2:55:29 - DEBUG --> Archivo \components\com_jhotelreservation\classes\services\UserDataService.php 
2016-01-27 2:55:29 - DEBUG --> getUserData 
2016-01-27 2:55:29 - DEBUG --> Archivo \components\com_jhotelreservation\classes\services\UserDataService.php 
2016-01-27 2:55:29 - DEBUG --> getUserData 
2016-01-27 2:55:29 - DEBUG --> Archivo \components\com_jhotelreservation\classes\services\UserDataService.php 
2016-01-27 2:55:29 - DEBUG --> getUserData 
2016-01-27 2:55:29 - DEBUG --> Archivo \components\com_jhotelreservationiews\hotel	mpl\hoteloverview.php 
2016-01-27 2:55:29 - DEBUG --> Accedió 
2016-01-27 4:10:50 - DEBUG --> Archivo \components\com_jhotelreservation\classes\services\UserDataService.php 
2016-01-27 4:10:50 - DEBUG --> initializeUserData 
2016-01-27 4:10:50 - DEBUG --> UserData first: N; 
2016-01-27 4:10:50 - DEBUG --> Archivo \components\com_jhotelreservation\classes\services\UserDataService.php 
2016-01-27 4:10:50 - DEBUG --> createUserData 
2016-01-27 4:10:50 - DEBUG --> UserData end:  a:0:{} 
2016-01-27 4:10:50 - DEBUG --> Archivo \components\com_jhotelreservation\classes\services\UserDataService.php 
2016-01-27 4:10:50 - DEBUG --> initializeUserData 
2016-01-27 4:10:50 - DEBUG --> UserData first: a:0:{} 
2016-01-27 4:10:50 - DEBUG --> UserData end:  a:0:{} 
2016-01-27 4:10:50 - DEBUG --> Archivo \components\com_jhotelreservation\classes\services\UserDataService.php 
2016-01-27 4:10:50 - DEBUG --> initializeReservationData 
2016-01-27 4:10:50 - DEBUG --> UserData: a:0:{} 
2016-01-27 4:10:50 - DEBUG --> Archivo \components\com_jhotelreservation\classes\services\UserDataService.php 
2016-01-27 4:10:50 - DEBUG --> updateUserData 
2016-01-27 4:10:50 - DEBUG --> Archivo \components\com_jhotelreservation\classes\services\UserDataService.php 
2016-01-27 4:10:50 - DEBUG --> getUserData 
2016-01-27 4:10:50 - DEBUG --> Archivo \components\com_jhotelreservation\classes\services\UserDataService.php 
2016-01-27 4:10:50 - DEBUG --> setCurrency 
2016-01-27 4:10:50 - DEBUG --> Archivo \components\com_jhotelreservation\classes\services\UserDataService.php 
2016-01-27 4:10:50 - DEBUG --> getUserData 
2016-01-27 4:10:50 - DEBUG --> Archivo \components\com_jhotelreservation\classes\services\UserDataService.php 
2016-01-27 4:10:50 - DEBUG --> getUserData 
2016-01-27 4:10:50 - DEBUG --> Archivo \components\com_jhotelreservation\classes\services\UserDataService.php 
2016-01-27 4:10:50 - DEBUG --> getUserData 
2016-01-27 4:10:50 - DEBUG --> Archivo \components\com_jhotelreservationiews\hotel	mpl\hoteloverview.php 
2016-01-27 4:10:50 - DEBUG --> Accedió 
2016-01-27 4:13:41 - DEBUG --> Archivo \components\com_jhotelreservation\classes\services\UserDataService.php 
2016-01-27 4:13:41 - DEBUG --> initializeUserData 
2016-01-27 4:13:41 - DEBUG --> UserData first: N; 
2016-01-27 4:13:41 - DEBUG --> Archivo \components\com_jhotelreservation\classes\services\UserDataService.php 
2016-01-27 4:13:41 - DEBUG --> createUserData 
2016-01-27 4:13:41 - DEBUG --> UserData end:  a:0:{} 
2016-01-27 4:13:41 - DEBUG --> Archivo \components\com_jhotelreservation\classes\services\UserDataService.php 
2016-01-27 4:13:41 - DEBUG --> initializeUserData 
2016-01-27 4:13:41 - DEBUG --> UserData first: a:0:{} 
2016-01-27 4:13:41 - DEBUG --> UserData end:  a:0:{} 
2016-01-27 4:13:41 - DEBUG --> Archivo \components\com_jhotelreservation\classes\services\UserDataService.php 
2016-01-27 4:13:41 - DEBUG --> initializeReservationData 
2016-01-27 4:13:41 - DEBUG --> UserData: a:0:{} 
2016-01-27 4:13:41 - DEBUG --> Archivo \components\com_jhotelreservation\classes\services\UserDataService.php 
2016-01-27 4:13:41 - DEBUG --> updateUserData 
2016-01-27 4:13:41 - DEBUG --> Archivo \components\com_jhotelreservation\classes\services\UserDataService.php 
2016-01-27 4:13:41 - DEBUG --> getUserData 
2016-01-27 4:13:41 - DEBUG --> Archivo \components\com_jhotelreservation\classes\services\UserDataService.php 
2016-01-27 4:13:41 - DEBUG --> setCurrency 
2016-01-27 4:13:41 - DEBUG --> Archivo \components\com_jhotelreservation\classes\services\UserDataService.php 
2016-01-27 4:13:41 - DEBUG --> getUserData 
2016-01-27 4:13:41 - DEBUG --> Archivo \components\com_jhotelreservation\classes\services\UserDataService.php 
2016-01-27 4:13:41 - DEBUG --> getUserData 
2016-01-27 4:13:41 - DEBUG --> Archivo \components\com_jhotelreservation\classes\services\UserDataService.php 
2016-01-27 4:13:41 - DEBUG --> getUserData 
2016-01-27 4:13:41 - DEBUG --> Archivo \components\com_jhotelreservationiews\hotel	mpl\hoteloverview.php 
2016-01-27 4:13:41 - DEBUG --> Accedió 
2016-01-27 4:40:08 - DEBUG --> Archivo \components\com_jhotelreservation\classes\services\UserDataService.php 
2016-01-27 4:40:08 - DEBUG --> initializeUserData 
2016-01-27 4:40:08 - DEBUG --> UserData first: N; 
2016-01-27 4:40:08 - DEBUG --> Archivo \components\com_jhotelreservation\classes\services\UserDataService.php 
2016-01-27 4:40:08 - DEBUG --> createUserData 
2016-01-27 4:40:08 - DEBUG --> UserData end:  a:0:{} 
2016-01-27 4:40:08 - DEBUG --> Archivo \components\com_jhotelreservation\classes\services\UserDataService.php 
2016-01-27 4:40:08 - DEBUG --> initializeUserData 
2016-01-27 4:40:08 - DEBUG --> UserData first: a:0:{} 
2016-01-27 4:40:08 - DEBUG --> UserData end:  a:0:{} 
2016-01-27 4:40:08 - DEBUG --> Archivo \components\com_jhotelreservation\classes\services\UserDataService.php 
2016-01-27 4:40:08 - DEBUG --> initializeReservationData 
2016-01-27 4:40:08 - DEBUG --> UserData: a:0:{} 
2016-01-27 4:40:08 - DEBUG --> Archivo \components\com_jhotelreservation\classes\services\UserDataService.php 
2016-01-27 4:40:08 - DEBUG --> updateUserData 
2016-01-27 4:40:08 - DEBUG --> Archivo \components\com_jhotelreservation\classes\services\UserDataService.php 
2016-01-27 4:40:08 - DEBUG --> getUserData 
2016-01-27 4:40:08 - DEBUG --> Archivo \components\com_jhotelreservation\classes\services\UserDataService.php 
2016-01-27 4:40:08 - DEBUG --> setCurrency 
2016-01-27 4:40:08 - DEBUG --> Archivo \components\com_jhotelreservation\classes\services\UserDataService.php 
2016-01-27 4:40:08 - DEBUG --> getUserData 
2016-01-27 4:40:08 - DEBUG --> Archivo \components\com_jhotelreservation\classes\services\UserDataService.php 
2016-01-27 4:40:08 - DEBUG --> getUserData 
2016-01-27 4:40:08 - DEBUG --> Archivo \components\com_jhotelreservation\classes\services\UserDataService.php 
2016-01-27 4:40:08 - DEBUG --> getUserData 
2016-01-27 4:40:08 - DEBUG --> Archivo \components\com_jhotelreservationiews\hotel	mpl\hoteloverview.php 
2016-01-27 4:40:08 - DEBUG --> Accedió 
2016-01-27 4:40:11 - DEBUG --> Archivo \components\com_jhotelreservation\classes\services\UserDataService.php 
2016-01-27 4:40:11 - DEBUG --> initializeUserData 
2016-01-27 4:40:11 - DEBUG --> UserData first: N; 
2016-01-27 4:40:11 - DEBUG --> Archivo \components\com_jhotelreservation\classes\services\UserDataService.php 
2016-01-27 4:40:11 - DEBUG --> createUserData 
2016-01-27 4:40:11 - DEBUG --> UserData end:  a:0:{} 
2016-01-27 4:40:11 - DEBUG --> Archivo \components\com_jhotelreservation\classes\services\UserDataService.php 
2016-01-27 4:40:11 - DEBUG --> initializeUserData 
2016-01-27 4:40:11 - DEBUG --> UserData first: a:0:{} 
2016-01-27 4:40:11 - DEBUG --> UserData end:  a:0:{} 
2016-01-27 4:40:11 - DEBUG --> Archivo \components\com_jhotelreservation\classes\services\UserDataService.php 
2016-01-27 4:40:11 - DEBUG --> initializeReservationData 
2016-01-27 4:40:11 - DEBUG --> UserData: a:0:{} 
2016-01-27 4:40:11 - DEBUG --> Archivo \components\com_jhotelreservation\classes\services\UserDataService.php 
2016-01-27 4:40:11 - DEBUG --> updateUserData 
2016-01-27 4:40:11 - DEBUG --> Archivo \components\com_jhotelreservation\classes\services\UserDataService.php 
2016-01-27 4:40:11 - DEBUG --> getUserData 
2016-01-27 4:40:11 - DEBUG --> Archivo \components\com_jhotelreservation\classes\services\UserDataService.php 
2016-01-27 4:40:11 - DEBUG --> setCurrency 
2016-01-27 4:40:11 - DEBUG --> Archivo \components\com_jhotelreservation\classes\services\UserDataService.php 
2016-01-27 4:40:11 - DEBUG --> getUserData 
2016-01-27 4:40:11 - DEBUG --> Archivo \components\com_jhotelreservation\classes\services\UserDataService.php 
2016-01-27 4:40:11 - DEBUG --> getUserData 
2016-01-27 4:40:11 - DEBUG --> Archivo \components\com_jhotelreservation\classes\services\UserDataService.php 
2016-01-27 4:40:11 - DEBUG --> getUserData 
2016-01-27 4:40:11 - DEBUG --> Archivo \components\com_jhotelreservationiews\hotel	mpl\hoteloverview.php 
2016-01-27 4:40:11 - DEBUG --> Accedió 
2016-01-27 4:40:13 - DEBUG --> Archivo \components\com_jhotelreservation\classes\services\UserDataService.php 
2016-01-27 4:40:13 - DEBUG --> initializeUserData 
2016-01-27 4:40:13 - DEBUG --> UserData first: N; 
2016-01-27 4:40:13 - DEBUG --> Archivo \components\com_jhotelreservation\classes\services\UserDataService.php 
2016-01-27 4:40:13 - DEBUG --> createUserData 
2016-01-27 4:40:13 - DEBUG --> UserData end:  a:0:{} 
2016-01-27 4:40:13 - DEBUG --> Archivo \components\com_jhotelreservation\classes\services\UserDataService.php 
2016-01-27 4:40:13 - DEBUG --> initializeUserData 
2016-01-27 4:40:13 - DEBUG --> UserData first: a:0:{} 
2016-01-27 4:40:13 - DEBUG --> UserData end:  a:0:{} 
2016-01-27 4:40:13 - DEBUG --> Archivo \components\com_jhotelreservation\classes\services\UserDataService.php 
2016-01-27 4:40:13 - DEBUG --> initializeReservationData 
2016-01-27 4:40:13 - DEBUG --> UserData: a:0:{} 
2016-01-27 4:40:13 - DEBUG --> Archivo \components\com_jhotelreservation\classes\services\UserDataService.php 
2016-01-27 4:40:13 - DEBUG --> updateUserData 
2016-01-27 4:40:13 - DEBUG --> Archivo \components\com_jhotelreservation\classes\services\UserDataService.php 
2016-01-27 4:40:13 - DEBUG --> getUserData 
2016-01-27 4:40:13 - DEBUG --> Archivo \components\com_jhotelreservation\classes\services\UserDataService.php 
2016-01-27 4:40:13 - DEBUG --> setCurrency 
2016-01-27 4:40:13 - DEBUG --> Archivo \components\com_jhotelreservation\classes\services\UserDataService.php 
2016-01-27 4:40:13 - DEBUG --> getUserData 
2016-01-27 4:40:13 - DEBUG --> Archivo \components\com_jhotelreservation\classes\services\UserDataService.php 
2016-01-27 4:40:13 - DEBUG --> getUserData 
2016-01-27 4:40:13 - DEBUG --> Archivo \components\com_jhotelreservation\classes\services\UserDataService.php 
2016-01-27 4:40:13 - DEBUG --> getUserData 
2016-01-27 4:40:13 - DEBUG --> Archivo \components\com_jhotelreservationiews\hotel	mpl\hoteloverview.php 
2016-01-27 4:40:13 - DEBUG --> Accedió 
2016-01-27 4:40:15 - DEBUG --> Archivo \components\com_jhotelreservation\classes\services\UserDataService.php 
2016-01-27 4:40:15 - DEBUG --> initializeUserData 
2016-01-27 4:40:15 - DEBUG --> UserData first: N; 
2016-01-27 4:40:15 - DEBUG --> Archivo \components\com_jhotelreservation\classes\services\UserDataService.php 
2016-01-27 4:40:15 - DEBUG --> createUserData 
2016-01-27 4:40:15 - DEBUG --> UserData end:  a:0:{} 
2016-01-27 4:40:15 - DEBUG --> Archivo \components\com_jhotelreservation\classes\services\UserDataService.php 
2016-01-27 4:40:15 - DEBUG --> initializeUserData 
2016-01-27 4:40:15 - DEBUG --> UserData first: a:0:{} 
2016-01-27 4:40:15 - DEBUG --> UserData end:  a:0:{} 
2016-01-27 4:40:15 - DEBUG --> Archivo \components\com_jhotelreservation\classes\services\UserDataService.php 
2016-01-27 4:40:15 - DEBUG --> initializeReservationData 
2016-01-27 4:40:15 - DEBUG --> UserData: a:0:{} 
2016-01-27 4:40:15 - DEBUG --> Archivo \components\com_jhotelreservation\classes\services\UserDataService.php 
2016-01-27 4:40:15 - DEBUG --> updateUserData 
2016-01-27 4:40:15 - DEBUG --> Archivo \components\com_jhotelreservation\classes\services\UserDataService.php 
2016-01-27 4:40:15 - DEBUG --> getUserData 
2016-01-27 4:40:15 - DEBUG --> Archivo \components\com_jhotelreservation\classes\services\UserDataService.php 
2016-01-27 4:40:15 - DEBUG --> setCurrency 
2016-01-27 4:40:15 - DEBUG --> Archivo \components\com_jhotelreservation\classes\services\UserDataService.php 
2016-01-27 4:40:15 - DEBUG --> getUserData 
2016-01-27 4:40:15 - DEBUG --> Archivo \components\com_jhotelreservation\classes\services\UserDataService.php 
2016-01-27 4:40:15 - DEBUG --> getUserData 
2016-01-27 4:40:15 - DEBUG --> Archivo \components\com_jhotelreservation\classes\services\UserDataService.php 
2016-01-27 4:40:15 - DEBUG --> getUserData 
2016-01-27 4:40:15 - DEBUG --> Archivo \components\com_jhotelreservationiews\hotel	mpl\hoteloverview.php 
2016-01-27 4:40:15 - DEBUG --> Accedió 
2016-01-27 4:40:59 - DEBUG --> Archivo \components\com_jhotelreservation\classes\services\UserDataService.php 
2016-01-27 4:40:59 - DEBUG --> initializeUserData 
2016-01-27 4:40:59 - DEBUG --> UserData first: N; 
2016-01-27 4:40:59 - DEBUG --> Archivo \components\com_jhotelreservation\classes\services\UserDataService.php 
2016-01-27 4:40:59 - DEBUG --> createUserData 
2016-01-27 4:40:59 - DEBUG --> UserData end:  a:0:{} 
2016-01-27 4:40:59 - DEBUG --> Archivo \components\com_jhotelreservation\classes\services\UserDataService.php 
2016-01-27 4:40:59 - DEBUG --> initializeUserData 
2016-01-27 4:40:59 - DEBUG --> UserData first: a:0:{} 
2016-01-27 4:40:59 - DEBUG --> UserData end:  a:0:{} 
2016-01-27 4:40:59 - DEBUG --> Archivo \components\com_jhotelreservation\classes\services\UserDataService.php 
2016-01-27 4:40:59 - DEBUG --> initializeReservationData 
2016-01-27 4:40:59 - DEBUG --> UserData: a:0:{} 
2016-01-27 4:40:59 - DEBUG --> Archivo \components\com_jhotelreservation\classes\services\UserDataService.php 
2016-01-27 4:40:59 - DEBUG --> updateUserData 
2016-01-27 4:40:59 - DEBUG --> Archivo \components\com_jhotelreservation\classes\services\UserDataService.php 
2016-01-27 4:40:59 - DEBUG --> getUserData 
2016-01-27 4:40:59 - DEBUG --> Archivo \components\com_jhotelreservation\classes\services\UserDataService.php 
2016-01-27 4:40:59 - DEBUG --> setCurrency 
2016-01-27 4:40:59 - DEBUG --> Archivo \components\com_jhotelreservation\classes\services\UserDataService.php 
2016-01-27 4:40:59 - DEBUG --> getUserData 
2016-01-27 4:40:59 - DEBUG --> Archivo \components\com_jhotelreservation\classes\services\UserDataService.php 
2016-01-27 4:40:59 - DEBUG --> getUserData 
2016-01-27 4:40:59 - DEBUG --> Archivo \components\com_jhotelreservation\classes\services\UserDataService.php 
2016-01-27 4:40:59 - DEBUG --> getUserData 
2016-01-27 4:40:59 - DEBUG --> Archivo \components\com_jhotelreservationiews\hotel	mpl\hoteloverview.php 
2016-01-27 4:40:59 - DEBUG --> Accedió 
2016-01-27 4:41:02 - DEBUG --> Archivo \components\com_jhotelreservation\classes\services\UserDataService.php 
2016-01-27 4:41:02 - DEBUG --> initializeUserData 
2016-01-27 4:41:02 - DEBUG --> UserData first: N; 
2016-01-27 4:41:02 - DEBUG --> Archivo \components\com_jhotelreservation\classes\services\UserDataService.php 
2016-01-27 4:41:02 - DEBUG --> createUserData 
2016-01-27 4:41:02 - DEBUG --> UserData end:  a:0:{} 
2016-01-27 4:41:02 - DEBUG --> Archivo \components\com_jhotelreservation\classes\services\UserDataService.php 
2016-01-27 4:41:02 - DEBUG --> initializeUserData 
2016-01-27 4:41:02 - DEBUG --> UserData first: a:0:{} 
2016-01-27 4:41:02 - DEBUG --> UserData end:  a:0:{} 
2016-01-27 4:41:02 - DEBUG --> Archivo \components\com_jhotelreservation\classes\services\UserDataService.php 
2016-01-27 4:41:02 - DEBUG --> initializeReservationData 
2016-01-27 4:41:02 - DEBUG --> UserData: a:0:{} 
2016-01-27 4:41:02 - DEBUG --> Archivo \components\com_jhotelreservation\classes\services\UserDataService.php 
2016-01-27 4:41:02 - DEBUG --> updateUserData 
2016-01-27 4:41:02 - DEBUG --> Archivo \components\com_jhotelreservation\classes\services\UserDataService.php 
2016-01-27 4:41:02 - DEBUG --> getUserData 
2016-01-27 4:41:02 - DEBUG --> Archivo \components\com_jhotelreservation\classes\services\UserDataService.php 
2016-01-27 4:41:02 - DEBUG --> setCurrency 
2016-01-27 4:41:02 - DEBUG --> Archivo \components\com_jhotelreservation\classes\services\UserDataService.php 
2016-01-27 4:41:02 - DEBUG --> getUserData 
2016-01-27 4:41:02 - DEBUG --> Archivo \components\com_jhotelreservation\classes\services\UserDataService.php 
2016-01-27 4:41:02 - DEBUG --> getUserData 
2016-01-27 4:41:02 - DEBUG --> Archivo \components\com_jhotelreservation\classes\services\UserDataService.php 
2016-01-27 4:41:02 - DEBUG --> getUserData 
2016-01-27 4:41:02 - DEBUG --> Archivo \components\com_jhotelreservationiews\hotel	mpl\hoteloverview.php 
2016-01-27 4:41:02 - DEBUG --> Accedió 
2016-01-27 4:41:04 - DEBUG --> Archivo \components\com_jhotelreservation\classes\services\UserDataService.php 
2016-01-27 4:41:04 - DEBUG --> initializeUserData 
2016-01-27 4:41:04 - DEBUG --> UserData first: N; 
2016-01-27 4:41:04 - DEBUG --> Archivo \components\com_jhotelreservation\classes\services\UserDataService.php 
2016-01-27 4:41:04 - DEBUG --> createUserData 
2016-01-27 4:41:04 - DEBUG --> UserData end:  a:0:{} 
2016-01-27 4:41:04 - DEBUG --> Archivo \components\com_jhotelreservation\classes\services\UserDataService.php 
2016-01-27 4:41:04 - DEBUG --> initializeUserData 
2016-01-27 4:41:04 - DEBUG --> UserData first: a:0:{} 
2016-01-27 4:41:04 - DEBUG --> UserData end:  a:0:{} 
2016-01-27 4:41:04 - DEBUG --> Archivo \components\com_jhotelreservation\classes\services\UserDataService.php 
2016-01-27 4:41:04 - DEBUG --> initializeReservationData 
2016-01-27 4:41:04 - DEBUG --> UserData: a:0:{} 
2016-01-27 4:41:04 - DEBUG --> Archivo \components\com_jhotelreservation\classes\services\UserDataService.php 
2016-01-27 4:41:04 - DEBUG --> updateUserData 
2016-01-27 4:41:04 - DEBUG --> Archivo \components\com_jhotelreservation\classes\services\UserDataService.php 
2016-01-27 4:41:04 - DEBUG --> getUserData 
2016-01-27 4:41:04 - DEBUG --> Archivo \components\com_jhotelreservation\classes\services\UserDataService.php 
2016-01-27 4:41:04 - DEBUG --> setCurrency 
2016-01-27 4:41:04 - DEBUG --> Archivo \components\com_jhotelreservation\classes\services\UserDataService.php 
2016-01-27 4:41:04 - DEBUG --> getUserData 
2016-01-27 4:41:04 - DEBUG --> Archivo \components\com_jhotelreservation\classes\services\UserDataService.php 
2016-01-27 4:41:04 - DEBUG --> getUserData 
2016-01-27 4:41:04 - DEBUG --> Archivo \components\com_jhotelreservation\classes\services\UserDataService.php 
2016-01-27 4:41:04 - DEBUG --> getUserData 
2016-01-27 4:41:04 - DEBUG --> Archivo \components\com_jhotelreservationiews\hotel	mpl\hoteloverview.php 
2016-01-27 4:41:04 - DEBUG --> Accedió 
2016-01-27 4:41:06 - DEBUG --> Archivo \components\com_jhotelreservation\classes\services\UserDataService.php 
2016-01-27 4:41:06 - DEBUG --> initializeUserData 
2016-01-27 4:41:06 - DEBUG --> UserData first: N; 
2016-01-27 4:41:06 - DEBUG --> Archivo \components\com_jhotelreservation\classes\services\UserDataService.php 
2016-01-27 4:41:06 - DEBUG --> createUserData 
2016-01-27 4:41:06 - DEBUG --> UserData end:  a:0:{} 
2016-01-27 4:41:06 - DEBUG --> Archivo \components\com_jhotelreservation\classes\services\UserDataService.php 
2016-01-27 4:41:06 - DEBUG --> initializeUserData 
2016-01-27 4:41:06 - DEBUG --> UserData first: a:0:{} 
2016-01-27 4:41:06 - DEBUG --> UserData end:  a:0:{} 
2016-01-27 4:41:06 - DEBUG --> Archivo \components\com_jhotelreservation\classes\services\UserDataService.php 
2016-01-27 4:41:06 - DEBUG --> initializeReservationData 
2016-01-27 4:41:06 - DEBUG --> UserData: a:0:{} 
2016-01-27 4:41:06 - DEBUG --> Archivo \components\com_jhotelreservation\classes\services\UserDataService.php 
2016-01-27 4:41:06 - DEBUG --> updateUserData 
2016-01-27 4:41:06 - DEBUG --> Archivo \components\com_jhotelreservation\classes\services\UserDataService.php 
2016-01-27 4:41:06 - DEBUG --> getUserData 
2016-01-27 4:41:06 - DEBUG --> Archivo \components\com_jhotelreservation\classes\services\UserDataService.php 
2016-01-27 4:41:06 - DEBUG --> setCurrency 
2016-01-27 4:41:06 - DEBUG --> Archivo \components\com_jhotelreservation\classes\services\UserDataService.php 
2016-01-27 4:41:06 - DEBUG --> getUserData 
2016-01-27 4:41:06 - DEBUG --> Archivo \components\com_jhotelreservation\classes\services\UserDataService.php 
2016-01-27 4:41:06 - DEBUG --> getUserData 
2016-01-27 4:41:06 - DEBUG --> Archivo \components\com_jhotelreservation\classes\services\UserDataService.php 
2016-01-27 4:41:06 - DEBUG --> getUserData 
2016-01-27 4:41:06 - DEBUG --> Archivo \components\com_jhotelreservationiews\hotel	mpl\hoteloverview.php 
2016-01-27 4:41:06 - DEBUG --> Accedió 
2016-01-27 4:41:09 - DEBUG --> Archivo \components\com_jhotelreservation\classes\services\UserDataService.php 
2016-01-27 4:41:09 - DEBUG --> initializeUserData 
2016-01-27 4:41:09 - DEBUG --> UserData first: N; 
2016-01-27 4:41:09 - DEBUG --> Archivo \components\com_jhotelreservation\classes\services\UserDataService.php 
2016-01-27 4:41:09 - DEBUG --> createUserData 
2016-01-27 4:41:09 - DEBUG --> UserData end:  a:0:{} 
2016-01-27 4:41:09 - DEBUG --> Archivo \components\com_jhotelreservation\classes\services\UserDataService.php 
2016-01-27 4:41:09 - DEBUG --> initializeUserData 
2016-01-27 4:41:09 - DEBUG --> UserData first: a:0:{} 
2016-01-27 4:41:09 - DEBUG --> UserData end:  a:0:{} 
2016-01-27 4:41:09 - DEBUG --> Archivo \components\com_jhotelreservation\classes\services\UserDataService.php 
2016-01-27 4:41:09 - DEBUG --> initializeReservationData 
2016-01-27 4:41:09 - DEBUG --> UserData: a:0:{} 
2016-01-27 4:41:09 - DEBUG --> Archivo \components\com_jhotelreservation\classes\services\UserDataService.php 
2016-01-27 4:41:09 - DEBUG --> updateUserData 
2016-01-27 4:41:09 - DEBUG --> Archivo \components\com_jhotelreservation\classes\services\UserDataService.php 
2016-01-27 4:41:09 - DEBUG --> getUserData 
2016-01-27 4:41:09 - DEBUG --> Archivo \components\com_jhotelreservation\classes\services\UserDataService.php 
2016-01-27 4:41:09 - DEBUG --> setCurrency 
2016-01-27 4:41:09 - DEBUG --> Archivo \components\com_jhotelreservation\classes\services\UserDataService.php 
2016-01-27 4:41:09 - DEBUG --> getUserData 
2016-01-27 4:41:09 - DEBUG --> Archivo \components\com_jhotelreservation\classes\services\UserDataService.php 
2016-01-27 4:41:09 - DEBUG --> getUserData 
2016-01-27 4:41:09 - DEBUG --> Archivo \components\com_jhotelreservation\classes\services\UserDataService.php 
2016-01-27 4:41:09 - DEBUG --> getUserData 
2016-01-27 4:41:09 - DEBUG --> Archivo \components\com_jhotelreservationiews\hotel	mpl\hoteloverview.php 
2016-01-27 4:41:09 - DEBUG --> Accedió 
2016-01-27 4:41:11 - DEBUG --> Archivo \components\com_jhotelreservation\classes\services\UserDataService.php 
2016-01-27 4:41:11 - DEBUG --> initializeUserData 
2016-01-27 4:41:11 - DEBUG --> UserData first: N; 
2016-01-27 4:41:11 - DEBUG --> Archivo \components\com_jhotelreservation\classes\services\UserDataService.php 
2016-01-27 4:41:11 - DEBUG --> createUserData 
2016-01-27 4:41:11 - DEBUG --> UserData end:  a:0:{} 
2016-01-27 4:41:11 - DEBUG --> Archivo \components\com_jhotelreservation\classes\services\UserDataService.php 
2016-01-27 4:41:11 - DEBUG --> initializeUserData 
2016-01-27 4:41:11 - DEBUG --> UserData first: a:0:{} 
2016-01-27 4:41:11 - DEBUG --> UserData end:  a:0:{} 
2016-01-27 4:41:11 - DEBUG --> Archivo \components\com_jhotelreservation\classes\services\UserDataService.php 
2016-01-27 4:41:11 - DEBUG --> initializeReservationData 
2016-01-27 4:41:11 - DEBUG --> UserData: a:0:{} 
2016-01-27 4:41:11 - DEBUG --> Archivo \components\com_jhotelreservation\classes\services\UserDataService.php 
2016-01-27 4:41:11 - DEBUG --> updateUserData 
2016-01-27 4:41:11 - DEBUG --> Archivo \components\com_jhotelreservation\classes\services\UserDataService.php 
2016-01-27 4:41:11 - DEBUG --> getUserData 
2016-01-27 4:41:11 - DEBUG --> Archivo \components\com_jhotelreservation\classes\services\UserDataService.php 
2016-01-27 4:41:11 - DEBUG --> setCurrency 
2016-01-27 4:41:11 - DEBUG --> Archivo \components\com_jhotelreservation\classes\services\UserDataService.php 
2016-01-27 4:41:11 - DEBUG --> getUserData 
2016-01-27 4:41:11 - DEBUG --> Archivo \components\com_jhotelreservation\classes\services\UserDataService.php 
2016-01-27 4:41:11 - DEBUG --> getUserData 
2016-01-27 4:41:11 - DEBUG --> Archivo \components\com_jhotelreservation\classes\services\UserDataService.php 
2016-01-27 4:41:11 - DEBUG --> getUserData 
2016-01-27 4:41:11 - DEBUG --> Archivo \components\com_jhotelreservationiews\hotel	mpl\hoteloverview.php 
2016-01-27 4:41:11 - DEBUG --> Accedió 
2016-01-27 4:41:13 - DEBUG --> Archivo \components\com_jhotelreservation\classes\services\UserDataService.php 
2016-01-27 4:41:13 - DEBUG --> initializeUserData 
2016-01-27 4:41:13 - DEBUG --> UserData first: N; 
2016-01-27 4:41:13 - DEBUG --> Archivo \components\com_jhotelreservation\classes\services\UserDataService.php 
2016-01-27 4:41:13 - DEBUG --> createUserData 
2016-01-27 4:41:13 - DEBUG --> UserData end:  a:0:{} 
2016-01-27 4:41:13 - DEBUG --> Archivo \components\com_jhotelreservation\classes\services\UserDataService.php 
2016-01-27 4:41:13 - DEBUG --> initializeUserData 
2016-01-27 4:41:13 - DEBUG --> UserData first: a:0:{} 
2016-01-27 4:41:13 - DEBUG --> UserData end:  a:0:{} 
2016-01-27 4:41:13 - DEBUG --> Archivo \components\com_jhotelreservation\classes\services\UserDataService.php 
2016-01-27 4:41:13 - DEBUG --> initializeReservationData 
2016-01-27 4:41:13 - DEBUG --> UserData: a:0:{} 
2016-01-27 4:41:13 - DEBUG --> Archivo \components\com_jhotelreservation\classes\services\UserDataService.php 
2016-01-27 4:41:13 - DEBUG --> updateUserData 
2016-01-27 4:41:13 - DEBUG --> Archivo \components\com_jhotelreservation\classes\services\UserDataService.php 
2016-01-27 4:41:13 - DEBUG --> getUserData 
2016-01-27 4:41:13 - DEBUG --> Archivo \components\com_jhotelreservation\classes\services\UserDataService.php 
2016-01-27 4:41:13 - DEBUG --> setCurrency 
2016-01-27 4:41:13 - DEBUG --> Archivo \components\com_jhotelreservation\classes\services\UserDataService.php 
2016-01-27 4:41:13 - DEBUG --> getUserData 
2016-01-27 4:41:13 - DEBUG --> Archivo \components\com_jhotelreservation\classes\services\UserDataService.php 
2016-01-27 4:41:13 - DEBUG --> getUserData 
2016-01-27 4:41:13 - DEBUG --> Archivo \components\com_jhotelreservation\classes\services\UserDataService.php 
2016-01-27 4:41:13 - DEBUG --> getUserData 
2016-01-27 4:41:13 - DEBUG --> Archivo \components\com_jhotelreservationiews\hotel	mpl\hoteloverview.php 
2016-01-27 4:41:13 - DEBUG --> Accedió 
2016-01-27 5:22:19 - DEBUG --> Archivo \components\com_jhotelreservation\classes\services\UserDataService.php 
2016-01-27 5:22:19 - DEBUG --> initializeUserData 
2016-01-27 5:22:19 - DEBUG --> UserData first: N; 
2016-01-27 5:22:19 - DEBUG --> Archivo \components\com_jhotelreservation\classes\services\UserDataService.php 
2016-01-27 5:22:19 - DEBUG --> createUserData 
2016-01-27 5:22:19 - DEBUG --> UserData end:  a:0:{} 
2016-01-27 5:22:19 - DEBUG --> Archivo \components\com_jhotelreservation\classes\services\UserDataService.php 
2016-01-27 5:22:19 - DEBUG --> initializeUserData 
2016-01-27 5:22:19 - DEBUG --> UserData first: a:0:{} 
2016-01-27 5:22:19 - DEBUG --> UserData end:  a:0:{} 
2016-01-27 5:22:19 - DEBUG --> Archivo \components\com_jhotelreservation\classes\services\UserDataService.php 
2016-01-27 5:22:19 - DEBUG --> initializeReservationData 
2016-01-27 5:22:19 - DEBUG --> UserData: a:0:{} 
2016-01-27 5:22:19 - DEBUG --> Archivo \components\com_jhotelreservation\classes\services\UserDataService.php 
2016-01-27 5:22:19 - DEBUG --> updateUserData 
2016-01-27 5:22:19 - DEBUG --> Archivo \components\com_jhotelreservation\classes\services\UserDataService.php 
2016-01-27 5:22:19 - DEBUG --> getUserData 
2016-01-27 5:22:19 - DEBUG --> Archivo \components\com_jhotelreservation\classes\services\UserDataService.php 
2016-01-27 5:22:19 - DEBUG --> setCurrency 
2016-01-27 5:22:19 - DEBUG --> Archivo \components\com_jhotelreservation\classes\services\UserDataService.php 
2016-01-27 5:22:19 - DEBUG --> getUserData 
2016-01-27 5:22:19 - DEBUG --> Archivo \components\com_jhotelreservation\classes\services\UserDataService.php 
2016-01-27 5:22:19 - DEBUG --> getUserData 
2016-01-27 5:22:19 - DEBUG --> Archivo \components\com_jhotelreservation\classes\services\UserDataService.php 
2016-01-27 5:22:19 - DEBUG --> getUserData 
2016-01-27 5:22:19 - DEBUG --> Archivo \components\com_jhotelreservationiews\hotel	mpl\hoteloverview.php 
2016-01-27 5:22:19 - DEBUG --> Accedió 
2016-01-27 9:13:13 - DEBUG --> Archivo \components\com_jhotelreservation\classes\services\UserDataService.php 
2016-01-27 9:13:13 - DEBUG --> initializeUserData 
2016-01-27 9:13:13 - DEBUG --> UserData first: N; 
2016-01-27 9:13:13 - DEBUG --> Archivo \components\com_jhotelreservation\classes\services\UserDataService.php 
2016-01-27 9:13:13 - DEBUG --> createUserData 
2016-01-27 9:13:13 - DEBUG --> UserData end:  a:0:{} 
2016-01-27 9:13:13 - DEBUG --> Archivo \components\com_jhotelreservation\classes\services\UserDataService.php 
2016-01-27 9:13:13 - DEBUG --> initializeUserData 
2016-01-27 9:13:13 - DEBUG --> UserData first: a:0:{} 
2016-01-27 9:13:13 - DEBUG --> UserData end:  a:0:{} 
2016-01-27 9:13:13 - DEBUG --> Archivo \components\com_jhotelreservation\classes\services\UserDataService.php 
2016-01-27 9:13:13 - DEBUG --> initializeReservationData 
2016-01-27 9:13:13 - DEBUG --> UserData: a:0:{} 
2016-01-27 9:13:13 - DEBUG --> Archivo \components\com_jhotelreservation\classes\services\UserDataService.php 
2016-01-27 9:13:13 - DEBUG --> updateUserData 
2016-01-27 9:13:13 - DEBUG --> Archivo \components\com_jhotelreservation\classes\services\UserDataService.php 
2016-01-27 9:13:13 - DEBUG --> getUserData 
2016-01-27 9:13:13 - DEBUG --> Archivo \components\com_jhotelreservation\classes\services\UserDataService.php 
2016-01-27 9:13:13 - DEBUG --> setCurrency 
2016-01-27 9:13:13 - DEBUG --> Archivo \components\com_jhotelreservation\classes\services\UserDataService.php 
2016-01-27 9:13:13 - DEBUG --> getUserData 
2016-01-27 9:13:13 - DEBUG --> Archivo \components\com_jhotelreservation\classes\services\UserDataService.php 
2016-01-27 9:13:13 - DEBUG --> getUserData 
2016-01-27 9:13:13 - DEBUG --> Archivo \components\com_jhotelreservation\classes\services\UserDataService.php 
2016-01-27 9:13:13 - DEBUG --> getUserData 
2016-01-27 9:13:13 - DEBUG --> Archivo \components\com_jhotelreservationiews\hotel	mpl\hoteloverview.php 
2016-01-27 9:13:13 - DEBUG --> Accedió 
2016-01-27 10:08:33 - DEBUG --> Archivo \components\com_jhotelreservation\classes\services\UserDataService.php 
2016-01-27 10:08:33 - DEBUG --> initializeUserData 
2016-01-27 10:08:33 - DEBUG --> UserData first: N; 
2016-01-27 10:08:33 - DEBUG --> Archivo \components\com_jhotelreservation\classes\services\UserDataService.php 
2016-01-27 10:08:33 - DEBUG --> createUserData 
2016-01-27 10:08:33 - DEBUG --> UserData end:  a:0:{} 
2016-01-27 10:08:33 - DEBUG --> Archivo \components\com_jhotelreservation\classes\services\UserDataService.php 
2016-01-27 10:08:33 - DEBUG --> initializeUserData 
2016-01-27 10:08:33 - DEBUG --> UserData first: a:0:{} 
2016-01-27 10:08:33 - DEBUG --> UserData end:  a:0:{} 
2016-01-27 10:08:33 - DEBUG --> Archivo \components\com_jhotelreservation\classes\services\UserDataService.php 
2016-01-27 10:08:33 - DEBUG --> initializeReservationData 
2016-01-27 10:08:33 - DEBUG --> UserData: a:0:{} 
2016-01-27 10:08:33 - DEBUG --> Archivo \components\com_jhotelreservation\classes\services\UserDataService.php 
2016-01-27 10:08:33 - DEBUG --> updateUserData 
2016-01-27 10:08:33 - DEBUG --> Archivo \components\com_jhotelreservation\classes\services\UserDataService.php 
2016-01-27 10:08:33 - DEBUG --> getUserData 
2016-01-27 10:08:33 - DEBUG --> Archivo \components\com_jhotelreservation\classes\services\UserDataService.php 
2016-01-27 10:08:33 - DEBUG --> setCurrency 
2016-01-27 10:08:33 - DEBUG --> Archivo \components\com_jhotelreservation\classes\services\UserDataService.php 
2016-01-27 10:08:33 - DEBUG --> getUserData 
2016-01-27 10:08:33 - DEBUG --> Archivo \components\com_jhotelreservation\classes\services\UserDataService.php 
2016-01-27 10:08:33 - DEBUG --> getUserData 
2016-01-27 10:08:33 - DEBUG --> Archivo \components\com_jhotelreservation\classes\services\UserDataService.php 
2016-01-27 10:08:33 - DEBUG --> getUserData 
2016-01-27 10:08:33 - DEBUG --> Archivo \components\com_jhotelreservationiews\hotel	mpl\hoteloverview.php 
2016-01-27 10:08:33 - DEBUG --> Accedió 
2016-01-27 10:25:57 - DEBUG --> Archivo \components\com_jhotelreservation\classes\services\UserDataService.php 
2016-01-27 10:25:57 - DEBUG --> initializeUserData 
2016-01-27 10:25:57 - DEBUG --> UserData first: N; 
2016-01-27 10:25:57 - DEBUG --> Archivo \components\com_jhotelreservation\classes\services\UserDataService.php 
2016-01-27 10:25:57 - DEBUG --> createUserData 
2016-01-27 10:25:57 - DEBUG --> UserData end:  a:0:{} 
2016-01-27 10:25:57 - DEBUG --> Archivo \components\com_jhotelreservation\classes\services\UserDataService.php 
2016-01-27 10:25:57 - DEBUG --> initializeUserData 
2016-01-27 10:25:57 - DEBUG --> UserData first: a:0:{} 
2016-01-27 10:25:57 - DEBUG --> UserData end:  a:0:{} 
2016-01-27 10:25:57 - DEBUG --> Archivo \components\com_jhotelreservation\classes\services\UserDataService.php 
2016-01-27 10:25:57 - DEBUG --> initializeReservationData 
2016-01-27 10:25:57 - DEBUG --> UserData: a:0:{} 
2016-01-27 10:25:57 - DEBUG --> Archivo \components\com_jhotelreservation\classes\services\UserDataService.php 
2016-01-27 10:25:57 - DEBUG --> updateUserData 
2016-01-27 10:25:57 - DEBUG --> Archivo \components\com_jhotelreservation\classes\services\UserDataService.php 
2016-01-27 10:25:57 - DEBUG --> getUserData 
2016-01-27 10:25:57 - DEBUG --> Archivo \components\com_jhotelreservation\classes\services\UserDataService.php 
2016-01-27 10:25:57 - DEBUG --> setCurrency 
2016-01-27 10:25:57 - DEBUG --> Archivo \components\com_jhotelreservation\classes\services\UserDataService.php 
2016-01-27 10:25:57 - DEBUG --> getUserData 
2016-01-27 10:25:57 - DEBUG --> Archivo \components\com_jhotelreservation\classes\services\UserDataService.php 
2016-01-27 10:25:57 - DEBUG --> getUserData 
2016-01-27 10:25:57 - DEBUG --> Archivo \components\com_jhotelreservation\classes\services\UserDataService.php 
2016-01-27 10:25:57 - DEBUG --> getUserData 
2016-01-27 10:25:57 - DEBUG --> Archivo \components\com_jhotelreservationiews\hotel	mpl\hoteloverview.php 
2016-01-27 10:25:57 - DEBUG --> Accedió 
2016-01-27 10:52:52 - DEBUG --> Archivo \components\com_jhotelreservation\classes\services\UserDataService.php 
2016-01-27 10:52:52 - DEBUG --> initializeUserData 
2016-01-27 10:52:52 - DEBUG --> UserData first: N; 
2016-01-27 10:52:52 - DEBUG --> Archivo \components\com_jhotelreservation\classes\services\UserDataService.php 
2016-01-27 10:52:52 - DEBUG --> createUserData 
2016-01-27 10:52:52 - DEBUG --> UserData end:  a:0:{} 
2016-01-27 10:52:52 - DEBUG --> Archivo \components\com_jhotelreservation\classes\services\UserDataService.php 
2016-01-27 10:52:52 - DEBUG --> initializeUserData 
2016-01-27 10:52:52 - DEBUG --> UserData first: a:0:{} 
2016-01-27 10:52:52 - DEBUG --> UserData end:  a:0:{} 
2016-01-27 10:52:52 - DEBUG --> Archivo \components\com_jhotelreservation\classes\services\UserDataService.php 
2016-01-27 10:52:52 - DEBUG --> initializeReservationData 
2016-01-27 10:52:52 - DEBUG --> UserData: a:0:{} 
2016-01-27 10:52:52 - DEBUG --> Archivo \components\com_jhotelreservation\classes\services\UserDataService.php 
2016-01-27 10:52:52 - DEBUG --> updateUserData 
2016-01-27 10:52:52 - DEBUG --> Archivo \components\com_jhotelreservation\classes\services\UserDataService.php 
2016-01-27 10:52:52 - DEBUG --> getUserData 
2016-01-27 10:52:52 - DEBUG --> Archivo \components\com_jhotelreservation\classes\services\UserDataService.php 
2016-01-27 10:52:52 - DEBUG --> setCurrency 
2016-01-27 10:52:52 - DEBUG --> Archivo \components\com_jhotelreservation\classes\services\UserDataService.php 
2016-01-27 10:52:52 - DEBUG --> getUserData 
2016-01-27 10:52:52 - DEBUG --> Archivo \components\com_jhotelreservation\classes\services\UserDataService.php 
2016-01-27 10:52:52 - DEBUG --> getUserData 
2016-01-27 10:52:52 - DEBUG --> Archivo \components\com_jhotelreservation\classes\services\UserDataService.php 
2016-01-27 10:52:52 - DEBUG --> getUserData 
2016-01-27 10:52:52 - DEBUG --> Archivo \components\com_jhotelreservationiews\hotel	mpl\hoteloverview.php 
2016-01-27 10:52:52 - DEBUG --> Accedió 
2016-01-27 10:52:55 - DEBUG --> Archivo \components\com_jhotelreservation\classes\services\UserDataService.php 
2016-01-27 10:52:55 - DEBUG --> initializeUserData 
2016-01-27 10:52:55 - DEBUG --> UserData first: N; 
2016-01-27 10:52:55 - DEBUG --> Archivo \components\com_jhotelreservation\classes\services\UserDataService.php 
2016-01-27 10:52:55 - DEBUG --> createUserData 
2016-01-27 10:52:55 - DEBUG --> UserData end:  a:0:{} 
2016-01-27 10:52:55 - DEBUG --> Archivo \components\com_jhotelreservation\classes\services\UserDataService.php 
2016-01-27 10:52:55 - DEBUG --> initializeUserData 
2016-01-27 10:52:55 - DEBUG --> UserData first: a:0:{} 
2016-01-27 10:52:55 - DEBUG --> UserData end:  a:0:{} 
2016-01-27 10:52:55 - DEBUG --> Archivo \components\com_jhotelreservation\classes\services\UserDataService.php 
2016-01-27 10:52:55 - DEBUG --> initializeReservationData 
2016-01-27 10:52:55 - DEBUG --> UserData: a:0:{} 
2016-01-27 10:52:55 - DEBUG --> Archivo \components\com_jhotelreservation\classes\services\UserDataService.php 
2016-01-27 10:52:55 - DEBUG --> updateUserData 
2016-01-27 10:52:55 - DEBUG --> Archivo \components\com_jhotelreservation\classes\services\UserDataService.php 
2016-01-27 10:52:55 - DEBUG --> getUserData 
2016-01-27 10:52:55 - DEBUG --> Archivo \components\com_jhotelreservation\classes\services\UserDataService.php 
2016-01-27 10:52:55 - DEBUG --> setCurrency 
2016-01-27 10:52:55 - DEBUG --> Archivo \components\com_jhotelreservation\classes\services\UserDataService.php 
2016-01-27 10:52:55 - DEBUG --> getUserData 
2016-01-27 10:52:55 - DEBUG --> Archivo \components\com_jhotelreservation\classes\services\UserDataService.php 
2016-01-27 10:52:55 - DEBUG --> getUserData 
2016-01-27 10:52:55 - DEBUG --> Archivo \components\com_jhotelreservation\classes\services\UserDataService.php 
2016-01-27 10:52:55 - DEBUG --> getUserData 
2016-01-27 10:52:55 - DEBUG --> Archivo \components\com_jhotelreservationiews\hotel	mpl\hoteloverview.php 
2016-01-27 10:52:55 - DEBUG --> Accedió 
2016-01-27 10:52:58 - DEBUG --> Archivo \components\com_jhotelreservation\classes\services\UserDataService.php 
2016-01-27 10:52:58 - DEBUG --> initializeUserData 
2016-01-27 10:52:58 - DEBUG --> UserData first: N; 
2016-01-27 10:52:58 - DEBUG --> Archivo \components\com_jhotelreservation\classes\services\UserDataService.php 
2016-01-27 10:52:58 - DEBUG --> createUserData 
2016-01-27 10:52:58 - DEBUG --> UserData end:  a:0:{} 
2016-01-27 10:52:58 - DEBUG --> Archivo \components\com_jhotelreservation\classes\services\UserDataService.php 
2016-01-27 10:52:58 - DEBUG --> initializeUserData 
2016-01-27 10:52:58 - DEBUG --> UserData first: a:0:{} 
2016-01-27 10:52:58 - DEBUG --> UserData end:  a:0:{} 
2016-01-27 10:52:58 - DEBUG --> Archivo \components\com_jhotelreservation\classes\services\UserDataService.php 
2016-01-27 10:52:58 - DEBUG --> initializeReservationData 
2016-01-27 10:52:58 - DEBUG --> UserData: a:0:{} 
2016-01-27 10:52:58 - DEBUG --> Archivo \components\com_jhotelreservation\classes\services\UserDataService.php 
2016-01-27 10:52:58 - DEBUG --> updateUserData 
2016-01-27 10:52:58 - DEBUG --> Archivo \components\com_jhotelreservation\classes\services\UserDataService.php 
2016-01-27 10:52:58 - DEBUG --> getUserData 
2016-01-27 10:52:58 - DEBUG --> Archivo \components\com_jhotelreservation\classes\services\UserDataService.php 
2016-01-27 10:52:58 - DEBUG --> setCurrency 
2016-01-27 10:52:58 - DEBUG --> Archivo \components\com_jhotelreservation\classes\services\UserDataService.php 
2016-01-27 10:52:58 - DEBUG --> getUserData 
2016-01-27 10:52:58 - DEBUG --> Archivo \components\com_jhotelreservation\classes\services\UserDataService.php 
2016-01-27 10:52:58 - DEBUG --> getUserData 
2016-01-27 10:52:58 - DEBUG --> Archivo \components\com_jhotelreservation\classes\services\UserDataService.php 
2016-01-27 10:52:58 - DEBUG --> getUserData 
2016-01-27 10:52:58 - DEBUG --> Archivo \components\com_jhotelreservationiews\hotel	mpl\hoteloverview.php 
2016-01-27 10:52:58 - DEBUG --> Accedió 
2016-01-27 14:07:59 - DEBUG --> Archivo \components\com_jhotelreservation\classes\services\UserDataService.php 
2016-01-27 14:07:59 - DEBUG --> initializeUserData 
2016-01-27 14:07:59 - DEBUG --> UserData first: N; 
2016-01-27 14:07:59 - DEBUG --> Archivo \components\com_jhotelreservation\classes\services\UserDataService.php 
2016-01-27 14:07:59 - DEBUG --> createUserData 
2016-01-27 14:07:59 - DEBUG --> UserData end:  a:0:{} 
2016-01-27 14:07:59 - DEBUG --> Archivo \components\com_jhotelreservation\classes\services\UserDataService.php 
2016-01-27 14:07:59 - DEBUG --> initializeUserData 
2016-01-27 14:07:59 - DEBUG --> UserData first: a:0:{} 
2016-01-27 14:07:59 - DEBUG --> UserData end:  a:0:{} 
2016-01-27 14:07:59 - DEBUG --> Archivo \components\com_jhotelreservation\classes\services\UserDataService.php 
2016-01-27 14:07:59 - DEBUG --> initializeReservationData 
2016-01-27 14:07:59 - DEBUG --> UserData: a:0:{} 
2016-01-27 14:07:59 - DEBUG --> Archivo \components\com_jhotelreservation\classes\services\UserDataService.php 
2016-01-27 14:07:59 - DEBUG --> updateUserData 
2016-01-27 14:07:59 - DEBUG --> Archivo \components\com_jhotelreservation\classes\services\UserDataService.php 
2016-01-27 14:07:59 - DEBUG --> getUserData 
2016-01-27 14:07:59 - DEBUG --> Archivo \components\com_jhotelreservation\classes\services\UserDataService.php 
2016-01-27 14:07:59 - DEBUG --> setCurrency 
2016-01-27 14:07:59 - DEBUG --> Archivo \components\com_jhotelreservation\classes\services\UserDataService.php 
2016-01-27 14:07:59 - DEBUG --> getUserData 
2016-01-27 14:07:59 - DEBUG --> Archivo \components\com_jhotelreservation\classes\services\UserDataService.php 
2016-01-27 14:07:59 - DEBUG --> getUserData 
2016-01-27 14:07:59 - DEBUG --> Archivo \components\com_jhotelreservation\classes\services\UserDataService.php 
2016-01-27 14:07:59 - DEBUG --> getUserData 
2016-01-27 14:07:59 - DEBUG --> Archivo \components\com_jhotelreservationiews\hotel	mpl\hoteloverview.php 
2016-01-27 14:07:59 - DEBUG --> Accedió 
2016-01-27 14:59:16 - DEBUG --> Archivo \components\com_jhotelreservation\classes\services\UserDataService.php 
2016-01-27 14:59:16 - DEBUG --> initializeUserData 
2016-01-27 14:59:16 - DEBUG --> UserData first: N; 
2016-01-27 14:59:16 - DEBUG --> Archivo \components\com_jhotelreservation\classes\services\UserDataService.php 
2016-01-27 14:59:16 - DEBUG --> createUserData 
2016-01-27 14:59:16 - DEBUG --> UserData end:  a:0:{} 
2016-01-27 14:59:16 - DEBUG --> Archivo \components\com_jhotelreservation\classes\services\UserDataService.php 
2016-01-27 14:59:16 - DEBUG --> initializeUserData 
2016-01-27 14:59:16 - DEBUG --> UserData first: a:0:{} 
2016-01-27 14:59:16 - DEBUG --> UserData end:  a:0:{} 
2016-01-27 14:59:16 - DEBUG --> Archivo \components\com_jhotelreservation\classes\services\UserDataService.php 
2016-01-27 14:59:16 - DEBUG --> initializeReservationData 
2016-01-27 14:59:16 - DEBUG --> UserData: a:0:{} 
2016-01-27 14:59:16 - DEBUG --> Archivo \components\com_jhotelreservation\classes\services\UserDataService.php 
2016-01-27 14:59:16 - DEBUG --> updateUserData 
2016-01-27 14:59:16 - DEBUG --> Archivo \components\com_jhotelreservation\classes\services\UserDataService.php 
2016-01-27 14:59:16 - DEBUG --> getUserData 
2016-01-27 14:59:16 - DEBUG --> Archivo \components\com_jhotelreservation\classes\services\UserDataService.php 
2016-01-27 14:59:16 - DEBUG --> setCurrency 
2016-01-27 14:59:16 - DEBUG --> Archivo \components\com_jhotelreservation\classes\services\UserDataService.php 
2016-01-27 14:59:16 - DEBUG --> getUserData 
2016-01-27 14:59:16 - DEBUG --> Archivo \components\com_jhotelreservation\classes\services\UserDataService.php 
2016-01-27 14:59:16 - DEBUG --> getUserData 
2016-01-27 14:59:16 - DEBUG --> Archivo \components\com_jhotelreservation\classes\services\UserDataService.php 
2016-01-27 14:59:16 - DEBUG --> getUserData 
2016-01-27 14:59:16 - DEBUG --> Archivo \components\com_jhotelreservationiews\hotel	mpl\hoteloverview.php 
2016-01-27 14:59:16 - DEBUG --> Accedió 
2016-01-27 15:28:10 - DEBUG --> Archivo \components\com_jhotelreservation\classes\services\UserDataService.php 
2016-01-27 15:28:10 - DEBUG --> initializeUserData 
2016-01-27 15:28:10 - DEBUG --> UserData first: N; 
2016-01-27 15:28:10 - DEBUG --> Archivo \components\com_jhotelreservation\classes\services\UserDataService.php 
2016-01-27 15:28:10 - DEBUG --> createUserData 
2016-01-27 15:28:10 - DEBUG --> UserData end:  a:0:{} 
2016-01-27 15:28:10 - DEBUG --> Archivo \components\com_jhotelreservation\classes\services\UserDataService.php 
2016-01-27 15:28:10 - DEBUG --> initializeUserData 
2016-01-27 15:28:10 - DEBUG --> UserData first: a:0:{} 
2016-01-27 15:28:10 - DEBUG --> UserData end:  a:0:{} 
2016-01-27 15:28:10 - DEBUG --> Archivo \components\com_jhotelreservation\classes\services\UserDataService.php 
2016-01-27 15:28:10 - DEBUG --> initializeReservationData 
2016-01-27 15:28:10 - DEBUG --> UserData: a:0:{} 
2016-01-27 15:28:10 - DEBUG --> Archivo \components\com_jhotelreservation\classes\services\UserDataService.php 
2016-01-27 15:28:10 - DEBUG --> updateUserData 
2016-01-27 15:28:10 - DEBUG --> Archivo \components\com_jhotelreservation\classes\services\UserDataService.php 
2016-01-27 15:28:10 - DEBUG --> getUserData 
2016-01-27 15:28:10 - DEBUG --> Archivo \components\com_jhotelreservation\classes\services\UserDataService.php 
2016-01-27 15:28:10 - DEBUG --> setCurrency 
2016-01-27 15:28:10 - DEBUG --> Archivo \components\com_jhotelreservation\classes\services\UserDataService.php 
2016-01-27 15:28:10 - DEBUG --> getUserData 
2016-01-27 15:28:10 - DEBUG --> Archivo \components\com_jhotelreservation\classes\services\UserDataService.php 
2016-01-27 15:28:10 - DEBUG --> getUserData 
2016-01-27 15:28:10 - DEBUG --> Archivo \components\com_jhotelreservation\classes\services\UserDataService.php 
2016-01-27 15:28:10 - DEBUG --> getUserData 
2016-01-27 16:04:20 - DEBUG --> Archivo \components\com_jhotelreservation\classes\services\UserDataService.php 
2016-01-27 16:04:20 - DEBUG --> initializeUserData 
2016-01-27 16:04:20 - DEBUG --> UserData first: N; 
2016-01-27 16:04:20 - DEBUG --> Archivo \components\com_jhotelreservation\classes\services\UserDataService.php 
2016-01-27 16:04:20 - DEBUG --> createUserData 
2016-01-27 16:04:20 - DEBUG --> UserData end:  a:0:{} 
2016-01-27 16:04:20 - DEBUG --> Archivo \components\com_jhotelreservation\classes\services\UserDataService.php 
2016-01-27 16:04:20 - DEBUG --> initializeUserData 
2016-01-27 16:04:20 - DEBUG --> UserData first: a:0:{} 
2016-01-27 16:04:20 - DEBUG --> UserData end:  a:0:{} 
2016-01-27 16:04:20 - DEBUG --> Archivo \components\com_jhotelreservation\classes\services\UserDataService.php 
2016-01-27 16:04:20 - DEBUG --> initializeReservationData 
2016-01-27 16:04:20 - DEBUG --> UserData: a:0:{} 
2016-01-27 16:04:20 - DEBUG --> Archivo \components\com_jhotelreservation\classes\services\UserDataService.php 
2016-01-27 16:04:20 - DEBUG --> updateUserData 
2016-01-27 16:04:20 - DEBUG --> Archivo \components\com_jhotelreservation\classes\services\UserDataService.php 
2016-01-27 16:04:20 - DEBUG --> getUserData 
2016-01-27 16:04:20 - DEBUG --> Archivo \components\com_jhotelreservation\classes\services\UserDataService.php 
2016-01-27 16:04:20 - DEBUG --> setCurrency 
2016-01-27 16:04:20 - DEBUG --> Archivo \components\com_jhotelreservation\classes\services\UserDataService.php 
2016-01-27 16:04:20 - DEBUG --> getUserData 
2016-01-27 16:04:20 - DEBUG --> Archivo \components\com_jhotelreservation\classes\services\UserDataService.php 
2016-01-27 16:04:20 - DEBUG --> getUserData 
2016-01-27 16:04:20 - DEBUG --> Archivo \components\com_jhotelreservation\classes\services\UserDataService.php 
2016-01-27 16:04:20 - DEBUG --> getUserData 
2016-01-27 16:04:20 - DEBUG --> Archivo \components\com_jhotelreservationiews\hotel	mpl\hoteloverview.php 
2016-01-27 16:04:20 - DEBUG --> Accedió 
2016-01-27 16:14:09 - DEBUG --> Archivo \components\com_jhotelreservation\classes\services\UserDataService.php 
2016-01-27 16:14:09 - DEBUG --> initializeUserData 
2016-01-27 16:14:09 - DEBUG --> UserData first: N; 
2016-01-27 16:14:09 - DEBUG --> Archivo \components\com_jhotelreservation\classes\services\UserDataService.php 
2016-01-27 16:14:09 - DEBUG --> createUserData 
2016-01-27 16:14:09 - DEBUG --> UserData end:  a:0:{} 
2016-01-27 16:14:09 - DEBUG --> Archivo \components\com_jhotelreservation\classes\services\UserDataService.php 
2016-01-27 16:14:09 - DEBUG --> initializeUserData 
2016-01-27 16:14:09 - DEBUG --> UserData first: a:0:{} 
2016-01-27 16:14:09 - DEBUG --> UserData end:  a:0:{} 
2016-01-27 16:14:09 - DEBUG --> Archivo \components\com_jhotelreservation\classes\services\UserDataService.php 
2016-01-27 16:14:09 - DEBUG --> initializeReservationData 
2016-01-27 16:14:09 - DEBUG --> UserData: a:0:{} 
2016-01-27 16:14:09 - DEBUG --> Archivo \components\com_jhotelreservation\classes\services\UserDataService.php 
2016-01-27 16:14:09 - DEBUG --> updateUserData 
2016-01-27 16:14:09 - DEBUG --> Archivo \components\com_jhotelreservation\classes\services\UserDataService.php 
2016-01-27 16:14:09 - DEBUG --> getUserData 
2016-01-27 16:14:09 - DEBUG --> Archivo \components\com_jhotelreservation\classes\services\UserDataService.php 
2016-01-27 16:14:09 - DEBUG --> setCurrency 
2016-01-27 16:14:09 - DEBUG --> Archivo \components\com_jhotelreservation\classes\services\UserDataService.php 
2016-01-27 16:14:09 - DEBUG --> getUserData 
2016-01-27 16:14:09 - DEBUG --> Archivo \components\com_jhotelreservation\classes\services\UserDataService.php 
2016-01-27 16:14:09 - DEBUG --> getUserData 
2016-01-27 16:14:09 - DEBUG --> Archivo \components\com_jhotelreservation\classes\services\UserDataService.php 
2016-01-27 16:14:09 - DEBUG --> getUserData 
2016-01-27 16:14:09 - DEBUG --> Archivo \components\com_jhotelreservationiews\hotel	mpl\hoteloverview.php 
2016-01-27 16:14:09 - DEBUG --> Accedió 
2016-01-27 16:32:30 - DEBUG --> Archivo \components\com_jhotelreservation\classes\services\UserDataService.php 
2016-01-27 16:32:30 - DEBUG --> initializeUserData 
2016-01-27 16:32:30 - DEBUG --> UserData first: N; 
2016-01-27 16:32:30 - DEBUG --> Archivo \components\com_jhotelreservation\classes\services\UserDataService.php 
2016-01-27 16:32:30 - DEBUG --> createUserData 
2016-01-27 16:32:30 - DEBUG --> UserData end:  a:0:{} 
2016-01-27 16:39:06 - DEBUG --> Archivo \components\com_jhotelreservation\classes\services\UserDataService.php 
2016-01-27 16:39:06 - DEBUG --> initializeUserData 
2016-01-27 16:39:06 - DEBUG --> UserData first: N; 
2016-01-27 16:39:06 - DEBUG --> Archivo \components\com_jhotelreservation\classes\services\UserDataService.php 
2016-01-27 16:39:06 - DEBUG --> createUserData 
2016-01-27 16:39:06 - DEBUG --> UserData end:  a:0:{} 
2016-01-27 16:39:06 - DEBUG --> Archivo \components\com_jhotelreservation\classes\services\UserDataService.php 
2016-01-27 16:39:06 - DEBUG --> initializeUserData 
2016-01-27 16:39:06 - DEBUG --> UserData first: a:0:{} 
2016-01-27 16:39:06 - DEBUG --> UserData end:  a:0:{} 
2016-01-27 16:39:06 - DEBUG --> Archivo \components\com_jhotelreservation\classes\services\UserDataService.php 
2016-01-27 16:39:06 - DEBUG --> initializeReservationData 
2016-01-27 16:39:06 - DEBUG --> UserData: a:0:{} 
2016-01-27 16:39:06 - DEBUG --> Archivo \components\com_jhotelreservation\classes\services\UserDataService.php 
2016-01-27 16:39:06 - DEBUG --> updateUserData 
2016-01-27 16:39:06 - DEBUG --> Archivo \components\com_jhotelreservation\classes\services\UserDataService.php 
2016-01-27 16:39:06 - DEBUG --> getUserData 
2016-01-27 16:39:06 - DEBUG --> Archivo \components\com_jhotelreservation\classes\services\UserDataService.php 
2016-01-27 16:39:06 - DEBUG --> setCurrency 
2016-01-27 16:39:06 - DEBUG --> Archivo \components\com_jhotelreservation\classes\services\UserDataService.php 
2016-01-27 16:39:06 - DEBUG --> getUserData 
2016-01-27 16:39:06 - DEBUG --> Archivo \components\com_jhotelreservation\classes\services\UserDataService.php 
2016-01-27 16:39:06 - DEBUG --> getUserData 
2016-01-27 16:39:06 - DEBUG --> Archivo \components\com_jhotelreservation\classes\services\UserDataService.php 
2016-01-27 16:39:06 - DEBUG --> getUserData 
2016-01-27 16:39:06 - DEBUG --> Archivo \components\com_jhotelreservationiews\hotel	mpl\hoteloverview.php 
2016-01-27 16:39:06 - DEBUG --> Accedió 
2016-01-27 16:41:39 - DEBUG --> Archivo \components\com_jhotelreservation\classes\services\UserDataService.php 
2016-01-27 16:41:39 - DEBUG --> initializeUserData 
2016-01-27 16:41:39 - DEBUG --> UserData first: N; 
2016-01-27 16:41:39 - DEBUG --> Archivo \components\com_jhotelreservation\classes\services\UserDataService.php 
2016-01-27 16:41:39 - DEBUG --> createUserData 
2016-01-27 16:41:39 - DEBUG --> UserData end:  a:0:{} 
2016-01-27 16:41:39 - DEBUG --> Archivo \components\com_jhotelreservation\classes\services\UserDataService.php 
2016-01-27 16:41:39 - DEBUG --> initializeUserData 
2016-01-27 16:41:39 - DEBUG --> UserData first: a:0:{} 
2016-01-27 16:41:39 - DEBUG --> UserData end:  a:0:{} 
2016-01-27 16:41:39 - DEBUG --> Archivo \components\com_jhotelreservation\classes\services\UserDataService.php 
2016-01-27 16:41:39 - DEBUG --> initializeReservationData 
2016-01-27 16:41:39 - DEBUG --> UserData: a:0:{} 
2016-01-27 16:41:39 - DEBUG --> Archivo \components\com_jhotelreservation\classes\services\UserDataService.php 
2016-01-27 16:41:39 - DEBUG --> updateUserData 
2016-01-27 16:41:39 - DEBUG --> Archivo \components\com_jhotelreservation\classes\services\UserDataService.php 
2016-01-27 16:41:39 - DEBUG --> getUserData 
2016-01-27 16:41:39 - DEBUG --> Archivo \components\com_jhotelreservation\classes\services\UserDataService.php 
2016-01-27 16:41:39 - DEBUG --> setCurrency 
2016-01-27 16:41:39 - DEBUG --> Archivo \components\com_jhotelreservation\classes\services\UserDataService.php 
2016-01-27 16:41:39 - DEBUG --> getUserData 
2016-01-27 16:41:39 - DEBUG --> Archivo \components\com_jhotelreservation\classes\services\UserDataService.php 
2016-01-27 16:41:39 - DEBUG --> getUserData 
2016-01-27 16:41:39 - DEBUG --> Archivo \components\com_jhotelreservation\classes\services\UserDataService.php 
2016-01-27 16:41:39 - DEBUG --> getUserData 
2016-01-27 20:26:07 - DEBUG --> Archivo \components\com_jhotelreservation\classes\services\UserDataService.php 
2016-01-27 20:26:07 - DEBUG --> initializeUserData 
2016-01-27 20:26:07 - DEBUG --> UserData first: N; 
2016-01-27 20:26:07 - DEBUG --> Archivo \components\com_jhotelreservation\classes\services\UserDataService.php 
2016-01-27 20:26:07 - DEBUG --> createUserData 
2016-01-27 20:26:07 - DEBUG --> UserData end:  a:0:{} 
2016-01-27 20:26:07 - DEBUG --> Archivo \components\com_jhotelreservation\classes\services\UserDataService.php 
2016-01-27 20:26:07 - DEBUG --> initializeUserData 
2016-01-27 20:26:07 - DEBUG --> UserData first: a:0:{} 
2016-01-27 20:26:07 - DEBUG --> UserData end:  a:0:{} 
2016-01-27 20:26:07 - DEBUG --> Archivo \components\com_jhotelreservation\classes\services\UserDataService.php 
2016-01-27 20:26:07 - DEBUG --> initializeReservationData 
2016-01-27 20:26:07 - DEBUG --> UserData: a:0:{} 
2016-01-27 20:26:07 - DEBUG --> Archivo \components\com_jhotelreservation\classes\services\UserDataService.php 
2016-01-27 20:26:07 - DEBUG --> updateUserData 
2016-01-27 20:26:07 - DEBUG --> Archivo \components\com_jhotelreservation\classes\services\UserDataService.php 
2016-01-27 20:26:07 - DEBUG --> getUserData 
2016-01-27 20:26:07 - DEBUG --> Archivo \components\com_jhotelreservation\classes\services\UserDataService.php 
2016-01-27 20:26:07 - DEBUG --> setCurrency 
2016-01-27 20:26:07 - DEBUG --> Archivo \components\com_jhotelreservation\classes\services\UserDataService.php 
2016-01-27 20:26:07 - DEBUG --> getUserData 
2016-01-27 20:26:07 - DEBUG --> Archivo \components\com_jhotelreservation\classes\services\UserDataService.php 
2016-01-27 20:26:07 - DEBUG --> getUserData 
2016-01-27 20:26:07 - DEBUG --> Archivo \components\com_jhotelreservation\classes\services\UserDataService.php 
2016-01-27 20:26:07 - DEBUG --> getUserData 
2016-01-27 20:26:07 - DEBUG --> Archivo \components\com_jhotelreservationiews\hotel	mpl\hoteloverview.php 
2016-01-27 20:26:07 - DEBUG --> Accedió 
2016-01-27 20:26:09 - DEBUG --> Archivo \components\com_jhotelreservation\classes\services\UserDataService.php 
2016-01-27 20:26:09 - DEBUG --> initializeUserData 
2016-01-27 20:26:09 - DEBUG --> UserData first: N; 
2016-01-27 20:26:09 - DEBUG --> Archivo \components\com_jhotelreservation\classes\services\UserDataService.php 
2016-01-27 20:26:09 - DEBUG --> createUserData 
2016-01-27 20:26:09 - DEBUG --> UserData end:  a:0:{} 
2016-01-27 20:26:09 - DEBUG --> Archivo \components\com_jhotelreservation\classes\services\UserDataService.php 
2016-01-27 20:26:09 - DEBUG --> initializeUserData 
2016-01-27 20:26:09 - DEBUG --> UserData first: a:0:{} 
2016-01-27 20:26:09 - DEBUG --> UserData end:  a:0:{} 
2016-01-27 20:26:09 - DEBUG --> Archivo \components\com_jhotelreservation\classes\services\UserDataService.php 
2016-01-27 20:26:09 - DEBUG --> initializeReservationData 
2016-01-27 20:26:09 - DEBUG --> UserData: a:0:{} 
2016-01-27 20:26:09 - DEBUG --> Archivo \components\com_jhotelreservation\classes\services\UserDataService.php 
2016-01-27 20:26:09 - DEBUG --> updateUserData 
2016-01-27 20:26:09 - DEBUG --> Archivo \components\com_jhotelreservation\classes\services\UserDataService.php 
2016-01-27 20:26:09 - DEBUG --> getUserData 
2016-01-27 20:26:09 - DEBUG --> Archivo \components\com_jhotelreservation\classes\services\UserDataService.php 
2016-01-27 20:26:09 - DEBUG --> setCurrency 
2016-01-27 20:26:09 - DEBUG --> Archivo \components\com_jhotelreservation\classes\services\UserDataService.php 
2016-01-27 20:26:09 - DEBUG --> getUserData 
2016-01-27 20:26:09 - DEBUG --> Archivo \components\com_jhotelreservation\classes\services\UserDataService.php 
2016-01-27 20:26:09 - DEBUG --> getUserData 
2016-01-27 20:26:09 - DEBUG --> Archivo \components\com_jhotelreservation\classes\services\UserDataService.php 
2016-01-27 20:26:09 - DEBUG --> getUserData 
2016-01-27 20:26:09 - DEBUG --> Archivo \components\com_jhotelreservationiews\hotel	mpl\hoteloverview.php 
2016-01-27 20:26:09 - DEBUG --> Accedió 
2016-01-27 20:26:09 - DEBUG --> Archivo \components\com_jhotelreservation\classes\services\UserDataService.php 
2016-01-27 20:26:09 - DEBUG --> initializeUserData 
2016-01-27 20:26:09 - DEBUG --> UserData first: N; 
2016-01-27 20:26:09 - DEBUG --> Archivo \components\com_jhotelreservation\classes\services\UserDataService.php 
2016-01-27 20:26:09 - DEBUG --> createUserData 
2016-01-27 20:26:09 - DEBUG --> UserData end:  a:0:{} 
2016-01-27 20:26:09 - DEBUG --> Archivo \components\com_jhotelreservation\classes\services\UserDataService.php 
2016-01-27 20:26:09 - DEBUG --> initializeUserData 
2016-01-27 20:26:09 - DEBUG --> UserData first: a:0:{} 
2016-01-27 20:26:09 - DEBUG --> UserData end:  a:0:{} 
2016-01-27 20:26:09 - DEBUG --> Archivo \components\com_jhotelreservation\classes\services\UserDataService.php 
2016-01-27 20:26:09 - DEBUG --> initializeReservationData 
2016-01-27 20:26:09 - DEBUG --> UserData: a:0:{} 
2016-01-27 20:26:09 - DEBUG --> Archivo \components\com_jhotelreservation\classes\services\UserDataService.php 
2016-01-27 20:26:09 - DEBUG --> updateUserData 
2016-01-27 20:26:09 - DEBUG --> Archivo \components\com_jhotelreservation\classes\services\UserDataService.php 
2016-01-27 20:26:09 - DEBUG --> getUserData 
2016-01-27 20:26:09 - DEBUG --> Archivo \components\com_jhotelreservation\classes\services\UserDataService.php 
2016-01-27 20:26:09 - DEBUG --> setCurrency 
2016-01-27 20:26:09 - DEBUG --> Archivo \components\com_jhotelreservation\classes\services\UserDataService.php 
2016-01-27 20:26:09 - DEBUG --> getUserData 
2016-01-27 20:26:09 - DEBUG --> Archivo \components\com_jhotelreservation\classes\services\UserDataService.php 
2016-01-27 20:26:09 - DEBUG --> getUserData 
2016-01-27 20:26:09 - DEBUG --> Archivo \components\com_jhotelreservation\classes\services\UserDataService.php 
2016-01-27 20:26:09 - DEBUG --> getUserData 
2016-01-27 20:26:10 - DEBUG --> Archivo \components\com_jhotelreservation\classes\services\UserDataService.php 
2016-01-27 20:26:10 - DEBUG --> initializeUserData 
2016-01-27 20:26:10 - DEBUG --> UserData first: N; 
2016-01-27 20:26:10 - DEBUG --> Archivo \components\com_jhotelreservation\classes\services\UserDataService.php 
2016-01-27 20:26:10 - DEBUG --> createUserData 
2016-01-27 20:26:10 - DEBUG --> UserData end:  a:0:{} 
2016-01-27 20:26:10 - DEBUG --> Archivo \components\com_jhotelreservation\classes\services\UserDataService.php 
2016-01-27 20:26:10 - DEBUG --> initializeUserData 
2016-01-27 20:26:10 - DEBUG --> UserData first: a:0:{} 
2016-01-27 20:26:10 - DEBUG --> UserData end:  a:0:{} 
2016-01-27 20:26:10 - DEBUG --> Archivo \components\com_jhotelreservation\classes\services\UserDataService.php 
2016-01-27 20:26:10 - DEBUG --> initializeReservationData 
2016-01-27 20:26:10 - DEBUG --> UserData: a:0:{} 
2016-01-27 20:26:10 - DEBUG --> Archivo \components\com_jhotelreservation\classes\services\UserDataService.php 
2016-01-27 20:26:10 - DEBUG --> updateUserData 
2016-01-27 20:26:10 - DEBUG --> Archivo \components\com_jhotelreservation\classes\services\UserDataService.php 
2016-01-27 20:26:10 - DEBUG --> getUserData 
2016-01-27 20:26:10 - DEBUG --> Archivo \components\com_jhotelreservation\classes\services\UserDataService.php 
2016-01-27 20:26:10 - DEBUG --> setCurrency 
2016-01-27 20:26:10 - DEBUG --> Archivo \components\com_jhotelreservation\classes\services\UserDataService.php 
2016-01-27 20:26:10 - DEBUG --> getUserData 
2016-01-27 20:26:10 - DEBUG --> Archivo \components\com_jhotelreservation\classes\services\UserDataService.php 
2016-01-27 20:26:10 - DEBUG --> getUserData 
2016-01-27 20:26:10 - DEBUG --> Archivo \components\com_jhotelreservation\classes\services\UserDataService.php 
2016-01-27 20:26:10 - DEBUG --> getUserData 
2016-01-27 20:26:10 - DEBUG --> Archivo \components\com_jhotelreservation\classes\services\UserDataService.php 
2016-01-27 20:26:10 - DEBUG --> initializeUserData 
2016-01-27 20:26:10 - DEBUG --> UserData first: N; 
2016-01-27 20:26:10 - DEBUG --> Archivo \components\com_jhotelreservation\classes\services\UserDataService.php 
2016-01-27 20:26:10 - DEBUG --> createUserData 
2016-01-27 20:26:10 - DEBUG --> UserData end:  a:0:{} 
2016-01-27 20:26:10 - DEBUG --> Archivo \components\com_jhotelreservation\classes\services\UserDataService.php 
2016-01-27 20:26:10 - DEBUG --> initializeUserData 
2016-01-27 20:26:10 - DEBUG --> UserData first: a:0:{} 
2016-01-27 20:26:10 - DEBUG --> UserData end:  a:0:{} 
2016-01-27 20:26:10 - DEBUG --> Archivo \components\com_jhotelreservation\classes\services\UserDataService.php 
2016-01-27 20:26:10 - DEBUG --> initializeReservationData 
2016-01-27 20:26:10 - DEBUG --> UserData: a:0:{} 
2016-01-27 20:26:10 - DEBUG --> Archivo \components\com_jhotelreservation\classes\services\UserDataService.php 
2016-01-27 20:26:10 - DEBUG --> updateUserData 
2016-01-27 20:26:10 - DEBUG --> Archivo \components\com_jhotelreservation\classes\services\UserDataService.php 
2016-01-27 20:26:10 - DEBUG --> getUserData 
2016-01-27 20:26:10 - DEBUG --> Archivo \components\com_jhotelreservation\classes\services\UserDataService.php 
2016-01-27 20:26:10 - DEBUG --> setCurrency 
2016-01-27 20:26:10 - DEBUG --> Archivo \components\com_jhotelreservation\classes\services\UserDataService.php 
2016-01-27 20:26:10 - DEBUG --> getUserData 
2016-01-27 20:26:10 - DEBUG --> Archivo \components\com_jhotelreservation\classes\services\UserDataService.php 
2016-01-27 20:26:10 - DEBUG --> getUserData 
2016-01-27 20:26:10 - DEBUG --> Archivo \components\com_jhotelreservation\classes\services\UserDataService.php 
2016-01-27 20:26:10 - DEBUG --> getUserData 
2016-01-27 20:26:10 - DEBUG --> Archivo \components\com_jhotelreservationiews\hotel	mpl\hoteloverview.php 
2016-01-27 20:26:10 - DEBUG --> Accedió 
2016-01-27 20:26:12 - DEBUG --> Archivo \components\com_jhotelreservation\classes\services\UserDataService.php 
2016-01-27 20:26:12 - DEBUG --> initializeUserData 
2016-01-27 20:26:12 - DEBUG --> UserData first: N; 
2016-01-27 20:26:12 - DEBUG --> Archivo \components\com_jhotelreservation\classes\services\UserDataService.php 
2016-01-27 20:26:12 - DEBUG --> createUserData 
2016-01-27 20:26:12 - DEBUG --> UserData end:  a:0:{} 
2016-01-27 20:26:12 - DEBUG --> Archivo \components\com_jhotelreservation\classes\services\UserDataService.php 
2016-01-27 20:26:12 - DEBUG --> initializeUserData 
2016-01-27 20:26:12 - DEBUG --> UserData first: a:0:{} 
2016-01-27 20:26:12 - DEBUG --> UserData end:  a:0:{} 
2016-01-27 20:26:12 - DEBUG --> Archivo \components\com_jhotelreservation\classes\services\UserDataService.php 
2016-01-27 20:26:12 - DEBUG --> initializeReservationData 
2016-01-27 20:26:12 - DEBUG --> UserData: a:0:{} 
2016-01-27 20:26:12 - DEBUG --> Archivo \components\com_jhotelreservation\classes\services\UserDataService.php 
2016-01-27 20:26:12 - DEBUG --> updateUserData 
2016-01-27 20:26:12 - DEBUG --> Archivo \components\com_jhotelreservation\classes\services\UserDataService.php 
2016-01-27 20:26:12 - DEBUG --> getUserData 
2016-01-27 20:26:12 - DEBUG --> Archivo \components\com_jhotelreservation\classes\services\UserDataService.php 
2016-01-27 20:26:12 - DEBUG --> setCurrency 
2016-01-27 20:26:12 - DEBUG --> Archivo \components\com_jhotelreservation\classes\services\UserDataService.php 
2016-01-27 20:26:12 - DEBUG --> getUserData 
2016-01-27 20:26:12 - DEBUG --> Archivo \components\com_jhotelreservation\classes\services\UserDataService.php 
2016-01-27 20:26:12 - DEBUG --> getUserData 
2016-01-27 20:26:12 - DEBUG --> Archivo \components\com_jhotelreservation\classes\services\UserDataService.php 
2016-01-27 20:26:12 - DEBUG --> getUserData 
2016-01-27 20:26:12 - DEBUG --> Archivo \components\com_jhotelreservationiews\hotel	mpl\hoteloverview.php 
2016-01-27 20:26:12 - DEBUG --> Accedió 
2016-01-27 20:26:14 - DEBUG --> Archivo \components\com_jhotelreservation\classes\services\UserDataService.php 
2016-01-27 20:26:14 - DEBUG --> initializeUserData 
2016-01-27 20:26:14 - DEBUG --> UserData first: N; 
2016-01-27 20:26:14 - DEBUG --> Archivo \components\com_jhotelreservation\classes\services\UserDataService.php 
2016-01-27 20:26:14 - DEBUG --> createUserData 
2016-01-27 20:26:14 - DEBUG --> UserData end:  a:0:{} 
2016-01-27 20:26:14 - DEBUG --> Archivo \components\com_jhotelreservation\classes\services\UserDataService.php 
2016-01-27 20:26:14 - DEBUG --> initializeUserData 
2016-01-27 20:26:14 - DEBUG --> UserData first: a:0:{} 
2016-01-27 20:26:14 - DEBUG --> UserData end:  a:0:{} 
2016-01-27 20:26:14 - DEBUG --> Archivo \components\com_jhotelreservation\classes\services\UserDataService.php 
2016-01-27 20:26:14 - DEBUG --> initializeReservationData 
2016-01-27 20:26:14 - DEBUG --> UserData: a:0:{} 
2016-01-27 20:26:14 - DEBUG --> Archivo \components\com_jhotelreservation\classes\services\UserDataService.php 
2016-01-27 20:26:14 - DEBUG --> updateUserData 
2016-01-27 20:26:14 - DEBUG --> Archivo \components\com_jhotelreservation\classes\services\UserDataService.php 
2016-01-27 20:26:14 - DEBUG --> getUserData 
2016-01-27 20:26:14 - DEBUG --> Archivo \components\com_jhotelreservation\classes\services\UserDataService.php 
2016-01-27 20:26:14 - DEBUG --> setCurrency 
2016-01-27 20:26:14 - DEBUG --> Archivo \components\com_jhotelreservation\classes\services\UserDataService.php 
2016-01-27 20:26:14 - DEBUG --> getUserData 
2016-01-27 20:26:14 - DEBUG --> Archivo \components\com_jhotelreservation\classes\services\UserDataService.php 
2016-01-27 20:26:14 - DEBUG --> getUserData 
2016-01-27 20:26:14 - DEBUG --> Archivo \components\com_jhotelreservation\classes\services\UserDataService.php 
2016-01-27 20:26:14 - DEBUG --> getUserData 
2016-01-27 20:30:30 - DEBUG --> Archivo \components\com_jhotelreservation\classes\services\UserDataService.php 
2016-01-27 20:30:30 - DEBUG --> initializeUserData 
2016-01-27 20:30:30 - DEBUG --> UserData first: N; 
2016-01-27 20:30:30 - DEBUG --> Archivo \components\com_jhotelreservation\classes\services\UserDataService.php 
2016-01-27 20:30:30 - DEBUG --> createUserData 
2016-01-27 20:30:30 - DEBUG --> UserData end:  a:0:{} 
2016-01-27 20:30:30 - DEBUG --> Archivo \components\com_jhotelreservation\classes\services\UserDataService.php 
2016-01-27 20:30:30 - DEBUG --> initializeUserData 
2016-01-27 20:30:30 - DEBUG --> UserData first: a:0:{} 
2016-01-27 20:30:30 - DEBUG --> UserData end:  a:0:{} 
2016-01-27 20:30:30 - DEBUG --> Archivo \components\com_jhotelreservation\classes\services\UserDataService.php 
2016-01-27 20:30:30 - DEBUG --> initializeReservationData 
2016-01-27 20:30:30 - DEBUG --> UserData: a:0:{} 
2016-01-27 20:30:30 - DEBUG --> Archivo \components\com_jhotelreservation\classes\services\UserDataService.php 
2016-01-27 20:30:30 - DEBUG --> updateUserData 
2016-01-27 20:30:30 - DEBUG --> Archivo \components\com_jhotelreservation\classes\services\UserDataService.php 
2016-01-27 20:30:30 - DEBUG --> getUserData 
2016-01-27 20:30:30 - DEBUG --> Archivo \components\com_jhotelreservation\classes\services\UserDataService.php 
2016-01-27 20:30:30 - DEBUG --> setCurrency 
2016-01-27 20:30:30 - DEBUG --> Archivo \components\com_jhotelreservation\classes\services\UserDataService.php 
2016-01-27 20:30:30 - DEBUG --> getUserData 
2016-01-27 20:30:30 - DEBUG --> Archivo \components\com_jhotelreservation\classes\services\UserDataService.php 
2016-01-27 20:30:30 - DEBUG --> getUserData 
2016-01-27 20:30:30 - DEBUG --> Archivo \components\com_jhotelreservation\classes\services\UserDataService.php 
2016-01-27 20:30:30 - DEBUG --> getUserData 
2016-01-27 20:30:30 - DEBUG --> Archivo \components\com_jhotelreservationiews\hotel	mpl\hoteloverview.php 
2016-01-27 20:30:30 - DEBUG --> Accedió 
2016-01-27 20:30:33 - DEBUG --> Archivo \components\com_jhotelreservation\classes\services\UserDataService.php 
2016-01-27 20:30:33 - DEBUG --> initializeUserData 
2016-01-27 20:30:33 - DEBUG --> UserData first: N; 
2016-01-27 20:30:33 - DEBUG --> Archivo \components\com_jhotelreservation\classes\services\UserDataService.php 
2016-01-27 20:30:33 - DEBUG --> createUserData 
2016-01-27 20:30:33 - DEBUG --> UserData end:  a:0:{} 
2016-01-27 20:30:33 - DEBUG --> Archivo \components\com_jhotelreservation\classes\services\UserDataService.php 
2016-01-27 20:30:33 - DEBUG --> initializeUserData 
2016-01-27 20:30:33 - DEBUG --> UserData first: a:0:{} 
2016-01-27 20:30:33 - DEBUG --> UserData end:  a:0:{} 
2016-01-27 20:30:33 - DEBUG --> Archivo \components\com_jhotelreservation\classes\services\UserDataService.php 
2016-01-27 20:30:33 - DEBUG --> initializeReservationData 
2016-01-27 20:30:33 - DEBUG --> UserData: a:0:{} 
2016-01-27 20:30:33 - DEBUG --> Archivo \components\com_jhotelreservation\classes\services\UserDataService.php 
2016-01-27 20:30:33 - DEBUG --> updateUserData 
2016-01-27 20:30:33 - DEBUG --> Archivo \components\com_jhotelreservation\classes\services\UserDataService.php 
2016-01-27 20:30:33 - DEBUG --> getUserData 
2016-01-27 20:30:33 - DEBUG --> Archivo \components\com_jhotelreservation\classes\services\UserDataService.php 
2016-01-27 20:30:33 - DEBUG --> setCurrency 
2016-01-27 20:30:33 - DEBUG --> Archivo \components\com_jhotelreservation\classes\services\UserDataService.php 
2016-01-27 20:30:33 - DEBUG --> getUserData 
2016-01-27 20:30:33 - DEBUG --> Archivo \components\com_jhotelreservation\classes\services\UserDataService.php 
2016-01-27 20:30:33 - DEBUG --> getUserData 
2016-01-27 20:30:33 - DEBUG --> Archivo \components\com_jhotelreservation\classes\services\UserDataService.php 
2016-01-27 20:30:33 - DEBUG --> getUserData 
2016-01-27 20:30:33 - DEBUG --> Archivo \components\com_jhotelreservationiews\hotel	mpl\hoteloverview.php 
2016-01-27 20:30:33 - DEBUG --> Accedió 
2016-01-27 21:15:08 - DEBUG --> Archivo \components\com_jhotelreservation\classes\services\UserDataService.php 
2016-01-27 21:15:08 - DEBUG --> initializeUserData 
2016-01-27 21:15:08 - DEBUG --> UserData first: N; 
2016-01-27 21:15:08 - DEBUG --> Archivo \components\com_jhotelreservation\classes\services\UserDataService.php 
2016-01-27 21:15:08 - DEBUG --> createUserData 
2016-01-27 21:15:08 - DEBUG --> UserData end:  a:0:{} 
2016-01-27 21:15:08 - DEBUG --> Archivo \components\com_jhotelreservation\classes\services\UserDataService.php 
2016-01-27 21:15:08 - DEBUG --> initializeUserData 
2016-01-27 21:15:08 - DEBUG --> UserData first: a:0:{} 
2016-01-27 21:15:08 - DEBUG --> UserData end:  a:0:{} 
2016-01-27 21:15:08 - DEBUG --> Archivo \components\com_jhotelreservation\classes\services\UserDataService.php 
2016-01-27 21:15:08 - DEBUG --> initializeReservationData 
2016-01-27 21:15:08 - DEBUG --> UserData: a:0:{} 
2016-01-27 21:15:08 - DEBUG --> Archivo \components\com_jhotelreservation\classes\services\UserDataService.php 
2016-01-27 21:15:08 - DEBUG --> updateUserData 
2016-01-27 21:15:08 - DEBUG --> Archivo \components\com_jhotelreservation\classes\services\UserDataService.php 
2016-01-27 21:15:08 - DEBUG --> getUserData 
2016-01-27 21:15:08 - DEBUG --> Archivo \components\com_jhotelreservation\classes\services\UserDataService.php 
2016-01-27 21:15:08 - DEBUG --> setCurrency 
2016-01-27 21:15:08 - DEBUG --> Archivo \components\com_jhotelreservation\classes\services\UserDataService.php 
2016-01-27 21:15:08 - DEBUG --> getUserData 
2016-01-27 21:15:08 - DEBUG --> Archivo \components\com_jhotelreservation\classes\services\UserDataService.php 
2016-01-27 21:15:08 - DEBUG --> getUserData 
2016-01-27 21:15:08 - DEBUG --> Archivo \components\com_jhotelreservation\classes\services\UserDataService.php 
2016-01-27 21:15:08 - DEBUG --> getUserData 
2016-01-27 21:15:08 - DEBUG --> Archivo \components\com_jhotelreservationiews\hotel	mpl\hoteloverview.php 
2016-01-27 21:15:08 - DEBUG --> Accedió 
2016-01-27 21:15:11 - DEBUG --> Archivo \components\com_jhotelreservation\classes\services\UserDataService.php 
2016-01-27 21:15:11 - DEBUG --> initializeUserData 
2016-01-27 21:15:11 - DEBUG --> UserData first: N; 
2016-01-27 21:15:11 - DEBUG --> Archivo \components\com_jhotelreservation\classes\services\UserDataService.php 
2016-01-27 21:15:11 - DEBUG --> createUserData 
2016-01-27 21:15:11 - DEBUG --> UserData end:  a:0:{} 
2016-01-27 21:15:11 - DEBUG --> Archivo \components\com_jhotelreservation\classes\services\UserDataService.php 
2016-01-27 21:15:11 - DEBUG --> initializeUserData 
2016-01-27 21:15:11 - DEBUG --> UserData first: a:0:{} 
2016-01-27 21:15:11 - DEBUG --> UserData end:  a:0:{} 
2016-01-27 21:15:11 - DEBUG --> Archivo \components\com_jhotelreservation\classes\services\UserDataService.php 
2016-01-27 21:15:11 - DEBUG --> initializeReservationData 
2016-01-27 21:15:11 - DEBUG --> UserData: a:0:{} 
2016-01-27 21:15:11 - DEBUG --> Archivo \components\com_jhotelreservation\classes\services\UserDataService.php 
2016-01-27 21:15:11 - DEBUG --> updateUserData 
2016-01-27 21:15:11 - DEBUG --> Archivo \components\com_jhotelreservation\classes\services\UserDataService.php 
2016-01-27 21:15:11 - DEBUG --> getUserData 
2016-01-27 21:15:11 - DEBUG --> Archivo \components\com_jhotelreservation\classes\services\UserDataService.php 
2016-01-27 21:15:11 - DEBUG --> setCurrency 
2016-01-27 21:15:11 - DEBUG --> Archivo \components\com_jhotelreservation\classes\services\UserDataService.php 
2016-01-27 21:15:11 - DEBUG --> getUserData 
2016-01-27 21:15:11 - DEBUG --> Archivo \components\com_jhotelreservation\classes\services\UserDataService.php 
2016-01-27 21:15:11 - DEBUG --> getUserData 
2016-01-27 21:15:11 - DEBUG --> Archivo \components\com_jhotelreservation\classes\services\UserDataService.php 
2016-01-27 21:15:11 - DEBUG --> getUserData 
2016-01-27 21:15:11 - DEBUG --> Archivo \components\com_jhotelreservationiews\hotel	mpl\hoteloverview.php 
2016-01-27 21:15:11 - DEBUG --> Accedió 
2016-01-27 21:15:13 - DEBUG --> Archivo \components\com_jhotelreservation\classes\services\UserDataService.php 
2016-01-27 21:15:13 - DEBUG --> initializeUserData 
2016-01-27 21:15:13 - DEBUG --> UserData first: N; 
2016-01-27 21:15:13 - DEBUG --> Archivo \components\com_jhotelreservation\classes\services\UserDataService.php 
2016-01-27 21:15:13 - DEBUG --> createUserData 
2016-01-27 21:15:13 - DEBUG --> UserData end:  a:0:{} 
2016-01-27 21:15:13 - DEBUG --> Archivo \components\com_jhotelreservation\classes\services\UserDataService.php 
2016-01-27 21:15:13 - DEBUG --> initializeUserData 
2016-01-27 21:15:13 - DEBUG --> UserData first: a:0:{} 
2016-01-27 21:15:13 - DEBUG --> UserData end:  a:0:{} 
2016-01-27 21:15:13 - DEBUG --> Archivo \components\com_jhotelreservation\classes\services\UserDataService.php 
2016-01-27 21:15:13 - DEBUG --> initializeReservationData 
2016-01-27 21:15:13 - DEBUG --> UserData: a:0:{} 
2016-01-27 21:15:13 - DEBUG --> Archivo \components\com_jhotelreservation\classes\services\UserDataService.php 
2016-01-27 21:15:13 - DEBUG --> updateUserData 
2016-01-27 21:15:13 - DEBUG --> Archivo \components\com_jhotelreservation\classes\services\UserDataService.php 
2016-01-27 21:15:13 - DEBUG --> getUserData 
2016-01-27 21:15:13 - DEBUG --> Archivo \components\com_jhotelreservation\classes\services\UserDataService.php 
2016-01-27 21:15:13 - DEBUG --> setCurrency 
2016-01-27 21:15:13 - DEBUG --> Archivo \components\com_jhotelreservation\classes\services\UserDataService.php 
2016-01-27 21:15:13 - DEBUG --> getUserData 
2016-01-27 21:15:13 - DEBUG --> Archivo \components\com_jhotelreservation\classes\services\UserDataService.php 
2016-01-27 21:15:13 - DEBUG --> getUserData 
2016-01-27 21:15:13 - DEBUG --> Archivo \components\com_jhotelreservation\classes\services\UserDataService.php 
2016-01-27 21:15:13 - DEBUG --> getUserData 
