2015-09-14 3:56:47 - DEBUG --> Archivo \components\com_jhotelreservation\classes\services\UserDataService.php 
2015-09-14 3:56:47 - DEBUG --> initializeUserData 
2015-09-14 3:56:47 - DEBUG --> UserData first: N; 
2015-09-14 3:56:47 - DEBUG --> Archivo \components\com_jhotelreservation\classes\services\UserDataService.php 
2015-09-14 3:56:47 - DEBUG --> createUserData 
2015-09-14 3:56:47 - DEBUG --> UserData end:  a:0:{} 
2015-09-14 3:56:47 - DEBUG --> Archivo \components\com_jhotelreservation\classes\services\UserDataService.php 
2015-09-14 3:56:47 - DEBUG --> initializeUserData 
2015-09-14 3:56:47 - DEBUG --> UserData first: a:0:{} 
2015-09-14 3:56:47 - DEBUG --> UserData end:  a:0:{} 
2015-09-14 3:56:47 - DEBUG --> Archivo \components\com_jhotelreservation\classes\services\UserDataService.php 
2015-09-14 3:56:47 - DEBUG --> initializeReservationData 
2015-09-14 3:56:47 - DEBUG --> UserData: a:0:{} 
2015-09-14 3:56:47 - DEBUG --> Archivo \components\com_jhotelreservation\classes\services\UserDataService.php 
2015-09-14 3:56:47 - DEBUG --> updateUserData 
2015-09-14 3:56:47 - DEBUG --> Archivo \components\com_jhotelreservation\classes\services\UserDataService.php 
2015-09-14 3:56:47 - DEBUG --> getUserData 
2015-09-14 3:56:47 - DEBUG --> Archivo \components\com_jhotelreservation\classes\services\UserDataService.php 
2015-09-14 3:56:47 - DEBUG --> setCurrency 
2015-09-14 3:56:47 - DEBUG --> Archivo \components\com_jhotelreservation\classes\services\UserDataService.php 
2015-09-14 3:56:47 - DEBUG --> getUserData 
2015-09-14 3:56:47 - DEBUG --> Archivo \components\com_jhotelreservation\classes\services\UserDataService.php 
2015-09-14 3:56:47 - DEBUG --> getUserData 
2015-09-14 3:56:47 - DEBUG --> Archivo \components\com_jhotelreservation\classes\services\UserDataService.php 
2015-09-14 3:56:47 - DEBUG --> getUserData 
2015-09-14 3:56:47 - DEBUG --> Archivo \components\com_jhotelreservationiews\hotel	mpl\hoteloverview.php 
2015-09-14 3:56:47 - DEBUG --> Accedió 
2015-09-14 5:52:14 - DEBUG --> Archivo \components\com_jhotelreservation\classes\services\UserDataService.php 
2015-09-14 5:52:14 - DEBUG --> initializeUserData 
2015-09-14 5:52:14 - DEBUG --> UserData first: N; 
2015-09-14 5:52:14 - DEBUG --> Archivo \components\com_jhotelreservation\classes\services\UserDataService.php 
2015-09-14 5:52:14 - DEBUG --> createUserData 
2015-09-14 5:52:14 - DEBUG --> UserData end:  a:0:{} 
2015-09-14 5:52:14 - DEBUG --> Archivo \components\com_jhotelreservation\classes\services\UserDataService.php 
2015-09-14 5:52:14 - DEBUG --> initializeUserData 
2015-09-14 5:52:14 - DEBUG --> UserData first: a:0:{} 
2015-09-14 5:52:14 - DEBUG --> UserData end:  a:0:{} 
2015-09-14 5:52:14 - DEBUG --> Archivo \components\com_jhotelreservation\classes\services\UserDataService.php 
2015-09-14 5:52:14 - DEBUG --> initializeReservationData 
2015-09-14 5:52:14 - DEBUG --> UserData: a:0:{} 
2015-09-14 5:52:14 - DEBUG --> Archivo \components\com_jhotelreservation\classes\services\UserDataService.php 
2015-09-14 5:52:14 - DEBUG --> updateUserData 
2015-09-14 5:52:14 - DEBUG --> Archivo \components\com_jhotelreservation\classes\services\UserDataService.php 
2015-09-14 5:52:14 - DEBUG --> getUserData 
2015-09-14 5:52:14 - DEBUG --> Archivo \components\com_jhotelreservation\classes\services\UserDataService.php 
2015-09-14 5:52:14 - DEBUG --> setCurrency 
2015-09-14 5:52:14 - DEBUG --> Archivo \components\com_jhotelreservation\classes\services\UserDataService.php 
2015-09-14 5:52:14 - DEBUG --> getUserData 
2015-09-14 5:52:14 - DEBUG --> Archivo \components\com_jhotelreservation\classes\services\UserDataService.php 
2015-09-14 5:52:14 - DEBUG --> getUserData 
2015-09-14 5:52:14 - DEBUG --> Archivo \components\com_jhotelreservation\classes\services\UserDataService.php 
2015-09-14 5:52:14 - DEBUG --> getUserData 
2015-09-14 5:52:14 - DEBUG --> Archivo \components\com_jhotelreservationiews\hotel	mpl\hoteloverview.php 
2015-09-14 5:52:14 - DEBUG --> Accedió 
2015-09-14 6:57:24 - DEBUG --> Archivo \components\com_jhotelreservation\classes\services\UserDataService.php 
2015-09-14 6:57:24 - DEBUG --> initializeUserData 
2015-09-14 6:57:24 - DEBUG --> UserData first: N; 
2015-09-14 6:57:24 - DEBUG --> Archivo \components\com_jhotelreservation\classes\services\UserDataService.php 
2015-09-14 6:57:24 - DEBUG --> createUserData 
2015-09-14 6:57:24 - DEBUG --> UserData end:  a:0:{} 
2015-09-14 6:57:24 - DEBUG --> Archivo \components\com_jhotelreservation\classes\services\UserDataService.php 
2015-09-14 6:57:24 - DEBUG --> initializeUserData 
2015-09-14 6:57:24 - DEBUG --> UserData first: a:0:{} 
2015-09-14 6:57:24 - DEBUG --> UserData end:  a:0:{} 
2015-09-14 6:57:24 - DEBUG --> Archivo \components\com_jhotelreservation\classes\services\UserDataService.php 
2015-09-14 6:57:24 - DEBUG --> initializeReservationData 
2015-09-14 6:57:24 - DEBUG --> UserData: a:0:{} 
2015-09-14 6:57:24 - DEBUG --> Archivo \components\com_jhotelreservation\classes\services\UserDataService.php 
2015-09-14 6:57:24 - DEBUG --> updateUserData 
2015-09-14 6:57:24 - DEBUG --> Archivo \components\com_jhotelreservation\classes\services\UserDataService.php 
2015-09-14 6:57:24 - DEBUG --> getUserData 
2015-09-14 6:57:24 - DEBUG --> Archivo \components\com_jhotelreservation\classes\services\UserDataService.php 
2015-09-14 6:57:24 - DEBUG --> setCurrency 
2015-09-14 6:57:24 - DEBUG --> Archivo \components\com_jhotelreservation\classes\services\UserDataService.php 
2015-09-14 6:57:24 - DEBUG --> getUserData 
2015-09-14 6:57:24 - DEBUG --> Archivo \components\com_jhotelreservation\classes\services\UserDataService.php 
2015-09-14 6:57:24 - DEBUG --> getUserData 
2015-09-14 6:57:24 - DEBUG --> Archivo \components\com_jhotelreservation\classes\services\UserDataService.php 
2015-09-14 6:57:24 - DEBUG --> getUserData 
2015-09-14 6:57:24 - DEBUG --> Archivo \components\com_jhotelreservationiews\hotel	mpl\hoteloverview.php 
2015-09-14 6:57:24 - DEBUG --> Accedió 
2015-09-14 8:20:13 - DEBUG --> Archivo \components\com_jhotelreservation\classes\services\UserDataService.php 
2015-09-14 8:20:13 - DEBUG --> initializeUserData 
2015-09-14 8:20:13 - DEBUG --> UserData first: N; 
2015-09-14 8:20:13 - DEBUG --> Archivo \components\com_jhotelreservation\classes\services\UserDataService.php 
2015-09-14 8:20:13 - DEBUG --> createUserData 
2015-09-14 8:20:13 - DEBUG --> UserData end:  a:0:{} 
2015-09-14 8:20:13 - DEBUG --> Archivo \components\com_jhotelreservation\classes\services\UserDataService.php 
2015-09-14 8:20:13 - DEBUG --> initializeUserData 
2015-09-14 8:20:13 - DEBUG --> UserData first: a:0:{} 
2015-09-14 8:20:13 - DEBUG --> UserData end:  a:0:{} 
2015-09-14 8:20:13 - DEBUG --> Archivo \components\com_jhotelreservation\classes\services\UserDataService.php 
2015-09-14 8:20:13 - DEBUG --> initializeReservationData 
2015-09-14 8:20:13 - DEBUG --> UserData: a:0:{} 
2015-09-14 8:20:13 - DEBUG --> Archivo \components\com_jhotelreservation\classes\services\UserDataService.php 
2015-09-14 8:20:13 - DEBUG --> updateUserData 
2015-09-14 8:20:13 - DEBUG --> Archivo \components\com_jhotelreservation\classes\services\UserDataService.php 
2015-09-14 8:20:13 - DEBUG --> getUserData 
2015-09-14 8:20:13 - DEBUG --> Archivo \components\com_jhotelreservation\classes\services\UserDataService.php 
2015-09-14 8:20:13 - DEBUG --> setCurrency 
2015-09-14 8:20:13 - DEBUG --> Archivo \components\com_jhotelreservation\classes\services\UserDataService.php 
2015-09-14 8:20:13 - DEBUG --> getUserData 
2015-09-14 8:20:13 - DEBUG --> Archivo \components\com_jhotelreservation\classes\services\UserDataService.php 
2015-09-14 8:20:13 - DEBUG --> getUserData 
2015-09-14 8:20:13 - DEBUG --> Archivo \components\com_jhotelreservation\classes\services\UserDataService.php 
2015-09-14 8:20:13 - DEBUG --> getUserData 
2015-09-14 8:20:13 - DEBUG --> Archivo \components\com_jhotelreservationiews\hotel	mpl\hoteloverview.php 
2015-09-14 8:20:13 - DEBUG --> Accedió 
2015-09-14 8:23:24 - DEBUG --> Archivo \components\com_jhotelreservation\classes\services\UserDataService.php 
2015-09-14 8:23:24 - DEBUG --> initializeUserData 
2015-09-14 8:23:24 - DEBUG --> UserData first: N; 
2015-09-14 8:23:24 - DEBUG --> Archivo \components\com_jhotelreservation\classes\services\UserDataService.php 
2015-09-14 8:23:24 - DEBUG --> createUserData 
2015-09-14 8:23:24 - DEBUG --> UserData end:  a:0:{} 
2015-09-14 8:55:05 - DEBUG --> Archivo \components\com_jhotelreservation\classes\services\UserDataService.php 
2015-09-14 8:55:05 - DEBUG --> initializeUserData 
2015-09-14 8:55:05 - DEBUG --> UserData first: N; 
2015-09-14 8:55:05 - DEBUG --> Archivo \components\com_jhotelreservation\classes\services\UserDataService.php 
2015-09-14 8:55:05 - DEBUG --> createUserData 
2015-09-14 8:55:05 - DEBUG --> UserData end:  a:0:{} 
2015-09-14 8:55:05 - DEBUG --> Archivo \components\com_jhotelreservation\classes\services\UserDataService.php 
2015-09-14 8:55:05 - DEBUG --> initializeUserData 
2015-09-14 8:55:05 - DEBUG --> UserData first: a:0:{} 
2015-09-14 8:55:05 - DEBUG --> UserData end:  a:0:{} 
2015-09-14 8:55:05 - DEBUG --> Archivo \components\com_jhotelreservation\classes\services\UserDataService.php 
2015-09-14 8:55:05 - DEBUG --> initializeReservationData 
2015-09-14 8:55:05 - DEBUG --> UserData: a:0:{} 
2015-09-14 8:55:05 - DEBUG --> Archivo \components\com_jhotelreservation\classes\services\UserDataService.php 
2015-09-14 8:55:05 - DEBUG --> updateUserData 
2015-09-14 8:55:05 - DEBUG --> Archivo \components\com_jhotelreservation\classes\services\UserDataService.php 
2015-09-14 8:55:05 - DEBUG --> getUserData 
2015-09-14 8:55:05 - DEBUG --> Archivo \components\com_jhotelreservation\classes\services\UserDataService.php 
2015-09-14 8:55:05 - DEBUG --> setCurrency 
2015-09-14 8:55:05 - DEBUG --> Archivo \components\com_jhotelreservation\classes\services\UserDataService.php 
2015-09-14 8:55:05 - DEBUG --> getUserData 
2015-09-14 8:55:05 - DEBUG --> Archivo \components\com_jhotelreservation\classes\services\UserDataService.php 
2015-09-14 8:55:05 - DEBUG --> getUserData 
2015-09-14 8:55:05 - DEBUG --> Archivo \components\com_jhotelreservation\classes\services\UserDataService.php 
2015-09-14 8:55:05 - DEBUG --> getUserData 
2015-09-14 8:55:05 - DEBUG --> Archivo \components\com_jhotelreservationiews\hotel	mpl\hoteloverview.php 
2015-09-14 8:55:05 - DEBUG --> Accedió 
2015-09-14 9:22:03 - DEBUG --> Archivo \components\com_jhotelreservation\classes\services\UserDataService.php 
2015-09-14 9:22:03 - DEBUG --> initializeUserData 
2015-09-14 9:22:03 - DEBUG --> UserData first: N; 
2015-09-14 9:22:03 - DEBUG --> Archivo \components\com_jhotelreservation\classes\services\UserDataService.php 
2015-09-14 9:22:03 - DEBUG --> createUserData 
2015-09-14 9:22:03 - DEBUG --> UserData end:  a:0:{} 
2015-09-14 9:22:03 - DEBUG --> Archivo \components\com_jhotelreservation\classes\services\UserDataService.php 
2015-09-14 9:22:03 - DEBUG --> initializeUserData 
2015-09-14 9:22:03 - DEBUG --> UserData first: a:0:{} 
2015-09-14 9:22:03 - DEBUG --> UserData end:  a:0:{} 
2015-09-14 9:22:03 - DEBUG --> Archivo \components\com_jhotelreservation\classes\services\UserDataService.php 
2015-09-14 9:22:03 - DEBUG --> initializeReservationData 
2015-09-14 9:22:03 - DEBUG --> UserData: a:0:{} 
2015-09-14 9:22:03 - DEBUG --> Archivo \components\com_jhotelreservation\classes\services\UserDataService.php 
2015-09-14 9:22:03 - DEBUG --> updateUserData 
2015-09-14 9:22:03 - DEBUG --> Archivo \components\com_jhotelreservation\classes\services\UserDataService.php 
2015-09-14 9:22:03 - DEBUG --> getUserData 
2015-09-14 9:22:03 - DEBUG --> Archivo \components\com_jhotelreservation\classes\services\UserDataService.php 
2015-09-14 9:22:03 - DEBUG --> setCurrency 
2015-09-14 9:22:03 - DEBUG --> Archivo \components\com_jhotelreservation\classes\services\UserDataService.php 
2015-09-14 9:22:03 - DEBUG --> getUserData 
2015-09-14 9:22:03 - DEBUG --> Archivo \components\com_jhotelreservation\classes\services\UserDataService.php 
2015-09-14 9:22:03 - DEBUG --> getUserData 
2015-09-14 9:22:03 - DEBUG --> Archivo \components\com_jhotelreservation\classes\services\UserDataService.php 
2015-09-14 9:22:03 - DEBUG --> getUserData 
2015-09-14 9:22:03 - DEBUG --> Archivo \components\com_jhotelreservationiews\hotel	mpl\hoteloverview.php 
2015-09-14 9:22:03 - DEBUG --> Accedió 
2015-09-14 11:06:02 - DEBUG --> Archivo \components\com_jhotelreservation\classes\services\UserDataService.php 
2015-09-14 11:06:02 - DEBUG --> initializeUserData 
2015-09-14 11:06:02 - DEBUG --> UserData first: N; 
2015-09-14 11:06:02 - DEBUG --> Archivo \components\com_jhotelreservation\classes\services\UserDataService.php 
2015-09-14 11:06:02 - DEBUG --> createUserData 
2015-09-14 11:06:02 - DEBUG --> UserData end:  a:0:{} 
2015-09-14 11:06:02 - DEBUG --> Archivo \components\com_jhotelreservation\classes\services\UserDataService.php 
2015-09-14 11:06:02 - DEBUG --> initializeUserData 
2015-09-14 11:06:02 - DEBUG --> UserData first: a:0:{} 
2015-09-14 11:06:02 - DEBUG --> UserData end:  a:0:{} 
2015-09-14 11:06:02 - DEBUG --> Archivo \components\com_jhotelreservation\classes\services\UserDataService.php 
2015-09-14 11:06:02 - DEBUG --> initializeReservationData 
2015-09-14 11:06:02 - DEBUG --> UserData: a:0:{} 
2015-09-14 11:06:02 - DEBUG --> Archivo \components\com_jhotelreservation\classes\services\UserDataService.php 
2015-09-14 11:06:02 - DEBUG --> updateUserData 
2015-09-14 11:06:02 - DEBUG --> Archivo \components\com_jhotelreservation\classes\services\UserDataService.php 
2015-09-14 11:06:02 - DEBUG --> getUserData 
2015-09-14 11:06:02 - DEBUG --> Archivo \components\com_jhotelreservation\classes\services\UserDataService.php 
2015-09-14 11:06:02 - DEBUG --> setCurrency 
2015-09-14 11:06:02 - DEBUG --> Archivo \components\com_jhotelreservation\classes\services\UserDataService.php 
2015-09-14 11:06:02 - DEBUG --> getUserData 
2015-09-14 11:06:02 - DEBUG --> Archivo \components\com_jhotelreservation\classes\services\UserDataService.php 
2015-09-14 11:06:02 - DEBUG --> getUserData 
2015-09-14 11:06:02 - DEBUG --> Archivo \components\com_jhotelreservation\classes\services\UserDataService.php 
2015-09-14 11:06:02 - DEBUG --> getUserData 
2015-09-14 11:06:02 - DEBUG --> Archivo \components\com_jhotelreservationiews\hotel	mpl\hoteloverview.php 
2015-09-14 11:06:02 - DEBUG --> Accedió 
2015-09-14 11:06:04 - DEBUG --> Archivo \components\com_jhotelreservation\classes\services\UserDataService.php 
2015-09-14 11:06:04 - DEBUG --> initializeUserData 
2015-09-14 11:06:04 - DEBUG --> UserData first: N; 
2015-09-14 11:06:04 - DEBUG --> Archivo \components\com_jhotelreservation\classes\services\UserDataService.php 
2015-09-14 11:06:04 - DEBUG --> createUserData 
2015-09-14 11:06:04 - DEBUG --> UserData end:  a:0:{} 
2015-09-14 11:06:04 - DEBUG --> Archivo \components\com_jhotelreservation\classes\services\UserDataService.php 
2015-09-14 11:06:04 - DEBUG --> initializeUserData 
2015-09-14 11:06:04 - DEBUG --> UserData first: a:0:{} 
2015-09-14 11:06:04 - DEBUG --> UserData end:  a:0:{} 
2015-09-14 11:06:04 - DEBUG --> Archivo \components\com_jhotelreservation\classes\services\UserDataService.php 
2015-09-14 11:06:04 - DEBUG --> initializeReservationData 
2015-09-14 11:06:04 - DEBUG --> UserData: a:0:{} 
2015-09-14 11:06:04 - DEBUG --> Archivo \components\com_jhotelreservation\classes\services\UserDataService.php 
2015-09-14 11:06:04 - DEBUG --> updateUserData 
2015-09-14 11:06:04 - DEBUG --> Archivo \components\com_jhotelreservation\classes\services\UserDataService.php 
2015-09-14 11:06:04 - DEBUG --> getUserData 
2015-09-14 11:06:04 - DEBUG --> Archivo \components\com_jhotelreservation\classes\services\UserDataService.php 
2015-09-14 11:06:04 - DEBUG --> setCurrency 
2015-09-14 11:06:04 - DEBUG --> Archivo \components\com_jhotelreservation\classes\services\UserDataService.php 
2015-09-14 11:06:04 - DEBUG --> getUserData 
2015-09-14 11:06:04 - DEBUG --> Archivo \components\com_jhotelreservation\classes\services\UserDataService.php 
2015-09-14 11:06:04 - DEBUG --> getUserData 
2015-09-14 11:06:04 - DEBUG --> Archivo \components\com_jhotelreservation\classes\services\UserDataService.php 
2015-09-14 11:06:04 - DEBUG --> getUserData 
2015-09-14 11:06:04 - DEBUG --> Archivo \components\com_jhotelreservationiews\hotel	mpl\hoteloverview.php 
2015-09-14 11:06:04 - DEBUG --> Accedió 
2015-09-14 11:06:07 - DEBUG --> Archivo \components\com_jhotelreservation\classes\services\UserDataService.php 
2015-09-14 11:06:07 - DEBUG --> initializeUserData 
2015-09-14 11:06:07 - DEBUG --> UserData first: N; 
2015-09-14 11:06:07 - DEBUG --> Archivo \components\com_jhotelreservation\classes\services\UserDataService.php 
2015-09-14 11:06:07 - DEBUG --> createUserData 
2015-09-14 11:06:07 - DEBUG --> UserData end:  a:0:{} 
2015-09-14 11:06:07 - DEBUG --> Archivo \components\com_jhotelreservation\classes\services\UserDataService.php 
2015-09-14 11:06:07 - DEBUG --> initializeUserData 
2015-09-14 11:06:07 - DEBUG --> UserData first: a:0:{} 
2015-09-14 11:06:07 - DEBUG --> UserData end:  a:0:{} 
2015-09-14 11:06:07 - DEBUG --> Archivo \components\com_jhotelreservation\classes\services\UserDataService.php 
2015-09-14 11:06:07 - DEBUG --> initializeReservationData 
2015-09-14 11:06:07 - DEBUG --> UserData: a:0:{} 
2015-09-14 11:06:07 - DEBUG --> Archivo \components\com_jhotelreservation\classes\services\UserDataService.php 
2015-09-14 11:06:07 - DEBUG --> updateUserData 
2015-09-14 11:06:07 - DEBUG --> Archivo \components\com_jhotelreservation\classes\services\UserDataService.php 
2015-09-14 11:06:07 - DEBUG --> getUserData 
2015-09-14 11:06:07 - DEBUG --> Archivo \components\com_jhotelreservation\classes\services\UserDataService.php 
2015-09-14 11:06:07 - DEBUG --> setCurrency 
2015-09-14 11:06:07 - DEBUG --> Archivo \components\com_jhotelreservation\classes\services\UserDataService.php 
2015-09-14 11:06:07 - DEBUG --> getUserData 
2015-09-14 11:06:07 - DEBUG --> Archivo \components\com_jhotelreservation\classes\services\UserDataService.php 
2015-09-14 11:06:07 - DEBUG --> getUserData 
2015-09-14 11:06:07 - DEBUG --> Archivo \components\com_jhotelreservation\classes\services\UserDataService.php 
2015-09-14 11:06:07 - DEBUG --> getUserData 
2015-09-14 11:06:07 - DEBUG --> Archivo \components\com_jhotelreservationiews\hotel	mpl\hoteloverview.php 
2015-09-14 11:06:07 - DEBUG --> Accedió 
2015-09-14 11:06:10 - DEBUG --> Archivo \components\com_jhotelreservation\classes\services\UserDataService.php 
2015-09-14 11:06:10 - DEBUG --> initializeUserData 
2015-09-14 11:06:10 - DEBUG --> UserData first: N; 
2015-09-14 11:06:10 - DEBUG --> Archivo \components\com_jhotelreservation\classes\services\UserDataService.php 
2015-09-14 11:06:10 - DEBUG --> createUserData 
2015-09-14 11:06:10 - DEBUG --> UserData end:  a:0:{} 
2015-09-14 11:06:10 - DEBUG --> Archivo \components\com_jhotelreservation\classes\services\UserDataService.php 
2015-09-14 11:06:10 - DEBUG --> initializeUserData 
2015-09-14 11:06:10 - DEBUG --> UserData first: a:0:{} 
2015-09-14 11:06:10 - DEBUG --> UserData end:  a:0:{} 
2015-09-14 11:06:10 - DEBUG --> Archivo \components\com_jhotelreservation\classes\services\UserDataService.php 
2015-09-14 11:06:10 - DEBUG --> initializeReservationData 
2015-09-14 11:06:10 - DEBUG --> UserData: a:0:{} 
2015-09-14 11:06:10 - DEBUG --> Archivo \components\com_jhotelreservation\classes\services\UserDataService.php 
2015-09-14 11:06:10 - DEBUG --> updateUserData 
2015-09-14 11:06:10 - DEBUG --> Archivo \components\com_jhotelreservation\classes\services\UserDataService.php 
2015-09-14 11:06:10 - DEBUG --> getUserData 
2015-09-14 11:06:10 - DEBUG --> Archivo \components\com_jhotelreservation\classes\services\UserDataService.php 
2015-09-14 11:06:10 - DEBUG --> setCurrency 
2015-09-14 11:06:10 - DEBUG --> Archivo \components\com_jhotelreservation\classes\services\UserDataService.php 
2015-09-14 11:06:10 - DEBUG --> getUserData 
2015-09-14 11:06:10 - DEBUG --> Archivo \components\com_jhotelreservation\classes\services\UserDataService.php 
2015-09-14 11:06:10 - DEBUG --> getUserData 
2015-09-14 11:06:10 - DEBUG --> Archivo \components\com_jhotelreservation\classes\services\UserDataService.php 
2015-09-14 11:06:10 - DEBUG --> getUserData 
2015-09-14 11:06:10 - DEBUG --> Archivo \components\com_jhotelreservationiews\hotel	mpl\hoteloverview.php 
2015-09-14 11:06:10 - DEBUG --> Accedió 
2015-09-14 11:06:12 - DEBUG --> Archivo \components\com_jhotelreservation\classes\services\UserDataService.php 
2015-09-14 11:06:12 - DEBUG --> initializeUserData 
2015-09-14 11:06:12 - DEBUG --> UserData first: N; 
2015-09-14 11:06:12 - DEBUG --> Archivo \components\com_jhotelreservation\classes\services\UserDataService.php 
2015-09-14 11:06:12 - DEBUG --> createUserData 
2015-09-14 11:06:12 - DEBUG --> UserData end:  a:0:{} 
2015-09-14 11:06:12 - DEBUG --> Archivo \components\com_jhotelreservation\classes\services\UserDataService.php 
2015-09-14 11:06:12 - DEBUG --> initializeUserData 
2015-09-14 11:06:12 - DEBUG --> UserData first: a:0:{} 
2015-09-14 11:06:12 - DEBUG --> UserData end:  a:0:{} 
2015-09-14 11:06:12 - DEBUG --> Archivo \components\com_jhotelreservation\classes\services\UserDataService.php 
2015-09-14 11:06:12 - DEBUG --> initializeReservationData 
2015-09-14 11:06:12 - DEBUG --> UserData: a:0:{} 
2015-09-14 11:06:12 - DEBUG --> Archivo \components\com_jhotelreservation\classes\services\UserDataService.php 
2015-09-14 11:06:12 - DEBUG --> updateUserData 
2015-09-14 11:06:12 - DEBUG --> Archivo \components\com_jhotelreservation\classes\services\UserDataService.php 
2015-09-14 11:06:12 - DEBUG --> getUserData 
2015-09-14 11:06:12 - DEBUG --> Archivo \components\com_jhotelreservation\classes\services\UserDataService.php 
2015-09-14 11:06:12 - DEBUG --> setCurrency 
2015-09-14 11:06:12 - DEBUG --> Archivo \components\com_jhotelreservation\classes\services\UserDataService.php 
2015-09-14 11:06:12 - DEBUG --> getUserData 
2015-09-14 11:06:12 - DEBUG --> Archivo \components\com_jhotelreservation\classes\services\UserDataService.php 
2015-09-14 11:06:12 - DEBUG --> getUserData 
2015-09-14 11:06:12 - DEBUG --> Archivo \components\com_jhotelreservation\classes\services\UserDataService.php 
2015-09-14 11:06:12 - DEBUG --> getUserData 
2015-09-14 11:06:12 - DEBUG --> Archivo \components\com_jhotelreservationiews\hotel	mpl\hoteloverview.php 
2015-09-14 11:06:12 - DEBUG --> Accedió 
2015-09-14 11:06:14 - DEBUG --> Archivo \components\com_jhotelreservation\classes\services\UserDataService.php 
2015-09-14 11:06:14 - DEBUG --> initializeUserData 
2015-09-14 11:06:14 - DEBUG --> UserData first: N; 
2015-09-14 11:06:14 - DEBUG --> Archivo \components\com_jhotelreservation\classes\services\UserDataService.php 
2015-09-14 11:06:14 - DEBUG --> createUserData 
2015-09-14 11:06:14 - DEBUG --> UserData end:  a:0:{} 
2015-09-14 11:06:14 - DEBUG --> Archivo \components\com_jhotelreservation\classes\services\UserDataService.php 
2015-09-14 11:06:14 - DEBUG --> initializeUserData 
2015-09-14 11:06:14 - DEBUG --> UserData first: a:0:{} 
2015-09-14 11:06:14 - DEBUG --> UserData end:  a:0:{} 
2015-09-14 11:06:14 - DEBUG --> Archivo \components\com_jhotelreservation\classes\services\UserDataService.php 
2015-09-14 11:06:14 - DEBUG --> initializeReservationData 
2015-09-14 11:06:14 - DEBUG --> UserData: a:0:{} 
2015-09-14 11:06:14 - DEBUG --> Archivo \components\com_jhotelreservation\classes\services\UserDataService.php 
2015-09-14 11:06:14 - DEBUG --> updateUserData 
2015-09-14 11:06:14 - DEBUG --> Archivo \components\com_jhotelreservation\classes\services\UserDataService.php 
2015-09-14 11:06:14 - DEBUG --> getUserData 
2015-09-14 11:06:14 - DEBUG --> Archivo \components\com_jhotelreservation\classes\services\UserDataService.php 
2015-09-14 11:06:14 - DEBUG --> setCurrency 
2015-09-14 11:06:14 - DEBUG --> Archivo \components\com_jhotelreservation\classes\services\UserDataService.php 
2015-09-14 11:06:14 - DEBUG --> getUserData 
2015-09-14 11:06:14 - DEBUG --> Archivo \components\com_jhotelreservation\classes\services\UserDataService.php 
2015-09-14 11:06:14 - DEBUG --> getUserData 
2015-09-14 11:06:14 - DEBUG --> Archivo \components\com_jhotelreservation\classes\services\UserDataService.php 
2015-09-14 11:06:14 - DEBUG --> getUserData 
2015-09-14 11:06:14 - DEBUG --> Archivo \components\com_jhotelreservationiews\hotel	mpl\hoteloverview.php 
2015-09-14 11:06:14 - DEBUG --> Accedió 
2015-09-14 12:01:04 - DEBUG --> Archivo \components\com_jhotelreservation\classes\services\UserDataService.php 
2015-09-14 12:01:04 - DEBUG --> initializeUserData 
2015-09-14 12:01:04 - DEBUG --> UserData first: N; 
2015-09-14 12:01:04 - DEBUG --> Archivo \components\com_jhotelreservation\classes\services\UserDataService.php 
2015-09-14 12:01:04 - DEBUG --> createUserData 
2015-09-14 12:01:04 - DEBUG --> UserData end:  a:0:{} 
2015-09-14 12:01:04 - DEBUG --> Archivo \components\com_jhotelreservation\classes\services\UserDataService.php 
2015-09-14 12:01:04 - DEBUG --> initializeUserData 
2015-09-14 12:01:04 - DEBUG --> UserData first: a:0:{} 
2015-09-14 12:01:04 - DEBUG --> UserData end:  a:0:{} 
2015-09-14 12:01:04 - DEBUG --> Archivo \components\com_jhotelreservation\classes\services\UserDataService.php 
2015-09-14 12:01:04 - DEBUG --> initializeReservationData 
2015-09-14 12:01:04 - DEBUG --> UserData: a:0:{} 
2015-09-14 12:01:04 - DEBUG --> Archivo \components\com_jhotelreservation\classes\services\UserDataService.php 
2015-09-14 12:01:04 - DEBUG --> updateUserData 
2015-09-14 12:01:04 - DEBUG --> Archivo \components\com_jhotelreservation\classes\services\UserDataService.php 
2015-09-14 12:01:04 - DEBUG --> getUserData 
2015-09-14 12:01:04 - DEBUG --> Archivo \components\com_jhotelreservation\classes\services\UserDataService.php 
2015-09-14 12:01:04 - DEBUG --> setCurrency 
2015-09-14 12:01:04 - DEBUG --> Archivo \components\com_jhotelreservation\classes\services\UserDataService.php 
2015-09-14 12:01:04 - DEBUG --> getUserData 
2015-09-14 12:01:04 - DEBUG --> Archivo \components\com_jhotelreservation\classes\services\UserDataService.php 
2015-09-14 12:01:04 - DEBUG --> getUserData 
2015-09-14 12:01:04 - DEBUG --> Archivo \components\com_jhotelreservation\classes\services\UserDataService.php 
2015-09-14 12:01:04 - DEBUG --> getUserData 
2015-09-14 12:01:04 - DEBUG --> Archivo \components\com_jhotelreservationiews\hotel	mpl\hoteloverview.php 
2015-09-14 12:01:04 - DEBUG --> Accedió 
2015-09-14 12:01:07 - DEBUG --> Archivo \components\com_jhotelreservation\classes\services\UserDataService.php 
2015-09-14 12:01:07 - DEBUG --> initializeUserData 
2015-09-14 12:01:07 - DEBUG --> UserData first: N; 
2015-09-14 12:01:07 - DEBUG --> Archivo \components\com_jhotelreservation\classes\services\UserDataService.php 
2015-09-14 12:01:07 - DEBUG --> createUserData 
2015-09-14 12:01:07 - DEBUG --> UserData end:  a:0:{} 
2015-09-14 12:01:07 - DEBUG --> Archivo \components\com_jhotelreservation\classes\services\UserDataService.php 
2015-09-14 12:01:07 - DEBUG --> initializeUserData 
2015-09-14 12:01:07 - DEBUG --> UserData first: a:0:{} 
2015-09-14 12:01:07 - DEBUG --> UserData end:  a:0:{} 
2015-09-14 12:01:07 - DEBUG --> Archivo \components\com_jhotelreservation\classes\services\UserDataService.php 
2015-09-14 12:01:07 - DEBUG --> initializeReservationData 
2015-09-14 12:01:07 - DEBUG --> UserData: a:0:{} 
2015-09-14 12:01:07 - DEBUG --> Archivo \components\com_jhotelreservation\classes\services\UserDataService.php 
2015-09-14 12:01:07 - DEBUG --> updateUserData 
2015-09-14 12:01:07 - DEBUG --> Archivo \components\com_jhotelreservation\classes\services\UserDataService.php 
2015-09-14 12:01:07 - DEBUG --> getUserData 
2015-09-14 12:01:07 - DEBUG --> Archivo \components\com_jhotelreservation\classes\services\UserDataService.php 
2015-09-14 12:01:07 - DEBUG --> setCurrency 
2015-09-14 12:01:07 - DEBUG --> Archivo \components\com_jhotelreservation\classes\services\UserDataService.php 
2015-09-14 12:01:07 - DEBUG --> getUserData 
2015-09-14 12:01:07 - DEBUG --> Archivo \components\com_jhotelreservation\classes\services\UserDataService.php 
2015-09-14 12:01:07 - DEBUG --> getUserData 
2015-09-14 12:01:07 - DEBUG --> Archivo \components\com_jhotelreservation\classes\services\UserDataService.php 
2015-09-14 12:01:07 - DEBUG --> getUserData 
2015-09-14 12:01:07 - DEBUG --> Archivo \components\com_jhotelreservationiews\hotel	mpl\hoteloverview.php 
2015-09-14 12:01:07 - DEBUG --> Accedió 
2015-09-14 12:01:10 - DEBUG --> Archivo \components\com_jhotelreservation\classes\services\UserDataService.php 
2015-09-14 12:01:10 - DEBUG --> initializeUserData 
2015-09-14 12:01:10 - DEBUG --> UserData first: N; 
2015-09-14 12:01:10 - DEBUG --> Archivo \components\com_jhotelreservation\classes\services\UserDataService.php 
2015-09-14 12:01:10 - DEBUG --> createUserData 
2015-09-14 12:01:10 - DEBUG --> UserData end:  a:0:{} 
2015-09-14 12:01:10 - DEBUG --> Archivo \components\com_jhotelreservation\classes\services\UserDataService.php 
2015-09-14 12:01:10 - DEBUG --> initializeUserData 
2015-09-14 12:01:10 - DEBUG --> UserData first: a:0:{} 
2015-09-14 12:01:10 - DEBUG --> UserData end:  a:0:{} 
2015-09-14 12:01:10 - DEBUG --> Archivo \components\com_jhotelreservation\classes\services\UserDataService.php 
2015-09-14 12:01:10 - DEBUG --> initializeReservationData 
2015-09-14 12:01:10 - DEBUG --> UserData: a:0:{} 
2015-09-14 12:01:10 - DEBUG --> Archivo \components\com_jhotelreservation\classes\services\UserDataService.php 
2015-09-14 12:01:10 - DEBUG --> updateUserData 
2015-09-14 12:01:10 - DEBUG --> Archivo \components\com_jhotelreservation\classes\services\UserDataService.php 
2015-09-14 12:01:10 - DEBUG --> getUserData 
2015-09-14 12:01:10 - DEBUG --> Archivo \components\com_jhotelreservation\classes\services\UserDataService.php 
2015-09-14 12:01:10 - DEBUG --> setCurrency 
2015-09-14 12:01:10 - DEBUG --> Archivo \components\com_jhotelreservation\classes\services\UserDataService.php 
2015-09-14 12:01:10 - DEBUG --> getUserData 
2015-09-14 12:01:10 - DEBUG --> Archivo \components\com_jhotelreservation\classes\services\UserDataService.php 
2015-09-14 12:01:10 - DEBUG --> getUserData 
2015-09-14 12:01:10 - DEBUG --> Archivo \components\com_jhotelreservation\classes\services\UserDataService.php 
2015-09-14 12:01:10 - DEBUG --> getUserData 
2015-09-14 12:01:10 - DEBUG --> Archivo \components\com_jhotelreservationiews\hotel	mpl\hoteloverview.php 
2015-09-14 12:01:10 - DEBUG --> Accedió 
2015-09-14 12:01:12 - DEBUG --> Archivo \components\com_jhotelreservation\classes\services\UserDataService.php 
2015-09-14 12:01:12 - DEBUG --> initializeUserData 
2015-09-14 12:01:12 - DEBUG --> UserData first: N; 
2015-09-14 12:01:12 - DEBUG --> Archivo \components\com_jhotelreservation\classes\services\UserDataService.php 
2015-09-14 12:01:12 - DEBUG --> createUserData 
2015-09-14 12:01:12 - DEBUG --> UserData end:  a:0:{} 
2015-09-14 12:01:12 - DEBUG --> Archivo \components\com_jhotelreservation\classes\services\UserDataService.php 
2015-09-14 12:01:12 - DEBUG --> initializeUserData 
2015-09-14 12:01:12 - DEBUG --> UserData first: a:0:{} 
2015-09-14 12:01:12 - DEBUG --> UserData end:  a:0:{} 
2015-09-14 12:01:12 - DEBUG --> Archivo \components\com_jhotelreservation\classes\services\UserDataService.php 
2015-09-14 12:01:12 - DEBUG --> initializeReservationData 
2015-09-14 12:01:12 - DEBUG --> UserData: a:0:{} 
2015-09-14 12:01:12 - DEBUG --> Archivo \components\com_jhotelreservation\classes\services\UserDataService.php 
2015-09-14 12:01:12 - DEBUG --> updateUserData 
2015-09-14 12:01:12 - DEBUG --> Archivo \components\com_jhotelreservation\classes\services\UserDataService.php 
2015-09-14 12:01:12 - DEBUG --> getUserData 
2015-09-14 12:01:12 - DEBUG --> Archivo \components\com_jhotelreservation\classes\services\UserDataService.php 
2015-09-14 12:01:12 - DEBUG --> setCurrency 
2015-09-14 12:01:12 - DEBUG --> Archivo \components\com_jhotelreservation\classes\services\UserDataService.php 
2015-09-14 12:01:12 - DEBUG --> getUserData 
2015-09-14 12:01:12 - DEBUG --> Archivo \components\com_jhotelreservation\classes\services\UserDataService.php 
2015-09-14 12:01:12 - DEBUG --> getUserData 
2015-09-14 12:01:12 - DEBUG --> Archivo \components\com_jhotelreservation\classes\services\UserDataService.php 
2015-09-14 12:01:12 - DEBUG --> getUserData 
2015-09-14 12:01:12 - DEBUG --> Archivo \components\com_jhotelreservationiews\hotel	mpl\hoteloverview.php 
2015-09-14 12:01:12 - DEBUG --> Accedió 
2015-09-14 14:58:36 - DEBUG --> Archivo \components\com_jhotelreservation\classes\services\UserDataService.php 
2015-09-14 14:58:36 - DEBUG --> initializeUserData 
2015-09-14 14:58:36 - DEBUG --> UserData first: N; 
2015-09-14 14:58:36 - DEBUG --> Archivo \components\com_jhotelreservation\classes\services\UserDataService.php 
2015-09-14 14:58:36 - DEBUG --> createUserData 
2015-09-14 14:58:36 - DEBUG --> UserData end:  a:0:{} 
2015-09-14 14:58:36 - DEBUG --> Archivo \components\com_jhotelreservation\classes\services\UserDataService.php 
2015-09-14 14:58:36 - DEBUG --> initializeUserData 
2015-09-14 14:58:36 - DEBUG --> UserData first: a:0:{} 
2015-09-14 14:58:36 - DEBUG --> UserData end:  a:0:{} 
2015-09-14 14:58:36 - DEBUG --> Archivo \components\com_jhotelreservation\classes\services\UserDataService.php 
2015-09-14 14:58:36 - DEBUG --> initializeReservationData 
2015-09-14 14:58:36 - DEBUG --> UserData: a:0:{} 
2015-09-14 14:58:36 - DEBUG --> Archivo \components\com_jhotelreservation\classes\services\UserDataService.php 
2015-09-14 14:58:36 - DEBUG --> updateUserData 
2015-09-14 14:58:36 - DEBUG --> Archivo \components\com_jhotelreservation\classes\services\UserDataService.php 
2015-09-14 14:58:36 - DEBUG --> getUserData 
2015-09-14 14:58:36 - DEBUG --> Archivo \components\com_jhotelreservation\classes\services\UserDataService.php 
2015-09-14 14:58:36 - DEBUG --> setCurrency 
2015-09-14 14:58:36 - DEBUG --> Archivo \components\com_jhotelreservation\classes\services\UserDataService.php 
2015-09-14 14:58:36 - DEBUG --> getUserData 
2015-09-14 14:58:36 - DEBUG --> Archivo \components\com_jhotelreservation\classes\services\UserDataService.php 
2015-09-14 14:58:36 - DEBUG --> getUserData 
2015-09-14 14:58:36 - DEBUG --> Archivo \components\com_jhotelreservation\classes\services\UserDataService.php 
2015-09-14 14:58:36 - DEBUG --> getUserData 
2015-09-14 14:58:36 - DEBUG --> Archivo \components\com_jhotelreservationiews\hotel	mpl\hoteloverview.php 
2015-09-14 14:58:36 - DEBUG --> Accedió 
2015-09-14 14:58:37 - DEBUG --> Archivo \components\com_jhotelreservation\classes\services\UserDataService.php 
2015-09-14 14:58:37 - DEBUG --> initializeUserData 
2015-09-14 14:58:37 - DEBUG --> UserData first: N; 
2015-09-14 14:58:37 - DEBUG --> Archivo \components\com_jhotelreservation\classes\services\UserDataService.php 
2015-09-14 14:58:37 - DEBUG --> createUserData 
2015-09-14 14:58:37 - DEBUG --> UserData end:  a:0:{} 
2015-09-14 14:58:37 - DEBUG --> Archivo \components\com_jhotelreservation\classes\services\UserDataService.php 
2015-09-14 14:58:37 - DEBUG --> initializeUserData 
2015-09-14 14:58:37 - DEBUG --> UserData first: a:0:{} 
2015-09-14 14:58:37 - DEBUG --> UserData end:  a:0:{} 
2015-09-14 14:58:37 - DEBUG --> Archivo \components\com_jhotelreservation\classes\services\UserDataService.php 
2015-09-14 14:58:37 - DEBUG --> initializeReservationData 
2015-09-14 14:58:37 - DEBUG --> UserData: a:0:{} 
2015-09-14 14:58:37 - DEBUG --> Archivo \components\com_jhotelreservation\classes\services\UserDataService.php 
2015-09-14 14:58:37 - DEBUG --> updateUserData 
2015-09-14 14:58:37 - DEBUG --> Archivo \components\com_jhotelreservation\classes\services\UserDataService.php 
2015-09-14 14:58:37 - DEBUG --> getUserData 
2015-09-14 14:58:37 - DEBUG --> Archivo \components\com_jhotelreservation\classes\services\UserDataService.php 
2015-09-14 14:58:37 - DEBUG --> setCurrency 
2015-09-14 14:58:37 - DEBUG --> Archivo \components\com_jhotelreservation\classes\services\UserDataService.php 
2015-09-14 14:58:37 - DEBUG --> getUserData 
2015-09-14 14:58:37 - DEBUG --> Archivo \components\com_jhotelreservation\classes\services\UserDataService.php 
2015-09-14 14:58:37 - DEBUG --> getUserData 
2015-09-14 14:58:37 - DEBUG --> Archivo \components\com_jhotelreservation\classes\services\UserDataService.php 
2015-09-14 14:58:37 - DEBUG --> getUserData 
2015-09-14 14:58:37 - DEBUG --> Archivo \components\com_jhotelreservation\classes\services\UserDataService.php 
2015-09-14 14:58:37 - DEBUG --> initializeUserData 
2015-09-14 14:58:37 - DEBUG --> UserData first: N; 
2015-09-14 14:58:37 - DEBUG --> Archivo \components\com_jhotelreservation\classes\services\UserDataService.php 
2015-09-14 14:58:37 - DEBUG --> createUserData 
2015-09-14 14:58:37 - DEBUG --> UserData end:  a:0:{} 
2015-09-14 14:58:37 - DEBUG --> Archivo \components\com_jhotelreservation\classes\services\UserDataService.php 
2015-09-14 14:58:37 - DEBUG --> initializeUserData 
2015-09-14 14:58:37 - DEBUG --> UserData first: a:0:{} 
2015-09-14 14:58:37 - DEBUG --> UserData end:  a:0:{} 
2015-09-14 14:58:37 - DEBUG --> Archivo \components\com_jhotelreservation\classes\services\UserDataService.php 
2015-09-14 14:58:37 - DEBUG --> initializeReservationData 
2015-09-14 14:58:37 - DEBUG --> UserData: a:0:{} 
2015-09-14 14:58:37 - DEBUG --> Archivo \components\com_jhotelreservation\classes\services\UserDataService.php 
2015-09-14 14:58:37 - DEBUG --> updateUserData 
2015-09-14 14:58:37 - DEBUG --> Archivo \components\com_jhotelreservation\classes\services\UserDataService.php 
2015-09-14 14:58:37 - DEBUG --> getUserData 
2015-09-14 14:58:37 - DEBUG --> Archivo \components\com_jhotelreservation\classes\services\UserDataService.php 
2015-09-14 14:58:37 - DEBUG --> setCurrency 
2015-09-14 14:58:37 - DEBUG --> Archivo \components\com_jhotelreservation\classes\services\UserDataService.php 
2015-09-14 14:58:37 - DEBUG --> getUserData 
2015-09-14 14:58:37 - DEBUG --> Archivo \components\com_jhotelreservation\classes\services\UserDataService.php 
2015-09-14 14:58:37 - DEBUG --> getUserData 
2015-09-14 14:58:37 - DEBUG --> Archivo \components\com_jhotelreservation\classes\services\UserDataService.php 
2015-09-14 14:58:37 - DEBUG --> getUserData 
2015-09-14 14:58:37 - DEBUG --> Archivo \components\com_jhotelreservationiews\hotel	mpl\hoteloverview.php 
2015-09-14 14:58:37 - DEBUG --> Accedió 
2015-09-14 14:58:38 - DEBUG --> Archivo \components\com_jhotelreservation\classes\services\UserDataService.php 
2015-09-14 14:58:38 - DEBUG --> initializeUserData 
2015-09-14 14:58:38 - DEBUG --> UserData first: N; 
2015-09-14 14:58:38 - DEBUG --> Archivo \components\com_jhotelreservation\classes\services\UserDataService.php 
2015-09-14 14:58:38 - DEBUG --> createUserData 
2015-09-14 14:58:38 - DEBUG --> UserData end:  a:0:{} 
2015-09-14 14:58:38 - DEBUG --> Archivo \components\com_jhotelreservation\classes\services\UserDataService.php 
2015-09-14 14:58:38 - DEBUG --> initializeUserData 
2015-09-14 14:58:38 - DEBUG --> UserData first: a:0:{} 
2015-09-14 14:58:38 - DEBUG --> UserData end:  a:0:{} 
2015-09-14 14:58:38 - DEBUG --> Archivo \components\com_jhotelreservation\classes\services\UserDataService.php 
2015-09-14 14:58:38 - DEBUG --> initializeReservationData 
2015-09-14 14:58:38 - DEBUG --> UserData: a:0:{} 
2015-09-14 14:58:38 - DEBUG --> Archivo \components\com_jhotelreservation\classes\services\UserDataService.php 
2015-09-14 14:58:38 - DEBUG --> updateUserData 
2015-09-14 14:58:38 - DEBUG --> Archivo \components\com_jhotelreservation\classes\services\UserDataService.php 
2015-09-14 14:58:38 - DEBUG --> getUserData 
2015-09-14 14:58:38 - DEBUG --> Archivo \components\com_jhotelreservation\classes\services\UserDataService.php 
2015-09-14 14:58:38 - DEBUG --> setCurrency 
2015-09-14 14:58:38 - DEBUG --> Archivo \components\com_jhotelreservation\classes\services\UserDataService.php 
2015-09-14 14:58:38 - DEBUG --> getUserData 
2015-09-14 14:58:38 - DEBUG --> Archivo \components\com_jhotelreservation\classes\services\UserDataService.php 
2015-09-14 14:58:38 - DEBUG --> getUserData 
2015-09-14 14:58:38 - DEBUG --> Archivo \components\com_jhotelreservation\classes\services\UserDataService.php 
2015-09-14 14:58:38 - DEBUG --> getUserData 
2015-09-14 14:58:38 - DEBUG --> Archivo \components\com_jhotelreservation\classes\services\UserDataService.php 
2015-09-14 14:58:38 - DEBUG --> initializeUserData 
2015-09-14 14:58:38 - DEBUG --> UserData first: N; 
2015-09-14 14:58:38 - DEBUG --> Archivo \components\com_jhotelreservation\classes\services\UserDataService.php 
2015-09-14 14:58:38 - DEBUG --> createUserData 
2015-09-14 14:58:38 - DEBUG --> UserData end:  a:0:{} 
2015-09-14 14:58:38 - DEBUG --> Archivo \components\com_jhotelreservation\classes\services\UserDataService.php 
2015-09-14 14:58:38 - DEBUG --> initializeUserData 
2015-09-14 14:58:38 - DEBUG --> UserData first: a:0:{} 
2015-09-14 14:58:38 - DEBUG --> UserData end:  a:0:{} 
2015-09-14 14:58:38 - DEBUG --> Archivo \components\com_jhotelreservation\classes\services\UserDataService.php 
2015-09-14 14:58:38 - DEBUG --> initializeReservationData 
2015-09-14 14:58:38 - DEBUG --> UserData: a:0:{} 
2015-09-14 14:58:38 - DEBUG --> Archivo \components\com_jhotelreservation\classes\services\UserDataService.php 
2015-09-14 14:58:38 - DEBUG --> updateUserData 
2015-09-14 14:58:38 - DEBUG --> Archivo \components\com_jhotelreservation\classes\services\UserDataService.php 
2015-09-14 14:58:38 - DEBUG --> getUserData 
2015-09-14 14:58:38 - DEBUG --> Archivo \components\com_jhotelreservation\classes\services\UserDataService.php 
2015-09-14 14:58:38 - DEBUG --> setCurrency 
2015-09-14 14:58:38 - DEBUG --> Archivo \components\com_jhotelreservation\classes\services\UserDataService.php 
2015-09-14 14:58:38 - DEBUG --> getUserData 
2015-09-14 14:58:38 - DEBUG --> Archivo \components\com_jhotelreservation\classes\services\UserDataService.php 
2015-09-14 14:58:38 - DEBUG --> getUserData 
2015-09-14 14:58:38 - DEBUG --> Archivo \components\com_jhotelreservation\classes\services\UserDataService.php 
2015-09-14 14:58:38 - DEBUG --> getUserData 
2015-09-14 14:58:38 - DEBUG --> Archivo \components\com_jhotelreservationiews\hotel	mpl\hoteloverview.php 
2015-09-14 14:58:38 - DEBUG --> Accedió 
2015-09-14 14:58:39 - DEBUG --> Archivo \components\com_jhotelreservation\classes\services\UserDataService.php 
2015-09-14 14:58:39 - DEBUG --> initializeUserData 
2015-09-14 14:58:39 - DEBUG --> UserData first: N; 
2015-09-14 14:58:39 - DEBUG --> Archivo \components\com_jhotelreservation\classes\services\UserDataService.php 
2015-09-14 14:58:39 - DEBUG --> createUserData 
2015-09-14 14:58:39 - DEBUG --> UserData end:  a:0:{} 
2015-09-14 14:58:39 - DEBUG --> Archivo \components\com_jhotelreservation\classes\services\UserDataService.php 
2015-09-14 14:58:39 - DEBUG --> initializeUserData 
2015-09-14 14:58:39 - DEBUG --> UserData first: a:0:{} 
2015-09-14 14:58:39 - DEBUG --> UserData end:  a:0:{} 
2015-09-14 14:58:39 - DEBUG --> Archivo \components\com_jhotelreservation\classes\services\UserDataService.php 
2015-09-14 14:58:39 - DEBUG --> initializeReservationData 
2015-09-14 14:58:39 - DEBUG --> UserData: a:0:{} 
2015-09-14 14:58:39 - DEBUG --> Archivo \components\com_jhotelreservation\classes\services\UserDataService.php 
2015-09-14 14:58:39 - DEBUG --> updateUserData 
2015-09-14 14:58:39 - DEBUG --> Archivo \components\com_jhotelreservation\classes\services\UserDataService.php 
2015-09-14 14:58:39 - DEBUG --> getUserData 
2015-09-14 14:58:39 - DEBUG --> Archivo \components\com_jhotelreservation\classes\services\UserDataService.php 
2015-09-14 14:58:39 - DEBUG --> setCurrency 
2015-09-14 14:58:39 - DEBUG --> Archivo \components\com_jhotelreservation\classes\services\UserDataService.php 
2015-09-14 14:58:39 - DEBUG --> getUserData 
2015-09-14 14:58:39 - DEBUG --> Archivo \components\com_jhotelreservation\classes\services\UserDataService.php 
2015-09-14 14:58:39 - DEBUG --> getUserData 
2015-09-14 14:58:39 - DEBUG --> Archivo \components\com_jhotelreservation\classes\services\UserDataService.php 
2015-09-14 14:58:39 - DEBUG --> getUserData 
2015-09-14 14:58:39 - DEBUG --> Archivo \components\com_jhotelreservationiews\hotel	mpl\hoteloverview.php 
2015-09-14 14:58:39 - DEBUG --> Accedió 
2015-09-14 14:58:39 - DEBUG --> Archivo \components\com_jhotelreservation\classes\services\UserDataService.php 
2015-09-14 14:58:39 - DEBUG --> initializeUserData 
2015-09-14 14:58:39 - DEBUG --> UserData first: N; 
2015-09-14 14:58:39 - DEBUG --> Archivo \components\com_jhotelreservation\classes\services\UserDataService.php 
2015-09-14 14:58:39 - DEBUG --> createUserData 
2015-09-14 14:58:39 - DEBUG --> UserData end:  a:0:{} 
2015-09-14 14:58:39 - DEBUG --> Archivo \components\com_jhotelreservation\classes\services\UserDataService.php 
2015-09-14 14:58:39 - DEBUG --> initializeUserData 
2015-09-14 14:58:39 - DEBUG --> UserData first: a:0:{} 
2015-09-14 14:58:39 - DEBUG --> UserData end:  a:0:{} 
2015-09-14 14:58:39 - DEBUG --> Archivo \components\com_jhotelreservation\classes\services\UserDataService.php 
2015-09-14 14:58:39 - DEBUG --> initializeReservationData 
2015-09-14 14:58:39 - DEBUG --> UserData: a:0:{} 
2015-09-14 14:58:39 - DEBUG --> Archivo \components\com_jhotelreservation\classes\services\UserDataService.php 
2015-09-14 14:58:39 - DEBUG --> updateUserData 
2015-09-14 14:58:39 - DEBUG --> Archivo \components\com_jhotelreservation\classes\services\UserDataService.php 
2015-09-14 14:58:39 - DEBUG --> getUserData 
2015-09-14 14:58:39 - DEBUG --> Archivo \components\com_jhotelreservation\classes\services\UserDataService.php 
2015-09-14 14:58:39 - DEBUG --> setCurrency 
2015-09-14 14:58:39 - DEBUG --> Archivo \components\com_jhotelreservation\classes\services\UserDataService.php 
2015-09-14 14:58:39 - DEBUG --> getUserData 
2015-09-14 14:58:39 - DEBUG --> Archivo \components\com_jhotelreservation\classes\services\UserDataService.php 
2015-09-14 14:58:39 - DEBUG --> getUserData 
2015-09-14 14:58:39 - DEBUG --> Archivo \components\com_jhotelreservation\classes\services\UserDataService.php 
2015-09-14 14:58:39 - DEBUG --> getUserData 
2015-09-14 14:58:40 - DEBUG --> Archivo \components\com_jhotelreservation\classes\services\UserDataService.php 
2015-09-14 14:58:40 - DEBUG --> initializeUserData 
2015-09-14 14:58:40 - DEBUG --> UserData first: N; 
2015-09-14 14:58:40 - DEBUG --> Archivo \components\com_jhotelreservation\classes\services\UserDataService.php 
2015-09-14 14:58:40 - DEBUG --> createUserData 
2015-09-14 14:58:40 - DEBUG --> UserData end:  a:0:{} 
2015-09-14 14:58:40 - DEBUG --> Archivo \components\com_jhotelreservation\classes\services\UserDataService.php 
2015-09-14 14:58:40 - DEBUG --> initializeUserData 
2015-09-14 14:58:40 - DEBUG --> UserData first: a:0:{} 
2015-09-14 14:58:40 - DEBUG --> UserData end:  a:0:{} 
2015-09-14 14:58:40 - DEBUG --> Archivo \components\com_jhotelreservation\classes\services\UserDataService.php 
2015-09-14 14:58:40 - DEBUG --> initializeReservationData 
2015-09-14 14:58:40 - DEBUG --> UserData: a:0:{} 
2015-09-14 14:58:40 - DEBUG --> Archivo \components\com_jhotelreservation\classes\services\UserDataService.php 
2015-09-14 14:58:40 - DEBUG --> updateUserData 
2015-09-14 14:58:40 - DEBUG --> Archivo \components\com_jhotelreservation\classes\services\UserDataService.php 
2015-09-14 14:58:40 - DEBUG --> getUserData 
2015-09-14 14:58:40 - DEBUG --> Archivo \components\com_jhotelreservation\classes\services\UserDataService.php 
2015-09-14 14:58:40 - DEBUG --> setCurrency 
2015-09-14 14:58:40 - DEBUG --> Archivo \components\com_jhotelreservation\classes\services\UserDataService.php 
2015-09-14 14:58:40 - DEBUG --> getUserData 
2015-09-14 14:58:40 - DEBUG --> Archivo \components\com_jhotelreservation\classes\services\UserDataService.php 
2015-09-14 14:58:40 - DEBUG --> getUserData 
2015-09-14 14:58:40 - DEBUG --> Archivo \components\com_jhotelreservation\classes\services\UserDataService.php 
2015-09-14 14:58:40 - DEBUG --> getUserData 
2015-09-14 14:58:40 - DEBUG --> Archivo \components\com_jhotelreservationiews\hotel	mpl\hoteloverview.php 
2015-09-14 14:58:40 - DEBUG --> Accedió 
2015-09-14 14:58:54 - DEBUG --> Archivo \components\com_jhotelreservation\classes\services\UserDataService.php 
2015-09-14 14:58:54 - DEBUG --> initializeUserData 
2015-09-14 14:58:54 - DEBUG --> UserData first: N; 
2015-09-14 14:58:54 - DEBUG --> Archivo \components\com_jhotelreservation\classes\services\UserDataService.php 
2015-09-14 14:58:54 - DEBUG --> createUserData 
2015-09-14 14:58:54 - DEBUG --> UserData end:  a:0:{} 
2015-09-14 14:58:54 - DEBUG --> Archivo \components\com_jhotelreservation\classes\services\UserDataService.php 
2015-09-14 14:58:54 - DEBUG --> initializeUserData 
2015-09-14 14:58:54 - DEBUG --> UserData first: a:0:{} 
2015-09-14 14:58:54 - DEBUG --> UserData end:  a:0:{} 
2015-09-14 14:58:54 - DEBUG --> Archivo \components\com_jhotelreservation\classes\services\UserDataService.php 
2015-09-14 14:58:54 - DEBUG --> initializeReservationData 
2015-09-14 14:58:54 - DEBUG --> UserData: a:0:{} 
2015-09-14 14:58:54 - DEBUG --> Archivo \components\com_jhotelreservation\classes\services\UserDataService.php 
2015-09-14 14:58:54 - DEBUG --> updateUserData 
2015-09-14 14:58:54 - DEBUG --> Archivo \components\com_jhotelreservation\classes\services\UserDataService.php 
2015-09-14 14:58:54 - DEBUG --> getUserData 
2015-09-14 14:58:54 - DEBUG --> Archivo \components\com_jhotelreservation\classes\services\UserDataService.php 
2015-09-14 14:58:54 - DEBUG --> setCurrency 
2015-09-14 14:58:54 - DEBUG --> Archivo \components\com_jhotelreservation\classes\services\UserDataService.php 
2015-09-14 14:58:54 - DEBUG --> getUserData 
2015-09-14 14:58:54 - DEBUG --> Archivo \components\com_jhotelreservation\classes\services\UserDataService.php 
2015-09-14 14:58:54 - DEBUG --> getUserData 
2015-09-14 14:58:54 - DEBUG --> Archivo \components\com_jhotelreservation\classes\services\UserDataService.php 
2015-09-14 14:58:54 - DEBUG --> getUserData 
2015-09-14 14:58:54 - DEBUG --> Archivo \components\com_jhotelreservationiews\hotel	mpl\hoteloverview.php 
2015-09-14 14:58:54 - DEBUG --> Accedió 
2015-09-14 15:30:58 - DEBUG --> Archivo \components\com_jhotelreservation\classes\services\UserDataService.php 
2015-09-14 15:30:58 - DEBUG --> initializeUserData 
2015-09-14 15:30:58 - DEBUG --> UserData first: N; 
2015-09-14 15:30:58 - DEBUG --> Archivo \components\com_jhotelreservation\classes\services\UserDataService.php 
2015-09-14 15:30:58 - DEBUG --> createUserData 
2015-09-14 15:30:58 - DEBUG --> UserData end:  a:0:{} 
2015-09-14 15:30:58 - DEBUG --> Archivo \components\com_jhotelreservation\classes\services\UserDataService.php 
2015-09-14 15:30:58 - DEBUG --> initializeUserData 
2015-09-14 15:30:58 - DEBUG --> UserData first: a:0:{} 
2015-09-14 15:30:58 - DEBUG --> UserData end:  a:0:{} 
2015-09-14 15:30:58 - DEBUG --> Archivo \components\com_jhotelreservation\classes\services\UserDataService.php 
2015-09-14 15:30:58 - DEBUG --> initializeReservationData 
2015-09-14 15:30:58 - DEBUG --> UserData: a:0:{} 
2015-09-14 15:30:58 - DEBUG --> Archivo \components\com_jhotelreservation\classes\services\UserDataService.php 
2015-09-14 15:30:58 - DEBUG --> updateUserData 
2015-09-14 15:30:58 - DEBUG --> Archivo \components\com_jhotelreservation\classes\services\UserDataService.php 
2015-09-14 15:30:58 - DEBUG --> getUserData 
2015-09-14 15:30:58 - DEBUG --> Archivo \components\com_jhotelreservation\classes\services\UserDataService.php 
2015-09-14 15:30:58 - DEBUG --> setCurrency 
2015-09-14 15:30:58 - DEBUG --> Archivo \components\com_jhotelreservation\classes\services\UserDataService.php 
2015-09-14 15:30:58 - DEBUG --> getUserData 
2015-09-14 15:30:58 - DEBUG --> Archivo \components\com_jhotelreservation\classes\services\UserDataService.php 
2015-09-14 15:30:58 - DEBUG --> getUserData 
2015-09-14 15:30:58 - DEBUG --> Archivo \components\com_jhotelreservation\classes\services\UserDataService.php 
2015-09-14 15:30:58 - DEBUG --> getUserData 
2015-09-14 15:30:58 - DEBUG --> Archivo \components\com_jhotelreservationiews\hotel	mpl\hoteloverview.php 
2015-09-14 15:30:58 - DEBUG --> Accedió 
2015-09-14 16:25:20 - DEBUG --> Archivo \components\com_jhotelreservation\classes\services\UserDataService.php 
2015-09-14 16:25:20 - DEBUG --> initializeUserData 
2015-09-14 16:25:20 - DEBUG --> UserData first: N; 
2015-09-14 16:25:20 - DEBUG --> Archivo \components\com_jhotelreservation\classes\services\UserDataService.php 
2015-09-14 16:25:20 - DEBUG --> createUserData 
2015-09-14 16:25:20 - DEBUG --> UserData end:  a:0:{} 
2015-09-14 16:25:20 - DEBUG --> Archivo \components\com_jhotelreservation\classes\services\UserDataService.php 
2015-09-14 16:25:20 - DEBUG --> initializeUserData 
2015-09-14 16:25:20 - DEBUG --> UserData first: a:0:{} 
2015-09-14 16:25:20 - DEBUG --> UserData end:  a:0:{} 
2015-09-14 16:25:20 - DEBUG --> Archivo \components\com_jhotelreservation\classes\services\UserDataService.php 
2015-09-14 16:25:20 - DEBUG --> initializeReservationData 
2015-09-14 16:25:20 - DEBUG --> UserData: a:0:{} 
2015-09-14 16:25:20 - DEBUG --> Archivo \components\com_jhotelreservation\classes\services\UserDataService.php 
2015-09-14 16:25:20 - DEBUG --> updateUserData 
2015-09-14 16:25:20 - DEBUG --> Archivo \components\com_jhotelreservation\classes\services\UserDataService.php 
2015-09-14 16:25:20 - DEBUG --> getUserData 
2015-09-14 16:25:20 - DEBUG --> Archivo \components\com_jhotelreservation\classes\services\UserDataService.php 
2015-09-14 16:25:20 - DEBUG --> setCurrency 
2015-09-14 16:25:20 - DEBUG --> Archivo \components\com_jhotelreservation\classes\services\UserDataService.php 
2015-09-14 16:25:20 - DEBUG --> getUserData 
2015-09-14 16:25:20 - DEBUG --> Archivo \components\com_jhotelreservation\classes\services\UserDataService.php 
2015-09-14 16:25:20 - DEBUG --> getUserData 
2015-09-14 16:25:20 - DEBUG --> Archivo \components\com_jhotelreservation\classes\services\UserDataService.php 
2015-09-14 16:25:20 - DEBUG --> getUserData 
2015-09-14 16:25:20 - DEBUG --> Archivo \components\com_jhotelreservation\classes\services\UserDataService.php 
2015-09-14 16:25:20 - DEBUG --> initializeUserData 
2015-09-14 16:25:20 - DEBUG --> UserData first: N; 
2015-09-14 16:25:20 - DEBUG --> Archivo \components\com_jhotelreservation\classes\services\UserDataService.php 
2015-09-14 16:25:20 - DEBUG --> createUserData 
2015-09-14 16:25:20 - DEBUG --> UserData end:  a:0:{} 
2015-09-14 16:25:20 - DEBUG --> Archivo \components\com_jhotelreservation\classes\services\UserDataService.php 
2015-09-14 16:25:20 - DEBUG --> initializeUserData 
2015-09-14 16:25:20 - DEBUG --> UserData first: a:0:{} 
2015-09-14 16:25:20 - DEBUG --> UserData end:  a:0:{} 
2015-09-14 16:25:20 - DEBUG --> Archivo \components\com_jhotelreservation\classes\services\UserDataService.php 
2015-09-14 16:25:20 - DEBUG --> initializeReservationData 
2015-09-14 16:25:20 - DEBUG --> UserData: a:0:{} 
2015-09-14 16:25:20 - DEBUG --> Archivo \components\com_jhotelreservation\classes\services\UserDataService.php 
2015-09-14 16:25:20 - DEBUG --> updateUserData 
2015-09-14 16:25:20 - DEBUG --> Archivo \components\com_jhotelreservation\classes\services\UserDataService.php 
2015-09-14 16:25:20 - DEBUG --> getUserData 
2015-09-14 16:25:20 - DEBUG --> Archivo \components\com_jhotelreservation\classes\services\UserDataService.php 
2015-09-14 16:25:20 - DEBUG --> setCurrency 
2015-09-14 16:25:20 - DEBUG --> Archivo \components\com_jhotelreservation\classes\services\UserDataService.php 
2015-09-14 16:25:20 - DEBUG --> getUserData 
2015-09-14 16:25:20 - DEBUG --> Archivo \components\com_jhotelreservation\classes\services\UserDataService.php 
2015-09-14 16:25:20 - DEBUG --> getUserData 
2015-09-14 16:25:20 - DEBUG --> Archivo \components\com_jhotelreservation\classes\services\UserDataService.php 
2015-09-14 16:25:20 - DEBUG --> getUserData 
2015-09-14 16:25:20 - DEBUG --> Archivo \components\com_jhotelreservationiews\hotel	mpl\hoteloverview.php 
2015-09-14 16:25:20 - DEBUG --> Accedió 
2015-09-14 16:25:21 - DEBUG --> Archivo \components\com_jhotelreservation\classes\services\UserDataService.php 
2015-09-14 16:25:21 - DEBUG --> initializeUserData 
2015-09-14 16:25:21 - DEBUG --> UserData first: N; 
2015-09-14 16:25:21 - DEBUG --> Archivo \components\com_jhotelreservation\classes\services\UserDataService.php 
2015-09-14 16:25:21 - DEBUG --> createUserData 
2015-09-14 16:25:21 - DEBUG --> UserData end:  a:0:{} 
2015-09-14 16:25:21 - DEBUG --> Archivo \components\com_jhotelreservation\classes\services\UserDataService.php 
2015-09-14 16:25:21 - DEBUG --> initializeUserData 
2015-09-14 16:25:21 - DEBUG --> UserData first: a:0:{} 
2015-09-14 16:25:21 - DEBUG --> UserData end:  a:0:{} 
2015-09-14 16:25:21 - DEBUG --> Archivo \components\com_jhotelreservation\classes\services\UserDataService.php 
2015-09-14 16:25:21 - DEBUG --> initializeReservationData 
2015-09-14 16:25:21 - DEBUG --> UserData: a:0:{} 
2015-09-14 16:25:21 - DEBUG --> Archivo \components\com_jhotelreservation\classes\services\UserDataService.php 
2015-09-14 16:25:21 - DEBUG --> updateUserData 
2015-09-14 16:25:21 - DEBUG --> Archivo \components\com_jhotelreservation\classes\services\UserDataService.php 
2015-09-14 16:25:21 - DEBUG --> getUserData 
2015-09-14 16:25:21 - DEBUG --> Archivo \components\com_jhotelreservation\classes\services\UserDataService.php 
2015-09-14 16:25:21 - DEBUG --> setCurrency 
2015-09-14 16:25:21 - DEBUG --> Archivo \components\com_jhotelreservation\classes\services\UserDataService.php 
2015-09-14 16:25:21 - DEBUG --> getUserData 
2015-09-14 16:25:21 - DEBUG --> Archivo \components\com_jhotelreservation\classes\services\UserDataService.php 
2015-09-14 16:25:21 - DEBUG --> getUserData 
2015-09-14 16:25:21 - DEBUG --> Archivo \components\com_jhotelreservation\classes\services\UserDataService.php 
2015-09-14 16:25:21 - DEBUG --> getUserData 
2015-09-14 16:25:22 - DEBUG --> Archivo \components\com_jhotelreservation\classes\services\UserDataService.php 
2015-09-14 16:25:22 - DEBUG --> initializeUserData 
2015-09-14 16:25:22 - DEBUG --> UserData first: N; 
2015-09-14 16:25:22 - DEBUG --> Archivo \components\com_jhotelreservation\classes\services\UserDataService.php 
2015-09-14 16:25:22 - DEBUG --> createUserData 
2015-09-14 16:25:22 - DEBUG --> UserData end:  a:0:{} 
2015-09-14 16:25:22 - DEBUG --> Archivo \components\com_jhotelreservation\classes\services\UserDataService.php 
2015-09-14 16:25:22 - DEBUG --> initializeUserData 
2015-09-14 16:25:22 - DEBUG --> UserData first: a:0:{} 
2015-09-14 16:25:22 - DEBUG --> UserData end:  a:0:{} 
2015-09-14 16:25:22 - DEBUG --> Archivo \components\com_jhotelreservation\classes\services\UserDataService.php 
2015-09-14 16:25:22 - DEBUG --> initializeReservationData 
2015-09-14 16:25:22 - DEBUG --> UserData: a:0:{} 
2015-09-14 16:25:22 - DEBUG --> Archivo \components\com_jhotelreservation\classes\services\UserDataService.php 
2015-09-14 16:25:22 - DEBUG --> updateUserData 
2015-09-14 16:25:22 - DEBUG --> Archivo \components\com_jhotelreservation\classes\services\UserDataService.php 
2015-09-14 16:25:22 - DEBUG --> getUserData 
2015-09-14 16:25:22 - DEBUG --> Archivo \components\com_jhotelreservation\classes\services\UserDataService.php 
2015-09-14 16:25:22 - DEBUG --> setCurrency 
2015-09-14 16:25:22 - DEBUG --> Archivo \components\com_jhotelreservation\classes\services\UserDataService.php 
2015-09-14 16:25:22 - DEBUG --> getUserData 
2015-09-14 16:25:22 - DEBUG --> Archivo \components\com_jhotelreservation\classes\services\UserDataService.php 
2015-09-14 16:25:22 - DEBUG --> getUserData 
2015-09-14 16:25:22 - DEBUG --> Archivo \components\com_jhotelreservation\classes\services\UserDataService.php 
2015-09-14 16:25:22 - DEBUG --> getUserData 
2015-09-14 16:25:22 - DEBUG --> Archivo \components\com_jhotelreservationiews\hotel	mpl\hoteloverview.php 
2015-09-14 16:25:22 - DEBUG --> Accedió 
2015-09-14 16:29:38 - DEBUG --> Archivo \components\com_jhotelreservation\classes\services\UserDataService.php 
2015-09-14 16:29:38 - DEBUG --> initializeUserData 
2015-09-14 16:29:38 - DEBUG --> UserData first: N; 
2015-09-14 16:29:38 - DEBUG --> Archivo \components\com_jhotelreservation\classes\services\UserDataService.php 
2015-09-14 16:29:38 - DEBUG --> createUserData 
2015-09-14 16:29:38 - DEBUG --> UserData end:  a:0:{} 
2015-09-14 16:29:38 - DEBUG --> Archivo \components\com_jhotelreservation\classes\services\UserDataService.php 
2015-09-14 16:29:38 - DEBUG --> initializeUserData 
2015-09-14 16:29:38 - DEBUG --> UserData first: a:0:{} 
2015-09-14 16:29:38 - DEBUG --> UserData end:  a:0:{} 
2015-09-14 16:29:38 - DEBUG --> Archivo \components\com_jhotelreservation\classes\services\UserDataService.php 
2015-09-14 16:29:38 - DEBUG --> initializeReservationData 
2015-09-14 16:29:38 - DEBUG --> UserData: a:0:{} 
2015-09-14 16:29:38 - DEBUG --> Archivo \components\com_jhotelreservation\classes\services\UserDataService.php 
2015-09-14 16:29:38 - DEBUG --> updateUserData 
2015-09-14 16:29:38 - DEBUG --> Archivo \components\com_jhotelreservation\classes\services\UserDataService.php 
2015-09-14 16:29:38 - DEBUG --> getUserData 
2015-09-14 16:29:38 - DEBUG --> Archivo \components\com_jhotelreservation\classes\services\UserDataService.php 
2015-09-14 16:29:38 - DEBUG --> setCurrency 
2015-09-14 16:29:38 - DEBUG --> Archivo \components\com_jhotelreservation\classes\services\UserDataService.php 
2015-09-14 16:29:38 - DEBUG --> getUserData 
2015-09-14 16:29:38 - DEBUG --> Archivo \components\com_jhotelreservation\classes\services\UserDataService.php 
2015-09-14 16:29:38 - DEBUG --> getUserData 
2015-09-14 16:29:38 - DEBUG --> Archivo \components\com_jhotelreservation\classes\services\UserDataService.php 
2015-09-14 16:29:38 - DEBUG --> getUserData 
2015-09-14 16:29:38 - DEBUG --> Archivo \components\com_jhotelreservationiews\hotel	mpl\hoteloverview.php 
2015-09-14 16:29:38 - DEBUG --> Accedió 
2015-09-14 16:41:20 - DEBUG --> Archivo \components\com_jhotelreservation\classes\services\UserDataService.php 
2015-09-14 16:41:20 - DEBUG --> initializeUserData 
2015-09-14 16:41:20 - DEBUG --> UserData first: N; 
2015-09-14 16:41:20 - DEBUG --> Archivo \components\com_jhotelreservation\classes\services\UserDataService.php 
2015-09-14 16:41:20 - DEBUG --> createUserData 
2015-09-14 16:41:20 - DEBUG --> UserData end:  a:0:{} 
2015-09-14 16:41:20 - DEBUG --> Archivo \components\com_jhotelreservation\classes\services\UserDataService.php 
2015-09-14 16:41:20 - DEBUG --> initializeUserData 
2015-09-14 16:41:20 - DEBUG --> UserData first: a:0:{} 
2015-09-14 16:41:20 - DEBUG --> UserData end:  a:0:{} 
2015-09-14 16:41:20 - DEBUG --> Archivo \components\com_jhotelreservation\classes\services\UserDataService.php 
2015-09-14 16:41:20 - DEBUG --> initializeReservationData 
2015-09-14 16:41:20 - DEBUG --> UserData: a:0:{} 
2015-09-14 16:41:20 - DEBUG --> Archivo \components\com_jhotelreservation\classes\services\UserDataService.php 
2015-09-14 16:41:20 - DEBUG --> updateUserData 
2015-09-14 16:41:20 - DEBUG --> Archivo \components\com_jhotelreservation\classes\services\UserDataService.php 
2015-09-14 16:41:20 - DEBUG --> getUserData 
2015-09-14 16:41:20 - DEBUG --> Archivo \components\com_jhotelreservation\classes\services\UserDataService.php 
2015-09-14 16:41:20 - DEBUG --> setCurrency 
2015-09-14 16:41:20 - DEBUG --> Archivo \components\com_jhotelreservation\classes\services\UserDataService.php 
2015-09-14 16:41:20 - DEBUG --> getUserData 
2015-09-14 16:41:20 - DEBUG --> Archivo \components\com_jhotelreservation\classes\services\UserDataService.php 
2015-09-14 16:41:20 - DEBUG --> getUserData 
2015-09-14 16:41:20 - DEBUG --> Archivo \components\com_jhotelreservation\classes\services\UserDataService.php 
2015-09-14 16:41:20 - DEBUG --> getUserData 
2015-09-14 17:10:19 - DEBUG --> Archivo \components\com_jhotelreservation\classes\services\UserDataService.php 
2015-09-14 17:10:19 - DEBUG --> initializeUserData 
2015-09-14 17:10:19 - DEBUG --> UserData first: N; 
2015-09-14 17:10:19 - DEBUG --> Archivo \components\com_jhotelreservation\classes\services\UserDataService.php 
2015-09-14 17:10:19 - DEBUG --> createUserData 
2015-09-14 17:10:19 - DEBUG --> UserData end:  a:0:{} 
2015-09-14 17:10:19 - DEBUG --> Archivo \components\com_jhotelreservation\classes\services\UserDataService.php 
2015-09-14 17:10:19 - DEBUG --> initializeUserData 
2015-09-14 17:10:19 - DEBUG --> UserData first: a:0:{} 
2015-09-14 17:10:19 - DEBUG --> UserData end:  a:0:{} 
2015-09-14 17:10:19 - DEBUG --> Archivo \components\com_jhotelreservation\classes\services\UserDataService.php 
2015-09-14 17:10:19 - DEBUG --> initializeReservationData 
2015-09-14 17:10:19 - DEBUG --> UserData: a:0:{} 
2015-09-14 17:10:19 - DEBUG --> Archivo \components\com_jhotelreservation\classes\services\UserDataService.php 
2015-09-14 17:10:19 - DEBUG --> updateUserData 
2015-09-14 17:10:19 - DEBUG --> Archivo \components\com_jhotelreservation\classes\services\UserDataService.php 
2015-09-14 17:10:19 - DEBUG --> getUserData 
2015-09-14 17:10:19 - DEBUG --> Archivo \components\com_jhotelreservation\classes\services\UserDataService.php 
2015-09-14 17:10:19 - DEBUG --> setCurrency 
2015-09-14 17:10:19 - DEBUG --> Archivo \components\com_jhotelreservation\classes\services\UserDataService.php 
2015-09-14 17:10:19 - DEBUG --> getUserData 
2015-09-14 17:10:19 - DEBUG --> Archivo \components\com_jhotelreservation\classes\services\UserDataService.php 
2015-09-14 17:10:19 - DEBUG --> getUserData 
2015-09-14 17:10:19 - DEBUG --> Archivo \components\com_jhotelreservation\classes\services\UserDataService.php 
2015-09-14 17:10:19 - DEBUG --> getUserData 
2015-09-14 17:10:19 - DEBUG --> Archivo \components\com_jhotelreservationiews\hotel	mpl\hoteloverview.php 
2015-09-14 17:10:19 - DEBUG --> Accedió 
2015-09-14 17:23:18 - DEBUG --> Archivo \components\com_jhotelreservation\classes\services\UserDataService.php 
2015-09-14 17:23:18 - DEBUG --> initializeUserData 
2015-09-14 17:23:18 - DEBUG --> UserData first: N; 
2015-09-14 17:23:18 - DEBUG --> Archivo \components\com_jhotelreservation\classes\services\UserDataService.php 
2015-09-14 17:23:18 - DEBUG --> createUserData 
2015-09-14 17:23:18 - DEBUG --> UserData end:  a:0:{} 
2015-09-14 18:25:08 - DEBUG --> Archivo \components\com_jhotelreservation\classes\services\UserDataService.php 
2015-09-14 18:25:08 - DEBUG --> initializeUserData 
2015-09-14 18:25:08 - DEBUG --> UserData first: N; 
2015-09-14 18:25:08 - DEBUG --> Archivo \components\com_jhotelreservation\classes\services\UserDataService.php 
2015-09-14 18:25:08 - DEBUG --> createUserData 
2015-09-14 18:25:08 - DEBUG --> UserData end:  a:0:{} 
2015-09-14 18:39:47 - DEBUG --> Archivo \components\com_jhotelreservation\classes\services\UserDataService.php 
2015-09-14 18:39:47 - DEBUG --> initializeUserData 
2015-09-14 18:39:47 - DEBUG --> UserData first: N; 
2015-09-14 18:39:47 - DEBUG --> Archivo \components\com_jhotelreservation\classes\services\UserDataService.php 
2015-09-14 18:39:47 - DEBUG --> createUserData 
2015-09-14 18:39:47 - DEBUG --> UserData end:  a:0:{} 
2015-09-14 18:39:47 - DEBUG --> Archivo \components\com_jhotelreservation\classes\services\UserDataService.php 
2015-09-14 18:39:47 - DEBUG --> initializeUserData 
2015-09-14 18:39:47 - DEBUG --> UserData first: a:0:{} 
2015-09-14 18:39:47 - DEBUG --> UserData end:  a:0:{} 
2015-09-14 18:39:47 - DEBUG --> Archivo \components\com_jhotelreservation\classes\services\UserDataService.php 
2015-09-14 18:39:47 - DEBUG --> initializeReservationData 
2015-09-14 18:39:47 - DEBUG --> UserData: a:0:{} 
2015-09-14 18:39:47 - DEBUG --> Archivo \components\com_jhotelreservation\classes\services\UserDataService.php 
2015-09-14 18:39:47 - DEBUG --> updateUserData 
2015-09-14 18:39:47 - DEBUG --> Archivo \components\com_jhotelreservation\classes\services\UserDataService.php 
2015-09-14 18:39:47 - DEBUG --> getUserData 
2015-09-14 18:39:47 - DEBUG --> Archivo \components\com_jhotelreservation\classes\services\UserDataService.php 
2015-09-14 18:39:47 - DEBUG --> setCurrency 
2015-09-14 18:39:47 - DEBUG --> Archivo \components\com_jhotelreservation\classes\services\UserDataService.php 
2015-09-14 18:39:47 - DEBUG --> getUserData 
2015-09-14 18:39:47 - DEBUG --> Archivo \components\com_jhotelreservation\classes\services\UserDataService.php 
2015-09-14 18:39:47 - DEBUG --> getUserData 
2015-09-14 18:39:47 - DEBUG --> Archivo \components\com_jhotelreservation\classes\services\UserDataService.php 
2015-09-14 18:39:47 - DEBUG --> getUserData 
2015-09-14 18:39:47 - DEBUG --> Archivo \components\com_jhotelreservationiews\hotel	mpl\hoteloverview.php 
2015-09-14 18:39:47 - DEBUG --> Accedió 
2015-09-14 18:39:48 - DEBUG --> Archivo \components\com_jhotelreservation\classes\services\UserDataService.php 
2015-09-14 18:39:48 - DEBUG --> initializeUserData 
2015-09-14 18:39:48 - DEBUG --> UserData first: N; 
2015-09-14 18:39:48 - DEBUG --> Archivo \components\com_jhotelreservation\classes\services\UserDataService.php 
2015-09-14 18:39:48 - DEBUG --> createUserData 
2015-09-14 18:39:48 - DEBUG --> UserData end:  a:0:{} 
2015-09-14 18:39:48 - DEBUG --> Archivo \components\com_jhotelreservation\classes\services\UserDataService.php 
2015-09-14 18:39:48 - DEBUG --> initializeUserData 
2015-09-14 18:39:48 - DEBUG --> UserData first: a:0:{} 
2015-09-14 18:39:48 - DEBUG --> UserData end:  a:0:{} 
2015-09-14 18:39:48 - DEBUG --> Archivo \components\com_jhotelreservation\classes\services\UserDataService.php 
2015-09-14 18:39:48 - DEBUG --> initializeReservationData 
2015-09-14 18:39:48 - DEBUG --> UserData: a:0:{} 
2015-09-14 18:39:48 - DEBUG --> Archivo \components\com_jhotelreservation\classes\services\UserDataService.php 
2015-09-14 18:39:48 - DEBUG --> updateUserData 
2015-09-14 18:39:48 - DEBUG --> Archivo \components\com_jhotelreservation\classes\services\UserDataService.php 
2015-09-14 18:39:48 - DEBUG --> getUserData 
2015-09-14 18:39:48 - DEBUG --> Archivo \components\com_jhotelreservation\classes\services\UserDataService.php 
2015-09-14 18:39:48 - DEBUG --> setCurrency 
2015-09-14 18:39:48 - DEBUG --> Archivo \components\com_jhotelreservation\classes\services\UserDataService.php 
2015-09-14 18:39:48 - DEBUG --> getUserData 
2015-09-14 18:39:48 - DEBUG --> Archivo \components\com_jhotelreservation\classes\services\UserDataService.php 
2015-09-14 18:39:48 - DEBUG --> getUserData 
2015-09-14 18:39:48 - DEBUG --> Archivo \components\com_jhotelreservation\classes\services\UserDataService.php 
2015-09-14 18:39:48 - DEBUG --> getUserData 
2015-09-14 18:39:48 - DEBUG --> Archivo \components\com_jhotelreservationiews\hotel	mpl\hoteloverview.php 
2015-09-14 18:39:48 - DEBUG --> Accedió 
2015-09-14 23:10:37 - DEBUG --> Archivo \components\com_jhotelreservation\classes\services\UserDataService.php 
2015-09-14 23:10:37 - DEBUG --> initializeUserData 
2015-09-14 23:10:37 - DEBUG --> UserData first: N; 
2015-09-14 23:10:37 - DEBUG --> Archivo \components\com_jhotelreservation\classes\services\UserDataService.php 
2015-09-14 23:10:37 - DEBUG --> createUserData 
2015-09-14 23:10:37 - DEBUG --> UserData end:  a:0:{} 
2015-09-14 23:10:37 - DEBUG --> Archivo \components\com_jhotelreservation\classes\services\UserDataService.php 
2015-09-14 23:10:37 - DEBUG --> initializeUserData 
2015-09-14 23:10:37 - DEBUG --> UserData first: a:0:{} 
2015-09-14 23:10:37 - DEBUG --> UserData end:  a:0:{} 
2015-09-14 23:10:37 - DEBUG --> Archivo \components\com_jhotelreservation\classes\services\UserDataService.php 
2015-09-14 23:10:37 - DEBUG --> initializeReservationData 
2015-09-14 23:10:37 - DEBUG --> UserData: a:0:{} 
2015-09-14 23:10:37 - DEBUG --> Archivo \components\com_jhotelreservation\classes\services\UserDataService.php 
2015-09-14 23:10:37 - DEBUG --> updateUserData 
2015-09-14 23:10:37 - DEBUG --> Archivo \components\com_jhotelreservation\classes\services\UserDataService.php 
2015-09-14 23:10:37 - DEBUG --> getUserData 
2015-09-14 23:10:37 - DEBUG --> Archivo \components\com_jhotelreservation\classes\services\UserDataService.php 
2015-09-14 23:10:37 - DEBUG --> setCurrency 
2015-09-14 23:10:37 - DEBUG --> Archivo \components\com_jhotelreservation\classes\services\UserDataService.php 
2015-09-14 23:10:37 - DEBUG --> getUserData 
2015-09-14 23:10:37 - DEBUG --> Archivo \components\com_jhotelreservation\classes\services\UserDataService.php 
2015-09-14 23:10:37 - DEBUG --> getUserData 
2015-09-14 23:10:37 - DEBUG --> Archivo \components\com_jhotelreservation\classes\services\UserDataService.php 
2015-09-14 23:10:37 - DEBUG --> getUserData 
2015-09-14 23:10:37 - DEBUG --> Archivo \components\com_jhotelreservationiews\hotel	mpl\hoteloverview.php 
2015-09-14 23:10:37 - DEBUG --> Accedió 
2015-09-14 23:11:54 - DEBUG --> Archivo \components\com_jhotelreservation\classes\services\UserDataService.php 
2015-09-14 23:11:54 - DEBUG --> initializeUserData 
2015-09-14 23:11:54 - DEBUG --> UserData first: N; 
2015-09-14 23:11:54 - DEBUG --> Archivo \components\com_jhotelreservation\classes\services\UserDataService.php 
2015-09-14 23:11:54 - DEBUG --> createUserData 
2015-09-14 23:11:54 - DEBUG --> UserData end:  a:0:{} 
2015-09-14 23:11:54 - DEBUG --> Archivo \components\com_jhotelreservation\classes\services\UserDataService.php 
2015-09-14 23:11:54 - DEBUG --> initializeUserData 
2015-09-14 23:11:54 - DEBUG --> UserData first: a:0:{} 
2015-09-14 23:11:54 - DEBUG --> UserData end:  a:0:{} 
2015-09-14 23:11:54 - DEBUG --> Archivo \components\com_jhotelreservation\classes\services\UserDataService.php 
2015-09-14 23:11:54 - DEBUG --> initializeReservationData 
2015-09-14 23:11:54 - DEBUG --> UserData: a:0:{} 
2015-09-14 23:11:54 - DEBUG --> Archivo \components\com_jhotelreservation\classes\services\UserDataService.php 
2015-09-14 23:11:54 - DEBUG --> updateUserData 
2015-09-14 23:11:54 - DEBUG --> Archivo \components\com_jhotelreservation\classes\services\UserDataService.php 
2015-09-14 23:11:54 - DEBUG --> getUserData 
2015-09-14 23:11:54 - DEBUG --> Archivo \components\com_jhotelreservation\classes\services\UserDataService.php 
2015-09-14 23:11:54 - DEBUG --> setCurrency 
2015-09-14 23:11:54 - DEBUG --> Archivo \components\com_jhotelreservation\classes\services\UserDataService.php 
2015-09-14 23:11:54 - DEBUG --> getUserData 
2015-09-14 23:11:54 - DEBUG --> Archivo \components\com_jhotelreservation\classes\services\UserDataService.php 
2015-09-14 23:11:54 - DEBUG --> getUserData 
2015-09-14 23:11:54 - DEBUG --> Archivo \components\com_jhotelreservation\classes\services\UserDataService.php 
2015-09-14 23:11:54 - DEBUG --> getUserData 
2015-09-14 23:11:54 - DEBUG --> Archivo \components\com_jhotelreservationiews\hotel	mpl\hoteloverview.php 
2015-09-14 23:11:54 - DEBUG --> Accedió 
2015-09-14 23:12:05 - DEBUG --> Archivo \components\com_jhotelreservation\classes\services\UserDataService.php 
2015-09-14 23:12:05 - DEBUG --> initializeUserData 
2015-09-14 23:12:05 - DEBUG --> UserData first: N; 
2015-09-14 23:12:05 - DEBUG --> Archivo \components\com_jhotelreservation\classes\services\UserDataService.php 
2015-09-14 23:12:05 - DEBUG --> createUserData 
2015-09-14 23:12:05 - DEBUG --> UserData end:  a:0:{} 
2015-09-14 23:12:05 - DEBUG --> Archivo \components\com_jhotelreservation\classes\services\UserDataService.php 
2015-09-14 23:12:05 - DEBUG --> initializeUserData 
2015-09-14 23:12:05 - DEBUG --> UserData first: a:0:{} 
2015-09-14 23:12:05 - DEBUG --> UserData end:  a:0:{} 
2015-09-14 23:12:05 - DEBUG --> Archivo \components\com_jhotelreservation\classes\services\UserDataService.php 
2015-09-14 23:12:05 - DEBUG --> initializeReservationData 
2015-09-14 23:12:05 - DEBUG --> UserData: a:0:{} 
2015-09-14 23:12:05 - DEBUG --> Archivo \components\com_jhotelreservation\classes\services\UserDataService.php 
2015-09-14 23:12:05 - DEBUG --> updateUserData 
2015-09-14 23:12:05 - DEBUG --> Archivo \components\com_jhotelreservation\classes\services\UserDataService.php 
2015-09-14 23:12:05 - DEBUG --> getUserData 
2015-09-14 23:12:05 - DEBUG --> Archivo \components\com_jhotelreservation\classes\services\UserDataService.php 
2015-09-14 23:12:05 - DEBUG --> setCurrency 
2015-09-14 23:12:05 - DEBUG --> Archivo \components\com_jhotelreservation\classes\services\UserDataService.php 
2015-09-14 23:12:05 - DEBUG --> getUserData 
2015-09-14 23:12:05 - DEBUG --> Archivo \components\com_jhotelreservation\classes\services\UserDataService.php 
2015-09-14 23:12:05 - DEBUG --> getUserData 
2015-09-14 23:12:05 - DEBUG --> Archivo \components\com_jhotelreservation\classes\services\UserDataService.php 
2015-09-14 23:12:05 - DEBUG --> getUserData 
2015-09-14 23:12:05 - DEBUG --> Archivo \components\com_jhotelreservationiews\hotel	mpl\hoteloverview.php 
2015-09-14 23:12:05 - DEBUG --> Accedió 
2015-09-14 23:12:18 - DEBUG --> Archivo \components\com_jhotelreservation\classes\services\UserDataService.php 
2015-09-14 23:12:18 - DEBUG --> initializeUserData 
2015-09-14 23:12:18 - DEBUG --> UserData first: N; 
2015-09-14 23:12:18 - DEBUG --> Archivo \components\com_jhotelreservation\classes\services\UserDataService.php 
2015-09-14 23:12:18 - DEBUG --> createUserData 
2015-09-14 23:12:18 - DEBUG --> UserData end:  a:0:{} 
2015-09-14 23:12:18 - DEBUG --> Archivo \components\com_jhotelreservation\classes\services\UserDataService.php 
2015-09-14 23:12:18 - DEBUG --> initializeUserData 
2015-09-14 23:12:18 - DEBUG --> UserData first: a:0:{} 
2015-09-14 23:12:18 - DEBUG --> UserData end:  a:0:{} 
2015-09-14 23:12:18 - DEBUG --> Archivo \components\com_jhotelreservation\classes\services\UserDataService.php 
2015-09-14 23:12:18 - DEBUG --> initializeReservationData 
2015-09-14 23:12:18 - DEBUG --> UserData: a:0:{} 
2015-09-14 23:12:18 - DEBUG --> Archivo \components\com_jhotelreservation\classes\services\UserDataService.php 
2015-09-14 23:12:18 - DEBUG --> updateUserData 
2015-09-14 23:12:18 - DEBUG --> Archivo \components\com_jhotelreservation\classes\services\UserDataService.php 
2015-09-14 23:12:18 - DEBUG --> getUserData 
2015-09-14 23:12:18 - DEBUG --> Archivo \components\com_jhotelreservation\classes\services\UserDataService.php 
2015-09-14 23:12:18 - DEBUG --> setCurrency 
2015-09-14 23:12:18 - DEBUG --> Archivo \components\com_jhotelreservation\classes\services\UserDataService.php 
2015-09-14 23:12:18 - DEBUG --> getUserData 
2015-09-14 23:12:18 - DEBUG --> Archivo \components\com_jhotelreservation\classes\services\UserDataService.php 
2015-09-14 23:12:18 - DEBUG --> getUserData 
2015-09-14 23:12:18 - DEBUG --> Archivo \components\com_jhotelreservation\classes\services\UserDataService.php 
2015-09-14 23:12:18 - DEBUG --> getUserData 
2015-09-14 23:12:18 - DEBUG --> Archivo \components\com_jhotelreservationiews\hotel	mpl\hoteloverview.php 
2015-09-14 23:12:18 - DEBUG --> Accedió 
2015-09-14 23:14:28 - DEBUG --> Archivo \components\com_jhotelreservation\classes\services\UserDataService.php 
2015-09-14 23:14:28 - DEBUG --> initializeUserData 
2015-09-14 23:14:28 - DEBUG --> UserData first: N; 
2015-09-14 23:14:28 - DEBUG --> Archivo \components\com_jhotelreservation\classes\services\UserDataService.php 
2015-09-14 23:14:28 - DEBUG --> createUserData 
2015-09-14 23:14:28 - DEBUG --> UserData end:  a:0:{} 
2015-09-14 23:14:28 - DEBUG --> Archivo \components\com_jhotelreservation\classes\services\UserDataService.php 
2015-09-14 23:14:28 - DEBUG --> initializeUserData 
2015-09-14 23:14:28 - DEBUG --> UserData first: a:0:{} 
2015-09-14 23:14:28 - DEBUG --> UserData end:  a:0:{} 
2015-09-14 23:14:28 - DEBUG --> Archivo \components\com_jhotelreservation\classes\services\UserDataService.php 
2015-09-14 23:14:28 - DEBUG --> initializeReservationData 
2015-09-14 23:14:28 - DEBUG --> UserData: a:0:{} 
2015-09-14 23:14:28 - DEBUG --> Archivo \components\com_jhotelreservation\classes\services\UserDataService.php 
2015-09-14 23:14:28 - DEBUG --> updateUserData 
2015-09-14 23:14:28 - DEBUG --> Archivo \components\com_jhotelreservation\classes\services\UserDataService.php 
2015-09-14 23:14:28 - DEBUG --> getUserData 
2015-09-14 23:14:28 - DEBUG --> Archivo \components\com_jhotelreservation\classes\services\UserDataService.php 
2015-09-14 23:14:28 - DEBUG --> setCurrency 
2015-09-14 23:14:28 - DEBUG --> Archivo \components\com_jhotelreservation\classes\services\UserDataService.php 
2015-09-14 23:14:28 - DEBUG --> getUserData 
2015-09-14 23:14:28 - DEBUG --> Archivo \components\com_jhotelreservation\classes\services\UserDataService.php 
2015-09-14 23:14:28 - DEBUG --> getUserData 
2015-09-14 23:14:28 - DEBUG --> Archivo \components\com_jhotelreservation\classes\services\UserDataService.php 
2015-09-14 23:14:28 - DEBUG --> getUserData 
2015-09-14 23:14:28 - DEBUG --> Archivo \components\com_jhotelreservationiews\hotel	mpl\hoteloverview.php 
2015-09-14 23:14:28 - DEBUG --> Accedió 
2015-09-14 23:24:37 - DEBUG --> Archivo \components\com_jhotelreservation\classes\services\UserDataService.php 
2015-09-14 23:24:37 - DEBUG --> initializeUserData 
2015-09-14 23:24:37 - DEBUG --> UserData first: N; 
2015-09-14 23:24:37 - DEBUG --> Archivo \components\com_jhotelreservation\classes\services\UserDataService.php 
2015-09-14 23:24:37 - DEBUG --> createUserData 
2015-09-14 23:24:37 - DEBUG --> UserData end:  a:0:{} 
2015-09-14 23:24:37 - DEBUG --> Archivo \components\com_jhotelreservation\classes\services\UserDataService.php 
2015-09-14 23:24:37 - DEBUG --> initializeUserData 
2015-09-14 23:24:37 - DEBUG --> UserData first: a:0:{} 
2015-09-14 23:24:37 - DEBUG --> UserData end:  a:0:{} 
2015-09-14 23:24:37 - DEBUG --> Archivo \components\com_jhotelreservation\classes\services\UserDataService.php 
2015-09-14 23:24:37 - DEBUG --> initializeReservationData 
2015-09-14 23:24:37 - DEBUG --> UserData: a:0:{} 
2015-09-14 23:24:37 - DEBUG --> Archivo \components\com_jhotelreservation\classes\services\UserDataService.php 
2015-09-14 23:24:37 - DEBUG --> updateUserData 
2015-09-14 23:24:37 - DEBUG --> Archivo \components\com_jhotelreservation\classes\services\UserDataService.php 
2015-09-14 23:24:37 - DEBUG --> getUserData 
2015-09-14 23:24:37 - DEBUG --> Archivo \components\com_jhotelreservation\classes\services\UserDataService.php 
2015-09-14 23:24:37 - DEBUG --> setCurrency 
2015-09-14 23:24:37 - DEBUG --> Archivo \components\com_jhotelreservation\classes\services\UserDataService.php 
2015-09-14 23:24:37 - DEBUG --> getUserData 
2015-09-14 23:24:37 - DEBUG --> Archivo \components\com_jhotelreservation\classes\services\UserDataService.php 
2015-09-14 23:24:37 - DEBUG --> getUserData 
2015-09-14 23:24:37 - DEBUG --> Archivo \components\com_jhotelreservation\classes\services\UserDataService.php 
2015-09-14 23:24:37 - DEBUG --> getUserData 
2015-09-14 23:24:37 - DEBUG --> Archivo \components\com_jhotelreservationiews\hotel	mpl\hoteloverview.php 
2015-09-14 23:24:37 - DEBUG --> Accedió 
2015-09-14 23:28:13 - DEBUG --> Archivo \components\com_jhotelreservation\classes\services\UserDataService.php 
2015-09-14 23:28:13 - DEBUG --> initializeUserData 
2015-09-14 23:28:13 - DEBUG --> UserData first: N; 
2015-09-14 23:28:13 - DEBUG --> Archivo \components\com_jhotelreservation\classes\services\UserDataService.php 
2015-09-14 23:28:13 - DEBUG --> createUserData 
2015-09-14 23:28:13 - DEBUG --> UserData end:  a:0:{} 
2015-09-14 23:28:13 - DEBUG --> Archivo \components\com_jhotelreservation\classes\services\UserDataService.php 
2015-09-14 23:28:13 - DEBUG --> initializeUserData 
2015-09-14 23:28:13 - DEBUG --> UserData first: a:0:{} 
2015-09-14 23:28:13 - DEBUG --> UserData end:  a:0:{} 
2015-09-14 23:28:13 - DEBUG --> Archivo \components\com_jhotelreservation\classes\services\UserDataService.php 
2015-09-14 23:28:13 - DEBUG --> initializeReservationData 
2015-09-14 23:28:13 - DEBUG --> UserData: a:0:{} 
2015-09-14 23:28:13 - DEBUG --> Archivo \components\com_jhotelreservation\classes\services\UserDataService.php 
2015-09-14 23:28:13 - DEBUG --> updateUserData 
2015-09-14 23:28:13 - DEBUG --> Archivo \components\com_jhotelreservation\classes\services\UserDataService.php 
2015-09-14 23:28:13 - DEBUG --> getUserData 
2015-09-14 23:28:13 - DEBUG --> Archivo \components\com_jhotelreservation\classes\services\UserDataService.php 
2015-09-14 23:28:13 - DEBUG --> setCurrency 
2015-09-14 23:28:13 - DEBUG --> Archivo \components\com_jhotelreservation\classes\services\UserDataService.php 
2015-09-14 23:28:13 - DEBUG --> getUserData 
2015-09-14 23:28:13 - DEBUG --> Archivo \components\com_jhotelreservation\classes\services\UserDataService.php 
2015-09-14 23:28:13 - DEBUG --> getUserData 
2015-09-14 23:28:13 - DEBUG --> Archivo \components\com_jhotelreservation\classes\services\UserDataService.php 
2015-09-14 23:28:13 - DEBUG --> getUserData 
2015-09-14 23:28:13 - DEBUG --> Archivo \components\com_jhotelreservationiews\hotel	mpl\hoteloverview.php 
2015-09-14 23:28:13 - DEBUG --> Accedió 
2015-09-14 23:38:35 - DEBUG --> Archivo \components\com_jhotelreservation\classes\services\UserDataService.php 
2015-09-14 23:38:35 - DEBUG --> initializeUserData 
2015-09-14 23:38:35 - DEBUG --> UserData first: N; 
2015-09-14 23:38:35 - DEBUG --> Archivo \components\com_jhotelreservation\classes\services\UserDataService.php 
2015-09-14 23:38:35 - DEBUG --> createUserData 
2015-09-14 23:38:35 - DEBUG --> UserData end:  a:0:{} 
2015-09-14 23:38:35 - DEBUG --> Archivo \components\com_jhotelreservation\classes\services\UserDataService.php 
2015-09-14 23:38:35 - DEBUG --> initializeUserData 
2015-09-14 23:38:35 - DEBUG --> UserData first: a:0:{} 
2015-09-14 23:38:35 - DEBUG --> UserData end:  a:0:{} 
2015-09-14 23:38:35 - DEBUG --> Archivo \components\com_jhotelreservation\classes\services\UserDataService.php 
2015-09-14 23:38:35 - DEBUG --> initializeReservationData 
2015-09-14 23:38:35 - DEBUG --> UserData: a:0:{} 
2015-09-14 23:38:35 - DEBUG --> Archivo \components\com_jhotelreservation\classes\services\UserDataService.php 
2015-09-14 23:38:35 - DEBUG --> updateUserData 
2015-09-14 23:38:35 - DEBUG --> Archivo \components\com_jhotelreservation\classes\services\UserDataService.php 
2015-09-14 23:38:35 - DEBUG --> getUserData 
2015-09-14 23:38:35 - DEBUG --> Archivo \components\com_jhotelreservation\classes\services\UserDataService.php 
2015-09-14 23:38:35 - DEBUG --> setCurrency 
2015-09-14 23:38:35 - DEBUG --> Archivo \components\com_jhotelreservation\classes\services\UserDataService.php 
2015-09-14 23:38:35 - DEBUG --> getUserData 
2015-09-14 23:38:35 - DEBUG --> Archivo \components\com_jhotelreservation\classes\services\UserDataService.php 
2015-09-14 23:38:35 - DEBUG --> getUserData 
2015-09-14 23:38:35 - DEBUG --> Archivo \components\com_jhotelreservation\classes\services\UserDataService.php 
2015-09-14 23:38:35 - DEBUG --> getUserData 
2015-09-14 23:38:35 - DEBUG --> Archivo \components\com_jhotelreservationiews\hotel	mpl\hoteloverview.php 
2015-09-14 23:38:35 - DEBUG --> Accedió 
