2015-12-17 1:37:12 - DEBUG --> Archivo \components\com_jhotelreservation\classes\services\UserDataService.php 
2015-12-17 1:37:12 - DEBUG --> initializeUserData 
2015-12-17 1:37:12 - DEBUG --> UserData first: N; 
2015-12-17 1:37:12 - DEBUG --> Archivo \components\com_jhotelreservation\classes\services\UserDataService.php 
2015-12-17 1:37:12 - DEBUG --> createUserData 
2015-12-17 1:37:12 - DEBUG --> UserData end:  a:0:{} 
2015-12-17 1:37:12 - DEBUG --> Archivo \components\com_jhotelreservation\classes\services\UserDataService.php 
2015-12-17 1:37:12 - DEBUG --> initializeUserData 
2015-12-17 1:37:12 - DEBUG --> UserData first: a:0:{} 
2015-12-17 1:37:12 - DEBUG --> UserData end:  a:0:{} 
2015-12-17 1:37:12 - DEBUG --> Archivo \components\com_jhotelreservation\classes\services\UserDataService.php 
2015-12-17 1:37:12 - DEBUG --> initializeReservationData 
2015-12-17 1:37:12 - DEBUG --> UserData: a:0:{} 
2015-12-17 1:37:12 - DEBUG --> Archivo \components\com_jhotelreservation\classes\services\UserDataService.php 
2015-12-17 1:37:12 - DEBUG --> updateUserData 
2015-12-17 1:37:12 - DEBUG --> Archivo \components\com_jhotelreservation\classes\services\UserDataService.php 
2015-12-17 1:37:12 - DEBUG --> getUserData 
2015-12-17 1:37:12 - DEBUG --> Archivo \components\com_jhotelreservation\classes\services\UserDataService.php 
2015-12-17 1:37:12 - DEBUG --> setCurrency 
2015-12-17 1:37:12 - DEBUG --> Archivo \components\com_jhotelreservation\classes\services\UserDataService.php 
2015-12-17 1:37:12 - DEBUG --> getUserData 
2015-12-17 1:37:13 - DEBUG --> Archivo \components\com_jhotelreservation\classes\services\UserDataService.php 
2015-12-17 1:37:13 - DEBUG --> getUserData 
2015-12-17 1:37:13 - DEBUG --> Archivo \components\com_jhotelreservation\classes\services\UserDataService.php 
2015-12-17 1:37:13 - DEBUG --> getUserData 
2015-12-17 1:37:13 - DEBUG --> Archivo \components\com_jhotelreservationiews\hotel	mpl\hoteloverview.php 
2015-12-17 1:37:13 - DEBUG --> Accedió 
2015-12-17 10:40:47 - DEBUG --> Archivo \components\com_jhotelreservation\classes\services\UserDataService.php 
2015-12-17 10:40:47 - DEBUG --> initializeUserData 
2015-12-17 10:40:47 - DEBUG --> UserData first: N; 
2015-12-17 10:40:47 - DEBUG --> Archivo \components\com_jhotelreservation\classes\services\UserDataService.php 
2015-12-17 10:40:47 - DEBUG --> createUserData 
2015-12-17 10:40:47 - DEBUG --> UserData end:  a:0:{} 
2015-12-17 10:40:47 - DEBUG --> Archivo \components\com_jhotelreservation\classes\services\UserDataService.php 
2015-12-17 10:40:47 - DEBUG --> initializeUserData 
2015-12-17 10:40:47 - DEBUG --> UserData first: a:0:{} 
2015-12-17 10:40:47 - DEBUG --> UserData end:  a:0:{} 
2015-12-17 10:40:47 - DEBUG --> Archivo \components\com_jhotelreservation\classes\services\UserDataService.php 
2015-12-17 10:40:47 - DEBUG --> initializeReservationData 
2015-12-17 10:40:47 - DEBUG --> UserData: a:0:{} 
2015-12-17 10:40:47 - DEBUG --> Archivo \components\com_jhotelreservation\classes\services\UserDataService.php 
2015-12-17 10:40:47 - DEBUG --> updateUserData 
2015-12-17 10:40:47 - DEBUG --> Archivo \components\com_jhotelreservation\classes\services\UserDataService.php 
2015-12-17 10:40:47 - DEBUG --> getUserData 
2015-12-17 10:40:47 - DEBUG --> Archivo \components\com_jhotelreservation\classes\services\UserDataService.php 
2015-12-17 10:40:47 - DEBUG --> setCurrency 
2015-12-17 10:40:47 - DEBUG --> Archivo \components\com_jhotelreservation\classes\services\UserDataService.php 
2015-12-17 10:40:47 - DEBUG --> getUserData 
2015-12-17 10:40:47 - DEBUG --> Archivo \components\com_jhotelreservation\classes\services\UserDataService.php 
2015-12-17 10:40:47 - DEBUG --> getUserData 
2015-12-17 10:40:47 - DEBUG --> Archivo \components\com_jhotelreservation\classes\services\UserDataService.php 
2015-12-17 10:40:47 - DEBUG --> getUserData 
2015-12-17 13:12:30 - DEBUG --> Archivo \components\com_jhotelreservation\classes\services\UserDataService.php 
2015-12-17 13:12:30 - DEBUG --> initializeUserData 
2015-12-17 13:12:30 - DEBUG --> UserData first: a:0:{} 
2015-12-17 13:12:30 - DEBUG --> Archivo \components\com_jhotelreservation\classes\services\UserDataService.php 
2015-12-17 13:12:30 - DEBUG --> createUserData 
2015-12-17 13:12:30 - DEBUG --> voucher:  
2015-12-17 13:12:30 - DEBUG --> UserData end:  a:0:{} 
2015-12-17 13:12:30 - DEBUG --> Archivo \components\com_jhotelreservation\classes\services\UserDataService.php 
2015-12-17 13:12:30 - DEBUG --> initializeUserData 
2015-12-17 13:12:30 - DEBUG --> UserData first: a:0:{} 
2015-12-17 13:12:30 - DEBUG --> Archivo \components\com_jhotelreservation\classes\services\UserDataService.php 
2015-12-17 13:12:30 - DEBUG --> createUserData 
2015-12-17 13:12:30 - DEBUG --> voucher:  
2015-12-17 13:12:30 - DEBUG --> UserData end:  a:0:{} 
2015-12-17 13:12:40 - DEBUG --> Archivo \components\com_jhotelreservation\classes\services\UserDataService.php 
2015-12-17 13:12:40 - DEBUG --> initializeUserData 
2015-12-17 13:12:40 - DEBUG --> UserData first: a:0:{} 
2015-12-17 13:12:40 - DEBUG --> UserData end:  a:0:{} 
2015-12-17 13:12:40 - DEBUG --> Archivo \components\com_jhotelreservation\classes\services\UserDataService.php 
2015-12-17 13:12:40 - DEBUG --> initializeUserData 
2015-12-17 13:12:40 - DEBUG --> UserData first: a:0:{} 
2015-12-17 13:12:40 - DEBUG --> UserData end:  a:0:{} 
2015-12-17 13:42:20 - DEBUG --> Archivo \components\com_jhotelreservation\classes\services\UserDataService.php 
2015-12-17 13:42:20 - DEBUG --> initializeUserData 
2015-12-17 13:42:20 - DEBUG --> UserData first: N; 
2015-12-17 13:42:20 - DEBUG --> Archivo \components\com_jhotelreservation\classes\services\UserDataService.php 
2015-12-17 13:42:20 - DEBUG --> createUserData 
2015-12-17 13:42:20 - DEBUG --> UserData end:  a:0:{} 
2015-12-17 13:42:20 - DEBUG --> Archivo \components\com_jhotelreservation\classes\services\UserDataService.php 
2015-12-17 13:42:20 - DEBUG --> initializeUserData 
2015-12-17 13:42:20 - DEBUG --> UserData first: a:0:{} 
2015-12-17 13:42:20 - DEBUG --> UserData end:  a:0:{} 
2015-12-17 13:42:20 - DEBUG --> Archivo \components\com_jhotelreservation\classes\services\UserDataService.php 
2015-12-17 13:42:20 - DEBUG --> initializeReservationData 
2015-12-17 13:42:20 - DEBUG --> UserData: a:0:{} 
2015-12-17 13:42:20 - DEBUG --> Archivo \components\com_jhotelreservation\classes\services\UserDataService.php 
2015-12-17 13:42:20 - DEBUG --> updateUserData 
2015-12-17 13:42:20 - DEBUG --> Archivo \components\com_jhotelreservation\classes\services\UserDataService.php 
2015-12-17 13:42:20 - DEBUG --> getUserData 
2015-12-17 13:42:20 - DEBUG --> Archivo \components\com_jhotelreservation\classes\services\UserDataService.php 
2015-12-17 13:42:20 - DEBUG --> setCurrency 
2015-12-17 13:42:20 - DEBUG --> Archivo \components\com_jhotelreservation\classes\services\UserDataService.php 
2015-12-17 13:42:20 - DEBUG --> getUserData 
2015-12-17 13:42:20 - DEBUG --> Archivo \components\com_jhotelreservation\classes\services\UserDataService.php 
2015-12-17 13:42:20 - DEBUG --> getUserData 
2015-12-17 13:42:20 - DEBUG --> Archivo \components\com_jhotelreservation\classes\services\UserDataService.php 
2015-12-17 13:42:20 - DEBUG --> getUserData 
2015-12-17 13:42:22 - DEBUG --> Archivo \components\com_jhotelreservation\classes\services\UserDataService.php 
2015-12-17 13:42:22 - DEBUG --> initializeUserData 
2015-12-17 13:42:22 - DEBUG --> UserData first: N; 
2015-12-17 13:42:22 - DEBUG --> Archivo \components\com_jhotelreservation\classes\services\UserDataService.php 
2015-12-17 13:42:22 - DEBUG --> createUserData 
2015-12-17 13:42:22 - DEBUG --> UserData end:  a:0:{} 
2015-12-17 13:42:22 - DEBUG --> Archivo \components\com_jhotelreservation\classes\services\UserDataService.php 
2015-12-17 13:42:22 - DEBUG --> initializeUserData 
2015-12-17 13:42:22 - DEBUG --> UserData first: a:0:{} 
2015-12-17 13:42:22 - DEBUG --> UserData end:  a:0:{} 
2015-12-17 13:42:22 - DEBUG --> Archivo \components\com_jhotelreservation\classes\services\UserDataService.php 
2015-12-17 13:42:22 - DEBUG --> initializeReservationData 
2015-12-17 13:42:22 - DEBUG --> UserData: a:0:{} 
2015-12-17 13:42:22 - DEBUG --> Archivo \components\com_jhotelreservation\classes\services\UserDataService.php 
2015-12-17 13:42:22 - DEBUG --> updateUserData 
2015-12-17 13:42:22 - DEBUG --> Archivo \components\com_jhotelreservation\classes\services\UserDataService.php 
2015-12-17 13:42:22 - DEBUG --> getUserData 
2015-12-17 13:42:22 - DEBUG --> Archivo \components\com_jhotelreservation\classes\services\UserDataService.php 
2015-12-17 13:42:22 - DEBUG --> setCurrency 
2015-12-17 13:42:22 - DEBUG --> Archivo \components\com_jhotelreservation\classes\services\UserDataService.php 
2015-12-17 13:42:22 - DEBUG --> getUserData 
2015-12-17 13:42:22 - DEBUG --> Archivo \components\com_jhotelreservation\classes\services\UserDataService.php 
2015-12-17 13:42:22 - DEBUG --> getUserData 
2015-12-17 13:42:22 - DEBUG --> Archivo \components\com_jhotelreservation\classes\services\UserDataService.php 
2015-12-17 13:42:22 - DEBUG --> getUserData 
2015-12-17 13:42:22 - DEBUG --> Archivo \components\com_jhotelreservationiews\hotel	mpl\hoteloverview.php 
2015-12-17 13:42:22 - DEBUG --> Accedió 
2015-12-17 13:42:24 - DEBUG --> Archivo \components\com_jhotelreservation\classes\services\UserDataService.php 
2015-12-17 13:42:24 - DEBUG --> initializeUserData 
2015-12-17 13:42:24 - DEBUG --> UserData first: N; 
2015-12-17 13:42:24 - DEBUG --> Archivo \components\com_jhotelreservation\classes\services\UserDataService.php 
2015-12-17 13:42:24 - DEBUG --> createUserData 
2015-12-17 13:42:24 - DEBUG --> UserData end:  a:0:{} 
2015-12-17 13:42:24 - DEBUG --> Archivo \components\com_jhotelreservation\classes\services\UserDataService.php 
2015-12-17 13:42:24 - DEBUG --> initializeUserData 
2015-12-17 13:42:24 - DEBUG --> UserData first: a:0:{} 
2015-12-17 13:42:24 - DEBUG --> UserData end:  a:0:{} 
2015-12-17 13:42:24 - DEBUG --> Archivo \components\com_jhotelreservation\classes\services\UserDataService.php 
2015-12-17 13:42:24 - DEBUG --> initializeReservationData 
2015-12-17 13:42:24 - DEBUG --> UserData: a:0:{} 
2015-12-17 13:42:24 - DEBUG --> Archivo \components\com_jhotelreservation\classes\services\UserDataService.php 
2015-12-17 13:42:24 - DEBUG --> updateUserData 
2015-12-17 13:42:24 - DEBUG --> Archivo \components\com_jhotelreservation\classes\services\UserDataService.php 
2015-12-17 13:42:24 - DEBUG --> getUserData 
2015-12-17 13:42:24 - DEBUG --> Archivo \components\com_jhotelreservation\classes\services\UserDataService.php 
2015-12-17 13:42:24 - DEBUG --> setCurrency 
2015-12-17 13:42:24 - DEBUG --> Archivo \components\com_jhotelreservation\classes\services\UserDataService.php 
2015-12-17 13:42:24 - DEBUG --> getUserData 
2015-12-17 13:42:24 - DEBUG --> Archivo \components\com_jhotelreservation\classes\services\UserDataService.php 
2015-12-17 13:42:24 - DEBUG --> getUserData 
2015-12-17 13:42:24 - DEBUG --> Archivo \components\com_jhotelreservation\classes\services\UserDataService.php 
2015-12-17 13:42:24 - DEBUG --> getUserData 
2015-12-17 14:57:43 - DEBUG --> Archivo \components\com_jhotelreservation\classes\services\UserDataService.php 
2015-12-17 14:57:43 - DEBUG --> initializeUserData 
2015-12-17 14:57:43 - DEBUG --> UserData first: N; 
2015-12-17 14:57:43 - DEBUG --> Archivo \components\com_jhotelreservation\classes\services\UserDataService.php 
2015-12-17 14:57:43 - DEBUG --> createUserData 
2015-12-17 14:57:43 - DEBUG --> UserData end:  a:0:{} 
2015-12-17 14:57:43 - DEBUG --> Archivo \components\com_jhotelreservation\classes\services\UserDataService.php 
2015-12-17 14:57:43 - DEBUG --> initializeUserData 
2015-12-17 14:57:43 - DEBUG --> UserData first: a:0:{} 
2015-12-17 14:57:43 - DEBUG --> UserData end:  a:0:{} 
2015-12-17 14:57:43 - DEBUG --> Archivo \components\com_jhotelreservation\classes\services\UserDataService.php 
2015-12-17 14:57:43 - DEBUG --> initializeReservationData 
2015-12-17 14:57:43 - DEBUG --> UserData: a:0:{} 
2015-12-17 14:57:43 - DEBUG --> Archivo \components\com_jhotelreservation\classes\services\UserDataService.php 
2015-12-17 14:57:43 - DEBUG --> updateUserData 
2015-12-17 14:57:43 - DEBUG --> Archivo \components\com_jhotelreservation\classes\services\UserDataService.php 
2015-12-17 14:57:43 - DEBUG --> getUserData 
2015-12-17 14:57:43 - DEBUG --> Archivo \components\com_jhotelreservation\classes\services\UserDataService.php 
2015-12-17 14:57:43 - DEBUG --> setCurrency 
2015-12-17 14:57:43 - DEBUG --> Archivo \components\com_jhotelreservation\classes\services\UserDataService.php 
2015-12-17 14:57:43 - DEBUG --> getUserData 
2015-12-17 14:57:43 - DEBUG --> Archivo \components\com_jhotelreservation\classes\services\UserDataService.php 
2015-12-17 14:57:43 - DEBUG --> getUserData 
2015-12-17 14:57:43 - DEBUG --> Archivo \components\com_jhotelreservation\classes\services\UserDataService.php 
2015-12-17 14:57:43 - DEBUG --> getUserData 
2015-12-17 14:57:43 - DEBUG --> Archivo \components\com_jhotelreservationiews\hotel	mpl\hoteloverview.php 
2015-12-17 14:57:43 - DEBUG --> Accedió 
2015-12-17 15:31:38 - DEBUG --> Archivo \components\com_jhotelreservation\classes\services\UserDataService.php 
2015-12-17 15:31:38 - DEBUG --> initializeUserData 
2015-12-17 15:31:38 - DEBUG --> UserData first: N; 
2015-12-17 15:31:38 - DEBUG --> Archivo \components\com_jhotelreservation\classes\services\UserDataService.php 
2015-12-17 15:31:38 - DEBUG --> createUserData 
2015-12-17 15:31:38 - DEBUG --> UserData end:  a:0:{} 
2015-12-17 15:31:38 - DEBUG --> Archivo \components\com_jhotelreservation\classes\services\UserDataService.php 
2015-12-17 15:31:38 - DEBUG --> initializeUserData 
2015-12-17 15:31:38 - DEBUG --> UserData first: a:0:{} 
2015-12-17 15:31:38 - DEBUG --> UserData end:  a:0:{} 
2015-12-17 15:31:38 - DEBUG --> Archivo \components\com_jhotelreservation\classes\services\UserDataService.php 
2015-12-17 15:31:38 - DEBUG --> initializeReservationData 
2015-12-17 15:31:38 - DEBUG --> UserData: a:0:{} 
2015-12-17 15:31:38 - DEBUG --> Archivo \components\com_jhotelreservation\classes\services\UserDataService.php 
2015-12-17 15:31:38 - DEBUG --> updateUserData 
2015-12-17 15:31:38 - DEBUG --> Archivo \components\com_jhotelreservation\classes\services\UserDataService.php 
2015-12-17 15:31:38 - DEBUG --> getUserData 
2015-12-17 15:31:38 - DEBUG --> Archivo \components\com_jhotelreservation\classes\services\UserDataService.php 
2015-12-17 15:31:38 - DEBUG --> setCurrency 
2015-12-17 15:31:38 - DEBUG --> Archivo \components\com_jhotelreservation\classes\services\UserDataService.php 
2015-12-17 15:31:38 - DEBUG --> getUserData 
2015-12-17 15:31:38 - DEBUG --> Archivo \components\com_jhotelreservation\classes\services\UserDataService.php 
2015-12-17 15:31:38 - DEBUG --> getUserData 
2015-12-17 15:31:38 - DEBUG --> Archivo \components\com_jhotelreservation\classes\services\UserDataService.php 
2015-12-17 15:31:38 - DEBUG --> getUserData 
2015-12-17 15:31:38 - DEBUG --> Archivo \components\com_jhotelreservationiews\hotel	mpl\hoteloverview.php 
2015-12-17 15:31:38 - DEBUG --> Accedió 
2015-12-17 17:54:42 - DEBUG --> Archivo \components\com_jhotelreservation\classes\services\UserDataService.php 
2015-12-17 17:54:42 - DEBUG --> initializeUserData 
2015-12-17 17:54:42 - DEBUG --> UserData first: N; 
2015-12-17 17:54:42 - DEBUG --> Archivo \components\com_jhotelreservation\classes\services\UserDataService.php 
2015-12-17 17:54:42 - DEBUG --> createUserData 
2015-12-17 17:54:42 - DEBUG --> UserData end:  a:0:{} 
2015-12-17 17:54:42 - DEBUG --> Archivo \components\com_jhotelreservation\classes\services\UserDataService.php 
2015-12-17 17:54:42 - DEBUG --> initializeUserData 
2015-12-17 17:54:42 - DEBUG --> UserData first: a:0:{} 
2015-12-17 17:54:42 - DEBUG --> UserData end:  a:0:{} 
2015-12-17 17:54:42 - DEBUG --> Archivo \components\com_jhotelreservation\classes\services\UserDataService.php 
2015-12-17 17:54:42 - DEBUG --> initializeReservationData 
2015-12-17 17:54:42 - DEBUG --> UserData: a:0:{} 
2015-12-17 17:54:42 - DEBUG --> Archivo \components\com_jhotelreservation\classes\services\UserDataService.php 
2015-12-17 17:54:42 - DEBUG --> updateUserData 
2015-12-17 17:54:42 - DEBUG --> Archivo \components\com_jhotelreservation\classes\services\UserDataService.php 
2015-12-17 17:54:42 - DEBUG --> getUserData 
2015-12-17 17:54:42 - DEBUG --> Archivo \components\com_jhotelreservation\classes\services\UserDataService.php 
2015-12-17 17:54:42 - DEBUG --> setCurrency 
2015-12-17 17:54:42 - DEBUG --> Archivo \components\com_jhotelreservation\classes\services\UserDataService.php 
2015-12-17 17:54:42 - DEBUG --> getUserData 
2015-12-17 17:54:42 - DEBUG --> Archivo \components\com_jhotelreservation\classes\services\UserDataService.php 
2015-12-17 17:54:42 - DEBUG --> getUserData 
2015-12-17 17:54:42 - DEBUG --> Archivo \components\com_jhotelreservation\classes\services\UserDataService.php 
2015-12-17 17:54:42 - DEBUG --> getUserData 
2015-12-17 18:15:13 - DEBUG --> Archivo \components\com_jhotelreservation\classes\services\UserDataService.php 
2015-12-17 18:15:13 - DEBUG --> initializeUserData 
2015-12-17 18:15:13 - DEBUG --> UserData first: N; 
2015-12-17 18:15:13 - DEBUG --> Archivo \components\com_jhotelreservation\classes\services\UserDataService.php 
2015-12-17 18:15:13 - DEBUG --> createUserData 
2015-12-17 18:15:13 - DEBUG --> UserData end:  a:0:{} 
2015-12-17 18:15:13 - DEBUG --> Archivo \components\com_jhotelreservation\classes\services\UserDataService.php 
2015-12-17 18:15:13 - DEBUG --> initializeUserData 
2015-12-17 18:15:13 - DEBUG --> UserData first: a:0:{} 
2015-12-17 18:15:13 - DEBUG --> UserData end:  a:0:{} 
2015-12-17 18:15:13 - DEBUG --> Archivo \components\com_jhotelreservation\classes\services\UserDataService.php 
2015-12-17 18:15:13 - DEBUG --> initializeReservationData 
2015-12-17 18:15:13 - DEBUG --> UserData: a:0:{} 
2015-12-17 18:15:13 - DEBUG --> Archivo \components\com_jhotelreservation\classes\services\UserDataService.php 
2015-12-17 18:15:13 - DEBUG --> updateUserData 
2015-12-17 18:15:13 - DEBUG --> Archivo \components\com_jhotelreservation\classes\services\UserDataService.php 
2015-12-17 18:15:13 - DEBUG --> getUserData 
2015-12-17 18:15:13 - DEBUG --> Archivo \components\com_jhotelreservation\classes\services\UserDataService.php 
2015-12-17 18:15:13 - DEBUG --> setCurrency 
2015-12-17 18:15:13 - DEBUG --> Archivo \components\com_jhotelreservation\classes\services\UserDataService.php 
2015-12-17 18:15:13 - DEBUG --> getUserData 
2015-12-17 18:15:13 - DEBUG --> Archivo \components\com_jhotelreservation\classes\services\UserDataService.php 
2015-12-17 18:15:13 - DEBUG --> getUserData 
2015-12-17 18:15:13 - DEBUG --> Archivo \components\com_jhotelreservation\classes\services\UserDataService.php 
2015-12-17 18:15:13 - DEBUG --> getUserData 
2015-12-17 18:15:13 - DEBUG --> Archivo \components\com_jhotelreservationiews\hotel	mpl\hoteloverview.php 
2015-12-17 18:15:13 - DEBUG --> Accedió 
2015-12-17 20:50:16 - DEBUG --> Archivo \components\com_jhotelreservation\classes\services\UserDataService.php 
2015-12-17 20:50:16 - DEBUG --> initializeUserData 
2015-12-17 20:50:16 - DEBUG --> UserData first: N; 
2015-12-17 20:50:16 - DEBUG --> Archivo \components\com_jhotelreservation\classes\services\UserDataService.php 
2015-12-17 20:50:16 - DEBUG --> createUserData 
2015-12-17 20:50:16 - DEBUG --> UserData end:  a:0:{} 
2015-12-17 20:50:16 - DEBUG --> Archivo \components\com_jhotelreservation\classes\services\UserDataService.php 
2015-12-17 20:50:16 - DEBUG --> initializeUserData 
2015-12-17 20:50:16 - DEBUG --> UserData first: a:0:{} 
2015-12-17 20:50:16 - DEBUG --> UserData end:  a:0:{} 
2015-12-17 20:50:16 - DEBUG --> Archivo \components\com_jhotelreservation\classes\services\UserDataService.php 
2015-12-17 20:50:16 - DEBUG --> initializeReservationData 
2015-12-17 20:50:16 - DEBUG --> UserData: a:0:{} 
2015-12-17 20:50:16 - DEBUG --> Archivo \components\com_jhotelreservation\classes\services\UserDataService.php 
2015-12-17 20:50:16 - DEBUG --> updateUserData 
2015-12-17 20:50:16 - DEBUG --> Archivo \components\com_jhotelreservation\classes\services\UserDataService.php 
2015-12-17 20:50:16 - DEBUG --> getUserData 
2015-12-17 20:50:16 - DEBUG --> Archivo \components\com_jhotelreservation\classes\services\UserDataService.php 
2015-12-17 20:50:16 - DEBUG --> setCurrency 
2015-12-17 20:50:16 - DEBUG --> Archivo \components\com_jhotelreservation\classes\services\UserDataService.php 
2015-12-17 20:50:16 - DEBUG --> getUserData 
2015-12-17 20:50:16 - DEBUG --> Archivo \components\com_jhotelreservation\classes\services\UserDataService.php 
2015-12-17 20:50:16 - DEBUG --> getUserData 
2015-12-17 20:50:16 - DEBUG --> Archivo \components\com_jhotelreservation\classes\services\UserDataService.php 
2015-12-17 20:50:16 - DEBUG --> getUserData 
2015-12-17 20:50:16 - DEBUG --> Archivo \components\com_jhotelreservationiews\hotel	mpl\hoteloverview.php 
2015-12-17 20:50:16 - DEBUG --> Accedió 
2015-12-17 20:50:18 - DEBUG --> Archivo \components\com_jhotelreservation\classes\services\UserDataService.php 
2015-12-17 20:50:18 - DEBUG --> initializeUserData 
2015-12-17 20:50:18 - DEBUG --> UserData first: N; 
2015-12-17 20:50:18 - DEBUG --> Archivo \components\com_jhotelreservation\classes\services\UserDataService.php 
2015-12-17 20:50:18 - DEBUG --> createUserData 
2015-12-17 20:50:18 - DEBUG --> UserData end:  a:0:{} 
2015-12-17 20:50:18 - DEBUG --> Archivo \components\com_jhotelreservation\classes\services\UserDataService.php 
2015-12-17 20:50:18 - DEBUG --> initializeUserData 
2015-12-17 20:50:18 - DEBUG --> UserData first: a:0:{} 
2015-12-17 20:50:18 - DEBUG --> UserData end:  a:0:{} 
2015-12-17 20:50:18 - DEBUG --> Archivo \components\com_jhotelreservation\classes\services\UserDataService.php 
2015-12-17 20:50:18 - DEBUG --> initializeReservationData 
2015-12-17 20:50:18 - DEBUG --> UserData: a:0:{} 
2015-12-17 20:50:18 - DEBUG --> Archivo \components\com_jhotelreservation\classes\services\UserDataService.php 
2015-12-17 20:50:18 - DEBUG --> updateUserData 
2015-12-17 20:50:18 - DEBUG --> Archivo \components\com_jhotelreservation\classes\services\UserDataService.php 
2015-12-17 20:50:18 - DEBUG --> getUserData 
2015-12-17 20:50:18 - DEBUG --> Archivo \components\com_jhotelreservation\classes\services\UserDataService.php 
2015-12-17 20:50:18 - DEBUG --> setCurrency 
2015-12-17 20:50:18 - DEBUG --> Archivo \components\com_jhotelreservation\classes\services\UserDataService.php 
2015-12-17 20:50:18 - DEBUG --> getUserData 
2015-12-17 20:50:18 - DEBUG --> Archivo \components\com_jhotelreservation\classes\services\UserDataService.php 
2015-12-17 20:50:18 - DEBUG --> getUserData 
2015-12-17 20:50:18 - DEBUG --> Archivo \components\com_jhotelreservation\classes\services\UserDataService.php 
2015-12-17 20:50:18 - DEBUG --> getUserData 
2015-12-17 20:50:18 - DEBUG --> Archivo \components\com_jhotelreservationiews\hotel	mpl\hoteloverview.php 
2015-12-17 20:50:18 - DEBUG --> Accedió 
2015-12-17 20:50:21 - DEBUG --> Archivo \components\com_jhotelreservation\classes\services\UserDataService.php 
2015-12-17 20:50:21 - DEBUG --> initializeUserData 
2015-12-17 20:50:21 - DEBUG --> UserData first: N; 
2015-12-17 20:50:21 - DEBUG --> Archivo \components\com_jhotelreservation\classes\services\UserDataService.php 
2015-12-17 20:50:21 - DEBUG --> createUserData 
2015-12-17 20:50:21 - DEBUG --> UserData end:  a:0:{} 
2015-12-17 20:50:21 - DEBUG --> Archivo \components\com_jhotelreservation\classes\services\UserDataService.php 
2015-12-17 20:50:21 - DEBUG --> initializeUserData 
2015-12-17 20:50:21 - DEBUG --> UserData first: a:0:{} 
2015-12-17 20:50:21 - DEBUG --> UserData end:  a:0:{} 
2015-12-17 20:50:21 - DEBUG --> Archivo \components\com_jhotelreservation\classes\services\UserDataService.php 
2015-12-17 20:50:21 - DEBUG --> initializeReservationData 
2015-12-17 20:50:21 - DEBUG --> UserData: a:0:{} 
2015-12-17 20:50:21 - DEBUG --> Archivo \components\com_jhotelreservation\classes\services\UserDataService.php 
2015-12-17 20:50:21 - DEBUG --> updateUserData 
2015-12-17 20:50:21 - DEBUG --> Archivo \components\com_jhotelreservation\classes\services\UserDataService.php 
2015-12-17 20:50:21 - DEBUG --> getUserData 
2015-12-17 20:50:21 - DEBUG --> Archivo \components\com_jhotelreservation\classes\services\UserDataService.php 
2015-12-17 20:50:21 - DEBUG --> setCurrency 
2015-12-17 20:50:21 - DEBUG --> Archivo \components\com_jhotelreservation\classes\services\UserDataService.php 
2015-12-17 20:50:21 - DEBUG --> getUserData 
2015-12-17 20:50:21 - DEBUG --> Archivo \components\com_jhotelreservation\classes\services\UserDataService.php 
2015-12-17 20:50:21 - DEBUG --> getUserData 
2015-12-17 20:50:21 - DEBUG --> Archivo \components\com_jhotelreservation\classes\services\UserDataService.php 
2015-12-17 20:50:21 - DEBUG --> getUserData 
2015-12-17 20:50:21 - DEBUG --> Archivo \components\com_jhotelreservationiews\hotel	mpl\hoteloverview.php 
2015-12-17 20:50:21 - DEBUG --> Accedió 
2015-12-17 20:50:24 - DEBUG --> Archivo \components\com_jhotelreservation\classes\services\UserDataService.php 
2015-12-17 20:50:24 - DEBUG --> initializeUserData 
2015-12-17 20:50:24 - DEBUG --> UserData first: N; 
2015-12-17 20:50:24 - DEBUG --> Archivo \components\com_jhotelreservation\classes\services\UserDataService.php 
2015-12-17 20:50:24 - DEBUG --> createUserData 
2015-12-17 20:50:24 - DEBUG --> UserData end:  a:0:{} 
2015-12-17 20:50:24 - DEBUG --> Archivo \components\com_jhotelreservation\classes\services\UserDataService.php 
2015-12-17 20:50:24 - DEBUG --> initializeUserData 
2015-12-17 20:50:24 - DEBUG --> UserData first: a:0:{} 
2015-12-17 20:50:24 - DEBUG --> UserData end:  a:0:{} 
2015-12-17 20:50:24 - DEBUG --> Archivo \components\com_jhotelreservation\classes\services\UserDataService.php 
2015-12-17 20:50:24 - DEBUG --> initializeReservationData 
2015-12-17 20:50:24 - DEBUG --> UserData: a:0:{} 
2015-12-17 20:50:24 - DEBUG --> Archivo \components\com_jhotelreservation\classes\services\UserDataService.php 
2015-12-17 20:50:24 - DEBUG --> updateUserData 
2015-12-17 20:50:24 - DEBUG --> Archivo \components\com_jhotelreservation\classes\services\UserDataService.php 
2015-12-17 20:50:24 - DEBUG --> getUserData 
2015-12-17 20:50:24 - DEBUG --> Archivo \components\com_jhotelreservation\classes\services\UserDataService.php 
2015-12-17 20:50:24 - DEBUG --> setCurrency 
2015-12-17 20:50:24 - DEBUG --> Archivo \components\com_jhotelreservation\classes\services\UserDataService.php 
2015-12-17 20:50:24 - DEBUG --> getUserData 
2015-12-17 20:50:24 - DEBUG --> Archivo \components\com_jhotelreservation\classes\services\UserDataService.php 
2015-12-17 20:50:24 - DEBUG --> getUserData 
2015-12-17 20:50:24 - DEBUG --> Archivo \components\com_jhotelreservation\classes\services\UserDataService.php 
2015-12-17 20:50:24 - DEBUG --> getUserData 
2015-12-17 20:50:24 - DEBUG --> Archivo \components\com_jhotelreservationiews\hotel	mpl\hoteloverview.php 
2015-12-17 20:50:24 - DEBUG --> Accedió 
2015-12-17 20:50:27 - DEBUG --> Archivo \components\com_jhotelreservation\classes\services\UserDataService.php 
2015-12-17 20:50:27 - DEBUG --> initializeUserData 
2015-12-17 20:50:27 - DEBUG --> UserData first: N; 
2015-12-17 20:50:27 - DEBUG --> Archivo \components\com_jhotelreservation\classes\services\UserDataService.php 
2015-12-17 20:50:27 - DEBUG --> createUserData 
2015-12-17 20:50:27 - DEBUG --> UserData end:  a:0:{} 
2015-12-17 20:50:27 - DEBUG --> Archivo \components\com_jhotelreservation\classes\services\UserDataService.php 
2015-12-17 20:50:27 - DEBUG --> initializeUserData 
2015-12-17 20:50:27 - DEBUG --> UserData first: a:0:{} 
2015-12-17 20:50:27 - DEBUG --> UserData end:  a:0:{} 
2015-12-17 20:50:27 - DEBUG --> Archivo \components\com_jhotelreservation\classes\services\UserDataService.php 
2015-12-17 20:50:27 - DEBUG --> initializeReservationData 
2015-12-17 20:50:27 - DEBUG --> UserData: a:0:{} 
2015-12-17 20:50:27 - DEBUG --> Archivo \components\com_jhotelreservation\classes\services\UserDataService.php 
2015-12-17 20:50:27 - DEBUG --> updateUserData 
2015-12-17 20:50:27 - DEBUG --> Archivo \components\com_jhotelreservation\classes\services\UserDataService.php 
2015-12-17 20:50:27 - DEBUG --> getUserData 
2015-12-17 20:50:27 - DEBUG --> Archivo \components\com_jhotelreservation\classes\services\UserDataService.php 
2015-12-17 20:50:27 - DEBUG --> setCurrency 
2015-12-17 20:50:27 - DEBUG --> Archivo \components\com_jhotelreservation\classes\services\UserDataService.php 
2015-12-17 20:50:27 - DEBUG --> getUserData 
2015-12-17 20:50:27 - DEBUG --> Archivo \components\com_jhotelreservation\classes\services\UserDataService.php 
2015-12-17 20:50:27 - DEBUG --> getUserData 
2015-12-17 20:50:27 - DEBUG --> Archivo \components\com_jhotelreservation\classes\services\UserDataService.php 
2015-12-17 20:50:27 - DEBUG --> getUserData 
2015-12-17 20:50:27 - DEBUG --> Archivo \components\com_jhotelreservationiews\hotel	mpl\hoteloverview.php 
2015-12-17 20:50:27 - DEBUG --> Accedió 
2015-12-17 20:50:30 - DEBUG --> Archivo \components\com_jhotelreservation\classes\services\UserDataService.php 
2015-12-17 20:50:30 - DEBUG --> initializeUserData 
2015-12-17 20:50:30 - DEBUG --> UserData first: N; 
2015-12-17 20:50:30 - DEBUG --> Archivo \components\com_jhotelreservation\classes\services\UserDataService.php 
2015-12-17 20:50:30 - DEBUG --> createUserData 
2015-12-17 20:50:30 - DEBUG --> UserData end:  a:0:{} 
2015-12-17 20:50:30 - DEBUG --> Archivo \components\com_jhotelreservation\classes\services\UserDataService.php 
2015-12-17 20:50:30 - DEBUG --> initializeUserData 
2015-12-17 20:50:30 - DEBUG --> UserData first: a:0:{} 
2015-12-17 20:50:30 - DEBUG --> UserData end:  a:0:{} 
2015-12-17 20:50:30 - DEBUG --> Archivo \components\com_jhotelreservation\classes\services\UserDataService.php 
2015-12-17 20:50:30 - DEBUG --> initializeReservationData 
2015-12-17 20:50:30 - DEBUG --> UserData: a:0:{} 
2015-12-17 20:50:30 - DEBUG --> Archivo \components\com_jhotelreservation\classes\services\UserDataService.php 
2015-12-17 20:50:30 - DEBUG --> updateUserData 
2015-12-17 20:50:30 - DEBUG --> Archivo \components\com_jhotelreservation\classes\services\UserDataService.php 
2015-12-17 20:50:30 - DEBUG --> getUserData 
2015-12-17 20:50:30 - DEBUG --> Archivo \components\com_jhotelreservation\classes\services\UserDataService.php 
2015-12-17 20:50:30 - DEBUG --> setCurrency 
2015-12-17 20:50:30 - DEBUG --> Archivo \components\com_jhotelreservation\classes\services\UserDataService.php 
2015-12-17 20:50:30 - DEBUG --> getUserData 
2015-12-17 20:50:30 - DEBUG --> Archivo \components\com_jhotelreservation\classes\services\UserDataService.php 
2015-12-17 20:50:30 - DEBUG --> getUserData 
2015-12-17 20:50:30 - DEBUG --> Archivo \components\com_jhotelreservation\classes\services\UserDataService.php 
2015-12-17 20:50:30 - DEBUG --> getUserData 
2015-12-17 20:50:30 - DEBUG --> Archivo \components\com_jhotelreservationiews\hotel	mpl\hoteloverview.php 
2015-12-17 20:50:30 - DEBUG --> Accedió 
2015-12-17 20:50:33 - DEBUG --> Archivo \components\com_jhotelreservation\classes\services\UserDataService.php 
2015-12-17 20:50:33 - DEBUG --> initializeUserData 
2015-12-17 20:50:33 - DEBUG --> UserData first: N; 
2015-12-17 20:50:33 - DEBUG --> Archivo \components\com_jhotelreservation\classes\services\UserDataService.php 
2015-12-17 20:50:33 - DEBUG --> createUserData 
2015-12-17 20:50:33 - DEBUG --> UserData end:  a:0:{} 
2015-12-17 20:50:33 - DEBUG --> Archivo \components\com_jhotelreservation\classes\services\UserDataService.php 
2015-12-17 20:50:33 - DEBUG --> initializeUserData 
2015-12-17 20:50:33 - DEBUG --> UserData first: a:0:{} 
2015-12-17 20:50:33 - DEBUG --> UserData end:  a:0:{} 
2015-12-17 20:50:33 - DEBUG --> Archivo \components\com_jhotelreservation\classes\services\UserDataService.php 
2015-12-17 20:50:33 - DEBUG --> initializeReservationData 
2015-12-17 20:50:33 - DEBUG --> UserData: a:0:{} 
2015-12-17 20:50:33 - DEBUG --> Archivo \components\com_jhotelreservation\classes\services\UserDataService.php 
2015-12-17 20:50:33 - DEBUG --> updateUserData 
2015-12-17 20:50:33 - DEBUG --> Archivo \components\com_jhotelreservation\classes\services\UserDataService.php 
2015-12-17 20:50:33 - DEBUG --> getUserData 
2015-12-17 20:50:33 - DEBUG --> Archivo \components\com_jhotelreservation\classes\services\UserDataService.php 
2015-12-17 20:50:33 - DEBUG --> setCurrency 
2015-12-17 20:50:33 - DEBUG --> Archivo \components\com_jhotelreservation\classes\services\UserDataService.php 
2015-12-17 20:50:33 - DEBUG --> getUserData 
2015-12-17 20:50:33 - DEBUG --> Archivo \components\com_jhotelreservation\classes\services\UserDataService.php 
2015-12-17 20:50:33 - DEBUG --> getUserData 
2015-12-17 20:50:33 - DEBUG --> Archivo \components\com_jhotelreservation\classes\services\UserDataService.php 
2015-12-17 20:50:33 - DEBUG --> getUserData 
2015-12-17 20:50:33 - DEBUG --> Archivo \components\com_jhotelreservationiews\hotel	mpl\hoteloverview.php 
2015-12-17 20:50:33 - DEBUG --> Accedió 
2015-12-17 20:50:36 - DEBUG --> Archivo \components\com_jhotelreservation\classes\services\UserDataService.php 
2015-12-17 20:50:36 - DEBUG --> initializeUserData 
2015-12-17 20:50:36 - DEBUG --> UserData first: N; 
2015-12-17 20:50:36 - DEBUG --> Archivo \components\com_jhotelreservation\classes\services\UserDataService.php 
2015-12-17 20:50:36 - DEBUG --> createUserData 
2015-12-17 20:50:36 - DEBUG --> UserData end:  a:0:{} 
2015-12-17 20:50:36 - DEBUG --> Archivo \components\com_jhotelreservation\classes\services\UserDataService.php 
2015-12-17 20:50:36 - DEBUG --> initializeUserData 
2015-12-17 20:50:36 - DEBUG --> UserData first: a:0:{} 
2015-12-17 20:50:36 - DEBUG --> UserData end:  a:0:{} 
2015-12-17 20:50:36 - DEBUG --> Archivo \components\com_jhotelreservation\classes\services\UserDataService.php 
2015-12-17 20:50:36 - DEBUG --> initializeReservationData 
2015-12-17 20:50:36 - DEBUG --> UserData: a:0:{} 
2015-12-17 20:50:36 - DEBUG --> Archivo \components\com_jhotelreservation\classes\services\UserDataService.php 
2015-12-17 20:50:36 - DEBUG --> updateUserData 
2015-12-17 20:50:36 - DEBUG --> Archivo \components\com_jhotelreservation\classes\services\UserDataService.php 
2015-12-17 20:50:36 - DEBUG --> getUserData 
2015-12-17 20:50:36 - DEBUG --> Archivo \components\com_jhotelreservation\classes\services\UserDataService.php 
2015-12-17 20:50:36 - DEBUG --> setCurrency 
2015-12-17 20:50:36 - DEBUG --> Archivo \components\com_jhotelreservation\classes\services\UserDataService.php 
2015-12-17 20:50:36 - DEBUG --> getUserData 
2015-12-17 20:50:36 - DEBUG --> Archivo \components\com_jhotelreservation\classes\services\UserDataService.php 
2015-12-17 20:50:36 - DEBUG --> getUserData 
2015-12-17 20:50:36 - DEBUG --> Archivo \components\com_jhotelreservation\classes\services\UserDataService.php 
2015-12-17 20:50:36 - DEBUG --> getUserData 
2015-12-17 20:50:36 - DEBUG --> Archivo \components\com_jhotelreservationiews\hotel	mpl\hoteloverview.php 
2015-12-17 20:50:36 - DEBUG --> Accedió 
2015-12-17 20:50:39 - DEBUG --> Archivo \components\com_jhotelreservation\classes\services\UserDataService.php 
2015-12-17 20:50:39 - DEBUG --> initializeUserData 
2015-12-17 20:50:39 - DEBUG --> UserData first: N; 
2015-12-17 20:50:39 - DEBUG --> Archivo \components\com_jhotelreservation\classes\services\UserDataService.php 
2015-12-17 20:50:39 - DEBUG --> createUserData 
2015-12-17 20:50:39 - DEBUG --> UserData end:  a:0:{} 
2015-12-17 20:50:39 - DEBUG --> Archivo \components\com_jhotelreservation\classes\services\UserDataService.php 
2015-12-17 20:50:39 - DEBUG --> initializeUserData 
2015-12-17 20:50:39 - DEBUG --> UserData first: a:0:{} 
2015-12-17 20:50:39 - DEBUG --> UserData end:  a:0:{} 
2015-12-17 20:50:39 - DEBUG --> Archivo \components\com_jhotelreservation\classes\services\UserDataService.php 
2015-12-17 20:50:39 - DEBUG --> initializeReservationData 
2015-12-17 20:50:39 - DEBUG --> UserData: a:0:{} 
2015-12-17 20:50:39 - DEBUG --> Archivo \components\com_jhotelreservation\classes\services\UserDataService.php 
2015-12-17 20:50:39 - DEBUG --> updateUserData 
2015-12-17 20:50:39 - DEBUG --> Archivo \components\com_jhotelreservation\classes\services\UserDataService.php 
2015-12-17 20:50:39 - DEBUG --> getUserData 
2015-12-17 20:50:39 - DEBUG --> Archivo \components\com_jhotelreservation\classes\services\UserDataService.php 
2015-12-17 20:50:39 - DEBUG --> setCurrency 
2015-12-17 20:50:39 - DEBUG --> Archivo \components\com_jhotelreservation\classes\services\UserDataService.php 
2015-12-17 20:50:39 - DEBUG --> getUserData 
2015-12-17 20:50:39 - DEBUG --> Archivo \components\com_jhotelreservation\classes\services\UserDataService.php 
2015-12-17 20:50:39 - DEBUG --> getUserData 
2015-12-17 20:50:39 - DEBUG --> Archivo \components\com_jhotelreservation\classes\services\UserDataService.php 
2015-12-17 20:50:39 - DEBUG --> getUserData 
2015-12-17 20:50:39 - DEBUG --> Archivo \components\com_jhotelreservationiews\hotel	mpl\hoteloverview.php 
2015-12-17 20:50:39 - DEBUG --> Accedió 
2015-12-17 20:50:42 - DEBUG --> Archivo \components\com_jhotelreservation\classes\services\UserDataService.php 
2015-12-17 20:50:42 - DEBUG --> initializeUserData 
2015-12-17 20:50:42 - DEBUG --> UserData first: N; 
2015-12-17 20:50:42 - DEBUG --> Archivo \components\com_jhotelreservation\classes\services\UserDataService.php 
2015-12-17 20:50:42 - DEBUG --> createUserData 
2015-12-17 20:50:42 - DEBUG --> UserData end:  a:0:{} 
2015-12-17 20:50:42 - DEBUG --> Archivo \components\com_jhotelreservation\classes\services\UserDataService.php 
2015-12-17 20:50:42 - DEBUG --> initializeUserData 
2015-12-17 20:50:42 - DEBUG --> UserData first: a:0:{} 
2015-12-17 20:50:42 - DEBUG --> UserData end:  a:0:{} 
2015-12-17 20:50:42 - DEBUG --> Archivo \components\com_jhotelreservation\classes\services\UserDataService.php 
2015-12-17 20:50:42 - DEBUG --> initializeReservationData 
2015-12-17 20:50:42 - DEBUG --> UserData: a:0:{} 
2015-12-17 20:50:42 - DEBUG --> Archivo \components\com_jhotelreservation\classes\services\UserDataService.php 
2015-12-17 20:50:42 - DEBUG --> updateUserData 
2015-12-17 20:50:42 - DEBUG --> Archivo \components\com_jhotelreservation\classes\services\UserDataService.php 
2015-12-17 20:50:42 - DEBUG --> getUserData 
2015-12-17 20:50:42 - DEBUG --> Archivo \components\com_jhotelreservation\classes\services\UserDataService.php 
2015-12-17 20:50:42 - DEBUG --> setCurrency 
2015-12-17 20:50:42 - DEBUG --> Archivo \components\com_jhotelreservation\classes\services\UserDataService.php 
2015-12-17 20:50:42 - DEBUG --> getUserData 
2015-12-17 20:50:42 - DEBUG --> Archivo \components\com_jhotelreservation\classes\services\UserDataService.php 
2015-12-17 20:50:42 - DEBUG --> getUserData 
2015-12-17 20:50:42 - DEBUG --> Archivo \components\com_jhotelreservation\classes\services\UserDataService.php 
2015-12-17 20:50:42 - DEBUG --> getUserData 
2015-12-17 20:50:42 - DEBUG --> Archivo \components\com_jhotelreservationiews\hotel	mpl\hoteloverview.php 
2015-12-17 20:50:42 - DEBUG --> Accedió 
2015-12-17 20:50:44 - DEBUG --> Archivo \components\com_jhotelreservation\classes\services\UserDataService.php 
2015-12-17 20:50:44 - DEBUG --> initializeUserData 
2015-12-17 20:50:44 - DEBUG --> UserData first: N; 
2015-12-17 20:50:44 - DEBUG --> Archivo \components\com_jhotelreservation\classes\services\UserDataService.php 
2015-12-17 20:50:44 - DEBUG --> createUserData 
2015-12-17 20:50:44 - DEBUG --> UserData end:  a:0:{} 
2015-12-17 20:50:44 - DEBUG --> Archivo \components\com_jhotelreservation\classes\services\UserDataService.php 
2015-12-17 20:50:44 - DEBUG --> initializeUserData 
2015-12-17 20:50:44 - DEBUG --> UserData first: a:0:{} 
2015-12-17 20:50:44 - DEBUG --> UserData end:  a:0:{} 
2015-12-17 20:50:44 - DEBUG --> Archivo \components\com_jhotelreservation\classes\services\UserDataService.php 
2015-12-17 20:50:44 - DEBUG --> initializeReservationData 
2015-12-17 20:50:44 - DEBUG --> UserData: a:0:{} 
2015-12-17 20:50:44 - DEBUG --> Archivo \components\com_jhotelreservation\classes\services\UserDataService.php 
2015-12-17 20:50:44 - DEBUG --> updateUserData 
2015-12-17 20:50:44 - DEBUG --> Archivo \components\com_jhotelreservation\classes\services\UserDataService.php 
2015-12-17 20:50:44 - DEBUG --> getUserData 
2015-12-17 20:50:44 - DEBUG --> Archivo \components\com_jhotelreservation\classes\services\UserDataService.php 
2015-12-17 20:50:44 - DEBUG --> setCurrency 
2015-12-17 20:50:44 - DEBUG --> Archivo \components\com_jhotelreservation\classes\services\UserDataService.php 
2015-12-17 20:50:44 - DEBUG --> getUserData 
2015-12-17 20:50:44 - DEBUG --> Archivo \components\com_jhotelreservation\classes\services\UserDataService.php 
2015-12-17 20:50:44 - DEBUG --> getUserData 
2015-12-17 20:50:44 - DEBUG --> Archivo \components\com_jhotelreservation\classes\services\UserDataService.php 
2015-12-17 20:50:44 - DEBUG --> getUserData 
2015-12-17 20:50:44 - DEBUG --> Archivo \components\com_jhotelreservationiews\hotel	mpl\hoteloverview.php 
2015-12-17 20:50:44 - DEBUG --> Accedió 
2015-12-17 20:50:47 - DEBUG --> Archivo \components\com_jhotelreservation\classes\services\UserDataService.php 
2015-12-17 20:50:47 - DEBUG --> initializeUserData 
2015-12-17 20:50:47 - DEBUG --> UserData first: N; 
2015-12-17 20:50:47 - DEBUG --> Archivo \components\com_jhotelreservation\classes\services\UserDataService.php 
2015-12-17 20:50:47 - DEBUG --> createUserData 
2015-12-17 20:50:47 - DEBUG --> UserData end:  a:0:{} 
2015-12-17 20:50:47 - DEBUG --> Archivo \components\com_jhotelreservation\classes\services\UserDataService.php 
2015-12-17 20:50:47 - DEBUG --> initializeUserData 
2015-12-17 20:50:47 - DEBUG --> UserData first: a:0:{} 
2015-12-17 20:50:47 - DEBUG --> UserData end:  a:0:{} 
2015-12-17 20:50:47 - DEBUG --> Archivo \components\com_jhotelreservation\classes\services\UserDataService.php 
2015-12-17 20:50:47 - DEBUG --> initializeReservationData 
2015-12-17 20:50:47 - DEBUG --> UserData: a:0:{} 
2015-12-17 20:50:47 - DEBUG --> Archivo \components\com_jhotelreservation\classes\services\UserDataService.php 
2015-12-17 20:50:47 - DEBUG --> updateUserData 
2015-12-17 20:50:47 - DEBUG --> Archivo \components\com_jhotelreservation\classes\services\UserDataService.php 
2015-12-17 20:50:47 - DEBUG --> getUserData 
2015-12-17 20:50:47 - DEBUG --> Archivo \components\com_jhotelreservation\classes\services\UserDataService.php 
2015-12-17 20:50:47 - DEBUG --> setCurrency 
2015-12-17 20:50:47 - DEBUG --> Archivo \components\com_jhotelreservation\classes\services\UserDataService.php 
2015-12-17 20:50:47 - DEBUG --> getUserData 
2015-12-17 20:50:47 - DEBUG --> Archivo \components\com_jhotelreservation\classes\services\UserDataService.php 
2015-12-17 20:50:47 - DEBUG --> getUserData 
2015-12-17 20:50:47 - DEBUG --> Archivo \components\com_jhotelreservation\classes\services\UserDataService.php 
2015-12-17 20:50:47 - DEBUG --> getUserData 
2015-12-17 20:50:47 - DEBUG --> Archivo \components\com_jhotelreservationiews\hotel	mpl\hoteloverview.php 
2015-12-17 20:50:47 - DEBUG --> Accedió 
2015-12-17 22:39:29 - DEBUG --> Archivo \components\com_jhotelreservation\classes\services\UserDataService.php 
2015-12-17 22:39:29 - DEBUG --> initializeUserData 
2015-12-17 22:39:29 - DEBUG --> UserData first: N; 
2015-12-17 22:39:29 - DEBUG --> Archivo \components\com_jhotelreservation\classes\services\UserDataService.php 
2015-12-17 22:39:29 - DEBUG --> createUserData 
2015-12-17 22:39:29 - DEBUG --> UserData end:  a:0:{} 
2015-12-17 22:39:29 - DEBUG --> Archivo \components\com_jhotelreservation\classes\services\UserDataService.php 
2015-12-17 22:39:29 - DEBUG --> initializeUserData 
2015-12-17 22:39:29 - DEBUG --> UserData first: a:0:{} 
2015-12-17 22:39:29 - DEBUG --> UserData end:  a:0:{} 
2015-12-17 22:39:29 - DEBUG --> Archivo \components\com_jhotelreservation\classes\services\UserDataService.php 
2015-12-17 22:39:29 - DEBUG --> initializeReservationData 
2015-12-17 22:39:29 - DEBUG --> UserData: a:0:{} 
2015-12-17 22:39:29 - DEBUG --> Archivo \components\com_jhotelreservation\classes\services\UserDataService.php 
2015-12-17 22:39:29 - DEBUG --> updateUserData 
2015-12-17 22:39:29 - DEBUG --> Archivo \components\com_jhotelreservation\classes\services\UserDataService.php 
2015-12-17 22:39:29 - DEBUG --> getUserData 
2015-12-17 22:39:29 - DEBUG --> Archivo \components\com_jhotelreservation\classes\services\UserDataService.php 
2015-12-17 22:39:29 - DEBUG --> setCurrency 
2015-12-17 22:39:29 - DEBUG --> Archivo \components\com_jhotelreservation\classes\services\UserDataService.php 
2015-12-17 22:39:29 - DEBUG --> getUserData 
2015-12-17 22:39:29 - DEBUG --> Archivo \components\com_jhotelreservation\classes\services\UserDataService.php 
2015-12-17 22:39:29 - DEBUG --> getUserData 
2015-12-17 22:39:29 - DEBUG --> Archivo \components\com_jhotelreservation\classes\services\UserDataService.php 
2015-12-17 22:39:29 - DEBUG --> getUserData 
2015-12-17 22:43:29 - DEBUG --> Archivo \components\com_jhotelreservation\classes\services\UserDataService.php 
2015-12-17 22:43:29 - DEBUG --> initializeUserData 
2015-12-17 22:43:29 - DEBUG --> UserData first: N; 
2015-12-17 22:43:29 - DEBUG --> Archivo \components\com_jhotelreservation\classes\services\UserDataService.php 
2015-12-17 22:43:29 - DEBUG --> createUserData 
2015-12-17 22:43:29 - DEBUG --> UserData end:  a:0:{} 
2015-12-17 22:43:29 - DEBUG --> Archivo \components\com_jhotelreservation\classes\services\UserDataService.php 
2015-12-17 22:43:29 - DEBUG --> initializeUserData 
2015-12-17 22:43:29 - DEBUG --> UserData first: a:0:{} 
2015-12-17 22:43:29 - DEBUG --> UserData end:  a:0:{} 
2015-12-17 22:43:29 - DEBUG --> Archivo \components\com_jhotelreservation\classes\services\UserDataService.php 
2015-12-17 22:43:29 - DEBUG --> initializeReservationData 
2015-12-17 22:43:29 - DEBUG --> UserData: a:0:{} 
2015-12-17 22:43:29 - DEBUG --> Archivo \components\com_jhotelreservation\classes\services\UserDataService.php 
2015-12-17 22:43:29 - DEBUG --> updateUserData 
2015-12-17 22:43:29 - DEBUG --> Archivo \components\com_jhotelreservation\classes\services\UserDataService.php 
2015-12-17 22:43:29 - DEBUG --> getUserData 
2015-12-17 22:43:29 - DEBUG --> Archivo \components\com_jhotelreservation\classes\services\UserDataService.php 
2015-12-17 22:43:29 - DEBUG --> setCurrency 
2015-12-17 22:43:29 - DEBUG --> Archivo \components\com_jhotelreservation\classes\services\UserDataService.php 
2015-12-17 22:43:29 - DEBUG --> getUserData 
2015-12-17 22:43:29 - DEBUG --> Archivo \components\com_jhotelreservation\classes\services\UserDataService.php 
2015-12-17 22:43:29 - DEBUG --> getUserData 
2015-12-17 22:43:29 - DEBUG --> Archivo \components\com_jhotelreservation\classes\services\UserDataService.php 
2015-12-17 22:43:29 - DEBUG --> getUserData 
2015-12-17 22:43:29 - DEBUG --> Archivo \components\com_jhotelreservationiews\hotel	mpl\hoteloverview.php 
2015-12-17 22:43:29 - DEBUG --> Accedió 
2015-12-17 22:49:29 - DEBUG --> Archivo \components\com_jhotelreservation\classes\services\UserDataService.php 
2015-12-17 22:49:29 - DEBUG --> initializeUserData 
2015-12-17 22:49:29 - DEBUG --> UserData first: N; 
2015-12-17 22:49:29 - DEBUG --> Archivo \components\com_jhotelreservation\classes\services\UserDataService.php 
2015-12-17 22:49:29 - DEBUG --> createUserData 
2015-12-17 22:49:29 - DEBUG --> UserData end:  a:0:{} 
2015-12-17 22:49:29 - DEBUG --> Archivo \components\com_jhotelreservation\classes\services\UserDataService.php 
2015-12-17 22:49:29 - DEBUG --> initializeUserData 
2015-12-17 22:49:29 - DEBUG --> UserData first: a:0:{} 
2015-12-17 22:49:29 - DEBUG --> UserData end:  a:0:{} 
2015-12-17 22:49:29 - DEBUG --> Archivo \components\com_jhotelreservation\classes\services\UserDataService.php 
2015-12-17 22:49:29 - DEBUG --> initializeReservationData 
2015-12-17 22:49:29 - DEBUG --> UserData: a:0:{} 
2015-12-17 22:49:29 - DEBUG --> Archivo \components\com_jhotelreservation\classes\services\UserDataService.php 
2015-12-17 22:49:29 - DEBUG --> updateUserData 
2015-12-17 22:49:29 - DEBUG --> Archivo \components\com_jhotelreservation\classes\services\UserDataService.php 
2015-12-17 22:49:29 - DEBUG --> getUserData 
2015-12-17 22:49:29 - DEBUG --> Archivo \components\com_jhotelreservation\classes\services\UserDataService.php 
2015-12-17 22:49:29 - DEBUG --> setCurrency 
2015-12-17 22:49:29 - DEBUG --> Archivo \components\com_jhotelreservation\classes\services\UserDataService.php 
2015-12-17 22:49:29 - DEBUG --> getUserData 
2015-12-17 22:49:29 - DEBUG --> Archivo \components\com_jhotelreservation\classes\services\UserDataService.php 
2015-12-17 22:49:29 - DEBUG --> getUserData 
2015-12-17 22:49:29 - DEBUG --> Archivo \components\com_jhotelreservation\classes\services\UserDataService.php 
2015-12-17 22:49:29 - DEBUG --> getUserData 
2015-12-17 22:49:29 - DEBUG --> Archivo \components\com_jhotelreservationiews\hotel	mpl\hoteloverview.php 
2015-12-17 22:49:29 - DEBUG --> Accedió 
2015-12-17 23:34:42 - DEBUG --> Archivo \components\com_jhotelreservation\classes\services\UserDataService.php 
2015-12-17 23:34:42 - DEBUG --> initializeUserData 
2015-12-17 23:34:42 - DEBUG --> UserData first: N; 
2015-12-17 23:34:42 - DEBUG --> Archivo \components\com_jhotelreservation\classes\services\UserDataService.php 
2015-12-17 23:34:42 - DEBUG --> createUserData 
2015-12-17 23:34:42 - DEBUG --> UserData end:  a:0:{} 
2015-12-17 23:34:42 - DEBUG --> Archivo \components\com_jhotelreservation\classes\services\UserDataService.php 
2015-12-17 23:34:42 - DEBUG --> initializeUserData 
2015-12-17 23:34:43 - DEBUG --> UserData first: a:0:{} 
2015-12-17 23:34:43 - DEBUG --> UserData end:  a:0:{} 
2015-12-17 23:34:43 - DEBUG --> Archivo \components\com_jhotelreservation\classes\services\UserDataService.php 
2015-12-17 23:34:43 - DEBUG --> initializeReservationData 
2015-12-17 23:34:43 - DEBUG --> UserData: a:0:{} 
2015-12-17 23:34:43 - DEBUG --> Archivo \components\com_jhotelreservation\classes\services\UserDataService.php 
2015-12-17 23:34:43 - DEBUG --> updateUserData 
2015-12-17 23:34:43 - DEBUG --> Archivo \components\com_jhotelreservation\classes\services\UserDataService.php 
2015-12-17 23:34:43 - DEBUG --> getUserData 
2015-12-17 23:34:43 - DEBUG --> Archivo \components\com_jhotelreservation\classes\services\UserDataService.php 
2015-12-17 23:34:43 - DEBUG --> setCurrency 
2015-12-17 23:34:43 - DEBUG --> Archivo \components\com_jhotelreservation\classes\services\UserDataService.php 
2015-12-17 23:34:43 - DEBUG --> getUserData 
2015-12-17 23:34:43 - DEBUG --> Archivo \components\com_jhotelreservation\classes\services\UserDataService.php 
2015-12-17 23:34:43 - DEBUG --> getUserData 
2015-12-17 23:34:43 - DEBUG --> Archivo \components\com_jhotelreservation\classes\services\UserDataService.php 
2015-12-17 23:34:43 - DEBUG --> getUserData 
2015-12-17 23:34:43 - DEBUG --> Archivo \components\com_jhotelreservationiews\hotel	mpl\hoteloverview.php 
2015-12-17 23:34:43 - DEBUG --> Accedió 
