2015-08-22 0:03:45 - DEBUG --> Archivo \components\com_jhotelreservation\classes\services\UserDataService.php 
2015-08-22 0:03:45 - DEBUG --> initializeUserData 
2015-08-22 0:03:45 - DEBUG --> UserData first: N; 
2015-08-22 0:03:45 - DEBUG --> Archivo \components\com_jhotelreservation\classes\services\UserDataService.php 
2015-08-22 0:03:45 - DEBUG --> createUserData 
2015-08-22 0:03:45 - DEBUG --> UserData end:  a:0:{} 
2015-08-22 0:03:45 - DEBUG --> Archivo \components\com_jhotelreservation\classes\services\UserDataService.php 
2015-08-22 0:03:45 - DEBUG --> initializeUserData 
2015-08-22 0:03:45 - DEBUG --> UserData first: a:0:{} 
2015-08-22 0:03:45 - DEBUG --> UserData end:  a:0:{} 
2015-08-22 0:03:45 - DEBUG --> Archivo \components\com_jhotelreservation\classes\services\UserDataService.php 
2015-08-22 0:03:45 - DEBUG --> initializeReservationData 
2015-08-22 0:03:45 - DEBUG --> UserData: a:0:{} 
2015-08-22 0:03:45 - DEBUG --> Archivo \components\com_jhotelreservation\classes\services\UserDataService.php 
2015-08-22 0:03:45 - DEBUG --> updateUserData 
2015-08-22 0:03:45 - DEBUG --> Archivo \components\com_jhotelreservation\classes\services\UserDataService.php 
2015-08-22 0:03:45 - DEBUG --> getUserData 
2015-08-22 0:03:45 - DEBUG --> Archivo \components\com_jhotelreservation\classes\services\UserDataService.php 
2015-08-22 0:03:45 - DEBUG --> setCurrency 
2015-08-22 0:03:45 - DEBUG --> Archivo \components\com_jhotelreservation\classes\services\UserDataService.php 
2015-08-22 0:03:45 - DEBUG --> getUserData 
2015-08-22 0:03:45 - DEBUG --> Archivo \components\com_jhotelreservation\classes\services\UserDataService.php 
2015-08-22 0:03:45 - DEBUG --> getUserData 
2015-08-22 0:03:45 - DEBUG --> Archivo \components\com_jhotelreservation\classes\services\UserDataService.php 
2015-08-22 0:03:45 - DEBUG --> getUserData 
2015-08-22 0:03:46 - DEBUG --> Archivo \components\com_jhotelreservation\classes\services\UserDataService.php 
2015-08-22 0:03:46 - DEBUG --> initializeUserData 
2015-08-22 0:03:46 - DEBUG --> UserData first: N; 
2015-08-22 0:03:46 - DEBUG --> Archivo \components\com_jhotelreservation\classes\services\UserDataService.php 
2015-08-22 0:03:46 - DEBUG --> createUserData 
2015-08-22 0:03:46 - DEBUG --> UserData end:  a:0:{} 
2015-08-22 0:03:46 - DEBUG --> Archivo \components\com_jhotelreservation\classes\services\UserDataService.php 
2015-08-22 0:03:46 - DEBUG --> initializeUserData 
2015-08-22 0:03:46 - DEBUG --> UserData first: a:0:{} 
2015-08-22 0:03:46 - DEBUG --> UserData end:  a:0:{} 
2015-08-22 0:03:46 - DEBUG --> Archivo \components\com_jhotelreservation\classes\services\UserDataService.php 
2015-08-22 0:03:46 - DEBUG --> initializeReservationData 
2015-08-22 0:03:46 - DEBUG --> UserData: a:0:{} 
2015-08-22 0:03:46 - DEBUG --> Archivo \components\com_jhotelreservation\classes\services\UserDataService.php 
2015-08-22 0:03:46 - DEBUG --> updateUserData 
2015-08-22 0:03:46 - DEBUG --> Archivo \components\com_jhotelreservation\classes\services\UserDataService.php 
2015-08-22 0:03:46 - DEBUG --> getUserData 
2015-08-22 0:03:46 - DEBUG --> Archivo \components\com_jhotelreservation\classes\services\UserDataService.php 
2015-08-22 0:03:46 - DEBUG --> setCurrency 
2015-08-22 0:03:46 - DEBUG --> Archivo \components\com_jhotelreservation\classes\services\UserDataService.php 
2015-08-22 0:03:46 - DEBUG --> getUserData 
2015-08-22 0:03:46 - DEBUG --> Archivo \components\com_jhotelreservation\classes\services\UserDataService.php 
2015-08-22 0:03:46 - DEBUG --> getUserData 
2015-08-22 0:03:46 - DEBUG --> Archivo \components\com_jhotelreservation\classes\services\UserDataService.php 
2015-08-22 0:03:46 - DEBUG --> getUserData 
2015-08-22 0:03:46 - DEBUG --> Archivo \components\com_jhotelreservation\classes\services\UserDataService.php 
2015-08-22 0:03:46 - DEBUG --> initializeUserData 
2015-08-22 0:03:46 - DEBUG --> UserData first: N; 
2015-08-22 0:03:46 - DEBUG --> Archivo \components\com_jhotelreservation\classes\services\UserDataService.php 
2015-08-22 0:03:46 - DEBUG --> createUserData 
2015-08-22 0:03:46 - DEBUG --> UserData end:  a:0:{} 
2015-08-22 0:03:46 - DEBUG --> Archivo \components\com_jhotelreservation\classes\services\UserDataService.php 
2015-08-22 0:03:46 - DEBUG --> initializeUserData 
2015-08-22 0:03:46 - DEBUG --> UserData first: a:0:{} 
2015-08-22 0:03:46 - DEBUG --> UserData end:  a:0:{} 
2015-08-22 0:03:46 - DEBUG --> Archivo \components\com_jhotelreservation\classes\services\UserDataService.php 
2015-08-22 0:03:46 - DEBUG --> initializeReservationData 
2015-08-22 0:03:46 - DEBUG --> UserData: a:0:{} 
2015-08-22 0:03:46 - DEBUG --> Archivo \components\com_jhotelreservation\classes\services\UserDataService.php 
2015-08-22 0:03:46 - DEBUG --> updateUserData 
2015-08-22 0:03:46 - DEBUG --> Archivo \components\com_jhotelreservation\classes\services\UserDataService.php 
2015-08-22 0:03:46 - DEBUG --> getUserData 
2015-08-22 0:03:46 - DEBUG --> Archivo \components\com_jhotelreservation\classes\services\UserDataService.php 
2015-08-22 0:03:46 - DEBUG --> setCurrency 
2015-08-22 0:03:46 - DEBUG --> Archivo \components\com_jhotelreservation\classes\services\UserDataService.php 
2015-08-22 0:03:46 - DEBUG --> getUserData 
2015-08-22 0:03:46 - DEBUG --> Archivo \components\com_jhotelreservation\classes\services\UserDataService.php 
2015-08-22 0:03:46 - DEBUG --> getUserData 
2015-08-22 0:03:46 - DEBUG --> Archivo \components\com_jhotelreservation\classes\services\UserDataService.php 
2015-08-22 0:03:46 - DEBUG --> getUserData 
2015-08-22 0:03:47 - DEBUG --> Archivo \components\com_jhotelreservation\classes\services\UserDataService.php 
2015-08-22 0:03:47 - DEBUG --> initializeUserData 
2015-08-22 0:03:47 - DEBUG --> UserData first: N; 
2015-08-22 0:03:47 - DEBUG --> Archivo \components\com_jhotelreservation\classes\services\UserDataService.php 
2015-08-22 0:03:47 - DEBUG --> createUserData 
2015-08-22 0:03:47 - DEBUG --> UserData end:  a:0:{} 
2015-08-22 0:03:47 - DEBUG --> Archivo \components\com_jhotelreservation\classes\services\UserDataService.php 
2015-08-22 0:03:47 - DEBUG --> initializeUserData 
2015-08-22 0:03:47 - DEBUG --> UserData first: a:0:{} 
2015-08-22 0:03:47 - DEBUG --> UserData end:  a:0:{} 
2015-08-22 0:03:47 - DEBUG --> Archivo \components\com_jhotelreservation\classes\services\UserDataService.php 
2015-08-22 0:03:47 - DEBUG --> initializeReservationData 
2015-08-22 0:03:47 - DEBUG --> UserData: a:0:{} 
2015-08-22 0:03:47 - DEBUG --> Archivo \components\com_jhotelreservation\classes\services\UserDataService.php 
2015-08-22 0:03:47 - DEBUG --> updateUserData 
2015-08-22 0:03:47 - DEBUG --> Archivo \components\com_jhotelreservation\classes\services\UserDataService.php 
2015-08-22 0:03:47 - DEBUG --> getUserData 
2015-08-22 0:03:47 - DEBUG --> Archivo \components\com_jhotelreservation\classes\services\UserDataService.php 
2015-08-22 0:03:47 - DEBUG --> setCurrency 
2015-08-22 0:03:47 - DEBUG --> Archivo \components\com_jhotelreservation\classes\services\UserDataService.php 
2015-08-22 0:03:47 - DEBUG --> getUserData 
2015-08-22 0:03:47 - DEBUG --> Archivo \components\com_jhotelreservation\classes\services\UserDataService.php 
2015-08-22 0:03:47 - DEBUG --> getUserData 
2015-08-22 0:03:47 - DEBUG --> Archivo \components\com_jhotelreservation\classes\services\UserDataService.php 
2015-08-22 0:03:47 - DEBUG --> getUserData 
2015-08-22 0:04:18 - DEBUG --> Archivo \components\com_jhotelreservation\classes\services\UserDataService.php 
2015-08-22 0:04:18 - DEBUG --> initializeUserData 
2015-08-22 0:04:18 - DEBUG --> UserData first: N; 
2015-08-22 0:04:18 - DEBUG --> Archivo \components\com_jhotelreservation\classes\services\UserDataService.php 
2015-08-22 0:04:18 - DEBUG --> createUserData 
2015-08-22 0:04:18 - DEBUG --> UserData end:  a:0:{} 
2015-08-22 0:04:20 - DEBUG --> Archivo \components\com_jhotelreservation\classes\services\UserDataService.php 
2015-08-22 0:04:20 - DEBUG --> initializeUserData 
2015-08-22 0:04:20 - DEBUG --> UserData first: N; 
2015-08-22 0:04:20 - DEBUG --> Archivo \components\com_jhotelreservation\classes\services\UserDataService.php 
2015-08-22 0:04:20 - DEBUG --> createUserData 
2015-08-22 0:04:20 - DEBUG --> UserData end:  a:0:{} 
2015-08-22 0:04:20 - DEBUG --> Archivo \components\com_jhotelreservation\classes\services\UserDataService.php 
2015-08-22 0:04:20 - DEBUG --> initializeUserData 
2015-08-22 0:04:20 - DEBUG --> UserData first: a:0:{} 
2015-08-22 0:04:20 - DEBUG --> UserData end:  a:0:{} 
2015-08-22 0:04:20 - DEBUG --> Archivo \components\com_jhotelreservation\classes\services\UserDataService.php 
2015-08-22 0:04:20 - DEBUG --> initializeReservationData 
2015-08-22 0:04:20 - DEBUG --> UserData: a:0:{} 
2015-08-22 0:04:20 - DEBUG --> Archivo \components\com_jhotelreservation\classes\services\UserDataService.php 
2015-08-22 0:04:20 - DEBUG --> updateUserData 
2015-08-22 0:04:20 - DEBUG --> Archivo \components\com_jhotelreservation\classes\services\UserDataService.php 
2015-08-22 0:04:20 - DEBUG --> getUserData 
2015-08-22 0:04:20 - DEBUG --> Archivo \components\com_jhotelreservation\classes\services\UserDataService.php 
2015-08-22 0:04:20 - DEBUG --> setCurrency 
2015-08-22 0:04:20 - DEBUG --> Archivo \components\com_jhotelreservation\classes\services\UserDataService.php 
2015-08-22 0:04:20 - DEBUG --> getUserData 
2015-08-22 0:04:20 - DEBUG --> Archivo \components\com_jhotelreservation\classes\services\UserDataService.php 
2015-08-22 0:04:20 - DEBUG --> getUserData 
2015-08-22 0:04:20 - DEBUG --> Archivo \components\com_jhotelreservation\classes\services\UserDataService.php 
2015-08-22 0:04:20 - DEBUG --> getUserData 
2015-08-22 0:04:20 - DEBUG --> Archivo \components\com_jhotelreservationiews\hotel	mpl\hoteloverview.php 
2015-08-22 0:04:20 - DEBUG --> Accedió 
2015-08-22 0:04:20 - DEBUG --> Archivo \components\com_jhotelreservation\classes\services\UserDataService.php 
2015-08-22 0:04:20 - DEBUG --> initializeUserData 
2015-08-22 0:04:20 - DEBUG --> UserData first: N; 
2015-08-22 0:04:20 - DEBUG --> Archivo \components\com_jhotelreservation\classes\services\UserDataService.php 
2015-08-22 0:04:20 - DEBUG --> createUserData 
2015-08-22 0:04:20 - DEBUG --> UserData end:  a:0:{} 
2015-08-22 0:04:20 - DEBUG --> Archivo \components\com_jhotelreservation\classes\services\UserDataService.php 
2015-08-22 0:04:20 - DEBUG --> initializeUserData 
2015-08-22 0:04:20 - DEBUG --> UserData first: a:0:{} 
2015-08-22 0:04:20 - DEBUG --> UserData end:  a:0:{} 
2015-08-22 0:04:20 - DEBUG --> Archivo \components\com_jhotelreservation\classes\services\UserDataService.php 
2015-08-22 0:04:20 - DEBUG --> initializeReservationData 
2015-08-22 0:04:20 - DEBUG --> UserData: a:0:{} 
2015-08-22 0:04:20 - DEBUG --> Archivo \components\com_jhotelreservation\classes\services\UserDataService.php 
2015-08-22 0:04:20 - DEBUG --> updateUserData 
2015-08-22 0:04:20 - DEBUG --> Archivo \components\com_jhotelreservation\classes\services\UserDataService.php 
2015-08-22 0:04:20 - DEBUG --> getUserData 
2015-08-22 0:04:20 - DEBUG --> Archivo \components\com_jhotelreservation\classes\services\UserDataService.php 
2015-08-22 0:04:20 - DEBUG --> setCurrency 
2015-08-22 0:04:20 - DEBUG --> Archivo \components\com_jhotelreservation\classes\services\UserDataService.php 
2015-08-22 0:04:20 - DEBUG --> getUserData 
2015-08-22 0:04:20 - DEBUG --> Archivo \components\com_jhotelreservation\classes\services\UserDataService.php 
2015-08-22 0:04:20 - DEBUG --> getUserData 
2015-08-22 0:04:20 - DEBUG --> Archivo \components\com_jhotelreservation\classes\services\UserDataService.php 
2015-08-22 0:04:20 - DEBUG --> getUserData 
2015-08-22 0:05:03 - DEBUG --> Archivo \components\com_jhotelreservation\classes\services\UserDataService.php 
2015-08-22 0:05:03 - DEBUG --> initializeUserData 
2015-08-22 0:05:03 - DEBUG --> UserData first: N; 
2015-08-22 0:05:03 - DEBUG --> Archivo \components\com_jhotelreservation\classes\services\UserDataService.php 
2015-08-22 0:05:03 - DEBUG --> createUserData 
2015-08-22 0:05:03 - DEBUG --> UserData end:  a:0:{} 
2015-08-22 0:05:03 - DEBUG --> Archivo \components\com_jhotelreservation\classes\services\UserDataService.php 
2015-08-22 0:05:03 - DEBUG --> initializeUserData 
2015-08-22 0:05:03 - DEBUG --> UserData first: a:0:{} 
2015-08-22 0:05:03 - DEBUG --> UserData end:  a:0:{} 
2015-08-22 0:05:03 - DEBUG --> Archivo \components\com_jhotelreservation\classes\services\UserDataService.php 
2015-08-22 0:05:03 - DEBUG --> initializeReservationData 
2015-08-22 0:05:03 - DEBUG --> UserData: a:0:{} 
2015-08-22 0:05:03 - DEBUG --> Archivo \components\com_jhotelreservation\classes\services\UserDataService.php 
2015-08-22 0:05:03 - DEBUG --> updateUserData 
2015-08-22 0:05:03 - DEBUG --> Archivo \components\com_jhotelreservation\classes\services\UserDataService.php 
2015-08-22 0:05:03 - DEBUG --> getUserData 
2015-08-22 0:05:03 - DEBUG --> Archivo \components\com_jhotelreservation\classes\services\UserDataService.php 
2015-08-22 0:05:03 - DEBUG --> setCurrency 
2015-08-22 0:05:03 - DEBUG --> Archivo \components\com_jhotelreservation\classes\services\UserDataService.php 
2015-08-22 0:05:03 - DEBUG --> getUserData 
2015-08-22 0:05:03 - DEBUG --> Archivo \components\com_jhotelreservation\classes\services\UserDataService.php 
2015-08-22 0:05:03 - DEBUG --> getUserData 
2015-08-22 0:05:03 - DEBUG --> Archivo \components\com_jhotelreservation\classes\services\UserDataService.php 
2015-08-22 0:05:03 - DEBUG --> getUserData 
2015-08-22 0:05:03 - DEBUG --> Archivo \components\com_jhotelreservationiews\hotel	mpl\hoteloverview.php 
2015-08-22 0:05:03 - DEBUG --> Accedió 
2015-08-22 0:05:04 - DEBUG --> Archivo \components\com_jhotelreservation\classes\services\UserDataService.php 
2015-08-22 0:05:04 - DEBUG --> initializeUserData 
2015-08-22 0:05:04 - DEBUG --> UserData first: N; 
2015-08-22 0:05:04 - DEBUG --> Archivo \components\com_jhotelreservation\classes\services\UserDataService.php 
2015-08-22 0:05:04 - DEBUG --> createUserData 
2015-08-22 0:05:04 - DEBUG --> UserData end:  a:0:{} 
2015-08-22 0:05:04 - DEBUG --> Archivo \components\com_jhotelreservation\classes\services\UserDataService.php 
2015-08-22 0:05:04 - DEBUG --> initializeUserData 
2015-08-22 0:05:04 - DEBUG --> UserData first: a:0:{} 
2015-08-22 0:05:04 - DEBUG --> UserData end:  a:0:{} 
2015-08-22 0:05:04 - DEBUG --> Archivo \components\com_jhotelreservation\classes\services\UserDataService.php 
2015-08-22 0:05:04 - DEBUG --> initializeReservationData 
2015-08-22 0:05:04 - DEBUG --> UserData: a:0:{} 
2015-08-22 0:05:04 - DEBUG --> Archivo \components\com_jhotelreservation\classes\services\UserDataService.php 
2015-08-22 0:05:04 - DEBUG --> updateUserData 
2015-08-22 0:05:04 - DEBUG --> Archivo \components\com_jhotelreservation\classes\services\UserDataService.php 
2015-08-22 0:05:04 - DEBUG --> getUserData 
2015-08-22 0:05:04 - DEBUG --> Archivo \components\com_jhotelreservation\classes\services\UserDataService.php 
2015-08-22 0:05:04 - DEBUG --> setCurrency 
2015-08-22 0:05:04 - DEBUG --> Archivo \components\com_jhotelreservation\classes\services\UserDataService.php 
2015-08-22 0:05:04 - DEBUG --> getUserData 
2015-08-22 0:05:04 - DEBUG --> Archivo \components\com_jhotelreservation\classes\services\UserDataService.php 
2015-08-22 0:05:04 - DEBUG --> getUserData 
2015-08-22 0:05:04 - DEBUG --> Archivo \components\com_jhotelreservation\classes\services\UserDataService.php 
2015-08-22 0:05:04 - DEBUG --> getUserData 
2015-08-22 0:07:44 - DEBUG --> Archivo \components\com_jhotelreservation\classes\services\UserDataService.php 
2015-08-22 0:07:44 - DEBUG --> initializeUserData 
2015-08-22 0:07:44 - DEBUG --> UserData first: N; 
2015-08-22 0:07:44 - DEBUG --> Archivo \components\com_jhotelreservation\classes\services\UserDataService.php 
2015-08-22 0:07:44 - DEBUG --> createUserData 
2015-08-22 0:07:44 - DEBUG --> UserData end:  a:0:{} 
2015-08-22 0:07:44 - DEBUG --> Archivo \components\com_jhotelreservation\classes\services\UserDataService.php 
2015-08-22 0:07:44 - DEBUG --> initializeUserData 
2015-08-22 0:07:44 - DEBUG --> UserData first: a:0:{} 
2015-08-22 0:07:44 - DEBUG --> UserData end:  a:0:{} 
2015-08-22 0:07:44 - DEBUG --> Archivo \components\com_jhotelreservation\classes\services\UserDataService.php 
2015-08-22 0:07:44 - DEBUG --> initializeReservationData 
2015-08-22 0:07:44 - DEBUG --> UserData: a:0:{} 
2015-08-22 0:07:44 - DEBUG --> Archivo \components\com_jhotelreservation\classes\services\UserDataService.php 
2015-08-22 0:07:44 - DEBUG --> updateUserData 
2015-08-22 0:07:44 - DEBUG --> Archivo \components\com_jhotelreservation\classes\services\UserDataService.php 
2015-08-22 0:07:44 - DEBUG --> getUserData 
2015-08-22 0:07:44 - DEBUG --> Archivo \components\com_jhotelreservation\classes\services\UserDataService.php 
2015-08-22 0:07:44 - DEBUG --> setCurrency 
2015-08-22 0:07:44 - DEBUG --> Archivo \components\com_jhotelreservation\classes\services\UserDataService.php 
2015-08-22 0:07:44 - DEBUG --> getUserData 
2015-08-22 0:07:44 - DEBUG --> Archivo \components\com_jhotelreservation\classes\services\UserDataService.php 
2015-08-22 0:07:44 - DEBUG --> getUserData 
2015-08-22 0:07:44 - DEBUG --> Archivo \components\com_jhotelreservation\classes\services\UserDataService.php 
2015-08-22 0:07:44 - DEBUG --> getUserData 
2015-08-22 0:07:44 - DEBUG --> Archivo \components\com_jhotelreservation\classes\services\UserDataService.php 
2015-08-22 0:07:44 - DEBUG --> initializeUserData 
2015-08-22 0:07:44 - DEBUG --> UserData first: N; 
2015-08-22 0:07:44 - DEBUG --> Archivo \components\com_jhotelreservation\classes\services\UserDataService.php 
2015-08-22 0:07:44 - DEBUG --> createUserData 
2015-08-22 0:07:44 - DEBUG --> UserData end:  a:0:{} 
2015-08-22 0:07:44 - DEBUG --> Archivo \components\com_jhotelreservation\classes\services\UserDataService.php 
2015-08-22 0:07:44 - DEBUG --> initializeUserData 
2015-08-22 0:07:44 - DEBUG --> UserData first: a:0:{} 
2015-08-22 0:07:44 - DEBUG --> UserData end:  a:0:{} 
2015-08-22 0:07:44 - DEBUG --> Archivo \components\com_jhotelreservation\classes\services\UserDataService.php 
2015-08-22 0:07:44 - DEBUG --> initializeReservationData 
2015-08-22 0:07:44 - DEBUG --> UserData: a:0:{} 
2015-08-22 0:07:44 - DEBUG --> Archivo \components\com_jhotelreservation\classes\services\UserDataService.php 
2015-08-22 0:07:44 - DEBUG --> updateUserData 
2015-08-22 0:07:44 - DEBUG --> Archivo \components\com_jhotelreservation\classes\services\UserDataService.php 
2015-08-22 0:07:44 - DEBUG --> getUserData 
2015-08-22 0:07:44 - DEBUG --> Archivo \components\com_jhotelreservation\classes\services\UserDataService.php 
2015-08-22 0:07:44 - DEBUG --> setCurrency 
2015-08-22 0:07:44 - DEBUG --> Archivo \components\com_jhotelreservation\classes\services\UserDataService.php 
2015-08-22 0:07:44 - DEBUG --> getUserData 
2015-08-22 0:07:44 - DEBUG --> Archivo \components\com_jhotelreservation\classes\services\UserDataService.php 
2015-08-22 0:07:44 - DEBUG --> getUserData 
2015-08-22 0:07:44 - DEBUG --> Archivo \components\com_jhotelreservation\classes\services\UserDataService.php 
2015-08-22 0:07:44 - DEBUG --> getUserData 
2015-08-22 0:07:44 - DEBUG --> Archivo \components\com_jhotelreservationiews\hotel	mpl\hoteloverview.php 
2015-08-22 0:07:44 - DEBUG --> Accedió 
2015-08-22 0:07:45 - DEBUG --> Archivo \components\com_jhotelreservation\classes\services\UserDataService.php 
2015-08-22 0:07:45 - DEBUG --> initializeUserData 
2015-08-22 0:07:45 - DEBUG --> UserData first: N; 
2015-08-22 0:07:45 - DEBUG --> Archivo \components\com_jhotelreservation\classes\services\UserDataService.php 
2015-08-22 0:07:45 - DEBUG --> createUserData 
2015-08-22 0:07:45 - DEBUG --> UserData end:  a:0:{} 
2015-08-22 0:07:45 - DEBUG --> Archivo \components\com_jhotelreservation\classes\services\UserDataService.php 
2015-08-22 0:07:45 - DEBUG --> initializeUserData 
2015-08-22 0:07:45 - DEBUG --> UserData first: a:0:{} 
2015-08-22 0:07:45 - DEBUG --> UserData end:  a:0:{} 
2015-08-22 0:07:45 - DEBUG --> Archivo \components\com_jhotelreservation\classes\services\UserDataService.php 
2015-08-22 0:07:45 - DEBUG --> initializeReservationData 
2015-08-22 0:07:45 - DEBUG --> UserData: a:0:{} 
2015-08-22 0:07:45 - DEBUG --> Archivo \components\com_jhotelreservation\classes\services\UserDataService.php 
2015-08-22 0:07:45 - DEBUG --> updateUserData 
2015-08-22 0:07:45 - DEBUG --> Archivo \components\com_jhotelreservation\classes\services\UserDataService.php 
2015-08-22 0:07:45 - DEBUG --> getUserData 
2015-08-22 0:07:45 - DEBUG --> Archivo \components\com_jhotelreservation\classes\services\UserDataService.php 
2015-08-22 0:07:45 - DEBUG --> setCurrency 
2015-08-22 0:07:45 - DEBUG --> Archivo \components\com_jhotelreservation\classes\services\UserDataService.php 
2015-08-22 0:07:45 - DEBUG --> getUserData 
2015-08-22 0:07:45 - DEBUG --> Archivo \components\com_jhotelreservation\classes\services\UserDataService.php 
2015-08-22 0:07:45 - DEBUG --> getUserData 
2015-08-22 0:07:45 - DEBUG --> Archivo \components\com_jhotelreservation\classes\services\UserDataService.php 
2015-08-22 0:07:45 - DEBUG --> getUserData 
2015-08-22 0:07:45 - DEBUG --> Archivo \components\com_jhotelreservationiews\hotel	mpl\hoteloverview.php 
2015-08-22 0:07:45 - DEBUG --> Accedió 
2015-08-22 0:17:16 - DEBUG --> Archivo \components\com_jhotelreservation\classes\services\UserDataService.php 
2015-08-22 0:17:16 - DEBUG --> initializeUserData 
2015-08-22 0:17:16 - DEBUG --> UserData first: N; 
2015-08-22 0:17:16 - DEBUG --> Archivo \components\com_jhotelreservation\classes\services\UserDataService.php 
2015-08-22 0:17:16 - DEBUG --> createUserData 
2015-08-22 0:17:16 - DEBUG --> UserData end:  a:0:{} 
2015-08-22 2:03:30 - DEBUG --> Archivo \components\com_jhotelreservation\classes\services\UserDataService.php 
2015-08-22 2:03:30 - DEBUG --> initializeUserData 
2015-08-22 2:03:30 - DEBUG --> UserData first: N; 
2015-08-22 2:03:30 - DEBUG --> Archivo \components\com_jhotelreservation\classes\services\UserDataService.php 
2015-08-22 2:03:30 - DEBUG --> createUserData 
2015-08-22 2:03:30 - DEBUG --> UserData end:  a:0:{} 
2015-08-22 2:03:30 - DEBUG --> Archivo \components\com_jhotelreservation\classes\services\UserDataService.php 
2015-08-22 2:03:30 - DEBUG --> initializeUserData 
2015-08-22 2:03:30 - DEBUG --> UserData first: a:0:{} 
2015-08-22 2:03:30 - DEBUG --> UserData end:  a:0:{} 
2015-08-22 2:03:30 - DEBUG --> Archivo \components\com_jhotelreservation\classes\services\UserDataService.php 
2015-08-22 2:03:30 - DEBUG --> initializeReservationData 
2015-08-22 2:03:30 - DEBUG --> UserData: a:0:{} 
2015-08-22 2:03:30 - DEBUG --> Archivo \components\com_jhotelreservation\classes\services\UserDataService.php 
2015-08-22 2:03:30 - DEBUG --> updateUserData 
2015-08-22 2:03:30 - DEBUG --> Archivo \components\com_jhotelreservation\classes\services\UserDataService.php 
2015-08-22 2:03:30 - DEBUG --> getUserData 
2015-08-22 2:03:31 - DEBUG --> Archivo \components\com_jhotelreservation\classes\services\UserDataService.php 
2015-08-22 2:03:31 - DEBUG --> setCurrency 
2015-08-22 2:03:31 - DEBUG --> Archivo \components\com_jhotelreservation\classes\services\UserDataService.php 
2015-08-22 2:03:31 - DEBUG --> getUserData 
2015-08-22 2:03:31 - DEBUG --> Archivo \components\com_jhotelreservation\classes\services\UserDataService.php 
2015-08-22 2:03:31 - DEBUG --> getUserData 
2015-08-22 2:03:31 - DEBUG --> Archivo \components\com_jhotelreservation\classes\services\UserDataService.php 
2015-08-22 2:03:31 - DEBUG --> getUserData 
2015-08-22 2:03:31 - DEBUG --> Archivo \components\com_jhotelreservationiews\hotel	mpl\hoteloverview.php 
2015-08-22 2:03:31 - DEBUG --> Accedió 
2015-08-22 2:07:46 - DEBUG --> Archivo \components\com_jhotelreservation\classes\services\UserDataService.php 
2015-08-22 2:07:46 - DEBUG --> initializeUserData 
2015-08-22 2:07:46 - DEBUG --> UserData first: a:0:{} 
2015-08-22 2:07:46 - DEBUG --> UserData end:  a:0:{} 
2015-08-22 2:07:46 - DEBUG --> Archivo \components\com_jhotelreservation\classes\services\UserDataService.php 
2015-08-22 2:07:46 - DEBUG --> initializeUserData 
2015-08-22 2:07:46 - DEBUG --> UserData first: a:0:{} 
2015-08-22 2:07:46 - DEBUG --> UserData end:  a:0:{} 
2015-08-22 2:07:46 - DEBUG --> Archivo \components\com_jhotelreservation\classes\services\UserDataService.php 
2015-08-22 2:07:46 - DEBUG --> initializeReservationData 
2015-08-22 2:07:46 - DEBUG --> UserData: a:0:{} 
2015-08-22 2:07:46 - DEBUG --> Archivo \components\com_jhotelreservation\classes\services\UserDataService.php 
2015-08-22 2:07:46 - DEBUG --> updateUserData 
2015-08-22 2:07:46 - DEBUG --> Archivo \components\com_jhotelreservation\classes\services\UserDataService.php 
2015-08-22 2:07:46 - DEBUG --> getUserData 
2015-08-22 2:07:46 - DEBUG --> Archivo \components\com_jhotelreservation\classes\services\UserDataService.php 
2015-08-22 2:07:46 - DEBUG --> setCurrency 
2015-08-22 2:07:46 - DEBUG --> Archivo \components\com_jhotelreservation\classes\services\UserDataService.php 
2015-08-22 2:07:46 - DEBUG --> getUserData 
2015-08-22 2:07:46 - DEBUG --> Archivo \components\com_jhotelreservation\classes\services\UserDataService.php 
2015-08-22 2:07:46 - DEBUG --> getUserData 
2015-08-22 2:07:46 - DEBUG --> Archivo \components\com_jhotelreservation\classes\services\UserDataService.php 
2015-08-22 2:07:46 - DEBUG --> getUserData 
2015-08-22 2:07:46 - DEBUG --> Archivo \components\com_jhotelreservationiews\hotel	mpl\hoteloverview.php 
2015-08-22 2:07:46 - DEBUG --> Accedió 
2015-08-22 2:09:37 - DEBUG --> Archivo \components\com_jhotelreservation\classes\services\UserDataService.php 
2015-08-22 2:09:37 - DEBUG --> initializeUserData 
2015-08-22 2:09:37 - DEBUG --> UserData first: a:0:{} 
2015-08-22 2:09:37 - DEBUG --> UserData end:  a:0:{} 
2015-08-22 2:09:37 - DEBUG --> Archivo \components\com_jhotelreservation\classes\services\UserDataService.php 
2015-08-22 2:09:37 - DEBUG --> initializeUserData 
2015-08-22 2:09:37 - DEBUG --> UserData first: a:0:{} 
2015-08-22 2:09:37 - DEBUG --> UserData end:  a:0:{} 
2015-08-22 2:09:37 - DEBUG --> Archivo \components\com_jhotelreservation\classes\services\UserDataService.php 
2015-08-22 2:09:37 - DEBUG --> initializeReservationData 
2015-08-22 2:09:37 - DEBUG --> UserData: a:0:{} 
2015-08-22 2:09:37 - DEBUG --> Archivo \components\com_jhotelreservation\classes\services\UserDataService.php 
2015-08-22 2:09:37 - DEBUG --> updateUserData 
2015-08-22 2:09:37 - DEBUG --> Archivo \components\com_jhotelreservation\classes\services\UserDataService.php 
2015-08-22 2:09:37 - DEBUG --> getUserData 
2015-08-22 2:09:37 - DEBUG --> Archivo \components\com_jhotelreservation\classes\services\UserDataService.php 
2015-08-22 2:09:37 - DEBUG --> setCurrency 
2015-08-22 2:09:37 - DEBUG --> Archivo \components\com_jhotelreservation\classes\services\UserDataService.php 
2015-08-22 2:09:37 - DEBUG --> getUserData 
2015-08-22 2:09:37 - DEBUG --> Archivo \components\com_jhotelreservation\classes\services\UserDataService.php 
2015-08-22 2:09:37 - DEBUG --> getUserData 
2015-08-22 2:09:37 - DEBUG --> Archivo \components\com_jhotelreservation\classes\services\UserDataService.php 
2015-08-22 2:09:37 - DEBUG --> getUserData 
2015-08-22 2:09:37 - DEBUG --> Archivo \components\com_jhotelreservationiews\hotel	mpl\hoteloverview.php 
2015-08-22 2:09:37 - DEBUG --> Accedió 
2015-08-22 2:38:22 - DEBUG --> Archivo \components\com_jhotelreservation\classes\services\UserDataService.php 
2015-08-22 2:38:22 - DEBUG --> initializeUserData 
2015-08-22 2:38:22 - DEBUG --> UserData first: N; 
2015-08-22 2:38:22 - DEBUG --> Archivo \components\com_jhotelreservation\classes\services\UserDataService.php 
2015-08-22 2:38:22 - DEBUG --> createUserData 
2015-08-22 2:38:22 - DEBUG --> UserData end:  a:0:{} 
2015-08-22 2:38:22 - DEBUG --> Archivo \components\com_jhotelreservation\classes\services\UserDataService.php 
2015-08-22 2:38:22 - DEBUG --> initializeUserData 
2015-08-22 2:38:22 - DEBUG --> UserData first: a:0:{} 
2015-08-22 2:38:22 - DEBUG --> UserData end:  a:0:{} 
2015-08-22 2:38:22 - DEBUG --> Archivo \components\com_jhotelreservation\classes\services\UserDataService.php 
2015-08-22 2:38:22 - DEBUG --> initializeReservationData 
2015-08-22 2:38:22 - DEBUG --> UserData: a:0:{} 
2015-08-22 2:38:22 - DEBUG --> Archivo \components\com_jhotelreservation\classes\services\UserDataService.php 
2015-08-22 2:38:22 - DEBUG --> updateUserData 
2015-08-22 2:38:22 - DEBUG --> Archivo \components\com_jhotelreservation\classes\services\UserDataService.php 
2015-08-22 2:38:22 - DEBUG --> getUserData 
2015-08-22 2:38:22 - DEBUG --> Archivo \components\com_jhotelreservation\classes\services\UserDataService.php 
2015-08-22 2:38:22 - DEBUG --> setCurrency 
2015-08-22 2:38:22 - DEBUG --> Archivo \components\com_jhotelreservation\classes\services\UserDataService.php 
2015-08-22 2:38:22 - DEBUG --> getUserData 
2015-08-22 2:38:22 - DEBUG --> Archivo \components\com_jhotelreservation\classes\services\UserDataService.php 
2015-08-22 2:38:22 - DEBUG --> getUserData 
2015-08-22 2:38:22 - DEBUG --> Archivo \components\com_jhotelreservation\classes\services\UserDataService.php 
2015-08-22 2:38:22 - DEBUG --> getUserData 
2015-08-22 2:38:22 - DEBUG --> Archivo \components\com_jhotelreservationiews\hotel	mpl\hoteloverview.php 
2015-08-22 2:38:22 - DEBUG --> Accedió 
2015-08-22 5:47:05 - DEBUG --> Archivo \components\com_jhotelreservation\classes\services\UserDataService.php 
2015-08-22 5:47:05 - DEBUG --> initializeUserData 
2015-08-22 5:47:05 - DEBUG --> UserData first: N; 
2015-08-22 5:47:05 - DEBUG --> Archivo \components\com_jhotelreservation\classes\services\UserDataService.php 
2015-08-22 5:47:05 - DEBUG --> createUserData 
2015-08-22 5:47:05 - DEBUG --> UserData end:  a:0:{} 
2015-08-22 5:47:05 - DEBUG --> Archivo \components\com_jhotelreservation\classes\services\UserDataService.php 
2015-08-22 5:47:05 - DEBUG --> initializeUserData 
2015-08-22 5:47:05 - DEBUG --> UserData first: a:0:{} 
2015-08-22 5:47:05 - DEBUG --> UserData end:  a:0:{} 
2015-08-22 5:47:05 - DEBUG --> Archivo \components\com_jhotelreservation\classes\services\UserDataService.php 
2015-08-22 5:47:05 - DEBUG --> initializeReservationData 
2015-08-22 5:47:05 - DEBUG --> UserData: a:0:{} 
2015-08-22 5:47:05 - DEBUG --> Archivo \components\com_jhotelreservation\classes\services\UserDataService.php 
2015-08-22 5:47:05 - DEBUG --> updateUserData 
2015-08-22 5:47:05 - DEBUG --> Archivo \components\com_jhotelreservation\classes\services\UserDataService.php 
2015-08-22 5:47:05 - DEBUG --> getUserData 
2015-08-22 5:47:05 - DEBUG --> Archivo \components\com_jhotelreservation\classes\services\UserDataService.php 
2015-08-22 5:47:05 - DEBUG --> setCurrency 
2015-08-22 5:47:05 - DEBUG --> Archivo \components\com_jhotelreservation\classes\services\UserDataService.php 
2015-08-22 5:47:05 - DEBUG --> getUserData 
2015-08-22 5:47:05 - DEBUG --> Archivo \components\com_jhotelreservation\classes\services\UserDataService.php 
2015-08-22 5:47:05 - DEBUG --> getUserData 
2015-08-22 5:47:05 - DEBUG --> Archivo \components\com_jhotelreservation\classes\services\UserDataService.php 
2015-08-22 5:47:05 - DEBUG --> getUserData 
2015-08-22 5:47:05 - DEBUG --> Archivo \components\com_jhotelreservationiews\hotel	mpl\hoteloverview.php 
2015-08-22 5:47:05 - DEBUG --> Accedió 
2015-08-22 6:49:51 - DEBUG --> Archivo \components\com_jhotelreservation\classes\services\UserDataService.php 
2015-08-22 6:49:51 - DEBUG --> initializeUserData 
2015-08-22 6:49:51 - DEBUG --> UserData first: N; 
2015-08-22 6:49:51 - DEBUG --> Archivo \components\com_jhotelreservation\classes\services\UserDataService.php 
2015-08-22 6:49:51 - DEBUG --> createUserData 
2015-08-22 6:49:51 - DEBUG --> UserData end:  a:0:{} 
2015-08-22 6:49:51 - DEBUG --> Archivo \components\com_jhotelreservation\classes\services\UserDataService.php 
2015-08-22 6:49:51 - DEBUG --> initializeUserData 
2015-08-22 6:49:51 - DEBUG --> UserData first: a:0:{} 
2015-08-22 6:49:51 - DEBUG --> UserData end:  a:0:{} 
2015-08-22 6:49:51 - DEBUG --> Archivo \components\com_jhotelreservation\classes\services\UserDataService.php 
2015-08-22 6:49:51 - DEBUG --> initializeReservationData 
2015-08-22 6:49:51 - DEBUG --> UserData: a:0:{} 
2015-08-22 6:49:51 - DEBUG --> Archivo \components\com_jhotelreservation\classes\services\UserDataService.php 
2015-08-22 6:49:51 - DEBUG --> updateUserData 
2015-08-22 6:49:51 - DEBUG --> Archivo \components\com_jhotelreservation\classes\services\UserDataService.php 
2015-08-22 6:49:51 - DEBUG --> getUserData 
2015-08-22 6:49:51 - DEBUG --> Archivo \components\com_jhotelreservation\classes\services\UserDataService.php 
2015-08-22 6:49:51 - DEBUG --> setCurrency 
2015-08-22 6:49:51 - DEBUG --> Archivo \components\com_jhotelreservation\classes\services\UserDataService.php 
2015-08-22 6:49:51 - DEBUG --> getUserData 
2015-08-22 6:49:51 - DEBUG --> Archivo \components\com_jhotelreservation\classes\services\UserDataService.php 
2015-08-22 6:49:51 - DEBUG --> getUserData 
2015-08-22 6:49:51 - DEBUG --> Archivo \components\com_jhotelreservation\classes\services\UserDataService.php 
2015-08-22 6:49:51 - DEBUG --> getUserData 
2015-08-22 6:49:51 - DEBUG --> Archivo \components\com_jhotelreservationiews\hotel	mpl\hoteloverview.php 
2015-08-22 6:49:51 - DEBUG --> Accedió 
2015-08-22 7:36:12 - DEBUG --> Archivo \components\com_jhotelreservation\classes\services\UserDataService.php 
2015-08-22 7:36:12 - DEBUG --> initializeUserData 
2015-08-22 7:36:12 - DEBUG --> UserData first: N; 
2015-08-22 7:36:12 - DEBUG --> Archivo \components\com_jhotelreservation\classes\services\UserDataService.php 
2015-08-22 7:36:12 - DEBUG --> createUserData 
2015-08-22 7:36:12 - DEBUG --> UserData end:  a:0:{} 
2015-08-22 7:36:12 - DEBUG --> Archivo \components\com_jhotelreservation\classes\services\UserDataService.php 
2015-08-22 7:36:12 - DEBUG --> initializeUserData 
2015-08-22 7:36:12 - DEBUG --> UserData first: a:0:{} 
2015-08-22 7:36:12 - DEBUG --> UserData end:  a:0:{} 
2015-08-22 7:36:12 - DEBUG --> Archivo \components\com_jhotelreservation\classes\services\UserDataService.php 
2015-08-22 7:36:12 - DEBUG --> initializeReservationData 
2015-08-22 7:36:12 - DEBUG --> UserData: a:0:{} 
2015-08-22 7:36:12 - DEBUG --> Archivo \components\com_jhotelreservation\classes\services\UserDataService.php 
2015-08-22 7:36:12 - DEBUG --> updateUserData 
2015-08-22 7:36:12 - DEBUG --> Archivo \components\com_jhotelreservation\classes\services\UserDataService.php 
2015-08-22 7:36:12 - DEBUG --> getUserData 
2015-08-22 7:36:12 - DEBUG --> Archivo \components\com_jhotelreservation\classes\services\UserDataService.php 
2015-08-22 7:36:12 - DEBUG --> setCurrency 
2015-08-22 7:36:12 - DEBUG --> Archivo \components\com_jhotelreservation\classes\services\UserDataService.php 
2015-08-22 7:36:12 - DEBUG --> getUserData 
2015-08-22 7:36:12 - DEBUG --> Archivo \components\com_jhotelreservation\classes\services\UserDataService.php 
2015-08-22 7:36:12 - DEBUG --> getUserData 
2015-08-22 7:36:12 - DEBUG --> Archivo \components\com_jhotelreservation\classes\services\UserDataService.php 
2015-08-22 7:36:12 - DEBUG --> getUserData 
2015-08-22 7:36:12 - DEBUG --> Archivo \components\com_jhotelreservationiews\hotel	mpl\hoteloverview.php 
2015-08-22 7:36:12 - DEBUG --> Accedió 
2015-08-22 7:44:40 - DEBUG --> Archivo \components\com_jhotelreservation\classes\services\UserDataService.php 
2015-08-22 7:44:40 - DEBUG --> initializeUserData 
2015-08-22 7:44:40 - DEBUG --> UserData first: N; 
2015-08-22 7:44:40 - DEBUG --> Archivo \components\com_jhotelreservation\classes\services\UserDataService.php 
2015-08-22 7:44:40 - DEBUG --> createUserData 
2015-08-22 7:44:40 - DEBUG --> UserData end:  a:0:{} 
2015-08-22 7:44:40 - DEBUG --> Archivo \components\com_jhotelreservation\classes\services\UserDataService.php 
2015-08-22 7:44:40 - DEBUG --> initializeUserData 
2015-08-22 7:44:40 - DEBUG --> UserData first: a:0:{} 
2015-08-22 7:44:40 - DEBUG --> UserData end:  a:0:{} 
2015-08-22 7:44:40 - DEBUG --> Archivo \components\com_jhotelreservation\classes\services\UserDataService.php 
2015-08-22 7:44:40 - DEBUG --> initializeReservationData 
2015-08-22 7:44:40 - DEBUG --> UserData: a:0:{} 
2015-08-22 7:44:40 - DEBUG --> Archivo \components\com_jhotelreservation\classes\services\UserDataService.php 
2015-08-22 7:44:40 - DEBUG --> updateUserData 
2015-08-22 7:44:40 - DEBUG --> Archivo \components\com_jhotelreservation\classes\services\UserDataService.php 
2015-08-22 7:44:40 - DEBUG --> getUserData 
2015-08-22 7:44:40 - DEBUG --> Archivo \components\com_jhotelreservation\classes\services\UserDataService.php 
2015-08-22 7:44:40 - DEBUG --> setCurrency 
2015-08-22 7:44:40 - DEBUG --> Archivo \components\com_jhotelreservation\classes\services\UserDataService.php 
2015-08-22 7:44:40 - DEBUG --> getUserData 
2015-08-22 7:44:40 - DEBUG --> Archivo \components\com_jhotelreservation\classes\services\UserDataService.php 
2015-08-22 7:44:40 - DEBUG --> getUserData 
2015-08-22 7:44:40 - DEBUG --> Archivo \components\com_jhotelreservation\classes\services\UserDataService.php 
2015-08-22 7:44:40 - DEBUG --> getUserData 
2015-08-22 7:44:40 - DEBUG --> Archivo \components\com_jhotelreservationiews\hotel	mpl\hoteloverview.php 
2015-08-22 7:44:40 - DEBUG --> Accedió 
2015-08-22 8:18:29 - DEBUG --> Archivo \components\com_jhotelreservation\classes\services\UserDataService.php 
2015-08-22 8:18:29 - DEBUG --> initializeUserData 
2015-08-22 8:18:29 - DEBUG --> UserData first: N; 
2015-08-22 8:18:29 - DEBUG --> Archivo \components\com_jhotelreservation\classes\services\UserDataService.php 
2015-08-22 8:18:29 - DEBUG --> createUserData 
2015-08-22 8:18:29 - DEBUG --> UserData end:  a:0:{} 
2015-08-22 8:18:29 - DEBUG --> Archivo \components\com_jhotelreservation\classes\services\UserDataService.php 
2015-08-22 8:18:29 - DEBUG --> initializeUserData 
2015-08-22 8:18:29 - DEBUG --> UserData first: a:0:{} 
2015-08-22 8:18:29 - DEBUG --> UserData end:  a:0:{} 
2015-08-22 8:18:29 - DEBUG --> Archivo \components\com_jhotelreservation\classes\services\UserDataService.php 
2015-08-22 8:18:29 - DEBUG --> initializeReservationData 
2015-08-22 8:18:29 - DEBUG --> UserData: a:0:{} 
2015-08-22 8:18:29 - DEBUG --> Archivo \components\com_jhotelreservation\classes\services\UserDataService.php 
2015-08-22 8:18:29 - DEBUG --> updateUserData 
2015-08-22 8:18:29 - DEBUG --> Archivo \components\com_jhotelreservation\classes\services\UserDataService.php 
2015-08-22 8:18:29 - DEBUG --> getUserData 
2015-08-22 8:18:29 - DEBUG --> Archivo \components\com_jhotelreservation\classes\services\UserDataService.php 
2015-08-22 8:18:29 - DEBUG --> setCurrency 
2015-08-22 8:18:29 - DEBUG --> Archivo \components\com_jhotelreservation\classes\services\UserDataService.php 
2015-08-22 8:18:29 - DEBUG --> getUserData 
2015-08-22 8:18:29 - DEBUG --> Archivo \components\com_jhotelreservation\classes\services\UserDataService.php 
2015-08-22 8:18:29 - DEBUG --> getUserData 
2015-08-22 8:18:29 - DEBUG --> Archivo \components\com_jhotelreservation\classes\services\UserDataService.php 
2015-08-22 8:18:29 - DEBUG --> getUserData 
2015-08-22 8:18:29 - DEBUG --> Archivo \components\com_jhotelreservationiews\hotel	mpl\hoteloverview.php 
2015-08-22 8:18:29 - DEBUG --> Accedió 
2015-08-22 8:19:23 - DEBUG --> Archivo \components\com_jhotelreservation\classes\services\UserDataService.php 
2015-08-22 8:19:23 - DEBUG --> initializeUserData 
2015-08-22 8:19:23 - DEBUG --> UserData first: N; 
2015-08-22 8:19:23 - DEBUG --> Archivo \components\com_jhotelreservation\classes\services\UserDataService.php 
2015-08-22 8:19:23 - DEBUG --> createUserData 
2015-08-22 8:19:23 - DEBUG --> UserData end:  a:0:{} 
2015-08-22 8:19:23 - DEBUG --> Archivo \components\com_jhotelreservation\classes\services\UserDataService.php 
2015-08-22 8:19:23 - DEBUG --> initializeUserData 
2015-08-22 8:19:23 - DEBUG --> UserData first: a:0:{} 
2015-08-22 8:19:23 - DEBUG --> UserData end:  a:0:{} 
2015-08-22 8:19:23 - DEBUG --> Archivo \components\com_jhotelreservation\classes\services\UserDataService.php 
2015-08-22 8:19:23 - DEBUG --> initializeReservationData 
2015-08-22 8:19:23 - DEBUG --> UserData: a:0:{} 
2015-08-22 8:19:23 - DEBUG --> Archivo \components\com_jhotelreservation\classes\services\UserDataService.php 
2015-08-22 8:19:23 - DEBUG --> updateUserData 
2015-08-22 8:19:23 - DEBUG --> Archivo \components\com_jhotelreservation\classes\services\UserDataService.php 
2015-08-22 8:19:23 - DEBUG --> getUserData 
2015-08-22 8:19:23 - DEBUG --> Archivo \components\com_jhotelreservation\classes\services\UserDataService.php 
2015-08-22 8:19:23 - DEBUG --> setCurrency 
2015-08-22 8:19:23 - DEBUG --> Archivo \components\com_jhotelreservation\classes\services\UserDataService.php 
2015-08-22 8:19:23 - DEBUG --> getUserData 
2015-08-22 8:19:23 - DEBUG --> Archivo \components\com_jhotelreservation\classes\services\UserDataService.php 
2015-08-22 8:19:23 - DEBUG --> getUserData 
2015-08-22 8:19:23 - DEBUG --> Archivo \components\com_jhotelreservation\classes\services\UserDataService.php 
2015-08-22 8:19:23 - DEBUG --> getUserData 
2015-08-22 8:19:23 - DEBUG --> Archivo \components\com_jhotelreservationiews\hotel	mpl\hoteloverview.php 
2015-08-22 8:19:23 - DEBUG --> Accedió 
2015-08-22 8:28:34 - DEBUG --> Archivo \components\com_jhotelreservation\classes\services\UserDataService.php 
2015-08-22 8:28:34 - DEBUG --> initializeUserData 
2015-08-22 8:28:34 - DEBUG --> UserData first: N; 
2015-08-22 8:28:34 - DEBUG --> Archivo \components\com_jhotelreservation\classes\services\UserDataService.php 
2015-08-22 8:28:34 - DEBUG --> createUserData 
2015-08-22 8:28:34 - DEBUG --> UserData end:  a:0:{} 
2015-08-22 8:28:34 - DEBUG --> Archivo \components\com_jhotelreservation\classes\services\UserDataService.php 
2015-08-22 8:28:34 - DEBUG --> initializeUserData 
2015-08-22 8:28:34 - DEBUG --> UserData first: a:0:{} 
2015-08-22 8:28:34 - DEBUG --> UserData end:  a:0:{} 
2015-08-22 8:28:34 - DEBUG --> Archivo \components\com_jhotelreservation\classes\services\UserDataService.php 
2015-08-22 8:28:34 - DEBUG --> initializeReservationData 
2015-08-22 8:28:34 - DEBUG --> UserData: a:0:{} 
2015-08-22 8:28:34 - DEBUG --> Archivo \components\com_jhotelreservation\classes\services\UserDataService.php 
2015-08-22 8:28:34 - DEBUG --> updateUserData 
2015-08-22 8:28:34 - DEBUG --> Archivo \components\com_jhotelreservation\classes\services\UserDataService.php 
2015-08-22 8:28:34 - DEBUG --> getUserData 
2015-08-22 8:28:34 - DEBUG --> Archivo \components\com_jhotelreservation\classes\services\UserDataService.php 
2015-08-22 8:28:34 - DEBUG --> setCurrency 
2015-08-22 8:28:34 - DEBUG --> Archivo \components\com_jhotelreservation\classes\services\UserDataService.php 
2015-08-22 8:28:34 - DEBUG --> getUserData 
2015-08-22 8:28:34 - DEBUG --> Archivo \components\com_jhotelreservation\classes\services\UserDataService.php 
2015-08-22 8:28:34 - DEBUG --> getUserData 
2015-08-22 8:28:34 - DEBUG --> Archivo \components\com_jhotelreservation\classes\services\UserDataService.php 
2015-08-22 8:28:34 - DEBUG --> getUserData 
2015-08-22 8:28:34 - DEBUG --> Archivo \components\com_jhotelreservationiews\hotel	mpl\hoteloverview.php 
2015-08-22 8:28:34 - DEBUG --> Accedió 
2015-08-22 9:56:02 - DEBUG --> Archivo \components\com_jhotelreservation\classes\services\UserDataService.php 
2015-08-22 9:56:02 - DEBUG --> initializeUserData 
2015-08-22 9:56:02 - DEBUG --> UserData first: N; 
2015-08-22 9:56:02 - DEBUG --> Archivo \components\com_jhotelreservation\classes\services\UserDataService.php 
2015-08-22 9:56:02 - DEBUG --> createUserData 
2015-08-22 9:56:02 - DEBUG --> UserData end:  a:0:{} 
2015-08-22 9:56:02 - DEBUG --> Archivo \components\com_jhotelreservation\classes\services\UserDataService.php 
2015-08-22 9:56:02 - DEBUG --> initializeUserData 
2015-08-22 9:56:02 - DEBUG --> UserData first: a:0:{} 
2015-08-22 9:56:02 - DEBUG --> UserData end:  a:0:{} 
2015-08-22 9:56:02 - DEBUG --> Archivo \components\com_jhotelreservation\classes\services\UserDataService.php 
2015-08-22 9:56:02 - DEBUG --> initializeReservationData 
2015-08-22 9:56:02 - DEBUG --> UserData: a:0:{} 
2015-08-22 9:56:02 - DEBUG --> Archivo \components\com_jhotelreservation\classes\services\UserDataService.php 
2015-08-22 9:56:02 - DEBUG --> updateUserData 
2015-08-22 9:56:02 - DEBUG --> Archivo \components\com_jhotelreservation\classes\services\UserDataService.php 
2015-08-22 9:56:02 - DEBUG --> getUserData 
2015-08-22 9:56:02 - DEBUG --> Archivo \components\com_jhotelreservation\classes\services\UserDataService.php 
2015-08-22 9:56:02 - DEBUG --> setCurrency 
2015-08-22 9:56:02 - DEBUG --> Archivo \components\com_jhotelreservation\classes\services\UserDataService.php 
2015-08-22 9:56:02 - DEBUG --> getUserData 
2015-08-22 9:56:02 - DEBUG --> Archivo \components\com_jhotelreservation\classes\services\UserDataService.php 
2015-08-22 9:56:02 - DEBUG --> getUserData 
2015-08-22 9:56:02 - DEBUG --> Archivo \components\com_jhotelreservation\classes\services\UserDataService.php 
2015-08-22 9:56:02 - DEBUG --> getUserData 
2015-08-22 9:56:02 - DEBUG --> Archivo \components\com_jhotelreservationiews\hotel	mpl\hoteloverview.php 
2015-08-22 9:56:02 - DEBUG --> Accedió 
2015-08-22 12:14:55 - DEBUG --> Archivo \components\com_jhotelreservation\classes\services\UserDataService.php 
2015-08-22 12:14:55 - DEBUG --> initializeUserData 
2015-08-22 12:14:55 - DEBUG --> UserData first: N; 
2015-08-22 12:14:55 - DEBUG --> Archivo \components\com_jhotelreservation\classes\services\UserDataService.php 
2015-08-22 12:14:55 - DEBUG --> createUserData 
2015-08-22 12:14:55 - DEBUG --> UserData end:  a:0:{} 
2015-08-22 12:14:55 - DEBUG --> Archivo \components\com_jhotelreservation\classes\services\UserDataService.php 
2015-08-22 12:14:55 - DEBUG --> initializeUserData 
2015-08-22 12:14:55 - DEBUG --> UserData first: a:0:{} 
2015-08-22 12:14:55 - DEBUG --> UserData end:  a:0:{} 
2015-08-22 12:14:55 - DEBUG --> Archivo \components\com_jhotelreservation\classes\services\UserDataService.php 
2015-08-22 12:14:55 - DEBUG --> initializeReservationData 
2015-08-22 12:14:55 - DEBUG --> UserData: a:0:{} 
2015-08-22 12:14:55 - DEBUG --> Archivo \components\com_jhotelreservation\classes\services\UserDataService.php 
2015-08-22 12:14:55 - DEBUG --> updateUserData 
2015-08-22 12:14:55 - DEBUG --> Archivo \components\com_jhotelreservation\classes\services\UserDataService.php 
2015-08-22 12:14:55 - DEBUG --> getUserData 
2015-08-22 12:14:55 - DEBUG --> Archivo \components\com_jhotelreservation\classes\services\UserDataService.php 
2015-08-22 12:14:55 - DEBUG --> setCurrency 
2015-08-22 12:14:55 - DEBUG --> Archivo \components\com_jhotelreservation\classes\services\UserDataService.php 
2015-08-22 12:14:55 - DEBUG --> getUserData 
2015-08-22 12:14:55 - DEBUG --> Archivo \components\com_jhotelreservation\classes\services\UserDataService.php 
2015-08-22 12:14:55 - DEBUG --> getUserData 
2015-08-22 12:14:55 - DEBUG --> Archivo \components\com_jhotelreservation\classes\services\UserDataService.php 
2015-08-22 12:14:55 - DEBUG --> getUserData 
2015-08-22 12:14:55 - DEBUG --> Archivo \components\com_jhotelreservationiews\hotel	mpl\hoteloverview.php 
2015-08-22 12:14:55 - DEBUG --> Accedió 
2015-08-22 12:29:43 - DEBUG --> Archivo \components\com_jhotelreservation\classes\services\UserDataService.php 
2015-08-22 12:29:43 - DEBUG --> initializeUserData 
2015-08-22 12:29:43 - DEBUG --> UserData first: N; 
2015-08-22 12:29:43 - DEBUG --> Archivo \components\com_jhotelreservation\classes\services\UserDataService.php 
2015-08-22 12:29:43 - DEBUG --> createUserData 
2015-08-22 12:29:43 - DEBUG --> UserData end:  a:0:{} 
2015-08-22 12:29:43 - DEBUG --> Archivo \components\com_jhotelreservation\classes\services\UserDataService.php 
2015-08-22 12:29:43 - DEBUG --> initializeUserData 
2015-08-22 12:29:43 - DEBUG --> UserData first: a:0:{} 
2015-08-22 12:29:43 - DEBUG --> UserData end:  a:0:{} 
2015-08-22 12:29:43 - DEBUG --> Archivo \components\com_jhotelreservation\classes\services\UserDataService.php 
2015-08-22 12:29:43 - DEBUG --> initializeReservationData 
2015-08-22 12:29:43 - DEBUG --> UserData: a:0:{} 
2015-08-22 12:29:43 - DEBUG --> Archivo \components\com_jhotelreservation\classes\services\UserDataService.php 
2015-08-22 12:29:43 - DEBUG --> updateUserData 
2015-08-22 12:29:43 - DEBUG --> Archivo \components\com_jhotelreservation\classes\services\UserDataService.php 
2015-08-22 12:29:43 - DEBUG --> getUserData 
2015-08-22 12:29:43 - DEBUG --> Archivo \components\com_jhotelreservation\classes\services\UserDataService.php 
2015-08-22 12:29:43 - DEBUG --> setCurrency 
2015-08-22 12:29:43 - DEBUG --> Archivo \components\com_jhotelreservation\classes\services\UserDataService.php 
2015-08-22 12:29:43 - DEBUG --> getUserData 
2015-08-22 12:29:43 - DEBUG --> Archivo \components\com_jhotelreservation\classes\services\UserDataService.php 
2015-08-22 12:29:43 - DEBUG --> getUserData 
2015-08-22 12:29:43 - DEBUG --> Archivo \components\com_jhotelreservation\classes\services\UserDataService.php 
2015-08-22 12:29:43 - DEBUG --> getUserData 
2015-08-22 12:29:45 - DEBUG --> Archivo \components\com_jhotelreservation\classes\services\UserDataService.php 
2015-08-22 12:29:45 - DEBUG --> initializeUserData 
2015-08-22 12:29:45 - DEBUG --> UserData first: N; 
2015-08-22 12:29:45 - DEBUG --> Archivo \components\com_jhotelreservation\classes\services\UserDataService.php 
2015-08-22 12:29:45 - DEBUG --> createUserData 
2015-08-22 12:29:45 - DEBUG --> UserData end:  a:0:{} 
2015-08-22 12:29:45 - DEBUG --> Archivo \components\com_jhotelreservation\classes\services\UserDataService.php 
2015-08-22 12:29:45 - DEBUG --> initializeUserData 
2015-08-22 12:29:45 - DEBUG --> UserData first: a:0:{} 
2015-08-22 12:29:45 - DEBUG --> UserData end:  a:0:{} 
2015-08-22 12:29:45 - DEBUG --> Archivo \components\com_jhotelreservation\classes\services\UserDataService.php 
2015-08-22 12:29:45 - DEBUG --> initializeReservationData 
2015-08-22 12:29:45 - DEBUG --> UserData: a:0:{} 
2015-08-22 12:29:45 - DEBUG --> Archivo \components\com_jhotelreservation\classes\services\UserDataService.php 
2015-08-22 12:29:45 - DEBUG --> updateUserData 
2015-08-22 12:29:45 - DEBUG --> Archivo \components\com_jhotelreservation\classes\services\UserDataService.php 
2015-08-22 12:29:45 - DEBUG --> getUserData 
2015-08-22 12:29:45 - DEBUG --> Archivo \components\com_jhotelreservation\classes\services\UserDataService.php 
2015-08-22 12:29:45 - DEBUG --> setCurrency 
2015-08-22 12:29:45 - DEBUG --> Archivo \components\com_jhotelreservation\classes\services\UserDataService.php 
2015-08-22 12:29:45 - DEBUG --> getUserData 
2015-08-22 12:29:45 - DEBUG --> Archivo \components\com_jhotelreservation\classes\services\UserDataService.php 
2015-08-22 12:29:45 - DEBUG --> getUserData 
2015-08-22 12:29:45 - DEBUG --> Archivo \components\com_jhotelreservation\classes\services\UserDataService.php 
2015-08-22 12:29:45 - DEBUG --> getUserData 
2015-08-22 12:29:45 - DEBUG --> Archivo \components\com_jhotelreservationiews\hotel	mpl\hoteloverview.php 
2015-08-22 12:29:45 - DEBUG --> Accedió 
2015-08-22 12:29:47 - DEBUG --> Archivo \components\com_jhotelreservation\classes\services\UserDataService.php 
2015-08-22 12:29:47 - DEBUG --> initializeUserData 
2015-08-22 12:29:47 - DEBUG --> UserData first: N; 
2015-08-22 12:29:47 - DEBUG --> Archivo \components\com_jhotelreservation\classes\services\UserDataService.php 
2015-08-22 12:29:47 - DEBUG --> createUserData 
2015-08-22 12:29:47 - DEBUG --> UserData end:  a:0:{} 
2015-08-22 12:29:47 - DEBUG --> Archivo \components\com_jhotelreservation\classes\services\UserDataService.php 
2015-08-22 12:29:47 - DEBUG --> initializeUserData 
2015-08-22 12:29:47 - DEBUG --> UserData first: a:0:{} 
2015-08-22 12:29:47 - DEBUG --> UserData end:  a:0:{} 
2015-08-22 12:29:47 - DEBUG --> Archivo \components\com_jhotelreservation\classes\services\UserDataService.php 
2015-08-22 12:29:47 - DEBUG --> initializeReservationData 
2015-08-22 12:29:47 - DEBUG --> UserData: a:0:{} 
2015-08-22 12:29:47 - DEBUG --> Archivo \components\com_jhotelreservation\classes\services\UserDataService.php 
2015-08-22 12:29:47 - DEBUG --> updateUserData 
2015-08-22 12:29:47 - DEBUG --> Archivo \components\com_jhotelreservation\classes\services\UserDataService.php 
2015-08-22 12:29:47 - DEBUG --> getUserData 
2015-08-22 12:29:47 - DEBUG --> Archivo \components\com_jhotelreservation\classes\services\UserDataService.php 
2015-08-22 12:29:47 - DEBUG --> setCurrency 
2015-08-22 12:29:47 - DEBUG --> Archivo \components\com_jhotelreservation\classes\services\UserDataService.php 
2015-08-22 12:29:47 - DEBUG --> getUserData 
2015-08-22 12:29:47 - DEBUG --> Archivo \components\com_jhotelreservation\classes\services\UserDataService.php 
2015-08-22 12:29:47 - DEBUG --> getUserData 
2015-08-22 12:29:47 - DEBUG --> Archivo \components\com_jhotelreservation\classes\services\UserDataService.php 
2015-08-22 12:29:47 - DEBUG --> getUserData 
2015-08-22 12:29:49 - DEBUG --> Archivo \components\com_jhotelreservation\classes\services\UserDataService.php 
2015-08-22 12:29:49 - DEBUG --> initializeUserData 
2015-08-22 12:29:49 - DEBUG --> UserData first: N; 
2015-08-22 12:29:49 - DEBUG --> Archivo \components\com_jhotelreservation\classes\services\UserDataService.php 
2015-08-22 12:29:49 - DEBUG --> createUserData 
2015-08-22 12:29:49 - DEBUG --> UserData end:  a:0:{} 
2015-08-22 12:29:49 - DEBUG --> Archivo \components\com_jhotelreservation\classes\services\UserDataService.php 
2015-08-22 12:29:49 - DEBUG --> initializeUserData 
2015-08-22 12:29:49 - DEBUG --> UserData first: a:0:{} 
2015-08-22 12:29:49 - DEBUG --> UserData end:  a:0:{} 
2015-08-22 12:29:49 - DEBUG --> Archivo \components\com_jhotelreservation\classes\services\UserDataService.php 
2015-08-22 12:29:49 - DEBUG --> initializeReservationData 
2015-08-22 12:29:49 - DEBUG --> UserData: a:0:{} 
2015-08-22 12:29:49 - DEBUG --> Archivo \components\com_jhotelreservation\classes\services\UserDataService.php 
2015-08-22 12:29:49 - DEBUG --> updateUserData 
2015-08-22 12:29:49 - DEBUG --> Archivo \components\com_jhotelreservation\classes\services\UserDataService.php 
2015-08-22 12:29:49 - DEBUG --> getUserData 
2015-08-22 12:29:49 - DEBUG --> Archivo \components\com_jhotelreservation\classes\services\UserDataService.php 
2015-08-22 12:29:49 - DEBUG --> setCurrency 
2015-08-22 12:29:49 - DEBUG --> Archivo \components\com_jhotelreservation\classes\services\UserDataService.php 
2015-08-22 12:29:49 - DEBUG --> getUserData 
2015-08-22 12:29:49 - DEBUG --> Archivo \components\com_jhotelreservation\classes\services\UserDataService.php 
2015-08-22 12:29:49 - DEBUG --> getUserData 
2015-08-22 12:29:49 - DEBUG --> Archivo \components\com_jhotelreservation\classes\services\UserDataService.php 
2015-08-22 12:29:49 - DEBUG --> getUserData 
2015-08-22 12:29:49 - DEBUG --> Archivo \components\com_jhotelreservationiews\hotel	mpl\hoteloverview.php 
2015-08-22 12:29:49 - DEBUG --> Accedió 
2015-08-22 12:29:51 - DEBUG --> Archivo \components\com_jhotelreservation\classes\services\UserDataService.php 
2015-08-22 12:29:51 - DEBUG --> initializeUserData 
2015-08-22 12:29:51 - DEBUG --> UserData first: N; 
2015-08-22 12:29:51 - DEBUG --> Archivo \components\com_jhotelreservation\classes\services\UserDataService.php 
2015-08-22 12:29:51 - DEBUG --> createUserData 
2015-08-22 12:29:51 - DEBUG --> UserData end:  a:0:{} 
2015-08-22 12:29:51 - DEBUG --> Archivo \components\com_jhotelreservation\classes\services\UserDataService.php 
2015-08-22 12:29:51 - DEBUG --> initializeUserData 
2015-08-22 12:29:51 - DEBUG --> UserData first: a:0:{} 
2015-08-22 12:29:51 - DEBUG --> UserData end:  a:0:{} 
2015-08-22 12:29:51 - DEBUG --> Archivo \components\com_jhotelreservation\classes\services\UserDataService.php 
2015-08-22 12:29:51 - DEBUG --> initializeReservationData 
2015-08-22 12:29:51 - DEBUG --> UserData: a:0:{} 
2015-08-22 12:29:51 - DEBUG --> Archivo \components\com_jhotelreservation\classes\services\UserDataService.php 
2015-08-22 12:29:51 - DEBUG --> updateUserData 
2015-08-22 12:29:51 - DEBUG --> Archivo \components\com_jhotelreservation\classes\services\UserDataService.php 
2015-08-22 12:29:51 - DEBUG --> getUserData 
2015-08-22 12:29:51 - DEBUG --> Archivo \components\com_jhotelreservation\classes\services\UserDataService.php 
2015-08-22 12:29:51 - DEBUG --> setCurrency 
2015-08-22 12:29:51 - DEBUG --> Archivo \components\com_jhotelreservation\classes\services\UserDataService.php 
2015-08-22 12:29:51 - DEBUG --> getUserData 
2015-08-22 12:29:51 - DEBUG --> Archivo \components\com_jhotelreservation\classes\services\UserDataService.php 
2015-08-22 12:29:51 - DEBUG --> getUserData 
2015-08-22 12:29:51 - DEBUG --> Archivo \components\com_jhotelreservation\classes\services\UserDataService.php 
2015-08-22 12:29:51 - DEBUG --> getUserData 
2015-08-22 14:43:08 - DEBUG --> Archivo \components\com_jhotelreservation\classes\services\UserDataService.php 
2015-08-22 14:43:08 - DEBUG --> initializeUserData 
2015-08-22 14:43:08 - DEBUG --> UserData first: N; 
2015-08-22 14:43:08 - DEBUG --> Archivo \components\com_jhotelreservation\classes\services\UserDataService.php 
2015-08-22 14:43:08 - DEBUG --> createUserData 
2015-08-22 14:43:08 - DEBUG --> UserData end:  a:0:{} 
2015-08-22 14:43:08 - DEBUG --> Archivo \components\com_jhotelreservation\classes\services\UserDataService.php 
2015-08-22 14:43:08 - DEBUG --> initializeUserData 
2015-08-22 14:43:08 - DEBUG --> UserData first: a:0:{} 
2015-08-22 14:43:08 - DEBUG --> UserData end:  a:0:{} 
2015-08-22 14:43:08 - DEBUG --> Archivo \components\com_jhotelreservation\classes\services\UserDataService.php 
2015-08-22 14:43:08 - DEBUG --> initializeReservationData 
2015-08-22 14:43:08 - DEBUG --> UserData: a:0:{} 
2015-08-22 14:43:08 - DEBUG --> Archivo \components\com_jhotelreservation\classes\services\UserDataService.php 
2015-08-22 14:43:08 - DEBUG --> updateUserData 
2015-08-22 14:43:08 - DEBUG --> Archivo \components\com_jhotelreservation\classes\services\UserDataService.php 
2015-08-22 14:43:08 - DEBUG --> getUserData 
2015-08-22 14:43:08 - DEBUG --> Archivo \components\com_jhotelreservation\classes\services\UserDataService.php 
2015-08-22 14:43:08 - DEBUG --> setCurrency 
2015-08-22 14:43:08 - DEBUG --> Archivo \components\com_jhotelreservation\classes\services\UserDataService.php 
2015-08-22 14:43:08 - DEBUG --> getUserData 
2015-08-22 14:43:08 - DEBUG --> Archivo \components\com_jhotelreservation\classes\services\UserDataService.php 
2015-08-22 14:43:08 - DEBUG --> getUserData 
2015-08-22 14:43:08 - DEBUG --> Archivo \components\com_jhotelreservation\classes\services\UserDataService.php 
2015-08-22 14:43:08 - DEBUG --> getUserData 
2015-08-22 14:43:08 - DEBUG --> Archivo \components\com_jhotelreservationiews\hotel	mpl\hoteloverview.php 
2015-08-22 14:43:08 - DEBUG --> Accedió 
2015-08-22 15:26:20 - DEBUG --> Archivo \components\com_jhotelreservation\classes\services\UserDataService.php 
2015-08-22 15:26:20 - DEBUG --> initializeUserData 
2015-08-22 15:26:20 - DEBUG --> UserData first: N; 
2015-08-22 15:26:20 - DEBUG --> Archivo \components\com_jhotelreservation\classes\services\UserDataService.php 
2015-08-22 15:26:20 - DEBUG --> createUserData 
2015-08-22 15:26:20 - DEBUG --> UserData end:  a:0:{} 
2015-08-22 15:26:20 - DEBUG --> Archivo \components\com_jhotelreservation\classes\services\UserDataService.php 
2015-08-22 15:26:20 - DEBUG --> initializeUserData 
2015-08-22 15:26:20 - DEBUG --> UserData first: a:0:{} 
2015-08-22 15:26:20 - DEBUG --> UserData end:  a:0:{} 
2015-08-22 15:26:20 - DEBUG --> Archivo \components\com_jhotelreservation\classes\services\UserDataService.php 
2015-08-22 15:26:20 - DEBUG --> initializeReservationData 
2015-08-22 15:26:20 - DEBUG --> UserData: a:0:{} 
2015-08-22 15:26:20 - DEBUG --> Archivo \components\com_jhotelreservation\classes\services\UserDataService.php 
2015-08-22 15:26:20 - DEBUG --> updateUserData 
2015-08-22 15:26:20 - DEBUG --> Archivo \components\com_jhotelreservation\classes\services\UserDataService.php 
2015-08-22 15:26:20 - DEBUG --> getUserData 
2015-08-22 15:26:20 - DEBUG --> Archivo \components\com_jhotelreservation\classes\services\UserDataService.php 
2015-08-22 15:26:20 - DEBUG --> setCurrency 
2015-08-22 15:26:20 - DEBUG --> Archivo \components\com_jhotelreservation\classes\services\UserDataService.php 
2015-08-22 15:26:20 - DEBUG --> getUserData 
2015-08-22 15:26:20 - DEBUG --> Archivo \components\com_jhotelreservation\classes\services\UserDataService.php 
2015-08-22 15:26:20 - DEBUG --> getUserData 
2015-08-22 15:26:20 - DEBUG --> Archivo \components\com_jhotelreservation\classes\services\UserDataService.php 
2015-08-22 15:26:20 - DEBUG --> getUserData 
2015-08-22 18:38:07 - DEBUG --> Archivo \components\com_jhotelreservation\classes\services\UserDataService.php 
2015-08-22 18:38:07 - DEBUG --> initializeUserData 
2015-08-22 18:38:07 - DEBUG --> UserData first: N; 
2015-08-22 18:38:07 - DEBUG --> Archivo \components\com_jhotelreservation\classes\services\UserDataService.php 
2015-08-22 18:38:07 - DEBUG --> createUserData 
2015-08-22 18:38:07 - DEBUG --> UserData end:  a:0:{} 
2015-08-22 22:52:59 - DEBUG --> Archivo \components\com_jhotelreservation\classes\services\UserDataService.php 
2015-08-22 22:52:59 - DEBUG --> initializeUserData 
2015-08-22 22:52:59 - DEBUG --> UserData first: N; 
2015-08-22 22:52:59 - DEBUG --> Archivo \components\com_jhotelreservation\classes\services\UserDataService.php 
2015-08-22 22:52:59 - DEBUG --> createUserData 
2015-08-22 22:52:59 - DEBUG --> UserData end:  a:0:{} 
2015-08-22 22:52:59 - DEBUG --> Archivo \components\com_jhotelreservation\classes\services\UserDataService.php 
2015-08-22 22:52:59 - DEBUG --> initializeUserData 
2015-08-22 22:52:59 - DEBUG --> UserData first: a:0:{} 
2015-08-22 22:52:59 - DEBUG --> UserData end:  a:0:{} 
2015-08-22 22:52:59 - DEBUG --> Archivo \components\com_jhotelreservation\classes\services\UserDataService.php 
2015-08-22 22:52:59 - DEBUG --> initializeReservationData 
2015-08-22 22:52:59 - DEBUG --> UserData: a:0:{} 
2015-08-22 22:52:59 - DEBUG --> Archivo \components\com_jhotelreservation\classes\services\UserDataService.php 
2015-08-22 22:52:59 - DEBUG --> updateUserData 
2015-08-22 22:52:59 - DEBUG --> Archivo \components\com_jhotelreservation\classes\services\UserDataService.php 
2015-08-22 22:52:59 - DEBUG --> getUserData 
2015-08-22 22:52:59 - DEBUG --> Archivo \components\com_jhotelreservation\classes\services\UserDataService.php 
2015-08-22 22:52:59 - DEBUG --> setCurrency 
2015-08-22 22:52:59 - DEBUG --> Archivo \components\com_jhotelreservation\classes\services\UserDataService.php 
2015-08-22 22:52:59 - DEBUG --> getUserData 
2015-08-22 22:52:59 - DEBUG --> Archivo \components\com_jhotelreservation\classes\services\UserDataService.php 
2015-08-22 22:52:59 - DEBUG --> getUserData 
2015-08-22 22:52:59 - DEBUG --> Archivo \components\com_jhotelreservation\classes\services\UserDataService.php 
2015-08-22 22:52:59 - DEBUG --> getUserData 
2015-08-22 22:52:59 - DEBUG --> Archivo \components\com_jhotelreservationiews\hotel	mpl\hoteloverview.php 
2015-08-22 22:52:59 - DEBUG --> Accedió 
2015-08-22 23:17:41 - DEBUG --> Archivo \components\com_jhotelreservation\classes\services\UserDataService.php 
2015-08-22 23:17:41 - DEBUG --> initializeUserData 
2015-08-22 23:17:41 - DEBUG --> UserData first: N; 
2015-08-22 23:17:41 - DEBUG --> Archivo \components\com_jhotelreservation\classes\services\UserDataService.php 
2015-08-22 23:17:41 - DEBUG --> createUserData 
2015-08-22 23:17:41 - DEBUG --> UserData end:  a:0:{} 
2015-08-22 23:17:41 - DEBUG --> Archivo \components\com_jhotelreservation\classes\services\UserDataService.php 
2015-08-22 23:17:41 - DEBUG --> initializeUserData 
2015-08-22 23:17:41 - DEBUG --> UserData first: a:0:{} 
2015-08-22 23:17:41 - DEBUG --> UserData end:  a:0:{} 
2015-08-22 23:17:41 - DEBUG --> Archivo \components\com_jhotelreservation\classes\services\UserDataService.php 
2015-08-22 23:17:41 - DEBUG --> initializeReservationData 
2015-08-22 23:17:41 - DEBUG --> UserData: a:0:{} 
2015-08-22 23:17:41 - DEBUG --> Archivo \components\com_jhotelreservation\classes\services\UserDataService.php 
2015-08-22 23:17:41 - DEBUG --> updateUserData 
2015-08-22 23:17:41 - DEBUG --> Archivo \components\com_jhotelreservation\classes\services\UserDataService.php 
2015-08-22 23:17:41 - DEBUG --> getUserData 
2015-08-22 23:17:41 - DEBUG --> Archivo \components\com_jhotelreservation\classes\services\UserDataService.php 
2015-08-22 23:17:41 - DEBUG --> setCurrency 
2015-08-22 23:17:41 - DEBUG --> Archivo \components\com_jhotelreservation\classes\services\UserDataService.php 
2015-08-22 23:17:41 - DEBUG --> getUserData 
2015-08-22 23:17:41 - DEBUG --> Archivo \components\com_jhotelreservation\classes\services\UserDataService.php 
2015-08-22 23:17:41 - DEBUG --> getUserData 
2015-08-22 23:17:41 - DEBUG --> Archivo \components\com_jhotelreservation\classes\services\UserDataService.php 
2015-08-22 23:17:41 - DEBUG --> getUserData 
2015-08-22 23:50:11 - DEBUG --> Archivo \components\com_jhotelreservation\classes\services\UserDataService.php 
2015-08-22 23:50:11 - DEBUG --> initializeUserData 
2015-08-22 23:50:11 - DEBUG --> UserData first: N; 
2015-08-22 23:50:11 - DEBUG --> Archivo \components\com_jhotelreservation\classes\services\UserDataService.php 
2015-08-22 23:50:11 - DEBUG --> createUserData 
2015-08-22 23:50:11 - DEBUG --> UserData end:  a:0:{} 
2015-08-22 23:50:11 - DEBUG --> Archivo \components\com_jhotelreservation\classes\services\UserDataService.php 
2015-08-22 23:50:11 - DEBUG --> initializeUserData 
2015-08-22 23:50:11 - DEBUG --> UserData first: a:0:{} 
2015-08-22 23:50:11 - DEBUG --> UserData end:  a:0:{} 
2015-08-22 23:50:11 - DEBUG --> Archivo \components\com_jhotelreservation\classes\services\UserDataService.php 
2015-08-22 23:50:11 - DEBUG --> initializeReservationData 
2015-08-22 23:50:11 - DEBUG --> UserData: a:0:{} 
2015-08-22 23:50:11 - DEBUG --> Archivo \components\com_jhotelreservation\classes\services\UserDataService.php 
2015-08-22 23:50:11 - DEBUG --> updateUserData 
2015-08-22 23:50:11 - DEBUG --> Archivo \components\com_jhotelreservation\classes\services\UserDataService.php 
2015-08-22 23:50:11 - DEBUG --> getUserData 
2015-08-22 23:50:11 - DEBUG --> Archivo \components\com_jhotelreservation\classes\services\UserDataService.php 
2015-08-22 23:50:11 - DEBUG --> setCurrency 
2015-08-22 23:50:11 - DEBUG --> Archivo \components\com_jhotelreservation\classes\services\UserDataService.php 
2015-08-22 23:50:11 - DEBUG --> getUserData 
2015-08-22 23:50:11 - DEBUG --> Archivo \components\com_jhotelreservation\classes\services\UserDataService.php 
2015-08-22 23:50:11 - DEBUG --> getUserData 
2015-08-22 23:50:11 - DEBUG --> Archivo \components\com_jhotelreservation\classes\services\UserDataService.php 
2015-08-22 23:50:11 - DEBUG --> getUserData 
2015-08-22 23:50:11 - DEBUG --> Archivo \components\com_jhotelreservationiews\hotel	mpl\hoteloverview.php 
2015-08-22 23:50:11 - DEBUG --> Accedió 
