2015-09-24 2:28:14 - DEBUG --> Archivo \components\com_jhotelreservation\classes\services\UserDataService.php 
2015-09-24 2:28:14 - DEBUG --> initializeUserData 
2015-09-24 2:28:14 - DEBUG --> UserData first: N; 
2015-09-24 2:28:14 - DEBUG --> Archivo \components\com_jhotelreservation\classes\services\UserDataService.php 
2015-09-24 2:28:14 - DEBUG --> createUserData 
2015-09-24 2:28:14 - DEBUG --> UserData end:  a:0:{} 
2015-09-24 2:28:14 - DEBUG --> Archivo \components\com_jhotelreservation\classes\services\UserDataService.php 
2015-09-24 2:28:14 - DEBUG --> initializeUserData 
2015-09-24 2:28:14 - DEBUG --> UserData first: a:0:{} 
2015-09-24 2:28:14 - DEBUG --> UserData end:  a:0:{} 
2015-09-24 2:28:14 - DEBUG --> Archivo \components\com_jhotelreservation\classes\services\UserDataService.php 
2015-09-24 2:28:14 - DEBUG --> initializeReservationData 
2015-09-24 2:28:14 - DEBUG --> UserData: a:0:{} 
2015-09-24 2:28:14 - DEBUG --> Archivo \components\com_jhotelreservation\classes\services\UserDataService.php 
2015-09-24 2:28:14 - DEBUG --> updateUserData 
2015-09-24 2:28:14 - DEBUG --> Archivo \components\com_jhotelreservation\classes\services\UserDataService.php 
2015-09-24 2:28:14 - DEBUG --> getUserData 
2015-09-24 2:28:14 - DEBUG --> Archivo \components\com_jhotelreservation\classes\services\UserDataService.php 
2015-09-24 2:28:14 - DEBUG --> setCurrency 
2015-09-24 2:28:14 - DEBUG --> Archivo \components\com_jhotelreservation\classes\services\UserDataService.php 
2015-09-24 2:28:14 - DEBUG --> getUserData 
2015-09-24 2:28:14 - DEBUG --> Archivo \components\com_jhotelreservation\classes\services\UserDataService.php 
2015-09-24 2:28:14 - DEBUG --> getUserData 
2015-09-24 2:28:14 - DEBUG --> Archivo \components\com_jhotelreservation\classes\services\UserDataService.php 
2015-09-24 2:28:14 - DEBUG --> getUserData 
2015-09-24 2:28:14 - DEBUG --> Archivo \components\com_jhotelreservationiews\hotel	mpl\hoteloverview.php 
2015-09-24 2:28:14 - DEBUG --> Accedió 
2015-09-24 8:48:04 - DEBUG --> Archivo \components\com_jhotelreservation\classes\services\UserDataService.php 
2015-09-24 8:48:04 - DEBUG --> initializeUserData 
2015-09-24 8:48:04 - DEBUG --> UserData first: N; 
2015-09-24 8:48:04 - DEBUG --> Archivo \components\com_jhotelreservation\classes\services\UserDataService.php 
2015-09-24 8:48:04 - DEBUG --> createUserData 
2015-09-24 8:48:04 - DEBUG --> UserData end:  a:0:{} 
2015-09-24 8:48:04 - DEBUG --> Archivo \components\com_jhotelreservation\classes\services\UserDataService.php 
2015-09-24 8:48:04 - DEBUG --> initializeUserData 
2015-09-24 8:48:04 - DEBUG --> UserData first: a:0:{} 
2015-09-24 8:48:04 - DEBUG --> UserData end:  a:0:{} 
2015-09-24 8:48:04 - DEBUG --> Archivo \components\com_jhotelreservation\classes\services\UserDataService.php 
2015-09-24 8:48:04 - DEBUG --> initializeReservationData 
2015-09-24 8:48:04 - DEBUG --> UserData: a:0:{} 
2015-09-24 8:48:04 - DEBUG --> Archivo \components\com_jhotelreservation\classes\services\UserDataService.php 
2015-09-24 8:48:04 - DEBUG --> updateUserData 
2015-09-24 8:48:04 - DEBUG --> Archivo \components\com_jhotelreservation\classes\services\UserDataService.php 
2015-09-24 8:48:04 - DEBUG --> getUserData 
2015-09-24 8:48:04 - DEBUG --> Archivo \components\com_jhotelreservation\classes\services\UserDataService.php 
2015-09-24 8:48:04 - DEBUG --> setCurrency 
2015-09-24 8:48:04 - DEBUG --> Archivo \components\com_jhotelreservation\classes\services\UserDataService.php 
2015-09-24 8:48:04 - DEBUG --> getUserData 
2015-09-24 8:48:04 - DEBUG --> Archivo \components\com_jhotelreservation\classes\services\UserDataService.php 
2015-09-24 8:48:04 - DEBUG --> getUserData 
2015-09-24 8:48:04 - DEBUG --> Archivo \components\com_jhotelreservation\classes\services\UserDataService.php 
2015-09-24 8:48:04 - DEBUG --> getUserData 
2015-09-24 8:48:04 - DEBUG --> Archivo \components\com_jhotelreservationiews\hotel	mpl\hoteloverview.php 
2015-09-24 8:48:04 - DEBUG --> Accedió 
2015-09-24 9:15:53 - DEBUG --> Archivo \components\com_jhotelreservation\classes\services\UserDataService.php 
2015-09-24 9:15:53 - DEBUG --> initializeUserData 
2015-09-24 9:15:53 - DEBUG --> UserData first: N; 
2015-09-24 9:15:53 - DEBUG --> Archivo \components\com_jhotelreservation\classes\services\UserDataService.php 
2015-09-24 9:15:53 - DEBUG --> createUserData 
2015-09-24 9:15:53 - DEBUG --> UserData end:  a:0:{} 
2015-09-24 9:15:53 - DEBUG --> Archivo \components\com_jhotelreservation\classes\services\UserDataService.php 
2015-09-24 9:15:53 - DEBUG --> initializeUserData 
2015-09-24 9:15:53 - DEBUG --> UserData first: a:0:{} 
2015-09-24 9:15:53 - DEBUG --> UserData end:  a:0:{} 
2015-09-24 9:15:53 - DEBUG --> Archivo \components\com_jhotelreservation\classes\services\UserDataService.php 
2015-09-24 9:15:53 - DEBUG --> initializeReservationData 
2015-09-24 9:15:53 - DEBUG --> UserData: a:0:{} 
2015-09-24 9:15:53 - DEBUG --> Archivo \components\com_jhotelreservation\classes\services\UserDataService.php 
2015-09-24 9:15:53 - DEBUG --> updateUserData 
2015-09-24 9:15:53 - DEBUG --> Archivo \components\com_jhotelreservation\classes\services\UserDataService.php 
2015-09-24 9:15:53 - DEBUG --> getUserData 
2015-09-24 9:15:53 - DEBUG --> Archivo \components\com_jhotelreservation\classes\services\UserDataService.php 
2015-09-24 9:15:53 - DEBUG --> setCurrency 
2015-09-24 9:15:53 - DEBUG --> Archivo \components\com_jhotelreservation\classes\services\UserDataService.php 
2015-09-24 9:15:53 - DEBUG --> getUserData 
2015-09-24 9:15:53 - DEBUG --> Archivo \components\com_jhotelreservation\classes\services\UserDataService.php 
2015-09-24 9:15:53 - DEBUG --> getUserData 
2015-09-24 9:15:53 - DEBUG --> Archivo \components\com_jhotelreservation\classes\services\UserDataService.php 
2015-09-24 9:15:53 - DEBUG --> getUserData 
2015-09-24 11:05:14 - DEBUG --> Archivo \components\com_jhotelreservation\classes\services\UserDataService.php 
2015-09-24 11:05:14 - DEBUG --> initializeUserData 
2015-09-24 11:05:14 - DEBUG --> UserData first: N; 
2015-09-24 11:05:14 - DEBUG --> Archivo \components\com_jhotelreservation\classes\services\UserDataService.php 
2015-09-24 11:05:14 - DEBUG --> createUserData 
2015-09-24 11:05:14 - DEBUG --> UserData end:  a:0:{} 
2015-09-24 11:05:14 - DEBUG --> Archivo \components\com_jhotelreservation\classes\services\UserDataService.php 
2015-09-24 11:05:14 - DEBUG --> initializeUserData 
2015-09-24 11:05:14 - DEBUG --> UserData first: a:0:{} 
2015-09-24 11:05:14 - DEBUG --> UserData end:  a:0:{} 
2015-09-24 11:05:14 - DEBUG --> Archivo \components\com_jhotelreservation\classes\services\UserDataService.php 
2015-09-24 11:05:14 - DEBUG --> initializeReservationData 
2015-09-24 11:05:14 - DEBUG --> UserData: a:0:{} 
2015-09-24 11:05:14 - DEBUG --> Archivo \components\com_jhotelreservation\classes\services\UserDataService.php 
2015-09-24 11:05:14 - DEBUG --> updateUserData 
2015-09-24 11:05:14 - DEBUG --> Archivo \components\com_jhotelreservation\classes\services\UserDataService.php 
2015-09-24 11:05:14 - DEBUG --> getUserData 
2015-09-24 11:05:14 - DEBUG --> Archivo \components\com_jhotelreservation\classes\services\UserDataService.php 
2015-09-24 11:05:14 - DEBUG --> setCurrency 
2015-09-24 11:05:14 - DEBUG --> Archivo \components\com_jhotelreservation\classes\services\UserDataService.php 
2015-09-24 11:05:14 - DEBUG --> getUserData 
2015-09-24 11:05:14 - DEBUG --> Archivo \components\com_jhotelreservation\classes\services\UserDataService.php 
2015-09-24 11:05:14 - DEBUG --> getUserData 
2015-09-24 11:05:14 - DEBUG --> Archivo \components\com_jhotelreservation\classes\services\UserDataService.php 
2015-09-24 11:05:14 - DEBUG --> getUserData 
2015-09-24 11:05:14 - DEBUG --> Archivo \components\com_jhotelreservationiews\hotel	mpl\hoteloverview.php 
2015-09-24 11:05:14 - DEBUG --> Accedió 
2015-09-24 11:27:44 - DEBUG --> Archivo \components\com_jhotelreservation\classes\services\UserDataService.php 
2015-09-24 11:27:44 - DEBUG --> initializeUserData 
2015-09-24 11:27:44 - DEBUG --> UserData first: N; 
2015-09-24 11:27:44 - DEBUG --> Archivo \components\com_jhotelreservation\classes\services\UserDataService.php 
2015-09-24 11:27:44 - DEBUG --> createUserData 
2015-09-24 11:27:44 - DEBUG --> UserData end:  a:0:{} 
2015-09-24 11:27:44 - DEBUG --> Archivo \components\com_jhotelreservation\classes\services\UserDataService.php 
2015-09-24 11:27:44 - DEBUG --> initializeUserData 
2015-09-24 11:27:44 - DEBUG --> UserData first: a:0:{} 
2015-09-24 11:27:44 - DEBUG --> UserData end:  a:0:{} 
2015-09-24 11:27:44 - DEBUG --> Archivo \components\com_jhotelreservation\classes\services\UserDataService.php 
2015-09-24 11:27:44 - DEBUG --> initializeReservationData 
2015-09-24 11:27:44 - DEBUG --> UserData: a:0:{} 
2015-09-24 11:27:44 - DEBUG --> Archivo \components\com_jhotelreservation\classes\services\UserDataService.php 
2015-09-24 11:27:44 - DEBUG --> updateUserData 
2015-09-24 11:27:44 - DEBUG --> Archivo \components\com_jhotelreservation\classes\services\UserDataService.php 
2015-09-24 11:27:44 - DEBUG --> getUserData 
2015-09-24 11:27:44 - DEBUG --> Archivo \components\com_jhotelreservation\classes\services\UserDataService.php 
2015-09-24 11:27:44 - DEBUG --> setCurrency 
2015-09-24 11:27:44 - DEBUG --> Archivo \components\com_jhotelreservation\classes\services\UserDataService.php 
2015-09-24 11:27:44 - DEBUG --> getUserData 
2015-09-24 11:27:44 - DEBUG --> Archivo \components\com_jhotelreservation\classes\services\UserDataService.php 
2015-09-24 11:27:44 - DEBUG --> getUserData 
2015-09-24 11:27:44 - DEBUG --> Archivo \components\com_jhotelreservation\classes\services\UserDataService.php 
2015-09-24 11:27:44 - DEBUG --> getUserData 
2015-09-24 11:27:44 - DEBUG --> Archivo \components\com_jhotelreservationiews\hotel	mpl\hoteloverview.php 
2015-09-24 11:27:44 - DEBUG --> Accedió 
2015-09-24 11:36:54 - DEBUG --> Archivo \components\com_jhotelreservation\classes\services\UserDataService.php 
2015-09-24 11:36:54 - DEBUG --> initializeUserData 
2015-09-24 11:36:54 - DEBUG --> UserData first: N; 
2015-09-24 11:36:54 - DEBUG --> Archivo \components\com_jhotelreservation\classes\services\UserDataService.php 
2015-09-24 11:36:54 - DEBUG --> createUserData 
2015-09-24 11:36:54 - DEBUG --> UserData end:  a:0:{} 
2015-09-24 11:36:54 - DEBUG --> Archivo \components\com_jhotelreservation\classes\services\UserDataService.php 
2015-09-24 11:36:54 - DEBUG --> initializeUserData 
2015-09-24 11:36:54 - DEBUG --> UserData first: a:0:{} 
2015-09-24 11:36:54 - DEBUG --> UserData end:  a:0:{} 
2015-09-24 11:36:54 - DEBUG --> Archivo \components\com_jhotelreservation\classes\services\UserDataService.php 
2015-09-24 11:36:54 - DEBUG --> initializeReservationData 
2015-09-24 11:36:54 - DEBUG --> UserData: a:0:{} 
2015-09-24 11:36:54 - DEBUG --> Archivo \components\com_jhotelreservation\classes\services\UserDataService.php 
2015-09-24 11:36:54 - DEBUG --> updateUserData 
2015-09-24 11:36:54 - DEBUG --> Archivo \components\com_jhotelreservation\classes\services\UserDataService.php 
2015-09-24 11:36:54 - DEBUG --> getUserData 
2015-09-24 11:36:54 - DEBUG --> Archivo \components\com_jhotelreservation\classes\services\UserDataService.php 
2015-09-24 11:36:54 - DEBUG --> setCurrency 
2015-09-24 11:36:54 - DEBUG --> Archivo \components\com_jhotelreservation\classes\services\UserDataService.php 
2015-09-24 11:36:54 - DEBUG --> getUserData 
2015-09-24 11:36:54 - DEBUG --> Archivo \components\com_jhotelreservation\classes\services\UserDataService.php 
2015-09-24 11:36:54 - DEBUG --> getUserData 
2015-09-24 11:36:54 - DEBUG --> Archivo \components\com_jhotelreservation\classes\services\UserDataService.php 
2015-09-24 11:36:54 - DEBUG --> getUserData 
2015-09-24 11:36:54 - DEBUG --> Archivo \components\com_jhotelreservationiews\hotel	mpl\hoteloverview.php 
2015-09-24 11:36:54 - DEBUG --> Accedió 
2015-09-24 13:10:29 - DEBUG --> Archivo \components\com_jhotelreservation\classes\services\UserDataService.php 
2015-09-24 13:10:29 - DEBUG --> initializeUserData 
2015-09-24 13:10:29 - DEBUG --> UserData first: N; 
2015-09-24 13:10:29 - DEBUG --> Archivo \components\com_jhotelreservation\classes\services\UserDataService.php 
2015-09-24 13:10:29 - DEBUG --> createUserData 
2015-09-24 13:10:29 - DEBUG --> UserData end:  a:0:{} 
2015-09-24 13:10:29 - DEBUG --> Archivo \components\com_jhotelreservation\classes\services\UserDataService.php 
2015-09-24 13:10:29 - DEBUG --> initializeUserData 
2015-09-24 13:10:29 - DEBUG --> UserData first: a:0:{} 
2015-09-24 13:10:29 - DEBUG --> UserData end:  a:0:{} 
2015-09-24 13:10:29 - DEBUG --> Archivo \components\com_jhotelreservation\classes\services\UserDataService.php 
2015-09-24 13:10:29 - DEBUG --> initializeReservationData 
2015-09-24 13:10:29 - DEBUG --> UserData: a:0:{} 
2015-09-24 13:10:29 - DEBUG --> Archivo \components\com_jhotelreservation\classes\services\UserDataService.php 
2015-09-24 13:10:29 - DEBUG --> updateUserData 
2015-09-24 13:10:29 - DEBUG --> Archivo \components\com_jhotelreservation\classes\services\UserDataService.php 
2015-09-24 13:10:29 - DEBUG --> getUserData 
2015-09-24 13:10:29 - DEBUG --> Archivo \components\com_jhotelreservation\classes\services\UserDataService.php 
2015-09-24 13:10:29 - DEBUG --> setCurrency 
2015-09-24 13:10:29 - DEBUG --> Archivo \components\com_jhotelreservation\classes\services\UserDataService.php 
2015-09-24 13:10:29 - DEBUG --> getUserData 
2015-09-24 13:10:29 - DEBUG --> Archivo \components\com_jhotelreservation\classes\services\UserDataService.php 
2015-09-24 13:10:29 - DEBUG --> getUserData 
2015-09-24 13:10:29 - DEBUG --> Archivo \components\com_jhotelreservation\classes\services\UserDataService.php 
2015-09-24 13:10:29 - DEBUG --> getUserData 
2015-09-24 13:10:29 - DEBUG --> Archivo \components\com_jhotelreservationiews\hotel	mpl\hoteloverview.php 
2015-09-24 13:10:29 - DEBUG --> Accedió 
2015-09-24 14:24:58 - DEBUG --> Archivo \components\com_jhotelreservation\classes\services\UserDataService.php 
2015-09-24 14:24:58 - DEBUG --> initializeUserData 
2015-09-24 14:24:58 - DEBUG --> UserData first: N; 
2015-09-24 14:24:58 - DEBUG --> Archivo \components\com_jhotelreservation\classes\services\UserDataService.php 
2015-09-24 14:24:58 - DEBUG --> createUserData 
2015-09-24 14:24:58 - DEBUG --> UserData end:  a:0:{} 
2015-09-24 14:24:58 - DEBUG --> Archivo \components\com_jhotelreservation\classes\services\UserDataService.php 
2015-09-24 14:24:58 - DEBUG --> initializeUserData 
2015-09-24 14:24:58 - DEBUG --> UserData first: a:0:{} 
2015-09-24 14:24:58 - DEBUG --> UserData end:  a:0:{} 
2015-09-24 14:24:58 - DEBUG --> Archivo \components\com_jhotelreservation\classes\services\UserDataService.php 
2015-09-24 14:24:58 - DEBUG --> initializeReservationData 
2015-09-24 14:24:58 - DEBUG --> UserData: a:0:{} 
2015-09-24 14:24:58 - DEBUG --> Archivo \components\com_jhotelreservation\classes\services\UserDataService.php 
2015-09-24 14:24:58 - DEBUG --> updateUserData 
2015-09-24 14:24:58 - DEBUG --> Archivo \components\com_jhotelreservation\classes\services\UserDataService.php 
2015-09-24 14:24:58 - DEBUG --> getUserData 
2015-09-24 14:24:58 - DEBUG --> Archivo \components\com_jhotelreservation\classes\services\UserDataService.php 
2015-09-24 14:24:58 - DEBUG --> setCurrency 
2015-09-24 14:24:58 - DEBUG --> Archivo \components\com_jhotelreservation\classes\services\UserDataService.php 
2015-09-24 14:24:58 - DEBUG --> getUserData 
2015-09-24 14:24:58 - DEBUG --> Archivo \components\com_jhotelreservation\classes\services\UserDataService.php 
2015-09-24 14:24:58 - DEBUG --> getUserData 
2015-09-24 14:24:58 - DEBUG --> Archivo \components\com_jhotelreservation\classes\services\UserDataService.php 
2015-09-24 14:24:58 - DEBUG --> getUserData 
2015-09-24 14:24:58 - DEBUG --> Archivo \components\com_jhotelreservationiews\hotel	mpl\hoteloverview.php 
2015-09-24 14:24:58 - DEBUG --> Accedió 
2015-09-24 15:35:38 - DEBUG --> Archivo \components\com_jhotelreservation\classes\services\UserDataService.php 
2015-09-24 15:35:38 - DEBUG --> initializeUserData 
2015-09-24 15:35:38 - DEBUG --> UserData first: N; 
2015-09-24 15:35:38 - DEBUG --> Archivo \components\com_jhotelreservation\classes\services\UserDataService.php 
2015-09-24 15:35:38 - DEBUG --> createUserData 
2015-09-24 15:35:38 - DEBUG --> UserData end:  a:0:{} 
2015-09-24 15:35:38 - DEBUG --> Archivo \components\com_jhotelreservation\classes\services\UserDataService.php 
2015-09-24 15:35:38 - DEBUG --> initializeUserData 
2015-09-24 15:35:38 - DEBUG --> UserData first: a:0:{} 
2015-09-24 15:35:38 - DEBUG --> UserData end:  a:0:{} 
2015-09-24 15:35:38 - DEBUG --> Archivo \components\com_jhotelreservation\classes\services\UserDataService.php 
2015-09-24 15:35:38 - DEBUG --> initializeReservationData 
2015-09-24 15:35:38 - DEBUG --> UserData: a:0:{} 
2015-09-24 15:35:38 - DEBUG --> Archivo \components\com_jhotelreservation\classes\services\UserDataService.php 
2015-09-24 15:35:38 - DEBUG --> updateUserData 
2015-09-24 15:35:38 - DEBUG --> Archivo \components\com_jhotelreservation\classes\services\UserDataService.php 
2015-09-24 15:35:38 - DEBUG --> getUserData 
2015-09-24 15:35:38 - DEBUG --> Archivo \components\com_jhotelreservation\classes\services\UserDataService.php 
2015-09-24 15:35:38 - DEBUG --> setCurrency 
2015-09-24 15:35:38 - DEBUG --> Archivo \components\com_jhotelreservation\classes\services\UserDataService.php 
2015-09-24 15:35:38 - DEBUG --> getUserData 
2015-09-24 15:35:38 - DEBUG --> Archivo \components\com_jhotelreservation\classes\services\UserDataService.php 
2015-09-24 15:35:38 - DEBUG --> getUserData 
2015-09-24 15:35:38 - DEBUG --> Archivo \components\com_jhotelreservation\classes\services\UserDataService.php 
2015-09-24 15:35:38 - DEBUG --> getUserData 
2015-09-24 15:35:38 - DEBUG --> Archivo \components\com_jhotelreservationiews\hotel	mpl\hoteloverview.php 
2015-09-24 15:35:38 - DEBUG --> Accedió 
2015-09-24 15:44:47 - DEBUG --> Archivo \components\com_jhotelreservation\classes\services\UserDataService.php 
2015-09-24 15:44:47 - DEBUG --> initializeUserData 
2015-09-24 15:44:47 - DEBUG --> UserData first: N; 
2015-09-24 15:44:47 - DEBUG --> Archivo \components\com_jhotelreservation\classes\services\UserDataService.php 
2015-09-24 15:44:47 - DEBUG --> createUserData 
2015-09-24 15:44:47 - DEBUG --> UserData end:  a:0:{} 
2015-09-24 16:12:27 - DEBUG --> Archivo \components\com_jhotelreservation\classes\services\UserDataService.php 
2015-09-24 16:12:27 - DEBUG --> initializeUserData 
2015-09-24 16:12:27 - DEBUG --> UserData first: N; 
2015-09-24 16:12:27 - DEBUG --> Archivo \components\com_jhotelreservation\classes\services\UserDataService.php 
2015-09-24 16:12:27 - DEBUG --> createUserData 
2015-09-24 16:12:27 - DEBUG --> UserData end:  a:0:{} 
2015-09-24 16:12:27 - DEBUG --> Archivo \components\com_jhotelreservation\classes\services\UserDataService.php 
2015-09-24 16:12:27 - DEBUG --> initializeUserData 
2015-09-24 16:12:27 - DEBUG --> UserData first: a:0:{} 
2015-09-24 16:12:27 - DEBUG --> UserData end:  a:0:{} 
2015-09-24 16:12:27 - DEBUG --> Archivo \components\com_jhotelreservation\classes\services\UserDataService.php 
2015-09-24 16:12:27 - DEBUG --> initializeReservationData 
2015-09-24 16:12:27 - DEBUG --> UserData: a:0:{} 
2015-09-24 16:12:27 - DEBUG --> Archivo \components\com_jhotelreservation\classes\services\UserDataService.php 
2015-09-24 16:12:27 - DEBUG --> updateUserData 
2015-09-24 16:12:27 - DEBUG --> Archivo \components\com_jhotelreservation\classes\services\UserDataService.php 
2015-09-24 16:12:27 - DEBUG --> getUserData 
2015-09-24 16:12:27 - DEBUG --> Archivo \components\com_jhotelreservation\classes\services\UserDataService.php 
2015-09-24 16:12:27 - DEBUG --> setCurrency 
2015-09-24 16:12:27 - DEBUG --> Archivo \components\com_jhotelreservation\classes\services\UserDataService.php 
2015-09-24 16:12:27 - DEBUG --> getUserData 
2015-09-24 16:12:27 - DEBUG --> Archivo \components\com_jhotelreservation\classes\services\UserDataService.php 
2015-09-24 16:12:27 - DEBUG --> getUserData 
2015-09-24 16:12:27 - DEBUG --> Archivo \components\com_jhotelreservation\classes\services\UserDataService.php 
2015-09-24 16:12:27 - DEBUG --> getUserData 
2015-09-24 16:12:27 - DEBUG --> Archivo \components\com_jhotelreservationiews\hotel	mpl\hoteloverview.php 
2015-09-24 16:12:27 - DEBUG --> Accedió 
2015-09-24 16:18:47 - DEBUG --> Archivo \components\com_jhotelreservation\classes\services\UserDataService.php 
2015-09-24 16:18:47 - DEBUG --> initializeUserData 
2015-09-24 16:18:47 - DEBUG --> UserData first: N; 
2015-09-24 16:18:47 - DEBUG --> Archivo \components\com_jhotelreservation\classes\services\UserDataService.php 
2015-09-24 16:18:47 - DEBUG --> createUserData 
2015-09-24 16:18:47 - DEBUG --> UserData end:  a:0:{} 
2015-09-24 16:18:47 - DEBUG --> Archivo \components\com_jhotelreservation\classes\services\UserDataService.php 
2015-09-24 16:18:47 - DEBUG --> initializeUserData 
2015-09-24 16:18:47 - DEBUG --> UserData first: a:0:{} 
2015-09-24 16:18:47 - DEBUG --> UserData end:  a:0:{} 
2015-09-24 16:18:47 - DEBUG --> Archivo \components\com_jhotelreservation\classes\services\UserDataService.php 
2015-09-24 16:18:47 - DEBUG --> initializeReservationData 
2015-09-24 16:18:47 - DEBUG --> UserData: a:0:{} 
2015-09-24 16:18:47 - DEBUG --> Archivo \components\com_jhotelreservation\classes\services\UserDataService.php 
2015-09-24 16:18:47 - DEBUG --> updateUserData 
2015-09-24 16:18:47 - DEBUG --> Archivo \components\com_jhotelreservation\classes\services\UserDataService.php 
2015-09-24 16:18:47 - DEBUG --> getUserData 
2015-09-24 16:18:47 - DEBUG --> Archivo \components\com_jhotelreservation\classes\services\UserDataService.php 
2015-09-24 16:18:47 - DEBUG --> setCurrency 
2015-09-24 16:18:47 - DEBUG --> Archivo \components\com_jhotelreservation\classes\services\UserDataService.php 
2015-09-24 16:18:47 - DEBUG --> getUserData 
2015-09-24 16:18:47 - DEBUG --> Archivo \components\com_jhotelreservation\classes\services\UserDataService.php 
2015-09-24 16:18:47 - DEBUG --> getUserData 
2015-09-24 16:18:47 - DEBUG --> Archivo \components\com_jhotelreservation\classes\services\UserDataService.php 
2015-09-24 16:18:47 - DEBUG --> getUserData 
2015-09-24 16:18:47 - DEBUG --> Archivo \components\com_jhotelreservationiews\hotel	mpl\hoteloverview.php 
2015-09-24 16:18:47 - DEBUG --> Accedió 
2015-09-24 16:31:18 - DEBUG --> Archivo \components\com_jhotelreservation\classes\services\UserDataService.php 
2015-09-24 16:31:18 - DEBUG --> initializeUserData 
2015-09-24 16:31:18 - DEBUG --> UserData first: N; 
2015-09-24 16:31:18 - DEBUG --> Archivo \components\com_jhotelreservation\classes\services\UserDataService.php 
2015-09-24 16:31:18 - DEBUG --> createUserData 
2015-09-24 16:31:18 - DEBUG --> UserData end:  a:0:{} 
2015-09-24 16:31:18 - DEBUG --> Archivo \components\com_jhotelreservation\classes\services\UserDataService.php 
2015-09-24 16:31:18 - DEBUG --> initializeUserData 
2015-09-24 16:31:18 - DEBUG --> UserData first: a:0:{} 
2015-09-24 16:31:18 - DEBUG --> UserData end:  a:0:{} 
2015-09-24 16:31:18 - DEBUG --> Archivo \components\com_jhotelreservation\classes\services\UserDataService.php 
2015-09-24 16:31:18 - DEBUG --> initializeReservationData 
2015-09-24 16:31:18 - DEBUG --> UserData: a:0:{} 
2015-09-24 16:31:18 - DEBUG --> Archivo \components\com_jhotelreservation\classes\services\UserDataService.php 
2015-09-24 16:31:18 - DEBUG --> updateUserData 
2015-09-24 16:31:18 - DEBUG --> Archivo \components\com_jhotelreservation\classes\services\UserDataService.php 
2015-09-24 16:31:18 - DEBUG --> getUserData 
2015-09-24 16:31:18 - DEBUG --> Archivo \components\com_jhotelreservation\classes\services\UserDataService.php 
2015-09-24 16:31:18 - DEBUG --> setCurrency 
2015-09-24 16:31:18 - DEBUG --> Archivo \components\com_jhotelreservation\classes\services\UserDataService.php 
2015-09-24 16:31:18 - DEBUG --> getUserData 
2015-09-24 16:31:18 - DEBUG --> Archivo \components\com_jhotelreservation\classes\services\UserDataService.php 
2015-09-24 16:31:18 - DEBUG --> getUserData 
2015-09-24 16:31:18 - DEBUG --> Archivo \components\com_jhotelreservation\classes\services\UserDataService.php 
2015-09-24 16:31:18 - DEBUG --> getUserData 
2015-09-24 16:31:18 - DEBUG --> Archivo \components\com_jhotelreservationiews\hotel	mpl\hoteloverview.php 
2015-09-24 16:31:18 - DEBUG --> Accedió 
2015-09-24 17:51:07 - DEBUG --> Archivo \components\com_jhotelreservation\classes\services\UserDataService.php 
2015-09-24 17:51:07 - DEBUG --> initializeUserData 
2015-09-24 17:51:07 - DEBUG --> UserData first: N; 
2015-09-24 17:51:07 - DEBUG --> Archivo \components\com_jhotelreservation\classes\services\UserDataService.php 
2015-09-24 17:51:07 - DEBUG --> createUserData 
2015-09-24 17:51:07 - DEBUG --> UserData end:  a:0:{} 
2015-09-24 17:51:07 - DEBUG --> Archivo \components\com_jhotelreservation\classes\services\UserDataService.php 
2015-09-24 17:51:07 - DEBUG --> initializeUserData 
2015-09-24 17:51:07 - DEBUG --> UserData first: a:0:{} 
2015-09-24 17:51:07 - DEBUG --> UserData end:  a:0:{} 
2015-09-24 17:51:07 - DEBUG --> Archivo \components\com_jhotelreservation\classes\services\UserDataService.php 
2015-09-24 17:51:07 - DEBUG --> initializeReservationData 
2015-09-24 17:51:07 - DEBUG --> UserData: a:0:{} 
2015-09-24 17:51:07 - DEBUG --> Archivo \components\com_jhotelreservation\classes\services\UserDataService.php 
2015-09-24 17:51:07 - DEBUG --> updateUserData 
2015-09-24 17:51:07 - DEBUG --> Archivo \components\com_jhotelreservation\classes\services\UserDataService.php 
2015-09-24 17:51:07 - DEBUG --> getUserData 
2015-09-24 17:51:07 - DEBUG --> Archivo \components\com_jhotelreservation\classes\services\UserDataService.php 
2015-09-24 17:51:07 - DEBUG --> setCurrency 
2015-09-24 17:51:07 - DEBUG --> Archivo \components\com_jhotelreservation\classes\services\UserDataService.php 
2015-09-24 17:51:07 - DEBUG --> getUserData 
2015-09-24 17:51:07 - DEBUG --> Archivo \components\com_jhotelreservation\classes\services\UserDataService.php 
2015-09-24 17:51:07 - DEBUG --> getUserData 
2015-09-24 17:51:07 - DEBUG --> Archivo \components\com_jhotelreservation\classes\services\UserDataService.php 
2015-09-24 17:51:07 - DEBUG --> getUserData 
2015-09-24 17:51:07 - DEBUG --> Archivo \components\com_jhotelreservationiews\hotel	mpl\hoteloverview.php 
2015-09-24 17:51:07 - DEBUG --> Accedió 
2015-09-24 17:57:17 - DEBUG --> Archivo \components\com_jhotelreservation\classes\services\UserDataService.php 
2015-09-24 17:57:17 - DEBUG --> initializeUserData 
2015-09-24 17:57:17 - DEBUG --> UserData first: N; 
2015-09-24 17:57:17 - DEBUG --> Archivo \components\com_jhotelreservation\classes\services\UserDataService.php 
2015-09-24 17:57:17 - DEBUG --> createUserData 
2015-09-24 17:57:17 - DEBUG --> UserData end:  a:0:{} 
2015-09-24 17:57:17 - DEBUG --> Archivo \components\com_jhotelreservation\classes\services\UserDataService.php 
2015-09-24 17:57:17 - DEBUG --> initializeUserData 
2015-09-24 17:57:17 - DEBUG --> UserData first: a:0:{} 
2015-09-24 17:57:17 - DEBUG --> UserData end:  a:0:{} 
2015-09-24 17:57:17 - DEBUG --> Archivo \components\com_jhotelreservation\classes\services\UserDataService.php 
2015-09-24 17:57:17 - DEBUG --> initializeReservationData 
2015-09-24 17:57:17 - DEBUG --> UserData: a:0:{} 
2015-09-24 17:57:17 - DEBUG --> Archivo \components\com_jhotelreservation\classes\services\UserDataService.php 
2015-09-24 17:57:17 - DEBUG --> updateUserData 
2015-09-24 17:57:17 - DEBUG --> Archivo \components\com_jhotelreservation\classes\services\UserDataService.php 
2015-09-24 17:57:17 - DEBUG --> getUserData 
2015-09-24 17:57:17 - DEBUG --> Archivo \components\com_jhotelreservation\classes\services\UserDataService.php 
2015-09-24 17:57:17 - DEBUG --> setCurrency 
2015-09-24 17:57:17 - DEBUG --> Archivo \components\com_jhotelreservation\classes\services\UserDataService.php 
2015-09-24 17:57:17 - DEBUG --> getUserData 
2015-09-24 17:57:17 - DEBUG --> Archivo \components\com_jhotelreservation\classes\services\UserDataService.php 
2015-09-24 17:57:17 - DEBUG --> getUserData 
2015-09-24 17:57:17 - DEBUG --> Archivo \components\com_jhotelreservation\classes\services\UserDataService.php 
2015-09-24 17:57:17 - DEBUG --> getUserData 
2015-09-24 17:57:17 - DEBUG --> Archivo \components\com_jhotelreservationiews\hotel	mpl\hoteloverview.php 
2015-09-24 17:57:17 - DEBUG --> Accedió 
2015-09-24 18:12:57 - DEBUG --> Archivo \components\com_jhotelreservation\classes\services\UserDataService.php 
2015-09-24 18:12:57 - DEBUG --> initializeUserData 
2015-09-24 18:12:57 - DEBUG --> UserData first: N; 
2015-09-24 18:12:57 - DEBUG --> Archivo \components\com_jhotelreservation\classes\services\UserDataService.php 
2015-09-24 18:12:57 - DEBUG --> createUserData 
2015-09-24 18:12:57 - DEBUG --> UserData end:  a:0:{} 
2015-09-24 18:12:57 - DEBUG --> Archivo \components\com_jhotelreservation\classes\services\UserDataService.php 
2015-09-24 18:12:57 - DEBUG --> initializeUserData 
2015-09-24 18:12:57 - DEBUG --> UserData first: a:0:{} 
2015-09-24 18:12:57 - DEBUG --> UserData end:  a:0:{} 
2015-09-24 18:12:57 - DEBUG --> Archivo \components\com_jhotelreservation\classes\services\UserDataService.php 
2015-09-24 18:12:57 - DEBUG --> initializeReservationData 
2015-09-24 18:12:57 - DEBUG --> UserData: a:0:{} 
2015-09-24 18:12:57 - DEBUG --> Archivo \components\com_jhotelreservation\classes\services\UserDataService.php 
2015-09-24 18:12:57 - DEBUG --> updateUserData 
2015-09-24 18:12:57 - DEBUG --> Archivo \components\com_jhotelreservation\classes\services\UserDataService.php 
2015-09-24 18:12:57 - DEBUG --> getUserData 
2015-09-24 18:12:57 - DEBUG --> Archivo \components\com_jhotelreservation\classes\services\UserDataService.php 
2015-09-24 18:12:57 - DEBUG --> setCurrency 
2015-09-24 18:12:57 - DEBUG --> Archivo \components\com_jhotelreservation\classes\services\UserDataService.php 
2015-09-24 18:12:57 - DEBUG --> getUserData 
2015-09-24 18:12:57 - DEBUG --> Archivo \components\com_jhotelreservation\classes\services\UserDataService.php 
2015-09-24 18:12:57 - DEBUG --> getUserData 
2015-09-24 18:12:57 - DEBUG --> Archivo \components\com_jhotelreservation\classes\services\UserDataService.php 
2015-09-24 18:12:57 - DEBUG --> getUserData 
2015-09-24 18:12:57 - DEBUG --> Archivo \components\com_jhotelreservationiews\hotel	mpl\hoteloverview.php 
2015-09-24 18:12:57 - DEBUG --> Accedió 
2015-09-24 18:28:18 - DEBUG --> Archivo \components\com_jhotelreservation\classes\services\UserDataService.php 
2015-09-24 18:28:18 - DEBUG --> initializeUserData 
2015-09-24 18:28:18 - DEBUG --> UserData first: N; 
2015-09-24 18:28:18 - DEBUG --> Archivo \components\com_jhotelreservation\classes\services\UserDataService.php 
2015-09-24 18:28:18 - DEBUG --> createUserData 
2015-09-24 18:28:18 - DEBUG --> UserData end:  a:0:{} 
2015-09-24 18:28:18 - DEBUG --> Archivo \components\com_jhotelreservation\classes\services\UserDataService.php 
2015-09-24 18:28:18 - DEBUG --> initializeUserData 
2015-09-24 18:28:18 - DEBUG --> UserData first: a:0:{} 
2015-09-24 18:28:18 - DEBUG --> UserData end:  a:0:{} 
2015-09-24 18:28:18 - DEBUG --> Archivo \components\com_jhotelreservation\classes\services\UserDataService.php 
2015-09-24 18:28:18 - DEBUG --> initializeReservationData 
2015-09-24 18:28:18 - DEBUG --> UserData: a:0:{} 
2015-09-24 18:28:18 - DEBUG --> Archivo \components\com_jhotelreservation\classes\services\UserDataService.php 
2015-09-24 18:28:18 - DEBUG --> updateUserData 
2015-09-24 18:28:18 - DEBUG --> Archivo \components\com_jhotelreservation\classes\services\UserDataService.php 
2015-09-24 18:28:18 - DEBUG --> getUserData 
2015-09-24 18:28:18 - DEBUG --> Archivo \components\com_jhotelreservation\classes\services\UserDataService.php 
2015-09-24 18:28:18 - DEBUG --> setCurrency 
2015-09-24 18:28:18 - DEBUG --> Archivo \components\com_jhotelreservation\classes\services\UserDataService.php 
2015-09-24 18:28:18 - DEBUG --> getUserData 
2015-09-24 18:28:18 - DEBUG --> Archivo \components\com_jhotelreservation\classes\services\UserDataService.php 
2015-09-24 18:28:18 - DEBUG --> getUserData 
2015-09-24 18:28:18 - DEBUG --> Archivo \components\com_jhotelreservation\classes\services\UserDataService.php 
2015-09-24 18:28:18 - DEBUG --> getUserData 
2015-09-24 18:28:18 - DEBUG --> Archivo \components\com_jhotelreservationiews\hotel	mpl\hoteloverview.php 
2015-09-24 18:28:18 - DEBUG --> Accedió 
2015-09-24 19:59:33 - DEBUG --> Archivo \components\com_jhotelreservation\classes\services\UserDataService.php 
2015-09-24 19:59:33 - DEBUG --> initializeUserData 
2015-09-24 19:59:33 - DEBUG --> UserData first: N; 
2015-09-24 19:59:33 - DEBUG --> Archivo \components\com_jhotelreservation\classes\services\UserDataService.php 
2015-09-24 19:59:33 - DEBUG --> createUserData 
2015-09-24 19:59:33 - DEBUG --> UserData end:  a:0:{} 
2015-09-24 19:59:33 - DEBUG --> Archivo \components\com_jhotelreservation\classes\services\UserDataService.php 
2015-09-24 19:59:33 - DEBUG --> initializeUserData 
2015-09-24 19:59:33 - DEBUG --> UserData first: a:0:{} 
2015-09-24 19:59:33 - DEBUG --> UserData end:  a:0:{} 
2015-09-24 19:59:33 - DEBUG --> Archivo \components\com_jhotelreservation\classes\services\UserDataService.php 
2015-09-24 19:59:33 - DEBUG --> initializeReservationData 
2015-09-24 19:59:33 - DEBUG --> UserData: a:0:{} 
2015-09-24 19:59:33 - DEBUG --> Archivo \components\com_jhotelreservation\classes\services\UserDataService.php 
2015-09-24 19:59:33 - DEBUG --> updateUserData 
2015-09-24 19:59:33 - DEBUG --> Archivo \components\com_jhotelreservation\classes\services\UserDataService.php 
2015-09-24 19:59:33 - DEBUG --> getUserData 
2015-09-24 19:59:33 - DEBUG --> Archivo \components\com_jhotelreservation\classes\services\UserDataService.php 
2015-09-24 19:59:33 - DEBUG --> setCurrency 
2015-09-24 19:59:33 - DEBUG --> Archivo \components\com_jhotelreservation\classes\services\UserDataService.php 
2015-09-24 19:59:33 - DEBUG --> getUserData 
2015-09-24 19:59:33 - DEBUG --> Archivo \components\com_jhotelreservation\classes\services\UserDataService.php 
2015-09-24 19:59:33 - DEBUG --> getUserData 
2015-09-24 19:59:33 - DEBUG --> Archivo \components\com_jhotelreservation\classes\services\UserDataService.php 
2015-09-24 19:59:33 - DEBUG --> getUserData 
2015-09-24 19:59:33 - DEBUG --> Archivo \components\com_jhotelreservationiews\hotel	mpl\hoteloverview.php 
2015-09-24 19:59:33 - DEBUG --> Accedió 
2015-09-24 19:59:33 - DEBUG --> Archivo \components\com_jhotelreservation\classes\services\UserDataService.php 
2015-09-24 19:59:33 - DEBUG --> initializeUserData 
2015-09-24 19:59:33 - DEBUG --> UserData first: N; 
2015-09-24 19:59:33 - DEBUG --> Archivo \components\com_jhotelreservation\classes\services\UserDataService.php 
2015-09-24 19:59:33 - DEBUG --> createUserData 
2015-09-24 19:59:33 - DEBUG --> UserData end:  a:0:{} 
2015-09-24 19:59:33 - DEBUG --> Archivo \components\com_jhotelreservation\classes\services\UserDataService.php 
2015-09-24 19:59:33 - DEBUG --> initializeUserData 
2015-09-24 19:59:33 - DEBUG --> UserData first: a:0:{} 
2015-09-24 19:59:33 - DEBUG --> UserData end:  a:0:{} 
2015-09-24 19:59:33 - DEBUG --> Archivo \components\com_jhotelreservation\classes\services\UserDataService.php 
2015-09-24 19:59:33 - DEBUG --> initializeReservationData 
2015-09-24 19:59:33 - DEBUG --> UserData: a:0:{} 
2015-09-24 19:59:33 - DEBUG --> Archivo \components\com_jhotelreservation\classes\services\UserDataService.php 
2015-09-24 19:59:33 - DEBUG --> updateUserData 
2015-09-24 19:59:33 - DEBUG --> Archivo \components\com_jhotelreservation\classes\services\UserDataService.php 
2015-09-24 19:59:33 - DEBUG --> getUserData 
2015-09-24 19:59:33 - DEBUG --> Archivo \components\com_jhotelreservation\classes\services\UserDataService.php 
2015-09-24 19:59:33 - DEBUG --> setCurrency 
2015-09-24 19:59:33 - DEBUG --> Archivo \components\com_jhotelreservation\classes\services\UserDataService.php 
2015-09-24 19:59:33 - DEBUG --> getUserData 
2015-09-24 19:59:33 - DEBUG --> Archivo \components\com_jhotelreservation\classes\services\UserDataService.php 
2015-09-24 19:59:33 - DEBUG --> initializeUserData 
2015-09-24 19:59:33 - DEBUG --> UserData first: N; 
2015-09-24 19:59:33 - DEBUG --> Archivo \components\com_jhotelreservation\classes\services\UserDataService.php 
2015-09-24 19:59:33 - DEBUG --> createUserData 
2015-09-24 19:59:33 - DEBUG --> UserData end:  a:0:{} 
2015-09-24 19:59:33 - DEBUG --> Archivo \components\com_jhotelreservation\classes\services\UserDataService.php 
2015-09-24 19:59:33 - DEBUG --> initializeUserData 
2015-09-24 19:59:33 - DEBUG --> UserData first: a:0:{} 
2015-09-24 19:59:33 - DEBUG --> UserData end:  a:0:{} 
2015-09-24 19:59:33 - DEBUG --> Archivo \components\com_jhotelreservation\classes\services\UserDataService.php 
2015-09-24 19:59:33 - DEBUG --> getUserData 
2015-09-24 19:59:33 - DEBUG --> Archivo \components\com_jhotelreservation\classes\services\UserDataService.php 
2015-09-24 19:59:33 - DEBUG --> initializeUserData 
2015-09-24 19:59:33 - DEBUG --> UserData first: N; 
2015-09-24 19:59:33 - DEBUG --> Archivo \components\com_jhotelreservation\classes\services\UserDataService.php 
2015-09-24 19:59:33 - DEBUG --> createUserData 
2015-09-24 19:59:33 - DEBUG --> UserData end:  a:0:{} 
2015-09-24 19:59:33 - DEBUG --> Archivo \components\com_jhotelreservation\classes\services\UserDataService.php 
2015-09-24 19:59:33 - DEBUG --> initializeUserData 
2015-09-24 19:59:33 - DEBUG --> UserData first: a:0:{} 
2015-09-24 19:59:33 - DEBUG --> UserData end:  a:0:{} 
2015-09-24 19:59:33 - DEBUG --> Archivo \components\com_jhotelreservation\classes\services\UserDataService.php 
2015-09-24 19:59:33 - DEBUG --> initializeReservationData 
2015-09-24 19:59:33 - DEBUG --> UserData: a:0:{} 
2015-09-24 19:59:33 - DEBUG --> Archivo \components\com_jhotelreservation\classes\services\UserDataService.php 
2015-09-24 19:59:33 - DEBUG --> updateUserData 
2015-09-24 19:59:33 - DEBUG --> Archivo \components\com_jhotelreservation\classes\services\UserDataService.php 
2015-09-24 19:59:33 - DEBUG --> getUserData 
2015-09-24 19:59:33 - DEBUG --> Archivo \components\com_jhotelreservation\classes\services\UserDataService.php 
2015-09-24 19:59:33 - DEBUG --> initializeReservationData 
2015-09-24 19:59:33 - DEBUG --> UserData: a:0:{} 
2015-09-24 19:59:33 - DEBUG --> Archivo \components\com_jhotelreservation\classes\services\UserDataService.php 
2015-09-24 19:59:33 - DEBUG --> getUserData 
2015-09-24 19:59:33 - DEBUG --> Archivo \components\com_jhotelreservation\classes\services\UserDataService.php 
2015-09-24 19:59:33 - DEBUG --> updateUserData 
2015-09-24 19:59:33 - DEBUG --> Archivo \components\com_jhotelreservation\classes\services\UserDataService.php 
2015-09-24 19:59:33 - DEBUG --> getUserData 
2015-09-24 19:59:33 - DEBUG --> Archivo \components\com_jhotelreservationiews\hotel	mpl\hoteloverview.php 
2015-09-24 19:59:33 - DEBUG --> Accedió 
2015-09-24 19:59:33 - DEBUG --> Archivo \components\com_jhotelreservation\classes\services\UserDataService.php 
2015-09-24 19:59:33 - DEBUG --> setCurrency 
2015-09-24 19:59:33 - DEBUG --> Archivo \components\com_jhotelreservation\classes\services\UserDataService.php 
2015-09-24 19:59:33 - DEBUG --> getUserData 
2015-09-24 19:59:33 - DEBUG --> Archivo \components\com_jhotelreservation\classes\services\UserDataService.php 
2015-09-24 19:59:33 - DEBUG --> setCurrency 
2015-09-24 19:59:33 - DEBUG --> Archivo \components\com_jhotelreservation\classes\services\UserDataService.php 
2015-09-24 19:59:33 - DEBUG --> getUserData 
2015-09-24 19:59:33 - DEBUG --> Archivo \components\com_jhotelreservation\classes\services\UserDataService.php 
2015-09-24 19:59:33 - DEBUG --> getUserData 
2015-09-24 19:59:33 - DEBUG --> Archivo \components\com_jhotelreservation\classes\services\UserDataService.php 
2015-09-24 19:59:33 - DEBUG --> getUserData 
2015-09-24 19:59:33 - DEBUG --> Archivo \components\com_jhotelreservation\classes\services\UserDataService.php 
2015-09-24 19:59:33 - DEBUG --> getUserData 
2015-09-24 19:59:33 - DEBUG --> Archivo \components\com_jhotelreservationiews\hotel	mpl\hoteloverview.php 
2015-09-24 19:59:33 - DEBUG --> Accedió 
2015-09-24 19:59:33 - DEBUG --> Archivo \components\com_jhotelreservation\classes\services\UserDataService.php 
2015-09-24 19:59:33 - DEBUG --> getUserData 
2015-09-24 19:59:33 - DEBUG --> Archivo \components\com_jhotelreservationiews\hotel	mpl\hoteloverview.php 
2015-09-24 19:59:33 - DEBUG --> Accedió 
2015-09-24 19:59:33 - DEBUG --> Archivo \components\com_jhotelreservation\classes\services\UserDataService.php 
2015-09-24 19:59:33 - DEBUG --> initializeUserData 
2015-09-24 19:59:33 - DEBUG --> UserData first: N; 
2015-09-24 19:59:33 - DEBUG --> Archivo \components\com_jhotelreservation\classes\services\UserDataService.php 
2015-09-24 19:59:33 - DEBUG --> createUserData 
2015-09-24 19:59:33 - DEBUG --> UserData end:  a:0:{} 
2015-09-24 19:59:33 - DEBUG --> Archivo \components\com_jhotelreservation\classes\services\UserDataService.php 
2015-09-24 19:59:33 - DEBUG --> initializeUserData 
2015-09-24 19:59:34 - DEBUG --> UserData first: a:0:{} 
2015-09-24 19:59:34 - DEBUG --> UserData end:  a:0:{} 
2015-09-24 19:59:34 - DEBUG --> Archivo \components\com_jhotelreservation\classes\services\UserDataService.php 
2015-09-24 19:59:34 - DEBUG --> initializeReservationData 
2015-09-24 19:59:34 - DEBUG --> UserData: a:0:{} 
2015-09-24 19:59:34 - DEBUG --> Archivo \components\com_jhotelreservation\classes\services\UserDataService.php 
2015-09-24 19:59:34 - DEBUG --> updateUserData 
2015-09-24 19:59:34 - DEBUG --> Archivo \components\com_jhotelreservation\classes\services\UserDataService.php 
2015-09-24 19:59:34 - DEBUG --> getUserData 
2015-09-24 19:59:34 - DEBUG --> Archivo \components\com_jhotelreservation\classes\services\UserDataService.php 
2015-09-24 19:59:34 - DEBUG --> setCurrency 
2015-09-24 19:59:34 - DEBUG --> Archivo \components\com_jhotelreservation\classes\services\UserDataService.php 
2015-09-24 19:59:34 - DEBUG --> getUserData 
2015-09-24 19:59:34 - DEBUG --> Archivo \components\com_jhotelreservation\classes\services\UserDataService.php 
2015-09-24 19:59:34 - DEBUG --> getUserData 
2015-09-24 19:59:34 - DEBUG --> Archivo \components\com_jhotelreservation\classes\services\UserDataService.php 
2015-09-24 19:59:34 - DEBUG --> getUserData 
2015-09-24 19:59:34 - DEBUG --> Archivo \components\com_jhotelreservationiews\hotel	mpl\hoteloverview.php 
2015-09-24 19:59:34 - DEBUG --> Accedió 
2015-09-24 19:59:34 - DEBUG --> Archivo \components\com_jhotelreservation\classes\services\UserDataService.php 
2015-09-24 19:59:34 - DEBUG --> initializeUserData 
2015-09-24 19:59:34 - DEBUG --> UserData first: N; 
2015-09-24 19:59:34 - DEBUG --> Archivo \components\com_jhotelreservation\classes\services\UserDataService.php 
2015-09-24 19:59:34 - DEBUG --> createUserData 
2015-09-24 19:59:34 - DEBUG --> UserData end:  a:0:{} 
2015-09-24 19:59:34 - DEBUG --> Archivo \components\com_jhotelreservation\classes\services\UserDataService.php 
2015-09-24 19:59:34 - DEBUG --> initializeUserData 
2015-09-24 19:59:34 - DEBUG --> UserData first: a:0:{} 
2015-09-24 19:59:34 - DEBUG --> UserData end:  a:0:{} 
2015-09-24 19:59:34 - DEBUG --> Archivo \components\com_jhotelreservation\classes\services\UserDataService.php 
2015-09-24 19:59:34 - DEBUG --> initializeReservationData 
2015-09-24 19:59:34 - DEBUG --> UserData: a:0:{} 
2015-09-24 19:59:34 - DEBUG --> Archivo \components\com_jhotelreservation\classes\services\UserDataService.php 
2015-09-24 19:59:34 - DEBUG --> updateUserData 
2015-09-24 19:59:34 - DEBUG --> Archivo \components\com_jhotelreservation\classes\services\UserDataService.php 
2015-09-24 19:59:34 - DEBUG --> getUserData 
2015-09-24 19:59:34 - DEBUG --> Archivo \components\com_jhotelreservation\classes\services\UserDataService.php 
2015-09-24 19:59:34 - DEBUG --> setCurrency 
2015-09-24 19:59:34 - DEBUG --> Archivo \components\com_jhotelreservation\classes\services\UserDataService.php 
2015-09-24 19:59:34 - DEBUG --> getUserData 
2015-09-24 19:59:34 - DEBUG --> Archivo \components\com_jhotelreservation\classes\services\UserDataService.php 
2015-09-24 19:59:34 - DEBUG --> initializeUserData 
2015-09-24 19:59:34 - DEBUG --> UserData first: N; 
2015-09-24 19:59:34 - DEBUG --> Archivo \components\com_jhotelreservation\classes\services\UserDataService.php 
2015-09-24 19:59:34 - DEBUG --> createUserData 
2015-09-24 19:59:34 - DEBUG --> UserData end:  a:0:{} 
2015-09-24 19:59:34 - DEBUG --> Archivo \components\com_jhotelreservation\classes\services\UserDataService.php 
2015-09-24 19:59:34 - DEBUG --> initializeUserData 
2015-09-24 19:59:34 - DEBUG --> UserData first: a:0:{} 
2015-09-24 19:59:34 - DEBUG --> UserData end:  a:0:{} 
2015-09-24 19:59:34 - DEBUG --> Archivo \components\com_jhotelreservation\classes\services\UserDataService.php 
2015-09-24 19:59:34 - DEBUG --> initializeReservationData 
2015-09-24 19:59:34 - DEBUG --> UserData: a:0:{} 
2015-09-24 19:59:34 - DEBUG --> Archivo \components\com_jhotelreservation\classes\services\UserDataService.php 
2015-09-24 19:59:34 - DEBUG --> updateUserData 
2015-09-24 19:59:34 - DEBUG --> Archivo \components\com_jhotelreservation\classes\services\UserDataService.php 
2015-09-24 19:59:34 - DEBUG --> getUserData 
2015-09-24 19:59:34 - DEBUG --> Archivo \components\com_jhotelreservation\classes\services\UserDataService.php 
2015-09-24 19:59:34 - DEBUG --> getUserData 
2015-09-24 19:59:34 - DEBUG --> Archivo \components\com_jhotelreservation\classes\services\UserDataService.php 
2015-09-24 19:59:34 - DEBUG --> getUserData 
2015-09-24 19:59:34 - DEBUG --> Archivo \components\com_jhotelreservationiews\hotel	mpl\hoteloverview.php 
2015-09-24 19:59:34 - DEBUG --> Accedió 
2015-09-24 19:59:34 - DEBUG --> Archivo \components\com_jhotelreservation\classes\services\UserDataService.php 
2015-09-24 19:59:34 - DEBUG --> setCurrency 
2015-09-24 19:59:34 - DEBUG --> Archivo \components\com_jhotelreservation\classes\services\UserDataService.php 
2015-09-24 19:59:34 - DEBUG --> getUserData 
2015-09-24 19:59:34 - DEBUG --> Archivo \components\com_jhotelreservation\classes\services\UserDataService.php 
2015-09-24 19:59:34 - DEBUG --> getUserData 
2015-09-24 19:59:34 - DEBUG --> Archivo \components\com_jhotelreservation\classes\services\UserDataService.php 
2015-09-24 19:59:34 - DEBUG --> getUserData 
2015-09-24 19:59:34 - DEBUG --> Archivo \components\com_jhotelreservationiews\hotel	mpl\hoteloverview.php 
2015-09-24 19:59:34 - DEBUG --> Accedió 
2015-09-24 19:59:34 - DEBUG --> Archivo \components\com_jhotelreservation\classes\services\UserDataService.php 
2015-09-24 19:59:34 - DEBUG --> initializeUserData 
2015-09-24 19:59:34 - DEBUG --> UserData first: N; 
2015-09-24 19:59:34 - DEBUG --> Archivo \components\com_jhotelreservation\classes\services\UserDataService.php 
2015-09-24 19:59:34 - DEBUG --> createUserData 
2015-09-24 19:59:34 - DEBUG --> UserData end:  a:0:{} 
2015-09-24 19:59:34 - DEBUG --> Archivo \components\com_jhotelreservation\classes\services\UserDataService.php 
2015-09-24 19:59:34 - DEBUG --> initializeUserData 
2015-09-24 19:59:34 - DEBUG --> UserData first: a:0:{} 
2015-09-24 19:59:34 - DEBUG --> UserData end:  a:0:{} 
2015-09-24 19:59:34 - DEBUG --> Archivo \components\com_jhotelreservation\classes\services\UserDataService.php 
2015-09-24 19:59:34 - DEBUG --> initializeReservationData 
2015-09-24 19:59:34 - DEBUG --> UserData: a:0:{} 
2015-09-24 19:59:34 - DEBUG --> Archivo \components\com_jhotelreservation\classes\services\UserDataService.php 
2015-09-24 19:59:34 - DEBUG --> updateUserData 
2015-09-24 19:59:34 - DEBUG --> Archivo \components\com_jhotelreservation\classes\services\UserDataService.php 
2015-09-24 19:59:34 - DEBUG --> getUserData 
2015-09-24 19:59:35 - DEBUG --> Archivo \components\com_jhotelreservation\classes\services\UserDataService.php 
2015-09-24 19:59:35 - DEBUG --> setCurrency 
2015-09-24 19:59:35 - DEBUG --> Archivo \components\com_jhotelreservation\classes\services\UserDataService.php 
2015-09-24 19:59:35 - DEBUG --> getUserData 
2015-09-24 19:59:35 - DEBUG --> Archivo \components\com_jhotelreservation\classes\services\UserDataService.php 
2015-09-24 19:59:35 - DEBUG --> initializeUserData 
2015-09-24 19:59:35 - DEBUG --> Archivo \components\com_jhotelreservation\classes\services\UserDataService.php 
2015-09-24 19:59:35 - DEBUG --> getUserData 
2015-09-24 19:59:35 - DEBUG --> Archivo \components\com_jhotelreservation\classes\services\UserDataService.php 
2015-09-24 19:59:35 - DEBUG --> getUserData 
2015-09-24 19:59:35 - DEBUG --> Archivo \components\com_jhotelreservationiews\hotel	mpl\hoteloverview.php 
2015-09-24 19:59:35 - DEBUG --> Accedió 
2015-09-24 19:59:35 - DEBUG --> Archivo \components\com_jhotelreservation\classes\services\UserDataService.php 
2015-09-24 19:59:35 - DEBUG --> initializeUserData 
2015-09-24 19:59:35 - DEBUG --> UserData first: N; 
2015-09-24 19:59:35 - DEBUG --> Archivo \components\com_jhotelreservation\classes\services\UserDataService.php 
2015-09-24 19:59:35 - DEBUG --> createUserData 
2015-09-24 19:59:35 - DEBUG --> UserData end:  a:0:{} 
2015-09-24 19:59:35 - DEBUG --> Archivo \components\com_jhotelreservation\classes\services\UserDataService.php 
2015-09-24 19:59:35 - DEBUG --> initializeUserData 
2015-09-24 19:59:35 - DEBUG --> UserData first: a:0:{} 
2015-09-24 19:59:35 - DEBUG --> UserData end:  a:0:{} 
2015-09-24 19:59:35 - DEBUG --> Archivo \components\com_jhotelreservation\classes\services\UserDataService.php 
2015-09-24 19:59:35 - DEBUG --> initializeReservationData 
2015-09-24 19:59:35 - DEBUG --> UserData: a:0:{} 
2015-09-24 19:59:35 - DEBUG --> Archivo \components\com_jhotelreservation\classes\services\UserDataService.php 
2015-09-24 19:59:35 - DEBUG --> updateUserData 
2015-09-24 19:59:35 - DEBUG --> Archivo \components\com_jhotelreservation\classes\services\UserDataService.php 
2015-09-24 19:59:35 - DEBUG --> getUserData 
2015-09-24 19:59:35 - DEBUG --> UserData first: N; 
2015-09-24 19:59:35 - DEBUG --> Archivo \components\com_jhotelreservation\classes\services\UserDataService.php 
2015-09-24 19:59:35 - DEBUG --> createUserData 
2015-09-24 19:59:35 - DEBUG --> UserData end:  a:0:{} 
2015-09-24 19:59:35 - DEBUG --> Archivo \components\com_jhotelreservation\classes\services\UserDataService.php 
2015-09-24 19:59:35 - DEBUG --> initializeUserData 
2015-09-24 19:59:35 - DEBUG --> UserData first: a:0:{} 
2015-09-24 19:59:35 - DEBUG --> UserData end:  a:0:{} 
2015-09-24 19:59:35 - DEBUG --> Archivo \components\com_jhotelreservation\classes\services\UserDataService.php 
2015-09-24 19:59:35 - DEBUG --> initializeReservationData 
2015-09-24 19:59:35 - DEBUG --> UserData: a:0:{} 
2015-09-24 19:59:35 - DEBUG --> Archivo \components\com_jhotelreservation\classes\services\UserDataService.php 
2015-09-24 19:59:35 - DEBUG --> updateUserData 
2015-09-24 19:59:35 - DEBUG --> Archivo \components\com_jhotelreservation\classes\services\UserDataService.php 
2015-09-24 19:59:35 - DEBUG --> getUserData 
2015-09-24 19:59:35 - DEBUG --> Archivo \components\com_jhotelreservation\classes\services\UserDataService.php 
2015-09-24 19:59:35 - DEBUG --> setCurrency 
2015-09-24 19:59:35 - DEBUG --> Archivo \components\com_jhotelreservation\classes\services\UserDataService.php 
2015-09-24 19:59:35 - DEBUG --> getUserData 
2015-09-24 19:59:35 - DEBUG --> Archivo \components\com_jhotelreservation\classes\services\UserDataService.php 
2015-09-24 19:59:35 - DEBUG --> setCurrency 
2015-09-24 19:59:35 - DEBUG --> Archivo \components\com_jhotelreservation\classes\services\UserDataService.php 
2015-09-24 19:59:35 - DEBUG --> getUserData 
2015-09-24 19:59:35 - DEBUG --> Archivo \components\com_jhotelreservation\classes\services\UserDataService.php 
2015-09-24 19:59:35 - DEBUG --> getUserData 
2015-09-24 19:59:35 - DEBUG --> Archivo \components\com_jhotelreservation\classes\services\UserDataService.php 
2015-09-24 19:59:35 - DEBUG --> getUserData 
2015-09-24 19:59:35 - DEBUG --> Archivo \components\com_jhotelreservationiews\hotel	mpl\hoteloverview.php 
2015-09-24 19:59:35 - DEBUG --> Accedió 
2015-09-24 19:59:35 - DEBUG --> Archivo \components\com_jhotelreservation\classes\services\UserDataService.php 
2015-09-24 19:59:35 - DEBUG --> getUserData 
2015-09-24 19:59:35 - DEBUG --> Archivo \components\com_jhotelreservation\classes\services\UserDataService.php 
2015-09-24 19:59:35 - DEBUG --> getUserData 
2015-09-24 19:59:35 - DEBUG --> Archivo \components\com_jhotelreservationiews\hotel	mpl\hoteloverview.php 
2015-09-24 19:59:35 - DEBUG --> Accedió 
2015-09-24 19:59:36 - DEBUG --> Archivo \components\com_jhotelreservation\classes\services\UserDataService.php 
2015-09-24 19:59:36 - DEBUG --> initializeUserData 
2015-09-24 19:59:36 - DEBUG --> UserData first: N; 
2015-09-24 19:59:36 - DEBUG --> Archivo \components\com_jhotelreservation\classes\services\UserDataService.php 
2015-09-24 19:59:36 - DEBUG --> createUserData 
2015-09-24 19:59:36 - DEBUG --> UserData end:  a:0:{} 
2015-09-24 19:59:36 - DEBUG --> Archivo \components\com_jhotelreservation\classes\services\UserDataService.php 
2015-09-24 19:59:36 - DEBUG --> initializeUserData 
2015-09-24 19:59:36 - DEBUG --> UserData first: a:0:{} 
2015-09-24 19:59:36 - DEBUG --> UserData end:  a:0:{} 
2015-09-24 19:59:36 - DEBUG --> Archivo \components\com_jhotelreservation\classes\services\UserDataService.php 
2015-09-24 19:59:36 - DEBUG --> initializeReservationData 
2015-09-24 19:59:36 - DEBUG --> UserData: a:0:{} 
2015-09-24 19:59:36 - DEBUG --> Archivo \components\com_jhotelreservation\classes\services\UserDataService.php 
2015-09-24 19:59:36 - DEBUG --> updateUserData 
2015-09-24 19:59:36 - DEBUG --> Archivo \components\com_jhotelreservation\classes\services\UserDataService.php 
2015-09-24 19:59:36 - DEBUG --> getUserData 
2015-09-24 19:59:36 - DEBUG --> Archivo \components\com_jhotelreservation\classes\services\UserDataService.php 
2015-09-24 19:59:36 - DEBUG --> setCurrency 
2015-09-24 19:59:36 - DEBUG --> Archivo \components\com_jhotelreservation\classes\services\UserDataService.php 
2015-09-24 19:59:36 - DEBUG --> getUserData 
2015-09-24 19:59:36 - DEBUG --> Archivo \components\com_jhotelreservation\classes\services\UserDataService.php 
2015-09-24 19:59:36 - DEBUG --> getUserData 
2015-09-24 19:59:36 - DEBUG --> Archivo \components\com_jhotelreservation\classes\services\UserDataService.php 
2015-09-24 19:59:36 - DEBUG --> getUserData 
2015-09-24 19:59:36 - DEBUG --> Archivo \components\com_jhotelreservationiews\hotel	mpl\hoteloverview.php 
2015-09-24 19:59:36 - DEBUG --> Accedió 
2015-09-24 20:14:40 - DEBUG --> Archivo \components\com_jhotelreservation\classes\services\UserDataService.php 
2015-09-24 20:14:40 - DEBUG --> initializeUserData 
2015-09-24 20:14:40 - DEBUG --> UserData first: N; 
2015-09-24 20:14:40 - DEBUG --> Archivo \components\com_jhotelreservation\classes\services\UserDataService.php 
2015-09-24 20:14:40 - DEBUG --> createUserData 
2015-09-24 20:14:40 - DEBUG --> UserData end:  a:0:{} 
2015-09-24 20:14:40 - DEBUG --> Archivo \components\com_jhotelreservation\classes\services\UserDataService.php 
2015-09-24 20:14:40 - DEBUG --> initializeUserData 
2015-09-24 20:14:40 - DEBUG --> UserData first: a:0:{} 
2015-09-24 20:14:40 - DEBUG --> UserData end:  a:0:{} 
2015-09-24 20:14:40 - DEBUG --> Archivo \components\com_jhotelreservation\classes\services\UserDataService.php 
2015-09-24 20:14:40 - DEBUG --> initializeReservationData 
2015-09-24 20:14:40 - DEBUG --> UserData: a:0:{} 
2015-09-24 20:14:40 - DEBUG --> Archivo \components\com_jhotelreservation\classes\services\UserDataService.php 
2015-09-24 20:14:40 - DEBUG --> updateUserData 
2015-09-24 20:14:40 - DEBUG --> Archivo \components\com_jhotelreservation\classes\services\UserDataService.php 
2015-09-24 20:14:40 - DEBUG --> getUserData 
2015-09-24 20:14:40 - DEBUG --> Archivo \components\com_jhotelreservation\classes\services\UserDataService.php 
2015-09-24 20:14:40 - DEBUG --> setCurrency 
2015-09-24 20:14:40 - DEBUG --> Archivo \components\com_jhotelreservation\classes\services\UserDataService.php 
2015-09-24 20:14:40 - DEBUG --> getUserData 
2015-09-24 20:14:40 - DEBUG --> Archivo \components\com_jhotelreservation\classes\services\UserDataService.php 
2015-09-24 20:14:40 - DEBUG --> getUserData 
2015-09-24 20:14:41 - DEBUG --> Archivo \components\com_jhotelreservation\classes\services\UserDataService.php 
2015-09-24 20:14:41 - DEBUG --> getUserData 
2015-09-24 20:14:41 - DEBUG --> Archivo \components\com_jhotelreservationiews\hotel	mpl\hoteloverview.php 
2015-09-24 20:14:41 - DEBUG --> Accedió 
2015-09-24 21:25:37 - DEBUG --> Archivo \components\com_jhotelreservation\classes\services\UserDataService.php 
2015-09-24 21:25:37 - DEBUG --> initializeUserData 
2015-09-24 21:25:37 - DEBUG --> UserData first: N; 
2015-09-24 21:25:37 - DEBUG --> Archivo \components\com_jhotelreservation\classes\services\UserDataService.php 
2015-09-24 21:25:37 - DEBUG --> createUserData 
2015-09-24 21:25:37 - DEBUG --> UserData end:  a:0:{} 
2015-09-24 21:25:37 - DEBUG --> Archivo \components\com_jhotelreservation\classes\services\UserDataService.php 
2015-09-24 21:25:37 - DEBUG --> initializeUserData 
2015-09-24 21:25:37 - DEBUG --> UserData first: a:0:{} 
2015-09-24 21:25:37 - DEBUG --> UserData end:  a:0:{} 
2015-09-24 21:25:37 - DEBUG --> Archivo \components\com_jhotelreservation\classes\services\UserDataService.php 
2015-09-24 21:25:37 - DEBUG --> initializeReservationData 
2015-09-24 21:25:37 - DEBUG --> UserData: a:0:{} 
2015-09-24 21:25:37 - DEBUG --> Archivo \components\com_jhotelreservation\classes\services\UserDataService.php 
2015-09-24 21:25:37 - DEBUG --> updateUserData 
2015-09-24 21:25:37 - DEBUG --> Archivo \components\com_jhotelreservation\classes\services\UserDataService.php 
2015-09-24 21:25:37 - DEBUG --> getUserData 
2015-09-24 21:25:37 - DEBUG --> Archivo \components\com_jhotelreservation\classes\services\UserDataService.php 
2015-09-24 21:25:37 - DEBUG --> setCurrency 
2015-09-24 21:25:37 - DEBUG --> Archivo \components\com_jhotelreservation\classes\services\UserDataService.php 
2015-09-24 21:25:37 - DEBUG --> getUserData 
2015-09-24 21:25:37 - DEBUG --> Archivo \components\com_jhotelreservation\classes\services\UserDataService.php 
2015-09-24 21:25:37 - DEBUG --> getUserData 
2015-09-24 21:25:37 - DEBUG --> Archivo \components\com_jhotelreservation\classes\services\UserDataService.php 
2015-09-24 21:25:37 - DEBUG --> getUserData 
2015-09-24 21:25:37 - DEBUG --> Archivo \components\com_jhotelreservationiews\hotel	mpl\hoteloverview.php 
2015-09-24 21:25:37 - DEBUG --> Accedió 
2015-09-24 21:39:17 - DEBUG --> Archivo \components\com_jhotelreservation\classes\services\UserDataService.php 
2015-09-24 21:39:17 - DEBUG --> initializeUserData 
2015-09-24 21:39:17 - DEBUG --> UserData first: N; 
2015-09-24 21:39:17 - DEBUG --> Archivo \components\com_jhotelreservation\classes\services\UserDataService.php 
2015-09-24 21:39:17 - DEBUG --> createUserData 
2015-09-24 21:39:17 - DEBUG --> UserData end:  a:0:{} 
2015-09-24 21:39:17 - DEBUG --> Archivo \components\com_jhotelreservation\classes\services\UserDataService.php 
2015-09-24 21:39:17 - DEBUG --> initializeUserData 
2015-09-24 21:39:17 - DEBUG --> UserData first: a:0:{} 
2015-09-24 21:39:17 - DEBUG --> UserData end:  a:0:{} 
2015-09-24 21:39:17 - DEBUG --> Archivo \components\com_jhotelreservation\classes\services\UserDataService.php 
2015-09-24 21:39:17 - DEBUG --> initializeReservationData 
2015-09-24 21:39:17 - DEBUG --> UserData: a:0:{} 
2015-09-24 21:39:17 - DEBUG --> Archivo \components\com_jhotelreservation\classes\services\UserDataService.php 
2015-09-24 21:39:17 - DEBUG --> updateUserData 
2015-09-24 21:39:17 - DEBUG --> Archivo \components\com_jhotelreservation\classes\services\UserDataService.php 
2015-09-24 21:39:17 - DEBUG --> getUserData 
2015-09-24 21:39:17 - DEBUG --> Archivo \components\com_jhotelreservation\classes\services\UserDataService.php 
2015-09-24 21:39:17 - DEBUG --> setCurrency 
2015-09-24 21:39:17 - DEBUG --> Archivo \components\com_jhotelreservation\classes\services\UserDataService.php 
2015-09-24 21:39:17 - DEBUG --> getUserData 
2015-09-24 21:39:17 - DEBUG --> Archivo \components\com_jhotelreservation\classes\services\UserDataService.php 
2015-09-24 21:39:17 - DEBUG --> getUserData 
2015-09-24 21:39:17 - DEBUG --> Archivo \components\com_jhotelreservation\classes\services\UserDataService.php 
2015-09-24 21:39:17 - DEBUG --> getUserData 
2015-09-24 21:39:17 - DEBUG --> Archivo \components\com_jhotelreservation\classes\services\UserDataService.php 
2015-09-24 21:39:17 - DEBUG --> initializeUserData 
2015-09-24 21:39:17 - DEBUG --> UserData first: N; 
2015-09-24 21:39:17 - DEBUG --> Archivo \components\com_jhotelreservation\classes\services\UserDataService.php 
2015-09-24 21:39:17 - DEBUG --> createUserData 
2015-09-24 21:39:17 - DEBUG --> UserData end:  a:0:{} 
2015-09-24 21:39:17 - DEBUG --> Archivo \components\com_jhotelreservation\classes\services\UserDataService.php 
2015-09-24 21:39:17 - DEBUG --> initializeUserData 
2015-09-24 21:39:17 - DEBUG --> UserData first: a:0:{} 
2015-09-24 21:39:17 - DEBUG --> UserData end:  a:0:{} 
2015-09-24 21:39:17 - DEBUG --> Archivo \components\com_jhotelreservation\classes\services\UserDataService.php 
2015-09-24 21:39:17 - DEBUG --> initializeReservationData 
2015-09-24 21:39:17 - DEBUG --> UserData: a:0:{} 
2015-09-24 21:39:17 - DEBUG --> Archivo \components\com_jhotelreservation\classes\services\UserDataService.php 
2015-09-24 21:39:17 - DEBUG --> updateUserData 
2015-09-24 21:39:17 - DEBUG --> Archivo \components\com_jhotelreservation\classes\services\UserDataService.php 
2015-09-24 21:39:17 - DEBUG --> getUserData 
2015-09-24 21:39:17 - DEBUG --> Archivo \components\com_jhotelreservation\classes\services\UserDataService.php 
2015-09-24 21:39:17 - DEBUG --> setCurrency 
2015-09-24 21:39:17 - DEBUG --> Archivo \components\com_jhotelreservation\classes\services\UserDataService.php 
2015-09-24 21:39:17 - DEBUG --> getUserData 
2015-09-24 21:39:17 - DEBUG --> Archivo \components\com_jhotelreservation\classes\services\UserDataService.php 
2015-09-24 21:39:17 - DEBUG --> getUserData 
2015-09-24 21:39:17 - DEBUG --> Archivo \components\com_jhotelreservation\classes\services\UserDataService.php 
2015-09-24 21:39:17 - DEBUG --> getUserData 
2015-09-24 21:47:36 - DEBUG --> Archivo \components\com_jhotelreservation\classes\services\UserDataService.php 
2015-09-24 21:47:36 - DEBUG --> initializeUserData 
2015-09-24 21:47:36 - DEBUG --> UserData first: N; 
2015-09-24 21:47:36 - DEBUG --> Archivo \components\com_jhotelreservation\classes\services\UserDataService.php 
2015-09-24 21:47:36 - DEBUG --> createUserData 
2015-09-24 21:47:36 - DEBUG --> UserData end:  a:0:{} 
2015-09-24 21:47:36 - DEBUG --> Archivo \components\com_jhotelreservation\classes\services\UserDataService.php 
2015-09-24 21:47:36 - DEBUG --> initializeUserData 
2015-09-24 21:47:36 - DEBUG --> UserData first: a:0:{} 
2015-09-24 21:47:36 - DEBUG --> UserData end:  a:0:{} 
2015-09-24 21:47:36 - DEBUG --> Archivo \components\com_jhotelreservation\classes\services\UserDataService.php 
2015-09-24 21:47:36 - DEBUG --> initializeReservationData 
2015-09-24 21:47:36 - DEBUG --> UserData: a:0:{} 
2015-09-24 21:47:36 - DEBUG --> Archivo \components\com_jhotelreservation\classes\services\UserDataService.php 
2015-09-24 21:47:36 - DEBUG --> updateUserData 
2015-09-24 21:47:36 - DEBUG --> Archivo \components\com_jhotelreservation\classes\services\UserDataService.php 
2015-09-24 21:47:36 - DEBUG --> getUserData 
2015-09-24 21:47:36 - DEBUG --> Archivo \components\com_jhotelreservation\classes\services\UserDataService.php 
2015-09-24 21:47:36 - DEBUG --> setCurrency 
2015-09-24 21:47:36 - DEBUG --> Archivo \components\com_jhotelreservation\classes\services\UserDataService.php 
2015-09-24 21:47:36 - DEBUG --> getUserData 
2015-09-24 21:47:36 - DEBUG --> Archivo \components\com_jhotelreservation\classes\services\UserDataService.php 
2015-09-24 21:47:36 - DEBUG --> getUserData 
2015-09-24 21:47:36 - DEBUG --> Archivo \components\com_jhotelreservation\classes\services\UserDataService.php 
2015-09-24 21:47:36 - DEBUG --> getUserData 
2015-09-24 21:47:36 - DEBUG --> Archivo \components\com_jhotelreservation\classes\services\UserDataService.php 
2015-09-24 21:47:36 - DEBUG --> initializeUserData 
2015-09-24 21:47:36 - DEBUG --> UserData first: N; 
2015-09-24 21:47:36 - DEBUG --> Archivo \components\com_jhotelreservation\classes\services\UserDataService.php 
2015-09-24 21:47:36 - DEBUG --> createUserData 
2015-09-24 21:47:36 - DEBUG --> UserData end:  a:0:{} 
2015-09-24 21:47:36 - DEBUG --> Archivo \components\com_jhotelreservation\classes\services\UserDataService.php 
2015-09-24 21:47:36 - DEBUG --> initializeUserData 
2015-09-24 21:47:36 - DEBUG --> UserData first: a:0:{} 
2015-09-24 21:47:36 - DEBUG --> UserData end:  a:0:{} 
2015-09-24 21:47:36 - DEBUG --> Archivo \components\com_jhotelreservation\classes\services\UserDataService.php 
2015-09-24 21:47:36 - DEBUG --> initializeReservationData 
2015-09-24 21:47:36 - DEBUG --> UserData: a:0:{} 
2015-09-24 21:47:36 - DEBUG --> Archivo \components\com_jhotelreservation\classes\services\UserDataService.php 
2015-09-24 21:47:36 - DEBUG --> updateUserData 
2015-09-24 21:47:36 - DEBUG --> Archivo \components\com_jhotelreservation\classes\services\UserDataService.php 
2015-09-24 21:47:36 - DEBUG --> getUserData 
2015-09-24 21:47:36 - DEBUG --> Archivo \components\com_jhotelreservation\classes\services\UserDataService.php 
2015-09-24 21:47:36 - DEBUG --> setCurrency 
2015-09-24 21:47:36 - DEBUG --> Archivo \components\com_jhotelreservation\classes\services\UserDataService.php 
2015-09-24 21:47:36 - DEBUG --> getUserData 
2015-09-24 21:47:36 - DEBUG --> Archivo \components\com_jhotelreservation\classes\services\UserDataService.php 
2015-09-24 21:47:36 - DEBUG --> getUserData 
2015-09-24 21:47:36 - DEBUG --> Archivo \components\com_jhotelreservation\classes\services\UserDataService.php 
2015-09-24 21:47:36 - DEBUG --> getUserData 
2015-09-24 21:47:36 - DEBUG --> Archivo \components\com_jhotelreservationiews\hotel	mpl\hoteloverview.php 
2015-09-24 21:47:36 - DEBUG --> Accedió 
2015-09-24 21:47:37 - DEBUG --> Archivo \components\com_jhotelreservation\classes\services\UserDataService.php 
2015-09-24 21:47:37 - DEBUG --> initializeUserData 
2015-09-24 21:47:37 - DEBUG --> UserData first: N; 
2015-09-24 21:47:37 - DEBUG --> Archivo \components\com_jhotelreservation\classes\services\UserDataService.php 
2015-09-24 21:47:37 - DEBUG --> createUserData 
2015-09-24 21:47:37 - DEBUG --> UserData end:  a:0:{} 
2015-09-24 21:47:37 - DEBUG --> Archivo \components\com_jhotelreservation\classes\services\UserDataService.php 
2015-09-24 21:47:37 - DEBUG --> initializeUserData 
2015-09-24 21:47:37 - DEBUG --> UserData first: a:0:{} 
2015-09-24 21:47:37 - DEBUG --> UserData end:  a:0:{} 
2015-09-24 21:47:37 - DEBUG --> Archivo \components\com_jhotelreservation\classes\services\UserDataService.php 
2015-09-24 21:47:37 - DEBUG --> initializeReservationData 
2015-09-24 21:47:37 - DEBUG --> UserData: a:0:{} 
2015-09-24 21:47:37 - DEBUG --> Archivo \components\com_jhotelreservation\classes\services\UserDataService.php 
2015-09-24 21:47:37 - DEBUG --> updateUserData 
2015-09-24 21:47:37 - DEBUG --> Archivo \components\com_jhotelreservation\classes\services\UserDataService.php 
2015-09-24 21:47:37 - DEBUG --> getUserData 
2015-09-24 21:47:37 - DEBUG --> Archivo \components\com_jhotelreservation\classes\services\UserDataService.php 
2015-09-24 21:47:37 - DEBUG --> setCurrency 
2015-09-24 21:47:37 - DEBUG --> Archivo \components\com_jhotelreservation\classes\services\UserDataService.php 
2015-09-24 21:47:37 - DEBUG --> getUserData 
2015-09-24 21:47:37 - DEBUG --> Archivo \components\com_jhotelreservation\classes\services\UserDataService.php 
2015-09-24 21:47:37 - DEBUG --> getUserData 
2015-09-24 21:47:37 - DEBUG --> Archivo \components\com_jhotelreservation\classes\services\UserDataService.php 
2015-09-24 21:47:37 - DEBUG --> getUserData 
2015-09-24 21:47:37 - DEBUG --> Archivo \components\com_jhotelreservationiews\hotel	mpl\hoteloverview.php 
2015-09-24 21:47:37 - DEBUG --> Accedió 
2015-09-24 21:47:38 - DEBUG --> Archivo \components\com_jhotelreservation\classes\services\UserDataService.php 
2015-09-24 21:47:38 - DEBUG --> initializeUserData 
2015-09-24 21:47:38 - DEBUG --> UserData first: N; 
2015-09-24 21:47:38 - DEBUG --> Archivo \components\com_jhotelreservation\classes\services\UserDataService.php 
2015-09-24 21:47:38 - DEBUG --> createUserData 
2015-09-24 21:47:38 - DEBUG --> UserData end:  a:0:{} 
2015-09-24 21:47:38 - DEBUG --> Archivo \components\com_jhotelreservation\classes\services\UserDataService.php 
2015-09-24 21:47:38 - DEBUG --> initializeUserData 
2015-09-24 21:47:38 - DEBUG --> UserData first: a:0:{} 
2015-09-24 21:47:38 - DEBUG --> UserData end:  a:0:{} 
2015-09-24 21:47:38 - DEBUG --> Archivo \components\com_jhotelreservation\classes\services\UserDataService.php 
2015-09-24 21:47:38 - DEBUG --> initializeReservationData 
2015-09-24 21:47:38 - DEBUG --> UserData: a:0:{} 
2015-09-24 21:47:38 - DEBUG --> Archivo \components\com_jhotelreservation\classes\services\UserDataService.php 
2015-09-24 21:47:38 - DEBUG --> updateUserData 
2015-09-24 21:47:38 - DEBUG --> Archivo \components\com_jhotelreservation\classes\services\UserDataService.php 
2015-09-24 21:47:38 - DEBUG --> getUserData 
2015-09-24 21:47:38 - DEBUG --> Archivo \components\com_jhotelreservation\classes\services\UserDataService.php 
2015-09-24 21:47:38 - DEBUG --> setCurrency 
2015-09-24 21:47:38 - DEBUG --> Archivo \components\com_jhotelreservation\classes\services\UserDataService.php 
2015-09-24 21:47:38 - DEBUG --> getUserData 
2015-09-24 21:47:38 - DEBUG --> Archivo \components\com_jhotelreservation\classes\services\UserDataService.php 
2015-09-24 21:47:38 - DEBUG --> getUserData 
2015-09-24 21:47:38 - DEBUG --> Archivo \components\com_jhotelreservation\classes\services\UserDataService.php 
2015-09-24 21:47:38 - DEBUG --> getUserData 
2015-09-24 22:02:16 - DEBUG --> Archivo \components\com_jhotelreservation\classes\services\UserDataService.php 
2015-09-24 22:02:16 - DEBUG --> initializeUserData 
2015-09-24 22:02:16 - DEBUG --> UserData first: N; 
2015-09-24 22:02:16 - DEBUG --> Archivo \components\com_jhotelreservation\classes\services\UserDataService.php 
2015-09-24 22:02:16 - DEBUG --> createUserData 
2015-09-24 22:02:16 - DEBUG --> UserData end:  a:0:{} 
2015-09-24 22:02:16 - DEBUG --> Archivo \components\com_jhotelreservation\classes\services\UserDataService.php 
2015-09-24 22:02:16 - DEBUG --> initializeUserData 
2015-09-24 22:02:16 - DEBUG --> UserData first: a:0:{} 
2015-09-24 22:02:16 - DEBUG --> UserData end:  a:0:{} 
2015-09-24 22:02:16 - DEBUG --> Archivo \components\com_jhotelreservation\classes\services\UserDataService.php 
2015-09-24 22:02:16 - DEBUG --> initializeReservationData 
2015-09-24 22:02:16 - DEBUG --> UserData: a:0:{} 
2015-09-24 22:02:16 - DEBUG --> Archivo \components\com_jhotelreservation\classes\services\UserDataService.php 
2015-09-24 22:02:16 - DEBUG --> updateUserData 
2015-09-24 22:02:16 - DEBUG --> Archivo \components\com_jhotelreservation\classes\services\UserDataService.php 
2015-09-24 22:02:16 - DEBUG --> getUserData 
2015-09-24 22:02:16 - DEBUG --> Archivo \components\com_jhotelreservation\classes\services\UserDataService.php 
2015-09-24 22:02:16 - DEBUG --> setCurrency 
2015-09-24 22:02:16 - DEBUG --> Archivo \components\com_jhotelreservation\classes\services\UserDataService.php 
2015-09-24 22:02:16 - DEBUG --> getUserData 
2015-09-24 22:02:16 - DEBUG --> Archivo \components\com_jhotelreservation\classes\services\UserDataService.php 
2015-09-24 22:02:16 - DEBUG --> getUserData 
2015-09-24 22:02:16 - DEBUG --> Archivo \components\com_jhotelreservation\classes\services\UserDataService.php 
2015-09-24 22:02:16 - DEBUG --> getUserData 
2015-09-24 22:02:16 - DEBUG --> Archivo \components\com_jhotelreservationiews\hotel	mpl\hoteloverview.php 
2015-09-24 22:02:16 - DEBUG --> Accedió 
2015-09-24 22:11:16 - DEBUG --> Archivo \components\com_jhotelreservation\classes\services\UserDataService.php 
2015-09-24 22:11:16 - DEBUG --> initializeUserData 
2015-09-24 22:11:16 - DEBUG --> UserData first: N; 
2015-09-24 22:11:16 - DEBUG --> Archivo \components\com_jhotelreservation\classes\services\UserDataService.php 
2015-09-24 22:11:16 - DEBUG --> createUserData 
2015-09-24 22:11:16 - DEBUG --> UserData end:  a:0:{} 
2015-09-24 22:11:16 - DEBUG --> Archivo \components\com_jhotelreservation\classes\services\UserDataService.php 
2015-09-24 22:11:16 - DEBUG --> initializeUserData 
2015-09-24 22:11:16 - DEBUG --> UserData first: a:0:{} 
2015-09-24 22:11:16 - DEBUG --> UserData end:  a:0:{} 
2015-09-24 22:11:16 - DEBUG --> Archivo \components\com_jhotelreservation\classes\services\UserDataService.php 
2015-09-24 22:11:16 - DEBUG --> initializeReservationData 
2015-09-24 22:11:16 - DEBUG --> UserData: a:0:{} 
2015-09-24 22:11:16 - DEBUG --> Archivo \components\com_jhotelreservation\classes\services\UserDataService.php 
2015-09-24 22:11:16 - DEBUG --> updateUserData 
2015-09-24 22:11:16 - DEBUG --> Archivo \components\com_jhotelreservation\classes\services\UserDataService.php 
2015-09-24 22:11:16 - DEBUG --> getUserData 
2015-09-24 22:11:16 - DEBUG --> Archivo \components\com_jhotelreservation\classes\services\UserDataService.php 
2015-09-24 22:11:16 - DEBUG --> setCurrency 
2015-09-24 22:11:16 - DEBUG --> Archivo \components\com_jhotelreservation\classes\services\UserDataService.php 
2015-09-24 22:11:16 - DEBUG --> getUserData 
2015-09-24 22:11:16 - DEBUG --> Archivo \components\com_jhotelreservation\classes\services\UserDataService.php 
2015-09-24 22:11:16 - DEBUG --> getUserData 
2015-09-24 22:11:16 - DEBUG --> Archivo \components\com_jhotelreservation\classes\services\UserDataService.php 
2015-09-24 22:11:16 - DEBUG --> getUserData 
2015-09-24 22:11:16 - DEBUG --> Archivo \components\com_jhotelreservationiews\hotel	mpl\hoteloverview.php 
2015-09-24 22:11:16 - DEBUG --> Accedió 
2015-09-24 22:17:10 - DEBUG --> Archivo \components\com_jhotelreservation\classes\services\UserDataService.php 
2015-09-24 22:17:10 - DEBUG --> initializeUserData 
2015-09-24 22:17:10 - DEBUG --> UserData first: a:0:{} 
2015-09-24 22:17:10 - DEBUG --> UserData end:  a:0:{} 
2015-09-24 22:17:53 - DEBUG --> Archivo \components\com_jhotelreservation\classes\services\UserDataService.php 
2015-09-24 22:17:53 - DEBUG --> initializeUserData 
2015-09-24 22:17:53 - DEBUG --> UserData first: a:0:{} 
2015-09-24 22:17:53 - DEBUG --> Archivo \components\com_jhotelreservation\classes\services\UserDataService.php 
2015-09-24 22:17:53 - DEBUG --> createUserData 
2015-09-24 22:17:53 - DEBUG --> voucher:  
2015-09-24 22:17:53 - DEBUG --> UserData end:  a:0:{} 
2015-09-24 22:17:53 - DEBUG --> Archivo \components\com_jhotelreservation\classes\services\UserDataService.php 
2015-09-24 22:17:53 - DEBUG --> initializeUserData 
2015-09-24 22:17:53 - DEBUG --> UserData first: a:0:{} 
2015-09-24 22:17:53 - DEBUG --> Archivo \components\com_jhotelreservation\classes\services\UserDataService.php 
2015-09-24 22:17:53 - DEBUG --> createUserData 
2015-09-24 22:17:53 - DEBUG --> voucher:  
2015-09-24 22:17:53 - DEBUG --> UserData end:  a:0:{} 
2015-09-24 22:18:56 - DEBUG --> Archivo \components\com_jhotelreservation\classes\services\UserDataService.php 
2015-09-24 22:18:56 - DEBUG --> initializeUserData 
2015-09-24 22:18:56 - DEBUG --> UserData first: a:0:{} 
2015-09-24 22:18:56 - DEBUG --> UserData end:  a:0:{} 
2015-09-24 22:18:56 - DEBUG --> Archivo \components\com_jhotelreservation\classes\services\UserDataService.php 
2015-09-24 22:18:56 - DEBUG --> initializeUserData 
2015-09-24 22:18:56 - DEBUG --> UserData first: a:0:{} 
2015-09-24 22:18:56 - DEBUG --> UserData end:  a:0:{} 
2015-09-24 22:19:03 - DEBUG --> Archivo \components\com_jhotelreservation\classes\services\UserDataService.php 
2015-09-24 22:19:03 - DEBUG --> initializeUserData 
2015-09-24 22:19:03 - DEBUG --> UserData first: a:0:{} 
2015-09-24 22:19:03 - DEBUG --> UserData end:  a:0:{} 
2015-09-24 22:19:03 - DEBUG --> Archivo \components\com_jhotelreservation\classes\services\UserDataService.php 
2015-09-24 22:19:03 - DEBUG --> initializeUserData 
2015-09-24 22:19:03 - DEBUG --> UserData first: a:0:{} 
2015-09-24 22:19:03 - DEBUG --> UserData end:  a:0:{} 
2015-09-24 22:19:20 - DEBUG --> Archivo \components\com_jhotelreservation\classes\services\UserDataService.php 
2015-09-24 22:19:20 - DEBUG --> initializeUserData 
2015-09-24 22:19:20 - DEBUG --> UserData first: a:0:{} 
2015-09-24 22:19:20 - DEBUG --> UserData end:  a:0:{} 
2015-09-24 22:19:24 - DEBUG --> Archivo \components\com_jhotelreservation\classes\services\UserDataService.php 
2015-09-24 22:19:24 - DEBUG --> initializeUserData 
2015-09-24 22:19:24 - DEBUG --> UserData first: a:0:{} 
2015-09-24 22:19:24 - DEBUG --> Archivo \components\com_jhotelreservation\classes\services\UserDataService.php 
2015-09-24 22:19:24 - DEBUG --> createUserData 
2015-09-24 22:19:24 - DEBUG --> voucher:  
2015-09-24 22:19:24 - DEBUG --> UserData end:  a:0:{} 
2015-09-24 22:19:24 - DEBUG --> Archivo \components\com_jhotelreservation\classes\services\UserDataService.php 
2015-09-24 22:19:24 - DEBUG --> initializeUserData 
2015-09-24 22:19:24 - DEBUG --> UserData first: a:0:{} 
2015-09-24 22:19:24 - DEBUG --> Archivo \components\com_jhotelreservation\classes\services\UserDataService.php 
2015-09-24 22:19:24 - DEBUG --> createUserData 
2015-09-24 22:19:24 - DEBUG --> voucher:  
2015-09-24 22:19:24 - DEBUG --> UserData end:  a:0:{} 
2015-09-24 22:19:37 - DEBUG --> Archivo \components\com_jhotelreservation\classes\services\UserDataService.php 
2015-09-24 22:19:37 - DEBUG --> initializeUserData 
2015-09-24 22:19:37 - DEBUG --> UserData first: a:0:{} 
2015-09-24 22:19:37 - DEBUG --> UserData end:  a:0:{} 
2015-09-24 22:19:37 - DEBUG --> Archivo \components\com_jhotelreservation\classes\services\UserDataService.php 
2015-09-24 22:19:37 - DEBUG --> initializeUserData 
2015-09-24 22:19:37 - DEBUG --> UserData first: a:0:{} 
2015-09-24 22:19:37 - DEBUG --> UserData end:  a:0:{} 
2015-09-24 22:19:57 - DEBUG --> Archivo \components\com_jhotelreservation\classes\services\UserDataService.php 
2015-09-24 22:19:57 - DEBUG --> initializeUserData 
2015-09-24 22:19:57 - DEBUG --> UserData first: a:0:{} 
2015-09-24 22:19:57 - DEBUG --> Archivo \components\com_jhotelreservation\classes\services\UserDataService.php 
2015-09-24 22:19:57 - DEBUG --> createUserData 
2015-09-24 22:19:57 - DEBUG --> voucher:  
2015-09-24 22:19:57 - DEBUG --> UserData end:  a:0:{} 
2015-09-24 22:19:57 - DEBUG --> Archivo \components\com_jhotelreservation\classes\services\UserDataService.php 
2015-09-24 22:19:57 - DEBUG --> initializeUserData 
2015-09-24 22:19:57 - DEBUG --> UserData first: a:0:{} 
2015-09-24 22:19:57 - DEBUG --> Archivo \components\com_jhotelreservation\classes\services\UserDataService.php 
2015-09-24 22:19:57 - DEBUG --> createUserData 
2015-09-24 22:19:57 - DEBUG --> voucher:  
2015-09-24 22:19:57 - DEBUG --> UserData end:  a:0:{} 
2015-09-24 23:38:27 - DEBUG --> Archivo \components\com_jhotelreservation\classes\services\UserDataService.php 
2015-09-24 23:38:27 - DEBUG --> initializeUserData 
2015-09-24 23:38:27 - DEBUG --> UserData first: N; 
2015-09-24 23:38:27 - DEBUG --> Archivo \components\com_jhotelreservation\classes\services\UserDataService.php 
2015-09-24 23:38:27 - DEBUG --> createUserData 
2015-09-24 23:38:27 - DEBUG --> UserData end:  a:0:{} 
2015-09-24 23:38:27 - DEBUG --> Archivo \components\com_jhotelreservation\classes\services\UserDataService.php 
2015-09-24 23:38:27 - DEBUG --> initializeUserData 
2015-09-24 23:38:27 - DEBUG --> UserData first: N; 
2015-09-24 23:38:27 - DEBUG --> Archivo \components\com_jhotelreservation\classes\services\UserDataService.php 
2015-09-24 23:38:27 - DEBUG --> createUserData 
2015-09-24 23:38:27 - DEBUG --> UserData end:  a:0:{} 
2015-09-24 23:38:27 - DEBUG --> Archivo \components\com_jhotelreservation\classes\services\UserDataService.php 
2015-09-24 23:38:27 - DEBUG --> initializeUserData 
2015-09-24 23:38:27 - DEBUG --> UserData first: a:0:{} 
2015-09-24 23:38:27 - DEBUG --> UserData end:  a:0:{} 
2015-09-24 23:38:27 - DEBUG --> Archivo \components\com_jhotelreservation\classes\services\UserDataService.php 
2015-09-24 23:38:27 - DEBUG --> initializeReservationData 
2015-09-24 23:38:27 - DEBUG --> UserData: a:0:{} 
2015-09-24 23:38:27 - DEBUG --> Archivo \components\com_jhotelreservation\classes\services\UserDataService.php 
2015-09-24 23:38:27 - DEBUG --> updateUserData 
2015-09-24 23:38:27 - DEBUG --> Archivo \components\com_jhotelreservation\classes\services\UserDataService.php 
2015-09-24 23:38:27 - DEBUG --> getUserData 
2015-09-24 23:38:27 - DEBUG --> Archivo \components\com_jhotelreservation\classes\services\UserDataService.php 
2015-09-24 23:38:27 - DEBUG --> setCurrency 
2015-09-24 23:38:27 - DEBUG --> Archivo \components\com_jhotelreservation\classes\services\UserDataService.php 
2015-09-24 23:38:27 - DEBUG --> getUserData 
2015-09-24 23:38:27 - DEBUG --> Archivo \components\com_jhotelreservation\classes\services\UserDataService.php 
2015-09-24 23:38:27 - DEBUG --> getUserData 
2015-09-24 23:38:27 - DEBUG --> Archivo \components\com_jhotelreservation\classes\services\UserDataService.php 
2015-09-24 23:38:27 - DEBUG --> getUserData 
2015-09-24 23:38:28 - DEBUG --> Archivo \components\com_jhotelreservation\classes\services\UserDataService.php 
2015-09-24 23:38:28 - DEBUG --> initializeUserData 
2015-09-24 23:38:28 - DEBUG --> UserData first: N; 
2015-09-24 23:38:28 - DEBUG --> Archivo \components\com_jhotelreservation\classes\services\UserDataService.php 
2015-09-24 23:38:28 - DEBUG --> createUserData 
2015-09-24 23:38:28 - DEBUG --> UserData end:  a:0:{} 
2015-09-24 23:38:28 - DEBUG --> Archivo \components\com_jhotelreservation\classes\services\UserDataService.php 
2015-09-24 23:38:28 - DEBUG --> initializeUserData 
2015-09-24 23:38:28 - DEBUG --> UserData first: a:0:{} 
2015-09-24 23:38:28 - DEBUG --> UserData end:  a:0:{} 
2015-09-24 23:38:28 - DEBUG --> Archivo \components\com_jhotelreservation\classes\services\UserDataService.php 
2015-09-24 23:38:28 - DEBUG --> initializeReservationData 
2015-09-24 23:38:28 - DEBUG --> UserData: a:0:{} 
2015-09-24 23:38:28 - DEBUG --> Archivo \components\com_jhotelreservation\classes\services\UserDataService.php 
2015-09-24 23:38:28 - DEBUG --> updateUserData 
2015-09-24 23:38:28 - DEBUG --> Archivo \components\com_jhotelreservation\classes\services\UserDataService.php 
2015-09-24 23:38:28 - DEBUG --> getUserData 
2015-09-24 23:38:28 - DEBUG --> Archivo \components\com_jhotelreservation\classes\services\UserDataService.php 
2015-09-24 23:38:28 - DEBUG --> setCurrency 
2015-09-24 23:38:28 - DEBUG --> Archivo \components\com_jhotelreservation\classes\services\UserDataService.php 
2015-09-24 23:38:28 - DEBUG --> getUserData 
2015-09-24 23:38:28 - DEBUG --> Archivo \components\com_jhotelreservation\classes\services\UserDataService.php 
2015-09-24 23:38:28 - DEBUG --> getUserData 
2015-09-24 23:38:28 - DEBUG --> Archivo \components\com_jhotelreservation\classes\services\UserDataService.php 
2015-09-24 23:38:28 - DEBUG --> getUserData 
2015-09-24 23:38:28 - DEBUG --> Archivo \components\com_jhotelreservationiews\hotel	mpl\hoteloverview.php 
2015-09-24 23:38:28 - DEBUG --> Accedió 
