2016-03-13 0:14:01 - DEBUG --> Archivo \components\com_jhotelreservation\classes\services\UserDataService.php 
2016-03-13 0:14:01 - DEBUG --> initializeUserData 
2016-03-13 0:14:01 - DEBUG --> UserData first: N; 
2016-03-13 0:14:01 - DEBUG --> Archivo \components\com_jhotelreservation\classes\services\UserDataService.php 
2016-03-13 0:14:01 - DEBUG --> createUserData 
2016-03-13 0:14:01 - DEBUG --> UserData end:  a:0:{} 
2016-03-13 0:14:01 - DEBUG --> Archivo \components\com_jhotelreservation\classes\services\UserDataService.php 
2016-03-13 0:14:01 - DEBUG --> initializeUserData 
2016-03-13 0:14:01 - DEBUG --> UserData first: a:0:{} 
2016-03-13 0:14:01 - DEBUG --> UserData end:  a:0:{} 
2016-03-13 0:14:01 - DEBUG --> Archivo \components\com_jhotelreservation\classes\services\UserDataService.php 
2016-03-13 0:14:01 - DEBUG --> initializeReservationData 
2016-03-13 0:14:01 - DEBUG --> UserData: a:0:{} 
2016-03-13 0:14:01 - DEBUG --> Archivo \components\com_jhotelreservation\classes\services\UserDataService.php 
2016-03-13 0:14:01 - DEBUG --> updateUserData 
2016-03-13 0:14:01 - DEBUG --> Archivo \components\com_jhotelreservation\classes\services\UserDataService.php 
2016-03-13 0:14:01 - DEBUG --> getUserData 
2016-03-13 0:14:01 - DEBUG --> Archivo \components\com_jhotelreservation\classes\services\UserDataService.php 
2016-03-13 0:14:01 - DEBUG --> setCurrency 
2016-03-13 0:14:01 - DEBUG --> Archivo \components\com_jhotelreservation\classes\services\UserDataService.php 
2016-03-13 0:14:01 - DEBUG --> getUserData 
2016-03-13 0:14:01 - DEBUG --> Archivo \components\com_jhotelreservation\classes\services\UserDataService.php 
2016-03-13 0:14:01 - DEBUG --> getUserData 
2016-03-13 0:14:01 - DEBUG --> Archivo \components\com_jhotelreservation\classes\services\UserDataService.php 
2016-03-13 0:14:01 - DEBUG --> getUserData 
2016-03-13 0:14:01 - DEBUG --> Archivo \components\com_jhotelreservationiews\hotel	mpl\hoteloverview.php 
2016-03-13 0:14:01 - DEBUG --> Accedió 
2016-03-13 0:27:14 - DEBUG --> Archivo \components\com_jhotelreservation\classes\services\UserDataService.php 
2016-03-13 0:27:14 - DEBUG --> initializeUserData 
2016-03-13 0:27:14 - DEBUG --> UserData first: N; 
2016-03-13 0:27:14 - DEBUG --> Archivo \components\com_jhotelreservation\classes\services\UserDataService.php 
2016-03-13 0:27:14 - DEBUG --> createUserData 
2016-03-13 0:27:14 - DEBUG --> UserData end:  a:0:{} 
2016-03-13 0:27:14 - DEBUG --> Archivo \components\com_jhotelreservation\classes\services\UserDataService.php 
2016-03-13 0:27:14 - DEBUG --> initializeUserData 
2016-03-13 0:27:14 - DEBUG --> UserData first: a:0:{} 
2016-03-13 0:27:14 - DEBUG --> UserData end:  a:0:{} 
2016-03-13 0:27:14 - DEBUG --> Archivo \components\com_jhotelreservation\classes\services\UserDataService.php 
2016-03-13 0:27:14 - DEBUG --> initializeReservationData 
2016-03-13 0:27:14 - DEBUG --> UserData: a:0:{} 
2016-03-13 0:27:14 - DEBUG --> Archivo \components\com_jhotelreservation\classes\services\UserDataService.php 
2016-03-13 0:27:14 - DEBUG --> updateUserData 
2016-03-13 0:27:14 - DEBUG --> Archivo \components\com_jhotelreservation\classes\services\UserDataService.php 
2016-03-13 0:27:14 - DEBUG --> getUserData 
2016-03-13 0:27:14 - DEBUG --> Archivo \components\com_jhotelreservation\classes\services\UserDataService.php 
2016-03-13 0:27:14 - DEBUG --> setCurrency 
2016-03-13 0:27:14 - DEBUG --> Archivo \components\com_jhotelreservation\classes\services\UserDataService.php 
2016-03-13 0:27:14 - DEBUG --> getUserData 
2016-03-13 0:27:14 - DEBUG --> Archivo \components\com_jhotelreservation\classes\services\UserDataService.php 
2016-03-13 0:27:14 - DEBUG --> getUserData 
2016-03-13 0:27:14 - DEBUG --> Archivo \components\com_jhotelreservation\classes\services\UserDataService.php 
2016-03-13 0:27:14 - DEBUG --> getUserData 
2016-03-13 0:49:00 - DEBUG --> Archivo \components\com_jhotelreservation\classes\services\UserDataService.php 
2016-03-13 0:49:00 - DEBUG --> initializeUserData 
2016-03-13 0:49:00 - DEBUG --> UserData first: N; 
2016-03-13 0:49:00 - DEBUG --> Archivo \components\com_jhotelreservation\classes\services\UserDataService.php 
2016-03-13 0:49:00 - DEBUG --> createUserData 
2016-03-13 0:49:00 - DEBUG --> UserData end:  a:0:{} 
2016-03-13 0:49:00 - DEBUG --> Archivo \components\com_jhotelreservation\classes\services\UserDataService.php 
2016-03-13 0:49:00 - DEBUG --> initializeUserData 
2016-03-13 0:49:00 - DEBUG --> UserData first: a:0:{} 
2016-03-13 0:49:00 - DEBUG --> UserData end:  a:0:{} 
2016-03-13 0:49:00 - DEBUG --> Archivo \components\com_jhotelreservation\classes\services\UserDataService.php 
2016-03-13 0:49:00 - DEBUG --> initializeReservationData 
2016-03-13 0:49:00 - DEBUG --> UserData: a:0:{} 
2016-03-13 0:49:00 - DEBUG --> Archivo \components\com_jhotelreservation\classes\services\UserDataService.php 
2016-03-13 0:49:00 - DEBUG --> updateUserData 
2016-03-13 0:49:00 - DEBUG --> Archivo \components\com_jhotelreservation\classes\services\UserDataService.php 
2016-03-13 0:49:00 - DEBUG --> getUserData 
2016-03-13 0:49:00 - DEBUG --> Archivo \components\com_jhotelreservation\classes\services\UserDataService.php 
2016-03-13 0:49:00 - DEBUG --> setCurrency 
2016-03-13 0:49:00 - DEBUG --> Archivo \components\com_jhotelreservation\classes\services\UserDataService.php 
2016-03-13 0:49:00 - DEBUG --> getUserData 
2016-03-13 0:49:00 - DEBUG --> Archivo \components\com_jhotelreservation\classes\services\UserDataService.php 
2016-03-13 0:49:00 - DEBUG --> getUserData 
2016-03-13 0:49:00 - DEBUG --> Archivo \components\com_jhotelreservation\classes\services\UserDataService.php 
2016-03-13 0:49:00 - DEBUG --> getUserData 
2016-03-13 0:49:00 - DEBUG --> Archivo \components\com_jhotelreservationiews\hotel	mpl\hoteloverview.php 
2016-03-13 0:49:00 - DEBUG --> Accedió 
2016-03-13 0:55:27 - DEBUG --> Archivo \components\com_jhotelreservation\classes\services\UserDataService.php 
2016-03-13 0:55:27 - DEBUG --> initializeUserData 
2016-03-13 0:55:27 - DEBUG --> UserData first: N; 
2016-03-13 0:55:27 - DEBUG --> Archivo \components\com_jhotelreservation\classes\services\UserDataService.php 
2016-03-13 0:55:27 - DEBUG --> createUserData 
2016-03-13 0:55:27 - DEBUG --> UserData end:  a:0:{} 
2016-03-13 0:55:27 - DEBUG --> Archivo \components\com_jhotelreservation\classes\services\UserDataService.php 
2016-03-13 0:55:27 - DEBUG --> initializeUserData 
2016-03-13 0:55:27 - DEBUG --> UserData first: a:0:{} 
2016-03-13 0:55:27 - DEBUG --> UserData end:  a:0:{} 
2016-03-13 0:55:27 - DEBUG --> Archivo \components\com_jhotelreservation\classes\services\UserDataService.php 
2016-03-13 0:55:27 - DEBUG --> initializeReservationData 
2016-03-13 0:55:27 - DEBUG --> UserData: a:0:{} 
2016-03-13 0:55:27 - DEBUG --> Archivo \components\com_jhotelreservation\classes\services\UserDataService.php 
2016-03-13 0:55:27 - DEBUG --> updateUserData 
2016-03-13 0:55:27 - DEBUG --> Archivo \components\com_jhotelreservation\classes\services\UserDataService.php 
2016-03-13 0:55:27 - DEBUG --> getUserData 
2016-03-13 0:55:27 - DEBUG --> Archivo \components\com_jhotelreservation\classes\services\UserDataService.php 
2016-03-13 0:55:27 - DEBUG --> setCurrency 
2016-03-13 0:55:27 - DEBUG --> Archivo \components\com_jhotelreservation\classes\services\UserDataService.php 
2016-03-13 0:55:27 - DEBUG --> getUserData 
2016-03-13 0:55:27 - DEBUG --> Archivo \components\com_jhotelreservation\classes\services\UserDataService.php 
2016-03-13 0:55:27 - DEBUG --> getUserData 
2016-03-13 0:55:27 - DEBUG --> Archivo \components\com_jhotelreservation\classes\services\UserDataService.php 
2016-03-13 0:55:27 - DEBUG --> getUserData 
2016-03-13 0:55:27 - DEBUG --> Archivo \components\com_jhotelreservationiews\hotel	mpl\hoteloverview.php 
2016-03-13 0:55:27 - DEBUG --> Accedió 
2016-03-13 0:58:24 - DEBUG --> Archivo \components\com_jhotelreservation\classes\services\UserDataService.php 
2016-03-13 0:58:24 - DEBUG --> initializeUserData 
2016-03-13 0:58:24 - DEBUG --> UserData first: N; 
2016-03-13 0:58:24 - DEBUG --> Archivo \components\com_jhotelreservation\classes\services\UserDataService.php 
2016-03-13 0:58:24 - DEBUG --> createUserData 
2016-03-13 0:58:24 - DEBUG --> UserData end:  a:0:{} 
2016-03-13 0:58:24 - DEBUG --> Archivo \components\com_jhotelreservation\classes\services\UserDataService.php 
2016-03-13 0:58:24 - DEBUG --> initializeUserData 
2016-03-13 0:58:24 - DEBUG --> UserData first: a:0:{} 
2016-03-13 0:58:24 - DEBUG --> UserData end:  a:0:{} 
2016-03-13 0:58:24 - DEBUG --> Archivo \components\com_jhotelreservation\classes\services\UserDataService.php 
2016-03-13 0:58:24 - DEBUG --> initializeReservationData 
2016-03-13 0:58:24 - DEBUG --> UserData: a:0:{} 
2016-03-13 0:58:24 - DEBUG --> Archivo \components\com_jhotelreservation\classes\services\UserDataService.php 
2016-03-13 0:58:24 - DEBUG --> updateUserData 
2016-03-13 0:58:24 - DEBUG --> Archivo \components\com_jhotelreservation\classes\services\UserDataService.php 
2016-03-13 0:58:24 - DEBUG --> getUserData 
2016-03-13 0:58:24 - DEBUG --> Archivo \components\com_jhotelreservation\classes\services\UserDataService.php 
2016-03-13 0:58:24 - DEBUG --> setCurrency 
2016-03-13 0:58:24 - DEBUG --> Archivo \components\com_jhotelreservation\classes\services\UserDataService.php 
2016-03-13 0:58:24 - DEBUG --> getUserData 
2016-03-13 0:58:24 - DEBUG --> Archivo \components\com_jhotelreservation\classes\services\UserDataService.php 
2016-03-13 0:58:24 - DEBUG --> getUserData 
2016-03-13 0:58:24 - DEBUG --> Archivo \components\com_jhotelreservation\classes\services\UserDataService.php 
2016-03-13 0:58:24 - DEBUG --> getUserData 
2016-03-13 0:58:24 - DEBUG --> Archivo \components\com_jhotelreservationiews\hotel	mpl\hoteloverview.php 
2016-03-13 0:58:24 - DEBUG --> Accedió 
2016-03-13 1:35:34 - DEBUG --> Archivo \components\com_jhotelreservation\classes\services\UserDataService.php 
2016-03-13 1:35:34 - DEBUG --> initializeUserData 
2016-03-13 1:35:34 - DEBUG --> UserData first: N; 
2016-03-13 1:35:34 - DEBUG --> Archivo \components\com_jhotelreservation\classes\services\UserDataService.php 
2016-03-13 1:35:34 - DEBUG --> createUserData 
2016-03-13 1:35:34 - DEBUG --> UserData end:  a:0:{} 
2016-03-13 1:35:34 - DEBUG --> Archivo \components\com_jhotelreservation\classes\services\UserDataService.php 
2016-03-13 1:35:34 - DEBUG --> initializeUserData 
2016-03-13 1:35:34 - DEBUG --> UserData first: a:0:{} 
2016-03-13 1:35:34 - DEBUG --> UserData end:  a:0:{} 
2016-03-13 1:35:34 - DEBUG --> Archivo \components\com_jhotelreservation\classes\services\UserDataService.php 
2016-03-13 1:35:34 - DEBUG --> initializeReservationData 
2016-03-13 1:35:34 - DEBUG --> UserData: a:0:{} 
2016-03-13 1:35:34 - DEBUG --> Archivo \components\com_jhotelreservation\classes\services\UserDataService.php 
2016-03-13 1:35:34 - DEBUG --> updateUserData 
2016-03-13 1:35:34 - DEBUG --> Archivo \components\com_jhotelreservation\classes\services\UserDataService.php 
2016-03-13 1:35:34 - DEBUG --> getUserData 
2016-03-13 1:35:34 - DEBUG --> Archivo \components\com_jhotelreservation\classes\services\UserDataService.php 
2016-03-13 1:35:34 - DEBUG --> setCurrency 
2016-03-13 1:35:34 - DEBUG --> Archivo \components\com_jhotelreservation\classes\services\UserDataService.php 
2016-03-13 1:35:34 - DEBUG --> getUserData 
2016-03-13 1:35:34 - DEBUG --> Archivo \components\com_jhotelreservation\classes\services\UserDataService.php 
2016-03-13 1:35:34 - DEBUG --> getUserData 
2016-03-13 1:35:34 - DEBUG --> Archivo \components\com_jhotelreservation\classes\services\UserDataService.php 
2016-03-13 1:35:34 - DEBUG --> getUserData 
2016-03-13 1:35:34 - DEBUG --> Archivo \components\com_jhotelreservationiews\hotel	mpl\hoteloverview.php 
2016-03-13 1:35:34 - DEBUG --> Accedió 
2016-03-13 2:03:19 - DEBUG --> Archivo \components\com_jhotelreservation\classes\services\UserDataService.php 
2016-03-13 2:03:19 - DEBUG --> initializeUserData 
2016-03-13 2:03:19 - DEBUG --> UserData first: N; 
2016-03-13 2:03:19 - DEBUG --> Archivo \components\com_jhotelreservation\classes\services\UserDataService.php 
2016-03-13 2:03:19 - DEBUG --> createUserData 
2016-03-13 2:03:19 - DEBUG --> UserData end:  a:0:{} 
2016-03-13 2:03:19 - DEBUG --> Archivo \components\com_jhotelreservation\classes\services\UserDataService.php 
2016-03-13 2:03:19 - DEBUG --> initializeUserData 
2016-03-13 2:03:19 - DEBUG --> UserData first: a:0:{} 
2016-03-13 2:03:19 - DEBUG --> UserData end:  a:0:{} 
2016-03-13 2:03:19 - DEBUG --> Archivo \components\com_jhotelreservation\classes\services\UserDataService.php 
2016-03-13 2:03:19 - DEBUG --> initializeReservationData 
2016-03-13 2:03:19 - DEBUG --> UserData: a:0:{} 
2016-03-13 2:03:19 - DEBUG --> Archivo \components\com_jhotelreservation\classes\services\UserDataService.php 
2016-03-13 2:03:19 - DEBUG --> updateUserData 
2016-03-13 2:03:19 - DEBUG --> Archivo \components\com_jhotelreservation\classes\services\UserDataService.php 
2016-03-13 2:03:19 - DEBUG --> getUserData 
2016-03-13 2:03:19 - DEBUG --> Archivo \components\com_jhotelreservation\classes\services\UserDataService.php 
2016-03-13 2:03:19 - DEBUG --> setCurrency 
2016-03-13 2:03:19 - DEBUG --> Archivo \components\com_jhotelreservation\classes\services\UserDataService.php 
2016-03-13 2:03:19 - DEBUG --> getUserData 
2016-03-13 2:03:19 - DEBUG --> Archivo \components\com_jhotelreservation\classes\services\UserDataService.php 
2016-03-13 2:03:19 - DEBUG --> getUserData 
2016-03-13 2:03:19 - DEBUG --> Archivo \components\com_jhotelreservation\classes\services\UserDataService.php 
2016-03-13 2:03:19 - DEBUG --> getUserData 
2016-03-13 2:19:14 - DEBUG --> Archivo \components\com_jhotelreservation\classes\services\UserDataService.php 
2016-03-13 2:19:14 - DEBUG --> initializeUserData 
2016-03-13 2:19:14 - DEBUG --> UserData first: N; 
2016-03-13 2:19:14 - DEBUG --> Archivo \components\com_jhotelreservation\classes\services\UserDataService.php 
2016-03-13 2:19:14 - DEBUG --> createUserData 
2016-03-13 2:19:14 - DEBUG --> UserData end:  a:0:{} 
2016-03-13 2:19:14 - DEBUG --> Archivo \components\com_jhotelreservation\classes\services\UserDataService.php 
2016-03-13 2:19:14 - DEBUG --> initializeUserData 
2016-03-13 2:19:14 - DEBUG --> UserData first: a:0:{} 
2016-03-13 2:19:14 - DEBUG --> UserData end:  a:0:{} 
2016-03-13 2:19:14 - DEBUG --> Archivo \components\com_jhotelreservation\classes\services\UserDataService.php 
2016-03-13 2:19:14 - DEBUG --> initializeReservationData 
2016-03-13 2:19:14 - DEBUG --> UserData: a:0:{} 
2016-03-13 2:19:14 - DEBUG --> Archivo \components\com_jhotelreservation\classes\services\UserDataService.php 
2016-03-13 2:19:14 - DEBUG --> updateUserData 
2016-03-13 2:19:14 - DEBUG --> Archivo \components\com_jhotelreservation\classes\services\UserDataService.php 
2016-03-13 2:19:14 - DEBUG --> getUserData 
2016-03-13 2:19:14 - DEBUG --> Archivo \components\com_jhotelreservation\classes\services\UserDataService.php 
2016-03-13 2:19:14 - DEBUG --> setCurrency 
2016-03-13 2:19:14 - DEBUG --> Archivo \components\com_jhotelreservation\classes\services\UserDataService.php 
2016-03-13 2:19:14 - DEBUG --> getUserData 
2016-03-13 2:19:14 - DEBUG --> Archivo \components\com_jhotelreservation\classes\services\UserDataService.php 
2016-03-13 2:19:14 - DEBUG --> getUserData 
2016-03-13 2:19:14 - DEBUG --> Archivo \components\com_jhotelreservation\classes\services\UserDataService.php 
2016-03-13 2:19:14 - DEBUG --> getUserData 
2016-03-13 2:19:14 - DEBUG --> Archivo \components\com_jhotelreservationiews\hotel	mpl\hoteloverview.php 
2016-03-13 2:19:14 - DEBUG --> Accedió 
2016-03-13 2:19:14 - DEBUG --> Archivo \components\com_jhotelreservation\classes\services\UserDataService.php 
2016-03-13 2:19:14 - DEBUG --> initializeUserData 
2016-03-13 2:19:14 - DEBUG --> UserData first: N; 
2016-03-13 2:19:14 - DEBUG --> Archivo \components\com_jhotelreservation\classes\services\UserDataService.php 
2016-03-13 2:19:14 - DEBUG --> createUserData 
2016-03-13 2:19:14 - DEBUG --> UserData end:  a:0:{} 
2016-03-13 2:19:14 - DEBUG --> Archivo \components\com_jhotelreservation\classes\services\UserDataService.php 
2016-03-13 2:19:14 - DEBUG --> initializeUserData 
2016-03-13 2:19:14 - DEBUG --> UserData first: a:0:{} 
2016-03-13 2:19:14 - DEBUG --> UserData end:  a:0:{} 
2016-03-13 2:19:14 - DEBUG --> Archivo \components\com_jhotelreservation\classes\services\UserDataService.php 
2016-03-13 2:19:14 - DEBUG --> initializeReservationData 
2016-03-13 2:19:14 - DEBUG --> UserData: a:0:{} 
2016-03-13 2:19:14 - DEBUG --> Archivo \components\com_jhotelreservation\classes\services\UserDataService.php 
2016-03-13 2:19:14 - DEBUG --> updateUserData 
2016-03-13 2:19:14 - DEBUG --> Archivo \components\com_jhotelreservation\classes\services\UserDataService.php 
2016-03-13 2:19:14 - DEBUG --> getUserData 
2016-03-13 2:19:14 - DEBUG --> Archivo \components\com_jhotelreservation\classes\services\UserDataService.php 
2016-03-13 2:19:14 - DEBUG --> setCurrency 
2016-03-13 2:19:14 - DEBUG --> Archivo \components\com_jhotelreservation\classes\services\UserDataService.php 
2016-03-13 2:19:14 - DEBUG --> getUserData 
2016-03-13 2:19:14 - DEBUG --> Archivo \components\com_jhotelreservation\classes\services\UserDataService.php 
2016-03-13 2:19:14 - DEBUG --> getUserData 
2016-03-13 2:19:14 - DEBUG --> Archivo \components\com_jhotelreservation\classes\services\UserDataService.php 
2016-03-13 2:19:14 - DEBUG --> getUserData 
2016-03-13 2:19:16 - DEBUG --> Archivo \components\com_jhotelreservation\classes\services\UserDataService.php 
2016-03-13 2:19:16 - DEBUG --> initializeUserData 
2016-03-13 2:19:16 - DEBUG --> UserData first: N; 
2016-03-13 2:19:16 - DEBUG --> Archivo \components\com_jhotelreservation\classes\services\UserDataService.php 
2016-03-13 2:19:16 - DEBUG --> createUserData 
2016-03-13 2:19:16 - DEBUG --> UserData end:  a:0:{} 
2016-03-13 2:19:16 - DEBUG --> Archivo \components\com_jhotelreservation\classes\services\UserDataService.php 
2016-03-13 2:19:16 - DEBUG --> initializeUserData 
2016-03-13 2:19:16 - DEBUG --> UserData first: a:0:{} 
2016-03-13 2:19:16 - DEBUG --> UserData end:  a:0:{} 
2016-03-13 2:19:16 - DEBUG --> Archivo \components\com_jhotelreservation\classes\services\UserDataService.php 
2016-03-13 2:19:16 - DEBUG --> initializeReservationData 
2016-03-13 2:19:16 - DEBUG --> UserData: a:0:{} 
2016-03-13 2:19:16 - DEBUG --> Archivo \components\com_jhotelreservation\classes\services\UserDataService.php 
2016-03-13 2:19:16 - DEBUG --> updateUserData 
2016-03-13 2:19:16 - DEBUG --> Archivo \components\com_jhotelreservation\classes\services\UserDataService.php 
2016-03-13 2:19:16 - DEBUG --> getUserData 
2016-03-13 2:19:16 - DEBUG --> Archivo \components\com_jhotelreservation\classes\services\UserDataService.php 
2016-03-13 2:19:16 - DEBUG --> setCurrency 
2016-03-13 2:19:16 - DEBUG --> Archivo \components\com_jhotelreservation\classes\services\UserDataService.php 
2016-03-13 2:19:16 - DEBUG --> getUserData 
2016-03-13 2:19:16 - DEBUG --> Archivo \components\com_jhotelreservation\classes\services\UserDataService.php 
2016-03-13 2:19:16 - DEBUG --> getUserData 
2016-03-13 2:19:16 - DEBUG --> Archivo \components\com_jhotelreservation\classes\services\UserDataService.php 
2016-03-13 2:19:16 - DEBUG --> getUserData 
2016-03-13 2:19:16 - DEBUG --> Archivo \components\com_jhotelreservationiews\hotel	mpl\hoteloverview.php 
2016-03-13 2:19:16 - DEBUG --> Accedió 
2016-03-13 2:19:18 - DEBUG --> Archivo \components\com_jhotelreservation\classes\services\UserDataService.php 
2016-03-13 2:19:18 - DEBUG --> initializeUserData 
2016-03-13 2:19:18 - DEBUG --> UserData first: N; 
2016-03-13 2:19:18 - DEBUG --> Archivo \components\com_jhotelreservation\classes\services\UserDataService.php 
2016-03-13 2:19:18 - DEBUG --> createUserData 
2016-03-13 2:19:18 - DEBUG --> UserData end:  a:0:{} 
2016-03-13 2:19:18 - DEBUG --> Archivo \components\com_jhotelreservation\classes\services\UserDataService.php 
2016-03-13 2:19:18 - DEBUG --> initializeUserData 
2016-03-13 2:19:18 - DEBUG --> UserData first: a:0:{} 
2016-03-13 2:19:18 - DEBUG --> UserData end:  a:0:{} 
2016-03-13 2:19:18 - DEBUG --> Archivo \components\com_jhotelreservation\classes\services\UserDataService.php 
2016-03-13 2:19:18 - DEBUG --> initializeReservationData 
2016-03-13 2:19:18 - DEBUG --> UserData: a:0:{} 
2016-03-13 2:19:18 - DEBUG --> Archivo \components\com_jhotelreservation\classes\services\UserDataService.php 
2016-03-13 2:19:18 - DEBUG --> updateUserData 
2016-03-13 2:19:18 - DEBUG --> Archivo \components\com_jhotelreservation\classes\services\UserDataService.php 
2016-03-13 2:19:18 - DEBUG --> getUserData 
2016-03-13 2:19:18 - DEBUG --> Archivo \components\com_jhotelreservation\classes\services\UserDataService.php 
2016-03-13 2:19:18 - DEBUG --> setCurrency 
2016-03-13 2:19:18 - DEBUG --> Archivo \components\com_jhotelreservation\classes\services\UserDataService.php 
2016-03-13 2:19:18 - DEBUG --> getUserData 
2016-03-13 2:19:18 - DEBUG --> Archivo \components\com_jhotelreservation\classes\services\UserDataService.php 
2016-03-13 2:19:18 - DEBUG --> getUserData 
2016-03-13 2:19:18 - DEBUG --> Archivo \components\com_jhotelreservation\classes\services\UserDataService.php 
2016-03-13 2:19:18 - DEBUG --> getUserData 
2016-03-13 2:46:55 - DEBUG --> Archivo \components\com_jhotelreservation\classes\services\UserDataService.php 
2016-03-13 2:46:55 - DEBUG --> initializeUserData 
2016-03-13 2:46:55 - DEBUG --> UserData first: N; 
2016-03-13 2:46:55 - DEBUG --> Archivo \components\com_jhotelreservation\classes\services\UserDataService.php 
2016-03-13 2:46:55 - DEBUG --> createUserData 
2016-03-13 2:46:55 - DEBUG --> UserData end:  a:0:{} 
2016-03-13 2:46:55 - DEBUG --> Archivo \components\com_jhotelreservation\classes\services\UserDataService.php 
2016-03-13 2:46:55 - DEBUG --> initializeUserData 
2016-03-13 2:46:55 - DEBUG --> UserData first: a:0:{} 
2016-03-13 2:46:55 - DEBUG --> UserData end:  a:0:{} 
2016-03-13 2:46:55 - DEBUG --> Archivo \components\com_jhotelreservation\classes\services\UserDataService.php 
2016-03-13 2:46:55 - DEBUG --> initializeReservationData 
2016-03-13 2:46:55 - DEBUG --> UserData: a:0:{} 
2016-03-13 2:46:55 - DEBUG --> Archivo \components\com_jhotelreservation\classes\services\UserDataService.php 
2016-03-13 2:46:55 - DEBUG --> updateUserData 
2016-03-13 2:46:55 - DEBUG --> Archivo \components\com_jhotelreservation\classes\services\UserDataService.php 
2016-03-13 2:46:55 - DEBUG --> getUserData 
2016-03-13 2:46:55 - DEBUG --> Archivo \components\com_jhotelreservation\classes\services\UserDataService.php 
2016-03-13 2:46:55 - DEBUG --> setCurrency 
2016-03-13 2:46:55 - DEBUG --> Archivo \components\com_jhotelreservation\classes\services\UserDataService.php 
2016-03-13 2:46:55 - DEBUG --> getUserData 
2016-03-13 2:46:55 - DEBUG --> Archivo \components\com_jhotelreservation\classes\services\UserDataService.php 
2016-03-13 2:46:55 - DEBUG --> getUserData 
2016-03-13 2:46:55 - DEBUG --> Archivo \components\com_jhotelreservation\classes\services\UserDataService.php 
2016-03-13 2:46:55 - DEBUG --> getUserData 
2016-03-13 2:46:55 - DEBUG --> Archivo \components\com_jhotelreservationiews\hotel	mpl\hoteloverview.php 
2016-03-13 2:46:55 - DEBUG --> Accedió 
2016-03-13 2:51:19 - DEBUG --> Archivo \components\com_jhotelreservation\classes\services\UserDataService.php 
2016-03-13 2:51:19 - DEBUG --> initializeUserData 
2016-03-13 2:51:19 - DEBUG --> UserData first: N; 
2016-03-13 2:51:19 - DEBUG --> Archivo \components\com_jhotelreservation\classes\services\UserDataService.php 
2016-03-13 2:51:19 - DEBUG --> createUserData 
2016-03-13 2:51:19 - DEBUG --> UserData end:  a:0:{} 
2016-03-13 2:51:19 - DEBUG --> Archivo \components\com_jhotelreservation\classes\services\UserDataService.php 
2016-03-13 2:51:19 - DEBUG --> initializeUserData 
2016-03-13 2:51:19 - DEBUG --> UserData first: a:0:{} 
2016-03-13 2:51:19 - DEBUG --> UserData end:  a:0:{} 
2016-03-13 2:51:19 - DEBUG --> Archivo \components\com_jhotelreservation\classes\services\UserDataService.php 
2016-03-13 2:51:19 - DEBUG --> initializeReservationData 
2016-03-13 2:51:19 - DEBUG --> UserData: a:0:{} 
2016-03-13 2:51:19 - DEBUG --> Archivo \components\com_jhotelreservation\classes\services\UserDataService.php 
2016-03-13 2:51:19 - DEBUG --> updateUserData 
2016-03-13 2:51:19 - DEBUG --> Archivo \components\com_jhotelreservation\classes\services\UserDataService.php 
2016-03-13 2:51:19 - DEBUG --> getUserData 
2016-03-13 2:51:19 - DEBUG --> Archivo \components\com_jhotelreservation\classes\services\UserDataService.php 
2016-03-13 2:51:19 - DEBUG --> setCurrency 
2016-03-13 2:51:19 - DEBUG --> Archivo \components\com_jhotelreservation\classes\services\UserDataService.php 
2016-03-13 2:51:19 - DEBUG --> getUserData 
2016-03-13 2:51:19 - DEBUG --> Archivo \components\com_jhotelreservation\classes\services\UserDataService.php 
2016-03-13 2:51:19 - DEBUG --> getUserData 
2016-03-13 2:51:19 - DEBUG --> Archivo \components\com_jhotelreservation\classes\services\UserDataService.php 
2016-03-13 2:51:19 - DEBUG --> getUserData 
2016-03-13 2:51:19 - DEBUG --> Archivo \components\com_jhotelreservationiews\hotel	mpl\hoteloverview.php 
2016-03-13 2:51:19 - DEBUG --> Accedió 
2016-03-13 2:53:33 - DEBUG --> Archivo \components\com_jhotelreservation\classes\services\UserDataService.php 
2016-03-13 2:53:33 - DEBUG --> initializeUserData 
2016-03-13 2:53:33 - DEBUG --> UserData first: N; 
2016-03-13 2:53:33 - DEBUG --> Archivo \components\com_jhotelreservation\classes\services\UserDataService.php 
2016-03-13 2:53:33 - DEBUG --> createUserData 
2016-03-13 2:53:33 - DEBUG --> UserData end:  a:0:{} 
2016-03-13 2:53:33 - DEBUG --> Archivo \components\com_jhotelreservation\classes\services\UserDataService.php 
2016-03-13 2:53:33 - DEBUG --> initializeUserData 
2016-03-13 2:53:33 - DEBUG --> UserData first: a:0:{} 
2016-03-13 2:53:33 - DEBUG --> UserData end:  a:0:{} 
2016-03-13 2:53:33 - DEBUG --> Archivo \components\com_jhotelreservation\classes\services\UserDataService.php 
2016-03-13 2:53:33 - DEBUG --> initializeReservationData 
2016-03-13 2:53:33 - DEBUG --> UserData: a:0:{} 
2016-03-13 2:53:33 - DEBUG --> Archivo \components\com_jhotelreservation\classes\services\UserDataService.php 
2016-03-13 2:53:33 - DEBUG --> updateUserData 
2016-03-13 2:53:33 - DEBUG --> Archivo \components\com_jhotelreservation\classes\services\UserDataService.php 
2016-03-13 2:53:33 - DEBUG --> getUserData 
2016-03-13 2:53:33 - DEBUG --> Archivo \components\com_jhotelreservation\classes\services\UserDataService.php 
2016-03-13 2:53:33 - DEBUG --> setCurrency 
2016-03-13 2:53:33 - DEBUG --> Archivo \components\com_jhotelreservation\classes\services\UserDataService.php 
2016-03-13 2:53:33 - DEBUG --> getUserData 
2016-03-13 2:53:33 - DEBUG --> Archivo \components\com_jhotelreservation\classes\services\UserDataService.php 
2016-03-13 2:53:33 - DEBUG --> getUserData 
2016-03-13 2:53:33 - DEBUG --> Archivo \components\com_jhotelreservation\classes\services\UserDataService.php 
2016-03-13 2:53:33 - DEBUG --> getUserData 
2016-03-13 2:53:33 - DEBUG --> Archivo \components\com_jhotelreservationiews\hotel	mpl\hoteloverview.php 
2016-03-13 2:53:33 - DEBUG --> Accedió 
2016-03-13 2:54:41 - DEBUG --> Archivo \components\com_jhotelreservation\classes\services\UserDataService.php 
2016-03-13 2:54:41 - DEBUG --> initializeUserData 
2016-03-13 2:54:41 - DEBUG --> UserData first: N; 
2016-03-13 2:54:41 - DEBUG --> Archivo \components\com_jhotelreservation\classes\services\UserDataService.php 
2016-03-13 2:54:41 - DEBUG --> createUserData 
2016-03-13 2:54:41 - DEBUG --> UserData end:  a:0:{} 
2016-03-13 2:54:41 - DEBUG --> Archivo \components\com_jhotelreservation\classes\services\UserDataService.php 
2016-03-13 2:54:41 - DEBUG --> initializeUserData 
2016-03-13 2:54:41 - DEBUG --> UserData first: a:0:{} 
2016-03-13 2:54:41 - DEBUG --> UserData end:  a:0:{} 
2016-03-13 2:54:41 - DEBUG --> Archivo \components\com_jhotelreservation\classes\services\UserDataService.php 
2016-03-13 2:54:41 - DEBUG --> initializeReservationData 
2016-03-13 2:54:41 - DEBUG --> UserData: a:0:{} 
2016-03-13 2:54:41 - DEBUG --> Archivo \components\com_jhotelreservation\classes\services\UserDataService.php 
2016-03-13 2:54:41 - DEBUG --> updateUserData 
2016-03-13 2:54:41 - DEBUG --> Archivo \components\com_jhotelreservation\classes\services\UserDataService.php 
2016-03-13 2:54:41 - DEBUG --> getUserData 
2016-03-13 2:54:41 - DEBUG --> Archivo \components\com_jhotelreservation\classes\services\UserDataService.php 
2016-03-13 2:54:41 - DEBUG --> setCurrency 
2016-03-13 2:54:41 - DEBUG --> Archivo \components\com_jhotelreservation\classes\services\UserDataService.php 
2016-03-13 2:54:41 - DEBUG --> getUserData 
2016-03-13 2:54:41 - DEBUG --> Archivo \components\com_jhotelreservation\classes\services\UserDataService.php 
2016-03-13 2:54:41 - DEBUG --> getUserData 
2016-03-13 2:54:41 - DEBUG --> Archivo \components\com_jhotelreservation\classes\services\UserDataService.php 
2016-03-13 2:54:41 - DEBUG --> getUserData 
2016-03-13 2:54:41 - DEBUG --> Archivo \components\com_jhotelreservationiews\hotel	mpl\hoteloverview.php 
2016-03-13 2:54:41 - DEBUG --> Accedió 
2016-03-13 2:55:21 - DEBUG --> Archivo \components\com_jhotelreservation\classes\services\UserDataService.php 
2016-03-13 2:55:21 - DEBUG --> initializeUserData 
2016-03-13 2:55:21 - DEBUG --> UserData first: N; 
2016-03-13 2:55:21 - DEBUG --> Archivo \components\com_jhotelreservation\classes\services\UserDataService.php 
2016-03-13 2:55:21 - DEBUG --> createUserData 
2016-03-13 2:55:21 - DEBUG --> UserData end:  a:0:{} 
2016-03-13 2:55:21 - DEBUG --> Archivo \components\com_jhotelreservation\classes\services\UserDataService.php 
2016-03-13 2:55:21 - DEBUG --> initializeUserData 
2016-03-13 2:55:21 - DEBUG --> UserData first: a:0:{} 
2016-03-13 2:55:21 - DEBUG --> UserData end:  a:0:{} 
2016-03-13 2:55:21 - DEBUG --> Archivo \components\com_jhotelreservation\classes\services\UserDataService.php 
2016-03-13 2:55:21 - DEBUG --> initializeReservationData 
2016-03-13 2:55:21 - DEBUG --> UserData: a:0:{} 
2016-03-13 2:55:21 - DEBUG --> Archivo \components\com_jhotelreservation\classes\services\UserDataService.php 
2016-03-13 2:55:21 - DEBUG --> updateUserData 
2016-03-13 2:55:21 - DEBUG --> Archivo \components\com_jhotelreservation\classes\services\UserDataService.php 
2016-03-13 2:55:21 - DEBUG --> getUserData 
2016-03-13 2:55:21 - DEBUG --> Archivo \components\com_jhotelreservation\classes\services\UserDataService.php 
2016-03-13 2:55:21 - DEBUG --> setCurrency 
2016-03-13 2:55:21 - DEBUG --> Archivo \components\com_jhotelreservation\classes\services\UserDataService.php 
2016-03-13 2:55:21 - DEBUG --> getUserData 
2016-03-13 2:55:21 - DEBUG --> Archivo \components\com_jhotelreservation\classes\services\UserDataService.php 
2016-03-13 2:55:21 - DEBUG --> getUserData 
2016-03-13 2:55:21 - DEBUG --> Archivo \components\com_jhotelreservation\classes\services\UserDataService.php 
2016-03-13 2:55:21 - DEBUG --> getUserData 
2016-03-13 2:55:21 - DEBUG --> Archivo \components\com_jhotelreservationiews\hotel	mpl\hoteloverview.php 
2016-03-13 2:55:21 - DEBUG --> Accedió 
2016-03-13 2:59:33 - DEBUG --> Archivo \components\com_jhotelreservation\classes\services\UserDataService.php 
2016-03-13 2:59:33 - DEBUG --> initializeUserData 
2016-03-13 2:59:33 - DEBUG --> UserData first: N; 
2016-03-13 2:59:33 - DEBUG --> Archivo \components\com_jhotelreservation\classes\services\UserDataService.php 
2016-03-13 2:59:33 - DEBUG --> createUserData 
2016-03-13 2:59:33 - DEBUG --> UserData end:  a:0:{} 
2016-03-13 2:59:33 - DEBUG --> Archivo \components\com_jhotelreservation\classes\services\UserDataService.php 
2016-03-13 2:59:33 - DEBUG --> initializeUserData 
2016-03-13 2:59:33 - DEBUG --> UserData first: a:0:{} 
2016-03-13 2:59:33 - DEBUG --> UserData end:  a:0:{} 
2016-03-13 2:59:33 - DEBUG --> Archivo \components\com_jhotelreservation\classes\services\UserDataService.php 
2016-03-13 2:59:33 - DEBUG --> initializeReservationData 
2016-03-13 2:59:33 - DEBUG --> UserData: a:0:{} 
2016-03-13 2:59:33 - DEBUG --> Archivo \components\com_jhotelreservation\classes\services\UserDataService.php 
2016-03-13 2:59:33 - DEBUG --> updateUserData 
2016-03-13 2:59:33 - DEBUG --> Archivo \components\com_jhotelreservation\classes\services\UserDataService.php 
2016-03-13 2:59:33 - DEBUG --> getUserData 
2016-03-13 2:59:33 - DEBUG --> Archivo \components\com_jhotelreservation\classes\services\UserDataService.php 
2016-03-13 2:59:33 - DEBUG --> setCurrency 
2016-03-13 2:59:33 - DEBUG --> Archivo \components\com_jhotelreservation\classes\services\UserDataService.php 
2016-03-13 2:59:33 - DEBUG --> getUserData 
2016-03-13 2:59:33 - DEBUG --> Archivo \components\com_jhotelreservation\classes\services\UserDataService.php 
2016-03-13 2:59:33 - DEBUG --> getUserData 
2016-03-13 2:59:33 - DEBUG --> Archivo \components\com_jhotelreservation\classes\services\UserDataService.php 
2016-03-13 2:59:33 - DEBUG --> getUserData 
2016-03-13 2:59:33 - DEBUG --> Archivo \components\com_jhotelreservationiews\hotel	mpl\hoteloverview.php 
2016-03-13 2:59:33 - DEBUG --> Accedió 
2016-03-13 3:05:49 - DEBUG --> Archivo \components\com_jhotelreservation\classes\services\UserDataService.php 
2016-03-13 3:05:49 - DEBUG --> initializeUserData 
2016-03-13 3:05:49 - DEBUG --> UserData first: N; 
2016-03-13 3:05:49 - DEBUG --> Archivo \components\com_jhotelreservation\classes\services\UserDataService.php 
2016-03-13 3:05:49 - DEBUG --> createUserData 
2016-03-13 3:05:49 - DEBUG --> UserData end:  a:0:{} 
2016-03-13 3:05:49 - DEBUG --> Archivo \components\com_jhotelreservation\classes\services\UserDataService.php 
2016-03-13 3:05:49 - DEBUG --> initializeUserData 
2016-03-13 3:05:49 - DEBUG --> UserData first: a:0:{} 
2016-03-13 3:05:49 - DEBUG --> UserData end:  a:0:{} 
2016-03-13 3:05:49 - DEBUG --> Archivo \components\com_jhotelreservation\classes\services\UserDataService.php 
2016-03-13 3:05:49 - DEBUG --> initializeReservationData 
2016-03-13 3:05:49 - DEBUG --> UserData: a:0:{} 
2016-03-13 3:05:49 - DEBUG --> Archivo \components\com_jhotelreservation\classes\services\UserDataService.php 
2016-03-13 3:05:49 - DEBUG --> updateUserData 
2016-03-13 3:05:49 - DEBUG --> Archivo \components\com_jhotelreservation\classes\services\UserDataService.php 
2016-03-13 3:05:49 - DEBUG --> getUserData 
2016-03-13 3:05:49 - DEBUG --> Archivo \components\com_jhotelreservation\classes\services\UserDataService.php 
2016-03-13 3:05:49 - DEBUG --> setCurrency 
2016-03-13 3:05:49 - DEBUG --> Archivo \components\com_jhotelreservation\classes\services\UserDataService.php 
2016-03-13 3:05:49 - DEBUG --> getUserData 
2016-03-13 3:05:49 - DEBUG --> Archivo \components\com_jhotelreservation\classes\services\UserDataService.php 
2016-03-13 3:05:49 - DEBUG --> getUserData 
2016-03-13 3:05:49 - DEBUG --> Archivo \components\com_jhotelreservation\classes\services\UserDataService.php 
2016-03-13 3:05:49 - DEBUG --> getUserData 
2016-03-13 3:05:49 - DEBUG --> Archivo \components\com_jhotelreservationiews\hotel	mpl\hoteloverview.php 
2016-03-13 3:05:49 - DEBUG --> Accedió 
2016-03-13 3:22:51 - DEBUG --> Archivo \components\com_jhotelreservation\classes\services\UserDataService.php 
2016-03-13 3:22:51 - DEBUG --> initializeUserData 
2016-03-13 3:22:51 - DEBUG --> UserData first: N; 
2016-03-13 3:22:51 - DEBUG --> Archivo \components\com_jhotelreservation\classes\services\UserDataService.php 
2016-03-13 3:22:51 - DEBUG --> createUserData 
2016-03-13 3:22:51 - DEBUG --> UserData end:  a:0:{} 
2016-03-13 3:22:51 - DEBUG --> Archivo \components\com_jhotelreservation\classes\services\UserDataService.php 
2016-03-13 3:22:51 - DEBUG --> initializeUserData 
2016-03-13 3:22:51 - DEBUG --> UserData first: a:0:{} 
2016-03-13 3:22:51 - DEBUG --> UserData end:  a:0:{} 
2016-03-13 3:22:51 - DEBUG --> Archivo \components\com_jhotelreservation\classes\services\UserDataService.php 
2016-03-13 3:22:51 - DEBUG --> initializeReservationData 
2016-03-13 3:22:51 - DEBUG --> UserData: a:0:{} 
2016-03-13 3:22:51 - DEBUG --> Archivo \components\com_jhotelreservation\classes\services\UserDataService.php 
2016-03-13 3:22:51 - DEBUG --> updateUserData 
2016-03-13 3:22:51 - DEBUG --> Archivo \components\com_jhotelreservation\classes\services\UserDataService.php 
2016-03-13 3:22:51 - DEBUG --> getUserData 
2016-03-13 3:22:51 - DEBUG --> Archivo \components\com_jhotelreservation\classes\services\UserDataService.php 
2016-03-13 3:22:51 - DEBUG --> setCurrency 
2016-03-13 3:22:51 - DEBUG --> Archivo \components\com_jhotelreservation\classes\services\UserDataService.php 
2016-03-13 3:22:51 - DEBUG --> getUserData 
2016-03-13 3:22:51 - DEBUG --> Archivo \components\com_jhotelreservation\classes\services\UserDataService.php 
2016-03-13 3:22:51 - DEBUG --> getUserData 
2016-03-13 3:22:51 - DEBUG --> Archivo \components\com_jhotelreservation\classes\services\UserDataService.php 
2016-03-13 3:22:51 - DEBUG --> getUserData 
2016-03-13 3:22:51 - DEBUG --> Archivo \components\com_jhotelreservationiews\hotel	mpl\hoteloverview.php 
2016-03-13 3:22:51 - DEBUG --> Accedió 
2016-03-13 5:49:04 - DEBUG --> Archivo \components\com_jhotelreservation\classes\services\UserDataService.php 
2016-03-13 5:49:04 - DEBUG --> initializeUserData 
2016-03-13 5:49:04 - DEBUG --> UserData first: N; 
2016-03-13 5:49:04 - DEBUG --> Archivo \components\com_jhotelreservation\classes\services\UserDataService.php 
2016-03-13 5:49:04 - DEBUG --> createUserData 
2016-03-13 5:49:04 - DEBUG --> UserData end:  a:0:{} 
2016-03-13 5:49:04 - DEBUG --> Archivo \components\com_jhotelreservation\classes\services\UserDataService.php 
2016-03-13 5:49:04 - DEBUG --> initializeUserData 
2016-03-13 5:49:04 - DEBUG --> UserData first: a:0:{} 
2016-03-13 5:49:04 - DEBUG --> UserData end:  a:0:{} 
2016-03-13 5:49:04 - DEBUG --> Archivo \components\com_jhotelreservation\classes\services\UserDataService.php 
2016-03-13 5:49:04 - DEBUG --> initializeReservationData 
2016-03-13 5:49:04 - DEBUG --> UserData: a:0:{} 
2016-03-13 5:49:04 - DEBUG --> Archivo \components\com_jhotelreservation\classes\services\UserDataService.php 
2016-03-13 5:49:04 - DEBUG --> updateUserData 
2016-03-13 5:49:04 - DEBUG --> Archivo \components\com_jhotelreservation\classes\services\UserDataService.php 
2016-03-13 5:49:04 - DEBUG --> getUserData 
2016-03-13 5:49:04 - DEBUG --> Archivo \components\com_jhotelreservation\classes\services\UserDataService.php 
2016-03-13 5:49:04 - DEBUG --> setCurrency 
2016-03-13 5:49:04 - DEBUG --> Archivo \components\com_jhotelreservation\classes\services\UserDataService.php 
2016-03-13 5:49:04 - DEBUG --> getUserData 
2016-03-13 5:49:04 - DEBUG --> Archivo \components\com_jhotelreservation\classes\services\UserDataService.php 
2016-03-13 5:49:04 - DEBUG --> getUserData 
2016-03-13 5:49:04 - DEBUG --> Archivo \components\com_jhotelreservation\classes\services\UserDataService.php 
2016-03-13 5:49:04 - DEBUG --> getUserData 
2016-03-13 6:35:57 - DEBUG --> Archivo \components\com_jhotelreservation\classes\services\UserDataService.php 
2016-03-13 6:35:57 - DEBUG --> initializeUserData 
2016-03-13 6:35:57 - DEBUG --> UserData first: N; 
2016-03-13 6:35:57 - DEBUG --> Archivo \components\com_jhotelreservation\classes\services\UserDataService.php 
2016-03-13 6:35:57 - DEBUG --> createUserData 
2016-03-13 6:35:57 - DEBUG --> UserData end:  a:0:{} 
2016-03-13 6:35:57 - DEBUG --> Archivo \components\com_jhotelreservation\classes\services\UserDataService.php 
2016-03-13 6:35:57 - DEBUG --> initializeUserData 
2016-03-13 6:35:57 - DEBUG --> UserData first: a:0:{} 
2016-03-13 6:35:57 - DEBUG --> UserData end:  a:0:{} 
2016-03-13 6:35:57 - DEBUG --> Archivo \components\com_jhotelreservation\classes\services\UserDataService.php 
2016-03-13 6:35:57 - DEBUG --> initializeReservationData 
2016-03-13 6:35:57 - DEBUG --> UserData: a:0:{} 
2016-03-13 6:35:57 - DEBUG --> Archivo \components\com_jhotelreservation\classes\services\UserDataService.php 
2016-03-13 6:35:57 - DEBUG --> updateUserData 
2016-03-13 6:35:57 - DEBUG --> Archivo \components\com_jhotelreservation\classes\services\UserDataService.php 
2016-03-13 6:35:57 - DEBUG --> getUserData 
2016-03-13 6:35:57 - DEBUG --> Archivo \components\com_jhotelreservation\classes\services\UserDataService.php 
2016-03-13 6:35:57 - DEBUG --> setCurrency 
2016-03-13 6:35:57 - DEBUG --> Archivo \components\com_jhotelreservation\classes\services\UserDataService.php 
2016-03-13 6:35:57 - DEBUG --> getUserData 
2016-03-13 6:35:57 - DEBUG --> Archivo \components\com_jhotelreservation\classes\services\UserDataService.php 
2016-03-13 6:35:57 - DEBUG --> getUserData 
2016-03-13 6:35:57 - DEBUG --> Archivo \components\com_jhotelreservation\classes\services\UserDataService.php 
2016-03-13 6:35:57 - DEBUG --> getUserData 
2016-03-13 6:35:57 - DEBUG --> Archivo \components\com_jhotelreservationiews\hotel	mpl\hoteloverview.php 
2016-03-13 6:35:57 - DEBUG --> Accedió 
2016-03-13 7:09:55 - DEBUG --> Archivo \components\com_jhotelreservation\classes\services\UserDataService.php 
2016-03-13 7:09:55 - DEBUG --> initializeUserData 
2016-03-13 7:09:55 - DEBUG --> UserData first: N; 
2016-03-13 7:09:55 - DEBUG --> Archivo \components\com_jhotelreservation\classes\services\UserDataService.php 
2016-03-13 7:09:55 - DEBUG --> createUserData 
2016-03-13 7:09:55 - DEBUG --> UserData end:  a:0:{} 
2016-03-13 7:09:55 - DEBUG --> Archivo \components\com_jhotelreservation\classes\services\UserDataService.php 
2016-03-13 7:09:55 - DEBUG --> initializeUserData 
2016-03-13 7:09:55 - DEBUG --> UserData first: a:0:{} 
2016-03-13 7:09:55 - DEBUG --> UserData end:  a:0:{} 
2016-03-13 7:09:55 - DEBUG --> Archivo \components\com_jhotelreservation\classes\services\UserDataService.php 
2016-03-13 7:09:55 - DEBUG --> initializeReservationData 
2016-03-13 7:09:55 - DEBUG --> UserData: a:0:{} 
2016-03-13 7:09:55 - DEBUG --> Archivo \components\com_jhotelreservation\classes\services\UserDataService.php 
2016-03-13 7:09:55 - DEBUG --> updateUserData 
2016-03-13 7:09:55 - DEBUG --> Archivo \components\com_jhotelreservation\classes\services\UserDataService.php 
2016-03-13 7:09:55 - DEBUG --> getUserData 
2016-03-13 7:09:55 - DEBUG --> Archivo \components\com_jhotelreservation\classes\services\UserDataService.php 
2016-03-13 7:09:55 - DEBUG --> setCurrency 
2016-03-13 7:09:55 - DEBUG --> Archivo \components\com_jhotelreservation\classes\services\UserDataService.php 
2016-03-13 7:09:55 - DEBUG --> getUserData 
2016-03-13 7:09:55 - DEBUG --> Archivo \components\com_jhotelreservation\classes\services\UserDataService.php 
2016-03-13 7:09:55 - DEBUG --> getUserData 
2016-03-13 7:09:55 - DEBUG --> Archivo \components\com_jhotelreservation\classes\services\UserDataService.php 
2016-03-13 7:09:55 - DEBUG --> getUserData 
2016-03-13 7:09:55 - DEBUG --> Archivo \components\com_jhotelreservationiews\hotel	mpl\hoteloverview.php 
2016-03-13 7:09:55 - DEBUG --> Accedió 
2016-03-13 8:00:57 - DEBUG --> Archivo \components\com_jhotelreservation\classes\services\UserDataService.php 
2016-03-13 8:00:57 - DEBUG --> initializeUserData 
2016-03-13 8:00:57 - DEBUG --> UserData first: N; 
2016-03-13 8:00:57 - DEBUG --> Archivo \components\com_jhotelreservation\classes\services\UserDataService.php 
2016-03-13 8:00:57 - DEBUG --> createUserData 
2016-03-13 8:00:57 - DEBUG --> UserData end:  a:0:{} 
2016-03-13 8:00:57 - DEBUG --> Archivo \components\com_jhotelreservation\classes\services\UserDataService.php 
2016-03-13 8:00:57 - DEBUG --> initializeUserData 
2016-03-13 8:00:57 - DEBUG --> UserData first: a:0:{} 
2016-03-13 8:00:57 - DEBUG --> UserData end:  a:0:{} 
2016-03-13 8:00:57 - DEBUG --> Archivo \components\com_jhotelreservation\classes\services\UserDataService.php 
2016-03-13 8:00:57 - DEBUG --> initializeReservationData 
2016-03-13 8:00:57 - DEBUG --> UserData: a:0:{} 
2016-03-13 8:00:57 - DEBUG --> Archivo \components\com_jhotelreservation\classes\services\UserDataService.php 
2016-03-13 8:00:57 - DEBUG --> updateUserData 
2016-03-13 8:00:57 - DEBUG --> Archivo \components\com_jhotelreservation\classes\services\UserDataService.php 
2016-03-13 8:00:57 - DEBUG --> getUserData 
2016-03-13 8:00:57 - DEBUG --> Archivo \components\com_jhotelreservation\classes\services\UserDataService.php 
2016-03-13 8:00:57 - DEBUG --> setCurrency 
2016-03-13 8:00:57 - DEBUG --> Archivo \components\com_jhotelreservation\classes\services\UserDataService.php 
2016-03-13 8:00:57 - DEBUG --> getUserData 
2016-03-13 8:00:57 - DEBUG --> Archivo \components\com_jhotelreservation\classes\services\UserDataService.php 
2016-03-13 8:00:57 - DEBUG --> getUserData 
2016-03-13 8:00:57 - DEBUG --> Archivo \components\com_jhotelreservation\classes\services\UserDataService.php 
2016-03-13 8:00:57 - DEBUG --> getUserData 
2016-03-13 8:00:57 - DEBUG --> Archivo \components\com_jhotelreservationiews\hotel	mpl\hoteloverview.php 
2016-03-13 8:00:57 - DEBUG --> Accedió 
2016-03-13 8:30:25 - DEBUG --> Archivo \components\com_jhotelreservation\classes\services\UserDataService.php 
2016-03-13 8:30:25 - DEBUG --> initializeUserData 
2016-03-13 8:30:25 - DEBUG --> UserData first: N; 
2016-03-13 8:30:25 - DEBUG --> Archivo \components\com_jhotelreservation\classes\services\UserDataService.php 
2016-03-13 8:30:25 - DEBUG --> createUserData 
2016-03-13 8:30:25 - DEBUG --> UserData end:  a:0:{} 
2016-03-13 8:30:25 - DEBUG --> Archivo \components\com_jhotelreservation\classes\services\UserDataService.php 
2016-03-13 8:30:25 - DEBUG --> initializeUserData 
2016-03-13 8:30:25 - DEBUG --> UserData first: a:0:{} 
2016-03-13 8:30:25 - DEBUG --> UserData end:  a:0:{} 
2016-03-13 8:30:25 - DEBUG --> Archivo \components\com_jhotelreservation\classes\services\UserDataService.php 
2016-03-13 8:30:25 - DEBUG --> initializeReservationData 
2016-03-13 8:30:25 - DEBUG --> UserData: a:0:{} 
2016-03-13 8:30:25 - DEBUG --> Archivo \components\com_jhotelreservation\classes\services\UserDataService.php 
2016-03-13 8:30:25 - DEBUG --> updateUserData 
2016-03-13 8:30:25 - DEBUG --> Archivo \components\com_jhotelreservation\classes\services\UserDataService.php 
2016-03-13 8:30:25 - DEBUG --> getUserData 
2016-03-13 8:30:25 - DEBUG --> Archivo \components\com_jhotelreservation\classes\services\UserDataService.php 
2016-03-13 8:30:25 - DEBUG --> setCurrency 
2016-03-13 8:30:25 - DEBUG --> Archivo \components\com_jhotelreservation\classes\services\UserDataService.php 
2016-03-13 8:30:25 - DEBUG --> getUserData 
2016-03-13 8:30:25 - DEBUG --> Archivo \components\com_jhotelreservation\classes\services\UserDataService.php 
2016-03-13 8:30:25 - DEBUG --> getUserData 
2016-03-13 8:30:25 - DEBUG --> Archivo \components\com_jhotelreservation\classes\services\UserDataService.php 
2016-03-13 8:30:25 - DEBUG --> getUserData 
2016-03-13 8:54:47 - DEBUG --> Archivo \components\com_jhotelreservation\classes\services\UserDataService.php 
2016-03-13 8:54:47 - DEBUG --> initializeUserData 
2016-03-13 8:54:47 - DEBUG --> UserData first: N; 
2016-03-13 8:54:47 - DEBUG --> Archivo \components\com_jhotelreservation\classes\services\UserDataService.php 
2016-03-13 8:54:47 - DEBUG --> createUserData 
2016-03-13 8:54:47 - DEBUG --> UserData end:  a:0:{} 
2016-03-13 8:54:47 - DEBUG --> Archivo \components\com_jhotelreservation\classes\services\UserDataService.php 
2016-03-13 8:54:47 - DEBUG --> initializeUserData 
2016-03-13 8:54:47 - DEBUG --> UserData first: a:0:{} 
2016-03-13 8:54:47 - DEBUG --> UserData end:  a:0:{} 
2016-03-13 8:54:47 - DEBUG --> Archivo \components\com_jhotelreservation\classes\services\UserDataService.php 
2016-03-13 8:54:47 - DEBUG --> initializeReservationData 
2016-03-13 8:54:47 - DEBUG --> UserData: a:0:{} 
2016-03-13 8:54:47 - DEBUG --> Archivo \components\com_jhotelreservation\classes\services\UserDataService.php 
2016-03-13 8:54:47 - DEBUG --> updateUserData 
2016-03-13 8:54:47 - DEBUG --> Archivo \components\com_jhotelreservation\classes\services\UserDataService.php 
2016-03-13 8:54:47 - DEBUG --> getUserData 
2016-03-13 8:54:47 - DEBUG --> Archivo \components\com_jhotelreservation\classes\services\UserDataService.php 
2016-03-13 8:54:47 - DEBUG --> setCurrency 
2016-03-13 8:54:47 - DEBUG --> Archivo \components\com_jhotelreservation\classes\services\UserDataService.php 
2016-03-13 8:54:47 - DEBUG --> getUserData 
2016-03-13 8:54:47 - DEBUG --> Archivo \components\com_jhotelreservation\classes\services\UserDataService.php 
2016-03-13 8:54:47 - DEBUG --> getUserData 
2016-03-13 8:54:47 - DEBUG --> Archivo \components\com_jhotelreservation\classes\services\UserDataService.php 
2016-03-13 8:54:47 - DEBUG --> getUserData 
2016-03-13 8:54:47 - DEBUG --> Archivo \components\com_jhotelreservationiews\hotel	mpl\hoteloverview.php 
2016-03-13 8:54:47 - DEBUG --> Accedió 
2016-03-13 13:50:01 - DEBUG --> Archivo \components\com_jhotelreservation\classes\services\UserDataService.php 
2016-03-13 13:50:01 - DEBUG --> initializeUserData 
2016-03-13 13:50:01 - DEBUG --> UserData first: N; 
2016-03-13 13:50:01 - DEBUG --> Archivo \components\com_jhotelreservation\classes\services\UserDataService.php 
2016-03-13 13:50:01 - DEBUG --> createUserData 
2016-03-13 13:50:01 - DEBUG --> UserData end:  a:0:{} 
2016-03-13 13:50:01 - DEBUG --> Archivo \components\com_jhotelreservation\classes\services\UserDataService.php 
2016-03-13 13:50:01 - DEBUG --> initializeUserData 
2016-03-13 13:50:01 - DEBUG --> UserData first: a:0:{} 
2016-03-13 13:50:01 - DEBUG --> UserData end:  a:0:{} 
2016-03-13 13:50:01 - DEBUG --> Archivo \components\com_jhotelreservation\classes\services\UserDataService.php 
2016-03-13 13:50:01 - DEBUG --> initializeReservationData 
2016-03-13 13:50:01 - DEBUG --> UserData: a:0:{} 
2016-03-13 13:50:01 - DEBUG --> Archivo \components\com_jhotelreservation\classes\services\UserDataService.php 
2016-03-13 13:50:01 - DEBUG --> updateUserData 
2016-03-13 13:50:01 - DEBUG --> Archivo \components\com_jhotelreservation\classes\services\UserDataService.php 
2016-03-13 13:50:01 - DEBUG --> getUserData 
2016-03-13 13:50:01 - DEBUG --> Archivo \components\com_jhotelreservation\classes\services\UserDataService.php 
2016-03-13 13:50:01 - DEBUG --> setCurrency 
2016-03-13 13:50:01 - DEBUG --> Archivo \components\com_jhotelreservation\classes\services\UserDataService.php 
2016-03-13 13:50:01 - DEBUG --> getUserData 
2016-03-13 13:50:01 - DEBUG --> Archivo \components\com_jhotelreservation\classes\services\UserDataService.php 
2016-03-13 13:50:01 - DEBUG --> getUserData 
2016-03-13 13:50:01 - DEBUG --> Archivo \components\com_jhotelreservation\classes\services\UserDataService.php 
2016-03-13 13:50:01 - DEBUG --> getUserData 
2016-03-13 13:50:01 - DEBUG --> Archivo \components\com_jhotelreservationiews\hotel	mpl\hoteloverview.php 
2016-03-13 13:50:01 - DEBUG --> Accedió 
2016-03-13 15:10:31 - DEBUG --> Archivo \components\com_jhotelreservation\classes\services\UserDataService.php 
2016-03-13 15:10:31 - DEBUG --> initializeUserData 
2016-03-13 15:10:31 - DEBUG --> UserData first: N; 
2016-03-13 15:10:31 - DEBUG --> Archivo \components\com_jhotelreservation\classes\services\UserDataService.php 
2016-03-13 15:10:31 - DEBUG --> createUserData 
2016-03-13 15:10:31 - DEBUG --> UserData end:  a:0:{} 
2016-03-13 15:10:31 - DEBUG --> Archivo \components\com_jhotelreservation\classes\services\UserDataService.php 
2016-03-13 15:10:31 - DEBUG --> initializeUserData 
2016-03-13 15:10:31 - DEBUG --> UserData first: a:0:{} 
2016-03-13 15:10:31 - DEBUG --> UserData end:  a:0:{} 
2016-03-13 15:10:31 - DEBUG --> Archivo \components\com_jhotelreservation\classes\services\UserDataService.php 
2016-03-13 15:10:31 - DEBUG --> initializeReservationData 
2016-03-13 15:10:31 - DEBUG --> UserData: a:0:{} 
2016-03-13 15:10:31 - DEBUG --> Archivo \components\com_jhotelreservation\classes\services\UserDataService.php 
2016-03-13 15:10:31 - DEBUG --> updateUserData 
2016-03-13 15:10:31 - DEBUG --> Archivo \components\com_jhotelreservation\classes\services\UserDataService.php 
2016-03-13 15:10:31 - DEBUG --> getUserData 
2016-03-13 15:10:31 - DEBUG --> Archivo \components\com_jhotelreservation\classes\services\UserDataService.php 
2016-03-13 15:10:31 - DEBUG --> setCurrency 
2016-03-13 15:10:31 - DEBUG --> Archivo \components\com_jhotelreservation\classes\services\UserDataService.php 
2016-03-13 15:10:31 - DEBUG --> getUserData 
2016-03-13 15:10:31 - DEBUG --> Archivo \components\com_jhotelreservation\classes\services\UserDataService.php 
2016-03-13 15:10:31 - DEBUG --> getUserData 
2016-03-13 15:10:31 - DEBUG --> Archivo \components\com_jhotelreservation\classes\services\UserDataService.php 
2016-03-13 15:10:31 - DEBUG --> getUserData 
2016-03-13 15:10:31 - DEBUG --> Archivo \components\com_jhotelreservationiews\hotel	mpl\hoteloverview.php 
2016-03-13 15:10:31 - DEBUG --> Accedió 
2016-03-13 15:41:09 - DEBUG --> Archivo \components\com_jhotelreservation\classes\services\UserDataService.php 
2016-03-13 15:41:09 - DEBUG --> initializeUserData 
2016-03-13 15:41:09 - DEBUG --> UserData first: N; 
2016-03-13 15:41:09 - DEBUG --> Archivo \components\com_jhotelreservation\classes\services\UserDataService.php 
2016-03-13 15:41:09 - DEBUG --> createUserData 
2016-03-13 15:41:09 - DEBUG --> UserData end:  a:0:{} 
2016-03-13 15:41:09 - DEBUG --> Archivo \components\com_jhotelreservation\classes\services\UserDataService.php 
2016-03-13 15:41:09 - DEBUG --> initializeUserData 
2016-03-13 15:41:09 - DEBUG --> UserData first: a:0:{} 
2016-03-13 15:41:09 - DEBUG --> UserData end:  a:0:{} 
2016-03-13 15:41:09 - DEBUG --> Archivo \components\com_jhotelreservation\classes\services\UserDataService.php 
2016-03-13 15:41:09 - DEBUG --> initializeReservationData 
2016-03-13 15:41:09 - DEBUG --> UserData: a:0:{} 
2016-03-13 15:41:09 - DEBUG --> Archivo \components\com_jhotelreservation\classes\services\UserDataService.php 
2016-03-13 15:41:09 - DEBUG --> updateUserData 
2016-03-13 15:41:09 - DEBUG --> Archivo \components\com_jhotelreservation\classes\services\UserDataService.php 
2016-03-13 15:41:09 - DEBUG --> getUserData 
2016-03-13 15:41:09 - DEBUG --> Archivo \components\com_jhotelreservation\classes\services\UserDataService.php 
2016-03-13 15:41:09 - DEBUG --> setCurrency 
2016-03-13 15:41:09 - DEBUG --> Archivo \components\com_jhotelreservation\classes\services\UserDataService.php 
2016-03-13 15:41:09 - DEBUG --> getUserData 
2016-03-13 15:41:09 - DEBUG --> Archivo \components\com_jhotelreservation\classes\services\UserDataService.php 
2016-03-13 15:41:09 - DEBUG --> getUserData 
2016-03-13 15:41:09 - DEBUG --> Archivo \components\com_jhotelreservation\classes\services\UserDataService.php 
2016-03-13 15:41:09 - DEBUG --> getUserData 
2016-03-13 15:41:09 - DEBUG --> Archivo \components\com_jhotelreservationiews\hotel	mpl\hoteloverview.php 
2016-03-13 15:41:09 - DEBUG --> Accedió 
2016-03-13 18:33:51 - DEBUG --> Archivo \components\com_jhotelreservation\classes\services\UserDataService.php 
2016-03-13 18:33:51 - DEBUG --> initializeUserData 
2016-03-13 18:33:51 - DEBUG --> UserData first: N; 
2016-03-13 18:33:51 - DEBUG --> Archivo \components\com_jhotelreservation\classes\services\UserDataService.php 
2016-03-13 18:33:51 - DEBUG --> createUserData 
2016-03-13 18:33:51 - DEBUG --> UserData end:  a:0:{} 
2016-03-13 18:33:51 - DEBUG --> Archivo \components\com_jhotelreservation\classes\services\UserDataService.php 
2016-03-13 18:33:51 - DEBUG --> initializeUserData 
2016-03-13 18:33:51 - DEBUG --> UserData first: a:0:{} 
2016-03-13 18:33:51 - DEBUG --> UserData end:  a:0:{} 
2016-03-13 18:33:51 - DEBUG --> Archivo \components\com_jhotelreservation\classes\services\UserDataService.php 
2016-03-13 18:33:51 - DEBUG --> initializeReservationData 
2016-03-13 18:33:51 - DEBUG --> UserData: a:0:{} 
2016-03-13 18:33:51 - DEBUG --> Archivo \components\com_jhotelreservation\classes\services\UserDataService.php 
2016-03-13 18:33:51 - DEBUG --> updateUserData 
2016-03-13 18:33:51 - DEBUG --> Archivo \components\com_jhotelreservation\classes\services\UserDataService.php 
2016-03-13 18:33:51 - DEBUG --> getUserData 
2016-03-13 18:33:51 - DEBUG --> Archivo \components\com_jhotelreservation\classes\services\UserDataService.php 
2016-03-13 18:33:51 - DEBUG --> setCurrency 
2016-03-13 18:33:51 - DEBUG --> Archivo \components\com_jhotelreservation\classes\services\UserDataService.php 
2016-03-13 18:33:51 - DEBUG --> getUserData 
2016-03-13 18:33:51 - DEBUG --> Archivo \components\com_jhotelreservation\classes\services\UserDataService.php 
2016-03-13 18:33:51 - DEBUG --> getUserData 
2016-03-13 18:33:51 - DEBUG --> Archivo \components\com_jhotelreservation\classes\services\UserDataService.php 
2016-03-13 18:33:51 - DEBUG --> getUserData 
2016-03-13 18:33:51 - DEBUG --> Archivo \components\com_jhotelreservationiews\hotel	mpl\hoteloverview.php 
2016-03-13 18:33:51 - DEBUG --> Accedió 
2016-03-13 19:12:05 - DEBUG --> Archivo \components\com_jhotelreservation\classes\services\UserDataService.php 
2016-03-13 19:12:05 - DEBUG --> initializeUserData 
2016-03-13 19:12:05 - DEBUG --> UserData first: N; 
2016-03-13 19:12:05 - DEBUG --> Archivo \components\com_jhotelreservation\classes\services\UserDataService.php 
2016-03-13 19:12:05 - DEBUG --> createUserData 
2016-03-13 19:12:05 - DEBUG --> UserData end:  a:0:{} 
2016-03-13 19:12:05 - DEBUG --> Archivo \components\com_jhotelreservation\classes\services\UserDataService.php 
2016-03-13 19:12:05 - DEBUG --> initializeUserData 
2016-03-13 19:12:05 - DEBUG --> UserData first: a:0:{} 
2016-03-13 19:12:05 - DEBUG --> UserData end:  a:0:{} 
2016-03-13 19:12:05 - DEBUG --> Archivo \components\com_jhotelreservation\classes\services\UserDataService.php 
2016-03-13 19:12:05 - DEBUG --> initializeReservationData 
2016-03-13 19:12:05 - DEBUG --> UserData: a:0:{} 
2016-03-13 19:12:05 - DEBUG --> Archivo \components\com_jhotelreservation\classes\services\UserDataService.php 
2016-03-13 19:12:05 - DEBUG --> updateUserData 
2016-03-13 19:12:05 - DEBUG --> Archivo \components\com_jhotelreservation\classes\services\UserDataService.php 
2016-03-13 19:12:05 - DEBUG --> getUserData 
2016-03-13 19:12:05 - DEBUG --> Archivo \components\com_jhotelreservation\classes\services\UserDataService.php 
2016-03-13 19:12:05 - DEBUG --> setCurrency 
2016-03-13 19:12:05 - DEBUG --> Archivo \components\com_jhotelreservation\classes\services\UserDataService.php 
2016-03-13 19:12:05 - DEBUG --> getUserData 
2016-03-13 19:12:05 - DEBUG --> Archivo \components\com_jhotelreservation\classes\services\UserDataService.php 
2016-03-13 19:12:05 - DEBUG --> getUserData 
2016-03-13 19:12:05 - DEBUG --> Archivo \components\com_jhotelreservation\classes\services\UserDataService.php 
2016-03-13 19:12:05 - DEBUG --> getUserData 
2016-03-13 19:12:05 - DEBUG --> Archivo \components\com_jhotelreservationiews\hotel	mpl\hoteloverview.php 
2016-03-13 19:12:05 - DEBUG --> Accedió 
2016-03-13 23:50:37 - DEBUG --> Archivo \components\com_jhotelreservation\classes\services\UserDataService.php 
2016-03-13 23:50:37 - DEBUG --> initializeUserData 
2016-03-13 23:50:37 - DEBUG --> UserData first: N; 
2016-03-13 23:50:37 - DEBUG --> Archivo \components\com_jhotelreservation\classes\services\UserDataService.php 
2016-03-13 23:50:37 - DEBUG --> createUserData 
2016-03-13 23:50:37 - DEBUG --> UserData end:  a:0:{} 
2016-03-13 23:50:37 - DEBUG --> Archivo \components\com_jhotelreservation\classes\services\UserDataService.php 
2016-03-13 23:50:37 - DEBUG --> initializeUserData 
2016-03-13 23:50:37 - DEBUG --> UserData first: a:0:{} 
2016-03-13 23:50:37 - DEBUG --> UserData end:  a:0:{} 
2016-03-13 23:50:37 - DEBUG --> Archivo \components\com_jhotelreservation\classes\services\UserDataService.php 
2016-03-13 23:50:37 - DEBUG --> initializeReservationData 
2016-03-13 23:50:37 - DEBUG --> UserData: a:0:{} 
2016-03-13 23:50:37 - DEBUG --> Archivo \components\com_jhotelreservation\classes\services\UserDataService.php 
2016-03-13 23:50:37 - DEBUG --> updateUserData 
2016-03-13 23:50:37 - DEBUG --> Archivo \components\com_jhotelreservation\classes\services\UserDataService.php 
2016-03-13 23:50:37 - DEBUG --> getUserData 
2016-03-13 23:50:37 - DEBUG --> Archivo \components\com_jhotelreservation\classes\services\UserDataService.php 
2016-03-13 23:50:37 - DEBUG --> setCurrency 
2016-03-13 23:50:37 - DEBUG --> Archivo \components\com_jhotelreservation\classes\services\UserDataService.php 
2016-03-13 23:50:37 - DEBUG --> getUserData 
2016-03-13 23:50:37 - DEBUG --> Archivo \components\com_jhotelreservation\classes\services\UserDataService.php 
2016-03-13 23:50:37 - DEBUG --> getUserData 
2016-03-13 23:50:37 - DEBUG --> Archivo \components\com_jhotelreservation\classes\services\UserDataService.php 
2016-03-13 23:50:37 - DEBUG --> getUserData 
2016-03-13 23:50:37 - DEBUG --> Archivo \components\com_jhotelreservationiews\hotel	mpl\hoteloverview.php 
2016-03-13 23:50:37 - DEBUG --> Accedió 
