2016-01-15 0:22:12 - DEBUG --> Archivo \components\com_jhotelreservation\classes\services\UserDataService.php 
2016-01-15 0:22:12 - DEBUG --> initializeUserData 
2016-01-15 0:22:12 - DEBUG --> UserData first: N; 
2016-01-15 0:22:12 - DEBUG --> Archivo \components\com_jhotelreservation\classes\services\UserDataService.php 
2016-01-15 0:22:12 - DEBUG --> createUserData 
2016-01-15 0:22:12 - DEBUG --> UserData end:  a:0:{} 
2016-01-15 0:22:12 - DEBUG --> Archivo \components\com_jhotelreservation\classes\services\UserDataService.php 
2016-01-15 0:22:12 - DEBUG --> initializeUserData 
2016-01-15 0:22:12 - DEBUG --> UserData first: a:0:{} 
2016-01-15 0:22:12 - DEBUG --> UserData end:  a:0:{} 
2016-01-15 0:22:12 - DEBUG --> Archivo \components\com_jhotelreservation\classes\services\UserDataService.php 
2016-01-15 0:22:12 - DEBUG --> initializeReservationData 
2016-01-15 0:22:12 - DEBUG --> UserData: a:0:{} 
2016-01-15 0:22:12 - DEBUG --> Archivo \components\com_jhotelreservation\classes\services\UserDataService.php 
2016-01-15 0:22:12 - DEBUG --> updateUserData 
2016-01-15 0:22:12 - DEBUG --> Archivo \components\com_jhotelreservation\classes\services\UserDataService.php 
2016-01-15 0:22:12 - DEBUG --> getUserData 
2016-01-15 0:22:12 - DEBUG --> Archivo \components\com_jhotelreservation\classes\services\UserDataService.php 
2016-01-15 0:22:12 - DEBUG --> setCurrency 
2016-01-15 0:22:12 - DEBUG --> Archivo \components\com_jhotelreservation\classes\services\UserDataService.php 
2016-01-15 0:22:12 - DEBUG --> getUserData 
2016-01-15 0:22:12 - DEBUG --> Archivo \components\com_jhotelreservation\classes\services\UserDataService.php 
2016-01-15 0:22:12 - DEBUG --> getUserData 
2016-01-15 0:22:12 - DEBUG --> Archivo \components\com_jhotelreservation\classes\services\UserDataService.php 
2016-01-15 0:22:12 - DEBUG --> getUserData 
2016-01-15 0:22:12 - DEBUG --> Archivo \components\com_jhotelreservationiews\hotel	mpl\hoteloverview.php 
2016-01-15 0:22:12 - DEBUG --> Accedió 
2016-01-15 2:28:47 - DEBUG --> Archivo \components\com_jhotelreservation\classes\services\UserDataService.php 
2016-01-15 2:28:47 - DEBUG --> initializeUserData 
2016-01-15 2:28:47 - DEBUG --> UserData first: N; 
2016-01-15 2:28:47 - DEBUG --> Archivo \components\com_jhotelreservation\classes\services\UserDataService.php 
2016-01-15 2:28:47 - DEBUG --> createUserData 
2016-01-15 2:28:47 - DEBUG --> UserData end:  a:0:{} 
2016-01-15 2:28:47 - DEBUG --> Archivo \components\com_jhotelreservation\classes\services\UserDataService.php 
2016-01-15 2:28:47 - DEBUG --> initializeUserData 
2016-01-15 2:28:47 - DEBUG --> UserData first: a:0:{} 
2016-01-15 2:28:47 - DEBUG --> UserData end:  a:0:{} 
2016-01-15 2:28:47 - DEBUG --> Archivo \components\com_jhotelreservation\classes\services\UserDataService.php 
2016-01-15 2:28:47 - DEBUG --> initializeReservationData 
2016-01-15 2:28:47 - DEBUG --> UserData: a:0:{} 
2016-01-15 2:28:47 - DEBUG --> Archivo \components\com_jhotelreservation\classes\services\UserDataService.php 
2016-01-15 2:28:47 - DEBUG --> updateUserData 
2016-01-15 2:28:47 - DEBUG --> Archivo \components\com_jhotelreservation\classes\services\UserDataService.php 
2016-01-15 2:28:47 - DEBUG --> getUserData 
2016-01-15 2:28:47 - DEBUG --> Archivo \components\com_jhotelreservation\classes\services\UserDataService.php 
2016-01-15 2:28:47 - DEBUG --> setCurrency 
2016-01-15 2:28:47 - DEBUG --> Archivo \components\com_jhotelreservation\classes\services\UserDataService.php 
2016-01-15 2:28:47 - DEBUG --> getUserData 
2016-01-15 2:28:47 - DEBUG --> Archivo \components\com_jhotelreservation\classes\services\UserDataService.php 
2016-01-15 2:28:47 - DEBUG --> getUserData 
2016-01-15 2:28:47 - DEBUG --> Archivo \components\com_jhotelreservation\classes\services\UserDataService.php 
2016-01-15 2:28:47 - DEBUG --> getUserData 
2016-01-15 2:28:47 - DEBUG --> Archivo \components\com_jhotelreservationiews\hotel	mpl\hoteloverview.php 
2016-01-15 2:28:47 - DEBUG --> Accedió 
2016-01-15 12:11:50 - DEBUG --> Archivo \components\com_jhotelreservation\classes\services\UserDataService.php 
2016-01-15 12:11:50 - DEBUG --> initializeUserData 
2016-01-15 12:11:50 - DEBUG --> UserData first: N; 
2016-01-15 12:11:50 - DEBUG --> Archivo \components\com_jhotelreservation\classes\services\UserDataService.php 
2016-01-15 12:11:50 - DEBUG --> createUserData 
2016-01-15 12:11:50 - DEBUG --> UserData end:  a:0:{} 
2016-01-15 12:11:50 - DEBUG --> Archivo \components\com_jhotelreservation\classes\services\UserDataService.php 
2016-01-15 12:11:50 - DEBUG --> initializeUserData 
2016-01-15 12:11:50 - DEBUG --> UserData first: a:0:{} 
2016-01-15 12:11:50 - DEBUG --> UserData end:  a:0:{} 
2016-01-15 12:11:50 - DEBUG --> Archivo \components\com_jhotelreservation\classes\services\UserDataService.php 
2016-01-15 12:11:50 - DEBUG --> initializeReservationData 
2016-01-15 12:11:50 - DEBUG --> UserData: a:0:{} 
2016-01-15 12:11:50 - DEBUG --> Archivo \components\com_jhotelreservation\classes\services\UserDataService.php 
2016-01-15 12:11:50 - DEBUG --> updateUserData 
2016-01-15 12:11:50 - DEBUG --> Archivo \components\com_jhotelreservation\classes\services\UserDataService.php 
2016-01-15 12:11:50 - DEBUG --> getUserData 
2016-01-15 12:11:50 - DEBUG --> Archivo \components\com_jhotelreservation\classes\services\UserDataService.php 
2016-01-15 12:11:50 - DEBUG --> setCurrency 
2016-01-15 12:11:50 - DEBUG --> Archivo \components\com_jhotelreservation\classes\services\UserDataService.php 
2016-01-15 12:11:50 - DEBUG --> getUserData 
2016-01-15 12:11:50 - DEBUG --> Archivo \components\com_jhotelreservation\classes\services\UserDataService.php 
2016-01-15 12:11:50 - DEBUG --> getUserData 
2016-01-15 12:11:50 - DEBUG --> Archivo \components\com_jhotelreservation\classes\services\UserDataService.php 
2016-01-15 12:11:50 - DEBUG --> getUserData 
2016-01-15 12:11:50 - DEBUG --> Archivo \components\com_jhotelreservationiews\hotel	mpl\hoteloverview.php 
2016-01-15 12:11:50 - DEBUG --> Accedió 
2016-01-15 14:26:09 - DEBUG --> Archivo \components\com_jhotelreservation\classes\services\UserDataService.php 
2016-01-15 14:26:09 - DEBUG --> initializeUserData 
2016-01-15 14:26:09 - DEBUG --> UserData first: N; 
2016-01-15 14:26:09 - DEBUG --> Archivo \components\com_jhotelreservation\classes\services\UserDataService.php 
2016-01-15 14:26:09 - DEBUG --> createUserData 
2016-01-15 14:26:09 - DEBUG --> UserData end:  a:0:{} 
2016-01-15 14:26:09 - DEBUG --> Archivo \components\com_jhotelreservation\classes\services\UserDataService.php 
2016-01-15 14:26:09 - DEBUG --> initializeUserData 
2016-01-15 14:26:09 - DEBUG --> UserData first: a:0:{} 
2016-01-15 14:26:09 - DEBUG --> UserData end:  a:0:{} 
2016-01-15 14:26:09 - DEBUG --> Archivo \components\com_jhotelreservation\classes\services\UserDataService.php 
2016-01-15 14:26:09 - DEBUG --> initializeReservationData 
2016-01-15 14:26:09 - DEBUG --> UserData: a:0:{} 
2016-01-15 14:26:09 - DEBUG --> Archivo \components\com_jhotelreservation\classes\services\UserDataService.php 
2016-01-15 14:26:09 - DEBUG --> updateUserData 
2016-01-15 14:26:09 - DEBUG --> Archivo \components\com_jhotelreservation\classes\services\UserDataService.php 
2016-01-15 14:26:09 - DEBUG --> getUserData 
2016-01-15 14:26:09 - DEBUG --> Archivo \components\com_jhotelreservation\classes\services\UserDataService.php 
2016-01-15 14:26:09 - DEBUG --> setCurrency 
2016-01-15 14:26:09 - DEBUG --> Archivo \components\com_jhotelreservation\classes\services\UserDataService.php 
2016-01-15 14:26:09 - DEBUG --> getUserData 
2016-01-15 14:26:09 - DEBUG --> Archivo \components\com_jhotelreservation\classes\services\UserDataService.php 
2016-01-15 14:26:09 - DEBUG --> getUserData 
2016-01-15 14:26:09 - DEBUG --> Archivo \components\com_jhotelreservation\classes\services\UserDataService.php 
2016-01-15 14:26:09 - DEBUG --> getUserData 
2016-01-15 14:26:10 - DEBUG --> Archivo \components\com_jhotelreservation\classes\services\UserDataService.php 
2016-01-15 14:26:10 - DEBUG --> initializeUserData 
2016-01-15 14:26:10 - DEBUG --> UserData first: N; 
2016-01-15 14:26:10 - DEBUG --> Archivo \components\com_jhotelreservation\classes\services\UserDataService.php 
2016-01-15 14:26:10 - DEBUG --> createUserData 
2016-01-15 14:26:10 - DEBUG --> UserData end:  a:0:{} 
2016-01-15 14:26:10 - DEBUG --> Archivo \components\com_jhotelreservation\classes\services\UserDataService.php 
2016-01-15 14:26:10 - DEBUG --> initializeUserData 
2016-01-15 14:26:10 - DEBUG --> UserData first: a:0:{} 
2016-01-15 14:26:10 - DEBUG --> UserData end:  a:0:{} 
2016-01-15 14:26:10 - DEBUG --> Archivo \components\com_jhotelreservation\classes\services\UserDataService.php 
2016-01-15 14:26:10 - DEBUG --> initializeReservationData 
2016-01-15 14:26:10 - DEBUG --> UserData: a:0:{} 
2016-01-15 14:26:10 - DEBUG --> Archivo \components\com_jhotelreservation\classes\services\UserDataService.php 
2016-01-15 14:26:10 - DEBUG --> updateUserData 
2016-01-15 14:26:10 - DEBUG --> Archivo \components\com_jhotelreservation\classes\services\UserDataService.php 
2016-01-15 14:26:10 - DEBUG --> getUserData 
2016-01-15 14:26:10 - DEBUG --> Archivo \components\com_jhotelreservation\classes\services\UserDataService.php 
2016-01-15 14:26:10 - DEBUG --> setCurrency 
2016-01-15 14:26:10 - DEBUG --> Archivo \components\com_jhotelreservation\classes\services\UserDataService.php 
2016-01-15 14:26:10 - DEBUG --> getUserData 
2016-01-15 14:26:10 - DEBUG --> Archivo \components\com_jhotelreservation\classes\services\UserDataService.php 
2016-01-15 14:26:10 - DEBUG --> getUserData 
2016-01-15 14:26:10 - DEBUG --> Archivo \components\com_jhotelreservation\classes\services\UserDataService.php 
2016-01-15 14:26:10 - DEBUG --> getUserData 
2016-01-15 14:26:10 - DEBUG --> Archivo \components\com_jhotelreservationiews\hotel	mpl\hoteloverview.php 
2016-01-15 14:26:10 - DEBUG --> Accedió 
2016-01-15 14:26:11 - DEBUG --> Archivo \components\com_jhotelreservation\classes\services\UserDataService.php 
2016-01-15 14:26:11 - DEBUG --> initializeUserData 
2016-01-15 14:26:11 - DEBUG --> UserData first: N; 
2016-01-15 14:26:11 - DEBUG --> Archivo \components\com_jhotelreservation\classes\services\UserDataService.php 
2016-01-15 14:26:11 - DEBUG --> createUserData 
2016-01-15 14:26:11 - DEBUG --> UserData end:  a:0:{} 
2016-01-15 14:26:11 - DEBUG --> Archivo \components\com_jhotelreservation\classes\services\UserDataService.php 
2016-01-15 14:26:11 - DEBUG --> initializeUserData 
2016-01-15 14:26:11 - DEBUG --> UserData first: a:0:{} 
2016-01-15 14:26:11 - DEBUG --> UserData end:  a:0:{} 
2016-01-15 14:26:11 - DEBUG --> Archivo \components\com_jhotelreservation\classes\services\UserDataService.php 
2016-01-15 14:26:11 - DEBUG --> initializeReservationData 
2016-01-15 14:26:11 - DEBUG --> UserData: a:0:{} 
2016-01-15 14:26:11 - DEBUG --> Archivo \components\com_jhotelreservation\classes\services\UserDataService.php 
2016-01-15 14:26:11 - DEBUG --> updateUserData 
2016-01-15 14:26:11 - DEBUG --> Archivo \components\com_jhotelreservation\classes\services\UserDataService.php 
2016-01-15 14:26:11 - DEBUG --> getUserData 
2016-01-15 14:26:11 - DEBUG --> Archivo \components\com_jhotelreservation\classes\services\UserDataService.php 
2016-01-15 14:26:11 - DEBUG --> setCurrency 
2016-01-15 14:26:11 - DEBUG --> Archivo \components\com_jhotelreservation\classes\services\UserDataService.php 
2016-01-15 14:26:11 - DEBUG --> getUserData 
2016-01-15 14:26:11 - DEBUG --> Archivo \components\com_jhotelreservation\classes\services\UserDataService.php 
2016-01-15 14:26:11 - DEBUG --> getUserData 
2016-01-15 14:26:11 - DEBUG --> Archivo \components\com_jhotelreservation\classes\services\UserDataService.php 
2016-01-15 14:26:11 - DEBUG --> getUserData 
2016-01-15 14:26:11 - DEBUG --> Archivo \components\com_jhotelreservationiews\hotel	mpl\hoteloverview.php 
2016-01-15 14:26:11 - DEBUG --> Accedió 
2016-01-15 14:26:11 - DEBUG --> Archivo \components\com_jhotelreservation\classes\services\UserDataService.php 
2016-01-15 14:26:11 - DEBUG --> initializeUserData 
2016-01-15 14:26:11 - DEBUG --> UserData first: N; 
2016-01-15 14:26:11 - DEBUG --> Archivo \components\com_jhotelreservation\classes\services\UserDataService.php 
2016-01-15 14:26:11 - DEBUG --> createUserData 
2016-01-15 14:26:11 - DEBUG --> UserData end:  a:0:{} 
2016-01-15 14:26:11 - DEBUG --> Archivo \components\com_jhotelreservation\classes\services\UserDataService.php 
2016-01-15 14:26:11 - DEBUG --> initializeUserData 
2016-01-15 14:26:11 - DEBUG --> UserData first: a:0:{} 
2016-01-15 14:26:11 - DEBUG --> UserData end:  a:0:{} 
2016-01-15 14:26:11 - DEBUG --> Archivo \components\com_jhotelreservation\classes\services\UserDataService.php 
2016-01-15 14:26:11 - DEBUG --> initializeReservationData 
2016-01-15 14:26:11 - DEBUG --> UserData: a:0:{} 
2016-01-15 14:26:11 - DEBUG --> Archivo \components\com_jhotelreservation\classes\services\UserDataService.php 
2016-01-15 14:26:11 - DEBUG --> updateUserData 
2016-01-15 14:26:11 - DEBUG --> Archivo \components\com_jhotelreservation\classes\services\UserDataService.php 
2016-01-15 14:26:11 - DEBUG --> getUserData 
2016-01-15 14:26:11 - DEBUG --> Archivo \components\com_jhotelreservation\classes\services\UserDataService.php 
2016-01-15 14:26:11 - DEBUG --> setCurrency 
2016-01-15 14:26:11 - DEBUG --> Archivo \components\com_jhotelreservation\classes\services\UserDataService.php 
2016-01-15 14:26:11 - DEBUG --> getUserData 
2016-01-15 14:26:11 - DEBUG --> Archivo \components\com_jhotelreservation\classes\services\UserDataService.php 
2016-01-15 14:26:11 - DEBUG --> getUserData 
2016-01-15 14:26:11 - DEBUG --> Archivo \components\com_jhotelreservation\classes\services\UserDataService.php 
2016-01-15 14:26:11 - DEBUG --> getUserData 
2016-01-15 14:26:14 - DEBUG --> Archivo \components\com_jhotelreservation\classes\services\UserDataService.php 
2016-01-15 14:26:14 - DEBUG --> initializeUserData 
2016-01-15 14:26:14 - DEBUG --> UserData first: N; 
2016-01-15 14:26:14 - DEBUG --> Archivo \components\com_jhotelreservation\classes\services\UserDataService.php 
2016-01-15 14:26:14 - DEBUG --> createUserData 
2016-01-15 14:26:14 - DEBUG --> UserData end:  a:0:{} 
2016-01-15 14:26:14 - DEBUG --> Archivo \components\com_jhotelreservation\classes\services\UserDataService.php 
2016-01-15 14:26:14 - DEBUG --> initializeUserData 
2016-01-15 14:26:14 - DEBUG --> UserData first: a:0:{} 
2016-01-15 14:26:14 - DEBUG --> UserData end:  a:0:{} 
2016-01-15 14:26:14 - DEBUG --> Archivo \components\com_jhotelreservation\classes\services\UserDataService.php 
2016-01-15 14:26:14 - DEBUG --> initializeReservationData 
2016-01-15 14:26:14 - DEBUG --> UserData: a:0:{} 
2016-01-15 14:26:14 - DEBUG --> Archivo \components\com_jhotelreservation\classes\services\UserDataService.php 
2016-01-15 14:26:14 - DEBUG --> updateUserData 
2016-01-15 14:26:14 - DEBUG --> Archivo \components\com_jhotelreservation\classes\services\UserDataService.php 
2016-01-15 14:26:14 - DEBUG --> getUserData 
2016-01-15 14:26:14 - DEBUG --> Archivo \components\com_jhotelreservation\classes\services\UserDataService.php 
2016-01-15 14:26:14 - DEBUG --> setCurrency 
2016-01-15 14:26:14 - DEBUG --> Archivo \components\com_jhotelreservation\classes\services\UserDataService.php 
2016-01-15 14:26:14 - DEBUG --> getUserData 
2016-01-15 14:26:14 - DEBUG --> Archivo \components\com_jhotelreservation\classes\services\UserDataService.php 
2016-01-15 14:26:14 - DEBUG --> getUserData 
2016-01-15 14:26:14 - DEBUG --> Archivo \components\com_jhotelreservation\classes\services\UserDataService.php 
2016-01-15 14:26:14 - DEBUG --> getUserData 
2016-01-15 14:26:14 - DEBUG --> Archivo \components\com_jhotelreservationiews\hotel	mpl\hoteloverview.php 
2016-01-15 14:26:14 - DEBUG --> Accedió 
2016-01-15 14:26:15 - DEBUG --> Archivo \components\com_jhotelreservation\classes\services\UserDataService.php 
2016-01-15 14:26:15 - DEBUG --> initializeUserData 
2016-01-15 14:26:15 - DEBUG --> UserData first: N; 
2016-01-15 14:26:15 - DEBUG --> Archivo \components\com_jhotelreservation\classes\services\UserDataService.php 
2016-01-15 14:26:15 - DEBUG --> createUserData 
2016-01-15 14:26:15 - DEBUG --> UserData end:  a:0:{} 
2016-01-15 14:26:15 - DEBUG --> Archivo \components\com_jhotelreservation\classes\services\UserDataService.php 
2016-01-15 14:26:15 - DEBUG --> initializeUserData 
2016-01-15 14:26:15 - DEBUG --> UserData first: a:0:{} 
2016-01-15 14:26:15 - DEBUG --> UserData end:  a:0:{} 
2016-01-15 14:26:15 - DEBUG --> Archivo \components\com_jhotelreservation\classes\services\UserDataService.php 
2016-01-15 14:26:15 - DEBUG --> initializeReservationData 
2016-01-15 14:26:15 - DEBUG --> UserData: a:0:{} 
2016-01-15 14:26:15 - DEBUG --> Archivo \components\com_jhotelreservation\classes\services\UserDataService.php 
2016-01-15 14:26:15 - DEBUG --> updateUserData 
2016-01-15 14:26:15 - DEBUG --> Archivo \components\com_jhotelreservation\classes\services\UserDataService.php 
2016-01-15 14:26:15 - DEBUG --> getUserData 
2016-01-15 14:26:15 - DEBUG --> Archivo \components\com_jhotelreservation\classes\services\UserDataService.php 
2016-01-15 14:26:15 - DEBUG --> setCurrency 
2016-01-15 14:26:15 - DEBUG --> Archivo \components\com_jhotelreservation\classes\services\UserDataService.php 
2016-01-15 14:26:15 - DEBUG --> getUserData 
2016-01-15 14:26:15 - DEBUG --> Archivo \components\com_jhotelreservation\classes\services\UserDataService.php 
2016-01-15 14:26:15 - DEBUG --> getUserData 
2016-01-15 14:26:15 - DEBUG --> Archivo \components\com_jhotelreservation\classes\services\UserDataService.php 
2016-01-15 14:26:15 - DEBUG --> getUserData 
2016-01-15 14:26:15 - DEBUG --> Archivo \components\com_jhotelreservationiews\hotel	mpl\hoteloverview.php 
2016-01-15 14:26:15 - DEBUG --> Accedió 
2016-01-15 14:26:16 - DEBUG --> Archivo \components\com_jhotelreservation\classes\services\UserDataService.php 
2016-01-15 14:26:16 - DEBUG --> initializeUserData 
2016-01-15 14:26:16 - DEBUG --> UserData first: N; 
2016-01-15 14:26:16 - DEBUG --> Archivo \components\com_jhotelreservation\classes\services\UserDataService.php 
2016-01-15 14:26:16 - DEBUG --> createUserData 
2016-01-15 14:26:16 - DEBUG --> UserData end:  a:0:{} 
2016-01-15 14:26:16 - DEBUG --> Archivo \components\com_jhotelreservation\classes\services\UserDataService.php 
2016-01-15 14:26:16 - DEBUG --> initializeUserData 
2016-01-15 14:26:16 - DEBUG --> UserData first: a:0:{} 
2016-01-15 14:26:16 - DEBUG --> UserData end:  a:0:{} 
2016-01-15 14:26:16 - DEBUG --> Archivo \components\com_jhotelreservation\classes\services\UserDataService.php 
2016-01-15 14:26:16 - DEBUG --> initializeReservationData 
2016-01-15 14:26:16 - DEBUG --> UserData: a:0:{} 
2016-01-15 14:26:16 - DEBUG --> Archivo \components\com_jhotelreservation\classes\services\UserDataService.php 
2016-01-15 14:26:16 - DEBUG --> updateUserData 
2016-01-15 14:26:16 - DEBUG --> Archivo \components\com_jhotelreservation\classes\services\UserDataService.php 
2016-01-15 14:26:16 - DEBUG --> getUserData 
2016-01-15 14:26:16 - DEBUG --> Archivo \components\com_jhotelreservation\classes\services\UserDataService.php 
2016-01-15 14:26:16 - DEBUG --> setCurrency 
2016-01-15 14:26:16 - DEBUG --> Archivo \components\com_jhotelreservation\classes\services\UserDataService.php 
2016-01-15 14:26:16 - DEBUG --> getUserData 
2016-01-15 14:26:16 - DEBUG --> Archivo \components\com_jhotelreservation\classes\services\UserDataService.php 
2016-01-15 14:26:16 - DEBUG --> getUserData 
2016-01-15 14:26:16 - DEBUG --> Archivo \components\com_jhotelreservation\classes\services\UserDataService.php 
2016-01-15 14:26:16 - DEBUG --> getUserData 
2016-01-15 14:26:16 - DEBUG --> Archivo \components\com_jhotelreservationiews\hotel	mpl\hoteloverview.php 
2016-01-15 14:26:16 - DEBUG --> Accedió 
2016-01-15 14:26:36 - DEBUG --> Archivo \components\com_jhotelreservation\classes\services\UserDataService.php 
2016-01-15 14:26:36 - DEBUG --> initializeUserData 
2016-01-15 14:26:36 - DEBUG --> UserData first: N; 
2016-01-15 14:26:36 - DEBUG --> Archivo \components\com_jhotelreservation\classes\services\UserDataService.php 
2016-01-15 14:26:36 - DEBUG --> createUserData 
2016-01-15 14:26:36 - DEBUG --> UserData end:  a:0:{} 
2016-01-15 14:26:36 - DEBUG --> Archivo \components\com_jhotelreservation\classes\services\UserDataService.php 
2016-01-15 14:26:36 - DEBUG --> initializeUserData 
2016-01-15 14:26:36 - DEBUG --> UserData first: a:0:{} 
2016-01-15 14:26:36 - DEBUG --> UserData end:  a:0:{} 
2016-01-15 14:26:36 - DEBUG --> Archivo \components\com_jhotelreservation\classes\services\UserDataService.php 
2016-01-15 14:26:36 - DEBUG --> initializeReservationData 
2016-01-15 14:26:36 - DEBUG --> UserData: a:0:{} 
2016-01-15 14:26:36 - DEBUG --> Archivo \components\com_jhotelreservation\classes\services\UserDataService.php 
2016-01-15 14:26:36 - DEBUG --> updateUserData 
2016-01-15 14:26:36 - DEBUG --> Archivo \components\com_jhotelreservation\classes\services\UserDataService.php 
2016-01-15 14:26:36 - DEBUG --> getUserData 
2016-01-15 14:26:36 - DEBUG --> Archivo \components\com_jhotelreservation\classes\services\UserDataService.php 
2016-01-15 14:26:36 - DEBUG --> setCurrency 
2016-01-15 14:26:36 - DEBUG --> Archivo \components\com_jhotelreservation\classes\services\UserDataService.php 
2016-01-15 14:26:36 - DEBUG --> getUserData 
2016-01-15 14:26:36 - DEBUG --> Archivo \components\com_jhotelreservation\classes\services\UserDataService.php 
2016-01-15 14:26:36 - DEBUG --> getUserData 
2016-01-15 14:26:36 - DEBUG --> Archivo \components\com_jhotelreservation\classes\services\UserDataService.php 
2016-01-15 14:26:36 - DEBUG --> getUserData 
2016-01-15 14:26:36 - DEBUG --> Archivo \components\com_jhotelreservation\classes\services\UserDataService.php 
2016-01-15 14:26:36 - DEBUG --> initializeUserData 
2016-01-15 14:26:36 - DEBUG --> UserData first: N; 
2016-01-15 14:26:36 - DEBUG --> Archivo \components\com_jhotelreservation\classes\services\UserDataService.php 
2016-01-15 14:26:36 - DEBUG --> createUserData 
2016-01-15 14:26:36 - DEBUG --> UserData end:  a:0:{} 
2016-01-15 14:26:36 - DEBUG --> Archivo \components\com_jhotelreservation\classes\services\UserDataService.php 
2016-01-15 14:26:36 - DEBUG --> initializeUserData 
2016-01-15 14:26:36 - DEBUG --> UserData first: a:0:{} 
2016-01-15 14:26:36 - DEBUG --> UserData end:  a:0:{} 
2016-01-15 14:26:36 - DEBUG --> Archivo \components\com_jhotelreservation\classes\services\UserDataService.php 
2016-01-15 14:26:36 - DEBUG --> initializeReservationData 
2016-01-15 14:26:36 - DEBUG --> UserData: a:0:{} 
2016-01-15 14:26:36 - DEBUG --> Archivo \components\com_jhotelreservation\classes\services\UserDataService.php 
2016-01-15 14:26:36 - DEBUG --> updateUserData 
2016-01-15 14:26:36 - DEBUG --> Archivo \components\com_jhotelreservation\classes\services\UserDataService.php 
2016-01-15 14:26:36 - DEBUG --> getUserData 
2016-01-15 14:26:36 - DEBUG --> Archivo \components\com_jhotelreservation\classes\services\UserDataService.php 
2016-01-15 14:26:36 - DEBUG --> setCurrency 
2016-01-15 14:26:36 - DEBUG --> Archivo \components\com_jhotelreservation\classes\services\UserDataService.php 
2016-01-15 14:26:36 - DEBUG --> getUserData 
2016-01-15 14:26:36 - DEBUG --> Archivo \components\com_jhotelreservation\classes\services\UserDataService.php 
2016-01-15 14:26:36 - DEBUG --> getUserData 
2016-01-15 14:26:36 - DEBUG --> Archivo \components\com_jhotelreservation\classes\services\UserDataService.php 
2016-01-15 14:26:36 - DEBUG --> getUserData 
2016-01-15 15:23:02 - DEBUG --> Archivo \components\com_jhotelreservation\classes\services\UserDataService.php 
2016-01-15 15:23:02 - DEBUG --> initializeUserData 
2016-01-15 15:23:02 - DEBUG --> UserData first: N; 
2016-01-15 15:23:02 - DEBUG --> Archivo \components\com_jhotelreservation\classes\services\UserDataService.php 
2016-01-15 15:23:02 - DEBUG --> createUserData 
2016-01-15 15:23:02 - DEBUG --> UserData end:  a:0:{} 
2016-01-15 15:23:02 - DEBUG --> Archivo \components\com_jhotelreservation\classes\services\UserDataService.php 
2016-01-15 15:23:02 - DEBUG --> initializeUserData 
2016-01-15 15:23:02 - DEBUG --> UserData first: a:0:{} 
2016-01-15 15:23:02 - DEBUG --> UserData end:  a:0:{} 
2016-01-15 15:23:02 - DEBUG --> Archivo \components\com_jhotelreservation\classes\services\UserDataService.php 
2016-01-15 15:23:02 - DEBUG --> initializeReservationData 
2016-01-15 15:23:02 - DEBUG --> UserData: a:0:{} 
2016-01-15 15:23:02 - DEBUG --> Archivo \components\com_jhotelreservation\classes\services\UserDataService.php 
2016-01-15 15:23:02 - DEBUG --> updateUserData 
2016-01-15 15:23:02 - DEBUG --> Archivo \components\com_jhotelreservation\classes\services\UserDataService.php 
2016-01-15 15:23:02 - DEBUG --> getUserData 
2016-01-15 15:23:02 - DEBUG --> Archivo \components\com_jhotelreservation\classes\services\UserDataService.php 
2016-01-15 15:23:02 - DEBUG --> setCurrency 
2016-01-15 15:23:02 - DEBUG --> Archivo \components\com_jhotelreservation\classes\services\UserDataService.php 
2016-01-15 15:23:02 - DEBUG --> getUserData 
2016-01-15 15:23:02 - DEBUG --> Archivo \components\com_jhotelreservation\classes\services\UserDataService.php 
2016-01-15 15:23:02 - DEBUG --> getUserData 
2016-01-15 15:23:02 - DEBUG --> Archivo \components\com_jhotelreservation\classes\services\UserDataService.php 
2016-01-15 15:23:02 - DEBUG --> getUserData 
2016-01-15 15:23:02 - DEBUG --> Archivo \components\com_jhotelreservationiews\hotel	mpl\hoteloverview.php 
2016-01-15 15:23:02 - DEBUG --> Accedió 
2016-01-15 15:24:03 - DEBUG --> Archivo \components\com_jhotelreservation\classes\services\UserDataService.php 
2016-01-15 15:24:03 - DEBUG --> initializeUserData 
2016-01-15 15:24:03 - DEBUG --> UserData first: N; 
2016-01-15 15:24:03 - DEBUG --> Archivo \components\com_jhotelreservation\classes\services\UserDataService.php 
2016-01-15 15:24:03 - DEBUG --> createUserData 
2016-01-15 15:24:03 - DEBUG --> UserData end:  a:0:{} 
2016-01-15 15:24:03 - DEBUG --> Archivo \components\com_jhotelreservation\classes\services\UserDataService.php 
2016-01-15 15:24:03 - DEBUG --> initializeUserData 
2016-01-15 15:24:03 - DEBUG --> UserData first: a:0:{} 
2016-01-15 15:24:03 - DEBUG --> UserData end:  a:0:{} 
2016-01-15 15:24:03 - DEBUG --> Archivo \components\com_jhotelreservation\classes\services\UserDataService.php 
2016-01-15 15:24:03 - DEBUG --> initializeReservationData 
2016-01-15 15:24:03 - DEBUG --> UserData: a:0:{} 
2016-01-15 15:24:03 - DEBUG --> Archivo \components\com_jhotelreservation\classes\services\UserDataService.php 
2016-01-15 15:24:03 - DEBUG --> updateUserData 
2016-01-15 15:24:03 - DEBUG --> Archivo \components\com_jhotelreservation\classes\services\UserDataService.php 
2016-01-15 15:24:03 - DEBUG --> getUserData 
2016-01-15 15:24:03 - DEBUG --> Archivo \components\com_jhotelreservation\classes\services\UserDataService.php 
2016-01-15 15:24:03 - DEBUG --> setCurrency 
2016-01-15 15:24:03 - DEBUG --> Archivo \components\com_jhotelreservation\classes\services\UserDataService.php 
2016-01-15 15:24:03 - DEBUG --> getUserData 
2016-01-15 15:24:03 - DEBUG --> Archivo \components\com_jhotelreservation\classes\services\UserDataService.php 
2016-01-15 15:24:03 - DEBUG --> getUserData 
2016-01-15 15:24:03 - DEBUG --> Archivo \components\com_jhotelreservation\classes\services\UserDataService.php 
2016-01-15 15:24:03 - DEBUG --> getUserData 
2016-01-15 15:24:03 - DEBUG --> Archivo \components\com_jhotelreservationiews\hotel	mpl\hoteloverview.php 
2016-01-15 15:24:03 - DEBUG --> Accedió 
2016-01-15 15:45:20 - DEBUG --> Archivo \components\com_jhotelreservation\classes\services\UserDataService.php 
2016-01-15 15:45:20 - DEBUG --> initializeUserData 
2016-01-15 15:45:20 - DEBUG --> UserData first: N; 
2016-01-15 15:45:20 - DEBUG --> Archivo \components\com_jhotelreservation\classes\services\UserDataService.php 
2016-01-15 15:45:20 - DEBUG --> createUserData 
2016-01-15 15:45:20 - DEBUG --> UserData end:  a:0:{} 
2016-01-15 15:45:20 - DEBUG --> Archivo \components\com_jhotelreservation\classes\services\UserDataService.php 
2016-01-15 15:45:20 - DEBUG --> initializeUserData 
2016-01-15 15:45:20 - DEBUG --> UserData first: a:0:{} 
2016-01-15 15:45:20 - DEBUG --> UserData end:  a:0:{} 
2016-01-15 15:45:20 - DEBUG --> Archivo \components\com_jhotelreservation\classes\services\UserDataService.php 
2016-01-15 15:45:20 - DEBUG --> initializeReservationData 
2016-01-15 15:45:20 - DEBUG --> UserData: a:0:{} 
2016-01-15 15:45:20 - DEBUG --> Archivo \components\com_jhotelreservation\classes\services\UserDataService.php 
2016-01-15 15:45:20 - DEBUG --> updateUserData 
2016-01-15 15:45:20 - DEBUG --> Archivo \components\com_jhotelreservation\classes\services\UserDataService.php 
2016-01-15 15:45:20 - DEBUG --> getUserData 
2016-01-15 15:45:20 - DEBUG --> Archivo \components\com_jhotelreservation\classes\services\UserDataService.php 
2016-01-15 15:45:20 - DEBUG --> setCurrency 
2016-01-15 15:45:20 - DEBUG --> Archivo \components\com_jhotelreservation\classes\services\UserDataService.php 
2016-01-15 15:45:20 - DEBUG --> getUserData 
2016-01-15 15:45:20 - DEBUG --> Archivo \components\com_jhotelreservation\classes\services\UserDataService.php 
2016-01-15 15:45:20 - DEBUG --> getUserData 
2016-01-15 15:45:20 - DEBUG --> Archivo \components\com_jhotelreservation\classes\services\UserDataService.php 
2016-01-15 15:45:20 - DEBUG --> getUserData 
2016-01-15 15:45:20 - DEBUG --> Archivo \components\com_jhotelreservationiews\hotel	mpl\hoteloverview.php 
2016-01-15 15:45:20 - DEBUG --> Accedió 
2016-01-15 19:54:51 - DEBUG --> Archivo \components\com_jhotelreservation\classes\services\UserDataService.php 
2016-01-15 19:54:51 - DEBUG --> initializeUserData 
2016-01-15 19:54:51 - DEBUG --> UserData first: N; 
2016-01-15 19:54:51 - DEBUG --> Archivo \components\com_jhotelreservation\classes\services\UserDataService.php 
2016-01-15 19:54:51 - DEBUG --> createUserData 
2016-01-15 19:54:51 - DEBUG --> UserData end:  a:0:{} 
2016-01-15 19:54:51 - DEBUG --> Archivo \components\com_jhotelreservation\classes\services\UserDataService.php 
2016-01-15 19:54:51 - DEBUG --> initializeUserData 
2016-01-15 19:54:51 - DEBUG --> UserData first: a:0:{} 
2016-01-15 19:54:51 - DEBUG --> UserData end:  a:0:{} 
2016-01-15 19:54:51 - DEBUG --> Archivo \components\com_jhotelreservation\classes\services\UserDataService.php 
2016-01-15 19:54:51 - DEBUG --> initializeReservationData 
2016-01-15 19:54:51 - DEBUG --> UserData: a:0:{} 
2016-01-15 19:54:51 - DEBUG --> Archivo \components\com_jhotelreservation\classes\services\UserDataService.php 
2016-01-15 19:54:51 - DEBUG --> updateUserData 
2016-01-15 19:54:51 - DEBUG --> Archivo \components\com_jhotelreservation\classes\services\UserDataService.php 
2016-01-15 19:54:51 - DEBUG --> getUserData 
2016-01-15 19:54:51 - DEBUG --> Archivo \components\com_jhotelreservation\classes\services\UserDataService.php 
2016-01-15 19:54:51 - DEBUG --> setCurrency 
2016-01-15 19:54:51 - DEBUG --> Archivo \components\com_jhotelreservation\classes\services\UserDataService.php 
2016-01-15 19:54:51 - DEBUG --> getUserData 
2016-01-15 19:54:51 - DEBUG --> Archivo \components\com_jhotelreservation\classes\services\UserDataService.php 
2016-01-15 19:54:51 - DEBUG --> getUserData 
2016-01-15 19:54:51 - DEBUG --> Archivo \components\com_jhotelreservation\classes\services\UserDataService.php 
2016-01-15 19:54:51 - DEBUG --> getUserData 
2016-01-15 19:54:51 - DEBUG --> Archivo \components\com_jhotelreservationiews\hotel	mpl\hoteloverview.php 
2016-01-15 19:54:51 - DEBUG --> Accedió 
2016-01-15 19:54:54 - DEBUG --> Archivo \components\com_jhotelreservation\classes\services\UserDataService.php 
2016-01-15 19:54:54 - DEBUG --> initializeUserData 
2016-01-15 19:54:54 - DEBUG --> UserData first: N; 
2016-01-15 19:54:54 - DEBUG --> Archivo \components\com_jhotelreservation\classes\services\UserDataService.php 
2016-01-15 19:54:54 - DEBUG --> createUserData 
2016-01-15 19:54:54 - DEBUG --> UserData end:  a:0:{} 
2016-01-15 19:54:54 - DEBUG --> Archivo \components\com_jhotelreservation\classes\services\UserDataService.php 
2016-01-15 19:54:54 - DEBUG --> initializeUserData 
2016-01-15 19:54:54 - DEBUG --> UserData first: a:0:{} 
2016-01-15 19:54:54 - DEBUG --> UserData end:  a:0:{} 
2016-01-15 19:54:54 - DEBUG --> Archivo \components\com_jhotelreservation\classes\services\UserDataService.php 
2016-01-15 19:54:54 - DEBUG --> initializeReservationData 
2016-01-15 19:54:54 - DEBUG --> UserData: a:0:{} 
2016-01-15 19:54:54 - DEBUG --> Archivo \components\com_jhotelreservation\classes\services\UserDataService.php 
2016-01-15 19:54:54 - DEBUG --> updateUserData 
2016-01-15 19:54:54 - DEBUG --> Archivo \components\com_jhotelreservation\classes\services\UserDataService.php 
2016-01-15 19:54:54 - DEBUG --> getUserData 
2016-01-15 19:54:54 - DEBUG --> Archivo \components\com_jhotelreservation\classes\services\UserDataService.php 
2016-01-15 19:54:54 - DEBUG --> setCurrency 
2016-01-15 19:54:54 - DEBUG --> Archivo \components\com_jhotelreservation\classes\services\UserDataService.php 
2016-01-15 19:54:54 - DEBUG --> getUserData 
2016-01-15 19:54:54 - DEBUG --> Archivo \components\com_jhotelreservation\classes\services\UserDataService.php 
2016-01-15 19:54:54 - DEBUG --> getUserData 
2016-01-15 19:54:54 - DEBUG --> Archivo \components\com_jhotelreservation\classes\services\UserDataService.php 
2016-01-15 19:54:54 - DEBUG --> getUserData 
2016-01-15 19:54:54 - DEBUG --> Archivo \components\com_jhotelreservationiews\hotel	mpl\hoteloverview.php 
2016-01-15 19:54:54 - DEBUG --> Accedió 
2016-01-15 19:54:57 - DEBUG --> Archivo \components\com_jhotelreservation\classes\services\UserDataService.php 
2016-01-15 19:54:57 - DEBUG --> initializeUserData 
2016-01-15 19:54:57 - DEBUG --> UserData first: N; 
2016-01-15 19:54:57 - DEBUG --> Archivo \components\com_jhotelreservation\classes\services\UserDataService.php 
2016-01-15 19:54:57 - DEBUG --> createUserData 
2016-01-15 19:54:57 - DEBUG --> UserData end:  a:0:{} 
2016-01-15 19:54:57 - DEBUG --> Archivo \components\com_jhotelreservation\classes\services\UserDataService.php 
2016-01-15 19:54:57 - DEBUG --> initializeUserData 
2016-01-15 19:54:57 - DEBUG --> UserData first: a:0:{} 
2016-01-15 19:54:57 - DEBUG --> UserData end:  a:0:{} 
2016-01-15 19:54:57 - DEBUG --> Archivo \components\com_jhotelreservation\classes\services\UserDataService.php 
2016-01-15 19:54:57 - DEBUG --> initializeReservationData 
2016-01-15 19:54:57 - DEBUG --> UserData: a:0:{} 
2016-01-15 19:54:57 - DEBUG --> Archivo \components\com_jhotelreservation\classes\services\UserDataService.php 
2016-01-15 19:54:57 - DEBUG --> updateUserData 
2016-01-15 19:54:57 - DEBUG --> Archivo \components\com_jhotelreservation\classes\services\UserDataService.php 
2016-01-15 19:54:57 - DEBUG --> getUserData 
2016-01-15 19:54:57 - DEBUG --> Archivo \components\com_jhotelreservation\classes\services\UserDataService.php 
2016-01-15 19:54:57 - DEBUG --> setCurrency 
2016-01-15 19:54:57 - DEBUG --> Archivo \components\com_jhotelreservation\classes\services\UserDataService.php 
2016-01-15 19:54:57 - DEBUG --> getUserData 
2016-01-15 19:54:57 - DEBUG --> Archivo \components\com_jhotelreservation\classes\services\UserDataService.php 
2016-01-15 19:54:57 - DEBUG --> getUserData 
2016-01-15 19:54:57 - DEBUG --> Archivo \components\com_jhotelreservation\classes\services\UserDataService.php 
2016-01-15 19:54:57 - DEBUG --> getUserData 
2016-01-15 19:54:57 - DEBUG --> Archivo \components\com_jhotelreservationiews\hotel	mpl\hoteloverview.php 
2016-01-15 19:54:57 - DEBUG --> Accedió 
2016-01-15 19:55:00 - DEBUG --> Archivo \components\com_jhotelreservation\classes\services\UserDataService.php 
2016-01-15 19:55:00 - DEBUG --> initializeUserData 
2016-01-15 19:55:00 - DEBUG --> UserData first: N; 
2016-01-15 19:55:00 - DEBUG --> Archivo \components\com_jhotelreservation\classes\services\UserDataService.php 
2016-01-15 19:55:00 - DEBUG --> createUserData 
2016-01-15 19:55:00 - DEBUG --> UserData end:  a:0:{} 
2016-01-15 19:55:00 - DEBUG --> Archivo \components\com_jhotelreservation\classes\services\UserDataService.php 
2016-01-15 19:55:00 - DEBUG --> initializeUserData 
2016-01-15 19:55:00 - DEBUG --> UserData first: a:0:{} 
2016-01-15 19:55:00 - DEBUG --> UserData end:  a:0:{} 
2016-01-15 19:55:00 - DEBUG --> Archivo \components\com_jhotelreservation\classes\services\UserDataService.php 
2016-01-15 19:55:00 - DEBUG --> initializeReservationData 
2016-01-15 19:55:00 - DEBUG --> UserData: a:0:{} 
2016-01-15 19:55:00 - DEBUG --> Archivo \components\com_jhotelreservation\classes\services\UserDataService.php 
2016-01-15 19:55:00 - DEBUG --> updateUserData 
2016-01-15 19:55:00 - DEBUG --> Archivo \components\com_jhotelreservation\classes\services\UserDataService.php 
2016-01-15 19:55:00 - DEBUG --> getUserData 
2016-01-15 19:55:00 - DEBUG --> Archivo \components\com_jhotelreservation\classes\services\UserDataService.php 
2016-01-15 19:55:00 - DEBUG --> setCurrency 
2016-01-15 19:55:00 - DEBUG --> Archivo \components\com_jhotelreservation\classes\services\UserDataService.php 
2016-01-15 19:55:00 - DEBUG --> getUserData 
2016-01-15 19:55:00 - DEBUG --> Archivo \components\com_jhotelreservation\classes\services\UserDataService.php 
2016-01-15 19:55:00 - DEBUG --> getUserData 
2016-01-15 19:55:00 - DEBUG --> Archivo \components\com_jhotelreservation\classes\services\UserDataService.php 
2016-01-15 19:55:00 - DEBUG --> getUserData 
2016-01-15 19:55:00 - DEBUG --> Archivo \components\com_jhotelreservationiews\hotel	mpl\hoteloverview.php 
2016-01-15 19:55:00 - DEBUG --> Accedió 
2016-01-15 19:55:03 - DEBUG --> Archivo \components\com_jhotelreservation\classes\services\UserDataService.php 
2016-01-15 19:55:03 - DEBUG --> initializeUserData 
2016-01-15 19:55:03 - DEBUG --> UserData first: N; 
2016-01-15 19:55:03 - DEBUG --> Archivo \components\com_jhotelreservation\classes\services\UserDataService.php 
2016-01-15 19:55:03 - DEBUG --> createUserData 
2016-01-15 19:55:03 - DEBUG --> UserData end:  a:0:{} 
2016-01-15 19:55:03 - DEBUG --> Archivo \components\com_jhotelreservation\classes\services\UserDataService.php 
2016-01-15 19:55:03 - DEBUG --> initializeUserData 
2016-01-15 19:55:03 - DEBUG --> UserData first: a:0:{} 
2016-01-15 19:55:03 - DEBUG --> UserData end:  a:0:{} 
2016-01-15 19:55:03 - DEBUG --> Archivo \components\com_jhotelreservation\classes\services\UserDataService.php 
2016-01-15 19:55:03 - DEBUG --> initializeReservationData 
2016-01-15 19:55:03 - DEBUG --> UserData: a:0:{} 
2016-01-15 19:55:03 - DEBUG --> Archivo \components\com_jhotelreservation\classes\services\UserDataService.php 
2016-01-15 19:55:03 - DEBUG --> updateUserData 
2016-01-15 19:55:03 - DEBUG --> Archivo \components\com_jhotelreservation\classes\services\UserDataService.php 
2016-01-15 19:55:03 - DEBUG --> getUserData 
2016-01-15 19:55:03 - DEBUG --> Archivo \components\com_jhotelreservation\classes\services\UserDataService.php 
2016-01-15 19:55:03 - DEBUG --> setCurrency 
2016-01-15 19:55:03 - DEBUG --> Archivo \components\com_jhotelreservation\classes\services\UserDataService.php 
2016-01-15 19:55:03 - DEBUG --> getUserData 
2016-01-15 19:55:03 - DEBUG --> Archivo \components\com_jhotelreservation\classes\services\UserDataService.php 
2016-01-15 19:55:03 - DEBUG --> getUserData 
2016-01-15 19:55:03 - DEBUG --> Archivo \components\com_jhotelreservation\classes\services\UserDataService.php 
2016-01-15 19:55:03 - DEBUG --> getUserData 
2016-01-15 19:55:03 - DEBUG --> Archivo \components\com_jhotelreservationiews\hotel	mpl\hoteloverview.php 
2016-01-15 19:55:03 - DEBUG --> Accedió 
2016-01-15 19:55:07 - DEBUG --> Archivo \components\com_jhotelreservation\classes\services\UserDataService.php 
2016-01-15 19:55:07 - DEBUG --> initializeUserData 
2016-01-15 19:55:07 - DEBUG --> UserData first: N; 
2016-01-15 19:55:07 - DEBUG --> Archivo \components\com_jhotelreservation\classes\services\UserDataService.php 
2016-01-15 19:55:07 - DEBUG --> createUserData 
2016-01-15 19:55:07 - DEBUG --> UserData end:  a:0:{} 
2016-01-15 19:55:07 - DEBUG --> Archivo \components\com_jhotelreservation\classes\services\UserDataService.php 
2016-01-15 19:55:07 - DEBUG --> initializeUserData 
2016-01-15 19:55:07 - DEBUG --> UserData first: a:0:{} 
2016-01-15 19:55:07 - DEBUG --> UserData end:  a:0:{} 
2016-01-15 19:55:07 - DEBUG --> Archivo \components\com_jhotelreservation\classes\services\UserDataService.php 
2016-01-15 19:55:07 - DEBUG --> initializeReservationData 
2016-01-15 19:55:07 - DEBUG --> UserData: a:0:{} 
2016-01-15 19:55:07 - DEBUG --> Archivo \components\com_jhotelreservation\classes\services\UserDataService.php 
2016-01-15 19:55:07 - DEBUG --> updateUserData 
2016-01-15 19:55:07 - DEBUG --> Archivo \components\com_jhotelreservation\classes\services\UserDataService.php 
2016-01-15 19:55:07 - DEBUG --> getUserData 
2016-01-15 19:55:07 - DEBUG --> Archivo \components\com_jhotelreservation\classes\services\UserDataService.php 
2016-01-15 19:55:07 - DEBUG --> setCurrency 
2016-01-15 19:55:07 - DEBUG --> Archivo \components\com_jhotelreservation\classes\services\UserDataService.php 
2016-01-15 19:55:07 - DEBUG --> getUserData 
2016-01-15 19:55:07 - DEBUG --> Archivo \components\com_jhotelreservation\classes\services\UserDataService.php 
2016-01-15 19:55:07 - DEBUG --> getUserData 
2016-01-15 19:55:07 - DEBUG --> Archivo \components\com_jhotelreservation\classes\services\UserDataService.php 
2016-01-15 19:55:07 - DEBUG --> getUserData 
2016-01-15 19:55:07 - DEBUG --> Archivo \components\com_jhotelreservationiews\hotel	mpl\hoteloverview.php 
2016-01-15 19:55:07 - DEBUG --> Accedió 
2016-01-15 19:55:10 - DEBUG --> Archivo \components\com_jhotelreservation\classes\services\UserDataService.php 
2016-01-15 19:55:10 - DEBUG --> initializeUserData 
2016-01-15 19:55:10 - DEBUG --> UserData first: N; 
2016-01-15 19:55:10 - DEBUG --> Archivo \components\com_jhotelreservation\classes\services\UserDataService.php 
2016-01-15 19:55:10 - DEBUG --> createUserData 
2016-01-15 19:55:10 - DEBUG --> UserData end:  a:0:{} 
2016-01-15 19:55:10 - DEBUG --> Archivo \components\com_jhotelreservation\classes\services\UserDataService.php 
2016-01-15 19:55:10 - DEBUG --> initializeUserData 
2016-01-15 19:55:10 - DEBUG --> UserData first: a:0:{} 
2016-01-15 19:55:10 - DEBUG --> UserData end:  a:0:{} 
2016-01-15 19:55:10 - DEBUG --> Archivo \components\com_jhotelreservation\classes\services\UserDataService.php 
2016-01-15 19:55:10 - DEBUG --> initializeReservationData 
2016-01-15 19:55:10 - DEBUG --> UserData: a:0:{} 
2016-01-15 19:55:10 - DEBUG --> Archivo \components\com_jhotelreservation\classes\services\UserDataService.php 
2016-01-15 19:55:10 - DEBUG --> updateUserData 
2016-01-15 19:55:10 - DEBUG --> Archivo \components\com_jhotelreservation\classes\services\UserDataService.php 
2016-01-15 19:55:10 - DEBUG --> getUserData 
2016-01-15 19:55:10 - DEBUG --> Archivo \components\com_jhotelreservation\classes\services\UserDataService.php 
2016-01-15 19:55:10 - DEBUG --> setCurrency 
2016-01-15 19:55:10 - DEBUG --> Archivo \components\com_jhotelreservation\classes\services\UserDataService.php 
2016-01-15 19:55:10 - DEBUG --> getUserData 
2016-01-15 19:55:10 - DEBUG --> Archivo \components\com_jhotelreservation\classes\services\UserDataService.php 
2016-01-15 19:55:10 - DEBUG --> getUserData 
2016-01-15 19:55:10 - DEBUG --> Archivo \components\com_jhotelreservation\classes\services\UserDataService.php 
2016-01-15 19:55:10 - DEBUG --> getUserData 
2016-01-15 19:55:10 - DEBUG --> Archivo \components\com_jhotelreservationiews\hotel	mpl\hoteloverview.php 
2016-01-15 19:55:10 - DEBUG --> Accedió 
2016-01-15 19:55:12 - DEBUG --> Archivo \components\com_jhotelreservation\classes\services\UserDataService.php 
2016-01-15 19:55:12 - DEBUG --> initializeUserData 
2016-01-15 19:55:12 - DEBUG --> UserData first: N; 
2016-01-15 19:55:12 - DEBUG --> Archivo \components\com_jhotelreservation\classes\services\UserDataService.php 
2016-01-15 19:55:12 - DEBUG --> createUserData 
2016-01-15 19:55:12 - DEBUG --> UserData end:  a:0:{} 
2016-01-15 19:55:12 - DEBUG --> Archivo \components\com_jhotelreservation\classes\services\UserDataService.php 
2016-01-15 19:55:12 - DEBUG --> initializeUserData 
2016-01-15 19:55:12 - DEBUG --> UserData first: a:0:{} 
2016-01-15 19:55:12 - DEBUG --> UserData end:  a:0:{} 
2016-01-15 19:55:12 - DEBUG --> Archivo \components\com_jhotelreservation\classes\services\UserDataService.php 
2016-01-15 19:55:12 - DEBUG --> initializeReservationData 
2016-01-15 19:55:12 - DEBUG --> UserData: a:0:{} 
2016-01-15 19:55:12 - DEBUG --> Archivo \components\com_jhotelreservation\classes\services\UserDataService.php 
2016-01-15 19:55:12 - DEBUG --> updateUserData 
2016-01-15 19:55:12 - DEBUG --> Archivo \components\com_jhotelreservation\classes\services\UserDataService.php 
2016-01-15 19:55:12 - DEBUG --> getUserData 
2016-01-15 19:55:12 - DEBUG --> Archivo \components\com_jhotelreservation\classes\services\UserDataService.php 
2016-01-15 19:55:12 - DEBUG --> setCurrency 
2016-01-15 19:55:12 - DEBUG --> Archivo \components\com_jhotelreservation\classes\services\UserDataService.php 
2016-01-15 19:55:12 - DEBUG --> getUserData 
2016-01-15 19:55:12 - DEBUG --> Archivo \components\com_jhotelreservation\classes\services\UserDataService.php 
2016-01-15 19:55:12 - DEBUG --> getUserData 
2016-01-15 19:55:12 - DEBUG --> Archivo \components\com_jhotelreservation\classes\services\UserDataService.php 
2016-01-15 19:55:12 - DEBUG --> getUserData 
2016-01-15 19:55:12 - DEBUG --> Archivo \components\com_jhotelreservationiews\hotel	mpl\hoteloverview.php 
2016-01-15 19:55:12 - DEBUG --> Accedió 
2016-01-15 19:55:15 - DEBUG --> Archivo \components\com_jhotelreservation\classes\services\UserDataService.php 
2016-01-15 19:55:15 - DEBUG --> initializeUserData 
2016-01-15 19:55:15 - DEBUG --> UserData first: N; 
2016-01-15 19:55:15 - DEBUG --> Archivo \components\com_jhotelreservation\classes\services\UserDataService.php 
2016-01-15 19:55:15 - DEBUG --> createUserData 
2016-01-15 19:55:15 - DEBUG --> UserData end:  a:0:{} 
2016-01-15 19:55:15 - DEBUG --> Archivo \components\com_jhotelreservation\classes\services\UserDataService.php 
2016-01-15 19:55:15 - DEBUG --> initializeUserData 
2016-01-15 19:55:15 - DEBUG --> UserData first: a:0:{} 
2016-01-15 19:55:15 - DEBUG --> UserData end:  a:0:{} 
2016-01-15 19:55:15 - DEBUG --> Archivo \components\com_jhotelreservation\classes\services\UserDataService.php 
2016-01-15 19:55:15 - DEBUG --> initializeReservationData 
2016-01-15 19:55:15 - DEBUG --> UserData: a:0:{} 
2016-01-15 19:55:15 - DEBUG --> Archivo \components\com_jhotelreservation\classes\services\UserDataService.php 
2016-01-15 19:55:15 - DEBUG --> updateUserData 
2016-01-15 19:55:15 - DEBUG --> Archivo \components\com_jhotelreservation\classes\services\UserDataService.php 
2016-01-15 19:55:15 - DEBUG --> getUserData 
2016-01-15 19:55:15 - DEBUG --> Archivo \components\com_jhotelreservation\classes\services\UserDataService.php 
2016-01-15 19:55:15 - DEBUG --> setCurrency 
2016-01-15 19:55:15 - DEBUG --> Archivo \components\com_jhotelreservation\classes\services\UserDataService.php 
2016-01-15 19:55:15 - DEBUG --> getUserData 
2016-01-15 19:55:15 - DEBUG --> Archivo \components\com_jhotelreservation\classes\services\UserDataService.php 
2016-01-15 19:55:15 - DEBUG --> getUserData 
2016-01-15 19:55:15 - DEBUG --> Archivo \components\com_jhotelreservation\classes\services\UserDataService.php 
2016-01-15 19:55:15 - DEBUG --> getUserData 
2016-01-15 19:55:15 - DEBUG --> Archivo \components\com_jhotelreservationiews\hotel	mpl\hoteloverview.php 
2016-01-15 19:55:15 - DEBUG --> Accedió 
2016-01-15 19:55:18 - DEBUG --> Archivo \components\com_jhotelreservation\classes\services\UserDataService.php 
2016-01-15 19:55:18 - DEBUG --> initializeUserData 
2016-01-15 19:55:18 - DEBUG --> UserData first: N; 
2016-01-15 19:55:18 - DEBUG --> Archivo \components\com_jhotelreservation\classes\services\UserDataService.php 
2016-01-15 19:55:18 - DEBUG --> createUserData 
2016-01-15 19:55:18 - DEBUG --> UserData end:  a:0:{} 
2016-01-15 19:55:18 - DEBUG --> Archivo \components\com_jhotelreservation\classes\services\UserDataService.php 
2016-01-15 19:55:18 - DEBUG --> initializeUserData 
2016-01-15 19:55:18 - DEBUG --> UserData first: a:0:{} 
2016-01-15 19:55:18 - DEBUG --> UserData end:  a:0:{} 
2016-01-15 19:55:18 - DEBUG --> Archivo \components\com_jhotelreservation\classes\services\UserDataService.php 
2016-01-15 19:55:18 - DEBUG --> initializeReservationData 
2016-01-15 19:55:18 - DEBUG --> UserData: a:0:{} 
2016-01-15 19:55:18 - DEBUG --> Archivo \components\com_jhotelreservation\classes\services\UserDataService.php 
2016-01-15 19:55:18 - DEBUG --> updateUserData 
2016-01-15 19:55:18 - DEBUG --> Archivo \components\com_jhotelreservation\classes\services\UserDataService.php 
2016-01-15 19:55:18 - DEBUG --> getUserData 
2016-01-15 19:55:18 - DEBUG --> Archivo \components\com_jhotelreservation\classes\services\UserDataService.php 
2016-01-15 19:55:18 - DEBUG --> setCurrency 
2016-01-15 19:55:18 - DEBUG --> Archivo \components\com_jhotelreservation\classes\services\UserDataService.php 
2016-01-15 19:55:18 - DEBUG --> getUserData 
2016-01-15 19:55:18 - DEBUG --> Archivo \components\com_jhotelreservation\classes\services\UserDataService.php 
2016-01-15 19:55:18 - DEBUG --> getUserData 
2016-01-15 19:55:18 - DEBUG --> Archivo \components\com_jhotelreservation\classes\services\UserDataService.php 
2016-01-15 19:55:18 - DEBUG --> getUserData 
2016-01-15 19:55:18 - DEBUG --> Archivo \components\com_jhotelreservationiews\hotel	mpl\hoteloverview.php 
2016-01-15 19:55:18 - DEBUG --> Accedió 
2016-01-15 20:36:45 - DEBUG --> Archivo \components\com_jhotelreservation\classes\services\UserDataService.php 
2016-01-15 20:36:45 - DEBUG --> initializeUserData 
2016-01-15 20:36:45 - DEBUG --> UserData first: N; 
2016-01-15 20:36:45 - DEBUG --> Archivo \components\com_jhotelreservation\classes\services\UserDataService.php 
2016-01-15 20:36:45 - DEBUG --> createUserData 
2016-01-15 20:36:45 - DEBUG --> UserData end:  a:0:{} 
2016-01-15 20:36:45 - DEBUG --> Archivo \components\com_jhotelreservation\classes\services\UserDataService.php 
2016-01-15 20:36:45 - DEBUG --> initializeUserData 
2016-01-15 20:36:45 - DEBUG --> UserData first: a:0:{} 
2016-01-15 20:36:45 - DEBUG --> UserData end:  a:0:{} 
2016-01-15 20:36:45 - DEBUG --> Archivo \components\com_jhotelreservation\classes\services\UserDataService.php 
2016-01-15 20:36:45 - DEBUG --> initializeReservationData 
2016-01-15 20:36:45 - DEBUG --> UserData: a:0:{} 
2016-01-15 20:36:45 - DEBUG --> Archivo \components\com_jhotelreservation\classes\services\UserDataService.php 
2016-01-15 20:36:45 - DEBUG --> updateUserData 
2016-01-15 20:36:45 - DEBUG --> Archivo \components\com_jhotelreservation\classes\services\UserDataService.php 
2016-01-15 20:36:45 - DEBUG --> getUserData 
2016-01-15 20:36:45 - DEBUG --> Archivo \components\com_jhotelreservation\classes\services\UserDataService.php 
2016-01-15 20:36:45 - DEBUG --> setCurrency 
2016-01-15 20:36:45 - DEBUG --> Archivo \components\com_jhotelreservation\classes\services\UserDataService.php 
2016-01-15 20:36:45 - DEBUG --> getUserData 
2016-01-15 20:36:45 - DEBUG --> Archivo \components\com_jhotelreservation\classes\services\UserDataService.php 
2016-01-15 20:36:45 - DEBUG --> getUserData 
2016-01-15 20:36:45 - DEBUG --> Archivo \components\com_jhotelreservation\classes\services\UserDataService.php 
2016-01-15 20:36:45 - DEBUG --> getUserData 
2016-01-15 20:36:47 - DEBUG --> Archivo \components\com_jhotelreservation\classes\services\UserDataService.php 
2016-01-15 20:36:47 - DEBUG --> initializeUserData 
2016-01-15 20:36:47 - DEBUG --> UserData first: N; 
2016-01-15 20:36:47 - DEBUG --> Archivo \components\com_jhotelreservation\classes\services\UserDataService.php 
2016-01-15 20:36:47 - DEBUG --> createUserData 
2016-01-15 20:36:47 - DEBUG --> UserData end:  a:0:{} 
2016-01-15 20:36:47 - DEBUG --> Archivo \components\com_jhotelreservation\classes\services\UserDataService.php 
2016-01-15 20:36:47 - DEBUG --> initializeUserData 
2016-01-15 20:36:47 - DEBUG --> UserData first: a:0:{} 
2016-01-15 20:36:47 - DEBUG --> UserData end:  a:0:{} 
2016-01-15 20:36:47 - DEBUG --> Archivo \components\com_jhotelreservation\classes\services\UserDataService.php 
2016-01-15 20:36:47 - DEBUG --> initializeReservationData 
2016-01-15 20:36:47 - DEBUG --> UserData: a:0:{} 
2016-01-15 20:36:47 - DEBUG --> Archivo \components\com_jhotelreservation\classes\services\UserDataService.php 
2016-01-15 20:36:47 - DEBUG --> updateUserData 
2016-01-15 20:36:47 - DEBUG --> Archivo \components\com_jhotelreservation\classes\services\UserDataService.php 
2016-01-15 20:36:47 - DEBUG --> getUserData 
2016-01-15 20:36:47 - DEBUG --> Archivo \components\com_jhotelreservation\classes\services\UserDataService.php 
2016-01-15 20:36:47 - DEBUG --> setCurrency 
2016-01-15 20:36:47 - DEBUG --> Archivo \components\com_jhotelreservation\classes\services\UserDataService.php 
2016-01-15 20:36:47 - DEBUG --> getUserData 
2016-01-15 20:36:47 - DEBUG --> Archivo \components\com_jhotelreservation\classes\services\UserDataService.php 
2016-01-15 20:36:47 - DEBUG --> getUserData 
2016-01-15 20:36:47 - DEBUG --> Archivo \components\com_jhotelreservation\classes\services\UserDataService.php 
2016-01-15 20:36:47 - DEBUG --> getUserData 
2016-01-15 20:36:47 - DEBUG --> Archivo \components\com_jhotelreservationiews\hotel	mpl\hoteloverview.php 
2016-01-15 20:36:47 - DEBUG --> Accedió 
2016-01-15 22:31:56 - DEBUG --> Archivo \components\com_jhotelreservation\classes\services\UserDataService.php 
2016-01-15 22:31:56 - DEBUG --> initializeUserData 
2016-01-15 22:31:56 - DEBUG --> UserData first: N; 
2016-01-15 22:31:56 - DEBUG --> Archivo \components\com_jhotelreservation\classes\services\UserDataService.php 
2016-01-15 22:31:56 - DEBUG --> createUserData 
2016-01-15 22:31:56 - DEBUG --> UserData end:  a:0:{} 
2016-01-15 22:31:56 - DEBUG --> Archivo \components\com_jhotelreservation\classes\services\UserDataService.php 
2016-01-15 22:31:56 - DEBUG --> initializeUserData 
2016-01-15 22:31:56 - DEBUG --> UserData first: a:0:{} 
2016-01-15 22:31:56 - DEBUG --> UserData end:  a:0:{} 
2016-01-15 22:31:56 - DEBUG --> Archivo \components\com_jhotelreservation\classes\services\UserDataService.php 
2016-01-15 22:31:56 - DEBUG --> initializeReservationData 
2016-01-15 22:31:56 - DEBUG --> UserData: a:0:{} 
2016-01-15 22:31:56 - DEBUG --> Archivo \components\com_jhotelreservation\classes\services\UserDataService.php 
2016-01-15 22:31:56 - DEBUG --> updateUserData 
2016-01-15 22:31:56 - DEBUG --> Archivo \components\com_jhotelreservation\classes\services\UserDataService.php 
2016-01-15 22:31:56 - DEBUG --> getUserData 
2016-01-15 22:31:56 - DEBUG --> Archivo \components\com_jhotelreservation\classes\services\UserDataService.php 
2016-01-15 22:31:56 - DEBUG --> setCurrency 
2016-01-15 22:31:56 - DEBUG --> Archivo \components\com_jhotelreservation\classes\services\UserDataService.php 
2016-01-15 22:31:56 - DEBUG --> getUserData 
2016-01-15 22:31:56 - DEBUG --> Archivo \components\com_jhotelreservation\classes\services\UserDataService.php 
2016-01-15 22:31:56 - DEBUG --> getUserData 
2016-01-15 22:31:56 - DEBUG --> Archivo \components\com_jhotelreservation\classes\services\UserDataService.php 
2016-01-15 22:31:56 - DEBUG --> getUserData 
2016-01-15 22:31:56 - DEBUG --> Archivo \components\com_jhotelreservationiews\hotel	mpl\hoteloverview.php 
2016-01-15 22:31:56 - DEBUG --> Accedió 
