2016-02-27 1:20:49 - DEBUG --> Archivo \components\com_jhotelreservation\classes\services\UserDataService.php 
2016-02-27 1:20:49 - DEBUG --> initializeUserData 
2016-02-27 1:20:49 - DEBUG --> UserData first: N; 
2016-02-27 1:20:49 - DEBUG --> Archivo \components\com_jhotelreservation\classes\services\UserDataService.php 
2016-02-27 1:20:49 - DEBUG --> createUserData 
2016-02-27 1:20:49 - DEBUG --> UserData end:  a:0:{} 
2016-02-27 1:20:49 - DEBUG --> Archivo \components\com_jhotelreservation\classes\services\UserDataService.php 
2016-02-27 1:20:49 - DEBUG --> initializeUserData 
2016-02-27 1:20:49 - DEBUG --> UserData first: a:0:{} 
2016-02-27 1:20:49 - DEBUG --> UserData end:  a:0:{} 
2016-02-27 1:20:49 - DEBUG --> Archivo \components\com_jhotelreservation\classes\services\UserDataService.php 
2016-02-27 1:20:49 - DEBUG --> initializeReservationData 
2016-02-27 1:20:49 - DEBUG --> UserData: a:0:{} 
2016-02-27 1:20:49 - DEBUG --> Archivo \components\com_jhotelreservation\classes\services\UserDataService.php 
2016-02-27 1:20:49 - DEBUG --> updateUserData 
2016-02-27 1:20:49 - DEBUG --> Archivo \components\com_jhotelreservation\classes\services\UserDataService.php 
2016-02-27 1:20:49 - DEBUG --> getUserData 
2016-02-27 1:20:49 - DEBUG --> Archivo \components\com_jhotelreservation\classes\services\UserDataService.php 
2016-02-27 1:20:49 - DEBUG --> setCurrency 
2016-02-27 1:20:49 - DEBUG --> Archivo \components\com_jhotelreservation\classes\services\UserDataService.php 
2016-02-27 1:20:49 - DEBUG --> getUserData 
2016-02-27 1:20:49 - DEBUG --> Archivo \components\com_jhotelreservation\classes\services\UserDataService.php 
2016-02-27 1:20:49 - DEBUG --> getUserData 
2016-02-27 1:20:49 - DEBUG --> Archivo \components\com_jhotelreservation\classes\services\UserDataService.php 
2016-02-27 1:20:49 - DEBUG --> getUserData 
2016-02-27 1:20:49 - DEBUG --> Archivo \components\com_jhotelreservationiews\hotel	mpl\hoteloverview.php 
2016-02-27 1:20:49 - DEBUG --> Accedió 
2016-02-27 1:20:51 - DEBUG --> Archivo \components\com_jhotelreservation\classes\services\UserDataService.php 
2016-02-27 1:20:51 - DEBUG --> initializeUserData 
2016-02-27 1:20:51 - DEBUG --> UserData first: N; 
2016-02-27 1:20:51 - DEBUG --> Archivo \components\com_jhotelreservation\classes\services\UserDataService.php 
2016-02-27 1:20:51 - DEBUG --> createUserData 
2016-02-27 1:20:51 - DEBUG --> UserData end:  a:0:{} 
2016-02-27 1:20:51 - DEBUG --> Archivo \components\com_jhotelreservation\classes\services\UserDataService.php 
2016-02-27 1:20:51 - DEBUG --> initializeUserData 
2016-02-27 1:20:51 - DEBUG --> UserData first: a:0:{} 
2016-02-27 1:20:51 - DEBUG --> UserData end:  a:0:{} 
2016-02-27 1:20:51 - DEBUG --> Archivo \components\com_jhotelreservation\classes\services\UserDataService.php 
2016-02-27 1:20:51 - DEBUG --> initializeReservationData 
2016-02-27 1:20:51 - DEBUG --> UserData: a:0:{} 
2016-02-27 1:20:51 - DEBUG --> Archivo \components\com_jhotelreservation\classes\services\UserDataService.php 
2016-02-27 1:20:51 - DEBUG --> updateUserData 
2016-02-27 1:20:51 - DEBUG --> Archivo \components\com_jhotelreservation\classes\services\UserDataService.php 
2016-02-27 1:20:51 - DEBUG --> getUserData 
2016-02-27 1:20:51 - DEBUG --> Archivo \components\com_jhotelreservation\classes\services\UserDataService.php 
2016-02-27 1:20:51 - DEBUG --> setCurrency 
2016-02-27 1:20:51 - DEBUG --> Archivo \components\com_jhotelreservation\classes\services\UserDataService.php 
2016-02-27 1:20:51 - DEBUG --> getUserData 
2016-02-27 1:20:51 - DEBUG --> Archivo \components\com_jhotelreservation\classes\services\UserDataService.php 
2016-02-27 1:20:51 - DEBUG --> getUserData 
2016-02-27 1:20:51 - DEBUG --> Archivo \components\com_jhotelreservation\classes\services\UserDataService.php 
2016-02-27 1:20:51 - DEBUG --> getUserData 
2016-02-27 1:20:51 - DEBUG --> Archivo \components\com_jhotelreservationiews\hotel	mpl\hoteloverview.php 
2016-02-27 1:20:51 - DEBUG --> Accedió 
2016-02-27 1:20:53 - DEBUG --> Archivo \components\com_jhotelreservation\classes\services\UserDataService.php 
2016-02-27 1:20:53 - DEBUG --> initializeUserData 
2016-02-27 1:20:53 - DEBUG --> UserData first: N; 
2016-02-27 1:20:53 - DEBUG --> Archivo \components\com_jhotelreservation\classes\services\UserDataService.php 
2016-02-27 1:20:53 - DEBUG --> createUserData 
2016-02-27 1:20:53 - DEBUG --> UserData end:  a:0:{} 
2016-02-27 1:20:53 - DEBUG --> Archivo \components\com_jhotelreservation\classes\services\UserDataService.php 
2016-02-27 1:20:53 - DEBUG --> initializeUserData 
2016-02-27 1:20:53 - DEBUG --> UserData first: a:0:{} 
2016-02-27 1:20:53 - DEBUG --> UserData end:  a:0:{} 
2016-02-27 1:20:53 - DEBUG --> Archivo \components\com_jhotelreservation\classes\services\UserDataService.php 
2016-02-27 1:20:53 - DEBUG --> initializeReservationData 
2016-02-27 1:20:53 - DEBUG --> UserData: a:0:{} 
2016-02-27 1:20:53 - DEBUG --> Archivo \components\com_jhotelreservation\classes\services\UserDataService.php 
2016-02-27 1:20:53 - DEBUG --> updateUserData 
2016-02-27 1:20:53 - DEBUG --> Archivo \components\com_jhotelreservation\classes\services\UserDataService.php 
2016-02-27 1:20:53 - DEBUG --> getUserData 
2016-02-27 1:20:53 - DEBUG --> Archivo \components\com_jhotelreservation\classes\services\UserDataService.php 
2016-02-27 1:20:53 - DEBUG --> setCurrency 
2016-02-27 1:20:53 - DEBUG --> Archivo \components\com_jhotelreservation\classes\services\UserDataService.php 
2016-02-27 1:20:53 - DEBUG --> getUserData 
2016-02-27 1:20:53 - DEBUG --> Archivo \components\com_jhotelreservation\classes\services\UserDataService.php 
2016-02-27 1:20:53 - DEBUG --> getUserData 
2016-02-27 1:20:53 - DEBUG --> Archivo \components\com_jhotelreservation\classes\services\UserDataService.php 
2016-02-27 1:20:53 - DEBUG --> getUserData 
2016-02-27 1:20:58 - DEBUG --> Archivo \components\com_jhotelreservation\classes\services\UserDataService.php 
2016-02-27 1:20:58 - DEBUG --> initializeUserData 
2016-02-27 1:20:58 - DEBUG --> UserData first: N; 
2016-02-27 1:20:58 - DEBUG --> Archivo \components\com_jhotelreservation\classes\services\UserDataService.php 
2016-02-27 1:20:58 - DEBUG --> createUserData 
2016-02-27 1:20:58 - DEBUG --> UserData end:  a:0:{} 
2016-02-27 1:20:58 - DEBUG --> Archivo \components\com_jhotelreservation\classes\services\UserDataService.php 
2016-02-27 1:20:58 - DEBUG --> initializeUserData 
2016-02-27 1:20:58 - DEBUG --> UserData first: a:0:{} 
2016-02-27 1:20:58 - DEBUG --> UserData end:  a:0:{} 
2016-02-27 1:20:58 - DEBUG --> Archivo \components\com_jhotelreservation\classes\services\UserDataService.php 
2016-02-27 1:20:58 - DEBUG --> initializeReservationData 
2016-02-27 1:20:58 - DEBUG --> UserData: a:0:{} 
2016-02-27 1:20:58 - DEBUG --> Archivo \components\com_jhotelreservation\classes\services\UserDataService.php 
2016-02-27 1:20:58 - DEBUG --> updateUserData 
2016-02-27 1:20:58 - DEBUG --> Archivo \components\com_jhotelreservation\classes\services\UserDataService.php 
2016-02-27 1:20:58 - DEBUG --> getUserData 
2016-02-27 1:20:58 - DEBUG --> Archivo \components\com_jhotelreservation\classes\services\UserDataService.php 
2016-02-27 1:20:58 - DEBUG --> setCurrency 
2016-02-27 1:20:58 - DEBUG --> Archivo \components\com_jhotelreservation\classes\services\UserDataService.php 
2016-02-27 1:20:58 - DEBUG --> getUserData 
2016-02-27 1:20:58 - DEBUG --> Archivo \components\com_jhotelreservation\classes\services\UserDataService.php 
2016-02-27 1:20:58 - DEBUG --> getUserData 
2016-02-27 1:20:58 - DEBUG --> Archivo \components\com_jhotelreservation\classes\services\UserDataService.php 
2016-02-27 1:20:58 - DEBUG --> getUserData 
2016-02-27 1:20:58 - DEBUG --> Archivo \components\com_jhotelreservationiews\hotel	mpl\hoteloverview.php 
2016-02-27 1:20:58 - DEBUG --> Accedió 
2016-02-27 1:21:00 - DEBUG --> Archivo \components\com_jhotelreservation\classes\services\UserDataService.php 
2016-02-27 1:21:00 - DEBUG --> initializeUserData 
2016-02-27 1:21:00 - DEBUG --> UserData first: N; 
2016-02-27 1:21:00 - DEBUG --> Archivo \components\com_jhotelreservation\classes\services\UserDataService.php 
2016-02-27 1:21:00 - DEBUG --> createUserData 
2016-02-27 1:21:00 - DEBUG --> UserData end:  a:0:{} 
2016-02-27 1:21:00 - DEBUG --> Archivo \components\com_jhotelreservation\classes\services\UserDataService.php 
2016-02-27 1:21:00 - DEBUG --> initializeUserData 
2016-02-27 1:21:00 - DEBUG --> UserData first: a:0:{} 
2016-02-27 1:21:00 - DEBUG --> UserData end:  a:0:{} 
2016-02-27 1:21:00 - DEBUG --> Archivo \components\com_jhotelreservation\classes\services\UserDataService.php 
2016-02-27 1:21:00 - DEBUG --> initializeReservationData 
2016-02-27 1:21:00 - DEBUG --> UserData: a:0:{} 
2016-02-27 1:21:00 - DEBUG --> Archivo \components\com_jhotelreservation\classes\services\UserDataService.php 
2016-02-27 1:21:00 - DEBUG --> updateUserData 
2016-02-27 1:21:00 - DEBUG --> Archivo \components\com_jhotelreservation\classes\services\UserDataService.php 
2016-02-27 1:21:00 - DEBUG --> getUserData 
2016-02-27 1:21:00 - DEBUG --> Archivo \components\com_jhotelreservation\classes\services\UserDataService.php 
2016-02-27 1:21:00 - DEBUG --> setCurrency 
2016-02-27 1:21:00 - DEBUG --> Archivo \components\com_jhotelreservation\classes\services\UserDataService.php 
2016-02-27 1:21:00 - DEBUG --> getUserData 
2016-02-27 1:21:00 - DEBUG --> Archivo \components\com_jhotelreservation\classes\services\UserDataService.php 
2016-02-27 1:21:00 - DEBUG --> getUserData 
2016-02-27 1:21:00 - DEBUG --> Archivo \components\com_jhotelreservation\classes\services\UserDataService.php 
2016-02-27 1:21:00 - DEBUG --> getUserData 
2016-02-27 1:21:00 - DEBUG --> Archivo \components\com_jhotelreservationiews\hotel	mpl\hoteloverview.php 
2016-02-27 1:21:00 - DEBUG --> Accedió 
2016-02-27 1:21:03 - DEBUG --> Archivo \components\com_jhotelreservation\classes\services\UserDataService.php 
2016-02-27 1:21:03 - DEBUG --> initializeUserData 
2016-02-27 1:21:03 - DEBUG --> UserData first: N; 
2016-02-27 1:21:03 - DEBUG --> Archivo \components\com_jhotelreservation\classes\services\UserDataService.php 
2016-02-27 1:21:03 - DEBUG --> createUserData 
2016-02-27 1:21:03 - DEBUG --> UserData end:  a:0:{} 
2016-02-27 1:21:03 - DEBUG --> Archivo \components\com_jhotelreservation\classes\services\UserDataService.php 
2016-02-27 1:21:03 - DEBUG --> initializeUserData 
2016-02-27 1:21:03 - DEBUG --> UserData first: a:0:{} 
2016-02-27 1:21:03 - DEBUG --> UserData end:  a:0:{} 
2016-02-27 1:21:03 - DEBUG --> Archivo \components\com_jhotelreservation\classes\services\UserDataService.php 
2016-02-27 1:21:03 - DEBUG --> initializeReservationData 
2016-02-27 1:21:03 - DEBUG --> UserData: a:0:{} 
2016-02-27 1:21:03 - DEBUG --> Archivo \components\com_jhotelreservation\classes\services\UserDataService.php 
2016-02-27 1:21:03 - DEBUG --> updateUserData 
2016-02-27 1:21:03 - DEBUG --> Archivo \components\com_jhotelreservation\classes\services\UserDataService.php 
2016-02-27 1:21:03 - DEBUG --> getUserData 
2016-02-27 1:21:03 - DEBUG --> Archivo \components\com_jhotelreservation\classes\services\UserDataService.php 
2016-02-27 1:21:03 - DEBUG --> setCurrency 
2016-02-27 1:21:03 - DEBUG --> Archivo \components\com_jhotelreservation\classes\services\UserDataService.php 
2016-02-27 1:21:03 - DEBUG --> getUserData 
2016-02-27 1:21:03 - DEBUG --> Archivo \components\com_jhotelreservation\classes\services\UserDataService.php 
2016-02-27 1:21:03 - DEBUG --> getUserData 
2016-02-27 1:21:03 - DEBUG --> Archivo \components\com_jhotelreservation\classes\services\UserDataService.php 
2016-02-27 1:21:03 - DEBUG --> getUserData 
2016-02-27 1:22:05 - DEBUG --> Archivo \components\com_jhotelreservation\classes\services\UserDataService.php 
2016-02-27 1:22:05 - DEBUG --> initializeUserData 
2016-02-27 1:22:05 - DEBUG --> UserData first: N; 
2016-02-27 1:22:05 - DEBUG --> Archivo \components\com_jhotelreservation\classes\services\UserDataService.php 
2016-02-27 1:22:05 - DEBUG --> createUserData 
2016-02-27 1:22:05 - DEBUG --> UserData end:  a:0:{} 
2016-02-27 1:22:05 - DEBUG --> Archivo \components\com_jhotelreservation\classes\services\UserDataService.php 
2016-02-27 1:22:05 - DEBUG --> initializeUserData 
2016-02-27 1:22:05 - DEBUG --> UserData first: a:0:{} 
2016-02-27 1:22:05 - DEBUG --> UserData end:  a:0:{} 
2016-02-27 1:22:05 - DEBUG --> Archivo \components\com_jhotelreservation\classes\services\UserDataService.php 
2016-02-27 1:22:05 - DEBUG --> initializeReservationData 
2016-02-27 1:22:05 - DEBUG --> UserData: a:0:{} 
2016-02-27 1:22:05 - DEBUG --> Archivo \components\com_jhotelreservation\classes\services\UserDataService.php 
2016-02-27 1:22:05 - DEBUG --> updateUserData 
2016-02-27 1:22:05 - DEBUG --> Archivo \components\com_jhotelreservation\classes\services\UserDataService.php 
2016-02-27 1:22:05 - DEBUG --> getUserData 
2016-02-27 1:22:05 - DEBUG --> Archivo \components\com_jhotelreservation\classes\services\UserDataService.php 
2016-02-27 1:22:05 - DEBUG --> setCurrency 
2016-02-27 1:22:05 - DEBUG --> Archivo \components\com_jhotelreservation\classes\services\UserDataService.php 
2016-02-27 1:22:05 - DEBUG --> getUserData 
2016-02-27 1:22:05 - DEBUG --> Archivo \components\com_jhotelreservation\classes\services\UserDataService.php 
2016-02-27 1:22:05 - DEBUG --> getUserData 
2016-02-27 1:22:05 - DEBUG --> Archivo \components\com_jhotelreservation\classes\services\UserDataService.php 
2016-02-27 1:22:05 - DEBUG --> getUserData 
2016-02-27 3:46:17 - DEBUG --> Archivo \components\com_jhotelreservation\classes\services\UserDataService.php 
2016-02-27 3:46:17 - DEBUG --> initializeUserData 
2016-02-27 3:46:17 - DEBUG --> UserData first: N; 
2016-02-27 3:46:17 - DEBUG --> Archivo \components\com_jhotelreservation\classes\services\UserDataService.php 
2016-02-27 3:46:17 - DEBUG --> createUserData 
2016-02-27 3:46:17 - DEBUG --> UserData end:  a:0:{} 
2016-02-27 3:46:17 - DEBUG --> Archivo \components\com_jhotelreservation\classes\services\UserDataService.php 
2016-02-27 3:46:17 - DEBUG --> initializeUserData 
2016-02-27 3:46:17 - DEBUG --> UserData first: a:0:{} 
2016-02-27 3:46:17 - DEBUG --> UserData end:  a:0:{} 
2016-02-27 3:46:17 - DEBUG --> Archivo \components\com_jhotelreservation\classes\services\UserDataService.php 
2016-02-27 3:46:17 - DEBUG --> initializeReservationData 
2016-02-27 3:46:17 - DEBUG --> UserData: a:0:{} 
2016-02-27 3:46:17 - DEBUG --> Archivo \components\com_jhotelreservation\classes\services\UserDataService.php 
2016-02-27 3:46:17 - DEBUG --> updateUserData 
2016-02-27 3:46:17 - DEBUG --> Archivo \components\com_jhotelreservation\classes\services\UserDataService.php 
2016-02-27 3:46:17 - DEBUG --> getUserData 
2016-02-27 3:46:17 - DEBUG --> Archivo \components\com_jhotelreservation\classes\services\UserDataService.php 
2016-02-27 3:46:17 - DEBUG --> setCurrency 
2016-02-27 3:46:17 - DEBUG --> Archivo \components\com_jhotelreservation\classes\services\UserDataService.php 
2016-02-27 3:46:17 - DEBUG --> getUserData 
2016-02-27 3:46:17 - DEBUG --> Archivo \components\com_jhotelreservation\classes\services\UserDataService.php 
2016-02-27 3:46:17 - DEBUG --> getUserData 
2016-02-27 3:46:17 - DEBUG --> Archivo \components\com_jhotelreservation\classes\services\UserDataService.php 
2016-02-27 3:46:17 - DEBUG --> getUserData 
2016-02-27 3:46:17 - DEBUG --> Archivo \components\com_jhotelreservationiews\hotel	mpl\hoteloverview.php 
2016-02-27 3:46:17 - DEBUG --> Accedió 
2016-02-27 9:25:28 - DEBUG --> Archivo \components\com_jhotelreservation\classes\services\UserDataService.php 
2016-02-27 9:25:28 - DEBUG --> initializeUserData 
2016-02-27 9:25:28 - DEBUG --> UserData first: N; 
2016-02-27 9:25:28 - DEBUG --> Archivo \components\com_jhotelreservation\classes\services\UserDataService.php 
2016-02-27 9:25:28 - DEBUG --> createUserData 
2016-02-27 9:25:28 - DEBUG --> UserData end:  a:0:{} 
2016-02-27 9:25:28 - DEBUG --> Archivo \components\com_jhotelreservation\classes\services\UserDataService.php 
2016-02-27 9:25:28 - DEBUG --> initializeUserData 
2016-02-27 9:25:28 - DEBUG --> UserData first: a:0:{} 
2016-02-27 9:25:28 - DEBUG --> UserData end:  a:0:{} 
2016-02-27 9:25:28 - DEBUG --> Archivo \components\com_jhotelreservation\classes\services\UserDataService.php 
2016-02-27 9:25:28 - DEBUG --> initializeReservationData 
2016-02-27 9:25:28 - DEBUG --> UserData: a:0:{} 
2016-02-27 9:25:28 - DEBUG --> Archivo \components\com_jhotelreservation\classes\services\UserDataService.php 
2016-02-27 9:25:28 - DEBUG --> updateUserData 
2016-02-27 9:25:28 - DEBUG --> Archivo \components\com_jhotelreservation\classes\services\UserDataService.php 
2016-02-27 9:25:28 - DEBUG --> getUserData 
2016-02-27 9:25:28 - DEBUG --> Archivo \components\com_jhotelreservation\classes\services\UserDataService.php 
2016-02-27 9:25:28 - DEBUG --> setCurrency 
2016-02-27 9:25:28 - DEBUG --> Archivo \components\com_jhotelreservation\classes\services\UserDataService.php 
2016-02-27 9:25:28 - DEBUG --> getUserData 
2016-02-27 9:25:28 - DEBUG --> Archivo \components\com_jhotelreservation\classes\services\UserDataService.php 
2016-02-27 9:25:28 - DEBUG --> getUserData 
2016-02-27 9:25:28 - DEBUG --> Archivo \components\com_jhotelreservation\classes\services\UserDataService.php 
2016-02-27 9:25:28 - DEBUG --> getUserData 
2016-02-27 9:25:28 - DEBUG --> Archivo \components\com_jhotelreservationiews\hotel	mpl\hoteloverview.php 
2016-02-27 9:25:28 - DEBUG --> Accedió 
2016-02-27 9:26:30 - DEBUG --> Archivo \components\com_jhotelreservation\classes\services\UserDataService.php 
2016-02-27 9:26:30 - DEBUG --> initializeUserData 
2016-02-27 9:26:30 - DEBUG --> UserData first: N; 
2016-02-27 9:26:30 - DEBUG --> Archivo \components\com_jhotelreservation\classes\services\UserDataService.php 
2016-02-27 9:26:30 - DEBUG --> createUserData 
2016-02-27 9:26:30 - DEBUG --> UserData end:  a:0:{} 
2016-02-27 9:26:30 - DEBUG --> Archivo \components\com_jhotelreservation\classes\services\UserDataService.php 
2016-02-27 9:26:30 - DEBUG --> initializeUserData 
2016-02-27 9:26:30 - DEBUG --> UserData first: a:0:{} 
2016-02-27 9:26:30 - DEBUG --> UserData end:  a:0:{} 
2016-02-27 9:26:30 - DEBUG --> Archivo \components\com_jhotelreservation\classes\services\UserDataService.php 
2016-02-27 9:26:30 - DEBUG --> initializeReservationData 
2016-02-27 9:26:30 - DEBUG --> UserData: a:0:{} 
2016-02-27 9:26:30 - DEBUG --> Archivo \components\com_jhotelreservation\classes\services\UserDataService.php 
2016-02-27 9:26:30 - DEBUG --> updateUserData 
2016-02-27 9:26:30 - DEBUG --> Archivo \components\com_jhotelreservation\classes\services\UserDataService.php 
2016-02-27 9:26:30 - DEBUG --> getUserData 
2016-02-27 9:26:30 - DEBUG --> Archivo \components\com_jhotelreservation\classes\services\UserDataService.php 
2016-02-27 9:26:30 - DEBUG --> setCurrency 
2016-02-27 9:26:30 - DEBUG --> Archivo \components\com_jhotelreservation\classes\services\UserDataService.php 
2016-02-27 9:26:30 - DEBUG --> getUserData 
2016-02-27 9:26:30 - DEBUG --> Archivo \components\com_jhotelreservation\classes\services\UserDataService.php 
2016-02-27 9:26:30 - DEBUG --> getUserData 
2016-02-27 9:26:30 - DEBUG --> Archivo \components\com_jhotelreservation\classes\services\UserDataService.php 
2016-02-27 9:26:30 - DEBUG --> getUserData 
2016-02-27 9:44:10 - DEBUG --> Archivo \components\com_jhotelreservation\classes\services\UserDataService.php 
2016-02-27 9:44:10 - DEBUG --> initializeUserData 
2016-02-27 9:44:10 - DEBUG --> UserData first: N; 
2016-02-27 9:44:10 - DEBUG --> Archivo \components\com_jhotelreservation\classes\services\UserDataService.php 
2016-02-27 9:44:10 - DEBUG --> createUserData 
2016-02-27 9:44:10 - DEBUG --> UserData end:  a:0:{} 
2016-02-27 9:44:10 - DEBUG --> Archivo \components\com_jhotelreservation\classes\services\UserDataService.php 
2016-02-27 9:44:10 - DEBUG --> initializeUserData 
2016-02-27 9:44:10 - DEBUG --> UserData first: a:0:{} 
2016-02-27 9:44:10 - DEBUG --> UserData end:  a:0:{} 
2016-02-27 9:44:10 - DEBUG --> Archivo \components\com_jhotelreservation\classes\services\UserDataService.php 
2016-02-27 9:44:10 - DEBUG --> initializeReservationData 
2016-02-27 9:44:10 - DEBUG --> UserData: a:0:{} 
2016-02-27 9:44:10 - DEBUG --> Archivo \components\com_jhotelreservation\classes\services\UserDataService.php 
2016-02-27 9:44:10 - DEBUG --> updateUserData 
2016-02-27 9:44:10 - DEBUG --> Archivo \components\com_jhotelreservation\classes\services\UserDataService.php 
2016-02-27 9:44:10 - DEBUG --> getUserData 
2016-02-27 9:44:10 - DEBUG --> Archivo \components\com_jhotelreservation\classes\services\UserDataService.php 
2016-02-27 9:44:10 - DEBUG --> setCurrency 
2016-02-27 9:44:10 - DEBUG --> Archivo \components\com_jhotelreservation\classes\services\UserDataService.php 
2016-02-27 9:44:10 - DEBUG --> getUserData 
2016-02-27 9:44:10 - DEBUG --> Archivo \components\com_jhotelreservation\classes\services\UserDataService.php 
2016-02-27 9:44:10 - DEBUG --> getUserData 
2016-02-27 9:44:10 - DEBUG --> Archivo \components\com_jhotelreservation\classes\services\UserDataService.php 
2016-02-27 9:44:10 - DEBUG --> getUserData 
2016-02-27 9:44:10 - DEBUG --> Archivo \components\com_jhotelreservationiews\hotel	mpl\hoteloverview.php 
2016-02-27 9:44:10 - DEBUG --> Accedió 
2016-02-27 14:02:50 - DEBUG --> Archivo \components\com_jhotelreservation\classes\services\UserDataService.php 
2016-02-27 14:02:50 - DEBUG --> initializeUserData 
2016-02-27 14:02:50 - DEBUG --> UserData first: N; 
2016-02-27 14:02:50 - DEBUG --> Archivo \components\com_jhotelreservation\classes\services\UserDataService.php 
2016-02-27 14:02:50 - DEBUG --> createUserData 
2016-02-27 14:02:50 - DEBUG --> UserData end:  a:0:{} 
2016-02-27 14:02:50 - DEBUG --> Archivo \components\com_jhotelreservation\classes\services\UserDataService.php 
2016-02-27 14:02:50 - DEBUG --> initializeUserData 
2016-02-27 14:02:50 - DEBUG --> UserData first: a:0:{} 
2016-02-27 14:02:50 - DEBUG --> UserData end:  a:0:{} 
2016-02-27 14:02:50 - DEBUG --> Archivo \components\com_jhotelreservation\classes\services\UserDataService.php 
2016-02-27 14:02:50 - DEBUG --> initializeReservationData 
2016-02-27 14:02:50 - DEBUG --> UserData: a:0:{} 
2016-02-27 14:02:50 - DEBUG --> Archivo \components\com_jhotelreservation\classes\services\UserDataService.php 
2016-02-27 14:02:50 - DEBUG --> updateUserData 
2016-02-27 14:02:50 - DEBUG --> Archivo \components\com_jhotelreservation\classes\services\UserDataService.php 
2016-02-27 14:02:50 - DEBUG --> getUserData 
2016-02-27 14:02:50 - DEBUG --> Archivo \components\com_jhotelreservation\classes\services\UserDataService.php 
2016-02-27 14:02:50 - DEBUG --> setCurrency 
2016-02-27 14:02:50 - DEBUG --> Archivo \components\com_jhotelreservation\classes\services\UserDataService.php 
2016-02-27 14:02:50 - DEBUG --> getUserData 
2016-02-27 14:02:50 - DEBUG --> Archivo \components\com_jhotelreservation\classes\services\UserDataService.php 
2016-02-27 14:02:50 - DEBUG --> getUserData 
2016-02-27 14:02:50 - DEBUG --> Archivo \components\com_jhotelreservation\classes\services\UserDataService.php 
2016-02-27 14:02:50 - DEBUG --> getUserData 
2016-02-27 17:33:18 - DEBUG --> Archivo \components\com_jhotelreservation\classes\services\UserDataService.php 
2016-02-27 17:33:18 - DEBUG --> initializeUserData 
2016-02-27 17:33:18 - DEBUG --> UserData first: N; 
2016-02-27 17:33:18 - DEBUG --> Archivo \components\com_jhotelreservation\classes\services\UserDataService.php 
2016-02-27 17:33:18 - DEBUG --> createUserData 
2016-02-27 17:33:18 - DEBUG --> UserData end:  a:0:{} 
2016-02-27 17:33:18 - DEBUG --> Archivo \components\com_jhotelreservation\classes\services\UserDataService.php 
2016-02-27 17:33:18 - DEBUG --> initializeUserData 
2016-02-27 17:33:18 - DEBUG --> UserData first: a:0:{} 
2016-02-27 17:33:18 - DEBUG --> UserData end:  a:0:{} 
2016-02-27 17:33:18 - DEBUG --> Archivo \components\com_jhotelreservation\classes\services\UserDataService.php 
2016-02-27 17:33:18 - DEBUG --> initializeReservationData 
2016-02-27 17:33:18 - DEBUG --> UserData: a:0:{} 
2016-02-27 17:33:18 - DEBUG --> Archivo \components\com_jhotelreservation\classes\services\UserDataService.php 
2016-02-27 17:33:18 - DEBUG --> updateUserData 
2016-02-27 17:33:18 - DEBUG --> Archivo \components\com_jhotelreservation\classes\services\UserDataService.php 
2016-02-27 17:33:18 - DEBUG --> getUserData 
2016-02-27 17:33:18 - DEBUG --> Archivo \components\com_jhotelreservation\classes\services\UserDataService.php 
2016-02-27 17:33:18 - DEBUG --> setCurrency 
2016-02-27 17:33:18 - DEBUG --> Archivo \components\com_jhotelreservation\classes\services\UserDataService.php 
2016-02-27 17:33:18 - DEBUG --> getUserData 
2016-02-27 17:33:18 - DEBUG --> Archivo \components\com_jhotelreservation\classes\services\UserDataService.php 
2016-02-27 17:33:18 - DEBUG --> getUserData 
2016-02-27 17:33:18 - DEBUG --> Archivo \components\com_jhotelreservation\classes\services\UserDataService.php 
2016-02-27 17:33:18 - DEBUG --> getUserData 
2016-02-27 17:33:18 - DEBUG --> Archivo \components\com_jhotelreservationiews\hotel	mpl\hoteloverview.php 
2016-02-27 17:33:18 - DEBUG --> Accedió 
2016-02-27 19:43:54 - DEBUG --> Archivo \components\com_jhotelreservation\classes\services\UserDataService.php 
2016-02-27 19:43:54 - DEBUG --> initializeUserData 
2016-02-27 19:43:54 - DEBUG --> UserData first: N; 
2016-02-27 19:43:54 - DEBUG --> Archivo \components\com_jhotelreservation\classes\services\UserDataService.php 
2016-02-27 19:43:54 - DEBUG --> createUserData 
2016-02-27 19:43:54 - DEBUG --> UserData end:  a:0:{} 
2016-02-27 19:43:54 - DEBUG --> Archivo \components\com_jhotelreservation\classes\services\UserDataService.php 
2016-02-27 19:43:54 - DEBUG --> initializeUserData 
2016-02-27 19:43:54 - DEBUG --> UserData first: a:0:{} 
2016-02-27 19:43:54 - DEBUG --> UserData end:  a:0:{} 
2016-02-27 19:43:54 - DEBUG --> Archivo \components\com_jhotelreservation\classes\services\UserDataService.php 
2016-02-27 19:43:54 - DEBUG --> initializeReservationData 
2016-02-27 19:43:54 - DEBUG --> UserData: a:0:{} 
2016-02-27 19:43:54 - DEBUG --> Archivo \components\com_jhotelreservation\classes\services\UserDataService.php 
2016-02-27 19:43:54 - DEBUG --> updateUserData 
2016-02-27 19:43:54 - DEBUG --> Archivo \components\com_jhotelreservation\classes\services\UserDataService.php 
2016-02-27 19:43:54 - DEBUG --> getUserData 
2016-02-27 19:43:54 - DEBUG --> Archivo \components\com_jhotelreservation\classes\services\UserDataService.php 
2016-02-27 19:43:54 - DEBUG --> setCurrency 
2016-02-27 19:43:54 - DEBUG --> Archivo \components\com_jhotelreservation\classes\services\UserDataService.php 
2016-02-27 19:43:54 - DEBUG --> getUserData 
2016-02-27 19:43:54 - DEBUG --> Archivo \components\com_jhotelreservation\classes\services\UserDataService.php 
2016-02-27 19:43:54 - DEBUG --> getUserData 
2016-02-27 19:43:54 - DEBUG --> Archivo \components\com_jhotelreservation\classes\services\UserDataService.php 
2016-02-27 19:43:54 - DEBUG --> getUserData 
2016-02-27 19:43:54 - DEBUG --> Archivo \components\com_jhotelreservationiews\hotel	mpl\hoteloverview.php 
2016-02-27 19:43:54 - DEBUG --> Accedió 
2016-02-27 21:37:33 - DEBUG --> Archivo \components\com_jhotelreservation\classes\services\UserDataService.php 
2016-02-27 21:37:33 - DEBUG --> initializeUserData 
2016-02-27 21:37:33 - DEBUG --> UserData first: N; 
2016-02-27 21:37:33 - DEBUG --> Archivo \components\com_jhotelreservation\classes\services\UserDataService.php 
2016-02-27 21:37:33 - DEBUG --> createUserData 
2016-02-27 21:37:33 - DEBUG --> UserData end:  a:0:{} 
2016-02-27 21:37:33 - DEBUG --> Archivo \components\com_jhotelreservation\classes\services\UserDataService.php 
2016-02-27 21:37:33 - DEBUG --> initializeUserData 
2016-02-27 21:37:33 - DEBUG --> UserData first: a:0:{} 
2016-02-27 21:37:33 - DEBUG --> UserData end:  a:0:{} 
2016-02-27 21:37:33 - DEBUG --> Archivo \components\com_jhotelreservation\classes\services\UserDataService.php 
2016-02-27 21:37:33 - DEBUG --> initializeReservationData 
2016-02-27 21:37:33 - DEBUG --> UserData: a:0:{} 
2016-02-27 21:37:33 - DEBUG --> Archivo \components\com_jhotelreservation\classes\services\UserDataService.php 
2016-02-27 21:37:33 - DEBUG --> updateUserData 
2016-02-27 21:37:33 - DEBUG --> Archivo \components\com_jhotelreservation\classes\services\UserDataService.php 
2016-02-27 21:37:33 - DEBUG --> getUserData 
2016-02-27 21:37:33 - DEBUG --> Archivo \components\com_jhotelreservation\classes\services\UserDataService.php 
2016-02-27 21:37:33 - DEBUG --> setCurrency 
2016-02-27 21:37:33 - DEBUG --> Archivo \components\com_jhotelreservation\classes\services\UserDataService.php 
2016-02-27 21:37:33 - DEBUG --> getUserData 
2016-02-27 21:37:33 - DEBUG --> Archivo \components\com_jhotelreservation\classes\services\UserDataService.php 
2016-02-27 21:37:33 - DEBUG --> getUserData 
2016-02-27 21:37:33 - DEBUG --> Archivo \components\com_jhotelreservation\classes\services\UserDataService.php 
2016-02-27 21:37:33 - DEBUG --> getUserData 
2016-02-27 21:37:33 - DEBUG --> Archivo \components\com_jhotelreservation\classes\services\UserDataService.php 
2016-02-27 21:37:33 - DEBUG --> initializeUserData 
2016-02-27 21:37:33 - DEBUG --> UserData first: N; 
2016-02-27 21:37:33 - DEBUG --> Archivo \components\com_jhotelreservation\classes\services\UserDataService.php 
2016-02-27 21:37:33 - DEBUG --> createUserData 
2016-02-27 21:37:33 - DEBUG --> UserData end:  a:0:{} 
2016-02-27 21:37:33 - DEBUG --> Archivo \components\com_jhotelreservation\classes\services\UserDataService.php 
2016-02-27 21:37:33 - DEBUG --> initializeUserData 
2016-02-27 21:37:33 - DEBUG --> UserData first: a:0:{} 
2016-02-27 21:37:33 - DEBUG --> UserData end:  a:0:{} 
2016-02-27 21:37:33 - DEBUG --> Archivo \components\com_jhotelreservation\classes\services\UserDataService.php 
2016-02-27 21:37:33 - DEBUG --> initializeReservationData 
2016-02-27 21:37:33 - DEBUG --> UserData: a:0:{} 
2016-02-27 21:37:33 - DEBUG --> Archivo \components\com_jhotelreservation\classes\services\UserDataService.php 
2016-02-27 21:37:33 - DEBUG --> updateUserData 
2016-02-27 21:37:33 - DEBUG --> Archivo \components\com_jhotelreservation\classes\services\UserDataService.php 
2016-02-27 21:37:33 - DEBUG --> getUserData 
2016-02-27 21:37:33 - DEBUG --> Archivo \components\com_jhotelreservation\classes\services\UserDataService.php 
2016-02-27 21:37:33 - DEBUG --> setCurrency 
2016-02-27 21:37:33 - DEBUG --> Archivo \components\com_jhotelreservation\classes\services\UserDataService.php 
2016-02-27 21:37:33 - DEBUG --> getUserData 
2016-02-27 21:37:33 - DEBUG --> Archivo \components\com_jhotelreservation\classes\services\UserDataService.php 
2016-02-27 21:37:33 - DEBUG --> getUserData 
2016-02-27 21:37:33 - DEBUG --> Archivo \components\com_jhotelreservation\classes\services\UserDataService.php 
2016-02-27 21:37:33 - DEBUG --> getUserData 
2016-02-27 21:37:33 - DEBUG --> Archivo \components\com_jhotelreservationiews\hotel	mpl\hoteloverview.php 
2016-02-27 21:37:33 - DEBUG --> Accedió 
2016-02-27 21:37:34 - DEBUG --> Archivo \components\com_jhotelreservation\classes\services\UserDataService.php 
2016-02-27 21:37:34 - DEBUG --> initializeUserData 
2016-02-27 21:37:34 - DEBUG --> UserData first: N; 
2016-02-27 21:37:34 - DEBUG --> Archivo \components\com_jhotelreservation\classes\services\UserDataService.php 
2016-02-27 21:37:34 - DEBUG --> createUserData 
2016-02-27 21:37:34 - DEBUG --> UserData end:  a:0:{} 
2016-02-27 21:37:34 - DEBUG --> Archivo \components\com_jhotelreservation\classes\services\UserDataService.php 
2016-02-27 21:37:34 - DEBUG --> initializeUserData 
2016-02-27 21:37:34 - DEBUG --> UserData first: a:0:{} 
2016-02-27 21:37:34 - DEBUG --> UserData end:  a:0:{} 
2016-02-27 21:37:34 - DEBUG --> Archivo \components\com_jhotelreservation\classes\services\UserDataService.php 
2016-02-27 21:37:34 - DEBUG --> initializeReservationData 
2016-02-27 21:37:34 - DEBUG --> UserData: a:0:{} 
2016-02-27 21:37:34 - DEBUG --> Archivo \components\com_jhotelreservation\classes\services\UserDataService.php 
2016-02-27 21:37:34 - DEBUG --> updateUserData 
2016-02-27 21:37:34 - DEBUG --> Archivo \components\com_jhotelreservation\classes\services\UserDataService.php 
2016-02-27 21:37:34 - DEBUG --> getUserData 
2016-02-27 21:37:34 - DEBUG --> Archivo \components\com_jhotelreservation\classes\services\UserDataService.php 
2016-02-27 21:37:34 - DEBUG --> setCurrency 
2016-02-27 21:37:34 - DEBUG --> Archivo \components\com_jhotelreservation\classes\services\UserDataService.php 
2016-02-27 21:37:34 - DEBUG --> getUserData 
2016-02-27 21:37:34 - DEBUG --> Archivo \components\com_jhotelreservation\classes\services\UserDataService.php 
2016-02-27 21:37:34 - DEBUG --> getUserData 
2016-02-27 21:37:34 - DEBUG --> Archivo \components\com_jhotelreservation\classes\services\UserDataService.php 
2016-02-27 21:37:34 - DEBUG --> getUserData 
2016-02-27 21:37:34 - DEBUG --> Archivo \components\com_jhotelreservationiews\hotel	mpl\hoteloverview.php 
2016-02-27 21:37:34 - DEBUG --> Accedió 
2016-02-27 21:37:37 - DEBUG --> Archivo \components\com_jhotelreservation\classes\services\UserDataService.php 
2016-02-27 21:37:37 - DEBUG --> initializeUserData 
2016-02-27 21:37:37 - DEBUG --> UserData first: N; 
2016-02-27 21:37:37 - DEBUG --> Archivo \components\com_jhotelreservation\classes\services\UserDataService.php 
2016-02-27 21:37:37 - DEBUG --> createUserData 
2016-02-27 21:37:37 - DEBUG --> UserData end:  a:0:{} 
2016-02-27 21:37:37 - DEBUG --> Archivo \components\com_jhotelreservation\classes\services\UserDataService.php 
2016-02-27 21:37:37 - DEBUG --> initializeUserData 
2016-02-27 21:37:37 - DEBUG --> UserData first: a:0:{} 
2016-02-27 21:37:37 - DEBUG --> UserData end:  a:0:{} 
2016-02-27 21:37:37 - DEBUG --> Archivo \components\com_jhotelreservation\classes\services\UserDataService.php 
2016-02-27 21:37:37 - DEBUG --> initializeReservationData 
2016-02-27 21:37:37 - DEBUG --> UserData: a:0:{} 
2016-02-27 21:37:37 - DEBUG --> Archivo \components\com_jhotelreservation\classes\services\UserDataService.php 
2016-02-27 21:37:37 - DEBUG --> updateUserData 
2016-02-27 21:37:37 - DEBUG --> Archivo \components\com_jhotelreservation\classes\services\UserDataService.php 
2016-02-27 21:37:37 - DEBUG --> getUserData 
2016-02-27 21:37:37 - DEBUG --> Archivo \components\com_jhotelreservation\classes\services\UserDataService.php 
2016-02-27 21:37:37 - DEBUG --> setCurrency 
2016-02-27 21:37:37 - DEBUG --> Archivo \components\com_jhotelreservation\classes\services\UserDataService.php 
2016-02-27 21:37:37 - DEBUG --> getUserData 
2016-02-27 21:37:37 - DEBUG --> Archivo \components\com_jhotelreservation\classes\services\UserDataService.php 
2016-02-27 21:37:37 - DEBUG --> getUserData 
2016-02-27 21:37:37 - DEBUG --> Archivo \components\com_jhotelreservation\classes\services\UserDataService.php 
2016-02-27 21:37:37 - DEBUG --> getUserData 
2016-02-27 21:37:37 - DEBUG --> Archivo \components\com_jhotelreservationiews\hotel	mpl\hoteloverview.php 
2016-02-27 21:37:37 - DEBUG --> Accedió 
2016-02-27 21:37:38 - DEBUG --> Archivo \components\com_jhotelreservation\classes\services\UserDataService.php 
2016-02-27 21:37:38 - DEBUG --> initializeUserData 
2016-02-27 21:37:38 - DEBUG --> UserData first: N; 
2016-02-27 21:37:38 - DEBUG --> Archivo \components\com_jhotelreservation\classes\services\UserDataService.php 
2016-02-27 21:37:38 - DEBUG --> createUserData 
2016-02-27 21:37:38 - DEBUG --> UserData end:  a:0:{} 
2016-02-27 21:37:38 - DEBUG --> Archivo \components\com_jhotelreservation\classes\services\UserDataService.php 
2016-02-27 21:37:38 - DEBUG --> initializeUserData 
2016-02-27 21:37:38 - DEBUG --> UserData first: a:0:{} 
2016-02-27 21:37:38 - DEBUG --> UserData end:  a:0:{} 
2016-02-27 21:37:38 - DEBUG --> Archivo \components\com_jhotelreservation\classes\services\UserDataService.php 
2016-02-27 21:37:38 - DEBUG --> initializeReservationData 
2016-02-27 21:37:38 - DEBUG --> UserData: a:0:{} 
2016-02-27 21:37:38 - DEBUG --> Archivo \components\com_jhotelreservation\classes\services\UserDataService.php 
2016-02-27 21:37:38 - DEBUG --> updateUserData 
2016-02-27 21:37:38 - DEBUG --> Archivo \components\com_jhotelreservation\classes\services\UserDataService.php 
2016-02-27 21:37:38 - DEBUG --> getUserData 
2016-02-27 21:37:38 - DEBUG --> Archivo \components\com_jhotelreservation\classes\services\UserDataService.php 
2016-02-27 21:37:38 - DEBUG --> setCurrency 
2016-02-27 21:37:38 - DEBUG --> Archivo \components\com_jhotelreservation\classes\services\UserDataService.php 
2016-02-27 21:37:38 - DEBUG --> getUserData 
2016-02-27 21:37:38 - DEBUG --> Archivo \components\com_jhotelreservation\classes\services\UserDataService.php 
2016-02-27 21:37:38 - DEBUG --> getUserData 
2016-02-27 21:37:38 - DEBUG --> Archivo \components\com_jhotelreservation\classes\services\UserDataService.php 
2016-02-27 21:37:38 - DEBUG --> getUserData 
2016-02-27 21:37:38 - DEBUG --> Archivo \components\com_jhotelreservationiews\hotel	mpl\hoteloverview.php 
2016-02-27 21:37:38 - DEBUG --> Accedió 
2016-02-27 21:37:52 - DEBUG --> Archivo \components\com_jhotelreservation\classes\services\UserDataService.php 
2016-02-27 21:37:52 - DEBUG --> initializeUserData 
2016-02-27 21:37:52 - DEBUG --> UserData first: N; 
2016-02-27 21:37:52 - DEBUG --> Archivo \components\com_jhotelreservation\classes\services\UserDataService.php 
2016-02-27 21:37:52 - DEBUG --> createUserData 
2016-02-27 21:37:52 - DEBUG --> UserData end:  a:0:{} 
2016-02-27 21:37:52 - DEBUG --> Archivo \components\com_jhotelreservation\classes\services\UserDataService.php 
2016-02-27 21:37:52 - DEBUG --> initializeUserData 
2016-02-27 21:37:52 - DEBUG --> UserData first: a:0:{} 
2016-02-27 21:37:52 - DEBUG --> UserData end:  a:0:{} 
2016-02-27 21:37:52 - DEBUG --> Archivo \components\com_jhotelreservation\classes\services\UserDataService.php 
2016-02-27 21:37:52 - DEBUG --> initializeReservationData 
2016-02-27 21:37:52 - DEBUG --> UserData: a:0:{} 
2016-02-27 21:37:52 - DEBUG --> Archivo \components\com_jhotelreservation\classes\services\UserDataService.php 
2016-02-27 21:37:52 - DEBUG --> updateUserData 
2016-02-27 21:37:52 - DEBUG --> Archivo \components\com_jhotelreservation\classes\services\UserDataService.php 
2016-02-27 21:37:52 - DEBUG --> getUserData 
2016-02-27 21:37:52 - DEBUG --> Archivo \components\com_jhotelreservation\classes\services\UserDataService.php 
2016-02-27 21:37:52 - DEBUG --> setCurrency 
2016-02-27 21:37:52 - DEBUG --> Archivo \components\com_jhotelreservation\classes\services\UserDataService.php 
2016-02-27 21:37:52 - DEBUG --> getUserData 
2016-02-27 21:37:52 - DEBUG --> Archivo \components\com_jhotelreservation\classes\services\UserDataService.php 
2016-02-27 21:37:52 - DEBUG --> getUserData 
2016-02-27 21:37:52 - DEBUG --> Archivo \components\com_jhotelreservation\classes\services\UserDataService.php 
2016-02-27 21:37:52 - DEBUG --> getUserData 
2016-02-27 21:37:52 - DEBUG --> Archivo \components\com_jhotelreservationiews\hotel	mpl\hoteloverview.php 
2016-02-27 21:37:52 - DEBUG --> Accedió 
2016-02-27 21:37:53 - DEBUG --> Archivo \components\com_jhotelreservation\classes\services\UserDataService.php 
2016-02-27 21:37:53 - DEBUG --> initializeUserData 
2016-02-27 21:37:53 - DEBUG --> UserData first: N; 
2016-02-27 21:37:53 - DEBUG --> Archivo \components\com_jhotelreservation\classes\services\UserDataService.php 
2016-02-27 21:37:53 - DEBUG --> createUserData 
2016-02-27 21:37:53 - DEBUG --> UserData end:  a:0:{} 
2016-02-27 21:37:53 - DEBUG --> Archivo \components\com_jhotelreservation\classes\services\UserDataService.php 
2016-02-27 21:37:53 - DEBUG --> initializeUserData 
2016-02-27 21:37:53 - DEBUG --> UserData first: a:0:{} 
2016-02-27 21:37:53 - DEBUG --> UserData end:  a:0:{} 
2016-02-27 21:37:53 - DEBUG --> Archivo \components\com_jhotelreservation\classes\services\UserDataService.php 
2016-02-27 21:37:53 - DEBUG --> initializeReservationData 
2016-02-27 21:37:53 - DEBUG --> UserData: a:0:{} 
2016-02-27 21:37:53 - DEBUG --> Archivo \components\com_jhotelreservation\classes\services\UserDataService.php 
2016-02-27 21:37:53 - DEBUG --> updateUserData 
2016-02-27 21:37:53 - DEBUG --> Archivo \components\com_jhotelreservation\classes\services\UserDataService.php 
2016-02-27 21:37:53 - DEBUG --> getUserData 
2016-02-27 21:37:53 - DEBUG --> Archivo \components\com_jhotelreservation\classes\services\UserDataService.php 
2016-02-27 21:37:53 - DEBUG --> setCurrency 
2016-02-27 21:37:53 - DEBUG --> Archivo \components\com_jhotelreservation\classes\services\UserDataService.php 
2016-02-27 21:37:53 - DEBUG --> getUserData 
2016-02-27 21:37:53 - DEBUG --> Archivo \components\com_jhotelreservation\classes\services\UserDataService.php 
2016-02-27 21:37:53 - DEBUG --> getUserData 
2016-02-27 21:37:53 - DEBUG --> Archivo \components\com_jhotelreservation\classes\services\UserDataService.php 
2016-02-27 21:37:53 - DEBUG --> getUserData 
2016-02-27 21:37:53 - DEBUG --> Archivo \components\com_jhotelreservationiews\hotel	mpl\hoteloverview.php 
2016-02-27 21:37:53 - DEBUG --> Accedió 
2016-02-27 21:37:55 - DEBUG --> Archivo \components\com_jhotelreservation\classes\services\UserDataService.php 
2016-02-27 21:37:55 - DEBUG --> initializeUserData 
2016-02-27 21:37:55 - DEBUG --> UserData first: N; 
2016-02-27 21:37:55 - DEBUG --> Archivo \components\com_jhotelreservation\classes\services\UserDataService.php 
2016-02-27 21:37:55 - DEBUG --> createUserData 
2016-02-27 21:37:55 - DEBUG --> UserData end:  a:0:{} 
2016-02-27 21:37:56 - DEBUG --> Archivo \components\com_jhotelreservation\classes\services\UserDataService.php 
2016-02-27 21:37:56 - DEBUG --> initializeUserData 
2016-02-27 21:37:56 - DEBUG --> UserData first: N; 
2016-02-27 21:37:56 - DEBUG --> Archivo \components\com_jhotelreservation\classes\services\UserDataService.php 
2016-02-27 21:37:56 - DEBUG --> createUserData 
2016-02-27 21:37:56 - DEBUG --> UserData end:  a:0:{} 
2016-02-27 21:37:56 - DEBUG --> Archivo \components\com_jhotelreservation\classes\services\UserDataService.php 
2016-02-27 21:37:56 - DEBUG --> initializeUserData 
2016-02-27 21:37:56 - DEBUG --> UserData first: N; 
2016-02-27 21:37:56 - DEBUG --> Archivo \components\com_jhotelreservation\classes\services\UserDataService.php 
2016-02-27 21:37:56 - DEBUG --> createUserData 
2016-02-27 21:37:56 - DEBUG --> UserData end:  a:0:{} 
2016-02-27 21:37:56 - DEBUG --> Archivo \components\com_jhotelreservation\classes\services\UserDataService.php 
2016-02-27 21:37:56 - DEBUG --> initializeUserData 
2016-02-27 21:37:56 - DEBUG --> UserData first: a:0:{} 
2016-02-27 21:37:56 - DEBUG --> UserData end:  a:0:{} 
2016-02-27 21:37:56 - DEBUG --> Archivo \components\com_jhotelreservation\classes\services\UserDataService.php 
2016-02-27 21:37:56 - DEBUG --> initializeReservationData 
2016-02-27 21:37:56 - DEBUG --> UserData: a:0:{} 
2016-02-27 21:37:56 - DEBUG --> Archivo \components\com_jhotelreservation\classes\services\UserDataService.php 
2016-02-27 21:37:56 - DEBUG --> initializeUserData 
2016-02-27 21:37:56 - DEBUG --> UserData first: a:0:{} 
2016-02-27 21:37:56 - DEBUG --> UserData end:  a:0:{} 
2016-02-27 21:37:56 - DEBUG --> Archivo \components\com_jhotelreservation\classes\services\UserDataService.php 
2016-02-27 21:37:56 - DEBUG --> initializeReservationData 
2016-02-27 21:37:56 - DEBUG --> UserData: a:0:{} 
2016-02-27 21:37:56 - DEBUG --> Archivo \components\com_jhotelreservation\classes\services\UserDataService.php 
2016-02-27 21:37:56 - DEBUG --> updateUserData 
2016-02-27 21:37:56 - DEBUG --> Archivo \components\com_jhotelreservation\classes\services\UserDataService.php 
2016-02-27 21:37:56 - DEBUG --> getUserData 
2016-02-27 21:37:56 - DEBUG --> Archivo \components\com_jhotelreservation\classes\services\UserDataService.php 
2016-02-27 21:37:56 - DEBUG --> updateUserData 
2016-02-27 21:37:56 - DEBUG --> Archivo \components\com_jhotelreservation\classes\services\UserDataService.php 
2016-02-27 21:37:56 - DEBUG --> getUserData 
2016-02-27 21:37:56 - DEBUG --> Archivo \components\com_jhotelreservation\classes\services\UserDataService.php 
2016-02-27 21:37:56 - DEBUG --> setCurrency 
2016-02-27 21:37:56 - DEBUG --> Archivo \components\com_jhotelreservation\classes\services\UserDataService.php 
2016-02-27 21:37:56 - DEBUG --> getUserData 
2016-02-27 21:37:56 - DEBUG --> Archivo \components\com_jhotelreservation\classes\services\UserDataService.php 
2016-02-27 21:37:56 - DEBUG --> setCurrency 
2016-02-27 21:37:56 - DEBUG --> Archivo \components\com_jhotelreservation\classes\services\UserDataService.php 
2016-02-27 21:37:56 - DEBUG --> getUserData 
2016-02-27 21:37:56 - DEBUG --> Archivo \components\com_jhotelreservation\classes\services\UserDataService.php 
2016-02-27 21:37:56 - DEBUG --> getUserData 
2016-02-27 21:37:56 - DEBUG --> Archivo \components\com_jhotelreservation\classes\services\UserDataService.php 
2016-02-27 21:37:56 - DEBUG --> getUserData 
2016-02-27 21:37:56 - DEBUG --> Archivo \components\com_jhotelreservation\classes\services\UserDataService.php 
2016-02-27 21:37:56 - DEBUG --> getUserData 
2016-02-27 21:37:56 - DEBUG --> Archivo \components\com_jhotelreservationiews\hotel	mpl\hoteloverview.php 
2016-02-27 21:37:56 - DEBUG --> Accedió 
2016-02-27 21:37:56 - DEBUG --> Archivo \components\com_jhotelreservation\classes\services\UserDataService.php 
2016-02-27 21:37:56 - DEBUG --> getUserData 
2016-02-27 21:37:56 - DEBUG --> Archivo \components\com_jhotelreservationiews\hotel	mpl\hoteloverview.php 
2016-02-27 21:37:56 - DEBUG --> Accedió 
2016-02-27 21:37:57 - DEBUG --> Archivo \components\com_jhotelreservation\classes\services\UserDataService.php 
2016-02-27 21:37:57 - DEBUG --> initializeUserData 
2016-02-27 21:37:57 - DEBUG --> UserData first: N; 
2016-02-27 21:37:57 - DEBUG --> Archivo \components\com_jhotelreservation\classes\services\UserDataService.php 
2016-02-27 21:37:57 - DEBUG --> createUserData 
2016-02-27 21:37:57 - DEBUG --> UserData end:  a:0:{} 
2016-02-27 21:37:57 - DEBUG --> Archivo \components\com_jhotelreservation\classes\services\UserDataService.php 
2016-02-27 21:37:57 - DEBUG --> initializeUserData 
2016-02-27 21:37:57 - DEBUG --> UserData first: a:0:{} 
2016-02-27 21:37:57 - DEBUG --> UserData end:  a:0:{} 
2016-02-27 21:37:57 - DEBUG --> Archivo \components\com_jhotelreservation\classes\services\UserDataService.php 
2016-02-27 21:37:57 - DEBUG --> initializeReservationData 
2016-02-27 21:37:57 - DEBUG --> UserData: a:0:{} 
2016-02-27 21:37:57 - DEBUG --> Archivo \components\com_jhotelreservation\classes\services\UserDataService.php 
2016-02-27 21:37:57 - DEBUG --> updateUserData 
2016-02-27 21:37:57 - DEBUG --> Archivo \components\com_jhotelreservation\classes\services\UserDataService.php 
2016-02-27 21:37:57 - DEBUG --> getUserData 
2016-02-27 21:37:57 - DEBUG --> Archivo \components\com_jhotelreservation\classes\services\UserDataService.php 
2016-02-27 21:37:57 - DEBUG --> setCurrency 
2016-02-27 21:37:57 - DEBUG --> Archivo \components\com_jhotelreservation\classes\services\UserDataService.php 
2016-02-27 21:37:57 - DEBUG --> getUserData 
2016-02-27 21:37:57 - DEBUG --> Archivo \components\com_jhotelreservation\classes\services\UserDataService.php 
2016-02-27 21:37:57 - DEBUG --> getUserData 
2016-02-27 21:37:57 - DEBUG --> Archivo \components\com_jhotelreservation\classes\services\UserDataService.php 
2016-02-27 21:37:57 - DEBUG --> getUserData 
2016-02-27 21:37:57 - DEBUG --> Archivo \components\com_jhotelreservationiews\hotel	mpl\hoteloverview.php 
2016-02-27 21:37:57 - DEBUG --> Accedió 
2016-02-27 22:02:47 - DEBUG --> Archivo \components\com_jhotelreservation\classes\services\UserDataService.php 
2016-02-27 22:02:47 - DEBUG --> initializeUserData 
2016-02-27 22:02:47 - DEBUG --> UserData first: a:0:{} 
2016-02-27 22:02:47 - DEBUG --> UserData end:  a:0:{} 
2016-02-27 22:03:20 - DEBUG --> Archivo \components\com_jhotelreservation\classes\services\UserDataService.php 
2016-02-27 22:03:20 - DEBUG --> initializeUserData 
2016-02-27 22:03:20 - DEBUG --> UserData first: a:0:{} 
2016-02-27 22:03:20 - DEBUG --> Archivo \components\com_jhotelreservation\classes\services\UserDataService.php 
2016-02-27 22:03:20 - DEBUG --> createUserData 
2016-02-27 22:03:20 - DEBUG --> voucher:  
2016-02-27 22:03:20 - DEBUG --> UserData end:  a:0:{} 
2016-02-27 22:03:20 - DEBUG --> Archivo \components\com_jhotelreservation\classes\services\UserDataService.php 
2016-02-27 22:03:20 - DEBUG --> initializeUserData 
2016-02-27 22:03:20 - DEBUG --> UserData first: a:0:{} 
2016-02-27 22:03:20 - DEBUG --> Archivo \components\com_jhotelreservation\classes\services\UserDataService.php 
2016-02-27 22:03:20 - DEBUG --> createUserData 
2016-02-27 22:03:20 - DEBUG --> voucher:  
2016-02-27 22:03:20 - DEBUG --> UserData end:  a:0:{} 
