2016-01-25 0:24:20 - DEBUG --> Archivo \components\com_jhotelreservation\classes\services\UserDataService.php 
2016-01-25 0:24:20 - DEBUG --> initializeUserData 
2016-01-25 0:24:20 - DEBUG --> UserData first: N; 
2016-01-25 0:24:20 - DEBUG --> Archivo \components\com_jhotelreservation\classes\services\UserDataService.php 
2016-01-25 0:24:20 - DEBUG --> createUserData 
2016-01-25 0:24:20 - DEBUG --> UserData end:  a:0:{} 
2016-01-25 0:24:20 - DEBUG --> Archivo \components\com_jhotelreservation\classes\services\UserDataService.php 
2016-01-25 0:24:20 - DEBUG --> initializeUserData 
2016-01-25 0:24:20 - DEBUG --> UserData first: a:0:{} 
2016-01-25 0:24:20 - DEBUG --> UserData end:  a:0:{} 
2016-01-25 0:24:20 - DEBUG --> Archivo \components\com_jhotelreservation\classes\services\UserDataService.php 
2016-01-25 0:24:20 - DEBUG --> initializeReservationData 
2016-01-25 0:24:20 - DEBUG --> UserData: a:0:{} 
2016-01-25 0:24:20 - DEBUG --> Archivo \components\com_jhotelreservation\classes\services\UserDataService.php 
2016-01-25 0:24:20 - DEBUG --> updateUserData 
2016-01-25 0:24:20 - DEBUG --> Archivo \components\com_jhotelreservation\classes\services\UserDataService.php 
2016-01-25 0:24:20 - DEBUG --> getUserData 
2016-01-25 0:24:20 - DEBUG --> Archivo \components\com_jhotelreservation\classes\services\UserDataService.php 
2016-01-25 0:24:20 - DEBUG --> setCurrency 
2016-01-25 0:24:20 - DEBUG --> Archivo \components\com_jhotelreservation\classes\services\UserDataService.php 
2016-01-25 0:24:20 - DEBUG --> getUserData 
2016-01-25 0:24:20 - DEBUG --> Archivo \components\com_jhotelreservation\classes\services\UserDataService.php 
2016-01-25 0:24:20 - DEBUG --> getUserData 
2016-01-25 0:24:20 - DEBUG --> Archivo \components\com_jhotelreservation\classes\services\UserDataService.php 
2016-01-25 0:24:20 - DEBUG --> getUserData 
2016-01-25 0:24:20 - DEBUG --> Archivo \components\com_jhotelreservationiews\hotel	mpl\hoteloverview.php 
2016-01-25 0:24:20 - DEBUG --> Accedió 
2016-01-25 2:07:47 - DEBUG --> Archivo \components\com_jhotelreservation\classes\services\UserDataService.php 
2016-01-25 2:07:47 - DEBUG --> initializeUserData 
2016-01-25 2:07:47 - DEBUG --> UserData first: N; 
2016-01-25 2:07:47 - DEBUG --> Archivo \components\com_jhotelreservation\classes\services\UserDataService.php 
2016-01-25 2:07:47 - DEBUG --> createUserData 
2016-01-25 2:07:47 - DEBUG --> UserData end:  a:0:{} 
2016-01-25 2:07:47 - DEBUG --> Archivo \components\com_jhotelreservation\classes\services\UserDataService.php 
2016-01-25 2:07:47 - DEBUG --> initializeUserData 
2016-01-25 2:07:47 - DEBUG --> UserData first: a:0:{} 
2016-01-25 2:07:47 - DEBUG --> UserData end:  a:0:{} 
2016-01-25 2:07:47 - DEBUG --> Archivo \components\com_jhotelreservation\classes\services\UserDataService.php 
2016-01-25 2:07:47 - DEBUG --> initializeReservationData 
2016-01-25 2:07:47 - DEBUG --> UserData: a:0:{} 
2016-01-25 2:07:47 - DEBUG --> Archivo \components\com_jhotelreservation\classes\services\UserDataService.php 
2016-01-25 2:07:47 - DEBUG --> updateUserData 
2016-01-25 2:07:47 - DEBUG --> Archivo \components\com_jhotelreservation\classes\services\UserDataService.php 
2016-01-25 2:07:47 - DEBUG --> getUserData 
2016-01-25 2:07:47 - DEBUG --> Archivo \components\com_jhotelreservation\classes\services\UserDataService.php 
2016-01-25 2:07:47 - DEBUG --> setCurrency 
2016-01-25 2:07:47 - DEBUG --> Archivo \components\com_jhotelreservation\classes\services\UserDataService.php 
2016-01-25 2:07:47 - DEBUG --> getUserData 
2016-01-25 2:07:47 - DEBUG --> Archivo \components\com_jhotelreservation\classes\services\UserDataService.php 
2016-01-25 2:07:47 - DEBUG --> getUserData 
2016-01-25 2:07:47 - DEBUG --> Archivo \components\com_jhotelreservation\classes\services\UserDataService.php 
2016-01-25 2:07:47 - DEBUG --> getUserData 
2016-01-25 2:07:47 - DEBUG --> Archivo \components\com_jhotelreservationiews\hotel	mpl\hoteloverview.php 
2016-01-25 2:07:47 - DEBUG --> Accedió 
2016-01-25 5:21:27 - DEBUG --> Archivo \components\com_jhotelreservation\classes\services\UserDataService.php 
2016-01-25 5:21:27 - DEBUG --> initializeUserData 
2016-01-25 5:21:27 - DEBUG --> UserData first: N; 
2016-01-25 5:21:27 - DEBUG --> Archivo \components\com_jhotelreservation\classes\services\UserDataService.php 
2016-01-25 5:21:27 - DEBUG --> createUserData 
2016-01-25 5:21:27 - DEBUG --> UserData end:  a:0:{} 
2016-01-25 5:21:27 - DEBUG --> Archivo \components\com_jhotelreservation\classes\services\UserDataService.php 
2016-01-25 5:21:27 - DEBUG --> initializeUserData 
2016-01-25 5:21:27 - DEBUG --> UserData first: a:0:{} 
2016-01-25 5:21:27 - DEBUG --> UserData end:  a:0:{} 
2016-01-25 5:21:27 - DEBUG --> Archivo \components\com_jhotelreservation\classes\services\UserDataService.php 
2016-01-25 5:21:27 - DEBUG --> initializeReservationData 
2016-01-25 5:21:27 - DEBUG --> UserData: a:0:{} 
2016-01-25 5:21:27 - DEBUG --> Archivo \components\com_jhotelreservation\classes\services\UserDataService.php 
2016-01-25 5:21:27 - DEBUG --> updateUserData 
2016-01-25 5:21:27 - DEBUG --> Archivo \components\com_jhotelreservation\classes\services\UserDataService.php 
2016-01-25 5:21:27 - DEBUG --> getUserData 
2016-01-25 5:21:27 - DEBUG --> Archivo \components\com_jhotelreservation\classes\services\UserDataService.php 
2016-01-25 5:21:27 - DEBUG --> setCurrency 
2016-01-25 5:21:27 - DEBUG --> Archivo \components\com_jhotelreservation\classes\services\UserDataService.php 
2016-01-25 5:21:27 - DEBUG --> getUserData 
2016-01-25 5:21:27 - DEBUG --> Archivo \components\com_jhotelreservation\classes\services\UserDataService.php 
2016-01-25 5:21:27 - DEBUG --> getUserData 
2016-01-25 5:21:27 - DEBUG --> Archivo \components\com_jhotelreservation\classes\services\UserDataService.php 
2016-01-25 5:21:27 - DEBUG --> getUserData 
2016-01-25 5:25:17 - DEBUG --> Archivo \components\com_jhotelreservation\classes\services\UserDataService.php 
2016-01-25 5:25:17 - DEBUG --> initializeUserData 
2016-01-25 5:25:17 - DEBUG --> UserData first: N; 
2016-01-25 5:25:17 - DEBUG --> Archivo \components\com_jhotelreservation\classes\services\UserDataService.php 
2016-01-25 5:25:17 - DEBUG --> createUserData 
2016-01-25 5:25:17 - DEBUG --> UserData end:  a:0:{} 
2016-01-25 5:25:17 - DEBUG --> Archivo \components\com_jhotelreservation\classes\services\UserDataService.php 
2016-01-25 5:25:17 - DEBUG --> initializeUserData 
2016-01-25 5:25:17 - DEBUG --> UserData first: a:0:{} 
2016-01-25 5:25:17 - DEBUG --> UserData end:  a:0:{} 
2016-01-25 5:25:17 - DEBUG --> Archivo \components\com_jhotelreservation\classes\services\UserDataService.php 
2016-01-25 5:25:17 - DEBUG --> initializeReservationData 
2016-01-25 5:25:17 - DEBUG --> UserData: a:0:{} 
2016-01-25 5:25:17 - DEBUG --> Archivo \components\com_jhotelreservation\classes\services\UserDataService.php 
2016-01-25 5:25:17 - DEBUG --> updateUserData 
2016-01-25 5:25:17 - DEBUG --> Archivo \components\com_jhotelreservation\classes\services\UserDataService.php 
2016-01-25 5:25:17 - DEBUG --> getUserData 
2016-01-25 5:25:17 - DEBUG --> Archivo \components\com_jhotelreservation\classes\services\UserDataService.php 
2016-01-25 5:25:17 - DEBUG --> setCurrency 
2016-01-25 5:25:17 - DEBUG --> Archivo \components\com_jhotelreservation\classes\services\UserDataService.php 
2016-01-25 5:25:17 - DEBUG --> getUserData 
2016-01-25 5:25:17 - DEBUG --> Archivo \components\com_jhotelreservation\classes\services\UserDataService.php 
2016-01-25 5:25:17 - DEBUG --> getUserData 
2016-01-25 5:25:17 - DEBUG --> Archivo \components\com_jhotelreservation\classes\services\UserDataService.php 
2016-01-25 5:25:17 - DEBUG --> getUserData 
2016-01-25 5:25:17 - DEBUG --> Archivo \components\com_jhotelreservationiews\hotel	mpl\hoteloverview.php 
2016-01-25 5:25:17 - DEBUG --> Accedió 
2016-01-25 7:04:29 - DEBUG --> Archivo \components\com_jhotelreservation\classes\services\UserDataService.php 
2016-01-25 7:04:29 - DEBUG --> initializeUserData 
2016-01-25 7:04:29 - DEBUG --> UserData first: N; 
2016-01-25 7:04:29 - DEBUG --> Archivo \components\com_jhotelreservation\classes\services\UserDataService.php 
2016-01-25 7:04:29 - DEBUG --> createUserData 
2016-01-25 7:04:29 - DEBUG --> UserData end:  a:0:{} 
2016-01-25 7:04:29 - DEBUG --> Archivo \components\com_jhotelreservation\classes\services\UserDataService.php 
2016-01-25 7:04:29 - DEBUG --> initializeUserData 
2016-01-25 7:04:29 - DEBUG --> UserData first: a:0:{} 
2016-01-25 7:04:29 - DEBUG --> UserData end:  a:0:{} 
2016-01-25 7:04:29 - DEBUG --> Archivo \components\com_jhotelreservation\classes\services\UserDataService.php 
2016-01-25 7:04:29 - DEBUG --> initializeReservationData 
2016-01-25 7:04:29 - DEBUG --> UserData: a:0:{} 
2016-01-25 7:04:29 - DEBUG --> Archivo \components\com_jhotelreservation\classes\services\UserDataService.php 
2016-01-25 7:04:29 - DEBUG --> updateUserData 
2016-01-25 7:04:29 - DEBUG --> Archivo \components\com_jhotelreservation\classes\services\UserDataService.php 
2016-01-25 7:04:29 - DEBUG --> getUserData 
2016-01-25 7:04:29 - DEBUG --> Archivo \components\com_jhotelreservation\classes\services\UserDataService.php 
2016-01-25 7:04:29 - DEBUG --> setCurrency 
2016-01-25 7:04:29 - DEBUG --> Archivo \components\com_jhotelreservation\classes\services\UserDataService.php 
2016-01-25 7:04:29 - DEBUG --> getUserData 
2016-01-25 7:04:29 - DEBUG --> Archivo \components\com_jhotelreservation\classes\services\UserDataService.php 
2016-01-25 7:04:29 - DEBUG --> getUserData 
2016-01-25 7:04:29 - DEBUG --> Archivo \components\com_jhotelreservation\classes\services\UserDataService.php 
2016-01-25 7:04:29 - DEBUG --> getUserData 
2016-01-25 7:04:29 - DEBUG --> Archivo \components\com_jhotelreservationiews\hotel	mpl\hoteloverview.php 
2016-01-25 7:04:29 - DEBUG --> Accedió 
2016-01-25 7:04:29 - DEBUG --> Archivo \components\com_jhotelreservation\classes\services\UserDataService.php 
2016-01-25 7:04:29 - DEBUG --> initializeUserData 
2016-01-25 7:04:29 - DEBUG --> UserData first: N; 
2016-01-25 7:04:29 - DEBUG --> Archivo \components\com_jhotelreservation\classes\services\UserDataService.php 
2016-01-25 7:04:29 - DEBUG --> createUserData 
2016-01-25 7:04:29 - DEBUG --> UserData end:  a:0:{} 
2016-01-25 7:04:29 - DEBUG --> Archivo \components\com_jhotelreservation\classes\services\UserDataService.php 
2016-01-25 7:04:29 - DEBUG --> initializeUserData 
2016-01-25 7:04:29 - DEBUG --> UserData first: a:0:{} 
2016-01-25 7:04:29 - DEBUG --> UserData end:  a:0:{} 
2016-01-25 7:04:29 - DEBUG --> Archivo \components\com_jhotelreservation\classes\services\UserDataService.php 
2016-01-25 7:04:29 - DEBUG --> initializeReservationData 
2016-01-25 7:04:29 - DEBUG --> UserData: a:0:{} 
2016-01-25 7:04:29 - DEBUG --> Archivo \components\com_jhotelreservation\classes\services\UserDataService.php 
2016-01-25 7:04:29 - DEBUG --> updateUserData 
2016-01-25 7:04:29 - DEBUG --> Archivo \components\com_jhotelreservation\classes\services\UserDataService.php 
2016-01-25 7:04:29 - DEBUG --> getUserData 
2016-01-25 7:04:29 - DEBUG --> Archivo \components\com_jhotelreservation\classes\services\UserDataService.php 
2016-01-25 7:04:29 - DEBUG --> setCurrency 
2016-01-25 7:04:29 - DEBUG --> Archivo \components\com_jhotelreservation\classes\services\UserDataService.php 
2016-01-25 7:04:29 - DEBUG --> getUserData 
2016-01-25 7:04:29 - DEBUG --> Archivo \components\com_jhotelreservation\classes\services\UserDataService.php 
2016-01-25 7:04:29 - DEBUG --> getUserData 
2016-01-25 7:04:29 - DEBUG --> Archivo \components\com_jhotelreservation\classes\services\UserDataService.php 
2016-01-25 7:04:29 - DEBUG --> getUserData 
2016-01-25 7:04:29 - DEBUG --> Archivo \components\com_jhotelreservationiews\hotel	mpl\hoteloverview.php 
2016-01-25 7:04:29 - DEBUG --> Accedió 
2016-01-25 7:04:30 - DEBUG --> Archivo \components\com_jhotelreservation\classes\services\UserDataService.php 
2016-01-25 7:04:30 - DEBUG --> initializeUserData 
2016-01-25 7:04:30 - DEBUG --> UserData first: N; 
2016-01-25 7:04:30 - DEBUG --> Archivo \components\com_jhotelreservation\classes\services\UserDataService.php 
2016-01-25 7:04:30 - DEBUG --> createUserData 
2016-01-25 7:04:30 - DEBUG --> UserData end:  a:0:{} 
2016-01-25 7:04:30 - DEBUG --> Archivo \components\com_jhotelreservation\classes\services\UserDataService.php 
2016-01-25 7:04:30 - DEBUG --> initializeUserData 
2016-01-25 7:04:30 - DEBUG --> UserData first: a:0:{} 
2016-01-25 7:04:30 - DEBUG --> UserData end:  a:0:{} 
2016-01-25 7:04:30 - DEBUG --> Archivo \components\com_jhotelreservation\classes\services\UserDataService.php 
2016-01-25 7:04:30 - DEBUG --> initializeReservationData 
2016-01-25 7:04:30 - DEBUG --> UserData: a:0:{} 
2016-01-25 7:04:30 - DEBUG --> Archivo \components\com_jhotelreservation\classes\services\UserDataService.php 
2016-01-25 7:04:30 - DEBUG --> updateUserData 
2016-01-25 7:04:30 - DEBUG --> Archivo \components\com_jhotelreservation\classes\services\UserDataService.php 
2016-01-25 7:04:30 - DEBUG --> getUserData 
2016-01-25 7:04:30 - DEBUG --> Archivo \components\com_jhotelreservation\classes\services\UserDataService.php 
2016-01-25 7:04:30 - DEBUG --> setCurrency 
2016-01-25 7:04:30 - DEBUG --> Archivo \components\com_jhotelreservation\classes\services\UserDataService.php 
2016-01-25 7:04:30 - DEBUG --> getUserData 
2016-01-25 7:04:30 - DEBUG --> Archivo \components\com_jhotelreservation\classes\services\UserDataService.php 
2016-01-25 7:04:30 - DEBUG --> getUserData 
2016-01-25 7:04:30 - DEBUG --> Archivo \components\com_jhotelreservation\classes\services\UserDataService.php 
2016-01-25 7:04:30 - DEBUG --> getUserData 
2016-01-25 7:04:30 - DEBUG --> Archivo \components\com_jhotelreservation\classes\services\UserDataService.php 
2016-01-25 7:04:30 - DEBUG --> initializeUserData 
2016-01-25 7:04:30 - DEBUG --> UserData first: N; 
2016-01-25 7:04:30 - DEBUG --> Archivo \components\com_jhotelreservation\classes\services\UserDataService.php 
2016-01-25 7:04:30 - DEBUG --> createUserData 
2016-01-25 7:04:30 - DEBUG --> UserData end:  a:0:{} 
2016-01-25 7:04:30 - DEBUG --> Archivo \components\com_jhotelreservation\classes\services\UserDataService.php 
2016-01-25 7:04:30 - DEBUG --> initializeUserData 
2016-01-25 7:04:30 - DEBUG --> UserData first: a:0:{} 
2016-01-25 7:04:30 - DEBUG --> UserData end:  a:0:{} 
2016-01-25 7:04:30 - DEBUG --> Archivo \components\com_jhotelreservation\classes\services\UserDataService.php 
2016-01-25 7:04:30 - DEBUG --> initializeReservationData 
2016-01-25 7:04:30 - DEBUG --> UserData: a:0:{} 
2016-01-25 7:04:30 - DEBUG --> Archivo \components\com_jhotelreservation\classes\services\UserDataService.php 
2016-01-25 7:04:30 - DEBUG --> updateUserData 
2016-01-25 7:04:30 - DEBUG --> Archivo \components\com_jhotelreservation\classes\services\UserDataService.php 
2016-01-25 7:04:30 - DEBUG --> getUserData 
2016-01-25 7:04:30 - DEBUG --> Archivo \components\com_jhotelreservation\classes\services\UserDataService.php 
2016-01-25 7:04:30 - DEBUG --> setCurrency 
2016-01-25 7:04:30 - DEBUG --> Archivo \components\com_jhotelreservation\classes\services\UserDataService.php 
2016-01-25 7:04:30 - DEBUG --> getUserData 
2016-01-25 7:04:30 - DEBUG --> Archivo \components\com_jhotelreservation\classes\services\UserDataService.php 
2016-01-25 7:04:30 - DEBUG --> getUserData 
2016-01-25 7:04:30 - DEBUG --> Archivo \components\com_jhotelreservation\classes\services\UserDataService.php 
2016-01-25 7:04:30 - DEBUG --> getUserData 
2016-01-25 7:04:58 - DEBUG --> Archivo \components\com_jhotelreservation\classes\services\UserDataService.php 
2016-01-25 7:04:58 - DEBUG --> initializeUserData 
2016-01-25 7:04:58 - DEBUG --> UserData first: N; 
2016-01-25 7:04:58 - DEBUG --> Archivo \components\com_jhotelreservation\classes\services\UserDataService.php 
2016-01-25 7:04:58 - DEBUG --> createUserData 
2016-01-25 7:04:58 - DEBUG --> UserData end:  a:0:{} 
2016-01-25 7:04:58 - DEBUG --> Archivo \components\com_jhotelreservation\classes\services\UserDataService.php 
2016-01-25 7:04:58 - DEBUG --> initializeUserData 
2016-01-25 7:04:58 - DEBUG --> UserData first: a:0:{} 
2016-01-25 7:04:58 - DEBUG --> UserData end:  a:0:{} 
2016-01-25 7:04:58 - DEBUG --> Archivo \components\com_jhotelreservation\classes\services\UserDataService.php 
2016-01-25 7:04:58 - DEBUG --> initializeReservationData 
2016-01-25 7:04:58 - DEBUG --> UserData: a:0:{} 
2016-01-25 7:04:58 - DEBUG --> Archivo \components\com_jhotelreservation\classes\services\UserDataService.php 
2016-01-25 7:04:58 - DEBUG --> updateUserData 
2016-01-25 7:04:58 - DEBUG --> Archivo \components\com_jhotelreservation\classes\services\UserDataService.php 
2016-01-25 7:04:58 - DEBUG --> getUserData 
2016-01-25 7:04:58 - DEBUG --> Archivo \components\com_jhotelreservation\classes\services\UserDataService.php 
2016-01-25 7:04:58 - DEBUG --> setCurrency 
2016-01-25 7:04:58 - DEBUG --> Archivo \components\com_jhotelreservation\classes\services\UserDataService.php 
2016-01-25 7:04:58 - DEBUG --> getUserData 
2016-01-25 7:04:58 - DEBUG --> Archivo \components\com_jhotelreservation\classes\services\UserDataService.php 
2016-01-25 7:04:58 - DEBUG --> getUserData 
2016-01-25 7:04:58 - DEBUG --> Archivo \components\com_jhotelreservation\classes\services\UserDataService.php 
2016-01-25 7:04:58 - DEBUG --> getUserData 
2016-01-25 7:06:39 - DEBUG --> Archivo \components\com_jhotelreservation\classes\services\UserDataService.php 
2016-01-25 7:06:39 - DEBUG --> initializeUserData 
2016-01-25 7:06:39 - DEBUG --> UserData first: N; 
2016-01-25 7:06:39 - DEBUG --> Archivo \components\com_jhotelreservation\classes\services\UserDataService.php 
2016-01-25 7:06:39 - DEBUG --> createUserData 
2016-01-25 7:06:39 - DEBUG --> UserData end:  a:0:{} 
2016-01-25 7:06:39 - DEBUG --> Archivo \components\com_jhotelreservation\classes\services\UserDataService.php 
2016-01-25 7:06:39 - DEBUG --> initializeUserData 
2016-01-25 7:06:39 - DEBUG --> UserData first: a:0:{} 
2016-01-25 7:06:39 - DEBUG --> UserData end:  a:0:{} 
2016-01-25 7:06:39 - DEBUG --> Archivo \components\com_jhotelreservation\classes\services\UserDataService.php 
2016-01-25 7:06:39 - DEBUG --> initializeReservationData 
2016-01-25 7:06:39 - DEBUG --> UserData: a:0:{} 
2016-01-25 7:06:39 - DEBUG --> Archivo \components\com_jhotelreservation\classes\services\UserDataService.php 
2016-01-25 7:06:39 - DEBUG --> updateUserData 
2016-01-25 7:06:39 - DEBUG --> Archivo \components\com_jhotelreservation\classes\services\UserDataService.php 
2016-01-25 7:06:39 - DEBUG --> getUserData 
2016-01-25 7:06:39 - DEBUG --> Archivo \components\com_jhotelreservation\classes\services\UserDataService.php 
2016-01-25 7:06:39 - DEBUG --> setCurrency 
2016-01-25 7:06:39 - DEBUG --> Archivo \components\com_jhotelreservation\classes\services\UserDataService.php 
2016-01-25 7:06:39 - DEBUG --> getUserData 
2016-01-25 7:06:39 - DEBUG --> Archivo \components\com_jhotelreservation\classes\services\UserDataService.php 
2016-01-25 7:06:39 - DEBUG --> getUserData 
2016-01-25 7:06:39 - DEBUG --> Archivo \components\com_jhotelreservation\classes\services\UserDataService.php 
2016-01-25 7:06:39 - DEBUG --> getUserData 
2016-01-25 7:06:39 - DEBUG --> Archivo \components\com_jhotelreservationiews\hotel	mpl\hoteloverview.php 
2016-01-25 7:06:39 - DEBUG --> Accedió 
2016-01-25 8:29:59 - DEBUG --> Archivo \components\com_jhotelreservation\classes\services\UserDataService.php 
2016-01-25 8:29:59 - DEBUG --> initializeUserData 
2016-01-25 8:29:59 - DEBUG --> UserData first: N; 
2016-01-25 8:29:59 - DEBUG --> Archivo \components\com_jhotelreservation\classes\services\UserDataService.php 
2016-01-25 8:29:59 - DEBUG --> createUserData 
2016-01-25 8:29:59 - DEBUG --> UserData end:  a:0:{} 
2016-01-25 8:29:59 - DEBUG --> Archivo \components\com_jhotelreservation\classes\services\UserDataService.php 
2016-01-25 8:29:59 - DEBUG --> initializeUserData 
2016-01-25 8:29:59 - DEBUG --> UserData first: a:0:{} 
2016-01-25 8:29:59 - DEBUG --> UserData end:  a:0:{} 
2016-01-25 8:29:59 - DEBUG --> Archivo \components\com_jhotelreservation\classes\services\UserDataService.php 
2016-01-25 8:29:59 - DEBUG --> initializeReservationData 
2016-01-25 8:29:59 - DEBUG --> UserData: a:0:{} 
2016-01-25 8:29:59 - DEBUG --> Archivo \components\com_jhotelreservation\classes\services\UserDataService.php 
2016-01-25 8:29:59 - DEBUG --> updateUserData 
2016-01-25 8:29:59 - DEBUG --> Archivo \components\com_jhotelreservation\classes\services\UserDataService.php 
2016-01-25 8:29:59 - DEBUG --> getUserData 
2016-01-25 8:29:59 - DEBUG --> Archivo \components\com_jhotelreservation\classes\services\UserDataService.php 
2016-01-25 8:29:59 - DEBUG --> setCurrency 
2016-01-25 8:29:59 - DEBUG --> Archivo \components\com_jhotelreservation\classes\services\UserDataService.php 
2016-01-25 8:29:59 - DEBUG --> getUserData 
2016-01-25 8:29:59 - DEBUG --> Archivo \components\com_jhotelreservation\classes\services\UserDataService.php 
2016-01-25 8:29:59 - DEBUG --> getUserData 
2016-01-25 8:29:59 - DEBUG --> Archivo \components\com_jhotelreservation\classes\services\UserDataService.php 
2016-01-25 8:29:59 - DEBUG --> getUserData 
2016-01-25 8:29:59 - DEBUG --> Archivo \components\com_jhotelreservationiews\hotel	mpl\hoteloverview.php 
2016-01-25 8:29:59 - DEBUG --> Accedió 
2016-01-25 9:40:11 - DEBUG --> Archivo \components\com_jhotelreservation\classes\services\UserDataService.php 
2016-01-25 9:40:11 - DEBUG --> initializeUserData 
2016-01-25 9:40:11 - DEBUG --> UserData first: N; 
2016-01-25 9:40:11 - DEBUG --> Archivo \components\com_jhotelreservation\classes\services\UserDataService.php 
2016-01-25 9:40:11 - DEBUG --> createUserData 
2016-01-25 9:40:11 - DEBUG --> UserData end:  a:0:{} 
2016-01-25 9:40:11 - DEBUG --> Archivo \components\com_jhotelreservation\classes\services\UserDataService.php 
2016-01-25 9:40:11 - DEBUG --> initializeUserData 
2016-01-25 9:40:11 - DEBUG --> UserData first: a:0:{} 
2016-01-25 9:40:11 - DEBUG --> UserData end:  a:0:{} 
2016-01-25 9:40:11 - DEBUG --> Archivo \components\com_jhotelreservation\classes\services\UserDataService.php 
2016-01-25 9:40:11 - DEBUG --> initializeReservationData 
2016-01-25 9:40:11 - DEBUG --> UserData: a:0:{} 
2016-01-25 9:40:11 - DEBUG --> Archivo \components\com_jhotelreservation\classes\services\UserDataService.php 
2016-01-25 9:40:11 - DEBUG --> updateUserData 
2016-01-25 9:40:11 - DEBUG --> Archivo \components\com_jhotelreservation\classes\services\UserDataService.php 
2016-01-25 9:40:11 - DEBUG --> getUserData 
2016-01-25 9:40:11 - DEBUG --> Archivo \components\com_jhotelreservation\classes\services\UserDataService.php 
2016-01-25 9:40:11 - DEBUG --> setCurrency 
2016-01-25 9:40:11 - DEBUG --> Archivo \components\com_jhotelreservation\classes\services\UserDataService.php 
2016-01-25 9:40:11 - DEBUG --> getUserData 
2016-01-25 9:40:11 - DEBUG --> Archivo \components\com_jhotelreservation\classes\services\UserDataService.php 
2016-01-25 9:40:11 - DEBUG --> getUserData 
2016-01-25 9:40:11 - DEBUG --> Archivo \components\com_jhotelreservation\classes\services\UserDataService.php 
2016-01-25 9:40:11 - DEBUG --> getUserData 
2016-01-25 10:21:02 - DEBUG --> Archivo \components\com_jhotelreservation\classes\services\UserDataService.php 
2016-01-25 10:21:02 - DEBUG --> initializeUserData 
2016-01-25 10:21:02 - DEBUG --> UserData first: N; 
2016-01-25 10:21:02 - DEBUG --> Archivo \components\com_jhotelreservation\classes\services\UserDataService.php 
2016-01-25 10:21:02 - DEBUG --> createUserData 
2016-01-25 10:21:02 - DEBUG --> UserData end:  a:0:{} 
2016-01-25 10:21:02 - DEBUG --> Archivo \components\com_jhotelreservation\classes\services\UserDataService.php 
2016-01-25 10:21:02 - DEBUG --> initializeUserData 
2016-01-25 10:21:02 - DEBUG --> UserData first: a:0:{} 
2016-01-25 10:21:02 - DEBUG --> UserData end:  a:0:{} 
2016-01-25 10:21:02 - DEBUG --> Archivo \components\com_jhotelreservation\classes\services\UserDataService.php 
2016-01-25 10:21:02 - DEBUG --> initializeReservationData 
2016-01-25 10:21:02 - DEBUG --> UserData: a:0:{} 
2016-01-25 10:21:02 - DEBUG --> Archivo \components\com_jhotelreservation\classes\services\UserDataService.php 
2016-01-25 10:21:02 - DEBUG --> updateUserData 
2016-01-25 10:21:02 - DEBUG --> Archivo \components\com_jhotelreservation\classes\services\UserDataService.php 
2016-01-25 10:21:02 - DEBUG --> getUserData 
2016-01-25 10:21:02 - DEBUG --> Archivo \components\com_jhotelreservation\classes\services\UserDataService.php 
2016-01-25 10:21:02 - DEBUG --> setCurrency 
2016-01-25 10:21:02 - DEBUG --> Archivo \components\com_jhotelreservation\classes\services\UserDataService.php 
2016-01-25 10:21:02 - DEBUG --> getUserData 
2016-01-25 10:21:02 - DEBUG --> Archivo \components\com_jhotelreservation\classes\services\UserDataService.php 
2016-01-25 10:21:02 - DEBUG --> getUserData 
2016-01-25 10:21:02 - DEBUG --> Archivo \components\com_jhotelreservation\classes\services\UserDataService.php 
2016-01-25 10:21:02 - DEBUG --> getUserData 
2016-01-25 10:21:02 - DEBUG --> Archivo \components\com_jhotelreservationiews\hotel	mpl\hoteloverview.php 
2016-01-25 10:21:02 - DEBUG --> Accedió 
2016-01-25 10:21:05 - DEBUG --> Archivo \components\com_jhotelreservation\classes\services\UserDataService.php 
2016-01-25 10:21:05 - DEBUG --> initializeUserData 
2016-01-25 10:21:05 - DEBUG --> UserData first: N; 
2016-01-25 10:21:05 - DEBUG --> Archivo \components\com_jhotelreservation\classes\services\UserDataService.php 
2016-01-25 10:21:05 - DEBUG --> createUserData 
2016-01-25 10:21:05 - DEBUG --> UserData end:  a:0:{} 
2016-01-25 10:21:05 - DEBUG --> Archivo \components\com_jhotelreservation\classes\services\UserDataService.php 
2016-01-25 10:21:05 - DEBUG --> initializeUserData 
2016-01-25 10:21:05 - DEBUG --> UserData first: a:0:{} 
2016-01-25 10:21:05 - DEBUG --> UserData end:  a:0:{} 
2016-01-25 10:21:05 - DEBUG --> Archivo \components\com_jhotelreservation\classes\services\UserDataService.php 
2016-01-25 10:21:05 - DEBUG --> initializeReservationData 
2016-01-25 10:21:05 - DEBUG --> UserData: a:0:{} 
2016-01-25 10:21:05 - DEBUG --> Archivo \components\com_jhotelreservation\classes\services\UserDataService.php 
2016-01-25 10:21:05 - DEBUG --> updateUserData 
2016-01-25 10:21:05 - DEBUG --> Archivo \components\com_jhotelreservation\classes\services\UserDataService.php 
2016-01-25 10:21:05 - DEBUG --> getUserData 
2016-01-25 10:21:05 - DEBUG --> Archivo \components\com_jhotelreservation\classes\services\UserDataService.php 
2016-01-25 10:21:05 - DEBUG --> setCurrency 
2016-01-25 10:21:05 - DEBUG --> Archivo \components\com_jhotelreservation\classes\services\UserDataService.php 
2016-01-25 10:21:05 - DEBUG --> getUserData 
2016-01-25 10:21:05 - DEBUG --> Archivo \components\com_jhotelreservation\classes\services\UserDataService.php 
2016-01-25 10:21:05 - DEBUG --> getUserData 
2016-01-25 10:21:05 - DEBUG --> Archivo \components\com_jhotelreservation\classes\services\UserDataService.php 
2016-01-25 10:21:05 - DEBUG --> getUserData 
2016-01-25 10:21:05 - DEBUG --> Archivo \components\com_jhotelreservationiews\hotel	mpl\hoteloverview.php 
2016-01-25 10:21:05 - DEBUG --> Accedió 
2016-01-25 10:21:07 - DEBUG --> Archivo \components\com_jhotelreservation\classes\services\UserDataService.php 
2016-01-25 10:21:07 - DEBUG --> initializeUserData 
2016-01-25 10:21:07 - DEBUG --> UserData first: N; 
2016-01-25 10:21:07 - DEBUG --> Archivo \components\com_jhotelreservation\classes\services\UserDataService.php 
2016-01-25 10:21:07 - DEBUG --> createUserData 
2016-01-25 10:21:07 - DEBUG --> UserData end:  a:0:{} 
2016-01-25 10:21:07 - DEBUG --> Archivo \components\com_jhotelreservation\classes\services\UserDataService.php 
2016-01-25 10:21:07 - DEBUG --> initializeUserData 
2016-01-25 10:21:07 - DEBUG --> UserData first: a:0:{} 
2016-01-25 10:21:07 - DEBUG --> UserData end:  a:0:{} 
2016-01-25 10:21:07 - DEBUG --> Archivo \components\com_jhotelreservation\classes\services\UserDataService.php 
2016-01-25 10:21:07 - DEBUG --> initializeReservationData 
2016-01-25 10:21:07 - DEBUG --> UserData: a:0:{} 
2016-01-25 10:21:07 - DEBUG --> Archivo \components\com_jhotelreservation\classes\services\UserDataService.php 
2016-01-25 10:21:07 - DEBUG --> updateUserData 
2016-01-25 10:21:07 - DEBUG --> Archivo \components\com_jhotelreservation\classes\services\UserDataService.php 
2016-01-25 10:21:07 - DEBUG --> getUserData 
2016-01-25 10:21:07 - DEBUG --> Archivo \components\com_jhotelreservation\classes\services\UserDataService.php 
2016-01-25 10:21:07 - DEBUG --> setCurrency 
2016-01-25 10:21:07 - DEBUG --> Archivo \components\com_jhotelreservation\classes\services\UserDataService.php 
2016-01-25 10:21:07 - DEBUG --> getUserData 
2016-01-25 10:21:07 - DEBUG --> Archivo \components\com_jhotelreservation\classes\services\UserDataService.php 
2016-01-25 10:21:07 - DEBUG --> getUserData 
2016-01-25 10:21:07 - DEBUG --> Archivo \components\com_jhotelreservation\classes\services\UserDataService.php 
2016-01-25 10:21:07 - DEBUG --> getUserData 
2016-01-25 10:21:07 - DEBUG --> Archivo \components\com_jhotelreservationiews\hotel	mpl\hoteloverview.php 
2016-01-25 10:21:07 - DEBUG --> Accedió 
2016-01-25 10:55:41 - DEBUG --> Archivo \components\com_jhotelreservation\classes\services\UserDataService.php 
2016-01-25 10:55:41 - DEBUG --> initializeUserData 
2016-01-25 10:55:41 - DEBUG --> UserData first: N; 
2016-01-25 10:55:41 - DEBUG --> Archivo \components\com_jhotelreservation\classes\services\UserDataService.php 
2016-01-25 10:55:41 - DEBUG --> createUserData 
2016-01-25 10:55:41 - DEBUG --> UserData end:  a:0:{} 
2016-01-25 10:55:41 - DEBUG --> Archivo \components\com_jhotelreservation\classes\services\UserDataService.php 
2016-01-25 10:55:41 - DEBUG --> initializeUserData 
2016-01-25 10:55:41 - DEBUG --> UserData first: a:0:{} 
2016-01-25 10:55:41 - DEBUG --> UserData end:  a:0:{} 
2016-01-25 10:55:41 - DEBUG --> Archivo \components\com_jhotelreservation\classes\services\UserDataService.php 
2016-01-25 10:55:41 - DEBUG --> initializeReservationData 
2016-01-25 10:55:41 - DEBUG --> UserData: a:0:{} 
2016-01-25 10:55:41 - DEBUG --> Archivo \components\com_jhotelreservation\classes\services\UserDataService.php 
2016-01-25 10:55:41 - DEBUG --> updateUserData 
2016-01-25 10:55:41 - DEBUG --> Archivo \components\com_jhotelreservation\classes\services\UserDataService.php 
2016-01-25 10:55:41 - DEBUG --> getUserData 
2016-01-25 10:55:41 - DEBUG --> Archivo \components\com_jhotelreservation\classes\services\UserDataService.php 
2016-01-25 10:55:41 - DEBUG --> setCurrency 
2016-01-25 10:55:41 - DEBUG --> Archivo \components\com_jhotelreservation\classes\services\UserDataService.php 
2016-01-25 10:55:41 - DEBUG --> getUserData 
2016-01-25 10:55:41 - DEBUG --> Archivo \components\com_jhotelreservation\classes\services\UserDataService.php 
2016-01-25 10:55:41 - DEBUG --> getUserData 
2016-01-25 10:55:41 - DEBUG --> Archivo \components\com_jhotelreservation\classes\services\UserDataService.php 
2016-01-25 10:55:41 - DEBUG --> getUserData 
2016-01-25 10:55:41 - DEBUG --> Archivo \components\com_jhotelreservationiews\hotel	mpl\hoteloverview.php 
2016-01-25 10:55:41 - DEBUG --> Accedió 
2016-01-25 13:35:59 - DEBUG --> Archivo \components\com_jhotelreservation\classes\services\UserDataService.php 
2016-01-25 13:35:59 - DEBUG --> initializeUserData 
2016-01-25 13:35:59 - DEBUG --> UserData first: N; 
2016-01-25 13:35:59 - DEBUG --> Archivo \components\com_jhotelreservation\classes\services\UserDataService.php 
2016-01-25 13:35:59 - DEBUG --> createUserData 
2016-01-25 13:35:59 - DEBUG --> UserData end:  a:0:{} 
2016-01-25 13:35:59 - DEBUG --> Archivo \components\com_jhotelreservation\classes\services\UserDataService.php 
2016-01-25 13:35:59 - DEBUG --> initializeUserData 
2016-01-25 13:35:59 - DEBUG --> UserData first: a:0:{} 
2016-01-25 13:35:59 - DEBUG --> UserData end:  a:0:{} 
2016-01-25 13:35:59 - DEBUG --> Archivo \components\com_jhotelreservation\classes\services\UserDataService.php 
2016-01-25 13:35:59 - DEBUG --> initializeReservationData 
2016-01-25 13:35:59 - DEBUG --> UserData: a:0:{} 
2016-01-25 13:35:59 - DEBUG --> Archivo \components\com_jhotelreservation\classes\services\UserDataService.php 
2016-01-25 13:35:59 - DEBUG --> updateUserData 
2016-01-25 13:35:59 - DEBUG --> Archivo \components\com_jhotelreservation\classes\services\UserDataService.php 
2016-01-25 13:35:59 - DEBUG --> getUserData 
2016-01-25 13:35:59 - DEBUG --> Archivo \components\com_jhotelreservation\classes\services\UserDataService.php 
2016-01-25 13:35:59 - DEBUG --> setCurrency 
2016-01-25 13:35:59 - DEBUG --> Archivo \components\com_jhotelreservation\classes\services\UserDataService.php 
2016-01-25 13:35:59 - DEBUG --> getUserData 
2016-01-25 13:35:59 - DEBUG --> Archivo \components\com_jhotelreservation\classes\services\UserDataService.php 
2016-01-25 13:35:59 - DEBUG --> getUserData 
2016-01-25 13:35:59 - DEBUG --> Archivo \components\com_jhotelreservation\classes\services\UserDataService.php 
2016-01-25 13:35:59 - DEBUG --> getUserData 
2016-01-25 14:20:59 - DEBUG --> Archivo \components\com_jhotelreservation\classes\services\UserDataService.php 
2016-01-25 14:20:59 - DEBUG --> initializeUserData 
2016-01-25 14:20:59 - DEBUG --> UserData first: N; 
2016-01-25 14:20:59 - DEBUG --> Archivo \components\com_jhotelreservation\classes\services\UserDataService.php 
2016-01-25 14:20:59 - DEBUG --> createUserData 
2016-01-25 14:20:59 - DEBUG --> UserData end:  a:0:{} 
2016-01-25 14:20:59 - DEBUG --> Archivo \components\com_jhotelreservation\classes\services\UserDataService.php 
2016-01-25 14:20:59 - DEBUG --> initializeUserData 
2016-01-25 14:20:59 - DEBUG --> UserData first: a:0:{} 
2016-01-25 14:20:59 - DEBUG --> UserData end:  a:0:{} 
2016-01-25 14:20:59 - DEBUG --> Archivo \components\com_jhotelreservation\classes\services\UserDataService.php 
2016-01-25 14:20:59 - DEBUG --> initializeReservationData 
2016-01-25 14:20:59 - DEBUG --> UserData: a:0:{} 
2016-01-25 14:20:59 - DEBUG --> Archivo \components\com_jhotelreservation\classes\services\UserDataService.php 
2016-01-25 14:20:59 - DEBUG --> updateUserData 
2016-01-25 14:20:59 - DEBUG --> Archivo \components\com_jhotelreservation\classes\services\UserDataService.php 
2016-01-25 14:20:59 - DEBUG --> getUserData 
2016-01-25 14:20:59 - DEBUG --> Archivo \components\com_jhotelreservation\classes\services\UserDataService.php 
2016-01-25 14:20:59 - DEBUG --> setCurrency 
2016-01-25 14:20:59 - DEBUG --> Archivo \components\com_jhotelreservation\classes\services\UserDataService.php 
2016-01-25 14:20:59 - DEBUG --> getUserData 
2016-01-25 14:20:59 - DEBUG --> Archivo \components\com_jhotelreservation\classes\services\UserDataService.php 
2016-01-25 14:20:59 - DEBUG --> getUserData 
2016-01-25 14:20:59 - DEBUG --> Archivo \components\com_jhotelreservation\classes\services\UserDataService.php 
2016-01-25 14:20:59 - DEBUG --> getUserData 
2016-01-25 14:20:59 - DEBUG --> Archivo \components\com_jhotelreservationiews\hotel	mpl\hoteloverview.php 
2016-01-25 14:20:59 - DEBUG --> Accedió 
2016-01-25 14:36:34 - DEBUG --> Archivo \components\com_jhotelreservation\classes\services\UserDataService.php 
2016-01-25 14:36:34 - DEBUG --> initializeUserData 
2016-01-25 14:36:34 - DEBUG --> UserData first: N; 
2016-01-25 14:36:34 - DEBUG --> Archivo \components\com_jhotelreservation\classes\services\UserDataService.php 
2016-01-25 14:36:34 - DEBUG --> createUserData 
2016-01-25 14:36:34 - DEBUG --> UserData end:  a:0:{} 
2016-01-25 14:36:34 - DEBUG --> Archivo \components\com_jhotelreservation\classes\services\UserDataService.php 
2016-01-25 14:36:34 - DEBUG --> initializeUserData 
2016-01-25 14:36:34 - DEBUG --> UserData first: a:0:{} 
2016-01-25 14:36:34 - DEBUG --> UserData end:  a:0:{} 
2016-01-25 14:36:34 - DEBUG --> Archivo \components\com_jhotelreservation\classes\services\UserDataService.php 
2016-01-25 14:36:34 - DEBUG --> initializeReservationData 
2016-01-25 14:36:34 - DEBUG --> UserData: a:0:{} 
2016-01-25 14:36:34 - DEBUG --> Archivo \components\com_jhotelreservation\classes\services\UserDataService.php 
2016-01-25 14:36:34 - DEBUG --> updateUserData 
2016-01-25 14:36:34 - DEBUG --> Archivo \components\com_jhotelreservation\classes\services\UserDataService.php 
2016-01-25 14:36:34 - DEBUG --> getUserData 
2016-01-25 14:36:34 - DEBUG --> Archivo \components\com_jhotelreservation\classes\services\UserDataService.php 
2016-01-25 14:36:34 - DEBUG --> setCurrency 
2016-01-25 14:36:34 - DEBUG --> Archivo \components\com_jhotelreservation\classes\services\UserDataService.php 
2016-01-25 14:36:34 - DEBUG --> getUserData 
2016-01-25 14:36:34 - DEBUG --> Archivo \components\com_jhotelreservation\classes\services\UserDataService.php 
2016-01-25 14:36:34 - DEBUG --> getUserData 
2016-01-25 14:36:34 - DEBUG --> Archivo \components\com_jhotelreservation\classes\services\UserDataService.php 
2016-01-25 14:36:34 - DEBUG --> getUserData 
2016-01-25 14:36:34 - DEBUG --> Archivo \components\com_jhotelreservationiews\hotel	mpl\hoteloverview.php 
2016-01-25 14:36:34 - DEBUG --> Accedió 
2016-01-25 15:04:15 - DEBUG --> Archivo \components\com_jhotelreservation\classes\services\UserDataService.php 
2016-01-25 15:04:15 - DEBUG --> initializeUserData 
2016-01-25 15:04:15 - DEBUG --> UserData first: N; 
2016-01-25 15:04:15 - DEBUG --> Archivo \components\com_jhotelreservation\classes\services\UserDataService.php 
2016-01-25 15:04:15 - DEBUG --> createUserData 
2016-01-25 15:04:15 - DEBUG --> UserData end:  a:0:{} 
2016-01-25 15:04:15 - DEBUG --> Archivo \components\com_jhotelreservation\classes\services\UserDataService.php 
2016-01-25 15:04:15 - DEBUG --> initializeUserData 
2016-01-25 15:04:15 - DEBUG --> UserData first: a:0:{} 
2016-01-25 15:04:15 - DEBUG --> UserData end:  a:0:{} 
2016-01-25 15:04:15 - DEBUG --> Archivo \components\com_jhotelreservation\classes\services\UserDataService.php 
2016-01-25 15:04:15 - DEBUG --> initializeReservationData 
2016-01-25 15:04:15 - DEBUG --> UserData: a:0:{} 
2016-01-25 15:04:15 - DEBUG --> Archivo \components\com_jhotelreservation\classes\services\UserDataService.php 
2016-01-25 15:04:15 - DEBUG --> updateUserData 
2016-01-25 15:04:15 - DEBUG --> Archivo \components\com_jhotelreservation\classes\services\UserDataService.php 
2016-01-25 15:04:15 - DEBUG --> getUserData 
2016-01-25 15:04:15 - DEBUG --> Archivo \components\com_jhotelreservation\classes\services\UserDataService.php 
2016-01-25 15:04:15 - DEBUG --> setCurrency 
2016-01-25 15:04:15 - DEBUG --> Archivo \components\com_jhotelreservation\classes\services\UserDataService.php 
2016-01-25 15:04:15 - DEBUG --> getUserData 
2016-01-25 15:04:15 - DEBUG --> Archivo \components\com_jhotelreservation\classes\services\UserDataService.php 
2016-01-25 15:04:15 - DEBUG --> getUserData 
2016-01-25 15:04:15 - DEBUG --> Archivo \components\com_jhotelreservation\classes\services\UserDataService.php 
2016-01-25 15:04:15 - DEBUG --> getUserData 
2016-01-25 15:10:14 - DEBUG --> Archivo \components\com_jhotelreservation\classes\services\UserDataService.php 
2016-01-25 15:10:14 - DEBUG --> initializeUserData 
2016-01-25 15:10:14 - DEBUG --> UserData first: N; 
2016-01-25 15:10:14 - DEBUG --> Archivo \components\com_jhotelreservation\classes\services\UserDataService.php 
2016-01-25 15:10:14 - DEBUG --> createUserData 
2016-01-25 15:10:14 - DEBUG --> UserData end:  a:0:{} 
2016-01-25 15:10:14 - DEBUG --> Archivo \components\com_jhotelreservation\classes\services\UserDataService.php 
2016-01-25 15:10:14 - DEBUG --> initializeUserData 
2016-01-25 15:10:14 - DEBUG --> UserData first: a:0:{} 
2016-01-25 15:10:14 - DEBUG --> UserData end:  a:0:{} 
2016-01-25 15:10:14 - DEBUG --> Archivo \components\com_jhotelreservation\classes\services\UserDataService.php 
2016-01-25 15:10:14 - DEBUG --> initializeReservationData 
2016-01-25 15:10:14 - DEBUG --> UserData: a:0:{} 
2016-01-25 15:10:14 - DEBUG --> Archivo \components\com_jhotelreservation\classes\services\UserDataService.php 
2016-01-25 15:10:14 - DEBUG --> updateUserData 
2016-01-25 15:10:14 - DEBUG --> Archivo \components\com_jhotelreservation\classes\services\UserDataService.php 
2016-01-25 15:10:14 - DEBUG --> getUserData 
2016-01-25 15:10:14 - DEBUG --> Archivo \components\com_jhotelreservation\classes\services\UserDataService.php 
2016-01-25 15:10:14 - DEBUG --> setCurrency 
2016-01-25 15:10:14 - DEBUG --> Archivo \components\com_jhotelreservation\classes\services\UserDataService.php 
2016-01-25 15:10:14 - DEBUG --> getUserData 
2016-01-25 15:10:14 - DEBUG --> Archivo \components\com_jhotelreservation\classes\services\UserDataService.php 
2016-01-25 15:10:14 - DEBUG --> getUserData 
2016-01-25 15:10:14 - DEBUG --> Archivo \components\com_jhotelreservation\classes\services\UserDataService.php 
2016-01-25 15:10:14 - DEBUG --> getUserData 
2016-01-25 15:10:14 - DEBUG --> Archivo \components\com_jhotelreservationiews\hotel	mpl\hoteloverview.php 
2016-01-25 15:10:14 - DEBUG --> Accedió 
2016-01-25 15:29:05 - DEBUG --> Archivo \components\com_jhotelreservation\classes\services\UserDataService.php 
2016-01-25 15:29:05 - DEBUG --> initializeUserData 
2016-01-25 15:29:05 - DEBUG --> UserData first: N; 
2016-01-25 15:29:05 - DEBUG --> Archivo \components\com_jhotelreservation\classes\services\UserDataService.php 
2016-01-25 15:29:05 - DEBUG --> createUserData 
2016-01-25 15:29:05 - DEBUG --> UserData end:  a:0:{} 
2016-01-25 15:29:05 - DEBUG --> Archivo \components\com_jhotelreservation\classes\services\UserDataService.php 
2016-01-25 15:29:05 - DEBUG --> initializeUserData 
2016-01-25 15:29:05 - DEBUG --> UserData first: a:0:{} 
2016-01-25 15:29:05 - DEBUG --> UserData end:  a:0:{} 
2016-01-25 15:29:05 - DEBUG --> Archivo \components\com_jhotelreservation\classes\services\UserDataService.php 
2016-01-25 15:29:05 - DEBUG --> initializeReservationData 
2016-01-25 15:29:05 - DEBUG --> UserData: a:0:{} 
2016-01-25 15:29:05 - DEBUG --> Archivo \components\com_jhotelreservation\classes\services\UserDataService.php 
2016-01-25 15:29:05 - DEBUG --> updateUserData 
2016-01-25 15:29:05 - DEBUG --> Archivo \components\com_jhotelreservation\classes\services\UserDataService.php 
2016-01-25 15:29:05 - DEBUG --> getUserData 
2016-01-25 15:29:05 - DEBUG --> Archivo \components\com_jhotelreservation\classes\services\UserDataService.php 
2016-01-25 15:29:05 - DEBUG --> setCurrency 
2016-01-25 15:29:05 - DEBUG --> Archivo \components\com_jhotelreservation\classes\services\UserDataService.php 
2016-01-25 15:29:05 - DEBUG --> getUserData 
2016-01-25 15:29:05 - DEBUG --> Archivo \components\com_jhotelreservation\classes\services\UserDataService.php 
2016-01-25 15:29:05 - DEBUG --> getUserData 
2016-01-25 15:29:05 - DEBUG --> Archivo \components\com_jhotelreservation\classes\services\UserDataService.php 
2016-01-25 15:29:05 - DEBUG --> getUserData 
2016-01-25 15:50:35 - DEBUG --> Archivo \components\com_jhotelreservation\classes\services\UserDataService.php 
2016-01-25 15:50:35 - DEBUG --> initializeUserData 
2016-01-25 15:50:35 - DEBUG --> UserData first: N; 
2016-01-25 15:50:35 - DEBUG --> Archivo \components\com_jhotelreservation\classes\services\UserDataService.php 
2016-01-25 15:50:35 - DEBUG --> createUserData 
2016-01-25 15:50:35 - DEBUG --> UserData end:  a:0:{} 
2016-01-25 15:50:35 - DEBUG --> Archivo \components\com_jhotelreservation\classes\services\UserDataService.php 
2016-01-25 15:50:35 - DEBUG --> initializeUserData 
2016-01-25 15:50:35 - DEBUG --> UserData first: a:0:{} 
2016-01-25 15:50:35 - DEBUG --> UserData end:  a:0:{} 
2016-01-25 15:50:35 - DEBUG --> Archivo \components\com_jhotelreservation\classes\services\UserDataService.php 
2016-01-25 15:50:35 - DEBUG --> initializeReservationData 
2016-01-25 15:50:35 - DEBUG --> UserData: a:0:{} 
2016-01-25 15:50:35 - DEBUG --> Archivo \components\com_jhotelreservation\classes\services\UserDataService.php 
2016-01-25 15:50:35 - DEBUG --> updateUserData 
2016-01-25 15:50:35 - DEBUG --> Archivo \components\com_jhotelreservation\classes\services\UserDataService.php 
2016-01-25 15:50:35 - DEBUG --> getUserData 
2016-01-25 15:50:35 - DEBUG --> Archivo \components\com_jhotelreservation\classes\services\UserDataService.php 
2016-01-25 15:50:35 - DEBUG --> setCurrency 
2016-01-25 15:50:35 - DEBUG --> Archivo \components\com_jhotelreservation\classes\services\UserDataService.php 
2016-01-25 15:50:35 - DEBUG --> getUserData 
2016-01-25 15:50:35 - DEBUG --> Archivo \components\com_jhotelreservation\classes\services\UserDataService.php 
2016-01-25 15:50:35 - DEBUG --> getUserData 
2016-01-25 15:50:35 - DEBUG --> Archivo \components\com_jhotelreservation\classes\services\UserDataService.php 
2016-01-25 15:50:35 - DEBUG --> getUserData 
2016-01-25 15:50:35 - DEBUG --> Archivo \components\com_jhotelreservationiews\hotel	mpl\hoteloverview.php 
2016-01-25 15:50:35 - DEBUG --> Accedió 
2016-01-25 15:53:45 - DEBUG --> Archivo \components\com_jhotelreservation\classes\services\UserDataService.php 
2016-01-25 15:53:45 - DEBUG --> initializeUserData 
2016-01-25 15:53:45 - DEBUG --> UserData first: N; 
2016-01-25 15:53:45 - DEBUG --> Archivo \components\com_jhotelreservation\classes\services\UserDataService.php 
2016-01-25 15:53:45 - DEBUG --> createUserData 
2016-01-25 15:53:45 - DEBUG --> UserData end:  a:0:{} 
2016-01-25 15:53:45 - DEBUG --> Archivo \components\com_jhotelreservation\classes\services\UserDataService.php 
2016-01-25 15:53:45 - DEBUG --> initializeUserData 
2016-01-25 15:53:45 - DEBUG --> UserData first: a:0:{} 
2016-01-25 15:53:45 - DEBUG --> UserData end:  a:0:{} 
2016-01-25 15:53:45 - DEBUG --> Archivo \components\com_jhotelreservation\classes\services\UserDataService.php 
2016-01-25 15:53:45 - DEBUG --> initializeReservationData 
2016-01-25 15:53:45 - DEBUG --> UserData: a:0:{} 
2016-01-25 15:53:45 - DEBUG --> Archivo \components\com_jhotelreservation\classes\services\UserDataService.php 
2016-01-25 15:53:45 - DEBUG --> updateUserData 
2016-01-25 15:53:45 - DEBUG --> Archivo \components\com_jhotelreservation\classes\services\UserDataService.php 
2016-01-25 15:53:45 - DEBUG --> getUserData 
2016-01-25 15:53:45 - DEBUG --> Archivo \components\com_jhotelreservation\classes\services\UserDataService.php 
2016-01-25 15:53:45 - DEBUG --> setCurrency 
2016-01-25 15:53:45 - DEBUG --> Archivo \components\com_jhotelreservation\classes\services\UserDataService.php 
2016-01-25 15:53:45 - DEBUG --> getUserData 
2016-01-25 15:53:45 - DEBUG --> Archivo \components\com_jhotelreservation\classes\services\UserDataService.php 
2016-01-25 15:53:45 - DEBUG --> getUserData 
2016-01-25 15:53:45 - DEBUG --> Archivo \components\com_jhotelreservation\classes\services\UserDataService.php 
2016-01-25 15:53:45 - DEBUG --> getUserData 
2016-01-25 16:27:44 - DEBUG --> Archivo \components\com_jhotelreservation\classes\services\UserDataService.php 
2016-01-25 16:27:44 - DEBUG --> initializeUserData 
2016-01-25 16:27:44 - DEBUG --> UserData first: N; 
2016-01-25 16:27:44 - DEBUG --> Archivo \components\com_jhotelreservation\classes\services\UserDataService.php 
2016-01-25 16:27:44 - DEBUG --> createUserData 
2016-01-25 16:27:44 - DEBUG --> UserData end:  a:0:{} 
2016-01-25 16:27:44 - DEBUG --> Archivo \components\com_jhotelreservation\classes\services\UserDataService.php 
2016-01-25 16:27:44 - DEBUG --> initializeUserData 
2016-01-25 16:27:44 - DEBUG --> UserData first: a:0:{} 
2016-01-25 16:27:44 - DEBUG --> UserData end:  a:0:{} 
2016-01-25 16:27:44 - DEBUG --> Archivo \components\com_jhotelreservation\classes\services\UserDataService.php 
2016-01-25 16:27:44 - DEBUG --> initializeReservationData 
2016-01-25 16:27:44 - DEBUG --> UserData: a:0:{} 
2016-01-25 16:27:44 - DEBUG --> Archivo \components\com_jhotelreservation\classes\services\UserDataService.php 
2016-01-25 16:27:44 - DEBUG --> updateUserData 
2016-01-25 16:27:44 - DEBUG --> Archivo \components\com_jhotelreservation\classes\services\UserDataService.php 
2016-01-25 16:27:44 - DEBUG --> getUserData 
2016-01-25 16:27:44 - DEBUG --> Archivo \components\com_jhotelreservation\classes\services\UserDataService.php 
2016-01-25 16:27:44 - DEBUG --> setCurrency 
2016-01-25 16:27:44 - DEBUG --> Archivo \components\com_jhotelreservation\classes\services\UserDataService.php 
2016-01-25 16:27:44 - DEBUG --> getUserData 
2016-01-25 16:27:45 - DEBUG --> Archivo \components\com_jhotelreservation\classes\services\UserDataService.php 
2016-01-25 16:27:45 - DEBUG --> getUserData 
2016-01-25 16:27:45 - DEBUG --> Archivo \components\com_jhotelreservation\classes\services\UserDataService.php 
2016-01-25 16:27:45 - DEBUG --> getUserData 
2016-01-25 16:48:11 - DEBUG --> Archivo \components\com_jhotelreservation\classes\services\UserDataService.php 
2016-01-25 16:48:11 - DEBUG --> initializeUserData 
2016-01-25 16:48:11 - DEBUG --> UserData first: N; 
2016-01-25 16:48:11 - DEBUG --> Archivo \components\com_jhotelreservation\classes\services\UserDataService.php 
2016-01-25 16:48:11 - DEBUG --> createUserData 
2016-01-25 16:48:11 - DEBUG --> UserData end:  a:0:{} 
2016-01-25 16:48:11 - DEBUG --> Archivo \components\com_jhotelreservation\classes\services\UserDataService.php 
2016-01-25 16:48:11 - DEBUG --> initializeUserData 
2016-01-25 16:48:11 - DEBUG --> UserData first: a:0:{} 
2016-01-25 16:48:11 - DEBUG --> UserData end:  a:0:{} 
2016-01-25 16:48:11 - DEBUG --> Archivo \components\com_jhotelreservation\classes\services\UserDataService.php 
2016-01-25 16:48:11 - DEBUG --> initializeReservationData 
2016-01-25 16:48:11 - DEBUG --> UserData: a:0:{} 
2016-01-25 16:48:11 - DEBUG --> Archivo \components\com_jhotelreservation\classes\services\UserDataService.php 
2016-01-25 16:48:11 - DEBUG --> updateUserData 
2016-01-25 16:48:11 - DEBUG --> Archivo \components\com_jhotelreservation\classes\services\UserDataService.php 
2016-01-25 16:48:11 - DEBUG --> getUserData 
2016-01-25 16:48:11 - DEBUG --> Archivo \components\com_jhotelreservation\classes\services\UserDataService.php 
2016-01-25 16:48:11 - DEBUG --> setCurrency 
2016-01-25 16:48:11 - DEBUG --> Archivo \components\com_jhotelreservation\classes\services\UserDataService.php 
2016-01-25 16:48:11 - DEBUG --> getUserData 
2016-01-25 16:48:11 - DEBUG --> Archivo \components\com_jhotelreservation\classes\services\UserDataService.php 
2016-01-25 16:48:11 - DEBUG --> getUserData 
2016-01-25 16:48:11 - DEBUG --> Archivo \components\com_jhotelreservation\classes\services\UserDataService.php 
2016-01-25 16:48:11 - DEBUG --> getUserData 
2016-01-25 16:48:11 - DEBUG --> Archivo \components\com_jhotelreservationiews\hotel	mpl\hoteloverview.php 
2016-01-25 16:48:11 - DEBUG --> Accedió 
2016-01-25 16:48:15 - DEBUG --> Archivo \components\com_jhotelreservation\classes\services\UserDataService.php 
2016-01-25 16:48:15 - DEBUG --> initializeUserData 
2016-01-25 16:48:15 - DEBUG --> UserData first: N; 
2016-01-25 16:48:15 - DEBUG --> Archivo \components\com_jhotelreservation\classes\services\UserDataService.php 
2016-01-25 16:48:15 - DEBUG --> createUserData 
2016-01-25 16:48:15 - DEBUG --> UserData end:  a:0:{} 
2016-01-25 16:48:15 - DEBUG --> Archivo \components\com_jhotelreservation\classes\services\UserDataService.php 
2016-01-25 16:48:15 - DEBUG --> initializeUserData 
2016-01-25 16:48:15 - DEBUG --> UserData first: a:0:{} 
2016-01-25 16:48:15 - DEBUG --> UserData end:  a:0:{} 
2016-01-25 16:48:15 - DEBUG --> Archivo \components\com_jhotelreservation\classes\services\UserDataService.php 
2016-01-25 16:48:15 - DEBUG --> initializeReservationData 
2016-01-25 16:48:15 - DEBUG --> UserData: a:0:{} 
2016-01-25 16:48:15 - DEBUG --> Archivo \components\com_jhotelreservation\classes\services\UserDataService.php 
2016-01-25 16:48:15 - DEBUG --> updateUserData 
2016-01-25 16:48:15 - DEBUG --> Archivo \components\com_jhotelreservation\classes\services\UserDataService.php 
2016-01-25 16:48:15 - DEBUG --> getUserData 
2016-01-25 16:48:15 - DEBUG --> Archivo \components\com_jhotelreservation\classes\services\UserDataService.php 
2016-01-25 16:48:15 - DEBUG --> setCurrency 
2016-01-25 16:48:15 - DEBUG --> Archivo \components\com_jhotelreservation\classes\services\UserDataService.php 
2016-01-25 16:48:15 - DEBUG --> getUserData 
2016-01-25 16:48:15 - DEBUG --> Archivo \components\com_jhotelreservation\classes\services\UserDataService.php 
2016-01-25 16:48:15 - DEBUG --> getUserData 
2016-01-25 16:48:15 - DEBUG --> Archivo \components\com_jhotelreservation\classes\services\UserDataService.php 
2016-01-25 16:48:15 - DEBUG --> getUserData 
2016-01-25 16:48:15 - DEBUG --> Archivo \components\com_jhotelreservationiews\hotel	mpl\hoteloverview.php 
2016-01-25 16:48:15 - DEBUG --> Accedió 
2016-01-25 16:48:18 - DEBUG --> Archivo \components\com_jhotelreservation\classes\services\UserDataService.php 
2016-01-25 16:48:18 - DEBUG --> initializeUserData 
2016-01-25 16:48:18 - DEBUG --> UserData first: N; 
2016-01-25 16:48:18 - DEBUG --> Archivo \components\com_jhotelreservation\classes\services\UserDataService.php 
2016-01-25 16:48:18 - DEBUG --> createUserData 
2016-01-25 16:48:18 - DEBUG --> UserData end:  a:0:{} 
2016-01-25 16:48:18 - DEBUG --> Archivo \components\com_jhotelreservation\classes\services\UserDataService.php 
2016-01-25 16:48:18 - DEBUG --> initializeUserData 
2016-01-25 16:48:18 - DEBUG --> UserData first: a:0:{} 
2016-01-25 16:48:18 - DEBUG --> UserData end:  a:0:{} 
2016-01-25 16:48:18 - DEBUG --> Archivo \components\com_jhotelreservation\classes\services\UserDataService.php 
2016-01-25 16:48:18 - DEBUG --> initializeReservationData 
2016-01-25 16:48:18 - DEBUG --> UserData: a:0:{} 
2016-01-25 16:48:18 - DEBUG --> Archivo \components\com_jhotelreservation\classes\services\UserDataService.php 
2016-01-25 16:48:18 - DEBUG --> updateUserData 
2016-01-25 16:48:18 - DEBUG --> Archivo \components\com_jhotelreservation\classes\services\UserDataService.php 
2016-01-25 16:48:18 - DEBUG --> getUserData 
2016-01-25 16:48:18 - DEBUG --> Archivo \components\com_jhotelreservation\classes\services\UserDataService.php 
2016-01-25 16:48:18 - DEBUG --> setCurrency 
2016-01-25 16:48:18 - DEBUG --> Archivo \components\com_jhotelreservation\classes\services\UserDataService.php 
2016-01-25 16:48:18 - DEBUG --> getUserData 
2016-01-25 16:48:18 - DEBUG --> Archivo \components\com_jhotelreservation\classes\services\UserDataService.php 
2016-01-25 16:48:18 - DEBUG --> getUserData 
2016-01-25 16:48:18 - DEBUG --> Archivo \components\com_jhotelreservation\classes\services\UserDataService.php 
2016-01-25 16:48:18 - DEBUG --> getUserData 
2016-01-25 16:48:18 - DEBUG --> Archivo \components\com_jhotelreservationiews\hotel	mpl\hoteloverview.php 
2016-01-25 16:48:18 - DEBUG --> Accedió 
2016-01-25 16:48:20 - DEBUG --> Archivo \components\com_jhotelreservation\classes\services\UserDataService.php 
2016-01-25 16:48:20 - DEBUG --> initializeUserData 
2016-01-25 16:48:20 - DEBUG --> UserData first: N; 
2016-01-25 16:48:20 - DEBUG --> Archivo \components\com_jhotelreservation\classes\services\UserDataService.php 
2016-01-25 16:48:20 - DEBUG --> createUserData 
2016-01-25 16:48:20 - DEBUG --> UserData end:  a:0:{} 
2016-01-25 16:48:20 - DEBUG --> Archivo \components\com_jhotelreservation\classes\services\UserDataService.php 
2016-01-25 16:48:20 - DEBUG --> initializeUserData 
2016-01-25 16:48:20 - DEBUG --> UserData first: a:0:{} 
2016-01-25 16:48:20 - DEBUG --> UserData end:  a:0:{} 
2016-01-25 16:48:20 - DEBUG --> Archivo \components\com_jhotelreservation\classes\services\UserDataService.php 
2016-01-25 16:48:20 - DEBUG --> initializeReservationData 
2016-01-25 16:48:20 - DEBUG --> UserData: a:0:{} 
2016-01-25 16:48:20 - DEBUG --> Archivo \components\com_jhotelreservation\classes\services\UserDataService.php 
2016-01-25 16:48:20 - DEBUG --> updateUserData 
2016-01-25 16:48:20 - DEBUG --> Archivo \components\com_jhotelreservation\classes\services\UserDataService.php 
2016-01-25 16:48:20 - DEBUG --> getUserData 
2016-01-25 16:48:20 - DEBUG --> Archivo \components\com_jhotelreservation\classes\services\UserDataService.php 
2016-01-25 16:48:20 - DEBUG --> setCurrency 
2016-01-25 16:48:20 - DEBUG --> Archivo \components\com_jhotelreservation\classes\services\UserDataService.php 
2016-01-25 16:48:20 - DEBUG --> getUserData 
2016-01-25 16:48:20 - DEBUG --> Archivo \components\com_jhotelreservation\classes\services\UserDataService.php 
2016-01-25 16:48:20 - DEBUG --> getUserData 
2016-01-25 16:48:20 - DEBUG --> Archivo \components\com_jhotelreservation\classes\services\UserDataService.php 
2016-01-25 16:48:20 - DEBUG --> getUserData 
2016-01-25 16:48:20 - DEBUG --> Archivo \components\com_jhotelreservationiews\hotel	mpl\hoteloverview.php 
2016-01-25 16:48:20 - DEBUG --> Accedió 
2016-01-25 16:48:23 - DEBUG --> Archivo \components\com_jhotelreservation\classes\services\UserDataService.php 
2016-01-25 16:48:23 - DEBUG --> initializeUserData 
2016-01-25 16:48:23 - DEBUG --> UserData first: N; 
2016-01-25 16:48:23 - DEBUG --> Archivo \components\com_jhotelreservation\classes\services\UserDataService.php 
2016-01-25 16:48:23 - DEBUG --> createUserData 
2016-01-25 16:48:23 - DEBUG --> UserData end:  a:0:{} 
2016-01-25 16:48:23 - DEBUG --> Archivo \components\com_jhotelreservation\classes\services\UserDataService.php 
2016-01-25 16:48:23 - DEBUG --> initializeUserData 
2016-01-25 16:48:23 - DEBUG --> UserData first: a:0:{} 
2016-01-25 16:48:23 - DEBUG --> UserData end:  a:0:{} 
2016-01-25 16:48:23 - DEBUG --> Archivo \components\com_jhotelreservation\classes\services\UserDataService.php 
2016-01-25 16:48:23 - DEBUG --> initializeReservationData 
2016-01-25 16:48:23 - DEBUG --> UserData: a:0:{} 
2016-01-25 16:48:23 - DEBUG --> Archivo \components\com_jhotelreservation\classes\services\UserDataService.php 
2016-01-25 16:48:23 - DEBUG --> updateUserData 
2016-01-25 16:48:23 - DEBUG --> Archivo \components\com_jhotelreservation\classes\services\UserDataService.php 
2016-01-25 16:48:23 - DEBUG --> getUserData 
2016-01-25 16:48:23 - DEBUG --> Archivo \components\com_jhotelreservation\classes\services\UserDataService.php 
2016-01-25 16:48:23 - DEBUG --> setCurrency 
2016-01-25 16:48:23 - DEBUG --> Archivo \components\com_jhotelreservation\classes\services\UserDataService.php 
2016-01-25 16:48:23 - DEBUG --> getUserData 
2016-01-25 16:48:23 - DEBUG --> Archivo \components\com_jhotelreservation\classes\services\UserDataService.php 
2016-01-25 16:48:23 - DEBUG --> getUserData 
2016-01-25 16:48:23 - DEBUG --> Archivo \components\com_jhotelreservation\classes\services\UserDataService.php 
2016-01-25 16:48:23 - DEBUG --> getUserData 
2016-01-25 16:48:23 - DEBUG --> Archivo \components\com_jhotelreservationiews\hotel	mpl\hoteloverview.php 
2016-01-25 16:48:23 - DEBUG --> Accedió 
2016-01-25 16:48:25 - DEBUG --> Archivo \components\com_jhotelreservation\classes\services\UserDataService.php 
2016-01-25 16:48:25 - DEBUG --> initializeUserData 
2016-01-25 16:48:25 - DEBUG --> UserData first: N; 
2016-01-25 16:48:25 - DEBUG --> Archivo \components\com_jhotelreservation\classes\services\UserDataService.php 
2016-01-25 16:48:25 - DEBUG --> createUserData 
2016-01-25 16:48:25 - DEBUG --> UserData end:  a:0:{} 
2016-01-25 16:48:25 - DEBUG --> Archivo \components\com_jhotelreservation\classes\services\UserDataService.php 
2016-01-25 16:48:25 - DEBUG --> initializeUserData 
2016-01-25 16:48:25 - DEBUG --> UserData first: a:0:{} 
2016-01-25 16:48:25 - DEBUG --> UserData end:  a:0:{} 
2016-01-25 16:48:25 - DEBUG --> Archivo \components\com_jhotelreservation\classes\services\UserDataService.php 
2016-01-25 16:48:25 - DEBUG --> initializeReservationData 
2016-01-25 16:48:25 - DEBUG --> UserData: a:0:{} 
2016-01-25 16:48:25 - DEBUG --> Archivo \components\com_jhotelreservation\classes\services\UserDataService.php 
2016-01-25 16:48:25 - DEBUG --> updateUserData 
2016-01-25 16:48:25 - DEBUG --> Archivo \components\com_jhotelreservation\classes\services\UserDataService.php 
2016-01-25 16:48:25 - DEBUG --> getUserData 
2016-01-25 16:48:25 - DEBUG --> Archivo \components\com_jhotelreservation\classes\services\UserDataService.php 
2016-01-25 16:48:25 - DEBUG --> setCurrency 
2016-01-25 16:48:25 - DEBUG --> Archivo \components\com_jhotelreservation\classes\services\UserDataService.php 
2016-01-25 16:48:25 - DEBUG --> getUserData 
2016-01-25 16:48:25 - DEBUG --> Archivo \components\com_jhotelreservation\classes\services\UserDataService.php 
2016-01-25 16:48:25 - DEBUG --> getUserData 
2016-01-25 16:48:25 - DEBUG --> Archivo \components\com_jhotelreservation\classes\services\UserDataService.php 
2016-01-25 16:48:25 - DEBUG --> getUserData 
2016-01-25 16:48:25 - DEBUG --> Archivo \components\com_jhotelreservationiews\hotel	mpl\hoteloverview.php 
2016-01-25 16:48:25 - DEBUG --> Accedió 
2016-01-25 16:48:29 - DEBUG --> Archivo \components\com_jhotelreservation\classes\services\UserDataService.php 
2016-01-25 16:48:29 - DEBUG --> initializeUserData 
2016-01-25 16:48:29 - DEBUG --> UserData first: N; 
2016-01-25 16:48:29 - DEBUG --> Archivo \components\com_jhotelreservation\classes\services\UserDataService.php 
2016-01-25 16:48:29 - DEBUG --> createUserData 
2016-01-25 16:48:29 - DEBUG --> UserData end:  a:0:{} 
2016-01-25 16:48:29 - DEBUG --> Archivo \components\com_jhotelreservation\classes\services\UserDataService.php 
2016-01-25 16:48:29 - DEBUG --> initializeUserData 
2016-01-25 16:48:29 - DEBUG --> UserData first: a:0:{} 
2016-01-25 16:48:29 - DEBUG --> UserData end:  a:0:{} 
2016-01-25 16:48:29 - DEBUG --> Archivo \components\com_jhotelreservation\classes\services\UserDataService.php 
2016-01-25 16:48:29 - DEBUG --> initializeReservationData 
2016-01-25 16:48:29 - DEBUG --> UserData: a:0:{} 
2016-01-25 16:48:29 - DEBUG --> Archivo \components\com_jhotelreservation\classes\services\UserDataService.php 
2016-01-25 16:48:29 - DEBUG --> updateUserData 
2016-01-25 16:48:29 - DEBUG --> Archivo \components\com_jhotelreservation\classes\services\UserDataService.php 
2016-01-25 16:48:29 - DEBUG --> getUserData 
2016-01-25 16:48:29 - DEBUG --> Archivo \components\com_jhotelreservation\classes\services\UserDataService.php 
2016-01-25 16:48:29 - DEBUG --> setCurrency 
2016-01-25 16:48:29 - DEBUG --> Archivo \components\com_jhotelreservation\classes\services\UserDataService.php 
2016-01-25 16:48:29 - DEBUG --> getUserData 
2016-01-25 16:48:29 - DEBUG --> Archivo \components\com_jhotelreservation\classes\services\UserDataService.php 
2016-01-25 16:48:29 - DEBUG --> getUserData 
2016-01-25 16:48:29 - DEBUG --> Archivo \components\com_jhotelreservation\classes\services\UserDataService.php 
2016-01-25 16:48:29 - DEBUG --> getUserData 
2016-01-25 16:48:29 - DEBUG --> Archivo \components\com_jhotelreservationiews\hotel	mpl\hoteloverview.php 
2016-01-25 16:48:29 - DEBUG --> Accedió 
2016-01-25 16:48:31 - DEBUG --> Archivo \components\com_jhotelreservation\classes\services\UserDataService.php 
2016-01-25 16:48:31 - DEBUG --> initializeUserData 
2016-01-25 16:48:31 - DEBUG --> UserData first: N; 
2016-01-25 16:48:31 - DEBUG --> Archivo \components\com_jhotelreservation\classes\services\UserDataService.php 
2016-01-25 16:48:31 - DEBUG --> createUserData 
2016-01-25 16:48:31 - DEBUG --> UserData end:  a:0:{} 
2016-01-25 16:48:31 - DEBUG --> Archivo \components\com_jhotelreservation\classes\services\UserDataService.php 
2016-01-25 16:48:31 - DEBUG --> initializeUserData 
2016-01-25 16:48:31 - DEBUG --> UserData first: a:0:{} 
2016-01-25 16:48:31 - DEBUG --> UserData end:  a:0:{} 
2016-01-25 16:48:31 - DEBUG --> Archivo \components\com_jhotelreservation\classes\services\UserDataService.php 
2016-01-25 16:48:31 - DEBUG --> initializeReservationData 
2016-01-25 16:48:31 - DEBUG --> UserData: a:0:{} 
2016-01-25 16:48:31 - DEBUG --> Archivo \components\com_jhotelreservation\classes\services\UserDataService.php 
2016-01-25 16:48:31 - DEBUG --> updateUserData 
2016-01-25 16:48:31 - DEBUG --> Archivo \components\com_jhotelreservation\classes\services\UserDataService.php 
2016-01-25 16:48:31 - DEBUG --> getUserData 
2016-01-25 16:48:31 - DEBUG --> Archivo \components\com_jhotelreservation\classes\services\UserDataService.php 
2016-01-25 16:48:31 - DEBUG --> setCurrency 
2016-01-25 16:48:31 - DEBUG --> Archivo \components\com_jhotelreservation\classes\services\UserDataService.php 
2016-01-25 16:48:31 - DEBUG --> getUserData 
2016-01-25 16:48:31 - DEBUG --> Archivo \components\com_jhotelreservation\classes\services\UserDataService.php 
2016-01-25 16:48:31 - DEBUG --> getUserData 
2016-01-25 16:48:31 - DEBUG --> Archivo \components\com_jhotelreservation\classes\services\UserDataService.php 
2016-01-25 16:48:31 - DEBUG --> getUserData 
2016-01-25 16:48:31 - DEBUG --> Archivo \components\com_jhotelreservationiews\hotel	mpl\hoteloverview.php 
2016-01-25 16:48:31 - DEBUG --> Accedió 
2016-01-25 16:48:33 - DEBUG --> Archivo \components\com_jhotelreservation\classes\services\UserDataService.php 
2016-01-25 16:48:33 - DEBUG --> initializeUserData 
2016-01-25 16:48:33 - DEBUG --> UserData first: N; 
2016-01-25 16:48:33 - DEBUG --> Archivo \components\com_jhotelreservation\classes\services\UserDataService.php 
2016-01-25 16:48:33 - DEBUG --> createUserData 
2016-01-25 16:48:33 - DEBUG --> UserData end:  a:0:{} 
2016-01-25 16:48:33 - DEBUG --> Archivo \components\com_jhotelreservation\classes\services\UserDataService.php 
2016-01-25 16:48:33 - DEBUG --> initializeUserData 
2016-01-25 16:48:33 - DEBUG --> UserData first: a:0:{} 
2016-01-25 16:48:33 - DEBUG --> UserData end:  a:0:{} 
2016-01-25 16:48:33 - DEBUG --> Archivo \components\com_jhotelreservation\classes\services\UserDataService.php 
2016-01-25 16:48:33 - DEBUG --> initializeReservationData 
2016-01-25 16:48:33 - DEBUG --> UserData: a:0:{} 
2016-01-25 16:48:33 - DEBUG --> Archivo \components\com_jhotelreservation\classes\services\UserDataService.php 
2016-01-25 16:48:33 - DEBUG --> updateUserData 
2016-01-25 16:48:33 - DEBUG --> Archivo \components\com_jhotelreservation\classes\services\UserDataService.php 
2016-01-25 16:48:33 - DEBUG --> getUserData 
2016-01-25 16:48:33 - DEBUG --> Archivo \components\com_jhotelreservation\classes\services\UserDataService.php 
2016-01-25 16:48:33 - DEBUG --> setCurrency 
2016-01-25 16:48:33 - DEBUG --> Archivo \components\com_jhotelreservation\classes\services\UserDataService.php 
2016-01-25 16:48:33 - DEBUG --> getUserData 
2016-01-25 16:48:33 - DEBUG --> Archivo \components\com_jhotelreservation\classes\services\UserDataService.php 
2016-01-25 16:48:33 - DEBUG --> getUserData 
2016-01-25 16:48:33 - DEBUG --> Archivo \components\com_jhotelreservation\classes\services\UserDataService.php 
2016-01-25 16:48:33 - DEBUG --> getUserData 
2016-01-25 16:48:33 - DEBUG --> Archivo \components\com_jhotelreservationiews\hotel	mpl\hoteloverview.php 
2016-01-25 16:48:33 - DEBUG --> Accedió 
2016-01-25 16:48:36 - DEBUG --> Archivo \components\com_jhotelreservation\classes\services\UserDataService.php 
2016-01-25 16:48:36 - DEBUG --> initializeUserData 
2016-01-25 16:48:36 - DEBUG --> UserData first: N; 
2016-01-25 16:48:36 - DEBUG --> Archivo \components\com_jhotelreservation\classes\services\UserDataService.php 
2016-01-25 16:48:36 - DEBUG --> createUserData 
2016-01-25 16:48:36 - DEBUG --> UserData end:  a:0:{} 
2016-01-25 16:48:36 - DEBUG --> Archivo \components\com_jhotelreservation\classes\services\UserDataService.php 
2016-01-25 16:48:36 - DEBUG --> initializeUserData 
2016-01-25 16:48:36 - DEBUG --> UserData first: a:0:{} 
2016-01-25 16:48:36 - DEBUG --> UserData end:  a:0:{} 
2016-01-25 16:48:36 - DEBUG --> Archivo \components\com_jhotelreservation\classes\services\UserDataService.php 
2016-01-25 16:48:36 - DEBUG --> initializeReservationData 
2016-01-25 16:48:36 - DEBUG --> UserData: a:0:{} 
2016-01-25 16:48:36 - DEBUG --> Archivo \components\com_jhotelreservation\classes\services\UserDataService.php 
2016-01-25 16:48:36 - DEBUG --> updateUserData 
2016-01-25 16:48:36 - DEBUG --> Archivo \components\com_jhotelreservation\classes\services\UserDataService.php 
2016-01-25 16:48:36 - DEBUG --> getUserData 
2016-01-25 16:48:36 - DEBUG --> Archivo \components\com_jhotelreservation\classes\services\UserDataService.php 
2016-01-25 16:48:36 - DEBUG --> setCurrency 
2016-01-25 16:48:36 - DEBUG --> Archivo \components\com_jhotelreservation\classes\services\UserDataService.php 
2016-01-25 16:48:36 - DEBUG --> getUserData 
2016-01-25 16:48:36 - DEBUG --> Archivo \components\com_jhotelreservation\classes\services\UserDataService.php 
2016-01-25 16:48:36 - DEBUG --> getUserData 
2016-01-25 16:48:36 - DEBUG --> Archivo \components\com_jhotelreservation\classes\services\UserDataService.php 
2016-01-25 16:48:36 - DEBUG --> getUserData 
2016-01-25 16:48:36 - DEBUG --> Archivo \components\com_jhotelreservationiews\hotel	mpl\hoteloverview.php 
2016-01-25 16:48:36 - DEBUG --> Accedió 
2016-01-25 16:48:38 - DEBUG --> Archivo \components\com_jhotelreservation\classes\services\UserDataService.php 
2016-01-25 16:48:38 - DEBUG --> initializeUserData 
2016-01-25 16:48:38 - DEBUG --> UserData first: N; 
2016-01-25 16:48:38 - DEBUG --> Archivo \components\com_jhotelreservation\classes\services\UserDataService.php 
2016-01-25 16:48:38 - DEBUG --> createUserData 
2016-01-25 16:48:38 - DEBUG --> UserData end:  a:0:{} 
2016-01-25 16:48:38 - DEBUG --> Archivo \components\com_jhotelreservation\classes\services\UserDataService.php 
2016-01-25 16:48:38 - DEBUG --> initializeUserData 
2016-01-25 16:48:38 - DEBUG --> UserData first: a:0:{} 
2016-01-25 16:48:38 - DEBUG --> UserData end:  a:0:{} 
2016-01-25 16:48:38 - DEBUG --> Archivo \components\com_jhotelreservation\classes\services\UserDataService.php 
2016-01-25 16:48:38 - DEBUG --> initializeReservationData 
2016-01-25 16:48:38 - DEBUG --> UserData: a:0:{} 
2016-01-25 16:48:38 - DEBUG --> Archivo \components\com_jhotelreservation\classes\services\UserDataService.php 
2016-01-25 16:48:38 - DEBUG --> updateUserData 
2016-01-25 16:48:38 - DEBUG --> Archivo \components\com_jhotelreservation\classes\services\UserDataService.php 
2016-01-25 16:48:38 - DEBUG --> getUserData 
2016-01-25 16:48:38 - DEBUG --> Archivo \components\com_jhotelreservation\classes\services\UserDataService.php 
2016-01-25 16:48:38 - DEBUG --> setCurrency 
2016-01-25 16:48:38 - DEBUG --> Archivo \components\com_jhotelreservation\classes\services\UserDataService.php 
2016-01-25 16:48:38 - DEBUG --> getUserData 
2016-01-25 16:48:38 - DEBUG --> Archivo \components\com_jhotelreservation\classes\services\UserDataService.php 
2016-01-25 16:48:38 - DEBUG --> getUserData 
2016-01-25 16:48:38 - DEBUG --> Archivo \components\com_jhotelreservation\classes\services\UserDataService.php 
2016-01-25 16:48:38 - DEBUG --> getUserData 
2016-01-25 16:48:38 - DEBUG --> Archivo \components\com_jhotelreservationiews\hotel	mpl\hoteloverview.php 
2016-01-25 16:48:38 - DEBUG --> Accedió 
2016-01-25 16:48:40 - DEBUG --> Archivo \components\com_jhotelreservation\classes\services\UserDataService.php 
2016-01-25 16:48:40 - DEBUG --> initializeUserData 
2016-01-25 16:48:40 - DEBUG --> UserData first: N; 
2016-01-25 16:48:40 - DEBUG --> Archivo \components\com_jhotelreservation\classes\services\UserDataService.php 
2016-01-25 16:48:40 - DEBUG --> createUserData 
2016-01-25 16:48:40 - DEBUG --> UserData end:  a:0:{} 
2016-01-25 16:48:40 - DEBUG --> Archivo \components\com_jhotelreservation\classes\services\UserDataService.php 
2016-01-25 16:48:40 - DEBUG --> initializeUserData 
2016-01-25 16:48:40 - DEBUG --> UserData first: a:0:{} 
2016-01-25 16:48:40 - DEBUG --> UserData end:  a:0:{} 
2016-01-25 16:48:40 - DEBUG --> Archivo \components\com_jhotelreservation\classes\services\UserDataService.php 
2016-01-25 16:48:40 - DEBUG --> initializeReservationData 
2016-01-25 16:48:40 - DEBUG --> UserData: a:0:{} 
2016-01-25 16:48:40 - DEBUG --> Archivo \components\com_jhotelreservation\classes\services\UserDataService.php 
2016-01-25 16:48:40 - DEBUG --> updateUserData 
2016-01-25 16:48:40 - DEBUG --> Archivo \components\com_jhotelreservation\classes\services\UserDataService.php 
2016-01-25 16:48:40 - DEBUG --> getUserData 
2016-01-25 16:48:40 - DEBUG --> Archivo \components\com_jhotelreservation\classes\services\UserDataService.php 
2016-01-25 16:48:40 - DEBUG --> setCurrency 
2016-01-25 16:48:40 - DEBUG --> Archivo \components\com_jhotelreservation\classes\services\UserDataService.php 
2016-01-25 16:48:40 - DEBUG --> getUserData 
2016-01-25 16:48:40 - DEBUG --> Archivo \components\com_jhotelreservation\classes\services\UserDataService.php 
2016-01-25 16:48:40 - DEBUG --> getUserData 
2016-01-25 16:48:40 - DEBUG --> Archivo \components\com_jhotelreservation\classes\services\UserDataService.php 
2016-01-25 16:48:40 - DEBUG --> getUserData 
2016-01-25 16:48:40 - DEBUG --> Archivo \components\com_jhotelreservationiews\hotel	mpl\hoteloverview.php 
2016-01-25 16:48:40 - DEBUG --> Accedió 
2016-01-25 17:04:29 - DEBUG --> Archivo \components\com_jhotelreservation\classes\services\UserDataService.php 
2016-01-25 17:04:29 - DEBUG --> initializeUserData 
2016-01-25 17:04:29 - DEBUG --> UserData first: N; 
2016-01-25 17:04:29 - DEBUG --> Archivo \components\com_jhotelreservation\classes\services\UserDataService.php 
2016-01-25 17:04:29 - DEBUG --> createUserData 
2016-01-25 17:04:29 - DEBUG --> UserData end:  a:0:{} 
2016-01-25 17:04:29 - DEBUG --> Archivo \components\com_jhotelreservation\classes\services\UserDataService.php 
2016-01-25 17:04:29 - DEBUG --> initializeUserData 
2016-01-25 17:04:29 - DEBUG --> UserData first: a:0:{} 
2016-01-25 17:04:29 - DEBUG --> UserData end:  a:0:{} 
2016-01-25 17:04:29 - DEBUG --> Archivo \components\com_jhotelreservation\classes\services\UserDataService.php 
2016-01-25 17:04:29 - DEBUG --> initializeReservationData 
2016-01-25 17:04:29 - DEBUG --> UserData: a:0:{} 
2016-01-25 17:04:29 - DEBUG --> Archivo \components\com_jhotelreservation\classes\services\UserDataService.php 
2016-01-25 17:04:29 - DEBUG --> updateUserData 
2016-01-25 17:04:29 - DEBUG --> Archivo \components\com_jhotelreservation\classes\services\UserDataService.php 
2016-01-25 17:04:29 - DEBUG --> getUserData 
2016-01-25 17:04:29 - DEBUG --> Archivo \components\com_jhotelreservation\classes\services\UserDataService.php 
2016-01-25 17:04:29 - DEBUG --> setCurrency 
2016-01-25 17:04:29 - DEBUG --> Archivo \components\com_jhotelreservation\classes\services\UserDataService.php 
2016-01-25 17:04:29 - DEBUG --> getUserData 
2016-01-25 17:04:29 - DEBUG --> Archivo \components\com_jhotelreservation\classes\services\UserDataService.php 
2016-01-25 17:04:29 - DEBUG --> getUserData 
2016-01-25 17:04:29 - DEBUG --> Archivo \components\com_jhotelreservation\classes\services\UserDataService.php 
2016-01-25 17:04:29 - DEBUG --> getUserData 
2016-01-25 17:04:29 - DEBUG --> Archivo \components\com_jhotelreservationiews\hotel	mpl\hoteloverview.php 
2016-01-25 17:04:29 - DEBUG --> Accedió 
2016-01-25 17:26:35 - DEBUG --> Archivo \components\com_jhotelreservation\classes\services\UserDataService.php 
2016-01-25 17:26:35 - DEBUG --> initializeUserData 
2016-01-25 17:26:35 - DEBUG --> UserData first: N; 
2016-01-25 17:26:35 - DEBUG --> Archivo \components\com_jhotelreservation\classes\services\UserDataService.php 
2016-01-25 17:26:35 - DEBUG --> createUserData 
2016-01-25 17:26:35 - DEBUG --> UserData end:  a:0:{} 
