2015-11-24 1:47:48 - DEBUG --> Archivo \components\com_jhotelreservation\classes\services\UserDataService.php 
2015-11-24 1:47:48 - DEBUG --> initializeUserData 
2015-11-24 1:47:48 - DEBUG --> UserData first: N; 
2015-11-24 1:47:48 - DEBUG --> Archivo \components\com_jhotelreservation\classes\services\UserDataService.php 
2015-11-24 1:47:48 - DEBUG --> createUserData 
2015-11-24 1:47:48 - DEBUG --> UserData end:  a:0:{} 
2015-11-24 1:47:48 - DEBUG --> Archivo \components\com_jhotelreservation\classes\services\UserDataService.php 
2015-11-24 1:47:48 - DEBUG --> initializeUserData 
2015-11-24 1:47:48 - DEBUG --> UserData first: a:0:{} 
2015-11-24 1:47:48 - DEBUG --> UserData end:  a:0:{} 
2015-11-24 1:47:48 - DEBUG --> Archivo \components\com_jhotelreservation\classes\services\UserDataService.php 
2015-11-24 1:47:48 - DEBUG --> initializeReservationData 
2015-11-24 1:47:48 - DEBUG --> UserData: a:0:{} 
2015-11-24 1:47:48 - DEBUG --> Archivo \components\com_jhotelreservation\classes\services\UserDataService.php 
2015-11-24 1:47:48 - DEBUG --> updateUserData 
2015-11-24 1:47:48 - DEBUG --> Archivo \components\com_jhotelreservation\classes\services\UserDataService.php 
2015-11-24 1:47:48 - DEBUG --> getUserData 
2015-11-24 1:47:48 - DEBUG --> Archivo \components\com_jhotelreservation\classes\services\UserDataService.php 
2015-11-24 1:47:48 - DEBUG --> setCurrency 
2015-11-24 1:47:48 - DEBUG --> Archivo \components\com_jhotelreservation\classes\services\UserDataService.php 
2015-11-24 1:47:48 - DEBUG --> getUserData 
2015-11-24 1:47:48 - DEBUG --> Archivo \components\com_jhotelreservation\classes\services\UserDataService.php 
2015-11-24 1:47:48 - DEBUG --> getUserData 
2015-11-24 1:47:48 - DEBUG --> Archivo \components\com_jhotelreservation\classes\services\UserDataService.php 
2015-11-24 1:47:48 - DEBUG --> getUserData 
2015-11-24 4:39:40 - DEBUG --> Archivo \components\com_jhotelreservation\classes\services\UserDataService.php 
2015-11-24 4:39:40 - DEBUG --> initializeUserData 
2015-11-24 4:39:40 - DEBUG --> UserData first: N; 
2015-11-24 4:39:40 - DEBUG --> Archivo \components\com_jhotelreservation\classes\services\UserDataService.php 
2015-11-24 4:39:40 - DEBUG --> createUserData 
2015-11-24 4:39:40 - DEBUG --> UserData end:  a:0:{} 
2015-11-24 4:39:40 - DEBUG --> Archivo \components\com_jhotelreservation\classes\services\UserDataService.php 
2015-11-24 4:39:40 - DEBUG --> initializeUserData 
2015-11-24 4:39:40 - DEBUG --> UserData first: a:0:{} 
2015-11-24 4:39:40 - DEBUG --> UserData end:  a:0:{} 
2015-11-24 4:39:40 - DEBUG --> Archivo \components\com_jhotelreservation\classes\services\UserDataService.php 
2015-11-24 4:39:40 - DEBUG --> initializeReservationData 
2015-11-24 4:39:40 - DEBUG --> UserData: a:0:{} 
2015-11-24 4:39:40 - DEBUG --> Archivo \components\com_jhotelreservation\classes\services\UserDataService.php 
2015-11-24 4:39:40 - DEBUG --> updateUserData 
2015-11-24 4:39:40 - DEBUG --> Archivo \components\com_jhotelreservation\classes\services\UserDataService.php 
2015-11-24 4:39:40 - DEBUG --> getUserData 
2015-11-24 4:39:40 - DEBUG --> Archivo \components\com_jhotelreservation\classes\services\UserDataService.php 
2015-11-24 4:39:40 - DEBUG --> setCurrency 
2015-11-24 4:39:40 - DEBUG --> Archivo \components\com_jhotelreservation\classes\services\UserDataService.php 
2015-11-24 4:39:40 - DEBUG --> getUserData 
2015-11-24 4:39:40 - DEBUG --> Archivo \components\com_jhotelreservation\classes\services\UserDataService.php 
2015-11-24 4:39:40 - DEBUG --> getUserData 
2015-11-24 4:39:40 - DEBUG --> Archivo \components\com_jhotelreservation\classes\services\UserDataService.php 
2015-11-24 4:39:40 - DEBUG --> getUserData 
2015-11-24 4:39:40 - DEBUG --> Archivo \components\com_jhotelreservation\classes\services\UserDataService.php 
2015-11-24 4:39:40 - DEBUG --> initializeUserData 
2015-11-24 4:39:40 - DEBUG --> UserData first: N; 
2015-11-24 4:39:40 - DEBUG --> Archivo \components\com_jhotelreservation\classes\services\UserDataService.php 
2015-11-24 4:39:40 - DEBUG --> createUserData 
2015-11-24 4:39:40 - DEBUG --> UserData end:  a:0:{} 
2015-11-24 4:39:43 - DEBUG --> Archivo \components\com_jhotelreservation\classes\services\UserDataService.php 
2015-11-24 4:39:43 - DEBUG --> initializeUserData 
2015-11-24 4:39:43 - DEBUG --> UserData first: N; 
2015-11-24 4:39:43 - DEBUG --> Archivo \components\com_jhotelreservation\classes\services\UserDataService.php 
2015-11-24 4:39:43 - DEBUG --> createUserData 
2015-11-24 4:39:43 - DEBUG --> UserData end:  a:0:{} 
2015-11-24 4:39:43 - DEBUG --> Archivo \components\com_jhotelreservation\classes\services\UserDataService.php 
2015-11-24 4:39:43 - DEBUG --> initializeUserData 
2015-11-24 4:39:43 - DEBUG --> UserData first: a:0:{} 
2015-11-24 4:39:43 - DEBUG --> UserData end:  a:0:{} 
2015-11-24 4:39:43 - DEBUG --> Archivo \components\com_jhotelreservation\classes\services\UserDataService.php 
2015-11-24 4:39:43 - DEBUG --> initializeReservationData 
2015-11-24 4:39:43 - DEBUG --> UserData: a:0:{} 
2015-11-24 4:39:43 - DEBUG --> Archivo \components\com_jhotelreservation\classes\services\UserDataService.php 
2015-11-24 4:39:43 - DEBUG --> updateUserData 
2015-11-24 4:39:43 - DEBUG --> Archivo \components\com_jhotelreservation\classes\services\UserDataService.php 
2015-11-24 4:39:43 - DEBUG --> getUserData 
2015-11-24 4:39:43 - DEBUG --> Archivo \components\com_jhotelreservation\classes\services\UserDataService.php 
2015-11-24 4:39:43 - DEBUG --> setCurrency 
2015-11-24 4:39:43 - DEBUG --> Archivo \components\com_jhotelreservation\classes\services\UserDataService.php 
2015-11-24 4:39:43 - DEBUG --> getUserData 
2015-11-24 4:39:43 - DEBUG --> Archivo \components\com_jhotelreservation\classes\services\UserDataService.php 
2015-11-24 4:39:43 - DEBUG --> getUserData 
2015-11-24 4:39:43 - DEBUG --> Archivo \components\com_jhotelreservation\classes\services\UserDataService.php 
2015-11-24 4:39:43 - DEBUG --> getUserData 
2015-11-24 4:39:43 - DEBUG --> Archivo \components\com_jhotelreservationiews\hotel	mpl\hoteloverview.php 
2015-11-24 4:39:43 - DEBUG --> Accedió 
2015-11-24 4:39:44 - DEBUG --> Archivo \components\com_jhotelreservation\classes\services\UserDataService.php 
2015-11-24 4:39:44 - DEBUG --> initializeUserData 
2015-11-24 4:39:44 - DEBUG --> UserData first: N; 
2015-11-24 4:39:44 - DEBUG --> Archivo \components\com_jhotelreservation\classes\services\UserDataService.php 
2015-11-24 4:39:44 - DEBUG --> createUserData 
2015-11-24 4:39:44 - DEBUG --> UserData end:  a:0:{} 
2015-11-24 4:39:44 - DEBUG --> Archivo \components\com_jhotelreservation\classes\services\UserDataService.php 
2015-11-24 4:39:44 - DEBUG --> initializeUserData 
2015-11-24 4:39:44 - DEBUG --> UserData first: a:0:{} 
2015-11-24 4:39:44 - DEBUG --> UserData end:  a:0:{} 
2015-11-24 4:39:44 - DEBUG --> Archivo \components\com_jhotelreservation\classes\services\UserDataService.php 
2015-11-24 4:39:44 - DEBUG --> initializeReservationData 
2015-11-24 4:39:44 - DEBUG --> UserData: a:0:{} 
2015-11-24 4:39:44 - DEBUG --> Archivo \components\com_jhotelreservation\classes\services\UserDataService.php 
2015-11-24 4:39:44 - DEBUG --> updateUserData 
2015-11-24 4:39:44 - DEBUG --> Archivo \components\com_jhotelreservation\classes\services\UserDataService.php 
2015-11-24 4:39:44 - DEBUG --> getUserData 
2015-11-24 4:39:44 - DEBUG --> Archivo \components\com_jhotelreservation\classes\services\UserDataService.php 
2015-11-24 4:39:44 - DEBUG --> setCurrency 
2015-11-24 4:39:44 - DEBUG --> Archivo \components\com_jhotelreservation\classes\services\UserDataService.php 
2015-11-24 4:39:44 - DEBUG --> getUserData 
2015-11-24 4:39:44 - DEBUG --> Archivo \components\com_jhotelreservation\classes\services\UserDataService.php 
2015-11-24 4:39:44 - DEBUG --> getUserData 
2015-11-24 4:39:44 - DEBUG --> Archivo \components\com_jhotelreservation\classes\services\UserDataService.php 
2015-11-24 4:39:44 - DEBUG --> getUserData 
2015-11-24 4:39:44 - DEBUG --> Archivo \components\com_jhotelreservationiews\hotel	mpl\hoteloverview.php 
2015-11-24 4:39:44 - DEBUG --> Accedió 
2015-11-24 4:39:44 - DEBUG --> Archivo \components\com_jhotelreservation\classes\services\UserDataService.php 
2015-11-24 4:39:44 - DEBUG --> initializeUserData 
2015-11-24 4:39:44 - DEBUG --> UserData first: N; 
2015-11-24 4:39:44 - DEBUG --> Archivo \components\com_jhotelreservation\classes\services\UserDataService.php 
2015-11-24 4:39:44 - DEBUG --> createUserData 
2015-11-24 4:39:44 - DEBUG --> UserData end:  a:0:{} 
2015-11-24 4:39:44 - DEBUG --> Archivo \components\com_jhotelreservation\classes\services\UserDataService.php 
2015-11-24 4:39:44 - DEBUG --> initializeUserData 
2015-11-24 4:39:44 - DEBUG --> UserData first: a:0:{} 
2015-11-24 4:39:44 - DEBUG --> UserData end:  a:0:{} 
2015-11-24 4:39:44 - DEBUG --> Archivo \components\com_jhotelreservation\classes\services\UserDataService.php 
2015-11-24 4:39:44 - DEBUG --> initializeReservationData 
2015-11-24 4:39:44 - DEBUG --> UserData: a:0:{} 
2015-11-24 4:39:44 - DEBUG --> Archivo \components\com_jhotelreservation\classes\services\UserDataService.php 
2015-11-24 4:39:44 - DEBUG --> updateUserData 
2015-11-24 4:39:44 - DEBUG --> Archivo \components\com_jhotelreservation\classes\services\UserDataService.php 
2015-11-24 4:39:44 - DEBUG --> getUserData 
2015-11-24 4:39:44 - DEBUG --> Archivo \components\com_jhotelreservation\classes\services\UserDataService.php 
2015-11-24 4:39:44 - DEBUG --> setCurrency 
2015-11-24 4:39:44 - DEBUG --> Archivo \components\com_jhotelreservation\classes\services\UserDataService.php 
2015-11-24 4:39:44 - DEBUG --> getUserData 
2015-11-24 4:39:44 - DEBUG --> Archivo \components\com_jhotelreservation\classes\services\UserDataService.php 
2015-11-24 4:39:44 - DEBUG --> getUserData 
2015-11-24 4:39:44 - DEBUG --> Archivo \components\com_jhotelreservation\classes\services\UserDataService.php 
2015-11-24 4:39:44 - DEBUG --> getUserData 
2015-11-24 4:39:44 - DEBUG --> Archivo \components\com_jhotelreservationiews\hotel	mpl\hoteloverview.php 
2015-11-24 4:39:44 - DEBUG --> Accedió 
2015-11-24 4:39:46 - DEBUG --> Archivo \components\com_jhotelreservation\classes\services\UserDataService.php 
2015-11-24 4:39:46 - DEBUG --> initializeUserData 
2015-11-24 4:39:46 - DEBUG --> UserData first: N; 
2015-11-24 4:39:46 - DEBUG --> Archivo \components\com_jhotelreservation\classes\services\UserDataService.php 
2015-11-24 4:39:46 - DEBUG --> createUserData 
2015-11-24 4:39:46 - DEBUG --> UserData end:  a:0:{} 
2015-11-24 4:39:46 - DEBUG --> Archivo \components\com_jhotelreservation\classes\services\UserDataService.php 
2015-11-24 4:39:46 - DEBUG --> initializeUserData 
2015-11-24 4:39:46 - DEBUG --> UserData first: a:0:{} 
2015-11-24 4:39:46 - DEBUG --> UserData end:  a:0:{} 
2015-11-24 4:39:46 - DEBUG --> Archivo \components\com_jhotelreservation\classes\services\UserDataService.php 
2015-11-24 4:39:46 - DEBUG --> initializeReservationData 
2015-11-24 4:39:46 - DEBUG --> UserData: a:0:{} 
2015-11-24 4:39:46 - DEBUG --> Archivo \components\com_jhotelreservation\classes\services\UserDataService.php 
2015-11-24 4:39:46 - DEBUG --> updateUserData 
2015-11-24 4:39:46 - DEBUG --> Archivo \components\com_jhotelreservation\classes\services\UserDataService.php 
2015-11-24 4:39:46 - DEBUG --> getUserData 
2015-11-24 4:39:46 - DEBUG --> Archivo \components\com_jhotelreservation\classes\services\UserDataService.php 
2015-11-24 4:39:46 - DEBUG --> setCurrency 
2015-11-24 4:39:46 - DEBUG --> Archivo \components\com_jhotelreservation\classes\services\UserDataService.php 
2015-11-24 4:39:46 - DEBUG --> getUserData 
2015-11-24 4:39:47 - DEBUG --> Archivo \components\com_jhotelreservation\classes\services\UserDataService.php 
2015-11-24 4:39:47 - DEBUG --> getUserData 
2015-11-24 4:39:47 - DEBUG --> Archivo \components\com_jhotelreservation\classes\services\UserDataService.php 
2015-11-24 4:39:47 - DEBUG --> getUserData 
2015-11-24 4:41:24 - DEBUG --> Archivo \components\com_jhotelreservation\classes\services\UserDataService.php 
2015-11-24 4:41:24 - DEBUG --> initializeUserData 
2015-11-24 4:41:24 - DEBUG --> UserData first: N; 
2015-11-24 4:41:24 - DEBUG --> Archivo \components\com_jhotelreservation\classes\services\UserDataService.php 
2015-11-24 4:41:24 - DEBUG --> createUserData 
2015-11-24 4:41:24 - DEBUG --> UserData end:  a:0:{} 
2015-11-24 4:41:24 - DEBUG --> Archivo \components\com_jhotelreservation\classes\services\UserDataService.php 
2015-11-24 4:41:24 - DEBUG --> initializeUserData 
2015-11-24 4:41:24 - DEBUG --> UserData first: a:0:{} 
2015-11-24 4:41:24 - DEBUG --> UserData end:  a:0:{} 
2015-11-24 4:41:24 - DEBUG --> Archivo \components\com_jhotelreservation\classes\services\UserDataService.php 
2015-11-24 4:41:24 - DEBUG --> initializeReservationData 
2015-11-24 4:41:24 - DEBUG --> UserData: a:0:{} 
2015-11-24 4:41:24 - DEBUG --> Archivo \components\com_jhotelreservation\classes\services\UserDataService.php 
2015-11-24 4:41:24 - DEBUG --> updateUserData 
2015-11-24 4:41:24 - DEBUG --> Archivo \components\com_jhotelreservation\classes\services\UserDataService.php 
2015-11-24 4:41:24 - DEBUG --> getUserData 
2015-11-24 4:41:24 - DEBUG --> Archivo \components\com_jhotelreservation\classes\services\UserDataService.php 
2015-11-24 4:41:24 - DEBUG --> setCurrency 
2015-11-24 4:41:24 - DEBUG --> Archivo \components\com_jhotelreservation\classes\services\UserDataService.php 
2015-11-24 4:41:24 - DEBUG --> getUserData 
2015-11-24 4:41:24 - DEBUG --> Archivo \components\com_jhotelreservation\classes\services\UserDataService.php 
2015-11-24 4:41:24 - DEBUG --> getUserData 
2015-11-24 4:41:24 - DEBUG --> Archivo \components\com_jhotelreservation\classes\services\UserDataService.php 
2015-11-24 4:41:24 - DEBUG --> getUserData 
2015-11-24 4:41:24 - DEBUG --> Archivo \components\com_jhotelreservation\classes\services\UserDataService.php 
2015-11-24 4:41:24 - DEBUG --> initializeUserData 
2015-11-24 4:41:24 - DEBUG --> UserData first: N; 
2015-11-24 4:41:24 - DEBUG --> Archivo \components\com_jhotelreservation\classes\services\UserDataService.php 
2015-11-24 4:41:24 - DEBUG --> createUserData 
2015-11-24 4:41:24 - DEBUG --> UserData end:  a:0:{} 
2015-11-24 4:41:24 - DEBUG --> Archivo \components\com_jhotelreservation\classes\services\UserDataService.php 
2015-11-24 4:41:24 - DEBUG --> initializeUserData 
2015-11-24 4:41:24 - DEBUG --> UserData first: a:0:{} 
2015-11-24 4:41:24 - DEBUG --> UserData end:  a:0:{} 
2015-11-24 4:41:24 - DEBUG --> Archivo \components\com_jhotelreservation\classes\services\UserDataService.php 
2015-11-24 4:41:24 - DEBUG --> initializeReservationData 
2015-11-24 4:41:24 - DEBUG --> UserData: a:0:{} 
2015-11-24 4:41:24 - DEBUG --> Archivo \components\com_jhotelreservation\classes\services\UserDataService.php 
2015-11-24 4:41:24 - DEBUG --> updateUserData 
2015-11-24 4:41:24 - DEBUG --> Archivo \components\com_jhotelreservation\classes\services\UserDataService.php 
2015-11-24 4:41:24 - DEBUG --> getUserData 
2015-11-24 4:41:24 - DEBUG --> Archivo \components\com_jhotelreservation\classes\services\UserDataService.php 
2015-11-24 4:41:24 - DEBUG --> setCurrency 
2015-11-24 4:41:24 - DEBUG --> Archivo \components\com_jhotelreservation\classes\services\UserDataService.php 
2015-11-24 4:41:24 - DEBUG --> getUserData 
2015-11-24 4:41:24 - DEBUG --> Archivo \components\com_jhotelreservation\classes\services\UserDataService.php 
2015-11-24 4:41:24 - DEBUG --> getUserData 
2015-11-24 4:41:24 - DEBUG --> Archivo \components\com_jhotelreservation\classes\services\UserDataService.php 
2015-11-24 4:41:24 - DEBUG --> getUserData 
2015-11-24 4:41:24 - DEBUG --> Archivo \components\com_jhotelreservationiews\hotel	mpl\hoteloverview.php 
2015-11-24 4:41:24 - DEBUG --> Accedió 
2015-11-24 4:41:26 - DEBUG --> Archivo \components\com_jhotelreservation\classes\services\UserDataService.php 
2015-11-24 4:41:26 - DEBUG --> initializeUserData 
2015-11-24 4:41:26 - DEBUG --> UserData first: N; 
2015-11-24 4:41:26 - DEBUG --> Archivo \components\com_jhotelreservation\classes\services\UserDataService.php 
2015-11-24 4:41:26 - DEBUG --> createUserData 
2015-11-24 4:41:26 - DEBUG --> UserData end:  a:0:{} 
2015-11-24 4:41:26 - DEBUG --> Archivo \components\com_jhotelreservation\classes\services\UserDataService.php 
2015-11-24 4:41:26 - DEBUG --> initializeUserData 
2015-11-24 4:41:26 - DEBUG --> UserData first: a:0:{} 
2015-11-24 4:41:26 - DEBUG --> UserData end:  a:0:{} 
2015-11-24 4:41:26 - DEBUG --> Archivo \components\com_jhotelreservation\classes\services\UserDataService.php 
2015-11-24 4:41:26 - DEBUG --> initializeReservationData 
2015-11-24 4:41:26 - DEBUG --> UserData: a:0:{} 
2015-11-24 4:41:26 - DEBUG --> Archivo \components\com_jhotelreservation\classes\services\UserDataService.php 
2015-11-24 4:41:26 - DEBUG --> updateUserData 
2015-11-24 4:41:26 - DEBUG --> Archivo \components\com_jhotelreservation\classes\services\UserDataService.php 
2015-11-24 4:41:26 - DEBUG --> getUserData 
2015-11-24 4:41:26 - DEBUG --> Archivo \components\com_jhotelreservation\classes\services\UserDataService.php 
2015-11-24 4:41:26 - DEBUG --> setCurrency 
2015-11-24 4:41:26 - DEBUG --> Archivo \components\com_jhotelreservation\classes\services\UserDataService.php 
2015-11-24 4:41:26 - DEBUG --> getUserData 
2015-11-24 4:41:26 - DEBUG --> Archivo \components\com_jhotelreservation\classes\services\UserDataService.php 
2015-11-24 4:41:26 - DEBUG --> getUserData 
2015-11-24 4:41:26 - DEBUG --> Archivo \components\com_jhotelreservation\classes\services\UserDataService.php 
2015-11-24 4:41:26 - DEBUG --> getUserData 
2015-11-24 4:41:26 - DEBUG --> Archivo \components\com_jhotelreservationiews\hotel	mpl\hoteloverview.php 
2015-11-24 4:41:26 - DEBUG --> Accedió 
2015-11-24 4:41:27 - DEBUG --> Archivo \components\com_jhotelreservation\classes\services\UserDataService.php 
2015-11-24 4:41:27 - DEBUG --> initializeUserData 
2015-11-24 4:41:27 - DEBUG --> UserData first: N; 
2015-11-24 4:41:27 - DEBUG --> Archivo \components\com_jhotelreservation\classes\services\UserDataService.php 
2015-11-24 4:41:27 - DEBUG --> createUserData 
2015-11-24 4:41:27 - DEBUG --> UserData end:  a:0:{} 
2015-11-24 4:41:27 - DEBUG --> Archivo \components\com_jhotelreservation\classes\services\UserDataService.php 
2015-11-24 4:41:27 - DEBUG --> initializeUserData 
2015-11-24 4:41:27 - DEBUG --> UserData first: a:0:{} 
2015-11-24 4:41:27 - DEBUG --> UserData end:  a:0:{} 
2015-11-24 4:41:27 - DEBUG --> Archivo \components\com_jhotelreservation\classes\services\UserDataService.php 
2015-11-24 4:41:27 - DEBUG --> initializeReservationData 
2015-11-24 4:41:27 - DEBUG --> UserData: a:0:{} 
2015-11-24 4:41:27 - DEBUG --> Archivo \components\com_jhotelreservation\classes\services\UserDataService.php 
2015-11-24 4:41:27 - DEBUG --> updateUserData 
2015-11-24 4:41:27 - DEBUG --> Archivo \components\com_jhotelreservation\classes\services\UserDataService.php 
2015-11-24 4:41:27 - DEBUG --> getUserData 
2015-11-24 4:41:27 - DEBUG --> Archivo \components\com_jhotelreservation\classes\services\UserDataService.php 
2015-11-24 4:41:27 - DEBUG --> setCurrency 
2015-11-24 4:41:27 - DEBUG --> Archivo \components\com_jhotelreservation\classes\services\UserDataService.php 
2015-11-24 4:41:27 - DEBUG --> getUserData 
2015-11-24 4:41:27 - DEBUG --> Archivo \components\com_jhotelreservation\classes\services\UserDataService.php 
2015-11-24 4:41:27 - DEBUG --> getUserData 
2015-11-24 4:41:27 - DEBUG --> Archivo \components\com_jhotelreservation\classes\services\UserDataService.php 
2015-11-24 4:41:27 - DEBUG --> getUserData 
2015-11-24 4:41:27 - DEBUG --> Archivo \components\com_jhotelreservation\classes\services\UserDataService.php 
2015-11-24 4:41:27 - DEBUG --> initializeUserData 
2015-11-24 4:41:27 - DEBUG --> UserData first: N; 
2015-11-24 4:41:27 - DEBUG --> Archivo \components\com_jhotelreservation\classes\services\UserDataService.php 
2015-11-24 4:41:27 - DEBUG --> createUserData 
2015-11-24 4:41:27 - DEBUG --> UserData end:  a:0:{} 
2015-11-24 4:41:27 - DEBUG --> Archivo \components\com_jhotelreservation\classes\services\UserDataService.php 
2015-11-24 4:41:27 - DEBUG --> initializeUserData 
2015-11-24 4:41:27 - DEBUG --> UserData first: a:0:{} 
2015-11-24 4:41:27 - DEBUG --> UserData end:  a:0:{} 
2015-11-24 4:41:27 - DEBUG --> Archivo \components\com_jhotelreservation\classes\services\UserDataService.php 
2015-11-24 4:41:27 - DEBUG --> initializeReservationData 
2015-11-24 4:41:27 - DEBUG --> UserData: a:0:{} 
2015-11-24 4:41:27 - DEBUG --> Archivo \components\com_jhotelreservation\classes\services\UserDataService.php 
2015-11-24 4:41:27 - DEBUG --> updateUserData 
2015-11-24 4:41:27 - DEBUG --> Archivo \components\com_jhotelreservation\classes\services\UserDataService.php 
2015-11-24 4:41:27 - DEBUG --> getUserData 
2015-11-24 4:41:27 - DEBUG --> Archivo \components\com_jhotelreservation\classes\services\UserDataService.php 
2015-11-24 4:41:27 - DEBUG --> setCurrency 
2015-11-24 4:41:27 - DEBUG --> Archivo \components\com_jhotelreservation\classes\services\UserDataService.php 
2015-11-24 4:41:27 - DEBUG --> getUserData 
2015-11-24 4:41:27 - DEBUG --> Archivo \components\com_jhotelreservation\classes\services\UserDataService.php 
2015-11-24 4:41:27 - DEBUG --> getUserData 
2015-11-24 4:41:27 - DEBUG --> Archivo \components\com_jhotelreservation\classes\services\UserDataService.php 
2015-11-24 4:41:27 - DEBUG --> getUserData 
2015-11-24 4:41:27 - DEBUG --> Archivo \components\com_jhotelreservationiews\hotel	mpl\hoteloverview.php 
2015-11-24 4:41:27 - DEBUG --> Accedió 
2015-11-24 5:30:03 - DEBUG --> Archivo \components\com_jhotelreservation\classes\services\UserDataService.php 
2015-11-24 5:30:03 - DEBUG --> initializeUserData 
2015-11-24 5:30:03 - DEBUG --> UserData first: N; 
2015-11-24 5:30:03 - DEBUG --> Archivo \components\com_jhotelreservation\classes\services\UserDataService.php 
2015-11-24 5:30:03 - DEBUG --> createUserData 
2015-11-24 5:30:03 - DEBUG --> UserData end:  a:0:{} 
2015-11-24 5:30:03 - DEBUG --> Archivo \components\com_jhotelreservation\classes\services\UserDataService.php 
2015-11-24 5:30:03 - DEBUG --> initializeUserData 
2015-11-24 5:30:03 - DEBUG --> UserData first: a:0:{} 
2015-11-24 5:30:03 - DEBUG --> UserData end:  a:0:{} 
2015-11-24 5:30:03 - DEBUG --> Archivo \components\com_jhotelreservation\classes\services\UserDataService.php 
2015-11-24 5:30:03 - DEBUG --> initializeReservationData 
2015-11-24 5:30:03 - DEBUG --> UserData: a:0:{} 
2015-11-24 5:30:03 - DEBUG --> Archivo \components\com_jhotelreservation\classes\services\UserDataService.php 
2015-11-24 5:30:03 - DEBUG --> updateUserData 
2015-11-24 5:30:03 - DEBUG --> Archivo \components\com_jhotelreservation\classes\services\UserDataService.php 
2015-11-24 5:30:03 - DEBUG --> getUserData 
2015-11-24 5:30:03 - DEBUG --> Archivo \components\com_jhotelreservation\classes\services\UserDataService.php 
2015-11-24 5:30:03 - DEBUG --> setCurrency 
2015-11-24 5:30:03 - DEBUG --> Archivo \components\com_jhotelreservation\classes\services\UserDataService.php 
2015-11-24 5:30:03 - DEBUG --> getUserData 
2015-11-24 5:30:03 - DEBUG --> Archivo \components\com_jhotelreservation\classes\services\UserDataService.php 
2015-11-24 5:30:03 - DEBUG --> getUserData 
2015-11-24 5:30:03 - DEBUG --> Archivo \components\com_jhotelreservation\classes\services\UserDataService.php 
2015-11-24 5:30:03 - DEBUG --> getUserData 
2015-11-24 5:30:03 - DEBUG --> Archivo \components\com_jhotelreservationiews\hotel	mpl\hoteloverview.php 
2015-11-24 5:30:03 - DEBUG --> Accedió 
2015-11-24 11:20:10 - DEBUG --> Archivo \components\com_jhotelreservation\classes\services\UserDataService.php 
2015-11-24 11:20:10 - DEBUG --> initializeUserData 
2015-11-24 11:20:10 - DEBUG --> UserData first: N; 
2015-11-24 11:20:10 - DEBUG --> Archivo \components\com_jhotelreservation\classes\services\UserDataService.php 
2015-11-24 11:20:10 - DEBUG --> createUserData 
2015-11-24 11:20:10 - DEBUG --> UserData end:  a:0:{} 
2015-11-24 11:20:10 - DEBUG --> Archivo \components\com_jhotelreservation\classes\services\UserDataService.php 
2015-11-24 11:20:10 - DEBUG --> initializeUserData 
2015-11-24 11:20:10 - DEBUG --> UserData first: a:0:{} 
2015-11-24 11:20:10 - DEBUG --> UserData end:  a:0:{} 
2015-11-24 11:20:10 - DEBUG --> Archivo \components\com_jhotelreservation\classes\services\UserDataService.php 
2015-11-24 11:20:10 - DEBUG --> initializeReservationData 
2015-11-24 11:20:10 - DEBUG --> UserData: a:0:{} 
2015-11-24 11:20:10 - DEBUG --> Archivo \components\com_jhotelreservation\classes\services\UserDataService.php 
2015-11-24 11:20:10 - DEBUG --> updateUserData 
2015-11-24 11:20:10 - DEBUG --> Archivo \components\com_jhotelreservation\classes\services\UserDataService.php 
2015-11-24 11:20:10 - DEBUG --> getUserData 
2015-11-24 11:20:10 - DEBUG --> Archivo \components\com_jhotelreservation\classes\services\UserDataService.php 
2015-11-24 11:20:10 - DEBUG --> setCurrency 
2015-11-24 11:20:10 - DEBUG --> Archivo \components\com_jhotelreservation\classes\services\UserDataService.php 
2015-11-24 11:20:10 - DEBUG --> getUserData 
2015-11-24 11:20:10 - DEBUG --> Archivo \components\com_jhotelreservation\classes\services\UserDataService.php 
2015-11-24 11:20:10 - DEBUG --> getUserData 
2015-11-24 11:20:10 - DEBUG --> Archivo \components\com_jhotelreservation\classes\services\UserDataService.php 
2015-11-24 11:20:10 - DEBUG --> getUserData 
2015-11-24 11:20:10 - DEBUG --> Archivo \components\com_jhotelreservationiews\hotel	mpl\hoteloverview.php 
2015-11-24 11:20:10 - DEBUG --> Accedió 
2015-11-24 15:54:20 - DEBUG --> Archivo \components\com_jhotelreservation\classes\services\UserDataService.php 
2015-11-24 15:54:20 - DEBUG --> initializeUserData 
2015-11-24 15:54:20 - DEBUG --> UserData first: N; 
2015-11-24 15:54:20 - DEBUG --> Archivo \components\com_jhotelreservation\classes\services\UserDataService.php 
2015-11-24 15:54:20 - DEBUG --> createUserData 
2015-11-24 15:54:20 - DEBUG --> UserData end:  a:0:{} 
2015-11-24 15:54:20 - DEBUG --> Archivo \components\com_jhotelreservation\classes\services\UserDataService.php 
2015-11-24 15:54:20 - DEBUG --> initializeUserData 
2015-11-24 15:54:20 - DEBUG --> UserData first: a:0:{} 
2015-11-24 15:54:20 - DEBUG --> UserData end:  a:0:{} 
2015-11-24 15:54:20 - DEBUG --> Archivo \components\com_jhotelreservation\classes\services\UserDataService.php 
2015-11-24 15:54:20 - DEBUG --> initializeReservationData 
2015-11-24 15:54:20 - DEBUG --> UserData: a:0:{} 
2015-11-24 15:54:20 - DEBUG --> Archivo \components\com_jhotelreservation\classes\services\UserDataService.php 
2015-11-24 15:54:20 - DEBUG --> updateUserData 
2015-11-24 15:54:20 - DEBUG --> Archivo \components\com_jhotelreservation\classes\services\UserDataService.php 
2015-11-24 15:54:20 - DEBUG --> getUserData 
2015-11-24 15:54:20 - DEBUG --> Archivo \components\com_jhotelreservation\classes\services\UserDataService.php 
2015-11-24 15:54:20 - DEBUG --> setCurrency 
2015-11-24 15:54:20 - DEBUG --> Archivo \components\com_jhotelreservation\classes\services\UserDataService.php 
2015-11-24 15:54:20 - DEBUG --> getUserData 
2015-11-24 15:54:20 - DEBUG --> Archivo \components\com_jhotelreservation\classes\services\UserDataService.php 
2015-11-24 15:54:20 - DEBUG --> getUserData 
2015-11-24 15:54:20 - DEBUG --> Archivo \components\com_jhotelreservation\classes\services\UserDataService.php 
2015-11-24 15:54:20 - DEBUG --> getUserData 
2015-11-24 15:54:20 - DEBUG --> Archivo \components\com_jhotelreservationiews\hotel	mpl\hoteloverview.php 
2015-11-24 15:54:20 - DEBUG --> Accedió 
2015-11-24 15:57:04 - DEBUG --> Archivo \components\com_jhotelreservation\classes\services\UserDataService.php 
2015-11-24 15:57:04 - DEBUG --> initializeUserData 
2015-11-24 15:57:04 - DEBUG --> UserData first: a:0:{} 
2015-11-24 15:57:04 - DEBUG --> Archivo \components\com_jhotelreservation\classes\services\UserDataService.php 
2015-11-24 15:57:04 - DEBUG --> createUserData 
2015-11-24 15:57:04 - DEBUG --> voucher:  
2015-11-24 15:57:04 - DEBUG --> UserData end:  a:0:{} 
2015-11-24 15:57:04 - DEBUG --> Archivo \components\com_jhotelreservation\classes\services\UserDataService.php 
2015-11-24 15:57:04 - DEBUG --> initializeUserData 
2015-11-24 15:57:04 - DEBUG --> UserData first: a:0:{} 
2015-11-24 15:57:04 - DEBUG --> Archivo \components\com_jhotelreservation\classes\services\UserDataService.php 
2015-11-24 15:57:04 - DEBUG --> createUserData 
2015-11-24 15:57:04 - DEBUG --> voucher:  
2015-11-24 15:57:04 - DEBUG --> UserData end:  a:0:{} 
2015-11-24 15:57:04 - DEBUG --> Archivo \components\com_jhotelreservation\classes\services\UserDataService.php 
2015-11-24 15:57:04 - DEBUG --> initializeReservationData 
2015-11-24 15:57:04 - DEBUG --> UserData: a:0:{} 
2015-11-24 15:57:04 - DEBUG --> Archivo \components\com_jhotelreservation\classes\services\UserDataService.php 
2015-11-24 15:57:04 - DEBUG --> initializeUserData 
2015-11-24 15:57:04 - DEBUG --> UserData first: a:0:{} 
2015-11-24 15:57:04 - DEBUG --> UserData end:  a:0:{} 
2015-11-24 15:57:04 - DEBUG --> Archivo \components\com_jhotelreservation\classes\services\UserDataService.php 
2015-11-24 15:57:04 - DEBUG --> initializeUserData 
2015-11-24 15:57:04 - DEBUG --> UserData first: a:0:{} 
2015-11-24 15:57:04 - DEBUG --> UserData end:  a:0:{} 
2015-11-24 15:57:04 - DEBUG --> Archivo \components\com_jhotelreservation\classes\services\UserDataService.php 
2015-11-24 15:57:04 - DEBUG --> initializeReservationData 
2015-11-24 15:57:04 - DEBUG --> UserData: a:0:{} 
2015-11-24 15:57:04 - DEBUG --> Archivo \components\com_jhotelreservation\classes\services\UserDataService.php 
2015-11-24 15:57:04 - DEBUG --> updateUserData 
2015-11-24 15:57:04 - DEBUG --> Archivo \components\com_jhotelreservation\classes\services\UserDataService.php 
2015-11-24 15:57:04 - DEBUG --> getUserData 
2015-11-24 15:57:04 - DEBUG --> Archivo \components\com_jhotelreservation\classes\services\UserDataService.php 
2015-11-24 15:57:04 - DEBUG --> setCurrency 
2015-11-24 15:57:04 - DEBUG --> Archivo \components\com_jhotelreservation\classes\services\UserDataService.php 
2015-11-24 15:57:04 - DEBUG --> getUserData 
2015-11-24 15:57:04 - DEBUG --> Archivo \components\com_jhotelreservation\classes\services\UserDataService.php 
2015-11-24 15:57:04 - DEBUG --> getUserData 
2015-11-24 15:57:04 - DEBUG --> Archivo \components\com_jhotelreservation\classes\services\UserDataService.php 
2015-11-24 15:57:04 - DEBUG --> getUserData 
2015-11-24 15:57:04 - DEBUG --> Archivo \components\com_jhotelreservationiews\hotel	mpl\hoteloverview.php 
2015-11-24 15:57:04 - DEBUG --> Accedió 
2015-11-24 16:28:07 - DEBUG --> Archivo \components\com_jhotelreservation\classes\services\UserDataService.php 
2015-11-24 16:28:07 - DEBUG --> initializeUserData 
2015-11-24 16:28:07 - DEBUG --> UserData first: N; 
2015-11-24 16:28:07 - DEBUG --> Archivo \components\com_jhotelreservation\classes\services\UserDataService.php 
2015-11-24 16:28:07 - DEBUG --> createUserData 
2015-11-24 16:28:07 - DEBUG --> UserData end:  a:0:{} 
2015-11-24 16:28:07 - DEBUG --> Archivo \components\com_jhotelreservation\classes\services\UserDataService.php 
2015-11-24 16:28:07 - DEBUG --> initializeUserData 
2015-11-24 16:28:07 - DEBUG --> UserData first: a:0:{} 
2015-11-24 16:28:07 - DEBUG --> UserData end:  a:0:{} 
2015-11-24 16:28:07 - DEBUG --> Archivo \components\com_jhotelreservation\classes\services\UserDataService.php 
2015-11-24 16:28:07 - DEBUG --> initializeReservationData 
2015-11-24 16:28:07 - DEBUG --> UserData: a:0:{} 
2015-11-24 16:28:07 - DEBUG --> Archivo \components\com_jhotelreservation\classes\services\UserDataService.php 
2015-11-24 16:28:07 - DEBUG --> updateUserData 
2015-11-24 16:28:07 - DEBUG --> Archivo \components\com_jhotelreservation\classes\services\UserDataService.php 
2015-11-24 16:28:07 - DEBUG --> getUserData 
2015-11-24 16:28:07 - DEBUG --> Archivo \components\com_jhotelreservation\classes\services\UserDataService.php 
2015-11-24 16:28:07 - DEBUG --> setCurrency 
2015-11-24 16:28:07 - DEBUG --> Archivo \components\com_jhotelreservation\classes\services\UserDataService.php 
2015-11-24 16:28:07 - DEBUG --> getUserData 
2015-11-24 16:28:07 - DEBUG --> Archivo \components\com_jhotelreservation\classes\services\UserDataService.php 
2015-11-24 16:28:07 - DEBUG --> getUserData 
2015-11-24 16:28:07 - DEBUG --> Archivo \components\com_jhotelreservation\classes\services\UserDataService.php 
2015-11-24 16:28:07 - DEBUG --> getUserData 
2015-11-24 16:28:07 - DEBUG --> Archivo \components\com_jhotelreservationiews\hotel	mpl\hoteloverview.php 
2015-11-24 16:28:07 - DEBUG --> Accedió 
2015-11-24 16:28:10 - DEBUG --> Archivo \components\com_jhotelreservation\classes\services\UserDataService.php 
2015-11-24 16:28:10 - DEBUG --> initializeUserData 
2015-11-24 16:28:10 - DEBUG --> UserData first: N; 
2015-11-24 16:28:10 - DEBUG --> Archivo \components\com_jhotelreservation\classes\services\UserDataService.php 
2015-11-24 16:28:10 - DEBUG --> createUserData 
2015-11-24 16:28:10 - DEBUG --> UserData end:  a:0:{} 
2015-11-24 16:28:10 - DEBUG --> Archivo \components\com_jhotelreservation\classes\services\UserDataService.php 
2015-11-24 16:28:10 - DEBUG --> initializeUserData 
2015-11-24 16:28:10 - DEBUG --> UserData first: a:0:{} 
2015-11-24 16:28:10 - DEBUG --> UserData end:  a:0:{} 
2015-11-24 16:28:10 - DEBUG --> Archivo \components\com_jhotelreservation\classes\services\UserDataService.php 
2015-11-24 16:28:10 - DEBUG --> initializeReservationData 
2015-11-24 16:28:10 - DEBUG --> UserData: a:0:{} 
2015-11-24 16:28:10 - DEBUG --> Archivo \components\com_jhotelreservation\classes\services\UserDataService.php 
2015-11-24 16:28:10 - DEBUG --> updateUserData 
2015-11-24 16:28:10 - DEBUG --> Archivo \components\com_jhotelreservation\classes\services\UserDataService.php 
2015-11-24 16:28:10 - DEBUG --> getUserData 
2015-11-24 16:28:10 - DEBUG --> Archivo \components\com_jhotelreservation\classes\services\UserDataService.php 
2015-11-24 16:28:10 - DEBUG --> setCurrency 
2015-11-24 16:28:10 - DEBUG --> Archivo \components\com_jhotelreservation\classes\services\UserDataService.php 
2015-11-24 16:28:10 - DEBUG --> getUserData 
2015-11-24 16:28:10 - DEBUG --> Archivo \components\com_jhotelreservation\classes\services\UserDataService.php 
2015-11-24 16:28:10 - DEBUG --> getUserData 
2015-11-24 16:28:10 - DEBUG --> Archivo \components\com_jhotelreservation\classes\services\UserDataService.php 
2015-11-24 16:28:10 - DEBUG --> getUserData 
2015-11-24 16:28:10 - DEBUG --> Archivo \components\com_jhotelreservationiews\hotel	mpl\hoteloverview.php 
2015-11-24 16:28:10 - DEBUG --> Accedió 
2015-11-24 16:28:13 - DEBUG --> Archivo \components\com_jhotelreservation\classes\services\UserDataService.php 
2015-11-24 16:28:13 - DEBUG --> initializeUserData 
2015-11-24 16:28:13 - DEBUG --> UserData first: N; 
2015-11-24 16:28:13 - DEBUG --> Archivo \components\com_jhotelreservation\classes\services\UserDataService.php 
2015-11-24 16:28:13 - DEBUG --> createUserData 
2015-11-24 16:28:13 - DEBUG --> UserData end:  a:0:{} 
2015-11-24 16:28:13 - DEBUG --> Archivo \components\com_jhotelreservation\classes\services\UserDataService.php 
2015-11-24 16:28:13 - DEBUG --> initializeUserData 
2015-11-24 16:28:13 - DEBUG --> UserData first: a:0:{} 
2015-11-24 16:28:13 - DEBUG --> UserData end:  a:0:{} 
2015-11-24 16:28:13 - DEBUG --> Archivo \components\com_jhotelreservation\classes\services\UserDataService.php 
2015-11-24 16:28:13 - DEBUG --> initializeReservationData 
2015-11-24 16:28:13 - DEBUG --> UserData: a:0:{} 
2015-11-24 16:28:13 - DEBUG --> Archivo \components\com_jhotelreservation\classes\services\UserDataService.php 
2015-11-24 16:28:13 - DEBUG --> updateUserData 
2015-11-24 16:28:13 - DEBUG --> Archivo \components\com_jhotelreservation\classes\services\UserDataService.php 
2015-11-24 16:28:13 - DEBUG --> getUserData 
2015-11-24 16:28:13 - DEBUG --> Archivo \components\com_jhotelreservation\classes\services\UserDataService.php 
2015-11-24 16:28:13 - DEBUG --> setCurrency 
2015-11-24 16:28:13 - DEBUG --> Archivo \components\com_jhotelreservation\classes\services\UserDataService.php 
2015-11-24 16:28:13 - DEBUG --> getUserData 
2015-11-24 16:28:13 - DEBUG --> Archivo \components\com_jhotelreservation\classes\services\UserDataService.php 
2015-11-24 16:28:13 - DEBUG --> getUserData 
2015-11-24 16:28:13 - DEBUG --> Archivo \components\com_jhotelreservation\classes\services\UserDataService.php 
2015-11-24 16:28:13 - DEBUG --> getUserData 
2015-11-24 16:28:15 - DEBUG --> Archivo \components\com_jhotelreservation\classes\services\UserDataService.php 
2015-11-24 16:28:15 - DEBUG --> initializeUserData 
2015-11-24 16:28:15 - DEBUG --> UserData first: N; 
2015-11-24 16:28:15 - DEBUG --> Archivo \components\com_jhotelreservation\classes\services\UserDataService.php 
2015-11-24 16:28:15 - DEBUG --> createUserData 
2015-11-24 16:28:15 - DEBUG --> UserData end:  a:0:{} 
2015-11-24 16:28:15 - DEBUG --> Archivo \components\com_jhotelreservation\classes\services\UserDataService.php 
2015-11-24 16:28:15 - DEBUG --> initializeUserData 
2015-11-24 16:28:15 - DEBUG --> UserData first: a:0:{} 
2015-11-24 16:28:15 - DEBUG --> UserData end:  a:0:{} 
2015-11-24 16:28:15 - DEBUG --> Archivo \components\com_jhotelreservation\classes\services\UserDataService.php 
2015-11-24 16:28:15 - DEBUG --> initializeReservationData 
2015-11-24 16:28:15 - DEBUG --> UserData: a:0:{} 
2015-11-24 16:28:15 - DEBUG --> Archivo \components\com_jhotelreservation\classes\services\UserDataService.php 
2015-11-24 16:28:15 - DEBUG --> updateUserData 
2015-11-24 16:28:15 - DEBUG --> Archivo \components\com_jhotelreservation\classes\services\UserDataService.php 
2015-11-24 16:28:15 - DEBUG --> getUserData 
2015-11-24 16:28:15 - DEBUG --> Archivo \components\com_jhotelreservation\classes\services\UserDataService.php 
2015-11-24 16:28:15 - DEBUG --> setCurrency 
2015-11-24 16:28:15 - DEBUG --> Archivo \components\com_jhotelreservation\classes\services\UserDataService.php 
2015-11-24 16:28:15 - DEBUG --> getUserData 
2015-11-24 16:28:15 - DEBUG --> Archivo \components\com_jhotelreservation\classes\services\UserDataService.php 
2015-11-24 16:28:15 - DEBUG --> getUserData 
2015-11-24 16:28:15 - DEBUG --> Archivo \components\com_jhotelreservation\classes\services\UserDataService.php 
2015-11-24 16:28:15 - DEBUG --> getUserData 
2015-11-24 16:28:15 - DEBUG --> Archivo \components\com_jhotelreservationiews\hotel	mpl\hoteloverview.php 
2015-11-24 16:28:15 - DEBUG --> Accedió 
2015-11-24 21:52:11 - DEBUG --> Archivo \components\com_jhotelreservation\classes\services\UserDataService.php 
2015-11-24 21:52:11 - DEBUG --> initializeUserData 
2015-11-24 21:52:11 - DEBUG --> UserData first: N; 
2015-11-24 21:52:11 - DEBUG --> Archivo \components\com_jhotelreservation\classes\services\UserDataService.php 
2015-11-24 21:52:11 - DEBUG --> createUserData 
2015-11-24 21:52:11 - DEBUG --> UserData end:  a:0:{} 
2015-11-24 21:52:11 - DEBUG --> Archivo \components\com_jhotelreservation\classes\services\UserDataService.php 
2015-11-24 21:52:11 - DEBUG --> initializeUserData 
2015-11-24 21:52:11 - DEBUG --> UserData first: a:0:{} 
2015-11-24 21:52:11 - DEBUG --> UserData end:  a:0:{} 
2015-11-24 21:52:11 - DEBUG --> Archivo \components\com_jhotelreservation\classes\services\UserDataService.php 
2015-11-24 21:52:11 - DEBUG --> initializeReservationData 
2015-11-24 21:52:11 - DEBUG --> UserData: a:0:{} 
2015-11-24 21:52:11 - DEBUG --> Archivo \components\com_jhotelreservation\classes\services\UserDataService.php 
2015-11-24 21:52:11 - DEBUG --> updateUserData 
2015-11-24 21:52:11 - DEBUG --> Archivo \components\com_jhotelreservation\classes\services\UserDataService.php 
2015-11-24 21:52:11 - DEBUG --> getUserData 
2015-11-24 21:52:11 - DEBUG --> Archivo \components\com_jhotelreservation\classes\services\UserDataService.php 
2015-11-24 21:52:11 - DEBUG --> setCurrency 
2015-11-24 21:52:11 - DEBUG --> Archivo \components\com_jhotelreservation\classes\services\UserDataService.php 
2015-11-24 21:52:11 - DEBUG --> getUserData 
2015-11-24 21:52:11 - DEBUG --> Archivo \components\com_jhotelreservation\classes\services\UserDataService.php 
2015-11-24 21:52:11 - DEBUG --> getUserData 
2015-11-24 21:52:11 - DEBUG --> Archivo \components\com_jhotelreservation\classes\services\UserDataService.php 
2015-11-24 21:52:11 - DEBUG --> getUserData 
2015-11-24 21:52:11 - DEBUG --> Archivo \components\com_jhotelreservationiews\hotel	mpl\hoteloverview.php 
2015-11-24 21:52:11 - DEBUG --> Accedió 
2015-11-24 21:52:56 - DEBUG --> Archivo \components\com_jhotelreservation\classes\services\UserDataService.php 
2015-11-24 21:52:56 - DEBUG --> initializeUserData 
2015-11-24 21:52:56 - DEBUG --> UserData first: a:0:{} 
2015-11-24 21:52:56 - DEBUG --> UserData end:  a:0:{} 
2015-11-24 21:52:56 - DEBUG --> Archivo \components\com_jhotelreservation\classes\services\UserDataService.php 
2015-11-24 21:52:56 - DEBUG --> reserveRoom hotelId= 38, reservedItem = 0|130, current = 1 
2015-11-24 21:52:56 - DEBUG --> Reserved items: a:1:{i:0;s:7:"0|130|1";} 
2015-11-24 21:52:56 - DEBUG --> Archivo \components\com_jhotelreservation\classes\services\UserDataService.php 
2015-11-24 21:52:56 - DEBUG --> initializeUserData 
2015-11-24 21:52:56 - DEBUG --> UserData first: a:1:{i:0;s:7:"0|130|1";} 
2015-11-24 21:52:56 - DEBUG --> UserData end:  a:1:{i:0;s:7:"0|130|1";} 
2015-11-24 21:52:56 - DEBUG --> Archivo \components\com_jhotelreservation\classes\services\UserDataService.php 
2015-11-24 21:52:56 - DEBUG --> getUserData 
2015-11-24 21:52:56 - DEBUG --> Archivo \components\com_jhotelreservation\classes\services\UserDataService.php 
2015-11-24 21:52:56 - DEBUG --> getUserData 
2015-11-24 21:52:57 - DEBUG --> Archivo \components\com_jhotelreservation\classes\services\UserDataService.php 
2015-11-24 21:52:57 - DEBUG --> initializeUserData 
2015-11-24 21:52:57 - DEBUG --> UserData first: a:1:{i:0;s:7:"0|130|1";} 
2015-11-24 21:52:57 - DEBUG --> UserData end:  a:1:{i:0;s:7:"0|130|1";} 
2015-11-24 21:52:57 - DEBUG --> Archivo \components\com_jhotelreservation\classes\services\UserDataService.php 
2015-11-24 21:52:57 - DEBUG --> getUserData 
2015-11-24 21:52:57 - DEBUG --> Archivo \components\com_jhotelreservation\classes\services\UserDataService.php 
2015-11-24 21:52:57 - DEBUG --> getUserData 
2015-11-24 21:52:57 - DEBUG --> Archivo \components\com_jhotelreservation\classes\services\UserDataService.php 
2015-11-24 21:52:57 - DEBUG --> getUserData 
2015-11-24 21:53:26 - DEBUG --> Archivo \components\com_jhotelreservation\classes\services\UserDataService.php 
2015-11-24 21:53:26 - DEBUG --> initializeUserData 
2015-11-24 21:53:26 - DEBUG --> UserData first: a:1:{i:0;s:7:"0|130|1";} 
2015-11-24 21:53:26 - DEBUG --> Archivo \components\com_jhotelreservation\classes\services\UserDataService.php 
2015-11-24 21:53:26 - DEBUG --> createUserData 
2015-11-24 21:53:26 - DEBUG --> voucher:  
2015-11-24 21:53:26 - DEBUG --> UserData end:  a:0:{} 
2015-11-24 21:53:26 - DEBUG --> Archivo \components\com_jhotelreservation\classes\services\UserDataService.php 
2015-11-24 21:53:26 - DEBUG --> initializeUserData 
2015-11-24 21:53:26 - DEBUG --> UserData first: a:0:{} 
2015-11-24 21:53:26 - DEBUG --> Archivo \components\com_jhotelreservation\classes\services\UserDataService.php 
2015-11-24 21:53:26 - DEBUG --> createUserData 
2015-11-24 21:53:26 - DEBUG --> voucher:  
2015-11-24 21:53:26 - DEBUG --> UserData end:  a:0:{} 
2015-11-24 21:53:26 - DEBUG --> Archivo \components\com_jhotelreservation\classes\services\UserDataService.php 
2015-11-24 21:53:26 - DEBUG --> initializeReservationData 
2015-11-24 21:53:26 - DEBUG --> UserData: a:0:{} 
2015-11-24 21:53:26 - DEBUG --> Archivo \components\com_jhotelreservation\classes\services\UserDataService.php 
2015-11-24 21:53:26 - DEBUG --> initializeUserData 
2015-11-24 21:53:26 - DEBUG --> UserData first: a:0:{} 
2015-11-24 21:53:26 - DEBUG --> UserData end:  a:0:{} 
2015-11-24 21:53:26 - DEBUG --> Archivo \components\com_jhotelreservation\classes\services\UserDataService.php 
2015-11-24 21:53:26 - DEBUG --> initializeUserData 
2015-11-24 21:53:26 - DEBUG --> UserData first: a:0:{} 
2015-11-24 21:53:26 - DEBUG --> UserData end:  a:0:{} 
2015-11-24 21:53:26 - DEBUG --> Archivo \components\com_jhotelreservation\classes\services\UserDataService.php 
2015-11-24 21:53:26 - DEBUG --> initializeReservationData 
2015-11-24 21:53:26 - DEBUG --> UserData: a:0:{} 
2015-11-24 21:53:26 - DEBUG --> Archivo \components\com_jhotelreservation\classes\services\UserDataService.php 
2015-11-24 21:53:26 - DEBUG --> updateUserData 
2015-11-24 21:53:26 - DEBUG --> Archivo \components\com_jhotelreservation\classes\services\UserDataService.php 
2015-11-24 21:53:26 - DEBUG --> getUserData 
2015-11-24 21:53:26 - DEBUG --> Archivo \components\com_jhotelreservation\classes\services\UserDataService.php 
2015-11-24 21:53:26 - DEBUG --> setCurrency 
2015-11-24 21:53:26 - DEBUG --> Archivo \components\com_jhotelreservation\classes\services\UserDataService.php 
2015-11-24 21:53:26 - DEBUG --> getUserData 
2015-11-24 21:53:26 - DEBUG --> Archivo \components\com_jhotelreservation\classes\services\UserDataService.php 
2015-11-24 21:53:26 - DEBUG --> getUserData 
2015-11-24 21:53:26 - DEBUG --> Archivo \components\com_jhotelreservation\classes\services\UserDataService.php 
2015-11-24 21:53:26 - DEBUG --> getUserData 
2015-11-24 21:53:26 - DEBUG --> Archivo \components\com_jhotelreservationiews\hotel	mpl\hoteloverview.php 
2015-11-24 21:53:26 - DEBUG --> Accedió 
2015-11-24 22:31:31 - DEBUG --> Archivo \components\com_jhotelreservation\classes\services\UserDataService.php 
2015-11-24 22:31:31 - DEBUG --> initializeUserData 
2015-11-24 22:31:31 - DEBUG --> UserData first: N; 
2015-11-24 22:31:31 - DEBUG --> Archivo \components\com_jhotelreservation\classes\services\UserDataService.php 
2015-11-24 22:31:31 - DEBUG --> createUserData 
2015-11-24 22:31:31 - DEBUG --> UserData end:  a:0:{} 
2015-11-24 22:31:31 - DEBUG --> Archivo \components\com_jhotelreservation\classes\services\UserDataService.php 
2015-11-24 22:31:31 - DEBUG --> initializeUserData 
2015-11-24 22:31:31 - DEBUG --> UserData first: a:0:{} 
2015-11-24 22:31:31 - DEBUG --> UserData end:  a:0:{} 
2015-11-24 22:31:31 - DEBUG --> Archivo \components\com_jhotelreservation\classes\services\UserDataService.php 
2015-11-24 22:31:31 - DEBUG --> initializeReservationData 
2015-11-24 22:31:31 - DEBUG --> UserData: a:0:{} 
2015-11-24 22:31:31 - DEBUG --> Archivo \components\com_jhotelreservation\classes\services\UserDataService.php 
2015-11-24 22:31:31 - DEBUG --> updateUserData 
2015-11-24 22:31:31 - DEBUG --> Archivo \components\com_jhotelreservation\classes\services\UserDataService.php 
2015-11-24 22:31:31 - DEBUG --> getUserData 
2015-11-24 22:31:31 - DEBUG --> Archivo \components\com_jhotelreservation\classes\services\UserDataService.php 
2015-11-24 22:31:31 - DEBUG --> setCurrency 
2015-11-24 22:31:31 - DEBUG --> Archivo \components\com_jhotelreservation\classes\services\UserDataService.php 
2015-11-24 22:31:31 - DEBUG --> getUserData 
2015-11-24 22:31:31 - DEBUG --> Archivo \components\com_jhotelreservation\classes\services\UserDataService.php 
2015-11-24 22:31:31 - DEBUG --> getUserData 
2015-11-24 22:31:31 - DEBUG --> Archivo \components\com_jhotelreservation\classes\services\UserDataService.php 
2015-11-24 22:31:31 - DEBUG --> getUserData 
2015-11-24 22:31:31 - DEBUG --> Archivo \components\com_jhotelreservationiews\hotel	mpl\hoteloverview.php 
2015-11-24 22:31:31 - DEBUG --> Accedió 
