2015-10-27 1:03:57 - DEBUG --> Archivo \components\com_jhotelreservation\classes\services\UserDataService.php 
2015-10-27 1:03:57 - DEBUG --> initializeUserData 
2015-10-27 1:03:57 - DEBUG --> UserData first: N; 
2015-10-27 1:03:57 - DEBUG --> Archivo \components\com_jhotelreservation\classes\services\UserDataService.php 
2015-10-27 1:03:57 - DEBUG --> createUserData 
2015-10-27 1:03:57 - DEBUG --> UserData end:  a:0:{} 
2015-10-27 1:03:57 - DEBUG --> Archivo \components\com_jhotelreservation\classes\services\UserDataService.php 
2015-10-27 1:03:57 - DEBUG --> initializeUserData 
2015-10-27 1:03:57 - DEBUG --> UserData first: a:0:{} 
2015-10-27 1:03:57 - DEBUG --> UserData end:  a:0:{} 
2015-10-27 1:03:57 - DEBUG --> Archivo \components\com_jhotelreservation\classes\services\UserDataService.php 
2015-10-27 1:03:57 - DEBUG --> initializeReservationData 
2015-10-27 1:03:57 - DEBUG --> UserData: a:0:{} 
2015-10-27 1:03:57 - DEBUG --> Archivo \components\com_jhotelreservation\classes\services\UserDataService.php 
2015-10-27 1:03:57 - DEBUG --> updateUserData 
2015-10-27 1:03:57 - DEBUG --> Archivo \components\com_jhotelreservation\classes\services\UserDataService.php 
2015-10-27 1:03:57 - DEBUG --> getUserData 
2015-10-27 1:03:57 - DEBUG --> Archivo \components\com_jhotelreservation\classes\services\UserDataService.php 
2015-10-27 1:03:57 - DEBUG --> setCurrency 
2015-10-27 1:03:57 - DEBUG --> Archivo \components\com_jhotelreservation\classes\services\UserDataService.php 
2015-10-27 1:03:57 - DEBUG --> getUserData 
2015-10-27 1:03:57 - DEBUG --> Archivo \components\com_jhotelreservation\classes\services\UserDataService.php 
2015-10-27 1:03:57 - DEBUG --> getUserData 
2015-10-27 1:03:57 - DEBUG --> Archivo \components\com_jhotelreservation\classes\services\UserDataService.php 
2015-10-27 1:03:57 - DEBUG --> getUserData 
2015-10-27 1:03:57 - DEBUG --> Archivo \components\com_jhotelreservation\classes\services\UserDataService.php 
2015-10-27 1:03:57 - DEBUG --> initializeUserData 
2015-10-27 1:03:57 - DEBUG --> UserData first: N; 
2015-10-27 1:03:57 - DEBUG --> Archivo \components\com_jhotelreservation\classes\services\UserDataService.php 
2015-10-27 1:03:57 - DEBUG --> createUserData 
2015-10-27 1:03:57 - DEBUG --> UserData end:  a:0:{} 
2015-10-27 1:03:57 - DEBUG --> Archivo \components\com_jhotelreservation\classes\services\UserDataService.php 
2015-10-27 1:03:57 - DEBUG --> initializeUserData 
2015-10-27 1:03:57 - DEBUG --> UserData first: a:0:{} 
2015-10-27 1:03:57 - DEBUG --> UserData end:  a:0:{} 
2015-10-27 1:03:57 - DEBUG --> Archivo \components\com_jhotelreservation\classes\services\UserDataService.php 
2015-10-27 1:03:57 - DEBUG --> initializeReservationData 
2015-10-27 1:03:57 - DEBUG --> UserData: a:0:{} 
2015-10-27 1:03:57 - DEBUG --> Archivo \components\com_jhotelreservation\classes\services\UserDataService.php 
2015-10-27 1:03:57 - DEBUG --> updateUserData 
2015-10-27 1:03:57 - DEBUG --> Archivo \components\com_jhotelreservation\classes\services\UserDataService.php 
2015-10-27 1:03:57 - DEBUG --> getUserData 
2015-10-27 1:03:57 - DEBUG --> Archivo \components\com_jhotelreservation\classes\services\UserDataService.php 
2015-10-27 1:03:57 - DEBUG --> setCurrency 
2015-10-27 1:03:57 - DEBUG --> Archivo \components\com_jhotelreservation\classes\services\UserDataService.php 
2015-10-27 1:03:57 - DEBUG --> getUserData 
2015-10-27 1:03:57 - DEBUG --> Archivo \components\com_jhotelreservation\classes\services\UserDataService.php 
2015-10-27 1:03:57 - DEBUG --> getUserData 
2015-10-27 1:03:57 - DEBUG --> Archivo \components\com_jhotelreservation\classes\services\UserDataService.php 
2015-10-27 1:03:57 - DEBUG --> getUserData 
2015-10-27 1:03:58 - DEBUG --> Archivo \components\com_jhotelreservation\classes\services\UserDataService.php 
2015-10-27 1:03:58 - DEBUG --> initializeUserData 
2015-10-27 1:03:58 - DEBUG --> UserData first: N; 
2015-10-27 1:03:58 - DEBUG --> Archivo \components\com_jhotelreservation\classes\services\UserDataService.php 
2015-10-27 1:03:58 - DEBUG --> createUserData 
2015-10-27 1:03:58 - DEBUG --> UserData end:  a:0:{} 
2015-10-27 1:03:58 - DEBUG --> Archivo \components\com_jhotelreservation\classes\services\UserDataService.php 
2015-10-27 1:03:58 - DEBUG --> initializeUserData 
2015-10-27 1:03:58 - DEBUG --> UserData first: a:0:{} 
2015-10-27 1:03:58 - DEBUG --> UserData end:  a:0:{} 
2015-10-27 1:03:58 - DEBUG --> Archivo \components\com_jhotelreservation\classes\services\UserDataService.php 
2015-10-27 1:03:58 - DEBUG --> initializeReservationData 
2015-10-27 1:03:58 - DEBUG --> UserData: a:0:{} 
2015-10-27 1:03:58 - DEBUG --> Archivo \components\com_jhotelreservation\classes\services\UserDataService.php 
2015-10-27 1:03:58 - DEBUG --> updateUserData 
2015-10-27 1:03:58 - DEBUG --> Archivo \components\com_jhotelreservation\classes\services\UserDataService.php 
2015-10-27 1:03:58 - DEBUG --> getUserData 
2015-10-27 1:03:58 - DEBUG --> Archivo \components\com_jhotelreservation\classes\services\UserDataService.php 
2015-10-27 1:03:58 - DEBUG --> setCurrency 
2015-10-27 1:03:58 - DEBUG --> Archivo \components\com_jhotelreservation\classes\services\UserDataService.php 
2015-10-27 1:03:58 - DEBUG --> getUserData 
2015-10-27 1:03:58 - DEBUG --> Archivo \components\com_jhotelreservation\classes\services\UserDataService.php 
2015-10-27 1:03:58 - DEBUG --> getUserData 
2015-10-27 1:03:58 - DEBUG --> Archivo \components\com_jhotelreservation\classes\services\UserDataService.php 
2015-10-27 1:03:58 - DEBUG --> getUserData 
2015-10-27 1:03:58 - DEBUG --> Archivo \components\com_jhotelreservationiews\hotel	mpl\hoteloverview.php 
2015-10-27 1:03:58 - DEBUG --> Accedió 
2015-10-27 1:04:02 - DEBUG --> Archivo \components\com_jhotelreservation\classes\services\UserDataService.php 
2015-10-27 1:04:02 - DEBUG --> initializeUserData 
2015-10-27 1:04:02 - DEBUG --> UserData first: N; 
2015-10-27 1:04:02 - DEBUG --> Archivo \components\com_jhotelreservation\classes\services\UserDataService.php 
2015-10-27 1:04:02 - DEBUG --> createUserData 
2015-10-27 1:04:02 - DEBUG --> UserData end:  a:0:{} 
2015-10-27 1:04:02 - DEBUG --> Archivo \components\com_jhotelreservation\classes\services\UserDataService.php 
2015-10-27 1:04:02 - DEBUG --> initializeUserData 
2015-10-27 1:04:02 - DEBUG --> UserData first: a:0:{} 
2015-10-27 1:04:02 - DEBUG --> UserData end:  a:0:{} 
2015-10-27 1:04:02 - DEBUG --> Archivo \components\com_jhotelreservation\classes\services\UserDataService.php 
2015-10-27 1:04:02 - DEBUG --> initializeReservationData 
2015-10-27 1:04:02 - DEBUG --> UserData: a:0:{} 
2015-10-27 1:04:02 - DEBUG --> Archivo \components\com_jhotelreservation\classes\services\UserDataService.php 
2015-10-27 1:04:02 - DEBUG --> updateUserData 
2015-10-27 1:04:02 - DEBUG --> Archivo \components\com_jhotelreservation\classes\services\UserDataService.php 
2015-10-27 1:04:02 - DEBUG --> getUserData 
2015-10-27 1:04:02 - DEBUG --> Archivo \components\com_jhotelreservation\classes\services\UserDataService.php 
2015-10-27 1:04:02 - DEBUG --> setCurrency 
2015-10-27 1:04:02 - DEBUG --> Archivo \components\com_jhotelreservation\classes\services\UserDataService.php 
2015-10-27 1:04:02 - DEBUG --> getUserData 
2015-10-27 1:04:02 - DEBUG --> Archivo \components\com_jhotelreservation\classes\services\UserDataService.php 
2015-10-27 1:04:02 - DEBUG --> getUserData 
2015-10-27 1:04:02 - DEBUG --> Archivo \components\com_jhotelreservation\classes\services\UserDataService.php 
2015-10-27 1:04:02 - DEBUG --> getUserData 
2015-10-27 1:04:02 - DEBUG --> Archivo \components\com_jhotelreservation\classes\services\UserDataService.php 
2015-10-27 1:04:02 - DEBUG --> initializeUserData 
2015-10-27 1:04:02 - DEBUG --> UserData first: N; 
2015-10-27 1:04:02 - DEBUG --> Archivo \components\com_jhotelreservation\classes\services\UserDataService.php 
2015-10-27 1:04:02 - DEBUG --> createUserData 
2015-10-27 1:04:02 - DEBUG --> UserData end:  a:0:{} 
2015-10-27 1:04:02 - DEBUG --> Archivo \components\com_jhotelreservation\classes\services\UserDataService.php 
2015-10-27 1:04:02 - DEBUG --> initializeUserData 
2015-10-27 1:04:02 - DEBUG --> UserData first: a:0:{} 
2015-10-27 1:04:02 - DEBUG --> UserData end:  a:0:{} 
2015-10-27 1:04:02 - DEBUG --> Archivo \components\com_jhotelreservation\classes\services\UserDataService.php 
2015-10-27 1:04:02 - DEBUG --> initializeReservationData 
2015-10-27 1:04:02 - DEBUG --> UserData: a:0:{} 
2015-10-27 1:04:02 - DEBUG --> Archivo \components\com_jhotelreservation\classes\services\UserDataService.php 
2015-10-27 1:04:02 - DEBUG --> updateUserData 
2015-10-27 1:04:02 - DEBUG --> Archivo \components\com_jhotelreservation\classes\services\UserDataService.php 
2015-10-27 1:04:02 - DEBUG --> getUserData 
2015-10-27 1:04:02 - DEBUG --> Archivo \components\com_jhotelreservation\classes\services\UserDataService.php 
2015-10-27 1:04:02 - DEBUG --> setCurrency 
2015-10-27 1:04:02 - DEBUG --> Archivo \components\com_jhotelreservation\classes\services\UserDataService.php 
2015-10-27 1:04:02 - DEBUG --> getUserData 
2015-10-27 1:04:02 - DEBUG --> Archivo \components\com_jhotelreservation\classes\services\UserDataService.php 
2015-10-27 1:04:02 - DEBUG --> getUserData 
2015-10-27 1:04:02 - DEBUG --> Archivo \components\com_jhotelreservation\classes\services\UserDataService.php 
2015-10-27 1:04:02 - DEBUG --> getUserData 
2015-10-27 1:04:02 - DEBUG --> Archivo \components\com_jhotelreservation\classes\services\UserDataService.php 
2015-10-27 1:04:02 - DEBUG --> initializeUserData 
2015-10-27 1:04:02 - DEBUG --> UserData first: N; 
2015-10-27 1:04:02 - DEBUG --> Archivo \components\com_jhotelreservation\classes\services\UserDataService.php 
2015-10-27 1:04:02 - DEBUG --> createUserData 
2015-10-27 1:04:02 - DEBUG --> UserData end:  a:0:{} 
2015-10-27 1:04:02 - DEBUG --> Archivo \components\com_jhotelreservation\classes\services\UserDataService.php 
2015-10-27 1:04:02 - DEBUG --> initializeUserData 
2015-10-27 1:04:02 - DEBUG --> UserData first: a:0:{} 
2015-10-27 1:04:02 - DEBUG --> UserData end:  a:0:{} 
2015-10-27 1:04:02 - DEBUG --> Archivo \components\com_jhotelreservation\classes\services\UserDataService.php 
2015-10-27 1:04:02 - DEBUG --> initializeReservationData 
2015-10-27 1:04:02 - DEBUG --> UserData: a:0:{} 
2015-10-27 1:04:02 - DEBUG --> Archivo \components\com_jhotelreservation\classes\services\UserDataService.php 
2015-10-27 1:04:02 - DEBUG --> updateUserData 
2015-10-27 1:04:02 - DEBUG --> Archivo \components\com_jhotelreservation\classes\services\UserDataService.php 
2015-10-27 1:04:02 - DEBUG --> getUserData 
2015-10-27 1:04:02 - DEBUG --> Archivo \components\com_jhotelreservation\classes\services\UserDataService.php 
2015-10-27 1:04:02 - DEBUG --> setCurrency 
2015-10-27 1:04:02 - DEBUG --> Archivo \components\com_jhotelreservation\classes\services\UserDataService.php 
2015-10-27 1:04:02 - DEBUG --> getUserData 
2015-10-27 1:04:02 - DEBUG --> Archivo \components\com_jhotelreservation\classes\services\UserDataService.php 
2015-10-27 1:04:02 - DEBUG --> getUserData 
2015-10-27 1:04:02 - DEBUG --> Archivo \components\com_jhotelreservation\classes\services\UserDataService.php 
2015-10-27 1:04:02 - DEBUG --> getUserData 
2015-10-27 1:04:02 - DEBUG --> Archivo \components\com_jhotelreservationiews\hotel	mpl\hoteloverview.php 
2015-10-27 1:04:02 - DEBUG --> Accedió 
2015-10-27 1:04:03 - DEBUG --> Archivo \components\com_jhotelreservation\classes\services\UserDataService.php 
2015-10-27 1:04:03 - DEBUG --> initializeUserData 
2015-10-27 1:04:03 - DEBUG --> UserData first: N; 
2015-10-27 1:04:03 - DEBUG --> Archivo \components\com_jhotelreservation\classes\services\UserDataService.php 
2015-10-27 1:04:03 - DEBUG --> createUserData 
2015-10-27 1:04:03 - DEBUG --> UserData end:  a:0:{} 
2015-10-27 1:04:03 - DEBUG --> Archivo \components\com_jhotelreservation\classes\services\UserDataService.php 
2015-10-27 1:04:03 - DEBUG --> initializeUserData 
2015-10-27 1:04:03 - DEBUG --> UserData first: a:0:{} 
2015-10-27 1:04:03 - DEBUG --> UserData end:  a:0:{} 
2015-10-27 1:04:03 - DEBUG --> Archivo \components\com_jhotelreservation\classes\services\UserDataService.php 
2015-10-27 1:04:03 - DEBUG --> initializeReservationData 
2015-10-27 1:04:03 - DEBUG --> UserData: a:0:{} 
2015-10-27 1:04:03 - DEBUG --> Archivo \components\com_jhotelreservation\classes\services\UserDataService.php 
2015-10-27 1:04:03 - DEBUG --> updateUserData 
2015-10-27 1:04:03 - DEBUG --> Archivo \components\com_jhotelreservation\classes\services\UserDataService.php 
2015-10-27 1:04:03 - DEBUG --> getUserData 
2015-10-27 1:04:03 - DEBUG --> Archivo \components\com_jhotelreservation\classes\services\UserDataService.php 
2015-10-27 1:04:03 - DEBUG --> setCurrency 
2015-10-27 1:04:03 - DEBUG --> Archivo \components\com_jhotelreservation\classes\services\UserDataService.php 
2015-10-27 1:04:03 - DEBUG --> getUserData 
2015-10-27 1:04:03 - DEBUG --> Archivo \components\com_jhotelreservation\classes\services\UserDataService.php 
2015-10-27 1:04:03 - DEBUG --> getUserData 
2015-10-27 1:04:03 - DEBUG --> Archivo \components\com_jhotelreservation\classes\services\UserDataService.php 
2015-10-27 1:04:03 - DEBUG --> getUserData 
2015-10-27 1:04:03 - DEBUG --> Archivo \components\com_jhotelreservationiews\hotel	mpl\hoteloverview.php 
2015-10-27 1:04:03 - DEBUG --> Accedió 
2015-10-27 1:04:04 - DEBUG --> Archivo \components\com_jhotelreservation\classes\services\UserDataService.php 
2015-10-27 1:04:04 - DEBUG --> initializeUserData 
2015-10-27 1:04:04 - DEBUG --> UserData first: N; 
2015-10-27 1:04:04 - DEBUG --> Archivo \components\com_jhotelreservation\classes\services\UserDataService.php 
2015-10-27 1:04:04 - DEBUG --> createUserData 
2015-10-27 1:04:04 - DEBUG --> UserData end:  a:0:{} 
2015-10-27 1:04:04 - DEBUG --> Archivo \components\com_jhotelreservation\classes\services\UserDataService.php 
2015-10-27 1:04:04 - DEBUG --> initializeUserData 
2015-10-27 1:04:04 - DEBUG --> UserData first: a:0:{} 
2015-10-27 1:04:04 - DEBUG --> UserData end:  a:0:{} 
2015-10-27 1:04:04 - DEBUG --> Archivo \components\com_jhotelreservation\classes\services\UserDataService.php 
2015-10-27 1:04:04 - DEBUG --> initializeReservationData 
2015-10-27 1:04:04 - DEBUG --> UserData: a:0:{} 
2015-10-27 1:04:04 - DEBUG --> Archivo \components\com_jhotelreservation\classes\services\UserDataService.php 
2015-10-27 1:04:04 - DEBUG --> updateUserData 
2015-10-27 1:04:04 - DEBUG --> Archivo \components\com_jhotelreservation\classes\services\UserDataService.php 
2015-10-27 1:04:04 - DEBUG --> getUserData 
2015-10-27 1:04:04 - DEBUG --> Archivo \components\com_jhotelreservation\classes\services\UserDataService.php 
2015-10-27 1:04:04 - DEBUG --> setCurrency 
2015-10-27 1:04:04 - DEBUG --> Archivo \components\com_jhotelreservation\classes\services\UserDataService.php 
2015-10-27 1:04:04 - DEBUG --> getUserData 
2015-10-27 1:04:04 - DEBUG --> Archivo \components\com_jhotelreservation\classes\services\UserDataService.php 
2015-10-27 1:04:04 - DEBUG --> getUserData 
2015-10-27 1:04:04 - DEBUG --> Archivo \components\com_jhotelreservation\classes\services\UserDataService.php 
2015-10-27 1:04:04 - DEBUG --> getUserData 
2015-10-27 1:04:46 - DEBUG --> Archivo \components\com_jhotelreservation\classes\services\UserDataService.php 
2015-10-27 1:04:46 - DEBUG --> initializeUserData 
2015-10-27 1:04:46 - DEBUG --> UserData first: N; 
2015-10-27 1:04:46 - DEBUG --> Archivo \components\com_jhotelreservation\classes\services\UserDataService.php 
2015-10-27 1:04:46 - DEBUG --> createUserData 
2015-10-27 1:04:46 - DEBUG --> UserData end:  a:0:{} 
2015-10-27 1:04:46 - DEBUG --> Archivo \components\com_jhotelreservation\classes\services\UserDataService.php 
2015-10-27 1:04:46 - DEBUG --> initializeUserData 
2015-10-27 1:04:46 - DEBUG --> UserData first: a:0:{} 
2015-10-27 1:04:46 - DEBUG --> UserData end:  a:0:{} 
2015-10-27 1:04:46 - DEBUG --> Archivo \components\com_jhotelreservation\classes\services\UserDataService.php 
2015-10-27 1:04:46 - DEBUG --> initializeReservationData 
2015-10-27 1:04:46 - DEBUG --> UserData: a:0:{} 
2015-10-27 1:04:46 - DEBUG --> Archivo \components\com_jhotelreservation\classes\services\UserDataService.php 
2015-10-27 1:04:46 - DEBUG --> updateUserData 
2015-10-27 1:04:46 - DEBUG --> Archivo \components\com_jhotelreservation\classes\services\UserDataService.php 
2015-10-27 1:04:46 - DEBUG --> getUserData 
2015-10-27 1:04:46 - DEBUG --> Archivo \components\com_jhotelreservation\classes\services\UserDataService.php 
2015-10-27 1:04:46 - DEBUG --> setCurrency 
2015-10-27 1:04:46 - DEBUG --> Archivo \components\com_jhotelreservation\classes\services\UserDataService.php 
2015-10-27 1:04:46 - DEBUG --> getUserData 
2015-10-27 1:04:46 - DEBUG --> Archivo \components\com_jhotelreservation\classes\services\UserDataService.php 
2015-10-27 1:04:46 - DEBUG --> getUserData 
2015-10-27 1:04:46 - DEBUG --> Archivo \components\com_jhotelreservation\classes\services\UserDataService.php 
2015-10-27 1:04:46 - DEBUG --> getUserData 
2015-10-27 1:04:46 - DEBUG --> Archivo \components\com_jhotelreservationiews\hotel	mpl\hoteloverview.php 
2015-10-27 1:04:46 - DEBUG --> Accedió 
2015-10-27 1:04:47 - DEBUG --> Archivo \components\com_jhotelreservation\classes\services\UserDataService.php 
2015-10-27 1:04:47 - DEBUG --> initializeUserData 
2015-10-27 1:04:47 - DEBUG --> UserData first: N; 
2015-10-27 1:04:47 - DEBUG --> Archivo \components\com_jhotelreservation\classes\services\UserDataService.php 
2015-10-27 1:04:47 - DEBUG --> createUserData 
2015-10-27 1:04:47 - DEBUG --> UserData end:  a:0:{} 
2015-10-27 1:04:47 - DEBUG --> Archivo \components\com_jhotelreservation\classes\services\UserDataService.php 
2015-10-27 1:04:47 - DEBUG --> initializeUserData 
2015-10-27 1:04:47 - DEBUG --> UserData first: a:0:{} 
2015-10-27 1:04:47 - DEBUG --> UserData end:  a:0:{} 
2015-10-27 1:04:47 - DEBUG --> Archivo \components\com_jhotelreservation\classes\services\UserDataService.php 
2015-10-27 1:04:47 - DEBUG --> initializeReservationData 
2015-10-27 1:04:47 - DEBUG --> UserData: a:0:{} 
2015-10-27 1:04:47 - DEBUG --> Archivo \components\com_jhotelreservation\classes\services\UserDataService.php 
2015-10-27 1:04:47 - DEBUG --> updateUserData 
2015-10-27 1:04:47 - DEBUG --> Archivo \components\com_jhotelreservation\classes\services\UserDataService.php 
2015-10-27 1:04:47 - DEBUG --> getUserData 
2015-10-27 1:04:47 - DEBUG --> Archivo \components\com_jhotelreservation\classes\services\UserDataService.php 
2015-10-27 1:04:47 - DEBUG --> setCurrency 
2015-10-27 1:04:47 - DEBUG --> Archivo \components\com_jhotelreservation\classes\services\UserDataService.php 
2015-10-27 1:04:47 - DEBUG --> getUserData 
2015-10-27 1:04:47 - DEBUG --> Archivo \components\com_jhotelreservation\classes\services\UserDataService.php 
2015-10-27 1:04:47 - DEBUG --> getUserData 
2015-10-27 1:04:47 - DEBUG --> Archivo \components\com_jhotelreservation\classes\services\UserDataService.php 
2015-10-27 1:04:47 - DEBUG --> getUserData 
2015-10-27 1:04:47 - DEBUG --> Archivo \components\com_jhotelreservationiews\hotel	mpl\hoteloverview.php 
2015-10-27 1:04:47 - DEBUG --> Accedió 
2015-10-27 1:44:30 - DEBUG --> Archivo \components\com_jhotelreservation\classes\services\UserDataService.php 
2015-10-27 1:44:30 - DEBUG --> initializeUserData 
2015-10-27 1:44:30 - DEBUG --> UserData first: N; 
2015-10-27 1:44:30 - DEBUG --> Archivo \components\com_jhotelreservation\classes\services\UserDataService.php 
2015-10-27 1:44:30 - DEBUG --> createUserData 
2015-10-27 1:44:30 - DEBUG --> UserData end:  a:0:{} 
2015-10-27 1:44:30 - DEBUG --> Archivo \components\com_jhotelreservation\classes\services\UserDataService.php 
2015-10-27 1:44:30 - DEBUG --> initializeUserData 
2015-10-27 1:44:30 - DEBUG --> UserData first: a:0:{} 
2015-10-27 1:44:30 - DEBUG --> UserData end:  a:0:{} 
2015-10-27 1:44:30 - DEBUG --> Archivo \components\com_jhotelreservation\classes\services\UserDataService.php 
2015-10-27 1:44:30 - DEBUG --> initializeReservationData 
2015-10-27 1:44:30 - DEBUG --> UserData: a:0:{} 
2015-10-27 1:44:30 - DEBUG --> Archivo \components\com_jhotelreservation\classes\services\UserDataService.php 
2015-10-27 1:44:30 - DEBUG --> updateUserData 
2015-10-27 1:44:30 - DEBUG --> Archivo \components\com_jhotelreservation\classes\services\UserDataService.php 
2015-10-27 1:44:30 - DEBUG --> getUserData 
2015-10-27 1:44:30 - DEBUG --> Archivo \components\com_jhotelreservation\classes\services\UserDataService.php 
2015-10-27 1:44:30 - DEBUG --> setCurrency 
2015-10-27 1:44:30 - DEBUG --> Archivo \components\com_jhotelreservation\classes\services\UserDataService.php 
2015-10-27 1:44:30 - DEBUG --> getUserData 
2015-10-27 1:44:30 - DEBUG --> Archivo \components\com_jhotelreservation\classes\services\UserDataService.php 
2015-10-27 1:44:30 - DEBUG --> getUserData 
2015-10-27 1:44:30 - DEBUG --> Archivo \components\com_jhotelreservation\classes\services\UserDataService.php 
2015-10-27 1:44:30 - DEBUG --> getUserData 
2015-10-27 1:44:30 - DEBUG --> Archivo \components\com_jhotelreservationiews\hotel	mpl\hoteloverview.php 
2015-10-27 1:44:30 - DEBUG --> Accedió 
2015-10-27 7:48:18 - DEBUG --> Archivo \components\com_jhotelreservation\classes\services\UserDataService.php 
2015-10-27 7:48:18 - DEBUG --> initializeUserData 
2015-10-27 7:48:18 - DEBUG --> UserData first: N; 
2015-10-27 7:48:18 - DEBUG --> Archivo \components\com_jhotelreservation\classes\services\UserDataService.php 
2015-10-27 7:48:18 - DEBUG --> createUserData 
2015-10-27 7:48:18 - DEBUG --> UserData end:  a:0:{} 
2015-10-27 7:48:18 - DEBUG --> Archivo \components\com_jhotelreservation\classes\services\UserDataService.php 
2015-10-27 7:48:18 - DEBUG --> initializeUserData 
2015-10-27 7:48:18 - DEBUG --> UserData first: a:0:{} 
2015-10-27 7:48:18 - DEBUG --> UserData end:  a:0:{} 
2015-10-27 7:48:18 - DEBUG --> Archivo \components\com_jhotelreservation\classes\services\UserDataService.php 
2015-10-27 7:48:18 - DEBUG --> initializeReservationData 
2015-10-27 7:48:18 - DEBUG --> UserData: a:0:{} 
2015-10-27 7:48:18 - DEBUG --> Archivo \components\com_jhotelreservation\classes\services\UserDataService.php 
2015-10-27 7:48:18 - DEBUG --> updateUserData 
2015-10-27 7:48:18 - DEBUG --> Archivo \components\com_jhotelreservation\classes\services\UserDataService.php 
2015-10-27 7:48:18 - DEBUG --> getUserData 
2015-10-27 7:48:18 - DEBUG --> Archivo \components\com_jhotelreservation\classes\services\UserDataService.php 
2015-10-27 7:48:18 - DEBUG --> setCurrency 
2015-10-27 7:48:18 - DEBUG --> Archivo \components\com_jhotelreservation\classes\services\UserDataService.php 
2015-10-27 7:48:18 - DEBUG --> getUserData 
2015-10-27 7:48:18 - DEBUG --> Archivo \components\com_jhotelreservation\classes\services\UserDataService.php 
2015-10-27 7:48:18 - DEBUG --> getUserData 
2015-10-27 7:48:18 - DEBUG --> Archivo \components\com_jhotelreservation\classes\services\UserDataService.php 
2015-10-27 7:48:18 - DEBUG --> getUserData 
2015-10-27 7:48:18 - DEBUG --> Archivo \components\com_jhotelreservationiews\hotel	mpl\hoteloverview.php 
2015-10-27 7:48:18 - DEBUG --> Accedió 
2015-10-27 8:19:30 - DEBUG --> Archivo \components\com_jhotelreservation\classes\services\UserDataService.php 
2015-10-27 8:19:30 - DEBUG --> initializeUserData 
2015-10-27 8:19:30 - DEBUG --> UserData first: N; 
2015-10-27 8:19:30 - DEBUG --> Archivo \components\com_jhotelreservation\classes\services\UserDataService.php 
2015-10-27 8:19:30 - DEBUG --> createUserData 
2015-10-27 8:19:30 - DEBUG --> UserData end:  a:0:{} 
2015-10-27 8:19:30 - DEBUG --> Archivo \components\com_jhotelreservation\classes\services\UserDataService.php 
2015-10-27 8:19:30 - DEBUG --> initializeUserData 
2015-10-27 8:19:30 - DEBUG --> UserData first: a:0:{} 
2015-10-27 8:19:30 - DEBUG --> UserData end:  a:0:{} 
2015-10-27 8:19:30 - DEBUG --> Archivo \components\com_jhotelreservation\classes\services\UserDataService.php 
2015-10-27 8:19:30 - DEBUG --> initializeReservationData 
2015-10-27 8:19:30 - DEBUG --> UserData: a:0:{} 
2015-10-27 8:19:30 - DEBUG --> Archivo \components\com_jhotelreservation\classes\services\UserDataService.php 
2015-10-27 8:19:30 - DEBUG --> updateUserData 
2015-10-27 8:19:30 - DEBUG --> Archivo \components\com_jhotelreservation\classes\services\UserDataService.php 
2015-10-27 8:19:30 - DEBUG --> getUserData 
2015-10-27 8:19:30 - DEBUG --> Archivo \components\com_jhotelreservation\classes\services\UserDataService.php 
2015-10-27 8:19:30 - DEBUG --> setCurrency 
2015-10-27 8:19:30 - DEBUG --> Archivo \components\com_jhotelreservation\classes\services\UserDataService.php 
2015-10-27 8:19:30 - DEBUG --> getUserData 
2015-10-27 8:19:30 - DEBUG --> Archivo \components\com_jhotelreservation\classes\services\UserDataService.php 
2015-10-27 8:19:30 - DEBUG --> getUserData 
2015-10-27 8:19:30 - DEBUG --> Archivo \components\com_jhotelreservation\classes\services\UserDataService.php 
2015-10-27 8:19:30 - DEBUG --> getUserData 
2015-10-27 8:19:30 - DEBUG --> Archivo \components\com_jhotelreservationiews\hotel	mpl\hoteloverview.php 
2015-10-27 8:19:30 - DEBUG --> Accedió 
2015-10-27 11:49:12 - DEBUG --> Archivo \components\com_jhotelreservation\classes\services\UserDataService.php 
2015-10-27 11:49:12 - DEBUG --> initializeUserData 
2015-10-27 11:49:12 - DEBUG --> UserData first: N; 
2015-10-27 11:49:12 - DEBUG --> Archivo \components\com_jhotelreservation\classes\services\UserDataService.php 
2015-10-27 11:49:12 - DEBUG --> createUserData 
2015-10-27 11:49:12 - DEBUG --> UserData end:  a:0:{} 
2015-10-27 11:49:12 - DEBUG --> Archivo \components\com_jhotelreservation\classes\services\UserDataService.php 
2015-10-27 11:49:12 - DEBUG --> initializeUserData 
2015-10-27 11:49:12 - DEBUG --> UserData first: a:0:{} 
2015-10-27 11:49:12 - DEBUG --> UserData end:  a:0:{} 
2015-10-27 11:49:12 - DEBUG --> Archivo \components\com_jhotelreservation\classes\services\UserDataService.php 
2015-10-27 11:49:12 - DEBUG --> initializeReservationData 
2015-10-27 11:49:12 - DEBUG --> UserData: a:0:{} 
2015-10-27 11:49:12 - DEBUG --> Archivo \components\com_jhotelreservation\classes\services\UserDataService.php 
2015-10-27 11:49:12 - DEBUG --> updateUserData 
2015-10-27 11:49:12 - DEBUG --> Archivo \components\com_jhotelreservation\classes\services\UserDataService.php 
2015-10-27 11:49:12 - DEBUG --> getUserData 
2015-10-27 11:49:12 - DEBUG --> Archivo \components\com_jhotelreservation\classes\services\UserDataService.php 
2015-10-27 11:49:12 - DEBUG --> setCurrency 
2015-10-27 11:49:12 - DEBUG --> Archivo \components\com_jhotelreservation\classes\services\UserDataService.php 
2015-10-27 11:49:12 - DEBUG --> getUserData 
2015-10-27 11:49:12 - DEBUG --> Archivo \components\com_jhotelreservation\classes\services\UserDataService.php 
2015-10-27 11:49:12 - DEBUG --> getUserData 
2015-10-27 11:49:12 - DEBUG --> Archivo \components\com_jhotelreservation\classes\services\UserDataService.php 
2015-10-27 11:49:12 - DEBUG --> getUserData 
2015-10-27 11:49:12 - DEBUG --> Archivo \components\com_jhotelreservationiews\hotel	mpl\hoteloverview.php 
2015-10-27 11:49:12 - DEBUG --> Accedió 
2015-10-27 11:49:27 - DEBUG --> Archivo \components\com_jhotelreservation\classes\services\UserDataService.php 
2015-10-27 11:49:27 - DEBUG --> initializeUserData 
2015-10-27 11:49:27 - DEBUG --> UserData first: N; 
2015-10-27 11:49:27 - DEBUG --> Archivo \components\com_jhotelreservation\classes\services\UserDataService.php 
2015-10-27 11:49:27 - DEBUG --> createUserData 
2015-10-27 11:49:27 - DEBUG --> UserData end:  a:0:{} 
2015-10-27 11:49:27 - DEBUG --> Archivo \components\com_jhotelreservation\classes\services\UserDataService.php 
2015-10-27 11:49:27 - DEBUG --> initializeUserData 
2015-10-27 11:49:27 - DEBUG --> UserData first: a:0:{} 
2015-10-27 11:49:27 - DEBUG --> UserData end:  a:0:{} 
2015-10-27 11:49:27 - DEBUG --> Archivo \components\com_jhotelreservation\classes\services\UserDataService.php 
2015-10-27 11:49:27 - DEBUG --> initializeReservationData 
2015-10-27 11:49:27 - DEBUG --> UserData: a:0:{} 
2015-10-27 11:49:27 - DEBUG --> Archivo \components\com_jhotelreservation\classes\services\UserDataService.php 
2015-10-27 11:49:27 - DEBUG --> updateUserData 
2015-10-27 11:49:27 - DEBUG --> Archivo \components\com_jhotelreservation\classes\services\UserDataService.php 
2015-10-27 11:49:27 - DEBUG --> getUserData 
2015-10-27 11:49:27 - DEBUG --> Archivo \components\com_jhotelreservation\classes\services\UserDataService.php 
2015-10-27 11:49:27 - DEBUG --> setCurrency 
2015-10-27 11:49:27 - DEBUG --> Archivo \components\com_jhotelreservation\classes\services\UserDataService.php 
2015-10-27 11:49:27 - DEBUG --> getUserData 
2015-10-27 11:49:27 - DEBUG --> Archivo \components\com_jhotelreservation\classes\services\UserDataService.php 
2015-10-27 11:49:27 - DEBUG --> getUserData 
2015-10-27 11:49:27 - DEBUG --> Archivo \components\com_jhotelreservation\classes\services\UserDataService.php 
2015-10-27 11:49:27 - DEBUG --> getUserData 
2015-10-27 11:49:27 - DEBUG --> Archivo \components\com_jhotelreservationiews\hotel	mpl\hoteloverview.php 
2015-10-27 11:49:27 - DEBUG --> Accedió 
2015-10-27 11:49:38 - DEBUG --> Archivo \components\com_jhotelreservation\classes\services\UserDataService.php 
2015-10-27 11:49:38 - DEBUG --> initializeUserData 
2015-10-27 11:49:38 - DEBUG --> UserData first: N; 
2015-10-27 11:49:38 - DEBUG --> Archivo \components\com_jhotelreservation\classes\services\UserDataService.php 
2015-10-27 11:49:38 - DEBUG --> createUserData 
2015-10-27 11:49:38 - DEBUG --> UserData end:  a:0:{} 
2015-10-27 11:49:38 - DEBUG --> Archivo \components\com_jhotelreservation\classes\services\UserDataService.php 
2015-10-27 11:49:38 - DEBUG --> initializeUserData 
2015-10-27 11:49:38 - DEBUG --> UserData first: a:0:{} 
2015-10-27 11:49:38 - DEBUG --> UserData end:  a:0:{} 
2015-10-27 11:49:38 - DEBUG --> Archivo \components\com_jhotelreservation\classes\services\UserDataService.php 
2015-10-27 11:49:38 - DEBUG --> initializeReservationData 
2015-10-27 11:49:38 - DEBUG --> UserData: a:0:{} 
2015-10-27 11:49:38 - DEBUG --> Archivo \components\com_jhotelreservation\classes\services\UserDataService.php 
2015-10-27 11:49:38 - DEBUG --> updateUserData 
2015-10-27 11:49:38 - DEBUG --> Archivo \components\com_jhotelreservation\classes\services\UserDataService.php 
2015-10-27 11:49:38 - DEBUG --> getUserData 
2015-10-27 11:49:38 - DEBUG --> Archivo \components\com_jhotelreservation\classes\services\UserDataService.php 
2015-10-27 11:49:38 - DEBUG --> setCurrency 
2015-10-27 11:49:38 - DEBUG --> Archivo \components\com_jhotelreservation\classes\services\UserDataService.php 
2015-10-27 11:49:38 - DEBUG --> getUserData 
2015-10-27 11:49:38 - DEBUG --> Archivo \components\com_jhotelreservation\classes\services\UserDataService.php 
2015-10-27 11:49:38 - DEBUG --> getUserData 
2015-10-27 11:49:38 - DEBUG --> Archivo \components\com_jhotelreservation\classes\services\UserDataService.php 
2015-10-27 11:49:38 - DEBUG --> getUserData 
2015-10-27 11:49:38 - DEBUG --> Archivo \components\com_jhotelreservationiews\hotel	mpl\hoteloverview.php 
2015-10-27 11:49:38 - DEBUG --> Accedió 
2015-10-27 11:49:41 - DEBUG --> Archivo \components\com_jhotelreservation\classes\services\UserDataService.php 
2015-10-27 11:49:41 - DEBUG --> initializeUserData 
2015-10-27 11:49:41 - DEBUG --> UserData first: N; 
2015-10-27 11:49:41 - DEBUG --> Archivo \components\com_jhotelreservation\classes\services\UserDataService.php 
2015-10-27 11:49:41 - DEBUG --> createUserData 
2015-10-27 11:49:41 - DEBUG --> UserData end:  a:0:{} 
2015-10-27 11:49:41 - DEBUG --> Archivo \components\com_jhotelreservation\classes\services\UserDataService.php 
2015-10-27 11:49:41 - DEBUG --> initializeUserData 
2015-10-27 11:49:41 - DEBUG --> UserData first: a:0:{} 
2015-10-27 11:49:41 - DEBUG --> UserData end:  a:0:{} 
2015-10-27 11:49:41 - DEBUG --> Archivo \components\com_jhotelreservation\classes\services\UserDataService.php 
2015-10-27 11:49:41 - DEBUG --> initializeReservationData 
2015-10-27 11:49:41 - DEBUG --> UserData: a:0:{} 
2015-10-27 11:49:41 - DEBUG --> Archivo \components\com_jhotelreservation\classes\services\UserDataService.php 
2015-10-27 11:49:41 - DEBUG --> updateUserData 
2015-10-27 11:49:41 - DEBUG --> Archivo \components\com_jhotelreservation\classes\services\UserDataService.php 
2015-10-27 11:49:41 - DEBUG --> getUserData 
2015-10-27 11:49:41 - DEBUG --> Archivo \components\com_jhotelreservation\classes\services\UserDataService.php 
2015-10-27 11:49:41 - DEBUG --> setCurrency 
2015-10-27 11:49:41 - DEBUG --> Archivo \components\com_jhotelreservation\classes\services\UserDataService.php 
2015-10-27 11:49:41 - DEBUG --> getUserData 
2015-10-27 11:49:41 - DEBUG --> Archivo \components\com_jhotelreservation\classes\services\UserDataService.php 
2015-10-27 11:49:41 - DEBUG --> getUserData 
2015-10-27 11:49:41 - DEBUG --> Archivo \components\com_jhotelreservation\classes\services\UserDataService.php 
2015-10-27 11:49:41 - DEBUG --> getUserData 
2015-10-27 11:49:41 - DEBUG --> Archivo \components\com_jhotelreservationiews\hotel	mpl\hoteloverview.php 
2015-10-27 11:49:41 - DEBUG --> Accedió 
2015-10-27 11:49:44 - DEBUG --> Archivo \components\com_jhotelreservation\classes\services\UserDataService.php 
2015-10-27 11:49:44 - DEBUG --> initializeUserData 
2015-10-27 11:49:44 - DEBUG --> UserData first: N; 
2015-10-27 11:49:44 - DEBUG --> Archivo \components\com_jhotelreservation\classes\services\UserDataService.php 
2015-10-27 11:49:44 - DEBUG --> createUserData 
2015-10-27 11:49:44 - DEBUG --> UserData end:  a:0:{} 
2015-10-27 11:49:44 - DEBUG --> Archivo \components\com_jhotelreservation\classes\services\UserDataService.php 
2015-10-27 11:49:44 - DEBUG --> initializeUserData 
2015-10-27 11:49:44 - DEBUG --> UserData first: a:0:{} 
2015-10-27 11:49:44 - DEBUG --> UserData end:  a:0:{} 
2015-10-27 11:49:44 - DEBUG --> Archivo \components\com_jhotelreservation\classes\services\UserDataService.php 
2015-10-27 11:49:44 - DEBUG --> initializeReservationData 
2015-10-27 11:49:44 - DEBUG --> UserData: a:0:{} 
2015-10-27 11:49:44 - DEBUG --> Archivo \components\com_jhotelreservation\classes\services\UserDataService.php 
2015-10-27 11:49:44 - DEBUG --> updateUserData 
2015-10-27 11:49:44 - DEBUG --> Archivo \components\com_jhotelreservation\classes\services\UserDataService.php 
2015-10-27 11:49:44 - DEBUG --> getUserData 
2015-10-27 11:49:44 - DEBUG --> Archivo \components\com_jhotelreservation\classes\services\UserDataService.php 
2015-10-27 11:49:44 - DEBUG --> setCurrency 
2015-10-27 11:49:44 - DEBUG --> Archivo \components\com_jhotelreservation\classes\services\UserDataService.php 
2015-10-27 11:49:44 - DEBUG --> getUserData 
2015-10-27 11:49:44 - DEBUG --> Archivo \components\com_jhotelreservation\classes\services\UserDataService.php 
2015-10-27 11:49:44 - DEBUG --> getUserData 
2015-10-27 11:49:44 - DEBUG --> Archivo \components\com_jhotelreservation\classes\services\UserDataService.php 
2015-10-27 11:49:44 - DEBUG --> getUserData 
2015-10-27 11:49:44 - DEBUG --> Archivo \components\com_jhotelreservationiews\hotel	mpl\hoteloverview.php 
2015-10-27 11:49:44 - DEBUG --> Accedió 
2015-10-27 11:49:55 - DEBUG --> Archivo \components\com_jhotelreservation\classes\services\UserDataService.php 
2015-10-27 11:49:55 - DEBUG --> initializeUserData 
2015-10-27 11:49:55 - DEBUG --> UserData first: N; 
2015-10-27 11:49:55 - DEBUG --> Archivo \components\com_jhotelreservation\classes\services\UserDataService.php 
2015-10-27 11:49:55 - DEBUG --> createUserData 
2015-10-27 11:49:55 - DEBUG --> UserData end:  a:0:{} 
2015-10-27 11:49:55 - DEBUG --> Archivo \components\com_jhotelreservation\classes\services\UserDataService.php 
2015-10-27 11:49:55 - DEBUG --> initializeUserData 
2015-10-27 11:49:55 - DEBUG --> UserData first: a:0:{} 
2015-10-27 11:49:55 - DEBUG --> UserData end:  a:0:{} 
2015-10-27 11:49:55 - DEBUG --> Archivo \components\com_jhotelreservation\classes\services\UserDataService.php 
2015-10-27 11:49:55 - DEBUG --> initializeReservationData 
2015-10-27 11:49:55 - DEBUG --> UserData: a:0:{} 
2015-10-27 11:49:55 - DEBUG --> Archivo \components\com_jhotelreservation\classes\services\UserDataService.php 
2015-10-27 11:49:55 - DEBUG --> updateUserData 
2015-10-27 11:49:55 - DEBUG --> Archivo \components\com_jhotelreservation\classes\services\UserDataService.php 
2015-10-27 11:49:55 - DEBUG --> getUserData 
2015-10-27 11:49:55 - DEBUG --> Archivo \components\com_jhotelreservation\classes\services\UserDataService.php 
2015-10-27 11:49:55 - DEBUG --> setCurrency 
2015-10-27 11:49:55 - DEBUG --> Archivo \components\com_jhotelreservation\classes\services\UserDataService.php 
2015-10-27 11:49:55 - DEBUG --> getUserData 
2015-10-27 11:49:55 - DEBUG --> Archivo \components\com_jhotelreservation\classes\services\UserDataService.php 
2015-10-27 11:49:55 - DEBUG --> getUserData 
2015-10-27 11:49:55 - DEBUG --> Archivo \components\com_jhotelreservation\classes\services\UserDataService.php 
2015-10-27 11:49:55 - DEBUG --> getUserData 
2015-10-27 11:49:55 - DEBUG --> Archivo \components\com_jhotelreservationiews\hotel	mpl\hoteloverview.php 
2015-10-27 11:49:55 - DEBUG --> Accedió 
2015-10-27 11:50:04 - DEBUG --> Archivo \components\com_jhotelreservation\classes\services\UserDataService.php 
2015-10-27 11:50:04 - DEBUG --> initializeUserData 
2015-10-27 11:50:04 - DEBUG --> UserData first: N; 
2015-10-27 11:50:04 - DEBUG --> Archivo \components\com_jhotelreservation\classes\services\UserDataService.php 
2015-10-27 11:50:04 - DEBUG --> createUserData 
2015-10-27 11:50:04 - DEBUG --> UserData end:  a:0:{} 
2015-10-27 11:50:04 - DEBUG --> Archivo \components\com_jhotelreservation\classes\services\UserDataService.php 
2015-10-27 11:50:04 - DEBUG --> initializeUserData 
2015-10-27 11:50:04 - DEBUG --> UserData first: a:0:{} 
2015-10-27 11:50:04 - DEBUG --> UserData end:  a:0:{} 
2015-10-27 11:50:04 - DEBUG --> Archivo \components\com_jhotelreservation\classes\services\UserDataService.php 
2015-10-27 11:50:04 - DEBUG --> initializeReservationData 
2015-10-27 11:50:04 - DEBUG --> UserData: a:0:{} 
2015-10-27 11:50:04 - DEBUG --> Archivo \components\com_jhotelreservation\classes\services\UserDataService.php 
2015-10-27 11:50:04 - DEBUG --> updateUserData 
2015-10-27 11:50:04 - DEBUG --> Archivo \components\com_jhotelreservation\classes\services\UserDataService.php 
2015-10-27 11:50:04 - DEBUG --> getUserData 
2015-10-27 11:50:04 - DEBUG --> Archivo \components\com_jhotelreservation\classes\services\UserDataService.php 
2015-10-27 11:50:04 - DEBUG --> setCurrency 
2015-10-27 11:50:04 - DEBUG --> Archivo \components\com_jhotelreservation\classes\services\UserDataService.php 
2015-10-27 11:50:04 - DEBUG --> getUserData 
2015-10-27 11:50:04 - DEBUG --> Archivo \components\com_jhotelreservation\classes\services\UserDataService.php 
2015-10-27 11:50:04 - DEBUG --> getUserData 
2015-10-27 11:50:04 - DEBUG --> Archivo \components\com_jhotelreservation\classes\services\UserDataService.php 
2015-10-27 11:50:04 - DEBUG --> getUserData 
2015-10-27 11:50:04 - DEBUG --> Archivo \components\com_jhotelreservationiews\hotel	mpl\hoteloverview.php 
2015-10-27 11:50:04 - DEBUG --> Accedió 
2015-10-27 11:50:16 - DEBUG --> Archivo \components\com_jhotelreservation\classes\services\UserDataService.php 
2015-10-27 11:50:16 - DEBUG --> initializeUserData 
2015-10-27 11:50:16 - DEBUG --> UserData first: N; 
2015-10-27 11:50:16 - DEBUG --> Archivo \components\com_jhotelreservation\classes\services\UserDataService.php 
2015-10-27 11:50:16 - DEBUG --> createUserData 
2015-10-27 11:50:16 - DEBUG --> UserData end:  a:0:{} 
2015-10-27 11:50:16 - DEBUG --> Archivo \components\com_jhotelreservation\classes\services\UserDataService.php 
2015-10-27 11:50:16 - DEBUG --> initializeUserData 
2015-10-27 11:50:16 - DEBUG --> UserData first: a:0:{} 
2015-10-27 11:50:16 - DEBUG --> UserData end:  a:0:{} 
2015-10-27 11:50:16 - DEBUG --> Archivo \components\com_jhotelreservation\classes\services\UserDataService.php 
2015-10-27 11:50:16 - DEBUG --> initializeReservationData 
2015-10-27 11:50:16 - DEBUG --> UserData: a:0:{} 
2015-10-27 11:50:16 - DEBUG --> Archivo \components\com_jhotelreservation\classes\services\UserDataService.php 
2015-10-27 11:50:16 - DEBUG --> updateUserData 
2015-10-27 11:50:16 - DEBUG --> Archivo \components\com_jhotelreservation\classes\services\UserDataService.php 
2015-10-27 11:50:16 - DEBUG --> getUserData 
2015-10-27 11:50:16 - DEBUG --> Archivo \components\com_jhotelreservation\classes\services\UserDataService.php 
2015-10-27 11:50:16 - DEBUG --> setCurrency 
2015-10-27 11:50:16 - DEBUG --> Archivo \components\com_jhotelreservation\classes\services\UserDataService.php 
2015-10-27 11:50:16 - DEBUG --> getUserData 
2015-10-27 11:50:16 - DEBUG --> Archivo \components\com_jhotelreservation\classes\services\UserDataService.php 
2015-10-27 11:50:16 - DEBUG --> getUserData 
2015-10-27 11:50:16 - DEBUG --> Archivo \components\com_jhotelreservation\classes\services\UserDataService.php 
2015-10-27 11:50:16 - DEBUG --> getUserData 
2015-10-27 11:50:16 - DEBUG --> Archivo \components\com_jhotelreservationiews\hotel	mpl\hoteloverview.php 
2015-10-27 11:50:16 - DEBUG --> Accedió 
2015-10-27 11:50:19 - DEBUG --> Archivo \components\com_jhotelreservation\classes\services\UserDataService.php 
2015-10-27 11:50:19 - DEBUG --> initializeUserData 
2015-10-27 11:50:19 - DEBUG --> UserData first: N; 
2015-10-27 11:50:19 - DEBUG --> Archivo \components\com_jhotelreservation\classes\services\UserDataService.php 
2015-10-27 11:50:19 - DEBUG --> createUserData 
2015-10-27 11:50:19 - DEBUG --> UserData end:  a:0:{} 
2015-10-27 11:50:19 - DEBUG --> Archivo \components\com_jhotelreservation\classes\services\UserDataService.php 
2015-10-27 11:50:19 - DEBUG --> initializeUserData 
2015-10-27 11:50:19 - DEBUG --> UserData first: a:0:{} 
2015-10-27 11:50:19 - DEBUG --> UserData end:  a:0:{} 
2015-10-27 11:50:19 - DEBUG --> Archivo \components\com_jhotelreservation\classes\services\UserDataService.php 
2015-10-27 11:50:19 - DEBUG --> initializeReservationData 
2015-10-27 11:50:19 - DEBUG --> UserData: a:0:{} 
2015-10-27 11:50:19 - DEBUG --> Archivo \components\com_jhotelreservation\classes\services\UserDataService.php 
2015-10-27 11:50:19 - DEBUG --> updateUserData 
2015-10-27 11:50:19 - DEBUG --> Archivo \components\com_jhotelreservation\classes\services\UserDataService.php 
2015-10-27 11:50:19 - DEBUG --> getUserData 
2015-10-27 11:50:19 - DEBUG --> Archivo \components\com_jhotelreservation\classes\services\UserDataService.php 
2015-10-27 11:50:19 - DEBUG --> setCurrency 
2015-10-27 11:50:19 - DEBUG --> Archivo \components\com_jhotelreservation\classes\services\UserDataService.php 
2015-10-27 11:50:19 - DEBUG --> getUserData 
2015-10-27 11:50:19 - DEBUG --> Archivo \components\com_jhotelreservation\classes\services\UserDataService.php 
2015-10-27 11:50:19 - DEBUG --> getUserData 
2015-10-27 11:50:19 - DEBUG --> Archivo \components\com_jhotelreservation\classes\services\UserDataService.php 
2015-10-27 11:50:19 - DEBUG --> getUserData 
2015-10-27 11:50:19 - DEBUG --> Archivo \components\com_jhotelreservationiews\hotel	mpl\hoteloverview.php 
2015-10-27 11:50:19 - DEBUG --> Accedió 
2015-10-27 11:50:24 - DEBUG --> Archivo \components\com_jhotelreservation\classes\services\UserDataService.php 
2015-10-27 11:50:24 - DEBUG --> initializeUserData 
2015-10-27 11:50:24 - DEBUG --> UserData first: N; 
2015-10-27 11:50:24 - DEBUG --> Archivo \components\com_jhotelreservation\classes\services\UserDataService.php 
2015-10-27 11:50:24 - DEBUG --> createUserData 
2015-10-27 11:50:24 - DEBUG --> UserData end:  a:0:{} 
2015-10-27 11:50:24 - DEBUG --> Archivo \components\com_jhotelreservation\classes\services\UserDataService.php 
2015-10-27 11:50:24 - DEBUG --> initializeUserData 
2015-10-27 11:50:24 - DEBUG --> UserData first: a:0:{} 
2015-10-27 11:50:24 - DEBUG --> UserData end:  a:0:{} 
2015-10-27 11:50:24 - DEBUG --> Archivo \components\com_jhotelreservation\classes\services\UserDataService.php 
2015-10-27 11:50:24 - DEBUG --> initializeReservationData 
2015-10-27 11:50:24 - DEBUG --> UserData: a:0:{} 
2015-10-27 11:50:24 - DEBUG --> Archivo \components\com_jhotelreservation\classes\services\UserDataService.php 
2015-10-27 11:50:24 - DEBUG --> updateUserData 
2015-10-27 11:50:24 - DEBUG --> Archivo \components\com_jhotelreservation\classes\services\UserDataService.php 
2015-10-27 11:50:24 - DEBUG --> getUserData 
2015-10-27 11:50:24 - DEBUG --> Archivo \components\com_jhotelreservation\classes\services\UserDataService.php 
2015-10-27 11:50:24 - DEBUG --> setCurrency 
2015-10-27 11:50:24 - DEBUG --> Archivo \components\com_jhotelreservation\classes\services\UserDataService.php 
2015-10-27 11:50:24 - DEBUG --> getUserData 
2015-10-27 11:50:24 - DEBUG --> Archivo \components\com_jhotelreservation\classes\services\UserDataService.php 
2015-10-27 11:50:24 - DEBUG --> getUserData 
2015-10-27 11:50:24 - DEBUG --> Archivo \components\com_jhotelreservation\classes\services\UserDataService.php 
2015-10-27 11:50:24 - DEBUG --> getUserData 
2015-10-27 11:50:24 - DEBUG --> Archivo \components\com_jhotelreservationiews\hotel	mpl\hoteloverview.php 
2015-10-27 11:50:24 - DEBUG --> Accedió 
2015-10-27 11:50:31 - DEBUG --> Archivo \components\com_jhotelreservation\classes\services\UserDataService.php 
2015-10-27 11:50:31 - DEBUG --> initializeUserData 
2015-10-27 11:50:31 - DEBUG --> UserData first: N; 
2015-10-27 11:50:31 - DEBUG --> Archivo \components\com_jhotelreservation\classes\services\UserDataService.php 
2015-10-27 11:50:31 - DEBUG --> createUserData 
2015-10-27 11:50:31 - DEBUG --> UserData end:  a:0:{} 
2015-10-27 11:50:31 - DEBUG --> Archivo \components\com_jhotelreservation\classes\services\UserDataService.php 
2015-10-27 11:50:31 - DEBUG --> initializeUserData 
2015-10-27 11:50:31 - DEBUG --> UserData first: a:0:{} 
2015-10-27 11:50:31 - DEBUG --> UserData end:  a:0:{} 
2015-10-27 11:50:31 - DEBUG --> Archivo \components\com_jhotelreservation\classes\services\UserDataService.php 
2015-10-27 11:50:31 - DEBUG --> initializeReservationData 
2015-10-27 11:50:31 - DEBUG --> UserData: a:0:{} 
2015-10-27 11:50:31 - DEBUG --> Archivo \components\com_jhotelreservation\classes\services\UserDataService.php 
2015-10-27 11:50:31 - DEBUG --> updateUserData 
2015-10-27 11:50:31 - DEBUG --> Archivo \components\com_jhotelreservation\classes\services\UserDataService.php 
2015-10-27 11:50:31 - DEBUG --> getUserData 
2015-10-27 11:50:31 - DEBUG --> Archivo \components\com_jhotelreservation\classes\services\UserDataService.php 
2015-10-27 11:50:31 - DEBUG --> setCurrency 
2015-10-27 11:50:31 - DEBUG --> Archivo \components\com_jhotelreservation\classes\services\UserDataService.php 
2015-10-27 11:50:31 - DEBUG --> getUserData 
2015-10-27 11:50:31 - DEBUG --> Archivo \components\com_jhotelreservation\classes\services\UserDataService.php 
2015-10-27 11:50:31 - DEBUG --> getUserData 
2015-10-27 11:50:31 - DEBUG --> Archivo \components\com_jhotelreservation\classes\services\UserDataService.php 
2015-10-27 11:50:31 - DEBUG --> getUserData 
2015-10-27 11:50:31 - DEBUG --> Archivo \components\com_jhotelreservationiews\hotel	mpl\hoteloverview.php 
2015-10-27 11:50:31 - DEBUG --> Accedió 
2015-10-27 11:50:41 - DEBUG --> Archivo \components\com_jhotelreservation\classes\services\UserDataService.php 
2015-10-27 11:50:41 - DEBUG --> initializeUserData 
2015-10-27 11:50:41 - DEBUG --> UserData first: N; 
2015-10-27 11:50:41 - DEBUG --> Archivo \components\com_jhotelreservation\classes\services\UserDataService.php 
2015-10-27 11:50:41 - DEBUG --> createUserData 
2015-10-27 11:50:41 - DEBUG --> UserData end:  a:0:{} 
2015-10-27 11:50:41 - DEBUG --> Archivo \components\com_jhotelreservation\classes\services\UserDataService.php 
2015-10-27 11:50:41 - DEBUG --> initializeUserData 
2015-10-27 11:50:41 - DEBUG --> UserData first: a:0:{} 
2015-10-27 11:50:41 - DEBUG --> UserData end:  a:0:{} 
2015-10-27 11:50:41 - DEBUG --> Archivo \components\com_jhotelreservation\classes\services\UserDataService.php 
2015-10-27 11:50:41 - DEBUG --> initializeReservationData 
2015-10-27 11:50:41 - DEBUG --> UserData: a:0:{} 
2015-10-27 11:50:41 - DEBUG --> Archivo \components\com_jhotelreservation\classes\services\UserDataService.php 
2015-10-27 11:50:41 - DEBUG --> updateUserData 
2015-10-27 11:50:41 - DEBUG --> Archivo \components\com_jhotelreservation\classes\services\UserDataService.php 
2015-10-27 11:50:41 - DEBUG --> getUserData 
2015-10-27 11:50:41 - DEBUG --> Archivo \components\com_jhotelreservation\classes\services\UserDataService.php 
2015-10-27 11:50:41 - DEBUG --> setCurrency 
2015-10-27 11:50:41 - DEBUG --> Archivo \components\com_jhotelreservation\classes\services\UserDataService.php 
2015-10-27 11:50:41 - DEBUG --> getUserData 
2015-10-27 11:50:41 - DEBUG --> Archivo \components\com_jhotelreservation\classes\services\UserDataService.php 
2015-10-27 11:50:41 - DEBUG --> getUserData 
2015-10-27 11:50:41 - DEBUG --> Archivo \components\com_jhotelreservation\classes\services\UserDataService.php 
2015-10-27 11:50:41 - DEBUG --> getUserData 
2015-10-27 11:50:41 - DEBUG --> Archivo \components\com_jhotelreservationiews\hotel	mpl\hoteloverview.php 
2015-10-27 11:50:41 - DEBUG --> Accedió 
2015-10-27 13:10:25 - DEBUG --> Archivo \components\com_jhotelreservation\classes\services\UserDataService.php 
2015-10-27 13:10:25 - DEBUG --> initializeUserData 
2015-10-27 13:10:25 - DEBUG --> UserData first: N; 
2015-10-27 13:10:25 - DEBUG --> Archivo \components\com_jhotelreservation\classes\services\UserDataService.php 
2015-10-27 13:10:25 - DEBUG --> createUserData 
2015-10-27 13:10:25 - DEBUG --> UserData end:  a:0:{} 
2015-10-27 13:10:25 - DEBUG --> Archivo \components\com_jhotelreservation\classes\services\UserDataService.php 
2015-10-27 13:10:25 - DEBUG --> initializeUserData 
2015-10-27 13:10:25 - DEBUG --> UserData first: a:0:{} 
2015-10-27 13:10:25 - DEBUG --> UserData end:  a:0:{} 
2015-10-27 13:10:25 - DEBUG --> Archivo \components\com_jhotelreservation\classes\services\UserDataService.php 
2015-10-27 13:10:25 - DEBUG --> initializeReservationData 
2015-10-27 13:10:25 - DEBUG --> UserData: a:0:{} 
2015-10-27 13:10:25 - DEBUG --> Archivo \components\com_jhotelreservation\classes\services\UserDataService.php 
2015-10-27 13:10:25 - DEBUG --> updateUserData 
2015-10-27 13:10:25 - DEBUG --> Archivo \components\com_jhotelreservation\classes\services\UserDataService.php 
2015-10-27 13:10:25 - DEBUG --> getUserData 
2015-10-27 13:10:25 - DEBUG --> Archivo \components\com_jhotelreservation\classes\services\UserDataService.php 
2015-10-27 13:10:25 - DEBUG --> setCurrency 
2015-10-27 13:10:25 - DEBUG --> Archivo \components\com_jhotelreservation\classes\services\UserDataService.php 
2015-10-27 13:10:25 - DEBUG --> getUserData 
2015-10-27 13:10:25 - DEBUG --> Archivo \components\com_jhotelreservation\classes\services\UserDataService.php 
2015-10-27 13:10:25 - DEBUG --> getUserData 
2015-10-27 13:10:25 - DEBUG --> Archivo \components\com_jhotelreservation\classes\services\UserDataService.php 
2015-10-27 13:10:25 - DEBUG --> getUserData 
2015-10-27 13:10:26 - DEBUG --> Archivo \components\com_jhotelreservationiews\hotel	mpl\hoteloverview.php 
2015-10-27 13:10:26 - DEBUG --> Accedió 
2015-10-27 16:22:37 - DEBUG --> Archivo \components\com_jhotelreservation\classes\services\UserDataService.php 
2015-10-27 16:22:37 - DEBUG --> initializeUserData 
2015-10-27 16:22:37 - DEBUG --> UserData first: N; 
2015-10-27 16:22:37 - DEBUG --> Archivo \components\com_jhotelreservation\classes\services\UserDataService.php 
2015-10-27 16:22:37 - DEBUG --> createUserData 
2015-10-27 16:22:37 - DEBUG --> UserData end:  a:0:{} 
2015-10-27 16:22:37 - DEBUG --> Archivo \components\com_jhotelreservation\classes\services\UserDataService.php 
2015-10-27 16:22:37 - DEBUG --> initializeUserData 
2015-10-27 16:22:37 - DEBUG --> UserData first: a:0:{} 
2015-10-27 16:22:37 - DEBUG --> UserData end:  a:0:{} 
2015-10-27 16:22:37 - DEBUG --> Archivo \components\com_jhotelreservation\classes\services\UserDataService.php 
2015-10-27 16:22:37 - DEBUG --> initializeReservationData 
2015-10-27 16:22:37 - DEBUG --> UserData: a:0:{} 
2015-10-27 16:22:37 - DEBUG --> Archivo \components\com_jhotelreservation\classes\services\UserDataService.php 
2015-10-27 16:22:37 - DEBUG --> updateUserData 
2015-10-27 16:22:37 - DEBUG --> Archivo \components\com_jhotelreservation\classes\services\UserDataService.php 
2015-10-27 16:22:37 - DEBUG --> getUserData 
2015-10-27 16:22:37 - DEBUG --> Archivo \components\com_jhotelreservation\classes\services\UserDataService.php 
2015-10-27 16:22:37 - DEBUG --> setCurrency 
2015-10-27 16:22:37 - DEBUG --> Archivo \components\com_jhotelreservation\classes\services\UserDataService.php 
2015-10-27 16:22:37 - DEBUG --> getUserData 
2015-10-27 16:22:37 - DEBUG --> Archivo \components\com_jhotelreservation\classes\services\UserDataService.php 
2015-10-27 16:22:37 - DEBUG --> getUserData 
2015-10-27 16:22:37 - DEBUG --> Archivo \components\com_jhotelreservation\classes\services\UserDataService.php 
2015-10-27 16:22:37 - DEBUG --> getUserData 
2015-10-27 17:33:22 - DEBUG --> Archivo \components\com_jhotelreservation\classes\services\UserDataService.php 
2015-10-27 17:33:22 - DEBUG --> initializeUserData 
2015-10-27 17:33:22 - DEBUG --> UserData first: N; 
2015-10-27 17:33:22 - DEBUG --> Archivo \components\com_jhotelreservation\classes\services\UserDataService.php 
2015-10-27 17:33:22 - DEBUG --> createUserData 
2015-10-27 17:33:22 - DEBUG --> UserData end:  a:0:{} 
2015-10-27 17:33:22 - DEBUG --> Archivo \components\com_jhotelreservation\classes\services\UserDataService.php 
2015-10-27 17:33:22 - DEBUG --> initializeUserData 
2015-10-27 17:33:22 - DEBUG --> UserData first: a:0:{} 
2015-10-27 17:33:22 - DEBUG --> UserData end:  a:0:{} 
2015-10-27 17:33:22 - DEBUG --> Archivo \components\com_jhotelreservation\classes\services\UserDataService.php 
2015-10-27 17:33:22 - DEBUG --> initializeReservationData 
2015-10-27 17:33:22 - DEBUG --> UserData: a:0:{} 
2015-10-27 17:33:22 - DEBUG --> Archivo \components\com_jhotelreservation\classes\services\UserDataService.php 
2015-10-27 17:33:22 - DEBUG --> updateUserData 
2015-10-27 17:33:22 - DEBUG --> Archivo \components\com_jhotelreservation\classes\services\UserDataService.php 
2015-10-27 17:33:22 - DEBUG --> getUserData 
2015-10-27 17:33:22 - DEBUG --> Archivo \components\com_jhotelreservation\classes\services\UserDataService.php 
2015-10-27 17:33:22 - DEBUG --> setCurrency 
2015-10-27 17:33:22 - DEBUG --> Archivo \components\com_jhotelreservation\classes\services\UserDataService.php 
2015-10-27 17:33:22 - DEBUG --> getUserData 
2015-10-27 17:33:22 - DEBUG --> Archivo \components\com_jhotelreservation\classes\services\UserDataService.php 
2015-10-27 17:33:22 - DEBUG --> getUserData 
2015-10-27 17:33:22 - DEBUG --> Archivo \components\com_jhotelreservation\classes\services\UserDataService.php 
2015-10-27 17:33:22 - DEBUG --> getUserData 
2015-10-27 17:33:22 - DEBUG --> Archivo \components\com_jhotelreservationiews\hotel	mpl\hoteloverview.php 
2015-10-27 17:33:22 - DEBUG --> Accedió 
2015-10-27 17:41:16 - DEBUG --> Archivo \components\com_jhotelreservation\classes\services\UserDataService.php 
2015-10-27 17:41:16 - DEBUG --> initializeUserData 
2015-10-27 17:41:16 - DEBUG --> UserData first: N; 
2015-10-27 17:41:16 - DEBUG --> Archivo \components\com_jhotelreservation\classes\services\UserDataService.php 
2015-10-27 17:41:16 - DEBUG --> createUserData 
2015-10-27 17:41:16 - DEBUG --> UserData end:  a:0:{} 
2015-10-27 17:41:16 - DEBUG --> Archivo \components\com_jhotelreservation\classes\services\UserDataService.php 
2015-10-27 17:41:16 - DEBUG --> initializeUserData 
2015-10-27 17:41:16 - DEBUG --> UserData first: a:0:{} 
2015-10-27 17:41:16 - DEBUG --> UserData end:  a:0:{} 
2015-10-27 17:41:16 - DEBUG --> Archivo \components\com_jhotelreservation\classes\services\UserDataService.php 
2015-10-27 17:41:16 - DEBUG --> initializeReservationData 
2015-10-27 17:41:16 - DEBUG --> UserData: a:0:{} 
2015-10-27 17:41:16 - DEBUG --> Archivo \components\com_jhotelreservation\classes\services\UserDataService.php 
2015-10-27 17:41:16 - DEBUG --> updateUserData 
2015-10-27 17:41:16 - DEBUG --> Archivo \components\com_jhotelreservation\classes\services\UserDataService.php 
2015-10-27 17:41:16 - DEBUG --> getUserData 
2015-10-27 17:41:16 - DEBUG --> Archivo \components\com_jhotelreservation\classes\services\UserDataService.php 
2015-10-27 17:41:16 - DEBUG --> setCurrency 
2015-10-27 17:41:16 - DEBUG --> Archivo \components\com_jhotelreservation\classes\services\UserDataService.php 
2015-10-27 17:41:16 - DEBUG --> getUserData 
2015-10-27 17:41:16 - DEBUG --> Archivo \components\com_jhotelreservation\classes\services\UserDataService.php 
2015-10-27 17:41:16 - DEBUG --> getUserData 
2015-10-27 17:41:16 - DEBUG --> Archivo \components\com_jhotelreservation\classes\services\UserDataService.php 
2015-10-27 17:41:16 - DEBUG --> getUserData 
2015-10-27 17:41:16 - DEBUG --> Archivo \components\com_jhotelreservationiews\hotel	mpl\hoteloverview.php 
2015-10-27 17:41:16 - DEBUG --> Accedió 
2015-10-27 20:06:59 - DEBUG --> Archivo \components\com_jhotelreservation\classes\services\UserDataService.php 
2015-10-27 20:06:59 - DEBUG --> initializeUserData 
2015-10-27 20:06:59 - DEBUG --> UserData first: a:0:{} 
2015-10-27 20:06:59 - DEBUG --> UserData end:  a:0:{} 
2015-10-27 20:08:39 - DEBUG --> Archivo \components\com_jhotelreservation\classes\services\UserDataService.php 
2015-10-27 20:08:39 - DEBUG --> initializeUserData 
2015-10-27 20:08:39 - DEBUG --> UserData first: a:0:{} 
2015-10-27 20:08:39 - DEBUG --> Archivo \components\com_jhotelreservation\classes\services\UserDataService.php 
2015-10-27 20:08:39 - DEBUG --> createUserData 
2015-10-27 20:08:39 - DEBUG --> voucher:  
2015-10-27 20:08:39 - DEBUG --> UserData end:  a:0:{} 
2015-10-27 20:08:39 - DEBUG --> Archivo \components\com_jhotelreservation\classes\services\UserDataService.php 
2015-10-27 20:08:39 - DEBUG --> initializeUserData 
2015-10-27 20:08:39 - DEBUG --> UserData first: a:0:{} 
2015-10-27 20:08:39 - DEBUG --> Archivo \components\com_jhotelreservation\classes\services\UserDataService.php 
2015-10-27 20:08:39 - DEBUG --> createUserData 
2015-10-27 20:08:39 - DEBUG --> voucher:  
2015-10-27 20:08:39 - DEBUG --> UserData end:  a:0:{} 
2015-10-27 20:08:43 - DEBUG --> Archivo \components\com_jhotelreservation\classes\services\UserDataService.php 
2015-10-27 20:08:43 - DEBUG --> initializeUserData 
2015-10-27 20:08:43 - DEBUG --> UserData first: a:0:{} 
2015-10-27 20:08:43 - DEBUG --> UserData end:  a:0:{} 
2015-10-27 20:08:43 - DEBUG --> Archivo \components\com_jhotelreservation\classes\services\UserDataService.php 
2015-10-27 20:08:43 - DEBUG --> initializeUserData 
2015-10-27 20:08:43 - DEBUG --> UserData first: a:0:{} 
2015-10-27 20:08:43 - DEBUG --> UserData end:  a:0:{} 
2015-10-27 20:08:43 - DEBUG --> Archivo \components\com_jhotelreservation\classes\services\UserDataService.php 
2015-10-27 20:08:43 - DEBUG --> initializeReservationData 
2015-10-27 20:08:43 - DEBUG --> UserData: a:0:{} 
2015-10-27 20:08:43 - DEBUG --> Archivo \components\com_jhotelreservation\classes\services\UserDataService.php 
2015-10-27 20:08:43 - DEBUG --> updateUserData 
2015-10-27 20:08:43 - DEBUG --> Archivo \components\com_jhotelreservation\classes\services\UserDataService.php 
2015-10-27 20:08:43 - DEBUG --> getUserData 
2015-10-27 20:08:43 - DEBUG --> Archivo \components\com_jhotelreservation\classes\services\UserDataService.php 
2015-10-27 20:08:43 - DEBUG --> setCurrency 
2015-10-27 20:08:43 - DEBUG --> Archivo \components\com_jhotelreservation\classes\services\UserDataService.php 
2015-10-27 20:08:43 - DEBUG --> getUserData 
2015-10-27 20:08:43 - DEBUG --> Archivo \components\com_jhotelreservation\classes\services\UserDataService.php 
2015-10-27 20:08:43 - DEBUG --> getUserData 
2015-10-27 20:08:43 - DEBUG --> Archivo \components\com_jhotelreservation\classes\services\UserDataService.php 
2015-10-27 20:08:43 - DEBUG --> getUserData 
2015-10-27 20:08:43 - DEBUG --> Archivo \components\com_jhotelreservationiews\hotel	mpl\hoteloverview.php 
2015-10-27 20:08:43 - DEBUG --> Accedió 
2015-10-27 20:08:55 - DEBUG --> Archivo \components\com_jhotelreservation\classes\services\UserDataService.php 
2015-10-27 20:08:55 - DEBUG --> initializeUserData 
2015-10-27 20:08:55 - DEBUG --> UserData first: a:0:{} 
2015-10-27 20:08:55 - DEBUG --> UserData end:  a:0:{} 
2015-10-27 20:08:55 - DEBUG --> Archivo \components\com_jhotelreservation\classes\services\UserDataService.php 
2015-10-27 20:08:55 - DEBUG --> reserveRoom hotelId= 28, reservedItem = 0|50, current = 1 
2015-10-27 20:08:55 - DEBUG --> Reserved items: a:1:{i:0;s:6:"0|50|1";} 
2015-10-27 20:08:56 - DEBUG --> Archivo \components\com_jhotelreservation\classes\services\UserDataService.php 
2015-10-27 20:08:56 - DEBUG --> initializeUserData 
2015-10-27 20:08:56 - DEBUG --> UserData first: a:1:{i:0;s:6:"0|50|1";} 
2015-10-27 20:08:56 - DEBUG --> UserData end:  a:1:{i:0;s:6:"0|50|1";} 
2015-10-27 20:08:56 - DEBUG --> Archivo \components\com_jhotelreservation\classes\services\UserDataService.php 
2015-10-27 20:08:56 - DEBUG --> getUserData 
2015-10-27 20:08:56 - DEBUG --> Archivo \components\com_jhotelreservation\classes\services\UserDataService.php 
2015-10-27 20:08:56 - DEBUG --> getUserData 
2015-10-27 20:08:56 - DEBUG --> Archivo \components\com_jhotelreservation\classes\services\UserDataService.php 
2015-10-27 20:08:56 - DEBUG --> initializeUserData 
2015-10-27 20:08:56 - DEBUG --> UserData first: a:1:{i:0;s:6:"0|50|1";} 
2015-10-27 20:08:56 - DEBUG --> UserData end:  a:1:{i:0;s:6:"0|50|1";} 
2015-10-27 20:08:56 - DEBUG --> Archivo \components\com_jhotelreservation\classes\services\UserDataService.php 
2015-10-27 20:08:56 - DEBUG --> initializeUserData 
2015-10-27 20:08:56 - DEBUG --> UserData first: a:1:{i:0;s:6:"0|50|1";} 
2015-10-27 20:08:56 - DEBUG --> UserData end:  a:1:{i:0;s:6:"0|50|1";} 
2015-10-27 20:08:56 - DEBUG --> Archivo \components\com_jhotelreservation\classes\services\UserDataService.php 
2015-10-27 20:08:56 - DEBUG --> updateUserData 
2015-10-27 20:08:56 - DEBUG --> Archivo \components\com_jhotelreservation\classes\services\UserDataService.php 
2015-10-27 20:08:56 - DEBUG --> getUserData 
2015-10-27 20:08:56 - DEBUG --> Archivo \components\com_jhotelreservation\classes\services\UserDataService.php 
2015-10-27 20:08:56 - DEBUG --> setCurrency 
2015-10-27 20:08:56 - DEBUG --> Archivo \components\com_jhotelreservation\classes\services\UserDataService.php 
2015-10-27 20:08:56 - DEBUG --> getUserData 
2015-10-27 20:08:56 - DEBUG --> Archivo \components\com_jhotelreservation\classes\services\UserDataService.php 
2015-10-27 20:08:56 - DEBUG --> getUserData 
2015-10-27 20:08:56 - DEBUG --> Archivo \components\com_jhotelreservation\classes\services\UserDataService.php 
2015-10-27 20:08:56 - DEBUG --> getUserData 
2015-10-27 20:08:56 - DEBUG --> Archivo \components\com_jhotelreservationiews\hotel	mpl\hoteloverview.php 
2015-10-27 20:08:56 - DEBUG --> Accedió 
2015-10-27 20:09:26 - DEBUG --> Archivo \components\com_jhotelreservation\classes\services\UserDataService.php 
2015-10-27 20:09:26 - DEBUG --> initializeUserData 
2015-10-27 20:09:26 - DEBUG --> UserData first: a:1:{i:0;s:6:"0|50|1";} 
2015-10-27 20:09:26 - DEBUG --> UserData end:  a:1:{i:0;s:6:"0|50|1";} 
2015-10-27 20:09:26 - DEBUG --> Archivo \components\com_jhotelreservation\classes\services\UserDataService.php 
2015-10-27 20:09:26 - DEBUG --> reserveRoom hotelId= 28, reservedItem = 0|50, current = 2 
2015-10-27 20:09:26 - DEBUG --> Reserved items: a:2:{i:0;s:6:"0|50|1";i:1;s:6:"0|50|2";} 
2015-10-27 20:09:26 - DEBUG --> Archivo \components\com_jhotelreservation\classes\services\UserDataService.php 
2015-10-27 20:09:26 - DEBUG --> initializeUserData 
2015-10-27 20:09:26 - DEBUG --> UserData first: a:2:{i:0;s:6:"0|50|1";i:1;s:6:"0|50|2";} 
2015-10-27 20:09:26 - DEBUG --> UserData end:  a:2:{i:0;s:6:"0|50|1";i:1;s:6:"0|50|2";} 
2015-10-27 20:09:26 - DEBUG --> Archivo \components\com_jhotelreservation\classes\services\UserDataService.php 
2015-10-27 20:09:26 - DEBUG --> getUserData 
2015-10-27 20:09:26 - DEBUG --> Archivo \components\com_jhotelreservation\classes\services\UserDataService.php 
2015-10-27 20:09:26 - DEBUG --> getUserData 
2015-10-27 20:09:26 - DEBUG --> Archivo \components\com_jhotelreservation\classes\services\UserDataService.php 
2015-10-27 20:09:26 - DEBUG --> initializeUserData 
2015-10-27 20:09:26 - DEBUG --> UserData first: a:2:{i:0;s:6:"0|50|1";i:1;s:6:"0|50|2";} 
2015-10-27 20:09:26 - DEBUG --> UserData end:  a:2:{i:0;s:6:"0|50|1";i:1;s:6:"0|50|2";} 
2015-10-27 20:09:26 - DEBUG --> Archivo \components\com_jhotelreservation\classes\services\UserDataService.php 
2015-10-27 20:09:26 - DEBUG --> getUserData 
2015-10-27 20:09:26 - DEBUG --> Archivo \components\com_jhotelreservation\classes\services\UserDataService.php 
2015-10-27 20:09:26 - DEBUG --> getUserData 
2015-10-27 20:09:26 - DEBUG --> Archivo \components\com_jhotelreservation\classes\services\UserDataService.php 
2015-10-27 20:09:26 - DEBUG --> getUserData 
2015-10-27 20:10:18 - DEBUG --> Archivo \components\com_jhotelreservation\classes\services\UserDataService.php 
2015-10-27 20:10:18 - DEBUG --> initializeUserData 
2015-10-27 20:10:18 - DEBUG --> UserData first: a:2:{i:0;s:6:"0|50|1";i:1;s:6:"0|50|2";} 
2015-10-27 20:10:18 - DEBUG --> UserData end:  a:2:{i:0;s:6:"0|50|1";i:1;s:6:"0|50|2";} 
2015-10-27 20:10:18 - DEBUG --> Archivo \components\com_jhotelreservation\classes\services\UserDataService.php 
2015-10-27 20:10:18 - DEBUG --> reserveRoom hotelId= 28, reservedItem = 0|51, current = 1 
2015-10-27 20:10:18 - DEBUG --> Reserved items: a:2:{i:0;s:6:"0|50|2";i:1;s:6:"0|51|1";} 
2015-10-27 20:10:18 - DEBUG --> Archivo \components\com_jhotelreservation\classes\services\UserDataService.php 
2015-10-27 20:10:18 - DEBUG --> initializeUserData 
2015-10-27 20:10:18 - DEBUG --> UserData first: a:2:{i:0;s:6:"0|50|2";i:1;s:6:"0|51|1";} 
2015-10-27 20:10:18 - DEBUG --> UserData end:  a:2:{i:0;s:6:"0|50|2";i:1;s:6:"0|51|1";} 
2015-10-27 20:10:18 - DEBUG --> Archivo \components\com_jhotelreservation\classes\services\UserDataService.php 
2015-10-27 20:10:18 - DEBUG --> getUserData 
2015-10-27 20:10:18 - DEBUG --> Archivo \components\com_jhotelreservation\classes\services\UserDataService.php 
2015-10-27 20:10:18 - DEBUG --> getUserData 
2015-10-27 20:10:18 - DEBUG --> Archivo \components\com_jhotelreservation\classes\services\UserDataService.php 
2015-10-27 20:10:18 - DEBUG --> initializeUserData 
2015-10-27 20:10:18 - DEBUG --> UserData first: a:1:{i:0;s:6:"0|51|1";} 
2015-10-27 20:10:18 - DEBUG --> UserData end:  a:1:{i:0;s:6:"0|51|1";} 
2015-10-27 20:10:18 - DEBUG --> Archivo \components\com_jhotelreservation\classes\services\UserDataService.php 
2015-10-27 20:10:18 - DEBUG --> initializeUserData 
2015-10-27 20:10:18 - DEBUG --> UserData first: a:1:{i:0;s:6:"0|51|1";} 
2015-10-27 20:10:18 - DEBUG --> UserData end:  a:1:{i:0;s:6:"0|51|1";} 
2015-10-27 20:10:18 - DEBUG --> Archivo \components\com_jhotelreservation\classes\services\UserDataService.php 
2015-10-27 20:10:18 - DEBUG --> updateUserData 
2015-10-27 20:10:18 - DEBUG --> Archivo \components\com_jhotelreservation\classes\services\UserDataService.php 
2015-10-27 20:10:18 - DEBUG --> getUserData 
2015-10-27 20:10:18 - DEBUG --> Archivo \components\com_jhotelreservation\classes\services\UserDataService.php 
2015-10-27 20:10:18 - DEBUG --> setCurrency 
2015-10-27 20:10:18 - DEBUG --> Archivo \components\com_jhotelreservation\classes\services\UserDataService.php 
2015-10-27 20:10:18 - DEBUG --> getUserData 
2015-10-27 20:10:18 - DEBUG --> Archivo \components\com_jhotelreservation\classes\services\UserDataService.php 
2015-10-27 20:10:18 - DEBUG --> getUserData 
2015-10-27 20:10:18 - DEBUG --> Archivo \components\com_jhotelreservation\classes\services\UserDataService.php 
2015-10-27 20:10:18 - DEBUG --> getUserData 
2015-10-27 20:10:18 - DEBUG --> Archivo \components\com_jhotelreservationiews\hotel	mpl\hoteloverview.php 
2015-10-27 20:10:18 - DEBUG --> Accedió 
2015-10-27 20:10:56 - DEBUG --> Archivo \components\com_jhotelreservation\classes\services\UserDataService.php 
2015-10-27 20:10:56 - DEBUG --> initializeUserData 
2015-10-27 20:10:56 - DEBUG --> UserData first: a:1:{i:0;s:6:"0|51|1";} 
2015-10-27 20:10:56 - DEBUG --> UserData end:  a:1:{i:0;s:6:"0|51|1";} 
2015-10-27 20:10:56 - DEBUG --> Archivo \components\com_jhotelreservation\classes\services\UserDataService.php 
2015-10-27 20:10:56 - DEBUG --> reserveRoom hotelId= 28, reservedItem = 0|51, current = 2 
2015-10-27 20:10:56 - DEBUG --> Reserved items: a:2:{i:0;s:6:"0|51|1";i:1;s:6:"0|51|2";} 
2015-10-27 20:10:56 - DEBUG --> Archivo \components\com_jhotelreservation\classes\services\UserDataService.php 
2015-10-27 20:10:56 - DEBUG --> initializeUserData 
2015-10-27 20:10:56 - DEBUG --> UserData first: a:2:{i:0;s:6:"0|51|1";i:1;s:6:"0|51|2";} 
2015-10-27 20:10:56 - DEBUG --> UserData end:  a:2:{i:0;s:6:"0|51|1";i:1;s:6:"0|51|2";} 
2015-10-27 20:10:56 - DEBUG --> Archivo \components\com_jhotelreservation\classes\services\UserDataService.php 
2015-10-27 20:10:56 - DEBUG --> getUserData 
2015-10-27 20:10:56 - DEBUG --> Archivo \components\com_jhotelreservation\classes\services\UserDataService.php 
2015-10-27 20:10:56 - DEBUG --> getUserData 
2015-10-27 20:10:56 - DEBUG --> Archivo \components\com_jhotelreservation\classes\services\UserDataService.php 
2015-10-27 20:10:56 - DEBUG --> initializeUserData 
2015-10-27 20:10:56 - DEBUG --> UserData first: a:2:{i:0;s:6:"0|51|1";i:1;s:6:"0|51|2";} 
2015-10-27 20:10:56 - DEBUG --> UserData end:  a:2:{i:0;s:6:"0|51|1";i:1;s:6:"0|51|2";} 
2015-10-27 20:10:56 - DEBUG --> Archivo \components\com_jhotelreservation\classes\services\UserDataService.php 
2015-10-27 20:10:56 - DEBUG --> getUserData 
2015-10-27 20:10:56 - DEBUG --> Archivo \components\com_jhotelreservation\classes\services\UserDataService.php 
2015-10-27 20:10:56 - DEBUG --> getUserData 
2015-10-27 20:10:56 - DEBUG --> Archivo \components\com_jhotelreservation\classes\services\UserDataService.php 
2015-10-27 20:10:56 - DEBUG --> getUserData 
2015-10-27 20:18:00 - DEBUG --> Archivo \components\com_jhotelreservation\classes\services\UserDataService.php 
2015-10-27 20:18:00 - DEBUG --> initializeUserData 
2015-10-27 20:18:00 - DEBUG --> UserData first: a:2:{i:0;s:6:"0|51|1";i:1;s:6:"0|51|2";} 
2015-10-27 20:18:00 - DEBUG --> UserData end:  a:2:{i:0;s:6:"0|51|1";i:1;s:6:"0|51|2";} 
2015-10-27 20:18:01 - DEBUG --> Archivo \components\com_jhotelreservation\classes\services\UserDataService.php 
2015-10-27 20:18:01 - DEBUG --> initializeUserData 
2015-10-27 20:18:01 - DEBUG --> UserData first: a:2:{i:0;s:6:"0|51|1";i:1;s:6:"0|51|2";} 
2015-10-27 20:18:01 - DEBUG --> UserData end:  a:2:{i:0;s:6:"0|51|1";i:1;s:6:"0|51|2";} 
2015-10-27 20:18:01 - DEBUG --> Archivo \components\com_jhotelreservation\classes\services\UserDataService.php 
2015-10-27 20:18:01 - DEBUG --> getUserData 
2015-10-27 20:18:01 - DEBUG --> Archivo \components\com_jhotelreservation\classes\services\UserDataService.php 
2015-10-27 20:18:01 - DEBUG --> getUserData 
2015-10-27 20:20:31 - DEBUG --> Archivo \components\com_jhotelreservation\classes\services\UserDataService.php 
2015-10-27 20:20:31 - DEBUG --> initializeUserData 
2015-10-27 20:20:31 - DEBUG --> UserData first: a:2:{i:0;s:6:"0|51|1";i:1;s:6:"0|51|2";} 
2015-10-27 20:20:31 - DEBUG --> UserData end:  a:2:{i:0;s:6:"0|51|1";i:1;s:6:"0|51|2";} 
2015-10-27 20:20:31 - DEBUG --> Archivo \components\com_jhotelreservation\classes\services\UserDataService.php 
2015-10-27 20:20:31 - DEBUG --> getUserData 
2015-10-27 20:20:32 - DEBUG --> Archivo \components\com_jhotelreservation\classes\services\UserDataService.php 
2015-10-27 20:20:32 - DEBUG --> getUserData 
2015-10-27 20:20:32 - DEBUG --> Archivo \components\com_jhotelreservation\classes\services\UserDataService.php 
2015-10-27 20:20:32 - DEBUG --> getUserData 
2015-10-27 20:20:32 - DEBUG --> Archivo \components\com_jhotelreservation\classes\services\UserDataService.php 
2015-10-27 20:20:32 - DEBUG --> getUserData 
2015-10-27 20:20:32 - DEBUG --> E-mail with subject Gracias por su Pre-reservación sent from info@tuagencia24.com to carlosguillermo6644@gmail.com a:2:{i:0;s:20:"info@tuagencia24.com";i:1;s:24:"reservas@tuagencia24.com";} result:1 
2015-10-27 20:20:32 - DEBUG --> Archivo \components\com_jhotelreservation\classes\services\UserDataService.php 
2015-10-27 20:20:32 - DEBUG --> initializeReservationData 
2015-10-27 20:20:32 - DEBUG --> UserData: a:0:{} 
2015-10-27 20:20:32 - DEBUG --> Archivo \components\com_jhotelreservation\classes\services\UserDataService.php 
2015-10-27 20:20:32 - DEBUG --> initializeUserData 
2015-10-27 20:20:32 - DEBUG --> UserData first: a:0:{} 
2015-10-27 20:20:32 - DEBUG --> UserData end:  a:0:{} 
2015-10-27 20:20:33 - DEBUG --> Archivo \components\com_jhotelreservation\classes\services\UserDataService.php 
2015-10-27 20:20:33 - DEBUG --> getUserData 
2015-10-27 20:20:33 - DEBUG --> Archivo \components\com_jhotelreservation\classes\services\UserDataService.php 
2015-10-27 20:20:33 - DEBUG --> getUserData 
2015-10-27 20:20:33 - DEBUG --> Archivo \components\com_jhotelreservation\classes\services\UserDataService.php 
2015-10-27 20:20:33 - DEBUG --> getUserData 
2015-10-27 22:58:39 - DEBUG --> Archivo \components\com_jhotelreservation\classes\services\UserDataService.php 
2015-10-27 22:58:39 - DEBUG --> initializeUserData 
2015-10-27 22:58:39 - DEBUG --> UserData first: N; 
2015-10-27 22:58:39 - DEBUG --> Archivo \components\com_jhotelreservation\classes\services\UserDataService.php 
2015-10-27 22:58:39 - DEBUG --> createUserData 
2015-10-27 22:58:39 - DEBUG --> UserData end:  a:0:{} 
2015-10-27 22:58:39 - DEBUG --> Archivo \components\com_jhotelreservation\classes\services\UserDataService.php 
2015-10-27 22:58:39 - DEBUG --> initializeUserData 
2015-10-27 22:58:39 - DEBUG --> UserData first: a:0:{} 
2015-10-27 22:58:39 - DEBUG --> UserData end:  a:0:{} 
2015-10-27 22:58:39 - DEBUG --> Archivo \components\com_jhotelreservation\classes\services\UserDataService.php 
2015-10-27 22:58:39 - DEBUG --> initializeReservationData 
2015-10-27 22:58:39 - DEBUG --> UserData: a:0:{} 
2015-10-27 22:58:39 - DEBUG --> Archivo \components\com_jhotelreservation\classes\services\UserDataService.php 
2015-10-27 22:58:39 - DEBUG --> updateUserData 
2015-10-27 22:58:39 - DEBUG --> Archivo \components\com_jhotelreservation\classes\services\UserDataService.php 
2015-10-27 22:58:39 - DEBUG --> getUserData 
2015-10-27 22:58:39 - DEBUG --> Archivo \components\com_jhotelreservation\classes\services\UserDataService.php 
2015-10-27 22:58:39 - DEBUG --> setCurrency 
2015-10-27 22:58:39 - DEBUG --> Archivo \components\com_jhotelreservation\classes\services\UserDataService.php 
2015-10-27 22:58:39 - DEBUG --> getUserData 
2015-10-27 22:58:39 - DEBUG --> Archivo \components\com_jhotelreservation\classes\services\UserDataService.php 
2015-10-27 22:58:39 - DEBUG --> getUserData 
2015-10-27 22:58:39 - DEBUG --> Archivo \components\com_jhotelreservation\classes\services\UserDataService.php 
2015-10-27 22:58:39 - DEBUG --> getUserData 
2015-10-27 22:58:39 - DEBUG --> Archivo \components\com_jhotelreservationiews\hotel	mpl\hoteloverview.php 
2015-10-27 22:58:39 - DEBUG --> Accedió 
2015-10-27 23:39:05 - DEBUG --> Archivo \components\com_jhotelreservation\classes\services\UserDataService.php 
2015-10-27 23:39:05 - DEBUG --> initializeUserData 
2015-10-27 23:39:05 - DEBUG --> UserData first: N; 
2015-10-27 23:39:05 - DEBUG --> Archivo \components\com_jhotelreservation\classes\services\UserDataService.php 
2015-10-27 23:39:05 - DEBUG --> createUserData 
2015-10-27 23:39:05 - DEBUG --> UserData end:  a:0:{} 
2015-10-27 23:39:05 - DEBUG --> Archivo \components\com_jhotelreservation\classes\services\UserDataService.php 
2015-10-27 23:39:05 - DEBUG --> initializeUserData 
2015-10-27 23:39:05 - DEBUG --> UserData first: a:0:{} 
2015-10-27 23:39:05 - DEBUG --> UserData end:  a:0:{} 
2015-10-27 23:39:05 - DEBUG --> Archivo \components\com_jhotelreservation\classes\services\UserDataService.php 
2015-10-27 23:39:05 - DEBUG --> initializeReservationData 
2015-10-27 23:39:05 - DEBUG --> UserData: a:0:{} 
2015-10-27 23:39:05 - DEBUG --> Archivo \components\com_jhotelreservation\classes\services\UserDataService.php 
2015-10-27 23:39:05 - DEBUG --> updateUserData 
2015-10-27 23:39:05 - DEBUG --> Archivo \components\com_jhotelreservation\classes\services\UserDataService.php 
2015-10-27 23:39:05 - DEBUG --> getUserData 
2015-10-27 23:39:05 - DEBUG --> Archivo \components\com_jhotelreservation\classes\services\UserDataService.php 
2015-10-27 23:39:05 - DEBUG --> setCurrency 
2015-10-27 23:39:05 - DEBUG --> Archivo \components\com_jhotelreservation\classes\services\UserDataService.php 
2015-10-27 23:39:05 - DEBUG --> getUserData 
2015-10-27 23:39:05 - DEBUG --> Archivo \components\com_jhotelreservation\classes\services\UserDataService.php 
2015-10-27 23:39:05 - DEBUG --> getUserData 
2015-10-27 23:39:05 - DEBUG --> Archivo \components\com_jhotelreservation\classes\services\UserDataService.php 
2015-10-27 23:39:05 - DEBUG --> getUserData 
2015-10-27 23:39:05 - DEBUG --> Archivo \components\com_jhotelreservationiews\hotel	mpl\hoteloverview.php 
2015-10-27 23:39:05 - DEBUG --> Accedió 
2015-10-27 23:50:49 - DEBUG --> Archivo \components\com_jhotelreservation\classes\services\UserDataService.php 
2015-10-27 23:50:49 - DEBUG --> initializeUserData 
2015-10-27 23:50:49 - DEBUG --> UserData first: N; 
2015-10-27 23:50:49 - DEBUG --> Archivo \components\com_jhotelreservation\classes\services\UserDataService.php 
2015-10-27 23:50:49 - DEBUG --> createUserData 
2015-10-27 23:50:49 - DEBUG --> UserData end:  a:0:{} 
2015-10-27 23:50:49 - DEBUG --> Archivo \components\com_jhotelreservation\classes\services\UserDataService.php 
2015-10-27 23:50:49 - DEBUG --> initializeUserData 
2015-10-27 23:50:49 - DEBUG --> UserData first: a:0:{} 
2015-10-27 23:50:49 - DEBUG --> UserData end:  a:0:{} 
2015-10-27 23:50:49 - DEBUG --> Archivo \components\com_jhotelreservation\classes\services\UserDataService.php 
2015-10-27 23:50:49 - DEBUG --> initializeReservationData 
2015-10-27 23:50:49 - DEBUG --> UserData: a:0:{} 
2015-10-27 23:50:49 - DEBUG --> Archivo \components\com_jhotelreservation\classes\services\UserDataService.php 
2015-10-27 23:50:49 - DEBUG --> updateUserData 
2015-10-27 23:50:49 - DEBUG --> Archivo \components\com_jhotelreservation\classes\services\UserDataService.php 
2015-10-27 23:50:49 - DEBUG --> getUserData 
2015-10-27 23:50:49 - DEBUG --> Archivo \components\com_jhotelreservation\classes\services\UserDataService.php 
2015-10-27 23:50:49 - DEBUG --> setCurrency 
2015-10-27 23:50:49 - DEBUG --> Archivo \components\com_jhotelreservation\classes\services\UserDataService.php 
2015-10-27 23:50:49 - DEBUG --> getUserData 
2015-10-27 23:50:49 - DEBUG --> Archivo \components\com_jhotelreservation\classes\services\UserDataService.php 
2015-10-27 23:50:49 - DEBUG --> getUserData 
2015-10-27 23:50:49 - DEBUG --> Archivo \components\com_jhotelreservation\classes\services\UserDataService.php 
2015-10-27 23:50:49 - DEBUG --> getUserData 
2015-10-27 23:50:49 - DEBUG --> Archivo \components\com_jhotelreservationiews\hotel	mpl\hoteloverview.php 
2015-10-27 23:50:49 - DEBUG --> Accedió 
