2016-01-09 6:25:23 - DEBUG --> Archivo \components\com_jhotelreservation\classes\services\UserDataService.php 
2016-01-09 6:25:23 - DEBUG --> initializeUserData 
2016-01-09 6:25:23 - DEBUG --> UserData first: N; 
2016-01-09 6:25:23 - DEBUG --> Archivo \components\com_jhotelreservation\classes\services\UserDataService.php 
2016-01-09 6:25:23 - DEBUG --> createUserData 
2016-01-09 6:25:23 - DEBUG --> UserData end:  a:0:{} 
2016-01-09 6:25:23 - DEBUG --> Archivo \components\com_jhotelreservation\classes\services\UserDataService.php 
2016-01-09 6:25:23 - DEBUG --> initializeUserData 
2016-01-09 6:25:23 - DEBUG --> UserData first: a:0:{} 
2016-01-09 6:25:23 - DEBUG --> UserData end:  a:0:{} 
2016-01-09 6:25:23 - DEBUG --> Archivo \components\com_jhotelreservation\classes\services\UserDataService.php 
2016-01-09 6:25:23 - DEBUG --> initializeReservationData 
2016-01-09 6:25:23 - DEBUG --> UserData: a:0:{} 
2016-01-09 6:25:23 - DEBUG --> Archivo \components\com_jhotelreservation\classes\services\UserDataService.php 
2016-01-09 6:25:23 - DEBUG --> updateUserData 
2016-01-09 6:25:23 - DEBUG --> Archivo \components\com_jhotelreservation\classes\services\UserDataService.php 
2016-01-09 6:25:23 - DEBUG --> getUserData 
2016-01-09 6:25:23 - DEBUG --> Archivo \components\com_jhotelreservation\classes\services\UserDataService.php 
2016-01-09 6:25:23 - DEBUG --> setCurrency 
2016-01-09 6:25:23 - DEBUG --> Archivo \components\com_jhotelreservation\classes\services\UserDataService.php 
2016-01-09 6:25:23 - DEBUG --> getUserData 
2016-01-09 6:25:23 - DEBUG --> Archivo \components\com_jhotelreservation\classes\services\UserDataService.php 
2016-01-09 6:25:23 - DEBUG --> getUserData 
2016-01-09 6:25:24 - DEBUG --> Archivo \components\com_jhotelreservation\classes\services\UserDataService.php 
2016-01-09 6:25:24 - DEBUG --> getUserData 
2016-01-09 6:25:24 - DEBUG --> Archivo \components\com_jhotelreservationiews\hotel	mpl\hoteloverview.php 
2016-01-09 6:25:24 - DEBUG --> Accedió 
2016-01-09 7:34:12 - DEBUG --> Archivo \components\com_jhotelreservation\classes\services\UserDataService.php 
2016-01-09 7:34:12 - DEBUG --> initializeUserData 
2016-01-09 7:34:12 - DEBUG --> UserData first: N; 
2016-01-09 7:34:12 - DEBUG --> Archivo \components\com_jhotelreservation\classes\services\UserDataService.php 
2016-01-09 7:34:12 - DEBUG --> createUserData 
2016-01-09 7:34:12 - DEBUG --> UserData end:  a:0:{} 
2016-01-09 7:34:12 - DEBUG --> Archivo \components\com_jhotelreservation\classes\services\UserDataService.php 
2016-01-09 7:34:12 - DEBUG --> initializeUserData 
2016-01-09 7:34:12 - DEBUG --> UserData first: a:0:{} 
2016-01-09 7:34:12 - DEBUG --> UserData end:  a:0:{} 
2016-01-09 7:34:12 - DEBUG --> Archivo \components\com_jhotelreservation\classes\services\UserDataService.php 
2016-01-09 7:34:12 - DEBUG --> initializeReservationData 
2016-01-09 7:34:12 - DEBUG --> UserData: a:0:{} 
2016-01-09 7:34:12 - DEBUG --> Archivo \components\com_jhotelreservation\classes\services\UserDataService.php 
2016-01-09 7:34:12 - DEBUG --> updateUserData 
2016-01-09 7:34:12 - DEBUG --> Archivo \components\com_jhotelreservation\classes\services\UserDataService.php 
2016-01-09 7:34:12 - DEBUG --> getUserData 
2016-01-09 7:34:12 - DEBUG --> Archivo \components\com_jhotelreservation\classes\services\UserDataService.php 
2016-01-09 7:34:12 - DEBUG --> setCurrency 
2016-01-09 7:34:12 - DEBUG --> Archivo \components\com_jhotelreservation\classes\services\UserDataService.php 
2016-01-09 7:34:12 - DEBUG --> getUserData 
2016-01-09 7:34:12 - DEBUG --> Archivo \components\com_jhotelreservation\classes\services\UserDataService.php 
2016-01-09 7:34:12 - DEBUG --> getUserData 
2016-01-09 7:34:12 - DEBUG --> Archivo \components\com_jhotelreservation\classes\services\UserDataService.php 
2016-01-09 7:34:12 - DEBUG --> getUserData 
2016-01-09 7:34:12 - DEBUG --> Archivo \components\com_jhotelreservationiews\hotel	mpl\hoteloverview.php 
2016-01-09 7:34:12 - DEBUG --> Accedió 
2016-01-09 7:34:46 - DEBUG --> Archivo \components\com_jhotelreservation\classes\services\UserDataService.php 
2016-01-09 7:34:46 - DEBUG --> initializeUserData 
2016-01-09 7:34:46 - DEBUG --> UserData first: N; 
2016-01-09 7:34:46 - DEBUG --> Archivo \components\com_jhotelreservation\classes\services\UserDataService.php 
2016-01-09 7:34:46 - DEBUG --> createUserData 
2016-01-09 7:34:46 - DEBUG --> UserData end:  a:0:{} 
2016-01-09 7:34:46 - DEBUG --> Archivo \components\com_jhotelreservation\classes\services\UserDataService.php 
2016-01-09 7:34:46 - DEBUG --> initializeUserData 
2016-01-09 7:34:46 - DEBUG --> UserData first: a:0:{} 
2016-01-09 7:34:46 - DEBUG --> UserData end:  a:0:{} 
2016-01-09 7:34:46 - DEBUG --> Archivo \components\com_jhotelreservation\classes\services\UserDataService.php 
2016-01-09 7:34:46 - DEBUG --> initializeReservationData 
2016-01-09 7:34:46 - DEBUG --> UserData: a:0:{} 
2016-01-09 7:34:46 - DEBUG --> Archivo \components\com_jhotelreservation\classes\services\UserDataService.php 
2016-01-09 7:34:46 - DEBUG --> updateUserData 
2016-01-09 7:34:46 - DEBUG --> Archivo \components\com_jhotelreservation\classes\services\UserDataService.php 
2016-01-09 7:34:46 - DEBUG --> getUserData 
2016-01-09 7:34:46 - DEBUG --> Archivo \components\com_jhotelreservation\classes\services\UserDataService.php 
2016-01-09 7:34:46 - DEBUG --> setCurrency 
2016-01-09 7:34:46 - DEBUG --> Archivo \components\com_jhotelreservation\classes\services\UserDataService.php 
2016-01-09 7:34:46 - DEBUG --> getUserData 
2016-01-09 7:34:46 - DEBUG --> Archivo \components\com_jhotelreservation\classes\services\UserDataService.php 
2016-01-09 7:34:46 - DEBUG --> getUserData 
2016-01-09 7:34:46 - DEBUG --> Archivo \components\com_jhotelreservation\classes\services\UserDataService.php 
2016-01-09 7:34:46 - DEBUG --> getUserData 
2016-01-09 7:34:46 - DEBUG --> Archivo \components\com_jhotelreservationiews\hotel	mpl\hoteloverview.php 
2016-01-09 7:34:46 - DEBUG --> Accedió 
2016-01-09 10:02:51 - DEBUG --> Archivo \components\com_jhotelreservation\classes\services\UserDataService.php 
2016-01-09 10:02:51 - DEBUG --> initializeUserData 
2016-01-09 10:02:51 - DEBUG --> UserData first: N; 
2016-01-09 10:02:51 - DEBUG --> Archivo \components\com_jhotelreservation\classes\services\UserDataService.php 
2016-01-09 10:02:51 - DEBUG --> createUserData 
2016-01-09 10:02:51 - DEBUG --> UserData end:  a:0:{} 
2016-01-09 10:02:51 - DEBUG --> Archivo \components\com_jhotelreservation\classes\services\UserDataService.php 
2016-01-09 10:02:51 - DEBUG --> initializeUserData 
2016-01-09 10:02:51 - DEBUG --> UserData first: a:0:{} 
2016-01-09 10:02:51 - DEBUG --> UserData end:  a:0:{} 
2016-01-09 10:02:51 - DEBUG --> Archivo \components\com_jhotelreservation\classes\services\UserDataService.php 
2016-01-09 10:02:51 - DEBUG --> initializeReservationData 
2016-01-09 10:02:51 - DEBUG --> UserData: a:0:{} 
2016-01-09 10:02:51 - DEBUG --> Archivo \components\com_jhotelreservation\classes\services\UserDataService.php 
2016-01-09 10:02:51 - DEBUG --> updateUserData 
2016-01-09 10:02:51 - DEBUG --> Archivo \components\com_jhotelreservation\classes\services\UserDataService.php 
2016-01-09 10:02:51 - DEBUG --> getUserData 
2016-01-09 10:02:51 - DEBUG --> Archivo \components\com_jhotelreservation\classes\services\UserDataService.php 
2016-01-09 10:02:51 - DEBUG --> setCurrency 
2016-01-09 10:02:51 - DEBUG --> Archivo \components\com_jhotelreservation\classes\services\UserDataService.php 
2016-01-09 10:02:51 - DEBUG --> getUserData 
2016-01-09 10:02:51 - DEBUG --> Archivo \components\com_jhotelreservation\classes\services\UserDataService.php 
2016-01-09 10:02:51 - DEBUG --> getUserData 
2016-01-09 10:02:51 - DEBUG --> Archivo \components\com_jhotelreservation\classes\services\UserDataService.php 
2016-01-09 10:02:51 - DEBUG --> getUserData 
2016-01-09 18:18:31 - DEBUG --> Archivo \components\com_jhotelreservation\classes\services\UserDataService.php 
2016-01-09 18:18:31 - DEBUG --> initializeUserData 
2016-01-09 18:18:31 - DEBUG --> UserData first: N; 
2016-01-09 18:18:31 - DEBUG --> Archivo \components\com_jhotelreservation\classes\services\UserDataService.php 
2016-01-09 18:18:31 - DEBUG --> createUserData 
2016-01-09 18:18:31 - DEBUG --> UserData end:  a:0:{} 
2016-01-09 18:18:31 - DEBUG --> Archivo \components\com_jhotelreservation\classes\services\UserDataService.php 
2016-01-09 18:18:31 - DEBUG --> initializeUserData 
2016-01-09 18:18:31 - DEBUG --> UserData first: a:0:{} 
2016-01-09 18:18:31 - DEBUG --> UserData end:  a:0:{} 
2016-01-09 18:18:31 - DEBUG --> Archivo \components\com_jhotelreservation\classes\services\UserDataService.php 
2016-01-09 18:18:31 - DEBUG --> initializeReservationData 
2016-01-09 18:18:31 - DEBUG --> UserData: a:0:{} 
2016-01-09 18:18:31 - DEBUG --> Archivo \components\com_jhotelreservation\classes\services\UserDataService.php 
2016-01-09 18:18:31 - DEBUG --> updateUserData 
2016-01-09 18:18:31 - DEBUG --> Archivo \components\com_jhotelreservation\classes\services\UserDataService.php 
2016-01-09 18:18:31 - DEBUG --> getUserData 
2016-01-09 18:18:31 - DEBUG --> Archivo \components\com_jhotelreservation\classes\services\UserDataService.php 
2016-01-09 18:18:31 - DEBUG --> setCurrency 
2016-01-09 18:18:31 - DEBUG --> Archivo \components\com_jhotelreservation\classes\services\UserDataService.php 
2016-01-09 18:18:31 - DEBUG --> getUserData 
2016-01-09 18:18:31 - DEBUG --> Archivo \components\com_jhotelreservation\classes\services\UserDataService.php 
2016-01-09 18:18:31 - DEBUG --> getUserData 
2016-01-09 18:18:31 - DEBUG --> Archivo \components\com_jhotelreservation\classes\services\UserDataService.php 
2016-01-09 18:18:31 - DEBUG --> getUserData 
2016-01-09 20:29:40 - DEBUG --> Archivo \components\com_jhotelreservation\classes\services\UserDataService.php 
2016-01-09 20:29:40 - DEBUG --> initializeUserData 
2016-01-09 20:29:40 - DEBUG --> UserData first: N; 
2016-01-09 20:29:40 - DEBUG --> Archivo \components\com_jhotelreservation\classes\services\UserDataService.php 
2016-01-09 20:29:40 - DEBUG --> createUserData 
2016-01-09 20:29:40 - DEBUG --> UserData end:  a:0:{} 
2016-01-09 20:29:40 - DEBUG --> Archivo \components\com_jhotelreservation\classes\services\UserDataService.php 
2016-01-09 20:29:40 - DEBUG --> initializeUserData 
2016-01-09 20:29:40 - DEBUG --> UserData first: a:0:{} 
2016-01-09 20:29:40 - DEBUG --> UserData end:  a:0:{} 
2016-01-09 20:29:40 - DEBUG --> Archivo \components\com_jhotelreservation\classes\services\UserDataService.php 
2016-01-09 20:29:40 - DEBUG --> initializeReservationData 
2016-01-09 20:29:40 - DEBUG --> UserData: a:0:{} 
2016-01-09 20:29:40 - DEBUG --> Archivo \components\com_jhotelreservation\classes\services\UserDataService.php 
2016-01-09 20:29:40 - DEBUG --> updateUserData 
2016-01-09 20:29:40 - DEBUG --> Archivo \components\com_jhotelreservation\classes\services\UserDataService.php 
2016-01-09 20:29:40 - DEBUG --> getUserData 
2016-01-09 20:29:40 - DEBUG --> Archivo \components\com_jhotelreservation\classes\services\UserDataService.php 
2016-01-09 20:29:40 - DEBUG --> setCurrency 
2016-01-09 20:29:40 - DEBUG --> Archivo \components\com_jhotelreservation\classes\services\UserDataService.php 
2016-01-09 20:29:40 - DEBUG --> getUserData 
2016-01-09 20:29:40 - DEBUG --> Archivo \components\com_jhotelreservation\classes\services\UserDataService.php 
2016-01-09 20:29:40 - DEBUG --> getUserData 
2016-01-09 20:29:40 - DEBUG --> Archivo \components\com_jhotelreservation\classes\services\UserDataService.php 
2016-01-09 20:29:40 - DEBUG --> getUserData 
2016-01-09 20:29:40 - DEBUG --> Archivo \components\com_jhotelreservationiews\hotel	mpl\hoteloverview.php 
2016-01-09 20:29:40 - DEBUG --> Accedió 
2016-01-09 21:26:44 - DEBUG --> Archivo \components\com_jhotelreservation\classes\services\UserDataService.php 
2016-01-09 21:26:44 - DEBUG --> initializeUserData 
2016-01-09 21:26:44 - DEBUG --> UserData first: N; 
2016-01-09 21:26:44 - DEBUG --> Archivo \components\com_jhotelreservation\classes\services\UserDataService.php 
2016-01-09 21:26:44 - DEBUG --> createUserData 
2016-01-09 21:26:44 - DEBUG --> UserData end:  a:0:{} 
2016-01-09 21:26:44 - DEBUG --> Archivo \components\com_jhotelreservation\classes\services\UserDataService.php 
2016-01-09 21:26:44 - DEBUG --> initializeUserData 
2016-01-09 21:26:44 - DEBUG --> UserData first: a:0:{} 
2016-01-09 21:26:44 - DEBUG --> UserData end:  a:0:{} 
2016-01-09 21:26:44 - DEBUG --> Archivo \components\com_jhotelreservation\classes\services\UserDataService.php 
2016-01-09 21:26:44 - DEBUG --> initializeReservationData 
2016-01-09 21:26:44 - DEBUG --> UserData: a:0:{} 
2016-01-09 21:26:44 - DEBUG --> Archivo \components\com_jhotelreservation\classes\services\UserDataService.php 
2016-01-09 21:26:44 - DEBUG --> updateUserData 
2016-01-09 21:26:44 - DEBUG --> Archivo \components\com_jhotelreservation\classes\services\UserDataService.php 
2016-01-09 21:26:44 - DEBUG --> getUserData 
2016-01-09 21:26:44 - DEBUG --> Archivo \components\com_jhotelreservation\classes\services\UserDataService.php 
2016-01-09 21:26:44 - DEBUG --> setCurrency 
2016-01-09 21:26:44 - DEBUG --> Archivo \components\com_jhotelreservation\classes\services\UserDataService.php 
2016-01-09 21:26:44 - DEBUG --> getUserData 
2016-01-09 21:26:44 - DEBUG --> Archivo \components\com_jhotelreservation\classes\services\UserDataService.php 
2016-01-09 21:26:44 - DEBUG --> getUserData 
2016-01-09 21:26:44 - DEBUG --> Archivo \components\com_jhotelreservation\classes\services\UserDataService.php 
2016-01-09 21:26:44 - DEBUG --> getUserData 
2016-01-09 21:26:44 - DEBUG --> Archivo \components\com_jhotelreservationiews\hotel	mpl\hoteloverview.php 
2016-01-09 21:26:44 - DEBUG --> Accedió 
2016-01-09 21:35:49 - DEBUG --> Archivo \components\com_jhotelreservation\classes\services\UserDataService.php 
2016-01-09 21:35:49 - DEBUG --> initializeUserData 
2016-01-09 21:35:49 - DEBUG --> UserData first: N; 
2016-01-09 21:35:49 - DEBUG --> Archivo \components\com_jhotelreservation\classes\services\UserDataService.php 
2016-01-09 21:35:49 - DEBUG --> createUserData 
2016-01-09 21:35:49 - DEBUG --> UserData end:  a:0:{} 
2016-01-09 21:35:49 - DEBUG --> Archivo \components\com_jhotelreservation\classes\services\UserDataService.php 
2016-01-09 21:35:49 - DEBUG --> initializeUserData 
2016-01-09 21:35:49 - DEBUG --> UserData first: a:0:{} 
2016-01-09 21:35:49 - DEBUG --> UserData end:  a:0:{} 
2016-01-09 21:35:49 - DEBUG --> Archivo \components\com_jhotelreservation\classes\services\UserDataService.php 
2016-01-09 21:35:49 - DEBUG --> initializeReservationData 
2016-01-09 21:35:49 - DEBUG --> UserData: a:0:{} 
2016-01-09 21:35:49 - DEBUG --> Archivo \components\com_jhotelreservation\classes\services\UserDataService.php 
2016-01-09 21:35:49 - DEBUG --> updateUserData 
2016-01-09 21:35:49 - DEBUG --> Archivo \components\com_jhotelreservation\classes\services\UserDataService.php 
2016-01-09 21:35:49 - DEBUG --> getUserData 
2016-01-09 21:35:49 - DEBUG --> Archivo \components\com_jhotelreservation\classes\services\UserDataService.php 
2016-01-09 21:35:49 - DEBUG --> setCurrency 
2016-01-09 21:35:49 - DEBUG --> Archivo \components\com_jhotelreservation\classes\services\UserDataService.php 
2016-01-09 21:35:49 - DEBUG --> getUserData 
2016-01-09 21:35:49 - DEBUG --> Archivo \components\com_jhotelreservation\classes\services\UserDataService.php 
2016-01-09 21:35:49 - DEBUG --> getUserData 
2016-01-09 21:35:49 - DEBUG --> Archivo \components\com_jhotelreservation\classes\services\UserDataService.php 
2016-01-09 21:35:49 - DEBUG --> getUserData 
2016-01-09 21:35:49 - DEBUG --> Archivo \components\com_jhotelreservationiews\hotel	mpl\hoteloverview.php 
2016-01-09 21:35:49 - DEBUG --> Accedió 
2016-01-09 21:37:53 - DEBUG --> Archivo \components\com_jhotelreservation\classes\services\UserDataService.php 
2016-01-09 21:37:53 - DEBUG --> initializeUserData 
2016-01-09 21:37:53 - DEBUG --> UserData first: N; 
2016-01-09 21:37:53 - DEBUG --> Archivo \components\com_jhotelreservation\classes\services\UserDataService.php 
2016-01-09 21:37:53 - DEBUG --> createUserData 
2016-01-09 21:37:53 - DEBUG --> UserData end:  a:0:{} 
2016-01-09 21:37:53 - DEBUG --> Archivo \components\com_jhotelreservation\classes\services\UserDataService.php 
2016-01-09 21:37:53 - DEBUG --> initializeUserData 
2016-01-09 21:37:53 - DEBUG --> UserData first: a:0:{} 
2016-01-09 21:37:53 - DEBUG --> UserData end:  a:0:{} 
2016-01-09 21:37:53 - DEBUG --> Archivo \components\com_jhotelreservation\classes\services\UserDataService.php 
2016-01-09 21:37:53 - DEBUG --> initializeReservationData 
2016-01-09 21:37:53 - DEBUG --> UserData: a:0:{} 
2016-01-09 21:37:53 - DEBUG --> Archivo \components\com_jhotelreservation\classes\services\UserDataService.php 
2016-01-09 21:37:53 - DEBUG --> updateUserData 
2016-01-09 21:37:53 - DEBUG --> Archivo \components\com_jhotelreservation\classes\services\UserDataService.php 
2016-01-09 21:37:53 - DEBUG --> getUserData 
2016-01-09 21:37:53 - DEBUG --> Archivo \components\com_jhotelreservation\classes\services\UserDataService.php 
2016-01-09 21:37:53 - DEBUG --> setCurrency 
2016-01-09 21:37:53 - DEBUG --> Archivo \components\com_jhotelreservation\classes\services\UserDataService.php 
2016-01-09 21:37:53 - DEBUG --> getUserData 
2016-01-09 21:37:53 - DEBUG --> Archivo \components\com_jhotelreservation\classes\services\UserDataService.php 
2016-01-09 21:37:53 - DEBUG --> getUserData 
2016-01-09 21:37:53 - DEBUG --> Archivo \components\com_jhotelreservation\classes\services\UserDataService.php 
2016-01-09 21:37:53 - DEBUG --> getUserData 
2016-01-09 21:37:53 - DEBUG --> Archivo \components\com_jhotelreservationiews\hotel	mpl\hoteloverview.php 
2016-01-09 21:37:53 - DEBUG --> Accedió 
2016-01-09 21:40:11 - DEBUG --> Archivo \components\com_jhotelreservation\classes\services\UserDataService.php 
2016-01-09 21:40:11 - DEBUG --> initializeUserData 
2016-01-09 21:40:11 - DEBUG --> UserData first: N; 
2016-01-09 21:40:11 - DEBUG --> Archivo \components\com_jhotelreservation\classes\services\UserDataService.php 
2016-01-09 21:40:11 - DEBUG --> createUserData 
2016-01-09 21:40:11 - DEBUG --> UserData end:  a:0:{} 
2016-01-09 21:40:11 - DEBUG --> Archivo \components\com_jhotelreservation\classes\services\UserDataService.php 
2016-01-09 21:40:11 - DEBUG --> initializeUserData 
2016-01-09 21:40:11 - DEBUG --> UserData first: a:0:{} 
2016-01-09 21:40:11 - DEBUG --> UserData end:  a:0:{} 
2016-01-09 21:40:11 - DEBUG --> Archivo \components\com_jhotelreservation\classes\services\UserDataService.php 
2016-01-09 21:40:11 - DEBUG --> initializeReservationData 
2016-01-09 21:40:11 - DEBUG --> UserData: a:0:{} 
2016-01-09 21:40:11 - DEBUG --> Archivo \components\com_jhotelreservation\classes\services\UserDataService.php 
2016-01-09 21:40:11 - DEBUG --> updateUserData 
2016-01-09 21:40:11 - DEBUG --> Archivo \components\com_jhotelreservation\classes\services\UserDataService.php 
2016-01-09 21:40:11 - DEBUG --> getUserData 
2016-01-09 21:40:11 - DEBUG --> Archivo \components\com_jhotelreservation\classes\services\UserDataService.php 
2016-01-09 21:40:11 - DEBUG --> setCurrency 
2016-01-09 21:40:11 - DEBUG --> Archivo \components\com_jhotelreservation\classes\services\UserDataService.php 
2016-01-09 21:40:11 - DEBUG --> getUserData 
2016-01-09 21:40:11 - DEBUG --> Archivo \components\com_jhotelreservation\classes\services\UserDataService.php 
2016-01-09 21:40:11 - DEBUG --> getUserData 
2016-01-09 21:40:11 - DEBUG --> Archivo \components\com_jhotelreservation\classes\services\UserDataService.php 
2016-01-09 21:40:11 - DEBUG --> getUserData 
2016-01-09 21:40:11 - DEBUG --> Archivo \components\com_jhotelreservationiews\hotel	mpl\hoteloverview.php 
2016-01-09 21:40:11 - DEBUG --> Accedió 
2016-01-09 21:56:51 - DEBUG --> Archivo \components\com_jhotelreservation\classes\services\UserDataService.php 
2016-01-09 21:56:51 - DEBUG --> initializeUserData 
2016-01-09 21:56:51 - DEBUG --> UserData first: N; 
2016-01-09 21:56:51 - DEBUG --> Archivo \components\com_jhotelreservation\classes\services\UserDataService.php 
2016-01-09 21:56:51 - DEBUG --> createUserData 
2016-01-09 21:56:51 - DEBUG --> UserData end:  a:0:{} 
2016-01-09 21:56:51 - DEBUG --> Archivo \components\com_jhotelreservation\classes\services\UserDataService.php 
2016-01-09 21:56:51 - DEBUG --> initializeUserData 
2016-01-09 21:56:51 - DEBUG --> UserData first: a:0:{} 
2016-01-09 21:56:51 - DEBUG --> UserData end:  a:0:{} 
2016-01-09 21:56:51 - DEBUG --> Archivo \components\com_jhotelreservation\classes\services\UserDataService.php 
2016-01-09 21:56:51 - DEBUG --> initializeReservationData 
2016-01-09 21:56:51 - DEBUG --> UserData: a:0:{} 
2016-01-09 21:56:51 - DEBUG --> Archivo \components\com_jhotelreservation\classes\services\UserDataService.php 
2016-01-09 21:56:51 - DEBUG --> updateUserData 
2016-01-09 21:56:51 - DEBUG --> Archivo \components\com_jhotelreservation\classes\services\UserDataService.php 
2016-01-09 21:56:51 - DEBUG --> getUserData 
2016-01-09 21:56:51 - DEBUG --> Archivo \components\com_jhotelreservation\classes\services\UserDataService.php 
2016-01-09 21:56:51 - DEBUG --> setCurrency 
2016-01-09 21:56:51 - DEBUG --> Archivo \components\com_jhotelreservation\classes\services\UserDataService.php 
2016-01-09 21:56:51 - DEBUG --> getUserData 
2016-01-09 21:56:51 - DEBUG --> Archivo \components\com_jhotelreservation\classes\services\UserDataService.php 
2016-01-09 21:56:51 - DEBUG --> getUserData 
2016-01-09 21:56:51 - DEBUG --> Archivo \components\com_jhotelreservation\classes\services\UserDataService.php 
2016-01-09 21:56:51 - DEBUG --> getUserData 
2016-01-09 21:56:51 - DEBUG --> Archivo \components\com_jhotelreservationiews\hotel	mpl\hoteloverview.php 
2016-01-09 21:56:51 - DEBUG --> Accedió 
2016-01-09 22:38:50 - DEBUG --> Archivo \components\com_jhotelreservation\classes\services\UserDataService.php 
2016-01-09 22:38:50 - DEBUG --> initializeUserData 
2016-01-09 22:38:50 - DEBUG --> UserData first: N; 
2016-01-09 22:38:50 - DEBUG --> Archivo \components\com_jhotelreservation\classes\services\UserDataService.php 
2016-01-09 22:38:50 - DEBUG --> createUserData 
2016-01-09 22:38:50 - DEBUG --> UserData end:  a:0:{} 
2016-01-09 22:38:50 - DEBUG --> Archivo \components\com_jhotelreservation\classes\services\UserDataService.php 
2016-01-09 22:38:50 - DEBUG --> initializeUserData 
2016-01-09 22:38:50 - DEBUG --> UserData first: a:0:{} 
2016-01-09 22:38:50 - DEBUG --> UserData end:  a:0:{} 
2016-01-09 22:38:50 - DEBUG --> Archivo \components\com_jhotelreservation\classes\services\UserDataService.php 
2016-01-09 22:38:50 - DEBUG --> initializeReservationData 
2016-01-09 22:38:50 - DEBUG --> UserData: a:0:{} 
2016-01-09 22:38:50 - DEBUG --> Archivo \components\com_jhotelreservation\classes\services\UserDataService.php 
2016-01-09 22:38:50 - DEBUG --> updateUserData 
2016-01-09 22:38:50 - DEBUG --> Archivo \components\com_jhotelreservation\classes\services\UserDataService.php 
2016-01-09 22:38:50 - DEBUG --> getUserData 
2016-01-09 22:38:50 - DEBUG --> Archivo \components\com_jhotelreservation\classes\services\UserDataService.php 
2016-01-09 22:38:50 - DEBUG --> setCurrency 
2016-01-09 22:38:50 - DEBUG --> Archivo \components\com_jhotelreservation\classes\services\UserDataService.php 
2016-01-09 22:38:50 - DEBUG --> getUserData 
2016-01-09 22:38:50 - DEBUG --> Archivo \components\com_jhotelreservation\classes\services\UserDataService.php 
2016-01-09 22:38:50 - DEBUG --> getUserData 
2016-01-09 22:38:50 - DEBUG --> Archivo \components\com_jhotelreservation\classes\services\UserDataService.php 
2016-01-09 22:38:50 - DEBUG --> getUserData 
2016-01-09 22:38:50 - DEBUG --> Archivo \components\com_jhotelreservationiews\hotel	mpl\hoteloverview.php 
2016-01-09 22:38:50 - DEBUG --> Accedió 
2016-01-09 22:50:20 - DEBUG --> Archivo \components\com_jhotelreservation\classes\services\UserDataService.php 
2016-01-09 22:50:20 - DEBUG --> initializeUserData 
2016-01-09 22:50:20 - DEBUG --> UserData first: N; 
2016-01-09 22:50:20 - DEBUG --> Archivo \components\com_jhotelreservation\classes\services\UserDataService.php 
2016-01-09 22:50:20 - DEBUG --> createUserData 
2016-01-09 22:50:20 - DEBUG --> UserData end:  a:0:{} 
2016-01-09 22:50:20 - DEBUG --> Archivo \components\com_jhotelreservation\classes\services\UserDataService.php 
2016-01-09 22:50:20 - DEBUG --> initializeUserData 
2016-01-09 22:50:20 - DEBUG --> UserData first: a:0:{} 
2016-01-09 22:50:20 - DEBUG --> UserData end:  a:0:{} 
2016-01-09 22:50:20 - DEBUG --> Archivo \components\com_jhotelreservation\classes\services\UserDataService.php 
2016-01-09 22:50:20 - DEBUG --> initializeReservationData 
2016-01-09 22:50:20 - DEBUG --> UserData: a:0:{} 
2016-01-09 22:50:20 - DEBUG --> Archivo \components\com_jhotelreservation\classes\services\UserDataService.php 
2016-01-09 22:50:20 - DEBUG --> updateUserData 
2016-01-09 22:50:20 - DEBUG --> Archivo \components\com_jhotelreservation\classes\services\UserDataService.php 
2016-01-09 22:50:20 - DEBUG --> getUserData 
2016-01-09 22:50:20 - DEBUG --> Archivo \components\com_jhotelreservation\classes\services\UserDataService.php 
2016-01-09 22:50:20 - DEBUG --> setCurrency 
2016-01-09 22:50:20 - DEBUG --> Archivo \components\com_jhotelreservation\classes\services\UserDataService.php 
2016-01-09 22:50:20 - DEBUG --> getUserData 
2016-01-09 22:50:20 - DEBUG --> Archivo \components\com_jhotelreservation\classes\services\UserDataService.php 
2016-01-09 22:50:20 - DEBUG --> getUserData 
2016-01-09 22:50:20 - DEBUG --> Archivo \components\com_jhotelreservation\classes\services\UserDataService.php 
2016-01-09 22:50:20 - DEBUG --> getUserData 
2016-01-09 22:50:20 - DEBUG --> Archivo \components\com_jhotelreservationiews\hotel	mpl\hoteloverview.php 
2016-01-09 22:50:20 - DEBUG --> Accedió 
2016-01-09 23:42:10 - DEBUG --> Archivo \components\com_jhotelreservation\classes\services\UserDataService.php 
2016-01-09 23:42:10 - DEBUG --> initializeUserData 
2016-01-09 23:42:10 - DEBUG --> UserData first: N; 
2016-01-09 23:42:10 - DEBUG --> Archivo \components\com_jhotelreservation\classes\services\UserDataService.php 
2016-01-09 23:42:10 - DEBUG --> createUserData 
2016-01-09 23:42:10 - DEBUG --> UserData end:  a:0:{} 
2016-01-09 23:42:10 - DEBUG --> Archivo \components\com_jhotelreservation\classes\services\UserDataService.php 
2016-01-09 23:42:10 - DEBUG --> initializeUserData 
2016-01-09 23:42:10 - DEBUG --> UserData first: a:0:{} 
2016-01-09 23:42:10 - DEBUG --> UserData end:  a:0:{} 
2016-01-09 23:42:10 - DEBUG --> Archivo \components\com_jhotelreservation\classes\services\UserDataService.php 
2016-01-09 23:42:10 - DEBUG --> initializeReservationData 
2016-01-09 23:42:10 - DEBUG --> UserData: a:0:{} 
2016-01-09 23:42:10 - DEBUG --> Archivo \components\com_jhotelreservation\classes\services\UserDataService.php 
2016-01-09 23:42:10 - DEBUG --> updateUserData 
2016-01-09 23:42:10 - DEBUG --> Archivo \components\com_jhotelreservation\classes\services\UserDataService.php 
2016-01-09 23:42:10 - DEBUG --> getUserData 
2016-01-09 23:42:10 - DEBUG --> Archivo \components\com_jhotelreservation\classes\services\UserDataService.php 
2016-01-09 23:42:10 - DEBUG --> setCurrency 
2016-01-09 23:42:10 - DEBUG --> Archivo \components\com_jhotelreservation\classes\services\UserDataService.php 
2016-01-09 23:42:10 - DEBUG --> getUserData 
2016-01-09 23:42:10 - DEBUG --> Archivo \components\com_jhotelreservation\classes\services\UserDataService.php 
2016-01-09 23:42:10 - DEBUG --> getUserData 
2016-01-09 23:42:10 - DEBUG --> Archivo \components\com_jhotelreservation\classes\services\UserDataService.php 
2016-01-09 23:42:10 - DEBUG --> getUserData 
2016-01-09 23:42:10 - DEBUG --> Archivo \components\com_jhotelreservationiews\hotel	mpl\hoteloverview.php 
2016-01-09 23:42:10 - DEBUG --> Accedió 
2016-01-09 23:57:40 - DEBUG --> Archivo \components\com_jhotelreservation\classes\services\UserDataService.php 
2016-01-09 23:57:40 - DEBUG --> initializeUserData 
2016-01-09 23:57:40 - DEBUG --> UserData first: N; 
2016-01-09 23:57:40 - DEBUG --> Archivo \components\com_jhotelreservation\classes\services\UserDataService.php 
2016-01-09 23:57:40 - DEBUG --> createUserData 
2016-01-09 23:57:40 - DEBUG --> UserData end:  a:0:{} 
2016-01-09 23:57:40 - DEBUG --> Archivo \components\com_jhotelreservation\classes\services\UserDataService.php 
2016-01-09 23:57:40 - DEBUG --> initializeUserData 
2016-01-09 23:57:40 - DEBUG --> UserData first: a:0:{} 
2016-01-09 23:57:40 - DEBUG --> UserData end:  a:0:{} 
2016-01-09 23:57:40 - DEBUG --> Archivo \components\com_jhotelreservation\classes\services\UserDataService.php 
2016-01-09 23:57:40 - DEBUG --> initializeReservationData 
2016-01-09 23:57:40 - DEBUG --> UserData: a:0:{} 
2016-01-09 23:57:40 - DEBUG --> Archivo \components\com_jhotelreservation\classes\services\UserDataService.php 
2016-01-09 23:57:40 - DEBUG --> updateUserData 
2016-01-09 23:57:40 - DEBUG --> Archivo \components\com_jhotelreservation\classes\services\UserDataService.php 
2016-01-09 23:57:40 - DEBUG --> getUserData 
2016-01-09 23:57:40 - DEBUG --> Archivo \components\com_jhotelreservation\classes\services\UserDataService.php 
2016-01-09 23:57:40 - DEBUG --> setCurrency 
2016-01-09 23:57:40 - DEBUG --> Archivo \components\com_jhotelreservation\classes\services\UserDataService.php 
2016-01-09 23:57:40 - DEBUG --> getUserData 
2016-01-09 23:57:40 - DEBUG --> Archivo \components\com_jhotelreservation\classes\services\UserDataService.php 
2016-01-09 23:57:40 - DEBUG --> getUserData 
2016-01-09 23:57:40 - DEBUG --> Archivo \components\com_jhotelreservation\classes\services\UserDataService.php 
2016-01-09 23:57:40 - DEBUG --> getUserData 
2016-01-09 23:57:40 - DEBUG --> Archivo \components\com_jhotelreservationiews\hotel	mpl\hoteloverview.php 
2016-01-09 23:57:40 - DEBUG --> Accedió 
