2016-04-03 0:25:19 - DEBUG --> Archivo \components\com_jhotelreservation\classes\services\UserDataService.php 
2016-04-03 0:25:19 - DEBUG --> initializeUserData 
2016-04-03 0:25:19 - DEBUG --> UserData first: N; 
2016-04-03 0:25:19 - DEBUG --> Archivo \components\com_jhotelreservation\classes\services\UserDataService.php 
2016-04-03 0:25:19 - DEBUG --> createUserData 
2016-04-03 0:25:19 - DEBUG --> UserData end:  a:0:{} 
2016-04-03 0:25:19 - DEBUG --> Archivo \components\com_jhotelreservation\classes\services\UserDataService.php 
2016-04-03 0:25:19 - DEBUG --> initializeUserData 
2016-04-03 0:25:19 - DEBUG --> UserData first: a:0:{} 
2016-04-03 0:25:19 - DEBUG --> UserData end:  a:0:{} 
2016-04-03 0:25:19 - DEBUG --> Archivo \components\com_jhotelreservation\classes\services\UserDataService.php 
2016-04-03 0:25:19 - DEBUG --> initializeReservationData 
2016-04-03 0:25:19 - DEBUG --> UserData: a:0:{} 
2016-04-03 0:25:19 - DEBUG --> Archivo \components\com_jhotelreservation\classes\services\UserDataService.php 
2016-04-03 0:25:19 - DEBUG --> updateUserData 
2016-04-03 0:25:19 - DEBUG --> Archivo \components\com_jhotelreservation\classes\services\UserDataService.php 
2016-04-03 0:25:19 - DEBUG --> getUserData 
2016-04-03 0:25:19 - DEBUG --> Archivo \components\com_jhotelreservation\classes\services\UserDataService.php 
2016-04-03 0:25:19 - DEBUG --> setCurrency 
2016-04-03 0:25:19 - DEBUG --> Archivo \components\com_jhotelreservation\classes\services\UserDataService.php 
2016-04-03 0:25:19 - DEBUG --> getUserData 
2016-04-03 0:25:19 - DEBUG --> Archivo \components\com_jhotelreservation\classes\services\UserDataService.php 
2016-04-03 0:25:19 - DEBUG --> getUserData 
2016-04-03 0:25:19 - DEBUG --> Archivo \components\com_jhotelreservation\classes\services\UserDataService.php 
2016-04-03 0:25:19 - DEBUG --> getUserData 
2016-04-03 0:25:19 - DEBUG --> Archivo \components\com_jhotelreservationiews\hotel	mpl\hoteloverview.php 
2016-04-03 0:25:19 - DEBUG --> Accedió 
2016-04-03 0:25:21 - DEBUG --> Archivo \components\com_jhotelreservation\classes\services\UserDataService.php 
2016-04-03 0:25:21 - DEBUG --> initializeUserData 
2016-04-03 0:25:21 - DEBUG --> UserData first: N; 
2016-04-03 0:25:21 - DEBUG --> Archivo \components\com_jhotelreservation\classes\services\UserDataService.php 
2016-04-03 0:25:21 - DEBUG --> createUserData 
2016-04-03 0:25:21 - DEBUG --> UserData end:  a:0:{} 
2016-04-03 0:25:21 - DEBUG --> Archivo \components\com_jhotelreservation\classes\services\UserDataService.php 
2016-04-03 0:25:21 - DEBUG --> initializeUserData 
2016-04-03 0:25:21 - DEBUG --> UserData first: a:0:{} 
2016-04-03 0:25:21 - DEBUG --> UserData end:  a:0:{} 
2016-04-03 0:25:21 - DEBUG --> Archivo \components\com_jhotelreservation\classes\services\UserDataService.php 
2016-04-03 0:25:21 - DEBUG --> initializeReservationData 
2016-04-03 0:25:21 - DEBUG --> UserData: a:0:{} 
2016-04-03 0:25:21 - DEBUG --> Archivo \components\com_jhotelreservation\classes\services\UserDataService.php 
2016-04-03 0:25:21 - DEBUG --> updateUserData 
2016-04-03 0:25:21 - DEBUG --> Archivo \components\com_jhotelreservation\classes\services\UserDataService.php 
2016-04-03 0:25:21 - DEBUG --> getUserData 
2016-04-03 0:25:21 - DEBUG --> Archivo \components\com_jhotelreservation\classes\services\UserDataService.php 
2016-04-03 0:25:21 - DEBUG --> setCurrency 
2016-04-03 0:25:21 - DEBUG --> Archivo \components\com_jhotelreservation\classes\services\UserDataService.php 
2016-04-03 0:25:21 - DEBUG --> getUserData 
2016-04-03 0:25:21 - DEBUG --> Archivo \components\com_jhotelreservation\classes\services\UserDataService.php 
2016-04-03 0:25:21 - DEBUG --> getUserData 
2016-04-03 0:25:21 - DEBUG --> Archivo \components\com_jhotelreservation\classes\services\UserDataService.php 
2016-04-03 0:25:21 - DEBUG --> getUserData 
2016-04-03 0:25:21 - DEBUG --> Archivo \components\com_jhotelreservation\classes\services\UserDataService.php 
2016-04-03 0:25:21 - DEBUG --> initializeUserData 
2016-04-03 0:25:21 - DEBUG --> UserData first: N; 
2016-04-03 0:25:21 - DEBUG --> Archivo \components\com_jhotelreservation\classes\services\UserDataService.php 
2016-04-03 0:25:21 - DEBUG --> createUserData 
2016-04-03 0:25:21 - DEBUG --> UserData end:  a:0:{} 
2016-04-03 0:25:21 - DEBUG --> Archivo \components\com_jhotelreservation\classes\services\UserDataService.php 
2016-04-03 0:25:21 - DEBUG --> initializeUserData 
2016-04-03 0:25:21 - DEBUG --> UserData first: a:0:{} 
2016-04-03 0:25:21 - DEBUG --> UserData end:  a:0:{} 
2016-04-03 0:25:21 - DEBUG --> Archivo \components\com_jhotelreservation\classes\services\UserDataService.php 
2016-04-03 0:25:21 - DEBUG --> initializeReservationData 
2016-04-03 0:25:21 - DEBUG --> UserData: a:0:{} 
2016-04-03 0:25:21 - DEBUG --> Archivo \components\com_jhotelreservation\classes\services\UserDataService.php 
2016-04-03 0:25:21 - DEBUG --> updateUserData 
2016-04-03 0:25:21 - DEBUG --> Archivo \components\com_jhotelreservation\classes\services\UserDataService.php 
2016-04-03 0:25:21 - DEBUG --> getUserData 
2016-04-03 0:25:21 - DEBUG --> Archivo \components\com_jhotelreservation\classes\services\UserDataService.php 
2016-04-03 0:25:21 - DEBUG --> setCurrency 
2016-04-03 0:25:21 - DEBUG --> Archivo \components\com_jhotelreservation\classes\services\UserDataService.php 
2016-04-03 0:25:21 - DEBUG --> getUserData 
2016-04-03 0:25:21 - DEBUG --> Archivo \components\com_jhotelreservation\classes\services\UserDataService.php 
2016-04-03 0:25:21 - DEBUG --> getUserData 
2016-04-03 0:25:21 - DEBUG --> Archivo \components\com_jhotelreservation\classes\services\UserDataService.php 
2016-04-03 0:25:21 - DEBUG --> getUserData 
2016-04-03 0:25:25 - DEBUG --> Archivo \components\com_jhotelreservation\classes\services\UserDataService.php 
2016-04-03 0:25:25 - DEBUG --> initializeUserData 
2016-04-03 0:25:25 - DEBUG --> UserData first: N; 
2016-04-03 0:25:25 - DEBUG --> Archivo \components\com_jhotelreservation\classes\services\UserDataService.php 
2016-04-03 0:25:25 - DEBUG --> createUserData 
2016-04-03 0:25:25 - DEBUG --> UserData end:  a:0:{} 
2016-04-03 0:25:25 - DEBUG --> Archivo \components\com_jhotelreservation\classes\services\UserDataService.php 
2016-04-03 0:25:25 - DEBUG --> initializeUserData 
2016-04-03 0:25:25 - DEBUG --> UserData first: a:0:{} 
2016-04-03 0:25:25 - DEBUG --> UserData end:  a:0:{} 
2016-04-03 0:25:25 - DEBUG --> Archivo \components\com_jhotelreservation\classes\services\UserDataService.php 
2016-04-03 0:25:25 - DEBUG --> initializeReservationData 
2016-04-03 0:25:25 - DEBUG --> UserData: a:0:{} 
2016-04-03 0:25:25 - DEBUG --> Archivo \components\com_jhotelreservation\classes\services\UserDataService.php 
2016-04-03 0:25:25 - DEBUG --> updateUserData 
2016-04-03 0:25:25 - DEBUG --> Archivo \components\com_jhotelreservation\classes\services\UserDataService.php 
2016-04-03 0:25:25 - DEBUG --> getUserData 
2016-04-03 0:25:25 - DEBUG --> Archivo \components\com_jhotelreservation\classes\services\UserDataService.php 
2016-04-03 0:25:25 - DEBUG --> setCurrency 
2016-04-03 0:25:25 - DEBUG --> Archivo \components\com_jhotelreservation\classes\services\UserDataService.php 
2016-04-03 0:25:25 - DEBUG --> getUserData 
2016-04-03 0:25:25 - DEBUG --> Archivo \components\com_jhotelreservation\classes\services\UserDataService.php 
2016-04-03 0:25:25 - DEBUG --> getUserData 
2016-04-03 0:25:25 - DEBUG --> Archivo \components\com_jhotelreservation\classes\services\UserDataService.php 
2016-04-03 0:25:25 - DEBUG --> getUserData 
2016-04-03 0:25:25 - DEBUG --> Archivo \components\com_jhotelreservationiews\hotel	mpl\hoteloverview.php 
2016-04-03 0:25:25 - DEBUG --> Accedió 
2016-04-03 0:25:26 - DEBUG --> Archivo \components\com_jhotelreservation\classes\services\UserDataService.php 
2016-04-03 0:25:26 - DEBUG --> initializeUserData 
2016-04-03 0:25:26 - DEBUG --> UserData first: N; 
2016-04-03 0:25:26 - DEBUG --> Archivo \components\com_jhotelreservation\classes\services\UserDataService.php 
2016-04-03 0:25:26 - DEBUG --> createUserData 
2016-04-03 0:25:26 - DEBUG --> UserData end:  a:0:{} 
2016-04-03 0:25:26 - DEBUG --> Archivo \components\com_jhotelreservation\classes\services\UserDataService.php 
2016-04-03 0:25:26 - DEBUG --> initializeUserData 
2016-04-03 0:25:26 - DEBUG --> UserData first: a:0:{} 
2016-04-03 0:25:26 - DEBUG --> UserData end:  a:0:{} 
2016-04-03 0:25:26 - DEBUG --> Archivo \components\com_jhotelreservation\classes\services\UserDataService.php 
2016-04-03 0:25:26 - DEBUG --> initializeReservationData 
2016-04-03 0:25:26 - DEBUG --> UserData: a:0:{} 
2016-04-03 0:25:26 - DEBUG --> Archivo \components\com_jhotelreservation\classes\services\UserDataService.php 
2016-04-03 0:25:26 - DEBUG --> updateUserData 
2016-04-03 0:25:26 - DEBUG --> Archivo \components\com_jhotelreservation\classes\services\UserDataService.php 
2016-04-03 0:25:26 - DEBUG --> getUserData 
2016-04-03 0:25:26 - DEBUG --> Archivo \components\com_jhotelreservation\classes\services\UserDataService.php 
2016-04-03 0:25:26 - DEBUG --> setCurrency 
2016-04-03 0:25:26 - DEBUG --> Archivo \components\com_jhotelreservation\classes\services\UserDataService.php 
2016-04-03 0:25:26 - DEBUG --> getUserData 
2016-04-03 0:25:26 - DEBUG --> Archivo \components\com_jhotelreservation\classes\services\UserDataService.php 
2016-04-03 0:25:26 - DEBUG --> getUserData 
2016-04-03 0:25:26 - DEBUG --> Archivo \components\com_jhotelreservation\classes\services\UserDataService.php 
2016-04-03 0:25:26 - DEBUG --> getUserData 
2016-04-03 0:25:26 - DEBUG --> Archivo \components\com_jhotelreservationiews\hotel	mpl\hoteloverview.php 
2016-04-03 0:25:26 - DEBUG --> Accedió 
2016-04-03 0:25:27 - DEBUG --> Archivo \components\com_jhotelreservation\classes\services\UserDataService.php 
2016-04-03 0:25:27 - DEBUG --> initializeUserData 
2016-04-03 0:25:27 - DEBUG --> UserData first: N; 
2016-04-03 0:25:27 - DEBUG --> Archivo \components\com_jhotelreservation\classes\services\UserDataService.php 
2016-04-03 0:25:27 - DEBUG --> createUserData 
2016-04-03 0:25:27 - DEBUG --> UserData end:  a:0:{} 
2016-04-03 0:25:27 - DEBUG --> Archivo \components\com_jhotelreservation\classes\services\UserDataService.php 
2016-04-03 0:25:27 - DEBUG --> initializeUserData 
2016-04-03 0:25:27 - DEBUG --> UserData first: a:0:{} 
2016-04-03 0:25:27 - DEBUG --> UserData end:  a:0:{} 
2016-04-03 0:25:27 - DEBUG --> Archivo \components\com_jhotelreservation\classes\services\UserDataService.php 
2016-04-03 0:25:27 - DEBUG --> initializeReservationData 
2016-04-03 0:25:27 - DEBUG --> UserData: a:0:{} 
2016-04-03 0:25:27 - DEBUG --> Archivo \components\com_jhotelreservation\classes\services\UserDataService.php 
2016-04-03 0:25:27 - DEBUG --> updateUserData 
2016-04-03 0:25:27 - DEBUG --> Archivo \components\com_jhotelreservation\classes\services\UserDataService.php 
2016-04-03 0:25:27 - DEBUG --> getUserData 
2016-04-03 0:25:27 - DEBUG --> Archivo \components\com_jhotelreservation\classes\services\UserDataService.php 
2016-04-03 0:25:27 - DEBUG --> setCurrency 
2016-04-03 0:25:27 - DEBUG --> Archivo \components\com_jhotelreservation\classes\services\UserDataService.php 
2016-04-03 0:25:27 - DEBUG --> getUserData 
2016-04-03 0:25:27 - DEBUG --> Archivo \components\com_jhotelreservation\classes\services\UserDataService.php 
2016-04-03 0:25:27 - DEBUG --> getUserData 
2016-04-03 0:25:27 - DEBUG --> Archivo \components\com_jhotelreservation\classes\services\UserDataService.php 
2016-04-03 0:25:27 - DEBUG --> getUserData 
2016-04-03 0:25:32 - DEBUG --> Archivo \components\com_jhotelreservation\classes\services\UserDataService.php 
2016-04-03 0:25:32 - DEBUG --> initializeUserData 
2016-04-03 0:25:32 - DEBUG --> UserData first: N; 
2016-04-03 0:25:32 - DEBUG --> Archivo \components\com_jhotelreservation\classes\services\UserDataService.php 
2016-04-03 0:25:32 - DEBUG --> createUserData 
2016-04-03 0:25:32 - DEBUG --> UserData end:  a:0:{} 
2016-04-03 0:25:33 - DEBUG --> Archivo \components\com_jhotelreservation\classes\services\UserDataService.php 
2016-04-03 0:25:33 - DEBUG --> initializeUserData 
2016-04-03 0:25:33 - DEBUG --> UserData first: N; 
2016-04-03 0:25:33 - DEBUG --> Archivo \components\com_jhotelreservation\classes\services\UserDataService.php 
2016-04-03 0:25:33 - DEBUG --> createUserData 
2016-04-03 0:25:33 - DEBUG --> UserData end:  a:0:{} 
2016-04-03 0:25:33 - DEBUG --> Archivo \components\com_jhotelreservation\classes\services\UserDataService.php 
2016-04-03 0:25:33 - DEBUG --> initializeUserData 
2016-04-03 0:25:33 - DEBUG --> UserData first: a:0:{} 
2016-04-03 0:25:33 - DEBUG --> UserData end:  a:0:{} 
2016-04-03 0:25:33 - DEBUG --> Archivo \components\com_jhotelreservation\classes\services\UserDataService.php 
2016-04-03 0:25:33 - DEBUG --> initializeReservationData 
2016-04-03 0:25:33 - DEBUG --> UserData: a:0:{} 
2016-04-03 0:25:33 - DEBUG --> Archivo \components\com_jhotelreservation\classes\services\UserDataService.php 
2016-04-03 0:25:33 - DEBUG --> updateUserData 
2016-04-03 0:25:33 - DEBUG --> Archivo \components\com_jhotelreservation\classes\services\UserDataService.php 
2016-04-03 0:25:33 - DEBUG --> getUserData 
2016-04-03 0:25:33 - DEBUG --> Archivo \components\com_jhotelreservation\classes\services\UserDataService.php 
2016-04-03 0:25:33 - DEBUG --> setCurrency 
2016-04-03 0:25:33 - DEBUG --> Archivo \components\com_jhotelreservation\classes\services\UserDataService.php 
2016-04-03 0:25:33 - DEBUG --> getUserData 
2016-04-03 0:25:33 - DEBUG --> Archivo \components\com_jhotelreservation\classes\services\UserDataService.php 
2016-04-03 0:25:33 - DEBUG --> getUserData 
2016-04-03 0:25:33 - DEBUG --> Archivo \components\com_jhotelreservation\classes\services\UserDataService.php 
2016-04-03 0:25:33 - DEBUG --> getUserData 
2016-04-03 0:25:33 - DEBUG --> Archivo \components\com_jhotelreservationiews\hotel	mpl\hoteloverview.php 
2016-04-03 0:25:33 - DEBUG --> Accedió 
2016-04-03 1:32:09 - DEBUG --> Archivo \components\com_jhotelreservation\classes\services\UserDataService.php 
2016-04-03 1:32:09 - DEBUG --> initializeUserData 
2016-04-03 1:32:09 - DEBUG --> UserData first: N; 
2016-04-03 1:32:09 - DEBUG --> Archivo \components\com_jhotelreservation\classes\services\UserDataService.php 
2016-04-03 1:32:09 - DEBUG --> createUserData 
2016-04-03 1:32:09 - DEBUG --> UserData end:  a:0:{} 
2016-04-03 1:32:09 - DEBUG --> Archivo \components\com_jhotelreservation\classes\services\UserDataService.php 
2016-04-03 1:32:09 - DEBUG --> initializeUserData 
2016-04-03 1:32:09 - DEBUG --> UserData first: a:0:{} 
2016-04-03 1:32:09 - DEBUG --> UserData end:  a:0:{} 
2016-04-03 1:32:09 - DEBUG --> Archivo \components\com_jhotelreservation\classes\services\UserDataService.php 
2016-04-03 1:32:09 - DEBUG --> initializeReservationData 
2016-04-03 1:32:09 - DEBUG --> UserData: a:0:{} 
2016-04-03 1:32:09 - DEBUG --> Archivo \components\com_jhotelreservation\classes\services\UserDataService.php 
2016-04-03 1:32:09 - DEBUG --> updateUserData 
2016-04-03 1:32:09 - DEBUG --> Archivo \components\com_jhotelreservation\classes\services\UserDataService.php 
2016-04-03 1:32:09 - DEBUG --> getUserData 
2016-04-03 1:32:09 - DEBUG --> Archivo \components\com_jhotelreservation\classes\services\UserDataService.php 
2016-04-03 1:32:09 - DEBUG --> setCurrency 
2016-04-03 1:32:09 - DEBUG --> Archivo \components\com_jhotelreservation\classes\services\UserDataService.php 
2016-04-03 1:32:09 - DEBUG --> getUserData 
2016-04-03 1:32:09 - DEBUG --> Archivo \components\com_jhotelreservation\classes\services\UserDataService.php 
2016-04-03 1:32:09 - DEBUG --> getUserData 
2016-04-03 1:32:09 - DEBUG --> Archivo \components\com_jhotelreservation\classes\services\UserDataService.php 
2016-04-03 1:32:09 - DEBUG --> getUserData 
2016-04-03 1:32:09 - DEBUG --> Archivo \components\com_jhotelreservationiews\hotel	mpl\hoteloverview.php 
2016-04-03 1:32:09 - DEBUG --> Accedió 
2016-04-03 1:32:10 - DEBUG --> Archivo \components\com_jhotelreservation\classes\services\UserDataService.php 
2016-04-03 1:32:10 - DEBUG --> initializeUserData 
2016-04-03 1:32:10 - DEBUG --> UserData first: N; 
2016-04-03 1:32:10 - DEBUG --> Archivo \components\com_jhotelreservation\classes\services\UserDataService.php 
2016-04-03 1:32:10 - DEBUG --> createUserData 
2016-04-03 1:32:10 - DEBUG --> UserData end:  a:0:{} 
2016-04-03 1:32:10 - DEBUG --> Archivo \components\com_jhotelreservation\classes\services\UserDataService.php 
2016-04-03 1:32:10 - DEBUG --> initializeUserData 
2016-04-03 1:32:10 - DEBUG --> UserData first: a:0:{} 
2016-04-03 1:32:10 - DEBUG --> UserData end:  a:0:{} 
2016-04-03 1:32:10 - DEBUG --> Archivo \components\com_jhotelreservation\classes\services\UserDataService.php 
2016-04-03 1:32:10 - DEBUG --> initializeReservationData 
2016-04-03 1:32:10 - DEBUG --> UserData: a:0:{} 
2016-04-03 1:32:10 - DEBUG --> Archivo \components\com_jhotelreservation\classes\services\UserDataService.php 
2016-04-03 1:32:10 - DEBUG --> updateUserData 
2016-04-03 1:32:10 - DEBUG --> Archivo \components\com_jhotelreservation\classes\services\UserDataService.php 
2016-04-03 1:32:10 - DEBUG --> getUserData 
2016-04-03 1:32:10 - DEBUG --> Archivo \components\com_jhotelreservation\classes\services\UserDataService.php 
2016-04-03 1:32:10 - DEBUG --> setCurrency 
2016-04-03 1:32:10 - DEBUG --> Archivo \components\com_jhotelreservation\classes\services\UserDataService.php 
2016-04-03 1:32:10 - DEBUG --> getUserData 
2016-04-03 1:32:10 - DEBUG --> Archivo \components\com_jhotelreservation\classes\services\UserDataService.php 
2016-04-03 1:32:10 - DEBUG --> getUserData 
2016-04-03 1:32:10 - DEBUG --> Archivo \components\com_jhotelreservation\classes\services\UserDataService.php 
2016-04-03 1:32:10 - DEBUG --> getUserData 
2016-04-03 1:32:10 - DEBUG --> Archivo \components\com_jhotelreservationiews\hotel	mpl\hoteloverview.php 
2016-04-03 1:32:10 - DEBUG --> Accedió 
2016-04-03 1:32:11 - DEBUG --> Archivo \components\com_jhotelreservation\classes\services\UserDataService.php 
2016-04-03 1:32:11 - DEBUG --> initializeUserData 
2016-04-03 1:32:11 - DEBUG --> UserData first: N; 
2016-04-03 1:32:11 - DEBUG --> Archivo \components\com_jhotelreservation\classes\services\UserDataService.php 
2016-04-03 1:32:11 - DEBUG --> createUserData 
2016-04-03 1:32:11 - DEBUG --> UserData end:  a:0:{} 
2016-04-03 1:32:11 - DEBUG --> Archivo \components\com_jhotelreservation\classes\services\UserDataService.php 
2016-04-03 1:32:11 - DEBUG --> initializeUserData 
2016-04-03 1:32:11 - DEBUG --> UserData first: a:0:{} 
2016-04-03 1:32:11 - DEBUG --> UserData end:  a:0:{} 
2016-04-03 1:32:11 - DEBUG --> Archivo \components\com_jhotelreservation\classes\services\UserDataService.php 
2016-04-03 1:32:11 - DEBUG --> initializeReservationData 
2016-04-03 1:32:11 - DEBUG --> UserData: a:0:{} 
2016-04-03 1:32:11 - DEBUG --> Archivo \components\com_jhotelreservation\classes\services\UserDataService.php 
2016-04-03 1:32:11 - DEBUG --> updateUserData 
2016-04-03 1:32:11 - DEBUG --> Archivo \components\com_jhotelreservation\classes\services\UserDataService.php 
2016-04-03 1:32:11 - DEBUG --> getUserData 
2016-04-03 1:32:11 - DEBUG --> Archivo \components\com_jhotelreservation\classes\services\UserDataService.php 
2016-04-03 1:32:11 - DEBUG --> setCurrency 
2016-04-03 1:32:11 - DEBUG --> Archivo \components\com_jhotelreservation\classes\services\UserDataService.php 
2016-04-03 1:32:11 - DEBUG --> getUserData 
2016-04-03 1:32:11 - DEBUG --> Archivo \components\com_jhotelreservation\classes\services\UserDataService.php 
2016-04-03 1:32:11 - DEBUG --> getUserData 
2016-04-03 1:32:11 - DEBUG --> Archivo \components\com_jhotelreservation\classes\services\UserDataService.php 
2016-04-03 1:32:11 - DEBUG --> getUserData 
2016-04-03 1:32:11 - DEBUG --> Archivo \components\com_jhotelreservation\classes\services\UserDataService.php 
2016-04-03 1:32:11 - DEBUG --> initializeUserData 
2016-04-03 1:32:11 - DEBUG --> UserData first: N; 
2016-04-03 1:32:11 - DEBUG --> Archivo \components\com_jhotelreservation\classes\services\UserDataService.php 
2016-04-03 1:32:11 - DEBUG --> createUserData 
2016-04-03 1:32:11 - DEBUG --> UserData end:  a:0:{} 
2016-04-03 1:32:11 - DEBUG --> Archivo \components\com_jhotelreservation\classes\services\UserDataService.php 
2016-04-03 1:32:11 - DEBUG --> initializeUserData 
2016-04-03 1:32:11 - DEBUG --> UserData first: a:0:{} 
2016-04-03 1:32:11 - DEBUG --> UserData end:  a:0:{} 
2016-04-03 1:32:11 - DEBUG --> Archivo \components\com_jhotelreservation\classes\services\UserDataService.php 
2016-04-03 1:32:11 - DEBUG --> initializeReservationData 
2016-04-03 1:32:11 - DEBUG --> UserData: a:0:{} 
2016-04-03 1:32:11 - DEBUG --> Archivo \components\com_jhotelreservation\classes\services\UserDataService.php 
2016-04-03 1:32:11 - DEBUG --> updateUserData 
2016-04-03 1:32:11 - DEBUG --> Archivo \components\com_jhotelreservation\classes\services\UserDataService.php 
2016-04-03 1:32:11 - DEBUG --> getUserData 
2016-04-03 1:32:11 - DEBUG --> Archivo \components\com_jhotelreservation\classes\services\UserDataService.php 
2016-04-03 1:32:11 - DEBUG --> setCurrency 
2016-04-03 1:32:11 - DEBUG --> Archivo \components\com_jhotelreservation\classes\services\UserDataService.php 
2016-04-03 1:32:11 - DEBUG --> getUserData 
2016-04-03 1:32:11 - DEBUG --> Archivo \components\com_jhotelreservation\classes\services\UserDataService.php 
2016-04-03 1:32:11 - DEBUG --> getUserData 
2016-04-03 1:32:11 - DEBUG --> Archivo \components\com_jhotelreservation\classes\services\UserDataService.php 
2016-04-03 1:32:11 - DEBUG --> getUserData 
2016-04-03 1:32:11 - DEBUG --> Archivo \components\com_jhotelreservationiews\hotel	mpl\hoteloverview.php 
2016-04-03 1:32:11 - DEBUG --> Accedió 
2016-04-03 2:11:02 - DEBUG --> Archivo \components\com_jhotelreservation\classes\services\UserDataService.php 
2016-04-03 2:11:02 - DEBUG --> initializeUserData 
2016-04-03 2:11:02 - DEBUG --> UserData first: N; 
2016-04-03 2:11:02 - DEBUG --> Archivo \components\com_jhotelreservation\classes\services\UserDataService.php 
2016-04-03 2:11:02 - DEBUG --> createUserData 
2016-04-03 2:11:02 - DEBUG --> UserData end:  a:0:{} 
2016-04-03 2:11:02 - DEBUG --> Archivo \components\com_jhotelreservation\classes\services\UserDataService.php 
2016-04-03 2:11:02 - DEBUG --> initializeUserData 
2016-04-03 2:11:02 - DEBUG --> UserData first: a:0:{} 
2016-04-03 2:11:02 - DEBUG --> UserData end:  a:0:{} 
2016-04-03 2:11:02 - DEBUG --> Archivo \components\com_jhotelreservation\classes\services\UserDataService.php 
2016-04-03 2:11:02 - DEBUG --> initializeReservationData 
2016-04-03 2:11:02 - DEBUG --> UserData: a:0:{} 
2016-04-03 2:11:02 - DEBUG --> Archivo \components\com_jhotelreservation\classes\services\UserDataService.php 
2016-04-03 2:11:02 - DEBUG --> updateUserData 
2016-04-03 2:11:02 - DEBUG --> Archivo \components\com_jhotelreservation\classes\services\UserDataService.php 
2016-04-03 2:11:02 - DEBUG --> getUserData 
2016-04-03 2:11:02 - DEBUG --> Archivo \components\com_jhotelreservation\classes\services\UserDataService.php 
2016-04-03 2:11:02 - DEBUG --> setCurrency 
2016-04-03 2:11:02 - DEBUG --> Archivo \components\com_jhotelreservation\classes\services\UserDataService.php 
2016-04-03 2:11:02 - DEBUG --> getUserData 
2016-04-03 2:11:02 - DEBUG --> Archivo \components\com_jhotelreservation\classes\services\UserDataService.php 
2016-04-03 2:11:02 - DEBUG --> getUserData 
2016-04-03 2:11:02 - DEBUG --> Archivo \components\com_jhotelreservation\classes\services\UserDataService.php 
2016-04-03 2:11:02 - DEBUG --> getUserData 
2016-04-03 2:11:02 - DEBUG --> Archivo \components\com_jhotelreservationiews\hotel	mpl\hoteloverview.php 
2016-04-03 2:11:02 - DEBUG --> Accedió 
2016-04-03 5:54:23 - DEBUG --> Archivo \components\com_jhotelreservation\classes\services\UserDataService.php 
2016-04-03 5:54:23 - DEBUG --> initializeUserData 
2016-04-03 5:54:23 - DEBUG --> UserData first: N; 
2016-04-03 5:54:23 - DEBUG --> Archivo \components\com_jhotelreservation\classes\services\UserDataService.php 
2016-04-03 5:54:23 - DEBUG --> createUserData 
2016-04-03 5:54:23 - DEBUG --> UserData end:  a:0:{} 
2016-04-03 5:54:23 - DEBUG --> Archivo \components\com_jhotelreservation\classes\services\UserDataService.php 
2016-04-03 5:54:23 - DEBUG --> initializeUserData 
2016-04-03 5:54:23 - DEBUG --> UserData first: a:0:{} 
2016-04-03 5:54:23 - DEBUG --> UserData end:  a:0:{} 
2016-04-03 5:54:23 - DEBUG --> Archivo \components\com_jhotelreservation\classes\services\UserDataService.php 
2016-04-03 5:54:23 - DEBUG --> initializeReservationData 
2016-04-03 5:54:23 - DEBUG --> UserData: a:0:{} 
2016-04-03 5:54:23 - DEBUG --> Archivo \components\com_jhotelreservation\classes\services\UserDataService.php 
2016-04-03 5:54:23 - DEBUG --> updateUserData 
2016-04-03 5:54:23 - DEBUG --> Archivo \components\com_jhotelreservation\classes\services\UserDataService.php 
2016-04-03 5:54:23 - DEBUG --> getUserData 
2016-04-03 5:54:23 - DEBUG --> Archivo \components\com_jhotelreservation\classes\services\UserDataService.php 
2016-04-03 5:54:23 - DEBUG --> setCurrency 
2016-04-03 5:54:23 - DEBUG --> Archivo \components\com_jhotelreservation\classes\services\UserDataService.php 
2016-04-03 5:54:23 - DEBUG --> getUserData 
2016-04-03 5:54:23 - DEBUG --> Archivo \components\com_jhotelreservation\classes\services\UserDataService.php 
2016-04-03 5:54:23 - DEBUG --> getUserData 
2016-04-03 5:54:23 - DEBUG --> Archivo \components\com_jhotelreservation\classes\services\UserDataService.php 
2016-04-03 5:54:23 - DEBUG --> getUserData 
2016-04-03 5:54:23 - DEBUG --> Archivo \components\com_jhotelreservationiews\hotel	mpl\hoteloverview.php 
2016-04-03 5:54:23 - DEBUG --> Accedió 
2016-04-03 7:32:48 - DEBUG --> Archivo \components\com_jhotelreservation\classes\services\UserDataService.php 
2016-04-03 7:32:48 - DEBUG --> initializeUserData 
2016-04-03 7:32:48 - DEBUG --> UserData first: N; 
2016-04-03 7:32:48 - DEBUG --> Archivo \components\com_jhotelreservation\classes\services\UserDataService.php 
2016-04-03 7:32:48 - DEBUG --> createUserData 
2016-04-03 7:32:48 - DEBUG --> UserData end:  a:0:{} 
2016-04-03 7:32:48 - DEBUG --> Archivo \components\com_jhotelreservation\classes\services\UserDataService.php 
2016-04-03 7:32:48 - DEBUG --> initializeUserData 
2016-04-03 7:32:48 - DEBUG --> UserData first: a:0:{} 
2016-04-03 7:32:48 - DEBUG --> UserData end:  a:0:{} 
2016-04-03 7:32:48 - DEBUG --> Archivo \components\com_jhotelreservation\classes\services\UserDataService.php 
2016-04-03 7:32:48 - DEBUG --> initializeReservationData 
2016-04-03 7:32:48 - DEBUG --> UserData: a:0:{} 
2016-04-03 7:32:48 - DEBUG --> Archivo \components\com_jhotelreservation\classes\services\UserDataService.php 
2016-04-03 7:32:48 - DEBUG --> updateUserData 
2016-04-03 7:32:48 - DEBUG --> Archivo \components\com_jhotelreservation\classes\services\UserDataService.php 
2016-04-03 7:32:48 - DEBUG --> getUserData 
2016-04-03 7:32:48 - DEBUG --> Archivo \components\com_jhotelreservation\classes\services\UserDataService.php 
2016-04-03 7:32:48 - DEBUG --> setCurrency 
2016-04-03 7:32:48 - DEBUG --> Archivo \components\com_jhotelreservation\classes\services\UserDataService.php 
2016-04-03 7:32:48 - DEBUG --> getUserData 
2016-04-03 7:32:48 - DEBUG --> Archivo \components\com_jhotelreservation\classes\services\UserDataService.php 
2016-04-03 7:32:48 - DEBUG --> getUserData 
2016-04-03 7:32:48 - DEBUG --> Archivo \components\com_jhotelreservation\classes\services\UserDataService.php 
2016-04-03 7:32:48 - DEBUG --> getUserData 
2016-04-03 7:45:17 - DEBUG --> Archivo \components\com_jhotelreservation\classes\services\UserDataService.php 
2016-04-03 7:45:17 - DEBUG --> initializeUserData 
2016-04-03 7:45:17 - DEBUG --> UserData first: N; 
2016-04-03 7:45:17 - DEBUG --> Archivo \components\com_jhotelreservation\classes\services\UserDataService.php 
2016-04-03 7:45:17 - DEBUG --> createUserData 
2016-04-03 7:45:17 - DEBUG --> UserData end:  a:0:{} 
2016-04-03 7:45:17 - DEBUG --> Archivo \components\com_jhotelreservation\classes\services\UserDataService.php 
2016-04-03 7:45:17 - DEBUG --> initializeUserData 
2016-04-03 7:45:17 - DEBUG --> UserData first: a:0:{} 
2016-04-03 7:45:17 - DEBUG --> UserData end:  a:0:{} 
2016-04-03 7:45:17 - DEBUG --> Archivo \components\com_jhotelreservation\classes\services\UserDataService.php 
2016-04-03 7:45:17 - DEBUG --> initializeReservationData 
2016-04-03 7:45:17 - DEBUG --> UserData: a:0:{} 
2016-04-03 7:45:17 - DEBUG --> Archivo \components\com_jhotelreservation\classes\services\UserDataService.php 
2016-04-03 7:45:17 - DEBUG --> updateUserData 
2016-04-03 7:45:17 - DEBUG --> Archivo \components\com_jhotelreservation\classes\services\UserDataService.php 
2016-04-03 7:45:17 - DEBUG --> getUserData 
2016-04-03 7:45:17 - DEBUG --> Archivo \components\com_jhotelreservation\classes\services\UserDataService.php 
2016-04-03 7:45:17 - DEBUG --> setCurrency 
2016-04-03 7:45:17 - DEBUG --> Archivo \components\com_jhotelreservation\classes\services\UserDataService.php 
2016-04-03 7:45:17 - DEBUG --> getUserData 
2016-04-03 7:45:17 - DEBUG --> Archivo \components\com_jhotelreservation\classes\services\UserDataService.php 
2016-04-03 7:45:17 - DEBUG --> getUserData 
2016-04-03 7:45:17 - DEBUG --> Archivo \components\com_jhotelreservation\classes\services\UserDataService.php 
2016-04-03 7:45:17 - DEBUG --> getUserData 
2016-04-03 8:59:09 - DEBUG --> Archivo \components\com_jhotelreservation\classes\services\UserDataService.php 
2016-04-03 8:59:09 - DEBUG --> initializeUserData 
2016-04-03 8:59:09 - DEBUG --> UserData first: N; 
2016-04-03 8:59:09 - DEBUG --> Archivo \components\com_jhotelreservation\classes\services\UserDataService.php 
2016-04-03 8:59:09 - DEBUG --> createUserData 
2016-04-03 8:59:09 - DEBUG --> UserData end:  a:0:{} 
2016-04-03 8:59:09 - DEBUG --> Archivo \components\com_jhotelreservation\classes\services\UserDataService.php 
2016-04-03 8:59:09 - DEBUG --> initializeUserData 
2016-04-03 8:59:09 - DEBUG --> UserData first: a:0:{} 
2016-04-03 8:59:09 - DEBUG --> UserData end:  a:0:{} 
2016-04-03 8:59:09 - DEBUG --> Archivo \components\com_jhotelreservation\classes\services\UserDataService.php 
2016-04-03 8:59:09 - DEBUG --> initializeReservationData 
2016-04-03 8:59:09 - DEBUG --> UserData: a:0:{} 
2016-04-03 8:59:09 - DEBUG --> Archivo \components\com_jhotelreservation\classes\services\UserDataService.php 
2016-04-03 8:59:09 - DEBUG --> updateUserData 
2016-04-03 8:59:09 - DEBUG --> Archivo \components\com_jhotelreservation\classes\services\UserDataService.php 
2016-04-03 8:59:09 - DEBUG --> getUserData 
2016-04-03 8:59:09 - DEBUG --> Archivo \components\com_jhotelreservation\classes\services\UserDataService.php 
2016-04-03 8:59:09 - DEBUG --> setCurrency 
2016-04-03 8:59:09 - DEBUG --> Archivo \components\com_jhotelreservation\classes\services\UserDataService.php 
2016-04-03 8:59:09 - DEBUG --> getUserData 
2016-04-03 8:59:09 - DEBUG --> Archivo \components\com_jhotelreservation\classes\services\UserDataService.php 
2016-04-03 8:59:09 - DEBUG --> getUserData 
2016-04-03 8:59:09 - DEBUG --> Archivo \components\com_jhotelreservation\classes\services\UserDataService.php 
2016-04-03 8:59:09 - DEBUG --> getUserData 
2016-04-03 10:09:48 - DEBUG --> Archivo \components\com_jhotelreservation\classes\services\UserDataService.php 
2016-04-03 10:09:48 - DEBUG --> initializeUserData 
2016-04-03 10:09:48 - DEBUG --> UserData first: N; 
2016-04-03 10:09:48 - DEBUG --> Archivo \components\com_jhotelreservation\classes\services\UserDataService.php 
2016-04-03 10:09:48 - DEBUG --> createUserData 
2016-04-03 10:09:48 - DEBUG --> UserData end:  a:0:{} 
2016-04-03 10:09:48 - DEBUG --> Archivo \components\com_jhotelreservation\classes\services\UserDataService.php 
2016-04-03 10:09:48 - DEBUG --> initializeUserData 
2016-04-03 10:09:48 - DEBUG --> UserData first: a:0:{} 
2016-04-03 10:09:48 - DEBUG --> UserData end:  a:0:{} 
2016-04-03 10:09:48 - DEBUG --> Archivo \components\com_jhotelreservation\classes\services\UserDataService.php 
2016-04-03 10:09:48 - DEBUG --> initializeReservationData 
2016-04-03 10:09:48 - DEBUG --> UserData: a:0:{} 
2016-04-03 10:09:48 - DEBUG --> Archivo \components\com_jhotelreservation\classes\services\UserDataService.php 
2016-04-03 10:09:48 - DEBUG --> updateUserData 
2016-04-03 10:09:48 - DEBUG --> Archivo \components\com_jhotelreservation\classes\services\UserDataService.php 
2016-04-03 10:09:48 - DEBUG --> getUserData 
2016-04-03 10:09:48 - DEBUG --> Archivo \components\com_jhotelreservation\classes\services\UserDataService.php 
2016-04-03 10:09:48 - DEBUG --> setCurrency 
2016-04-03 10:09:48 - DEBUG --> Archivo \components\com_jhotelreservation\classes\services\UserDataService.php 
2016-04-03 10:09:48 - DEBUG --> getUserData 
2016-04-03 10:09:48 - DEBUG --> Archivo \components\com_jhotelreservation\classes\services\UserDataService.php 
2016-04-03 10:09:48 - DEBUG --> getUserData 
2016-04-03 10:09:48 - DEBUG --> Archivo \components\com_jhotelreservation\classes\services\UserDataService.php 
2016-04-03 10:09:48 - DEBUG --> getUserData 
2016-04-03 10:09:48 - DEBUG --> Archivo \components\com_jhotelreservationiews\hotel	mpl\hoteloverview.php 
2016-04-03 10:09:48 - DEBUG --> Accedió 
2016-04-03 12:25:17 - DEBUG --> Archivo \components\com_jhotelreservation\classes\services\UserDataService.php 
2016-04-03 12:25:17 - DEBUG --> initializeUserData 
2016-04-03 12:25:17 - DEBUG --> UserData first: N; 
2016-04-03 12:25:17 - DEBUG --> Archivo \components\com_jhotelreservation\classes\services\UserDataService.php 
2016-04-03 12:25:17 - DEBUG --> createUserData 
2016-04-03 12:25:17 - DEBUG --> UserData end:  a:0:{} 
2016-04-03 12:25:17 - DEBUG --> Archivo \components\com_jhotelreservation\classes\services\UserDataService.php 
2016-04-03 12:25:17 - DEBUG --> initializeUserData 
2016-04-03 12:25:17 - DEBUG --> UserData first: a:0:{} 
2016-04-03 12:25:17 - DEBUG --> UserData end:  a:0:{} 
2016-04-03 12:25:17 - DEBUG --> Archivo \components\com_jhotelreservation\classes\services\UserDataService.php 
2016-04-03 12:25:17 - DEBUG --> initializeReservationData 
2016-04-03 12:25:17 - DEBUG --> UserData: a:0:{} 
2016-04-03 12:25:17 - DEBUG --> Archivo \components\com_jhotelreservation\classes\services\UserDataService.php 
2016-04-03 12:25:17 - DEBUG --> updateUserData 
2016-04-03 12:25:17 - DEBUG --> Archivo \components\com_jhotelreservation\classes\services\UserDataService.php 
2016-04-03 12:25:17 - DEBUG --> getUserData 
2016-04-03 12:25:17 - DEBUG --> Archivo \components\com_jhotelreservation\classes\services\UserDataService.php 
2016-04-03 12:25:17 - DEBUG --> setCurrency 
2016-04-03 12:25:17 - DEBUG --> Archivo \components\com_jhotelreservation\classes\services\UserDataService.php 
2016-04-03 12:25:17 - DEBUG --> getUserData 
2016-04-03 12:25:17 - DEBUG --> Archivo \components\com_jhotelreservation\classes\services\UserDataService.php 
2016-04-03 12:25:17 - DEBUG --> getUserData 
2016-04-03 12:25:17 - DEBUG --> Archivo \components\com_jhotelreservation\classes\services\UserDataService.php 
2016-04-03 12:25:17 - DEBUG --> getUserData 
2016-04-03 12:25:17 - DEBUG --> Archivo \components\com_jhotelreservationiews\hotel	mpl\hoteloverview.php 
2016-04-03 12:25:17 - DEBUG --> Accedió 
2016-04-03 12:56:17 - DEBUG --> Archivo \components\com_jhotelreservation\classes\services\UserDataService.php 
2016-04-03 12:56:17 - DEBUG --> initializeUserData 
2016-04-03 12:56:17 - DEBUG --> UserData first: N; 
2016-04-03 12:56:17 - DEBUG --> Archivo \components\com_jhotelreservation\classes\services\UserDataService.php 
2016-04-03 12:56:17 - DEBUG --> createUserData 
2016-04-03 12:56:17 - DEBUG --> UserData end:  a:0:{} 
2016-04-03 12:56:17 - DEBUG --> Archivo \components\com_jhotelreservation\classes\services\UserDataService.php 
2016-04-03 12:56:17 - DEBUG --> initializeUserData 
2016-04-03 12:56:17 - DEBUG --> UserData first: a:0:{} 
2016-04-03 12:56:17 - DEBUG --> UserData end:  a:0:{} 
2016-04-03 12:56:17 - DEBUG --> Archivo \components\com_jhotelreservation\classes\services\UserDataService.php 
2016-04-03 12:56:17 - DEBUG --> initializeReservationData 
2016-04-03 12:56:17 - DEBUG --> UserData: a:0:{} 
2016-04-03 12:56:17 - DEBUG --> Archivo \components\com_jhotelreservation\classes\services\UserDataService.php 
2016-04-03 12:56:17 - DEBUG --> updateUserData 
2016-04-03 12:56:17 - DEBUG --> Archivo \components\com_jhotelreservation\classes\services\UserDataService.php 
2016-04-03 12:56:17 - DEBUG --> getUserData 
2016-04-03 12:56:17 - DEBUG --> Archivo \components\com_jhotelreservation\classes\services\UserDataService.php 
2016-04-03 12:56:17 - DEBUG --> setCurrency 
2016-04-03 12:56:17 - DEBUG --> Archivo \components\com_jhotelreservation\classes\services\UserDataService.php 
2016-04-03 12:56:17 - DEBUG --> getUserData 
2016-04-03 12:56:17 - DEBUG --> Archivo \components\com_jhotelreservation\classes\services\UserDataService.php 
2016-04-03 12:56:17 - DEBUG --> getUserData 
2016-04-03 12:56:17 - DEBUG --> Archivo \components\com_jhotelreservation\classes\services\UserDataService.php 
2016-04-03 12:56:17 - DEBUG --> getUserData 
2016-04-03 12:56:17 - DEBUG --> Archivo \components\com_jhotelreservationiews\hotel	mpl\hoteloverview.php 
2016-04-03 12:56:17 - DEBUG --> Accedió 
2016-04-03 13:03:41 - DEBUG --> Archivo \components\com_jhotelreservation\classes\services\UserDataService.php 
2016-04-03 13:03:41 - DEBUG --> initializeUserData 
2016-04-03 13:03:41 - DEBUG --> UserData first: N; 
2016-04-03 13:03:41 - DEBUG --> Archivo \components\com_jhotelreservation\classes\services\UserDataService.php 
2016-04-03 13:03:41 - DEBUG --> createUserData 
2016-04-03 13:03:41 - DEBUG --> UserData end:  a:0:{} 
2016-04-03 13:03:41 - DEBUG --> Archivo \components\com_jhotelreservation\classes\services\UserDataService.php 
2016-04-03 13:03:41 - DEBUG --> initializeUserData 
2016-04-03 13:03:41 - DEBUG --> UserData first: a:0:{} 
2016-04-03 13:03:41 - DEBUG --> UserData end:  a:0:{} 
2016-04-03 13:03:41 - DEBUG --> Archivo \components\com_jhotelreservation\classes\services\UserDataService.php 
2016-04-03 13:03:41 - DEBUG --> initializeReservationData 
2016-04-03 13:03:41 - DEBUG --> UserData: a:0:{} 
2016-04-03 13:03:41 - DEBUG --> Archivo \components\com_jhotelreservation\classes\services\UserDataService.php 
2016-04-03 13:03:41 - DEBUG --> updateUserData 
2016-04-03 13:03:41 - DEBUG --> Archivo \components\com_jhotelreservation\classes\services\UserDataService.php 
2016-04-03 13:03:41 - DEBUG --> getUserData 
2016-04-03 13:03:41 - DEBUG --> Archivo \components\com_jhotelreservation\classes\services\UserDataService.php 
2016-04-03 13:03:41 - DEBUG --> setCurrency 
2016-04-03 13:03:41 - DEBUG --> Archivo \components\com_jhotelreservation\classes\services\UserDataService.php 
2016-04-03 13:03:41 - DEBUG --> getUserData 
2016-04-03 13:03:41 - DEBUG --> Archivo \components\com_jhotelreservation\classes\services\UserDataService.php 
2016-04-03 13:03:41 - DEBUG --> getUserData 
2016-04-03 13:03:41 - DEBUG --> Archivo \components\com_jhotelreservation\classes\services\UserDataService.php 
2016-04-03 13:03:41 - DEBUG --> getUserData 
2016-04-03 13:03:42 - DEBUG --> Archivo \components\com_jhotelreservationiews\hotel	mpl\hoteloverview.php 
2016-04-03 13:03:42 - DEBUG --> Accedió 
2016-04-03 13:20:57 - DEBUG --> Archivo \components\com_jhotelreservation\classes\services\UserDataService.php 
2016-04-03 13:20:57 - DEBUG --> initializeUserData 
2016-04-03 13:20:57 - DEBUG --> UserData first: N; 
2016-04-03 13:20:57 - DEBUG --> Archivo \components\com_jhotelreservation\classes\services\UserDataService.php 
2016-04-03 13:20:57 - DEBUG --> createUserData 
2016-04-03 13:20:57 - DEBUG --> UserData end:  a:0:{} 
2016-04-03 13:20:57 - DEBUG --> Archivo \components\com_jhotelreservation\classes\services\UserDataService.php 
2016-04-03 13:20:57 - DEBUG --> initializeUserData 
2016-04-03 13:20:57 - DEBUG --> UserData first: a:0:{} 
2016-04-03 13:20:57 - DEBUG --> UserData end:  a:0:{} 
2016-04-03 13:20:57 - DEBUG --> Archivo \components\com_jhotelreservation\classes\services\UserDataService.php 
2016-04-03 13:20:57 - DEBUG --> initializeReservationData 
2016-04-03 13:20:57 - DEBUG --> UserData: a:0:{} 
2016-04-03 13:20:57 - DEBUG --> Archivo \components\com_jhotelreservation\classes\services\UserDataService.php 
2016-04-03 13:20:57 - DEBUG --> updateUserData 
2016-04-03 13:20:57 - DEBUG --> Archivo \components\com_jhotelreservation\classes\services\UserDataService.php 
2016-04-03 13:20:57 - DEBUG --> getUserData 
2016-04-03 13:20:57 - DEBUG --> Archivo \components\com_jhotelreservation\classes\services\UserDataService.php 
2016-04-03 13:20:57 - DEBUG --> setCurrency 
2016-04-03 13:20:57 - DEBUG --> Archivo \components\com_jhotelreservation\classes\services\UserDataService.php 
2016-04-03 13:20:57 - DEBUG --> getUserData 
2016-04-03 13:20:57 - DEBUG --> Archivo \components\com_jhotelreservation\classes\services\UserDataService.php 
2016-04-03 13:20:57 - DEBUG --> getUserData 
2016-04-03 13:20:57 - DEBUG --> Archivo \components\com_jhotelreservation\classes\services\UserDataService.php 
2016-04-03 13:20:57 - DEBUG --> getUserData 
2016-04-03 13:30:16 - DEBUG --> Archivo \components\com_jhotelreservation\classes\services\UserDataService.php 
2016-04-03 13:30:16 - DEBUG --> initializeUserData 
2016-04-03 13:30:16 - DEBUG --> UserData first: N; 
2016-04-03 13:30:16 - DEBUG --> Archivo \components\com_jhotelreservation\classes\services\UserDataService.php 
2016-04-03 13:30:16 - DEBUG --> createUserData 
2016-04-03 13:30:16 - DEBUG --> UserData end:  a:0:{} 
2016-04-03 13:30:16 - DEBUG --> Archivo \components\com_jhotelreservation\classes\services\UserDataService.php 
2016-04-03 13:30:16 - DEBUG --> initializeUserData 
2016-04-03 13:30:16 - DEBUG --> UserData first: a:0:{} 
2016-04-03 13:30:16 - DEBUG --> UserData end:  a:0:{} 
2016-04-03 13:30:16 - DEBUG --> Archivo \components\com_jhotelreservation\classes\services\UserDataService.php 
2016-04-03 13:30:16 - DEBUG --> initializeReservationData 
2016-04-03 13:30:16 - DEBUG --> UserData: a:0:{} 
2016-04-03 13:30:16 - DEBUG --> Archivo \components\com_jhotelreservation\classes\services\UserDataService.php 
2016-04-03 13:30:16 - DEBUG --> updateUserData 
2016-04-03 13:30:16 - DEBUG --> Archivo \components\com_jhotelreservation\classes\services\UserDataService.php 
2016-04-03 13:30:16 - DEBUG --> getUserData 
2016-04-03 13:30:16 - DEBUG --> Archivo \components\com_jhotelreservation\classes\services\UserDataService.php 
2016-04-03 13:30:16 - DEBUG --> setCurrency 
2016-04-03 13:30:16 - DEBUG --> Archivo \components\com_jhotelreservation\classes\services\UserDataService.php 
2016-04-03 13:30:16 - DEBUG --> getUserData 
2016-04-03 13:30:16 - DEBUG --> Archivo \components\com_jhotelreservation\classes\services\UserDataService.php 
2016-04-03 13:30:16 - DEBUG --> getUserData 
2016-04-03 13:30:16 - DEBUG --> Archivo \components\com_jhotelreservation\classes\services\UserDataService.php 
2016-04-03 13:30:16 - DEBUG --> getUserData 
2016-04-03 13:30:16 - DEBUG --> Archivo \components\com_jhotelreservationiews\hotel	mpl\hoteloverview.php 
2016-04-03 13:30:16 - DEBUG --> Accedió 
2016-04-03 14:16:38 - DEBUG --> Archivo \components\com_jhotelreservation\classes\services\UserDataService.php 
2016-04-03 14:16:38 - DEBUG --> initializeUserData 
2016-04-03 14:16:38 - DEBUG --> UserData first: N; 
2016-04-03 14:16:38 - DEBUG --> Archivo \components\com_jhotelreservation\classes\services\UserDataService.php 
2016-04-03 14:16:38 - DEBUG --> createUserData 
2016-04-03 14:16:38 - DEBUG --> UserData end:  a:0:{} 
2016-04-03 14:16:38 - DEBUG --> Archivo \components\com_jhotelreservation\classes\services\UserDataService.php 
2016-04-03 14:16:38 - DEBUG --> initializeUserData 
2016-04-03 14:16:38 - DEBUG --> UserData first: a:0:{} 
2016-04-03 14:16:38 - DEBUG --> UserData end:  a:0:{} 
2016-04-03 14:16:38 - DEBUG --> Archivo \components\com_jhotelreservation\classes\services\UserDataService.php 
2016-04-03 14:16:38 - DEBUG --> initializeReservationData 
2016-04-03 14:16:38 - DEBUG --> UserData: a:0:{} 
2016-04-03 14:16:38 - DEBUG --> Archivo \components\com_jhotelreservation\classes\services\UserDataService.php 
2016-04-03 14:16:38 - DEBUG --> updateUserData 
2016-04-03 14:16:38 - DEBUG --> Archivo \components\com_jhotelreservation\classes\services\UserDataService.php 
2016-04-03 14:16:38 - DEBUG --> getUserData 
2016-04-03 14:16:38 - DEBUG --> Archivo \components\com_jhotelreservation\classes\services\UserDataService.php 
2016-04-03 14:16:38 - DEBUG --> setCurrency 
2016-04-03 14:16:38 - DEBUG --> Archivo \components\com_jhotelreservation\classes\services\UserDataService.php 
2016-04-03 14:16:38 - DEBUG --> getUserData 
2016-04-03 14:16:38 - DEBUG --> Archivo \components\com_jhotelreservation\classes\services\UserDataService.php 
2016-04-03 14:16:38 - DEBUG --> getUserData 
2016-04-03 14:16:38 - DEBUG --> Archivo \components\com_jhotelreservation\classes\services\UserDataService.php 
2016-04-03 14:16:38 - DEBUG --> getUserData 
2016-04-03 14:16:38 - DEBUG --> Archivo \components\com_jhotelreservationiews\hotel	mpl\hoteloverview.php 
2016-04-03 14:16:38 - DEBUG --> Accedió 
2016-04-03 14:19:49 - DEBUG --> Archivo \components\com_jhotelreservation\classes\services\UserDataService.php 
2016-04-03 14:19:49 - DEBUG --> initializeUserData 
2016-04-03 14:19:49 - DEBUG --> UserData first: N; 
2016-04-03 14:19:49 - DEBUG --> Archivo \components\com_jhotelreservation\classes\services\UserDataService.php 
2016-04-03 14:19:49 - DEBUG --> createUserData 
2016-04-03 14:19:49 - DEBUG --> UserData end:  a:0:{} 
2016-04-03 14:19:49 - DEBUG --> Archivo \components\com_jhotelreservation\classes\services\UserDataService.php 
2016-04-03 14:19:49 - DEBUG --> initializeUserData 
2016-04-03 14:19:49 - DEBUG --> UserData first: a:0:{} 
2016-04-03 14:19:49 - DEBUG --> UserData end:  a:0:{} 
2016-04-03 14:19:49 - DEBUG --> Archivo \components\com_jhotelreservation\classes\services\UserDataService.php 
2016-04-03 14:19:49 - DEBUG --> initializeReservationData 
2016-04-03 14:19:49 - DEBUG --> UserData: a:0:{} 
2016-04-03 14:19:49 - DEBUG --> Archivo \components\com_jhotelreservation\classes\services\UserDataService.php 
2016-04-03 14:19:49 - DEBUG --> updateUserData 
2016-04-03 14:19:49 - DEBUG --> Archivo \components\com_jhotelreservation\classes\services\UserDataService.php 
2016-04-03 14:19:49 - DEBUG --> getUserData 
2016-04-03 14:19:49 - DEBUG --> Archivo \components\com_jhotelreservation\classes\services\UserDataService.php 
2016-04-03 14:19:49 - DEBUG --> setCurrency 
2016-04-03 14:19:49 - DEBUG --> Archivo \components\com_jhotelreservation\classes\services\UserDataService.php 
2016-04-03 14:19:49 - DEBUG --> getUserData 
2016-04-03 14:19:49 - DEBUG --> Archivo \components\com_jhotelreservation\classes\services\UserDataService.php 
2016-04-03 14:19:49 - DEBUG --> getUserData 
2016-04-03 14:19:49 - DEBUG --> Archivo \components\com_jhotelreservation\classes\services\UserDataService.php 
2016-04-03 14:19:49 - DEBUG --> getUserData 
2016-04-03 14:19:49 - DEBUG --> Archivo \components\com_jhotelreservationiews\hotel	mpl\hoteloverview.php 
2016-04-03 14:19:49 - DEBUG --> Accedió 
2016-04-03 15:03:47 - DEBUG --> Archivo \components\com_jhotelreservation\classes\services\UserDataService.php 
2016-04-03 15:03:47 - DEBUG --> initializeUserData 
2016-04-03 15:03:47 - DEBUG --> UserData first: N; 
2016-04-03 15:03:47 - DEBUG --> Archivo \components\com_jhotelreservation\classes\services\UserDataService.php 
2016-04-03 15:03:47 - DEBUG --> createUserData 
2016-04-03 15:03:47 - DEBUG --> UserData end:  a:0:{} 
2016-04-03 15:03:47 - DEBUG --> Archivo \components\com_jhotelreservation\classes\services\UserDataService.php 
2016-04-03 15:03:47 - DEBUG --> initializeUserData 
2016-04-03 15:03:47 - DEBUG --> UserData first: a:0:{} 
2016-04-03 15:03:47 - DEBUG --> UserData end:  a:0:{} 
2016-04-03 15:03:47 - DEBUG --> Archivo \components\com_jhotelreservation\classes\services\UserDataService.php 
2016-04-03 15:03:47 - DEBUG --> initializeReservationData 
2016-04-03 15:03:47 - DEBUG --> UserData: a:0:{} 
2016-04-03 15:03:47 - DEBUG --> Archivo \components\com_jhotelreservation\classes\services\UserDataService.php 
2016-04-03 15:03:47 - DEBUG --> updateUserData 
2016-04-03 15:03:47 - DEBUG --> Archivo \components\com_jhotelreservation\classes\services\UserDataService.php 
2016-04-03 15:03:47 - DEBUG --> getUserData 
2016-04-03 15:03:47 - DEBUG --> Archivo \components\com_jhotelreservation\classes\services\UserDataService.php 
2016-04-03 15:03:47 - DEBUG --> setCurrency 
2016-04-03 15:03:47 - DEBUG --> Archivo \components\com_jhotelreservation\classes\services\UserDataService.php 
2016-04-03 15:03:47 - DEBUG --> getUserData 
2016-04-03 15:03:47 - DEBUG --> Archivo \components\com_jhotelreservation\classes\services\UserDataService.php 
2016-04-03 15:03:47 - DEBUG --> getUserData 
2016-04-03 15:03:47 - DEBUG --> Archivo \components\com_jhotelreservation\classes\services\UserDataService.php 
2016-04-03 15:03:47 - DEBUG --> getUserData 
2016-04-03 15:03:47 - DEBUG --> Archivo \components\com_jhotelreservationiews\hotel	mpl\hoteloverview.php 
2016-04-03 15:03:47 - DEBUG --> Accedió 
2016-04-03 16:44:38 - DEBUG --> Archivo \components\com_jhotelreservation\classes\services\UserDataService.php 
2016-04-03 16:44:38 - DEBUG --> initializeUserData 
2016-04-03 16:44:38 - DEBUG --> UserData first: N; 
2016-04-03 16:44:38 - DEBUG --> Archivo \components\com_jhotelreservation\classes\services\UserDataService.php 
2016-04-03 16:44:38 - DEBUG --> createUserData 
2016-04-03 16:44:38 - DEBUG --> UserData end:  a:0:{} 
2016-04-03 16:44:38 - DEBUG --> Archivo \components\com_jhotelreservation\classes\services\UserDataService.php 
2016-04-03 16:44:38 - DEBUG --> initializeUserData 
2016-04-03 16:44:38 - DEBUG --> UserData first: a:0:{} 
2016-04-03 16:44:38 - DEBUG --> UserData end:  a:0:{} 
2016-04-03 16:44:38 - DEBUG --> Archivo \components\com_jhotelreservation\classes\services\UserDataService.php 
2016-04-03 16:44:38 - DEBUG --> initializeReservationData 
2016-04-03 16:44:38 - DEBUG --> UserData: a:0:{} 
2016-04-03 16:44:38 - DEBUG --> Archivo \components\com_jhotelreservation\classes\services\UserDataService.php 
2016-04-03 16:44:38 - DEBUG --> updateUserData 
2016-04-03 16:44:38 - DEBUG --> Archivo \components\com_jhotelreservation\classes\services\UserDataService.php 
2016-04-03 16:44:38 - DEBUG --> getUserData 
2016-04-03 16:44:38 - DEBUG --> Archivo \components\com_jhotelreservation\classes\services\UserDataService.php 
2016-04-03 16:44:38 - DEBUG --> setCurrency 
2016-04-03 16:44:38 - DEBUG --> Archivo \components\com_jhotelreservation\classes\services\UserDataService.php 
2016-04-03 16:44:38 - DEBUG --> getUserData 
2016-04-03 16:44:38 - DEBUG --> Archivo \components\com_jhotelreservation\classes\services\UserDataService.php 
2016-04-03 16:44:38 - DEBUG --> getUserData 
2016-04-03 16:44:38 - DEBUG --> Archivo \components\com_jhotelreservation\classes\services\UserDataService.php 
2016-04-03 16:44:38 - DEBUG --> getUserData 
2016-04-03 16:44:38 - DEBUG --> Archivo \components\com_jhotelreservationiews\hotel	mpl\hoteloverview.php 
2016-04-03 16:44:38 - DEBUG --> Accedió 
2016-04-03 18:16:04 - DEBUG --> Archivo \components\com_jhotelreservation\classes\services\UserDataService.php 
2016-04-03 18:16:04 - DEBUG --> initializeUserData 
2016-04-03 18:16:04 - DEBUG --> UserData first: N; 
2016-04-03 18:16:04 - DEBUG --> Archivo \components\com_jhotelreservation\classes\services\UserDataService.php 
2016-04-03 18:16:04 - DEBUG --> createUserData 
2016-04-03 18:16:04 - DEBUG --> UserData end:  a:0:{} 
2016-04-03 18:16:04 - DEBUG --> Archivo \components\com_jhotelreservation\classes\services\UserDataService.php 
2016-04-03 18:16:04 - DEBUG --> initializeUserData 
2016-04-03 18:16:04 - DEBUG --> UserData first: a:0:{} 
2016-04-03 18:16:04 - DEBUG --> UserData end:  a:0:{} 
2016-04-03 18:16:04 - DEBUG --> Archivo \components\com_jhotelreservation\classes\services\UserDataService.php 
2016-04-03 18:16:04 - DEBUG --> initializeReservationData 
2016-04-03 18:16:04 - DEBUG --> UserData: a:0:{} 
2016-04-03 18:16:04 - DEBUG --> Archivo \components\com_jhotelreservation\classes\services\UserDataService.php 
2016-04-03 18:16:04 - DEBUG --> updateUserData 
2016-04-03 18:16:04 - DEBUG --> Archivo \components\com_jhotelreservation\classes\services\UserDataService.php 
2016-04-03 18:16:04 - DEBUG --> getUserData 
2016-04-03 18:16:04 - DEBUG --> Archivo \components\com_jhotelreservation\classes\services\UserDataService.php 
2016-04-03 18:16:04 - DEBUG --> setCurrency 
2016-04-03 18:16:04 - DEBUG --> Archivo \components\com_jhotelreservation\classes\services\UserDataService.php 
2016-04-03 18:16:04 - DEBUG --> getUserData 
2016-04-03 18:16:04 - DEBUG --> Archivo \components\com_jhotelreservation\classes\services\UserDataService.php 
2016-04-03 18:16:04 - DEBUG --> getUserData 
2016-04-03 18:16:04 - DEBUG --> Archivo \components\com_jhotelreservation\classes\services\UserDataService.php 
2016-04-03 18:16:04 - DEBUG --> getUserData 
2016-04-03 18:16:04 - DEBUG --> Archivo \components\com_jhotelreservationiews\hotel	mpl\hoteloverview.php 
2016-04-03 18:16:04 - DEBUG --> Accedió 
2016-04-03 22:21:38 - DEBUG --> Archivo \components\com_jhotelreservation\classes\services\UserDataService.php 
2016-04-03 22:21:38 - DEBUG --> initializeUserData 
2016-04-03 22:21:38 - DEBUG --> UserData first: N; 
2016-04-03 22:21:38 - DEBUG --> Archivo \components\com_jhotelreservation\classes\services\UserDataService.php 
2016-04-03 22:21:38 - DEBUG --> createUserData 
2016-04-03 22:21:38 - DEBUG --> UserData end:  a:0:{} 
2016-04-03 22:55:38 - DEBUG --> Archivo \components\com_jhotelreservation\classes\services\UserDataService.php 
2016-04-03 22:55:38 - DEBUG --> initializeUserData 
2016-04-03 22:55:38 - DEBUG --> UserData first: N; 
2016-04-03 22:55:38 - DEBUG --> Archivo \components\com_jhotelreservation\classes\services\UserDataService.php 
2016-04-03 22:55:38 - DEBUG --> createUserData 
2016-04-03 22:55:38 - DEBUG --> UserData end:  a:0:{} 
2016-04-03 22:55:38 - DEBUG --> Archivo \components\com_jhotelreservation\classes\services\UserDataService.php 
2016-04-03 22:55:38 - DEBUG --> initializeUserData 
2016-04-03 22:55:38 - DEBUG --> UserData first: a:0:{} 
2016-04-03 22:55:38 - DEBUG --> UserData end:  a:0:{} 
2016-04-03 22:55:38 - DEBUG --> Archivo \components\com_jhotelreservation\classes\services\UserDataService.php 
2016-04-03 22:55:38 - DEBUG --> initializeReservationData 
2016-04-03 22:55:38 - DEBUG --> UserData: a:0:{} 
2016-04-03 22:55:38 - DEBUG --> Archivo \components\com_jhotelreservation\classes\services\UserDataService.php 
2016-04-03 22:55:38 - DEBUG --> updateUserData 
2016-04-03 22:55:38 - DEBUG --> Archivo \components\com_jhotelreservation\classes\services\UserDataService.php 
2016-04-03 22:55:38 - DEBUG --> getUserData 
2016-04-03 22:55:38 - DEBUG --> Archivo \components\com_jhotelreservation\classes\services\UserDataService.php 
2016-04-03 22:55:38 - DEBUG --> setCurrency 
2016-04-03 22:55:38 - DEBUG --> Archivo \components\com_jhotelreservation\classes\services\UserDataService.php 
2016-04-03 22:55:38 - DEBUG --> getUserData 
2016-04-03 22:55:38 - DEBUG --> Archivo \components\com_jhotelreservation\classes\services\UserDataService.php 
2016-04-03 22:55:38 - DEBUG --> getUserData 
2016-04-03 22:55:38 - DEBUG --> Archivo \components\com_jhotelreservation\classes\services\UserDataService.php 
2016-04-03 22:55:38 - DEBUG --> getUserData 
2016-04-03 23:05:04 - DEBUG --> Archivo \components\com_jhotelreservation\classes\services\UserDataService.php 
2016-04-03 23:05:04 - DEBUG --> initializeUserData 
2016-04-03 23:05:04 - DEBUG --> UserData first: N; 
2016-04-03 23:05:04 - DEBUG --> Archivo \components\com_jhotelreservation\classes\services\UserDataService.php 
2016-04-03 23:05:04 - DEBUG --> createUserData 
2016-04-03 23:05:04 - DEBUG --> UserData end:  a:0:{} 
2016-04-03 23:05:04 - DEBUG --> Archivo \components\com_jhotelreservation\classes\services\UserDataService.php 
2016-04-03 23:05:04 - DEBUG --> initializeUserData 
2016-04-03 23:05:04 - DEBUG --> UserData first: a:0:{} 
2016-04-03 23:05:04 - DEBUG --> UserData end:  a:0:{} 
2016-04-03 23:05:04 - DEBUG --> Archivo \components\com_jhotelreservation\classes\services\UserDataService.php 
2016-04-03 23:05:04 - DEBUG --> initializeReservationData 
2016-04-03 23:05:04 - DEBUG --> UserData: a:0:{} 
2016-04-03 23:05:04 - DEBUG --> Archivo \components\com_jhotelreservation\classes\services\UserDataService.php 
2016-04-03 23:05:04 - DEBUG --> updateUserData 
2016-04-03 23:05:04 - DEBUG --> Archivo \components\com_jhotelreservation\classes\services\UserDataService.php 
2016-04-03 23:05:04 - DEBUG --> getUserData 
2016-04-03 23:05:04 - DEBUG --> Archivo \components\com_jhotelreservation\classes\services\UserDataService.php 
2016-04-03 23:05:04 - DEBUG --> setCurrency 
2016-04-03 23:05:04 - DEBUG --> Archivo \components\com_jhotelreservation\classes\services\UserDataService.php 
2016-04-03 23:05:04 - DEBUG --> getUserData 
2016-04-03 23:05:04 - DEBUG --> Archivo \components\com_jhotelreservation\classes\services\UserDataService.php 
2016-04-03 23:05:04 - DEBUG --> getUserData 
2016-04-03 23:05:04 - DEBUG --> Archivo \components\com_jhotelreservation\classes\services\UserDataService.php 
2016-04-03 23:05:04 - DEBUG --> getUserData 
2016-04-03 23:05:04 - DEBUG --> Archivo \components\com_jhotelreservationiews\hotel	mpl\hoteloverview.php 
2016-04-03 23:05:04 - DEBUG --> Accedió 
2016-04-03 23:07:32 - DEBUG --> Archivo \components\com_jhotelreservation\classes\services\UserDataService.php 
2016-04-03 23:07:32 - DEBUG --> initializeUserData 
2016-04-03 23:07:32 - DEBUG --> UserData first: N; 
2016-04-03 23:07:32 - DEBUG --> Archivo \components\com_jhotelreservation\classes\services\UserDataService.php 
2016-04-03 23:07:32 - DEBUG --> createUserData 
2016-04-03 23:07:32 - DEBUG --> UserData end:  a:0:{} 
2016-04-03 23:07:32 - DEBUG --> Archivo \components\com_jhotelreservation\classes\services\UserDataService.php 
2016-04-03 23:07:32 - DEBUG --> initializeUserData 
2016-04-03 23:07:32 - DEBUG --> UserData first: a:0:{} 
2016-04-03 23:07:32 - DEBUG --> UserData end:  a:0:{} 
2016-04-03 23:07:32 - DEBUG --> Archivo \components\com_jhotelreservation\classes\services\UserDataService.php 
2016-04-03 23:07:32 - DEBUG --> initializeReservationData 
2016-04-03 23:07:32 - DEBUG --> UserData: a:0:{} 
2016-04-03 23:07:32 - DEBUG --> Archivo \components\com_jhotelreservation\classes\services\UserDataService.php 
2016-04-03 23:07:32 - DEBUG --> updateUserData 
2016-04-03 23:07:32 - DEBUG --> Archivo \components\com_jhotelreservation\classes\services\UserDataService.php 
2016-04-03 23:07:32 - DEBUG --> getUserData 
2016-04-03 23:07:32 - DEBUG --> Archivo \components\com_jhotelreservation\classes\services\UserDataService.php 
2016-04-03 23:07:32 - DEBUG --> setCurrency 
2016-04-03 23:07:32 - DEBUG --> Archivo \components\com_jhotelreservation\classes\services\UserDataService.php 
2016-04-03 23:07:32 - DEBUG --> getUserData 
2016-04-03 23:07:32 - DEBUG --> Archivo \components\com_jhotelreservation\classes\services\UserDataService.php 
2016-04-03 23:07:32 - DEBUG --> getUserData 
2016-04-03 23:07:32 - DEBUG --> Archivo \components\com_jhotelreservation\classes\services\UserDataService.php 
2016-04-03 23:07:32 - DEBUG --> getUserData 
2016-04-03 23:07:32 - DEBUG --> Archivo \components\com_jhotelreservationiews\hotel	mpl\hoteloverview.php 
2016-04-03 23:07:32 - DEBUG --> Accedió 
2016-04-03 23:11:33 - DEBUG --> Archivo \components\com_jhotelreservation\classes\services\UserDataService.php 
2016-04-03 23:11:33 - DEBUG --> initializeUserData 
2016-04-03 23:11:33 - DEBUG --> UserData first: N; 
2016-04-03 23:11:33 - DEBUG --> Archivo \components\com_jhotelreservation\classes\services\UserDataService.php 
2016-04-03 23:11:33 - DEBUG --> createUserData 
2016-04-03 23:11:33 - DEBUG --> UserData end:  a:0:{} 
2016-04-03 23:11:33 - DEBUG --> Archivo \components\com_jhotelreservation\classes\services\UserDataService.php 
2016-04-03 23:11:33 - DEBUG --> initializeUserData 
2016-04-03 23:11:33 - DEBUG --> UserData first: a:0:{} 
2016-04-03 23:11:33 - DEBUG --> UserData end:  a:0:{} 
2016-04-03 23:11:33 - DEBUG --> Archivo \components\com_jhotelreservation\classes\services\UserDataService.php 
2016-04-03 23:11:33 - DEBUG --> initializeReservationData 
2016-04-03 23:11:33 - DEBUG --> UserData: a:0:{} 
2016-04-03 23:11:33 - DEBUG --> Archivo \components\com_jhotelreservation\classes\services\UserDataService.php 
2016-04-03 23:11:33 - DEBUG --> updateUserData 
2016-04-03 23:11:33 - DEBUG --> Archivo \components\com_jhotelreservation\classes\services\UserDataService.php 
2016-04-03 23:11:33 - DEBUG --> getUserData 
2016-04-03 23:11:33 - DEBUG --> Archivo \components\com_jhotelreservation\classes\services\UserDataService.php 
2016-04-03 23:11:33 - DEBUG --> setCurrency 
2016-04-03 23:11:33 - DEBUG --> Archivo \components\com_jhotelreservation\classes\services\UserDataService.php 
2016-04-03 23:11:33 - DEBUG --> getUserData 
2016-04-03 23:11:33 - DEBUG --> Archivo \components\com_jhotelreservation\classes\services\UserDataService.php 
2016-04-03 23:11:33 - DEBUG --> getUserData 
2016-04-03 23:11:33 - DEBUG --> Archivo \components\com_jhotelreservation\classes\services\UserDataService.php 
2016-04-03 23:11:33 - DEBUG --> getUserData 
2016-04-03 23:24:12 - DEBUG --> Archivo \components\com_jhotelreservation\classes\services\UserDataService.php 
2016-04-03 23:24:12 - DEBUG --> initializeUserData 
2016-04-03 23:24:12 - DEBUG --> UserData first: N; 
2016-04-03 23:24:12 - DEBUG --> Archivo \components\com_jhotelreservation\classes\services\UserDataService.php 
2016-04-03 23:24:12 - DEBUG --> createUserData 
2016-04-03 23:24:12 - DEBUG --> UserData end:  a:0:{} 
2016-04-03 23:24:12 - DEBUG --> Archivo \components\com_jhotelreservation\classes\services\UserDataService.php 
2016-04-03 23:24:12 - DEBUG --> initializeUserData 
2016-04-03 23:24:12 - DEBUG --> UserData first: a:0:{} 
2016-04-03 23:24:12 - DEBUG --> UserData end:  a:0:{} 
2016-04-03 23:24:12 - DEBUG --> Archivo \components\com_jhotelreservation\classes\services\UserDataService.php 
2016-04-03 23:24:12 - DEBUG --> initializeReservationData 
2016-04-03 23:24:12 - DEBUG --> UserData: a:0:{} 
2016-04-03 23:24:12 - DEBUG --> Archivo \components\com_jhotelreservation\classes\services\UserDataService.php 
2016-04-03 23:24:12 - DEBUG --> updateUserData 
2016-04-03 23:24:12 - DEBUG --> Archivo \components\com_jhotelreservation\classes\services\UserDataService.php 
2016-04-03 23:24:12 - DEBUG --> getUserData 
2016-04-03 23:24:12 - DEBUG --> Archivo \components\com_jhotelreservation\classes\services\UserDataService.php 
2016-04-03 23:24:12 - DEBUG --> setCurrency 
2016-04-03 23:24:12 - DEBUG --> Archivo \components\com_jhotelreservation\classes\services\UserDataService.php 
2016-04-03 23:24:12 - DEBUG --> getUserData 
2016-04-03 23:24:12 - DEBUG --> Archivo \components\com_jhotelreservation\classes\services\UserDataService.php 
2016-04-03 23:24:12 - DEBUG --> getUserData 
2016-04-03 23:24:12 - DEBUG --> Archivo \components\com_jhotelreservation\classes\services\UserDataService.php 
2016-04-03 23:24:12 - DEBUG --> getUserData 
2016-04-03 23:24:12 - DEBUG --> Archivo \components\com_jhotelreservationiews\hotel	mpl\hoteloverview.php 
2016-04-03 23:24:12 - DEBUG --> Accedió 
