2015-09-28 1:38:22 - DEBUG --> Archivo \components\com_jhotelreservation\classes\services\UserDataService.php 
2015-09-28 1:38:22 - DEBUG --> initializeUserData 
2015-09-28 1:38:22 - DEBUG --> UserData first: N; 
2015-09-28 1:38:22 - DEBUG --> Archivo \components\com_jhotelreservation\classes\services\UserDataService.php 
2015-09-28 1:38:22 - DEBUG --> createUserData 
2015-09-28 1:38:22 - DEBUG --> UserData end:  a:0:{} 
2015-09-28 1:38:22 - DEBUG --> Archivo \components\com_jhotelreservation\classes\services\UserDataService.php 
2015-09-28 1:38:22 - DEBUG --> initializeUserData 
2015-09-28 1:38:22 - DEBUG --> UserData first: a:0:{} 
2015-09-28 1:38:22 - DEBUG --> UserData end:  a:0:{} 
2015-09-28 1:38:22 - DEBUG --> Archivo \components\com_jhotelreservation\classes\services\UserDataService.php 
2015-09-28 1:38:22 - DEBUG --> initializeReservationData 
2015-09-28 1:38:22 - DEBUG --> UserData: a:0:{} 
2015-09-28 1:38:22 - DEBUG --> Archivo \components\com_jhotelreservation\classes\services\UserDataService.php 
2015-09-28 1:38:22 - DEBUG --> updateUserData 
2015-09-28 1:38:22 - DEBUG --> Archivo \components\com_jhotelreservation\classes\services\UserDataService.php 
2015-09-28 1:38:22 - DEBUG --> getUserData 
2015-09-28 1:38:22 - DEBUG --> Archivo \components\com_jhotelreservation\classes\services\UserDataService.php 
2015-09-28 1:38:22 - DEBUG --> setCurrency 
2015-09-28 1:38:22 - DEBUG --> Archivo \components\com_jhotelreservation\classes\services\UserDataService.php 
2015-09-28 1:38:22 - DEBUG --> getUserData 
2015-09-28 1:38:22 - DEBUG --> Archivo \components\com_jhotelreservation\classes\services\UserDataService.php 
2015-09-28 1:38:22 - DEBUG --> getUserData 
2015-09-28 1:38:22 - DEBUG --> Archivo \components\com_jhotelreservation\classes\services\UserDataService.php 
2015-09-28 1:38:22 - DEBUG --> getUserData 
2015-09-28 1:38:22 - DEBUG --> Archivo \components\com_jhotelreservationiews\hotel	mpl\hoteloverview.php 
2015-09-28 1:38:22 - DEBUG --> Accedió 
2015-09-28 1:39:22 - DEBUG --> Archivo \components\com_jhotelreservation\classes\services\UserDataService.php 
2015-09-28 1:39:22 - DEBUG --> initializeUserData 
2015-09-28 1:39:22 - DEBUG --> UserData first: N; 
2015-09-28 1:39:22 - DEBUG --> Archivo \components\com_jhotelreservation\classes\services\UserDataService.php 
2015-09-28 1:39:22 - DEBUG --> createUserData 
2015-09-28 1:39:22 - DEBUG --> UserData end:  a:0:{} 
2015-09-28 1:39:22 - DEBUG --> Archivo \components\com_jhotelreservation\classes\services\UserDataService.php 
2015-09-28 1:39:22 - DEBUG --> initializeUserData 
2015-09-28 1:39:22 - DEBUG --> UserData first: a:0:{} 
2015-09-28 1:39:22 - DEBUG --> UserData end:  a:0:{} 
2015-09-28 1:39:22 - DEBUG --> Archivo \components\com_jhotelreservation\classes\services\UserDataService.php 
2015-09-28 1:39:22 - DEBUG --> initializeReservationData 
2015-09-28 1:39:22 - DEBUG --> UserData: a:0:{} 
2015-09-28 1:39:22 - DEBUG --> Archivo \components\com_jhotelreservation\classes\services\UserDataService.php 
2015-09-28 1:39:22 - DEBUG --> updateUserData 
2015-09-28 1:39:22 - DEBUG --> Archivo \components\com_jhotelreservation\classes\services\UserDataService.php 
2015-09-28 1:39:22 - DEBUG --> getUserData 
2015-09-28 1:39:22 - DEBUG --> Archivo \components\com_jhotelreservation\classes\services\UserDataService.php 
2015-09-28 1:39:22 - DEBUG --> setCurrency 
2015-09-28 1:39:22 - DEBUG --> Archivo \components\com_jhotelreservation\classes\services\UserDataService.php 
2015-09-28 1:39:22 - DEBUG --> getUserData 
2015-09-28 1:39:22 - DEBUG --> Archivo \components\com_jhotelreservation\classes\services\UserDataService.php 
2015-09-28 1:39:22 - DEBUG --> getUserData 
2015-09-28 1:39:22 - DEBUG --> Archivo \components\com_jhotelreservation\classes\services\UserDataService.php 
2015-09-28 1:39:22 - DEBUG --> getUserData 
2015-09-28 1:39:22 - DEBUG --> Archivo \components\com_jhotelreservationiews\hotel	mpl\hoteloverview.php 
2015-09-28 1:39:22 - DEBUG --> Accedió 
2015-09-28 1:40:24 - DEBUG --> Archivo \components\com_jhotelreservation\classes\services\UserDataService.php 
2015-09-28 1:40:24 - DEBUG --> initializeUserData 
2015-09-28 1:40:24 - DEBUG --> UserData first: N; 
2015-09-28 1:40:24 - DEBUG --> Archivo \components\com_jhotelreservation\classes\services\UserDataService.php 
2015-09-28 1:40:24 - DEBUG --> createUserData 
2015-09-28 1:40:24 - DEBUG --> UserData end:  a:0:{} 
2015-09-28 1:40:24 - DEBUG --> Archivo \components\com_jhotelreservation\classes\services\UserDataService.php 
2015-09-28 1:40:24 - DEBUG --> initializeUserData 
2015-09-28 1:40:24 - DEBUG --> UserData first: a:0:{} 
2015-09-28 1:40:24 - DEBUG --> UserData end:  a:0:{} 
2015-09-28 1:40:24 - DEBUG --> Archivo \components\com_jhotelreservation\classes\services\UserDataService.php 
2015-09-28 1:40:24 - DEBUG --> initializeReservationData 
2015-09-28 1:40:24 - DEBUG --> UserData: a:0:{} 
2015-09-28 1:40:24 - DEBUG --> Archivo \components\com_jhotelreservation\classes\services\UserDataService.php 
2015-09-28 1:40:24 - DEBUG --> updateUserData 
2015-09-28 1:40:24 - DEBUG --> Archivo \components\com_jhotelreservation\classes\services\UserDataService.php 
2015-09-28 1:40:24 - DEBUG --> getUserData 
2015-09-28 1:40:24 - DEBUG --> Archivo \components\com_jhotelreservation\classes\services\UserDataService.php 
2015-09-28 1:40:24 - DEBUG --> setCurrency 
2015-09-28 1:40:24 - DEBUG --> Archivo \components\com_jhotelreservation\classes\services\UserDataService.php 
2015-09-28 1:40:24 - DEBUG --> getUserData 
2015-09-28 1:40:24 - DEBUG --> Archivo \components\com_jhotelreservation\classes\services\UserDataService.php 
2015-09-28 1:40:24 - DEBUG --> getUserData 
2015-09-28 1:40:24 - DEBUG --> Archivo \components\com_jhotelreservation\classes\services\UserDataService.php 
2015-09-28 1:40:24 - DEBUG --> getUserData 
2015-09-28 1:40:24 - DEBUG --> Archivo \components\com_jhotelreservationiews\hotel	mpl\hoteloverview.php 
2015-09-28 1:40:24 - DEBUG --> Accedió 
2015-09-28 1:40:38 - DEBUG --> Archivo \components\com_jhotelreservation\classes\services\UserDataService.php 
2015-09-28 1:40:38 - DEBUG --> initializeUserData 
2015-09-28 1:40:38 - DEBUG --> UserData first: N; 
2015-09-28 1:40:38 - DEBUG --> Archivo \components\com_jhotelreservation\classes\services\UserDataService.php 
2015-09-28 1:40:38 - DEBUG --> createUserData 
2015-09-28 1:40:38 - DEBUG --> UserData end:  a:0:{} 
2015-09-28 1:40:38 - DEBUG --> Archivo \components\com_jhotelreservation\classes\services\UserDataService.php 
2015-09-28 1:40:38 - DEBUG --> initializeUserData 
2015-09-28 1:40:38 - DEBUG --> UserData first: a:0:{} 
2015-09-28 1:40:38 - DEBUG --> UserData end:  a:0:{} 
2015-09-28 1:40:38 - DEBUG --> Archivo \components\com_jhotelreservation\classes\services\UserDataService.php 
2015-09-28 1:40:38 - DEBUG --> initializeReservationData 
2015-09-28 1:40:38 - DEBUG --> UserData: a:0:{} 
2015-09-28 1:40:38 - DEBUG --> Archivo \components\com_jhotelreservation\classes\services\UserDataService.php 
2015-09-28 1:40:38 - DEBUG --> updateUserData 
2015-09-28 1:40:38 - DEBUG --> Archivo \components\com_jhotelreservation\classes\services\UserDataService.php 
2015-09-28 1:40:38 - DEBUG --> getUserData 
2015-09-28 1:40:38 - DEBUG --> Archivo \components\com_jhotelreservation\classes\services\UserDataService.php 
2015-09-28 1:40:38 - DEBUG --> setCurrency 
2015-09-28 1:40:38 - DEBUG --> Archivo \components\com_jhotelreservation\classes\services\UserDataService.php 
2015-09-28 1:40:38 - DEBUG --> getUserData 
2015-09-28 1:40:38 - DEBUG --> Archivo \components\com_jhotelreservation\classes\services\UserDataService.php 
2015-09-28 1:40:38 - DEBUG --> getUserData 
2015-09-28 1:40:38 - DEBUG --> Archivo \components\com_jhotelreservation\classes\services\UserDataService.php 
2015-09-28 1:40:38 - DEBUG --> getUserData 
2015-09-28 1:40:38 - DEBUG --> Archivo \components\com_jhotelreservationiews\hotel	mpl\hoteloverview.php 
2015-09-28 1:40:38 - DEBUG --> Accedió 
2015-09-28 1:41:31 - DEBUG --> Archivo \components\com_jhotelreservation\classes\services\UserDataService.php 
2015-09-28 1:41:31 - DEBUG --> initializeUserData 
2015-09-28 1:41:31 - DEBUG --> UserData first: N; 
2015-09-28 1:41:31 - DEBUG --> Archivo \components\com_jhotelreservation\classes\services\UserDataService.php 
2015-09-28 1:41:31 - DEBUG --> createUserData 
2015-09-28 1:41:31 - DEBUG --> UserData end:  a:0:{} 
2015-09-28 1:41:31 - DEBUG --> Archivo \components\com_jhotelreservation\classes\services\UserDataService.php 
2015-09-28 1:41:31 - DEBUG --> initializeUserData 
2015-09-28 1:41:31 - DEBUG --> UserData first: a:0:{} 
2015-09-28 1:41:31 - DEBUG --> UserData end:  a:0:{} 
2015-09-28 1:41:31 - DEBUG --> Archivo \components\com_jhotelreservation\classes\services\UserDataService.php 
2015-09-28 1:41:31 - DEBUG --> initializeReservationData 
2015-09-28 1:41:31 - DEBUG --> UserData: a:0:{} 
2015-09-28 1:41:31 - DEBUG --> Archivo \components\com_jhotelreservation\classes\services\UserDataService.php 
2015-09-28 1:41:31 - DEBUG --> updateUserData 
2015-09-28 1:41:31 - DEBUG --> Archivo \components\com_jhotelreservation\classes\services\UserDataService.php 
2015-09-28 1:41:31 - DEBUG --> getUserData 
2015-09-28 1:41:31 - DEBUG --> Archivo \components\com_jhotelreservation\classes\services\UserDataService.php 
2015-09-28 1:41:31 - DEBUG --> setCurrency 
2015-09-28 1:41:31 - DEBUG --> Archivo \components\com_jhotelreservation\classes\services\UserDataService.php 
2015-09-28 1:41:31 - DEBUG --> getUserData 
2015-09-28 1:41:32 - DEBUG --> Archivo \components\com_jhotelreservation\classes\services\UserDataService.php 
2015-09-28 1:41:32 - DEBUG --> getUserData 
2015-09-28 1:41:32 - DEBUG --> Archivo \components\com_jhotelreservation\classes\services\UserDataService.php 
2015-09-28 1:41:32 - DEBUG --> getUserData 
2015-09-28 1:41:32 - DEBUG --> Archivo \components\com_jhotelreservationiews\hotel	mpl\hoteloverview.php 
2015-09-28 1:41:32 - DEBUG --> Accedió 
2015-09-28 1:46:02 - DEBUG --> Archivo \components\com_jhotelreservation\classes\services\UserDataService.php 
2015-09-28 1:46:02 - DEBUG --> initializeUserData 
2015-09-28 1:46:02 - DEBUG --> UserData first: N; 
2015-09-28 1:46:02 - DEBUG --> Archivo \components\com_jhotelreservation\classes\services\UserDataService.php 
2015-09-28 1:46:02 - DEBUG --> createUserData 
2015-09-28 1:46:02 - DEBUG --> UserData end:  a:0:{} 
2015-09-28 1:46:02 - DEBUG --> Archivo \components\com_jhotelreservation\classes\services\UserDataService.php 
2015-09-28 1:46:02 - DEBUG --> initializeUserData 
2015-09-28 1:46:02 - DEBUG --> UserData first: a:0:{} 
2015-09-28 1:46:02 - DEBUG --> UserData end:  a:0:{} 
2015-09-28 1:46:02 - DEBUG --> Archivo \components\com_jhotelreservation\classes\services\UserDataService.php 
2015-09-28 1:46:02 - DEBUG --> initializeReservationData 
2015-09-28 1:46:02 - DEBUG --> UserData: a:0:{} 
2015-09-28 1:46:02 - DEBUG --> Archivo \components\com_jhotelreservation\classes\services\UserDataService.php 
2015-09-28 1:46:02 - DEBUG --> updateUserData 
2015-09-28 1:46:02 - DEBUG --> Archivo \components\com_jhotelreservation\classes\services\UserDataService.php 
2015-09-28 1:46:02 - DEBUG --> getUserData 
2015-09-28 1:46:02 - DEBUG --> Archivo \components\com_jhotelreservation\classes\services\UserDataService.php 
2015-09-28 1:46:02 - DEBUG --> setCurrency 
2015-09-28 1:46:02 - DEBUG --> Archivo \components\com_jhotelreservation\classes\services\UserDataService.php 
2015-09-28 1:46:02 - DEBUG --> getUserData 
2015-09-28 1:46:02 - DEBUG --> Archivo \components\com_jhotelreservation\classes\services\UserDataService.php 
2015-09-28 1:46:02 - DEBUG --> getUserData 
2015-09-28 1:46:02 - DEBUG --> Archivo \components\com_jhotelreservation\classes\services\UserDataService.php 
2015-09-28 1:46:02 - DEBUG --> getUserData 
2015-09-28 1:46:02 - DEBUG --> Archivo \components\com_jhotelreservationiews\hotel	mpl\hoteloverview.php 
2015-09-28 1:46:02 - DEBUG --> Accedió 
2015-09-28 1:47:17 - DEBUG --> Archivo \components\com_jhotelreservation\classes\services\UserDataService.php 
2015-09-28 1:47:17 - DEBUG --> initializeUserData 
2015-09-28 1:47:17 - DEBUG --> UserData first: N; 
2015-09-28 1:47:17 - DEBUG --> Archivo \components\com_jhotelreservation\classes\services\UserDataService.php 
2015-09-28 1:47:17 - DEBUG --> createUserData 
2015-09-28 1:47:17 - DEBUG --> UserData end:  a:0:{} 
2015-09-28 1:47:17 - DEBUG --> Archivo \components\com_jhotelreservation\classes\services\UserDataService.php 
2015-09-28 1:47:17 - DEBUG --> initializeUserData 
2015-09-28 1:47:17 - DEBUG --> UserData first: a:0:{} 
2015-09-28 1:47:17 - DEBUG --> UserData end:  a:0:{} 
2015-09-28 1:47:17 - DEBUG --> Archivo \components\com_jhotelreservation\classes\services\UserDataService.php 
2015-09-28 1:47:17 - DEBUG --> initializeReservationData 
2015-09-28 1:47:17 - DEBUG --> UserData: a:0:{} 
2015-09-28 1:47:17 - DEBUG --> Archivo \components\com_jhotelreservation\classes\services\UserDataService.php 
2015-09-28 1:47:17 - DEBUG --> updateUserData 
2015-09-28 1:47:17 - DEBUG --> Archivo \components\com_jhotelreservation\classes\services\UserDataService.php 
2015-09-28 1:47:17 - DEBUG --> getUserData 
2015-09-28 1:47:17 - DEBUG --> Archivo \components\com_jhotelreservation\classes\services\UserDataService.php 
2015-09-28 1:47:17 - DEBUG --> setCurrency 
2015-09-28 1:47:17 - DEBUG --> Archivo \components\com_jhotelreservation\classes\services\UserDataService.php 
2015-09-28 1:47:17 - DEBUG --> getUserData 
2015-09-28 1:47:17 - DEBUG --> Archivo \components\com_jhotelreservation\classes\services\UserDataService.php 
2015-09-28 1:47:17 - DEBUG --> getUserData 
2015-09-28 1:47:17 - DEBUG --> Archivo \components\com_jhotelreservation\classes\services\UserDataService.php 
2015-09-28 1:47:17 - DEBUG --> getUserData 
2015-09-28 1:47:17 - DEBUG --> Archivo \components\com_jhotelreservationiews\hotel	mpl\hoteloverview.php 
2015-09-28 1:47:17 - DEBUG --> Accedió 
2015-09-28 1:55:06 - DEBUG --> Archivo \components\com_jhotelreservation\classes\services\UserDataService.php 
2015-09-28 1:55:06 - DEBUG --> initializeUserData 
2015-09-28 1:55:06 - DEBUG --> UserData first: N; 
2015-09-28 1:55:06 - DEBUG --> Archivo \components\com_jhotelreservation\classes\services\UserDataService.php 
2015-09-28 1:55:06 - DEBUG --> createUserData 
2015-09-28 1:55:06 - DEBUG --> UserData end:  a:0:{} 
2015-09-28 1:55:06 - DEBUG --> Archivo \components\com_jhotelreservation\classes\services\UserDataService.php 
2015-09-28 1:55:06 - DEBUG --> initializeUserData 
2015-09-28 1:55:06 - DEBUG --> UserData first: a:0:{} 
2015-09-28 1:55:06 - DEBUG --> UserData end:  a:0:{} 
2015-09-28 1:55:06 - DEBUG --> Archivo \components\com_jhotelreservation\classes\services\UserDataService.php 
2015-09-28 1:55:06 - DEBUG --> initializeReservationData 
2015-09-28 1:55:06 - DEBUG --> UserData: a:0:{} 
2015-09-28 1:55:06 - DEBUG --> Archivo \components\com_jhotelreservation\classes\services\UserDataService.php 
2015-09-28 1:55:06 - DEBUG --> updateUserData 
2015-09-28 1:55:06 - DEBUG --> Archivo \components\com_jhotelreservation\classes\services\UserDataService.php 
2015-09-28 1:55:06 - DEBUG --> getUserData 
2015-09-28 1:55:06 - DEBUG --> Archivo \components\com_jhotelreservation\classes\services\UserDataService.php 
2015-09-28 1:55:06 - DEBUG --> setCurrency 
2015-09-28 1:55:06 - DEBUG --> Archivo \components\com_jhotelreservation\classes\services\UserDataService.php 
2015-09-28 1:55:06 - DEBUG --> getUserData 
2015-09-28 1:55:06 - DEBUG --> Archivo \components\com_jhotelreservation\classes\services\UserDataService.php 
2015-09-28 1:55:06 - DEBUG --> getUserData 
2015-09-28 1:55:06 - DEBUG --> Archivo \components\com_jhotelreservation\classes\services\UserDataService.php 
2015-09-28 1:55:06 - DEBUG --> getUserData 
2015-09-28 1:55:06 - DEBUG --> Archivo \components\com_jhotelreservationiews\hotel	mpl\hoteloverview.php 
2015-09-28 1:55:06 - DEBUG --> Accedió 
2015-09-28 1:58:07 - DEBUG --> Archivo \components\com_jhotelreservation\classes\services\UserDataService.php 
2015-09-28 1:58:07 - DEBUG --> initializeUserData 
2015-09-28 1:58:07 - DEBUG --> UserData first: N; 
2015-09-28 1:58:07 - DEBUG --> Archivo \components\com_jhotelreservation\classes\services\UserDataService.php 
2015-09-28 1:58:07 - DEBUG --> createUserData 
2015-09-28 1:58:07 - DEBUG --> UserData end:  a:0:{} 
2015-09-28 1:58:07 - DEBUG --> Archivo \components\com_jhotelreservation\classes\services\UserDataService.php 
2015-09-28 1:58:07 - DEBUG --> initializeUserData 
2015-09-28 1:58:07 - DEBUG --> UserData first: a:0:{} 
2015-09-28 1:58:07 - DEBUG --> UserData end:  a:0:{} 
2015-09-28 1:58:07 - DEBUG --> Archivo \components\com_jhotelreservation\classes\services\UserDataService.php 
2015-09-28 1:58:07 - DEBUG --> initializeReservationData 
2015-09-28 1:58:07 - DEBUG --> UserData: a:0:{} 
2015-09-28 1:58:07 - DEBUG --> Archivo \components\com_jhotelreservation\classes\services\UserDataService.php 
2015-09-28 1:58:07 - DEBUG --> updateUserData 
2015-09-28 1:58:07 - DEBUG --> Archivo \components\com_jhotelreservation\classes\services\UserDataService.php 
2015-09-28 1:58:07 - DEBUG --> getUserData 
2015-09-28 1:58:07 - DEBUG --> Archivo \components\com_jhotelreservation\classes\services\UserDataService.php 
2015-09-28 1:58:07 - DEBUG --> setCurrency 
2015-09-28 1:58:07 - DEBUG --> Archivo \components\com_jhotelreservation\classes\services\UserDataService.php 
2015-09-28 1:58:07 - DEBUG --> getUserData 
2015-09-28 1:58:07 - DEBUG --> Archivo \components\com_jhotelreservation\classes\services\UserDataService.php 
2015-09-28 1:58:07 - DEBUG --> getUserData 
2015-09-28 1:58:07 - DEBUG --> Archivo \components\com_jhotelreservation\classes\services\UserDataService.php 
2015-09-28 1:58:07 - DEBUG --> getUserData 
2015-09-28 1:58:07 - DEBUG --> Archivo \components\com_jhotelreservationiews\hotel	mpl\hoteloverview.php 
2015-09-28 1:58:07 - DEBUG --> Accedió 
2015-09-28 2:58:58 - DEBUG --> Archivo \components\com_jhotelreservation\classes\services\UserDataService.php 
2015-09-28 2:58:58 - DEBUG --> initializeUserData 
2015-09-28 2:58:58 - DEBUG --> UserData first: N; 
2015-09-28 2:58:58 - DEBUG --> Archivo \components\com_jhotelreservation\classes\services\UserDataService.php 
2015-09-28 2:58:58 - DEBUG --> createUserData 
2015-09-28 2:58:58 - DEBUG --> UserData end:  a:0:{} 
2015-09-28 2:58:58 - DEBUG --> Archivo \components\com_jhotelreservation\classes\services\UserDataService.php 
2015-09-28 2:58:58 - DEBUG --> initializeUserData 
2015-09-28 2:58:58 - DEBUG --> UserData first: a:0:{} 
2015-09-28 2:58:58 - DEBUG --> UserData end:  a:0:{} 
2015-09-28 2:58:58 - DEBUG --> Archivo \components\com_jhotelreservation\classes\services\UserDataService.php 
2015-09-28 2:58:58 - DEBUG --> initializeReservationData 
2015-09-28 2:58:58 - DEBUG --> UserData: a:0:{} 
2015-09-28 2:58:58 - DEBUG --> Archivo \components\com_jhotelreservation\classes\services\UserDataService.php 
2015-09-28 2:58:58 - DEBUG --> updateUserData 
2015-09-28 2:58:58 - DEBUG --> Archivo \components\com_jhotelreservation\classes\services\UserDataService.php 
2015-09-28 2:58:58 - DEBUG --> getUserData 
2015-09-28 2:58:58 - DEBUG --> Archivo \components\com_jhotelreservation\classes\services\UserDataService.php 
2015-09-28 2:58:58 - DEBUG --> setCurrency 
2015-09-28 2:58:58 - DEBUG --> Archivo \components\com_jhotelreservation\classes\services\UserDataService.php 
2015-09-28 2:58:58 - DEBUG --> getUserData 
2015-09-28 2:58:58 - DEBUG --> Archivo \components\com_jhotelreservation\classes\services\UserDataService.php 
2015-09-28 2:58:58 - DEBUG --> getUserData 
2015-09-28 2:58:58 - DEBUG --> Archivo \components\com_jhotelreservation\classes\services\UserDataService.php 
2015-09-28 2:58:58 - DEBUG --> getUserData 
2015-09-28 2:58:58 - DEBUG --> Archivo \components\com_jhotelreservationiews\hotel	mpl\hoteloverview.php 
2015-09-28 2:58:58 - DEBUG --> Accedió 
2015-09-28 3:05:06 - DEBUG --> Archivo \components\com_jhotelreservation\classes\services\UserDataService.php 
2015-09-28 3:05:06 - DEBUG --> initializeUserData 
2015-09-28 3:05:06 - DEBUG --> UserData first: N; 
2015-09-28 3:05:06 - DEBUG --> Archivo \components\com_jhotelreservation\classes\services\UserDataService.php 
2015-09-28 3:05:06 - DEBUG --> createUserData 
2015-09-28 3:05:06 - DEBUG --> UserData end:  a:0:{} 
2015-09-28 3:05:06 - DEBUG --> Archivo \components\com_jhotelreservation\classes\services\UserDataService.php 
2015-09-28 3:05:06 - DEBUG --> initializeUserData 
2015-09-28 3:05:06 - DEBUG --> UserData first: a:0:{} 
2015-09-28 3:05:06 - DEBUG --> UserData end:  a:0:{} 
2015-09-28 3:05:06 - DEBUG --> Archivo \components\com_jhotelreservation\classes\services\UserDataService.php 
2015-09-28 3:05:06 - DEBUG --> initializeReservationData 
2015-09-28 3:05:06 - DEBUG --> UserData: a:0:{} 
2015-09-28 3:05:06 - DEBUG --> Archivo \components\com_jhotelreservation\classes\services\UserDataService.php 
2015-09-28 3:05:06 - DEBUG --> updateUserData 
2015-09-28 3:05:06 - DEBUG --> Archivo \components\com_jhotelreservation\classes\services\UserDataService.php 
2015-09-28 3:05:06 - DEBUG --> getUserData 
2015-09-28 3:05:06 - DEBUG --> Archivo \components\com_jhotelreservation\classes\services\UserDataService.php 
2015-09-28 3:05:06 - DEBUG --> setCurrency 
2015-09-28 3:05:06 - DEBUG --> Archivo \components\com_jhotelreservation\classes\services\UserDataService.php 
2015-09-28 3:05:06 - DEBUG --> getUserData 
2015-09-28 3:05:06 - DEBUG --> Archivo \components\com_jhotelreservation\classes\services\UserDataService.php 
2015-09-28 3:05:06 - DEBUG --> getUserData 
2015-09-28 3:05:06 - DEBUG --> Archivo \components\com_jhotelreservation\classes\services\UserDataService.php 
2015-09-28 3:05:06 - DEBUG --> getUserData 
2015-09-28 3:05:06 - DEBUG --> Archivo \components\com_jhotelreservationiews\hotel	mpl\hoteloverview.php 
2015-09-28 3:05:06 - DEBUG --> Accedió 
2015-09-28 3:08:58 - DEBUG --> Archivo \components\com_jhotelreservation\classes\services\UserDataService.php 
2015-09-28 3:08:58 - DEBUG --> initializeUserData 
2015-09-28 3:08:58 - DEBUG --> UserData first: N; 
2015-09-28 3:08:58 - DEBUG --> Archivo \components\com_jhotelreservation\classes\services\UserDataService.php 
2015-09-28 3:08:58 - DEBUG --> createUserData 
2015-09-28 3:08:58 - DEBUG --> UserData end:  a:0:{} 
2015-09-28 3:08:58 - DEBUG --> Archivo \components\com_jhotelreservation\classes\services\UserDataService.php 
2015-09-28 3:08:58 - DEBUG --> initializeUserData 
2015-09-28 3:08:58 - DEBUG --> UserData first: a:0:{} 
2015-09-28 3:08:58 - DEBUG --> UserData end:  a:0:{} 
2015-09-28 3:08:58 - DEBUG --> Archivo \components\com_jhotelreservation\classes\services\UserDataService.php 
2015-09-28 3:08:58 - DEBUG --> initializeReservationData 
2015-09-28 3:08:58 - DEBUG --> UserData: a:0:{} 
2015-09-28 3:08:58 - DEBUG --> Archivo \components\com_jhotelreservation\classes\services\UserDataService.php 
2015-09-28 3:08:58 - DEBUG --> updateUserData 
2015-09-28 3:08:58 - DEBUG --> Archivo \components\com_jhotelreservation\classes\services\UserDataService.php 
2015-09-28 3:08:58 - DEBUG --> getUserData 
2015-09-28 3:08:58 - DEBUG --> Archivo \components\com_jhotelreservation\classes\services\UserDataService.php 
2015-09-28 3:08:58 - DEBUG --> setCurrency 
2015-09-28 3:08:58 - DEBUG --> Archivo \components\com_jhotelreservation\classes\services\UserDataService.php 
2015-09-28 3:08:58 - DEBUG --> getUserData 
2015-09-28 3:08:58 - DEBUG --> Archivo \components\com_jhotelreservation\classes\services\UserDataService.php 
2015-09-28 3:08:58 - DEBUG --> getUserData 
2015-09-28 3:08:58 - DEBUG --> Archivo \components\com_jhotelreservation\classes\services\UserDataService.php 
2015-09-28 3:08:58 - DEBUG --> getUserData 
2015-09-28 3:08:58 - DEBUG --> Archivo \components\com_jhotelreservationiews\hotel	mpl\hoteloverview.php 
2015-09-28 3:08:58 - DEBUG --> Accedió 
2015-09-28 3:49:18 - DEBUG --> Archivo \components\com_jhotelreservation\classes\services\UserDataService.php 
2015-09-28 3:49:18 - DEBUG --> initializeUserData 
2015-09-28 3:49:18 - DEBUG --> UserData first: N; 
2015-09-28 3:49:18 - DEBUG --> Archivo \components\com_jhotelreservation\classes\services\UserDataService.php 
2015-09-28 3:49:18 - DEBUG --> createUserData 
2015-09-28 3:49:18 - DEBUG --> UserData end:  a:0:{} 
2015-09-28 3:49:18 - DEBUG --> Archivo \components\com_jhotelreservation\classes\services\UserDataService.php 
2015-09-28 3:49:18 - DEBUG --> initializeUserData 
2015-09-28 3:49:18 - DEBUG --> UserData first: a:0:{} 
2015-09-28 3:49:18 - DEBUG --> UserData end:  a:0:{} 
2015-09-28 3:49:18 - DEBUG --> Archivo \components\com_jhotelreservation\classes\services\UserDataService.php 
2015-09-28 3:49:18 - DEBUG --> initializeReservationData 
2015-09-28 3:49:18 - DEBUG --> UserData: a:0:{} 
2015-09-28 3:49:18 - DEBUG --> Archivo \components\com_jhotelreservation\classes\services\UserDataService.php 
2015-09-28 3:49:18 - DEBUG --> updateUserData 
2015-09-28 3:49:18 - DEBUG --> Archivo \components\com_jhotelreservation\classes\services\UserDataService.php 
2015-09-28 3:49:18 - DEBUG --> getUserData 
2015-09-28 3:49:18 - DEBUG --> Archivo \components\com_jhotelreservation\classes\services\UserDataService.php 
2015-09-28 3:49:18 - DEBUG --> setCurrency 
2015-09-28 3:49:18 - DEBUG --> Archivo \components\com_jhotelreservation\classes\services\UserDataService.php 
2015-09-28 3:49:18 - DEBUG --> getUserData 
2015-09-28 3:49:18 - DEBUG --> Archivo \components\com_jhotelreservation\classes\services\UserDataService.php 
2015-09-28 3:49:18 - DEBUG --> getUserData 
2015-09-28 3:49:18 - DEBUG --> Archivo \components\com_jhotelreservation\classes\services\UserDataService.php 
2015-09-28 3:49:18 - DEBUG --> getUserData 
2015-09-28 3:49:18 - DEBUG --> Archivo \components\com_jhotelreservationiews\hotel	mpl\hoteloverview.php 
2015-09-28 3:49:18 - DEBUG --> Accedió 
2015-09-28 5:51:17 - DEBUG --> Archivo \components\com_jhotelreservation\classes\services\UserDataService.php 
2015-09-28 5:51:17 - DEBUG --> initializeUserData 
2015-09-28 5:51:17 - DEBUG --> UserData first: N; 
2015-09-28 5:51:17 - DEBUG --> Archivo \components\com_jhotelreservation\classes\services\UserDataService.php 
2015-09-28 5:51:17 - DEBUG --> createUserData 
2015-09-28 5:51:17 - DEBUG --> UserData end:  a:0:{} 
2015-09-28 5:51:17 - DEBUG --> Archivo \components\com_jhotelreservation\classes\services\UserDataService.php 
2015-09-28 5:51:17 - DEBUG --> initializeUserData 
2015-09-28 5:51:17 - DEBUG --> UserData first: a:0:{} 
2015-09-28 5:51:17 - DEBUG --> UserData end:  a:0:{} 
2015-09-28 5:51:17 - DEBUG --> Archivo \components\com_jhotelreservation\classes\services\UserDataService.php 
2015-09-28 5:51:17 - DEBUG --> initializeReservationData 
2015-09-28 5:51:17 - DEBUG --> UserData: a:0:{} 
2015-09-28 5:51:17 - DEBUG --> Archivo \components\com_jhotelreservation\classes\services\UserDataService.php 
2015-09-28 5:51:17 - DEBUG --> updateUserData 
2015-09-28 5:51:17 - DEBUG --> Archivo \components\com_jhotelreservation\classes\services\UserDataService.php 
2015-09-28 5:51:17 - DEBUG --> getUserData 
2015-09-28 5:51:17 - DEBUG --> Archivo \components\com_jhotelreservation\classes\services\UserDataService.php 
2015-09-28 5:51:17 - DEBUG --> setCurrency 
2015-09-28 5:51:17 - DEBUG --> Archivo \components\com_jhotelreservation\classes\services\UserDataService.php 
2015-09-28 5:51:17 - DEBUG --> getUserData 
2015-09-28 5:51:17 - DEBUG --> Archivo \components\com_jhotelreservation\classes\services\UserDataService.php 
2015-09-28 5:51:17 - DEBUG --> getUserData 
2015-09-28 5:51:17 - DEBUG --> Archivo \components\com_jhotelreservation\classes\services\UserDataService.php 
2015-09-28 5:51:17 - DEBUG --> getUserData 
2015-09-28 5:51:17 - DEBUG --> Archivo \components\com_jhotelreservationiews\hotel	mpl\hoteloverview.php 
2015-09-28 5:51:17 - DEBUG --> Accedió 
2015-09-28 6:27:29 - DEBUG --> Archivo \components\com_jhotelreservation\classes\services\UserDataService.php 
2015-09-28 6:27:29 - DEBUG --> initializeUserData 
2015-09-28 6:27:29 - DEBUG --> UserData first: N; 
2015-09-28 6:27:29 - DEBUG --> Archivo \components\com_jhotelreservation\classes\services\UserDataService.php 
2015-09-28 6:27:29 - DEBUG --> createUserData 
2015-09-28 6:27:29 - DEBUG --> UserData end:  a:0:{} 
2015-09-28 6:27:29 - DEBUG --> Archivo \components\com_jhotelreservation\classes\services\UserDataService.php 
2015-09-28 6:27:29 - DEBUG --> initializeUserData 
2015-09-28 6:27:29 - DEBUG --> UserData first: a:0:{} 
2015-09-28 6:27:29 - DEBUG --> UserData end:  a:0:{} 
2015-09-28 6:27:29 - DEBUG --> Archivo \components\com_jhotelreservation\classes\services\UserDataService.php 
2015-09-28 6:27:29 - DEBUG --> initializeReservationData 
2015-09-28 6:27:29 - DEBUG --> UserData: a:0:{} 
2015-09-28 6:27:29 - DEBUG --> Archivo \components\com_jhotelreservation\classes\services\UserDataService.php 
2015-09-28 6:27:29 - DEBUG --> updateUserData 
2015-09-28 6:27:29 - DEBUG --> Archivo \components\com_jhotelreservation\classes\services\UserDataService.php 
2015-09-28 6:27:29 - DEBUG --> getUserData 
2015-09-28 6:27:29 - DEBUG --> Archivo \components\com_jhotelreservation\classes\services\UserDataService.php 
2015-09-28 6:27:29 - DEBUG --> setCurrency 
2015-09-28 6:27:29 - DEBUG --> Archivo \components\com_jhotelreservation\classes\services\UserDataService.php 
2015-09-28 6:27:29 - DEBUG --> getUserData 
2015-09-28 6:27:29 - DEBUG --> Archivo \components\com_jhotelreservation\classes\services\UserDataService.php 
2015-09-28 6:27:29 - DEBUG --> getUserData 
2015-09-28 6:27:29 - DEBUG --> Archivo \components\com_jhotelreservation\classes\services\UserDataService.php 
2015-09-28 6:27:29 - DEBUG --> getUserData 
2015-09-28 6:27:29 - DEBUG --> Archivo \components\com_jhotelreservationiews\hotel	mpl\hoteloverview.php 
2015-09-28 6:27:29 - DEBUG --> Accedió 
2015-09-28 7:54:59 - DEBUG --> Archivo \components\com_jhotelreservation\classes\services\UserDataService.php 
2015-09-28 7:54:59 - DEBUG --> initializeUserData 
2015-09-28 7:54:59 - DEBUG --> UserData first: N; 
2015-09-28 7:54:59 - DEBUG --> Archivo \components\com_jhotelreservation\classes\services\UserDataService.php 
2015-09-28 7:54:59 - DEBUG --> createUserData 
2015-09-28 7:54:59 - DEBUG --> UserData end:  a:0:{} 
2015-09-28 7:54:59 - DEBUG --> Archivo \components\com_jhotelreservation\classes\services\UserDataService.php 
2015-09-28 7:54:59 - DEBUG --> initializeUserData 
2015-09-28 7:54:59 - DEBUG --> UserData first: a:0:{} 
2015-09-28 7:54:59 - DEBUG --> UserData end:  a:0:{} 
2015-09-28 7:54:59 - DEBUG --> Archivo \components\com_jhotelreservation\classes\services\UserDataService.php 
2015-09-28 7:54:59 - DEBUG --> initializeReservationData 
2015-09-28 7:54:59 - DEBUG --> UserData: a:0:{} 
2015-09-28 7:54:59 - DEBUG --> Archivo \components\com_jhotelreservation\classes\services\UserDataService.php 
2015-09-28 7:54:59 - DEBUG --> updateUserData 
2015-09-28 7:54:59 - DEBUG --> Archivo \components\com_jhotelreservation\classes\services\UserDataService.php 
2015-09-28 7:54:59 - DEBUG --> getUserData 
2015-09-28 7:54:59 - DEBUG --> Archivo \components\com_jhotelreservation\classes\services\UserDataService.php 
2015-09-28 7:54:59 - DEBUG --> setCurrency 
2015-09-28 7:54:59 - DEBUG --> Archivo \components\com_jhotelreservation\classes\services\UserDataService.php 
2015-09-28 7:54:59 - DEBUG --> getUserData 
2015-09-28 7:54:59 - DEBUG --> Archivo \components\com_jhotelreservation\classes\services\UserDataService.php 
2015-09-28 7:54:59 - DEBUG --> getUserData 
2015-09-28 7:54:59 - DEBUG --> Archivo \components\com_jhotelreservation\classes\services\UserDataService.php 
2015-09-28 7:54:59 - DEBUG --> getUserData 
2015-09-28 7:54:59 - DEBUG --> Archivo \components\com_jhotelreservationiews\hotel	mpl\hoteloverview.php 
2015-09-28 7:54:59 - DEBUG --> Accedió 
2015-09-28 9:09:50 - DEBUG --> Archivo \components\com_jhotelreservation\classes\services\UserDataService.php 
2015-09-28 9:09:50 - DEBUG --> initializeUserData 
2015-09-28 9:09:50 - DEBUG --> UserData first: N; 
2015-09-28 9:09:50 - DEBUG --> Archivo \components\com_jhotelreservation\classes\services\UserDataService.php 
2015-09-28 9:09:50 - DEBUG --> createUserData 
2015-09-28 9:09:50 - DEBUG --> UserData end:  a:0:{} 
2015-09-28 9:09:50 - DEBUG --> Archivo \components\com_jhotelreservation\classes\services\UserDataService.php 
2015-09-28 9:09:50 - DEBUG --> initializeUserData 
2015-09-28 9:09:50 - DEBUG --> UserData first: a:0:{} 
2015-09-28 9:09:50 - DEBUG --> UserData end:  a:0:{} 
2015-09-28 9:09:50 - DEBUG --> Archivo \components\com_jhotelreservation\classes\services\UserDataService.php 
2015-09-28 9:09:50 - DEBUG --> initializeReservationData 
2015-09-28 9:09:50 - DEBUG --> UserData: a:0:{} 
2015-09-28 9:09:50 - DEBUG --> Archivo \components\com_jhotelreservation\classes\services\UserDataService.php 
2015-09-28 9:09:50 - DEBUG --> updateUserData 
2015-09-28 9:09:50 - DEBUG --> Archivo \components\com_jhotelreservation\classes\services\UserDataService.php 
2015-09-28 9:09:50 - DEBUG --> getUserData 
2015-09-28 9:09:50 - DEBUG --> Archivo \components\com_jhotelreservation\classes\services\UserDataService.php 
2015-09-28 9:09:50 - DEBUG --> setCurrency 
2015-09-28 9:09:50 - DEBUG --> Archivo \components\com_jhotelreservation\classes\services\UserDataService.php 
2015-09-28 9:09:50 - DEBUG --> getUserData 
2015-09-28 9:09:50 - DEBUG --> Archivo \components\com_jhotelreservation\classes\services\UserDataService.php 
2015-09-28 9:09:50 - DEBUG --> getUserData 
2015-09-28 9:09:50 - DEBUG --> Archivo \components\com_jhotelreservation\classes\services\UserDataService.php 
2015-09-28 9:09:50 - DEBUG --> getUserData 
2015-09-28 12:10:22 - DEBUG --> Archivo \components\com_jhotelreservation\classes\services\UserDataService.php 
2015-09-28 12:10:22 - DEBUG --> initializeUserData 
2015-09-28 12:10:22 - DEBUG --> UserData first: N; 
2015-09-28 12:10:22 - DEBUG --> Archivo \components\com_jhotelreservation\classes\services\UserDataService.php 
2015-09-28 12:10:22 - DEBUG --> createUserData 
2015-09-28 12:10:22 - DEBUG --> UserData end:  a:0:{} 
2015-09-28 12:10:22 - DEBUG --> Archivo \components\com_jhotelreservation\classes\services\UserDataService.php 
2015-09-28 12:10:22 - DEBUG --> initializeUserData 
2015-09-28 12:10:22 - DEBUG --> UserData first: a:0:{} 
2015-09-28 12:10:22 - DEBUG --> UserData end:  a:0:{} 
2015-09-28 12:10:22 - DEBUG --> Archivo \components\com_jhotelreservation\classes\services\UserDataService.php 
2015-09-28 12:10:22 - DEBUG --> initializeReservationData 
2015-09-28 12:10:22 - DEBUG --> UserData: a:0:{} 
2015-09-28 12:10:22 - DEBUG --> Archivo \components\com_jhotelreservation\classes\services\UserDataService.php 
2015-09-28 12:10:22 - DEBUG --> updateUserData 
2015-09-28 12:10:22 - DEBUG --> Archivo \components\com_jhotelreservation\classes\services\UserDataService.php 
2015-09-28 12:10:22 - DEBUG --> getUserData 
2015-09-28 12:10:22 - DEBUG --> Archivo \components\com_jhotelreservation\classes\services\UserDataService.php 
2015-09-28 12:10:22 - DEBUG --> setCurrency 
2015-09-28 12:10:22 - DEBUG --> Archivo \components\com_jhotelreservation\classes\services\UserDataService.php 
2015-09-28 12:10:22 - DEBUG --> getUserData 
2015-09-28 12:10:22 - DEBUG --> Archivo \components\com_jhotelreservation\classes\services\UserDataService.php 
2015-09-28 12:10:22 - DEBUG --> getUserData 
2015-09-28 12:10:22 - DEBUG --> Archivo \components\com_jhotelreservation\classes\services\UserDataService.php 
2015-09-28 12:10:22 - DEBUG --> getUserData 
2015-09-28 12:10:23 - DEBUG --> Archivo \components\com_jhotelreservation\classes\services\UserDataService.php 
2015-09-28 12:10:23 - DEBUG --> initializeUserData 
2015-09-28 12:10:23 - DEBUG --> UserData first: N; 
2015-09-28 12:10:23 - DEBUG --> Archivo \components\com_jhotelreservation\classes\services\UserDataService.php 
2015-09-28 12:10:23 - DEBUG --> createUserData 
2015-09-28 12:10:23 - DEBUG --> UserData end:  a:0:{} 
2015-09-28 12:10:23 - DEBUG --> Archivo \components\com_jhotelreservation\classes\services\UserDataService.php 
2015-09-28 12:10:23 - DEBUG --> initializeUserData 
2015-09-28 12:10:23 - DEBUG --> UserData first: a:0:{} 
2015-09-28 12:10:23 - DEBUG --> UserData end:  a:0:{} 
2015-09-28 12:10:23 - DEBUG --> Archivo \components\com_jhotelreservation\classes\services\UserDataService.php 
2015-09-28 12:10:23 - DEBUG --> initializeReservationData 
2015-09-28 12:10:23 - DEBUG --> UserData: a:0:{} 
2015-09-28 12:10:23 - DEBUG --> Archivo \components\com_jhotelreservation\classes\services\UserDataService.php 
2015-09-28 12:10:23 - DEBUG --> updateUserData 
2015-09-28 12:10:23 - DEBUG --> Archivo \components\com_jhotelreservation\classes\services\UserDataService.php 
2015-09-28 12:10:23 - DEBUG --> getUserData 
2015-09-28 12:10:23 - DEBUG --> Archivo \components\com_jhotelreservation\classes\services\UserDataService.php 
2015-09-28 12:10:23 - DEBUG --> setCurrency 
2015-09-28 12:10:23 - DEBUG --> Archivo \components\com_jhotelreservation\classes\services\UserDataService.php 
2015-09-28 12:10:23 - DEBUG --> getUserData 
2015-09-28 12:10:23 - DEBUG --> Archivo \components\com_jhotelreservation\classes\services\UserDataService.php 
2015-09-28 12:10:23 - DEBUG --> getUserData 
2015-09-28 12:10:23 - DEBUG --> Archivo \components\com_jhotelreservation\classes\services\UserDataService.php 
2015-09-28 12:10:23 - DEBUG --> getUserData 
2015-09-28 12:10:23 - DEBUG --> Archivo \components\com_jhotelreservationiews\hotel	mpl\hoteloverview.php 
2015-09-28 12:10:23 - DEBUG --> Accedió 
2015-09-28 12:10:23 - DEBUG --> Archivo \components\com_jhotelreservation\classes\services\UserDataService.php 
2015-09-28 12:10:23 - DEBUG --> initializeUserData 
2015-09-28 12:10:23 - DEBUG --> UserData first: N; 
2015-09-28 12:10:23 - DEBUG --> Archivo \components\com_jhotelreservation\classes\services\UserDataService.php 
2015-09-28 12:10:23 - DEBUG --> createUserData 
2015-09-28 12:10:23 - DEBUG --> UserData end:  a:0:{} 
2015-09-28 12:10:23 - DEBUG --> Archivo \components\com_jhotelreservation\classes\services\UserDataService.php 
2015-09-28 12:10:23 - DEBUG --> initializeUserData 
2015-09-28 12:10:23 - DEBUG --> UserData first: a:0:{} 
2015-09-28 12:10:23 - DEBUG --> UserData end:  a:0:{} 
2015-09-28 12:10:23 - DEBUG --> Archivo \components\com_jhotelreservation\classes\services\UserDataService.php 
2015-09-28 12:10:23 - DEBUG --> initializeReservationData 
2015-09-28 12:10:23 - DEBUG --> UserData: a:0:{} 
2015-09-28 12:10:23 - DEBUG --> Archivo \components\com_jhotelreservation\classes\services\UserDataService.php 
2015-09-28 12:10:23 - DEBUG --> updateUserData 
2015-09-28 12:10:23 - DEBUG --> Archivo \components\com_jhotelreservation\classes\services\UserDataService.php 
2015-09-28 12:10:23 - DEBUG --> getUserData 
2015-09-28 12:10:23 - DEBUG --> Archivo \components\com_jhotelreservation\classes\services\UserDataService.php 
2015-09-28 12:10:23 - DEBUG --> setCurrency 
2015-09-28 12:10:23 - DEBUG --> Archivo \components\com_jhotelreservation\classes\services\UserDataService.php 
2015-09-28 12:10:23 - DEBUG --> getUserData 
2015-09-28 12:10:23 - DEBUG --> Archivo \components\com_jhotelreservation\classes\services\UserDataService.php 
2015-09-28 12:10:23 - DEBUG --> getUserData 
2015-09-28 12:10:23 - DEBUG --> Archivo \components\com_jhotelreservation\classes\services\UserDataService.php 
2015-09-28 12:10:23 - DEBUG --> getUserData 
2015-09-28 12:10:23 - DEBUG --> Archivo \components\com_jhotelreservationiews\hotel	mpl\hoteloverview.php 
2015-09-28 12:10:23 - DEBUG --> Accedió 
2015-09-28 12:10:24 - DEBUG --> Archivo \components\com_jhotelreservation\classes\services\UserDataService.php 
2015-09-28 12:10:24 - DEBUG --> initializeUserData 
2015-09-28 12:10:24 - DEBUG --> UserData first: N; 
2015-09-28 12:10:24 - DEBUG --> Archivo \components\com_jhotelreservation\classes\services\UserDataService.php 
2015-09-28 12:10:24 - DEBUG --> createUserData 
2015-09-28 12:10:24 - DEBUG --> UserData end:  a:0:{} 
2015-09-28 12:10:24 - DEBUG --> Archivo \components\com_jhotelreservation\classes\services\UserDataService.php 
2015-09-28 12:10:24 - DEBUG --> initializeUserData 
2015-09-28 12:10:24 - DEBUG --> UserData first: a:0:{} 
2015-09-28 12:10:24 - DEBUG --> UserData end:  a:0:{} 
2015-09-28 12:10:24 - DEBUG --> Archivo \components\com_jhotelreservation\classes\services\UserDataService.php 
2015-09-28 12:10:24 - DEBUG --> initializeReservationData 
2015-09-28 12:10:24 - DEBUG --> UserData: a:0:{} 
2015-09-28 12:10:24 - DEBUG --> Archivo \components\com_jhotelreservation\classes\services\UserDataService.php 
2015-09-28 12:10:24 - DEBUG --> updateUserData 
2015-09-28 12:10:24 - DEBUG --> Archivo \components\com_jhotelreservation\classes\services\UserDataService.php 
2015-09-28 12:10:24 - DEBUG --> getUserData 
2015-09-28 12:10:24 - DEBUG --> Archivo \components\com_jhotelreservation\classes\services\UserDataService.php 
2015-09-28 12:10:24 - DEBUG --> setCurrency 
2015-09-28 12:10:24 - DEBUG --> Archivo \components\com_jhotelreservation\classes\services\UserDataService.php 
2015-09-28 12:10:24 - DEBUG --> getUserData 
2015-09-28 12:10:24 - DEBUG --> Archivo \components\com_jhotelreservation\classes\services\UserDataService.php 
2015-09-28 12:10:24 - DEBUG --> getUserData 
2015-09-28 12:10:24 - DEBUG --> Archivo \components\com_jhotelreservation\classes\services\UserDataService.php 
2015-09-28 12:10:24 - DEBUG --> getUserData 
2015-09-28 12:10:24 - DEBUG --> Archivo \components\com_jhotelreservation\classes\services\UserDataService.php 
2015-09-28 12:10:24 - DEBUG --> initializeUserData 
2015-09-28 12:10:24 - DEBUG --> UserData first: N; 
2015-09-28 12:10:24 - DEBUG --> Archivo \components\com_jhotelreservation\classes\services\UserDataService.php 
2015-09-28 12:10:24 - DEBUG --> createUserData 
2015-09-28 12:10:24 - DEBUG --> UserData end:  a:0:{} 
2015-09-28 12:10:24 - DEBUG --> Archivo \components\com_jhotelreservation\classes\services\UserDataService.php 
2015-09-28 12:10:24 - DEBUG --> initializeUserData 
2015-09-28 12:10:24 - DEBUG --> UserData first: a:0:{} 
2015-09-28 12:10:24 - DEBUG --> UserData end:  a:0:{} 
2015-09-28 12:10:24 - DEBUG --> Archivo \components\com_jhotelreservation\classes\services\UserDataService.php 
2015-09-28 12:10:24 - DEBUG --> initializeReservationData 
2015-09-28 12:10:24 - DEBUG --> UserData: a:0:{} 
2015-09-28 12:10:24 - DEBUG --> Archivo \components\com_jhotelreservation\classes\services\UserDataService.php 
2015-09-28 12:10:24 - DEBUG --> updateUserData 
2015-09-28 12:10:24 - DEBUG --> Archivo \components\com_jhotelreservation\classes\services\UserDataService.php 
2015-09-28 12:10:24 - DEBUG --> getUserData 
2015-09-28 12:10:24 - DEBUG --> Archivo \components\com_jhotelreservation\classes\services\UserDataService.php 
2015-09-28 12:10:24 - DEBUG --> setCurrency 
2015-09-28 12:10:24 - DEBUG --> Archivo \components\com_jhotelreservation\classes\services\UserDataService.php 
2015-09-28 12:10:24 - DEBUG --> getUserData 
2015-09-28 12:10:24 - DEBUG --> Archivo \components\com_jhotelreservation\classes\services\UserDataService.php 
2015-09-28 12:10:24 - DEBUG --> getUserData 
2015-09-28 12:10:24 - DEBUG --> Archivo \components\com_jhotelreservation\classes\services\UserDataService.php 
2015-09-28 12:10:24 - DEBUG --> getUserData 
2015-09-28 12:10:24 - DEBUG --> Archivo \components\com_jhotelreservationiews\hotel	mpl\hoteloverview.php 
2015-09-28 12:10:24 - DEBUG --> Accedió 
2015-09-28 12:10:29 - DEBUG --> Archivo \components\com_jhotelreservation\classes\services\UserDataService.php 
2015-09-28 12:10:29 - DEBUG --> initializeUserData 
2015-09-28 12:10:29 - DEBUG --> UserData first: N; 
2015-09-28 12:10:29 - DEBUG --> Archivo \components\com_jhotelreservation\classes\services\UserDataService.php 
2015-09-28 12:10:29 - DEBUG --> createUserData 
2015-09-28 12:10:29 - DEBUG --> UserData end:  a:0:{} 
2015-09-28 12:10:29 - DEBUG --> Archivo \components\com_jhotelreservation\classes\services\UserDataService.php 
2015-09-28 12:10:29 - DEBUG --> initializeUserData 
2015-09-28 12:10:29 - DEBUG --> UserData first: a:0:{} 
2015-09-28 12:10:29 - DEBUG --> UserData end:  a:0:{} 
2015-09-28 12:10:29 - DEBUG --> Archivo \components\com_jhotelreservation\classes\services\UserDataService.php 
2015-09-28 12:10:29 - DEBUG --> initializeReservationData 
2015-09-28 12:10:29 - DEBUG --> UserData: a:0:{} 
2015-09-28 12:10:29 - DEBUG --> Archivo \components\com_jhotelreservation\classes\services\UserDataService.php 
2015-09-28 12:10:29 - DEBUG --> updateUserData 
2015-09-28 12:10:29 - DEBUG --> Archivo \components\com_jhotelreservation\classes\services\UserDataService.php 
2015-09-28 12:10:29 - DEBUG --> getUserData 
2015-09-28 12:10:29 - DEBUG --> Archivo \components\com_jhotelreservation\classes\services\UserDataService.php 
2015-09-28 12:10:29 - DEBUG --> setCurrency 
2015-09-28 12:10:29 - DEBUG --> Archivo \components\com_jhotelreservation\classes\services\UserDataService.php 
2015-09-28 12:10:29 - DEBUG --> getUserData 
2015-09-28 12:10:29 - DEBUG --> Archivo \components\com_jhotelreservation\classes\services\UserDataService.php 
2015-09-28 12:10:29 - DEBUG --> getUserData 
2015-09-28 12:10:29 - DEBUG --> Archivo \components\com_jhotelreservation\classes\services\UserDataService.php 
2015-09-28 12:10:29 - DEBUG --> getUserData 
2015-09-28 12:10:33 - DEBUG --> Archivo \components\com_jhotelreservation\classes\services\UserDataService.php 
2015-09-28 12:10:33 - DEBUG --> initializeUserData 
2015-09-28 12:10:33 - DEBUG --> UserData first: N; 
2015-09-28 12:10:33 - DEBUG --> Archivo \components\com_jhotelreservation\classes\services\UserDataService.php 
2015-09-28 12:10:33 - DEBUG --> createUserData 
2015-09-28 12:10:33 - DEBUG --> UserData end:  a:0:{} 
2015-09-28 12:10:33 - DEBUG --> Archivo \components\com_jhotelreservation\classes\services\UserDataService.php 
2015-09-28 12:10:33 - DEBUG --> initializeUserData 
2015-09-28 12:10:33 - DEBUG --> UserData first: a:0:{} 
2015-09-28 12:10:33 - DEBUG --> UserData end:  a:0:{} 
2015-09-28 12:10:33 - DEBUG --> Archivo \components\com_jhotelreservation\classes\services\UserDataService.php 
2015-09-28 12:10:33 - DEBUG --> initializeReservationData 
2015-09-28 12:10:33 - DEBUG --> UserData: a:0:{} 
2015-09-28 12:10:33 - DEBUG --> Archivo \components\com_jhotelreservation\classes\services\UserDataService.php 
2015-09-28 12:10:33 - DEBUG --> updateUserData 
2015-09-28 12:10:33 - DEBUG --> Archivo \components\com_jhotelreservation\classes\services\UserDataService.php 
2015-09-28 12:10:33 - DEBUG --> getUserData 
2015-09-28 12:10:33 - DEBUG --> Archivo \components\com_jhotelreservation\classes\services\UserDataService.php 
2015-09-28 12:10:33 - DEBUG --> setCurrency 
2015-09-28 12:10:33 - DEBUG --> Archivo \components\com_jhotelreservation\classes\services\UserDataService.php 
2015-09-28 12:10:33 - DEBUG --> getUserData 
2015-09-28 12:10:33 - DEBUG --> Archivo \components\com_jhotelreservation\classes\services\UserDataService.php 
2015-09-28 12:10:33 - DEBUG --> getUserData 
2015-09-28 12:10:33 - DEBUG --> Archivo \components\com_jhotelreservation\classes\services\UserDataService.php 
2015-09-28 12:10:33 - DEBUG --> getUserData 
2015-09-28 12:10:33 - DEBUG --> Archivo \components\com_jhotelreservationiews\hotel	mpl\hoteloverview.php 
2015-09-28 12:10:33 - DEBUG --> Accedió 
2015-09-28 12:10:34 - DEBUG --> Archivo \components\com_jhotelreservation\classes\services\UserDataService.php 
2015-09-28 12:10:34 - DEBUG --> initializeUserData 
2015-09-28 12:10:34 - DEBUG --> UserData first: N; 
2015-09-28 12:10:34 - DEBUG --> Archivo \components\com_jhotelreservation\classes\services\UserDataService.php 
2015-09-28 12:10:34 - DEBUG --> createUserData 
2015-09-28 12:10:34 - DEBUG --> UserData end:  a:0:{} 
2015-09-28 12:10:34 - DEBUG --> Archivo \components\com_jhotelreservation\classes\services\UserDataService.php 
2015-09-28 12:10:34 - DEBUG --> initializeUserData 
2015-09-28 12:10:34 - DEBUG --> UserData first: a:0:{} 
2015-09-28 12:10:34 - DEBUG --> UserData end:  a:0:{} 
2015-09-28 12:10:34 - DEBUG --> Archivo \components\com_jhotelreservation\classes\services\UserDataService.php 
2015-09-28 12:10:34 - DEBUG --> initializeReservationData 
2015-09-28 12:10:34 - DEBUG --> UserData: a:0:{} 
2015-09-28 12:10:34 - DEBUG --> Archivo \components\com_jhotelreservation\classes\services\UserDataService.php 
2015-09-28 12:10:34 - DEBUG --> updateUserData 
2015-09-28 12:10:34 - DEBUG --> Archivo \components\com_jhotelreservation\classes\services\UserDataService.php 
2015-09-28 12:10:34 - DEBUG --> getUserData 
2015-09-28 12:10:34 - DEBUG --> Archivo \components\com_jhotelreservation\classes\services\UserDataService.php 
2015-09-28 12:10:34 - DEBUG --> setCurrency 
2015-09-28 12:10:34 - DEBUG --> Archivo \components\com_jhotelreservation\classes\services\UserDataService.php 
2015-09-28 12:10:34 - DEBUG --> getUserData 
2015-09-28 12:10:34 - DEBUG --> Archivo \components\com_jhotelreservation\classes\services\UserDataService.php 
2015-09-28 12:10:34 - DEBUG --> getUserData 
2015-09-28 12:10:34 - DEBUG --> Archivo \components\com_jhotelreservation\classes\services\UserDataService.php 
2015-09-28 12:10:34 - DEBUG --> getUserData 
2015-09-28 12:10:34 - DEBUG --> Archivo \components\com_jhotelreservationiews\hotel	mpl\hoteloverview.php 
2015-09-28 12:10:34 - DEBUG --> Accedió 
2015-09-28 12:10:35 - DEBUG --> Archivo \components\com_jhotelreservation\classes\services\UserDataService.php 
2015-09-28 12:10:35 - DEBUG --> initializeUserData 
2015-09-28 12:10:35 - DEBUG --> UserData first: N; 
2015-09-28 12:10:35 - DEBUG --> Archivo \components\com_jhotelreservation\classes\services\UserDataService.php 
2015-09-28 12:10:35 - DEBUG --> createUserData 
2015-09-28 12:10:35 - DEBUG --> UserData end:  a:0:{} 
2015-09-28 12:10:35 - DEBUG --> Archivo \components\com_jhotelreservation\classes\services\UserDataService.php 
2015-09-28 12:10:35 - DEBUG --> initializeUserData 
2015-09-28 12:10:35 - DEBUG --> UserData first: a:0:{} 
2015-09-28 12:10:35 - DEBUG --> UserData end:  a:0:{} 
2015-09-28 12:10:35 - DEBUG --> Archivo \components\com_jhotelreservation\classes\services\UserDataService.php 
2015-09-28 12:10:35 - DEBUG --> initializeReservationData 
2015-09-28 12:10:35 - DEBUG --> UserData: a:0:{} 
2015-09-28 12:10:35 - DEBUG --> Archivo \components\com_jhotelreservation\classes\services\UserDataService.php 
2015-09-28 12:10:35 - DEBUG --> updateUserData 
2015-09-28 12:10:35 - DEBUG --> Archivo \components\com_jhotelreservation\classes\services\UserDataService.php 
2015-09-28 12:10:35 - DEBUG --> getUserData 
2015-09-28 12:10:35 - DEBUG --> Archivo \components\com_jhotelreservation\classes\services\UserDataService.php 
2015-09-28 12:10:35 - DEBUG --> setCurrency 
2015-09-28 12:10:35 - DEBUG --> Archivo \components\com_jhotelreservation\classes\services\UserDataService.php 
2015-09-28 12:10:35 - DEBUG --> getUserData 
2015-09-28 12:10:35 - DEBUG --> Archivo \components\com_jhotelreservation\classes\services\UserDataService.php 
2015-09-28 12:10:35 - DEBUG --> getUserData 
2015-09-28 12:10:35 - DEBUG --> Archivo \components\com_jhotelreservation\classes\services\UserDataService.php 
2015-09-28 12:10:35 - DEBUG --> getUserData 
2015-09-28 12:10:35 - DEBUG --> Archivo \components\com_jhotelreservationiews\hotel	mpl\hoteloverview.php 
2015-09-28 12:10:35 - DEBUG --> Accedió 
2015-09-28 12:37:44 - DEBUG --> Archivo \components\com_jhotelreservation\classes\services\UserDataService.php 
2015-09-28 12:37:44 - DEBUG --> initializeUserData 
2015-09-28 12:37:44 - DEBUG --> UserData first: N; 
2015-09-28 12:37:44 - DEBUG --> Archivo \components\com_jhotelreservation\classes\services\UserDataService.php 
2015-09-28 12:37:44 - DEBUG --> createUserData 
2015-09-28 12:37:44 - DEBUG --> UserData end:  a:0:{} 
2015-09-28 12:37:44 - DEBUG --> Archivo \components\com_jhotelreservation\classes\services\UserDataService.php 
2015-09-28 12:37:44 - DEBUG --> initializeUserData 
2015-09-28 12:37:44 - DEBUG --> UserData first: a:0:{} 
2015-09-28 12:37:44 - DEBUG --> UserData end:  a:0:{} 
2015-09-28 12:37:44 - DEBUG --> Archivo \components\com_jhotelreservation\classes\services\UserDataService.php 
2015-09-28 12:37:44 - DEBUG --> initializeReservationData 
2015-09-28 12:37:44 - DEBUG --> UserData: a:0:{} 
2015-09-28 12:37:44 - DEBUG --> Archivo \components\com_jhotelreservation\classes\services\UserDataService.php 
2015-09-28 12:37:44 - DEBUG --> updateUserData 
2015-09-28 12:37:44 - DEBUG --> Archivo \components\com_jhotelreservation\classes\services\UserDataService.php 
2015-09-28 12:37:44 - DEBUG --> getUserData 
2015-09-28 12:37:44 - DEBUG --> Archivo \components\com_jhotelreservation\classes\services\UserDataService.php 
2015-09-28 12:37:44 - DEBUG --> setCurrency 
2015-09-28 12:37:44 - DEBUG --> Archivo \components\com_jhotelreservation\classes\services\UserDataService.php 
2015-09-28 12:37:44 - DEBUG --> getUserData 
2015-09-28 12:37:44 - DEBUG --> Archivo \components\com_jhotelreservation\classes\services\UserDataService.php 
2015-09-28 12:37:44 - DEBUG --> getUserData 
2015-09-28 12:37:44 - DEBUG --> Archivo \components\com_jhotelreservation\classes\services\UserDataService.php 
2015-09-28 12:37:44 - DEBUG --> getUserData 
2015-09-28 12:37:44 - DEBUG --> Archivo \components\com_jhotelreservationiews\hotel	mpl\hoteloverview.php 
2015-09-28 12:37:44 - DEBUG --> Accedió 
2015-09-28 12:37:52 - DEBUG --> Archivo \components\com_jhotelreservation\classes\services\UserDataService.php 
2015-09-28 12:37:52 - DEBUG --> initializeUserData 
2015-09-28 12:37:52 - DEBUG --> UserData first: N; 
2015-09-28 12:37:52 - DEBUG --> Archivo \components\com_jhotelreservation\classes\services\UserDataService.php 
2015-09-28 12:37:52 - DEBUG --> createUserData 
2015-09-28 12:37:52 - DEBUG --> UserData end:  a:0:{} 
2015-09-28 12:37:52 - DEBUG --> Archivo \components\com_jhotelreservation\classes\services\UserDataService.php 
2015-09-28 12:37:52 - DEBUG --> initializeUserData 
2015-09-28 12:37:52 - DEBUG --> UserData first: a:0:{} 
2015-09-28 12:37:52 - DEBUG --> UserData end:  a:0:{} 
2015-09-28 12:37:52 - DEBUG --> Archivo \components\com_jhotelreservation\classes\services\UserDataService.php 
2015-09-28 12:37:52 - DEBUG --> initializeReservationData 
2015-09-28 12:37:52 - DEBUG --> UserData: a:0:{} 
2015-09-28 12:37:52 - DEBUG --> Archivo \components\com_jhotelreservation\classes\services\UserDataService.php 
2015-09-28 12:37:52 - DEBUG --> updateUserData 
2015-09-28 12:37:52 - DEBUG --> Archivo \components\com_jhotelreservation\classes\services\UserDataService.php 
2015-09-28 12:37:52 - DEBUG --> getUserData 
2015-09-28 12:37:52 - DEBUG --> Archivo \components\com_jhotelreservation\classes\services\UserDataService.php 
2015-09-28 12:37:52 - DEBUG --> setCurrency 
2015-09-28 12:37:52 - DEBUG --> Archivo \components\com_jhotelreservation\classes\services\UserDataService.php 
2015-09-28 12:37:52 - DEBUG --> getUserData 
2015-09-28 12:37:52 - DEBUG --> Archivo \components\com_jhotelreservation\classes\services\UserDataService.php 
2015-09-28 12:37:52 - DEBUG --> getUserData 
2015-09-28 12:37:52 - DEBUG --> Archivo \components\com_jhotelreservation\classes\services\UserDataService.php 
2015-09-28 12:37:52 - DEBUG --> getUserData 
2015-09-28 12:37:52 - DEBUG --> Archivo \components\com_jhotelreservationiews\hotel	mpl\hoteloverview.php 
2015-09-28 12:37:52 - DEBUG --> Accedió 
2015-09-28 12:38:01 - DEBUG --> Archivo \components\com_jhotelreservation\classes\services\UserDataService.php 
2015-09-28 12:38:01 - DEBUG --> initializeUserData 
2015-09-28 12:38:01 - DEBUG --> UserData first: N; 
2015-09-28 12:38:01 - DEBUG --> Archivo \components\com_jhotelreservation\classes\services\UserDataService.php 
2015-09-28 12:38:01 - DEBUG --> createUserData 
2015-09-28 12:38:01 - DEBUG --> UserData end:  a:0:{} 
2015-09-28 12:38:01 - DEBUG --> Archivo \components\com_jhotelreservation\classes\services\UserDataService.php 
2015-09-28 12:38:01 - DEBUG --> initializeUserData 
2015-09-28 12:38:01 - DEBUG --> UserData first: a:0:{} 
2015-09-28 12:38:01 - DEBUG --> UserData end:  a:0:{} 
2015-09-28 12:38:01 - DEBUG --> Archivo \components\com_jhotelreservation\classes\services\UserDataService.php 
2015-09-28 12:38:01 - DEBUG --> initializeReservationData 
2015-09-28 12:38:01 - DEBUG --> UserData: a:0:{} 
2015-09-28 12:38:01 - DEBUG --> Archivo \components\com_jhotelreservation\classes\services\UserDataService.php 
2015-09-28 12:38:01 - DEBUG --> updateUserData 
2015-09-28 12:38:01 - DEBUG --> Archivo \components\com_jhotelreservation\classes\services\UserDataService.php 
2015-09-28 12:38:01 - DEBUG --> getUserData 
2015-09-28 12:38:01 - DEBUG --> Archivo \components\com_jhotelreservation\classes\services\UserDataService.php 
2015-09-28 12:38:01 - DEBUG --> setCurrency 
2015-09-28 12:38:01 - DEBUG --> Archivo \components\com_jhotelreservation\classes\services\UserDataService.php 
2015-09-28 12:38:01 - DEBUG --> getUserData 
2015-09-28 12:38:01 - DEBUG --> Archivo \components\com_jhotelreservation\classes\services\UserDataService.php 
2015-09-28 12:38:01 - DEBUG --> getUserData 
2015-09-28 12:38:01 - DEBUG --> Archivo \components\com_jhotelreservation\classes\services\UserDataService.php 
2015-09-28 12:38:01 - DEBUG --> getUserData 
2015-09-28 12:38:01 - DEBUG --> Archivo \components\com_jhotelreservationiews\hotel	mpl\hoteloverview.php 
2015-09-28 12:38:01 - DEBUG --> Accedió 
2015-09-28 12:38:11 - DEBUG --> Archivo \components\com_jhotelreservation\classes\services\UserDataService.php 
2015-09-28 12:38:11 - DEBUG --> initializeUserData 
2015-09-28 12:38:11 - DEBUG --> UserData first: N; 
2015-09-28 12:38:11 - DEBUG --> Archivo \components\com_jhotelreservation\classes\services\UserDataService.php 
2015-09-28 12:38:11 - DEBUG --> createUserData 
2015-09-28 12:38:11 - DEBUG --> UserData end:  a:0:{} 
2015-09-28 12:38:11 - DEBUG --> Archivo \components\com_jhotelreservation\classes\services\UserDataService.php 
2015-09-28 12:38:11 - DEBUG --> initializeUserData 
2015-09-28 12:38:11 - DEBUG --> UserData first: a:0:{} 
2015-09-28 12:38:11 - DEBUG --> UserData end:  a:0:{} 
2015-09-28 12:38:11 - DEBUG --> Archivo \components\com_jhotelreservation\classes\services\UserDataService.php 
2015-09-28 12:38:11 - DEBUG --> initializeReservationData 
2015-09-28 12:38:11 - DEBUG --> UserData: a:0:{} 
2015-09-28 12:38:11 - DEBUG --> Archivo \components\com_jhotelreservation\classes\services\UserDataService.php 
2015-09-28 12:38:11 - DEBUG --> updateUserData 
2015-09-28 12:38:11 - DEBUG --> Archivo \components\com_jhotelreservation\classes\services\UserDataService.php 
2015-09-28 12:38:11 - DEBUG --> getUserData 
2015-09-28 12:38:11 - DEBUG --> Archivo \components\com_jhotelreservation\classes\services\UserDataService.php 
2015-09-28 12:38:11 - DEBUG --> setCurrency 
2015-09-28 12:38:11 - DEBUG --> Archivo \components\com_jhotelreservation\classes\services\UserDataService.php 
2015-09-28 12:38:11 - DEBUG --> getUserData 
2015-09-28 12:38:11 - DEBUG --> Archivo \components\com_jhotelreservation\classes\services\UserDataService.php 
2015-09-28 12:38:11 - DEBUG --> getUserData 
2015-09-28 12:38:11 - DEBUG --> Archivo \components\com_jhotelreservation\classes\services\UserDataService.php 
2015-09-28 12:38:11 - DEBUG --> getUserData 
2015-09-28 12:38:11 - DEBUG --> Archivo \components\com_jhotelreservationiews\hotel	mpl\hoteloverview.php 
2015-09-28 12:38:11 - DEBUG --> Accedió 
2015-09-28 12:38:17 - DEBUG --> Archivo \components\com_jhotelreservation\classes\services\UserDataService.php 
2015-09-28 12:38:17 - DEBUG --> initializeUserData 
2015-09-28 12:38:17 - DEBUG --> UserData first: N; 
2015-09-28 12:38:17 - DEBUG --> Archivo \components\com_jhotelreservation\classes\services\UserDataService.php 
2015-09-28 12:38:17 - DEBUG --> createUserData 
2015-09-28 12:38:17 - DEBUG --> UserData end:  a:0:{} 
2015-09-28 12:38:17 - DEBUG --> Archivo \components\com_jhotelreservation\classes\services\UserDataService.php 
2015-09-28 12:38:17 - DEBUG --> initializeUserData 
2015-09-28 12:38:17 - DEBUG --> UserData first: a:0:{} 
2015-09-28 12:38:17 - DEBUG --> UserData end:  a:0:{} 
2015-09-28 12:38:17 - DEBUG --> Archivo \components\com_jhotelreservation\classes\services\UserDataService.php 
2015-09-28 12:38:17 - DEBUG --> initializeReservationData 
2015-09-28 12:38:17 - DEBUG --> UserData: a:0:{} 
2015-09-28 12:38:17 - DEBUG --> Archivo \components\com_jhotelreservation\classes\services\UserDataService.php 
2015-09-28 12:38:17 - DEBUG --> updateUserData 
2015-09-28 12:38:17 - DEBUG --> Archivo \components\com_jhotelreservation\classes\services\UserDataService.php 
2015-09-28 12:38:17 - DEBUG --> getUserData 
2015-09-28 12:38:17 - DEBUG --> Archivo \components\com_jhotelreservation\classes\services\UserDataService.php 
2015-09-28 12:38:17 - DEBUG --> setCurrency 
2015-09-28 12:38:17 - DEBUG --> Archivo \components\com_jhotelreservation\classes\services\UserDataService.php 
2015-09-28 12:38:17 - DEBUG --> getUserData 
2015-09-28 12:38:17 - DEBUG --> Archivo \components\com_jhotelreservation\classes\services\UserDataService.php 
2015-09-28 12:38:17 - DEBUG --> getUserData 
2015-09-28 12:38:17 - DEBUG --> Archivo \components\com_jhotelreservation\classes\services\UserDataService.php 
2015-09-28 12:38:17 - DEBUG --> getUserData 
2015-09-28 12:38:17 - DEBUG --> Archivo \components\com_jhotelreservationiews\hotel	mpl\hoteloverview.php 
2015-09-28 12:38:17 - DEBUG --> Accedió 
2015-09-28 12:38:24 - DEBUG --> Archivo \components\com_jhotelreservation\classes\services\UserDataService.php 
2015-09-28 12:38:24 - DEBUG --> initializeUserData 
2015-09-28 12:38:24 - DEBUG --> UserData first: N; 
2015-09-28 12:38:24 - DEBUG --> Archivo \components\com_jhotelreservation\classes\services\UserDataService.php 
2015-09-28 12:38:24 - DEBUG --> createUserData 
2015-09-28 12:38:24 - DEBUG --> UserData end:  a:0:{} 
2015-09-28 12:38:24 - DEBUG --> Archivo \components\com_jhotelreservation\classes\services\UserDataService.php 
2015-09-28 12:38:24 - DEBUG --> initializeUserData 
2015-09-28 12:38:24 - DEBUG --> UserData first: a:0:{} 
2015-09-28 12:38:24 - DEBUG --> UserData end:  a:0:{} 
2015-09-28 12:38:24 - DEBUG --> Archivo \components\com_jhotelreservation\classes\services\UserDataService.php 
2015-09-28 12:38:24 - DEBUG --> initializeReservationData 
2015-09-28 12:38:24 - DEBUG --> UserData: a:0:{} 
2015-09-28 12:38:24 - DEBUG --> Archivo \components\com_jhotelreservation\classes\services\UserDataService.php 
2015-09-28 12:38:24 - DEBUG --> updateUserData 
2015-09-28 12:38:24 - DEBUG --> Archivo \components\com_jhotelreservation\classes\services\UserDataService.php 
2015-09-28 12:38:24 - DEBUG --> getUserData 
2015-09-28 12:38:24 - DEBUG --> Archivo \components\com_jhotelreservation\classes\services\UserDataService.php 
2015-09-28 12:38:24 - DEBUG --> setCurrency 
2015-09-28 12:38:24 - DEBUG --> Archivo \components\com_jhotelreservation\classes\services\UserDataService.php 
2015-09-28 12:38:24 - DEBUG --> getUserData 
2015-09-28 12:38:24 - DEBUG --> Archivo \components\com_jhotelreservation\classes\services\UserDataService.php 
2015-09-28 12:38:24 - DEBUG --> getUserData 
2015-09-28 12:38:24 - DEBUG --> Archivo \components\com_jhotelreservation\classes\services\UserDataService.php 
2015-09-28 12:38:24 - DEBUG --> getUserData 
2015-09-28 12:38:24 - DEBUG --> Archivo \components\com_jhotelreservationiews\hotel	mpl\hoteloverview.php 
2015-09-28 12:38:24 - DEBUG --> Accedió 
2015-09-28 13:05:39 - DEBUG --> Archivo \components\com_jhotelreservation\classes\services\UserDataService.php 
2015-09-28 13:05:39 - DEBUG --> initializeUserData 
2015-09-28 13:05:39 - DEBUG --> UserData first: N; 
2015-09-28 13:05:39 - DEBUG --> Archivo \components\com_jhotelreservation\classes\services\UserDataService.php 
2015-09-28 13:05:39 - DEBUG --> createUserData 
2015-09-28 13:05:39 - DEBUG --> UserData end:  a:0:{} 
2015-09-28 13:05:39 - DEBUG --> Archivo \components\com_jhotelreservation\classes\services\UserDataService.php 
2015-09-28 13:05:39 - DEBUG --> initializeUserData 
2015-09-28 13:05:39 - DEBUG --> UserData first: a:0:{} 
2015-09-28 13:05:39 - DEBUG --> UserData end:  a:0:{} 
2015-09-28 13:05:39 - DEBUG --> Archivo \components\com_jhotelreservation\classes\services\UserDataService.php 
2015-09-28 13:05:39 - DEBUG --> initializeReservationData 
2015-09-28 13:05:39 - DEBUG --> UserData: a:0:{} 
2015-09-28 13:05:39 - DEBUG --> Archivo \components\com_jhotelreservation\classes\services\UserDataService.php 
2015-09-28 13:05:39 - DEBUG --> updateUserData 
2015-09-28 13:05:39 - DEBUG --> Archivo \components\com_jhotelreservation\classes\services\UserDataService.php 
2015-09-28 13:05:39 - DEBUG --> getUserData 
2015-09-28 13:05:39 - DEBUG --> Archivo \components\com_jhotelreservation\classes\services\UserDataService.php 
2015-09-28 13:05:39 - DEBUG --> setCurrency 
2015-09-28 13:05:39 - DEBUG --> Archivo \components\com_jhotelreservation\classes\services\UserDataService.php 
2015-09-28 13:05:39 - DEBUG --> getUserData 
2015-09-28 13:05:39 - DEBUG --> Archivo \components\com_jhotelreservation\classes\services\UserDataService.php 
2015-09-28 13:05:39 - DEBUG --> getUserData 
2015-09-28 13:05:39 - DEBUG --> Archivo \components\com_jhotelreservation\classes\services\UserDataService.php 
2015-09-28 13:05:39 - DEBUG --> getUserData 
2015-09-28 14:05:21 - DEBUG --> Archivo \components\com_jhotelreservation\classes\services\UserDataService.php 
2015-09-28 14:05:21 - DEBUG --> initializeUserData 
2015-09-28 14:05:21 - DEBUG --> UserData first: N; 
2015-09-28 14:05:21 - DEBUG --> Archivo \components\com_jhotelreservation\classes\services\UserDataService.php 
2015-09-28 14:05:21 - DEBUG --> createUserData 
2015-09-28 14:05:21 - DEBUG --> UserData end:  a:0:{} 
2015-09-28 14:05:21 - DEBUG --> Archivo \components\com_jhotelreservation\classes\services\UserDataService.php 
2015-09-28 14:05:21 - DEBUG --> initializeUserData 
2015-09-28 14:05:21 - DEBUG --> UserData first: a:0:{} 
2015-09-28 14:05:21 - DEBUG --> UserData end:  a:0:{} 
2015-09-28 14:05:21 - DEBUG --> Archivo \components\com_jhotelreservation\classes\services\UserDataService.php 
2015-09-28 14:05:21 - DEBUG --> initializeReservationData 
2015-09-28 14:05:21 - DEBUG --> UserData: a:0:{} 
2015-09-28 14:05:21 - DEBUG --> Archivo \components\com_jhotelreservation\classes\services\UserDataService.php 
2015-09-28 14:05:21 - DEBUG --> updateUserData 
2015-09-28 14:05:21 - DEBUG --> Archivo \components\com_jhotelreservation\classes\services\UserDataService.php 
2015-09-28 14:05:21 - DEBUG --> getUserData 
2015-09-28 14:05:21 - DEBUG --> Archivo \components\com_jhotelreservation\classes\services\UserDataService.php 
2015-09-28 14:05:21 - DEBUG --> setCurrency 
2015-09-28 14:05:21 - DEBUG --> Archivo \components\com_jhotelreservation\classes\services\UserDataService.php 
2015-09-28 14:05:21 - DEBUG --> getUserData 
2015-09-28 14:05:21 - DEBUG --> Archivo \components\com_jhotelreservation\classes\services\UserDataService.php 
2015-09-28 14:05:21 - DEBUG --> getUserData 
2015-09-28 14:05:21 - DEBUG --> Archivo \components\com_jhotelreservation\classes\services\UserDataService.php 
2015-09-28 14:05:21 - DEBUG --> getUserData 
2015-09-28 14:05:21 - DEBUG --> Archivo \components\com_jhotelreservationiews\hotel	mpl\hoteloverview.php 
2015-09-28 14:05:21 - DEBUG --> Accedió 
2015-09-28 14:05:24 - DEBUG --> Archivo \components\com_jhotelreservation\classes\services\UserDataService.php 
2015-09-28 14:05:24 - DEBUG --> initializeUserData 
2015-09-28 14:05:24 - DEBUG --> UserData first: N; 
2015-09-28 14:05:24 - DEBUG --> Archivo \components\com_jhotelreservation\classes\services\UserDataService.php 
2015-09-28 14:05:24 - DEBUG --> createUserData 
2015-09-28 14:05:24 - DEBUG --> UserData end:  a:0:{} 
2015-09-28 14:05:24 - DEBUG --> Archivo \components\com_jhotelreservation\classes\services\UserDataService.php 
2015-09-28 14:05:24 - DEBUG --> initializeUserData 
2015-09-28 14:05:24 - DEBUG --> UserData first: a:0:{} 
2015-09-28 14:05:24 - DEBUG --> UserData end:  a:0:{} 
2015-09-28 14:05:24 - DEBUG --> Archivo \components\com_jhotelreservation\classes\services\UserDataService.php 
2015-09-28 14:05:24 - DEBUG --> initializeReservationData 
2015-09-28 14:05:24 - DEBUG --> UserData: a:0:{} 
2015-09-28 14:05:24 - DEBUG --> Archivo \components\com_jhotelreservation\classes\services\UserDataService.php 
2015-09-28 14:05:24 - DEBUG --> updateUserData 
2015-09-28 14:05:24 - DEBUG --> Archivo \components\com_jhotelreservation\classes\services\UserDataService.php 
2015-09-28 14:05:24 - DEBUG --> getUserData 
2015-09-28 14:05:24 - DEBUG --> Archivo \components\com_jhotelreservation\classes\services\UserDataService.php 
2015-09-28 14:05:24 - DEBUG --> setCurrency 
2015-09-28 14:05:24 - DEBUG --> Archivo \components\com_jhotelreservation\classes\services\UserDataService.php 
2015-09-28 14:05:24 - DEBUG --> getUserData 
2015-09-28 14:05:24 - DEBUG --> Archivo \components\com_jhotelreservation\classes\services\UserDataService.php 
2015-09-28 14:05:24 - DEBUG --> getUserData 
2015-09-28 14:05:24 - DEBUG --> Archivo \components\com_jhotelreservation\classes\services\UserDataService.php 
2015-09-28 14:05:24 - DEBUG --> getUserData 
2015-09-28 14:05:24 - DEBUG --> Archivo \components\com_jhotelreservationiews\hotel	mpl\hoteloverview.php 
2015-09-28 14:05:24 - DEBUG --> Accedió 
2015-09-28 14:09:36 - DEBUG --> Archivo \components\com_jhotelreservation\classes\services\UserDataService.php 
2015-09-28 14:09:36 - DEBUG --> initializeUserData 
2015-09-28 14:09:36 - DEBUG --> UserData first: N; 
2015-09-28 14:09:36 - DEBUG --> Archivo \components\com_jhotelreservation\classes\services\UserDataService.php 
2015-09-28 14:09:36 - DEBUG --> createUserData 
2015-09-28 14:09:36 - DEBUG --> UserData end:  a:0:{} 
2015-09-28 14:09:36 - DEBUG --> Archivo \components\com_jhotelreservation\classes\services\UserDataService.php 
2015-09-28 14:09:36 - DEBUG --> initializeUserData 
2015-09-28 14:09:36 - DEBUG --> UserData first: a:0:{} 
2015-09-28 14:09:36 - DEBUG --> UserData end:  a:0:{} 
2015-09-28 14:09:36 - DEBUG --> Archivo \components\com_jhotelreservation\classes\services\UserDataService.php 
2015-09-28 14:09:36 - DEBUG --> initializeReservationData 
2015-09-28 14:09:36 - DEBUG --> UserData: a:0:{} 
2015-09-28 14:09:36 - DEBUG --> Archivo \components\com_jhotelreservation\classes\services\UserDataService.php 
2015-09-28 14:09:36 - DEBUG --> updateUserData 
2015-09-28 14:09:36 - DEBUG --> Archivo \components\com_jhotelreservation\classes\services\UserDataService.php 
2015-09-28 14:09:36 - DEBUG --> getUserData 
2015-09-28 14:09:36 - DEBUG --> Archivo \components\com_jhotelreservation\classes\services\UserDataService.php 
2015-09-28 14:09:36 - DEBUG --> setCurrency 
2015-09-28 14:09:36 - DEBUG --> Archivo \components\com_jhotelreservation\classes\services\UserDataService.php 
2015-09-28 14:09:36 - DEBUG --> getUserData 
2015-09-28 14:09:36 - DEBUG --> Archivo \components\com_jhotelreservation\classes\services\UserDataService.php 
2015-09-28 14:09:36 - DEBUG --> getUserData 
2015-09-28 14:09:36 - DEBUG --> Archivo \components\com_jhotelreservation\classes\services\UserDataService.php 
2015-09-28 14:09:36 - DEBUG --> getUserData 
2015-09-28 14:09:36 - DEBUG --> Archivo \components\com_jhotelreservationiews\hotel	mpl\hoteloverview.php 
2015-09-28 14:09:36 - DEBUG --> Accedió 
2015-09-28 14:09:37 - DEBUG --> Archivo \components\com_jhotelreservation\classes\services\UserDataService.php 
2015-09-28 14:09:37 - DEBUG --> initializeUserData 
2015-09-28 14:09:37 - DEBUG --> UserData first: N; 
2015-09-28 14:09:37 - DEBUG --> Archivo \components\com_jhotelreservation\classes\services\UserDataService.php 
2015-09-28 14:09:37 - DEBUG --> createUserData 
2015-09-28 14:09:37 - DEBUG --> UserData end:  a:0:{} 
2015-09-28 14:09:37 - DEBUG --> Archivo \components\com_jhotelreservation\classes\services\UserDataService.php 
2015-09-28 14:09:37 - DEBUG --> initializeUserData 
2015-09-28 14:09:37 - DEBUG --> UserData first: a:0:{} 
2015-09-28 14:09:37 - DEBUG --> UserData end:  a:0:{} 
2015-09-28 14:09:37 - DEBUG --> Archivo \components\com_jhotelreservation\classes\services\UserDataService.php 
2015-09-28 14:09:37 - DEBUG --> initializeReservationData 
2015-09-28 14:09:37 - DEBUG --> UserData: a:0:{} 
2015-09-28 14:09:37 - DEBUG --> Archivo \components\com_jhotelreservation\classes\services\UserDataService.php 
2015-09-28 14:09:37 - DEBUG --> updateUserData 
2015-09-28 14:09:37 - DEBUG --> Archivo \components\com_jhotelreservation\classes\services\UserDataService.php 
2015-09-28 14:09:37 - DEBUG --> getUserData 
2015-09-28 14:09:37 - DEBUG --> Archivo \components\com_jhotelreservation\classes\services\UserDataService.php 
2015-09-28 14:09:37 - DEBUG --> setCurrency 
2015-09-28 14:09:37 - DEBUG --> Archivo \components\com_jhotelreservation\classes\services\UserDataService.php 
2015-09-28 14:09:37 - DEBUG --> getUserData 
2015-09-28 14:09:37 - DEBUG --> Archivo \components\com_jhotelreservation\classes\services\UserDataService.php 
2015-09-28 14:09:37 - DEBUG --> getUserData 
2015-09-28 14:09:37 - DEBUG --> Archivo \components\com_jhotelreservation\classes\services\UserDataService.php 
2015-09-28 14:09:37 - DEBUG --> getUserData 
2015-09-28 14:09:37 - DEBUG --> Archivo \components\com_jhotelreservationiews\hotel	mpl\hoteloverview.php 
2015-09-28 14:09:37 - DEBUG --> Accedió 
2015-09-28 15:39:49 - DEBUG --> Archivo \components\com_jhotelreservation\classes\services\UserDataService.php 
2015-09-28 15:39:49 - DEBUG --> initializeUserData 
2015-09-28 15:39:49 - DEBUG --> UserData first: N; 
2015-09-28 15:39:49 - DEBUG --> Archivo \components\com_jhotelreservation\classes\services\UserDataService.php 
2015-09-28 15:39:49 - DEBUG --> createUserData 
2015-09-28 15:39:49 - DEBUG --> UserData end:  a:0:{} 
2015-09-28 15:39:49 - DEBUG --> Archivo \components\com_jhotelreservation\classes\services\UserDataService.php 
2015-09-28 15:39:49 - DEBUG --> initializeUserData 
2015-09-28 15:39:49 - DEBUG --> UserData first: a:0:{} 
2015-09-28 15:39:49 - DEBUG --> UserData end:  a:0:{} 
2015-09-28 15:39:49 - DEBUG --> Archivo \components\com_jhotelreservation\classes\services\UserDataService.php 
2015-09-28 15:39:49 - DEBUG --> initializeReservationData 
2015-09-28 15:39:49 - DEBUG --> UserData: a:0:{} 
2015-09-28 15:39:49 - DEBUG --> Archivo \components\com_jhotelreservation\classes\services\UserDataService.php 
2015-09-28 15:39:49 - DEBUG --> updateUserData 
2015-09-28 15:39:49 - DEBUG --> Archivo \components\com_jhotelreservation\classes\services\UserDataService.php 
2015-09-28 15:39:49 - DEBUG --> getUserData 
2015-09-28 15:39:49 - DEBUG --> Archivo \components\com_jhotelreservation\classes\services\UserDataService.php 
2015-09-28 15:39:49 - DEBUG --> setCurrency 
2015-09-28 15:39:49 - DEBUG --> Archivo \components\com_jhotelreservation\classes\services\UserDataService.php 
2015-09-28 15:39:49 - DEBUG --> getUserData 
2015-09-28 15:39:49 - DEBUG --> Archivo \components\com_jhotelreservation\classes\services\UserDataService.php 
2015-09-28 15:39:49 - DEBUG --> getUserData 
2015-09-28 15:39:49 - DEBUG --> Archivo \components\com_jhotelreservation\classes\services\UserDataService.php 
2015-09-28 15:39:49 - DEBUG --> getUserData 
2015-09-28 16:12:09 - DEBUG --> Archivo \components\com_jhotelreservation\classes\services\UserDataService.php 
2015-09-28 16:12:09 - DEBUG --> initializeUserData 
2015-09-28 16:12:09 - DEBUG --> UserData first: N; 
2015-09-28 16:12:09 - DEBUG --> Archivo \components\com_jhotelreservation\classes\services\UserDataService.php 
2015-09-28 16:12:09 - DEBUG --> createUserData 
2015-09-28 16:12:09 - DEBUG --> UserData end:  a:0:{} 
2015-09-28 16:12:09 - DEBUG --> Archivo \components\com_jhotelreservation\classes\services\UserDataService.php 
2015-09-28 16:12:09 - DEBUG --> initializeUserData 
2015-09-28 16:12:09 - DEBUG --> UserData first: a:0:{} 
2015-09-28 16:12:09 - DEBUG --> UserData end:  a:0:{} 
2015-09-28 16:12:09 - DEBUG --> Archivo \components\com_jhotelreservation\classes\services\UserDataService.php 
2015-09-28 16:12:09 - DEBUG --> initializeReservationData 
2015-09-28 16:12:09 - DEBUG --> UserData: a:0:{} 
2015-09-28 16:12:09 - DEBUG --> Archivo \components\com_jhotelreservation\classes\services\UserDataService.php 
2015-09-28 16:12:09 - DEBUG --> updateUserData 
2015-09-28 16:12:09 - DEBUG --> Archivo \components\com_jhotelreservation\classes\services\UserDataService.php 
2015-09-28 16:12:09 - DEBUG --> getUserData 
2015-09-28 16:12:09 - DEBUG --> Archivo \components\com_jhotelreservation\classes\services\UserDataService.php 
2015-09-28 16:12:09 - DEBUG --> setCurrency 
2015-09-28 16:12:09 - DEBUG --> Archivo \components\com_jhotelreservation\classes\services\UserDataService.php 
2015-09-28 16:12:09 - DEBUG --> getUserData 
2015-09-28 16:12:09 - DEBUG --> Archivo \components\com_jhotelreservation\classes\services\UserDataService.php 
2015-09-28 16:12:09 - DEBUG --> getUserData 
2015-09-28 16:12:09 - DEBUG --> Archivo \components\com_jhotelreservation\classes\services\UserDataService.php 
2015-09-28 16:12:09 - DEBUG --> getUserData 
2015-09-28 16:12:09 - DEBUG --> Archivo \components\com_jhotelreservationiews\hotel	mpl\hoteloverview.php 
2015-09-28 16:12:09 - DEBUG --> Accedió 
2015-09-28 18:20:17 - DEBUG --> Archivo \components\com_jhotelreservation\classes\services\UserDataService.php 
2015-09-28 18:20:17 - DEBUG --> initializeUserData 
2015-09-28 18:20:17 - DEBUG --> UserData first: N; 
2015-09-28 18:20:17 - DEBUG --> Archivo \components\com_jhotelreservation\classes\services\UserDataService.php 
2015-09-28 18:20:17 - DEBUG --> createUserData 
2015-09-28 18:20:17 - DEBUG --> UserData end:  a:0:{} 
2015-09-28 18:20:17 - DEBUG --> Archivo \components\com_jhotelreservation\classes\services\UserDataService.php 
2015-09-28 18:20:17 - DEBUG --> initializeUserData 
2015-09-28 18:20:17 - DEBUG --> UserData first: a:0:{} 
2015-09-28 18:20:17 - DEBUG --> UserData end:  a:0:{} 
2015-09-28 18:20:17 - DEBUG --> Archivo \components\com_jhotelreservation\classes\services\UserDataService.php 
2015-09-28 18:20:17 - DEBUG --> initializeReservationData 
2015-09-28 18:20:17 - DEBUG --> UserData: a:0:{} 
2015-09-28 18:20:17 - DEBUG --> Archivo \components\com_jhotelreservation\classes\services\UserDataService.php 
2015-09-28 18:20:17 - DEBUG --> updateUserData 
2015-09-28 18:20:17 - DEBUG --> Archivo \components\com_jhotelreservation\classes\services\UserDataService.php 
2015-09-28 18:20:17 - DEBUG --> getUserData 
2015-09-28 18:20:17 - DEBUG --> Archivo \components\com_jhotelreservation\classes\services\UserDataService.php 
2015-09-28 18:20:17 - DEBUG --> setCurrency 
2015-09-28 18:20:17 - DEBUG --> Archivo \components\com_jhotelreservation\classes\services\UserDataService.php 
2015-09-28 18:20:17 - DEBUG --> getUserData 
2015-09-28 18:20:17 - DEBUG --> Archivo \components\com_jhotelreservation\classes\services\UserDataService.php 
2015-09-28 18:20:17 - DEBUG --> getUserData 
2015-09-28 18:20:17 - DEBUG --> Archivo \components\com_jhotelreservation\classes\services\UserDataService.php 
2015-09-28 18:20:17 - DEBUG --> getUserData 
2015-09-28 18:20:17 - DEBUG --> Archivo \components\com_jhotelreservationiews\hotel	mpl\hoteloverview.php 
2015-09-28 18:20:17 - DEBUG --> Accedió 
2015-09-28 18:21:58 - DEBUG --> Archivo \components\com_jhotelreservation\classes\services\UserDataService.php 
2015-09-28 18:21:58 - DEBUG --> initializeUserData 
2015-09-28 18:21:58 - DEBUG --> UserData first: N; 
2015-09-28 18:21:58 - DEBUG --> Archivo \components\com_jhotelreservation\classes\services\UserDataService.php 
2015-09-28 18:21:58 - DEBUG --> createUserData 
2015-09-28 18:21:58 - DEBUG --> UserData end:  a:0:{} 
2015-09-28 18:21:58 - DEBUG --> Archivo \components\com_jhotelreservation\classes\services\UserDataService.php 
2015-09-28 18:21:58 - DEBUG --> initializeUserData 
2015-09-28 18:21:58 - DEBUG --> UserData first: a:0:{} 
2015-09-28 18:21:58 - DEBUG --> UserData end:  a:0:{} 
2015-09-28 18:21:58 - DEBUG --> Archivo \components\com_jhotelreservation\classes\services\UserDataService.php 
2015-09-28 18:21:58 - DEBUG --> initializeReservationData 
2015-09-28 18:21:58 - DEBUG --> UserData: a:0:{} 
2015-09-28 18:21:58 - DEBUG --> Archivo \components\com_jhotelreservation\classes\services\UserDataService.php 
2015-09-28 18:21:58 - DEBUG --> updateUserData 
2015-09-28 18:21:58 - DEBUG --> Archivo \components\com_jhotelreservation\classes\services\UserDataService.php 
2015-09-28 18:21:58 - DEBUG --> getUserData 
2015-09-28 18:21:58 - DEBUG --> Archivo \components\com_jhotelreservation\classes\services\UserDataService.php 
2015-09-28 18:21:58 - DEBUG --> setCurrency 
2015-09-28 18:21:58 - DEBUG --> Archivo \components\com_jhotelreservation\classes\services\UserDataService.php 
2015-09-28 18:21:58 - DEBUG --> getUserData 
2015-09-28 18:21:58 - DEBUG --> Archivo \components\com_jhotelreservation\classes\services\UserDataService.php 
2015-09-28 18:21:58 - DEBUG --> getUserData 
2015-09-28 18:21:59 - DEBUG --> Archivo \components\com_jhotelreservation\classes\services\UserDataService.php 
2015-09-28 18:21:59 - DEBUG --> getUserData 
2015-09-28 18:21:59 - DEBUG --> Archivo \components\com_jhotelreservationiews\hotel	mpl\hoteloverview.php 
2015-09-28 18:21:59 - DEBUG --> Accedió 
2015-09-28 18:22:01 - DEBUG --> Archivo \components\com_jhotelreservation\classes\services\UserDataService.php 
2015-09-28 18:22:01 - DEBUG --> initializeUserData 
2015-09-28 18:22:01 - DEBUG --> UserData first: N; 
2015-09-28 18:22:01 - DEBUG --> Archivo \components\com_jhotelreservation\classes\services\UserDataService.php 
2015-09-28 18:22:01 - DEBUG --> createUserData 
2015-09-28 18:22:01 - DEBUG --> UserData end:  a:0:{} 
2015-09-28 18:22:01 - DEBUG --> Archivo \components\com_jhotelreservation\classes\services\UserDataService.php 
2015-09-28 18:22:01 - DEBUG --> initializeUserData 
2015-09-28 18:22:01 - DEBUG --> UserData first: a:0:{} 
2015-09-28 18:22:01 - DEBUG --> UserData end:  a:0:{} 
2015-09-28 18:22:01 - DEBUG --> Archivo \components\com_jhotelreservation\classes\services\UserDataService.php 
2015-09-28 18:22:01 - DEBUG --> initializeReservationData 
2015-09-28 18:22:01 - DEBUG --> UserData: a:0:{} 
2015-09-28 18:22:01 - DEBUG --> Archivo \components\com_jhotelreservation\classes\services\UserDataService.php 
2015-09-28 18:22:01 - DEBUG --> updateUserData 
2015-09-28 18:22:01 - DEBUG --> Archivo \components\com_jhotelreservation\classes\services\UserDataService.php 
2015-09-28 18:22:01 - DEBUG --> getUserData 
2015-09-28 18:22:01 - DEBUG --> Archivo \components\com_jhotelreservation\classes\services\UserDataService.php 
2015-09-28 18:22:01 - DEBUG --> setCurrency 
2015-09-28 18:22:01 - DEBUG --> Archivo \components\com_jhotelreservation\classes\services\UserDataService.php 
2015-09-28 18:22:01 - DEBUG --> getUserData 
2015-09-28 18:22:01 - DEBUG --> Archivo \components\com_jhotelreservation\classes\services\UserDataService.php 
2015-09-28 18:22:01 - DEBUG --> getUserData 
2015-09-28 18:22:01 - DEBUG --> Archivo \components\com_jhotelreservation\classes\services\UserDataService.php 
2015-09-28 18:22:01 - DEBUG --> getUserData 
2015-09-28 18:22:01 - DEBUG --> Archivo \components\com_jhotelreservationiews\hotel	mpl\hoteloverview.php 
2015-09-28 18:22:01 - DEBUG --> Accedió 
2015-09-28 18:22:03 - DEBUG --> Archivo \components\com_jhotelreservation\classes\services\UserDataService.php 
2015-09-28 18:22:03 - DEBUG --> initializeUserData 
2015-09-28 18:22:03 - DEBUG --> UserData first: N; 
2015-09-28 18:22:03 - DEBUG --> Archivo \components\com_jhotelreservation\classes\services\UserDataService.php 
2015-09-28 18:22:03 - DEBUG --> createUserData 
2015-09-28 18:22:03 - DEBUG --> UserData end:  a:0:{} 
2015-09-28 18:22:03 - DEBUG --> Archivo \components\com_jhotelreservation\classes\services\UserDataService.php 
2015-09-28 18:22:03 - DEBUG --> initializeUserData 
2015-09-28 18:22:03 - DEBUG --> UserData first: a:0:{} 
2015-09-28 18:22:03 - DEBUG --> UserData end:  a:0:{} 
2015-09-28 18:22:03 - DEBUG --> Archivo \components\com_jhotelreservation\classes\services\UserDataService.php 
2015-09-28 18:22:03 - DEBUG --> initializeReservationData 
2015-09-28 18:22:03 - DEBUG --> UserData: a:0:{} 
2015-09-28 18:22:03 - DEBUG --> Archivo \components\com_jhotelreservation\classes\services\UserDataService.php 
2015-09-28 18:22:03 - DEBUG --> updateUserData 
2015-09-28 18:22:03 - DEBUG --> Archivo \components\com_jhotelreservation\classes\services\UserDataService.php 
2015-09-28 18:22:03 - DEBUG --> getUserData 
2015-09-28 18:22:03 - DEBUG --> Archivo \components\com_jhotelreservation\classes\services\UserDataService.php 
2015-09-28 18:22:03 - DEBUG --> setCurrency 
2015-09-28 18:22:03 - DEBUG --> Archivo \components\com_jhotelreservation\classes\services\UserDataService.php 
2015-09-28 18:22:03 - DEBUG --> getUserData 
2015-09-28 18:22:03 - DEBUG --> Archivo \components\com_jhotelreservation\classes\services\UserDataService.php 
2015-09-28 18:22:03 - DEBUG --> getUserData 
2015-09-28 18:22:03 - DEBUG --> Archivo \components\com_jhotelreservation\classes\services\UserDataService.php 
2015-09-28 18:22:03 - DEBUG --> getUserData 
2015-09-28 18:22:03 - DEBUG --> Archivo \components\com_jhotelreservationiews\hotel	mpl\hoteloverview.php 
2015-09-28 18:22:03 - DEBUG --> Accedió 
2015-09-28 18:22:06 - DEBUG --> Archivo \components\com_jhotelreservation\classes\services\UserDataService.php 
2015-09-28 18:22:06 - DEBUG --> initializeUserData 
2015-09-28 18:22:06 - DEBUG --> UserData first: N; 
2015-09-28 18:22:06 - DEBUG --> Archivo \components\com_jhotelreservation\classes\services\UserDataService.php 
2015-09-28 18:22:06 - DEBUG --> createUserData 
2015-09-28 18:22:06 - DEBUG --> UserData end:  a:0:{} 
2015-09-28 18:22:06 - DEBUG --> Archivo \components\com_jhotelreservation\classes\services\UserDataService.php 
2015-09-28 18:22:06 - DEBUG --> initializeUserData 
2015-09-28 18:22:06 - DEBUG --> UserData first: a:0:{} 
2015-09-28 18:22:06 - DEBUG --> UserData end:  a:0:{} 
2015-09-28 18:22:06 - DEBUG --> Archivo \components\com_jhotelreservation\classes\services\UserDataService.php 
2015-09-28 18:22:06 - DEBUG --> initializeReservationData 
2015-09-28 18:22:06 - DEBUG --> UserData: a:0:{} 
2015-09-28 18:22:06 - DEBUG --> Archivo \components\com_jhotelreservation\classes\services\UserDataService.php 
2015-09-28 18:22:06 - DEBUG --> updateUserData 
2015-09-28 18:22:06 - DEBUG --> Archivo \components\com_jhotelreservation\classes\services\UserDataService.php 
2015-09-28 18:22:06 - DEBUG --> getUserData 
2015-09-28 18:22:06 - DEBUG --> Archivo \components\com_jhotelreservation\classes\services\UserDataService.php 
2015-09-28 18:22:06 - DEBUG --> setCurrency 
2015-09-28 18:22:06 - DEBUG --> Archivo \components\com_jhotelreservation\classes\services\UserDataService.php 
2015-09-28 18:22:06 - DEBUG --> getUserData 
2015-09-28 18:22:06 - DEBUG --> Archivo \components\com_jhotelreservation\classes\services\UserDataService.php 
2015-09-28 18:22:06 - DEBUG --> getUserData 
2015-09-28 18:22:06 - DEBUG --> Archivo \components\com_jhotelreservation\classes\services\UserDataService.php 
2015-09-28 18:22:06 - DEBUG --> getUserData 
2015-09-28 18:22:06 - DEBUG --> Archivo \components\com_jhotelreservationiews\hotel	mpl\hoteloverview.php 
2015-09-28 18:22:06 - DEBUG --> Accedió 
2015-09-28 18:22:09 - DEBUG --> Archivo \components\com_jhotelreservation\classes\services\UserDataService.php 
2015-09-28 18:22:09 - DEBUG --> initializeUserData 
2015-09-28 18:22:09 - DEBUG --> UserData first: N; 
2015-09-28 18:22:09 - DEBUG --> Archivo \components\com_jhotelreservation\classes\services\UserDataService.php 
2015-09-28 18:22:09 - DEBUG --> createUserData 
2015-09-28 18:22:09 - DEBUG --> UserData end:  a:0:{} 
2015-09-28 18:22:09 - DEBUG --> Archivo \components\com_jhotelreservation\classes\services\UserDataService.php 
2015-09-28 18:22:09 - DEBUG --> initializeUserData 
2015-09-28 18:22:09 - DEBUG --> UserData first: a:0:{} 
2015-09-28 18:22:09 - DEBUG --> UserData end:  a:0:{} 
2015-09-28 18:22:09 - DEBUG --> Archivo \components\com_jhotelreservation\classes\services\UserDataService.php 
2015-09-28 18:22:09 - DEBUG --> initializeReservationData 
2015-09-28 18:22:09 - DEBUG --> UserData: a:0:{} 
2015-09-28 18:22:09 - DEBUG --> Archivo \components\com_jhotelreservation\classes\services\UserDataService.php 
2015-09-28 18:22:09 - DEBUG --> updateUserData 
2015-09-28 18:22:09 - DEBUG --> Archivo \components\com_jhotelreservation\classes\services\UserDataService.php 
2015-09-28 18:22:09 - DEBUG --> getUserData 
2015-09-28 18:22:09 - DEBUG --> Archivo \components\com_jhotelreservation\classes\services\UserDataService.php 
2015-09-28 18:22:09 - DEBUG --> setCurrency 
2015-09-28 18:22:09 - DEBUG --> Archivo \components\com_jhotelreservation\classes\services\UserDataService.php 
2015-09-28 18:22:09 - DEBUG --> getUserData 
2015-09-28 18:22:09 - DEBUG --> Archivo \components\com_jhotelreservation\classes\services\UserDataService.php 
2015-09-28 18:22:09 - DEBUG --> getUserData 
2015-09-28 18:22:09 - DEBUG --> Archivo \components\com_jhotelreservation\classes\services\UserDataService.php 
2015-09-28 18:22:09 - DEBUG --> getUserData 
2015-09-28 18:22:09 - DEBUG --> Archivo \components\com_jhotelreservationiews\hotel	mpl\hoteloverview.php 
2015-09-28 18:22:09 - DEBUG --> Accedió 
2015-09-28 21:27:15 - DEBUG --> Archivo \components\com_jhotelreservation\classes\services\UserDataService.php 
2015-09-28 21:27:15 - DEBUG --> initializeUserData 
2015-09-28 21:27:15 - DEBUG --> UserData first: N; 
2015-09-28 21:27:15 - DEBUG --> Archivo \components\com_jhotelreservation\classes\services\UserDataService.php 
2015-09-28 21:27:15 - DEBUG --> createUserData 
2015-09-28 21:27:15 - DEBUG --> UserData end:  a:0:{} 
2015-09-28 21:27:15 - DEBUG --> Archivo \components\com_jhotelreservation\classes\services\UserDataService.php 
2015-09-28 21:27:15 - DEBUG --> initializeUserData 
2015-09-28 21:27:15 - DEBUG --> UserData first: a:0:{} 
2015-09-28 21:27:15 - DEBUG --> UserData end:  a:0:{} 
2015-09-28 21:27:15 - DEBUG --> Archivo \components\com_jhotelreservation\classes\services\UserDataService.php 
2015-09-28 21:27:15 - DEBUG --> initializeReservationData 
2015-09-28 21:27:15 - DEBUG --> UserData: a:0:{} 
2015-09-28 21:27:15 - DEBUG --> Archivo \components\com_jhotelreservation\classes\services\UserDataService.php 
2015-09-28 21:27:15 - DEBUG --> updateUserData 
2015-09-28 21:27:15 - DEBUG --> Archivo \components\com_jhotelreservation\classes\services\UserDataService.php 
2015-09-28 21:27:15 - DEBUG --> getUserData 
2015-09-28 21:27:15 - DEBUG --> Archivo \components\com_jhotelreservation\classes\services\UserDataService.php 
2015-09-28 21:27:15 - DEBUG --> setCurrency 
2015-09-28 21:27:15 - DEBUG --> Archivo \components\com_jhotelreservation\classes\services\UserDataService.php 
2015-09-28 21:27:15 - DEBUG --> getUserData 
2015-09-28 21:27:15 - DEBUG --> Archivo \components\com_jhotelreservation\classes\services\UserDataService.php 
2015-09-28 21:27:15 - DEBUG --> getUserData 
2015-09-28 21:27:15 - DEBUG --> Archivo \components\com_jhotelreservation\classes\services\UserDataService.php 
2015-09-28 21:27:15 - DEBUG --> getUserData 
2015-09-28 21:27:15 - DEBUG --> Archivo \components\com_jhotelreservationiews\hotel	mpl\hoteloverview.php 
2015-09-28 21:27:15 - DEBUG --> Accedió 
