2015-08-24 0:01:59 - DEBUG --> Archivo \components\com_jhotelreservation\classes\services\UserDataService.php 
2015-08-24 0:01:59 - DEBUG --> initializeUserData 
2015-08-24 0:01:59 - DEBUG --> UserData first: N; 
2015-08-24 0:01:59 - DEBUG --> Archivo \components\com_jhotelreservation\classes\services\UserDataService.php 
2015-08-24 0:01:59 - DEBUG --> createUserData 
2015-08-24 0:01:59 - DEBUG --> UserData end:  a:0:{} 
2015-08-24 0:01:59 - DEBUG --> Archivo \components\com_jhotelreservation\classes\services\UserDataService.php 
2015-08-24 0:01:59 - DEBUG --> initializeUserData 
2015-08-24 0:01:59 - DEBUG --> UserData first: a:0:{} 
2015-08-24 0:01:59 - DEBUG --> UserData end:  a:0:{} 
2015-08-24 0:01:59 - DEBUG --> Archivo \components\com_jhotelreservation\classes\services\UserDataService.php 
2015-08-24 0:01:59 - DEBUG --> initializeReservationData 
2015-08-24 0:01:59 - DEBUG --> UserData: a:0:{} 
2015-08-24 0:01:59 - DEBUG --> Archivo \components\com_jhotelreservation\classes\services\UserDataService.php 
2015-08-24 0:01:59 - DEBUG --> updateUserData 
2015-08-24 0:01:59 - DEBUG --> Archivo \components\com_jhotelreservation\classes\services\UserDataService.php 
2015-08-24 0:01:59 - DEBUG --> getUserData 
2015-08-24 0:01:59 - DEBUG --> Archivo \components\com_jhotelreservation\classes\services\UserDataService.php 
2015-08-24 0:01:59 - DEBUG --> setCurrency 
2015-08-24 0:01:59 - DEBUG --> Archivo \components\com_jhotelreservation\classes\services\UserDataService.php 
2015-08-24 0:01:59 - DEBUG --> getUserData 
2015-08-24 0:01:59 - DEBUG --> Archivo \components\com_jhotelreservation\classes\services\UserDataService.php 
2015-08-24 0:01:59 - DEBUG --> getUserData 
2015-08-24 0:01:59 - DEBUG --> Archivo \components\com_jhotelreservation\classes\services\UserDataService.php 
2015-08-24 0:01:59 - DEBUG --> getUserData 
2015-08-24 0:01:59 - DEBUG --> Archivo \components\com_jhotelreservationiews\hotel	mpl\hoteloverview.php 
2015-08-24 0:01:59 - DEBUG --> Accedió 
2015-08-24 2:02:35 - DEBUG --> Archivo \components\com_jhotelreservation\classes\services\UserDataService.php 
2015-08-24 2:02:35 - DEBUG --> initializeUserData 
2015-08-24 2:02:35 - DEBUG --> UserData first: N; 
2015-08-24 2:02:35 - DEBUG --> Archivo \components\com_jhotelreservation\classes\services\UserDataService.php 
2015-08-24 2:02:35 - DEBUG --> createUserData 
2015-08-24 2:02:35 - DEBUG --> UserData end:  a:0:{} 
2015-08-24 2:02:35 - DEBUG --> Archivo \components\com_jhotelreservation\classes\services\UserDataService.php 
2015-08-24 2:02:35 - DEBUG --> initializeUserData 
2015-08-24 2:02:35 - DEBUG --> UserData first: a:0:{} 
2015-08-24 2:02:35 - DEBUG --> UserData end:  a:0:{} 
2015-08-24 2:02:35 - DEBUG --> Archivo \components\com_jhotelreservation\classes\services\UserDataService.php 
2015-08-24 2:02:35 - DEBUG --> initializeReservationData 
2015-08-24 2:02:35 - DEBUG --> UserData: a:0:{} 
2015-08-24 2:02:35 - DEBUG --> Archivo \components\com_jhotelreservation\classes\services\UserDataService.php 
2015-08-24 2:02:35 - DEBUG --> updateUserData 
2015-08-24 2:02:35 - DEBUG --> Archivo \components\com_jhotelreservation\classes\services\UserDataService.php 
2015-08-24 2:02:35 - DEBUG --> getUserData 
2015-08-24 2:02:35 - DEBUG --> Archivo \components\com_jhotelreservation\classes\services\UserDataService.php 
2015-08-24 2:02:35 - DEBUG --> setCurrency 
2015-08-24 2:02:35 - DEBUG --> Archivo \components\com_jhotelreservation\classes\services\UserDataService.php 
2015-08-24 2:02:35 - DEBUG --> getUserData 
2015-08-24 2:02:35 - DEBUG --> Archivo \components\com_jhotelreservation\classes\services\UserDataService.php 
2015-08-24 2:02:35 - DEBUG --> getUserData 
2015-08-24 2:02:35 - DEBUG --> Archivo \components\com_jhotelreservation\classes\services\UserDataService.php 
2015-08-24 2:02:35 - DEBUG --> getUserData 
2015-08-24 2:02:35 - DEBUG --> Archivo \components\com_jhotelreservationiews\hotel	mpl\hoteloverview.php 
2015-08-24 2:02:35 - DEBUG --> Accedió 
2015-08-24 5:31:01 - DEBUG --> Archivo \components\com_jhotelreservation\classes\services\UserDataService.php 
2015-08-24 5:31:01 - DEBUG --> initializeUserData 
2015-08-24 5:31:01 - DEBUG --> UserData first: N; 
2015-08-24 5:31:01 - DEBUG --> Archivo \components\com_jhotelreservation\classes\services\UserDataService.php 
2015-08-24 5:31:01 - DEBUG --> createUserData 
2015-08-24 5:31:01 - DEBUG --> UserData end:  a:0:{} 
2015-08-24 5:31:01 - DEBUG --> Archivo \components\com_jhotelreservation\classes\services\UserDataService.php 
2015-08-24 5:31:01 - DEBUG --> initializeUserData 
2015-08-24 5:31:01 - DEBUG --> UserData first: a:0:{} 
2015-08-24 5:31:01 - DEBUG --> UserData end:  a:0:{} 
2015-08-24 5:31:01 - DEBUG --> Archivo \components\com_jhotelreservation\classes\services\UserDataService.php 
2015-08-24 5:31:01 - DEBUG --> initializeReservationData 
2015-08-24 5:31:01 - DEBUG --> UserData: a:0:{} 
2015-08-24 5:31:01 - DEBUG --> Archivo \components\com_jhotelreservation\classes\services\UserDataService.php 
2015-08-24 5:31:01 - DEBUG --> updateUserData 
2015-08-24 5:31:01 - DEBUG --> Archivo \components\com_jhotelreservation\classes\services\UserDataService.php 
2015-08-24 5:31:01 - DEBUG --> getUserData 
2015-08-24 5:31:01 - DEBUG --> Archivo \components\com_jhotelreservation\classes\services\UserDataService.php 
2015-08-24 5:31:01 - DEBUG --> setCurrency 
2015-08-24 5:31:01 - DEBUG --> Archivo \components\com_jhotelreservation\classes\services\UserDataService.php 
2015-08-24 5:31:01 - DEBUG --> getUserData 
2015-08-24 5:31:01 - DEBUG --> Archivo \components\com_jhotelreservation\classes\services\UserDataService.php 
2015-08-24 5:31:01 - DEBUG --> getUserData 
2015-08-24 5:31:01 - DEBUG --> Archivo \components\com_jhotelreservation\classes\services\UserDataService.php 
2015-08-24 5:31:01 - DEBUG --> getUserData 
2015-08-24 5:31:01 - DEBUG --> Archivo \components\com_jhotelreservationiews\hotel	mpl\hoteloverview.php 
2015-08-24 5:31:01 - DEBUG --> Accedió 
2015-08-24 7:28:13 - DEBUG --> Archivo \components\com_jhotelreservation\classes\services\UserDataService.php 
2015-08-24 7:28:13 - DEBUG --> initializeUserData 
2015-08-24 7:28:13 - DEBUG --> UserData first: N; 
2015-08-24 7:28:13 - DEBUG --> Archivo \components\com_jhotelreservation\classes\services\UserDataService.php 
2015-08-24 7:28:13 - DEBUG --> createUserData 
2015-08-24 7:28:13 - DEBUG --> UserData end:  a:0:{} 
2015-08-24 7:28:13 - DEBUG --> Archivo \components\com_jhotelreservation\classes\services\UserDataService.php 
2015-08-24 7:28:13 - DEBUG --> initializeUserData 
2015-08-24 7:28:13 - DEBUG --> UserData first: a:0:{} 
2015-08-24 7:28:13 - DEBUG --> UserData end:  a:0:{} 
2015-08-24 7:28:13 - DEBUG --> Archivo \components\com_jhotelreservation\classes\services\UserDataService.php 
2015-08-24 7:28:13 - DEBUG --> initializeReservationData 
2015-08-24 7:28:13 - DEBUG --> UserData: a:0:{} 
2015-08-24 7:28:13 - DEBUG --> Archivo \components\com_jhotelreservation\classes\services\UserDataService.php 
2015-08-24 7:28:13 - DEBUG --> updateUserData 
2015-08-24 7:28:13 - DEBUG --> Archivo \components\com_jhotelreservation\classes\services\UserDataService.php 
2015-08-24 7:28:13 - DEBUG --> getUserData 
2015-08-24 7:28:13 - DEBUG --> Archivo \components\com_jhotelreservation\classes\services\UserDataService.php 
2015-08-24 7:28:13 - DEBUG --> setCurrency 
2015-08-24 7:28:13 - DEBUG --> Archivo \components\com_jhotelreservation\classes\services\UserDataService.php 
2015-08-24 7:28:13 - DEBUG --> getUserData 
2015-08-24 7:28:13 - DEBUG --> Archivo \components\com_jhotelreservation\classes\services\UserDataService.php 
2015-08-24 7:28:13 - DEBUG --> getUserData 
2015-08-24 7:28:13 - DEBUG --> Archivo \components\com_jhotelreservation\classes\services\UserDataService.php 
2015-08-24 7:28:13 - DEBUG --> getUserData 
2015-08-24 7:28:13 - DEBUG --> Archivo \components\com_jhotelreservation\classes\services\UserDataService.php 
2015-08-24 7:28:13 - DEBUG --> initializeUserData 
2015-08-24 7:28:13 - DEBUG --> UserData first: N; 
2015-08-24 7:28:13 - DEBUG --> Archivo \components\com_jhotelreservation\classes\services\UserDataService.php 
2015-08-24 7:28:13 - DEBUG --> createUserData 
2015-08-24 7:28:13 - DEBUG --> UserData end:  a:0:{} 
2015-08-24 7:28:13 - DEBUG --> Archivo \components\com_jhotelreservation\classes\services\UserDataService.php 
2015-08-24 7:28:13 - DEBUG --> initializeUserData 
2015-08-24 7:28:13 - DEBUG --> UserData first: a:0:{} 
2015-08-24 7:28:13 - DEBUG --> UserData end:  a:0:{} 
2015-08-24 7:28:13 - DEBUG --> Archivo \components\com_jhotelreservation\classes\services\UserDataService.php 
2015-08-24 7:28:13 - DEBUG --> initializeReservationData 
2015-08-24 7:28:13 - DEBUG --> UserData: a:0:{} 
2015-08-24 7:28:13 - DEBUG --> Archivo \components\com_jhotelreservation\classes\services\UserDataService.php 
2015-08-24 7:28:13 - DEBUG --> updateUserData 
2015-08-24 7:28:13 - DEBUG --> Archivo \components\com_jhotelreservation\classes\services\UserDataService.php 
2015-08-24 7:28:13 - DEBUG --> getUserData 
2015-08-24 7:28:13 - DEBUG --> Archivo \components\com_jhotelreservation\classes\services\UserDataService.php 
2015-08-24 7:28:13 - DEBUG --> setCurrency 
2015-08-24 7:28:13 - DEBUG --> Archivo \components\com_jhotelreservation\classes\services\UserDataService.php 
2015-08-24 7:28:13 - DEBUG --> getUserData 
2015-08-24 7:28:13 - DEBUG --> Archivo \components\com_jhotelreservation\classes\services\UserDataService.php 
2015-08-24 7:28:13 - DEBUG --> getUserData 
2015-08-24 7:28:13 - DEBUG --> Archivo \components\com_jhotelreservation\classes\services\UserDataService.php 
2015-08-24 7:28:13 - DEBUG --> getUserData 
2015-08-24 7:28:14 - DEBUG --> Archivo \components\com_jhotelreservation\classes\services\UserDataService.php 
2015-08-24 7:28:14 - DEBUG --> initializeUserData 
2015-08-24 7:28:14 - DEBUG --> UserData first: N; 
2015-08-24 7:28:14 - DEBUG --> Archivo \components\com_jhotelreservation\classes\services\UserDataService.php 
2015-08-24 7:28:14 - DEBUG --> createUserData 
2015-08-24 7:28:14 - DEBUG --> UserData end:  a:0:{} 
2015-08-24 7:28:14 - DEBUG --> Archivo \components\com_jhotelreservation\classes\services\UserDataService.php 
2015-08-24 7:28:14 - DEBUG --> initializeUserData 
2015-08-24 7:28:14 - DEBUG --> UserData first: a:0:{} 
2015-08-24 7:28:14 - DEBUG --> UserData end:  a:0:{} 
2015-08-24 7:28:14 - DEBUG --> Archivo \components\com_jhotelreservation\classes\services\UserDataService.php 
2015-08-24 7:28:14 - DEBUG --> initializeReservationData 
2015-08-24 7:28:14 - DEBUG --> UserData: a:0:{} 
2015-08-24 7:28:14 - DEBUG --> Archivo \components\com_jhotelreservation\classes\services\UserDataService.php 
2015-08-24 7:28:14 - DEBUG --> updateUserData 
2015-08-24 7:28:14 - DEBUG --> Archivo \components\com_jhotelreservation\classes\services\UserDataService.php 
2015-08-24 7:28:14 - DEBUG --> getUserData 
2015-08-24 7:28:14 - DEBUG --> Archivo \components\com_jhotelreservation\classes\services\UserDataService.php 
2015-08-24 7:28:14 - DEBUG --> setCurrency 
2015-08-24 7:28:14 - DEBUG --> Archivo \components\com_jhotelreservation\classes\services\UserDataService.php 
2015-08-24 7:28:14 - DEBUG --> getUserData 
2015-08-24 7:28:14 - DEBUG --> Archivo \components\com_jhotelreservation\classes\services\UserDataService.php 
2015-08-24 7:28:14 - DEBUG --> getUserData 
2015-08-24 7:28:15 - DEBUG --> Archivo \components\com_jhotelreservation\classes\services\UserDataService.php 
2015-08-24 7:28:15 - DEBUG --> getUserData 
2015-08-24 7:28:15 - DEBUG --> Archivo \components\com_jhotelreservationiews\hotel	mpl\hoteloverview.php 
2015-08-24 7:28:15 - DEBUG --> Accedió 
2015-08-24 7:28:15 - DEBUG --> Archivo \components\com_jhotelreservation\classes\services\UserDataService.php 
2015-08-24 7:28:15 - DEBUG --> initializeUserData 
2015-08-24 7:28:15 - DEBUG --> UserData first: N; 
2015-08-24 7:28:15 - DEBUG --> Archivo \components\com_jhotelreservation\classes\services\UserDataService.php 
2015-08-24 7:28:15 - DEBUG --> createUserData 
2015-08-24 7:28:15 - DEBUG --> UserData end:  a:0:{} 
2015-08-24 7:28:15 - DEBUG --> Archivo \components\com_jhotelreservation\classes\services\UserDataService.php 
2015-08-24 7:28:15 - DEBUG --> initializeUserData 
2015-08-24 7:28:15 - DEBUG --> UserData first: a:0:{} 
2015-08-24 7:28:15 - DEBUG --> UserData end:  a:0:{} 
2015-08-24 7:28:15 - DEBUG --> Archivo \components\com_jhotelreservation\classes\services\UserDataService.php 
2015-08-24 7:28:15 - DEBUG --> initializeReservationData 
2015-08-24 7:28:15 - DEBUG --> UserData: a:0:{} 
2015-08-24 7:28:15 - DEBUG --> Archivo \components\com_jhotelreservation\classes\services\UserDataService.php 
2015-08-24 7:28:15 - DEBUG --> updateUserData 
2015-08-24 7:28:15 - DEBUG --> Archivo \components\com_jhotelreservation\classes\services\UserDataService.php 
2015-08-24 7:28:15 - DEBUG --> getUserData 
2015-08-24 7:28:15 - DEBUG --> Archivo \components\com_jhotelreservation\classes\services\UserDataService.php 
2015-08-24 7:28:15 - DEBUG --> setCurrency 
2015-08-24 7:28:15 - DEBUG --> Archivo \components\com_jhotelreservation\classes\services\UserDataService.php 
2015-08-24 7:28:15 - DEBUG --> getUserData 
2015-08-24 7:28:15 - DEBUG --> Archivo \components\com_jhotelreservation\classes\services\UserDataService.php 
2015-08-24 7:28:15 - DEBUG --> getUserData 
2015-08-24 7:28:15 - DEBUG --> Archivo \components\com_jhotelreservation\classes\services\UserDataService.php 
2015-08-24 7:28:15 - DEBUG --> getUserData 
2015-08-24 7:28:15 - DEBUG --> Archivo \components\com_jhotelreservationiews\hotel	mpl\hoteloverview.php 
2015-08-24 7:28:15 - DEBUG --> Accedió 
2015-08-24 7:28:42 - DEBUG --> Archivo \components\com_jhotelreservation\classes\services\UserDataService.php 
2015-08-24 7:28:42 - DEBUG --> initializeUserData 
2015-08-24 7:28:42 - DEBUG --> UserData first: N; 
2015-08-24 7:28:42 - DEBUG --> Archivo \components\com_jhotelreservation\classes\services\UserDataService.php 
2015-08-24 7:28:42 - DEBUG --> createUserData 
2015-08-24 7:28:42 - DEBUG --> UserData end:  a:0:{} 
2015-08-24 7:28:42 - DEBUG --> Archivo \components\com_jhotelreservation\classes\services\UserDataService.php 
2015-08-24 7:28:42 - DEBUG --> initializeUserData 
2015-08-24 7:28:42 - DEBUG --> UserData first: a:0:{} 
2015-08-24 7:28:42 - DEBUG --> UserData end:  a:0:{} 
2015-08-24 7:28:42 - DEBUG --> Archivo \components\com_jhotelreservation\classes\services\UserDataService.php 
2015-08-24 7:28:42 - DEBUG --> initializeReservationData 
2015-08-24 7:28:42 - DEBUG --> UserData: a:0:{} 
2015-08-24 7:28:42 - DEBUG --> Archivo \components\com_jhotelreservation\classes\services\UserDataService.php 
2015-08-24 7:28:42 - DEBUG --> updateUserData 
2015-08-24 7:28:42 - DEBUG --> Archivo \components\com_jhotelreservation\classes\services\UserDataService.php 
2015-08-24 7:28:42 - DEBUG --> getUserData 
2015-08-24 7:28:42 - DEBUG --> Archivo \components\com_jhotelreservation\classes\services\UserDataService.php 
2015-08-24 7:28:42 - DEBUG --> setCurrency 
2015-08-24 7:28:42 - DEBUG --> Archivo \components\com_jhotelreservation\classes\services\UserDataService.php 
2015-08-24 7:28:42 - DEBUG --> getUserData 
2015-08-24 7:28:42 - DEBUG --> Archivo \components\com_jhotelreservation\classes\services\UserDataService.php 
2015-08-24 7:28:42 - DEBUG --> getUserData 
2015-08-24 7:28:42 - DEBUG --> Archivo \components\com_jhotelreservation\classes\services\UserDataService.php 
2015-08-24 7:28:42 - DEBUG --> getUserData 
2015-08-24 7:28:42 - DEBUG --> Archivo \components\com_jhotelreservation\classes\services\UserDataService.php 
2015-08-24 7:28:42 - DEBUG --> initializeUserData 
2015-08-24 7:28:42 - DEBUG --> UserData first: N; 
2015-08-24 7:28:42 - DEBUG --> Archivo \components\com_jhotelreservation\classes\services\UserDataService.php 
2015-08-24 7:28:42 - DEBUG --> createUserData 
2015-08-24 7:28:42 - DEBUG --> UserData end:  a:0:{} 
2015-08-24 7:28:42 - DEBUG --> Archivo \components\com_jhotelreservation\classes\services\UserDataService.php 
2015-08-24 7:28:42 - DEBUG --> initializeUserData 
2015-08-24 7:28:42 - DEBUG --> UserData first: N; 
2015-08-24 7:28:42 - DEBUG --> Archivo \components\com_jhotelreservation\classes\services\UserDataService.php 
2015-08-24 7:28:42 - DEBUG --> createUserData 
2015-08-24 7:28:42 - DEBUG --> UserData end:  a:0:{} 
2015-08-24 7:28:42 - DEBUG --> Archivo \components\com_jhotelreservation\classes\services\UserDataService.php 
2015-08-24 7:28:42 - DEBUG --> initializeUserData 
2015-08-24 7:28:42 - DEBUG --> UserData first: a:0:{} 
2015-08-24 7:28:42 - DEBUG --> UserData end:  a:0:{} 
2015-08-24 7:28:42 - DEBUG --> Archivo \components\com_jhotelreservation\classes\services\UserDataService.php 
2015-08-24 7:28:42 - DEBUG --> initializeReservationData 
2015-08-24 7:28:42 - DEBUG --> UserData: a:0:{} 
2015-08-24 7:28:42 - DEBUG --> Archivo \components\com_jhotelreservation\classes\services\UserDataService.php 
2015-08-24 7:28:42 - DEBUG --> updateUserData 
2015-08-24 7:28:42 - DEBUG --> Archivo \components\com_jhotelreservation\classes\services\UserDataService.php 
2015-08-24 7:28:42 - DEBUG --> getUserData 
2015-08-24 7:28:42 - DEBUG --> Archivo \components\com_jhotelreservation\classes\services\UserDataService.php 
2015-08-24 7:28:42 - DEBUG --> setCurrency 
2015-08-24 7:28:42 - DEBUG --> Archivo \components\com_jhotelreservation\classes\services\UserDataService.php 
2015-08-24 7:28:42 - DEBUG --> getUserData 
2015-08-24 7:28:42 - DEBUG --> Archivo \components\com_jhotelreservation\classes\services\UserDataService.php 
2015-08-24 7:28:42 - DEBUG --> getUserData 
2015-08-24 7:28:43 - DEBUG --> Archivo \components\com_jhotelreservation\classes\services\UserDataService.php 
2015-08-24 7:28:43 - DEBUG --> getUserData 
2015-08-24 7:28:43 - DEBUG --> Archivo \components\com_jhotelreservation\classes\services\UserDataService.php 
2015-08-24 7:28:43 - DEBUG --> initializeUserData 
2015-08-24 7:28:43 - DEBUG --> UserData first: N; 
2015-08-24 7:28:43 - DEBUG --> Archivo \components\com_jhotelreservation\classes\services\UserDataService.php 
2015-08-24 7:28:43 - DEBUG --> createUserData 
2015-08-24 7:28:43 - DEBUG --> UserData end:  a:0:{} 
2015-08-24 7:28:43 - DEBUG --> Archivo \components\com_jhotelreservation\classes\services\UserDataService.php 
2015-08-24 7:28:43 - DEBUG --> initializeUserData 
2015-08-24 7:28:43 - DEBUG --> UserData first: a:0:{} 
2015-08-24 7:28:43 - DEBUG --> UserData end:  a:0:{} 
2015-08-24 7:28:43 - DEBUG --> Archivo \components\com_jhotelreservation\classes\services\UserDataService.php 
2015-08-24 7:28:43 - DEBUG --> initializeReservationData 
2015-08-24 7:28:43 - DEBUG --> UserData: a:0:{} 
2015-08-24 7:28:43 - DEBUG --> Archivo \components\com_jhotelreservation\classes\services\UserDataService.php 
2015-08-24 7:28:43 - DEBUG --> updateUserData 
2015-08-24 7:28:43 - DEBUG --> Archivo \components\com_jhotelreservation\classes\services\UserDataService.php 
2015-08-24 7:28:43 - DEBUG --> getUserData 
2015-08-24 7:28:43 - DEBUG --> Archivo \components\com_jhotelreservation\classes\services\UserDataService.php 
2015-08-24 7:28:43 - DEBUG --> setCurrency 
2015-08-24 7:28:43 - DEBUG --> Archivo \components\com_jhotelreservation\classes\services\UserDataService.php 
2015-08-24 7:28:43 - DEBUG --> getUserData 
2015-08-24 7:28:43 - DEBUG --> Archivo \components\com_jhotelreservation\classes\services\UserDataService.php 
2015-08-24 7:28:43 - DEBUG --> getUserData 
2015-08-24 7:28:43 - DEBUG --> Archivo \components\com_jhotelreservation\classes\services\UserDataService.php 
2015-08-24 7:28:43 - DEBUG --> getUserData 
2015-08-24 7:28:43 - DEBUG --> Archivo \components\com_jhotelreservationiews\hotel	mpl\hoteloverview.php 
2015-08-24 7:28:43 - DEBUG --> Accedió 
2015-08-24 7:31:46 - DEBUG --> Archivo \components\com_jhotelreservation\classes\services\UserDataService.php 
2015-08-24 7:31:46 - DEBUG --> initializeUserData 
2015-08-24 7:31:46 - DEBUG --> UserData first: N; 
2015-08-24 7:31:46 - DEBUG --> Archivo \components\com_jhotelreservation\classes\services\UserDataService.php 
2015-08-24 7:31:46 - DEBUG --> createUserData 
2015-08-24 7:31:46 - DEBUG --> UserData end:  a:0:{} 
2015-08-24 7:31:46 - DEBUG --> Archivo \components\com_jhotelreservation\classes\services\UserDataService.php 
2015-08-24 7:31:46 - DEBUG --> initializeUserData 
2015-08-24 7:31:46 - DEBUG --> UserData first: a:0:{} 
2015-08-24 7:31:46 - DEBUG --> UserData end:  a:0:{} 
2015-08-24 7:31:46 - DEBUG --> Archivo \components\com_jhotelreservation\classes\services\UserDataService.php 
2015-08-24 7:31:46 - DEBUG --> initializeReservationData 
2015-08-24 7:31:46 - DEBUG --> UserData: a:0:{} 
2015-08-24 7:31:46 - DEBUG --> Archivo \components\com_jhotelreservation\classes\services\UserDataService.php 
2015-08-24 7:31:46 - DEBUG --> updateUserData 
2015-08-24 7:31:46 - DEBUG --> Archivo \components\com_jhotelreservation\classes\services\UserDataService.php 
2015-08-24 7:31:46 - DEBUG --> getUserData 
2015-08-24 7:31:46 - DEBUG --> Archivo \components\com_jhotelreservation\classes\services\UserDataService.php 
2015-08-24 7:31:46 - DEBUG --> setCurrency 
2015-08-24 7:31:46 - DEBUG --> Archivo \components\com_jhotelreservation\classes\services\UserDataService.php 
2015-08-24 7:31:46 - DEBUG --> getUserData 
2015-08-24 7:31:46 - DEBUG --> Archivo \components\com_jhotelreservation\classes\services\UserDataService.php 
2015-08-24 7:31:46 - DEBUG --> getUserData 
2015-08-24 7:31:46 - DEBUG --> Archivo \components\com_jhotelreservation\classes\services\UserDataService.php 
2015-08-24 7:31:46 - DEBUG --> getUserData 
2015-08-24 7:31:46 - DEBUG --> Archivo \components\com_jhotelreservationiews\hotel	mpl\hoteloverview.php 
2015-08-24 7:31:46 - DEBUG --> Accedió 
2015-08-24 7:31:47 - DEBUG --> Archivo \components\com_jhotelreservation\classes\services\UserDataService.php 
2015-08-24 7:31:47 - DEBUG --> initializeUserData 
2015-08-24 7:31:47 - DEBUG --> UserData first: N; 
2015-08-24 7:31:47 - DEBUG --> Archivo \components\com_jhotelreservation\classes\services\UserDataService.php 
2015-08-24 7:31:47 - DEBUG --> createUserData 
2015-08-24 7:31:47 - DEBUG --> UserData end:  a:0:{} 
2015-08-24 7:31:47 - DEBUG --> Archivo \components\com_jhotelreservation\classes\services\UserDataService.php 
2015-08-24 7:31:47 - DEBUG --> initializeUserData 
2015-08-24 7:31:47 - DEBUG --> UserData first: a:0:{} 
2015-08-24 7:31:47 - DEBUG --> UserData end:  a:0:{} 
2015-08-24 7:31:47 - DEBUG --> Archivo \components\com_jhotelreservation\classes\services\UserDataService.php 
2015-08-24 7:31:47 - DEBUG --> initializeReservationData 
2015-08-24 7:31:47 - DEBUG --> UserData: a:0:{} 
2015-08-24 7:31:47 - DEBUG --> Archivo \components\com_jhotelreservation\classes\services\UserDataService.php 
2015-08-24 7:31:47 - DEBUG --> updateUserData 
2015-08-24 7:31:47 - DEBUG --> Archivo \components\com_jhotelreservation\classes\services\UserDataService.php 
2015-08-24 7:31:47 - DEBUG --> getUserData 
2015-08-24 7:31:47 - DEBUG --> Archivo \components\com_jhotelreservation\classes\services\UserDataService.php 
2015-08-24 7:31:47 - DEBUG --> setCurrency 
2015-08-24 7:31:47 - DEBUG --> Archivo \components\com_jhotelreservation\classes\services\UserDataService.php 
2015-08-24 7:31:47 - DEBUG --> getUserData 
2015-08-24 7:31:47 - DEBUG --> Archivo \components\com_jhotelreservation\classes\services\UserDataService.php 
2015-08-24 7:31:47 - DEBUG --> getUserData 
2015-08-24 7:31:47 - DEBUG --> Archivo \components\com_jhotelreservation\classes\services\UserDataService.php 
2015-08-24 7:31:47 - DEBUG --> getUserData 
2015-08-24 7:31:49 - DEBUG --> Archivo \components\com_jhotelreservation\classes\services\UserDataService.php 
2015-08-24 7:31:49 - DEBUG --> initializeUserData 
2015-08-24 7:31:49 - DEBUG --> UserData first: N; 
2015-08-24 7:31:49 - DEBUG --> Archivo \components\com_jhotelreservation\classes\services\UserDataService.php 
2015-08-24 7:31:49 - DEBUG --> createUserData 
2015-08-24 7:31:49 - DEBUG --> UserData end:  a:0:{} 
2015-08-24 7:31:49 - DEBUG --> Archivo \components\com_jhotelreservation\classes\services\UserDataService.php 
2015-08-24 7:31:49 - DEBUG --> initializeUserData 
2015-08-24 7:31:49 - DEBUG --> UserData first: a:0:{} 
2015-08-24 7:31:49 - DEBUG --> UserData end:  a:0:{} 
2015-08-24 7:31:49 - DEBUG --> Archivo \components\com_jhotelreservation\classes\services\UserDataService.php 
2015-08-24 7:31:49 - DEBUG --> initializeReservationData 
2015-08-24 7:31:49 - DEBUG --> UserData: a:0:{} 
2015-08-24 7:31:49 - DEBUG --> Archivo \components\com_jhotelreservation\classes\services\UserDataService.php 
2015-08-24 7:31:49 - DEBUG --> updateUserData 
2015-08-24 7:31:49 - DEBUG --> Archivo \components\com_jhotelreservation\classes\services\UserDataService.php 
2015-08-24 7:31:49 - DEBUG --> getUserData 
2015-08-24 7:31:49 - DEBUG --> Archivo \components\com_jhotelreservation\classes\services\UserDataService.php 
2015-08-24 7:31:49 - DEBUG --> setCurrency 
2015-08-24 7:31:49 - DEBUG --> Archivo \components\com_jhotelreservation\classes\services\UserDataService.php 
2015-08-24 7:31:49 - DEBUG --> getUserData 
2015-08-24 7:31:49 - DEBUG --> Archivo \components\com_jhotelreservation\classes\services\UserDataService.php 
2015-08-24 7:31:49 - DEBUG --> getUserData 
2015-08-24 7:31:49 - DEBUG --> Archivo \components\com_jhotelreservation\classes\services\UserDataService.php 
2015-08-24 7:31:49 - DEBUG --> getUserData 
2015-08-24 7:31:49 - DEBUG --> Archivo \components\com_jhotelreservation\classes\services\UserDataService.php 
2015-08-24 7:31:49 - DEBUG --> initializeUserData 
2015-08-24 7:31:49 - DEBUG --> UserData first: N; 
2015-08-24 7:31:49 - DEBUG --> Archivo \components\com_jhotelreservation\classes\services\UserDataService.php 
2015-08-24 7:31:49 - DEBUG --> createUserData 
2015-08-24 7:31:49 - DEBUG --> UserData end:  a:0:{} 
2015-08-24 7:31:49 - DEBUG --> Archivo \components\com_jhotelreservation\classes\services\UserDataService.php 
2015-08-24 7:31:49 - DEBUG --> initializeUserData 
2015-08-24 7:31:49 - DEBUG --> UserData first: a:0:{} 
2015-08-24 7:31:49 - DEBUG --> UserData end:  a:0:{} 
2015-08-24 7:31:49 - DEBUG --> Archivo \components\com_jhotelreservation\classes\services\UserDataService.php 
2015-08-24 7:31:49 - DEBUG --> initializeReservationData 
2015-08-24 7:31:49 - DEBUG --> UserData: a:0:{} 
2015-08-24 7:31:49 - DEBUG --> Archivo \components\com_jhotelreservation\classes\services\UserDataService.php 
2015-08-24 7:31:49 - DEBUG --> updateUserData 
2015-08-24 7:31:49 - DEBUG --> Archivo \components\com_jhotelreservation\classes\services\UserDataService.php 
2015-08-24 7:31:49 - DEBUG --> getUserData 
2015-08-24 7:31:49 - DEBUG --> Archivo \components\com_jhotelreservation\classes\services\UserDataService.php 
2015-08-24 7:31:49 - DEBUG --> setCurrency 
2015-08-24 7:31:49 - DEBUG --> Archivo \components\com_jhotelreservation\classes\services\UserDataService.php 
2015-08-24 7:31:49 - DEBUG --> getUserData 
2015-08-24 7:31:49 - DEBUG --> Archivo \components\com_jhotelreservation\classes\services\UserDataService.php 
2015-08-24 7:31:49 - DEBUG --> getUserData 
2015-08-24 7:31:49 - DEBUG --> Archivo \components\com_jhotelreservation\classes\services\UserDataService.php 
2015-08-24 7:31:49 - DEBUG --> getUserData 
2015-08-24 8:00:22 - DEBUG --> Archivo \components\com_jhotelreservation\classes\services\UserDataService.php 
2015-08-24 8:00:22 - DEBUG --> initializeUserData 
2015-08-24 8:00:22 - DEBUG --> UserData first: N; 
2015-08-24 8:00:22 - DEBUG --> Archivo \components\com_jhotelreservation\classes\services\UserDataService.php 
2015-08-24 8:00:22 - DEBUG --> createUserData 
2015-08-24 8:00:22 - DEBUG --> UserData end:  a:0:{} 
2015-08-24 8:00:22 - DEBUG --> Archivo \components\com_jhotelreservation\classes\services\UserDataService.php 
2015-08-24 8:00:22 - DEBUG --> initializeUserData 
2015-08-24 8:00:22 - DEBUG --> UserData first: a:0:{} 
2015-08-24 8:00:22 - DEBUG --> UserData end:  a:0:{} 
2015-08-24 8:00:22 - DEBUG --> Archivo \components\com_jhotelreservation\classes\services\UserDataService.php 
2015-08-24 8:00:22 - DEBUG --> initializeReservationData 
2015-08-24 8:00:22 - DEBUG --> UserData: a:0:{} 
2015-08-24 8:00:22 - DEBUG --> Archivo \components\com_jhotelreservation\classes\services\UserDataService.php 
2015-08-24 8:00:22 - DEBUG --> updateUserData 
2015-08-24 8:00:22 - DEBUG --> Archivo \components\com_jhotelreservation\classes\services\UserDataService.php 
2015-08-24 8:00:22 - DEBUG --> getUserData 
2015-08-24 8:00:22 - DEBUG --> Archivo \components\com_jhotelreservation\classes\services\UserDataService.php 
2015-08-24 8:00:22 - DEBUG --> setCurrency 
2015-08-24 8:00:22 - DEBUG --> Archivo \components\com_jhotelreservation\classes\services\UserDataService.php 
2015-08-24 8:00:22 - DEBUG --> getUserData 
2015-08-24 8:00:22 - DEBUG --> Archivo \components\com_jhotelreservation\classes\services\UserDataService.php 
2015-08-24 8:00:22 - DEBUG --> getUserData 
2015-08-24 8:00:22 - DEBUG --> Archivo \components\com_jhotelreservation\classes\services\UserDataService.php 
2015-08-24 8:00:22 - DEBUG --> getUserData 
2015-08-24 8:00:22 - DEBUG --> Archivo \components\com_jhotelreservationiews\hotel	mpl\hoteloverview.php 
2015-08-24 8:00:22 - DEBUG --> Accedió 
2015-08-24 12:56:58 - DEBUG --> Archivo \components\com_jhotelreservation\classes\services\UserDataService.php 
2015-08-24 12:56:58 - DEBUG --> initializeUserData 
2015-08-24 12:56:58 - DEBUG --> UserData first: N; 
2015-08-24 12:56:58 - DEBUG --> Archivo \components\com_jhotelreservation\classes\services\UserDataService.php 
2015-08-24 12:56:58 - DEBUG --> createUserData 
2015-08-24 12:56:58 - DEBUG --> UserData end:  a:0:{} 
2015-08-24 12:56:58 - DEBUG --> Archivo \components\com_jhotelreservation\classes\services\UserDataService.php 
2015-08-24 12:56:58 - DEBUG --> initializeUserData 
2015-08-24 12:56:58 - DEBUG --> UserData first: a:0:{} 
2015-08-24 12:56:58 - DEBUG --> UserData end:  a:0:{} 
2015-08-24 12:56:58 - DEBUG --> Archivo \components\com_jhotelreservation\classes\services\UserDataService.php 
2015-08-24 12:56:58 - DEBUG --> initializeReservationData 
2015-08-24 12:56:58 - DEBUG --> UserData: a:0:{} 
2015-08-24 12:56:58 - DEBUG --> Archivo \components\com_jhotelreservation\classes\services\UserDataService.php 
2015-08-24 12:56:58 - DEBUG --> updateUserData 
2015-08-24 12:56:58 - DEBUG --> Archivo \components\com_jhotelreservation\classes\services\UserDataService.php 
2015-08-24 12:56:58 - DEBUG --> getUserData 
2015-08-24 12:56:58 - DEBUG --> Archivo \components\com_jhotelreservation\classes\services\UserDataService.php 
2015-08-24 12:56:58 - DEBUG --> setCurrency 
2015-08-24 12:56:58 - DEBUG --> Archivo \components\com_jhotelreservation\classes\services\UserDataService.php 
2015-08-24 12:56:58 - DEBUG --> getUserData 
2015-08-24 12:56:58 - DEBUG --> Archivo \components\com_jhotelreservation\classes\services\UserDataService.php 
2015-08-24 12:56:58 - DEBUG --> getUserData 
2015-08-24 12:56:58 - DEBUG --> Archivo \components\com_jhotelreservation\classes\services\UserDataService.php 
2015-08-24 12:56:58 - DEBUG --> getUserData 
2015-08-24 12:56:58 - DEBUG --> Archivo \components\com_jhotelreservationiews\hotel	mpl\hoteloverview.php 
2015-08-24 12:56:58 - DEBUG --> Accedió 
2015-08-24 14:46:08 - DEBUG --> Archivo \components\com_jhotelreservation\classes\services\UserDataService.php 
2015-08-24 14:46:08 - DEBUG --> initializeUserData 
2015-08-24 14:46:08 - DEBUG --> UserData first: N; 
2015-08-24 14:46:08 - DEBUG --> Archivo \components\com_jhotelreservation\classes\services\UserDataService.php 
2015-08-24 14:46:08 - DEBUG --> createUserData 
2015-08-24 14:46:08 - DEBUG --> UserData end:  a:0:{} 
2015-08-24 14:46:08 - DEBUG --> Archivo \components\com_jhotelreservation\classes\services\UserDataService.php 
2015-08-24 14:46:08 - DEBUG --> initializeUserData 
2015-08-24 14:46:08 - DEBUG --> UserData first: a:0:{} 
2015-08-24 14:46:08 - DEBUG --> UserData end:  a:0:{} 
2015-08-24 14:46:08 - DEBUG --> Archivo \components\com_jhotelreservation\classes\services\UserDataService.php 
2015-08-24 14:46:08 - DEBUG --> initializeReservationData 
2015-08-24 14:46:08 - DEBUG --> UserData: a:0:{} 
2015-08-24 14:46:08 - DEBUG --> Archivo \components\com_jhotelreservation\classes\services\UserDataService.php 
2015-08-24 14:46:08 - DEBUG --> updateUserData 
2015-08-24 14:46:08 - DEBUG --> Archivo \components\com_jhotelreservation\classes\services\UserDataService.php 
2015-08-24 14:46:08 - DEBUG --> getUserData 
2015-08-24 14:46:09 - DEBUG --> Archivo \components\com_jhotelreservation\classes\services\UserDataService.php 
2015-08-24 14:46:09 - DEBUG --> setCurrency 
2015-08-24 14:46:09 - DEBUG --> Archivo \components\com_jhotelreservation\classes\services\UserDataService.php 
2015-08-24 14:46:09 - DEBUG --> getUserData 
2015-08-24 14:46:09 - DEBUG --> Archivo \components\com_jhotelreservation\classes\services\UserDataService.php 
2015-08-24 14:46:09 - DEBUG --> getUserData 
2015-08-24 14:46:09 - DEBUG --> Archivo \components\com_jhotelreservation\classes\services\UserDataService.php 
2015-08-24 14:46:09 - DEBUG --> getUserData 
2015-08-24 14:46:10 - DEBUG --> Archivo \components\com_jhotelreservation\classes\services\UserDataService.php 
2015-08-24 14:46:10 - DEBUG --> initializeUserData 
2015-08-24 14:46:10 - DEBUG --> UserData first: N; 
2015-08-24 14:46:10 - DEBUG --> Archivo \components\com_jhotelreservation\classes\services\UserDataService.php 
2015-08-24 14:46:10 - DEBUG --> createUserData 
2015-08-24 14:46:10 - DEBUG --> UserData end:  a:0:{} 
2015-08-24 14:46:10 - DEBUG --> Archivo \components\com_jhotelreservation\classes\services\UserDataService.php 
2015-08-24 14:46:10 - DEBUG --> initializeUserData 
2015-08-24 14:46:10 - DEBUG --> UserData first: a:0:{} 
2015-08-24 14:46:10 - DEBUG --> UserData end:  a:0:{} 
2015-08-24 14:46:10 - DEBUG --> Archivo \components\com_jhotelreservation\classes\services\UserDataService.php 
2015-08-24 14:46:10 - DEBUG --> initializeReservationData 
2015-08-24 14:46:10 - DEBUG --> UserData: a:0:{} 
2015-08-24 14:46:10 - DEBUG --> Archivo \components\com_jhotelreservation\classes\services\UserDataService.php 
2015-08-24 14:46:10 - DEBUG --> updateUserData 
2015-08-24 14:46:10 - DEBUG --> Archivo \components\com_jhotelreservation\classes\services\UserDataService.php 
2015-08-24 14:46:10 - DEBUG --> getUserData 
2015-08-24 14:46:10 - DEBUG --> Archivo \components\com_jhotelreservation\classes\services\UserDataService.php 
2015-08-24 14:46:10 - DEBUG --> setCurrency 
2015-08-24 14:46:10 - DEBUG --> Archivo \components\com_jhotelreservation\classes\services\UserDataService.php 
2015-08-24 14:46:10 - DEBUG --> getUserData 
2015-08-24 14:46:11 - DEBUG --> Archivo \components\com_jhotelreservation\classes\services\UserDataService.php 
2015-08-24 14:46:11 - DEBUG --> getUserData 
2015-08-24 14:46:11 - DEBUG --> Archivo \components\com_jhotelreservation\classes\services\UserDataService.php 
2015-08-24 14:46:11 - DEBUG --> getUserData 
2015-08-24 14:46:11 - DEBUG --> Archivo \components\com_jhotelreservationiews\hotel	mpl\hoteloverview.php 
2015-08-24 14:46:11 - DEBUG --> Accedió 
2015-08-24 14:46:13 - DEBUG --> Archivo \components\com_jhotelreservation\classes\services\UserDataService.php 
2015-08-24 14:46:13 - DEBUG --> initializeUserData 
2015-08-24 14:46:13 - DEBUG --> UserData first: N; 
2015-08-24 14:46:13 - DEBUG --> Archivo \components\com_jhotelreservation\classes\services\UserDataService.php 
2015-08-24 14:46:13 - DEBUG --> createUserData 
2015-08-24 14:46:13 - DEBUG --> UserData end:  a:0:{} 
2015-08-24 14:46:13 - DEBUG --> Archivo \components\com_jhotelreservation\classes\services\UserDataService.php 
2015-08-24 14:46:13 - DEBUG --> initializeUserData 
2015-08-24 14:46:13 - DEBUG --> UserData first: a:0:{} 
2015-08-24 14:46:13 - DEBUG --> UserData end:  a:0:{} 
2015-08-24 14:46:13 - DEBUG --> Archivo \components\com_jhotelreservation\classes\services\UserDataService.php 
2015-08-24 14:46:13 - DEBUG --> initializeReservationData 
2015-08-24 14:46:13 - DEBUG --> UserData: a:0:{} 
2015-08-24 14:46:13 - DEBUG --> Archivo \components\com_jhotelreservation\classes\services\UserDataService.php 
2015-08-24 14:46:13 - DEBUG --> updateUserData 
2015-08-24 14:46:13 - DEBUG --> Archivo \components\com_jhotelreservation\classes\services\UserDataService.php 
2015-08-24 14:46:13 - DEBUG --> getUserData 
2015-08-24 14:46:13 - DEBUG --> Archivo \components\com_jhotelreservation\classes\services\UserDataService.php 
2015-08-24 14:46:13 - DEBUG --> setCurrency 
2015-08-24 14:46:13 - DEBUG --> Archivo \components\com_jhotelreservation\classes\services\UserDataService.php 
2015-08-24 14:46:13 - DEBUG --> getUserData 
2015-08-24 14:46:13 - DEBUG --> Archivo \components\com_jhotelreservation\classes\services\UserDataService.php 
2015-08-24 14:46:13 - DEBUG --> getUserData 
2015-08-24 14:46:13 - DEBUG --> Archivo \components\com_jhotelreservation\classes\services\UserDataService.php 
2015-08-24 14:46:13 - DEBUG --> getUserData 
2015-08-24 14:46:15 - DEBUG --> Archivo \components\com_jhotelreservation\classes\services\UserDataService.php 
2015-08-24 14:46:15 - DEBUG --> initializeUserData 
2015-08-24 14:46:15 - DEBUG --> UserData first: N; 
2015-08-24 14:46:15 - DEBUG --> Archivo \components\com_jhotelreservation\classes\services\UserDataService.php 
2015-08-24 14:46:15 - DEBUG --> createUserData 
2015-08-24 14:46:15 - DEBUG --> UserData end:  a:0:{} 
2015-08-24 14:46:15 - DEBUG --> Archivo \components\com_jhotelreservation\classes\services\UserDataService.php 
2015-08-24 14:46:15 - DEBUG --> initializeUserData 
2015-08-24 14:46:15 - DEBUG --> UserData first: a:0:{} 
2015-08-24 14:46:15 - DEBUG --> UserData end:  a:0:{} 
2015-08-24 14:46:15 - DEBUG --> Archivo \components\com_jhotelreservation\classes\services\UserDataService.php 
2015-08-24 14:46:15 - DEBUG --> initializeReservationData 
2015-08-24 14:46:15 - DEBUG --> UserData: a:0:{} 
2015-08-24 14:46:15 - DEBUG --> Archivo \components\com_jhotelreservation\classes\services\UserDataService.php 
2015-08-24 14:46:15 - DEBUG --> updateUserData 
2015-08-24 14:46:15 - DEBUG --> Archivo \components\com_jhotelreservation\classes\services\UserDataService.php 
2015-08-24 14:46:15 - DEBUG --> getUserData 
2015-08-24 14:46:15 - DEBUG --> Archivo \components\com_jhotelreservation\classes\services\UserDataService.php 
2015-08-24 14:46:15 - DEBUG --> setCurrency 
2015-08-24 14:46:15 - DEBUG --> Archivo \components\com_jhotelreservation\classes\services\UserDataService.php 
2015-08-24 14:46:15 - DEBUG --> getUserData 
2015-08-24 14:46:15 - DEBUG --> Archivo \components\com_jhotelreservation\classes\services\UserDataService.php 
2015-08-24 14:46:15 - DEBUG --> getUserData 
2015-08-24 14:46:15 - DEBUG --> Archivo \components\com_jhotelreservation\classes\services\UserDataService.php 
2015-08-24 14:46:15 - DEBUG --> getUserData 
2015-08-24 14:46:15 - DEBUG --> Archivo \components\com_jhotelreservationiews\hotel	mpl\hoteloverview.php 
2015-08-24 14:46:15 - DEBUG --> Accedió 
2015-08-24 14:46:18 - DEBUG --> Archivo \components\com_jhotelreservation\classes\services\UserDataService.php 
2015-08-24 14:46:18 - DEBUG --> initializeUserData 
2015-08-24 14:46:18 - DEBUG --> UserData first: N; 
2015-08-24 14:46:18 - DEBUG --> Archivo \components\com_jhotelreservation\classes\services\UserDataService.php 
2015-08-24 14:46:18 - DEBUG --> createUserData 
2015-08-24 14:46:18 - DEBUG --> UserData end:  a:0:{} 
2015-08-24 14:46:18 - DEBUG --> Archivo \components\com_jhotelreservation\classes\services\UserDataService.php 
2015-08-24 14:46:18 - DEBUG --> initializeUserData 
2015-08-24 14:46:18 - DEBUG --> UserData first: a:0:{} 
2015-08-24 14:46:18 - DEBUG --> UserData end:  a:0:{} 
2015-08-24 14:46:18 - DEBUG --> Archivo \components\com_jhotelreservation\classes\services\UserDataService.php 
2015-08-24 14:46:18 - DEBUG --> initializeReservationData 
2015-08-24 14:46:18 - DEBUG --> UserData: a:0:{} 
2015-08-24 14:46:18 - DEBUG --> Archivo \components\com_jhotelreservation\classes\services\UserDataService.php 
2015-08-24 14:46:18 - DEBUG --> updateUserData 
2015-08-24 14:46:18 - DEBUG --> Archivo \components\com_jhotelreservation\classes\services\UserDataService.php 
2015-08-24 14:46:18 - DEBUG --> getUserData 
2015-08-24 14:46:18 - DEBUG --> Archivo \components\com_jhotelreservation\classes\services\UserDataService.php 
2015-08-24 14:46:18 - DEBUG --> setCurrency 
2015-08-24 14:46:18 - DEBUG --> Archivo \components\com_jhotelreservation\classes\services\UserDataService.php 
2015-08-24 14:46:18 - DEBUG --> getUserData 
2015-08-24 14:46:18 - DEBUG --> Archivo \components\com_jhotelreservation\classes\services\UserDataService.php 
2015-08-24 14:46:18 - DEBUG --> getUserData 
2015-08-24 14:46:18 - DEBUG --> Archivo \components\com_jhotelreservation\classes\services\UserDataService.php 
2015-08-24 14:46:18 - DEBUG --> getUserData 
2015-08-24 14:53:18 - DEBUG --> Archivo \components\com_jhotelreservation\classes\services\UserDataService.php 
2015-08-24 14:53:18 - DEBUG --> initializeUserData 
2015-08-24 14:53:18 - DEBUG --> UserData first: N; 
2015-08-24 14:53:18 - DEBUG --> Archivo \components\com_jhotelreservation\classes\services\UserDataService.php 
2015-08-24 14:53:18 - DEBUG --> createUserData 
2015-08-24 14:53:18 - DEBUG --> UserData end:  a:0:{} 
2015-08-24 20:20:07 - DEBUG --> Archivo \components\com_jhotelreservation\classes\services\UserDataService.php 
2015-08-24 20:20:07 - DEBUG --> initializeUserData 
2015-08-24 20:20:07 - DEBUG --> UserData first: N; 
2015-08-24 20:20:07 - DEBUG --> Archivo \components\com_jhotelreservation\classes\services\UserDataService.php 
2015-08-24 20:20:07 - DEBUG --> createUserData 
2015-08-24 20:20:07 - DEBUG --> UserData end:  a:0:{} 
2015-08-24 20:20:07 - DEBUG --> Archivo \components\com_jhotelreservation\classes\services\UserDataService.php 
2015-08-24 20:20:07 - DEBUG --> initializeUserData 
2015-08-24 20:20:07 - DEBUG --> UserData first: a:0:{} 
2015-08-24 20:20:07 - DEBUG --> UserData end:  a:0:{} 
2015-08-24 20:20:07 - DEBUG --> Archivo \components\com_jhotelreservation\classes\services\UserDataService.php 
2015-08-24 20:20:07 - DEBUG --> initializeReservationData 
2015-08-24 20:20:07 - DEBUG --> UserData: a:0:{} 
2015-08-24 20:20:07 - DEBUG --> Archivo \components\com_jhotelreservation\classes\services\UserDataService.php 
2015-08-24 20:20:07 - DEBUG --> updateUserData 
2015-08-24 20:20:07 - DEBUG --> Archivo \components\com_jhotelreservation\classes\services\UserDataService.php 
2015-08-24 20:20:07 - DEBUG --> getUserData 
2015-08-24 20:20:07 - DEBUG --> Archivo \components\com_jhotelreservation\classes\services\UserDataService.php 
2015-08-24 20:20:07 - DEBUG --> setCurrency 
2015-08-24 20:20:07 - DEBUG --> Archivo \components\com_jhotelreservation\classes\services\UserDataService.php 
2015-08-24 20:20:07 - DEBUG --> getUserData 
2015-08-24 20:20:07 - DEBUG --> Archivo \components\com_jhotelreservation\classes\services\UserDataService.php 
2015-08-24 20:20:07 - DEBUG --> getUserData 
2015-08-24 20:20:07 - DEBUG --> Archivo \components\com_jhotelreservation\classes\services\UserDataService.php 
2015-08-24 20:20:07 - DEBUG --> getUserData 
2015-08-24 20:20:07 - DEBUG --> Archivo \components\com_jhotelreservationiews\hotel	mpl\hoteloverview.php 
2015-08-24 20:20:07 - DEBUG --> Accedió 
2015-08-24 20:45:21 - DEBUG --> Archivo \components\com_jhotelreservation\classes\services\UserDataService.php 
2015-08-24 20:45:21 - DEBUG --> initializeUserData 
2015-08-24 20:45:21 - DEBUG --> UserData first: N; 
2015-08-24 20:45:21 - DEBUG --> Archivo \components\com_jhotelreservation\classes\services\UserDataService.php 
2015-08-24 20:45:21 - DEBUG --> createUserData 
2015-08-24 20:45:21 - DEBUG --> UserData end:  a:0:{} 
2015-08-24 20:45:21 - DEBUG --> Archivo \components\com_jhotelreservation\classes\services\UserDataService.php 
2015-08-24 20:45:21 - DEBUG --> initializeUserData 
2015-08-24 20:45:21 - DEBUG --> UserData first: a:0:{} 
2015-08-24 20:45:21 - DEBUG --> UserData end:  a:0:{} 
2015-08-24 20:45:21 - DEBUG --> Archivo \components\com_jhotelreservation\classes\services\UserDataService.php 
2015-08-24 20:45:21 - DEBUG --> initializeReservationData 
2015-08-24 20:45:21 - DEBUG --> UserData: a:0:{} 
2015-08-24 20:45:21 - DEBUG --> Archivo \components\com_jhotelreservation\classes\services\UserDataService.php 
2015-08-24 20:45:21 - DEBUG --> updateUserData 
2015-08-24 20:45:21 - DEBUG --> Archivo \components\com_jhotelreservation\classes\services\UserDataService.php 
2015-08-24 20:45:21 - DEBUG --> getUserData 
2015-08-24 20:45:21 - DEBUG --> Archivo \components\com_jhotelreservation\classes\services\UserDataService.php 
2015-08-24 20:45:21 - DEBUG --> setCurrency 
2015-08-24 20:45:21 - DEBUG --> Archivo \components\com_jhotelreservation\classes\services\UserDataService.php 
2015-08-24 20:45:21 - DEBUG --> getUserData 
2015-08-24 20:45:21 - DEBUG --> Archivo \components\com_jhotelreservation\classes\services\UserDataService.php 
2015-08-24 20:45:21 - DEBUG --> getUserData 
2015-08-24 20:45:21 - DEBUG --> Archivo \components\com_jhotelreservation\classes\services\UserDataService.php 
2015-08-24 20:45:21 - DEBUG --> getUserData 
2015-08-24 20:45:21 - DEBUG --> Archivo \components\com_jhotelreservationiews\hotel	mpl\hoteloverview.php 
2015-08-24 20:45:21 - DEBUG --> Accedió 
2015-08-24 20:47:36 - DEBUG --> Archivo \components\com_jhotelreservation\classes\services\UserDataService.php 
2015-08-24 20:47:36 - DEBUG --> initializeUserData 
2015-08-24 20:47:36 - DEBUG --> UserData first: N; 
2015-08-24 20:47:36 - DEBUG --> Archivo \components\com_jhotelreservation\classes\services\UserDataService.php 
2015-08-24 20:47:36 - DEBUG --> createUserData 
2015-08-24 20:47:36 - DEBUG --> UserData end:  a:0:{} 
2015-08-24 20:47:36 - DEBUG --> Archivo \components\com_jhotelreservation\classes\services\UserDataService.php 
2015-08-24 20:47:36 - DEBUG --> initializeUserData 
2015-08-24 20:47:36 - DEBUG --> UserData first: a:0:{} 
2015-08-24 20:47:36 - DEBUG --> UserData end:  a:0:{} 
2015-08-24 20:47:36 - DEBUG --> Archivo \components\com_jhotelreservation\classes\services\UserDataService.php 
2015-08-24 20:47:36 - DEBUG --> initializeReservationData 
2015-08-24 20:47:36 - DEBUG --> UserData: a:0:{} 
2015-08-24 20:47:36 - DEBUG --> Archivo \components\com_jhotelreservation\classes\services\UserDataService.php 
2015-08-24 20:47:36 - DEBUG --> updateUserData 
2015-08-24 20:47:36 - DEBUG --> Archivo \components\com_jhotelreservation\classes\services\UserDataService.php 
2015-08-24 20:47:36 - DEBUG --> getUserData 
2015-08-24 20:47:36 - DEBUG --> Archivo \components\com_jhotelreservation\classes\services\UserDataService.php 
2015-08-24 20:47:36 - DEBUG --> setCurrency 
2015-08-24 20:47:36 - DEBUG --> Archivo \components\com_jhotelreservation\classes\services\UserDataService.php 
2015-08-24 20:47:36 - DEBUG --> getUserData 
2015-08-24 20:47:36 - DEBUG --> Archivo \components\com_jhotelreservation\classes\services\UserDataService.php 
2015-08-24 20:47:36 - DEBUG --> getUserData 
2015-08-24 20:47:36 - DEBUG --> Archivo \components\com_jhotelreservation\classes\services\UserDataService.php 
2015-08-24 20:47:36 - DEBUG --> getUserData 
2015-08-24 20:47:36 - DEBUG --> Archivo \components\com_jhotelreservationiews\hotel	mpl\hoteloverview.php 
2015-08-24 20:47:36 - DEBUG --> Accedió 
2015-08-24 20:49:17 - DEBUG --> Archivo \components\com_jhotelreservation\classes\services\UserDataService.php 
2015-08-24 20:49:17 - DEBUG --> initializeUserData 
2015-08-24 20:49:17 - DEBUG --> UserData first: N; 
2015-08-24 20:49:17 - DEBUG --> Archivo \components\com_jhotelreservation\classes\services\UserDataService.php 
2015-08-24 20:49:17 - DEBUG --> createUserData 
2015-08-24 20:49:17 - DEBUG --> UserData end:  a:0:{} 
2015-08-24 20:49:17 - DEBUG --> Archivo \components\com_jhotelreservation\classes\services\UserDataService.php 
2015-08-24 20:49:17 - DEBUG --> initializeUserData 
2015-08-24 20:49:17 - DEBUG --> UserData first: a:0:{} 
2015-08-24 20:49:17 - DEBUG --> UserData end:  a:0:{} 
2015-08-24 20:49:17 - DEBUG --> Archivo \components\com_jhotelreservation\classes\services\UserDataService.php 
2015-08-24 20:49:17 - DEBUG --> initializeReservationData 
2015-08-24 20:49:17 - DEBUG --> UserData: a:0:{} 
2015-08-24 20:49:17 - DEBUG --> Archivo \components\com_jhotelreservation\classes\services\UserDataService.php 
2015-08-24 20:49:17 - DEBUG --> updateUserData 
2015-08-24 20:49:17 - DEBUG --> Archivo \components\com_jhotelreservation\classes\services\UserDataService.php 
2015-08-24 20:49:17 - DEBUG --> getUserData 
2015-08-24 20:49:17 - DEBUG --> Archivo \components\com_jhotelreservation\classes\services\UserDataService.php 
2015-08-24 20:49:17 - DEBUG --> setCurrency 
2015-08-24 20:49:17 - DEBUG --> Archivo \components\com_jhotelreservation\classes\services\UserDataService.php 
2015-08-24 20:49:17 - DEBUG --> getUserData 
2015-08-24 20:49:17 - DEBUG --> Archivo \components\com_jhotelreservation\classes\services\UserDataService.php 
2015-08-24 20:49:17 - DEBUG --> getUserData 
2015-08-24 20:49:17 - DEBUG --> Archivo \components\com_jhotelreservation\classes\services\UserDataService.php 
2015-08-24 20:49:17 - DEBUG --> getUserData 
2015-08-24 20:49:17 - DEBUG --> Archivo \components\com_jhotelreservationiews\hotel	mpl\hoteloverview.php 
2015-08-24 20:49:17 - DEBUG --> Accedió 
2015-08-24 21:42:17 - DEBUG --> Archivo \components\com_jhotelreservation\classes\services\UserDataService.php 
2015-08-24 21:42:17 - DEBUG --> initializeUserData 
2015-08-24 21:42:17 - DEBUG --> UserData first: N; 
2015-08-24 21:42:17 - DEBUG --> Archivo \components\com_jhotelreservation\classes\services\UserDataService.php 
2015-08-24 21:42:17 - DEBUG --> createUserData 
2015-08-24 21:42:17 - DEBUG --> UserData end:  a:0:{} 
2015-08-24 21:42:17 - DEBUG --> Archivo \components\com_jhotelreservation\classes\services\UserDataService.php 
2015-08-24 21:42:17 - DEBUG --> initializeUserData 
2015-08-24 21:42:17 - DEBUG --> UserData first: a:0:{} 
2015-08-24 21:42:17 - DEBUG --> UserData end:  a:0:{} 
2015-08-24 21:42:17 - DEBUG --> Archivo \components\com_jhotelreservation\classes\services\UserDataService.php 
2015-08-24 21:42:17 - DEBUG --> initializeReservationData 
2015-08-24 21:42:17 - DEBUG --> UserData: a:0:{} 
2015-08-24 21:42:17 - DEBUG --> Archivo \components\com_jhotelreservation\classes\services\UserDataService.php 
2015-08-24 21:42:17 - DEBUG --> updateUserData 
2015-08-24 21:42:17 - DEBUG --> Archivo \components\com_jhotelreservation\classes\services\UserDataService.php 
2015-08-24 21:42:17 - DEBUG --> getUserData 
2015-08-24 21:42:17 - DEBUG --> Archivo \components\com_jhotelreservation\classes\services\UserDataService.php 
2015-08-24 21:42:17 - DEBUG --> setCurrency 
2015-08-24 21:42:17 - DEBUG --> Archivo \components\com_jhotelreservation\classes\services\UserDataService.php 
2015-08-24 21:42:17 - DEBUG --> getUserData 
2015-08-24 21:42:17 - DEBUG --> Archivo \components\com_jhotelreservation\classes\services\UserDataService.php 
2015-08-24 21:42:17 - DEBUG --> getUserData 
2015-08-24 21:42:17 - DEBUG --> Archivo \components\com_jhotelreservation\classes\services\UserDataService.php 
2015-08-24 21:42:17 - DEBUG --> getUserData 
2015-08-24 21:42:17 - DEBUG --> Archivo \components\com_jhotelreservationiews\hotel	mpl\hoteloverview.php 
2015-08-24 21:42:17 - DEBUG --> Accedió 
2015-08-24 22:15:40 - DEBUG --> Archivo \components\com_jhotelreservation\classes\services\UserDataService.php 
2015-08-24 22:15:40 - DEBUG --> initializeUserData 
2015-08-24 22:15:40 - DEBUG --> UserData first: a:0:{} 
2015-08-24 22:15:40 - DEBUG --> UserData end:  a:0:{} 
2015-08-24 22:15:40 - DEBUG --> Archivo \components\com_jhotelreservation\classes\services\UserDataService.php 
2015-08-24 22:15:40 - DEBUG --> initializeUserData 
2015-08-24 22:15:40 - DEBUG --> UserData first: a:0:{} 
2015-08-24 22:15:40 - DEBUG --> UserData end:  a:0:{} 
2015-08-24 22:15:40 - DEBUG --> Archivo \components\com_jhotelreservation\classes\services\UserDataService.php 
2015-08-24 22:15:40 - DEBUG --> initializeReservationData 
2015-08-24 22:15:40 - DEBUG --> UserData: a:0:{} 
2015-08-24 22:15:40 - DEBUG --> Archivo \components\com_jhotelreservation\classes\services\UserDataService.php 
2015-08-24 22:15:40 - DEBUG --> updateUserData 
2015-08-24 22:15:40 - DEBUG --> Archivo \components\com_jhotelreservation\classes\services\UserDataService.php 
2015-08-24 22:15:40 - DEBUG --> getUserData 
2015-08-24 22:15:40 - DEBUG --> Archivo \components\com_jhotelreservation\classes\services\UserDataService.php 
2015-08-24 22:15:40 - DEBUG --> setCurrency 
2015-08-24 22:15:40 - DEBUG --> Archivo \components\com_jhotelreservation\classes\services\UserDataService.php 
2015-08-24 22:15:40 - DEBUG --> getUserData 
2015-08-24 22:15:40 - DEBUG --> Archivo \components\com_jhotelreservation\classes\services\UserDataService.php 
2015-08-24 22:15:40 - DEBUG --> getUserData 
2015-08-24 22:15:40 - DEBUG --> Archivo \components\com_jhotelreservation\classes\services\UserDataService.php 
2015-08-24 22:15:40 - DEBUG --> getUserData 
2015-08-24 22:15:40 - DEBUG --> Archivo \components\com_jhotelreservationiews\hotel	mpl\hoteloverview.php 
2015-08-24 22:15:40 - DEBUG --> Accedió 
2015-08-24 22:21:46 - DEBUG --> Archivo \components\com_jhotelreservation\classes\services\UserDataService.php 
2015-08-24 22:21:46 - DEBUG --> initializeUserData 
2015-08-24 22:21:46 - DEBUG --> UserData first: N; 
2015-08-24 22:21:46 - DEBUG --> Archivo \components\com_jhotelreservation\classes\services\UserDataService.php 
2015-08-24 22:21:46 - DEBUG --> createUserData 
2015-08-24 22:21:46 - DEBUG --> UserData end:  a:0:{} 
2015-08-24 22:21:46 - DEBUG --> Archivo \components\com_jhotelreservation\classes\services\UserDataService.php 
2015-08-24 22:21:46 - DEBUG --> initializeUserData 
2015-08-24 22:21:46 - DEBUG --> UserData first: a:0:{} 
2015-08-24 22:21:46 - DEBUG --> UserData end:  a:0:{} 
2015-08-24 22:21:46 - DEBUG --> Archivo \components\com_jhotelreservation\classes\services\UserDataService.php 
2015-08-24 22:21:46 - DEBUG --> initializeReservationData 
2015-08-24 22:21:46 - DEBUG --> UserData: a:0:{} 
2015-08-24 22:21:46 - DEBUG --> Archivo \components\com_jhotelreservation\classes\services\UserDataService.php 
2015-08-24 22:21:46 - DEBUG --> updateUserData 
2015-08-24 22:21:46 - DEBUG --> Archivo \components\com_jhotelreservation\classes\services\UserDataService.php 
2015-08-24 22:21:46 - DEBUG --> getUserData 
2015-08-24 22:21:46 - DEBUG --> Archivo \components\com_jhotelreservation\classes\services\UserDataService.php 
2015-08-24 22:21:46 - DEBUG --> setCurrency 
2015-08-24 22:21:46 - DEBUG --> Archivo \components\com_jhotelreservation\classes\services\UserDataService.php 
2015-08-24 22:21:46 - DEBUG --> getUserData 
2015-08-24 22:21:46 - DEBUG --> Archivo \components\com_jhotelreservation\classes\services\UserDataService.php 
2015-08-24 22:21:46 - DEBUG --> getUserData 
2015-08-24 22:21:46 - DEBUG --> Archivo \components\com_jhotelreservation\classes\services\UserDataService.php 
2015-08-24 22:21:46 - DEBUG --> getUserData 
2015-08-24 22:21:46 - DEBUG --> Archivo \components\com_jhotelreservationiews\hotel	mpl\hoteloverview.php 
2015-08-24 22:21:46 - DEBUG --> Accedió 
2015-08-24 22:27:32 - DEBUG --> Archivo \components\com_jhotelreservation\classes\services\UserDataService.php 
2015-08-24 22:27:32 - DEBUG --> initializeUserData 
2015-08-24 22:27:32 - DEBUG --> UserData first: N; 
2015-08-24 22:27:32 - DEBUG --> Archivo \components\com_jhotelreservation\classes\services\UserDataService.php 
2015-08-24 22:27:32 - DEBUG --> createUserData 
2015-08-24 22:27:32 - DEBUG --> UserData end:  a:0:{} 
2015-08-24 22:28:29 - DEBUG --> Archivo \components\com_jhotelreservation\classes\services\UserDataService.php 
2015-08-24 22:28:29 - DEBUG --> initializeUserData 
2015-08-24 22:28:29 - DEBUG --> UserData first: a:0:{} 
2015-08-24 22:28:29 - DEBUG --> UserData end:  a:0:{} 
2015-08-24 22:28:29 - DEBUG --> Archivo \components\com_jhotelreservation\classes\services\UserDataService.php 
2015-08-24 22:28:29 - DEBUG --> reserveRoom hotelId= 37, reservedItem = 0|123, current = 1 
2015-08-24 22:28:29 - DEBUG --> Reserved items: a:1:{i:0;s:7:"0|123|1";} 
2015-08-24 22:28:29 - DEBUG --> Archivo \components\com_jhotelreservation\classes\services\UserDataService.php 
2015-08-24 22:28:29 - DEBUG --> initializeUserData 
2015-08-24 22:28:29 - DEBUG --> UserData first: a:1:{i:0;s:7:"0|123|1";} 
2015-08-24 22:28:29 - DEBUG --> UserData end:  a:1:{i:0;s:7:"0|123|1";} 
2015-08-24 22:28:29 - DEBUG --> Archivo \components\com_jhotelreservation\classes\services\UserDataService.php 
2015-08-24 22:28:29 - DEBUG --> getUserData 
2015-08-24 22:28:29 - DEBUG --> Archivo \components\com_jhotelreservation\classes\services\UserDataService.php 
2015-08-24 22:28:29 - DEBUG --> getUserData 
2015-08-24 22:28:29 - DEBUG --> Archivo \components\com_jhotelreservation\classes\services\UserDataService.php 
2015-08-24 22:28:29 - DEBUG --> initializeUserData 
2015-08-24 22:28:29 - DEBUG --> UserData first: a:1:{i:0;s:7:"0|123|1";} 
2015-08-24 22:28:29 - DEBUG --> UserData end:  a:1:{i:0;s:7:"0|123|1";} 
2015-08-24 22:28:30 - DEBUG --> Archivo \components\com_jhotelreservation\classes\services\UserDataService.php 
2015-08-24 22:28:30 - DEBUG --> getUserData 
2015-08-24 22:28:30 - DEBUG --> Archivo \components\com_jhotelreservation\classes\services\UserDataService.php 
2015-08-24 22:28:30 - DEBUG --> getUserData 
2015-08-24 22:28:30 - DEBUG --> Archivo \components\com_jhotelreservation\classes\services\UserDataService.php 
2015-08-24 22:28:30 - DEBUG --> getUserData 
2015-08-24 22:28:59 - DEBUG --> Archivo \components\com_jhotelreservation\classes\services\UserDataService.php 
2015-08-24 22:28:59 - DEBUG --> initializeUserData 
2015-08-24 22:28:59 - DEBUG --> UserData first: a:1:{i:0;s:7:"0|123|1";} 
2015-08-24 22:28:59 - DEBUG --> UserData end:  a:1:{i:0;s:7:"0|123|1";} 
2015-08-24 22:28:59 - DEBUG --> Archivo \components\com_jhotelreservation\classes\services\UserDataService.php 
2015-08-24 22:28:59 - DEBUG --> initializeUserData 
2015-08-24 22:28:59 - DEBUG --> UserData first: a:1:{i:0;s:7:"0|123|1";} 
2015-08-24 22:28:59 - DEBUG --> UserData end:  a:1:{i:0;s:7:"0|123|1";} 
2015-08-24 22:28:59 - DEBUG --> Archivo \components\com_jhotelreservation\classes\services\UserDataService.php 
2015-08-24 22:28:59 - DEBUG --> initializeReservationData 
2015-08-24 22:28:59 - DEBUG --> UserData: a:0:{} 
2015-08-24 22:28:59 - DEBUG --> Archivo \components\com_jhotelreservation\classes\services\UserDataService.php 
2015-08-24 22:28:59 - DEBUG --> updateUserData 
2015-08-24 22:28:59 - DEBUG --> Archivo \components\com_jhotelreservation\classes\services\UserDataService.php 
2015-08-24 22:28:59 - DEBUG --> getUserData 
2015-08-24 22:28:59 - DEBUG --> Archivo \components\com_jhotelreservation\classes\services\UserDataService.php 
2015-08-24 22:28:59 - DEBUG --> setCurrency 
2015-08-24 22:28:59 - DEBUG --> Archivo \components\com_jhotelreservation\classes\services\UserDataService.php 
2015-08-24 22:28:59 - DEBUG --> getUserData 
2015-08-24 22:28:59 - DEBUG --> Archivo \components\com_jhotelreservation\classes\services\UserDataService.php 
2015-08-24 22:28:59 - DEBUG --> getUserData 
2015-08-24 22:28:59 - DEBUG --> Archivo \components\com_jhotelreservation\classes\services\UserDataService.php 
2015-08-24 22:28:59 - DEBUG --> getUserData 
2015-08-24 22:28:59 - DEBUG --> Archivo \components\com_jhotelreservationiews\hotel	mpl\hoteloverview.php 
2015-08-24 22:28:59 - DEBUG --> Accedió 
2015-08-24 22:28:59 - DEBUG --> Archivo \components\com_jhotelreservation\classes\services\UserDataService.php 
2015-08-24 22:28:59 - DEBUG --> initializeUserData 
2015-08-24 22:28:59 - DEBUG --> UserData first: a:1:{i:0;s:7:"0|123|1";} 
2015-08-24 22:28:59 - DEBUG --> UserData end:  a:1:{i:0;s:7:"0|123|1";} 
2015-08-24 22:28:59 - DEBUG --> Archivo \components\com_jhotelreservation\classes\services\UserDataService.php 
2015-08-24 22:28:59 - DEBUG --> initializeUserData 
2015-08-24 22:28:59 - DEBUG --> UserData first: a:1:{i:0;s:7:"0|123|1";} 
2015-08-24 22:28:59 - DEBUG --> UserData end:  a:1:{i:0;s:7:"0|123|1";} 
2015-08-24 22:28:59 - DEBUG --> Archivo \components\com_jhotelreservation\classes\services\UserDataService.php 
2015-08-24 22:28:59 - DEBUG --> initializeReservationData 
2015-08-24 22:28:59 - DEBUG --> UserData: a:0:{} 
2015-08-24 22:28:59 - DEBUG --> Archivo \components\com_jhotelreservation\classes\services\UserDataService.php 
2015-08-24 22:28:59 - DEBUG --> updateUserData 
2015-08-24 22:28:59 - DEBUG --> Archivo \components\com_jhotelreservation\classes\services\UserDataService.php 
2015-08-24 22:28:59 - DEBUG --> getUserData 
2015-08-24 22:28:59 - DEBUG --> Archivo \components\com_jhotelreservation\classes\services\UserDataService.php 
2015-08-24 22:28:59 - DEBUG --> setCurrency 
2015-08-24 22:28:59 - DEBUG --> Archivo \components\com_jhotelreservation\classes\services\UserDataService.php 
2015-08-24 22:28:59 - DEBUG --> getUserData 
2015-08-24 22:28:59 - DEBUG --> Archivo \components\com_jhotelreservation\classes\services\UserDataService.php 
2015-08-24 22:28:59 - DEBUG --> getUserData 
2015-08-24 22:28:59 - DEBUG --> Archivo \components\com_jhotelreservation\classes\services\UserDataService.php 
2015-08-24 22:28:59 - DEBUG --> getUserData 
2015-08-24 22:28:59 - DEBUG --> Archivo \components\com_jhotelreservationiews\hotel	mpl\hoteloverview.php 
2015-08-24 22:28:59 - DEBUG --> Accedió 
2015-08-24 22:34:18 - DEBUG --> Archivo \components\com_jhotelreservation\classes\services\UserDataService.php 
2015-08-24 22:34:18 - DEBUG --> initializeUserData 
2015-08-24 22:34:18 - DEBUG --> UserData first: a:0:{} 
2015-08-24 22:34:18 - DEBUG --> UserData end:  a:0:{} 
2015-08-24 22:34:18 - DEBUG --> Archivo \components\com_jhotelreservation\classes\services\UserDataService.php 
2015-08-24 22:34:18 - DEBUG --> initializeUserData 
2015-08-24 22:34:18 - DEBUG --> UserData first: a:0:{} 
2015-08-24 22:34:18 - DEBUG --> UserData end:  a:0:{} 
2015-08-24 22:34:18 - DEBUG --> Archivo \components\com_jhotelreservation\classes\services\UserDataService.php 
2015-08-24 22:34:18 - DEBUG --> initializeReservationData 
2015-08-24 22:34:18 - DEBUG --> UserData: a:0:{} 
2015-08-24 22:34:18 - DEBUG --> Archivo \components\com_jhotelreservation\classes\services\UserDataService.php 
2015-08-24 22:34:18 - DEBUG --> updateUserData 
2015-08-24 22:34:18 - DEBUG --> Archivo \components\com_jhotelreservation\classes\services\UserDataService.php 
2015-08-24 22:34:18 - DEBUG --> getUserData 
2015-08-24 22:34:18 - DEBUG --> Archivo \components\com_jhotelreservation\classes\services\UserDataService.php 
2015-08-24 22:34:18 - DEBUG --> setCurrency 
2015-08-24 22:34:18 - DEBUG --> Archivo \components\com_jhotelreservation\classes\services\UserDataService.php 
2015-08-24 22:34:18 - DEBUG --> getUserData 
2015-08-24 22:34:18 - DEBUG --> Archivo \components\com_jhotelreservation\classes\services\UserDataService.php 
2015-08-24 22:34:18 - DEBUG --> getUserData 
2015-08-24 22:34:18 - DEBUG --> Archivo \components\com_jhotelreservation\classes\services\UserDataService.php 
2015-08-24 22:34:18 - DEBUG --> getUserData 
2015-08-24 22:34:18 - DEBUG --> Archivo \components\com_jhotelreservationiews\hotel	mpl\hoteloverview.php 
2015-08-24 22:34:18 - DEBUG --> Accedió 
2015-08-24 22:35:26 - DEBUG --> Archivo \components\com_jhotelreservation\classes\services\UserDataService.php 
2015-08-24 22:35:26 - DEBUG --> initializeUserData 
2015-08-24 22:35:26 - DEBUG --> UserData first: a:0:{} 
2015-08-24 22:35:26 - DEBUG --> UserData end:  a:0:{} 
2015-08-24 22:35:26 - DEBUG --> Archivo \components\com_jhotelreservation\classes\services\UserDataService.php 
2015-08-24 22:35:26 - DEBUG --> reserveRoom hotelId= 37, reservedItem = 0|119, current = 1 
2015-08-24 22:35:26 - DEBUG --> Reserved items: a:1:{i:0;s:7:"0|119|1";} 
2015-08-24 22:35:26 - DEBUG --> Archivo \components\com_jhotelreservation\classes\services\UserDataService.php 
2015-08-24 22:35:26 - DEBUG --> initializeUserData 
2015-08-24 22:35:26 - DEBUG --> UserData first: a:1:{i:0;s:7:"0|119|1";} 
2015-08-24 22:35:26 - DEBUG --> UserData end:  a:1:{i:0;s:7:"0|119|1";} 
2015-08-24 22:35:26 - DEBUG --> Archivo \components\com_jhotelreservation\classes\services\UserDataService.php 
2015-08-24 22:35:26 - DEBUG --> getUserData 
2015-08-24 22:35:26 - DEBUG --> Archivo \components\com_jhotelreservation\classes\services\UserDataService.php 
2015-08-24 22:35:26 - DEBUG --> getUserData 
2015-08-24 22:35:26 - DEBUG --> Archivo \components\com_jhotelreservation\classes\services\UserDataService.php 
2015-08-24 22:35:26 - DEBUG --> initializeUserData 
2015-08-24 22:35:26 - DEBUG --> UserData first: a:1:{i:0;s:7:"0|119|1";} 
2015-08-24 22:35:26 - DEBUG --> UserData end:  a:1:{i:0;s:7:"0|119|1";} 
2015-08-24 22:35:26 - DEBUG --> Archivo \components\com_jhotelreservation\classes\services\UserDataService.php 
2015-08-24 22:35:26 - DEBUG --> getUserData 
2015-08-24 22:35:26 - DEBUG --> Archivo \components\com_jhotelreservation\classes\services\UserDataService.php 
2015-08-24 22:35:26 - DEBUG --> getUserData 
2015-08-24 22:35:26 - DEBUG --> Archivo \components\com_jhotelreservation\classes\services\UserDataService.php 
2015-08-24 22:35:26 - DEBUG --> getUserData 
2015-08-24 22:38:39 - DEBUG --> Archivo \components\com_jhotelreservation\classes\services\UserDataService.php 
2015-08-24 22:38:39 - DEBUG --> initializeUserData 
2015-08-24 22:38:39 - DEBUG --> UserData first: a:1:{i:0;s:7:"0|119|1";} 
2015-08-24 22:38:39 - DEBUG --> UserData end:  a:1:{i:0;s:7:"0|119|1";} 
2015-08-24 22:38:39 - DEBUG --> Archivo \components\com_jhotelreservation\classes\services\UserDataService.php 
2015-08-24 22:38:39 - DEBUG --> initializeUserData 
2015-08-24 22:38:39 - DEBUG --> UserData first: a:1:{i:0;s:7:"0|119|1";} 
2015-08-24 22:38:39 - DEBUG --> UserData end:  a:1:{i:0;s:7:"0|119|1";} 
2015-08-24 22:38:39 - DEBUG --> Archivo \components\com_jhotelreservation\classes\services\UserDataService.php 
2015-08-24 22:38:39 - DEBUG --> getUserData 
2015-08-24 22:38:39 - DEBUG --> Archivo \components\com_jhotelreservation\classes\services\UserDataService.php 
2015-08-24 22:38:39 - DEBUG --> getUserData 
2015-08-24 22:41:28 - DEBUG --> Archivo \components\com_jhotelreservation\classes\services\UserDataService.php 
2015-08-24 22:41:28 - DEBUG --> initializeUserData 
2015-08-24 22:41:28 - DEBUG --> UserData first: a:1:{i:0;s:7:"0|119|1";} 
2015-08-24 22:41:28 - DEBUG --> Archivo \components\com_jhotelreservation\classes\services\UserDataService.php 
2015-08-24 22:41:28 - DEBUG --> createUserData 
2015-08-24 22:41:28 - DEBUG --> voucher:  
2015-08-24 22:41:28 - DEBUG --> UserData end:  a:0:{} 
2015-08-24 22:41:28 - DEBUG --> Archivo \components\com_jhotelreservation\classes\services\UserDataService.php 
2015-08-24 22:41:28 - DEBUG --> initializeUserData 
2015-08-24 22:41:28 - DEBUG --> UserData first: a:0:{} 
2015-08-24 22:41:28 - DEBUG --> Archivo \components\com_jhotelreservation\classes\services\UserDataService.php 
2015-08-24 22:41:28 - DEBUG --> createUserData 
2015-08-24 22:41:28 - DEBUG --> voucher:  
2015-08-24 22:41:28 - DEBUG --> UserData end:  a:0:{} 
2015-08-24 22:41:28 - DEBUG --> Archivo \components\com_jhotelreservation\classes\services\UserDataService.php 
2015-08-24 22:41:28 - DEBUG --> initializeReservationData 
2015-08-24 22:41:28 - DEBUG --> UserData: a:0:{} 
2015-08-24 22:41:28 - DEBUG --> Archivo \components\com_jhotelreservation\classes\services\UserDataService.php 
2015-08-24 22:41:28 - DEBUG --> initializeUserData 
2015-08-24 22:41:28 - DEBUG --> UserData first: a:0:{} 
2015-08-24 22:41:28 - DEBUG --> UserData end:  a:0:{} 
2015-08-24 22:41:28 - DEBUG --> Archivo \components\com_jhotelreservation\classes\services\UserDataService.php 
2015-08-24 22:41:28 - DEBUG --> initializeUserData 
2015-08-24 22:41:28 - DEBUG --> UserData first: a:0:{} 
2015-08-24 22:41:28 - DEBUG --> UserData end:  a:0:{} 
2015-08-24 22:41:28 - DEBUG --> Archivo \components\com_jhotelreservation\classes\services\UserDataService.php 
2015-08-24 22:41:28 - DEBUG --> initializeReservationData 
2015-08-24 22:41:28 - DEBUG --> UserData: a:0:{} 
2015-08-24 22:41:28 - DEBUG --> Archivo \components\com_jhotelreservation\classes\services\UserDataService.php 
2015-08-24 22:41:28 - DEBUG --> updateUserData 
2015-08-24 22:41:28 - DEBUG --> Archivo \components\com_jhotelreservation\classes\services\UserDataService.php 
2015-08-24 22:41:28 - DEBUG --> getUserData 
2015-08-24 22:41:28 - DEBUG --> Archivo \components\com_jhotelreservation\classes\services\UserDataService.php 
2015-08-24 22:41:28 - DEBUG --> setCurrency 
2015-08-24 22:41:28 - DEBUG --> Archivo \components\com_jhotelreservation\classes\services\UserDataService.php 
2015-08-24 22:41:28 - DEBUG --> getUserData 
2015-08-24 22:41:28 - DEBUG --> Archivo \components\com_jhotelreservation\classes\services\UserDataService.php 
2015-08-24 22:41:28 - DEBUG --> getUserData 
2015-08-24 22:41:28 - DEBUG --> Archivo \components\com_jhotelreservation\classes\services\UserDataService.php 
2015-08-24 22:41:28 - DEBUG --> getUserData 
2015-08-24 22:41:28 - DEBUG --> Archivo \components\com_jhotelreservationiews\hotel	mpl\hoteloverview.php 
2015-08-24 22:41:28 - DEBUG --> Accedió 
2015-08-24 22:42:15 - DEBUG --> Archivo \components\com_jhotelreservation\classes\services\UserDataService.php 
2015-08-24 22:42:15 - DEBUG --> initializeUserData 
2015-08-24 22:42:15 - DEBUG --> UserData first: a:0:{} 
2015-08-24 22:42:15 - DEBUG --> UserData end:  a:0:{} 
2015-08-24 22:42:15 - DEBUG --> Archivo \components\com_jhotelreservation\classes\services\UserDataService.php 
2015-08-24 22:42:15 - DEBUG --> initializeUserData 
2015-08-24 22:42:15 - DEBUG --> UserData first: a:0:{} 
2015-08-24 22:42:15 - DEBUG --> UserData end:  a:0:{} 
2015-08-24 22:42:15 - DEBUG --> Archivo \components\com_jhotelreservation\classes\services\UserDataService.php 
2015-08-24 22:42:15 - DEBUG --> initializeReservationData 
2015-08-24 22:42:15 - DEBUG --> UserData: a:0:{} 
2015-08-24 22:42:15 - DEBUG --> Archivo \components\com_jhotelreservation\classes\services\UserDataService.php 
2015-08-24 22:42:15 - DEBUG --> updateUserData 
2015-08-24 22:42:15 - DEBUG --> Archivo \components\com_jhotelreservation\classes\services\UserDataService.php 
2015-08-24 22:42:15 - DEBUG --> getUserData 
2015-08-24 22:42:15 - DEBUG --> Archivo \components\com_jhotelreservation\classes\services\UserDataService.php 
2015-08-24 22:42:15 - DEBUG --> setCurrency 
2015-08-24 22:42:15 - DEBUG --> Archivo \components\com_jhotelreservation\classes\services\UserDataService.php 
2015-08-24 22:42:15 - DEBUG --> getUserData 
2015-08-24 22:42:15 - DEBUG --> Archivo \components\com_jhotelreservation\classes\services\UserDataService.php 
2015-08-24 22:42:15 - DEBUG --> getUserData 
2015-08-24 22:42:15 - DEBUG --> Archivo \components\com_jhotelreservation\classes\services\UserDataService.php 
2015-08-24 22:42:15 - DEBUG --> getUserData 
