2016-01-02 8:41:43 - DEBUG --> Archivo \components\com_jhotelreservation\classes\services\UserDataService.php 
2016-01-02 8:41:43 - DEBUG --> initializeUserData 
2016-01-02 8:41:43 - DEBUG --> UserData first: N; 
2016-01-02 8:41:43 - DEBUG --> Archivo \components\com_jhotelreservation\classes\services\UserDataService.php 
2016-01-02 8:41:43 - DEBUG --> createUserData 
2016-01-02 8:41:43 - DEBUG --> UserData end:  a:0:{} 
2016-01-02 8:41:43 - DEBUG --> Archivo \components\com_jhotelreservation\classes\services\UserDataService.php 
2016-01-02 8:41:43 - DEBUG --> initializeUserData 
2016-01-02 8:41:43 - DEBUG --> UserData first: a:0:{} 
2016-01-02 8:41:43 - DEBUG --> UserData end:  a:0:{} 
2016-01-02 8:41:43 - DEBUG --> Archivo \components\com_jhotelreservation\classes\services\UserDataService.php 
2016-01-02 8:41:43 - DEBUG --> initializeReservationData 
2016-01-02 8:41:43 - DEBUG --> UserData: a:0:{} 
2016-01-02 8:41:43 - DEBUG --> Archivo \components\com_jhotelreservation\classes\services\UserDataService.php 
2016-01-02 8:41:43 - DEBUG --> updateUserData 
2016-01-02 8:41:43 - DEBUG --> Archivo \components\com_jhotelreservation\classes\services\UserDataService.php 
2016-01-02 8:41:43 - DEBUG --> getUserData 
2016-01-02 8:41:43 - DEBUG --> Archivo \components\com_jhotelreservation\classes\services\UserDataService.php 
2016-01-02 8:41:43 - DEBUG --> setCurrency 
2016-01-02 8:41:43 - DEBUG --> Archivo \components\com_jhotelreservation\classes\services\UserDataService.php 
2016-01-02 8:41:43 - DEBUG --> getUserData 
2016-01-02 8:41:43 - DEBUG --> Archivo \components\com_jhotelreservation\classes\services\UserDataService.php 
2016-01-02 8:41:43 - DEBUG --> getUserData 
2016-01-02 8:41:43 - DEBUG --> Archivo \components\com_jhotelreservation\classes\services\UserDataService.php 
2016-01-02 8:41:43 - DEBUG --> getUserData 
2016-01-02 8:41:43 - DEBUG --> Archivo \components\com_jhotelreservationiews\hotel	mpl\hoteloverview.php 
2016-01-02 8:41:43 - DEBUG --> Accedió 
2016-01-02 8:44:36 - DEBUG --> Archivo \components\com_jhotelreservation\classes\services\UserDataService.php 
2016-01-02 8:44:36 - DEBUG --> initializeUserData 
2016-01-02 8:44:36 - DEBUG --> UserData first: N; 
2016-01-02 8:44:36 - DEBUG --> Archivo \components\com_jhotelreservation\classes\services\UserDataService.php 
2016-01-02 8:44:36 - DEBUG --> createUserData 
2016-01-02 8:44:36 - DEBUG --> UserData end:  a:0:{} 
2016-01-02 8:44:36 - DEBUG --> Archivo \components\com_jhotelreservation\classes\services\UserDataService.php 
2016-01-02 8:44:36 - DEBUG --> initializeUserData 
2016-01-02 8:44:36 - DEBUG --> UserData first: a:0:{} 
2016-01-02 8:44:36 - DEBUG --> UserData end:  a:0:{} 
2016-01-02 8:44:36 - DEBUG --> Archivo \components\com_jhotelreservation\classes\services\UserDataService.php 
2016-01-02 8:44:36 - DEBUG --> initializeReservationData 
2016-01-02 8:44:36 - DEBUG --> UserData: a:0:{} 
2016-01-02 8:44:36 - DEBUG --> Archivo \components\com_jhotelreservation\classes\services\UserDataService.php 
2016-01-02 8:44:36 - DEBUG --> updateUserData 
2016-01-02 8:44:36 - DEBUG --> Archivo \components\com_jhotelreservation\classes\services\UserDataService.php 
2016-01-02 8:44:36 - DEBUG --> getUserData 
2016-01-02 8:44:36 - DEBUG --> Archivo \components\com_jhotelreservation\classes\services\UserDataService.php 
2016-01-02 8:44:36 - DEBUG --> setCurrency 
2016-01-02 8:44:36 - DEBUG --> Archivo \components\com_jhotelreservation\classes\services\UserDataService.php 
2016-01-02 8:44:36 - DEBUG --> getUserData 
2016-01-02 8:44:36 - DEBUG --> Archivo \components\com_jhotelreservation\classes\services\UserDataService.php 
2016-01-02 8:44:36 - DEBUG --> getUserData 
2016-01-02 8:44:36 - DEBUG --> Archivo \components\com_jhotelreservation\classes\services\UserDataService.php 
2016-01-02 8:44:36 - DEBUG --> getUserData 
2016-01-02 8:44:36 - DEBUG --> Archivo \components\com_jhotelreservationiews\hotel	mpl\hoteloverview.php 
2016-01-02 8:44:36 - DEBUG --> Accedió 
2016-01-02 8:44:38 - DEBUG --> Archivo \components\com_jhotelreservation\classes\services\UserDataService.php 
2016-01-02 8:44:38 - DEBUG --> initializeUserData 
2016-01-02 8:44:38 - DEBUG --> UserData first: N; 
2016-01-02 8:44:38 - DEBUG --> Archivo \components\com_jhotelreservation\classes\services\UserDataService.php 
2016-01-02 8:44:38 - DEBUG --> createUserData 
2016-01-02 8:44:38 - DEBUG --> UserData end:  a:0:{} 
2016-01-02 8:44:38 - DEBUG --> Archivo \components\com_jhotelreservation\classes\services\UserDataService.php 
2016-01-02 8:44:38 - DEBUG --> initializeUserData 
2016-01-02 8:44:38 - DEBUG --> UserData first: a:0:{} 
2016-01-02 8:44:38 - DEBUG --> UserData end:  a:0:{} 
2016-01-02 8:44:38 - DEBUG --> Archivo \components\com_jhotelreservation\classes\services\UserDataService.php 
2016-01-02 8:44:38 - DEBUG --> initializeReservationData 
2016-01-02 8:44:38 - DEBUG --> UserData: a:0:{} 
2016-01-02 8:44:38 - DEBUG --> Archivo \components\com_jhotelreservation\classes\services\UserDataService.php 
2016-01-02 8:44:38 - DEBUG --> updateUserData 
2016-01-02 8:44:38 - DEBUG --> Archivo \components\com_jhotelreservation\classes\services\UserDataService.php 
2016-01-02 8:44:38 - DEBUG --> getUserData 
2016-01-02 8:44:38 - DEBUG --> Archivo \components\com_jhotelreservation\classes\services\UserDataService.php 
2016-01-02 8:44:38 - DEBUG --> setCurrency 
2016-01-02 8:44:38 - DEBUG --> Archivo \components\com_jhotelreservation\classes\services\UserDataService.php 
2016-01-02 8:44:38 - DEBUG --> getUserData 
2016-01-02 8:44:38 - DEBUG --> Archivo \components\com_jhotelreservation\classes\services\UserDataService.php 
2016-01-02 8:44:38 - DEBUG --> getUserData 
2016-01-02 8:44:38 - DEBUG --> Archivo \components\com_jhotelreservation\classes\services\UserDataService.php 
2016-01-02 8:44:38 - DEBUG --> getUserData 
2016-01-02 8:44:38 - DEBUG --> Archivo \components\com_jhotelreservationiews\hotel	mpl\hoteloverview.php 
2016-01-02 8:44:38 - DEBUG --> Accedió 
2016-01-02 8:44:38 - DEBUG --> Archivo \components\com_jhotelreservation\classes\services\UserDataService.php 
2016-01-02 8:44:38 - DEBUG --> initializeUserData 
2016-01-02 8:44:38 - DEBUG --> UserData first: N; 
2016-01-02 8:44:38 - DEBUG --> Archivo \components\com_jhotelreservation\classes\services\UserDataService.php 
2016-01-02 8:44:38 - DEBUG --> createUserData 
2016-01-02 8:44:38 - DEBUG --> UserData end:  a:0:{} 
2016-01-02 8:44:38 - DEBUG --> Archivo \components\com_jhotelreservation\classes\services\UserDataService.php 
2016-01-02 8:44:38 - DEBUG --> initializeUserData 
2016-01-02 8:44:39 - DEBUG --> UserData first: a:0:{} 
2016-01-02 8:44:39 - DEBUG --> UserData end:  a:0:{} 
2016-01-02 8:44:39 - DEBUG --> Archivo \components\com_jhotelreservation\classes\services\UserDataService.php 
2016-01-02 8:44:39 - DEBUG --> initializeReservationData 
2016-01-02 8:44:39 - DEBUG --> UserData: a:0:{} 
2016-01-02 8:44:39 - DEBUG --> Archivo \components\com_jhotelreservation\classes\services\UserDataService.php 
2016-01-02 8:44:39 - DEBUG --> updateUserData 
2016-01-02 8:44:39 - DEBUG --> Archivo \components\com_jhotelreservation\classes\services\UserDataService.php 
2016-01-02 8:44:39 - DEBUG --> getUserData 
2016-01-02 8:44:39 - DEBUG --> Archivo \components\com_jhotelreservation\classes\services\UserDataService.php 
2016-01-02 8:44:39 - DEBUG --> setCurrency 
2016-01-02 8:44:39 - DEBUG --> Archivo \components\com_jhotelreservation\classes\services\UserDataService.php 
2016-01-02 8:44:39 - DEBUG --> getUserData 
2016-01-02 8:44:39 - DEBUG --> Archivo \components\com_jhotelreservation\classes\services\UserDataService.php 
2016-01-02 8:44:39 - DEBUG --> getUserData 
2016-01-02 8:44:39 - DEBUG --> Archivo \components\com_jhotelreservation\classes\services\UserDataService.php 
2016-01-02 8:44:39 - DEBUG --> getUserData 
2016-01-02 8:44:39 - DEBUG --> Archivo \components\com_jhotelreservationiews\hotel	mpl\hoteloverview.php 
2016-01-02 8:44:39 - DEBUG --> Accedió 
2016-01-02 8:44:39 - DEBUG --> Archivo \components\com_jhotelreservation\classes\services\UserDataService.php 
2016-01-02 8:44:39 - DEBUG --> initializeUserData 
2016-01-02 8:44:39 - DEBUG --> UserData first: N; 
2016-01-02 8:44:39 - DEBUG --> Archivo \components\com_jhotelreservation\classes\services\UserDataService.php 
2016-01-02 8:44:39 - DEBUG --> createUserData 
2016-01-02 8:44:39 - DEBUG --> UserData end:  a:0:{} 
2016-01-02 8:44:39 - DEBUG --> Archivo \components\com_jhotelreservation\classes\services\UserDataService.php 
2016-01-02 8:44:39 - DEBUG --> initializeUserData 
2016-01-02 8:44:39 - DEBUG --> UserData first: a:0:{} 
2016-01-02 8:44:39 - DEBUG --> UserData end:  a:0:{} 
2016-01-02 8:44:39 - DEBUG --> Archivo \components\com_jhotelreservation\classes\services\UserDataService.php 
2016-01-02 8:44:39 - DEBUG --> initializeReservationData 
2016-01-02 8:44:39 - DEBUG --> UserData: a:0:{} 
2016-01-02 8:44:39 - DEBUG --> Archivo \components\com_jhotelreservation\classes\services\UserDataService.php 
2016-01-02 8:44:39 - DEBUG --> updateUserData 
2016-01-02 8:44:39 - DEBUG --> Archivo \components\com_jhotelreservation\classes\services\UserDataService.php 
2016-01-02 8:44:39 - DEBUG --> getUserData 
2016-01-02 8:44:39 - DEBUG --> Archivo \components\com_jhotelreservation\classes\services\UserDataService.php 
2016-01-02 8:44:39 - DEBUG --> setCurrency 
2016-01-02 8:44:39 - DEBUG --> Archivo \components\com_jhotelreservation\classes\services\UserDataService.php 
2016-01-02 8:44:39 - DEBUG --> getUserData 
2016-01-02 8:44:39 - DEBUG --> Archivo \components\com_jhotelreservation\classes\services\UserDataService.php 
2016-01-02 8:44:39 - DEBUG --> getUserData 
2016-01-02 8:44:40 - DEBUG --> Archivo \components\com_jhotelreservation\classes\services\UserDataService.php 
2016-01-02 8:44:40 - DEBUG --> getUserData 
2016-01-02 8:44:40 - DEBUG --> Archivo \components\com_jhotelreservationiews\hotel	mpl\hoteloverview.php 
2016-01-02 8:44:40 - DEBUG --> Accedió 
2016-01-02 8:54:11 - DEBUG --> Archivo \components\com_jhotelreservation\classes\services\UserDataService.php 
2016-01-02 8:54:11 - DEBUG --> initializeUserData 
2016-01-02 8:54:11 - DEBUG --> UserData first: N; 
2016-01-02 8:54:11 - DEBUG --> Archivo \components\com_jhotelreservation\classes\services\UserDataService.php 
2016-01-02 8:54:11 - DEBUG --> createUserData 
2016-01-02 8:54:11 - DEBUG --> UserData end:  a:0:{} 
2016-01-02 8:54:11 - DEBUG --> Archivo \components\com_jhotelreservation\classes\services\UserDataService.php 
2016-01-02 8:54:11 - DEBUG --> initializeUserData 
2016-01-02 8:54:11 - DEBUG --> UserData first: a:0:{} 
2016-01-02 8:54:11 - DEBUG --> UserData end:  a:0:{} 
2016-01-02 8:54:11 - DEBUG --> Archivo \components\com_jhotelreservation\classes\services\UserDataService.php 
2016-01-02 8:54:11 - DEBUG --> initializeReservationData 
2016-01-02 8:54:11 - DEBUG --> UserData: a:0:{} 
2016-01-02 8:54:11 - DEBUG --> Archivo \components\com_jhotelreservation\classes\services\UserDataService.php 
2016-01-02 8:54:11 - DEBUG --> updateUserData 
2016-01-02 8:54:11 - DEBUG --> Archivo \components\com_jhotelreservation\classes\services\UserDataService.php 
2016-01-02 8:54:11 - DEBUG --> getUserData 
2016-01-02 8:54:11 - DEBUG --> Archivo \components\com_jhotelreservation\classes\services\UserDataService.php 
2016-01-02 8:54:11 - DEBUG --> setCurrency 
2016-01-02 8:54:11 - DEBUG --> Archivo \components\com_jhotelreservation\classes\services\UserDataService.php 
2016-01-02 8:54:11 - DEBUG --> getUserData 
2016-01-02 8:54:11 - DEBUG --> Archivo \components\com_jhotelreservation\classes\services\UserDataService.php 
2016-01-02 8:54:11 - DEBUG --> getUserData 
2016-01-02 8:54:11 - DEBUG --> Archivo \components\com_jhotelreservation\classes\services\UserDataService.php 
2016-01-02 8:54:11 - DEBUG --> getUserData 
2016-01-02 8:54:11 - DEBUG --> Archivo \components\com_jhotelreservation\classes\services\UserDataService.php 
2016-01-02 8:54:11 - DEBUG --> initializeUserData 
2016-01-02 8:54:11 - DEBUG --> UserData first: N; 
2016-01-02 8:54:11 - DEBUG --> Archivo \components\com_jhotelreservation\classes\services\UserDataService.php 
2016-01-02 8:54:11 - DEBUG --> createUserData 
2016-01-02 8:54:11 - DEBUG --> UserData end:  a:0:{} 
2016-01-02 8:54:11 - DEBUG --> Archivo \components\com_jhotelreservation\classes\services\UserDataService.php 
2016-01-02 8:54:11 - DEBUG --> initializeUserData 
2016-01-02 8:54:11 - DEBUG --> UserData first: a:0:{} 
2016-01-02 8:54:11 - DEBUG --> UserData end:  a:0:{} 
2016-01-02 8:54:11 - DEBUG --> Archivo \components\com_jhotelreservation\classes\services\UserDataService.php 
2016-01-02 8:54:11 - DEBUG --> initializeReservationData 
2016-01-02 8:54:11 - DEBUG --> UserData: a:0:{} 
2016-01-02 8:54:11 - DEBUG --> Archivo \components\com_jhotelreservation\classes\services\UserDataService.php 
2016-01-02 8:54:11 - DEBUG --> updateUserData 
2016-01-02 8:54:11 - DEBUG --> Archivo \components\com_jhotelreservation\classes\services\UserDataService.php 
2016-01-02 8:54:11 - DEBUG --> getUserData 
2016-01-02 8:54:11 - DEBUG --> Archivo \components\com_jhotelreservation\classes\services\UserDataService.php 
2016-01-02 8:54:11 - DEBUG --> setCurrency 
2016-01-02 8:54:11 - DEBUG --> Archivo \components\com_jhotelreservation\classes\services\UserDataService.php 
2016-01-02 8:54:11 - DEBUG --> getUserData 
2016-01-02 8:54:11 - DEBUG --> Archivo \components\com_jhotelreservation\classes\services\UserDataService.php 
2016-01-02 8:54:11 - DEBUG --> getUserData 
2016-01-02 8:54:11 - DEBUG --> Archivo \components\com_jhotelreservation\classes\services\UserDataService.php 
2016-01-02 8:54:11 - DEBUG --> getUserData 
2016-01-02 8:54:11 - DEBUG --> Archivo \components\com_jhotelreservationiews\hotel	mpl\hoteloverview.php 
2016-01-02 8:54:11 - DEBUG --> Accedió 
2016-01-02 8:54:12 - DEBUG --> Archivo \components\com_jhotelreservation\classes\services\UserDataService.php 
2016-01-02 8:54:12 - DEBUG --> initializeUserData 
2016-01-02 8:54:12 - DEBUG --> UserData first: N; 
2016-01-02 8:54:12 - DEBUG --> Archivo \components\com_jhotelreservation\classes\services\UserDataService.php 
2016-01-02 8:54:12 - DEBUG --> createUserData 
2016-01-02 8:54:12 - DEBUG --> UserData end:  a:0:{} 
2016-01-02 8:54:12 - DEBUG --> Archivo \components\com_jhotelreservation\classes\services\UserDataService.php 
2016-01-02 8:54:12 - DEBUG --> initializeUserData 
2016-01-02 8:54:12 - DEBUG --> UserData first: a:0:{} 
2016-01-02 8:54:12 - DEBUG --> UserData end:  a:0:{} 
2016-01-02 8:54:12 - DEBUG --> Archivo \components\com_jhotelreservation\classes\services\UserDataService.php 
2016-01-02 8:54:12 - DEBUG --> initializeReservationData 
2016-01-02 8:54:12 - DEBUG --> UserData: a:0:{} 
2016-01-02 8:54:12 - DEBUG --> Archivo \components\com_jhotelreservation\classes\services\UserDataService.php 
2016-01-02 8:54:12 - DEBUG --> updateUserData 
2016-01-02 8:54:12 - DEBUG --> Archivo \components\com_jhotelreservation\classes\services\UserDataService.php 
2016-01-02 8:54:12 - DEBUG --> getUserData 
2016-01-02 8:54:12 - DEBUG --> Archivo \components\com_jhotelreservation\classes\services\UserDataService.php 
2016-01-02 8:54:12 - DEBUG --> setCurrency 
2016-01-02 8:54:12 - DEBUG --> Archivo \components\com_jhotelreservation\classes\services\UserDataService.php 
2016-01-02 8:54:12 - DEBUG --> getUserData 
2016-01-02 8:54:12 - DEBUG --> Archivo \components\com_jhotelreservation\classes\services\UserDataService.php 
2016-01-02 8:54:12 - DEBUG --> getUserData 
2016-01-02 8:54:12 - DEBUG --> Archivo \components\com_jhotelreservation\classes\services\UserDataService.php 
2016-01-02 8:54:12 - DEBUG --> getUserData 
2016-01-02 8:54:12 - DEBUG --> Archivo \components\com_jhotelreservation\classes\services\UserDataService.php 
2016-01-02 8:54:12 - DEBUG --> initializeUserData 
2016-01-02 8:54:12 - DEBUG --> UserData first: N; 
2016-01-02 8:54:12 - DEBUG --> Archivo \components\com_jhotelreservation\classes\services\UserDataService.php 
2016-01-02 8:54:12 - DEBUG --> createUserData 
2016-01-02 8:54:12 - DEBUG --> UserData end:  a:0:{} 
2016-01-02 8:54:12 - DEBUG --> Archivo \components\com_jhotelreservation\classes\services\UserDataService.php 
2016-01-02 8:54:12 - DEBUG --> initializeUserData 
2016-01-02 8:54:12 - DEBUG --> UserData first: a:0:{} 
2016-01-02 8:54:12 - DEBUG --> UserData end:  a:0:{} 
2016-01-02 8:54:12 - DEBUG --> Archivo \components\com_jhotelreservation\classes\services\UserDataService.php 
2016-01-02 8:54:12 - DEBUG --> initializeReservationData 
2016-01-02 8:54:12 - DEBUG --> UserData: a:0:{} 
2016-01-02 8:54:12 - DEBUG --> Archivo \components\com_jhotelreservation\classes\services\UserDataService.php 
2016-01-02 8:54:12 - DEBUG --> updateUserData 
2016-01-02 8:54:12 - DEBUG --> Archivo \components\com_jhotelreservation\classes\services\UserDataService.php 
2016-01-02 8:54:12 - DEBUG --> getUserData 
2016-01-02 8:54:12 - DEBUG --> Archivo \components\com_jhotelreservation\classes\services\UserDataService.php 
2016-01-02 8:54:12 - DEBUG --> setCurrency 
2016-01-02 8:54:12 - DEBUG --> Archivo \components\com_jhotelreservation\classes\services\UserDataService.php 
2016-01-02 8:54:12 - DEBUG --> getUserData 
2016-01-02 8:54:12 - DEBUG --> Archivo \components\com_jhotelreservation\classes\services\UserDataService.php 
2016-01-02 8:54:12 - DEBUG --> getUserData 
2016-01-02 8:54:12 - DEBUG --> Archivo \components\com_jhotelreservation\classes\services\UserDataService.php 
2016-01-02 8:54:12 - DEBUG --> getUserData 
2016-01-02 8:54:12 - DEBUG --> Archivo \components\com_jhotelreservationiews\hotel	mpl\hoteloverview.php 
2016-01-02 8:54:12 - DEBUG --> Accedió 
2016-01-02 9:06:12 - DEBUG --> Archivo \components\com_jhotelreservation\classes\services\UserDataService.php 
2016-01-02 9:06:12 - DEBUG --> initializeUserData 
2016-01-02 9:06:12 - DEBUG --> UserData first: N; 
2016-01-02 9:06:12 - DEBUG --> Archivo \components\com_jhotelreservation\classes\services\UserDataService.php 
2016-01-02 9:06:12 - DEBUG --> createUserData 
2016-01-02 9:06:12 - DEBUG --> UserData end:  a:0:{} 
2016-01-02 9:06:12 - DEBUG --> Archivo \components\com_jhotelreservation\classes\services\UserDataService.php 
2016-01-02 9:06:12 - DEBUG --> initializeUserData 
2016-01-02 9:06:12 - DEBUG --> UserData first: a:0:{} 
2016-01-02 9:06:12 - DEBUG --> UserData end:  a:0:{} 
2016-01-02 9:06:12 - DEBUG --> Archivo \components\com_jhotelreservation\classes\services\UserDataService.php 
2016-01-02 9:06:12 - DEBUG --> initializeReservationData 
2016-01-02 9:06:12 - DEBUG --> UserData: a:0:{} 
2016-01-02 9:06:12 - DEBUG --> Archivo \components\com_jhotelreservation\classes\services\UserDataService.php 
2016-01-02 9:06:12 - DEBUG --> updateUserData 
2016-01-02 9:06:12 - DEBUG --> Archivo \components\com_jhotelreservation\classes\services\UserDataService.php 
2016-01-02 9:06:12 - DEBUG --> getUserData 
2016-01-02 9:06:12 - DEBUG --> Archivo \components\com_jhotelreservation\classes\services\UserDataService.php 
2016-01-02 9:06:12 - DEBUG --> setCurrency 
2016-01-02 9:06:12 - DEBUG --> Archivo \components\com_jhotelreservation\classes\services\UserDataService.php 
2016-01-02 9:06:12 - DEBUG --> getUserData 
2016-01-02 9:06:12 - DEBUG --> Archivo \components\com_jhotelreservation\classes\services\UserDataService.php 
2016-01-02 9:06:12 - DEBUG --> getUserData 
2016-01-02 9:06:12 - DEBUG --> Archivo \components\com_jhotelreservation\classes\services\UserDataService.php 
2016-01-02 9:06:12 - DEBUG --> getUserData 
2016-01-02 9:06:12 - DEBUG --> Archivo \components\com_jhotelreservationiews\hotel	mpl\hoteloverview.php 
2016-01-02 9:06:12 - DEBUG --> Accedió 
2016-01-02 9:06:14 - DEBUG --> Archivo \components\com_jhotelreservation\classes\services\UserDataService.php 
2016-01-02 9:06:14 - DEBUG --> initializeUserData 
2016-01-02 9:06:14 - DEBUG --> UserData first: N; 
2016-01-02 9:06:14 - DEBUG --> Archivo \components\com_jhotelreservation\classes\services\UserDataService.php 
2016-01-02 9:06:14 - DEBUG --> createUserData 
2016-01-02 9:06:14 - DEBUG --> UserData end:  a:0:{} 
2016-01-02 9:06:14 - DEBUG --> Archivo \components\com_jhotelreservation\classes\services\UserDataService.php 
2016-01-02 9:06:14 - DEBUG --> initializeUserData 
2016-01-02 9:06:14 - DEBUG --> UserData first: a:0:{} 
2016-01-02 9:06:14 - DEBUG --> UserData end:  a:0:{} 
2016-01-02 9:06:14 - DEBUG --> Archivo \components\com_jhotelreservation\classes\services\UserDataService.php 
2016-01-02 9:06:14 - DEBUG --> initializeReservationData 
2016-01-02 9:06:14 - DEBUG --> UserData: a:0:{} 
2016-01-02 9:06:14 - DEBUG --> Archivo \components\com_jhotelreservation\classes\services\UserDataService.php 
2016-01-02 9:06:14 - DEBUG --> updateUserData 
2016-01-02 9:06:14 - DEBUG --> Archivo \components\com_jhotelreservation\classes\services\UserDataService.php 
2016-01-02 9:06:14 - DEBUG --> getUserData 
2016-01-02 9:06:14 - DEBUG --> Archivo \components\com_jhotelreservation\classes\services\UserDataService.php 
2016-01-02 9:06:14 - DEBUG --> setCurrency 
2016-01-02 9:06:14 - DEBUG --> Archivo \components\com_jhotelreservation\classes\services\UserDataService.php 
2016-01-02 9:06:14 - DEBUG --> getUserData 
2016-01-02 9:06:14 - DEBUG --> Archivo \components\com_jhotelreservation\classes\services\UserDataService.php 
2016-01-02 9:06:14 - DEBUG --> getUserData 
2016-01-02 9:06:14 - DEBUG --> Archivo \components\com_jhotelreservation\classes\services\UserDataService.php 
2016-01-02 9:06:14 - DEBUG --> getUserData 
2016-01-02 9:06:14 - DEBUG --> Archivo \components\com_jhotelreservationiews\hotel	mpl\hoteloverview.php 
2016-01-02 9:06:14 - DEBUG --> Accedió 
2016-01-02 9:06:14 - DEBUG --> Archivo \components\com_jhotelreservation\classes\services\UserDataService.php 
2016-01-02 9:06:14 - DEBUG --> initializeUserData 
2016-01-02 9:06:14 - DEBUG --> UserData first: N; 
2016-01-02 9:06:14 - DEBUG --> Archivo \components\com_jhotelreservation\classes\services\UserDataService.php 
2016-01-02 9:06:14 - DEBUG --> createUserData 
2016-01-02 9:06:14 - DEBUG --> UserData end:  a:0:{} 
2016-01-02 9:06:14 - DEBUG --> Archivo \components\com_jhotelreservation\classes\services\UserDataService.php 
2016-01-02 9:06:14 - DEBUG --> initializeUserData 
2016-01-02 9:06:14 - DEBUG --> UserData first: a:0:{} 
2016-01-02 9:06:14 - DEBUG --> UserData end:  a:0:{} 
2016-01-02 9:06:14 - DEBUG --> Archivo \components\com_jhotelreservation\classes\services\UserDataService.php 
2016-01-02 9:06:14 - DEBUG --> initializeReservationData 
2016-01-02 9:06:14 - DEBUG --> UserData: a:0:{} 
2016-01-02 9:06:14 - DEBUG --> Archivo \components\com_jhotelreservation\classes\services\UserDataService.php 
2016-01-02 9:06:14 - DEBUG --> updateUserData 
2016-01-02 9:06:14 - DEBUG --> Archivo \components\com_jhotelreservation\classes\services\UserDataService.php 
2016-01-02 9:06:14 - DEBUG --> getUserData 
2016-01-02 9:06:14 - DEBUG --> Archivo \components\com_jhotelreservation\classes\services\UserDataService.php 
2016-01-02 9:06:14 - DEBUG --> setCurrency 
2016-01-02 9:06:14 - DEBUG --> Archivo \components\com_jhotelreservation\classes\services\UserDataService.php 
2016-01-02 9:06:14 - DEBUG --> getUserData 
2016-01-02 9:06:14 - DEBUG --> Archivo \components\com_jhotelreservation\classes\services\UserDataService.php 
2016-01-02 9:06:14 - DEBUG --> getUserData 
2016-01-02 9:06:14 - DEBUG --> Archivo \components\com_jhotelreservation\classes\services\UserDataService.php 
2016-01-02 9:06:14 - DEBUG --> getUserData 
2016-01-02 9:06:14 - DEBUG --> Archivo \components\com_jhotelreservationiews\hotel	mpl\hoteloverview.php 
2016-01-02 9:06:14 - DEBUG --> Accedió 
2016-01-02 9:16:09 - DEBUG --> Archivo \components\com_jhotelreservation\classes\services\UserDataService.php 
2016-01-02 9:16:09 - DEBUG --> initializeUserData 
2016-01-02 9:16:09 - DEBUG --> UserData first: N; 
2016-01-02 9:16:09 - DEBUG --> Archivo \components\com_jhotelreservation\classes\services\UserDataService.php 
2016-01-02 9:16:09 - DEBUG --> createUserData 
2016-01-02 9:16:09 - DEBUG --> UserData end:  a:0:{} 
2016-01-02 9:16:09 - DEBUG --> Archivo \components\com_jhotelreservation\classes\services\UserDataService.php 
2016-01-02 9:16:09 - DEBUG --> initializeUserData 
2016-01-02 9:16:09 - DEBUG --> UserData first: a:0:{} 
2016-01-02 9:16:09 - DEBUG --> UserData end:  a:0:{} 
2016-01-02 9:16:09 - DEBUG --> Archivo \components\com_jhotelreservation\classes\services\UserDataService.php 
2016-01-02 9:16:09 - DEBUG --> initializeReservationData 
2016-01-02 9:16:09 - DEBUG --> UserData: a:0:{} 
2016-01-02 9:16:09 - DEBUG --> Archivo \components\com_jhotelreservation\classes\services\UserDataService.php 
2016-01-02 9:16:09 - DEBUG --> updateUserData 
2016-01-02 9:16:09 - DEBUG --> Archivo \components\com_jhotelreservation\classes\services\UserDataService.php 
2016-01-02 9:16:09 - DEBUG --> getUserData 
2016-01-02 9:16:09 - DEBUG --> Archivo \components\com_jhotelreservation\classes\services\UserDataService.php 
2016-01-02 9:16:09 - DEBUG --> setCurrency 
2016-01-02 9:16:09 - DEBUG --> Archivo \components\com_jhotelreservation\classes\services\UserDataService.php 
2016-01-02 9:16:09 - DEBUG --> getUserData 
2016-01-02 9:16:09 - DEBUG --> Archivo \components\com_jhotelreservation\classes\services\UserDataService.php 
2016-01-02 9:16:09 - DEBUG --> getUserData 
2016-01-02 9:16:09 - DEBUG --> Archivo \components\com_jhotelreservation\classes\services\UserDataService.php 
2016-01-02 9:16:09 - DEBUG --> getUserData 
2016-01-02 9:16:10 - DEBUG --> Archivo \components\com_jhotelreservation\classes\services\UserDataService.php 
2016-01-02 9:16:10 - DEBUG --> initializeUserData 
2016-01-02 9:16:10 - DEBUG --> UserData first: N; 
2016-01-02 9:16:10 - DEBUG --> Archivo \components\com_jhotelreservation\classes\services\UserDataService.php 
2016-01-02 9:16:10 - DEBUG --> createUserData 
2016-01-02 9:16:10 - DEBUG --> UserData end:  a:0:{} 
2016-01-02 9:16:10 - DEBUG --> Archivo \components\com_jhotelreservation\classes\services\UserDataService.php 
2016-01-02 9:16:10 - DEBUG --> initializeUserData 
2016-01-02 9:16:10 - DEBUG --> UserData first: a:0:{} 
2016-01-02 9:16:10 - DEBUG --> UserData end:  a:0:{} 
2016-01-02 9:16:10 - DEBUG --> Archivo \components\com_jhotelreservation\classes\services\UserDataService.php 
2016-01-02 9:16:10 - DEBUG --> initializeReservationData 
2016-01-02 9:16:10 - DEBUG --> UserData: a:0:{} 
2016-01-02 9:16:10 - DEBUG --> Archivo \components\com_jhotelreservation\classes\services\UserDataService.php 
2016-01-02 9:16:10 - DEBUG --> updateUserData 
2016-01-02 9:16:10 - DEBUG --> Archivo \components\com_jhotelreservation\classes\services\UserDataService.php 
2016-01-02 9:16:10 - DEBUG --> getUserData 
2016-01-02 9:16:10 - DEBUG --> Archivo \components\com_jhotelreservation\classes\services\UserDataService.php 
2016-01-02 9:16:10 - DEBUG --> setCurrency 
2016-01-02 9:16:10 - DEBUG --> Archivo \components\com_jhotelreservation\classes\services\UserDataService.php 
2016-01-02 9:16:10 - DEBUG --> getUserData 
2016-01-02 9:16:10 - DEBUG --> Archivo \components\com_jhotelreservation\classes\services\UserDataService.php 
2016-01-02 9:16:10 - DEBUG --> getUserData 
2016-01-02 9:16:10 - DEBUG --> Archivo \components\com_jhotelreservation\classes\services\UserDataService.php 
2016-01-02 9:16:10 - DEBUG --> getUserData 
2016-01-02 9:22:30 - DEBUG --> Archivo \components\com_jhotelreservation\classes\services\UserDataService.php 
2016-01-02 9:22:30 - DEBUG --> initializeUserData 
2016-01-02 9:22:30 - DEBUG --> UserData first: N; 
2016-01-02 9:22:30 - DEBUG --> Archivo \components\com_jhotelreservation\classes\services\UserDataService.php 
2016-01-02 9:22:30 - DEBUG --> createUserData 
2016-01-02 9:22:30 - DEBUG --> UserData end:  a:0:{} 
2016-01-02 9:22:30 - DEBUG --> Archivo \components\com_jhotelreservation\classes\services\UserDataService.php 
2016-01-02 9:22:30 - DEBUG --> initializeUserData 
2016-01-02 9:22:30 - DEBUG --> UserData first: a:0:{} 
2016-01-02 9:22:30 - DEBUG --> UserData end:  a:0:{} 
2016-01-02 9:22:30 - DEBUG --> Archivo \components\com_jhotelreservation\classes\services\UserDataService.php 
2016-01-02 9:22:30 - DEBUG --> initializeReservationData 
2016-01-02 9:22:30 - DEBUG --> UserData: a:0:{} 
2016-01-02 9:22:30 - DEBUG --> Archivo \components\com_jhotelreservation\classes\services\UserDataService.php 
2016-01-02 9:22:30 - DEBUG --> updateUserData 
2016-01-02 9:22:30 - DEBUG --> Archivo \components\com_jhotelreservation\classes\services\UserDataService.php 
2016-01-02 9:22:30 - DEBUG --> getUserData 
2016-01-02 9:22:30 - DEBUG --> Archivo \components\com_jhotelreservation\classes\services\UserDataService.php 
2016-01-02 9:22:30 - DEBUG --> setCurrency 
2016-01-02 9:22:30 - DEBUG --> Archivo \components\com_jhotelreservation\classes\services\UserDataService.php 
2016-01-02 9:22:30 - DEBUG --> getUserData 
2016-01-02 9:22:30 - DEBUG --> Archivo \components\com_jhotelreservation\classes\services\UserDataService.php 
2016-01-02 9:22:30 - DEBUG --> getUserData 
2016-01-02 9:22:30 - DEBUG --> Archivo \components\com_jhotelreservation\classes\services\UserDataService.php 
2016-01-02 9:22:30 - DEBUG --> getUserData 
2016-01-02 9:22:30 - DEBUG --> Archivo \components\com_jhotelreservationiews\hotel	mpl\hoteloverview.php 
2016-01-02 9:22:30 - DEBUG --> Accedió 
2016-01-02 21:07:27 - DEBUG --> Archivo \components\com_jhotelreservation\classes\services\UserDataService.php 
2016-01-02 21:07:27 - DEBUG --> initializeUserData 
2016-01-02 21:07:27 - DEBUG --> UserData first: N; 
2016-01-02 21:07:27 - DEBUG --> Archivo \components\com_jhotelreservation\classes\services\UserDataService.php 
2016-01-02 21:07:27 - DEBUG --> createUserData 
2016-01-02 21:07:27 - DEBUG --> UserData end:  a:0:{} 
2016-01-02 21:07:27 - DEBUG --> Archivo \components\com_jhotelreservation\classes\services\UserDataService.php 
2016-01-02 21:07:27 - DEBUG --> initializeUserData 
2016-01-02 21:07:27 - DEBUG --> UserData first: a:0:{} 
2016-01-02 21:07:27 - DEBUG --> UserData end:  a:0:{} 
2016-01-02 21:07:27 - DEBUG --> Archivo \components\com_jhotelreservation\classes\services\UserDataService.php 
2016-01-02 21:07:27 - DEBUG --> initializeReservationData 
2016-01-02 21:07:27 - DEBUG --> UserData: a:0:{} 
2016-01-02 21:07:27 - DEBUG --> Archivo \components\com_jhotelreservation\classes\services\UserDataService.php 
2016-01-02 21:07:27 - DEBUG --> updateUserData 
2016-01-02 21:07:27 - DEBUG --> Archivo \components\com_jhotelreservation\classes\services\UserDataService.php 
2016-01-02 21:07:27 - DEBUG --> getUserData 
2016-01-02 21:07:27 - DEBUG --> Archivo \components\com_jhotelreservation\classes\services\UserDataService.php 
2016-01-02 21:07:27 - DEBUG --> setCurrency 
2016-01-02 21:07:27 - DEBUG --> Archivo \components\com_jhotelreservation\classes\services\UserDataService.php 
2016-01-02 21:07:27 - DEBUG --> getUserData 
2016-01-02 21:07:27 - DEBUG --> Archivo \components\com_jhotelreservation\classes\services\UserDataService.php 
2016-01-02 21:07:27 - DEBUG --> getUserData 
2016-01-02 21:07:27 - DEBUG --> Archivo \components\com_jhotelreservation\classes\services\UserDataService.php 
2016-01-02 21:07:27 - DEBUG --> getUserData 
2016-01-02 21:07:27 - DEBUG --> Archivo \components\com_jhotelreservationiews\hotel	mpl\hoteloverview.php 
2016-01-02 21:07:27 - DEBUG --> Accedió 
2016-01-02 21:12:47 - DEBUG --> Archivo \components\com_jhotelreservation\classes\services\UserDataService.php 
2016-01-02 21:12:47 - DEBUG --> initializeUserData 
2016-01-02 21:12:47 - DEBUG --> UserData first: N; 
2016-01-02 21:12:47 - DEBUG --> Archivo \components\com_jhotelreservation\classes\services\UserDataService.php 
2016-01-02 21:12:47 - DEBUG --> createUserData 
2016-01-02 21:12:47 - DEBUG --> UserData end:  a:0:{} 
2016-01-02 21:12:47 - DEBUG --> Archivo \components\com_jhotelreservation\classes\services\UserDataService.php 
2016-01-02 21:12:47 - DEBUG --> initializeUserData 
2016-01-02 21:12:47 - DEBUG --> UserData first: a:0:{} 
2016-01-02 21:12:47 - DEBUG --> UserData end:  a:0:{} 
2016-01-02 21:12:47 - DEBUG --> Archivo \components\com_jhotelreservation\classes\services\UserDataService.php 
2016-01-02 21:12:47 - DEBUG --> initializeReservationData 
2016-01-02 21:12:47 - DEBUG --> UserData: a:0:{} 
2016-01-02 21:12:47 - DEBUG --> Archivo \components\com_jhotelreservation\classes\services\UserDataService.php 
2016-01-02 21:12:47 - DEBUG --> updateUserData 
2016-01-02 21:12:47 - DEBUG --> Archivo \components\com_jhotelreservation\classes\services\UserDataService.php 
2016-01-02 21:12:47 - DEBUG --> getUserData 
2016-01-02 21:12:47 - DEBUG --> Archivo \components\com_jhotelreservation\classes\services\UserDataService.php 
2016-01-02 21:12:47 - DEBUG --> setCurrency 
2016-01-02 21:12:47 - DEBUG --> Archivo \components\com_jhotelreservation\classes\services\UserDataService.php 
2016-01-02 21:12:47 - DEBUG --> getUserData 
2016-01-02 21:12:47 - DEBUG --> Archivo \components\com_jhotelreservation\classes\services\UserDataService.php 
2016-01-02 21:12:47 - DEBUG --> getUserData 
2016-01-02 21:12:47 - DEBUG --> Archivo \components\com_jhotelreservation\classes\services\UserDataService.php 
2016-01-02 21:12:47 - DEBUG --> getUserData 
2016-01-02 21:12:47 - DEBUG --> Archivo \components\com_jhotelreservationiews\hotel	mpl\hoteloverview.php 
2016-01-02 21:12:47 - DEBUG --> Accedió 
2016-01-02 21:15:04 - DEBUG --> Archivo \components\com_jhotelreservation\classes\services\UserDataService.php 
2016-01-02 21:15:04 - DEBUG --> initializeUserData 
2016-01-02 21:15:04 - DEBUG --> UserData first: N; 
2016-01-02 21:15:04 - DEBUG --> Archivo \components\com_jhotelreservation\classes\services\UserDataService.php 
2016-01-02 21:15:04 - DEBUG --> createUserData 
2016-01-02 21:15:04 - DEBUG --> UserData end:  a:0:{} 
2016-01-02 21:15:04 - DEBUG --> Archivo \components\com_jhotelreservation\classes\services\UserDataService.php 
2016-01-02 21:15:04 - DEBUG --> initializeUserData 
2016-01-02 21:15:04 - DEBUG --> UserData first: a:0:{} 
2016-01-02 21:15:04 - DEBUG --> UserData end:  a:0:{} 
2016-01-02 21:15:04 - DEBUG --> Archivo \components\com_jhotelreservation\classes\services\UserDataService.php 
2016-01-02 21:15:04 - DEBUG --> initializeReservationData 
2016-01-02 21:15:04 - DEBUG --> UserData: a:0:{} 
2016-01-02 21:15:04 - DEBUG --> Archivo \components\com_jhotelreservation\classes\services\UserDataService.php 
2016-01-02 21:15:04 - DEBUG --> updateUserData 
2016-01-02 21:15:04 - DEBUG --> Archivo \components\com_jhotelreservation\classes\services\UserDataService.php 
2016-01-02 21:15:04 - DEBUG --> getUserData 
2016-01-02 21:15:04 - DEBUG --> Archivo \components\com_jhotelreservation\classes\services\UserDataService.php 
2016-01-02 21:15:04 - DEBUG --> setCurrency 
2016-01-02 21:15:04 - DEBUG --> Archivo \components\com_jhotelreservation\classes\services\UserDataService.php 
2016-01-02 21:15:04 - DEBUG --> getUserData 
2016-01-02 21:15:04 - DEBUG --> Archivo \components\com_jhotelreservation\classes\services\UserDataService.php 
2016-01-02 21:15:04 - DEBUG --> getUserData 
2016-01-02 21:15:04 - DEBUG --> Archivo \components\com_jhotelreservation\classes\services\UserDataService.php 
2016-01-02 21:15:04 - DEBUG --> getUserData 
2016-01-02 21:15:04 - DEBUG --> Archivo \components\com_jhotelreservationiews\hotel	mpl\hoteloverview.php 
2016-01-02 21:15:04 - DEBUG --> Accedió 
2016-01-02 22:08:52 - DEBUG --> Archivo \components\com_jhotelreservation\classes\services\UserDataService.php 
2016-01-02 22:08:52 - DEBUG --> initializeUserData 
2016-01-02 22:08:52 - DEBUG --> UserData first: N; 
2016-01-02 22:08:52 - DEBUG --> Archivo \components\com_jhotelreservation\classes\services\UserDataService.php 
2016-01-02 22:08:52 - DEBUG --> createUserData 
2016-01-02 22:08:52 - DEBUG --> UserData end:  a:0:{} 
2016-01-02 22:08:52 - DEBUG --> Archivo \components\com_jhotelreservation\classes\services\UserDataService.php 
2016-01-02 22:08:52 - DEBUG --> initializeUserData 
2016-01-02 22:08:52 - DEBUG --> UserData first: a:0:{} 
2016-01-02 22:08:52 - DEBUG --> UserData end:  a:0:{} 
2016-01-02 22:08:52 - DEBUG --> Archivo \components\com_jhotelreservation\classes\services\UserDataService.php 
2016-01-02 22:08:52 - DEBUG --> initializeReservationData 
2016-01-02 22:08:52 - DEBUG --> UserData: a:0:{} 
2016-01-02 22:08:52 - DEBUG --> Archivo \components\com_jhotelreservation\classes\services\UserDataService.php 
2016-01-02 22:08:52 - DEBUG --> updateUserData 
2016-01-02 22:08:52 - DEBUG --> Archivo \components\com_jhotelreservation\classes\services\UserDataService.php 
2016-01-02 22:08:52 - DEBUG --> getUserData 
2016-01-02 22:08:52 - DEBUG --> Archivo \components\com_jhotelreservation\classes\services\UserDataService.php 
2016-01-02 22:08:52 - DEBUG --> setCurrency 
2016-01-02 22:08:52 - DEBUG --> Archivo \components\com_jhotelreservation\classes\services\UserDataService.php 
2016-01-02 22:08:52 - DEBUG --> getUserData 
2016-01-02 22:08:52 - DEBUG --> Archivo \components\com_jhotelreservation\classes\services\UserDataService.php 
2016-01-02 22:08:52 - DEBUG --> getUserData 
2016-01-02 22:08:52 - DEBUG --> Archivo \components\com_jhotelreservation\classes\services\UserDataService.php 
2016-01-02 22:08:52 - DEBUG --> getUserData 
2016-01-02 22:08:52 - DEBUG --> Archivo \components\com_jhotelreservationiews\hotel	mpl\hoteloverview.php 
2016-01-02 22:08:52 - DEBUG --> Accedió 
2016-01-02 22:11:12 - DEBUG --> Archivo \components\com_jhotelreservation\classes\services\UserDataService.php 
2016-01-02 22:11:12 - DEBUG --> initializeUserData 
2016-01-02 22:11:12 - DEBUG --> UserData first: a:0:{} 
2016-01-02 22:11:12 - DEBUG --> UserData end:  a:0:{} 
2016-01-02 22:11:12 - DEBUG --> Archivo \components\com_jhotelreservation\classes\services\UserDataService.php 
2016-01-02 22:11:12 - DEBUG --> initializeUserData 
2016-01-02 22:11:12 - DEBUG --> UserData first: a:0:{} 
2016-01-02 22:11:12 - DEBUG --> UserData end:  a:0:{} 
2016-01-02 22:11:12 - DEBUG --> Archivo \components\com_jhotelreservation\classes\services\UserDataService.php 
2016-01-02 22:11:12 - DEBUG --> initializeReservationData 
2016-01-02 22:11:12 - DEBUG --> UserData: a:0:{} 
2016-01-02 22:11:12 - DEBUG --> Archivo \components\com_jhotelreservation\classes\services\UserDataService.php 
2016-01-02 22:11:12 - DEBUG --> updateUserData 
2016-01-02 22:11:12 - DEBUG --> Archivo \components\com_jhotelreservation\classes\services\UserDataService.php 
2016-01-02 22:11:12 - DEBUG --> getUserData 
2016-01-02 22:11:12 - DEBUG --> Archivo \components\com_jhotelreservation\classes\services\UserDataService.php 
2016-01-02 22:11:12 - DEBUG --> setCurrency 
2016-01-02 22:11:12 - DEBUG --> Archivo \components\com_jhotelreservation\classes\services\UserDataService.php 
2016-01-02 22:11:12 - DEBUG --> getUserData 
2016-01-02 22:11:12 - DEBUG --> Archivo \components\com_jhotelreservation\classes\services\UserDataService.php 
2016-01-02 22:11:12 - DEBUG --> getUserData 
2016-01-02 22:11:12 - DEBUG --> Archivo \components\com_jhotelreservation\classes\services\UserDataService.php 
2016-01-02 22:11:12 - DEBUG --> getUserData 
2016-01-02 22:11:12 - DEBUG --> Archivo \components\com_jhotelreservationiews\hotel	mpl\hoteloverview.php 
2016-01-02 22:11:12 - DEBUG --> Accedió 
2016-01-02 22:12:07 - DEBUG --> Archivo \components\com_jhotelreservation\classes\services\UserDataService.php 
2016-01-02 22:12:07 - DEBUG --> initializeUserData 
2016-01-02 22:12:07 - DEBUG --> UserData first: a:0:{} 
2016-01-02 22:12:07 - DEBUG --> Archivo \components\com_jhotelreservation\classes\services\UserDataService.php 
2016-01-02 22:12:07 - DEBUG --> createUserData 
2016-01-02 22:12:07 - DEBUG --> voucher:  
2016-01-02 22:12:07 - DEBUG --> UserData end:  a:0:{} 
2016-01-02 22:12:07 - DEBUG --> Archivo \components\com_jhotelreservation\classes\services\UserDataService.php 
2016-01-02 22:12:07 - DEBUG --> initializeUserData 
2016-01-02 22:12:07 - DEBUG --> UserData first: a:0:{} 
2016-01-02 22:12:07 - DEBUG --> Archivo \components\com_jhotelreservation\classes\services\UserDataService.php 
2016-01-02 22:12:07 - DEBUG --> createUserData 
2016-01-02 22:12:07 - DEBUG --> voucher:  
2016-01-02 22:12:07 - DEBUG --> UserData end:  a:0:{} 
2016-01-02 22:12:07 - DEBUG --> Archivo \components\com_jhotelreservation\classes\services\UserDataService.php 
2016-01-02 22:12:07 - DEBUG --> initializeReservationData 
2016-01-02 22:12:07 - DEBUG --> UserData: a:0:{} 
2016-01-02 22:12:07 - DEBUG --> Archivo \components\com_jhotelreservation\classes\services\UserDataService.php 
2016-01-02 22:12:07 - DEBUG --> initializeUserData 
2016-01-02 22:12:07 - DEBUG --> UserData first: a:0:{} 
2016-01-02 22:12:07 - DEBUG --> UserData end:  a:0:{} 
2016-01-02 22:12:07 - DEBUG --> Archivo \components\com_jhotelreservation\classes\services\UserDataService.php 
2016-01-02 22:12:07 - DEBUG --> initializeUserData 
2016-01-02 22:12:07 - DEBUG --> UserData first: a:0:{} 
2016-01-02 22:12:07 - DEBUG --> UserData end:  a:0:{} 
2016-01-02 22:12:07 - DEBUG --> Archivo \components\com_jhotelreservation\classes\services\UserDataService.php 
2016-01-02 22:12:07 - DEBUG --> initializeReservationData 
2016-01-02 22:12:07 - DEBUG --> UserData: a:0:{} 
2016-01-02 22:12:07 - DEBUG --> Archivo \components\com_jhotelreservation\classes\services\UserDataService.php 
2016-01-02 22:12:07 - DEBUG --> updateUserData 
2016-01-02 22:12:07 - DEBUG --> Archivo \components\com_jhotelreservation\classes\services\UserDataService.php 
2016-01-02 22:12:07 - DEBUG --> getUserData 
2016-01-02 22:12:07 - DEBUG --> Archivo \components\com_jhotelreservation\classes\services\UserDataService.php 
2016-01-02 22:12:07 - DEBUG --> setCurrency 
2016-01-02 22:12:07 - DEBUG --> Archivo \components\com_jhotelreservation\classes\services\UserDataService.php 
2016-01-02 22:12:07 - DEBUG --> getUserData 
2016-01-02 22:12:07 - DEBUG --> Archivo \components\com_jhotelreservation\classes\services\UserDataService.php 
2016-01-02 22:12:07 - DEBUG --> getUserData 
2016-01-02 22:12:07 - DEBUG --> Archivo \components\com_jhotelreservation\classes\services\UserDataService.php 
2016-01-02 22:12:07 - DEBUG --> getUserData 
2016-01-02 22:12:07 - DEBUG --> Archivo \components\com_jhotelreservationiews\hotel	mpl\hoteloverview.php 
2016-01-02 22:12:07 - DEBUG --> Accedió 
2016-01-02 22:14:31 - DEBUG --> Archivo \components\com_jhotelreservation\classes\services\UserDataService.php 
2016-01-02 22:14:31 - DEBUG --> initializeUserData 
2016-01-02 22:14:31 - DEBUG --> UserData first: a:0:{} 
2016-01-02 22:14:31 - DEBUG --> Archivo \components\com_jhotelreservation\classes\services\UserDataService.php 
2016-01-02 22:14:31 - DEBUG --> createUserData 
2016-01-02 22:14:31 - DEBUG --> voucher:  
2016-01-02 22:14:31 - DEBUG --> UserData end:  a:0:{} 
2016-01-02 22:14:31 - DEBUG --> Archivo \components\com_jhotelreservation\classes\services\UserDataService.php 
2016-01-02 22:14:31 - DEBUG --> initializeUserData 
2016-01-02 22:14:31 - DEBUG --> UserData first: a:0:{} 
2016-01-02 22:14:31 - DEBUG --> Archivo \components\com_jhotelreservation\classes\services\UserDataService.php 
2016-01-02 22:14:31 - DEBUG --> createUserData 
2016-01-02 22:14:31 - DEBUG --> voucher:  
2016-01-02 22:14:31 - DEBUG --> UserData end:  a:0:{} 
2016-01-02 22:14:31 - DEBUG --> Archivo \components\com_jhotelreservation\classes\services\UserDataService.php 
2016-01-02 22:14:31 - DEBUG --> initializeReservationData 
2016-01-02 22:14:31 - DEBUG --> UserData: a:0:{} 
2016-01-02 22:14:32 - DEBUG --> Archivo \components\com_jhotelreservation\classes\services\UserDataService.php 
2016-01-02 22:14:32 - DEBUG --> initializeUserData 
2016-01-02 22:14:32 - DEBUG --> UserData first: a:0:{} 
2016-01-02 22:14:32 - DEBUG --> UserData end:  a:0:{} 
2016-01-02 22:14:32 - DEBUG --> Archivo \components\com_jhotelreservation\classes\services\UserDataService.php 
2016-01-02 22:14:32 - DEBUG --> initializeUserData 
2016-01-02 22:14:32 - DEBUG --> UserData first: a:0:{} 
2016-01-02 22:14:32 - DEBUG --> UserData end:  a:0:{} 
2016-01-02 22:14:32 - DEBUG --> Archivo \components\com_jhotelreservation\classes\services\UserDataService.php 
2016-01-02 22:14:32 - DEBUG --> initializeReservationData 
2016-01-02 22:14:32 - DEBUG --> UserData: a:0:{} 
2016-01-02 22:14:32 - DEBUG --> Archivo \components\com_jhotelreservation\classes\services\UserDataService.php 
2016-01-02 22:14:32 - DEBUG --> updateUserData 
2016-01-02 22:14:32 - DEBUG --> Archivo \components\com_jhotelreservation\classes\services\UserDataService.php 
2016-01-02 22:14:32 - DEBUG --> getUserData 
2016-01-02 22:14:32 - DEBUG --> Archivo \components\com_jhotelreservation\classes\services\UserDataService.php 
2016-01-02 22:14:32 - DEBUG --> setCurrency 
2016-01-02 22:14:32 - DEBUG --> Archivo \components\com_jhotelreservation\classes\services\UserDataService.php 
2016-01-02 22:14:32 - DEBUG --> getUserData 
2016-01-02 22:14:32 - DEBUG --> Archivo \components\com_jhotelreservation\classes\services\UserDataService.php 
2016-01-02 22:14:32 - DEBUG --> getUserData 
2016-01-02 22:14:32 - DEBUG --> Archivo \components\com_jhotelreservation\classes\services\UserDataService.php 
2016-01-02 22:14:32 - DEBUG --> getUserData 
2016-01-02 22:14:32 - DEBUG --> Archivo \components\com_jhotelreservationiews\hotel	mpl\hoteloverview.php 
2016-01-02 22:14:32 - DEBUG --> Accedió 
2016-01-02 22:25:36 - DEBUG --> Archivo \components\com_jhotelreservation\classes\services\UserDataService.php 
2016-01-02 22:25:36 - DEBUG --> initializeUserData 
2016-01-02 22:25:36 - DEBUG --> UserData first: N; 
2016-01-02 22:25:36 - DEBUG --> Archivo \components\com_jhotelreservation\classes\services\UserDataService.php 
2016-01-02 22:25:36 - DEBUG --> createUserData 
2016-01-02 22:25:36 - DEBUG --> UserData end:  a:0:{} 
