2015-09-22 1:48:28 - DEBUG --> Archivo \components\com_jhotelreservation\classes\services\UserDataService.php 
2015-09-22 1:48:28 - DEBUG --> initializeUserData 
2015-09-22 1:48:28 - DEBUG --> UserData first: N; 
2015-09-22 1:48:28 - DEBUG --> Archivo \components\com_jhotelreservation\classes\services\UserDataService.php 
2015-09-22 1:48:28 - DEBUG --> createUserData 
2015-09-22 1:48:28 - DEBUG --> UserData end:  a:0:{} 
2015-09-22 1:48:28 - DEBUG --> Archivo \components\com_jhotelreservation\classes\services\UserDataService.php 
2015-09-22 1:48:28 - DEBUG --> initializeUserData 
2015-09-22 1:48:28 - DEBUG --> UserData first: a:0:{} 
2015-09-22 1:48:28 - DEBUG --> UserData end:  a:0:{} 
2015-09-22 1:48:28 - DEBUG --> Archivo \components\com_jhotelreservation\classes\services\UserDataService.php 
2015-09-22 1:48:28 - DEBUG --> initializeReservationData 
2015-09-22 1:48:28 - DEBUG --> UserData: a:0:{} 
2015-09-22 1:48:28 - DEBUG --> Archivo \components\com_jhotelreservation\classes\services\UserDataService.php 
2015-09-22 1:48:28 - DEBUG --> updateUserData 
2015-09-22 1:48:28 - DEBUG --> Archivo \components\com_jhotelreservation\classes\services\UserDataService.php 
2015-09-22 1:48:28 - DEBUG --> getUserData 
2015-09-22 1:48:28 - DEBUG --> Archivo \components\com_jhotelreservation\classes\services\UserDataService.php 
2015-09-22 1:48:28 - DEBUG --> setCurrency 
2015-09-22 1:48:28 - DEBUG --> Archivo \components\com_jhotelreservation\classes\services\UserDataService.php 
2015-09-22 1:48:28 - DEBUG --> getUserData 
2015-09-22 1:48:28 - DEBUG --> Archivo \components\com_jhotelreservation\classes\services\UserDataService.php 
2015-09-22 1:48:28 - DEBUG --> getUserData 
2015-09-22 1:48:28 - DEBUG --> Archivo \components\com_jhotelreservation\classes\services\UserDataService.php 
2015-09-22 1:48:28 - DEBUG --> getUserData 
2015-09-22 3:15:47 - DEBUG --> Archivo \components\com_jhotelreservation\classes\services\UserDataService.php 
2015-09-22 3:15:47 - DEBUG --> initializeUserData 
2015-09-22 3:15:47 - DEBUG --> UserData first: N; 
2015-09-22 3:15:47 - DEBUG --> Archivo \components\com_jhotelreservation\classes\services\UserDataService.php 
2015-09-22 3:15:47 - DEBUG --> createUserData 
2015-09-22 3:15:47 - DEBUG --> UserData end:  a:0:{} 
2015-09-22 3:15:47 - DEBUG --> Archivo \components\com_jhotelreservation\classes\services\UserDataService.php 
2015-09-22 3:15:47 - DEBUG --> initializeUserData 
2015-09-22 3:15:47 - DEBUG --> UserData first: a:0:{} 
2015-09-22 3:15:47 - DEBUG --> UserData end:  a:0:{} 
2015-09-22 3:15:47 - DEBUG --> Archivo \components\com_jhotelreservation\classes\services\UserDataService.php 
2015-09-22 3:15:47 - DEBUG --> initializeReservationData 
2015-09-22 3:15:47 - DEBUG --> UserData: a:0:{} 
2015-09-22 3:15:47 - DEBUG --> Archivo \components\com_jhotelreservation\classes\services\UserDataService.php 
2015-09-22 3:15:47 - DEBUG --> updateUserData 
2015-09-22 3:15:47 - DEBUG --> Archivo \components\com_jhotelreservation\classes\services\UserDataService.php 
2015-09-22 3:15:47 - DEBUG --> getUserData 
2015-09-22 3:15:47 - DEBUG --> Archivo \components\com_jhotelreservation\classes\services\UserDataService.php 
2015-09-22 3:15:47 - DEBUG --> setCurrency 
2015-09-22 3:15:47 - DEBUG --> Archivo \components\com_jhotelreservation\classes\services\UserDataService.php 
2015-09-22 3:15:47 - DEBUG --> getUserData 
2015-09-22 3:15:47 - DEBUG --> Archivo \components\com_jhotelreservation\classes\services\UserDataService.php 
2015-09-22 3:15:47 - DEBUG --> getUserData 
2015-09-22 3:15:47 - DEBUG --> Archivo \components\com_jhotelreservation\classes\services\UserDataService.php 
2015-09-22 3:15:47 - DEBUG --> getUserData 
2015-09-22 3:15:47 - DEBUG --> Archivo \components\com_jhotelreservationiews\hotel	mpl\hoteloverview.php 
2015-09-22 3:15:47 - DEBUG --> Accedió 
2015-09-22 3:16:17 - DEBUG --> Archivo \components\com_jhotelreservation\classes\services\UserDataService.php 
2015-09-22 3:16:17 - DEBUG --> initializeUserData 
2015-09-22 3:16:17 - DEBUG --> UserData first: N; 
2015-09-22 3:16:17 - DEBUG --> Archivo \components\com_jhotelreservation\classes\services\UserDataService.php 
2015-09-22 3:16:17 - DEBUG --> createUserData 
2015-09-22 3:16:17 - DEBUG --> UserData end:  a:0:{} 
2015-09-22 3:16:17 - DEBUG --> Archivo \components\com_jhotelreservation\classes\services\UserDataService.php 
2015-09-22 3:16:17 - DEBUG --> initializeUserData 
2015-09-22 3:16:17 - DEBUG --> UserData first: a:0:{} 
2015-09-22 3:16:17 - DEBUG --> UserData end:  a:0:{} 
2015-09-22 3:16:17 - DEBUG --> Archivo \components\com_jhotelreservation\classes\services\UserDataService.php 
2015-09-22 3:16:17 - DEBUG --> initializeReservationData 
2015-09-22 3:16:17 - DEBUG --> UserData: a:0:{} 
2015-09-22 3:16:17 - DEBUG --> Archivo \components\com_jhotelreservation\classes\services\UserDataService.php 
2015-09-22 3:16:17 - DEBUG --> updateUserData 
2015-09-22 3:16:17 - DEBUG --> Archivo \components\com_jhotelreservation\classes\services\UserDataService.php 
2015-09-22 3:16:17 - DEBUG --> getUserData 
2015-09-22 3:16:17 - DEBUG --> Archivo \components\com_jhotelreservation\classes\services\UserDataService.php 
2015-09-22 3:16:17 - DEBUG --> setCurrency 
2015-09-22 3:16:17 - DEBUG --> Archivo \components\com_jhotelreservation\classes\services\UserDataService.php 
2015-09-22 3:16:17 - DEBUG --> getUserData 
2015-09-22 3:16:17 - DEBUG --> Archivo \components\com_jhotelreservation\classes\services\UserDataService.php 
2015-09-22 3:16:17 - DEBUG --> getUserData 
2015-09-22 3:16:17 - DEBUG --> Archivo \components\com_jhotelreservation\classes\services\UserDataService.php 
2015-09-22 3:16:17 - DEBUG --> getUserData 
2015-09-22 3:16:17 - DEBUG --> Archivo \components\com_jhotelreservationiews\hotel	mpl\hoteloverview.php 
2015-09-22 3:16:17 - DEBUG --> Accedió 
2015-09-22 5:23:56 - DEBUG --> Archivo \components\com_jhotelreservation\classes\services\UserDataService.php 
2015-09-22 5:23:56 - DEBUG --> initializeUserData 
2015-09-22 5:23:56 - DEBUG --> UserData first: N; 
2015-09-22 5:23:56 - DEBUG --> Archivo \components\com_jhotelreservation\classes\services\UserDataService.php 
2015-09-22 5:23:56 - DEBUG --> createUserData 
2015-09-22 5:23:56 - DEBUG --> UserData end:  a:0:{} 
2015-09-22 5:23:56 - DEBUG --> Archivo \components\com_jhotelreservation\classes\services\UserDataService.php 
2015-09-22 5:23:56 - DEBUG --> initializeUserData 
2015-09-22 5:23:56 - DEBUG --> UserData first: a:0:{} 
2015-09-22 5:23:56 - DEBUG --> UserData end:  a:0:{} 
2015-09-22 5:23:56 - DEBUG --> Archivo \components\com_jhotelreservation\classes\services\UserDataService.php 
2015-09-22 5:23:56 - DEBUG --> initializeReservationData 
2015-09-22 5:23:56 - DEBUG --> UserData: a:0:{} 
2015-09-22 5:23:56 - DEBUG --> Archivo \components\com_jhotelreservation\classes\services\UserDataService.php 
2015-09-22 5:23:56 - DEBUG --> updateUserData 
2015-09-22 5:23:56 - DEBUG --> Archivo \components\com_jhotelreservation\classes\services\UserDataService.php 
2015-09-22 5:23:56 - DEBUG --> getUserData 
2015-09-22 5:23:56 - DEBUG --> Archivo \components\com_jhotelreservation\classes\services\UserDataService.php 
2015-09-22 5:23:56 - DEBUG --> setCurrency 
2015-09-22 5:23:56 - DEBUG --> Archivo \components\com_jhotelreservation\classes\services\UserDataService.php 
2015-09-22 5:23:56 - DEBUG --> getUserData 
2015-09-22 5:23:56 - DEBUG --> Archivo \components\com_jhotelreservation\classes\services\UserDataService.php 
2015-09-22 5:23:56 - DEBUG --> getUserData 
2015-09-22 5:23:56 - DEBUG --> Archivo \components\com_jhotelreservation\classes\services\UserDataService.php 
2015-09-22 5:23:56 - DEBUG --> getUserData 
2015-09-22 16:14:28 - DEBUG --> Archivo \components\com_jhotelreservation\classes\services\UserDataService.php 
2015-09-22 16:14:28 - DEBUG --> initializeUserData 
2015-09-22 16:14:28 - DEBUG --> UserData first: N; 
2015-09-22 16:14:28 - DEBUG --> Archivo \components\com_jhotelreservation\classes\services\UserDataService.php 
2015-09-22 16:14:28 - DEBUG --> createUserData 
2015-09-22 16:14:28 - DEBUG --> UserData end:  a:0:{} 
2015-09-22 16:14:28 - DEBUG --> Archivo \components\com_jhotelreservation\classes\services\UserDataService.php 
2015-09-22 16:14:28 - DEBUG --> initializeUserData 
2015-09-22 16:14:28 - DEBUG --> UserData first: a:0:{} 
2015-09-22 16:14:28 - DEBUG --> UserData end:  a:0:{} 
2015-09-22 16:14:28 - DEBUG --> Archivo \components\com_jhotelreservation\classes\services\UserDataService.php 
2015-09-22 16:14:28 - DEBUG --> initializeReservationData 
2015-09-22 16:14:28 - DEBUG --> UserData: a:0:{} 
2015-09-22 16:14:28 - DEBUG --> Archivo \components\com_jhotelreservation\classes\services\UserDataService.php 
2015-09-22 16:14:28 - DEBUG --> updateUserData 
2015-09-22 16:14:28 - DEBUG --> Archivo \components\com_jhotelreservation\classes\services\UserDataService.php 
2015-09-22 16:14:28 - DEBUG --> getUserData 
2015-09-22 16:14:28 - DEBUG --> Archivo \components\com_jhotelreservation\classes\services\UserDataService.php 
2015-09-22 16:14:28 - DEBUG --> setCurrency 
2015-09-22 16:14:28 - DEBUG --> Archivo \components\com_jhotelreservation\classes\services\UserDataService.php 
2015-09-22 16:14:28 - DEBUG --> getUserData 
2015-09-22 16:14:28 - DEBUG --> Archivo \components\com_jhotelreservation\classes\services\UserDataService.php 
2015-09-22 16:14:28 - DEBUG --> getUserData 
2015-09-22 16:14:28 - DEBUG --> Archivo \components\com_jhotelreservation\classes\services\UserDataService.php 
2015-09-22 16:14:28 - DEBUG --> getUserData 
2015-09-22 21:19:11 - DEBUG --> Archivo \components\com_jhotelreservation\classes\services\UserDataService.php 
2015-09-22 21:19:11 - DEBUG --> initializeUserData 
2015-09-22 21:19:11 - DEBUG --> UserData first: N; 
2015-09-22 21:19:11 - DEBUG --> Archivo \components\com_jhotelreservation\classes\services\UserDataService.php 
2015-09-22 21:19:11 - DEBUG --> createUserData 
2015-09-22 21:19:11 - DEBUG --> UserData end:  a:0:{} 
2015-09-22 21:19:11 - DEBUG --> Archivo \components\com_jhotelreservation\classes\services\UserDataService.php 
2015-09-22 21:19:11 - DEBUG --> initializeUserData 
2015-09-22 21:19:11 - DEBUG --> UserData first: a:0:{} 
2015-09-22 21:19:11 - DEBUG --> UserData end:  a:0:{} 
2015-09-22 21:19:11 - DEBUG --> Archivo \components\com_jhotelreservation\classes\services\UserDataService.php 
2015-09-22 21:19:11 - DEBUG --> initializeReservationData 
2015-09-22 21:19:11 - DEBUG --> UserData: a:0:{} 
2015-09-22 21:19:11 - DEBUG --> Archivo \components\com_jhotelreservation\classes\services\UserDataService.php 
2015-09-22 21:19:11 - DEBUG --> updateUserData 
2015-09-22 21:19:11 - DEBUG --> Archivo \components\com_jhotelreservation\classes\services\UserDataService.php 
2015-09-22 21:19:11 - DEBUG --> getUserData 
2015-09-22 21:19:11 - DEBUG --> Archivo \components\com_jhotelreservation\classes\services\UserDataService.php 
2015-09-22 21:19:11 - DEBUG --> setCurrency 
2015-09-22 21:19:11 - DEBUG --> Archivo \components\com_jhotelreservation\classes\services\UserDataService.php 
2015-09-22 21:19:11 - DEBUG --> getUserData 
2015-09-22 21:19:11 - DEBUG --> Archivo \components\com_jhotelreservation\classes\services\UserDataService.php 
2015-09-22 21:19:11 - DEBUG --> getUserData 
2015-09-22 21:19:11 - DEBUG --> Archivo \components\com_jhotelreservation\classes\services\UserDataService.php 
2015-09-22 21:19:11 - DEBUG --> getUserData 
2015-09-22 21:19:11 - DEBUG --> Archivo \components\com_jhotelreservationiews\hotel	mpl\hoteloverview.php 
2015-09-22 21:19:11 - DEBUG --> Accedió 
2015-09-22 21:19:29 - DEBUG --> Archivo \components\com_jhotelreservation\classes\services\UserDataService.php 
2015-09-22 21:19:29 - DEBUG --> initializeUserData 
2015-09-22 21:19:29 - DEBUG --> UserData first: a:0:{} 
2015-09-22 21:19:29 - DEBUG --> UserData end:  a:0:{} 
2015-09-22 21:19:29 - DEBUG --> Archivo \components\com_jhotelreservation\classes\services\UserDataService.php 
2015-09-22 21:19:29 - DEBUG --> reserveRoom hotelId= 27, reservedItem = 0|34, current = 1 
2015-09-22 21:19:29 - DEBUG --> Reserved items: a:1:{i:0;s:6:"0|34|1";} 
2015-09-22 21:19:29 - DEBUG --> Archivo \components\com_jhotelreservation\classes\services\UserDataService.php 
2015-09-22 21:19:29 - DEBUG --> initializeUserData 
2015-09-22 21:19:29 - DEBUG --> UserData first: a:0:{} 
2015-09-22 21:19:29 - DEBUG --> UserData end:  a:0:{} 
2015-09-22 21:19:29 - DEBUG --> Archivo \components\com_jhotelreservation\classes\services\UserDataService.php 
2015-09-22 21:19:29 - DEBUG --> getUserData 
2015-09-22 21:19:29 - DEBUG --> Archivo \components\com_jhotelreservation\classes\services\UserDataService.php 
2015-09-22 21:19:29 - DEBUG --> getUserData 
2015-09-22 21:19:29 - DEBUG --> Archivo \components\com_jhotelreservation\classes\services\UserDataService.php 
2015-09-22 21:19:29 - DEBUG --> initializeUserData 
2015-09-22 21:19:29 - DEBUG --> UserData first: a:1:{i:0;s:6:"0|34|1";} 
2015-09-22 21:19:29 - DEBUG --> UserData end:  a:1:{i:0;s:6:"0|34|1";} 
2015-09-22 21:19:29 - DEBUG --> Archivo \components\com_jhotelreservation\classes\services\UserDataService.php 
2015-09-22 21:19:29 - DEBUG --> getUserData 
2015-09-22 21:19:29 - DEBUG --> Archivo \components\com_jhotelreservation\classes\services\UserDataService.php 
2015-09-22 21:19:29 - DEBUG --> getUserData 
2015-09-22 21:19:29 - DEBUG --> Archivo \components\com_jhotelreservation\classes\services\UserDataService.php 
2015-09-22 21:19:29 - DEBUG --> getUserData 
2015-09-22 22:53:49 - DEBUG --> Archivo \components\com_jhotelreservation\classes\services\UserDataService.php 
2015-09-22 22:53:49 - DEBUG --> initializeUserData 
2015-09-22 22:53:49 - DEBUG --> UserData first: N; 
2015-09-22 22:53:49 - DEBUG --> Archivo \components\com_jhotelreservation\classes\services\UserDataService.php 
2015-09-22 22:53:49 - DEBUG --> createUserData 
2015-09-22 22:53:49 - DEBUG --> UserData end:  a:0:{} 
2015-09-22 22:53:49 - DEBUG --> Archivo \components\com_jhotelreservation\classes\services\UserDataService.php 
2015-09-22 22:53:49 - DEBUG --> initializeUserData 
2015-09-22 22:53:49 - DEBUG --> UserData first: a:0:{} 
2015-09-22 22:53:49 - DEBUG --> UserData end:  a:0:{} 
2015-09-22 22:53:49 - DEBUG --> Archivo \components\com_jhotelreservation\classes\services\UserDataService.php 
2015-09-22 22:53:49 - DEBUG --> initializeReservationData 
2015-09-22 22:53:49 - DEBUG --> UserData: a:0:{} 
2015-09-22 22:53:49 - DEBUG --> Archivo \components\com_jhotelreservation\classes\services\UserDataService.php 
2015-09-22 22:53:49 - DEBUG --> updateUserData 
2015-09-22 22:53:49 - DEBUG --> Archivo \components\com_jhotelreservation\classes\services\UserDataService.php 
2015-09-22 22:53:49 - DEBUG --> getUserData 
2015-09-22 22:53:49 - DEBUG --> Archivo \components\com_jhotelreservation\classes\services\UserDataService.php 
2015-09-22 22:53:49 - DEBUG --> setCurrency 
2015-09-22 22:53:49 - DEBUG --> Archivo \components\com_jhotelreservation\classes\services\UserDataService.php 
2015-09-22 22:53:49 - DEBUG --> getUserData 
2015-09-22 22:53:49 - DEBUG --> Archivo \components\com_jhotelreservation\classes\services\UserDataService.php 
2015-09-22 22:53:49 - DEBUG --> getUserData 
2015-09-22 22:53:49 - DEBUG --> Archivo \components\com_jhotelreservation\classes\services\UserDataService.php 
2015-09-22 22:53:49 - DEBUG --> getUserData 
2015-09-22 22:53:49 - DEBUG --> Archivo \components\com_jhotelreservationiews\hotel	mpl\hoteloverview.php 
2015-09-22 22:53:49 - DEBUG --> Accedió 
2015-09-22 22:53:55 - DEBUG --> Archivo \components\com_jhotelreservation\classes\services\UserDataService.php 
2015-09-22 22:53:55 - DEBUG --> initializeUserData 
2015-09-22 22:53:55 - DEBUG --> UserData first: N; 
2015-09-22 22:53:55 - DEBUG --> Archivo \components\com_jhotelreservation\classes\services\UserDataService.php 
2015-09-22 22:53:55 - DEBUG --> createUserData 
2015-09-22 22:53:55 - DEBUG --> UserData end:  a:0:{} 
2015-09-22 22:53:55 - DEBUG --> Archivo \components\com_jhotelreservation\classes\services\UserDataService.php 
2015-09-22 22:53:55 - DEBUG --> initializeUserData 
2015-09-22 22:53:55 - DEBUG --> UserData first: a:0:{} 
2015-09-22 22:53:55 - DEBUG --> UserData end:  a:0:{} 
2015-09-22 22:53:55 - DEBUG --> Archivo \components\com_jhotelreservation\classes\services\UserDataService.php 
2015-09-22 22:53:55 - DEBUG --> initializeReservationData 
2015-09-22 22:53:55 - DEBUG --> UserData: a:0:{} 
2015-09-22 22:53:55 - DEBUG --> Archivo \components\com_jhotelreservation\classes\services\UserDataService.php 
2015-09-22 22:53:55 - DEBUG --> updateUserData 
2015-09-22 22:53:55 - DEBUG --> Archivo \components\com_jhotelreservation\classes\services\UserDataService.php 
2015-09-22 22:53:55 - DEBUG --> getUserData 
2015-09-22 22:53:55 - DEBUG --> Archivo \components\com_jhotelreservation\classes\services\UserDataService.php 
2015-09-22 22:53:55 - DEBUG --> setCurrency 
2015-09-22 22:53:55 - DEBUG --> Archivo \components\com_jhotelreservation\classes\services\UserDataService.php 
2015-09-22 22:53:55 - DEBUG --> getUserData 
2015-09-22 22:53:55 - DEBUG --> Archivo \components\com_jhotelreservation\classes\services\UserDataService.php 
2015-09-22 22:53:55 - DEBUG --> getUserData 
2015-09-22 22:53:55 - DEBUG --> Archivo \components\com_jhotelreservation\classes\services\UserDataService.php 
2015-09-22 22:53:55 - DEBUG --> getUserData 
2015-09-22 22:53:55 - DEBUG --> Archivo \components\com_jhotelreservationiews\hotel	mpl\hoteloverview.php 
2015-09-22 22:53:55 - DEBUG --> Accedió 
2015-09-22 22:54:01 - DEBUG --> Archivo \components\com_jhotelreservation\classes\services\UserDataService.php 
2015-09-22 22:54:01 - DEBUG --> initializeUserData 
2015-09-22 22:54:01 - DEBUG --> UserData first: N; 
2015-09-22 22:54:01 - DEBUG --> Archivo \components\com_jhotelreservation\classes\services\UserDataService.php 
2015-09-22 22:54:01 - DEBUG --> createUserData 
2015-09-22 22:54:01 - DEBUG --> UserData end:  a:0:{} 
2015-09-22 22:54:01 - DEBUG --> Archivo \components\com_jhotelreservation\classes\services\UserDataService.php 
2015-09-22 22:54:01 - DEBUG --> initializeUserData 
2015-09-22 22:54:01 - DEBUG --> UserData first: a:0:{} 
2015-09-22 22:54:01 - DEBUG --> UserData end:  a:0:{} 
2015-09-22 22:54:01 - DEBUG --> Archivo \components\com_jhotelreservation\classes\services\UserDataService.php 
2015-09-22 22:54:01 - DEBUG --> initializeReservationData 
2015-09-22 22:54:01 - DEBUG --> UserData: a:0:{} 
2015-09-22 22:54:01 - DEBUG --> Archivo \components\com_jhotelreservation\classes\services\UserDataService.php 
2015-09-22 22:54:01 - DEBUG --> updateUserData 
2015-09-22 22:54:01 - DEBUG --> Archivo \components\com_jhotelreservation\classes\services\UserDataService.php 
2015-09-22 22:54:01 - DEBUG --> getUserData 
2015-09-22 22:54:01 - DEBUG --> Archivo \components\com_jhotelreservation\classes\services\UserDataService.php 
2015-09-22 22:54:01 - DEBUG --> setCurrency 
2015-09-22 22:54:01 - DEBUG --> Archivo \components\com_jhotelreservation\classes\services\UserDataService.php 
2015-09-22 22:54:01 - DEBUG --> getUserData 
2015-09-22 22:54:01 - DEBUG --> Archivo \components\com_jhotelreservation\classes\services\UserDataService.php 
2015-09-22 22:54:01 - DEBUG --> getUserData 
2015-09-22 22:54:01 - DEBUG --> Archivo \components\com_jhotelreservation\classes\services\UserDataService.php 
2015-09-22 22:54:01 - DEBUG --> getUserData 
2015-09-22 22:54:01 - DEBUG --> Archivo \components\com_jhotelreservationiews\hotel	mpl\hoteloverview.php 
2015-09-22 22:54:01 - DEBUG --> Accedió 
