2015-10-14 0:28:22 - DEBUG --> Archivo \components\com_jhotelreservation\classes\services\UserDataService.php 
2015-10-14 0:28:22 - DEBUG --> initializeUserData 
2015-10-14 0:28:22 - DEBUG --> UserData first: N; 
2015-10-14 0:28:22 - DEBUG --> Archivo \components\com_jhotelreservation\classes\services\UserDataService.php 
2015-10-14 0:28:22 - DEBUG --> createUserData 
2015-10-14 0:28:22 - DEBUG --> UserData end:  a:0:{} 
2015-10-14 0:28:22 - DEBUG --> Archivo \components\com_jhotelreservation\classes\services\UserDataService.php 
2015-10-14 0:28:22 - DEBUG --> initializeUserData 
2015-10-14 0:28:22 - DEBUG --> UserData first: a:0:{} 
2015-10-14 0:28:22 - DEBUG --> UserData end:  a:0:{} 
2015-10-14 0:28:22 - DEBUG --> Archivo \components\com_jhotelreservation\classes\services\UserDataService.php 
2015-10-14 0:28:22 - DEBUG --> initializeReservationData 
2015-10-14 0:28:22 - DEBUG --> UserData: a:0:{} 
2015-10-14 0:28:22 - DEBUG --> Archivo \components\com_jhotelreservation\classes\services\UserDataService.php 
2015-10-14 0:28:22 - DEBUG --> updateUserData 
2015-10-14 0:28:22 - DEBUG --> Archivo \components\com_jhotelreservation\classes\services\UserDataService.php 
2015-10-14 0:28:22 - DEBUG --> getUserData 
2015-10-14 0:28:22 - DEBUG --> Archivo \components\com_jhotelreservation\classes\services\UserDataService.php 
2015-10-14 0:28:22 - DEBUG --> setCurrency 
2015-10-14 0:28:22 - DEBUG --> Archivo \components\com_jhotelreservation\classes\services\UserDataService.php 
2015-10-14 0:28:22 - DEBUG --> getUserData 
2015-10-14 0:28:22 - DEBUG --> Archivo \components\com_jhotelreservation\classes\services\UserDataService.php 
2015-10-14 0:28:22 - DEBUG --> getUserData 
2015-10-14 0:28:22 - DEBUG --> Archivo \components\com_jhotelreservation\classes\services\UserDataService.php 
2015-10-14 0:28:22 - DEBUG --> getUserData 
2015-10-14 2:22:21 - DEBUG --> Archivo \components\com_jhotelreservation\classes\services\UserDataService.php 
2015-10-14 2:22:21 - DEBUG --> initializeUserData 
2015-10-14 2:22:21 - DEBUG --> UserData first: N; 
2015-10-14 2:22:21 - DEBUG --> Archivo \components\com_jhotelreservation\classes\services\UserDataService.php 
2015-10-14 2:22:21 - DEBUG --> createUserData 
2015-10-14 2:22:21 - DEBUG --> UserData end:  a:0:{} 
2015-10-14 2:22:21 - DEBUG --> Archivo \components\com_jhotelreservation\classes\services\UserDataService.php 
2015-10-14 2:22:21 - DEBUG --> initializeUserData 
2015-10-14 2:22:21 - DEBUG --> UserData first: a:0:{} 
2015-10-14 2:22:21 - DEBUG --> UserData end:  a:0:{} 
2015-10-14 2:22:21 - DEBUG --> Archivo \components\com_jhotelreservation\classes\services\UserDataService.php 
2015-10-14 2:22:21 - DEBUG --> initializeReservationData 
2015-10-14 2:22:21 - DEBUG --> UserData: a:0:{} 
2015-10-14 2:22:21 - DEBUG --> Archivo \components\com_jhotelreservation\classes\services\UserDataService.php 
2015-10-14 2:22:21 - DEBUG --> updateUserData 
2015-10-14 2:22:21 - DEBUG --> Archivo \components\com_jhotelreservation\classes\services\UserDataService.php 
2015-10-14 2:22:21 - DEBUG --> getUserData 
2015-10-14 2:22:21 - DEBUG --> Archivo \components\com_jhotelreservation\classes\services\UserDataService.php 
2015-10-14 2:22:21 - DEBUG --> setCurrency 
2015-10-14 2:22:21 - DEBUG --> Archivo \components\com_jhotelreservation\classes\services\UserDataService.php 
2015-10-14 2:22:21 - DEBUG --> getUserData 
2015-10-14 2:22:21 - DEBUG --> Archivo \components\com_jhotelreservation\classes\services\UserDataService.php 
2015-10-14 2:22:21 - DEBUG --> getUserData 
2015-10-14 2:22:21 - DEBUG --> Archivo \components\com_jhotelreservation\classes\services\UserDataService.php 
2015-10-14 2:22:21 - DEBUG --> getUserData 
2015-10-14 5:08:22 - DEBUG --> Archivo \components\com_jhotelreservation\classes\services\UserDataService.php 
2015-10-14 5:08:22 - DEBUG --> initializeUserData 
2015-10-14 5:08:22 - DEBUG --> UserData first: N; 
2015-10-14 5:08:22 - DEBUG --> Archivo \components\com_jhotelreservation\classes\services\UserDataService.php 
2015-10-14 5:08:22 - DEBUG --> createUserData 
2015-10-14 5:08:22 - DEBUG --> UserData end:  a:0:{} 
2015-10-14 5:08:22 - DEBUG --> Archivo \components\com_jhotelreservation\classes\services\UserDataService.php 
2015-10-14 5:08:22 - DEBUG --> initializeUserData 
2015-10-14 5:08:22 - DEBUG --> UserData first: a:0:{} 
2015-10-14 5:08:22 - DEBUG --> UserData end:  a:0:{} 
2015-10-14 5:08:22 - DEBUG --> Archivo \components\com_jhotelreservation\classes\services\UserDataService.php 
2015-10-14 5:08:22 - DEBUG --> initializeReservationData 
2015-10-14 5:08:22 - DEBUG --> UserData: a:0:{} 
2015-10-14 5:08:22 - DEBUG --> Archivo \components\com_jhotelreservation\classes\services\UserDataService.php 
2015-10-14 5:08:22 - DEBUG --> updateUserData 
2015-10-14 5:08:22 - DEBUG --> Archivo \components\com_jhotelreservation\classes\services\UserDataService.php 
2015-10-14 5:08:22 - DEBUG --> getUserData 
2015-10-14 5:08:22 - DEBUG --> Archivo \components\com_jhotelreservation\classes\services\UserDataService.php 
2015-10-14 5:08:22 - DEBUG --> setCurrency 
2015-10-14 5:08:22 - DEBUG --> Archivo \components\com_jhotelreservation\classes\services\UserDataService.php 
2015-10-14 5:08:22 - DEBUG --> getUserData 
2015-10-14 5:08:22 - DEBUG --> Archivo \components\com_jhotelreservation\classes\services\UserDataService.php 
2015-10-14 5:08:22 - DEBUG --> getUserData 
2015-10-14 5:08:22 - DEBUG --> Archivo \components\com_jhotelreservation\classes\services\UserDataService.php 
2015-10-14 5:08:22 - DEBUG --> getUserData 
2015-10-14 5:46:45 - DEBUG --> Archivo \components\com_jhotelreservation\classes\services\UserDataService.php 
2015-10-14 5:46:45 - DEBUG --> initializeUserData 
2015-10-14 5:46:45 - DEBUG --> UserData first: N; 
2015-10-14 5:46:45 - DEBUG --> Archivo \components\com_jhotelreservation\classes\services\UserDataService.php 
2015-10-14 5:46:45 - DEBUG --> createUserData 
2015-10-14 5:46:45 - DEBUG --> UserData end:  a:0:{} 
2015-10-14 5:46:45 - DEBUG --> Archivo \components\com_jhotelreservation\classes\services\UserDataService.php 
2015-10-14 5:46:45 - DEBUG --> initializeUserData 
2015-10-14 5:46:45 - DEBUG --> UserData first: a:0:{} 
2015-10-14 5:46:45 - DEBUG --> UserData end:  a:0:{} 
2015-10-14 5:46:45 - DEBUG --> Archivo \components\com_jhotelreservation\classes\services\UserDataService.php 
2015-10-14 5:46:45 - DEBUG --> initializeReservationData 
2015-10-14 5:46:45 - DEBUG --> UserData: a:0:{} 
2015-10-14 5:46:45 - DEBUG --> Archivo \components\com_jhotelreservation\classes\services\UserDataService.php 
2015-10-14 5:46:45 - DEBUG --> updateUserData 
2015-10-14 5:46:45 - DEBUG --> Archivo \components\com_jhotelreservation\classes\services\UserDataService.php 
2015-10-14 5:46:45 - DEBUG --> getUserData 
2015-10-14 5:46:45 - DEBUG --> Archivo \components\com_jhotelreservation\classes\services\UserDataService.php 
2015-10-14 5:46:45 - DEBUG --> setCurrency 
2015-10-14 5:46:45 - DEBUG --> Archivo \components\com_jhotelreservation\classes\services\UserDataService.php 
2015-10-14 5:46:45 - DEBUG --> getUserData 
2015-10-14 5:46:45 - DEBUG --> Archivo \components\com_jhotelreservation\classes\services\UserDataService.php 
2015-10-14 5:46:45 - DEBUG --> getUserData 
2015-10-14 5:46:45 - DEBUG --> Archivo \components\com_jhotelreservation\classes\services\UserDataService.php 
2015-10-14 5:46:45 - DEBUG --> getUserData 
2015-10-14 5:46:45 - DEBUG --> Archivo \components\com_jhotelreservationiews\hotel	mpl\hoteloverview.php 
2015-10-14 5:46:45 - DEBUG --> Accedió 
2015-10-14 5:46:48 - DEBUG --> Archivo \components\com_jhotelreservation\classes\services\UserDataService.php 
2015-10-14 5:46:48 - DEBUG --> initializeUserData 
2015-10-14 5:46:48 - DEBUG --> UserData first: N; 
2015-10-14 5:46:48 - DEBUG --> Archivo \components\com_jhotelreservation\classes\services\UserDataService.php 
2015-10-14 5:46:48 - DEBUG --> createUserData 
2015-10-14 5:46:48 - DEBUG --> UserData end:  a:0:{} 
2015-10-14 5:46:48 - DEBUG --> Archivo \components\com_jhotelreservation\classes\services\UserDataService.php 
2015-10-14 5:46:48 - DEBUG --> initializeUserData 
2015-10-14 5:46:48 - DEBUG --> UserData first: a:0:{} 
2015-10-14 5:46:48 - DEBUG --> UserData end:  a:0:{} 
2015-10-14 5:46:48 - DEBUG --> Archivo \components\com_jhotelreservation\classes\services\UserDataService.php 
2015-10-14 5:46:48 - DEBUG --> initializeReservationData 
2015-10-14 5:46:48 - DEBUG --> UserData: a:0:{} 
2015-10-14 5:46:48 - DEBUG --> Archivo \components\com_jhotelreservation\classes\services\UserDataService.php 
2015-10-14 5:46:48 - DEBUG --> updateUserData 
2015-10-14 5:46:48 - DEBUG --> Archivo \components\com_jhotelreservation\classes\services\UserDataService.php 
2015-10-14 5:46:48 - DEBUG --> getUserData 
2015-10-14 5:46:48 - DEBUG --> Archivo \components\com_jhotelreservation\classes\services\UserDataService.php 
2015-10-14 5:46:48 - DEBUG --> setCurrency 
2015-10-14 5:46:48 - DEBUG --> Archivo \components\com_jhotelreservation\classes\services\UserDataService.php 
2015-10-14 5:46:48 - DEBUG --> getUserData 
2015-10-14 5:46:48 - DEBUG --> Archivo \components\com_jhotelreservation\classes\services\UserDataService.php 
2015-10-14 5:46:48 - DEBUG --> getUserData 
2015-10-14 5:46:48 - DEBUG --> Archivo \components\com_jhotelreservation\classes\services\UserDataService.php 
2015-10-14 5:46:48 - DEBUG --> getUserData 
2015-10-14 5:46:48 - DEBUG --> Archivo \components\com_jhotelreservationiews\hotel	mpl\hoteloverview.php 
2015-10-14 5:46:48 - DEBUG --> Accedió 
2015-10-14 5:46:52 - DEBUG --> Archivo \components\com_jhotelreservation\classes\services\UserDataService.php 
2015-10-14 5:46:52 - DEBUG --> initializeUserData 
2015-10-14 5:46:52 - DEBUG --> UserData first: N; 
2015-10-14 5:46:52 - DEBUG --> Archivo \components\com_jhotelreservation\classes\services\UserDataService.php 
2015-10-14 5:46:52 - DEBUG --> createUserData 
2015-10-14 5:46:52 - DEBUG --> UserData end:  a:0:{} 
2015-10-14 5:46:52 - DEBUG --> Archivo \components\com_jhotelreservation\classes\services\UserDataService.php 
2015-10-14 5:46:52 - DEBUG --> initializeUserData 
2015-10-14 5:46:52 - DEBUG --> UserData first: a:0:{} 
2015-10-14 5:46:52 - DEBUG --> UserData end:  a:0:{} 
2015-10-14 5:46:52 - DEBUG --> Archivo \components\com_jhotelreservation\classes\services\UserDataService.php 
2015-10-14 5:46:52 - DEBUG --> initializeReservationData 
2015-10-14 5:46:52 - DEBUG --> UserData: a:0:{} 
2015-10-14 5:46:52 - DEBUG --> Archivo \components\com_jhotelreservation\classes\services\UserDataService.php 
2015-10-14 5:46:52 - DEBUG --> updateUserData 
2015-10-14 5:46:52 - DEBUG --> Archivo \components\com_jhotelreservation\classes\services\UserDataService.php 
2015-10-14 5:46:52 - DEBUG --> getUserData 
2015-10-14 5:46:52 - DEBUG --> Archivo \components\com_jhotelreservation\classes\services\UserDataService.php 
2015-10-14 5:46:52 - DEBUG --> setCurrency 
2015-10-14 5:46:52 - DEBUG --> Archivo \components\com_jhotelreservation\classes\services\UserDataService.php 
2015-10-14 5:46:52 - DEBUG --> getUserData 
2015-10-14 5:46:52 - DEBUG --> Archivo \components\com_jhotelreservation\classes\services\UserDataService.php 
2015-10-14 5:46:52 - DEBUG --> getUserData 
2015-10-14 5:46:52 - DEBUG --> Archivo \components\com_jhotelreservation\classes\services\UserDataService.php 
2015-10-14 5:46:52 - DEBUG --> getUserData 
2015-10-14 5:46:55 - DEBUG --> Archivo \components\com_jhotelreservation\classes\services\UserDataService.php 
2015-10-14 5:46:55 - DEBUG --> initializeUserData 
2015-10-14 5:46:55 - DEBUG --> UserData first: N; 
2015-10-14 5:46:55 - DEBUG --> Archivo \components\com_jhotelreservation\classes\services\UserDataService.php 
2015-10-14 5:46:55 - DEBUG --> createUserData 
2015-10-14 5:46:55 - DEBUG --> UserData end:  a:0:{} 
2015-10-14 5:46:55 - DEBUG --> Archivo \components\com_jhotelreservation\classes\services\UserDataService.php 
2015-10-14 5:46:55 - DEBUG --> initializeUserData 
2015-10-14 5:46:55 - DEBUG --> UserData first: a:0:{} 
2015-10-14 5:46:55 - DEBUG --> UserData end:  a:0:{} 
2015-10-14 5:46:55 - DEBUG --> Archivo \components\com_jhotelreservation\classes\services\UserDataService.php 
2015-10-14 5:46:55 - DEBUG --> initializeReservationData 
2015-10-14 5:46:55 - DEBUG --> UserData: a:0:{} 
2015-10-14 5:46:55 - DEBUG --> Archivo \components\com_jhotelreservation\classes\services\UserDataService.php 
2015-10-14 5:46:55 - DEBUG --> updateUserData 
2015-10-14 5:46:55 - DEBUG --> Archivo \components\com_jhotelreservation\classes\services\UserDataService.php 
2015-10-14 5:46:55 - DEBUG --> getUserData 
2015-10-14 5:46:55 - DEBUG --> Archivo \components\com_jhotelreservation\classes\services\UserDataService.php 
2015-10-14 5:46:55 - DEBUG --> setCurrency 
2015-10-14 5:46:55 - DEBUG --> Archivo \components\com_jhotelreservation\classes\services\UserDataService.php 
2015-10-14 5:46:55 - DEBUG --> getUserData 
2015-10-14 5:46:55 - DEBUG --> Archivo \components\com_jhotelreservation\classes\services\UserDataService.php 
2015-10-14 5:46:55 - DEBUG --> getUserData 
2015-10-14 5:46:55 - DEBUG --> Archivo \components\com_jhotelreservation\classes\services\UserDataService.php 
2015-10-14 5:46:55 - DEBUG --> getUserData 
2015-10-14 5:46:55 - DEBUG --> Archivo \components\com_jhotelreservationiews\hotel	mpl\hoteloverview.php 
2015-10-14 5:46:55 - DEBUG --> Accedió 
2015-10-14 5:46:57 - DEBUG --> Archivo \components\com_jhotelreservation\classes\services\UserDataService.php 
2015-10-14 5:46:57 - DEBUG --> initializeUserData 
2015-10-14 5:46:57 - DEBUG --> UserData first: N; 
2015-10-14 5:46:57 - DEBUG --> Archivo \components\com_jhotelreservation\classes\services\UserDataService.php 
2015-10-14 5:46:57 - DEBUG --> createUserData 
2015-10-14 5:46:57 - DEBUG --> UserData end:  a:0:{} 
2015-10-14 5:46:57 - DEBUG --> Archivo \components\com_jhotelreservation\classes\services\UserDataService.php 
2015-10-14 5:46:57 - DEBUG --> initializeUserData 
2015-10-14 5:46:57 - DEBUG --> UserData first: a:0:{} 
2015-10-14 5:46:57 - DEBUG --> UserData end:  a:0:{} 
2015-10-14 5:46:57 - DEBUG --> Archivo \components\com_jhotelreservation\classes\services\UserDataService.php 
2015-10-14 5:46:57 - DEBUG --> initializeReservationData 
2015-10-14 5:46:57 - DEBUG --> UserData: a:0:{} 
2015-10-14 5:46:57 - DEBUG --> Archivo \components\com_jhotelreservation\classes\services\UserDataService.php 
2015-10-14 5:46:57 - DEBUG --> updateUserData 
2015-10-14 5:46:57 - DEBUG --> Archivo \components\com_jhotelreservation\classes\services\UserDataService.php 
2015-10-14 5:46:57 - DEBUG --> getUserData 
2015-10-14 5:46:57 - DEBUG --> Archivo \components\com_jhotelreservation\classes\services\UserDataService.php 
2015-10-14 5:46:57 - DEBUG --> setCurrency 
2015-10-14 5:46:57 - DEBUG --> Archivo \components\com_jhotelreservation\classes\services\UserDataService.php 
2015-10-14 5:46:57 - DEBUG --> getUserData 
2015-10-14 5:46:57 - DEBUG --> Archivo \components\com_jhotelreservation\classes\services\UserDataService.php 
2015-10-14 5:46:57 - DEBUG --> getUserData 
2015-10-14 5:46:57 - DEBUG --> Archivo \components\com_jhotelreservation\classes\services\UserDataService.php 
2015-10-14 5:46:57 - DEBUG --> getUserData 
2015-10-14 5:46:57 - DEBUG --> Archivo \components\com_jhotelreservationiews\hotel	mpl\hoteloverview.php 
2015-10-14 5:46:57 - DEBUG --> Accedió 
2015-10-14 5:47:00 - DEBUG --> Archivo \components\com_jhotelreservation\classes\services\UserDataService.php 
2015-10-14 5:47:00 - DEBUG --> initializeUserData 
2015-10-14 5:47:00 - DEBUG --> UserData first: N; 
2015-10-14 5:47:00 - DEBUG --> Archivo \components\com_jhotelreservation\classes\services\UserDataService.php 
2015-10-14 5:47:00 - DEBUG --> createUserData 
2015-10-14 5:47:00 - DEBUG --> UserData end:  a:0:{} 
2015-10-14 5:47:00 - DEBUG --> Archivo \components\com_jhotelreservation\classes\services\UserDataService.php 
2015-10-14 5:47:00 - DEBUG --> initializeUserData 
2015-10-14 5:47:00 - DEBUG --> UserData first: a:0:{} 
2015-10-14 5:47:00 - DEBUG --> UserData end:  a:0:{} 
2015-10-14 5:47:00 - DEBUG --> Archivo \components\com_jhotelreservation\classes\services\UserDataService.php 
2015-10-14 5:47:00 - DEBUG --> initializeReservationData 
2015-10-14 5:47:00 - DEBUG --> UserData: a:0:{} 
2015-10-14 5:47:00 - DEBUG --> Archivo \components\com_jhotelreservation\classes\services\UserDataService.php 
2015-10-14 5:47:00 - DEBUG --> updateUserData 
2015-10-14 5:47:00 - DEBUG --> Archivo \components\com_jhotelreservation\classes\services\UserDataService.php 
2015-10-14 5:47:00 - DEBUG --> getUserData 
2015-10-14 5:47:00 - DEBUG --> Archivo \components\com_jhotelreservation\classes\services\UserDataService.php 
2015-10-14 5:47:00 - DEBUG --> setCurrency 
2015-10-14 5:47:00 - DEBUG --> Archivo \components\com_jhotelreservation\classes\services\UserDataService.php 
2015-10-14 5:47:00 - DEBUG --> getUserData 
2015-10-14 5:47:00 - DEBUG --> Archivo \components\com_jhotelreservation\classes\services\UserDataService.php 
2015-10-14 5:47:00 - DEBUG --> getUserData 
2015-10-14 5:47:00 - DEBUG --> Archivo \components\com_jhotelreservation\classes\services\UserDataService.php 
2015-10-14 5:47:00 - DEBUG --> getUserData 
2015-10-14 5:47:03 - DEBUG --> Archivo \components\com_jhotelreservation\classes\services\UserDataService.php 
2015-10-14 5:47:03 - DEBUG --> initializeUserData 
2015-10-14 5:47:03 - DEBUG --> UserData first: N; 
2015-10-14 5:47:03 - DEBUG --> Archivo \components\com_jhotelreservation\classes\services\UserDataService.php 
2015-10-14 5:47:03 - DEBUG --> createUserData 
2015-10-14 5:47:03 - DEBUG --> UserData end:  a:0:{} 
2015-10-14 5:47:03 - DEBUG --> Archivo \components\com_jhotelreservation\classes\services\UserDataService.php 
2015-10-14 5:47:03 - DEBUG --> initializeUserData 
2015-10-14 5:47:03 - DEBUG --> UserData first: a:0:{} 
2015-10-14 5:47:03 - DEBUG --> UserData end:  a:0:{} 
2015-10-14 5:47:03 - DEBUG --> Archivo \components\com_jhotelreservation\classes\services\UserDataService.php 
2015-10-14 5:47:03 - DEBUG --> initializeReservationData 
2015-10-14 5:47:03 - DEBUG --> UserData: a:0:{} 
2015-10-14 5:47:03 - DEBUG --> Archivo \components\com_jhotelreservation\classes\services\UserDataService.php 
2015-10-14 5:47:03 - DEBUG --> updateUserData 
2015-10-14 5:47:03 - DEBUG --> Archivo \components\com_jhotelreservation\classes\services\UserDataService.php 
2015-10-14 5:47:03 - DEBUG --> getUserData 
2015-10-14 5:47:03 - DEBUG --> Archivo \components\com_jhotelreservation\classes\services\UserDataService.php 
2015-10-14 5:47:03 - DEBUG --> setCurrency 
2015-10-14 5:47:03 - DEBUG --> Archivo \components\com_jhotelreservation\classes\services\UserDataService.php 
2015-10-14 5:47:03 - DEBUG --> getUserData 
2015-10-14 5:47:03 - DEBUG --> Archivo \components\com_jhotelreservation\classes\services\UserDataService.php 
2015-10-14 5:47:03 - DEBUG --> getUserData 
2015-10-14 5:47:03 - DEBUG --> Archivo \components\com_jhotelreservation\classes\services\UserDataService.php 
2015-10-14 5:47:03 - DEBUG --> getUserData 
2015-10-14 5:47:03 - DEBUG --> Archivo \components\com_jhotelreservationiews\hotel	mpl\hoteloverview.php 
2015-10-14 5:47:03 - DEBUG --> Accedió 
2015-10-14 5:47:06 - DEBUG --> Archivo \components\com_jhotelreservation\classes\services\UserDataService.php 
2015-10-14 5:47:06 - DEBUG --> initializeUserData 
2015-10-14 5:47:06 - DEBUG --> UserData first: N; 
2015-10-14 5:47:06 - DEBUG --> Archivo \components\com_jhotelreservation\classes\services\UserDataService.php 
2015-10-14 5:47:06 - DEBUG --> createUserData 
2015-10-14 5:47:06 - DEBUG --> UserData end:  a:0:{} 
2015-10-14 5:47:06 - DEBUG --> Archivo \components\com_jhotelreservation\classes\services\UserDataService.php 
2015-10-14 5:47:06 - DEBUG --> initializeUserData 
2015-10-14 5:47:06 - DEBUG --> UserData first: a:0:{} 
2015-10-14 5:47:06 - DEBUG --> UserData end:  a:0:{} 
2015-10-14 5:47:06 - DEBUG --> Archivo \components\com_jhotelreservation\classes\services\UserDataService.php 
2015-10-14 5:47:06 - DEBUG --> initializeReservationData 
2015-10-14 5:47:06 - DEBUG --> UserData: a:0:{} 
2015-10-14 5:47:06 - DEBUG --> Archivo \components\com_jhotelreservation\classes\services\UserDataService.php 
2015-10-14 5:47:06 - DEBUG --> updateUserData 
2015-10-14 5:47:06 - DEBUG --> Archivo \components\com_jhotelreservation\classes\services\UserDataService.php 
2015-10-14 5:47:06 - DEBUG --> getUserData 
2015-10-14 5:47:06 - DEBUG --> Archivo \components\com_jhotelreservation\classes\services\UserDataService.php 
2015-10-14 5:47:06 - DEBUG --> setCurrency 
2015-10-14 5:47:06 - DEBUG --> Archivo \components\com_jhotelreservation\classes\services\UserDataService.php 
2015-10-14 5:47:06 - DEBUG --> getUserData 
2015-10-14 5:47:06 - DEBUG --> Archivo \components\com_jhotelreservation\classes\services\UserDataService.php 
2015-10-14 5:47:06 - DEBUG --> getUserData 
2015-10-14 5:47:06 - DEBUG --> Archivo \components\com_jhotelreservation\classes\services\UserDataService.php 
2015-10-14 5:47:06 - DEBUG --> getUserData 
2015-10-14 5:47:06 - DEBUG --> Archivo \components\com_jhotelreservationiews\hotel	mpl\hoteloverview.php 
2015-10-14 5:47:06 - DEBUG --> Accedió 
2015-10-14 5:47:10 - DEBUG --> Archivo \components\com_jhotelreservation\classes\services\UserDataService.php 
2015-10-14 5:47:10 - DEBUG --> initializeUserData 
2015-10-14 5:47:10 - DEBUG --> UserData first: N; 
2015-10-14 5:47:10 - DEBUG --> Archivo \components\com_jhotelreservation\classes\services\UserDataService.php 
2015-10-14 5:47:10 - DEBUG --> createUserData 
2015-10-14 5:47:10 - DEBUG --> UserData end:  a:0:{} 
2015-10-14 5:47:10 - DEBUG --> Archivo \components\com_jhotelreservation\classes\services\UserDataService.php 
2015-10-14 5:47:10 - DEBUG --> initializeUserData 
2015-10-14 5:47:10 - DEBUG --> UserData first: a:0:{} 
2015-10-14 5:47:10 - DEBUG --> UserData end:  a:0:{} 
2015-10-14 5:47:10 - DEBUG --> Archivo \components\com_jhotelreservation\classes\services\UserDataService.php 
2015-10-14 5:47:10 - DEBUG --> initializeReservationData 
2015-10-14 5:47:10 - DEBUG --> UserData: a:0:{} 
2015-10-14 5:47:10 - DEBUG --> Archivo \components\com_jhotelreservation\classes\services\UserDataService.php 
2015-10-14 5:47:10 - DEBUG --> updateUserData 
2015-10-14 5:47:10 - DEBUG --> Archivo \components\com_jhotelreservation\classes\services\UserDataService.php 
2015-10-14 5:47:10 - DEBUG --> getUserData 
2015-10-14 5:47:10 - DEBUG --> Archivo \components\com_jhotelreservation\classes\services\UserDataService.php 
2015-10-14 5:47:10 - DEBUG --> setCurrency 
2015-10-14 5:47:10 - DEBUG --> Archivo \components\com_jhotelreservation\classes\services\UserDataService.php 
2015-10-14 5:47:10 - DEBUG --> getUserData 
2015-10-14 5:47:10 - DEBUG --> Archivo \components\com_jhotelreservation\classes\services\UserDataService.php 
2015-10-14 5:47:10 - DEBUG --> getUserData 
2015-10-14 5:47:10 - DEBUG --> Archivo \components\com_jhotelreservation\classes\services\UserDataService.php 
2015-10-14 5:47:10 - DEBUG --> getUserData 
2015-10-14 5:47:13 - DEBUG --> Archivo \components\com_jhotelreservation\classes\services\UserDataService.php 
2015-10-14 5:47:13 - DEBUG --> initializeUserData 
2015-10-14 5:47:13 - DEBUG --> UserData first: N; 
2015-10-14 5:47:13 - DEBUG --> Archivo \components\com_jhotelreservation\classes\services\UserDataService.php 
2015-10-14 5:47:13 - DEBUG --> createUserData 
2015-10-14 5:47:13 - DEBUG --> UserData end:  a:0:{} 
2015-10-14 5:47:13 - DEBUG --> Archivo \components\com_jhotelreservation\classes\services\UserDataService.php 
2015-10-14 5:47:13 - DEBUG --> initializeUserData 
2015-10-14 5:47:13 - DEBUG --> UserData first: a:0:{} 
2015-10-14 5:47:13 - DEBUG --> UserData end:  a:0:{} 
2015-10-14 5:47:13 - DEBUG --> Archivo \components\com_jhotelreservation\classes\services\UserDataService.php 
2015-10-14 5:47:13 - DEBUG --> initializeReservationData 
2015-10-14 5:47:13 - DEBUG --> UserData: a:0:{} 
2015-10-14 5:47:13 - DEBUG --> Archivo \components\com_jhotelreservation\classes\services\UserDataService.php 
2015-10-14 5:47:13 - DEBUG --> updateUserData 
2015-10-14 5:47:13 - DEBUG --> Archivo \components\com_jhotelreservation\classes\services\UserDataService.php 
2015-10-14 5:47:13 - DEBUG --> getUserData 
2015-10-14 5:47:13 - DEBUG --> Archivo \components\com_jhotelreservation\classes\services\UserDataService.php 
2015-10-14 5:47:13 - DEBUG --> setCurrency 
2015-10-14 5:47:13 - DEBUG --> Archivo \components\com_jhotelreservation\classes\services\UserDataService.php 
2015-10-14 5:47:13 - DEBUG --> getUserData 
2015-10-14 5:47:13 - DEBUG --> Archivo \components\com_jhotelreservation\classes\services\UserDataService.php 
2015-10-14 5:47:13 - DEBUG --> getUserData 
2015-10-14 5:47:13 - DEBUG --> Archivo \components\com_jhotelreservation\classes\services\UserDataService.php 
2015-10-14 5:47:13 - DEBUG --> getUserData 
2015-10-14 5:47:13 - DEBUG --> Archivo \components\com_jhotelreservationiews\hotel	mpl\hoteloverview.php 
2015-10-14 5:47:13 - DEBUG --> Accedió 
2015-10-14 5:47:16 - DEBUG --> Archivo \components\com_jhotelreservation\classes\services\UserDataService.php 
2015-10-14 5:47:16 - DEBUG --> initializeUserData 
2015-10-14 5:47:16 - DEBUG --> UserData first: N; 
2015-10-14 5:47:16 - DEBUG --> Archivo \components\com_jhotelreservation\classes\services\UserDataService.php 
2015-10-14 5:47:16 - DEBUG --> createUserData 
2015-10-14 5:47:16 - DEBUG --> UserData end:  a:0:{} 
2015-10-14 5:47:16 - DEBUG --> Archivo \components\com_jhotelreservation\classes\services\UserDataService.php 
2015-10-14 5:47:16 - DEBUG --> initializeUserData 
2015-10-14 5:47:16 - DEBUG --> UserData first: a:0:{} 
2015-10-14 5:47:16 - DEBUG --> UserData end:  a:0:{} 
2015-10-14 5:47:16 - DEBUG --> Archivo \components\com_jhotelreservation\classes\services\UserDataService.php 
2015-10-14 5:47:16 - DEBUG --> initializeReservationData 
2015-10-14 5:47:16 - DEBUG --> UserData: a:0:{} 
2015-10-14 5:47:16 - DEBUG --> Archivo \components\com_jhotelreservation\classes\services\UserDataService.php 
2015-10-14 5:47:16 - DEBUG --> updateUserData 
2015-10-14 5:47:16 - DEBUG --> Archivo \components\com_jhotelreservation\classes\services\UserDataService.php 
2015-10-14 5:47:16 - DEBUG --> getUserData 
2015-10-14 5:47:16 - DEBUG --> Archivo \components\com_jhotelreservation\classes\services\UserDataService.php 
2015-10-14 5:47:16 - DEBUG --> setCurrency 
2015-10-14 5:47:16 - DEBUG --> Archivo \components\com_jhotelreservation\classes\services\UserDataService.php 
2015-10-14 5:47:16 - DEBUG --> getUserData 
2015-10-14 5:47:16 - DEBUG --> Archivo \components\com_jhotelreservation\classes\services\UserDataService.php 
2015-10-14 5:47:16 - DEBUG --> getUserData 
2015-10-14 5:47:16 - DEBUG --> Archivo \components\com_jhotelreservation\classes\services\UserDataService.php 
2015-10-14 5:47:16 - DEBUG --> getUserData 
2015-10-14 5:47:19 - DEBUG --> Archivo \components\com_jhotelreservation\classes\services\UserDataService.php 
2015-10-14 5:47:19 - DEBUG --> initializeUserData 
2015-10-14 5:47:19 - DEBUG --> UserData first: N; 
2015-10-14 5:47:19 - DEBUG --> Archivo \components\com_jhotelreservation\classes\services\UserDataService.php 
2015-10-14 5:47:19 - DEBUG --> createUserData 
2015-10-14 5:47:19 - DEBUG --> UserData end:  a:0:{} 
2015-10-14 5:47:19 - DEBUG --> Archivo \components\com_jhotelreservation\classes\services\UserDataService.php 
2015-10-14 5:47:19 - DEBUG --> initializeUserData 
2015-10-14 5:47:19 - DEBUG --> UserData first: a:0:{} 
2015-10-14 5:47:19 - DEBUG --> UserData end:  a:0:{} 
2015-10-14 5:47:19 - DEBUG --> Archivo \components\com_jhotelreservation\classes\services\UserDataService.php 
2015-10-14 5:47:19 - DEBUG --> initializeReservationData 
2015-10-14 5:47:19 - DEBUG --> UserData: a:0:{} 
2015-10-14 5:47:19 - DEBUG --> Archivo \components\com_jhotelreservation\classes\services\UserDataService.php 
2015-10-14 5:47:19 - DEBUG --> updateUserData 
2015-10-14 5:47:19 - DEBUG --> Archivo \components\com_jhotelreservation\classes\services\UserDataService.php 
2015-10-14 5:47:19 - DEBUG --> getUserData 
2015-10-14 5:47:19 - DEBUG --> Archivo \components\com_jhotelreservation\classes\services\UserDataService.php 
2015-10-14 5:47:19 - DEBUG --> setCurrency 
2015-10-14 5:47:19 - DEBUG --> Archivo \components\com_jhotelreservation\classes\services\UserDataService.php 
2015-10-14 5:47:19 - DEBUG --> getUserData 
2015-10-14 5:47:19 - DEBUG --> Archivo \components\com_jhotelreservation\classes\services\UserDataService.php 
2015-10-14 5:47:19 - DEBUG --> getUserData 
2015-10-14 5:47:19 - DEBUG --> Archivo \components\com_jhotelreservation\classes\services\UserDataService.php 
2015-10-14 5:47:19 - DEBUG --> getUserData 
2015-10-14 5:47:19 - DEBUG --> Archivo \components\com_jhotelreservationiews\hotel	mpl\hoteloverview.php 
2015-10-14 5:47:19 - DEBUG --> Accedió 
2015-10-14 5:47:22 - DEBUG --> Archivo \components\com_jhotelreservation\classes\services\UserDataService.php 
2015-10-14 5:47:22 - DEBUG --> initializeUserData 
2015-10-14 5:47:22 - DEBUG --> UserData first: N; 
2015-10-14 5:47:22 - DEBUG --> Archivo \components\com_jhotelreservation\classes\services\UserDataService.php 
2015-10-14 5:47:22 - DEBUG --> createUserData 
2015-10-14 5:47:22 - DEBUG --> UserData end:  a:0:{} 
2015-10-14 5:47:22 - DEBUG --> Archivo \components\com_jhotelreservation\classes\services\UserDataService.php 
2015-10-14 5:47:22 - DEBUG --> initializeUserData 
2015-10-14 5:47:22 - DEBUG --> UserData first: a:0:{} 
2015-10-14 5:47:22 - DEBUG --> UserData end:  a:0:{} 
2015-10-14 5:47:22 - DEBUG --> Archivo \components\com_jhotelreservation\classes\services\UserDataService.php 
2015-10-14 5:47:22 - DEBUG --> initializeReservationData 
2015-10-14 5:47:22 - DEBUG --> UserData: a:0:{} 
2015-10-14 5:47:22 - DEBUG --> Archivo \components\com_jhotelreservation\classes\services\UserDataService.php 
2015-10-14 5:47:22 - DEBUG --> updateUserData 
2015-10-14 5:47:22 - DEBUG --> Archivo \components\com_jhotelreservation\classes\services\UserDataService.php 
2015-10-14 5:47:22 - DEBUG --> getUserData 
2015-10-14 5:47:22 - DEBUG --> Archivo \components\com_jhotelreservation\classes\services\UserDataService.php 
2015-10-14 5:47:22 - DEBUG --> setCurrency 
2015-10-14 5:47:22 - DEBUG --> Archivo \components\com_jhotelreservation\classes\services\UserDataService.php 
2015-10-14 5:47:22 - DEBUG --> getUserData 
2015-10-14 5:47:22 - DEBUG --> Archivo \components\com_jhotelreservation\classes\services\UserDataService.php 
2015-10-14 5:47:22 - DEBUG --> getUserData 
2015-10-14 5:47:22 - DEBUG --> Archivo \components\com_jhotelreservation\classes\services\UserDataService.php 
2015-10-14 5:47:22 - DEBUG --> getUserData 
2015-10-14 5:47:25 - DEBUG --> Archivo \components\com_jhotelreservation\classes\services\UserDataService.php 
2015-10-14 5:47:25 - DEBUG --> initializeUserData 
2015-10-14 5:47:25 - DEBUG --> UserData first: N; 
2015-10-14 5:47:25 - DEBUG --> Archivo \components\com_jhotelreservation\classes\services\UserDataService.php 
2015-10-14 5:47:25 - DEBUG --> createUserData 
2015-10-14 5:47:25 - DEBUG --> UserData end:  a:0:{} 
2015-10-14 5:47:25 - DEBUG --> Archivo \components\com_jhotelreservation\classes\services\UserDataService.php 
2015-10-14 5:47:25 - DEBUG --> initializeUserData 
2015-10-14 5:47:25 - DEBUG --> UserData first: a:0:{} 
2015-10-14 5:47:25 - DEBUG --> UserData end:  a:0:{} 
2015-10-14 5:47:25 - DEBUG --> Archivo \components\com_jhotelreservation\classes\services\UserDataService.php 
2015-10-14 5:47:25 - DEBUG --> initializeReservationData 
2015-10-14 5:47:25 - DEBUG --> UserData: a:0:{} 
2015-10-14 5:47:25 - DEBUG --> Archivo \components\com_jhotelreservation\classes\services\UserDataService.php 
2015-10-14 5:47:25 - DEBUG --> updateUserData 
2015-10-14 5:47:25 - DEBUG --> Archivo \components\com_jhotelreservation\classes\services\UserDataService.php 
2015-10-14 5:47:25 - DEBUG --> getUserData 
2015-10-14 5:47:25 - DEBUG --> Archivo \components\com_jhotelreservation\classes\services\UserDataService.php 
2015-10-14 5:47:25 - DEBUG --> setCurrency 
2015-10-14 5:47:25 - DEBUG --> Archivo \components\com_jhotelreservation\classes\services\UserDataService.php 
2015-10-14 5:47:25 - DEBUG --> getUserData 
2015-10-14 5:47:25 - DEBUG --> Archivo \components\com_jhotelreservation\classes\services\UserDataService.php 
2015-10-14 5:47:25 - DEBUG --> getUserData 
2015-10-14 5:47:25 - DEBUG --> Archivo \components\com_jhotelreservation\classes\services\UserDataService.php 
2015-10-14 5:47:25 - DEBUG --> getUserData 
2015-10-14 5:47:25 - DEBUG --> Archivo \components\com_jhotelreservationiews\hotel	mpl\hoteloverview.php 
2015-10-14 5:47:25 - DEBUG --> Accedió 
2015-10-14 5:47:27 - DEBUG --> Archivo \components\com_jhotelreservation\classes\services\UserDataService.php 
2015-10-14 5:47:27 - DEBUG --> initializeUserData 
2015-10-14 5:47:27 - DEBUG --> UserData first: N; 
2015-10-14 5:47:27 - DEBUG --> Archivo \components\com_jhotelreservation\classes\services\UserDataService.php 
2015-10-14 5:47:27 - DEBUG --> createUserData 
2015-10-14 5:47:27 - DEBUG --> UserData end:  a:0:{} 
2015-10-14 5:47:27 - DEBUG --> Archivo \components\com_jhotelreservation\classes\services\UserDataService.php 
2015-10-14 5:47:27 - DEBUG --> initializeUserData 
2015-10-14 5:47:27 - DEBUG --> UserData first: a:0:{} 
2015-10-14 5:47:27 - DEBUG --> UserData end:  a:0:{} 
2015-10-14 5:47:27 - DEBUG --> Archivo \components\com_jhotelreservation\classes\services\UserDataService.php 
2015-10-14 5:47:27 - DEBUG --> initializeReservationData 
2015-10-14 5:47:27 - DEBUG --> UserData: a:0:{} 
2015-10-14 5:47:27 - DEBUG --> Archivo \components\com_jhotelreservation\classes\services\UserDataService.php 
2015-10-14 5:47:27 - DEBUG --> updateUserData 
2015-10-14 5:47:27 - DEBUG --> Archivo \components\com_jhotelreservation\classes\services\UserDataService.php 
2015-10-14 5:47:27 - DEBUG --> getUserData 
2015-10-14 5:47:27 - DEBUG --> Archivo \components\com_jhotelreservation\classes\services\UserDataService.php 
2015-10-14 5:47:27 - DEBUG --> setCurrency 
2015-10-14 5:47:27 - DEBUG --> Archivo \components\com_jhotelreservation\classes\services\UserDataService.php 
2015-10-14 5:47:27 - DEBUG --> getUserData 
2015-10-14 5:47:27 - DEBUG --> Archivo \components\com_jhotelreservation\classes\services\UserDataService.php 
2015-10-14 5:47:27 - DEBUG --> getUserData 
2015-10-14 5:47:27 - DEBUG --> Archivo \components\com_jhotelreservation\classes\services\UserDataService.php 
2015-10-14 5:47:27 - DEBUG --> getUserData 
2015-10-14 5:47:30 - DEBUG --> Archivo \components\com_jhotelreservation\classes\services\UserDataService.php 
2015-10-14 5:47:30 - DEBUG --> initializeUserData 
2015-10-14 5:47:30 - DEBUG --> UserData first: N; 
2015-10-14 5:47:30 - DEBUG --> Archivo \components\com_jhotelreservation\classes\services\UserDataService.php 
2015-10-14 5:47:30 - DEBUG --> createUserData 
2015-10-14 5:47:30 - DEBUG --> UserData end:  a:0:{} 
2015-10-14 5:47:30 - DEBUG --> Archivo \components\com_jhotelreservation\classes\services\UserDataService.php 
2015-10-14 5:47:30 - DEBUG --> initializeUserData 
2015-10-14 5:47:30 - DEBUG --> UserData first: a:0:{} 
2015-10-14 5:47:30 - DEBUG --> UserData end:  a:0:{} 
2015-10-14 5:47:30 - DEBUG --> Archivo \components\com_jhotelreservation\classes\services\UserDataService.php 
2015-10-14 5:47:30 - DEBUG --> initializeReservationData 
2015-10-14 5:47:30 - DEBUG --> UserData: a:0:{} 
2015-10-14 5:47:30 - DEBUG --> Archivo \components\com_jhotelreservation\classes\services\UserDataService.php 
2015-10-14 5:47:30 - DEBUG --> updateUserData 
2015-10-14 5:47:30 - DEBUG --> Archivo \components\com_jhotelreservation\classes\services\UserDataService.php 
2015-10-14 5:47:30 - DEBUG --> getUserData 
2015-10-14 5:47:30 - DEBUG --> Archivo \components\com_jhotelreservation\classes\services\UserDataService.php 
2015-10-14 5:47:30 - DEBUG --> setCurrency 
2015-10-14 5:47:30 - DEBUG --> Archivo \components\com_jhotelreservation\classes\services\UserDataService.php 
2015-10-14 5:47:30 - DEBUG --> getUserData 
2015-10-14 5:47:30 - DEBUG --> Archivo \components\com_jhotelreservation\classes\services\UserDataService.php 
2015-10-14 5:47:30 - DEBUG --> getUserData 
2015-10-14 5:47:30 - DEBUG --> Archivo \components\com_jhotelreservation\classes\services\UserDataService.php 
2015-10-14 5:47:30 - DEBUG --> getUserData 
2015-10-14 5:47:30 - DEBUG --> Archivo \components\com_jhotelreservationiews\hotel	mpl\hoteloverview.php 
2015-10-14 5:47:30 - DEBUG --> Accedió 
2015-10-14 5:47:33 - DEBUG --> Archivo \components\com_jhotelreservation\classes\services\UserDataService.php 
2015-10-14 5:47:33 - DEBUG --> initializeUserData 
2015-10-14 5:47:33 - DEBUG --> UserData first: N; 
2015-10-14 5:47:33 - DEBUG --> Archivo \components\com_jhotelreservation\classes\services\UserDataService.php 
2015-10-14 5:47:33 - DEBUG --> createUserData 
2015-10-14 5:47:33 - DEBUG --> UserData end:  a:0:{} 
2015-10-14 5:47:33 - DEBUG --> Archivo \components\com_jhotelreservation\classes\services\UserDataService.php 
2015-10-14 5:47:33 - DEBUG --> initializeUserData 
2015-10-14 5:47:33 - DEBUG --> UserData first: a:0:{} 
2015-10-14 5:47:33 - DEBUG --> UserData end:  a:0:{} 
2015-10-14 5:47:33 - DEBUG --> Archivo \components\com_jhotelreservation\classes\services\UserDataService.php 
2015-10-14 5:47:33 - DEBUG --> initializeReservationData 
2015-10-14 5:47:33 - DEBUG --> UserData: a:0:{} 
2015-10-14 5:47:33 - DEBUG --> Archivo \components\com_jhotelreservation\classes\services\UserDataService.php 
2015-10-14 5:47:33 - DEBUG --> updateUserData 
2015-10-14 5:47:33 - DEBUG --> Archivo \components\com_jhotelreservation\classes\services\UserDataService.php 
2015-10-14 5:47:33 - DEBUG --> getUserData 
2015-10-14 5:47:33 - DEBUG --> Archivo \components\com_jhotelreservation\classes\services\UserDataService.php 
2015-10-14 5:47:33 - DEBUG --> setCurrency 
2015-10-14 5:47:33 - DEBUG --> Archivo \components\com_jhotelreservation\classes\services\UserDataService.php 
2015-10-14 5:47:33 - DEBUG --> getUserData 
2015-10-14 5:47:33 - DEBUG --> Archivo \components\com_jhotelreservation\classes\services\UserDataService.php 
2015-10-14 5:47:33 - DEBUG --> getUserData 
2015-10-14 5:47:33 - DEBUG --> Archivo \components\com_jhotelreservation\classes\services\UserDataService.php 
2015-10-14 5:47:33 - DEBUG --> getUserData 
2015-10-14 5:47:33 - DEBUG --> Archivo \components\com_jhotelreservationiews\hotel	mpl\hoteloverview.php 
2015-10-14 5:47:33 - DEBUG --> Accedió 
2015-10-14 5:47:44 - DEBUG --> Archivo \components\com_jhotelreservation\classes\services\UserDataService.php 
2015-10-14 5:47:44 - DEBUG --> initializeUserData 
2015-10-14 5:47:44 - DEBUG --> UserData first: N; 
2015-10-14 5:47:44 - DEBUG --> Archivo \components\com_jhotelreservation\classes\services\UserDataService.php 
2015-10-14 5:47:44 - DEBUG --> createUserData 
2015-10-14 5:47:44 - DEBUG --> UserData end:  a:0:{} 
2015-10-14 5:47:44 - DEBUG --> Archivo \components\com_jhotelreservation\classes\services\UserDataService.php 
2015-10-14 5:47:44 - DEBUG --> initializeUserData 
2015-10-14 5:47:44 - DEBUG --> UserData first: a:0:{} 
2015-10-14 5:47:44 - DEBUG --> UserData end:  a:0:{} 
2015-10-14 5:47:44 - DEBUG --> Archivo \components\com_jhotelreservation\classes\services\UserDataService.php 
2015-10-14 5:47:44 - DEBUG --> initializeReservationData 
2015-10-14 5:47:44 - DEBUG --> UserData: a:0:{} 
2015-10-14 5:47:44 - DEBUG --> Archivo \components\com_jhotelreservation\classes\services\UserDataService.php 
2015-10-14 5:47:44 - DEBUG --> updateUserData 
2015-10-14 5:47:44 - DEBUG --> Archivo \components\com_jhotelreservation\classes\services\UserDataService.php 
2015-10-14 5:47:44 - DEBUG --> getUserData 
2015-10-14 5:47:44 - DEBUG --> Archivo \components\com_jhotelreservation\classes\services\UserDataService.php 
2015-10-14 5:47:44 - DEBUG --> setCurrency 
2015-10-14 5:47:44 - DEBUG --> Archivo \components\com_jhotelreservation\classes\services\UserDataService.php 
2015-10-14 5:47:44 - DEBUG --> getUserData 
2015-10-14 5:47:44 - DEBUG --> Archivo \components\com_jhotelreservation\classes\services\UserDataService.php 
2015-10-14 5:47:44 - DEBUG --> getUserData 
2015-10-14 5:47:44 - DEBUG --> Archivo \components\com_jhotelreservation\classes\services\UserDataService.php 
2015-10-14 5:47:44 - DEBUG --> getUserData 
2015-10-14 5:47:47 - DEBUG --> Archivo \components\com_jhotelreservation\classes\services\UserDataService.php 
2015-10-14 5:47:47 - DEBUG --> initializeUserData 
2015-10-14 5:47:47 - DEBUG --> UserData first: N; 
2015-10-14 5:47:47 - DEBUG --> Archivo \components\com_jhotelreservation\classes\services\UserDataService.php 
2015-10-14 5:47:47 - DEBUG --> createUserData 
2015-10-14 5:47:47 - DEBUG --> UserData end:  a:0:{} 
2015-10-14 5:47:47 - DEBUG --> Archivo \components\com_jhotelreservation\classes\services\UserDataService.php 
2015-10-14 5:47:47 - DEBUG --> initializeUserData 
2015-10-14 5:47:47 - DEBUG --> UserData first: a:0:{} 
2015-10-14 5:47:47 - DEBUG --> UserData end:  a:0:{} 
2015-10-14 5:47:47 - DEBUG --> Archivo \components\com_jhotelreservation\classes\services\UserDataService.php 
2015-10-14 5:47:47 - DEBUG --> initializeReservationData 
2015-10-14 5:47:47 - DEBUG --> UserData: a:0:{} 
2015-10-14 5:47:47 - DEBUG --> Archivo \components\com_jhotelreservation\classes\services\UserDataService.php 
2015-10-14 5:47:47 - DEBUG --> updateUserData 
2015-10-14 5:47:47 - DEBUG --> Archivo \components\com_jhotelreservation\classes\services\UserDataService.php 
2015-10-14 5:47:47 - DEBUG --> getUserData 
2015-10-14 5:47:47 - DEBUG --> Archivo \components\com_jhotelreservation\classes\services\UserDataService.php 
2015-10-14 5:47:47 - DEBUG --> setCurrency 
2015-10-14 5:47:47 - DEBUG --> Archivo \components\com_jhotelreservation\classes\services\UserDataService.php 
2015-10-14 5:47:47 - DEBUG --> getUserData 
2015-10-14 5:47:47 - DEBUG --> Archivo \components\com_jhotelreservation\classes\services\UserDataService.php 
2015-10-14 5:47:47 - DEBUG --> getUserData 
2015-10-14 5:47:47 - DEBUG --> Archivo \components\com_jhotelreservation\classes\services\UserDataService.php 
2015-10-14 5:47:47 - DEBUG --> getUserData 
2015-10-14 5:47:47 - DEBUG --> Archivo \components\com_jhotelreservationiews\hotel	mpl\hoteloverview.php 
2015-10-14 5:47:47 - DEBUG --> Accedió 
2015-10-14 8:59:19 - DEBUG --> Archivo \components\com_jhotelreservation\classes\services\UserDataService.php 
2015-10-14 8:59:19 - DEBUG --> initializeUserData 
2015-10-14 8:59:19 - DEBUG --> UserData first: N; 
2015-10-14 8:59:19 - DEBUG --> Archivo \components\com_jhotelreservation\classes\services\UserDataService.php 
2015-10-14 8:59:19 - DEBUG --> createUserData 
2015-10-14 8:59:19 - DEBUG --> UserData end:  a:0:{} 
2015-10-14 8:59:19 - DEBUG --> Archivo \components\com_jhotelreservation\classes\services\UserDataService.php 
2015-10-14 8:59:19 - DEBUG --> initializeUserData 
2015-10-14 8:59:19 - DEBUG --> UserData first: a:0:{} 
2015-10-14 8:59:19 - DEBUG --> UserData end:  a:0:{} 
2015-10-14 8:59:19 - DEBUG --> Archivo \components\com_jhotelreservation\classes\services\UserDataService.php 
2015-10-14 8:59:19 - DEBUG --> initializeReservationData 
2015-10-14 8:59:19 - DEBUG --> UserData: a:0:{} 
2015-10-14 8:59:19 - DEBUG --> Archivo \components\com_jhotelreservation\classes\services\UserDataService.php 
2015-10-14 8:59:19 - DEBUG --> updateUserData 
2015-10-14 8:59:19 - DEBUG --> Archivo \components\com_jhotelreservation\classes\services\UserDataService.php 
2015-10-14 8:59:19 - DEBUG --> getUserData 
2015-10-14 8:59:19 - DEBUG --> Archivo \components\com_jhotelreservation\classes\services\UserDataService.php 
2015-10-14 8:59:19 - DEBUG --> setCurrency 
2015-10-14 8:59:19 - DEBUG --> Archivo \components\com_jhotelreservation\classes\services\UserDataService.php 
2015-10-14 8:59:19 - DEBUG --> getUserData 
2015-10-14 8:59:19 - DEBUG --> Archivo \components\com_jhotelreservation\classes\services\UserDataService.php 
2015-10-14 8:59:19 - DEBUG --> getUserData 
2015-10-14 8:59:19 - DEBUG --> Archivo \components\com_jhotelreservation\classes\services\UserDataService.php 
2015-10-14 8:59:19 - DEBUG --> getUserData 
2015-10-14 8:59:19 - DEBUG --> Archivo \components\com_jhotelreservationiews\hotel	mpl\hoteloverview.php 
2015-10-14 8:59:19 - DEBUG --> Accedió 
2015-10-14 8:59:20 - DEBUG --> Archivo \components\com_jhotelreservation\classes\services\UserDataService.php 
2015-10-14 8:59:20 - DEBUG --> initializeUserData 
2015-10-14 8:59:20 - DEBUG --> UserData first: N; 
2015-10-14 8:59:20 - DEBUG --> Archivo \components\com_jhotelreservation\classes\services\UserDataService.php 
2015-10-14 8:59:20 - DEBUG --> createUserData 
2015-10-14 8:59:20 - DEBUG --> UserData end:  a:0:{} 
2015-10-14 8:59:23 - DEBUG --> Archivo \components\com_jhotelreservation\classes\services\UserDataService.php 
2015-10-14 8:59:23 - DEBUG --> initializeUserData 
2015-10-14 8:59:23 - DEBUG --> UserData first: N; 
2015-10-14 8:59:23 - DEBUG --> Archivo \components\com_jhotelreservation\classes\services\UserDataService.php 
2015-10-14 8:59:23 - DEBUG --> createUserData 
2015-10-14 8:59:23 - DEBUG --> UserData end:  a:0:{} 
2015-10-14 8:59:23 - DEBUG --> Archivo \components\com_jhotelreservation\classes\services\UserDataService.php 
2015-10-14 8:59:23 - DEBUG --> initializeUserData 
2015-10-14 8:59:23 - DEBUG --> UserData first: a:0:{} 
2015-10-14 8:59:23 - DEBUG --> UserData end:  a:0:{} 
2015-10-14 8:59:23 - DEBUG --> Archivo \components\com_jhotelreservation\classes\services\UserDataService.php 
2015-10-14 8:59:23 - DEBUG --> initializeReservationData 
2015-10-14 8:59:23 - DEBUG --> UserData: a:0:{} 
2015-10-14 8:59:23 - DEBUG --> Archivo \components\com_jhotelreservation\classes\services\UserDataService.php 
2015-10-14 8:59:23 - DEBUG --> updateUserData 
2015-10-14 8:59:23 - DEBUG --> Archivo \components\com_jhotelreservation\classes\services\UserDataService.php 
2015-10-14 8:59:23 - DEBUG --> getUserData 
2015-10-14 8:59:23 - DEBUG --> Archivo \components\com_jhotelreservation\classes\services\UserDataService.php 
2015-10-14 8:59:23 - DEBUG --> setCurrency 
2015-10-14 8:59:23 - DEBUG --> Archivo \components\com_jhotelreservation\classes\services\UserDataService.php 
2015-10-14 8:59:23 - DEBUG --> getUserData 
2015-10-14 8:59:23 - DEBUG --> Archivo \components\com_jhotelreservation\classes\services\UserDataService.php 
2015-10-14 8:59:23 - DEBUG --> getUserData 
2015-10-14 8:59:23 - DEBUG --> Archivo \components\com_jhotelreservation\classes\services\UserDataService.php 
2015-10-14 8:59:23 - DEBUG --> getUserData 
2015-10-14 8:59:24 - DEBUG --> Archivo \components\com_jhotelreservation\classes\services\UserDataService.php 
2015-10-14 8:59:24 - DEBUG --> initializeUserData 
2015-10-14 8:59:24 - DEBUG --> UserData first: N; 
2015-10-14 8:59:24 - DEBUG --> Archivo \components\com_jhotelreservation\classes\services\UserDataService.php 
2015-10-14 8:59:24 - DEBUG --> createUserData 
2015-10-14 8:59:24 - DEBUG --> UserData end:  a:0:{} 
2015-10-14 8:59:24 - DEBUG --> Archivo \components\com_jhotelreservation\classes\services\UserDataService.php 
2015-10-14 8:59:24 - DEBUG --> initializeUserData 
2015-10-14 8:59:24 - DEBUG --> UserData first: a:0:{} 
2015-10-14 8:59:24 - DEBUG --> UserData end:  a:0:{} 
2015-10-14 8:59:24 - DEBUG --> Archivo \components\com_jhotelreservation\classes\services\UserDataService.php 
2015-10-14 8:59:24 - DEBUG --> initializeReservationData 
2015-10-14 8:59:24 - DEBUG --> UserData: a:0:{} 
2015-10-14 8:59:24 - DEBUG --> Archivo \components\com_jhotelreservation\classes\services\UserDataService.php 
2015-10-14 8:59:24 - DEBUG --> updateUserData 
2015-10-14 8:59:24 - DEBUG --> Archivo \components\com_jhotelreservation\classes\services\UserDataService.php 
2015-10-14 8:59:24 - DEBUG --> getUserData 
2015-10-14 8:59:24 - DEBUG --> Archivo \components\com_jhotelreservation\classes\services\UserDataService.php 
2015-10-14 8:59:24 - DEBUG --> setCurrency 
2015-10-14 8:59:24 - DEBUG --> Archivo \components\com_jhotelreservation\classes\services\UserDataService.php 
2015-10-14 8:59:24 - DEBUG --> getUserData 
2015-10-14 8:59:24 - DEBUG --> Archivo \components\com_jhotelreservation\classes\services\UserDataService.php 
2015-10-14 8:59:24 - DEBUG --> getUserData 
2015-10-14 8:59:24 - DEBUG --> Archivo \components\com_jhotelreservation\classes\services\UserDataService.php 
2015-10-14 8:59:24 - DEBUG --> getUserData 
2015-10-14 8:59:24 - DEBUG --> Archivo \components\com_jhotelreservation\classes\services\UserDataService.php 
2015-10-14 8:59:24 - DEBUG --> initializeUserData 
2015-10-14 8:59:24 - DEBUG --> UserData first: N; 
2015-10-14 8:59:24 - DEBUG --> Archivo \components\com_jhotelreservation\classes\services\UserDataService.php 
2015-10-14 8:59:24 - DEBUG --> createUserData 
2015-10-14 8:59:24 - DEBUG --> UserData end:  a:0:{} 
2015-10-14 8:59:24 - DEBUG --> Archivo \components\com_jhotelreservation\classes\services\UserDataService.php 
2015-10-14 8:59:24 - DEBUG --> initializeUserData 
2015-10-14 8:59:24 - DEBUG --> UserData first: a:0:{} 
2015-10-14 8:59:24 - DEBUG --> UserData end:  a:0:{} 
2015-10-14 8:59:24 - DEBUG --> Archivo \components\com_jhotelreservation\classes\services\UserDataService.php 
2015-10-14 8:59:24 - DEBUG --> initializeReservationData 
2015-10-14 8:59:24 - DEBUG --> UserData: a:0:{} 
2015-10-14 8:59:24 - DEBUG --> Archivo \components\com_jhotelreservation\classes\services\UserDataService.php 
2015-10-14 8:59:24 - DEBUG --> updateUserData 
2015-10-14 8:59:24 - DEBUG --> Archivo \components\com_jhotelreservation\classes\services\UserDataService.php 
2015-10-14 8:59:24 - DEBUG --> getUserData 
2015-10-14 8:59:24 - DEBUG --> Archivo \components\com_jhotelreservation\classes\services\UserDataService.php 
2015-10-14 8:59:24 - DEBUG --> setCurrency 
2015-10-14 8:59:24 - DEBUG --> Archivo \components\com_jhotelreservation\classes\services\UserDataService.php 
2015-10-14 8:59:24 - DEBUG --> getUserData 
2015-10-14 8:59:24 - DEBUG --> Archivo \components\com_jhotelreservation\classes\services\UserDataService.php 
2015-10-14 8:59:24 - DEBUG --> getUserData 
2015-10-14 8:59:24 - DEBUG --> Archivo \components\com_jhotelreservation\classes\services\UserDataService.php 
2015-10-14 8:59:24 - DEBUG --> getUserData 
2015-10-14 8:59:24 - DEBUG --> Archivo \components\com_jhotelreservationiews\hotel	mpl\hoteloverview.php 
2015-10-14 8:59:24 - DEBUG --> Accedió 
2015-10-14 8:59:29 - DEBUG --> Archivo \components\com_jhotelreservation\classes\services\UserDataService.php 
2015-10-14 8:59:29 - DEBUG --> initializeUserData 
2015-10-14 8:59:29 - DEBUG --> UserData first: N; 
2015-10-14 8:59:29 - DEBUG --> Archivo \components\com_jhotelreservation\classes\services\UserDataService.php 
2015-10-14 8:59:29 - DEBUG --> createUserData 
2015-10-14 8:59:29 - DEBUG --> UserData end:  a:0:{} 
2015-10-14 8:59:29 - DEBUG --> Archivo \components\com_jhotelreservation\classes\services\UserDataService.php 
2015-10-14 8:59:29 - DEBUG --> initializeUserData 
2015-10-14 8:59:29 - DEBUG --> UserData first: a:0:{} 
2015-10-14 8:59:29 - DEBUG --> UserData end:  a:0:{} 
2015-10-14 8:59:29 - DEBUG --> Archivo \components\com_jhotelreservation\classes\services\UserDataService.php 
2015-10-14 8:59:29 - DEBUG --> initializeReservationData 
2015-10-14 8:59:29 - DEBUG --> UserData: a:0:{} 
2015-10-14 8:59:29 - DEBUG --> Archivo \components\com_jhotelreservation\classes\services\UserDataService.php 
2015-10-14 8:59:29 - DEBUG --> updateUserData 
2015-10-14 8:59:29 - DEBUG --> Archivo \components\com_jhotelreservation\classes\services\UserDataService.php 
2015-10-14 8:59:29 - DEBUG --> getUserData 
2015-10-14 8:59:29 - DEBUG --> Archivo \components\com_jhotelreservation\classes\services\UserDataService.php 
2015-10-14 8:59:29 - DEBUG --> setCurrency 
2015-10-14 8:59:29 - DEBUG --> Archivo \components\com_jhotelreservation\classes\services\UserDataService.php 
2015-10-14 8:59:29 - DEBUG --> getUserData 
2015-10-14 8:59:29 - DEBUG --> Archivo \components\com_jhotelreservation\classes\services\UserDataService.php 
2015-10-14 8:59:29 - DEBUG --> getUserData 
2015-10-14 8:59:29 - DEBUG --> Archivo \components\com_jhotelreservation\classes\services\UserDataService.php 
2015-10-14 8:59:29 - DEBUG --> getUserData 
2015-10-14 8:59:29 - DEBUG --> Archivo \components\com_jhotelreservation\classes\services\UserDataService.php 
2015-10-14 8:59:29 - DEBUG --> initializeUserData 
2015-10-14 8:59:29 - DEBUG --> UserData first: N; 
2015-10-14 8:59:29 - DEBUG --> Archivo \components\com_jhotelreservation\classes\services\UserDataService.php 
2015-10-14 8:59:29 - DEBUG --> createUserData 
2015-10-14 8:59:29 - DEBUG --> UserData end:  a:0:{} 
2015-10-14 8:59:29 - DEBUG --> Archivo \components\com_jhotelreservation\classes\services\UserDataService.php 
2015-10-14 8:59:29 - DEBUG --> initializeUserData 
2015-10-14 8:59:29 - DEBUG --> UserData first: a:0:{} 
2015-10-14 8:59:29 - DEBUG --> UserData end:  a:0:{} 
2015-10-14 8:59:29 - DEBUG --> Archivo \components\com_jhotelreservation\classes\services\UserDataService.php 
2015-10-14 8:59:29 - DEBUG --> initializeReservationData 
2015-10-14 8:59:29 - DEBUG --> UserData: a:0:{} 
2015-10-14 8:59:29 - DEBUG --> Archivo \components\com_jhotelreservation\classes\services\UserDataService.php 
2015-10-14 8:59:29 - DEBUG --> updateUserData 
2015-10-14 8:59:29 - DEBUG --> Archivo \components\com_jhotelreservation\classes\services\UserDataService.php 
2015-10-14 8:59:29 - DEBUG --> getUserData 
2015-10-14 8:59:29 - DEBUG --> Archivo \components\com_jhotelreservation\classes\services\UserDataService.php 
2015-10-14 8:59:29 - DEBUG --> setCurrency 
2015-10-14 8:59:29 - DEBUG --> Archivo \components\com_jhotelreservation\classes\services\UserDataService.php 
2015-10-14 8:59:29 - DEBUG --> getUserData 
2015-10-14 8:59:29 - DEBUG --> Archivo \components\com_jhotelreservation\classes\services\UserDataService.php 
2015-10-14 8:59:29 - DEBUG --> getUserData 
2015-10-14 8:59:29 - DEBUG --> Archivo \components\com_jhotelreservation\classes\services\UserDataService.php 
2015-10-14 8:59:29 - DEBUG --> getUserData 
2015-10-14 8:59:29 - DEBUG --> Archivo \components\com_jhotelreservationiews\hotel	mpl\hoteloverview.php 
2015-10-14 8:59:29 - DEBUG --> Accedió 
2015-10-14 8:59:30 - DEBUG --> Archivo \components\com_jhotelreservation\classes\services\UserDataService.php 
2015-10-14 8:59:30 - DEBUG --> initializeUserData 
2015-10-14 8:59:30 - DEBUG --> UserData first: N; 
2015-10-14 8:59:30 - DEBUG --> Archivo \components\com_jhotelreservation\classes\services\UserDataService.php 
2015-10-14 8:59:30 - DEBUG --> createUserData 
2015-10-14 8:59:30 - DEBUG --> UserData end:  a:0:{} 
2015-10-14 8:59:30 - DEBUG --> Archivo \components\com_jhotelreservation\classes\services\UserDataService.php 
2015-10-14 8:59:30 - DEBUG --> initializeUserData 
2015-10-14 8:59:30 - DEBUG --> UserData first: a:0:{} 
2015-10-14 8:59:30 - DEBUG --> UserData end:  a:0:{} 
2015-10-14 8:59:30 - DEBUG --> Archivo \components\com_jhotelreservation\classes\services\UserDataService.php 
2015-10-14 8:59:30 - DEBUG --> initializeReservationData 
2015-10-14 8:59:30 - DEBUG --> UserData: a:0:{} 
2015-10-14 8:59:30 - DEBUG --> Archivo \components\com_jhotelreservation\classes\services\UserDataService.php 
2015-10-14 8:59:30 - DEBUG --> updateUserData 
2015-10-14 8:59:30 - DEBUG --> Archivo \components\com_jhotelreservation\classes\services\UserDataService.php 
2015-10-14 8:59:30 - DEBUG --> getUserData 
2015-10-14 8:59:30 - DEBUG --> Archivo \components\com_jhotelreservation\classes\services\UserDataService.php 
2015-10-14 8:59:30 - DEBUG --> setCurrency 
2015-10-14 8:59:30 - DEBUG --> Archivo \components\com_jhotelreservation\classes\services\UserDataService.php 
2015-10-14 8:59:30 - DEBUG --> getUserData 
2015-10-14 8:59:31 - DEBUG --> Archivo \components\com_jhotelreservation\classes\services\UserDataService.php 
2015-10-14 8:59:31 - DEBUG --> getUserData 
2015-10-14 8:59:31 - DEBUG --> Archivo \components\com_jhotelreservation\classes\services\UserDataService.php 
2015-10-14 8:59:31 - DEBUG --> getUserData 
2015-10-14 8:59:31 - DEBUG --> Archivo \components\com_jhotelreservation\classes\services\UserDataService.php 
2015-10-14 8:59:31 - DEBUG --> initializeUserData 
2015-10-14 8:59:31 - DEBUG --> UserData first: N; 
2015-10-14 8:59:31 - DEBUG --> Archivo \components\com_jhotelreservation\classes\services\UserDataService.php 
2015-10-14 8:59:31 - DEBUG --> createUserData 
2015-10-14 8:59:31 - DEBUG --> UserData end:  a:0:{} 
2015-10-14 8:59:31 - DEBUG --> Archivo \components\com_jhotelreservation\classes\services\UserDataService.php 
2015-10-14 8:59:31 - DEBUG --> initializeUserData 
2015-10-14 8:59:31 - DEBUG --> UserData first: a:0:{} 
2015-10-14 8:59:31 - DEBUG --> UserData end:  a:0:{} 
2015-10-14 8:59:31 - DEBUG --> Archivo \components\com_jhotelreservation\classes\services\UserDataService.php 
2015-10-14 8:59:31 - DEBUG --> initializeReservationData 
2015-10-14 8:59:31 - DEBUG --> UserData: a:0:{} 
2015-10-14 8:59:31 - DEBUG --> Archivo \components\com_jhotelreservation\classes\services\UserDataService.php 
2015-10-14 8:59:31 - DEBUG --> updateUserData 
2015-10-14 8:59:31 - DEBUG --> Archivo \components\com_jhotelreservation\classes\services\UserDataService.php 
2015-10-14 8:59:31 - DEBUG --> getUserData 
2015-10-14 8:59:31 - DEBUG --> Archivo \components\com_jhotelreservation\classes\services\UserDataService.php 
2015-10-14 8:59:31 - DEBUG --> setCurrency 
2015-10-14 8:59:31 - DEBUG --> Archivo \components\com_jhotelreservation\classes\services\UserDataService.php 
2015-10-14 8:59:31 - DEBUG --> getUserData 
2015-10-14 8:59:31 - DEBUG --> Archivo \components\com_jhotelreservation\classes\services\UserDataService.php 
2015-10-14 8:59:31 - DEBUG --> getUserData 
2015-10-14 8:59:31 - DEBUG --> Archivo \components\com_jhotelreservation\classes\services\UserDataService.php 
2015-10-14 8:59:31 - DEBUG --> getUserData 
2015-10-14 8:59:36 - DEBUG --> Archivo \components\com_jhotelreservation\classes\services\UserDataService.php 
2015-10-14 8:59:36 - DEBUG --> initializeUserData 
2015-10-14 8:59:36 - DEBUG --> UserData first: N; 
2015-10-14 8:59:36 - DEBUG --> Archivo \components\com_jhotelreservation\classes\services\UserDataService.php 
2015-10-14 8:59:36 - DEBUG --> createUserData 
2015-10-14 8:59:36 - DEBUG --> UserData end:  a:0:{} 
2015-10-14 8:59:36 - DEBUG --> Archivo \components\com_jhotelreservation\classes\services\UserDataService.php 
2015-10-14 8:59:36 - DEBUG --> initializeUserData 
2015-10-14 8:59:36 - DEBUG --> UserData first: a:0:{} 
2015-10-14 8:59:36 - DEBUG --> UserData end:  a:0:{} 
2015-10-14 8:59:36 - DEBUG --> Archivo \components\com_jhotelreservation\classes\services\UserDataService.php 
2015-10-14 8:59:36 - DEBUG --> initializeReservationData 
2015-10-14 8:59:36 - DEBUG --> UserData: a:0:{} 
2015-10-14 8:59:36 - DEBUG --> Archivo \components\com_jhotelreservation\classes\services\UserDataService.php 
2015-10-14 8:59:36 - DEBUG --> updateUserData 
2015-10-14 8:59:36 - DEBUG --> Archivo \components\com_jhotelreservation\classes\services\UserDataService.php 
2015-10-14 8:59:36 - DEBUG --> getUserData 
2015-10-14 8:59:36 - DEBUG --> Archivo \components\com_jhotelreservation\classes\services\UserDataService.php 
2015-10-14 8:59:36 - DEBUG --> setCurrency 
2015-10-14 8:59:36 - DEBUG --> Archivo \components\com_jhotelreservation\classes\services\UserDataService.php 
2015-10-14 8:59:36 - DEBUG --> getUserData 
2015-10-14 8:59:36 - DEBUG --> Archivo \components\com_jhotelreservation\classes\services\UserDataService.php 
2015-10-14 8:59:36 - DEBUG --> getUserData 
2015-10-14 8:59:36 - DEBUG --> Archivo \components\com_jhotelreservation\classes\services\UserDataService.php 
2015-10-14 8:59:36 - DEBUG --> getUserData 
2015-10-14 8:59:36 - DEBUG --> Archivo \components\com_jhotelreservationiews\hotel	mpl\hoteloverview.php 
2015-10-14 8:59:36 - DEBUG --> Accedió 
2015-10-14 8:59:36 - DEBUG --> Archivo \components\com_jhotelreservation\classes\services\UserDataService.php 
2015-10-14 8:59:36 - DEBUG --> initializeUserData 
2015-10-14 8:59:36 - DEBUG --> UserData first: N; 
2015-10-14 8:59:36 - DEBUG --> Archivo \components\com_jhotelreservation\classes\services\UserDataService.php 
2015-10-14 8:59:36 - DEBUG --> createUserData 
2015-10-14 8:59:36 - DEBUG --> UserData end:  a:0:{} 
2015-10-14 8:59:36 - DEBUG --> Archivo \components\com_jhotelreservation\classes\services\UserDataService.php 
2015-10-14 8:59:36 - DEBUG --> initializeUserData 
2015-10-14 8:59:36 - DEBUG --> UserData first: a:0:{} 
2015-10-14 8:59:36 - DEBUG --> UserData end:  a:0:{} 
2015-10-14 8:59:36 - DEBUG --> Archivo \components\com_jhotelreservation\classes\services\UserDataService.php 
2015-10-14 8:59:36 - DEBUG --> initializeReservationData 
2015-10-14 8:59:36 - DEBUG --> UserData: a:0:{} 
2015-10-14 8:59:36 - DEBUG --> Archivo \components\com_jhotelreservation\classes\services\UserDataService.php 
2015-10-14 8:59:36 - DEBUG --> updateUserData 
2015-10-14 8:59:36 - DEBUG --> Archivo \components\com_jhotelreservation\classes\services\UserDataService.php 
2015-10-14 8:59:36 - DEBUG --> getUserData 
2015-10-14 8:59:36 - DEBUG --> Archivo \components\com_jhotelreservation\classes\services\UserDataService.php 
2015-10-14 8:59:36 - DEBUG --> setCurrency 
2015-10-14 8:59:36 - DEBUG --> Archivo \components\com_jhotelreservation\classes\services\UserDataService.php 
2015-10-14 8:59:36 - DEBUG --> getUserData 
2015-10-14 8:59:36 - DEBUG --> Archivo \components\com_jhotelreservation\classes\services\UserDataService.php 
2015-10-14 8:59:36 - DEBUG --> getUserData 
2015-10-14 8:59:36 - DEBUG --> Archivo \components\com_jhotelreservation\classes\services\UserDataService.php 
2015-10-14 8:59:36 - DEBUG --> getUserData 
2015-10-14 8:59:36 - DEBUG --> Archivo \components\com_jhotelreservation\classes\services\UserDataService.php 
2015-10-14 8:59:36 - DEBUG --> initializeUserData 
2015-10-14 8:59:36 - DEBUG --> UserData first: N; 
2015-10-14 8:59:36 - DEBUG --> Archivo \components\com_jhotelreservation\classes\services\UserDataService.php 
2015-10-14 8:59:36 - DEBUG --> createUserData 
2015-10-14 8:59:36 - DEBUG --> UserData end:  a:0:{} 
2015-10-14 8:59:36 - DEBUG --> Archivo \components\com_jhotelreservation\classes\services\UserDataService.php 
2015-10-14 8:59:36 - DEBUG --> initializeUserData 
2015-10-14 8:59:36 - DEBUG --> UserData first: a:0:{} 
2015-10-14 8:59:36 - DEBUG --> UserData end:  a:0:{} 
2015-10-14 8:59:36 - DEBUG --> Archivo \components\com_jhotelreservation\classes\services\UserDataService.php 
2015-10-14 8:59:36 - DEBUG --> initializeReservationData 
2015-10-14 8:59:36 - DEBUG --> UserData: a:0:{} 
2015-10-14 8:59:36 - DEBUG --> Archivo \components\com_jhotelreservation\classes\services\UserDataService.php 
2015-10-14 8:59:36 - DEBUG --> updateUserData 
2015-10-14 8:59:36 - DEBUG --> Archivo \components\com_jhotelreservation\classes\services\UserDataService.php 
2015-10-14 8:59:36 - DEBUG --> getUserData 
2015-10-14 8:59:36 - DEBUG --> Archivo \components\com_jhotelreservation\classes\services\UserDataService.php 
2015-10-14 8:59:36 - DEBUG --> setCurrency 
2015-10-14 8:59:36 - DEBUG --> Archivo \components\com_jhotelreservation\classes\services\UserDataService.php 
2015-10-14 8:59:36 - DEBUG --> getUserData 
2015-10-14 8:59:36 - DEBUG --> Archivo \components\com_jhotelreservation\classes\services\UserDataService.php 
2015-10-14 8:59:36 - DEBUG --> getUserData 
2015-10-14 8:59:36 - DEBUG --> Archivo \components\com_jhotelreservation\classes\services\UserDataService.php 
2015-10-14 8:59:36 - DEBUG --> getUserData 
2015-10-14 8:59:36 - DEBUG --> Archivo \components\com_jhotelreservationiews\hotel	mpl\hoteloverview.php 
2015-10-14 8:59:36 - DEBUG --> Accedió 
2015-10-14 8:59:37 - DEBUG --> Archivo \components\com_jhotelreservation\classes\services\UserDataService.php 
2015-10-14 8:59:37 - DEBUG --> initializeUserData 
2015-10-14 8:59:37 - DEBUG --> UserData first: N; 
2015-10-14 8:59:37 - DEBUG --> Archivo \components\com_jhotelreservation\classes\services\UserDataService.php 
2015-10-14 8:59:37 - DEBUG --> createUserData 
2015-10-14 8:59:37 - DEBUG --> UserData end:  a:0:{} 
2015-10-14 8:59:37 - DEBUG --> Archivo \components\com_jhotelreservation\classes\services\UserDataService.php 
2015-10-14 8:59:37 - DEBUG --> initializeUserData 
2015-10-14 8:59:37 - DEBUG --> UserData first: a:0:{} 
2015-10-14 8:59:37 - DEBUG --> UserData end:  a:0:{} 
2015-10-14 8:59:37 - DEBUG --> Archivo \components\com_jhotelreservation\classes\services\UserDataService.php 
2015-10-14 8:59:37 - DEBUG --> initializeReservationData 
2015-10-14 8:59:37 - DEBUG --> UserData: a:0:{} 
2015-10-14 8:59:37 - DEBUG --> Archivo \components\com_jhotelreservation\classes\services\UserDataService.php 
2015-10-14 8:59:37 - DEBUG --> updateUserData 
2015-10-14 8:59:37 - DEBUG --> Archivo \components\com_jhotelreservation\classes\services\UserDataService.php 
2015-10-14 8:59:37 - DEBUG --> getUserData 
2015-10-14 8:59:37 - DEBUG --> Archivo \components\com_jhotelreservation\classes\services\UserDataService.php 
2015-10-14 8:59:37 - DEBUG --> setCurrency 
2015-10-14 8:59:37 - DEBUG --> Archivo \components\com_jhotelreservation\classes\services\UserDataService.php 
2015-10-14 8:59:37 - DEBUG --> getUserData 
2015-10-14 8:59:37 - DEBUG --> Archivo \components\com_jhotelreservation\classes\services\UserDataService.php 
2015-10-14 8:59:37 - DEBUG --> getUserData 
2015-10-14 8:59:37 - DEBUG --> Archivo \components\com_jhotelreservation\classes\services\UserDataService.php 
2015-10-14 8:59:37 - DEBUG --> getUserData 
2015-10-14 8:59:37 - DEBUG --> Archivo \components\com_jhotelreservationiews\hotel	mpl\hoteloverview.php 
2015-10-14 8:59:37 - DEBUG --> Accedió 
2015-10-14 9:53:54 - DEBUG --> Archivo \components\com_jhotelreservation\classes\services\UserDataService.php 
2015-10-14 9:53:54 - DEBUG --> initializeUserData 
2015-10-14 9:53:54 - DEBUG --> UserData first: N; 
2015-10-14 9:53:54 - DEBUG --> Archivo \components\com_jhotelreservation\classes\services\UserDataService.php 
2015-10-14 9:53:54 - DEBUG --> createUserData 
2015-10-14 9:53:54 - DEBUG --> UserData end:  a:0:{} 
2015-10-14 9:53:54 - DEBUG --> Archivo \components\com_jhotelreservation\classes\services\UserDataService.php 
2015-10-14 9:53:54 - DEBUG --> initializeUserData 
2015-10-14 9:53:54 - DEBUG --> UserData first: a:0:{} 
2015-10-14 9:53:54 - DEBUG --> UserData end:  a:0:{} 
2015-10-14 9:53:54 - DEBUG --> Archivo \components\com_jhotelreservation\classes\services\UserDataService.php 
2015-10-14 9:53:54 - DEBUG --> initializeReservationData 
2015-10-14 9:53:54 - DEBUG --> UserData: a:0:{} 
2015-10-14 9:53:54 - DEBUG --> Archivo \components\com_jhotelreservation\classes\services\UserDataService.php 
2015-10-14 9:53:54 - DEBUG --> updateUserData 
2015-10-14 9:53:54 - DEBUG --> Archivo \components\com_jhotelreservation\classes\services\UserDataService.php 
2015-10-14 9:53:54 - DEBUG --> getUserData 
2015-10-14 9:53:54 - DEBUG --> Archivo \components\com_jhotelreservation\classes\services\UserDataService.php 
2015-10-14 9:53:54 - DEBUG --> setCurrency 
2015-10-14 9:53:54 - DEBUG --> Archivo \components\com_jhotelreservation\classes\services\UserDataService.php 
2015-10-14 9:53:54 - DEBUG --> getUserData 
2015-10-14 9:53:54 - DEBUG --> Archivo \components\com_jhotelreservation\classes\services\UserDataService.php 
2015-10-14 9:53:54 - DEBUG --> getUserData 
2015-10-14 9:53:54 - DEBUG --> Archivo \components\com_jhotelreservation\classes\services\UserDataService.php 
2015-10-14 9:53:54 - DEBUG --> getUserData 
2015-10-14 9:53:54 - DEBUG --> Archivo \components\com_jhotelreservationiews\hotel	mpl\hoteloverview.php 
2015-10-14 9:53:54 - DEBUG --> Accedió 
2015-10-14 15:54:44 - DEBUG --> Archivo \components\com_jhotelreservation\classes\services\UserDataService.php 
2015-10-14 15:54:44 - DEBUG --> initializeUserData 
2015-10-14 15:54:44 - DEBUG --> UserData first: N; 
2015-10-14 15:54:44 - DEBUG --> Archivo \components\com_jhotelreservation\classes\services\UserDataService.php 
2015-10-14 15:54:44 - DEBUG --> createUserData 
2015-10-14 15:54:44 - DEBUG --> UserData end:  a:0:{} 
2015-10-14 15:54:44 - DEBUG --> Archivo \components\com_jhotelreservation\classes\services\UserDataService.php 
2015-10-14 15:54:44 - DEBUG --> initializeUserData 
2015-10-14 15:54:44 - DEBUG --> UserData first: a:0:{} 
2015-10-14 15:54:44 - DEBUG --> UserData end:  a:0:{} 
2015-10-14 15:54:44 - DEBUG --> Archivo \components\com_jhotelreservation\classes\services\UserDataService.php 
2015-10-14 15:54:44 - DEBUG --> initializeReservationData 
2015-10-14 15:54:44 - DEBUG --> UserData: a:0:{} 
2015-10-14 15:54:44 - DEBUG --> Archivo \components\com_jhotelreservation\classes\services\UserDataService.php 
2015-10-14 15:54:44 - DEBUG --> updateUserData 
2015-10-14 15:54:44 - DEBUG --> Archivo \components\com_jhotelreservation\classes\services\UserDataService.php 
2015-10-14 15:54:44 - DEBUG --> getUserData 
2015-10-14 15:54:44 - DEBUG --> Archivo \components\com_jhotelreservation\classes\services\UserDataService.php 
2015-10-14 15:54:44 - DEBUG --> setCurrency 
2015-10-14 15:54:44 - DEBUG --> Archivo \components\com_jhotelreservation\classes\services\UserDataService.php 
2015-10-14 15:54:44 - DEBUG --> getUserData 
2015-10-14 15:54:44 - DEBUG --> Archivo \components\com_jhotelreservation\classes\services\UserDataService.php 
2015-10-14 15:54:44 - DEBUG --> getUserData 
2015-10-14 15:54:44 - DEBUG --> Archivo \components\com_jhotelreservation\classes\services\UserDataService.php 
2015-10-14 15:54:44 - DEBUG --> getUserData 
2015-10-14 15:54:44 - DEBUG --> Archivo \components\com_jhotelreservationiews\hotel	mpl\hoteloverview.php 
2015-10-14 15:54:44 - DEBUG --> Accedió 
2015-10-14 16:16:07 - DEBUG --> Archivo \components\com_jhotelreservation\classes\services\UserDataService.php 
2015-10-14 16:16:07 - DEBUG --> initializeUserData 
2015-10-14 16:16:07 - DEBUG --> UserData first: N; 
2015-10-14 16:16:07 - DEBUG --> Archivo \components\com_jhotelreservation\classes\services\UserDataService.php 
2015-10-14 16:16:07 - DEBUG --> createUserData 
2015-10-14 16:16:07 - DEBUG --> UserData end:  a:0:{} 
2015-10-14 16:16:07 - DEBUG --> Archivo \components\com_jhotelreservation\classes\services\UserDataService.php 
2015-10-14 16:16:07 - DEBUG --> initializeUserData 
2015-10-14 16:16:07 - DEBUG --> UserData first: a:0:{} 
2015-10-14 16:16:07 - DEBUG --> UserData end:  a:0:{} 
2015-10-14 16:16:07 - DEBUG --> Archivo \components\com_jhotelreservation\classes\services\UserDataService.php 
2015-10-14 16:16:07 - DEBUG --> initializeReservationData 
2015-10-14 16:16:07 - DEBUG --> UserData: a:0:{} 
2015-10-14 16:16:07 - DEBUG --> Archivo \components\com_jhotelreservation\classes\services\UserDataService.php 
2015-10-14 16:16:07 - DEBUG --> updateUserData 
2015-10-14 16:16:07 - DEBUG --> Archivo \components\com_jhotelreservation\classes\services\UserDataService.php 
2015-10-14 16:16:07 - DEBUG --> getUserData 
2015-10-14 16:16:07 - DEBUG --> Archivo \components\com_jhotelreservation\classes\services\UserDataService.php 
2015-10-14 16:16:07 - DEBUG --> setCurrency 
2015-10-14 16:16:07 - DEBUG --> Archivo \components\com_jhotelreservation\classes\services\UserDataService.php 
2015-10-14 16:16:07 - DEBUG --> getUserData 
2015-10-14 16:16:07 - DEBUG --> Archivo \components\com_jhotelreservation\classes\services\UserDataService.php 
2015-10-14 16:16:07 - DEBUG --> getUserData 
2015-10-14 16:16:07 - DEBUG --> Archivo \components\com_jhotelreservation\classes\services\UserDataService.php 
2015-10-14 16:16:07 - DEBUG --> getUserData 
2015-10-14 16:16:07 - DEBUG --> Archivo \components\com_jhotelreservationiews\hotel	mpl\hoteloverview.php 
2015-10-14 16:16:07 - DEBUG --> Accedió 
2015-10-14 18:26:06 - DEBUG --> Archivo \components\com_jhotelreservation\classes\services\UserDataService.php 
2015-10-14 18:26:06 - DEBUG --> initializeUserData 
2015-10-14 18:26:06 - DEBUG --> UserData first: N; 
2015-10-14 18:26:06 - DEBUG --> Archivo \components\com_jhotelreservation\classes\services\UserDataService.php 
2015-10-14 18:26:06 - DEBUG --> createUserData 
2015-10-14 18:26:06 - DEBUG --> UserData end:  a:0:{} 
2015-10-14 18:26:06 - DEBUG --> Archivo \components\com_jhotelreservation\classes\services\UserDataService.php 
2015-10-14 18:26:06 - DEBUG --> initializeUserData 
2015-10-14 18:26:06 - DEBUG --> UserData first: a:0:{} 
2015-10-14 18:26:06 - DEBUG --> UserData end:  a:0:{} 
2015-10-14 18:26:06 - DEBUG --> Archivo \components\com_jhotelreservation\classes\services\UserDataService.php 
2015-10-14 18:26:06 - DEBUG --> initializeReservationData 
2015-10-14 18:26:06 - DEBUG --> UserData: a:0:{} 
2015-10-14 18:26:06 - DEBUG --> Archivo \components\com_jhotelreservation\classes\services\UserDataService.php 
2015-10-14 18:26:06 - DEBUG --> updateUserData 
2015-10-14 18:26:06 - DEBUG --> Archivo \components\com_jhotelreservation\classes\services\UserDataService.php 
2015-10-14 18:26:06 - DEBUG --> getUserData 
2015-10-14 18:26:06 - DEBUG --> Archivo \components\com_jhotelreservation\classes\services\UserDataService.php 
2015-10-14 18:26:06 - DEBUG --> setCurrency 
2015-10-14 18:26:06 - DEBUG --> Archivo \components\com_jhotelreservation\classes\services\UserDataService.php 
2015-10-14 18:26:06 - DEBUG --> getUserData 
2015-10-14 18:26:06 - DEBUG --> Archivo \components\com_jhotelreservation\classes\services\UserDataService.php 
2015-10-14 18:26:06 - DEBUG --> getUserData 
2015-10-14 18:26:06 - DEBUG --> Archivo \components\com_jhotelreservation\classes\services\UserDataService.php 
2015-10-14 18:26:06 - DEBUG --> getUserData 
2015-10-14 18:26:06 - DEBUG --> Archivo \components\com_jhotelreservationiews\hotel	mpl\hoteloverview.php 
2015-10-14 18:26:06 - DEBUG --> Accedió 
2015-10-14 19:12:07 - DEBUG --> Archivo \components\com_jhotelreservation\classes\services\UserDataService.php 
2015-10-14 19:12:07 - DEBUG --> initializeUserData 
2015-10-14 19:12:07 - DEBUG --> UserData first: N; 
2015-10-14 19:12:07 - DEBUG --> Archivo \components\com_jhotelreservation\classes\services\UserDataService.php 
2015-10-14 19:12:07 - DEBUG --> createUserData 
2015-10-14 19:12:07 - DEBUG --> UserData end:  a:0:{} 
2015-10-14 19:12:07 - DEBUG --> Archivo \components\com_jhotelreservation\classes\services\UserDataService.php 
2015-10-14 19:12:07 - DEBUG --> initializeUserData 
2015-10-14 19:12:07 - DEBUG --> UserData first: a:0:{} 
2015-10-14 19:12:07 - DEBUG --> UserData end:  a:0:{} 
2015-10-14 19:12:07 - DEBUG --> Archivo \components\com_jhotelreservation\classes\services\UserDataService.php 
2015-10-14 19:12:07 - DEBUG --> initializeReservationData 
2015-10-14 19:12:07 - DEBUG --> UserData: a:0:{} 
2015-10-14 19:12:07 - DEBUG --> Archivo \components\com_jhotelreservation\classes\services\UserDataService.php 
2015-10-14 19:12:07 - DEBUG --> updateUserData 
2015-10-14 19:12:07 - DEBUG --> Archivo \components\com_jhotelreservation\classes\services\UserDataService.php 
2015-10-14 19:12:07 - DEBUG --> getUserData 
2015-10-14 19:12:07 - DEBUG --> Archivo \components\com_jhotelreservation\classes\services\UserDataService.php 
2015-10-14 19:12:07 - DEBUG --> setCurrency 
2015-10-14 19:12:07 - DEBUG --> Archivo \components\com_jhotelreservation\classes\services\UserDataService.php 
2015-10-14 19:12:07 - DEBUG --> getUserData 
2015-10-14 19:12:07 - DEBUG --> Archivo \components\com_jhotelreservation\classes\services\UserDataService.php 
2015-10-14 19:12:07 - DEBUG --> getUserData 
2015-10-14 19:12:07 - DEBUG --> Archivo \components\com_jhotelreservation\classes\services\UserDataService.php 
2015-10-14 19:12:07 - DEBUG --> getUserData 
2015-10-14 19:12:07 - DEBUG --> Archivo \components\com_jhotelreservationiews\hotel	mpl\hoteloverview.php 
2015-10-14 19:12:07 - DEBUG --> Accedió 
2015-10-14 20:57:32 - DEBUG --> Archivo \components\com_jhotelreservation\classes\services\UserDataService.php 
2015-10-14 20:57:32 - DEBUG --> initializeUserData 
2015-10-14 20:57:32 - DEBUG --> UserData first: N; 
2015-10-14 20:57:32 - DEBUG --> Archivo \components\com_jhotelreservation\classes\services\UserDataService.php 
2015-10-14 20:57:32 - DEBUG --> createUserData 
2015-10-14 20:57:32 - DEBUG --> UserData end:  a:0:{} 
2015-10-14 20:57:32 - DEBUG --> Archivo \components\com_jhotelreservation\classes\services\UserDataService.php 
2015-10-14 20:57:32 - DEBUG --> initializeUserData 
2015-10-14 20:57:32 - DEBUG --> UserData first: a:0:{} 
2015-10-14 20:57:32 - DEBUG --> UserData end:  a:0:{} 
2015-10-14 20:57:32 - DEBUG --> Archivo \components\com_jhotelreservation\classes\services\UserDataService.php 
2015-10-14 20:57:32 - DEBUG --> initializeReservationData 
2015-10-14 20:57:32 - DEBUG --> UserData: a:0:{} 
2015-10-14 20:57:32 - DEBUG --> Archivo \components\com_jhotelreservation\classes\services\UserDataService.php 
2015-10-14 20:57:32 - DEBUG --> updateUserData 
2015-10-14 20:57:32 - DEBUG --> Archivo \components\com_jhotelreservation\classes\services\UserDataService.php 
2015-10-14 20:57:32 - DEBUG --> getUserData 
2015-10-14 20:57:32 - DEBUG --> Archivo \components\com_jhotelreservation\classes\services\UserDataService.php 
2015-10-14 20:57:32 - DEBUG --> setCurrency 
2015-10-14 20:57:32 - DEBUG --> Archivo \components\com_jhotelreservation\classes\services\UserDataService.php 
2015-10-14 20:57:32 - DEBUG --> getUserData 
2015-10-14 20:57:32 - DEBUG --> Archivo \components\com_jhotelreservation\classes\services\UserDataService.php 
2015-10-14 20:57:32 - DEBUG --> getUserData 
2015-10-14 20:57:32 - DEBUG --> Archivo \components\com_jhotelreservation\classes\services\UserDataService.php 
2015-10-14 20:57:32 - DEBUG --> getUserData 
2015-10-14 20:57:32 - DEBUG --> Archivo \components\com_jhotelreservationiews\hotel	mpl\hoteloverview.php 
2015-10-14 20:57:32 - DEBUG --> Accedió 
2015-10-14 21:05:47 - DEBUG --> Archivo \components\com_jhotelreservation\classes\services\UserDataService.php 
2015-10-14 21:05:47 - DEBUG --> initializeUserData 
2015-10-14 21:05:47 - DEBUG --> UserData first: N; 
2015-10-14 21:05:47 - DEBUG --> Archivo \components\com_jhotelreservation\classes\services\UserDataService.php 
2015-10-14 21:05:47 - DEBUG --> createUserData 
2015-10-14 21:05:47 - DEBUG --> UserData end:  a:0:{} 
2015-10-14 21:10:12 - DEBUG --> Archivo \components\com_jhotelreservation\classes\services\UserDataService.php 
2015-10-14 21:10:12 - DEBUG --> initializeUserData 
2015-10-14 21:10:12 - DEBUG --> UserData first: N; 
2015-10-14 21:10:12 - DEBUG --> Archivo \components\com_jhotelreservation\classes\services\UserDataService.php 
2015-10-14 21:10:12 - DEBUG --> createUserData 
2015-10-14 21:10:12 - DEBUG --> UserData end:  a:0:{} 
2015-10-14 21:10:12 - DEBUG --> Archivo \components\com_jhotelreservation\classes\services\UserDataService.php 
2015-10-14 21:10:12 - DEBUG --> initializeUserData 
2015-10-14 21:10:12 - DEBUG --> UserData first: a:0:{} 
2015-10-14 21:10:12 - DEBUG --> UserData end:  a:0:{} 
2015-10-14 21:10:12 - DEBUG --> Archivo \components\com_jhotelreservation\classes\services\UserDataService.php 
2015-10-14 21:10:12 - DEBUG --> initializeReservationData 
2015-10-14 21:10:12 - DEBUG --> UserData: a:0:{} 
2015-10-14 21:10:12 - DEBUG --> Archivo \components\com_jhotelreservation\classes\services\UserDataService.php 
2015-10-14 21:10:12 - DEBUG --> updateUserData 
2015-10-14 21:10:12 - DEBUG --> Archivo \components\com_jhotelreservation\classes\services\UserDataService.php 
2015-10-14 21:10:12 - DEBUG --> getUserData 
2015-10-14 21:10:12 - DEBUG --> Archivo \components\com_jhotelreservation\classes\services\UserDataService.php 
2015-10-14 21:10:12 - DEBUG --> setCurrency 
2015-10-14 21:10:12 - DEBUG --> Archivo \components\com_jhotelreservation\classes\services\UserDataService.php 
2015-10-14 21:10:12 - DEBUG --> getUserData 
2015-10-14 21:10:12 - DEBUG --> Archivo \components\com_jhotelreservation\classes\services\UserDataService.php 
2015-10-14 21:10:12 - DEBUG --> getUserData 
2015-10-14 21:10:12 - DEBUG --> Archivo \components\com_jhotelreservation\classes\services\UserDataService.php 
2015-10-14 21:10:12 - DEBUG --> getUserData 
2015-10-14 21:10:12 - DEBUG --> Archivo \components\com_jhotelreservationiews\hotel	mpl\hoteloverview.php 
2015-10-14 21:10:12 - DEBUG --> Accedió 
2015-10-14 21:27:17 - DEBUG --> Archivo \components\com_jhotelreservation\classes\services\UserDataService.php 
2015-10-14 21:27:17 - DEBUG --> initializeUserData 
2015-10-14 21:27:17 - DEBUG --> UserData first: N; 
2015-10-14 21:27:17 - DEBUG --> Archivo \components\com_jhotelreservation\classes\services\UserDataService.php 
2015-10-14 21:27:17 - DEBUG --> createUserData 
2015-10-14 21:27:17 - DEBUG --> UserData end:  a:0:{} 
2015-10-14 21:27:17 - DEBUG --> Archivo \components\com_jhotelreservation\classes\services\UserDataService.php 
2015-10-14 21:27:17 - DEBUG --> initializeUserData 
2015-10-14 21:27:17 - DEBUG --> UserData first: a:0:{} 
2015-10-14 21:27:17 - DEBUG --> UserData end:  a:0:{} 
2015-10-14 21:27:17 - DEBUG --> Archivo \components\com_jhotelreservation\classes\services\UserDataService.php 
2015-10-14 21:27:17 - DEBUG --> initializeReservationData 
2015-10-14 21:27:17 - DEBUG --> UserData: a:0:{} 
2015-10-14 21:27:17 - DEBUG --> Archivo \components\com_jhotelreservation\classes\services\UserDataService.php 
2015-10-14 21:27:17 - DEBUG --> updateUserData 
2015-10-14 21:27:17 - DEBUG --> Archivo \components\com_jhotelreservation\classes\services\UserDataService.php 
2015-10-14 21:27:17 - DEBUG --> getUserData 
2015-10-14 21:27:17 - DEBUG --> Archivo \components\com_jhotelreservation\classes\services\UserDataService.php 
2015-10-14 21:27:17 - DEBUG --> setCurrency 
2015-10-14 21:27:17 - DEBUG --> Archivo \components\com_jhotelreservation\classes\services\UserDataService.php 
2015-10-14 21:27:17 - DEBUG --> getUserData 
2015-10-14 21:27:17 - DEBUG --> Archivo \components\com_jhotelreservation\classes\services\UserDataService.php 
2015-10-14 21:27:17 - DEBUG --> getUserData 
2015-10-14 21:27:17 - DEBUG --> Archivo \components\com_jhotelreservation\classes\services\UserDataService.php 
2015-10-14 21:27:17 - DEBUG --> getUserData 
2015-10-14 21:27:17 - DEBUG --> Archivo \components\com_jhotelreservationiews\hotel	mpl\hoteloverview.php 
2015-10-14 21:27:17 - DEBUG --> Accedió 
2015-10-14 23:13:48 - DEBUG --> Archivo \components\com_jhotelreservation\classes\services\UserDataService.php 
2015-10-14 23:13:48 - DEBUG --> initializeUserData 
2015-10-14 23:13:48 - DEBUG --> UserData first: N; 
2015-10-14 23:13:48 - DEBUG --> Archivo \components\com_jhotelreservation\classes\services\UserDataService.php 
2015-10-14 23:13:48 - DEBUG --> createUserData 
2015-10-14 23:13:48 - DEBUG --> UserData end:  a:0:{} 
2015-10-14 23:13:48 - DEBUG --> Archivo \components\com_jhotelreservation\classes\services\UserDataService.php 
2015-10-14 23:13:48 - DEBUG --> initializeUserData 
2015-10-14 23:13:48 - DEBUG --> UserData first: a:0:{} 
2015-10-14 23:13:48 - DEBUG --> UserData end:  a:0:{} 
2015-10-14 23:13:48 - DEBUG --> Archivo \components\com_jhotelreservation\classes\services\UserDataService.php 
2015-10-14 23:13:48 - DEBUG --> initializeReservationData 
2015-10-14 23:13:48 - DEBUG --> UserData: a:0:{} 
2015-10-14 23:13:48 - DEBUG --> Archivo \components\com_jhotelreservation\classes\services\UserDataService.php 
2015-10-14 23:13:48 - DEBUG --> updateUserData 
2015-10-14 23:13:48 - DEBUG --> Archivo \components\com_jhotelreservation\classes\services\UserDataService.php 
2015-10-14 23:13:48 - DEBUG --> getUserData 
2015-10-14 23:13:48 - DEBUG --> Archivo \components\com_jhotelreservation\classes\services\UserDataService.php 
2015-10-14 23:13:48 - DEBUG --> setCurrency 
2015-10-14 23:13:48 - DEBUG --> Archivo \components\com_jhotelreservation\classes\services\UserDataService.php 
2015-10-14 23:13:48 - DEBUG --> getUserData 
2015-10-14 23:13:48 - DEBUG --> Archivo \components\com_jhotelreservation\classes\services\UserDataService.php 
2015-10-14 23:13:48 - DEBUG --> getUserData 
2015-10-14 23:13:48 - DEBUG --> Archivo \components\com_jhotelreservation\classes\services\UserDataService.php 
2015-10-14 23:13:48 - DEBUG --> getUserData 
2015-10-14 23:13:48 - DEBUG --> Archivo \components\com_jhotelreservationiews\hotel	mpl\hoteloverview.php 
2015-10-14 23:13:48 - DEBUG --> Accedió 
