2015-10-06 0:14:09 - DEBUG --> Archivo \components\com_jhotelreservation\classes\services\UserDataService.php 
2015-10-06 0:14:09 - DEBUG --> initializeUserData 
2015-10-06 0:14:09 - DEBUG --> UserData first: N; 
2015-10-06 0:14:09 - DEBUG --> Archivo \components\com_jhotelreservation\classes\services\UserDataService.php 
2015-10-06 0:14:09 - DEBUG --> createUserData 
2015-10-06 0:14:09 - DEBUG --> UserData end:  a:0:{} 
2015-10-06 0:14:09 - DEBUG --> Archivo \components\com_jhotelreservation\classes\services\UserDataService.php 
2015-10-06 0:14:09 - DEBUG --> initializeUserData 
2015-10-06 0:14:09 - DEBUG --> UserData first: a:0:{} 
2015-10-06 0:14:09 - DEBUG --> UserData end:  a:0:{} 
2015-10-06 0:14:09 - DEBUG --> Archivo \components\com_jhotelreservation\classes\services\UserDataService.php 
2015-10-06 0:14:09 - DEBUG --> initializeReservationData 
2015-10-06 0:14:09 - DEBUG --> UserData: a:0:{} 
2015-10-06 0:14:09 - DEBUG --> Archivo \components\com_jhotelreservation\classes\services\UserDataService.php 
2015-10-06 0:14:09 - DEBUG --> updateUserData 
2015-10-06 0:14:09 - DEBUG --> Archivo \components\com_jhotelreservation\classes\services\UserDataService.php 
2015-10-06 0:14:09 - DEBUG --> getUserData 
2015-10-06 0:14:09 - DEBUG --> Archivo \components\com_jhotelreservation\classes\services\UserDataService.php 
2015-10-06 0:14:09 - DEBUG --> setCurrency 
2015-10-06 0:14:09 - DEBUG --> Archivo \components\com_jhotelreservation\classes\services\UserDataService.php 
2015-10-06 0:14:09 - DEBUG --> getUserData 
2015-10-06 0:14:09 - DEBUG --> Archivo \components\com_jhotelreservation\classes\services\UserDataService.php 
2015-10-06 0:14:09 - DEBUG --> getUserData 
2015-10-06 0:14:09 - DEBUG --> Archivo \components\com_jhotelreservation\classes\services\UserDataService.php 
2015-10-06 0:14:09 - DEBUG --> getUserData 
2015-10-06 0:14:09 - DEBUG --> Archivo \components\com_jhotelreservationiews\hotel	mpl\hoteloverview.php 
2015-10-06 0:14:09 - DEBUG --> Accedió 
2015-10-06 0:32:58 - DEBUG --> Archivo \components\com_jhotelreservation\classes\services\UserDataService.php 
2015-10-06 0:32:58 - DEBUG --> initializeUserData 
2015-10-06 0:32:58 - DEBUG --> UserData first: N; 
2015-10-06 0:32:58 - DEBUG --> Archivo \components\com_jhotelreservation\classes\services\UserDataService.php 
2015-10-06 0:32:58 - DEBUG --> createUserData 
2015-10-06 0:32:58 - DEBUG --> UserData end:  a:0:{} 
2015-10-06 0:32:58 - DEBUG --> Archivo \components\com_jhotelreservation\classes\services\UserDataService.php 
2015-10-06 0:32:58 - DEBUG --> initializeUserData 
2015-10-06 0:32:58 - DEBUG --> UserData first: a:0:{} 
2015-10-06 0:32:58 - DEBUG --> UserData end:  a:0:{} 
2015-10-06 0:32:58 - DEBUG --> Archivo \components\com_jhotelreservation\classes\services\UserDataService.php 
2015-10-06 0:32:58 - DEBUG --> initializeReservationData 
2015-10-06 0:32:58 - DEBUG --> UserData: a:0:{} 
2015-10-06 0:32:58 - DEBUG --> Archivo \components\com_jhotelreservation\classes\services\UserDataService.php 
2015-10-06 0:32:58 - DEBUG --> updateUserData 
2015-10-06 0:32:58 - DEBUG --> Archivo \components\com_jhotelreservation\classes\services\UserDataService.php 
2015-10-06 0:32:58 - DEBUG --> getUserData 
2015-10-06 0:32:58 - DEBUG --> Archivo \components\com_jhotelreservation\classes\services\UserDataService.php 
2015-10-06 0:32:58 - DEBUG --> setCurrency 
2015-10-06 0:32:58 - DEBUG --> Archivo \components\com_jhotelreservation\classes\services\UserDataService.php 
2015-10-06 0:32:58 - DEBUG --> getUserData 
2015-10-06 0:32:58 - DEBUG --> Archivo \components\com_jhotelreservation\classes\services\UserDataService.php 
2015-10-06 0:32:58 - DEBUG --> getUserData 
2015-10-06 0:32:58 - DEBUG --> Archivo \components\com_jhotelreservation\classes\services\UserDataService.php 
2015-10-06 0:32:58 - DEBUG --> getUserData 
2015-10-06 0:59:18 - DEBUG --> Archivo \components\com_jhotelreservation\classes\services\UserDataService.php 
2015-10-06 0:59:18 - DEBUG --> initializeUserData 
2015-10-06 0:59:18 - DEBUG --> UserData first: N; 
2015-10-06 0:59:18 - DEBUG --> Archivo \components\com_jhotelreservation\classes\services\UserDataService.php 
2015-10-06 0:59:18 - DEBUG --> createUserData 
2015-10-06 0:59:18 - DEBUG --> UserData end:  a:0:{} 
2015-10-06 0:59:18 - DEBUG --> Archivo \components\com_jhotelreservation\classes\services\UserDataService.php 
2015-10-06 0:59:18 - DEBUG --> initializeUserData 
2015-10-06 0:59:18 - DEBUG --> UserData first: a:0:{} 
2015-10-06 0:59:18 - DEBUG --> UserData end:  a:0:{} 
2015-10-06 0:59:18 - DEBUG --> Archivo \components\com_jhotelreservation\classes\services\UserDataService.php 
2015-10-06 0:59:18 - DEBUG --> initializeReservationData 
2015-10-06 0:59:18 - DEBUG --> UserData: a:0:{} 
2015-10-06 0:59:18 - DEBUG --> Archivo \components\com_jhotelreservation\classes\services\UserDataService.php 
2015-10-06 0:59:18 - DEBUG --> updateUserData 
2015-10-06 0:59:18 - DEBUG --> Archivo \components\com_jhotelreservation\classes\services\UserDataService.php 
2015-10-06 0:59:18 - DEBUG --> getUserData 
2015-10-06 0:59:18 - DEBUG --> Archivo \components\com_jhotelreservation\classes\services\UserDataService.php 
2015-10-06 0:59:18 - DEBUG --> setCurrency 
2015-10-06 0:59:18 - DEBUG --> Archivo \components\com_jhotelreservation\classes\services\UserDataService.php 
2015-10-06 0:59:18 - DEBUG --> getUserData 
2015-10-06 0:59:18 - DEBUG --> Archivo \components\com_jhotelreservation\classes\services\UserDataService.php 
2015-10-06 0:59:18 - DEBUG --> getUserData 
2015-10-06 0:59:18 - DEBUG --> Archivo \components\com_jhotelreservation\classes\services\UserDataService.php 
2015-10-06 0:59:18 - DEBUG --> getUserData 
2015-10-06 0:59:18 - DEBUG --> Archivo \components\com_jhotelreservationiews\hotel	mpl\hoteloverview.php 
2015-10-06 0:59:18 - DEBUG --> Accedió 
2015-10-06 0:59:20 - DEBUG --> Archivo \components\com_jhotelreservation\classes\services\UserDataService.php 
2015-10-06 0:59:20 - DEBUG --> initializeUserData 
2015-10-06 0:59:20 - DEBUG --> UserData first: N; 
2015-10-06 0:59:20 - DEBUG --> Archivo \components\com_jhotelreservation\classes\services\UserDataService.php 
2015-10-06 0:59:20 - DEBUG --> createUserData 
2015-10-06 0:59:20 - DEBUG --> UserData end:  a:0:{} 
2015-10-06 0:59:20 - DEBUG --> Archivo \components\com_jhotelreservation\classes\services\UserDataService.php 
2015-10-06 0:59:20 - DEBUG --> initializeUserData 
2015-10-06 0:59:20 - DEBUG --> UserData first: a:0:{} 
2015-10-06 0:59:20 - DEBUG --> UserData end:  a:0:{} 
2015-10-06 0:59:20 - DEBUG --> Archivo \components\com_jhotelreservation\classes\services\UserDataService.php 
2015-10-06 0:59:20 - DEBUG --> initializeReservationData 
2015-10-06 0:59:20 - DEBUG --> UserData: a:0:{} 
2015-10-06 0:59:20 - DEBUG --> Archivo \components\com_jhotelreservation\classes\services\UserDataService.php 
2015-10-06 0:59:20 - DEBUG --> updateUserData 
2015-10-06 0:59:20 - DEBUG --> Archivo \components\com_jhotelreservation\classes\services\UserDataService.php 
2015-10-06 0:59:20 - DEBUG --> getUserData 
2015-10-06 0:59:20 - DEBUG --> Archivo \components\com_jhotelreservation\classes\services\UserDataService.php 
2015-10-06 0:59:20 - DEBUG --> setCurrency 
2015-10-06 0:59:20 - DEBUG --> Archivo \components\com_jhotelreservation\classes\services\UserDataService.php 
2015-10-06 0:59:20 - DEBUG --> getUserData 
2015-10-06 0:59:20 - DEBUG --> Archivo \components\com_jhotelreservation\classes\services\UserDataService.php 
2015-10-06 0:59:20 - DEBUG --> getUserData 
2015-10-06 0:59:20 - DEBUG --> Archivo \components\com_jhotelreservation\classes\services\UserDataService.php 
2015-10-06 0:59:20 - DEBUG --> getUserData 
2015-10-06 0:59:20 - DEBUG --> Archivo \components\com_jhotelreservationiews\hotel	mpl\hoteloverview.php 
2015-10-06 0:59:20 - DEBUG --> Accedió 
2015-10-06 3:34:30 - DEBUG --> Archivo \components\com_jhotelreservation\classes\services\UserDataService.php 
2015-10-06 3:34:30 - DEBUG --> initializeUserData 
2015-10-06 3:34:30 - DEBUG --> UserData first: N; 
2015-10-06 3:34:30 - DEBUG --> Archivo \components\com_jhotelreservation\classes\services\UserDataService.php 
2015-10-06 3:34:30 - DEBUG --> createUserData 
2015-10-06 3:34:30 - DEBUG --> UserData end:  a:0:{} 
2015-10-06 3:34:30 - DEBUG --> Archivo \components\com_jhotelreservation\classes\services\UserDataService.php 
2015-10-06 3:34:30 - DEBUG --> initializeUserData 
2015-10-06 3:34:30 - DEBUG --> UserData first: a:0:{} 
2015-10-06 3:34:30 - DEBUG --> UserData end:  a:0:{} 
2015-10-06 3:34:30 - DEBUG --> Archivo \components\com_jhotelreservation\classes\services\UserDataService.php 
2015-10-06 3:34:30 - DEBUG --> initializeReservationData 
2015-10-06 3:34:30 - DEBUG --> UserData: a:0:{} 
2015-10-06 3:34:30 - DEBUG --> Archivo \components\com_jhotelreservation\classes\services\UserDataService.php 
2015-10-06 3:34:30 - DEBUG --> updateUserData 
2015-10-06 3:34:30 - DEBUG --> Archivo \components\com_jhotelreservation\classes\services\UserDataService.php 
2015-10-06 3:34:30 - DEBUG --> getUserData 
2015-10-06 3:34:30 - DEBUG --> Archivo \components\com_jhotelreservation\classes\services\UserDataService.php 
2015-10-06 3:34:30 - DEBUG --> setCurrency 
2015-10-06 3:34:30 - DEBUG --> Archivo \components\com_jhotelreservation\classes\services\UserDataService.php 
2015-10-06 3:34:30 - DEBUG --> getUserData 
2015-10-06 3:34:30 - DEBUG --> Archivo \components\com_jhotelreservation\classes\services\UserDataService.php 
2015-10-06 3:34:30 - DEBUG --> getUserData 
2015-10-06 3:34:30 - DEBUG --> Archivo \components\com_jhotelreservation\classes\services\UserDataService.php 
2015-10-06 3:34:30 - DEBUG --> getUserData 
2015-10-06 6:45:53 - DEBUG --> Archivo \components\com_jhotelreservation\classes\services\UserDataService.php 
2015-10-06 6:45:53 - DEBUG --> initializeUserData 
2015-10-06 6:45:53 - DEBUG --> UserData first: N; 
2015-10-06 6:45:53 - DEBUG --> Archivo \components\com_jhotelreservation\classes\services\UserDataService.php 
2015-10-06 6:45:53 - DEBUG --> createUserData 
2015-10-06 6:45:53 - DEBUG --> UserData end:  a:0:{} 
2015-10-06 6:45:53 - DEBUG --> Archivo \components\com_jhotelreservation\classes\services\UserDataService.php 
2015-10-06 6:45:53 - DEBUG --> initializeUserData 
2015-10-06 6:45:53 - DEBUG --> UserData first: a:0:{} 
2015-10-06 6:45:53 - DEBUG --> UserData end:  a:0:{} 
2015-10-06 6:45:53 - DEBUG --> Archivo \components\com_jhotelreservation\classes\services\UserDataService.php 
2015-10-06 6:45:53 - DEBUG --> initializeReservationData 
2015-10-06 6:45:53 - DEBUG --> UserData: a:0:{} 
2015-10-06 6:45:53 - DEBUG --> Archivo \components\com_jhotelreservation\classes\services\UserDataService.php 
2015-10-06 6:45:53 - DEBUG --> updateUserData 
2015-10-06 6:45:53 - DEBUG --> Archivo \components\com_jhotelreservation\classes\services\UserDataService.php 
2015-10-06 6:45:53 - DEBUG --> getUserData 
2015-10-06 6:45:53 - DEBUG --> Archivo \components\com_jhotelreservation\classes\services\UserDataService.php 
2015-10-06 6:45:53 - DEBUG --> setCurrency 
2015-10-06 6:45:53 - DEBUG --> Archivo \components\com_jhotelreservation\classes\services\UserDataService.php 
2015-10-06 6:45:53 - DEBUG --> getUserData 
2015-10-06 6:45:53 - DEBUG --> Archivo \components\com_jhotelreservation\classes\services\UserDataService.php 
2015-10-06 6:45:53 - DEBUG --> getUserData 
2015-10-06 6:45:53 - DEBUG --> Archivo \components\com_jhotelreservation\classes\services\UserDataService.php 
2015-10-06 6:45:53 - DEBUG --> getUserData 
2015-10-06 6:45:53 - DEBUG --> Archivo \components\com_jhotelreservationiews\hotel	mpl\hoteloverview.php 
2015-10-06 6:45:53 - DEBUG --> Accedió 
2015-10-06 6:50:13 - DEBUG --> Archivo \components\com_jhotelreservation\classes\services\UserDataService.php 
2015-10-06 6:50:13 - DEBUG --> initializeUserData 
2015-10-06 6:50:13 - DEBUG --> UserData first: N; 
2015-10-06 6:50:13 - DEBUG --> Archivo \components\com_jhotelreservation\classes\services\UserDataService.php 
2015-10-06 6:50:13 - DEBUG --> createUserData 
2015-10-06 6:50:13 - DEBUG --> UserData end:  a:0:{} 
2015-10-06 6:50:18 - DEBUG --> Archivo \components\com_jhotelreservation\classes\services\UserDataService.php 
2015-10-06 6:50:18 - DEBUG --> initializeUserData 
2015-10-06 6:50:18 - DEBUG --> UserData first: N; 
2015-10-06 6:50:18 - DEBUG --> Archivo \components\com_jhotelreservation\classes\services\UserDataService.php 
2015-10-06 6:50:18 - DEBUG --> createUserData 
2015-10-06 6:50:18 - DEBUG --> UserData end:  a:0:{} 
2015-10-06 6:50:18 - DEBUG --> Archivo \components\com_jhotelreservation\classes\services\UserDataService.php 
2015-10-06 6:50:18 - DEBUG --> initializeUserData 
2015-10-06 6:50:18 - DEBUG --> UserData first: a:0:{} 
2015-10-06 6:50:18 - DEBUG --> UserData end:  a:0:{} 
2015-10-06 6:50:18 - DEBUG --> Archivo \components\com_jhotelreservation\classes\services\UserDataService.php 
2015-10-06 6:50:18 - DEBUG --> initializeReservationData 
2015-10-06 6:50:18 - DEBUG --> UserData: a:0:{} 
2015-10-06 6:50:18 - DEBUG --> Archivo \components\com_jhotelreservation\classes\services\UserDataService.php 
2015-10-06 6:50:18 - DEBUG --> updateUserData 
2015-10-06 6:50:18 - DEBUG --> Archivo \components\com_jhotelreservation\classes\services\UserDataService.php 
2015-10-06 6:50:18 - DEBUG --> getUserData 
2015-10-06 6:50:18 - DEBUG --> Archivo \components\com_jhotelreservation\classes\services\UserDataService.php 
2015-10-06 6:50:18 - DEBUG --> setCurrency 
2015-10-06 6:50:18 - DEBUG --> Archivo \components\com_jhotelreservation\classes\services\UserDataService.php 
2015-10-06 6:50:18 - DEBUG --> getUserData 
2015-10-06 6:50:18 - DEBUG --> Archivo \components\com_jhotelreservation\classes\services\UserDataService.php 
2015-10-06 6:50:18 - DEBUG --> getUserData 
2015-10-06 6:50:18 - DEBUG --> Archivo \components\com_jhotelreservation\classes\services\UserDataService.php 
2015-10-06 6:50:18 - DEBUG --> getUserData 
2015-10-06 6:50:18 - DEBUG --> Archivo \components\com_jhotelreservationiews\hotel	mpl\hoteloverview.php 
2015-10-06 6:50:18 - DEBUG --> Accedió 
2015-10-06 6:50:20 - DEBUG --> Archivo \components\com_jhotelreservation\classes\services\UserDataService.php 
2015-10-06 6:50:20 - DEBUG --> initializeUserData 
2015-10-06 6:50:20 - DEBUG --> UserData first: N; 
2015-10-06 6:50:20 - DEBUG --> Archivo \components\com_jhotelreservation\classes\services\UserDataService.php 
2015-10-06 6:50:20 - DEBUG --> createUserData 
2015-10-06 6:50:20 - DEBUG --> UserData end:  a:0:{} 
2015-10-06 6:50:20 - DEBUG --> Archivo \components\com_jhotelreservation\classes\services\UserDataService.php 
2015-10-06 6:50:20 - DEBUG --> initializeUserData 
2015-10-06 6:50:20 - DEBUG --> UserData first: a:0:{} 
2015-10-06 6:50:20 - DEBUG --> UserData end:  a:0:{} 
2015-10-06 6:50:20 - DEBUG --> Archivo \components\com_jhotelreservation\classes\services\UserDataService.php 
2015-10-06 6:50:20 - DEBUG --> initializeReservationData 
2015-10-06 6:50:20 - DEBUG --> UserData: a:0:{} 
2015-10-06 6:50:20 - DEBUG --> Archivo \components\com_jhotelreservation\classes\services\UserDataService.php 
2015-10-06 6:50:20 - DEBUG --> updateUserData 
2015-10-06 6:50:20 - DEBUG --> Archivo \components\com_jhotelreservation\classes\services\UserDataService.php 
2015-10-06 6:50:20 - DEBUG --> getUserData 
2015-10-06 6:50:20 - DEBUG --> Archivo \components\com_jhotelreservation\classes\services\UserDataService.php 
2015-10-06 6:50:20 - DEBUG --> setCurrency 
2015-10-06 6:50:20 - DEBUG --> Archivo \components\com_jhotelreservation\classes\services\UserDataService.php 
2015-10-06 6:50:20 - DEBUG --> getUserData 
2015-10-06 6:50:20 - DEBUG --> Archivo \components\com_jhotelreservation\classes\services\UserDataService.php 
2015-10-06 6:50:20 - DEBUG --> getUserData 
2015-10-06 6:50:20 - DEBUG --> Archivo \components\com_jhotelreservation\classes\services\UserDataService.php 
2015-10-06 6:50:20 - DEBUG --> getUserData 
2015-10-06 6:50:20 - DEBUG --> Archivo \components\com_jhotelreservationiews\hotel	mpl\hoteloverview.php 
2015-10-06 6:50:20 - DEBUG --> Accedió 
2015-10-06 6:50:22 - DEBUG --> Archivo \components\com_jhotelreservation\classes\services\UserDataService.php 
2015-10-06 6:50:22 - DEBUG --> initializeUserData 
2015-10-06 6:50:22 - DEBUG --> UserData first: N; 
2015-10-06 6:50:22 - DEBUG --> Archivo \components\com_jhotelreservation\classes\services\UserDataService.php 
2015-10-06 6:50:22 - DEBUG --> createUserData 
2015-10-06 6:50:22 - DEBUG --> UserData end:  a:0:{} 
2015-10-06 6:50:22 - DEBUG --> Archivo \components\com_jhotelreservation\classes\services\UserDataService.php 
2015-10-06 6:50:22 - DEBUG --> initializeUserData 
2015-10-06 6:50:22 - DEBUG --> UserData first: a:0:{} 
2015-10-06 6:50:22 - DEBUG --> UserData end:  a:0:{} 
2015-10-06 6:50:22 - DEBUG --> Archivo \components\com_jhotelreservation\classes\services\UserDataService.php 
2015-10-06 6:50:22 - DEBUG --> initializeReservationData 
2015-10-06 6:50:22 - DEBUG --> UserData: a:0:{} 
2015-10-06 6:50:22 - DEBUG --> Archivo \components\com_jhotelreservation\classes\services\UserDataService.php 
2015-10-06 6:50:22 - DEBUG --> updateUserData 
2015-10-06 6:50:22 - DEBUG --> Archivo \components\com_jhotelreservation\classes\services\UserDataService.php 
2015-10-06 6:50:22 - DEBUG --> getUserData 
2015-10-06 6:50:23 - DEBUG --> Archivo \components\com_jhotelreservation\classes\services\UserDataService.php 
2015-10-06 6:50:23 - DEBUG --> setCurrency 
2015-10-06 6:50:23 - DEBUG --> Archivo \components\com_jhotelreservation\classes\services\UserDataService.php 
2015-10-06 6:50:23 - DEBUG --> getUserData 
2015-10-06 6:50:23 - DEBUG --> Archivo \components\com_jhotelreservation\classes\services\UserDataService.php 
2015-10-06 6:50:23 - DEBUG --> getUserData 
2015-10-06 6:50:23 - DEBUG --> Archivo \components\com_jhotelreservation\classes\services\UserDataService.php 
2015-10-06 6:50:23 - DEBUG --> getUserData 
2015-10-06 6:50:23 - DEBUG --> Archivo \components\com_jhotelreservationiews\hotel	mpl\hoteloverview.php 
2015-10-06 6:50:23 - DEBUG --> Accedió 
2015-10-06 6:50:25 - DEBUG --> Archivo \components\com_jhotelreservation\classes\services\UserDataService.php 
2015-10-06 6:50:25 - DEBUG --> initializeUserData 
2015-10-06 6:50:25 - DEBUG --> UserData first: N; 
2015-10-06 6:50:25 - DEBUG --> Archivo \components\com_jhotelreservation\classes\services\UserDataService.php 
2015-10-06 6:50:25 - DEBUG --> createUserData 
2015-10-06 6:50:25 - DEBUG --> UserData end:  a:0:{} 
2015-10-06 6:50:25 - DEBUG --> Archivo \components\com_jhotelreservation\classes\services\UserDataService.php 
2015-10-06 6:50:25 - DEBUG --> initializeUserData 
2015-10-06 6:50:25 - DEBUG --> UserData first: a:0:{} 
2015-10-06 6:50:25 - DEBUG --> UserData end:  a:0:{} 
2015-10-06 6:50:25 - DEBUG --> Archivo \components\com_jhotelreservation\classes\services\UserDataService.php 
2015-10-06 6:50:25 - DEBUG --> initializeReservationData 
2015-10-06 6:50:25 - DEBUG --> UserData: a:0:{} 
2015-10-06 6:50:25 - DEBUG --> Archivo \components\com_jhotelreservation\classes\services\UserDataService.php 
2015-10-06 6:50:25 - DEBUG --> updateUserData 
2015-10-06 6:50:25 - DEBUG --> Archivo \components\com_jhotelreservation\classes\services\UserDataService.php 
2015-10-06 6:50:25 - DEBUG --> getUserData 
2015-10-06 6:50:25 - DEBUG --> Archivo \components\com_jhotelreservation\classes\services\UserDataService.php 
2015-10-06 6:50:25 - DEBUG --> setCurrency 
2015-10-06 6:50:25 - DEBUG --> Archivo \components\com_jhotelreservation\classes\services\UserDataService.php 
2015-10-06 6:50:25 - DEBUG --> getUserData 
2015-10-06 6:50:25 - DEBUG --> Archivo \components\com_jhotelreservation\classes\services\UserDataService.php 
2015-10-06 6:50:25 - DEBUG --> getUserData 
2015-10-06 6:50:25 - DEBUG --> Archivo \components\com_jhotelreservation\classes\services\UserDataService.php 
2015-10-06 6:50:25 - DEBUG --> getUserData 
2015-10-06 6:50:25 - DEBUG --> Archivo \components\com_jhotelreservationiews\hotel	mpl\hoteloverview.php 
2015-10-06 6:50:25 - DEBUG --> Accedió 
2015-10-06 9:13:31 - DEBUG --> Archivo \components\com_jhotelreservation\classes\services\UserDataService.php 
2015-10-06 9:13:31 - DEBUG --> initializeUserData 
2015-10-06 9:13:31 - DEBUG --> UserData first: N; 
2015-10-06 9:13:31 - DEBUG --> Archivo \components\com_jhotelreservation\classes\services\UserDataService.php 
2015-10-06 9:13:31 - DEBUG --> createUserData 
2015-10-06 9:13:31 - DEBUG --> UserData end:  a:0:{} 
2015-10-06 9:13:31 - DEBUG --> Archivo \components\com_jhotelreservation\classes\services\UserDataService.php 
2015-10-06 9:13:31 - DEBUG --> initializeUserData 
2015-10-06 9:13:31 - DEBUG --> UserData first: a:0:{} 
2015-10-06 9:13:31 - DEBUG --> UserData end:  a:0:{} 
2015-10-06 9:13:31 - DEBUG --> Archivo \components\com_jhotelreservation\classes\services\UserDataService.php 
2015-10-06 9:13:31 - DEBUG --> initializeReservationData 
2015-10-06 9:13:31 - DEBUG --> UserData: a:0:{} 
2015-10-06 9:13:31 - DEBUG --> Archivo \components\com_jhotelreservation\classes\services\UserDataService.php 
2015-10-06 9:13:31 - DEBUG --> updateUserData 
2015-10-06 9:13:31 - DEBUG --> Archivo \components\com_jhotelreservation\classes\services\UserDataService.php 
2015-10-06 9:13:31 - DEBUG --> getUserData 
2015-10-06 9:13:31 - DEBUG --> Archivo \components\com_jhotelreservation\classes\services\UserDataService.php 
2015-10-06 9:13:31 - DEBUG --> setCurrency 
2015-10-06 9:13:31 - DEBUG --> Archivo \components\com_jhotelreservation\classes\services\UserDataService.php 
2015-10-06 9:13:31 - DEBUG --> getUserData 
2015-10-06 9:13:31 - DEBUG --> Archivo \components\com_jhotelreservation\classes\services\UserDataService.php 
2015-10-06 9:13:31 - DEBUG --> getUserData 
2015-10-06 9:13:31 - DEBUG --> Archivo \components\com_jhotelreservation\classes\services\UserDataService.php 
2015-10-06 9:13:31 - DEBUG --> getUserData 
2015-10-06 9:13:31 - DEBUG --> Archivo \components\com_jhotelreservationiews\hotel	mpl\hoteloverview.php 
2015-10-06 9:13:31 - DEBUG --> Accedió 
2015-10-06 10:02:51 - DEBUG --> Archivo \components\com_jhotelreservation\classes\services\UserDataService.php 
2015-10-06 10:02:51 - DEBUG --> initializeUserData 
2015-10-06 10:02:51 - DEBUG --> UserData first: N; 
2015-10-06 10:02:51 - DEBUG --> Archivo \components\com_jhotelreservation\classes\services\UserDataService.php 
2015-10-06 10:02:51 - DEBUG --> createUserData 
2015-10-06 10:02:51 - DEBUG --> UserData end:  a:0:{} 
2015-10-06 10:02:51 - DEBUG --> Archivo \components\com_jhotelreservation\classes\services\UserDataService.php 
2015-10-06 10:02:51 - DEBUG --> initializeUserData 
2015-10-06 10:02:51 - DEBUG --> UserData first: a:0:{} 
2015-10-06 10:02:51 - DEBUG --> UserData end:  a:0:{} 
2015-10-06 10:02:51 - DEBUG --> Archivo \components\com_jhotelreservation\classes\services\UserDataService.php 
2015-10-06 10:02:51 - DEBUG --> initializeReservationData 
2015-10-06 10:02:51 - DEBUG --> UserData: a:0:{} 
2015-10-06 10:02:51 - DEBUG --> Archivo \components\com_jhotelreservation\classes\services\UserDataService.php 
2015-10-06 10:02:51 - DEBUG --> updateUserData 
2015-10-06 10:02:51 - DEBUG --> Archivo \components\com_jhotelreservation\classes\services\UserDataService.php 
2015-10-06 10:02:51 - DEBUG --> getUserData 
2015-10-06 10:02:51 - DEBUG --> Archivo \components\com_jhotelreservation\classes\services\UserDataService.php 
2015-10-06 10:02:51 - DEBUG --> setCurrency 
2015-10-06 10:02:51 - DEBUG --> Archivo \components\com_jhotelreservation\classes\services\UserDataService.php 
2015-10-06 10:02:51 - DEBUG --> getUserData 
2015-10-06 10:02:51 - DEBUG --> Archivo \components\com_jhotelreservation\classes\services\UserDataService.php 
2015-10-06 10:02:51 - DEBUG --> getUserData 
2015-10-06 10:02:51 - DEBUG --> Archivo \components\com_jhotelreservation\classes\services\UserDataService.php 
2015-10-06 10:02:51 - DEBUG --> getUserData 
2015-10-06 11:17:21 - DEBUG --> Archivo \components\com_jhotelreservation\classes\services\UserDataService.php 
2015-10-06 11:17:21 - DEBUG --> initializeUserData 
2015-10-06 11:17:21 - DEBUG --> UserData first: N; 
2015-10-06 11:17:21 - DEBUG --> Archivo \components\com_jhotelreservation\classes\services\UserDataService.php 
2015-10-06 11:17:21 - DEBUG --> createUserData 
2015-10-06 11:17:21 - DEBUG --> UserData end:  a:0:{} 
2015-10-06 11:17:21 - DEBUG --> Archivo \components\com_jhotelreservation\classes\services\UserDataService.php 
2015-10-06 11:17:21 - DEBUG --> initializeUserData 
2015-10-06 11:17:21 - DEBUG --> UserData first: a:0:{} 
2015-10-06 11:17:21 - DEBUG --> UserData end:  a:0:{} 
2015-10-06 11:17:21 - DEBUG --> Archivo \components\com_jhotelreservation\classes\services\UserDataService.php 
2015-10-06 11:17:21 - DEBUG --> initializeReservationData 
2015-10-06 11:17:21 - DEBUG --> UserData: a:0:{} 
2015-10-06 11:17:21 - DEBUG --> Archivo \components\com_jhotelreservation\classes\services\UserDataService.php 
2015-10-06 11:17:21 - DEBUG --> updateUserData 
2015-10-06 11:17:21 - DEBUG --> Archivo \components\com_jhotelreservation\classes\services\UserDataService.php 
2015-10-06 11:17:21 - DEBUG --> getUserData 
2015-10-06 11:17:21 - DEBUG --> Archivo \components\com_jhotelreservation\classes\services\UserDataService.php 
2015-10-06 11:17:21 - DEBUG --> setCurrency 
2015-10-06 11:17:21 - DEBUG --> Archivo \components\com_jhotelreservation\classes\services\UserDataService.php 
2015-10-06 11:17:21 - DEBUG --> getUserData 
2015-10-06 11:17:21 - DEBUG --> Archivo \components\com_jhotelreservation\classes\services\UserDataService.php 
2015-10-06 11:17:21 - DEBUG --> getUserData 
2015-10-06 11:17:21 - DEBUG --> Archivo \components\com_jhotelreservation\classes\services\UserDataService.php 
2015-10-06 11:17:21 - DEBUG --> getUserData 
2015-10-06 11:17:21 - DEBUG --> Archivo \components\com_jhotelreservationiews\hotel	mpl\hoteloverview.php 
2015-10-06 11:17:21 - DEBUG --> Accedió 
2015-10-06 13:27:12 - DEBUG --> Archivo \components\com_jhotelreservation\classes\services\UserDataService.php 
2015-10-06 13:27:12 - DEBUG --> initializeUserData 
2015-10-06 13:27:12 - DEBUG --> UserData first: N; 
2015-10-06 13:27:12 - DEBUG --> Archivo \components\com_jhotelreservation\classes\services\UserDataService.php 
2015-10-06 13:27:12 - DEBUG --> createUserData 
2015-10-06 13:27:12 - DEBUG --> UserData end:  a:0:{} 
2015-10-06 13:27:12 - DEBUG --> Archivo \components\com_jhotelreservation\classes\services\UserDataService.php 
2015-10-06 13:27:12 - DEBUG --> initializeUserData 
2015-10-06 13:27:12 - DEBUG --> UserData first: a:0:{} 
2015-10-06 13:27:12 - DEBUG --> UserData end:  a:0:{} 
2015-10-06 13:27:12 - DEBUG --> Archivo \components\com_jhotelreservation\classes\services\UserDataService.php 
2015-10-06 13:27:12 - DEBUG --> initializeReservationData 
2015-10-06 13:27:12 - DEBUG --> UserData: a:0:{} 
2015-10-06 13:27:12 - DEBUG --> Archivo \components\com_jhotelreservation\classes\services\UserDataService.php 
2015-10-06 13:27:12 - DEBUG --> updateUserData 
2015-10-06 13:27:12 - DEBUG --> Archivo \components\com_jhotelreservation\classes\services\UserDataService.php 
2015-10-06 13:27:12 - DEBUG --> getUserData 
2015-10-06 13:27:12 - DEBUG --> Archivo \components\com_jhotelreservation\classes\services\UserDataService.php 
2015-10-06 13:27:12 - DEBUG --> setCurrency 
2015-10-06 13:27:12 - DEBUG --> Archivo \components\com_jhotelreservation\classes\services\UserDataService.php 
2015-10-06 13:27:12 - DEBUG --> getUserData 
2015-10-06 13:27:12 - DEBUG --> Archivo \components\com_jhotelreservation\classes\services\UserDataService.php 
2015-10-06 13:27:12 - DEBUG --> getUserData 
2015-10-06 13:27:12 - DEBUG --> Archivo \components\com_jhotelreservation\classes\services\UserDataService.php 
2015-10-06 13:27:12 - DEBUG --> getUserData 
2015-10-06 13:27:12 - DEBUG --> Archivo \components\com_jhotelreservationiews\hotel	mpl\hoteloverview.php 
2015-10-06 13:27:12 - DEBUG --> Accedió 
2015-10-06 14:35:24 - DEBUG --> Archivo \components\com_jhotelreservation\classes\services\UserDataService.php 
2015-10-06 14:35:24 - DEBUG --> initializeUserData 
2015-10-06 14:35:24 - DEBUG --> UserData first: N; 
2015-10-06 14:35:24 - DEBUG --> Archivo \components\com_jhotelreservation\classes\services\UserDataService.php 
2015-10-06 14:35:24 - DEBUG --> createUserData 
2015-10-06 14:35:24 - DEBUG --> UserData end:  a:0:{} 
2015-10-06 14:35:24 - DEBUG --> Archivo \components\com_jhotelreservation\classes\services\UserDataService.php 
2015-10-06 14:35:24 - DEBUG --> initializeUserData 
2015-10-06 14:35:24 - DEBUG --> UserData first: a:0:{} 
2015-10-06 14:35:24 - DEBUG --> UserData end:  a:0:{} 
2015-10-06 14:35:24 - DEBUG --> Archivo \components\com_jhotelreservation\classes\services\UserDataService.php 
2015-10-06 14:35:24 - DEBUG --> initializeReservationData 
2015-10-06 14:35:24 - DEBUG --> UserData: a:0:{} 
2015-10-06 14:35:24 - DEBUG --> Archivo \components\com_jhotelreservation\classes\services\UserDataService.php 
2015-10-06 14:35:24 - DEBUG --> updateUserData 
2015-10-06 14:35:24 - DEBUG --> Archivo \components\com_jhotelreservation\classes\services\UserDataService.php 
2015-10-06 14:35:24 - DEBUG --> getUserData 
2015-10-06 14:35:24 - DEBUG --> Archivo \components\com_jhotelreservation\classes\services\UserDataService.php 
2015-10-06 14:35:24 - DEBUG --> setCurrency 
2015-10-06 14:35:24 - DEBUG --> Archivo \components\com_jhotelreservation\classes\services\UserDataService.php 
2015-10-06 14:35:24 - DEBUG --> getUserData 
2015-10-06 14:35:24 - DEBUG --> Archivo \components\com_jhotelreservation\classes\services\UserDataService.php 
2015-10-06 14:35:24 - DEBUG --> getUserData 
2015-10-06 14:35:24 - DEBUG --> Archivo \components\com_jhotelreservation\classes\services\UserDataService.php 
2015-10-06 14:35:24 - DEBUG --> getUserData 
2015-10-06 14:35:24 - DEBUG --> Archivo \components\com_jhotelreservationiews\hotel	mpl\hoteloverview.php 
2015-10-06 14:35:24 - DEBUG --> Accedió 
2015-10-06 15:36:58 - DEBUG --> Archivo \components\com_jhotelreservation\classes\services\UserDataService.php 
2015-10-06 15:36:58 - DEBUG --> initializeUserData 
2015-10-06 15:36:58 - DEBUG --> UserData first: N; 
2015-10-06 15:36:58 - DEBUG --> Archivo \components\com_jhotelreservation\classes\services\UserDataService.php 
2015-10-06 15:36:58 - DEBUG --> createUserData 
2015-10-06 15:36:58 - DEBUG --> UserData end:  a:0:{} 
2015-10-06 15:36:58 - DEBUG --> Archivo \components\com_jhotelreservation\classes\services\UserDataService.php 
2015-10-06 15:36:58 - DEBUG --> initializeUserData 
2015-10-06 15:36:58 - DEBUG --> UserData first: a:0:{} 
2015-10-06 15:36:58 - DEBUG --> UserData end:  a:0:{} 
2015-10-06 15:36:58 - DEBUG --> Archivo \components\com_jhotelreservation\classes\services\UserDataService.php 
2015-10-06 15:36:58 - DEBUG --> initializeReservationData 
2015-10-06 15:36:58 - DEBUG --> UserData: a:0:{} 
2015-10-06 15:36:58 - DEBUG --> Archivo \components\com_jhotelreservation\classes\services\UserDataService.php 
2015-10-06 15:36:58 - DEBUG --> updateUserData 
2015-10-06 15:36:58 - DEBUG --> Archivo \components\com_jhotelreservation\classes\services\UserDataService.php 
2015-10-06 15:36:58 - DEBUG --> getUserData 
2015-10-06 15:36:58 - DEBUG --> Archivo \components\com_jhotelreservation\classes\services\UserDataService.php 
2015-10-06 15:36:58 - DEBUG --> setCurrency 
2015-10-06 15:36:58 - DEBUG --> Archivo \components\com_jhotelreservation\classes\services\UserDataService.php 
2015-10-06 15:36:58 - DEBUG --> getUserData 
2015-10-06 15:36:58 - DEBUG --> Archivo \components\com_jhotelreservation\classes\services\UserDataService.php 
2015-10-06 15:36:58 - DEBUG --> getUserData 
2015-10-06 15:36:58 - DEBUG --> Archivo \components\com_jhotelreservation\classes\services\UserDataService.php 
2015-10-06 15:36:58 - DEBUG --> getUserData 
2015-10-06 15:36:58 - DEBUG --> Archivo \components\com_jhotelreservationiews\hotel	mpl\hoteloverview.php 
2015-10-06 15:36:58 - DEBUG --> Accedió 
2015-10-06 18:00:18 - DEBUG --> Archivo \components\com_jhotelreservation\classes\services\UserDataService.php 
2015-10-06 18:00:18 - DEBUG --> initializeUserData 
2015-10-06 18:00:18 - DEBUG --> UserData first: N; 
2015-10-06 18:00:18 - DEBUG --> Archivo \components\com_jhotelreservation\classes\services\UserDataService.php 
2015-10-06 18:00:18 - DEBUG --> createUserData 
2015-10-06 18:00:18 - DEBUG --> UserData end:  a:0:{} 
2015-10-06 18:00:18 - DEBUG --> Archivo \components\com_jhotelreservation\classes\services\UserDataService.php 
2015-10-06 18:00:18 - DEBUG --> initializeUserData 
2015-10-06 18:00:18 - DEBUG --> UserData first: a:0:{} 
2015-10-06 18:00:18 - DEBUG --> UserData end:  a:0:{} 
2015-10-06 18:00:18 - DEBUG --> Archivo \components\com_jhotelreservation\classes\services\UserDataService.php 
2015-10-06 18:00:18 - DEBUG --> initializeReservationData 
2015-10-06 18:00:18 - DEBUG --> UserData: a:0:{} 
2015-10-06 18:00:18 - DEBUG --> Archivo \components\com_jhotelreservation\classes\services\UserDataService.php 
2015-10-06 18:00:18 - DEBUG --> updateUserData 
2015-10-06 18:00:18 - DEBUG --> Archivo \components\com_jhotelreservation\classes\services\UserDataService.php 
2015-10-06 18:00:18 - DEBUG --> getUserData 
2015-10-06 18:00:18 - DEBUG --> Archivo \components\com_jhotelreservation\classes\services\UserDataService.php 
2015-10-06 18:00:18 - DEBUG --> setCurrency 
2015-10-06 18:00:18 - DEBUG --> Archivo \components\com_jhotelreservation\classes\services\UserDataService.php 
2015-10-06 18:00:18 - DEBUG --> getUserData 
2015-10-06 18:00:18 - DEBUG --> Archivo \components\com_jhotelreservation\classes\services\UserDataService.php 
2015-10-06 18:00:18 - DEBUG --> getUserData 
2015-10-06 18:00:18 - DEBUG --> Archivo \components\com_jhotelreservation\classes\services\UserDataService.php 
2015-10-06 18:00:18 - DEBUG --> getUserData 
2015-10-06 18:00:18 - DEBUG --> Archivo \components\com_jhotelreservationiews\hotel	mpl\hoteloverview.php 
2015-10-06 18:00:18 - DEBUG --> Accedió 
2015-10-06 18:00:41 - DEBUG --> Archivo \components\com_jhotelreservation\classes\services\UserDataService.php 
2015-10-06 18:00:41 - DEBUG --> initializeUserData 
2015-10-06 18:00:41 - DEBUG --> UserData first: N; 
2015-10-06 18:00:41 - DEBUG --> Archivo \components\com_jhotelreservation\classes\services\UserDataService.php 
2015-10-06 18:00:41 - DEBUG --> createUserData 
2015-10-06 18:00:41 - DEBUG --> UserData end:  a:0:{} 
2015-10-06 18:00:41 - DEBUG --> Archivo \components\com_jhotelreservation\classes\services\UserDataService.php 
2015-10-06 18:00:41 - DEBUG --> initializeUserData 
2015-10-06 18:00:41 - DEBUG --> UserData first: a:0:{} 
2015-10-06 18:00:41 - DEBUG --> UserData end:  a:0:{} 
2015-10-06 18:00:41 - DEBUG --> Archivo \components\com_jhotelreservation\classes\services\UserDataService.php 
2015-10-06 18:00:41 - DEBUG --> initializeReservationData 
2015-10-06 18:00:41 - DEBUG --> UserData: a:0:{} 
2015-10-06 18:00:41 - DEBUG --> Archivo \components\com_jhotelreservation\classes\services\UserDataService.php 
2015-10-06 18:00:41 - DEBUG --> updateUserData 
2015-10-06 18:00:41 - DEBUG --> Archivo \components\com_jhotelreservation\classes\services\UserDataService.php 
2015-10-06 18:00:41 - DEBUG --> getUserData 
2015-10-06 18:00:41 - DEBUG --> Archivo \components\com_jhotelreservation\classes\services\UserDataService.php 
2015-10-06 18:00:41 - DEBUG --> setCurrency 
2015-10-06 18:00:41 - DEBUG --> Archivo \components\com_jhotelreservation\classes\services\UserDataService.php 
2015-10-06 18:00:41 - DEBUG --> getUserData 
2015-10-06 18:00:41 - DEBUG --> Archivo \components\com_jhotelreservation\classes\services\UserDataService.php 
2015-10-06 18:00:41 - DEBUG --> getUserData 
2015-10-06 18:00:41 - DEBUG --> Archivo \components\com_jhotelreservation\classes\services\UserDataService.php 
2015-10-06 18:00:41 - DEBUG --> getUserData 
2015-10-06 18:00:54 - DEBUG --> Archivo \components\com_jhotelreservation\classes\services\UserDataService.php 
2015-10-06 18:00:54 - DEBUG --> initializeUserData 
2015-10-06 18:00:54 - DEBUG --> UserData first: N; 
2015-10-06 18:00:54 - DEBUG --> Archivo \components\com_jhotelreservation\classes\services\UserDataService.php 
2015-10-06 18:00:54 - DEBUG --> createUserData 
2015-10-06 18:00:54 - DEBUG --> UserData end:  a:0:{} 
2015-10-06 18:00:54 - DEBUG --> Archivo \components\com_jhotelreservation\classes\services\UserDataService.php 
2015-10-06 18:00:54 - DEBUG --> initializeUserData 
2015-10-06 18:00:54 - DEBUG --> UserData first: a:0:{} 
2015-10-06 18:00:54 - DEBUG --> UserData end:  a:0:{} 
2015-10-06 18:00:54 - DEBUG --> Archivo \components\com_jhotelreservation\classes\services\UserDataService.php 
2015-10-06 18:00:54 - DEBUG --> initializeReservationData 
2015-10-06 18:00:54 - DEBUG --> UserData: a:0:{} 
2015-10-06 18:00:54 - DEBUG --> Archivo \components\com_jhotelreservation\classes\services\UserDataService.php 
2015-10-06 18:00:54 - DEBUG --> updateUserData 
2015-10-06 18:00:54 - DEBUG --> Archivo \components\com_jhotelreservation\classes\services\UserDataService.php 
2015-10-06 18:00:54 - DEBUG --> getUserData 
2015-10-06 18:00:54 - DEBUG --> Archivo \components\com_jhotelreservation\classes\services\UserDataService.php 
2015-10-06 18:00:54 - DEBUG --> setCurrency 
2015-10-06 18:00:54 - DEBUG --> Archivo \components\com_jhotelreservation\classes\services\UserDataService.php 
2015-10-06 18:00:54 - DEBUG --> getUserData 
2015-10-06 18:00:54 - DEBUG --> Archivo \components\com_jhotelreservation\classes\services\UserDataService.php 
2015-10-06 18:00:54 - DEBUG --> getUserData 
2015-10-06 18:00:54 - DEBUG --> Archivo \components\com_jhotelreservation\classes\services\UserDataService.php 
2015-10-06 18:00:54 - DEBUG --> getUserData 
2015-10-06 18:00:54 - DEBUG --> Archivo \components\com_jhotelreservationiews\hotel	mpl\hoteloverview.php 
2015-10-06 18:00:54 - DEBUG --> Accedió 
2015-10-06 18:01:12 - DEBUG --> Archivo \components\com_jhotelreservation\classes\services\UserDataService.php 
2015-10-06 18:01:12 - DEBUG --> initializeUserData 
2015-10-06 18:01:12 - DEBUG --> UserData first: N; 
2015-10-06 18:01:12 - DEBUG --> Archivo \components\com_jhotelreservation\classes\services\UserDataService.php 
2015-10-06 18:01:12 - DEBUG --> createUserData 
2015-10-06 18:01:12 - DEBUG --> UserData end:  a:0:{} 
2015-10-06 18:01:12 - DEBUG --> Archivo \components\com_jhotelreservation\classes\services\UserDataService.php 
2015-10-06 18:01:12 - DEBUG --> initializeUserData 
2015-10-06 18:01:12 - DEBUG --> UserData first: a:0:{} 
2015-10-06 18:01:12 - DEBUG --> UserData end:  a:0:{} 
2015-10-06 18:01:12 - DEBUG --> Archivo \components\com_jhotelreservation\classes\services\UserDataService.php 
2015-10-06 18:01:12 - DEBUG --> initializeReservationData 
2015-10-06 18:01:12 - DEBUG --> UserData: a:0:{} 
2015-10-06 18:01:12 - DEBUG --> Archivo \components\com_jhotelreservation\classes\services\UserDataService.php 
2015-10-06 18:01:12 - DEBUG --> updateUserData 
2015-10-06 18:01:12 - DEBUG --> Archivo \components\com_jhotelreservation\classes\services\UserDataService.php 
2015-10-06 18:01:12 - DEBUG --> getUserData 
2015-10-06 18:01:12 - DEBUG --> Archivo \components\com_jhotelreservation\classes\services\UserDataService.php 
2015-10-06 18:01:12 - DEBUG --> setCurrency 
2015-10-06 18:01:12 - DEBUG --> Archivo \components\com_jhotelreservation\classes\services\UserDataService.php 
2015-10-06 18:01:12 - DEBUG --> getUserData 
2015-10-06 18:01:12 - DEBUG --> Archivo \components\com_jhotelreservation\classes\services\UserDataService.php 
2015-10-06 18:01:12 - DEBUG --> getUserData 
2015-10-06 18:01:12 - DEBUG --> Archivo \components\com_jhotelreservation\classes\services\UserDataService.php 
2015-10-06 18:01:12 - DEBUG --> getUserData 
2015-10-06 18:01:30 - DEBUG --> Archivo \components\com_jhotelreservation\classes\services\UserDataService.php 
2015-10-06 18:01:30 - DEBUG --> initializeUserData 
2015-10-06 18:01:30 - DEBUG --> UserData first: N; 
2015-10-06 18:01:30 - DEBUG --> Archivo \components\com_jhotelreservation\classes\services\UserDataService.php 
2015-10-06 18:01:30 - DEBUG --> createUserData 
2015-10-06 18:01:30 - DEBUG --> UserData end:  a:0:{} 
2015-10-06 18:01:30 - DEBUG --> Archivo \components\com_jhotelreservation\classes\services\UserDataService.php 
2015-10-06 18:01:30 - DEBUG --> initializeUserData 
2015-10-06 18:01:30 - DEBUG --> UserData first: a:0:{} 
2015-10-06 18:01:30 - DEBUG --> UserData end:  a:0:{} 
2015-10-06 18:01:30 - DEBUG --> Archivo \components\com_jhotelreservation\classes\services\UserDataService.php 
2015-10-06 18:01:30 - DEBUG --> initializeReservationData 
2015-10-06 18:01:30 - DEBUG --> UserData: a:0:{} 
2015-10-06 18:01:30 - DEBUG --> Archivo \components\com_jhotelreservation\classes\services\UserDataService.php 
2015-10-06 18:01:30 - DEBUG --> updateUserData 
2015-10-06 18:01:30 - DEBUG --> Archivo \components\com_jhotelreservation\classes\services\UserDataService.php 
2015-10-06 18:01:30 - DEBUG --> getUserData 
2015-10-06 18:01:30 - DEBUG --> Archivo \components\com_jhotelreservation\classes\services\UserDataService.php 
2015-10-06 18:01:30 - DEBUG --> setCurrency 
2015-10-06 18:01:30 - DEBUG --> Archivo \components\com_jhotelreservation\classes\services\UserDataService.php 
2015-10-06 18:01:30 - DEBUG --> getUserData 
2015-10-06 18:01:30 - DEBUG --> Archivo \components\com_jhotelreservation\classes\services\UserDataService.php 
2015-10-06 18:01:30 - DEBUG --> getUserData 
2015-10-06 18:01:30 - DEBUG --> Archivo \components\com_jhotelreservation\classes\services\UserDataService.php 
2015-10-06 18:01:30 - DEBUG --> getUserData 
2015-10-06 18:01:30 - DEBUG --> Archivo \components\com_jhotelreservationiews\hotel	mpl\hoteloverview.php 
2015-10-06 18:01:30 - DEBUG --> Accedió 
2015-10-06 18:01:54 - DEBUG --> Archivo \components\com_jhotelreservation\classes\services\UserDataService.php 
2015-10-06 18:01:54 - DEBUG --> initializeUserData 
2015-10-06 18:01:54 - DEBUG --> UserData first: N; 
2015-10-06 18:01:54 - DEBUG --> Archivo \components\com_jhotelreservation\classes\services\UserDataService.php 
2015-10-06 18:01:54 - DEBUG --> createUserData 
2015-10-06 18:01:54 - DEBUG --> UserData end:  a:0:{} 
2015-10-06 18:01:54 - DEBUG --> Archivo \components\com_jhotelreservation\classes\services\UserDataService.php 
2015-10-06 18:01:54 - DEBUG --> initializeUserData 
2015-10-06 18:01:54 - DEBUG --> UserData first: a:0:{} 
2015-10-06 18:01:54 - DEBUG --> UserData end:  a:0:{} 
2015-10-06 18:01:54 - DEBUG --> Archivo \components\com_jhotelreservation\classes\services\UserDataService.php 
2015-10-06 18:01:54 - DEBUG --> initializeReservationData 
2015-10-06 18:01:54 - DEBUG --> UserData: a:0:{} 
2015-10-06 18:01:54 - DEBUG --> Archivo \components\com_jhotelreservation\classes\services\UserDataService.php 
2015-10-06 18:01:54 - DEBUG --> updateUserData 
2015-10-06 18:01:54 - DEBUG --> Archivo \components\com_jhotelreservation\classes\services\UserDataService.php 
2015-10-06 18:01:54 - DEBUG --> getUserData 
2015-10-06 18:01:54 - DEBUG --> Archivo \components\com_jhotelreservation\classes\services\UserDataService.php 
2015-10-06 18:01:54 - DEBUG --> setCurrency 
2015-10-06 18:01:54 - DEBUG --> Archivo \components\com_jhotelreservation\classes\services\UserDataService.php 
2015-10-06 18:01:54 - DEBUG --> getUserData 
2015-10-06 18:01:54 - DEBUG --> Archivo \components\com_jhotelreservation\classes\services\UserDataService.php 
2015-10-06 18:01:54 - DEBUG --> getUserData 
2015-10-06 18:01:54 - DEBUG --> Archivo \components\com_jhotelreservation\classes\services\UserDataService.php 
2015-10-06 18:01:54 - DEBUG --> getUserData 
2015-10-06 18:02:05 - DEBUG --> Archivo \components\com_jhotelreservation\classes\services\UserDataService.php 
2015-10-06 18:02:05 - DEBUG --> initializeUserData 
2015-10-06 18:02:05 - DEBUG --> UserData first: N; 
2015-10-06 18:02:05 - DEBUG --> Archivo \components\com_jhotelreservation\classes\services\UserDataService.php 
2015-10-06 18:02:05 - DEBUG --> createUserData 
2015-10-06 18:02:05 - DEBUG --> UserData end:  a:0:{} 
2015-10-06 18:02:05 - DEBUG --> Archivo \components\com_jhotelreservation\classes\services\UserDataService.php 
2015-10-06 18:02:05 - DEBUG --> initializeUserData 
2015-10-06 18:02:05 - DEBUG --> UserData first: a:0:{} 
2015-10-06 18:02:05 - DEBUG --> UserData end:  a:0:{} 
2015-10-06 18:02:05 - DEBUG --> Archivo \components\com_jhotelreservation\classes\services\UserDataService.php 
2015-10-06 18:02:05 - DEBUG --> initializeReservationData 
2015-10-06 18:02:05 - DEBUG --> UserData: a:0:{} 
2015-10-06 18:02:05 - DEBUG --> Archivo \components\com_jhotelreservation\classes\services\UserDataService.php 
2015-10-06 18:02:05 - DEBUG --> updateUserData 
2015-10-06 18:02:05 - DEBUG --> Archivo \components\com_jhotelreservation\classes\services\UserDataService.php 
2015-10-06 18:02:05 - DEBUG --> getUserData 
2015-10-06 18:02:05 - DEBUG --> Archivo \components\com_jhotelreservation\classes\services\UserDataService.php 
2015-10-06 18:02:05 - DEBUG --> setCurrency 
2015-10-06 18:02:05 - DEBUG --> Archivo \components\com_jhotelreservation\classes\services\UserDataService.php 
2015-10-06 18:02:05 - DEBUG --> getUserData 
2015-10-06 18:02:05 - DEBUG --> Archivo \components\com_jhotelreservation\classes\services\UserDataService.php 
2015-10-06 18:02:05 - DEBUG --> getUserData 
2015-10-06 18:02:05 - DEBUG --> Archivo \components\com_jhotelreservation\classes\services\UserDataService.php 
2015-10-06 18:02:05 - DEBUG --> getUserData 
2015-10-06 18:02:05 - DEBUG --> Archivo \components\com_jhotelreservationiews\hotel	mpl\hoteloverview.php 
2015-10-06 18:02:05 - DEBUG --> Accedió 
2015-10-06 18:02:24 - DEBUG --> Archivo \components\com_jhotelreservation\classes\services\UserDataService.php 
2015-10-06 18:02:24 - DEBUG --> initializeUserData 
2015-10-06 18:02:24 - DEBUG --> UserData first: N; 
2015-10-06 18:02:24 - DEBUG --> Archivo \components\com_jhotelreservation\classes\services\UserDataService.php 
2015-10-06 18:02:24 - DEBUG --> createUserData 
2015-10-06 18:02:24 - DEBUG --> UserData end:  a:0:{} 
2015-10-06 18:02:24 - DEBUG --> Archivo \components\com_jhotelreservation\classes\services\UserDataService.php 
2015-10-06 18:02:24 - DEBUG --> initializeUserData 
2015-10-06 18:02:24 - DEBUG --> UserData first: a:0:{} 
2015-10-06 18:02:24 - DEBUG --> UserData end:  a:0:{} 
2015-10-06 18:02:24 - DEBUG --> Archivo \components\com_jhotelreservation\classes\services\UserDataService.php 
2015-10-06 18:02:24 - DEBUG --> initializeReservationData 
2015-10-06 18:02:24 - DEBUG --> UserData: a:0:{} 
2015-10-06 18:02:24 - DEBUG --> Archivo \components\com_jhotelreservation\classes\services\UserDataService.php 
2015-10-06 18:02:24 - DEBUG --> updateUserData 
2015-10-06 18:02:24 - DEBUG --> Archivo \components\com_jhotelreservation\classes\services\UserDataService.php 
2015-10-06 18:02:24 - DEBUG --> getUserData 
2015-10-06 18:02:24 - DEBUG --> Archivo \components\com_jhotelreservation\classes\services\UserDataService.php 
2015-10-06 18:02:24 - DEBUG --> setCurrency 
2015-10-06 18:02:24 - DEBUG --> Archivo \components\com_jhotelreservation\classes\services\UserDataService.php 
2015-10-06 18:02:24 - DEBUG --> getUserData 
2015-10-06 18:02:24 - DEBUG --> Archivo \components\com_jhotelreservation\classes\services\UserDataService.php 
2015-10-06 18:02:24 - DEBUG --> getUserData 
2015-10-06 18:02:24 - DEBUG --> Archivo \components\com_jhotelreservation\classes\services\UserDataService.php 
2015-10-06 18:02:24 - DEBUG --> getUserData 
2015-10-06 18:02:39 - DEBUG --> Archivo \components\com_jhotelreservation\classes\services\UserDataService.php 
2015-10-06 18:02:39 - DEBUG --> initializeUserData 
2015-10-06 18:02:39 - DEBUG --> UserData first: N; 
2015-10-06 18:02:39 - DEBUG --> Archivo \components\com_jhotelreservation\classes\services\UserDataService.php 
2015-10-06 18:02:39 - DEBUG --> createUserData 
2015-10-06 18:02:39 - DEBUG --> UserData end:  a:0:{} 
2015-10-06 18:02:39 - DEBUG --> Archivo \components\com_jhotelreservation\classes\services\UserDataService.php 
2015-10-06 18:02:39 - DEBUG --> initializeUserData 
2015-10-06 18:02:39 - DEBUG --> UserData first: a:0:{} 
2015-10-06 18:02:39 - DEBUG --> UserData end:  a:0:{} 
2015-10-06 18:02:39 - DEBUG --> Archivo \components\com_jhotelreservation\classes\services\UserDataService.php 
2015-10-06 18:02:39 - DEBUG --> initializeReservationData 
2015-10-06 18:02:39 - DEBUG --> UserData: a:0:{} 
2015-10-06 18:02:39 - DEBUG --> Archivo \components\com_jhotelreservation\classes\services\UserDataService.php 
2015-10-06 18:02:39 - DEBUG --> updateUserData 
2015-10-06 18:02:39 - DEBUG --> Archivo \components\com_jhotelreservation\classes\services\UserDataService.php 
2015-10-06 18:02:39 - DEBUG --> getUserData 
2015-10-06 18:02:39 - DEBUG --> Archivo \components\com_jhotelreservation\classes\services\UserDataService.php 
2015-10-06 18:02:39 - DEBUG --> setCurrency 
2015-10-06 18:02:39 - DEBUG --> Archivo \components\com_jhotelreservation\classes\services\UserDataService.php 
2015-10-06 18:02:39 - DEBUG --> getUserData 
2015-10-06 18:02:39 - DEBUG --> Archivo \components\com_jhotelreservation\classes\services\UserDataService.php 
2015-10-06 18:02:39 - DEBUG --> getUserData 
2015-10-06 18:02:39 - DEBUG --> Archivo \components\com_jhotelreservation\classes\services\UserDataService.php 
2015-10-06 18:02:39 - DEBUG --> getUserData 
2015-10-06 18:02:39 - DEBUG --> Archivo \components\com_jhotelreservationiews\hotel	mpl\hoteloverview.php 
2015-10-06 18:02:39 - DEBUG --> Accedió 
2015-10-06 18:03:15 - DEBUG --> Archivo \components\com_jhotelreservation\classes\services\UserDataService.php 
2015-10-06 18:03:15 - DEBUG --> initializeUserData 
2015-10-06 18:03:15 - DEBUG --> UserData first: N; 
2015-10-06 18:03:15 - DEBUG --> Archivo \components\com_jhotelreservation\classes\services\UserDataService.php 
2015-10-06 18:03:15 - DEBUG --> createUserData 
2015-10-06 18:03:15 - DEBUG --> UserData end:  a:0:{} 
2015-10-06 18:03:15 - DEBUG --> Archivo \components\com_jhotelreservation\classes\services\UserDataService.php 
2015-10-06 18:03:15 - DEBUG --> initializeUserData 
2015-10-06 18:03:15 - DEBUG --> UserData first: a:0:{} 
2015-10-06 18:03:15 - DEBUG --> UserData end:  a:0:{} 
2015-10-06 18:03:15 - DEBUG --> Archivo \components\com_jhotelreservation\classes\services\UserDataService.php 
2015-10-06 18:03:15 - DEBUG --> initializeReservationData 
2015-10-06 18:03:15 - DEBUG --> UserData: a:0:{} 
2015-10-06 18:03:15 - DEBUG --> Archivo \components\com_jhotelreservation\classes\services\UserDataService.php 
2015-10-06 18:03:15 - DEBUG --> updateUserData 
2015-10-06 18:03:15 - DEBUG --> Archivo \components\com_jhotelreservation\classes\services\UserDataService.php 
2015-10-06 18:03:15 - DEBUG --> getUserData 
2015-10-06 18:03:15 - DEBUG --> Archivo \components\com_jhotelreservation\classes\services\UserDataService.php 
2015-10-06 18:03:15 - DEBUG --> setCurrency 
2015-10-06 18:03:15 - DEBUG --> Archivo \components\com_jhotelreservation\classes\services\UserDataService.php 
2015-10-06 18:03:15 - DEBUG --> getUserData 
2015-10-06 18:03:15 - DEBUG --> Archivo \components\com_jhotelreservation\classes\services\UserDataService.php 
2015-10-06 18:03:15 - DEBUG --> getUserData 
2015-10-06 18:03:15 - DEBUG --> Archivo \components\com_jhotelreservation\classes\services\UserDataService.php 
2015-10-06 18:03:15 - DEBUG --> getUserData 
2015-10-06 18:03:38 - DEBUG --> Archivo \components\com_jhotelreservation\classes\services\UserDataService.php 
2015-10-06 18:03:38 - DEBUG --> initializeUserData 
2015-10-06 18:03:38 - DEBUG --> UserData first: N; 
2015-10-06 18:03:38 - DEBUG --> Archivo \components\com_jhotelreservation\classes\services\UserDataService.php 
2015-10-06 18:03:38 - DEBUG --> createUserData 
2015-10-06 18:03:38 - DEBUG --> UserData end:  a:0:{} 
2015-10-06 18:03:38 - DEBUG --> Archivo \components\com_jhotelreservation\classes\services\UserDataService.php 
2015-10-06 18:03:38 - DEBUG --> initializeUserData 
2015-10-06 18:03:38 - DEBUG --> UserData first: a:0:{} 
2015-10-06 18:03:38 - DEBUG --> UserData end:  a:0:{} 
2015-10-06 18:03:38 - DEBUG --> Archivo \components\com_jhotelreservation\classes\services\UserDataService.php 
2015-10-06 18:03:38 - DEBUG --> initializeReservationData 
2015-10-06 18:03:38 - DEBUG --> UserData: a:0:{} 
2015-10-06 18:03:38 - DEBUG --> Archivo \components\com_jhotelreservation\classes\services\UserDataService.php 
2015-10-06 18:03:38 - DEBUG --> updateUserData 
2015-10-06 18:03:38 - DEBUG --> Archivo \components\com_jhotelreservation\classes\services\UserDataService.php 
2015-10-06 18:03:38 - DEBUG --> getUserData 
2015-10-06 18:03:38 - DEBUG --> Archivo \components\com_jhotelreservation\classes\services\UserDataService.php 
2015-10-06 18:03:38 - DEBUG --> setCurrency 
2015-10-06 18:03:38 - DEBUG --> Archivo \components\com_jhotelreservation\classes\services\UserDataService.php 
2015-10-06 18:03:38 - DEBUG --> getUserData 
2015-10-06 18:03:38 - DEBUG --> Archivo \components\com_jhotelreservation\classes\services\UserDataService.php 
2015-10-06 18:03:38 - DEBUG --> getUserData 
2015-10-06 18:03:38 - DEBUG --> Archivo \components\com_jhotelreservation\classes\services\UserDataService.php 
2015-10-06 18:03:38 - DEBUG --> getUserData 
2015-10-06 18:03:38 - DEBUG --> Archivo \components\com_jhotelreservationiews\hotel	mpl\hoteloverview.php 
2015-10-06 18:03:38 - DEBUG --> Accedió 
2015-10-06 18:04:11 - DEBUG --> Archivo \components\com_jhotelreservation\classes\services\UserDataService.php 
2015-10-06 18:04:11 - DEBUG --> initializeUserData 
2015-10-06 18:04:11 - DEBUG --> UserData first: N; 
2015-10-06 18:04:11 - DEBUG --> Archivo \components\com_jhotelreservation\classes\services\UserDataService.php 
2015-10-06 18:04:11 - DEBUG --> createUserData 
2015-10-06 18:04:11 - DEBUG --> UserData end:  a:0:{} 
2015-10-06 18:04:11 - DEBUG --> Archivo \components\com_jhotelreservation\classes\services\UserDataService.php 
2015-10-06 18:04:11 - DEBUG --> initializeUserData 
2015-10-06 18:04:11 - DEBUG --> UserData first: a:0:{} 
2015-10-06 18:04:11 - DEBUG --> UserData end:  a:0:{} 
2015-10-06 18:04:11 - DEBUG --> Archivo \components\com_jhotelreservation\classes\services\UserDataService.php 
2015-10-06 18:04:11 - DEBUG --> initializeReservationData 
2015-10-06 18:04:11 - DEBUG --> UserData: a:0:{} 
2015-10-06 18:04:11 - DEBUG --> Archivo \components\com_jhotelreservation\classes\services\UserDataService.php 
2015-10-06 18:04:11 - DEBUG --> updateUserData 
2015-10-06 18:04:11 - DEBUG --> Archivo \components\com_jhotelreservation\classes\services\UserDataService.php 
2015-10-06 18:04:11 - DEBUG --> getUserData 
2015-10-06 18:04:11 - DEBUG --> Archivo \components\com_jhotelreservation\classes\services\UserDataService.php 
2015-10-06 18:04:11 - DEBUG --> setCurrency 
2015-10-06 18:04:11 - DEBUG --> Archivo \components\com_jhotelreservation\classes\services\UserDataService.php 
2015-10-06 18:04:11 - DEBUG --> getUserData 
2015-10-06 18:04:11 - DEBUG --> Archivo \components\com_jhotelreservation\classes\services\UserDataService.php 
2015-10-06 18:04:11 - DEBUG --> getUserData 
2015-10-06 18:04:11 - DEBUG --> Archivo \components\com_jhotelreservation\classes\services\UserDataService.php 
2015-10-06 18:04:11 - DEBUG --> getUserData 
2015-10-06 19:50:23 - DEBUG --> Archivo \components\com_jhotelreservation\classes\services\UserDataService.php 
2015-10-06 19:50:23 - DEBUG --> initializeUserData 
2015-10-06 19:50:23 - DEBUG --> UserData first: N; 
2015-10-06 19:50:23 - DEBUG --> Archivo \components\com_jhotelreservation\classes\services\UserDataService.php 
2015-10-06 19:50:23 - DEBUG --> createUserData 
2015-10-06 19:50:23 - DEBUG --> UserData end:  a:0:{} 
2015-10-06 19:50:23 - DEBUG --> Archivo \components\com_jhotelreservation\classes\services\UserDataService.php 
2015-10-06 19:50:23 - DEBUG --> initializeUserData 
2015-10-06 19:50:23 - DEBUG --> UserData first: a:0:{} 
2015-10-06 19:50:23 - DEBUG --> UserData end:  a:0:{} 
2015-10-06 19:50:23 - DEBUG --> Archivo \components\com_jhotelreservation\classes\services\UserDataService.php 
2015-10-06 19:50:23 - DEBUG --> initializeReservationData 
2015-10-06 19:50:23 - DEBUG --> UserData: a:0:{} 
2015-10-06 19:50:23 - DEBUG --> Archivo \components\com_jhotelreservation\classes\services\UserDataService.php 
2015-10-06 19:50:23 - DEBUG --> updateUserData 
2015-10-06 19:50:23 - DEBUG --> Archivo \components\com_jhotelreservation\classes\services\UserDataService.php 
2015-10-06 19:50:23 - DEBUG --> getUserData 
2015-10-06 19:50:23 - DEBUG --> Archivo \components\com_jhotelreservation\classes\services\UserDataService.php 
2015-10-06 19:50:23 - DEBUG --> setCurrency 
2015-10-06 19:50:23 - DEBUG --> Archivo \components\com_jhotelreservation\classes\services\UserDataService.php 
2015-10-06 19:50:23 - DEBUG --> getUserData 
2015-10-06 19:50:23 - DEBUG --> Archivo \components\com_jhotelreservation\classes\services\UserDataService.php 
2015-10-06 19:50:23 - DEBUG --> getUserData 
2015-10-06 19:50:23 - DEBUG --> Archivo \components\com_jhotelreservation\classes\services\UserDataService.php 
2015-10-06 19:50:23 - DEBUG --> getUserData 
