2016-01-14 0:32:01 - DEBUG --> Archivo \components\com_jhotelreservation\classes\services\UserDataService.php 
2016-01-14 0:32:01 - DEBUG --> initializeUserData 
2016-01-14 0:32:01 - DEBUG --> UserData first: N; 
2016-01-14 0:32:01 - DEBUG --> Archivo \components\com_jhotelreservation\classes\services\UserDataService.php 
2016-01-14 0:32:01 - DEBUG --> createUserData 
2016-01-14 0:32:01 - DEBUG --> UserData end:  a:0:{} 
2016-01-14 0:32:01 - DEBUG --> Archivo \components\com_jhotelreservation\classes\services\UserDataService.php 
2016-01-14 0:32:01 - DEBUG --> initializeUserData 
2016-01-14 0:32:01 - DEBUG --> UserData first: a:0:{} 
2016-01-14 0:32:01 - DEBUG --> UserData end:  a:0:{} 
2016-01-14 0:32:01 - DEBUG --> Archivo \components\com_jhotelreservation\classes\services\UserDataService.php 
2016-01-14 0:32:01 - DEBUG --> initializeReservationData 
2016-01-14 0:32:01 - DEBUG --> UserData: a:0:{} 
2016-01-14 0:32:01 - DEBUG --> Archivo \components\com_jhotelreservation\classes\services\UserDataService.php 
2016-01-14 0:32:01 - DEBUG --> updateUserData 
2016-01-14 0:32:01 - DEBUG --> Archivo \components\com_jhotelreservation\classes\services\UserDataService.php 
2016-01-14 0:32:01 - DEBUG --> getUserData 
2016-01-14 0:32:01 - DEBUG --> Archivo \components\com_jhotelreservation\classes\services\UserDataService.php 
2016-01-14 0:32:01 - DEBUG --> setCurrency 
2016-01-14 0:32:01 - DEBUG --> Archivo \components\com_jhotelreservation\classes\services\UserDataService.php 
2016-01-14 0:32:01 - DEBUG --> getUserData 
2016-01-14 0:32:01 - DEBUG --> Archivo \components\com_jhotelreservation\classes\services\UserDataService.php 
2016-01-14 0:32:01 - DEBUG --> getUserData 
2016-01-14 0:32:01 - DEBUG --> Archivo \components\com_jhotelreservation\classes\services\UserDataService.php 
2016-01-14 0:32:01 - DEBUG --> getUserData 
2016-01-14 0:32:01 - DEBUG --> Archivo \components\com_jhotelreservationiews\hotel	mpl\hoteloverview.php 
2016-01-14 0:32:01 - DEBUG --> Accedió 
2016-01-14 1:51:51 - DEBUG --> Archivo \components\com_jhotelreservation\classes\services\UserDataService.php 
2016-01-14 1:51:51 - DEBUG --> initializeUserData 
2016-01-14 1:51:51 - DEBUG --> UserData first: N; 
2016-01-14 1:51:51 - DEBUG --> Archivo \components\com_jhotelreservation\classes\services\UserDataService.php 
2016-01-14 1:51:51 - DEBUG --> createUserData 
2016-01-14 1:51:51 - DEBUG --> UserData end:  a:0:{} 
2016-01-14 1:51:51 - DEBUG --> Archivo \components\com_jhotelreservation\classes\services\UserDataService.php 
2016-01-14 1:51:51 - DEBUG --> initializeUserData 
2016-01-14 1:51:51 - DEBUG --> UserData first: a:0:{} 
2016-01-14 1:51:51 - DEBUG --> UserData end:  a:0:{} 
2016-01-14 1:51:51 - DEBUG --> Archivo \components\com_jhotelreservation\classes\services\UserDataService.php 
2016-01-14 1:51:51 - DEBUG --> initializeReservationData 
2016-01-14 1:51:51 - DEBUG --> UserData: a:0:{} 
2016-01-14 1:51:51 - DEBUG --> Archivo \components\com_jhotelreservation\classes\services\UserDataService.php 
2016-01-14 1:51:51 - DEBUG --> updateUserData 
2016-01-14 1:51:51 - DEBUG --> Archivo \components\com_jhotelreservation\classes\services\UserDataService.php 
2016-01-14 1:51:51 - DEBUG --> getUserData 
2016-01-14 1:51:51 - DEBUG --> Archivo \components\com_jhotelreservation\classes\services\UserDataService.php 
2016-01-14 1:51:51 - DEBUG --> setCurrency 
2016-01-14 1:51:51 - DEBUG --> Archivo \components\com_jhotelreservation\classes\services\UserDataService.php 
2016-01-14 1:51:51 - DEBUG --> getUserData 
2016-01-14 1:51:51 - DEBUG --> Archivo \components\com_jhotelreservation\classes\services\UserDataService.php 
2016-01-14 1:51:51 - DEBUG --> getUserData 
2016-01-14 1:51:51 - DEBUG --> Archivo \components\com_jhotelreservation\classes\services\UserDataService.php 
2016-01-14 1:51:51 - DEBUG --> getUserData 
2016-01-14 1:51:51 - DEBUG --> Archivo \components\com_jhotelreservationiews\hotel	mpl\hoteloverview.php 
2016-01-14 1:51:51 - DEBUG --> Accedió 
2016-01-14 4:09:10 - DEBUG --> Archivo \components\com_jhotelreservation\classes\services\UserDataService.php 
2016-01-14 4:09:10 - DEBUG --> initializeUserData 
2016-01-14 4:09:10 - DEBUG --> UserData first: N; 
2016-01-14 4:09:10 - DEBUG --> Archivo \components\com_jhotelreservation\classes\services\UserDataService.php 
2016-01-14 4:09:10 - DEBUG --> createUserData 
2016-01-14 4:09:10 - DEBUG --> UserData end:  a:0:{} 
2016-01-14 8:55:42 - DEBUG --> Archivo \components\com_jhotelreservation\classes\services\UserDataService.php 
2016-01-14 8:55:42 - DEBUG --> initializeUserData 
2016-01-14 8:55:42 - DEBUG --> UserData first: N; 
2016-01-14 8:55:42 - DEBUG --> Archivo \components\com_jhotelreservation\classes\services\UserDataService.php 
2016-01-14 8:55:42 - DEBUG --> createUserData 
2016-01-14 8:55:42 - DEBUG --> UserData end:  a:0:{} 
2016-01-14 8:55:42 - DEBUG --> Archivo \components\com_jhotelreservation\classes\services\UserDataService.php 
2016-01-14 8:55:42 - DEBUG --> initializeUserData 
2016-01-14 8:55:42 - DEBUG --> UserData first: a:0:{} 
2016-01-14 8:55:42 - DEBUG --> UserData end:  a:0:{} 
2016-01-14 8:55:42 - DEBUG --> Archivo \components\com_jhotelreservation\classes\services\UserDataService.php 
2016-01-14 8:55:42 - DEBUG --> initializeReservationData 
2016-01-14 8:55:42 - DEBUG --> UserData: a:0:{} 
2016-01-14 8:55:42 - DEBUG --> Archivo \components\com_jhotelreservation\classes\services\UserDataService.php 
2016-01-14 8:55:42 - DEBUG --> updateUserData 
2016-01-14 8:55:42 - DEBUG --> Archivo \components\com_jhotelreservation\classes\services\UserDataService.php 
2016-01-14 8:55:42 - DEBUG --> getUserData 
2016-01-14 8:55:42 - DEBUG --> Archivo \components\com_jhotelreservation\classes\services\UserDataService.php 
2016-01-14 8:55:42 - DEBUG --> setCurrency 
2016-01-14 8:55:42 - DEBUG --> Archivo \components\com_jhotelreservation\classes\services\UserDataService.php 
2016-01-14 8:55:42 - DEBUG --> getUserData 
2016-01-14 8:55:42 - DEBUG --> Archivo \components\com_jhotelreservation\classes\services\UserDataService.php 
2016-01-14 8:55:42 - DEBUG --> getUserData 
2016-01-14 8:55:42 - DEBUG --> Archivo \components\com_jhotelreservation\classes\services\UserDataService.php 
2016-01-14 8:55:42 - DEBUG --> getUserData 
2016-01-14 8:55:42 - DEBUG --> Archivo \components\com_jhotelreservationiews\hotel	mpl\hoteloverview.php 
2016-01-14 8:55:42 - DEBUG --> Accedió 
2016-01-14 10:04:16 - DEBUG --> Archivo \components\com_jhotelreservation\classes\services\UserDataService.php 
2016-01-14 10:04:16 - DEBUG --> initializeUserData 
2016-01-14 10:04:16 - DEBUG --> UserData first: N; 
2016-01-14 10:04:16 - DEBUG --> Archivo \components\com_jhotelreservation\classes\services\UserDataService.php 
2016-01-14 10:04:16 - DEBUG --> createUserData 
2016-01-14 10:04:16 - DEBUG --> UserData end:  a:0:{} 
2016-01-14 10:04:16 - DEBUG --> Archivo \components\com_jhotelreservation\classes\services\UserDataService.php 
2016-01-14 10:04:16 - DEBUG --> initializeUserData 
2016-01-14 10:04:16 - DEBUG --> UserData first: a:0:{} 
2016-01-14 10:04:16 - DEBUG --> UserData end:  a:0:{} 
2016-01-14 10:04:16 - DEBUG --> Archivo \components\com_jhotelreservation\classes\services\UserDataService.php 
2016-01-14 10:04:16 - DEBUG --> initializeReservationData 
2016-01-14 10:04:16 - DEBUG --> UserData: a:0:{} 
2016-01-14 10:04:16 - DEBUG --> Archivo \components\com_jhotelreservation\classes\services\UserDataService.php 
2016-01-14 10:04:16 - DEBUG --> updateUserData 
2016-01-14 10:04:16 - DEBUG --> Archivo \components\com_jhotelreservation\classes\services\UserDataService.php 
2016-01-14 10:04:16 - DEBUG --> getUserData 
2016-01-14 10:04:16 - DEBUG --> Archivo \components\com_jhotelreservation\classes\services\UserDataService.php 
2016-01-14 10:04:16 - DEBUG --> setCurrency 
2016-01-14 10:04:16 - DEBUG --> Archivo \components\com_jhotelreservation\classes\services\UserDataService.php 
2016-01-14 10:04:16 - DEBUG --> getUserData 
2016-01-14 10:04:16 - DEBUG --> Archivo \components\com_jhotelreservation\classes\services\UserDataService.php 
2016-01-14 10:04:16 - DEBUG --> getUserData 
2016-01-14 10:04:16 - DEBUG --> Archivo \components\com_jhotelreservation\classes\services\UserDataService.php 
2016-01-14 10:04:16 - DEBUG --> getUserData 
2016-01-14 10:04:16 - DEBUG --> Archivo \components\com_jhotelreservationiews\hotel	mpl\hoteloverview.php 
2016-01-14 10:04:16 - DEBUG --> Accedió 
2016-01-14 12:59:03 - DEBUG --> Archivo \components\com_jhotelreservation\classes\services\UserDataService.php 
2016-01-14 12:59:03 - DEBUG --> initializeUserData 
2016-01-14 12:59:03 - DEBUG --> UserData first: N; 
2016-01-14 12:59:03 - DEBUG --> Archivo \components\com_jhotelreservation\classes\services\UserDataService.php 
2016-01-14 12:59:03 - DEBUG --> createUserData 
2016-01-14 12:59:03 - DEBUG --> UserData end:  a:0:{} 
2016-01-14 12:59:03 - DEBUG --> Archivo \components\com_jhotelreservation\classes\services\UserDataService.php 
2016-01-14 12:59:03 - DEBUG --> initializeUserData 
2016-01-14 12:59:03 - DEBUG --> UserData first: a:0:{} 
2016-01-14 12:59:03 - DEBUG --> UserData end:  a:0:{} 
2016-01-14 12:59:03 - DEBUG --> Archivo \components\com_jhotelreservation\classes\services\UserDataService.php 
2016-01-14 12:59:03 - DEBUG --> initializeReservationData 
2016-01-14 12:59:03 - DEBUG --> UserData: a:0:{} 
2016-01-14 12:59:03 - DEBUG --> Archivo \components\com_jhotelreservation\classes\services\UserDataService.php 
2016-01-14 12:59:03 - DEBUG --> updateUserData 
2016-01-14 12:59:03 - DEBUG --> Archivo \components\com_jhotelreservation\classes\services\UserDataService.php 
2016-01-14 12:59:03 - DEBUG --> getUserData 
2016-01-14 12:59:03 - DEBUG --> Archivo \components\com_jhotelreservation\classes\services\UserDataService.php 
2016-01-14 12:59:03 - DEBUG --> setCurrency 
2016-01-14 12:59:03 - DEBUG --> Archivo \components\com_jhotelreservation\classes\services\UserDataService.php 
2016-01-14 12:59:03 - DEBUG --> getUserData 
2016-01-14 12:59:03 - DEBUG --> Archivo \components\com_jhotelreservation\classes\services\UserDataService.php 
2016-01-14 12:59:03 - DEBUG --> getUserData 
2016-01-14 12:59:03 - DEBUG --> Archivo \components\com_jhotelreservation\classes\services\UserDataService.php 
2016-01-14 12:59:03 - DEBUG --> getUserData 
2016-01-14 12:59:03 - DEBUG --> Archivo \components\com_jhotelreservationiews\hotel	mpl\hoteloverview.php 
2016-01-14 12:59:03 - DEBUG --> Accedió 
2016-01-14 13:32:15 - DEBUG --> Archivo \components\com_jhotelreservation\classes\services\UserDataService.php 
2016-01-14 13:32:15 - DEBUG --> initializeUserData 
2016-01-14 13:32:15 - DEBUG --> UserData first: N; 
2016-01-14 13:32:15 - DEBUG --> Archivo \components\com_jhotelreservation\classes\services\UserDataService.php 
2016-01-14 13:32:15 - DEBUG --> createUserData 
2016-01-14 13:32:15 - DEBUG --> UserData end:  a:0:{} 
2016-01-14 13:32:15 - DEBUG --> Archivo \components\com_jhotelreservation\classes\services\UserDataService.php 
2016-01-14 13:32:15 - DEBUG --> initializeUserData 
2016-01-14 13:32:15 - DEBUG --> UserData first: a:0:{} 
2016-01-14 13:32:15 - DEBUG --> UserData end:  a:0:{} 
2016-01-14 13:32:15 - DEBUG --> Archivo \components\com_jhotelreservation\classes\services\UserDataService.php 
2016-01-14 13:32:15 - DEBUG --> initializeReservationData 
2016-01-14 13:32:15 - DEBUG --> UserData: a:0:{} 
2016-01-14 13:32:15 - DEBUG --> Archivo \components\com_jhotelreservation\classes\services\UserDataService.php 
2016-01-14 13:32:15 - DEBUG --> updateUserData 
2016-01-14 13:32:15 - DEBUG --> Archivo \components\com_jhotelreservation\classes\services\UserDataService.php 
2016-01-14 13:32:15 - DEBUG --> getUserData 
2016-01-14 13:32:15 - DEBUG --> Archivo \components\com_jhotelreservation\classes\services\UserDataService.php 
2016-01-14 13:32:15 - DEBUG --> setCurrency 
2016-01-14 13:32:15 - DEBUG --> Archivo \components\com_jhotelreservation\classes\services\UserDataService.php 
2016-01-14 13:32:15 - DEBUG --> getUserData 
2016-01-14 13:32:15 - DEBUG --> Archivo \components\com_jhotelreservation\classes\services\UserDataService.php 
2016-01-14 13:32:15 - DEBUG --> getUserData 
2016-01-14 13:32:15 - DEBUG --> Archivo \components\com_jhotelreservation\classes\services\UserDataService.php 
2016-01-14 13:32:15 - DEBUG --> getUserData 
2016-01-14 13:32:15 - DEBUG --> Archivo \components\com_jhotelreservationiews\hotel	mpl\hoteloverview.php 
2016-01-14 13:32:15 - DEBUG --> Accedió 
2016-01-14 13:45:12 - DEBUG --> Archivo \components\com_jhotelreservation\classes\services\UserDataService.php 
2016-01-14 13:45:12 - DEBUG --> initializeUserData 
2016-01-14 13:45:12 - DEBUG --> UserData first: N; 
2016-01-14 13:45:12 - DEBUG --> Archivo \components\com_jhotelreservation\classes\services\UserDataService.php 
2016-01-14 13:45:12 - DEBUG --> createUserData 
2016-01-14 13:45:12 - DEBUG --> UserData end:  a:0:{} 
2016-01-14 13:45:12 - DEBUG --> Archivo \components\com_jhotelreservation\classes\services\UserDataService.php 
2016-01-14 13:45:12 - DEBUG --> initializeUserData 
2016-01-14 13:45:12 - DEBUG --> UserData first: a:0:{} 
2016-01-14 13:45:12 - DEBUG --> UserData end:  a:0:{} 
2016-01-14 13:45:12 - DEBUG --> Archivo \components\com_jhotelreservation\classes\services\UserDataService.php 
2016-01-14 13:45:12 - DEBUG --> initializeReservationData 
2016-01-14 13:45:12 - DEBUG --> UserData: a:0:{} 
2016-01-14 13:45:12 - DEBUG --> Archivo \components\com_jhotelreservation\classes\services\UserDataService.php 
2016-01-14 13:45:12 - DEBUG --> updateUserData 
2016-01-14 13:45:12 - DEBUG --> Archivo \components\com_jhotelreservation\classes\services\UserDataService.php 
2016-01-14 13:45:12 - DEBUG --> getUserData 
2016-01-14 13:45:12 - DEBUG --> Archivo \components\com_jhotelreservation\classes\services\UserDataService.php 
2016-01-14 13:45:12 - DEBUG --> setCurrency 
2016-01-14 13:45:12 - DEBUG --> Archivo \components\com_jhotelreservation\classes\services\UserDataService.php 
2016-01-14 13:45:12 - DEBUG --> getUserData 
2016-01-14 13:45:12 - DEBUG --> Archivo \components\com_jhotelreservation\classes\services\UserDataService.php 
2016-01-14 13:45:12 - DEBUG --> getUserData 
2016-01-14 13:45:12 - DEBUG --> Archivo \components\com_jhotelreservation\classes\services\UserDataService.php 
2016-01-14 13:45:12 - DEBUG --> getUserData 
2016-01-14 14:03:22 - DEBUG --> Archivo \components\com_jhotelreservation\classes\services\UserDataService.php 
2016-01-14 14:03:22 - DEBUG --> initializeUserData 
2016-01-14 14:03:22 - DEBUG --> UserData first: N; 
2016-01-14 14:03:22 - DEBUG --> Archivo \components\com_jhotelreservation\classes\services\UserDataService.php 
2016-01-14 14:03:22 - DEBUG --> createUserData 
2016-01-14 14:03:22 - DEBUG --> UserData end:  a:0:{} 
2016-01-14 14:03:22 - DEBUG --> Archivo \components\com_jhotelreservation\classes\services\UserDataService.php 
2016-01-14 14:03:22 - DEBUG --> initializeUserData 
2016-01-14 14:03:22 - DEBUG --> UserData first: a:0:{} 
2016-01-14 14:03:22 - DEBUG --> UserData end:  a:0:{} 
2016-01-14 14:03:22 - DEBUG --> Archivo \components\com_jhotelreservation\classes\services\UserDataService.php 
2016-01-14 14:03:22 - DEBUG --> initializeReservationData 
2016-01-14 14:03:22 - DEBUG --> UserData: a:0:{} 
2016-01-14 14:03:22 - DEBUG --> Archivo \components\com_jhotelreservation\classes\services\UserDataService.php 
2016-01-14 14:03:22 - DEBUG --> updateUserData 
2016-01-14 14:03:22 - DEBUG --> Archivo \components\com_jhotelreservation\classes\services\UserDataService.php 
2016-01-14 14:03:22 - DEBUG --> getUserData 
2016-01-14 14:03:22 - DEBUG --> Archivo \components\com_jhotelreservation\classes\services\UserDataService.php 
2016-01-14 14:03:22 - DEBUG --> setCurrency 
2016-01-14 14:03:22 - DEBUG --> Archivo \components\com_jhotelreservation\classes\services\UserDataService.php 
2016-01-14 14:03:22 - DEBUG --> getUserData 
2016-01-14 14:03:22 - DEBUG --> Archivo \components\com_jhotelreservation\classes\services\UserDataService.php 
2016-01-14 14:03:22 - DEBUG --> getUserData 
2016-01-14 14:03:22 - DEBUG --> Archivo \components\com_jhotelreservation\classes\services\UserDataService.php 
2016-01-14 14:03:22 - DEBUG --> getUserData 
2016-01-14 14:03:22 - DEBUG --> Archivo \components\com_jhotelreservationiews\hotel	mpl\hoteloverview.php 
2016-01-14 14:03:22 - DEBUG --> Accedió 
2016-01-14 14:27:52 - DEBUG --> Archivo \components\com_jhotelreservation\classes\services\UserDataService.php 
2016-01-14 14:27:52 - DEBUG --> initializeUserData 
2016-01-14 14:27:52 - DEBUG --> UserData first: N; 
2016-01-14 14:27:52 - DEBUG --> Archivo \components\com_jhotelreservation\classes\services\UserDataService.php 
2016-01-14 14:27:52 - DEBUG --> createUserData 
2016-01-14 14:27:52 - DEBUG --> UserData end:  a:0:{} 
2016-01-14 14:27:52 - DEBUG --> Archivo \components\com_jhotelreservation\classes\services\UserDataService.php 
2016-01-14 14:27:52 - DEBUG --> initializeUserData 
2016-01-14 14:27:52 - DEBUG --> UserData first: a:0:{} 
2016-01-14 14:27:52 - DEBUG --> UserData end:  a:0:{} 
2016-01-14 14:27:52 - DEBUG --> Archivo \components\com_jhotelreservation\classes\services\UserDataService.php 
2016-01-14 14:27:52 - DEBUG --> initializeReservationData 
2016-01-14 14:27:52 - DEBUG --> UserData: a:0:{} 
2016-01-14 14:27:52 - DEBUG --> Archivo \components\com_jhotelreservation\classes\services\UserDataService.php 
2016-01-14 14:27:52 - DEBUG --> updateUserData 
2016-01-14 14:27:52 - DEBUG --> Archivo \components\com_jhotelreservation\classes\services\UserDataService.php 
2016-01-14 14:27:52 - DEBUG --> getUserData 
2016-01-14 14:27:52 - DEBUG --> Archivo \components\com_jhotelreservation\classes\services\UserDataService.php 
2016-01-14 14:27:52 - DEBUG --> setCurrency 
2016-01-14 14:27:52 - DEBUG --> Archivo \components\com_jhotelreservation\classes\services\UserDataService.php 
2016-01-14 14:27:52 - DEBUG --> getUserData 
2016-01-14 14:27:52 - DEBUG --> Archivo \components\com_jhotelreservation\classes\services\UserDataService.php 
2016-01-14 14:27:52 - DEBUG --> getUserData 
2016-01-14 14:27:52 - DEBUG --> Archivo \components\com_jhotelreservation\classes\services\UserDataService.php 
2016-01-14 14:27:52 - DEBUG --> getUserData 
2016-01-14 14:27:52 - DEBUG --> Archivo \components\com_jhotelreservationiews\hotel	mpl\hoteloverview.php 
2016-01-14 14:27:52 - DEBUG --> Accedió 
2016-01-14 14:34:02 - DEBUG --> Archivo \components\com_jhotelreservation\classes\services\UserDataService.php 
2016-01-14 14:34:02 - DEBUG --> initializeUserData 
2016-01-14 14:34:02 - DEBUG --> UserData first: N; 
2016-01-14 14:34:02 - DEBUG --> Archivo \components\com_jhotelreservation\classes\services\UserDataService.php 
2016-01-14 14:34:02 - DEBUG --> createUserData 
2016-01-14 14:34:02 - DEBUG --> UserData end:  a:0:{} 
2016-01-14 14:37:03 - DEBUG --> Archivo \components\com_jhotelreservation\classes\services\UserDataService.php 
2016-01-14 14:37:03 - DEBUG --> initializeUserData 
2016-01-14 14:37:03 - DEBUG --> UserData first: N; 
2016-01-14 14:37:03 - DEBUG --> Archivo \components\com_jhotelreservation\classes\services\UserDataService.php 
2016-01-14 14:37:03 - DEBUG --> createUserData 
2016-01-14 14:37:03 - DEBUG --> UserData end:  a:0:{} 
2016-01-14 14:37:03 - DEBUG --> Archivo \components\com_jhotelreservation\classes\services\UserDataService.php 
2016-01-14 14:37:03 - DEBUG --> initializeUserData 
2016-01-14 14:37:03 - DEBUG --> UserData first: a:0:{} 
2016-01-14 14:37:03 - DEBUG --> UserData end:  a:0:{} 
2016-01-14 14:37:03 - DEBUG --> Archivo \components\com_jhotelreservation\classes\services\UserDataService.php 
2016-01-14 14:37:03 - DEBUG --> initializeReservationData 
2016-01-14 14:37:03 - DEBUG --> UserData: a:0:{} 
2016-01-14 14:37:03 - DEBUG --> Archivo \components\com_jhotelreservation\classes\services\UserDataService.php 
2016-01-14 14:37:03 - DEBUG --> updateUserData 
2016-01-14 14:37:03 - DEBUG --> Archivo \components\com_jhotelreservation\classes\services\UserDataService.php 
2016-01-14 14:37:03 - DEBUG --> getUserData 
2016-01-14 14:37:03 - DEBUG --> Archivo \components\com_jhotelreservation\classes\services\UserDataService.php 
2016-01-14 14:37:03 - DEBUG --> setCurrency 
2016-01-14 14:37:03 - DEBUG --> Archivo \components\com_jhotelreservation\classes\services\UserDataService.php 
2016-01-14 14:37:03 - DEBUG --> getUserData 
2016-01-14 14:37:03 - DEBUG --> Archivo \components\com_jhotelreservation\classes\services\UserDataService.php 
2016-01-14 14:37:03 - DEBUG --> getUserData 
2016-01-14 14:37:03 - DEBUG --> Archivo \components\com_jhotelreservation\classes\services\UserDataService.php 
2016-01-14 14:37:03 - DEBUG --> getUserData 
2016-01-14 14:37:03 - DEBUG --> Archivo \components\com_jhotelreservationiews\hotel	mpl\hoteloverview.php 
2016-01-14 14:37:03 - DEBUG --> Accedió 
2016-01-14 14:41:56 - DEBUG --> Archivo \components\com_jhotelreservation\classes\services\UserDataService.php 
2016-01-14 14:41:56 - DEBUG --> initializeUserData 
2016-01-14 14:41:56 - DEBUG --> UserData first: N; 
2016-01-14 14:41:56 - DEBUG --> Archivo \components\com_jhotelreservation\classes\services\UserDataService.php 
2016-01-14 14:41:56 - DEBUG --> createUserData 
2016-01-14 14:41:56 - DEBUG --> UserData end:  a:0:{} 
2016-01-14 16:00:18 - DEBUG --> Archivo \components\com_jhotelreservation\classes\services\UserDataService.php 
2016-01-14 16:00:18 - DEBUG --> initializeUserData 
2016-01-14 16:00:18 - DEBUG --> UserData first: N; 
2016-01-14 16:00:18 - DEBUG --> Archivo \components\com_jhotelreservation\classes\services\UserDataService.php 
2016-01-14 16:00:18 - DEBUG --> createUserData 
2016-01-14 16:00:18 - DEBUG --> UserData end:  a:0:{} 
2016-01-14 16:00:18 - DEBUG --> Archivo \components\com_jhotelreservation\classes\services\UserDataService.php 
2016-01-14 16:00:18 - DEBUG --> initializeUserData 
2016-01-14 16:00:18 - DEBUG --> UserData first: a:0:{} 
2016-01-14 16:00:18 - DEBUG --> UserData end:  a:0:{} 
2016-01-14 16:00:18 - DEBUG --> Archivo \components\com_jhotelreservation\classes\services\UserDataService.php 
2016-01-14 16:00:18 - DEBUG --> initializeReservationData 
2016-01-14 16:00:18 - DEBUG --> UserData: a:0:{} 
2016-01-14 16:00:18 - DEBUG --> Archivo \components\com_jhotelreservation\classes\services\UserDataService.php 
2016-01-14 16:00:18 - DEBUG --> updateUserData 
2016-01-14 16:00:18 - DEBUG --> Archivo \components\com_jhotelreservation\classes\services\UserDataService.php 
2016-01-14 16:00:18 - DEBUG --> getUserData 
2016-01-14 16:00:18 - DEBUG --> Archivo \components\com_jhotelreservation\classes\services\UserDataService.php 
2016-01-14 16:00:18 - DEBUG --> setCurrency 
2016-01-14 16:00:18 - DEBUG --> Archivo \components\com_jhotelreservation\classes\services\UserDataService.php 
2016-01-14 16:00:18 - DEBUG --> getUserData 
2016-01-14 16:00:18 - DEBUG --> Archivo \components\com_jhotelreservation\classes\services\UserDataService.php 
2016-01-14 16:00:18 - DEBUG --> getUserData 
2016-01-14 16:00:18 - DEBUG --> Archivo \components\com_jhotelreservation\classes\services\UserDataService.php 
2016-01-14 16:00:18 - DEBUG --> getUserData 
2016-01-14 16:00:18 - DEBUG --> Archivo \components\com_jhotelreservationiews\hotel	mpl\hoteloverview.php 
2016-01-14 16:00:18 - DEBUG --> Accedió 
2016-01-14 16:22:21 - DEBUG --> Archivo \components\com_jhotelreservation\classes\services\UserDataService.php 
2016-01-14 16:22:21 - DEBUG --> initializeUserData 
2016-01-14 16:22:21 - DEBUG --> UserData first: N; 
2016-01-14 16:22:21 - DEBUG --> Archivo \components\com_jhotelreservation\classes\services\UserDataService.php 
2016-01-14 16:22:21 - DEBUG --> createUserData 
2016-01-14 16:22:21 - DEBUG --> UserData end:  a:0:{} 
2016-01-14 16:22:21 - DEBUG --> Archivo \components\com_jhotelreservation\classes\services\UserDataService.php 
2016-01-14 16:22:21 - DEBUG --> initializeUserData 
2016-01-14 16:22:21 - DEBUG --> UserData first: a:0:{} 
2016-01-14 16:22:21 - DEBUG --> UserData end:  a:0:{} 
2016-01-14 16:22:21 - DEBUG --> Archivo \components\com_jhotelreservation\classes\services\UserDataService.php 
2016-01-14 16:22:21 - DEBUG --> initializeReservationData 
2016-01-14 16:22:21 - DEBUG --> UserData: a:0:{} 
2016-01-14 16:22:21 - DEBUG --> Archivo \components\com_jhotelreservation\classes\services\UserDataService.php 
2016-01-14 16:22:21 - DEBUG --> updateUserData 
2016-01-14 16:22:21 - DEBUG --> Archivo \components\com_jhotelreservation\classes\services\UserDataService.php 
2016-01-14 16:22:21 - DEBUG --> getUserData 
2016-01-14 16:22:21 - DEBUG --> Archivo \components\com_jhotelreservation\classes\services\UserDataService.php 
2016-01-14 16:22:21 - DEBUG --> setCurrency 
2016-01-14 16:22:21 - DEBUG --> Archivo \components\com_jhotelreservation\classes\services\UserDataService.php 
2016-01-14 16:22:21 - DEBUG --> getUserData 
2016-01-14 16:22:21 - DEBUG --> Archivo \components\com_jhotelreservation\classes\services\UserDataService.php 
2016-01-14 16:22:21 - DEBUG --> getUserData 
2016-01-14 16:22:21 - DEBUG --> Archivo \components\com_jhotelreservation\classes\services\UserDataService.php 
2016-01-14 16:22:21 - DEBUG --> getUserData 
2016-01-14 16:22:21 - DEBUG --> Archivo \components\com_jhotelreservationiews\hotel	mpl\hoteloverview.php 
2016-01-14 16:22:21 - DEBUG --> Accedió 
2016-01-14 16:40:23 - DEBUG --> Archivo \components\com_jhotelreservation\classes\services\UserDataService.php 
2016-01-14 16:40:23 - DEBUG --> initializeUserData 
2016-01-14 16:40:23 - DEBUG --> UserData first: N; 
2016-01-14 16:40:23 - DEBUG --> Archivo \components\com_jhotelreservation\classes\services\UserDataService.php 
2016-01-14 16:40:23 - DEBUG --> createUserData 
2016-01-14 16:40:23 - DEBUG --> UserData end:  a:0:{} 
2016-01-14 16:40:23 - DEBUG --> Archivo \components\com_jhotelreservation\classes\services\UserDataService.php 
2016-01-14 16:40:23 - DEBUG --> initializeUserData 
2016-01-14 16:40:23 - DEBUG --> UserData first: a:0:{} 
2016-01-14 16:40:23 - DEBUG --> UserData end:  a:0:{} 
2016-01-14 16:40:23 - DEBUG --> Archivo \components\com_jhotelreservation\classes\services\UserDataService.php 
2016-01-14 16:40:23 - DEBUG --> initializeReservationData 
2016-01-14 16:40:23 - DEBUG --> UserData: a:0:{} 
2016-01-14 16:40:23 - DEBUG --> Archivo \components\com_jhotelreservation\classes\services\UserDataService.php 
2016-01-14 16:40:23 - DEBUG --> updateUserData 
2016-01-14 16:40:23 - DEBUG --> Archivo \components\com_jhotelreservation\classes\services\UserDataService.php 
2016-01-14 16:40:23 - DEBUG --> getUserData 
2016-01-14 16:40:23 - DEBUG --> Archivo \components\com_jhotelreservation\classes\services\UserDataService.php 
2016-01-14 16:40:23 - DEBUG --> setCurrency 
2016-01-14 16:40:23 - DEBUG --> Archivo \components\com_jhotelreservation\classes\services\UserDataService.php 
2016-01-14 16:40:23 - DEBUG --> getUserData 
2016-01-14 16:40:23 - DEBUG --> Archivo \components\com_jhotelreservation\classes\services\UserDataService.php 
2016-01-14 16:40:23 - DEBUG --> getUserData 
2016-01-14 16:40:23 - DEBUG --> Archivo \components\com_jhotelreservation\classes\services\UserDataService.php 
2016-01-14 16:40:23 - DEBUG --> getUserData 
2016-01-14 16:40:23 - DEBUG --> Archivo \components\com_jhotelreservationiews\hotel	mpl\hoteloverview.php 
2016-01-14 16:40:23 - DEBUG --> Accedió 
2016-01-14 18:40:25 - DEBUG --> Archivo \components\com_jhotelreservation\classes\services\UserDataService.php 
2016-01-14 18:40:25 - DEBUG --> initializeUserData 
2016-01-14 18:40:25 - DEBUG --> UserData first: N; 
2016-01-14 18:40:25 - DEBUG --> Archivo \components\com_jhotelreservation\classes\services\UserDataService.php 
2016-01-14 18:40:25 - DEBUG --> createUserData 
2016-01-14 18:40:25 - DEBUG --> UserData end:  a:0:{} 
2016-01-14 18:40:25 - DEBUG --> Archivo \components\com_jhotelreservation\classes\services\UserDataService.php 
2016-01-14 18:40:25 - DEBUG --> initializeUserData 
2016-01-14 18:40:25 - DEBUG --> UserData first: a:0:{} 
2016-01-14 18:40:25 - DEBUG --> UserData end:  a:0:{} 
2016-01-14 18:40:25 - DEBUG --> Archivo \components\com_jhotelreservation\classes\services\UserDataService.php 
2016-01-14 18:40:25 - DEBUG --> initializeReservationData 
2016-01-14 18:40:25 - DEBUG --> UserData: a:0:{} 
2016-01-14 18:40:25 - DEBUG --> Archivo \components\com_jhotelreservation\classes\services\UserDataService.php 
2016-01-14 18:40:25 - DEBUG --> updateUserData 
2016-01-14 18:40:25 - DEBUG --> Archivo \components\com_jhotelreservation\classes\services\UserDataService.php 
2016-01-14 18:40:25 - DEBUG --> getUserData 
2016-01-14 18:40:25 - DEBUG --> Archivo \components\com_jhotelreservation\classes\services\UserDataService.php 
2016-01-14 18:40:25 - DEBUG --> setCurrency 
2016-01-14 18:40:25 - DEBUG --> Archivo \components\com_jhotelreservation\classes\services\UserDataService.php 
2016-01-14 18:40:25 - DEBUG --> getUserData 
2016-01-14 18:40:25 - DEBUG --> Archivo \components\com_jhotelreservation\classes\services\UserDataService.php 
2016-01-14 18:40:25 - DEBUG --> getUserData 
2016-01-14 18:40:25 - DEBUG --> Archivo \components\com_jhotelreservation\classes\services\UserDataService.php 
2016-01-14 18:40:25 - DEBUG --> getUserData 
2016-01-14 18:40:25 - DEBUG --> Archivo \components\com_jhotelreservationiews\hotel	mpl\hoteloverview.php 
2016-01-14 18:40:25 - DEBUG --> Accedió 
2016-01-14 20:03:05 - DEBUG --> Archivo \components\com_jhotelreservation\classes\services\UserDataService.php 
2016-01-14 20:03:05 - DEBUG --> initializeUserData 
2016-01-14 20:03:05 - DEBUG --> UserData first: N; 
2016-01-14 20:03:05 - DEBUG --> Archivo \components\com_jhotelreservation\classes\services\UserDataService.php 
2016-01-14 20:03:05 - DEBUG --> createUserData 
2016-01-14 20:03:05 - DEBUG --> UserData end:  a:0:{} 
2016-01-14 20:03:05 - DEBUG --> Archivo \components\com_jhotelreservation\classes\services\UserDataService.php 
2016-01-14 20:03:05 - DEBUG --> initializeUserData 
2016-01-14 20:03:05 - DEBUG --> UserData first: a:0:{} 
2016-01-14 20:03:05 - DEBUG --> UserData end:  a:0:{} 
2016-01-14 20:03:05 - DEBUG --> Archivo \components\com_jhotelreservation\classes\services\UserDataService.php 
2016-01-14 20:03:05 - DEBUG --> initializeReservationData 
2016-01-14 20:03:05 - DEBUG --> UserData: a:0:{} 
2016-01-14 20:03:05 - DEBUG --> Archivo \components\com_jhotelreservation\classes\services\UserDataService.php 
2016-01-14 20:03:05 - DEBUG --> updateUserData 
2016-01-14 20:03:05 - DEBUG --> Archivo \components\com_jhotelreservation\classes\services\UserDataService.php 
2016-01-14 20:03:05 - DEBUG --> getUserData 
2016-01-14 20:03:05 - DEBUG --> Archivo \components\com_jhotelreservation\classes\services\UserDataService.php 
2016-01-14 20:03:05 - DEBUG --> setCurrency 
2016-01-14 20:03:05 - DEBUG --> Archivo \components\com_jhotelreservation\classes\services\UserDataService.php 
2016-01-14 20:03:05 - DEBUG --> getUserData 
2016-01-14 20:03:05 - DEBUG --> Archivo \components\com_jhotelreservation\classes\services\UserDataService.php 
2016-01-14 20:03:05 - DEBUG --> getUserData 
2016-01-14 20:03:05 - DEBUG --> Archivo \components\com_jhotelreservation\classes\services\UserDataService.php 
2016-01-14 20:03:05 - DEBUG --> getUserData 
2016-01-14 20:03:05 - DEBUG --> Archivo \components\com_jhotelreservationiews\hotel	mpl\hoteloverview.php 
2016-01-14 20:03:05 - DEBUG --> Accedió 
2016-01-14 20:47:20 - DEBUG --> Archivo \components\com_jhotelreservation\classes\services\UserDataService.php 
2016-01-14 20:47:20 - DEBUG --> initializeUserData 
2016-01-14 20:47:20 - DEBUG --> UserData first: N; 
2016-01-14 20:47:20 - DEBUG --> Archivo \components\com_jhotelreservation\classes\services\UserDataService.php 
2016-01-14 20:47:20 - DEBUG --> createUserData 
2016-01-14 20:47:20 - DEBUG --> UserData end:  a:0:{} 
2016-01-14 20:47:20 - DEBUG --> Archivo \components\com_jhotelreservation\classes\services\UserDataService.php 
2016-01-14 20:47:20 - DEBUG --> initializeUserData 
2016-01-14 20:47:20 - DEBUG --> UserData first: a:0:{} 
2016-01-14 20:47:20 - DEBUG --> UserData end:  a:0:{} 
2016-01-14 20:47:20 - DEBUG --> Archivo \components\com_jhotelreservation\classes\services\UserDataService.php 
2016-01-14 20:47:20 - DEBUG --> initializeReservationData 
2016-01-14 20:47:20 - DEBUG --> UserData: a:0:{} 
2016-01-14 20:47:20 - DEBUG --> Archivo \components\com_jhotelreservation\classes\services\UserDataService.php 
2016-01-14 20:47:20 - DEBUG --> updateUserData 
2016-01-14 20:47:20 - DEBUG --> Archivo \components\com_jhotelreservation\classes\services\UserDataService.php 
2016-01-14 20:47:20 - DEBUG --> getUserData 
2016-01-14 20:47:20 - DEBUG --> Archivo \components\com_jhotelreservation\classes\services\UserDataService.php 
2016-01-14 20:47:20 - DEBUG --> setCurrency 
2016-01-14 20:47:20 - DEBUG --> Archivo \components\com_jhotelreservation\classes\services\UserDataService.php 
2016-01-14 20:47:20 - DEBUG --> getUserData 
2016-01-14 20:47:20 - DEBUG --> Archivo \components\com_jhotelreservation\classes\services\UserDataService.php 
2016-01-14 20:47:20 - DEBUG --> getUserData 
2016-01-14 20:47:20 - DEBUG --> Archivo \components\com_jhotelreservation\classes\services\UserDataService.php 
2016-01-14 20:47:20 - DEBUG --> getUserData 
2016-01-14 20:47:20 - DEBUG --> Archivo \components\com_jhotelreservationiews\hotel	mpl\hoteloverview.php 
2016-01-14 20:47:20 - DEBUG --> Accedió 
2016-01-14 20:47:45 - DEBUG --> Archivo \components\com_jhotelreservation\classes\services\UserDataService.php 
2016-01-14 20:47:45 - DEBUG --> initializeUserData 
2016-01-14 20:47:45 - DEBUG --> UserData first: N; 
2016-01-14 20:47:45 - DEBUG --> Archivo \components\com_jhotelreservation\classes\services\UserDataService.php 
2016-01-14 20:47:45 - DEBUG --> createUserData 
2016-01-14 20:47:45 - DEBUG --> UserData end:  a:0:{} 
2016-01-14 20:47:45 - DEBUG --> Archivo \components\com_jhotelreservation\classes\services\UserDataService.php 
2016-01-14 20:47:45 - DEBUG --> initializeUserData 
2016-01-14 20:47:45 - DEBUG --> UserData first: a:0:{} 
2016-01-14 20:47:45 - DEBUG --> UserData end:  a:0:{} 
2016-01-14 20:47:45 - DEBUG --> Archivo \components\com_jhotelreservation\classes\services\UserDataService.php 
2016-01-14 20:47:45 - DEBUG --> initializeReservationData 
2016-01-14 20:47:45 - DEBUG --> UserData: a:0:{} 
2016-01-14 20:47:45 - DEBUG --> Archivo \components\com_jhotelreservation\classes\services\UserDataService.php 
2016-01-14 20:47:45 - DEBUG --> updateUserData 
2016-01-14 20:47:45 - DEBUG --> Archivo \components\com_jhotelreservation\classes\services\UserDataService.php 
2016-01-14 20:47:45 - DEBUG --> getUserData 
2016-01-14 20:47:45 - DEBUG --> Archivo \components\com_jhotelreservation\classes\services\UserDataService.php 
2016-01-14 20:47:45 - DEBUG --> setCurrency 
2016-01-14 20:47:45 - DEBUG --> Archivo \components\com_jhotelreservation\classes\services\UserDataService.php 
2016-01-14 20:47:45 - DEBUG --> getUserData 
2016-01-14 20:47:45 - DEBUG --> Archivo \components\com_jhotelreservation\classes\services\UserDataService.php 
2016-01-14 20:47:45 - DEBUG --> getUserData 
2016-01-14 20:47:45 - DEBUG --> Archivo \components\com_jhotelreservation\classes\services\UserDataService.php 
2016-01-14 20:47:45 - DEBUG --> getUserData 
2016-01-14 20:47:45 - DEBUG --> Archivo \components\com_jhotelreservationiews\hotel	mpl\hoteloverview.php 
2016-01-14 20:47:45 - DEBUG --> Accedió 
2016-01-14 20:50:18 - DEBUG --> Archivo \components\com_jhotelreservation\classes\services\UserDataService.php 
2016-01-14 20:50:18 - DEBUG --> initializeUserData 
2016-01-14 20:50:18 - DEBUG --> UserData first: N; 
2016-01-14 20:50:18 - DEBUG --> Archivo \components\com_jhotelreservation\classes\services\UserDataService.php 
2016-01-14 20:50:18 - DEBUG --> createUserData 
2016-01-14 20:50:18 - DEBUG --> UserData end:  a:0:{} 
2016-01-14 20:50:18 - DEBUG --> Archivo \components\com_jhotelreservation\classes\services\UserDataService.php 
2016-01-14 20:50:18 - DEBUG --> initializeUserData 
2016-01-14 20:50:18 - DEBUG --> UserData first: a:0:{} 
2016-01-14 20:50:18 - DEBUG --> UserData end:  a:0:{} 
2016-01-14 20:50:18 - DEBUG --> Archivo \components\com_jhotelreservation\classes\services\UserDataService.php 
2016-01-14 20:50:18 - DEBUG --> initializeReservationData 
2016-01-14 20:50:18 - DEBUG --> UserData: a:0:{} 
2016-01-14 20:50:18 - DEBUG --> Archivo \components\com_jhotelreservation\classes\services\UserDataService.php 
2016-01-14 20:50:18 - DEBUG --> updateUserData 
2016-01-14 20:50:18 - DEBUG --> Archivo \components\com_jhotelreservation\classes\services\UserDataService.php 
2016-01-14 20:50:18 - DEBUG --> getUserData 
2016-01-14 20:50:18 - DEBUG --> Archivo \components\com_jhotelreservation\classes\services\UserDataService.php 
2016-01-14 20:50:18 - DEBUG --> setCurrency 
2016-01-14 20:50:18 - DEBUG --> Archivo \components\com_jhotelreservation\classes\services\UserDataService.php 
2016-01-14 20:50:18 - DEBUG --> getUserData 
2016-01-14 20:50:18 - DEBUG --> Archivo \components\com_jhotelreservation\classes\services\UserDataService.php 
2016-01-14 20:50:18 - DEBUG --> getUserData 
2016-01-14 20:50:18 - DEBUG --> Archivo \components\com_jhotelreservation\classes\services\UserDataService.php 
2016-01-14 20:50:18 - DEBUG --> getUserData 
2016-01-14 20:50:18 - DEBUG --> Archivo \components\com_jhotelreservationiews\hotel	mpl\hoteloverview.php 
2016-01-14 20:50:18 - DEBUG --> Accedió 
2016-01-14 20:50:50 - DEBUG --> Archivo \components\com_jhotelreservation\classes\services\UserDataService.php 
2016-01-14 20:50:50 - DEBUG --> initializeUserData 
2016-01-14 20:50:50 - DEBUG --> UserData first: N; 
2016-01-14 20:50:50 - DEBUG --> Archivo \components\com_jhotelreservation\classes\services\UserDataService.php 
2016-01-14 20:50:50 - DEBUG --> createUserData 
2016-01-14 20:50:50 - DEBUG --> UserData end:  a:0:{} 
2016-01-14 20:50:50 - DEBUG --> Archivo \components\com_jhotelreservation\classes\services\UserDataService.php 
2016-01-14 20:50:50 - DEBUG --> initializeUserData 
2016-01-14 20:50:50 - DEBUG --> UserData first: a:0:{} 
2016-01-14 20:50:50 - DEBUG --> UserData end:  a:0:{} 
2016-01-14 20:50:50 - DEBUG --> Archivo \components\com_jhotelreservation\classes\services\UserDataService.php 
2016-01-14 20:50:50 - DEBUG --> initializeReservationData 
2016-01-14 20:50:50 - DEBUG --> UserData: a:0:{} 
2016-01-14 20:50:50 - DEBUG --> Archivo \components\com_jhotelreservation\classes\services\UserDataService.php 
2016-01-14 20:50:50 - DEBUG --> updateUserData 
2016-01-14 20:50:50 - DEBUG --> Archivo \components\com_jhotelreservation\classes\services\UserDataService.php 
2016-01-14 20:50:50 - DEBUG --> getUserData 
2016-01-14 20:50:50 - DEBUG --> Archivo \components\com_jhotelreservation\classes\services\UserDataService.php 
2016-01-14 20:50:50 - DEBUG --> setCurrency 
2016-01-14 20:50:50 - DEBUG --> Archivo \components\com_jhotelreservation\classes\services\UserDataService.php 
2016-01-14 20:50:50 - DEBUG --> getUserData 
2016-01-14 20:50:50 - DEBUG --> Archivo \components\com_jhotelreservation\classes\services\UserDataService.php 
2016-01-14 20:50:50 - DEBUG --> getUserData 
2016-01-14 20:50:50 - DEBUG --> Archivo \components\com_jhotelreservation\classes\services\UserDataService.php 
2016-01-14 20:50:50 - DEBUG --> getUserData 
2016-01-14 20:50:50 - DEBUG --> Archivo \components\com_jhotelreservationiews\hotel	mpl\hoteloverview.php 
2016-01-14 20:50:50 - DEBUG --> Accedió 
2016-01-14 20:51:05 - DEBUG --> Archivo \components\com_jhotelreservation\classes\services\UserDataService.php 
2016-01-14 20:51:05 - DEBUG --> initializeUserData 
2016-01-14 20:51:05 - DEBUG --> UserData first: N; 
2016-01-14 20:51:05 - DEBUG --> Archivo \components\com_jhotelreservation\classes\services\UserDataService.php 
2016-01-14 20:51:05 - DEBUG --> createUserData 
2016-01-14 20:51:05 - DEBUG --> UserData end:  a:0:{} 
2016-01-14 20:51:05 - DEBUG --> Archivo \components\com_jhotelreservation\classes\services\UserDataService.php 
2016-01-14 20:51:05 - DEBUG --> initializeUserData 
2016-01-14 20:51:05 - DEBUG --> UserData first: a:0:{} 
2016-01-14 20:51:05 - DEBUG --> UserData end:  a:0:{} 
2016-01-14 20:51:05 - DEBUG --> Archivo \components\com_jhotelreservation\classes\services\UserDataService.php 
2016-01-14 20:51:05 - DEBUG --> initializeReservationData 
2016-01-14 20:51:05 - DEBUG --> UserData: a:0:{} 
2016-01-14 20:51:05 - DEBUG --> Archivo \components\com_jhotelreservation\classes\services\UserDataService.php 
2016-01-14 20:51:05 - DEBUG --> updateUserData 
2016-01-14 20:51:05 - DEBUG --> Archivo \components\com_jhotelreservation\classes\services\UserDataService.php 
2016-01-14 20:51:05 - DEBUG --> getUserData 
2016-01-14 20:51:05 - DEBUG --> Archivo \components\com_jhotelreservation\classes\services\UserDataService.php 
2016-01-14 20:51:05 - DEBUG --> setCurrency 
2016-01-14 20:51:05 - DEBUG --> Archivo \components\com_jhotelreservation\classes\services\UserDataService.php 
2016-01-14 20:51:05 - DEBUG --> getUserData 
2016-01-14 20:51:05 - DEBUG --> Archivo \components\com_jhotelreservation\classes\services\UserDataService.php 
2016-01-14 20:51:05 - DEBUG --> getUserData 
2016-01-14 20:51:05 - DEBUG --> Archivo \components\com_jhotelreservation\classes\services\UserDataService.php 
2016-01-14 20:51:05 - DEBUG --> getUserData 
2016-01-14 20:51:05 - DEBUG --> Archivo \components\com_jhotelreservationiews\hotel	mpl\hoteloverview.php 
2016-01-14 20:51:05 - DEBUG --> Accedió 
2016-01-14 20:59:24 - DEBUG --> Archivo \components\com_jhotelreservation\classes\services\UserDataService.php 
2016-01-14 20:59:24 - DEBUG --> initializeUserData 
2016-01-14 20:59:24 - DEBUG --> UserData first: N; 
2016-01-14 20:59:24 - DEBUG --> Archivo \components\com_jhotelreservation\classes\services\UserDataService.php 
2016-01-14 20:59:24 - DEBUG --> createUserData 
2016-01-14 20:59:24 - DEBUG --> UserData end:  a:0:{} 
2016-01-14 20:59:24 - DEBUG --> Archivo \components\com_jhotelreservation\classes\services\UserDataService.php 
2016-01-14 20:59:24 - DEBUG --> initializeUserData 
2016-01-14 20:59:24 - DEBUG --> UserData first: a:0:{} 
2016-01-14 20:59:24 - DEBUG --> UserData end:  a:0:{} 
2016-01-14 20:59:24 - DEBUG --> Archivo \components\com_jhotelreservation\classes\services\UserDataService.php 
2016-01-14 20:59:24 - DEBUG --> initializeReservationData 
2016-01-14 20:59:24 - DEBUG --> UserData: a:0:{} 
2016-01-14 20:59:24 - DEBUG --> Archivo \components\com_jhotelreservation\classes\services\UserDataService.php 
2016-01-14 20:59:24 - DEBUG --> updateUserData 
2016-01-14 20:59:24 - DEBUG --> Archivo \components\com_jhotelreservation\classes\services\UserDataService.php 
2016-01-14 20:59:24 - DEBUG --> getUserData 
2016-01-14 20:59:24 - DEBUG --> Archivo \components\com_jhotelreservation\classes\services\UserDataService.php 
2016-01-14 20:59:24 - DEBUG --> setCurrency 
2016-01-14 20:59:24 - DEBUG --> Archivo \components\com_jhotelreservation\classes\services\UserDataService.php 
2016-01-14 20:59:24 - DEBUG --> getUserData 
2016-01-14 20:59:24 - DEBUG --> Archivo \components\com_jhotelreservation\classes\services\UserDataService.php 
2016-01-14 20:59:24 - DEBUG --> getUserData 
2016-01-14 20:59:24 - DEBUG --> Archivo \components\com_jhotelreservation\classes\services\UserDataService.php 
2016-01-14 20:59:24 - DEBUG --> getUserData 
2016-01-14 20:59:24 - DEBUG --> Archivo \components\com_jhotelreservationiews\hotel	mpl\hoteloverview.php 
2016-01-14 20:59:24 - DEBUG --> Accedió 
2016-01-14 20:59:36 - DEBUG --> Archivo \components\com_jhotelreservation\classes\services\UserDataService.php 
2016-01-14 20:59:36 - DEBUG --> initializeUserData 
2016-01-14 20:59:36 - DEBUG --> UserData first: N; 
2016-01-14 20:59:36 - DEBUG --> Archivo \components\com_jhotelreservation\classes\services\UserDataService.php 
2016-01-14 20:59:36 - DEBUG --> createUserData 
2016-01-14 20:59:36 - DEBUG --> UserData end:  a:0:{} 
2016-01-14 20:59:36 - DEBUG --> Archivo \components\com_jhotelreservation\classes\services\UserDataService.php 
2016-01-14 20:59:36 - DEBUG --> initializeUserData 
2016-01-14 20:59:36 - DEBUG --> UserData first: a:0:{} 
2016-01-14 20:59:36 - DEBUG --> UserData end:  a:0:{} 
2016-01-14 20:59:36 - DEBUG --> Archivo \components\com_jhotelreservation\classes\services\UserDataService.php 
2016-01-14 20:59:36 - DEBUG --> initializeReservationData 
2016-01-14 20:59:36 - DEBUG --> UserData: a:0:{} 
2016-01-14 20:59:36 - DEBUG --> Archivo \components\com_jhotelreservation\classes\services\UserDataService.php 
2016-01-14 20:59:36 - DEBUG --> updateUserData 
2016-01-14 20:59:36 - DEBUG --> Archivo \components\com_jhotelreservation\classes\services\UserDataService.php 
2016-01-14 20:59:36 - DEBUG --> getUserData 
2016-01-14 20:59:36 - DEBUG --> Archivo \components\com_jhotelreservation\classes\services\UserDataService.php 
2016-01-14 20:59:36 - DEBUG --> setCurrency 
2016-01-14 20:59:36 - DEBUG --> Archivo \components\com_jhotelreservation\classes\services\UserDataService.php 
2016-01-14 20:59:36 - DEBUG --> getUserData 
2016-01-14 20:59:36 - DEBUG --> Archivo \components\com_jhotelreservation\classes\services\UserDataService.php 
2016-01-14 20:59:36 - DEBUG --> getUserData 
2016-01-14 20:59:36 - DEBUG --> Archivo \components\com_jhotelreservation\classes\services\UserDataService.php 
2016-01-14 20:59:36 - DEBUG --> getUserData 
2016-01-14 20:59:36 - DEBUG --> Archivo \components\com_jhotelreservationiews\hotel	mpl\hoteloverview.php 
2016-01-14 20:59:36 - DEBUG --> Accedió 
2016-01-14 21:25:46 - DEBUG --> Archivo \components\com_jhotelreservation\classes\services\UserDataService.php 
2016-01-14 21:25:46 - DEBUG --> initializeUserData 
2016-01-14 21:25:46 - DEBUG --> UserData first: N; 
2016-01-14 21:25:46 - DEBUG --> Archivo \components\com_jhotelreservation\classes\services\UserDataService.php 
2016-01-14 21:25:46 - DEBUG --> createUserData 
2016-01-14 21:25:46 - DEBUG --> UserData end:  a:0:{} 
2016-01-14 21:25:46 - DEBUG --> Archivo \components\com_jhotelreservation\classes\services\UserDataService.php 
2016-01-14 21:25:46 - DEBUG --> initializeUserData 
2016-01-14 21:25:46 - DEBUG --> UserData first: a:0:{} 
2016-01-14 21:25:46 - DEBUG --> UserData end:  a:0:{} 
2016-01-14 21:25:46 - DEBUG --> Archivo \components\com_jhotelreservation\classes\services\UserDataService.php 
2016-01-14 21:25:46 - DEBUG --> initializeReservationData 
2016-01-14 21:25:46 - DEBUG --> UserData: a:0:{} 
2016-01-14 21:25:46 - DEBUG --> Archivo \components\com_jhotelreservation\classes\services\UserDataService.php 
2016-01-14 21:25:46 - DEBUG --> updateUserData 
2016-01-14 21:25:46 - DEBUG --> Archivo \components\com_jhotelreservation\classes\services\UserDataService.php 
2016-01-14 21:25:46 - DEBUG --> getUserData 
2016-01-14 21:25:46 - DEBUG --> Archivo \components\com_jhotelreservation\classes\services\UserDataService.php 
2016-01-14 21:25:46 - DEBUG --> setCurrency 
2016-01-14 21:25:46 - DEBUG --> Archivo \components\com_jhotelreservation\classes\services\UserDataService.php 
2016-01-14 21:25:46 - DEBUG --> getUserData 
2016-01-14 21:25:46 - DEBUG --> Archivo \components\com_jhotelreservation\classes\services\UserDataService.php 
2016-01-14 21:25:46 - DEBUG --> getUserData 
2016-01-14 21:25:46 - DEBUG --> Archivo \components\com_jhotelreservation\classes\services\UserDataService.php 
2016-01-14 21:25:46 - DEBUG --> getUserData 
2016-01-14 21:25:46 - DEBUG --> Archivo \components\com_jhotelreservationiews\hotel	mpl\hoteloverview.php 
2016-01-14 21:25:46 - DEBUG --> Accedió 
2016-01-14 22:23:43 - DEBUG --> Archivo \components\com_jhotelreservation\classes\services\UserDataService.php 
2016-01-14 22:23:43 - DEBUG --> initializeUserData 
2016-01-14 22:23:43 - DEBUG --> UserData first: N; 
2016-01-14 22:23:43 - DEBUG --> Archivo \components\com_jhotelreservation\classes\services\UserDataService.php 
2016-01-14 22:23:43 - DEBUG --> createUserData 
2016-01-14 22:23:43 - DEBUG --> UserData end:  a:0:{} 
2016-01-14 22:23:43 - DEBUG --> Archivo \components\com_jhotelreservation\classes\services\UserDataService.php 
2016-01-14 22:23:43 - DEBUG --> initializeUserData 
2016-01-14 22:23:43 - DEBUG --> UserData first: a:0:{} 
2016-01-14 22:23:43 - DEBUG --> UserData end:  a:0:{} 
2016-01-14 22:23:43 - DEBUG --> Archivo \components\com_jhotelreservation\classes\services\UserDataService.php 
2016-01-14 22:23:43 - DEBUG --> initializeReservationData 
2016-01-14 22:23:43 - DEBUG --> UserData: a:0:{} 
2016-01-14 22:23:43 - DEBUG --> Archivo \components\com_jhotelreservation\classes\services\UserDataService.php 
2016-01-14 22:23:43 - DEBUG --> updateUserData 
2016-01-14 22:23:43 - DEBUG --> Archivo \components\com_jhotelreservation\classes\services\UserDataService.php 
2016-01-14 22:23:43 - DEBUG --> getUserData 
2016-01-14 22:23:43 - DEBUG --> Archivo \components\com_jhotelreservation\classes\services\UserDataService.php 
2016-01-14 22:23:43 - DEBUG --> setCurrency 
2016-01-14 22:23:43 - DEBUG --> Archivo \components\com_jhotelreservation\classes\services\UserDataService.php 
2016-01-14 22:23:43 - DEBUG --> getUserData 
2016-01-14 22:23:43 - DEBUG --> Archivo \components\com_jhotelreservation\classes\services\UserDataService.php 
2016-01-14 22:23:43 - DEBUG --> getUserData 
2016-01-14 22:23:43 - DEBUG --> Archivo \components\com_jhotelreservation\classes\services\UserDataService.php 
2016-01-14 22:23:43 - DEBUG --> getUserData 
2016-01-14 22:23:43 - DEBUG --> Archivo \components\com_jhotelreservationiews\hotel	mpl\hoteloverview.php 
2016-01-14 22:23:43 - DEBUG --> Accedió 
