2015-09-16 3:09:32 - DEBUG --> Archivo \components\com_jhotelreservation\classes\services\UserDataService.php 
2015-09-16 3:09:32 - DEBUG --> initializeUserData 
2015-09-16 3:09:32 - DEBUG --> UserData first: N; 
2015-09-16 3:09:32 - DEBUG --> Archivo \components\com_jhotelreservation\classes\services\UserDataService.php 
2015-09-16 3:09:32 - DEBUG --> createUserData 
2015-09-16 3:09:32 - DEBUG --> UserData end:  a:0:{} 
2015-09-16 3:09:32 - DEBUG --> Archivo \components\com_jhotelreservation\classes\services\UserDataService.php 
2015-09-16 3:09:32 - DEBUG --> initializeUserData 
2015-09-16 3:09:32 - DEBUG --> UserData first: a:0:{} 
2015-09-16 3:09:32 - DEBUG --> UserData end:  a:0:{} 
2015-09-16 3:09:32 - DEBUG --> Archivo \components\com_jhotelreservation\classes\services\UserDataService.php 
2015-09-16 3:09:32 - DEBUG --> initializeReservationData 
2015-09-16 3:09:32 - DEBUG --> UserData: a:0:{} 
2015-09-16 3:09:32 - DEBUG --> Archivo \components\com_jhotelreservation\classes\services\UserDataService.php 
2015-09-16 3:09:32 - DEBUG --> updateUserData 
2015-09-16 3:09:32 - DEBUG --> Archivo \components\com_jhotelreservation\classes\services\UserDataService.php 
2015-09-16 3:09:32 - DEBUG --> getUserData 
2015-09-16 3:09:32 - DEBUG --> Archivo \components\com_jhotelreservation\classes\services\UserDataService.php 
2015-09-16 3:09:32 - DEBUG --> setCurrency 
2015-09-16 3:09:32 - DEBUG --> Archivo \components\com_jhotelreservation\classes\services\UserDataService.php 
2015-09-16 3:09:32 - DEBUG --> getUserData 
2015-09-16 3:09:32 - DEBUG --> Archivo \components\com_jhotelreservation\classes\services\UserDataService.php 
2015-09-16 3:09:32 - DEBUG --> getUserData 
2015-09-16 3:09:32 - DEBUG --> Archivo \components\com_jhotelreservation\classes\services\UserDataService.php 
2015-09-16 3:09:32 - DEBUG --> getUserData 
2015-09-16 3:09:32 - DEBUG --> Archivo \components\com_jhotelreservationiews\hotel	mpl\hoteloverview.php 
2015-09-16 3:09:32 - DEBUG --> Accedi贸 
2015-09-16 3:41:55 - DEBUG --> Archivo \components\com_jhotelreservation\classes\services\UserDataService.php 
2015-09-16 3:41:55 - DEBUG --> initializeUserData 
2015-09-16 3:41:55 - DEBUG --> UserData first: N; 
2015-09-16 3:41:55 - DEBUG --> Archivo \components\com_jhotelreservation\classes\services\UserDataService.php 
2015-09-16 3:41:55 - DEBUG --> createUserData 
2015-09-16 3:41:55 - DEBUG --> UserData end:  a:0:{} 
2015-09-16 3:45:29 - DEBUG --> Archivo \components\com_jhotelreservation\classes\services\UserDataService.php 
2015-09-16 3:45:29 - DEBUG --> initializeUserData 
2015-09-16 3:45:29 - DEBUG --> UserData first: N; 
2015-09-16 3:45:29 - DEBUG --> Archivo \components\com_jhotelreservation\classes\services\UserDataService.php 
2015-09-16 3:45:29 - DEBUG --> createUserData 
2015-09-16 3:45:29 - DEBUG --> UserData end:  a:0:{} 
2015-09-16 3:45:29 - DEBUG --> Archivo \components\com_jhotelreservation\classes\services\UserDataService.php 
2015-09-16 3:45:29 - DEBUG --> initializeUserData 
2015-09-16 3:45:29 - DEBUG --> UserData first: a:0:{} 
2015-09-16 3:45:29 - DEBUG --> UserData end:  a:0:{} 
2015-09-16 3:45:29 - DEBUG --> Archivo \components\com_jhotelreservation\classes\services\UserDataService.php 
2015-09-16 3:45:29 - DEBUG --> initializeReservationData 
2015-09-16 3:45:29 - DEBUG --> UserData: a:0:{} 
2015-09-16 3:45:29 - DEBUG --> Archivo \components\com_jhotelreservation\classes\services\UserDataService.php 
2015-09-16 3:45:29 - DEBUG --> updateUserData 
2015-09-16 3:45:29 - DEBUG --> Archivo \components\com_jhotelreservation\classes\services\UserDataService.php 
2015-09-16 3:45:29 - DEBUG --> getUserData 
2015-09-16 3:45:29 - DEBUG --> Archivo \components\com_jhotelreservation\classes\services\UserDataService.php 
2015-09-16 3:45:29 - DEBUG --> setCurrency 
2015-09-16 3:45:29 - DEBUG --> Archivo \components\com_jhotelreservation\classes\services\UserDataService.php 
2015-09-16 3:45:29 - DEBUG --> getUserData 
2015-09-16 3:45:29 - DEBUG --> Archivo \components\com_jhotelreservation\classes\services\UserDataService.php 
2015-09-16 3:45:29 - DEBUG --> getUserData 
2015-09-16 3:45:29 - DEBUG --> Archivo \components\com_jhotelreservation\classes\services\UserDataService.php 
2015-09-16 3:45:29 - DEBUG --> getUserData 
2015-09-16 3:45:29 - DEBUG --> Archivo \components\com_jhotelreservationiews\hotel	mpl\hoteloverview.php 
2015-09-16 3:45:29 - DEBUG --> Accedi贸 
2015-09-16 3:49:35 - DEBUG --> Archivo \components\com_jhotelreservation\classes\services\UserDataService.php 
2015-09-16 3:49:35 - DEBUG --> initializeUserData 
2015-09-16 3:49:35 - DEBUG --> UserData first: N; 
2015-09-16 3:49:35 - DEBUG --> Archivo \components\com_jhotelreservation\classes\services\UserDataService.php 
2015-09-16 3:49:35 - DEBUG --> createUserData 
2015-09-16 3:49:35 - DEBUG --> UserData end:  a:0:{} 
2015-09-16 3:49:35 - DEBUG --> Archivo \components\com_jhotelreservation\classes\services\UserDataService.php 
2015-09-16 3:49:35 - DEBUG --> initializeUserData 
2015-09-16 3:49:35 - DEBUG --> UserData first: a:0:{} 
2015-09-16 3:49:35 - DEBUG --> UserData end:  a:0:{} 
2015-09-16 3:49:35 - DEBUG --> Archivo \components\com_jhotelreservation\classes\services\UserDataService.php 
2015-09-16 3:49:35 - DEBUG --> initializeReservationData 
2015-09-16 3:49:35 - DEBUG --> UserData: a:0:{} 
2015-09-16 3:49:35 - DEBUG --> Archivo \components\com_jhotelreservation\classes\services\UserDataService.php 
2015-09-16 3:49:35 - DEBUG --> updateUserData 
2015-09-16 3:49:35 - DEBUG --> Archivo \components\com_jhotelreservation\classes\services\UserDataService.php 
2015-09-16 3:49:35 - DEBUG --> getUserData 
2015-09-16 3:49:35 - DEBUG --> Archivo \components\com_jhotelreservation\classes\services\UserDataService.php 
2015-09-16 3:49:35 - DEBUG --> setCurrency 
2015-09-16 3:49:35 - DEBUG --> Archivo \components\com_jhotelreservation\classes\services\UserDataService.php 
2015-09-16 3:49:35 - DEBUG --> getUserData 
2015-09-16 3:49:35 - DEBUG --> Archivo \components\com_jhotelreservation\classes\services\UserDataService.php 
2015-09-16 3:49:35 - DEBUG --> getUserData 
2015-09-16 3:49:35 - DEBUG --> Archivo \components\com_jhotelreservation\classes\services\UserDataService.php 
2015-09-16 3:49:35 - DEBUG --> getUserData 
2015-09-16 8:27:05 - DEBUG --> Archivo \components\com_jhotelreservation\classes\services\UserDataService.php 
2015-09-16 8:27:05 - DEBUG --> initializeUserData 
2015-09-16 8:27:05 - DEBUG --> UserData first: N; 
2015-09-16 8:27:05 - DEBUG --> Archivo \components\com_jhotelreservation\classes\services\UserDataService.php 
2015-09-16 8:27:05 - DEBUG --> createUserData 
2015-09-16 8:27:05 - DEBUG --> UserData end:  a:0:{} 
2015-09-16 8:27:05 - DEBUG --> Archivo \components\com_jhotelreservation\classes\services\UserDataService.php 
2015-09-16 8:27:05 - DEBUG --> initializeUserData 
2015-09-16 8:27:05 - DEBUG --> UserData first: a:0:{} 
2015-09-16 8:27:05 - DEBUG --> UserData end:  a:0:{} 
2015-09-16 8:27:05 - DEBUG --> Archivo \components\com_jhotelreservation\classes\services\UserDataService.php 
2015-09-16 8:27:05 - DEBUG --> initializeReservationData 
2015-09-16 8:27:05 - DEBUG --> UserData: a:0:{} 
2015-09-16 8:27:05 - DEBUG --> Archivo \components\com_jhotelreservation\classes\services\UserDataService.php 
2015-09-16 8:27:05 - DEBUG --> updateUserData 
2015-09-16 8:27:05 - DEBUG --> Archivo \components\com_jhotelreservation\classes\services\UserDataService.php 
2015-09-16 8:27:05 - DEBUG --> getUserData 
2015-09-16 8:27:05 - DEBUG --> Archivo \components\com_jhotelreservation\classes\services\UserDataService.php 
2015-09-16 8:27:05 - DEBUG --> setCurrency 
2015-09-16 8:27:05 - DEBUG --> Archivo \components\com_jhotelreservation\classes\services\UserDataService.php 
2015-09-16 8:27:05 - DEBUG --> getUserData 
2015-09-16 8:27:05 - DEBUG --> Archivo \components\com_jhotelreservation\classes\services\UserDataService.php 
2015-09-16 8:27:05 - DEBUG --> getUserData 
2015-09-16 8:27:05 - DEBUG --> Archivo \components\com_jhotelreservation\classes\services\UserDataService.php 
2015-09-16 8:27:05 - DEBUG --> getUserData 
2015-09-16 18:09:52 - DEBUG --> Archivo \components\com_jhotelreservation\classes\services\UserDataService.php 
2015-09-16 18:09:52 - DEBUG --> initializeUserData 
2015-09-16 18:09:52 - DEBUG --> UserData first: N; 
2015-09-16 18:09:52 - DEBUG --> Archivo \components\com_jhotelreservation\classes\services\UserDataService.php 
2015-09-16 18:09:52 - DEBUG --> createUserData 
2015-09-16 18:09:52 - DEBUG --> UserData end:  a:0:{} 
2015-09-16 18:09:52 - DEBUG --> Archivo \components\com_jhotelreservation\classes\services\UserDataService.php 
2015-09-16 18:09:52 - DEBUG --> initializeUserData 
2015-09-16 18:09:52 - DEBUG --> UserData first: a:0:{} 
2015-09-16 18:09:52 - DEBUG --> UserData end:  a:0:{} 
2015-09-16 18:09:52 - DEBUG --> Archivo \components\com_jhotelreservation\classes\services\UserDataService.php 
2015-09-16 18:09:52 - DEBUG --> initializeReservationData 
2015-09-16 18:09:52 - DEBUG --> UserData: a:0:{} 
2015-09-16 18:09:52 - DEBUG --> Archivo \components\com_jhotelreservation\classes\services\UserDataService.php 
2015-09-16 18:09:52 - DEBUG --> updateUserData 
2015-09-16 18:09:52 - DEBUG --> Archivo \components\com_jhotelreservation\classes\services\UserDataService.php 
2015-09-16 18:09:52 - DEBUG --> getUserData 
2015-09-16 18:09:52 - DEBUG --> Archivo \components\com_jhotelreservation\classes\services\UserDataService.php 
2015-09-16 18:09:52 - DEBUG --> setCurrency 
2015-09-16 18:09:52 - DEBUG --> Archivo \components\com_jhotelreservation\classes\services\UserDataService.php 
2015-09-16 18:09:52 - DEBUG --> getUserData 
2015-09-16 18:09:52 - DEBUG --> Archivo \components\com_jhotelreservation\classes\services\UserDataService.php 
2015-09-16 18:09:52 - DEBUG --> getUserData 
2015-09-16 18:09:52 - DEBUG --> Archivo \components\com_jhotelreservation\classes\services\UserDataService.php 
2015-09-16 18:09:52 - DEBUG --> getUserData 
2015-09-16 18:09:52 - DEBUG --> Archivo \components\com_jhotelreservationiews\hotel	mpl\hoteloverview.php 
2015-09-16 18:09:52 - DEBUG --> Accedi贸 
2015-09-16 22:56:34 - DEBUG --> Archivo \components\com_jhotelreservation\classes\services\UserDataService.php 
2015-09-16 22:56:34 - DEBUG --> initializeUserData 
2015-09-16 22:56:34 - DEBUG --> UserData first: N; 
2015-09-16 22:56:34 - DEBUG --> Archivo \components\com_jhotelreservation\classes\services\UserDataService.php 
2015-09-16 22:56:34 - DEBUG --> createUserData 
2015-09-16 22:56:34 - DEBUG --> UserData end:  a:0:{} 
2015-09-16 22:56:34 - DEBUG --> Archivo \components\com_jhotelreservation\classes\services\UserDataService.php 
2015-09-16 22:56:34 - DEBUG --> initializeUserData 
2015-09-16 22:56:34 - DEBUG --> UserData first: a:0:{} 
2015-09-16 22:56:34 - DEBUG --> UserData end:  a:0:{} 
2015-09-16 22:56:34 - DEBUG --> Archivo \components\com_jhotelreservation\classes\services\UserDataService.php 
2015-09-16 22:56:34 - DEBUG --> initializeReservationData 
2015-09-16 22:56:34 - DEBUG --> UserData: a:0:{} 
2015-09-16 22:56:34 - DEBUG --> Archivo \components\com_jhotelreservation\classes\services\UserDataService.php 
2015-09-16 22:56:34 - DEBUG --> updateUserData 
2015-09-16 22:56:34 - DEBUG --> Archivo \components\com_jhotelreservation\classes\services\UserDataService.php 
2015-09-16 22:56:34 - DEBUG --> getUserData 
2015-09-16 22:56:34 - DEBUG --> Archivo \components\com_jhotelreservation\classes\services\UserDataService.php 
2015-09-16 22:56:34 - DEBUG --> setCurrency 
2015-09-16 22:56:34 - DEBUG --> Archivo \components\com_jhotelreservation\classes\services\UserDataService.php 
2015-09-16 22:56:34 - DEBUG --> getUserData 
2015-09-16 22:56:34 - DEBUG --> Archivo \components\com_jhotelreservation\classes\services\UserDataService.php 
2015-09-16 22:56:34 - DEBUG --> getUserData 
2015-09-16 22:56:34 - DEBUG --> Archivo \components\com_jhotelreservation\classes\services\UserDataService.php 
2015-09-16 22:56:34 - DEBUG --> getUserData 
2015-09-16 22:56:34 - DEBUG --> Archivo \components\com_jhotelreservationiews\hotel	mpl\hoteloverview.php 
2015-09-16 22:56:34 - DEBUG --> Accedi贸 
2015-09-16 23:26:09 - DEBUG --> Archivo \components\com_jhotelreservation\classes\services\UserDataService.php 
2015-09-16 23:26:09 - DEBUG --> initializeUserData 
2015-09-16 23:26:09 - DEBUG --> UserData first: N; 
2015-09-16 23:26:09 - DEBUG --> Archivo \components\com_jhotelreservation\classes\services\UserDataService.php 
2015-09-16 23:26:09 - DEBUG --> createUserData 
2015-09-16 23:26:09 - DEBUG --> UserData end:  a:0:{} 
2015-09-16 23:26:09 - DEBUG --> Archivo \components\com_jhotelreservation\classes\services\UserDataService.php 
2015-09-16 23:26:09 - DEBUG --> initializeUserData 
2015-09-16 23:26:09 - DEBUG --> UserData first: a:0:{} 
2015-09-16 23:26:09 - DEBUG --> UserData end:  a:0:{} 
2015-09-16 23:26:09 - DEBUG --> Archivo \components\com_jhotelreservation\classes\services\UserDataService.php 
2015-09-16 23:26:09 - DEBUG --> initializeReservationData 
2015-09-16 23:26:09 - DEBUG --> UserData: a:0:{} 
2015-09-16 23:26:09 - DEBUG --> Archivo \components\com_jhotelreservation\classes\services\UserDataService.php 
2015-09-16 23:26:09 - DEBUG --> updateUserData 
2015-09-16 23:26:09 - DEBUG --> Archivo \components\com_jhotelreservation\classes\services\UserDataService.php 
2015-09-16 23:26:09 - DEBUG --> getUserData 
2015-09-16 23:26:09 - DEBUG --> Archivo \components\com_jhotelreservation\classes\services\UserDataService.php 
2015-09-16 23:26:09 - DEBUG --> setCurrency 
2015-09-16 23:26:09 - DEBUG --> Archivo \components\com_jhotelreservation\classes\services\UserDataService.php 
2015-09-16 23:26:09 - DEBUG --> getUserData 
2015-09-16 23:26:09 - DEBUG --> Archivo \components\com_jhotelreservation\classes\services\UserDataService.php 
2015-09-16 23:26:09 - DEBUG --> getUserData 
2015-09-16 23:26:10 - DEBUG --> Archivo \components\com_jhotelreservation\classes\services\UserDataService.php 
2015-09-16 23:26:10 - DEBUG --> getUserData 
