2016-06-27 2:19:57 - DEBUG --> Archivo \components\com_jhotelreservation\classes\services\UserDataService.php 
2016-06-27 2:19:57 - DEBUG --> initializeUserData 
2016-06-27 2:19:57 - DEBUG --> UserData first: N; 
2016-06-27 2:19:57 - DEBUG --> Archivo \components\com_jhotelreservation\classes\services\UserDataService.php 
2016-06-27 2:19:57 - DEBUG --> createUserData 
2016-06-27 2:19:57 - DEBUG --> UserData end:  a:0:{} 
2016-06-27 2:19:57 - DEBUG --> Archivo \components\com_jhotelreservation\classes\services\UserDataService.php 
2016-06-27 2:19:57 - DEBUG --> initializeUserData 
2016-06-27 2:19:57 - DEBUG --> UserData first: a:0:{} 
2016-06-27 2:19:57 - DEBUG --> UserData end:  a:0:{} 
2016-06-27 2:19:57 - DEBUG --> Archivo \components\com_jhotelreservation\classes\services\UserDataService.php 
2016-06-27 2:19:57 - DEBUG --> initializeReservationData 
2016-06-27 2:19:57 - DEBUG --> UserData: a:0:{} 
2016-06-27 2:19:57 - DEBUG --> Archivo \components\com_jhotelreservation\classes\services\UserDataService.php 
2016-06-27 2:19:57 - DEBUG --> updateUserData 
2016-06-27 2:19:57 - DEBUG --> Archivo \components\com_jhotelreservation\classes\services\UserDataService.php 
2016-06-27 2:19:57 - DEBUG --> getUserData 
2016-06-27 2:19:57 - DEBUG --> Archivo \components\com_jhotelreservation\classes\services\UserDataService.php 
2016-06-27 2:19:57 - DEBUG --> setCurrency 
2016-06-27 2:19:57 - DEBUG --> Archivo \components\com_jhotelreservation\classes\services\UserDataService.php 
2016-06-27 2:19:57 - DEBUG --> getUserData 
2016-06-27 2:19:57 - DEBUG --> Archivo \components\com_jhotelreservation\classes\services\UserDataService.php 
2016-06-27 2:19:57 - DEBUG --> getUserData 
2016-06-27 2:19:57 - DEBUG --> Archivo \components\com_jhotelreservation\classes\services\UserDataService.php 
2016-06-27 2:19:57 - DEBUG --> getUserData 
2016-06-27 2:19:57 - DEBUG --> Archivo \components\com_jhotelreservationiews\hotel	mpl\hoteloverview.php 
2016-06-27 2:19:57 - DEBUG --> Accedió 
2016-06-27 2:29:27 - DEBUG --> Archivo \components\com_jhotelreservation\classes\services\UserDataService.php 
2016-06-27 2:29:27 - DEBUG --> initializeUserData 
2016-06-27 2:29:27 - DEBUG --> UserData first: N; 
2016-06-27 2:29:27 - DEBUG --> Archivo \components\com_jhotelreservation\classes\services\UserDataService.php 
2016-06-27 2:29:27 - DEBUG --> createUserData 
2016-06-27 2:29:27 - DEBUG --> UserData end:  a:0:{} 
2016-06-27 2:44:47 - DEBUG --> Archivo \components\com_jhotelreservation\classes\services\UserDataService.php 
2016-06-27 2:44:47 - DEBUG --> initializeUserData 
2016-06-27 2:44:47 - DEBUG --> UserData first: N; 
2016-06-27 2:44:47 - DEBUG --> Archivo \components\com_jhotelreservation\classes\services\UserDataService.php 
2016-06-27 2:44:47 - DEBUG --> createUserData 
2016-06-27 2:44:47 - DEBUG --> UserData end:  a:0:{} 
2016-06-27 2:44:47 - DEBUG --> Archivo \components\com_jhotelreservation\classes\services\UserDataService.php 
2016-06-27 2:44:47 - DEBUG --> initializeUserData 
2016-06-27 2:44:47 - DEBUG --> UserData first: a:0:{} 
2016-06-27 2:44:47 - DEBUG --> UserData end:  a:0:{} 
2016-06-27 2:44:47 - DEBUG --> Archivo \components\com_jhotelreservation\classes\services\UserDataService.php 
2016-06-27 2:44:47 - DEBUG --> initializeReservationData 
2016-06-27 2:44:47 - DEBUG --> UserData: a:0:{} 
2016-06-27 2:44:47 - DEBUG --> Archivo \components\com_jhotelreservation\classes\services\UserDataService.php 
2016-06-27 2:44:47 - DEBUG --> updateUserData 
2016-06-27 2:44:47 - DEBUG --> Archivo \components\com_jhotelreservation\classes\services\UserDataService.php 
2016-06-27 2:44:47 - DEBUG --> getUserData 
2016-06-27 2:44:47 - DEBUG --> Archivo \components\com_jhotelreservation\classes\services\UserDataService.php 
2016-06-27 2:44:47 - DEBUG --> setCurrency 
2016-06-27 2:44:47 - DEBUG --> Archivo \components\com_jhotelreservation\classes\services\UserDataService.php 
2016-06-27 2:44:47 - DEBUG --> getUserData 
2016-06-27 2:44:47 - DEBUG --> Archivo \components\com_jhotelreservation\classes\services\UserDataService.php 
2016-06-27 2:44:47 - DEBUG --> getUserData 
2016-06-27 2:44:47 - DEBUG --> Archivo \components\com_jhotelreservation\classes\services\UserDataService.php 
2016-06-27 2:44:47 - DEBUG --> getUserData 
2016-06-27 3:12:15 - DEBUG --> Archivo \components\com_jhotelreservation\classes\services\UserDataService.php 
2016-06-27 3:12:15 - DEBUG --> initializeUserData 
2016-06-27 3:12:15 - DEBUG --> UserData first: N; 
2016-06-27 3:12:15 - DEBUG --> Archivo \components\com_jhotelreservation\classes\services\UserDataService.php 
2016-06-27 3:12:15 - DEBUG --> createUserData 
2016-06-27 3:12:15 - DEBUG --> UserData end:  a:0:{} 
2016-06-27 3:12:15 - DEBUG --> Archivo \components\com_jhotelreservation\classes\services\UserDataService.php 
2016-06-27 3:12:15 - DEBUG --> initializeUserData 
2016-06-27 3:12:15 - DEBUG --> UserData first: a:0:{} 
2016-06-27 3:12:15 - DEBUG --> UserData end:  a:0:{} 
2016-06-27 3:12:15 - DEBUG --> Archivo \components\com_jhotelreservation\classes\services\UserDataService.php 
2016-06-27 3:12:15 - DEBUG --> initializeReservationData 
2016-06-27 3:12:15 - DEBUG --> UserData: a:0:{} 
2016-06-27 3:12:15 - DEBUG --> Archivo \components\com_jhotelreservation\classes\services\UserDataService.php 
2016-06-27 3:12:15 - DEBUG --> updateUserData 
2016-06-27 3:12:15 - DEBUG --> Archivo \components\com_jhotelreservation\classes\services\UserDataService.php 
2016-06-27 3:12:15 - DEBUG --> getUserData 
2016-06-27 3:12:15 - DEBUG --> Archivo \components\com_jhotelreservation\classes\services\UserDataService.php 
2016-06-27 3:12:15 - DEBUG --> setCurrency 
2016-06-27 3:12:15 - DEBUG --> Archivo \components\com_jhotelreservation\classes\services\UserDataService.php 
2016-06-27 3:12:15 - DEBUG --> getUserData 
2016-06-27 3:12:15 - DEBUG --> Archivo \components\com_jhotelreservation\classes\services\UserDataService.php 
2016-06-27 3:12:15 - DEBUG --> getUserData 
2016-06-27 3:12:15 - DEBUG --> Archivo \components\com_jhotelreservation\classes\services\UserDataService.php 
2016-06-27 3:12:15 - DEBUG --> getUserData 
2016-06-27 3:12:15 - DEBUG --> Archivo \components\com_jhotelreservationiews\hotel	mpl\hoteloverview.php 
2016-06-27 3:12:15 - DEBUG --> Accedió 
2016-06-27 3:21:56 - DEBUG --> Archivo \components\com_jhotelreservation\classes\services\UserDataService.php 
2016-06-27 3:21:56 - DEBUG --> initializeUserData 
2016-06-27 3:21:56 - DEBUG --> UserData first: N; 
2016-06-27 3:21:56 - DEBUG --> Archivo \components\com_jhotelreservation\classes\services\UserDataService.php 
2016-06-27 3:21:56 - DEBUG --> createUserData 
2016-06-27 3:21:56 - DEBUG --> UserData end:  a:0:{} 
2016-06-27 3:21:56 - DEBUG --> Archivo \components\com_jhotelreservation\classes\services\UserDataService.php 
2016-06-27 3:21:56 - DEBUG --> initializeUserData 
2016-06-27 3:21:56 - DEBUG --> UserData first: a:0:{} 
2016-06-27 3:21:56 - DEBUG --> UserData end:  a:0:{} 
2016-06-27 3:21:56 - DEBUG --> Archivo \components\com_jhotelreservation\classes\services\UserDataService.php 
2016-06-27 3:21:56 - DEBUG --> initializeReservationData 
2016-06-27 3:21:56 - DEBUG --> UserData: a:0:{} 
2016-06-27 3:21:56 - DEBUG --> Archivo \components\com_jhotelreservation\classes\services\UserDataService.php 
2016-06-27 3:21:56 - DEBUG --> updateUserData 
2016-06-27 3:21:56 - DEBUG --> Archivo \components\com_jhotelreservation\classes\services\UserDataService.php 
2016-06-27 3:21:56 - DEBUG --> getUserData 
2016-06-27 3:21:56 - DEBUG --> Archivo \components\com_jhotelreservation\classes\services\UserDataService.php 
2016-06-27 3:21:56 - DEBUG --> setCurrency 
2016-06-27 3:21:56 - DEBUG --> Archivo \components\com_jhotelreservation\classes\services\UserDataService.php 
2016-06-27 3:21:56 - DEBUG --> getUserData 
2016-06-27 3:21:56 - DEBUG --> Archivo \components\com_jhotelreservation\classes\services\UserDataService.php 
2016-06-27 3:21:56 - DEBUG --> getUserData 
2016-06-27 3:21:56 - DEBUG --> Archivo \components\com_jhotelreservation\classes\services\UserDataService.php 
2016-06-27 3:21:56 - DEBUG --> getUserData 
2016-06-27 3:21:56 - DEBUG --> Archivo \components\com_jhotelreservationiews\hotel	mpl\hoteloverview.php 
2016-06-27 3:21:56 - DEBUG --> Accedió 
2016-06-27 3:24:56 - DEBUG --> Archivo \components\com_jhotelreservation\classes\services\UserDataService.php 
2016-06-27 3:24:56 - DEBUG --> initializeUserData 
2016-06-27 3:24:56 - DEBUG --> UserData first: N; 
2016-06-27 3:24:56 - DEBUG --> Archivo \components\com_jhotelreservation\classes\services\UserDataService.php 
2016-06-27 3:24:56 - DEBUG --> createUserData 
2016-06-27 3:24:56 - DEBUG --> UserData end:  a:0:{} 
2016-06-27 3:24:56 - DEBUG --> Archivo \components\com_jhotelreservation\classes\services\UserDataService.php 
2016-06-27 3:24:56 - DEBUG --> initializeUserData 
2016-06-27 3:24:56 - DEBUG --> UserData first: a:0:{} 
2016-06-27 3:24:56 - DEBUG --> UserData end:  a:0:{} 
2016-06-27 3:24:56 - DEBUG --> Archivo \components\com_jhotelreservation\classes\services\UserDataService.php 
2016-06-27 3:24:56 - DEBUG --> initializeReservationData 
2016-06-27 3:24:56 - DEBUG --> UserData: a:0:{} 
2016-06-27 3:24:56 - DEBUG --> Archivo \components\com_jhotelreservation\classes\services\UserDataService.php 
2016-06-27 3:24:56 - DEBUG --> updateUserData 
2016-06-27 3:24:56 - DEBUG --> Archivo \components\com_jhotelreservation\classes\services\UserDataService.php 
2016-06-27 3:24:56 - DEBUG --> getUserData 
2016-06-27 3:24:56 - DEBUG --> Archivo \components\com_jhotelreservation\classes\services\UserDataService.php 
2016-06-27 3:24:56 - DEBUG --> setCurrency 
2016-06-27 3:24:56 - DEBUG --> Archivo \components\com_jhotelreservation\classes\services\UserDataService.php 
2016-06-27 3:24:56 - DEBUG --> getUserData 
2016-06-27 3:24:56 - DEBUG --> Archivo \components\com_jhotelreservation\classes\services\UserDataService.php 
2016-06-27 3:24:56 - DEBUG --> getUserData 
2016-06-27 3:24:56 - DEBUG --> Archivo \components\com_jhotelreservation\classes\services\UserDataService.php 
2016-06-27 3:24:56 - DEBUG --> getUserData 
2016-06-27 3:29:40 - DEBUG --> Archivo \components\com_jhotelreservation\classes\services\UserDataService.php 
2016-06-27 3:29:40 - DEBUG --> initializeUserData 
2016-06-27 3:29:40 - DEBUG --> UserData first: a:0:{} 
2016-06-27 3:29:40 - DEBUG --> UserData end:  a:0:{} 
2016-06-27 3:37:16 - DEBUG --> Archivo \components\com_jhotelreservation\classes\services\UserDataService.php 
2016-06-27 3:37:16 - DEBUG --> initializeUserData 
2016-06-27 3:37:16 - DEBUG --> UserData first: N; 
2016-06-27 3:37:16 - DEBUG --> Archivo \components\com_jhotelreservation\classes\services\UserDataService.php 
2016-06-27 3:37:16 - DEBUG --> createUserData 
2016-06-27 3:37:16 - DEBUG --> UserData end:  a:0:{} 
2016-06-27 3:37:16 - DEBUG --> Archivo \components\com_jhotelreservation\classes\services\UserDataService.php 
2016-06-27 3:37:16 - DEBUG --> initializeUserData 
2016-06-27 3:37:16 - DEBUG --> UserData first: a:0:{} 
2016-06-27 3:37:16 - DEBUG --> UserData end:  a:0:{} 
2016-06-27 3:37:16 - DEBUG --> Archivo \components\com_jhotelreservation\classes\services\UserDataService.php 
2016-06-27 3:37:16 - DEBUG --> initializeReservationData 
2016-06-27 3:37:16 - DEBUG --> UserData: a:0:{} 
2016-06-27 3:37:16 - DEBUG --> Archivo \components\com_jhotelreservation\classes\services\UserDataService.php 
2016-06-27 3:37:16 - DEBUG --> updateUserData 
2016-06-27 3:37:16 - DEBUG --> Archivo \components\com_jhotelreservation\classes\services\UserDataService.php 
2016-06-27 3:37:16 - DEBUG --> getUserData 
2016-06-27 3:37:16 - DEBUG --> Archivo \components\com_jhotelreservation\classes\services\UserDataService.php 
2016-06-27 3:37:16 - DEBUG --> setCurrency 
2016-06-27 3:37:16 - DEBUG --> Archivo \components\com_jhotelreservation\classes\services\UserDataService.php 
2016-06-27 3:37:16 - DEBUG --> getUserData 
2016-06-27 3:37:16 - DEBUG --> Archivo \components\com_jhotelreservation\classes\services\UserDataService.php 
2016-06-27 3:37:16 - DEBUG --> getUserData 
2016-06-27 3:37:16 - DEBUG --> Archivo \components\com_jhotelreservation\classes\services\UserDataService.php 
2016-06-27 3:37:16 - DEBUG --> getUserData 
2016-06-27 3:40:15 - DEBUG --> Archivo \components\com_jhotelreservation\classes\services\UserDataService.php 
2016-06-27 3:40:15 - DEBUG --> initializeUserData 
2016-06-27 3:40:15 - DEBUG --> UserData first: N; 
2016-06-27 3:40:15 - DEBUG --> Archivo \components\com_jhotelreservation\classes\services\UserDataService.php 
2016-06-27 3:40:15 - DEBUG --> createUserData 
2016-06-27 3:40:15 - DEBUG --> UserData end:  a:0:{} 
2016-06-27 3:40:15 - DEBUG --> Archivo \components\com_jhotelreservation\classes\services\UserDataService.php 
2016-06-27 3:40:15 - DEBUG --> initializeUserData 
2016-06-27 3:40:15 - DEBUG --> UserData first: a:0:{} 
2016-06-27 3:40:15 - DEBUG --> UserData end:  a:0:{} 
2016-06-27 3:40:15 - DEBUG --> Archivo \components\com_jhotelreservation\classes\services\UserDataService.php 
2016-06-27 3:40:15 - DEBUG --> initializeReservationData 
2016-06-27 3:40:15 - DEBUG --> UserData: a:0:{} 
2016-06-27 3:40:15 - DEBUG --> Archivo \components\com_jhotelreservation\classes\services\UserDataService.php 
2016-06-27 3:40:15 - DEBUG --> updateUserData 
2016-06-27 3:40:15 - DEBUG --> Archivo \components\com_jhotelreservation\classes\services\UserDataService.php 
2016-06-27 3:40:15 - DEBUG --> getUserData 
2016-06-27 3:40:15 - DEBUG --> Archivo \components\com_jhotelreservation\classes\services\UserDataService.php 
2016-06-27 3:40:15 - DEBUG --> setCurrency 
2016-06-27 3:40:15 - DEBUG --> Archivo \components\com_jhotelreservation\classes\services\UserDataService.php 
2016-06-27 3:40:15 - DEBUG --> getUserData 
2016-06-27 3:40:15 - DEBUG --> Archivo \components\com_jhotelreservation\classes\services\UserDataService.php 
2016-06-27 3:40:15 - DEBUG --> getUserData 
2016-06-27 3:40:15 - DEBUG --> Archivo \components\com_jhotelreservation\classes\services\UserDataService.php 
2016-06-27 3:40:15 - DEBUG --> getUserData 
2016-06-27 4:11:05 - DEBUG --> Archivo \components\com_jhotelreservation\classes\services\UserDataService.php 
2016-06-27 4:11:05 - DEBUG --> initializeUserData 
2016-06-27 4:11:05 - DEBUG --> UserData first: N; 
2016-06-27 4:11:05 - DEBUG --> Archivo \components\com_jhotelreservation\classes\services\UserDataService.php 
2016-06-27 4:11:05 - DEBUG --> createUserData 
2016-06-27 4:11:05 - DEBUG --> UserData end:  a:0:{} 
2016-06-27 4:11:05 - DEBUG --> Archivo \components\com_jhotelreservation\classes\services\UserDataService.php 
2016-06-27 4:11:05 - DEBUG --> initializeUserData 
2016-06-27 4:11:05 - DEBUG --> UserData first: a:0:{} 
2016-06-27 4:11:05 - DEBUG --> UserData end:  a:0:{} 
2016-06-27 4:11:05 - DEBUG --> Archivo \components\com_jhotelreservation\classes\services\UserDataService.php 
2016-06-27 4:11:05 - DEBUG --> initializeReservationData 
2016-06-27 4:11:05 - DEBUG --> UserData: a:0:{} 
2016-06-27 4:11:05 - DEBUG --> Archivo \components\com_jhotelreservation\classes\services\UserDataService.php 
2016-06-27 4:11:05 - DEBUG --> updateUserData 
2016-06-27 4:11:05 - DEBUG --> Archivo \components\com_jhotelreservation\classes\services\UserDataService.php 
2016-06-27 4:11:05 - DEBUG --> getUserData 
2016-06-27 4:11:05 - DEBUG --> Archivo \components\com_jhotelreservation\classes\services\UserDataService.php 
2016-06-27 4:11:05 - DEBUG --> setCurrency 
2016-06-27 4:11:05 - DEBUG --> Archivo \components\com_jhotelreservation\classes\services\UserDataService.php 
2016-06-27 4:11:05 - DEBUG --> getUserData 
2016-06-27 4:11:05 - DEBUG --> Archivo \components\com_jhotelreservation\classes\services\UserDataService.php 
2016-06-27 4:11:05 - DEBUG --> getUserData 
2016-06-27 4:11:05 - DEBUG --> Archivo \components\com_jhotelreservation\classes\services\UserDataService.php 
2016-06-27 4:11:05 - DEBUG --> getUserData 
2016-06-27 4:14:05 - DEBUG --> Archivo \components\com_jhotelreservation\classes\services\UserDataService.php 
2016-06-27 4:14:05 - DEBUG --> initializeUserData 
2016-06-27 4:14:05 - DEBUG --> UserData first: N; 
2016-06-27 4:14:05 - DEBUG --> Archivo \components\com_jhotelreservation\classes\services\UserDataService.php 
2016-06-27 4:14:05 - DEBUG --> createUserData 
2016-06-27 4:14:05 - DEBUG --> UserData end:  a:0:{} 
2016-06-27 4:14:05 - DEBUG --> Archivo \components\com_jhotelreservation\classes\services\UserDataService.php 
2016-06-27 4:14:05 - DEBUG --> initializeUserData 
2016-06-27 4:14:05 - DEBUG --> UserData first: a:0:{} 
2016-06-27 4:14:05 - DEBUG --> UserData end:  a:0:{} 
2016-06-27 4:14:05 - DEBUG --> Archivo \components\com_jhotelreservation\classes\services\UserDataService.php 
2016-06-27 4:14:05 - DEBUG --> initializeReservationData 
2016-06-27 4:14:05 - DEBUG --> UserData: a:0:{} 
2016-06-27 4:14:05 - DEBUG --> Archivo \components\com_jhotelreservation\classes\services\UserDataService.php 
2016-06-27 4:14:05 - DEBUG --> updateUserData 
2016-06-27 4:14:05 - DEBUG --> Archivo \components\com_jhotelreservation\classes\services\UserDataService.php 
2016-06-27 4:14:05 - DEBUG --> getUserData 
2016-06-27 4:14:05 - DEBUG --> Archivo \components\com_jhotelreservation\classes\services\UserDataService.php 
2016-06-27 4:14:05 - DEBUG --> setCurrency 
2016-06-27 4:14:05 - DEBUG --> Archivo \components\com_jhotelreservation\classes\services\UserDataService.php 
2016-06-27 4:14:05 - DEBUG --> getUserData 
2016-06-27 4:14:05 - DEBUG --> Archivo \components\com_jhotelreservation\classes\services\UserDataService.php 
2016-06-27 4:14:05 - DEBUG --> getUserData 
2016-06-27 4:14:05 - DEBUG --> Archivo \components\com_jhotelreservation\classes\services\UserDataService.php 
2016-06-27 4:14:05 - DEBUG --> getUserData 
2016-06-27 4:14:05 - DEBUG --> Archivo \components\com_jhotelreservationiews\hotel	mpl\hoteloverview.php 
2016-06-27 4:14:05 - DEBUG --> Accedió 
2016-06-27 4:23:16 - DEBUG --> Archivo \components\com_jhotelreservation\classes\services\UserDataService.php 
2016-06-27 4:23:16 - DEBUG --> initializeUserData 
2016-06-27 4:23:16 - DEBUG --> UserData first: N; 
2016-06-27 4:23:16 - DEBUG --> Archivo \components\com_jhotelreservation\classes\services\UserDataService.php 
2016-06-27 4:23:16 - DEBUG --> createUserData 
2016-06-27 4:23:16 - DEBUG --> UserData end:  a:0:{} 
2016-06-27 4:23:16 - DEBUG --> Archivo \components\com_jhotelreservation\classes\services\UserDataService.php 
2016-06-27 4:23:16 - DEBUG --> initializeUserData 
2016-06-27 4:23:16 - DEBUG --> UserData first: a:0:{} 
2016-06-27 4:23:16 - DEBUG --> UserData end:  a:0:{} 
2016-06-27 4:23:16 - DEBUG --> Archivo \components\com_jhotelreservation\classes\services\UserDataService.php 
2016-06-27 4:23:16 - DEBUG --> initializeReservationData 
2016-06-27 4:23:16 - DEBUG --> UserData: a:0:{} 
2016-06-27 4:23:16 - DEBUG --> Archivo \components\com_jhotelreservation\classes\services\UserDataService.php 
2016-06-27 4:23:16 - DEBUG --> updateUserData 
2016-06-27 4:23:16 - DEBUG --> Archivo \components\com_jhotelreservation\classes\services\UserDataService.php 
2016-06-27 4:23:16 - DEBUG --> getUserData 
2016-06-27 4:23:16 - DEBUG --> Archivo \components\com_jhotelreservation\classes\services\UserDataService.php 
2016-06-27 4:23:16 - DEBUG --> setCurrency 
2016-06-27 4:23:16 - DEBUG --> Archivo \components\com_jhotelreservation\classes\services\UserDataService.php 
2016-06-27 4:23:16 - DEBUG --> getUserData 
2016-06-27 4:23:16 - DEBUG --> Archivo \components\com_jhotelreservation\classes\services\UserDataService.php 
2016-06-27 4:23:16 - DEBUG --> getUserData 
2016-06-27 4:23:16 - DEBUG --> Archivo \components\com_jhotelreservation\classes\services\UserDataService.php 
2016-06-27 4:23:16 - DEBUG --> getUserData 
2016-06-27 4:41:45 - DEBUG --> Archivo \components\com_jhotelreservation\classes\services\UserDataService.php 
2016-06-27 4:41:45 - DEBUG --> initializeUserData 
2016-06-27 4:41:45 - DEBUG --> UserData first: N; 
2016-06-27 4:41:45 - DEBUG --> Archivo \components\com_jhotelreservation\classes\services\UserDataService.php 
2016-06-27 4:41:45 - DEBUG --> createUserData 
2016-06-27 4:41:45 - DEBUG --> UserData end:  a:0:{} 
2016-06-27 4:41:45 - DEBUG --> Archivo \components\com_jhotelreservation\classes\services\UserDataService.php 
2016-06-27 4:41:45 - DEBUG --> initializeUserData 
2016-06-27 4:41:45 - DEBUG --> UserData first: a:0:{} 
2016-06-27 4:41:45 - DEBUG --> UserData end:  a:0:{} 
2016-06-27 4:41:45 - DEBUG --> Archivo \components\com_jhotelreservation\classes\services\UserDataService.php 
2016-06-27 4:41:45 - DEBUG --> initializeReservationData 
2016-06-27 4:41:45 - DEBUG --> UserData: a:0:{} 
2016-06-27 4:41:45 - DEBUG --> Archivo \components\com_jhotelreservation\classes\services\UserDataService.php 
2016-06-27 4:41:45 - DEBUG --> updateUserData 
2016-06-27 4:41:45 - DEBUG --> Archivo \components\com_jhotelreservation\classes\services\UserDataService.php 
2016-06-27 4:41:45 - DEBUG --> getUserData 
2016-06-27 4:41:45 - DEBUG --> Archivo \components\com_jhotelreservation\classes\services\UserDataService.php 
2016-06-27 4:41:45 - DEBUG --> setCurrency 
2016-06-27 4:41:45 - DEBUG --> Archivo \components\com_jhotelreservation\classes\services\UserDataService.php 
2016-06-27 4:41:45 - DEBUG --> getUserData 
2016-06-27 4:41:45 - DEBUG --> Archivo \components\com_jhotelreservation\classes\services\UserDataService.php 
2016-06-27 4:41:45 - DEBUG --> getUserData 
2016-06-27 4:41:45 - DEBUG --> Archivo \components\com_jhotelreservation\classes\services\UserDataService.php 
2016-06-27 4:41:45 - DEBUG --> getUserData 
2016-06-27 4:51:04 - DEBUG --> Archivo \components\com_jhotelreservation\classes\services\UserDataService.php 
2016-06-27 4:51:04 - DEBUG --> initializeUserData 
2016-06-27 4:51:04 - DEBUG --> UserData first: N; 
2016-06-27 4:51:04 - DEBUG --> Archivo \components\com_jhotelreservation\classes\services\UserDataService.php 
2016-06-27 4:51:04 - DEBUG --> createUserData 
2016-06-27 4:51:04 - DEBUG --> UserData end:  a:0:{} 
2016-06-27 4:51:04 - DEBUG --> Archivo \components\com_jhotelreservation\classes\services\UserDataService.php 
2016-06-27 4:51:04 - DEBUG --> initializeUserData 
2016-06-27 4:51:04 - DEBUG --> UserData first: a:0:{} 
2016-06-27 4:51:04 - DEBUG --> UserData end:  a:0:{} 
2016-06-27 4:51:04 - DEBUG --> Archivo \components\com_jhotelreservation\classes\services\UserDataService.php 
2016-06-27 4:51:04 - DEBUG --> initializeReservationData 
2016-06-27 4:51:04 - DEBUG --> UserData: a:0:{} 
2016-06-27 4:51:04 - DEBUG --> Archivo \components\com_jhotelreservation\classes\services\UserDataService.php 
2016-06-27 4:51:04 - DEBUG --> updateUserData 
2016-06-27 4:51:04 - DEBUG --> Archivo \components\com_jhotelreservation\classes\services\UserDataService.php 
2016-06-27 4:51:04 - DEBUG --> getUserData 
2016-06-27 4:51:04 - DEBUG --> Archivo \components\com_jhotelreservation\classes\services\UserDataService.php 
2016-06-27 4:51:04 - DEBUG --> setCurrency 
2016-06-27 4:51:04 - DEBUG --> Archivo \components\com_jhotelreservation\classes\services\UserDataService.php 
2016-06-27 4:51:04 - DEBUG --> getUserData 
2016-06-27 4:51:04 - DEBUG --> Archivo \components\com_jhotelreservation\classes\services\UserDataService.php 
2016-06-27 4:51:04 - DEBUG --> getUserData 
2016-06-27 4:51:04 - DEBUG --> Archivo \components\com_jhotelreservation\classes\services\UserDataService.php 
2016-06-27 4:51:04 - DEBUG --> getUserData 
2016-06-27 4:51:04 - DEBUG --> Archivo \components\com_jhotelreservationiews\hotel	mpl\hoteloverview.php 
2016-06-27 4:51:04 - DEBUG --> Accedió 
2016-06-27 5:09:36 - DEBUG --> Archivo \components\com_jhotelreservation\classes\services\UserDataService.php 
2016-06-27 5:09:36 - DEBUG --> initializeUserData 
2016-06-27 5:09:36 - DEBUG --> UserData first: N; 
2016-06-27 5:09:36 - DEBUG --> Archivo \components\com_jhotelreservation\classes\services\UserDataService.php 
2016-06-27 5:09:36 - DEBUG --> createUserData 
2016-06-27 5:09:36 - DEBUG --> UserData end:  a:0:{} 
2016-06-27 5:09:36 - DEBUG --> Archivo \components\com_jhotelreservation\classes\services\UserDataService.php 
2016-06-27 5:09:36 - DEBUG --> initializeUserData 
2016-06-27 5:09:36 - DEBUG --> UserData first: a:0:{} 
2016-06-27 5:09:36 - DEBUG --> UserData end:  a:0:{} 
2016-06-27 5:09:36 - DEBUG --> Archivo \components\com_jhotelreservation\classes\services\UserDataService.php 
2016-06-27 5:09:36 - DEBUG --> initializeReservationData 
2016-06-27 5:09:36 - DEBUG --> UserData: a:0:{} 
2016-06-27 5:09:36 - DEBUG --> Archivo \components\com_jhotelreservation\classes\services\UserDataService.php 
2016-06-27 5:09:36 - DEBUG --> updateUserData 
2016-06-27 5:09:36 - DEBUG --> Archivo \components\com_jhotelreservation\classes\services\UserDataService.php 
2016-06-27 5:09:36 - DEBUG --> getUserData 
2016-06-27 5:09:36 - DEBUG --> Archivo \components\com_jhotelreservation\classes\services\UserDataService.php 
2016-06-27 5:09:36 - DEBUG --> setCurrency 
2016-06-27 5:09:36 - DEBUG --> Archivo \components\com_jhotelreservation\classes\services\UserDataService.php 
2016-06-27 5:09:36 - DEBUG --> getUserData 
2016-06-27 5:09:36 - DEBUG --> Archivo \components\com_jhotelreservation\classes\services\UserDataService.php 
2016-06-27 5:09:36 - DEBUG --> getUserData 
2016-06-27 5:09:37 - DEBUG --> Archivo \components\com_jhotelreservation\classes\services\UserDataService.php 
2016-06-27 5:09:37 - DEBUG --> getUserData 
2016-06-27 5:24:55 - DEBUG --> Archivo \components\com_jhotelreservation\classes\services\UserDataService.php 
2016-06-27 5:24:55 - DEBUG --> initializeUserData 
2016-06-27 5:24:55 - DEBUG --> UserData first: N; 
2016-06-27 5:24:55 - DEBUG --> Archivo \components\com_jhotelreservation\classes\services\UserDataService.php 
2016-06-27 5:24:55 - DEBUG --> createUserData 
2016-06-27 5:24:55 - DEBUG --> UserData end:  a:0:{} 
2016-06-27 5:24:55 - DEBUG --> Archivo \components\com_jhotelreservation\classes\services\UserDataService.php 
2016-06-27 5:24:55 - DEBUG --> initializeUserData 
2016-06-27 5:24:55 - DEBUG --> UserData first: a:0:{} 
2016-06-27 5:24:55 - DEBUG --> UserData end:  a:0:{} 
2016-06-27 5:24:55 - DEBUG --> Archivo \components\com_jhotelreservation\classes\services\UserDataService.php 
2016-06-27 5:24:55 - DEBUG --> initializeReservationData 
2016-06-27 5:24:55 - DEBUG --> UserData: a:0:{} 
2016-06-27 5:24:55 - DEBUG --> Archivo \components\com_jhotelreservation\classes\services\UserDataService.php 
2016-06-27 5:24:55 - DEBUG --> updateUserData 
2016-06-27 5:24:55 - DEBUG --> Archivo \components\com_jhotelreservation\classes\services\UserDataService.php 
2016-06-27 5:24:55 - DEBUG --> getUserData 
2016-06-27 5:24:55 - DEBUG --> Archivo \components\com_jhotelreservation\classes\services\UserDataService.php 
2016-06-27 5:24:55 - DEBUG --> setCurrency 
2016-06-27 5:24:55 - DEBUG --> Archivo \components\com_jhotelreservation\classes\services\UserDataService.php 
2016-06-27 5:24:55 - DEBUG --> getUserData 
2016-06-27 5:24:55 - DEBUG --> Archivo \components\com_jhotelreservation\classes\services\UserDataService.php 
2016-06-27 5:24:55 - DEBUG --> getUserData 
2016-06-27 5:24:55 - DEBUG --> Archivo \components\com_jhotelreservation\classes\services\UserDataService.php 
2016-06-27 5:24:55 - DEBUG --> getUserData 
2016-06-27 7:05:18 - DEBUG --> Archivo \components\com_jhotelreservation\classes\services\UserDataService.php 
2016-06-27 7:05:18 - DEBUG --> initializeUserData 
2016-06-27 7:05:18 - DEBUG --> UserData first: N; 
2016-06-27 7:05:18 - DEBUG --> Archivo \components\com_jhotelreservation\classes\services\UserDataService.php 
2016-06-27 7:05:18 - DEBUG --> createUserData 
2016-06-27 7:05:18 - DEBUG --> UserData end:  a:0:{} 
2016-06-27 7:05:18 - DEBUG --> Archivo \components\com_jhotelreservation\classes\services\UserDataService.php 
2016-06-27 7:05:18 - DEBUG --> initializeUserData 
2016-06-27 7:05:18 - DEBUG --> UserData first: a:0:{} 
2016-06-27 7:05:18 - DEBUG --> UserData end:  a:0:{} 
2016-06-27 7:05:18 - DEBUG --> Archivo \components\com_jhotelreservation\classes\services\UserDataService.php 
2016-06-27 7:05:18 - DEBUG --> initializeReservationData 
2016-06-27 7:05:18 - DEBUG --> UserData: a:0:{} 
2016-06-27 7:05:18 - DEBUG --> Archivo \components\com_jhotelreservation\classes\services\UserDataService.php 
2016-06-27 7:05:18 - DEBUG --> updateUserData 
2016-06-27 7:05:18 - DEBUG --> Archivo \components\com_jhotelreservation\classes\services\UserDataService.php 
2016-06-27 7:05:18 - DEBUG --> getUserData 
2016-06-27 7:05:18 - DEBUG --> Archivo \components\com_jhotelreservation\classes\services\UserDataService.php 
2016-06-27 7:05:18 - DEBUG --> setCurrency 
2016-06-27 7:05:18 - DEBUG --> Archivo \components\com_jhotelreservation\classes\services\UserDataService.php 
2016-06-27 7:05:18 - DEBUG --> getUserData 
2016-06-27 7:05:18 - DEBUG --> Archivo \components\com_jhotelreservation\classes\services\UserDataService.php 
2016-06-27 7:05:18 - DEBUG --> getUserData 
2016-06-27 7:05:18 - DEBUG --> Archivo \components\com_jhotelreservation\classes\services\UserDataService.php 
2016-06-27 7:05:18 - DEBUG --> getUserData 
2016-06-27 7:05:18 - DEBUG --> Archivo \components\com_jhotelreservationiews\hotel	mpl\hoteloverview.php 
2016-06-27 7:05:18 - DEBUG --> Accedió 
2016-06-27 7:10:36 - DEBUG --> Archivo \components\com_jhotelreservation\classes\services\UserDataService.php 
2016-06-27 7:10:36 - DEBUG --> initializeUserData 
2016-06-27 7:10:36 - DEBUG --> UserData first: N; 
2016-06-27 7:10:36 - DEBUG --> Archivo \components\com_jhotelreservation\classes\services\UserDataService.php 
2016-06-27 7:10:36 - DEBUG --> createUserData 
2016-06-27 7:10:36 - DEBUG --> UserData end:  a:0:{} 
2016-06-27 7:10:36 - DEBUG --> Archivo \components\com_jhotelreservation\classes\services\UserDataService.php 
2016-06-27 7:10:36 - DEBUG --> initializeUserData 
2016-06-27 7:10:36 - DEBUG --> UserData first: a:0:{} 
2016-06-27 7:10:36 - DEBUG --> UserData end:  a:0:{} 
2016-06-27 7:10:36 - DEBUG --> Archivo \components\com_jhotelreservation\classes\services\UserDataService.php 
2016-06-27 7:10:36 - DEBUG --> initializeReservationData 
2016-06-27 7:10:36 - DEBUG --> UserData: a:0:{} 
2016-06-27 7:10:36 - DEBUG --> Archivo \components\com_jhotelreservation\classes\services\UserDataService.php 
2016-06-27 7:10:36 - DEBUG --> updateUserData 
2016-06-27 7:10:36 - DEBUG --> Archivo \components\com_jhotelreservation\classes\services\UserDataService.php 
2016-06-27 7:10:36 - DEBUG --> getUserData 
2016-06-27 7:10:36 - DEBUG --> Archivo \components\com_jhotelreservation\classes\services\UserDataService.php 
2016-06-27 7:10:36 - DEBUG --> setCurrency 
2016-06-27 7:10:36 - DEBUG --> Archivo \components\com_jhotelreservation\classes\services\UserDataService.php 
2016-06-27 7:10:36 - DEBUG --> getUserData 
2016-06-27 7:10:36 - DEBUG --> Archivo \components\com_jhotelreservation\classes\services\UserDataService.php 
2016-06-27 7:10:36 - DEBUG --> getUserData 
2016-06-27 7:10:36 - DEBUG --> Archivo \components\com_jhotelreservation\classes\services\UserDataService.php 
2016-06-27 7:10:36 - DEBUG --> getUserData 
2016-06-27 7:10:36 - DEBUG --> Archivo \components\com_jhotelreservationiews\hotel	mpl\hoteloverview.php 
2016-06-27 7:10:36 - DEBUG --> Accedió 
2016-06-27 7:25:57 - DEBUG --> Archivo \components\com_jhotelreservation\classes\services\UserDataService.php 
2016-06-27 7:25:57 - DEBUG --> initializeUserData 
2016-06-27 7:25:57 - DEBUG --> UserData first: N; 
2016-06-27 7:25:57 - DEBUG --> Archivo \components\com_jhotelreservation\classes\services\UserDataService.php 
2016-06-27 7:25:57 - DEBUG --> createUserData 
2016-06-27 7:25:57 - DEBUG --> UserData end:  a:0:{} 
2016-06-27 7:25:57 - DEBUG --> Archivo \components\com_jhotelreservation\classes\services\UserDataService.php 
2016-06-27 7:25:57 - DEBUG --> initializeUserData 
2016-06-27 7:25:57 - DEBUG --> UserData first: a:0:{} 
2016-06-27 7:25:57 - DEBUG --> UserData end:  a:0:{} 
2016-06-27 7:25:57 - DEBUG --> Archivo \components\com_jhotelreservation\classes\services\UserDataService.php 
2016-06-27 7:25:57 - DEBUG --> initializeReservationData 
2016-06-27 7:25:57 - DEBUG --> UserData: a:0:{} 
2016-06-27 7:25:57 - DEBUG --> Archivo \components\com_jhotelreservation\classes\services\UserDataService.php 
2016-06-27 7:25:57 - DEBUG --> updateUserData 
2016-06-27 7:25:57 - DEBUG --> Archivo \components\com_jhotelreservation\classes\services\UserDataService.php 
2016-06-27 7:25:57 - DEBUG --> getUserData 
2016-06-27 7:25:57 - DEBUG --> Archivo \components\com_jhotelreservation\classes\services\UserDataService.php 
2016-06-27 7:25:57 - DEBUG --> setCurrency 
2016-06-27 7:25:57 - DEBUG --> Archivo \components\com_jhotelreservation\classes\services\UserDataService.php 
2016-06-27 7:25:57 - DEBUG --> getUserData 
2016-06-27 7:25:57 - DEBUG --> Archivo \components\com_jhotelreservation\classes\services\UserDataService.php 
2016-06-27 7:25:57 - DEBUG --> getUserData 
2016-06-27 7:25:57 - DEBUG --> Archivo \components\com_jhotelreservation\classes\services\UserDataService.php 
2016-06-27 7:25:57 - DEBUG --> getUserData 
2016-06-27 7:50:25 - DEBUG --> Archivo \components\com_jhotelreservation\classes\services\UserDataService.php 
2016-06-27 7:50:25 - DEBUG --> initializeUserData 
2016-06-27 7:50:25 - DEBUG --> UserData first: N; 
2016-06-27 7:50:25 - DEBUG --> Archivo \components\com_jhotelreservation\classes\services\UserDataService.php 
2016-06-27 7:50:25 - DEBUG --> createUserData 
2016-06-27 7:50:25 - DEBUG --> UserData end:  a:0:{} 
2016-06-27 7:50:25 - DEBUG --> Archivo \components\com_jhotelreservation\classes\services\UserDataService.php 
2016-06-27 7:50:25 - DEBUG --> initializeUserData 
2016-06-27 7:50:25 - DEBUG --> UserData first: a:0:{} 
2016-06-27 7:50:25 - DEBUG --> UserData end:  a:0:{} 
2016-06-27 7:50:25 - DEBUG --> Archivo \components\com_jhotelreservation\classes\services\UserDataService.php 
2016-06-27 7:50:25 - DEBUG --> initializeReservationData 
2016-06-27 7:50:25 - DEBUG --> UserData: a:0:{} 
2016-06-27 7:50:25 - DEBUG --> Archivo \components\com_jhotelreservation\classes\services\UserDataService.php 
2016-06-27 7:50:25 - DEBUG --> updateUserData 
2016-06-27 7:50:25 - DEBUG --> Archivo \components\com_jhotelreservation\classes\services\UserDataService.php 
2016-06-27 7:50:25 - DEBUG --> getUserData 
2016-06-27 7:50:25 - DEBUG --> Archivo \components\com_jhotelreservation\classes\services\UserDataService.php 
2016-06-27 7:50:25 - DEBUG --> setCurrency 
2016-06-27 7:50:25 - DEBUG --> Archivo \components\com_jhotelreservation\classes\services\UserDataService.php 
2016-06-27 7:50:25 - DEBUG --> getUserData 
2016-06-27 7:50:25 - DEBUG --> Archivo \components\com_jhotelreservation\classes\services\UserDataService.php 
2016-06-27 7:50:25 - DEBUG --> getUserData 
2016-06-27 7:50:25 - DEBUG --> Archivo \components\com_jhotelreservation\classes\services\UserDataService.php 
2016-06-27 7:50:25 - DEBUG --> getUserData 
2016-06-27 7:50:25 - DEBUG --> Archivo \components\com_jhotelreservationiews\hotel	mpl\hoteloverview.php 
2016-06-27 7:50:25 - DEBUG --> Accedió 
2016-06-27 7:53:32 - DEBUG --> Archivo \components\com_jhotelreservation\classes\services\UserDataService.php 
2016-06-27 7:53:32 - DEBUG --> initializeUserData 
2016-06-27 7:53:32 - DEBUG --> UserData first: N; 
2016-06-27 7:53:32 - DEBUG --> Archivo \components\com_jhotelreservation\classes\services\UserDataService.php 
2016-06-27 7:53:32 - DEBUG --> createUserData 
2016-06-27 7:53:32 - DEBUG --> UserData end:  a:0:{} 
2016-06-27 7:53:32 - DEBUG --> Archivo \components\com_jhotelreservation\classes\services\UserDataService.php 
2016-06-27 7:53:32 - DEBUG --> initializeUserData 
2016-06-27 7:53:32 - DEBUG --> UserData first: a:0:{} 
2016-06-27 7:53:32 - DEBUG --> UserData end:  a:0:{} 
2016-06-27 7:53:32 - DEBUG --> Archivo \components\com_jhotelreservation\classes\services\UserDataService.php 
2016-06-27 7:53:32 - DEBUG --> initializeReservationData 
2016-06-27 7:53:32 - DEBUG --> UserData: a:0:{} 
2016-06-27 7:53:32 - DEBUG --> Archivo \components\com_jhotelreservation\classes\services\UserDataService.php 
2016-06-27 7:53:32 - DEBUG --> updateUserData 
2016-06-27 7:53:32 - DEBUG --> Archivo \components\com_jhotelreservation\classes\services\UserDataService.php 
2016-06-27 7:53:32 - DEBUG --> getUserData 
2016-06-27 7:53:32 - DEBUG --> Archivo \components\com_jhotelreservation\classes\services\UserDataService.php 
2016-06-27 7:53:32 - DEBUG --> setCurrency 
2016-06-27 7:53:32 - DEBUG --> Archivo \components\com_jhotelreservation\classes\services\UserDataService.php 
2016-06-27 7:53:32 - DEBUG --> getUserData 
2016-06-27 7:53:32 - DEBUG --> Archivo \components\com_jhotelreservation\classes\services\UserDataService.php 
2016-06-27 7:53:32 - DEBUG --> getUserData 
2016-06-27 7:53:32 - DEBUG --> Archivo \components\com_jhotelreservation\classes\services\UserDataService.php 
2016-06-27 7:53:32 - DEBUG --> getUserData 
2016-06-27 7:53:32 - DEBUG --> Archivo \components\com_jhotelreservationiews\hotel	mpl\hoteloverview.php 
2016-06-27 7:53:32 - DEBUG --> Accedió 
2016-06-27 8:05:46 - DEBUG --> Archivo \components\com_jhotelreservation\classes\services\UserDataService.php 
2016-06-27 8:05:46 - DEBUG --> initializeUserData 
2016-06-27 8:05:46 - DEBUG --> UserData first: N; 
2016-06-27 8:05:46 - DEBUG --> Archivo \components\com_jhotelreservation\classes\services\UserDataService.php 
2016-06-27 8:05:46 - DEBUG --> createUserData 
2016-06-27 8:05:46 - DEBUG --> UserData end:  a:0:{} 
2016-06-27 8:05:46 - DEBUG --> Archivo \components\com_jhotelreservation\classes\services\UserDataService.php 
2016-06-27 8:05:46 - DEBUG --> initializeUserData 
2016-06-27 8:05:46 - DEBUG --> UserData first: a:0:{} 
2016-06-27 8:05:46 - DEBUG --> UserData end:  a:0:{} 
2016-06-27 8:05:46 - DEBUG --> Archivo \components\com_jhotelreservation\classes\services\UserDataService.php 
2016-06-27 8:05:46 - DEBUG --> initializeReservationData 
2016-06-27 8:05:46 - DEBUG --> UserData: a:0:{} 
2016-06-27 8:05:46 - DEBUG --> Archivo \components\com_jhotelreservation\classes\services\UserDataService.php 
2016-06-27 8:05:46 - DEBUG --> updateUserData 
2016-06-27 8:05:46 - DEBUG --> Archivo \components\com_jhotelreservation\classes\services\UserDataService.php 
2016-06-27 8:05:46 - DEBUG --> getUserData 
2016-06-27 8:05:46 - DEBUG --> Archivo \components\com_jhotelreservation\classes\services\UserDataService.php 
2016-06-27 8:05:46 - DEBUG --> setCurrency 
2016-06-27 8:05:46 - DEBUG --> Archivo \components\com_jhotelreservation\classes\services\UserDataService.php 
2016-06-27 8:05:46 - DEBUG --> getUserData 
2016-06-27 8:05:46 - DEBUG --> Archivo \components\com_jhotelreservation\classes\services\UserDataService.php 
2016-06-27 8:05:46 - DEBUG --> getUserData 
2016-06-27 8:05:46 - DEBUG --> Archivo \components\com_jhotelreservation\classes\services\UserDataService.php 
2016-06-27 8:05:46 - DEBUG --> getUserData 
2016-06-27 8:05:46 - DEBUG --> Archivo \components\com_jhotelreservationiews\hotel	mpl\hoteloverview.php 
2016-06-27 8:05:46 - DEBUG --> Accedió 
2016-06-27 8:08:55 - DEBUG --> Archivo \components\com_jhotelreservation\classes\services\UserDataService.php 
2016-06-27 8:08:55 - DEBUG --> initializeUserData 
2016-06-27 8:08:55 - DEBUG --> UserData first: N; 
2016-06-27 8:08:55 - DEBUG --> Archivo \components\com_jhotelreservation\classes\services\UserDataService.php 
2016-06-27 8:08:55 - DEBUG --> createUserData 
2016-06-27 8:08:55 - DEBUG --> UserData end:  a:0:{} 
2016-06-27 8:08:55 - DEBUG --> Archivo \components\com_jhotelreservation\classes\services\UserDataService.php 
2016-06-27 8:08:55 - DEBUG --> initializeUserData 
2016-06-27 8:08:55 - DEBUG --> UserData first: a:0:{} 
2016-06-27 8:08:55 - DEBUG --> UserData end:  a:0:{} 
2016-06-27 8:08:55 - DEBUG --> Archivo \components\com_jhotelreservation\classes\services\UserDataService.php 
2016-06-27 8:08:55 - DEBUG --> initializeReservationData 
2016-06-27 8:08:55 - DEBUG --> UserData: a:0:{} 
2016-06-27 8:08:55 - DEBUG --> Archivo \components\com_jhotelreservation\classes\services\UserDataService.php 
2016-06-27 8:08:55 - DEBUG --> updateUserData 
2016-06-27 8:08:55 - DEBUG --> Archivo \components\com_jhotelreservation\classes\services\UserDataService.php 
2016-06-27 8:08:55 - DEBUG --> getUserData 
2016-06-27 8:08:55 - DEBUG --> Archivo \components\com_jhotelreservation\classes\services\UserDataService.php 
2016-06-27 8:08:55 - DEBUG --> setCurrency 
2016-06-27 8:08:55 - DEBUG --> Archivo \components\com_jhotelreservation\classes\services\UserDataService.php 
2016-06-27 8:08:55 - DEBUG --> getUserData 
2016-06-27 8:08:55 - DEBUG --> Archivo \components\com_jhotelreservation\classes\services\UserDataService.php 
2016-06-27 8:08:55 - DEBUG --> getUserData 
2016-06-27 8:08:55 - DEBUG --> Archivo \components\com_jhotelreservation\classes\services\UserDataService.php 
2016-06-27 8:08:55 - DEBUG --> getUserData 
2016-06-27 8:08:55 - DEBUG --> Archivo \components\com_jhotelreservationiews\hotel	mpl\hoteloverview.php 
2016-06-27 8:08:55 - DEBUG --> Accedió 
2016-06-27 8:15:16 - DEBUG --> Archivo \components\com_jhotelreservation\classes\services\UserDataService.php 
2016-06-27 8:15:16 - DEBUG --> initializeUserData 
2016-06-27 8:15:16 - DEBUG --> UserData first: N; 
2016-06-27 8:15:16 - DEBUG --> Archivo \components\com_jhotelreservation\classes\services\UserDataService.php 
2016-06-27 8:15:16 - DEBUG --> createUserData 
2016-06-27 8:15:16 - DEBUG --> UserData end:  a:0:{} 
2016-06-27 8:15:16 - DEBUG --> Archivo \components\com_jhotelreservation\classes\services\UserDataService.php 
2016-06-27 8:15:16 - DEBUG --> initializeUserData 
2016-06-27 8:15:16 - DEBUG --> UserData first: a:0:{} 
2016-06-27 8:15:16 - DEBUG --> UserData end:  a:0:{} 
2016-06-27 8:15:16 - DEBUG --> Archivo \components\com_jhotelreservation\classes\services\UserDataService.php 
2016-06-27 8:15:16 - DEBUG --> initializeReservationData 
2016-06-27 8:15:16 - DEBUG --> UserData: a:0:{} 
2016-06-27 8:15:16 - DEBUG --> Archivo \components\com_jhotelreservation\classes\services\UserDataService.php 
2016-06-27 8:15:16 - DEBUG --> updateUserData 
2016-06-27 8:15:16 - DEBUG --> Archivo \components\com_jhotelreservation\classes\services\UserDataService.php 
2016-06-27 8:15:16 - DEBUG --> getUserData 
2016-06-27 8:15:16 - DEBUG --> Archivo \components\com_jhotelreservation\classes\services\UserDataService.php 
2016-06-27 8:15:16 - DEBUG --> setCurrency 
2016-06-27 8:15:16 - DEBUG --> Archivo \components\com_jhotelreservation\classes\services\UserDataService.php 
2016-06-27 8:15:16 - DEBUG --> getUserData 
2016-06-27 8:15:16 - DEBUG --> Archivo \components\com_jhotelreservation\classes\services\UserDataService.php 
2016-06-27 8:15:16 - DEBUG --> getUserData 
2016-06-27 8:15:16 - DEBUG --> Archivo \components\com_jhotelreservation\classes\services\UserDataService.php 
2016-06-27 8:15:16 - DEBUG --> getUserData 
2016-06-27 12:36:57 - DEBUG --> Archivo \components\com_jhotelreservation\classes\services\UserDataService.php 
2016-06-27 12:36:57 - DEBUG --> initializeUserData 
2016-06-27 12:36:57 - DEBUG --> UserData first: N; 
2016-06-27 12:36:57 - DEBUG --> Archivo \components\com_jhotelreservation\classes\services\UserDataService.php 
2016-06-27 12:36:57 - DEBUG --> createUserData 
2016-06-27 12:36:57 - DEBUG --> UserData end:  a:0:{} 
2016-06-27 12:36:57 - DEBUG --> Archivo \components\com_jhotelreservation\classes\services\UserDataService.php 
2016-06-27 12:36:57 - DEBUG --> initializeUserData 
2016-06-27 12:36:57 - DEBUG --> UserData first: a:0:{} 
2016-06-27 12:36:57 - DEBUG --> UserData end:  a:0:{} 
2016-06-27 12:36:57 - DEBUG --> Archivo \components\com_jhotelreservation\classes\services\UserDataService.php 
2016-06-27 12:36:57 - DEBUG --> initializeReservationData 
2016-06-27 12:36:57 - DEBUG --> UserData: a:0:{} 
2016-06-27 12:36:57 - DEBUG --> Archivo \components\com_jhotelreservation\classes\services\UserDataService.php 
2016-06-27 12:36:57 - DEBUG --> updateUserData 
2016-06-27 12:36:57 - DEBUG --> Archivo \components\com_jhotelreservation\classes\services\UserDataService.php 
2016-06-27 12:36:57 - DEBUG --> getUserData 
2016-06-27 12:36:57 - DEBUG --> Archivo \components\com_jhotelreservation\classes\services\UserDataService.php 
2016-06-27 12:36:57 - DEBUG --> setCurrency 
2016-06-27 12:36:57 - DEBUG --> Archivo \components\com_jhotelreservation\classes\services\UserDataService.php 
2016-06-27 12:36:57 - DEBUG --> getUserData 
2016-06-27 12:36:57 - DEBUG --> Archivo \components\com_jhotelreservation\classes\services\UserDataService.php 
2016-06-27 12:36:57 - DEBUG --> getUserData 
2016-06-27 12:36:57 - DEBUG --> Archivo \components\com_jhotelreservation\classes\services\UserDataService.php 
2016-06-27 12:36:57 - DEBUG --> getUserData 
2016-06-27 13:53:47 - DEBUG --> Archivo \components\com_jhotelreservation\classes\services\UserDataService.php 
2016-06-27 13:53:47 - DEBUG --> initializeUserData 
2016-06-27 13:53:47 - DEBUG --> UserData first: N; 
2016-06-27 13:53:47 - DEBUG --> Archivo \components\com_jhotelreservation\classes\services\UserDataService.php 
2016-06-27 13:53:47 - DEBUG --> createUserData 
2016-06-27 13:53:47 - DEBUG --> UserData end:  a:0:{} 
2016-06-27 13:53:47 - DEBUG --> Archivo \components\com_jhotelreservation\classes\services\UserDataService.php 
2016-06-27 13:53:47 - DEBUG --> initializeUserData 
2016-06-27 13:53:47 - DEBUG --> UserData first: a:0:{} 
2016-06-27 13:53:47 - DEBUG --> UserData end:  a:0:{} 
2016-06-27 13:53:47 - DEBUG --> Archivo \components\com_jhotelreservation\classes\services\UserDataService.php 
2016-06-27 13:53:47 - DEBUG --> initializeReservationData 
2016-06-27 13:53:47 - DEBUG --> UserData: a:0:{} 
2016-06-27 13:53:47 - DEBUG --> Archivo \components\com_jhotelreservation\classes\services\UserDataService.php 
2016-06-27 13:53:47 - DEBUG --> updateUserData 
2016-06-27 13:53:47 - DEBUG --> Archivo \components\com_jhotelreservation\classes\services\UserDataService.php 
2016-06-27 13:53:47 - DEBUG --> getUserData 
2016-06-27 13:53:47 - DEBUG --> Archivo \components\com_jhotelreservation\classes\services\UserDataService.php 
2016-06-27 13:53:47 - DEBUG --> setCurrency 
2016-06-27 13:53:47 - DEBUG --> Archivo \components\com_jhotelreservation\classes\services\UserDataService.php 
2016-06-27 13:53:47 - DEBUG --> getUserData 
2016-06-27 13:53:47 - DEBUG --> Archivo \components\com_jhotelreservation\classes\services\UserDataService.php 
2016-06-27 13:53:47 - DEBUG --> getUserData 
2016-06-27 13:53:47 - DEBUG --> Archivo \components\com_jhotelreservation\classes\services\UserDataService.php 
2016-06-27 13:53:47 - DEBUG --> getUserData 
2016-06-27 13:53:47 - DEBUG --> Archivo \components\com_jhotelreservationiews\hotel	mpl\hoteloverview.php 
2016-06-27 13:53:47 - DEBUG --> Accedió 
2016-06-27 14:01:52 - DEBUG --> Archivo \components\com_jhotelreservation\classes\services\UserDataService.php 
2016-06-27 14:01:52 - DEBUG --> initializeUserData 
2016-06-27 14:01:52 - DEBUG --> UserData first: N; 
2016-06-27 14:01:52 - DEBUG --> Archivo \components\com_jhotelreservation\classes\services\UserDataService.php 
2016-06-27 14:01:52 - DEBUG --> createUserData 
2016-06-27 14:01:52 - DEBUG --> UserData end:  a:0:{} 
2016-06-27 14:01:52 - DEBUG --> Archivo \components\com_jhotelreservation\classes\services\UserDataService.php 
2016-06-27 14:01:52 - DEBUG --> initializeUserData 
2016-06-27 14:01:52 - DEBUG --> UserData first: a:0:{} 
2016-06-27 14:01:52 - DEBUG --> UserData end:  a:0:{} 
2016-06-27 14:01:52 - DEBUG --> Archivo \components\com_jhotelreservation\classes\services\UserDataService.php 
2016-06-27 14:01:52 - DEBUG --> initializeReservationData 
2016-06-27 14:01:52 - DEBUG --> UserData: a:0:{} 
2016-06-27 14:01:52 - DEBUG --> Archivo \components\com_jhotelreservation\classes\services\UserDataService.php 
2016-06-27 14:01:52 - DEBUG --> updateUserData 
2016-06-27 14:01:52 - DEBUG --> Archivo \components\com_jhotelreservation\classes\services\UserDataService.php 
2016-06-27 14:01:52 - DEBUG --> getUserData 
2016-06-27 14:01:52 - DEBUG --> Archivo \components\com_jhotelreservation\classes\services\UserDataService.php 
2016-06-27 14:01:52 - DEBUG --> setCurrency 
2016-06-27 14:01:52 - DEBUG --> Archivo \components\com_jhotelreservation\classes\services\UserDataService.php 
2016-06-27 14:01:52 - DEBUG --> getUserData 
2016-06-27 14:01:52 - DEBUG --> Archivo \components\com_jhotelreservation\classes\services\UserDataService.php 
2016-06-27 14:01:52 - DEBUG --> getUserData 
2016-06-27 14:01:52 - DEBUG --> Archivo \components\com_jhotelreservation\classes\services\UserDataService.php 
2016-06-27 14:01:52 - DEBUG --> getUserData 
2016-06-27 14:01:52 - DEBUG --> Archivo \components\com_jhotelreservationiews\hotel	mpl\hoteloverview.php 
2016-06-27 14:01:52 - DEBUG --> Accedió 
2016-06-27 14:21:57 - DEBUG --> Archivo \components\com_jhotelreservation\classes\services\UserDataService.php 
2016-06-27 14:21:57 - DEBUG --> initializeUserData 
2016-06-27 14:21:57 - DEBUG --> UserData first: N; 
2016-06-27 14:21:57 - DEBUG --> Archivo \components\com_jhotelreservation\classes\services\UserDataService.php 
2016-06-27 14:21:57 - DEBUG --> createUserData 
2016-06-27 14:21:57 - DEBUG --> UserData end:  a:0:{} 
2016-06-27 14:21:57 - DEBUG --> Archivo \components\com_jhotelreservation\classes\services\UserDataService.php 
2016-06-27 14:21:57 - DEBUG --> initializeUserData 
2016-06-27 14:21:57 - DEBUG --> UserData first: a:0:{} 
2016-06-27 14:21:57 - DEBUG --> UserData end:  a:0:{} 
2016-06-27 14:21:57 - DEBUG --> Archivo \components\com_jhotelreservation\classes\services\UserDataService.php 
2016-06-27 14:21:57 - DEBUG --> initializeReservationData 
2016-06-27 14:21:57 - DEBUG --> UserData: a:0:{} 
2016-06-27 14:21:57 - DEBUG --> Archivo \components\com_jhotelreservation\classes\services\UserDataService.php 
2016-06-27 14:21:57 - DEBUG --> updateUserData 
2016-06-27 14:21:57 - DEBUG --> Archivo \components\com_jhotelreservation\classes\services\UserDataService.php 
2016-06-27 14:21:57 - DEBUG --> getUserData 
2016-06-27 14:21:57 - DEBUG --> Archivo \components\com_jhotelreservation\classes\services\UserDataService.php 
2016-06-27 14:21:57 - DEBUG --> setCurrency 
2016-06-27 14:21:57 - DEBUG --> Archivo \components\com_jhotelreservation\classes\services\UserDataService.php 
2016-06-27 14:21:57 - DEBUG --> getUserData 
2016-06-27 14:21:57 - DEBUG --> Archivo \components\com_jhotelreservation\classes\services\UserDataService.php 
2016-06-27 14:21:57 - DEBUG --> getUserData 
2016-06-27 14:21:57 - DEBUG --> Archivo \components\com_jhotelreservation\classes\services\UserDataService.php 
2016-06-27 14:21:57 - DEBUG --> getUserData 
2016-06-27 14:21:57 - DEBUG --> Archivo \components\com_jhotelreservationiews\hotel	mpl\hoteloverview.php 
2016-06-27 14:21:57 - DEBUG --> Accedió 
2016-06-27 14:46:18 - DEBUG --> Archivo \components\com_jhotelreservation\classes\services\UserDataService.php 
2016-06-27 14:46:18 - DEBUG --> initializeUserData 
2016-06-27 14:46:18 - DEBUG --> UserData first: N; 
2016-06-27 14:46:18 - DEBUG --> Archivo \components\com_jhotelreservation\classes\services\UserDataService.php 
2016-06-27 14:46:18 - DEBUG --> createUserData 
2016-06-27 14:46:18 - DEBUG --> UserData end:  a:0:{} 
2016-06-27 14:46:18 - DEBUG --> Archivo \components\com_jhotelreservation\classes\services\UserDataService.php 
2016-06-27 14:46:18 - DEBUG --> initializeUserData 
2016-06-27 14:46:18 - DEBUG --> UserData first: a:0:{} 
2016-06-27 14:46:18 - DEBUG --> UserData end:  a:0:{} 
2016-06-27 14:46:18 - DEBUG --> Archivo \components\com_jhotelreservation\classes\services\UserDataService.php 
2016-06-27 14:46:18 - DEBUG --> initializeReservationData 
2016-06-27 14:46:18 - DEBUG --> UserData: a:0:{} 
2016-06-27 14:46:18 - DEBUG --> Archivo \components\com_jhotelreservation\classes\services\UserDataService.php 
2016-06-27 14:46:18 - DEBUG --> updateUserData 
2016-06-27 14:46:18 - DEBUG --> Archivo \components\com_jhotelreservation\classes\services\UserDataService.php 
2016-06-27 14:46:18 - DEBUG --> getUserData 
2016-06-27 14:46:18 - DEBUG --> Archivo \components\com_jhotelreservation\classes\services\UserDataService.php 
2016-06-27 14:46:18 - DEBUG --> setCurrency 
2016-06-27 14:46:18 - DEBUG --> Archivo \components\com_jhotelreservation\classes\services\UserDataService.php 
2016-06-27 14:46:18 - DEBUG --> getUserData 
2016-06-27 14:46:18 - DEBUG --> Archivo \components\com_jhotelreservation\classes\services\UserDataService.php 
2016-06-27 14:46:18 - DEBUG --> getUserData 
2016-06-27 14:46:18 - DEBUG --> Archivo \components\com_jhotelreservation\classes\services\UserDataService.php 
2016-06-27 14:46:18 - DEBUG --> getUserData 
2016-06-27 14:46:18 - DEBUG --> Archivo \components\com_jhotelreservationiews\hotel	mpl\hoteloverview.php 
2016-06-27 14:46:18 - DEBUG --> Accedió 
2016-06-27 14:49:18 - DEBUG --> Archivo \components\com_jhotelreservation\classes\services\UserDataService.php 
2016-06-27 14:49:18 - DEBUG --> initializeUserData 
2016-06-27 14:49:18 - DEBUG --> UserData first: N; 
2016-06-27 14:49:18 - DEBUG --> Archivo \components\com_jhotelreservation\classes\services\UserDataService.php 
2016-06-27 14:49:18 - DEBUG --> createUserData 
2016-06-27 14:49:18 - DEBUG --> UserData end:  a:0:{} 
2016-06-27 14:49:18 - DEBUG --> Archivo \components\com_jhotelreservation\classes\services\UserDataService.php 
2016-06-27 14:49:18 - DEBUG --> initializeUserData 
2016-06-27 14:49:18 - DEBUG --> UserData first: a:0:{} 
2016-06-27 14:49:18 - DEBUG --> UserData end:  a:0:{} 
2016-06-27 14:49:18 - DEBUG --> Archivo \components\com_jhotelreservation\classes\services\UserDataService.php 
2016-06-27 14:49:18 - DEBUG --> initializeReservationData 
2016-06-27 14:49:18 - DEBUG --> UserData: a:0:{} 
2016-06-27 14:49:18 - DEBUG --> Archivo \components\com_jhotelreservation\classes\services\UserDataService.php 
2016-06-27 14:49:18 - DEBUG --> updateUserData 
2016-06-27 14:49:18 - DEBUG --> Archivo \components\com_jhotelreservation\classes\services\UserDataService.php 
2016-06-27 14:49:18 - DEBUG --> getUserData 
2016-06-27 14:49:18 - DEBUG --> Archivo \components\com_jhotelreservation\classes\services\UserDataService.php 
2016-06-27 14:49:18 - DEBUG --> setCurrency 
2016-06-27 14:49:18 - DEBUG --> Archivo \components\com_jhotelreservation\classes\services\UserDataService.php 
2016-06-27 14:49:18 - DEBUG --> getUserData 
2016-06-27 14:49:18 - DEBUG --> Archivo \components\com_jhotelreservation\classes\services\UserDataService.php 
2016-06-27 14:49:18 - DEBUG --> getUserData 
2016-06-27 14:49:18 - DEBUG --> Archivo \components\com_jhotelreservation\classes\services\UserDataService.php 
2016-06-27 14:49:18 - DEBUG --> getUserData 
2016-06-27 15:06:32 - DEBUG --> Archivo \components\com_jhotelreservation\classes\services\UserDataService.php 
2016-06-27 15:06:32 - DEBUG --> initializeUserData 
2016-06-27 15:06:32 - DEBUG --> UserData first: N; 
2016-06-27 15:06:32 - DEBUG --> Archivo \components\com_jhotelreservation\classes\services\UserDataService.php 
2016-06-27 15:06:32 - DEBUG --> createUserData 
2016-06-27 15:06:32 - DEBUG --> UserData end:  a:0:{} 
2016-06-27 15:06:32 - DEBUG --> Archivo \components\com_jhotelreservation\classes\services\UserDataService.php 
2016-06-27 15:06:32 - DEBUG --> initializeUserData 
2016-06-27 15:06:32 - DEBUG --> UserData first: a:0:{} 
2016-06-27 15:06:32 - DEBUG --> UserData end:  a:0:{} 
2016-06-27 15:06:32 - DEBUG --> Archivo \components\com_jhotelreservation\classes\services\UserDataService.php 
2016-06-27 15:06:32 - DEBUG --> initializeReservationData 
2016-06-27 15:06:32 - DEBUG --> UserData: a:0:{} 
2016-06-27 15:06:32 - DEBUG --> Archivo \components\com_jhotelreservation\classes\services\UserDataService.php 
2016-06-27 15:06:32 - DEBUG --> updateUserData 
2016-06-27 15:06:32 - DEBUG --> Archivo \components\com_jhotelreservation\classes\services\UserDataService.php 
2016-06-27 15:06:32 - DEBUG --> getUserData 
2016-06-27 15:06:32 - DEBUG --> Archivo \components\com_jhotelreservation\classes\services\UserDataService.php 
2016-06-27 15:06:32 - DEBUG --> setCurrency 
2016-06-27 15:06:32 - DEBUG --> Archivo \components\com_jhotelreservation\classes\services\UserDataService.php 
2016-06-27 15:06:32 - DEBUG --> getUserData 
2016-06-27 15:06:32 - DEBUG --> Archivo \components\com_jhotelreservation\classes\services\UserDataService.php 
2016-06-27 15:06:32 - DEBUG --> getUserData 
2016-06-27 15:06:32 - DEBUG --> Archivo \components\com_jhotelreservation\classes\services\UserDataService.php 
2016-06-27 15:06:32 - DEBUG --> getUserData 
2016-06-27 15:06:32 - DEBUG --> Archivo \components\com_jhotelreservationiews\hotel	mpl\hoteloverview.php 
2016-06-27 15:06:32 - DEBUG --> Accedió 
2016-06-27 15:10:16 - DEBUG --> Archivo \components\com_jhotelreservation\classes\services\UserDataService.php 
2016-06-27 15:10:16 - DEBUG --> initializeUserData 
2016-06-27 15:10:16 - DEBUG --> UserData first: N; 
2016-06-27 15:10:16 - DEBUG --> Archivo \components\com_jhotelreservation\classes\services\UserDataService.php 
2016-06-27 15:10:16 - DEBUG --> createUserData 
2016-06-27 15:10:16 - DEBUG --> UserData end:  a:0:{} 
2016-06-27 15:10:16 - DEBUG --> Archivo \components\com_jhotelreservation\classes\services\UserDataService.php 
2016-06-27 15:10:16 - DEBUG --> initializeUserData 
2016-06-27 15:10:16 - DEBUG --> UserData first: a:0:{} 
2016-06-27 15:10:16 - DEBUG --> UserData end:  a:0:{} 
2016-06-27 15:10:16 - DEBUG --> Archivo \components\com_jhotelreservation\classes\services\UserDataService.php 
2016-06-27 15:10:16 - DEBUG --> initializeReservationData 
2016-06-27 15:10:16 - DEBUG --> UserData: a:0:{} 
2016-06-27 15:10:16 - DEBUG --> Archivo \components\com_jhotelreservation\classes\services\UserDataService.php 
2016-06-27 15:10:16 - DEBUG --> updateUserData 
2016-06-27 15:10:16 - DEBUG --> Archivo \components\com_jhotelreservation\classes\services\UserDataService.php 
2016-06-27 15:10:16 - DEBUG --> getUserData 
2016-06-27 15:10:16 - DEBUG --> Archivo \components\com_jhotelreservation\classes\services\UserDataService.php 
2016-06-27 15:10:16 - DEBUG --> setCurrency 
2016-06-27 15:10:16 - DEBUG --> Archivo \components\com_jhotelreservation\classes\services\UserDataService.php 
2016-06-27 15:10:16 - DEBUG --> getUserData 
2016-06-27 15:10:16 - DEBUG --> Archivo \components\com_jhotelreservation\classes\services\UserDataService.php 
2016-06-27 15:10:16 - DEBUG --> getUserData 
2016-06-27 15:10:16 - DEBUG --> Archivo \components\com_jhotelreservation\classes\services\UserDataService.php 
2016-06-27 15:10:16 - DEBUG --> getUserData 
2016-06-27 15:10:16 - DEBUG --> Archivo \components\com_jhotelreservationiews\hotel	mpl\hoteloverview.php 
2016-06-27 15:10:16 - DEBUG --> Accedió 
2016-06-27 15:14:32 - DEBUG --> Archivo \components\com_jhotelreservation\classes\services\UserDataService.php 
2016-06-27 15:14:32 - DEBUG --> initializeUserData 
2016-06-27 15:14:32 - DEBUG --> UserData first: N; 
2016-06-27 15:14:32 - DEBUG --> Archivo \components\com_jhotelreservation\classes\services\UserDataService.php 
2016-06-27 15:14:32 - DEBUG --> createUserData 
2016-06-27 15:14:32 - DEBUG --> UserData end:  a:0:{} 
2016-06-27 15:14:32 - DEBUG --> Archivo \components\com_jhotelreservation\classes\services\UserDataService.php 
2016-06-27 15:14:32 - DEBUG --> initializeUserData 
2016-06-27 15:14:32 - DEBUG --> UserData first: a:0:{} 
2016-06-27 15:14:32 - DEBUG --> UserData end:  a:0:{} 
2016-06-27 15:14:32 - DEBUG --> Archivo \components\com_jhotelreservation\classes\services\UserDataService.php 
2016-06-27 15:14:32 - DEBUG --> initializeReservationData 
2016-06-27 15:14:32 - DEBUG --> UserData: a:0:{} 
2016-06-27 15:14:32 - DEBUG --> Archivo \components\com_jhotelreservation\classes\services\UserDataService.php 
2016-06-27 15:14:32 - DEBUG --> updateUserData 
2016-06-27 15:14:32 - DEBUG --> Archivo \components\com_jhotelreservation\classes\services\UserDataService.php 
2016-06-27 15:14:32 - DEBUG --> getUserData 
2016-06-27 15:14:32 - DEBUG --> Archivo \components\com_jhotelreservation\classes\services\UserDataService.php 
2016-06-27 15:14:32 - DEBUG --> setCurrency 
2016-06-27 15:14:32 - DEBUG --> Archivo \components\com_jhotelreservation\classes\services\UserDataService.php 
2016-06-27 15:14:32 - DEBUG --> getUserData 
2016-06-27 15:14:32 - DEBUG --> Archivo \components\com_jhotelreservation\classes\services\UserDataService.php 
2016-06-27 15:14:32 - DEBUG --> getUserData 
2016-06-27 15:14:32 - DEBUG --> Archivo \components\com_jhotelreservation\classes\services\UserDataService.php 
2016-06-27 15:14:32 - DEBUG --> getUserData 
2016-06-27 15:14:32 - DEBUG --> Archivo \components\com_jhotelreservationiews\hotel	mpl\hoteloverview.php 
2016-06-27 15:14:32 - DEBUG --> Accedió 
2016-06-27 15:19:44 - DEBUG --> Archivo \components\com_jhotelreservation\classes\services\UserDataService.php 
2016-06-27 15:19:44 - DEBUG --> initializeUserData 
2016-06-27 15:19:44 - DEBUG --> UserData first: a:0:{} 
2016-06-27 15:19:44 - DEBUG --> Archivo \components\com_jhotelreservation\classes\services\UserDataService.php 
2016-06-27 15:19:44 - DEBUG --> createUserData 
2016-06-27 15:19:44 - DEBUG --> voucher:  
2016-06-27 15:19:44 - DEBUG --> UserData end:  a:0:{} 
2016-06-27 15:19:45 - DEBUG --> Archivo \components\com_jhotelreservation\classes\services\UserDataService.php 
2016-06-27 15:19:45 - DEBUG --> initializeUserData 
2016-06-27 15:19:45 - DEBUG --> UserData first: a:0:{} 
2016-06-27 15:19:45 - DEBUG --> Archivo \components\com_jhotelreservation\classes\services\UserDataService.php 
2016-06-27 15:19:45 - DEBUG --> createUserData 
2016-06-27 15:19:45 - DEBUG --> voucher:  
2016-06-27 15:19:45 - DEBUG --> UserData end:  a:0:{} 
2016-06-27 15:20:04 - DEBUG --> Archivo \components\com_jhotelreservation\classes\services\UserDataService.php 
2016-06-27 15:20:04 - DEBUG --> initializeUserData 
2016-06-27 15:20:04 - DEBUG --> UserData first: a:0:{} 
2016-06-27 15:20:04 - DEBUG --> Archivo \components\com_jhotelreservation\classes\services\UserDataService.php 
2016-06-27 15:20:04 - DEBUG --> createUserData 
2016-06-27 15:20:04 - DEBUG --> voucher:  
2016-06-27 15:20:04 - DEBUG --> UserData end:  a:0:{} 
2016-06-27 15:20:04 - DEBUG --> Archivo \components\com_jhotelreservation\classes\services\UserDataService.php 
2016-06-27 15:20:04 - DEBUG --> initializeUserData 
2016-06-27 15:20:04 - DEBUG --> UserData first: a:0:{} 
2016-06-27 15:20:04 - DEBUG --> Archivo \components\com_jhotelreservation\classes\services\UserDataService.php 
2016-06-27 15:20:04 - DEBUG --> createUserData 
2016-06-27 15:20:04 - DEBUG --> voucher:  
2016-06-27 15:20:04 - DEBUG --> UserData end:  a:0:{} 
2016-06-27 15:20:22 - DEBUG --> Archivo \components\com_jhotelreservation\classes\services\UserDataService.php 
2016-06-27 15:20:22 - DEBUG --> initializeUserData 
2016-06-27 15:20:22 - DEBUG --> UserData first: a:0:{} 
2016-06-27 15:20:22 - DEBUG --> UserData end:  a:0:{} 
2016-06-27 15:20:22 - DEBUG --> Archivo \components\com_jhotelreservation\classes\services\UserDataService.php 
2016-06-27 15:20:22 - DEBUG --> initializeUserData 
2016-06-27 15:20:22 - DEBUG --> UserData first: a:0:{} 
2016-06-27 15:20:22 - DEBUG --> UserData end:  a:0:{} 
2016-06-27 15:20:22 - DEBUG --> Archivo \components\com_jhotelreservation\classes\services\UserDataService.php 
2016-06-27 15:20:22 - DEBUG --> initializeReservationData 
2016-06-27 15:20:22 - DEBUG --> UserData: a:0:{} 
2016-06-27 15:20:22 - DEBUG --> Archivo \components\com_jhotelreservation\classes\services\UserDataService.php 
2016-06-27 15:20:22 - DEBUG --> updateUserData 
2016-06-27 15:20:22 - DEBUG --> Archivo \components\com_jhotelreservation\classes\services\UserDataService.php 
2016-06-27 15:20:22 - DEBUG --> getUserData 
2016-06-27 15:20:22 - DEBUG --> Archivo \components\com_jhotelreservation\classes\services\UserDataService.php 
2016-06-27 15:20:22 - DEBUG --> setCurrency 
2016-06-27 15:20:22 - DEBUG --> Archivo \components\com_jhotelreservation\classes\services\UserDataService.php 
2016-06-27 15:20:22 - DEBUG --> getUserData 
2016-06-27 15:20:22 - DEBUG --> Archivo \components\com_jhotelreservation\classes\services\UserDataService.php 
2016-06-27 15:20:22 - DEBUG --> getUserData 
2016-06-27 15:20:22 - DEBUG --> Archivo \components\com_jhotelreservation\classes\services\UserDataService.php 
2016-06-27 15:20:22 - DEBUG --> getUserData 
2016-06-27 15:20:22 - DEBUG --> Archivo \components\com_jhotelreservationiews\hotel	mpl\hoteloverview.php 
2016-06-27 15:20:22 - DEBUG --> Accedió 
2016-06-27 15:23:41 - DEBUG --> Archivo \components\com_jhotelreservation\classes\services\UserDataService.php 
2016-06-27 15:23:41 - DEBUG --> initializeUserData 
2016-06-27 15:23:41 - DEBUG --> UserData first: a:0:{} 
2016-06-27 15:23:41 - DEBUG --> UserData end:  a:0:{} 
2016-06-27 15:23:41 - DEBUG --> Archivo \components\com_jhotelreservation\classes\services\UserDataService.php 
2016-06-27 15:23:41 - DEBUG --> initializeUserData 
2016-06-27 15:23:41 - DEBUG --> UserData first: a:0:{} 
2016-06-27 15:23:41 - DEBUG --> UserData end:  a:0:{} 
2016-06-27 15:23:41 - DEBUG --> Archivo \components\com_jhotelreservation\classes\services\UserDataService.php 
2016-06-27 15:23:41 - DEBUG --> initializeReservationData 
2016-06-27 15:23:41 - DEBUG --> UserData: a:0:{} 
2016-06-27 15:23:41 - DEBUG --> Archivo \components\com_jhotelreservation\classes\services\UserDataService.php 
2016-06-27 15:23:41 - DEBUG --> updateUserData 
2016-06-27 15:23:41 - DEBUG --> Archivo \components\com_jhotelreservation\classes\services\UserDataService.php 
2016-06-27 15:23:41 - DEBUG --> getUserData 
2016-06-27 15:23:41 - DEBUG --> Archivo \components\com_jhotelreservation\classes\services\UserDataService.php 
2016-06-27 15:23:41 - DEBUG --> setCurrency 
2016-06-27 15:23:41 - DEBUG --> Archivo \components\com_jhotelreservation\classes\services\UserDataService.php 
2016-06-27 15:23:41 - DEBUG --> getUserData 
2016-06-27 15:23:41 - DEBUG --> Archivo \components\com_jhotelreservation\classes\services\UserDataService.php 
2016-06-27 15:23:41 - DEBUG --> getUserData 
2016-06-27 15:23:41 - DEBUG --> Archivo \components\com_jhotelreservation\classes\services\UserDataService.php 
2016-06-27 15:23:41 - DEBUG --> getUserData 
2016-06-27 15:40:48 - DEBUG --> Archivo \components\com_jhotelreservation\classes\services\UserDataService.php 
2016-06-27 15:40:48 - DEBUG --> initializeUserData 
2016-06-27 15:40:48 - DEBUG --> UserData first: N; 
2016-06-27 15:40:48 - DEBUG --> Archivo \components\com_jhotelreservation\classes\services\UserDataService.php 
2016-06-27 15:40:48 - DEBUG --> createUserData 
2016-06-27 15:40:48 - DEBUG --> UserData end:  a:0:{} 
2016-06-27 15:40:48 - DEBUG --> Archivo \components\com_jhotelreservation\classes\services\UserDataService.php 
2016-06-27 15:40:48 - DEBUG --> initializeUserData 
2016-06-27 15:40:48 - DEBUG --> UserData first: a:0:{} 
2016-06-27 15:40:48 - DEBUG --> UserData end:  a:0:{} 
2016-06-27 15:40:48 - DEBUG --> Archivo \components\com_jhotelreservation\classes\services\UserDataService.php 
2016-06-27 15:40:48 - DEBUG --> initializeReservationData 
2016-06-27 15:40:48 - DEBUG --> UserData: a:0:{} 
2016-06-27 15:40:48 - DEBUG --> Archivo \components\com_jhotelreservation\classes\services\UserDataService.php 
2016-06-27 15:40:48 - DEBUG --> updateUserData 
2016-06-27 15:40:48 - DEBUG --> Archivo \components\com_jhotelreservation\classes\services\UserDataService.php 
2016-06-27 15:40:48 - DEBUG --> getUserData 
2016-06-27 15:40:48 - DEBUG --> Archivo \components\com_jhotelreservation\classes\services\UserDataService.php 
2016-06-27 15:40:48 - DEBUG --> setCurrency 
2016-06-27 15:40:48 - DEBUG --> Archivo \components\com_jhotelreservation\classes\services\UserDataService.php 
2016-06-27 15:40:48 - DEBUG --> getUserData 
2016-06-27 15:40:48 - DEBUG --> Archivo \components\com_jhotelreservation\classes\services\UserDataService.php 
2016-06-27 15:40:48 - DEBUG --> getUserData 
2016-06-27 15:40:48 - DEBUG --> Archivo \components\com_jhotelreservation\classes\services\UserDataService.php 
2016-06-27 15:40:48 - DEBUG --> getUserData 
2016-06-27 15:40:48 - DEBUG --> Archivo \components\com_jhotelreservationiews\hotel	mpl\hoteloverview.php 
2016-06-27 15:40:48 - DEBUG --> Accedió 
2016-06-27 15:43:21 - DEBUG --> Archivo \components\com_jhotelreservation\classes\services\UserDataService.php 
2016-06-27 15:43:21 - DEBUG --> initializeUserData 
2016-06-27 15:43:21 - DEBUG --> UserData first: N; 
2016-06-27 15:43:21 - DEBUG --> Archivo \components\com_jhotelreservation\classes\services\UserDataService.php 
2016-06-27 15:43:21 - DEBUG --> createUserData 
2016-06-27 15:43:21 - DEBUG --> UserData end:  a:0:{} 
2016-06-27 15:43:21 - DEBUG --> Archivo \components\com_jhotelreservation\classes\services\UserDataService.php 
2016-06-27 15:43:21 - DEBUG --> initializeUserData 
2016-06-27 15:43:21 - DEBUG --> UserData first: a:0:{} 
2016-06-27 15:43:21 - DEBUG --> UserData end:  a:0:{} 
2016-06-27 15:43:21 - DEBUG --> Archivo \components\com_jhotelreservation\classes\services\UserDataService.php 
2016-06-27 15:43:21 - DEBUG --> initializeReservationData 
2016-06-27 15:43:21 - DEBUG --> UserData: a:0:{} 
2016-06-27 15:43:21 - DEBUG --> Archivo \components\com_jhotelreservation\classes\services\UserDataService.php 
2016-06-27 15:43:21 - DEBUG --> updateUserData 
2016-06-27 15:43:21 - DEBUG --> Archivo \components\com_jhotelreservation\classes\services\UserDataService.php 
2016-06-27 15:43:21 - DEBUG --> getUserData 
2016-06-27 15:43:21 - DEBUG --> Archivo \components\com_jhotelreservation\classes\services\UserDataService.php 
2016-06-27 15:43:21 - DEBUG --> setCurrency 
2016-06-27 15:43:21 - DEBUG --> Archivo \components\com_jhotelreservation\classes\services\UserDataService.php 
2016-06-27 15:43:21 - DEBUG --> getUserData 
2016-06-27 15:43:21 - DEBUG --> Archivo \components\com_jhotelreservation\classes\services\UserDataService.php 
2016-06-27 15:43:21 - DEBUG --> getUserData 
2016-06-27 15:43:21 - DEBUG --> Archivo \components\com_jhotelreservation\classes\services\UserDataService.php 
2016-06-27 15:43:21 - DEBUG --> getUserData 
2016-06-27 15:43:21 - DEBUG --> Archivo \components\com_jhotelreservationiews\hotel	mpl\hoteloverview.php 
2016-06-27 15:43:21 - DEBUG --> Accedió 
2016-06-27 15:47:58 - DEBUG --> Archivo \components\com_jhotelreservation\classes\services\UserDataService.php 
2016-06-27 15:47:58 - DEBUG --> initializeUserData 
2016-06-27 15:47:58 - DEBUG --> UserData first: N; 
2016-06-27 15:47:58 - DEBUG --> Archivo \components\com_jhotelreservation\classes\services\UserDataService.php 
2016-06-27 15:47:58 - DEBUG --> createUserData 
2016-06-27 15:47:58 - DEBUG --> UserData end:  a:0:{} 
2016-06-27 15:47:58 - DEBUG --> Archivo \components\com_jhotelreservation\classes\services\UserDataService.php 
2016-06-27 15:47:58 - DEBUG --> initializeUserData 
2016-06-27 15:47:58 - DEBUG --> UserData first: a:0:{} 
2016-06-27 15:47:58 - DEBUG --> UserData end:  a:0:{} 
2016-06-27 15:47:58 - DEBUG --> Archivo \components\com_jhotelreservation\classes\services\UserDataService.php 
2016-06-27 15:47:58 - DEBUG --> initializeReservationData 
2016-06-27 15:47:58 - DEBUG --> UserData: a:0:{} 
2016-06-27 15:47:58 - DEBUG --> Archivo \components\com_jhotelreservation\classes\services\UserDataService.php 
2016-06-27 15:47:58 - DEBUG --> updateUserData 
2016-06-27 15:47:58 - DEBUG --> Archivo \components\com_jhotelreservation\classes\services\UserDataService.php 
2016-06-27 15:47:58 - DEBUG --> getUserData 
2016-06-27 15:47:58 - DEBUG --> Archivo \components\com_jhotelreservation\classes\services\UserDataService.php 
2016-06-27 15:47:58 - DEBUG --> setCurrency 
2016-06-27 15:47:58 - DEBUG --> Archivo \components\com_jhotelreservation\classes\services\UserDataService.php 
2016-06-27 15:47:58 - DEBUG --> getUserData 
2016-06-27 15:47:58 - DEBUG --> Archivo \components\com_jhotelreservation\classes\services\UserDataService.php 
2016-06-27 15:47:58 - DEBUG --> getUserData 
2016-06-27 15:47:58 - DEBUG --> Archivo \components\com_jhotelreservation\classes\services\UserDataService.php 
2016-06-27 15:47:58 - DEBUG --> getUserData 
2016-06-27 16:18:28 - DEBUG --> Archivo \components\com_jhotelreservation\classes\services\UserDataService.php 
2016-06-27 16:18:28 - DEBUG --> initializeUserData 
2016-06-27 16:18:28 - DEBUG --> UserData first: N; 
2016-06-27 16:18:28 - DEBUG --> Archivo \components\com_jhotelreservation\classes\services\UserDataService.php 
2016-06-27 16:18:28 - DEBUG --> createUserData 
2016-06-27 16:18:28 - DEBUG --> UserData end:  a:0:{} 
2016-06-27 16:18:28 - DEBUG --> Archivo \components\com_jhotelreservation\classes\services\UserDataService.php 
2016-06-27 16:18:28 - DEBUG --> initializeUserData 
2016-06-27 16:18:28 - DEBUG --> UserData first: a:0:{} 
2016-06-27 16:18:28 - DEBUG --> UserData end:  a:0:{} 
2016-06-27 16:18:28 - DEBUG --> Archivo \components\com_jhotelreservation\classes\services\UserDataService.php 
2016-06-27 16:18:28 - DEBUG --> initializeReservationData 
2016-06-27 16:18:28 - DEBUG --> UserData: a:0:{} 
2016-06-27 16:18:28 - DEBUG --> Archivo \components\com_jhotelreservation\classes\services\UserDataService.php 
2016-06-27 16:18:28 - DEBUG --> updateUserData 
2016-06-27 16:18:28 - DEBUG --> Archivo \components\com_jhotelreservation\classes\services\UserDataService.php 
2016-06-27 16:18:28 - DEBUG --> getUserData 
2016-06-27 16:18:28 - DEBUG --> Archivo \components\com_jhotelreservation\classes\services\UserDataService.php 
2016-06-27 16:18:28 - DEBUG --> setCurrency 
2016-06-27 16:18:28 - DEBUG --> Archivo \components\com_jhotelreservation\classes\services\UserDataService.php 
2016-06-27 16:18:28 - DEBUG --> getUserData 
2016-06-27 16:18:28 - DEBUG --> Archivo \components\com_jhotelreservation\classes\services\UserDataService.php 
2016-06-27 16:18:28 - DEBUG --> getUserData 
2016-06-27 16:18:28 - DEBUG --> Archivo \components\com_jhotelreservation\classes\services\UserDataService.php 
2016-06-27 16:18:28 - DEBUG --> getUserData 
2016-06-27 16:18:28 - DEBUG --> Archivo \components\com_jhotelreservationiews\hotel	mpl\hoteloverview.php 
2016-06-27 16:18:28 - DEBUG --> Accedió 
2016-06-27 16:33:47 - DEBUG --> Archivo \components\com_jhotelreservation\classes\services\UserDataService.php 
2016-06-27 16:33:47 - DEBUG --> initializeUserData 
2016-06-27 16:33:47 - DEBUG --> UserData first: N; 
2016-06-27 16:33:47 - DEBUG --> Archivo \components\com_jhotelreservation\classes\services\UserDataService.php 
2016-06-27 16:33:47 - DEBUG --> createUserData 
2016-06-27 16:33:47 - DEBUG --> UserData end:  a:0:{} 
2016-06-27 16:33:47 - DEBUG --> Archivo \components\com_jhotelreservation\classes\services\UserDataService.php 
2016-06-27 16:33:47 - DEBUG --> initializeUserData 
2016-06-27 16:33:47 - DEBUG --> UserData first: a:0:{} 
2016-06-27 16:33:47 - DEBUG --> UserData end:  a:0:{} 
2016-06-27 16:33:47 - DEBUG --> Archivo \components\com_jhotelreservation\classes\services\UserDataService.php 
2016-06-27 16:33:47 - DEBUG --> initializeReservationData 
2016-06-27 16:33:47 - DEBUG --> UserData: a:0:{} 
2016-06-27 16:33:47 - DEBUG --> Archivo \components\com_jhotelreservation\classes\services\UserDataService.php 
2016-06-27 16:33:47 - DEBUG --> updateUserData 
2016-06-27 16:33:47 - DEBUG --> Archivo \components\com_jhotelreservation\classes\services\UserDataService.php 
2016-06-27 16:33:47 - DEBUG --> getUserData 
2016-06-27 16:33:47 - DEBUG --> Archivo \components\com_jhotelreservation\classes\services\UserDataService.php 
2016-06-27 16:33:47 - DEBUG --> setCurrency 
2016-06-27 16:33:47 - DEBUG --> Archivo \components\com_jhotelreservation\classes\services\UserDataService.php 
2016-06-27 16:33:47 - DEBUG --> getUserData 
2016-06-27 16:33:47 - DEBUG --> Archivo \components\com_jhotelreservation\classes\services\UserDataService.php 
2016-06-27 16:33:47 - DEBUG --> getUserData 
2016-06-27 16:33:47 - DEBUG --> Archivo \components\com_jhotelreservation\classes\services\UserDataService.php 
2016-06-27 16:33:47 - DEBUG --> getUserData 
2016-06-27 19:17:55 - DEBUG --> Archivo \components\com_jhotelreservation\classes\services\UserDataService.php 
2016-06-27 19:17:55 - DEBUG --> initializeUserData 
2016-06-27 19:17:55 - DEBUG --> UserData first: N; 
2016-06-27 19:17:55 - DEBUG --> Archivo \components\com_jhotelreservation\classes\services\UserDataService.php 
2016-06-27 19:17:55 - DEBUG --> createUserData 
2016-06-27 19:17:55 - DEBUG --> UserData end:  a:0:{} 
2016-06-27 19:17:55 - DEBUG --> Archivo \components\com_jhotelreservation\classes\services\UserDataService.php 
2016-06-27 19:17:55 - DEBUG --> initializeUserData 
2016-06-27 19:17:55 - DEBUG --> UserData first: a:0:{} 
2016-06-27 19:17:55 - DEBUG --> UserData end:  a:0:{} 
2016-06-27 19:17:55 - DEBUG --> Archivo \components\com_jhotelreservation\classes\services\UserDataService.php 
2016-06-27 19:17:55 - DEBUG --> initializeReservationData 
2016-06-27 19:17:55 - DEBUG --> UserData: a:0:{} 
2016-06-27 19:17:55 - DEBUG --> Archivo \components\com_jhotelreservation\classes\services\UserDataService.php 
2016-06-27 19:17:55 - DEBUG --> updateUserData 
2016-06-27 19:17:55 - DEBUG --> Archivo \components\com_jhotelreservation\classes\services\UserDataService.php 
2016-06-27 19:17:55 - DEBUG --> getUserData 
2016-06-27 19:17:55 - DEBUG --> Archivo \components\com_jhotelreservation\classes\services\UserDataService.php 
2016-06-27 19:17:55 - DEBUG --> setCurrency 
2016-06-27 19:17:55 - DEBUG --> Archivo \components\com_jhotelreservation\classes\services\UserDataService.php 
2016-06-27 19:17:55 - DEBUG --> getUserData 
2016-06-27 19:17:55 - DEBUG --> Archivo \components\com_jhotelreservation\classes\services\UserDataService.php 
2016-06-27 19:17:55 - DEBUG --> getUserData 
2016-06-27 19:17:55 - DEBUG --> Archivo \components\com_jhotelreservation\classes\services\UserDataService.php 
2016-06-27 19:17:55 - DEBUG --> getUserData 
2016-06-27 19:17:55 - DEBUG --> Archivo \components\com_jhotelreservationiews\hotel	mpl\hoteloverview.php 
2016-06-27 19:17:55 - DEBUG --> Accedió 
2016-06-27 22:55:43 - DEBUG --> Archivo \components\com_jhotelreservation\classes\services\UserDataService.php 
2016-06-27 22:55:43 - DEBUG --> initializeUserData 
2016-06-27 22:55:43 - DEBUG --> UserData first: N; 
2016-06-27 22:55:43 - DEBUG --> Archivo \components\com_jhotelreservation\classes\services\UserDataService.php 
2016-06-27 22:55:43 - DEBUG --> createUserData 
2016-06-27 22:55:43 - DEBUG --> UserData end:  a:0:{} 
2016-06-27 22:55:43 - DEBUG --> Archivo \components\com_jhotelreservation\classes\services\UserDataService.php 
2016-06-27 22:55:43 - DEBUG --> initializeUserData 
2016-06-27 22:55:43 - DEBUG --> UserData first: a:0:{} 
2016-06-27 22:55:43 - DEBUG --> UserData end:  a:0:{} 
2016-06-27 22:55:43 - DEBUG --> Archivo \components\com_jhotelreservation\classes\services\UserDataService.php 
2016-06-27 22:55:43 - DEBUG --> initializeReservationData 
2016-06-27 22:55:43 - DEBUG --> UserData: a:0:{} 
2016-06-27 22:55:43 - DEBUG --> Archivo \components\com_jhotelreservation\classes\services\UserDataService.php 
2016-06-27 22:55:43 - DEBUG --> updateUserData 
2016-06-27 22:55:43 - DEBUG --> Archivo \components\com_jhotelreservation\classes\services\UserDataService.php 
2016-06-27 22:55:43 - DEBUG --> getUserData 
2016-06-27 22:55:43 - DEBUG --> Archivo \components\com_jhotelreservation\classes\services\UserDataService.php 
2016-06-27 22:55:43 - DEBUG --> setCurrency 
2016-06-27 22:55:43 - DEBUG --> Archivo \components\com_jhotelreservation\classes\services\UserDataService.php 
2016-06-27 22:55:43 - DEBUG --> getUserData 
2016-06-27 22:55:43 - DEBUG --> Archivo \components\com_jhotelreservation\classes\services\UserDataService.php 
2016-06-27 22:55:43 - DEBUG --> getUserData 
2016-06-27 22:55:43 - DEBUG --> Archivo \components\com_jhotelreservation\classes\services\UserDataService.php 
2016-06-27 22:55:43 - DEBUG --> getUserData 
2016-06-27 22:55:43 - DEBUG --> Archivo \components\com_jhotelreservationiews\hotel	mpl\hoteloverview.php 
2016-06-27 22:55:43 - DEBUG --> Accedió 
