2016-04-28 0:22:19 - DEBUG --> Archivo \components\com_jhotelreservation\classes\services\UserDataService.php 
2016-04-28 0:22:19 - DEBUG --> initializeUserData 
2016-04-28 0:22:19 - DEBUG --> UserData first: N; 
2016-04-28 0:22:19 - DEBUG --> Archivo \components\com_jhotelreservation\classes\services\UserDataService.php 
2016-04-28 0:22:19 - DEBUG --> createUserData 
2016-04-28 0:22:19 - DEBUG --> UserData end:  a:0:{} 
2016-04-28 0:22:19 - DEBUG --> Archivo \components\com_jhotelreservation\classes\services\UserDataService.php 
2016-04-28 0:22:19 - DEBUG --> initializeUserData 
2016-04-28 0:22:19 - DEBUG --> UserData first: a:0:{} 
2016-04-28 0:22:19 - DEBUG --> UserData end:  a:0:{} 
2016-04-28 0:22:19 - DEBUG --> Archivo \components\com_jhotelreservation\classes\services\UserDataService.php 
2016-04-28 0:22:19 - DEBUG --> initializeReservationData 
2016-04-28 0:22:19 - DEBUG --> UserData: a:0:{} 
2016-04-28 0:22:19 - DEBUG --> Archivo \components\com_jhotelreservation\classes\services\UserDataService.php 
2016-04-28 0:22:19 - DEBUG --> updateUserData 
2016-04-28 0:22:19 - DEBUG --> Archivo \components\com_jhotelreservation\classes\services\UserDataService.php 
2016-04-28 0:22:19 - DEBUG --> getUserData 
2016-04-28 0:22:19 - DEBUG --> Archivo \components\com_jhotelreservation\classes\services\UserDataService.php 
2016-04-28 0:22:19 - DEBUG --> setCurrency 
2016-04-28 0:22:19 - DEBUG --> Archivo \components\com_jhotelreservation\classes\services\UserDataService.php 
2016-04-28 0:22:19 - DEBUG --> getUserData 
2016-04-28 0:22:19 - DEBUG --> Archivo \components\com_jhotelreservation\classes\services\UserDataService.php 
2016-04-28 0:22:19 - DEBUG --> getUserData 
2016-04-28 0:22:19 - DEBUG --> Archivo \components\com_jhotelreservation\classes\services\UserDataService.php 
2016-04-28 0:22:19 - DEBUG --> getUserData 
2016-04-28 0:22:20 - DEBUG --> Archivo \components\com_jhotelreservation\classes\services\UserDataService.php 
2016-04-28 0:22:20 - DEBUG --> initializeUserData 
2016-04-28 0:22:20 - DEBUG --> UserData first: N; 
2016-04-28 0:22:20 - DEBUG --> Archivo \components\com_jhotelreservation\classes\services\UserDataService.php 
2016-04-28 0:22:20 - DEBUG --> createUserData 
2016-04-28 0:22:20 - DEBUG --> UserData end:  a:0:{} 
2016-04-28 0:22:20 - DEBUG --> Archivo \components\com_jhotelreservation\classes\services\UserDataService.php 
2016-04-28 0:22:20 - DEBUG --> initializeUserData 
2016-04-28 0:22:20 - DEBUG --> UserData first: a:0:{} 
2016-04-28 0:22:20 - DEBUG --> UserData end:  a:0:{} 
2016-04-28 0:22:20 - DEBUG --> Archivo \components\com_jhotelreservation\classes\services\UserDataService.php 
2016-04-28 0:22:20 - DEBUG --> initializeReservationData 
2016-04-28 0:22:20 - DEBUG --> UserData: a:0:{} 
2016-04-28 0:22:20 - DEBUG --> Archivo \components\com_jhotelreservation\classes\services\UserDataService.php 
2016-04-28 0:22:20 - DEBUG --> updateUserData 
2016-04-28 0:22:20 - DEBUG --> Archivo \components\com_jhotelreservation\classes\services\UserDataService.php 
2016-04-28 0:22:20 - DEBUG --> getUserData 
2016-04-28 0:22:20 - DEBUG --> Archivo \components\com_jhotelreservation\classes\services\UserDataService.php 
2016-04-28 0:22:20 - DEBUG --> setCurrency 
2016-04-28 0:22:20 - DEBUG --> Archivo \components\com_jhotelreservation\classes\services\UserDataService.php 
2016-04-28 0:22:20 - DEBUG --> getUserData 
2016-04-28 0:22:20 - DEBUG --> Archivo \components\com_jhotelreservation\classes\services\UserDataService.php 
2016-04-28 0:22:20 - DEBUG --> getUserData 
2016-04-28 0:22:20 - DEBUG --> Archivo \components\com_jhotelreservation\classes\services\UserDataService.php 
2016-04-28 0:22:20 - DEBUG --> getUserData 
2016-04-28 0:22:20 - DEBUG --> Archivo \components\com_jhotelreservationiews\hotel	mpl\hoteloverview.php 
2016-04-28 0:22:20 - DEBUG --> Accedió 
2016-04-28 0:22:20 - DEBUG --> Archivo \components\com_jhotelreservation\classes\services\UserDataService.php 
2016-04-28 0:22:20 - DEBUG --> initializeUserData 
2016-04-28 0:22:20 - DEBUG --> UserData first: N; 
2016-04-28 0:22:20 - DEBUG --> Archivo \components\com_jhotelreservation\classes\services\UserDataService.php 
2016-04-28 0:22:20 - DEBUG --> createUserData 
2016-04-28 0:22:20 - DEBUG --> UserData end:  a:0:{} 
2016-04-28 0:22:20 - DEBUG --> Archivo \components\com_jhotelreservation\classes\services\UserDataService.php 
2016-04-28 0:22:20 - DEBUG --> initializeUserData 
2016-04-28 0:22:20 - DEBUG --> UserData first: a:0:{} 
2016-04-28 0:22:20 - DEBUG --> UserData end:  a:0:{} 
2016-04-28 0:22:20 - DEBUG --> Archivo \components\com_jhotelreservation\classes\services\UserDataService.php 
2016-04-28 0:22:20 - DEBUG --> initializeReservationData 
2016-04-28 0:22:20 - DEBUG --> UserData: a:0:{} 
2016-04-28 0:22:20 - DEBUG --> Archivo \components\com_jhotelreservation\classes\services\UserDataService.php 
2016-04-28 0:22:20 - DEBUG --> updateUserData 
2016-04-28 0:22:20 - DEBUG --> Archivo \components\com_jhotelreservation\classes\services\UserDataService.php 
2016-04-28 0:22:20 - DEBUG --> getUserData 
2016-04-28 0:22:20 - DEBUG --> Archivo \components\com_jhotelreservation\classes\services\UserDataService.php 
2016-04-28 0:22:20 - DEBUG --> setCurrency 
2016-04-28 0:22:20 - DEBUG --> Archivo \components\com_jhotelreservation\classes\services\UserDataService.php 
2016-04-28 0:22:20 - DEBUG --> getUserData 
2016-04-28 0:22:20 - DEBUG --> Archivo \components\com_jhotelreservation\classes\services\UserDataService.php 
2016-04-28 0:22:20 - DEBUG --> getUserData 
2016-04-28 0:22:20 - DEBUG --> Archivo \components\com_jhotelreservation\classes\services\UserDataService.php 
2016-04-28 0:22:20 - DEBUG --> getUserData 
2016-04-28 0:22:20 - DEBUG --> Archivo \components\com_jhotelreservationiews\hotel	mpl\hoteloverview.php 
2016-04-28 0:22:20 - DEBUG --> Accedió 
2016-04-28 0:22:23 - DEBUG --> Archivo \components\com_jhotelreservation\classes\services\UserDataService.php 
2016-04-28 0:22:23 - DEBUG --> initializeUserData 
2016-04-28 0:22:23 - DEBUG --> UserData first: N; 
2016-04-28 0:22:23 - DEBUG --> Archivo \components\com_jhotelreservation\classes\services\UserDataService.php 
2016-04-28 0:22:23 - DEBUG --> createUserData 
2016-04-28 0:22:23 - DEBUG --> UserData end:  a:0:{} 
2016-04-28 0:22:23 - DEBUG --> Archivo \components\com_jhotelreservation\classes\services\UserDataService.php 
2016-04-28 0:22:23 - DEBUG --> initializeUserData 
2016-04-28 0:22:23 - DEBUG --> UserData first: a:0:{} 
2016-04-28 0:22:23 - DEBUG --> UserData end:  a:0:{} 
2016-04-28 0:22:23 - DEBUG --> Archivo \components\com_jhotelreservation\classes\services\UserDataService.php 
2016-04-28 0:22:23 - DEBUG --> initializeReservationData 
2016-04-28 0:22:23 - DEBUG --> UserData: a:0:{} 
2016-04-28 0:22:23 - DEBUG --> Archivo \components\com_jhotelreservation\classes\services\UserDataService.php 
2016-04-28 0:22:23 - DEBUG --> updateUserData 
2016-04-28 0:22:23 - DEBUG --> Archivo \components\com_jhotelreservation\classes\services\UserDataService.php 
2016-04-28 0:22:23 - DEBUG --> getUserData 
2016-04-28 0:22:23 - DEBUG --> Archivo \components\com_jhotelreservation\classes\services\UserDataService.php 
2016-04-28 0:22:23 - DEBUG --> setCurrency 
2016-04-28 0:22:23 - DEBUG --> Archivo \components\com_jhotelreservation\classes\services\UserDataService.php 
2016-04-28 0:22:23 - DEBUG --> getUserData 
2016-04-28 0:22:23 - DEBUG --> Archivo \components\com_jhotelreservation\classes\services\UserDataService.php 
2016-04-28 0:22:23 - DEBUG --> getUserData 
2016-04-28 0:22:23 - DEBUG --> Archivo \components\com_jhotelreservation\classes\services\UserDataService.php 
2016-04-28 0:22:23 - DEBUG --> getUserData 
2016-04-28 0:22:23 - DEBUG --> Archivo \components\com_jhotelreservationiews\hotel	mpl\hoteloverview.php 
2016-04-28 0:22:23 - DEBUG --> Accedió 
2016-04-28 0:22:25 - DEBUG --> Archivo \components\com_jhotelreservation\classes\services\UserDataService.php 
2016-04-28 0:22:25 - DEBUG --> initializeUserData 
2016-04-28 0:22:25 - DEBUG --> UserData first: N; 
2016-04-28 0:22:25 - DEBUG --> Archivo \components\com_jhotelreservation\classes\services\UserDataService.php 
2016-04-28 0:22:25 - DEBUG --> createUserData 
2016-04-28 0:22:25 - DEBUG --> UserData end:  a:0:{} 
2016-04-28 0:22:25 - DEBUG --> Archivo \components\com_jhotelreservation\classes\services\UserDataService.php 
2016-04-28 0:22:25 - DEBUG --> initializeUserData 
2016-04-28 0:22:25 - DEBUG --> UserData first: a:0:{} 
2016-04-28 0:22:25 - DEBUG --> UserData end:  a:0:{} 
2016-04-28 0:22:25 - DEBUG --> Archivo \components\com_jhotelreservation\classes\services\UserDataService.php 
2016-04-28 0:22:25 - DEBUG --> initializeReservationData 
2016-04-28 0:22:25 - DEBUG --> UserData: a:0:{} 
2016-04-28 0:22:25 - DEBUG --> Archivo \components\com_jhotelreservation\classes\services\UserDataService.php 
2016-04-28 0:22:25 - DEBUG --> updateUserData 
2016-04-28 0:22:25 - DEBUG --> Archivo \components\com_jhotelreservation\classes\services\UserDataService.php 
2016-04-28 0:22:25 - DEBUG --> getUserData 
2016-04-28 0:22:25 - DEBUG --> Archivo \components\com_jhotelreservation\classes\services\UserDataService.php 
2016-04-28 0:22:25 - DEBUG --> setCurrency 
2016-04-28 0:22:25 - DEBUG --> Archivo \components\com_jhotelreservation\classes\services\UserDataService.php 
2016-04-28 0:22:25 - DEBUG --> getUserData 
2016-04-28 0:22:25 - DEBUG --> Archivo \components\com_jhotelreservation\classes\services\UserDataService.php 
2016-04-28 0:22:25 - DEBUG --> getUserData 
2016-04-28 0:22:25 - DEBUG --> Archivo \components\com_jhotelreservation\classes\services\UserDataService.php 
2016-04-28 0:22:25 - DEBUG --> getUserData 
2016-04-28 0:22:25 - DEBUG --> Archivo \components\com_jhotelreservation\classes\services\UserDataService.php 
2016-04-28 0:22:25 - DEBUG --> initializeUserData 
2016-04-28 0:22:25 - DEBUG --> UserData first: N; 
2016-04-28 0:22:25 - DEBUG --> Archivo \components\com_jhotelreservation\classes\services\UserDataService.php 
2016-04-28 0:22:25 - DEBUG --> createUserData 
2016-04-28 0:22:25 - DEBUG --> UserData end:  a:0:{} 
2016-04-28 0:22:25 - DEBUG --> Archivo \components\com_jhotelreservation\classes\services\UserDataService.php 
2016-04-28 0:22:25 - DEBUG --> initializeUserData 
2016-04-28 0:22:25 - DEBUG --> UserData first: a:0:{} 
2016-04-28 0:22:25 - DEBUG --> UserData end:  a:0:{} 
2016-04-28 0:22:25 - DEBUG --> Archivo \components\com_jhotelreservation\classes\services\UserDataService.php 
2016-04-28 0:22:25 - DEBUG --> initializeReservationData 
2016-04-28 0:22:25 - DEBUG --> UserData: a:0:{} 
2016-04-28 0:22:25 - DEBUG --> Archivo \components\com_jhotelreservation\classes\services\UserDataService.php 
2016-04-28 0:22:25 - DEBUG --> updateUserData 
2016-04-28 0:22:25 - DEBUG --> Archivo \components\com_jhotelreservation\classes\services\UserDataService.php 
2016-04-28 0:22:25 - DEBUG --> getUserData 
2016-04-28 0:22:25 - DEBUG --> Archivo \components\com_jhotelreservation\classes\services\UserDataService.php 
2016-04-28 0:22:25 - DEBUG --> setCurrency 
2016-04-28 0:22:25 - DEBUG --> Archivo \components\com_jhotelreservation\classes\services\UserDataService.php 
2016-04-28 0:22:25 - DEBUG --> getUserData 
2016-04-28 0:22:25 - DEBUG --> Archivo \components\com_jhotelreservation\classes\services\UserDataService.php 
2016-04-28 0:22:25 - DEBUG --> getUserData 
2016-04-28 0:22:25 - DEBUG --> Archivo \components\com_jhotelreservation\classes\services\UserDataService.php 
2016-04-28 0:22:25 - DEBUG --> getUserData 
2016-04-28 0:22:25 - DEBUG --> Archivo \components\com_jhotelreservation\classes\services\UserDataService.php 
2016-04-28 0:22:25 - DEBUG --> initializeUserData 
2016-04-28 0:22:25 - DEBUG --> UserData first: N; 
2016-04-28 0:22:25 - DEBUG --> Archivo \components\com_jhotelreservation\classes\services\UserDataService.php 
2016-04-28 0:22:25 - DEBUG --> createUserData 
2016-04-28 0:22:25 - DEBUG --> UserData end:  a:0:{} 
2016-04-28 0:22:25 - DEBUG --> Archivo \components\com_jhotelreservation\classes\services\UserDataService.php 
2016-04-28 0:22:25 - DEBUG --> initializeUserData 
2016-04-28 0:22:25 - DEBUG --> UserData first: a:0:{} 
2016-04-28 0:22:25 - DEBUG --> UserData end:  a:0:{} 
2016-04-28 0:22:25 - DEBUG --> Archivo \components\com_jhotelreservation\classes\services\UserDataService.php 
2016-04-28 0:22:25 - DEBUG --> initializeReservationData 
2016-04-28 0:22:25 - DEBUG --> UserData: a:0:{} 
2016-04-28 0:22:25 - DEBUG --> Archivo \components\com_jhotelreservation\classes\services\UserDataService.php 
2016-04-28 0:22:25 - DEBUG --> updateUserData 
2016-04-28 0:22:25 - DEBUG --> Archivo \components\com_jhotelreservation\classes\services\UserDataService.php 
2016-04-28 0:22:25 - DEBUG --> getUserData 
2016-04-28 0:22:25 - DEBUG --> Archivo \components\com_jhotelreservation\classes\services\UserDataService.php 
2016-04-28 0:22:25 - DEBUG --> setCurrency 
2016-04-28 0:22:25 - DEBUG --> Archivo \components\com_jhotelreservation\classes\services\UserDataService.php 
2016-04-28 0:22:25 - DEBUG --> getUserData 
2016-04-28 0:22:25 - DEBUG --> Archivo \components\com_jhotelreservation\classes\services\UserDataService.php 
2016-04-28 0:22:25 - DEBUG --> getUserData 
2016-04-28 0:22:25 - DEBUG --> Archivo \components\com_jhotelreservation\classes\services\UserDataService.php 
2016-04-28 0:22:25 - DEBUG --> getUserData 
2016-04-28 0:22:25 - DEBUG --> Archivo \components\com_jhotelreservationiews\hotel	mpl\hoteloverview.php 
2016-04-28 0:22:25 - DEBUG --> Accedió 
2016-04-28 0:22:27 - DEBUG --> Archivo \components\com_jhotelreservation\classes\services\UserDataService.php 
2016-04-28 0:22:27 - DEBUG --> initializeUserData 
2016-04-28 0:22:27 - DEBUG --> UserData first: N; 
2016-04-28 0:22:27 - DEBUG --> Archivo \components\com_jhotelreservation\classes\services\UserDataService.php 
2016-04-28 0:22:27 - DEBUG --> createUserData 
2016-04-28 0:22:27 - DEBUG --> UserData end:  a:0:{} 
2016-04-28 0:22:27 - DEBUG --> Archivo \components\com_jhotelreservation\classes\services\UserDataService.php 
2016-04-28 0:22:27 - DEBUG --> initializeUserData 
2016-04-28 0:22:27 - DEBUG --> UserData first: a:0:{} 
2016-04-28 0:22:27 - DEBUG --> UserData end:  a:0:{} 
2016-04-28 0:22:27 - DEBUG --> Archivo \components\com_jhotelreservation\classes\services\UserDataService.php 
2016-04-28 0:22:27 - DEBUG --> initializeReservationData 
2016-04-28 0:22:27 - DEBUG --> UserData: a:0:{} 
2016-04-28 0:22:27 - DEBUG --> Archivo \components\com_jhotelreservation\classes\services\UserDataService.php 
2016-04-28 0:22:27 - DEBUG --> updateUserData 
2016-04-28 0:22:27 - DEBUG --> Archivo \components\com_jhotelreservation\classes\services\UserDataService.php 
2016-04-28 0:22:27 - DEBUG --> getUserData 
2016-04-28 0:22:27 - DEBUG --> Archivo \components\com_jhotelreservation\classes\services\UserDataService.php 
2016-04-28 0:22:27 - DEBUG --> setCurrency 
2016-04-28 0:22:27 - DEBUG --> Archivo \components\com_jhotelreservation\classes\services\UserDataService.php 
2016-04-28 0:22:27 - DEBUG --> getUserData 
2016-04-28 0:22:27 - DEBUG --> Archivo \components\com_jhotelreservation\classes\services\UserDataService.php 
2016-04-28 0:22:27 - DEBUG --> getUserData 
2016-04-28 0:22:27 - DEBUG --> Archivo \components\com_jhotelreservation\classes\services\UserDataService.php 
2016-04-28 0:22:27 - DEBUG --> getUserData 
2016-04-28 0:22:36 - DEBUG --> Archivo \components\com_jhotelreservation\classes\services\UserDataService.php 
2016-04-28 0:22:36 - DEBUG --> initializeUserData 
2016-04-28 0:22:36 - DEBUG --> UserData first: N; 
2016-04-28 0:22:36 - DEBUG --> Archivo \components\com_jhotelreservation\classes\services\UserDataService.php 
2016-04-28 0:22:36 - DEBUG --> createUserData 
2016-04-28 0:22:36 - DEBUG --> UserData end:  a:0:{} 
2016-04-28 0:22:36 - DEBUG --> Archivo \components\com_jhotelreservation\classes\services\UserDataService.php 
2016-04-28 0:22:36 - DEBUG --> initializeUserData 
2016-04-28 0:22:36 - DEBUG --> UserData first: N; 
2016-04-28 0:22:36 - DEBUG --> Archivo \components\com_jhotelreservation\classes\services\UserDataService.php 
2016-04-28 0:22:36 - DEBUG --> createUserData 
2016-04-28 0:22:36 - DEBUG --> UserData end:  a:0:{} 
2016-04-28 0:22:36 - DEBUG --> Archivo \components\com_jhotelreservation\classes\services\UserDataService.php 
2016-04-28 0:22:36 - DEBUG --> initializeUserData 
2016-04-28 0:22:36 - DEBUG --> UserData first: a:0:{} 
2016-04-28 0:22:36 - DEBUG --> UserData end:  a:0:{} 
2016-04-28 0:22:36 - DEBUG --> Archivo \components\com_jhotelreservation\classes\services\UserDataService.php 
2016-04-28 0:22:36 - DEBUG --> initializeReservationData 
2016-04-28 0:22:36 - DEBUG --> UserData: a:0:{} 
2016-04-28 0:22:36 - DEBUG --> Archivo \components\com_jhotelreservation\classes\services\UserDataService.php 
2016-04-28 0:22:36 - DEBUG --> updateUserData 
2016-04-28 0:22:36 - DEBUG --> Archivo \components\com_jhotelreservation\classes\services\UserDataService.php 
2016-04-28 0:22:36 - DEBUG --> getUserData 
2016-04-28 0:22:36 - DEBUG --> Archivo \components\com_jhotelreservation\classes\services\UserDataService.php 
2016-04-28 0:22:36 - DEBUG --> setCurrency 
2016-04-28 0:22:36 - DEBUG --> Archivo \components\com_jhotelreservation\classes\services\UserDataService.php 
2016-04-28 0:22:36 - DEBUG --> getUserData 
2016-04-28 0:22:36 - DEBUG --> Archivo \components\com_jhotelreservation\classes\services\UserDataService.php 
2016-04-28 0:22:36 - DEBUG --> getUserData 
2016-04-28 0:22:36 - DEBUG --> Archivo \components\com_jhotelreservation\classes\services\UserDataService.php 
2016-04-28 0:22:36 - DEBUG --> getUserData 
2016-04-28 0:22:36 - DEBUG --> Archivo \components\com_jhotelreservationiews\hotel	mpl\hoteloverview.php 
2016-04-28 0:22:36 - DEBUG --> Accedió 
2016-04-28 0:22:37 - DEBUG --> Archivo \components\com_jhotelreservation\classes\services\UserDataService.php 
2016-04-28 0:22:37 - DEBUG --> initializeUserData 
2016-04-28 0:22:37 - DEBUG --> UserData first: N; 
2016-04-28 0:22:37 - DEBUG --> Archivo \components\com_jhotelreservation\classes\services\UserDataService.php 
2016-04-28 0:22:37 - DEBUG --> createUserData 
2016-04-28 0:22:37 - DEBUG --> UserData end:  a:0:{} 
2016-04-28 0:22:37 - DEBUG --> Archivo \components\com_jhotelreservation\classes\services\UserDataService.php 
2016-04-28 0:22:37 - DEBUG --> initializeUserData 
2016-04-28 0:22:37 - DEBUG --> UserData first: a:0:{} 
2016-04-28 0:22:37 - DEBUG --> UserData end:  a:0:{} 
2016-04-28 0:22:37 - DEBUG --> Archivo \components\com_jhotelreservation\classes\services\UserDataService.php 
2016-04-28 0:22:37 - DEBUG --> initializeReservationData 
2016-04-28 0:22:37 - DEBUG --> UserData: a:0:{} 
2016-04-28 0:22:37 - DEBUG --> Archivo \components\com_jhotelreservation\classes\services\UserDataService.php 
2016-04-28 0:22:37 - DEBUG --> updateUserData 
2016-04-28 0:22:37 - DEBUG --> Archivo \components\com_jhotelreservation\classes\services\UserDataService.php 
2016-04-28 0:22:37 - DEBUG --> getUserData 
2016-04-28 0:22:37 - DEBUG --> Archivo \components\com_jhotelreservation\classes\services\UserDataService.php 
2016-04-28 0:22:37 - DEBUG --> setCurrency 
2016-04-28 0:22:37 - DEBUG --> Archivo \components\com_jhotelreservation\classes\services\UserDataService.php 
2016-04-28 0:22:37 - DEBUG --> getUserData 
2016-04-28 0:22:37 - DEBUG --> Archivo \components\com_jhotelreservation\classes\services\UserDataService.php 
2016-04-28 0:22:37 - DEBUG --> getUserData 
2016-04-28 0:22:37 - DEBUG --> Archivo \components\com_jhotelreservation\classes\services\UserDataService.php 
2016-04-28 0:22:37 - DEBUG --> getUserData 
2016-04-28 0:22:37 - DEBUG --> Archivo \components\com_jhotelreservationiews\hotel	mpl\hoteloverview.php 
2016-04-28 0:22:37 - DEBUG --> Accedió 
2016-04-28 0:22:43 - DEBUG --> Archivo \components\com_jhotelreservation\classes\services\UserDataService.php 
2016-04-28 0:22:43 - DEBUG --> initializeUserData 
2016-04-28 0:22:43 - DEBUG --> UserData first: N; 
2016-04-28 0:22:43 - DEBUG --> Archivo \components\com_jhotelreservation\classes\services\UserDataService.php 
2016-04-28 0:22:43 - DEBUG --> createUserData 
2016-04-28 0:22:43 - DEBUG --> UserData end:  a:0:{} 
2016-04-28 0:22:43 - DEBUG --> Archivo \components\com_jhotelreservation\classes\services\UserDataService.php 
2016-04-28 0:22:43 - DEBUG --> initializeUserData 
2016-04-28 0:22:43 - DEBUG --> UserData first: a:0:{} 
2016-04-28 0:22:43 - DEBUG --> UserData end:  a:0:{} 
2016-04-28 0:22:43 - DEBUG --> Archivo \components\com_jhotelreservation\classes\services\UserDataService.php 
2016-04-28 0:22:43 - DEBUG --> initializeReservationData 
2016-04-28 0:22:43 - DEBUG --> UserData: a:0:{} 
2016-04-28 0:22:43 - DEBUG --> Archivo \components\com_jhotelreservation\classes\services\UserDataService.php 
2016-04-28 0:22:43 - DEBUG --> updateUserData 
2016-04-28 0:22:43 - DEBUG --> Archivo \components\com_jhotelreservation\classes\services\UserDataService.php 
2016-04-28 0:22:43 - DEBUG --> getUserData 
2016-04-28 0:22:43 - DEBUG --> Archivo \components\com_jhotelreservation\classes\services\UserDataService.php 
2016-04-28 0:22:43 - DEBUG --> setCurrency 
2016-04-28 0:22:43 - DEBUG --> Archivo \components\com_jhotelreservation\classes\services\UserDataService.php 
2016-04-28 0:22:43 - DEBUG --> getUserData 
2016-04-28 0:22:43 - DEBUG --> Archivo \components\com_jhotelreservation\classes\services\UserDataService.php 
2016-04-28 0:22:43 - DEBUG --> getUserData 
2016-04-28 0:22:43 - DEBUG --> Archivo \components\com_jhotelreservation\classes\services\UserDataService.php 
2016-04-28 0:22:43 - DEBUG --> getUserData 
2016-04-28 0:22:43 - DEBUG --> Archivo \components\com_jhotelreservationiews\hotel	mpl\hoteloverview.php 
2016-04-28 0:22:43 - DEBUG --> Accedió 
2016-04-28 0:22:43 - DEBUG --> Archivo \components\com_jhotelreservation\classes\services\UserDataService.php 
2016-04-28 0:22:43 - DEBUG --> initializeUserData 
2016-04-28 0:22:43 - DEBUG --> UserData first: N; 
2016-04-28 0:22:43 - DEBUG --> Archivo \components\com_jhotelreservation\classes\services\UserDataService.php 
2016-04-28 0:22:43 - DEBUG --> createUserData 
2016-04-28 0:22:43 - DEBUG --> UserData end:  a:0:{} 
2016-04-28 0:22:43 - DEBUG --> Archivo \components\com_jhotelreservation\classes\services\UserDataService.php 
2016-04-28 0:22:43 - DEBUG --> initializeUserData 
2016-04-28 0:22:43 - DEBUG --> UserData first: a:0:{} 
2016-04-28 0:22:43 - DEBUG --> UserData end:  a:0:{} 
2016-04-28 0:22:43 - DEBUG --> Archivo \components\com_jhotelreservation\classes\services\UserDataService.php 
2016-04-28 0:22:43 - DEBUG --> initializeReservationData 
2016-04-28 0:22:43 - DEBUG --> UserData: a:0:{} 
2016-04-28 0:22:43 - DEBUG --> Archivo \components\com_jhotelreservation\classes\services\UserDataService.php 
2016-04-28 0:22:43 - DEBUG --> updateUserData 
2016-04-28 0:22:43 - DEBUG --> Archivo \components\com_jhotelreservation\classes\services\UserDataService.php 
2016-04-28 0:22:43 - DEBUG --> getUserData 
2016-04-28 0:22:43 - DEBUG --> Archivo \components\com_jhotelreservation\classes\services\UserDataService.php 
2016-04-28 0:22:43 - DEBUG --> setCurrency 
2016-04-28 0:22:43 - DEBUG --> Archivo \components\com_jhotelreservation\classes\services\UserDataService.php 
2016-04-28 0:22:43 - DEBUG --> getUserData 
2016-04-28 0:22:43 - DEBUG --> Archivo \components\com_jhotelreservation\classes\services\UserDataService.php 
2016-04-28 0:22:43 - DEBUG --> getUserData 
2016-04-28 0:22:43 - DEBUG --> Archivo \components\com_jhotelreservation\classes\services\UserDataService.php 
2016-04-28 0:22:43 - DEBUG --> getUserData 
2016-04-28 0:22:43 - DEBUG --> Archivo \components\com_jhotelreservationiews\hotel	mpl\hoteloverview.php 
2016-04-28 0:22:43 - DEBUG --> Accedió 
2016-04-28 0:22:44 - DEBUG --> Archivo \components\com_jhotelreservation\classes\services\UserDataService.php 
2016-04-28 0:22:44 - DEBUG --> initializeUserData 
2016-04-28 0:22:44 - DEBUG --> UserData first: N; 
2016-04-28 0:22:44 - DEBUG --> Archivo \components\com_jhotelreservation\classes\services\UserDataService.php 
2016-04-28 0:22:44 - DEBUG --> createUserData 
2016-04-28 0:22:44 - DEBUG --> UserData end:  a:0:{} 
2016-04-28 0:22:44 - DEBUG --> Archivo \components\com_jhotelreservation\classes\services\UserDataService.php 
2016-04-28 0:22:44 - DEBUG --> initializeUserData 
2016-04-28 0:22:44 - DEBUG --> UserData first: a:0:{} 
2016-04-28 0:22:44 - DEBUG --> UserData end:  a:0:{} 
2016-04-28 0:22:44 - DEBUG --> Archivo \components\com_jhotelreservation\classes\services\UserDataService.php 
2016-04-28 0:22:44 - DEBUG --> initializeReservationData 
2016-04-28 0:22:44 - DEBUG --> UserData: a:0:{} 
2016-04-28 0:22:44 - DEBUG --> Archivo \components\com_jhotelreservation\classes\services\UserDataService.php 
2016-04-28 0:22:44 - DEBUG --> updateUserData 
2016-04-28 0:22:44 - DEBUG --> Archivo \components\com_jhotelreservation\classes\services\UserDataService.php 
2016-04-28 0:22:44 - DEBUG --> getUserData 
2016-04-28 0:22:44 - DEBUG --> Archivo \components\com_jhotelreservation\classes\services\UserDataService.php 
2016-04-28 0:22:44 - DEBUG --> setCurrency 
2016-04-28 0:22:44 - DEBUG --> Archivo \components\com_jhotelreservation\classes\services\UserDataService.php 
2016-04-28 0:22:44 - DEBUG --> getUserData 
2016-04-28 0:22:44 - DEBUG --> Archivo \components\com_jhotelreservation\classes\services\UserDataService.php 
2016-04-28 0:22:44 - DEBUG --> getUserData 
2016-04-28 0:22:44 - DEBUG --> Archivo \components\com_jhotelreservation\classes\services\UserDataService.php 
2016-04-28 0:22:44 - DEBUG --> getUserData 
2016-04-28 0:22:44 - DEBUG --> Archivo \components\com_jhotelreservationiews\hotel	mpl\hoteloverview.php 
2016-04-28 0:22:44 - DEBUG --> Accedió 
2016-04-28 0:22:45 - DEBUG --> Archivo \components\com_jhotelreservation\classes\services\UserDataService.php 
2016-04-28 0:22:45 - DEBUG --> initializeUserData 
2016-04-28 0:22:45 - DEBUG --> UserData first: N; 
2016-04-28 0:22:45 - DEBUG --> Archivo \components\com_jhotelreservation\classes\services\UserDataService.php 
2016-04-28 0:22:45 - DEBUG --> createUserData 
2016-04-28 0:22:45 - DEBUG --> UserData end:  a:0:{} 
2016-04-28 0:22:45 - DEBUG --> Archivo \components\com_jhotelreservation\classes\services\UserDataService.php 
2016-04-28 0:22:45 - DEBUG --> initializeUserData 
2016-04-28 0:22:45 - DEBUG --> UserData first: a:0:{} 
2016-04-28 0:22:45 - DEBUG --> UserData end:  a:0:{} 
2016-04-28 0:22:45 - DEBUG --> Archivo \components\com_jhotelreservation\classes\services\UserDataService.php 
2016-04-28 0:22:45 - DEBUG --> initializeReservationData 
2016-04-28 0:22:45 - DEBUG --> UserData: a:0:{} 
2016-04-28 0:22:45 - DEBUG --> Archivo \components\com_jhotelreservation\classes\services\UserDataService.php 
2016-04-28 0:22:45 - DEBUG --> updateUserData 
2016-04-28 0:22:45 - DEBUG --> Archivo \components\com_jhotelreservation\classes\services\UserDataService.php 
2016-04-28 0:22:45 - DEBUG --> getUserData 
2016-04-28 0:22:45 - DEBUG --> Archivo \components\com_jhotelreservation\classes\services\UserDataService.php 
2016-04-28 0:22:45 - DEBUG --> setCurrency 
2016-04-28 0:22:45 - DEBUG --> Archivo \components\com_jhotelreservation\classes\services\UserDataService.php 
2016-04-28 0:22:45 - DEBUG --> getUserData 
2016-04-28 0:22:45 - DEBUG --> Archivo \components\com_jhotelreservation\classes\services\UserDataService.php 
2016-04-28 0:22:45 - DEBUG --> getUserData 
2016-04-28 0:22:45 - DEBUG --> Archivo \components\com_jhotelreservation\classes\services\UserDataService.php 
2016-04-28 0:22:45 - DEBUG --> getUserData 
2016-04-28 1:08:35 - DEBUG --> Archivo \components\com_jhotelreservation\classes\services\UserDataService.php 
2016-04-28 1:08:35 - DEBUG --> initializeUserData 
2016-04-28 1:08:35 - DEBUG --> UserData first: N; 
2016-04-28 1:08:35 - DEBUG --> Archivo \components\com_jhotelreservation\classes\services\UserDataService.php 
2016-04-28 1:08:35 - DEBUG --> createUserData 
2016-04-28 1:08:35 - DEBUG --> UserData end:  a:0:{} 
2016-04-28 1:08:35 - DEBUG --> Archivo \components\com_jhotelreservation\classes\services\UserDataService.php 
2016-04-28 1:08:35 - DEBUG --> initializeUserData 
2016-04-28 1:08:35 - DEBUG --> UserData first: a:0:{} 
2016-04-28 1:08:35 - DEBUG --> UserData end:  a:0:{} 
2016-04-28 1:08:35 - DEBUG --> Archivo \components\com_jhotelreservation\classes\services\UserDataService.php 
2016-04-28 1:08:35 - DEBUG --> initializeReservationData 
2016-04-28 1:08:35 - DEBUG --> UserData: a:0:{} 
2016-04-28 1:08:35 - DEBUG --> Archivo \components\com_jhotelreservation\classes\services\UserDataService.php 
2016-04-28 1:08:35 - DEBUG --> updateUserData 
2016-04-28 1:08:35 - DEBUG --> Archivo \components\com_jhotelreservation\classes\services\UserDataService.php 
2016-04-28 1:08:35 - DEBUG --> getUserData 
2016-04-28 1:08:35 - DEBUG --> Archivo \components\com_jhotelreservation\classes\services\UserDataService.php 
2016-04-28 1:08:35 - DEBUG --> setCurrency 
2016-04-28 1:08:35 - DEBUG --> Archivo \components\com_jhotelreservation\classes\services\UserDataService.php 
2016-04-28 1:08:35 - DEBUG --> getUserData 
2016-04-28 1:08:35 - DEBUG --> Archivo \components\com_jhotelreservation\classes\services\UserDataService.php 
2016-04-28 1:08:35 - DEBUG --> getUserData 
2016-04-28 1:08:35 - DEBUG --> Archivo \components\com_jhotelreservation\classes\services\UserDataService.php 
2016-04-28 1:08:35 - DEBUG --> getUserData 
2016-04-28 1:08:35 - DEBUG --> Archivo \components\com_jhotelreservationiews\hotel	mpl\hoteloverview.php 
2016-04-28 1:08:35 - DEBUG --> Accedió 
2016-04-28 1:14:44 - DEBUG --> Archivo \components\com_jhotelreservation\classes\services\UserDataService.php 
2016-04-28 1:14:44 - DEBUG --> initializeUserData 
2016-04-28 1:14:44 - DEBUG --> UserData first: N; 
2016-04-28 1:14:44 - DEBUG --> Archivo \components\com_jhotelreservation\classes\services\UserDataService.php 
2016-04-28 1:14:44 - DEBUG --> createUserData 
2016-04-28 1:14:44 - DEBUG --> UserData end:  a:0:{} 
2016-04-28 1:14:44 - DEBUG --> Archivo \components\com_jhotelreservation\classes\services\UserDataService.php 
2016-04-28 1:14:44 - DEBUG --> initializeUserData 
2016-04-28 1:14:44 - DEBUG --> UserData first: a:0:{} 
2016-04-28 1:14:44 - DEBUG --> UserData end:  a:0:{} 
2016-04-28 1:14:44 - DEBUG --> Archivo \components\com_jhotelreservation\classes\services\UserDataService.php 
2016-04-28 1:14:44 - DEBUG --> initializeReservationData 
2016-04-28 1:14:44 - DEBUG --> UserData: a:0:{} 
2016-04-28 1:14:44 - DEBUG --> Archivo \components\com_jhotelreservation\classes\services\UserDataService.php 
2016-04-28 1:14:44 - DEBUG --> updateUserData 
2016-04-28 1:14:44 - DEBUG --> Archivo \components\com_jhotelreservation\classes\services\UserDataService.php 
2016-04-28 1:14:44 - DEBUG --> getUserData 
2016-04-28 1:14:44 - DEBUG --> Archivo \components\com_jhotelreservation\classes\services\UserDataService.php 
2016-04-28 1:14:44 - DEBUG --> setCurrency 
2016-04-28 1:14:44 - DEBUG --> Archivo \components\com_jhotelreservation\classes\services\UserDataService.php 
2016-04-28 1:14:44 - DEBUG --> getUserData 
2016-04-28 1:14:44 - DEBUG --> Archivo \components\com_jhotelreservation\classes\services\UserDataService.php 
2016-04-28 1:14:44 - DEBUG --> getUserData 
2016-04-28 1:14:44 - DEBUG --> Archivo \components\com_jhotelreservation\classes\services\UserDataService.php 
2016-04-28 1:14:44 - DEBUG --> getUserData 
2016-04-28 1:14:44 - DEBUG --> Archivo \components\com_jhotelreservationiews\hotel	mpl\hoteloverview.php 
2016-04-28 1:14:44 - DEBUG --> Accedió 
2016-04-28 2:13:44 - DEBUG --> Archivo \components\com_jhotelreservation\classes\services\UserDataService.php 
2016-04-28 2:13:44 - DEBUG --> initializeUserData 
2016-04-28 2:13:44 - DEBUG --> UserData first: N; 
2016-04-28 2:13:44 - DEBUG --> Archivo \components\com_jhotelreservation\classes\services\UserDataService.php 
2016-04-28 2:13:44 - DEBUG --> createUserData 
2016-04-28 2:13:44 - DEBUG --> UserData end:  a:0:{} 
2016-04-28 2:13:44 - DEBUG --> Archivo \components\com_jhotelreservation\classes\services\UserDataService.php 
2016-04-28 2:13:44 - DEBUG --> initializeUserData 
2016-04-28 2:13:44 - DEBUG --> UserData first: a:0:{} 
2016-04-28 2:13:44 - DEBUG --> UserData end:  a:0:{} 
2016-04-28 2:13:44 - DEBUG --> Archivo \components\com_jhotelreservation\classes\services\UserDataService.php 
2016-04-28 2:13:44 - DEBUG --> initializeReservationData 
2016-04-28 2:13:44 - DEBUG --> UserData: a:0:{} 
2016-04-28 2:13:44 - DEBUG --> Archivo \components\com_jhotelreservation\classes\services\UserDataService.php 
2016-04-28 2:13:44 - DEBUG --> updateUserData 
2016-04-28 2:13:44 - DEBUG --> Archivo \components\com_jhotelreservation\classes\services\UserDataService.php 
2016-04-28 2:13:44 - DEBUG --> getUserData 
2016-04-28 2:13:44 - DEBUG --> Archivo \components\com_jhotelreservation\classes\services\UserDataService.php 
2016-04-28 2:13:44 - DEBUG --> setCurrency 
2016-04-28 2:13:44 - DEBUG --> Archivo \components\com_jhotelreservation\classes\services\UserDataService.php 
2016-04-28 2:13:44 - DEBUG --> getUserData 
2016-04-28 2:13:44 - DEBUG --> Archivo \components\com_jhotelreservation\classes\services\UserDataService.php 
2016-04-28 2:13:44 - DEBUG --> getUserData 
2016-04-28 2:13:44 - DEBUG --> Archivo \components\com_jhotelreservation\classes\services\UserDataService.php 
2016-04-28 2:13:44 - DEBUG --> getUserData 
2016-04-28 2:19:56 - DEBUG --> Archivo \components\com_jhotelreservation\classes\services\UserDataService.php 
2016-04-28 2:19:56 - DEBUG --> initializeUserData 
2016-04-28 2:19:56 - DEBUG --> UserData first: N; 
2016-04-28 2:19:56 - DEBUG --> Archivo \components\com_jhotelreservation\classes\services\UserDataService.php 
2016-04-28 2:19:56 - DEBUG --> createUserData 
2016-04-28 2:19:56 - DEBUG --> UserData end:  a:0:{} 
2016-04-28 2:19:56 - DEBUG --> Archivo \components\com_jhotelreservation\classes\services\UserDataService.php 
2016-04-28 2:19:56 - DEBUG --> initializeUserData 
2016-04-28 2:19:56 - DEBUG --> UserData first: a:0:{} 
2016-04-28 2:19:56 - DEBUG --> UserData end:  a:0:{} 
2016-04-28 2:19:56 - DEBUG --> Archivo \components\com_jhotelreservation\classes\services\UserDataService.php 
2016-04-28 2:19:56 - DEBUG --> initializeReservationData 
2016-04-28 2:19:56 - DEBUG --> UserData: a:0:{} 
2016-04-28 2:19:56 - DEBUG --> Archivo \components\com_jhotelreservation\classes\services\UserDataService.php 
2016-04-28 2:19:56 - DEBUG --> updateUserData 
2016-04-28 2:19:56 - DEBUG --> Archivo \components\com_jhotelreservation\classes\services\UserDataService.php 
2016-04-28 2:19:56 - DEBUG --> getUserData 
2016-04-28 2:19:56 - DEBUG --> Archivo \components\com_jhotelreservation\classes\services\UserDataService.php 
2016-04-28 2:19:56 - DEBUG --> setCurrency 
2016-04-28 2:19:56 - DEBUG --> Archivo \components\com_jhotelreservation\classes\services\UserDataService.php 
2016-04-28 2:19:56 - DEBUG --> getUserData 
2016-04-28 2:19:56 - DEBUG --> Archivo \components\com_jhotelreservation\classes\services\UserDataService.php 
2016-04-28 2:19:56 - DEBUG --> getUserData 
2016-04-28 2:19:57 - DEBUG --> Archivo \components\com_jhotelreservation\classes\services\UserDataService.php 
2016-04-28 2:19:57 - DEBUG --> getUserData 
2016-04-28 3:02:55 - DEBUG --> Archivo \components\com_jhotelreservation\classes\services\UserDataService.php 
2016-04-28 3:02:55 - DEBUG --> initializeUserData 
2016-04-28 3:02:55 - DEBUG --> UserData first: N; 
2016-04-28 3:02:55 - DEBUG --> Archivo \components\com_jhotelreservation\classes\services\UserDataService.php 
2016-04-28 3:02:55 - DEBUG --> createUserData 
2016-04-28 3:02:55 - DEBUG --> UserData end:  a:0:{} 
2016-04-28 3:02:55 - DEBUG --> Archivo \components\com_jhotelreservation\classes\services\UserDataService.php 
2016-04-28 3:02:55 - DEBUG --> initializeUserData 
2016-04-28 3:02:55 - DEBUG --> UserData first: a:0:{} 
2016-04-28 3:02:55 - DEBUG --> UserData end:  a:0:{} 
2016-04-28 3:02:55 - DEBUG --> Archivo \components\com_jhotelreservation\classes\services\UserDataService.php 
2016-04-28 3:02:55 - DEBUG --> initializeReservationData 
2016-04-28 3:02:55 - DEBUG --> UserData: a:0:{} 
2016-04-28 3:02:55 - DEBUG --> Archivo \components\com_jhotelreservation\classes\services\UserDataService.php 
2016-04-28 3:02:55 - DEBUG --> updateUserData 
2016-04-28 3:02:55 - DEBUG --> Archivo \components\com_jhotelreservation\classes\services\UserDataService.php 
2016-04-28 3:02:55 - DEBUG --> getUserData 
2016-04-28 3:02:55 - DEBUG --> Archivo \components\com_jhotelreservation\classes\services\UserDataService.php 
2016-04-28 3:02:55 - DEBUG --> setCurrency 
2016-04-28 3:02:55 - DEBUG --> Archivo \components\com_jhotelreservation\classes\services\UserDataService.php 
2016-04-28 3:02:55 - DEBUG --> getUserData 
2016-04-28 3:02:55 - DEBUG --> Archivo \components\com_jhotelreservation\classes\services\UserDataService.php 
2016-04-28 3:02:55 - DEBUG --> getUserData 
2016-04-28 3:02:55 - DEBUG --> Archivo \components\com_jhotelreservation\classes\services\UserDataService.php 
2016-04-28 3:02:55 - DEBUG --> getUserData 
2016-04-28 3:18:14 - DEBUG --> Archivo \components\com_jhotelreservation\classes\services\UserDataService.php 
2016-04-28 3:18:14 - DEBUG --> initializeUserData 
2016-04-28 3:18:14 - DEBUG --> UserData first: N; 
2016-04-28 3:18:14 - DEBUG --> Archivo \components\com_jhotelreservation\classes\services\UserDataService.php 
2016-04-28 3:18:14 - DEBUG --> createUserData 
2016-04-28 3:18:14 - DEBUG --> UserData end:  a:0:{} 
2016-04-28 3:18:14 - DEBUG --> Archivo \components\com_jhotelreservation\classes\services\UserDataService.php 
2016-04-28 3:18:14 - DEBUG --> initializeUserData 
2016-04-28 3:18:14 - DEBUG --> UserData first: a:0:{} 
2016-04-28 3:18:14 - DEBUG --> UserData end:  a:0:{} 
2016-04-28 3:18:14 - DEBUG --> Archivo \components\com_jhotelreservation\classes\services\UserDataService.php 
2016-04-28 3:18:14 - DEBUG --> initializeReservationData 
2016-04-28 3:18:14 - DEBUG --> UserData: a:0:{} 
2016-04-28 3:18:14 - DEBUG --> Archivo \components\com_jhotelreservation\classes\services\UserDataService.php 
2016-04-28 3:18:14 - DEBUG --> updateUserData 
2016-04-28 3:18:14 - DEBUG --> Archivo \components\com_jhotelreservation\classes\services\UserDataService.php 
2016-04-28 3:18:14 - DEBUG --> getUserData 
2016-04-28 3:18:14 - DEBUG --> Archivo \components\com_jhotelreservation\classes\services\UserDataService.php 
2016-04-28 3:18:14 - DEBUG --> setCurrency 
2016-04-28 3:18:14 - DEBUG --> Archivo \components\com_jhotelreservation\classes\services\UserDataService.php 
2016-04-28 3:18:14 - DEBUG --> getUserData 
2016-04-28 3:18:14 - DEBUG --> Archivo \components\com_jhotelreservation\classes\services\UserDataService.php 
2016-04-28 3:18:14 - DEBUG --> getUserData 
2016-04-28 3:18:14 - DEBUG --> Archivo \components\com_jhotelreservation\classes\services\UserDataService.php 
2016-04-28 3:18:14 - DEBUG --> getUserData 
2016-04-28 3:18:14 - DEBUG --> Archivo \components\com_jhotelreservationiews\hotel	mpl\hoteloverview.php 
2016-04-28 3:18:14 - DEBUG --> Accedió 
2016-04-28 3:36:36 - DEBUG --> Archivo \components\com_jhotelreservation\classes\services\UserDataService.php 
2016-04-28 3:36:36 - DEBUG --> initializeUserData 
2016-04-28 3:36:36 - DEBUG --> UserData first: N; 
2016-04-28 3:36:36 - DEBUG --> Archivo \components\com_jhotelreservation\classes\services\UserDataService.php 
2016-04-28 3:36:36 - DEBUG --> createUserData 
2016-04-28 3:36:36 - DEBUG --> UserData end:  a:0:{} 
2016-04-28 3:36:36 - DEBUG --> Archivo \components\com_jhotelreservation\classes\services\UserDataService.php 
2016-04-28 3:36:36 - DEBUG --> initializeUserData 
2016-04-28 3:36:36 - DEBUG --> UserData first: a:0:{} 
2016-04-28 3:36:36 - DEBUG --> UserData end:  a:0:{} 
2016-04-28 3:36:36 - DEBUG --> Archivo \components\com_jhotelreservation\classes\services\UserDataService.php 
2016-04-28 3:36:36 - DEBUG --> initializeReservationData 
2016-04-28 3:36:36 - DEBUG --> UserData: a:0:{} 
2016-04-28 3:36:36 - DEBUG --> Archivo \components\com_jhotelreservation\classes\services\UserDataService.php 
2016-04-28 3:36:36 - DEBUG --> updateUserData 
2016-04-28 3:36:36 - DEBUG --> Archivo \components\com_jhotelreservation\classes\services\UserDataService.php 
2016-04-28 3:36:36 - DEBUG --> getUserData 
2016-04-28 3:36:36 - DEBUG --> Archivo \components\com_jhotelreservation\classes\services\UserDataService.php 
2016-04-28 3:36:36 - DEBUG --> setCurrency 
2016-04-28 3:36:36 - DEBUG --> Archivo \components\com_jhotelreservation\classes\services\UserDataService.php 
2016-04-28 3:36:36 - DEBUG --> getUserData 
2016-04-28 3:36:36 - DEBUG --> Archivo \components\com_jhotelreservation\classes\services\UserDataService.php 
2016-04-28 3:36:36 - DEBUG --> getUserData 
2016-04-28 3:36:36 - DEBUG --> Archivo \components\com_jhotelreservation\classes\services\UserDataService.php 
2016-04-28 3:36:36 - DEBUG --> getUserData 
2016-04-28 3:48:45 - DEBUG --> Archivo \components\com_jhotelreservation\classes\services\UserDataService.php 
2016-04-28 3:48:45 - DEBUG --> initializeUserData 
2016-04-28 3:48:45 - DEBUG --> UserData first: N; 
2016-04-28 3:48:45 - DEBUG --> Archivo \components\com_jhotelreservation\classes\services\UserDataService.php 
2016-04-28 3:48:45 - DEBUG --> createUserData 
2016-04-28 3:48:45 - DEBUG --> UserData end:  a:0:{} 
2016-04-28 3:48:45 - DEBUG --> Archivo \components\com_jhotelreservation\classes\services\UserDataService.php 
2016-04-28 3:48:45 - DEBUG --> initializeUserData 
2016-04-28 3:48:45 - DEBUG --> UserData first: a:0:{} 
2016-04-28 3:48:45 - DEBUG --> UserData end:  a:0:{} 
2016-04-28 3:48:45 - DEBUG --> Archivo \components\com_jhotelreservation\classes\services\UserDataService.php 
2016-04-28 3:48:45 - DEBUG --> initializeReservationData 
2016-04-28 3:48:45 - DEBUG --> UserData: a:0:{} 
2016-04-28 3:48:45 - DEBUG --> Archivo \components\com_jhotelreservation\classes\services\UserDataService.php 
2016-04-28 3:48:45 - DEBUG --> updateUserData 
2016-04-28 3:48:45 - DEBUG --> Archivo \components\com_jhotelreservation\classes\services\UserDataService.php 
2016-04-28 3:48:45 - DEBUG --> getUserData 
2016-04-28 3:48:45 - DEBUG --> Archivo \components\com_jhotelreservation\classes\services\UserDataService.php 
2016-04-28 3:48:45 - DEBUG --> setCurrency 
2016-04-28 3:48:45 - DEBUG --> Archivo \components\com_jhotelreservation\classes\services\UserDataService.php 
2016-04-28 3:48:45 - DEBUG --> getUserData 
2016-04-28 3:48:45 - DEBUG --> Archivo \components\com_jhotelreservation\classes\services\UserDataService.php 
2016-04-28 3:48:45 - DEBUG --> getUserData 
2016-04-28 3:48:45 - DEBUG --> Archivo \components\com_jhotelreservation\classes\services\UserDataService.php 
2016-04-28 3:48:45 - DEBUG --> getUserData 
2016-04-28 7:20:07 - DEBUG --> Archivo \components\com_jhotelreservation\classes\services\UserDataService.php 
2016-04-28 7:20:07 - DEBUG --> initializeUserData 
2016-04-28 7:20:07 - DEBUG --> UserData first: N; 
2016-04-28 7:20:07 - DEBUG --> Archivo \components\com_jhotelreservation\classes\services\UserDataService.php 
2016-04-28 7:20:07 - DEBUG --> createUserData 
2016-04-28 7:20:07 - DEBUG --> UserData end:  a:0:{} 
2016-04-28 7:20:07 - DEBUG --> Archivo \components\com_jhotelreservation\classes\services\UserDataService.php 
2016-04-28 7:20:07 - DEBUG --> initializeUserData 
2016-04-28 7:20:07 - DEBUG --> UserData first: a:0:{} 
2016-04-28 7:20:07 - DEBUG --> UserData end:  a:0:{} 
2016-04-28 7:20:07 - DEBUG --> Archivo \components\com_jhotelreservation\classes\services\UserDataService.php 
2016-04-28 7:20:07 - DEBUG --> initializeReservationData 
2016-04-28 7:20:07 - DEBUG --> UserData: a:0:{} 
2016-04-28 7:20:07 - DEBUG --> Archivo \components\com_jhotelreservation\classes\services\UserDataService.php 
2016-04-28 7:20:07 - DEBUG --> updateUserData 
2016-04-28 7:20:07 - DEBUG --> Archivo \components\com_jhotelreservation\classes\services\UserDataService.php 
2016-04-28 7:20:07 - DEBUG --> getUserData 
2016-04-28 7:20:07 - DEBUG --> Archivo \components\com_jhotelreservation\classes\services\UserDataService.php 
2016-04-28 7:20:07 - DEBUG --> setCurrency 
2016-04-28 7:20:07 - DEBUG --> Archivo \components\com_jhotelreservation\classes\services\UserDataService.php 
2016-04-28 7:20:07 - DEBUG --> getUserData 
2016-04-28 7:20:07 - DEBUG --> Archivo \components\com_jhotelreservation\classes\services\UserDataService.php 
2016-04-28 7:20:07 - DEBUG --> getUserData 
2016-04-28 7:20:07 - DEBUG --> Archivo \components\com_jhotelreservation\classes\services\UserDataService.php 
2016-04-28 7:20:07 - DEBUG --> getUserData 
2016-04-28 15:33:29 - DEBUG --> Archivo \components\com_jhotelreservation\classes\services\UserDataService.php 
2016-04-28 15:33:29 - DEBUG --> initializeUserData 
2016-04-28 15:33:29 - DEBUG --> UserData first: a:0:{} 
2016-04-28 15:33:29 - DEBUG --> Archivo \components\com_jhotelreservation\classes\services\UserDataService.php 
2016-04-28 15:33:29 - DEBUG --> createUserData 
2016-04-28 15:33:29 - DEBUG --> voucher:  
2016-04-28 15:33:29 - DEBUG --> UserData end:  a:0:{} 
2016-04-28 15:33:29 - DEBUG --> Archivo \components\com_jhotelreservation\classes\services\UserDataService.php 
2016-04-28 15:33:29 - DEBUG --> initializeUserData 
2016-04-28 15:33:29 - DEBUG --> UserData first: a:0:{} 
2016-04-28 15:33:29 - DEBUG --> Archivo \components\com_jhotelreservation\classes\services\UserDataService.php 
2016-04-28 15:33:29 - DEBUG --> createUserData 
2016-04-28 15:33:29 - DEBUG --> voucher:  
2016-04-28 15:33:29 - DEBUG --> UserData end:  a:0:{} 
2016-04-28 19:50:23 - DEBUG --> Archivo \components\com_jhotelreservation\classes\services\UserDataService.php 
2016-04-28 19:50:23 - DEBUG --> initializeUserData 
2016-04-28 19:50:23 - DEBUG --> UserData first: a:0:{} 
2016-04-28 19:50:23 - DEBUG --> UserData end:  a:0:{} 
2016-04-28 19:50:23 - DEBUG --> Archivo \components\com_jhotelreservation\classes\services\UserDataService.php 
2016-04-28 19:50:23 - DEBUG --> initializeUserData 
2016-04-28 19:50:23 - DEBUG --> UserData first: a:0:{} 
2016-04-28 19:50:23 - DEBUG --> UserData end:  a:0:{} 
2016-04-28 19:50:37 - DEBUG --> Archivo \components\com_jhotelreservation\classes\services\UserDataService.php 
2016-04-28 19:50:37 - DEBUG --> initializeUserData 
2016-04-28 19:50:37 - DEBUG --> UserData first: a:0:{} 
2016-04-28 19:50:37 - DEBUG --> UserData end:  a:0:{} 
2016-04-28 19:50:37 - DEBUG --> Archivo \components\com_jhotelreservation\classes\services\UserDataService.php 
2016-04-28 19:50:37 - DEBUG --> initializeUserData 
2016-04-28 19:50:37 - DEBUG --> UserData first: a:0:{} 
2016-04-28 19:50:37 - DEBUG --> UserData end:  a:0:{} 
2016-04-28 19:50:54 - DEBUG --> Archivo \components\com_jhotelreservation\classes\services\UserDataService.php 
2016-04-28 19:50:54 - DEBUG --> initializeUserData 
2016-04-28 19:50:54 - DEBUG --> UserData first: a:0:{} 
2016-04-28 19:50:54 - DEBUG --> UserData end:  a:0:{} 
2016-04-28 19:50:54 - DEBUG --> Archivo \components\com_jhotelreservation\classes\services\UserDataService.php 
2016-04-28 19:50:54 - DEBUG --> initializeUserData 
2016-04-28 19:50:54 - DEBUG --> UserData first: a:0:{} 
2016-04-28 19:50:54 - DEBUG --> UserData end:  a:0:{} 
2016-04-28 19:50:59 - DEBUG --> Archivo \components\com_jhotelreservation\classes\services\UserDataService.php 
2016-04-28 19:50:59 - DEBUG --> initializeUserData 
2016-04-28 19:50:59 - DEBUG --> UserData first: a:0:{} 
2016-04-28 19:50:59 - DEBUG --> UserData end:  a:0:{} 
2016-04-28 19:50:59 - DEBUG --> Archivo \components\com_jhotelreservation\classes\services\UserDataService.php 
2016-04-28 19:50:59 - DEBUG --> initializeUserData 
2016-04-28 19:50:59 - DEBUG --> UserData first: a:0:{} 
2016-04-28 19:50:59 - DEBUG --> UserData end:  a:0:{} 
2016-04-28 19:51:47 - DEBUG --> Archivo \components\com_jhotelreservation\classes\services\UserDataService.php 
2016-04-28 19:51:47 - DEBUG --> initializeUserData 
2016-04-28 19:51:47 - DEBUG --> UserData first: a:0:{} 
2016-04-28 19:51:47 - DEBUG --> UserData end:  a:0:{} 
2016-04-28 19:51:47 - DEBUG --> Archivo \components\com_jhotelreservation\classes\services\UserDataService.php 
2016-04-28 19:51:47 - DEBUG --> initializeUserData 
2016-04-28 19:51:47 - DEBUG --> UserData first: a:0:{} 
2016-04-28 19:51:47 - DEBUG --> UserData end:  a:0:{} 
2016-04-28 19:52:02 - DEBUG --> Archivo \components\com_jhotelreservation\classes\services\UserDataService.php 
2016-04-28 19:52:02 - DEBUG --> initializeUserData 
2016-04-28 19:52:02 - DEBUG --> UserData first: a:0:{} 
2016-04-28 19:52:02 - DEBUG --> UserData end:  a:0:{} 
2016-04-28 19:52:02 - DEBUG --> Archivo \components\com_jhotelreservation\classes\services\UserDataService.php 
2016-04-28 19:52:02 - DEBUG --> initializeUserData 
2016-04-28 19:52:02 - DEBUG --> UserData first: a:0:{} 
2016-04-28 19:52:02 - DEBUG --> UserData end:  a:0:{} 
2016-04-28 19:52:02 - DEBUG --> Archivo \components\com_jhotelreservation\classes\services\UserDataService.php 
2016-04-28 19:52:02 - DEBUG --> initializeReservationData 
2016-04-28 19:52:02 - DEBUG --> UserData: a:0:{} 
2016-04-28 19:52:02 - DEBUG --> Archivo \components\com_jhotelreservation\classes\services\UserDataService.php 
2016-04-28 19:52:02 - DEBUG --> updateUserData 
2016-04-28 19:52:02 - DEBUG --> Archivo \components\com_jhotelreservation\classes\services\UserDataService.php 
2016-04-28 19:52:02 - DEBUG --> getUserData 
2016-04-28 19:52:02 - DEBUG --> Archivo \components\com_jhotelreservation\classes\services\UserDataService.php 
2016-04-28 19:52:02 - DEBUG --> setCurrency 
2016-04-28 19:52:02 - DEBUG --> Archivo \components\com_jhotelreservation\classes\services\UserDataService.php 
2016-04-28 19:52:02 - DEBUG --> getUserData 
2016-04-28 19:52:02 - DEBUG --> Archivo \components\com_jhotelreservation\classes\services\UserDataService.php 
2016-04-28 19:52:02 - DEBUG --> getUserData 
2016-04-28 19:52:02 - DEBUG --> Archivo \components\com_jhotelreservation\classes\services\UserDataService.php 
2016-04-28 19:52:02 - DEBUG --> getUserData 
2016-04-28 19:52:02 - DEBUG --> Archivo \components\com_jhotelreservationiews\hotel	mpl\hoteloverview.php 
2016-04-28 19:52:02 - DEBUG --> Accedió 
2016-04-28 19:52:19 - DEBUG --> Archivo \components\com_jhotelreservation\classes\services\UserDataService.php 
2016-04-28 19:52:19 - DEBUG --> initializeUserData 
2016-04-28 19:52:19 - DEBUG --> UserData first: a:0:{} 
2016-04-28 19:52:19 - DEBUG --> UserData end:  a:0:{} 
2016-04-28 19:52:19 - DEBUG --> Archivo \components\com_jhotelreservation\classes\services\UserDataService.php 
2016-04-28 19:52:19 - DEBUG --> initializeUserData 
2016-04-28 19:52:19 - DEBUG --> UserData first: a:0:{} 
2016-04-28 19:52:19 - DEBUG --> UserData end:  a:0:{} 
2016-04-28 21:12:06 - DEBUG --> Archivo \components\com_jhotelreservation\classes\services\UserDataService.php 
2016-04-28 21:12:06 - DEBUG --> initializeUserData 
2016-04-28 21:12:06 - DEBUG --> UserData first: N; 
2016-04-28 21:12:06 - DEBUG --> Archivo \components\com_jhotelreservation\classes\services\UserDataService.php 
2016-04-28 21:12:06 - DEBUG --> createUserData 
2016-04-28 21:12:06 - DEBUG --> UserData end:  a:0:{} 
2016-04-28 21:12:06 - DEBUG --> Archivo \components\com_jhotelreservation\classes\services\UserDataService.php 
2016-04-28 21:12:06 - DEBUG --> initializeUserData 
2016-04-28 21:12:06 - DEBUG --> UserData first: a:0:{} 
2016-04-28 21:12:06 - DEBUG --> UserData end:  a:0:{} 
2016-04-28 21:12:06 - DEBUG --> Archivo \components\com_jhotelreservation\classes\services\UserDataService.php 
2016-04-28 21:12:06 - DEBUG --> initializeReservationData 
2016-04-28 21:12:06 - DEBUG --> UserData: a:0:{} 
2016-04-28 21:12:06 - DEBUG --> Archivo \components\com_jhotelreservation\classes\services\UserDataService.php 
2016-04-28 21:12:06 - DEBUG --> updateUserData 
2016-04-28 21:12:06 - DEBUG --> Archivo \components\com_jhotelreservation\classes\services\UserDataService.php 
2016-04-28 21:12:06 - DEBUG --> getUserData 
2016-04-28 21:12:06 - DEBUG --> Archivo \components\com_jhotelreservation\classes\services\UserDataService.php 
2016-04-28 21:12:06 - DEBUG --> setCurrency 
2016-04-28 21:12:06 - DEBUG --> Archivo \components\com_jhotelreservation\classes\services\UserDataService.php 
2016-04-28 21:12:06 - DEBUG --> getUserData 
2016-04-28 21:12:06 - DEBUG --> Archivo \components\com_jhotelreservation\classes\services\UserDataService.php 
2016-04-28 21:12:06 - DEBUG --> getUserData 
2016-04-28 21:12:06 - DEBUG --> Archivo \components\com_jhotelreservation\classes\services\UserDataService.php 
2016-04-28 21:12:06 - DEBUG --> getUserData 
