2016-03-10 0:11:44 - DEBUG --> Archivo \components\com_jhotelreservation\classes\services\UserDataService.php 
2016-03-10 0:11:44 - DEBUG --> initializeUserData 
2016-03-10 0:11:44 - DEBUG --> UserData first: N; 
2016-03-10 0:11:44 - DEBUG --> Archivo \components\com_jhotelreservation\classes\services\UserDataService.php 
2016-03-10 0:11:44 - DEBUG --> createUserData 
2016-03-10 0:11:44 - DEBUG --> UserData end:  a:0:{} 
2016-03-10 0:11:44 - DEBUG --> Archivo \components\com_jhotelreservation\classes\services\UserDataService.php 
2016-03-10 0:11:44 - DEBUG --> initializeUserData 
2016-03-10 0:11:44 - DEBUG --> UserData first: a:0:{} 
2016-03-10 0:11:44 - DEBUG --> UserData end:  a:0:{} 
2016-03-10 0:11:44 - DEBUG --> Archivo \components\com_jhotelreservation\classes\services\UserDataService.php 
2016-03-10 0:11:44 - DEBUG --> initializeReservationData 
2016-03-10 0:11:44 - DEBUG --> UserData: a:0:{} 
2016-03-10 0:11:44 - DEBUG --> Archivo \components\com_jhotelreservation\classes\services\UserDataService.php 
2016-03-10 0:11:44 - DEBUG --> updateUserData 
2016-03-10 0:11:44 - DEBUG --> Archivo \components\com_jhotelreservation\classes\services\UserDataService.php 
2016-03-10 0:11:44 - DEBUG --> getUserData 
2016-03-10 0:11:44 - DEBUG --> Archivo \components\com_jhotelreservation\classes\services\UserDataService.php 
2016-03-10 0:11:44 - DEBUG --> setCurrency 
2016-03-10 0:11:44 - DEBUG --> Archivo \components\com_jhotelreservation\classes\services\UserDataService.php 
2016-03-10 0:11:44 - DEBUG --> getUserData 
2016-03-10 0:11:44 - DEBUG --> Archivo \components\com_jhotelreservation\classes\services\UserDataService.php 
2016-03-10 0:11:44 - DEBUG --> getUserData 
2016-03-10 0:11:44 - DEBUG --> Archivo \components\com_jhotelreservation\classes\services\UserDataService.php 
2016-03-10 0:11:44 - DEBUG --> getUserData 
2016-03-10 1:42:03 - DEBUG --> Archivo \components\com_jhotelreservation\classes\services\UserDataService.php 
2016-03-10 1:42:03 - DEBUG --> initializeUserData 
2016-03-10 1:42:03 - DEBUG --> UserData first: N; 
2016-03-10 1:42:03 - DEBUG --> Archivo \components\com_jhotelreservation\classes\services\UserDataService.php 
2016-03-10 1:42:03 - DEBUG --> createUserData 
2016-03-10 1:42:03 - DEBUG --> UserData end:  a:0:{} 
2016-03-10 1:42:03 - DEBUG --> Archivo \components\com_jhotelreservation\classes\services\UserDataService.php 
2016-03-10 1:42:03 - DEBUG --> initializeUserData 
2016-03-10 1:42:03 - DEBUG --> UserData first: a:0:{} 
2016-03-10 1:42:03 - DEBUG --> UserData end:  a:0:{} 
2016-03-10 1:42:03 - DEBUG --> Archivo \components\com_jhotelreservation\classes\services\UserDataService.php 
2016-03-10 1:42:03 - DEBUG --> initializeReservationData 
2016-03-10 1:42:03 - DEBUG --> UserData: a:0:{} 
2016-03-10 1:42:03 - DEBUG --> Archivo \components\com_jhotelreservation\classes\services\UserDataService.php 
2016-03-10 1:42:03 - DEBUG --> updateUserData 
2016-03-10 1:42:03 - DEBUG --> Archivo \components\com_jhotelreservation\classes\services\UserDataService.php 
2016-03-10 1:42:03 - DEBUG --> getUserData 
2016-03-10 1:42:03 - DEBUG --> Archivo \components\com_jhotelreservation\classes\services\UserDataService.php 
2016-03-10 1:42:03 - DEBUG --> setCurrency 
2016-03-10 1:42:03 - DEBUG --> Archivo \components\com_jhotelreservation\classes\services\UserDataService.php 
2016-03-10 1:42:03 - DEBUG --> getUserData 
2016-03-10 1:42:03 - DEBUG --> Archivo \components\com_jhotelreservation\classes\services\UserDataService.php 
2016-03-10 1:42:03 - DEBUG --> getUserData 
2016-03-10 1:42:03 - DEBUG --> Archivo \components\com_jhotelreservation\classes\services\UserDataService.php 
2016-03-10 1:42:03 - DEBUG --> getUserData 
2016-03-10 1:42:03 - DEBUG --> Archivo \components\com_jhotelreservationiews\hotel	mpl\hoteloverview.php 
2016-03-10 1:42:03 - DEBUG --> Accedió 
2016-03-10 1:44:03 - DEBUG --> Archivo \components\com_jhotelreservation\classes\services\UserDataService.php 
2016-03-10 1:44:03 - DEBUG --> initializeUserData 
2016-03-10 1:44:03 - DEBUG --> UserData first: N; 
2016-03-10 1:44:03 - DEBUG --> Archivo \components\com_jhotelreservation\classes\services\UserDataService.php 
2016-03-10 1:44:03 - DEBUG --> createUserData 
2016-03-10 1:44:03 - DEBUG --> UserData end:  a:0:{} 
2016-03-10 1:44:03 - DEBUG --> Archivo \components\com_jhotelreservation\classes\services\UserDataService.php 
2016-03-10 1:44:03 - DEBUG --> initializeUserData 
2016-03-10 1:44:03 - DEBUG --> UserData first: a:0:{} 
2016-03-10 1:44:03 - DEBUG --> UserData end:  a:0:{} 
2016-03-10 1:44:03 - DEBUG --> Archivo \components\com_jhotelreservation\classes\services\UserDataService.php 
2016-03-10 1:44:03 - DEBUG --> initializeReservationData 
2016-03-10 1:44:03 - DEBUG --> UserData: a:0:{} 
2016-03-10 1:44:03 - DEBUG --> Archivo \components\com_jhotelreservation\classes\services\UserDataService.php 
2016-03-10 1:44:03 - DEBUG --> updateUserData 
2016-03-10 1:44:03 - DEBUG --> Archivo \components\com_jhotelreservation\classes\services\UserDataService.php 
2016-03-10 1:44:03 - DEBUG --> getUserData 
2016-03-10 1:44:03 - DEBUG --> Archivo \components\com_jhotelreservation\classes\services\UserDataService.php 
2016-03-10 1:44:03 - DEBUG --> setCurrency 
2016-03-10 1:44:03 - DEBUG --> Archivo \components\com_jhotelreservation\classes\services\UserDataService.php 
2016-03-10 1:44:03 - DEBUG --> getUserData 
2016-03-10 1:44:03 - DEBUG --> Archivo \components\com_jhotelreservation\classes\services\UserDataService.php 
2016-03-10 1:44:03 - DEBUG --> getUserData 
2016-03-10 1:44:03 - DEBUG --> Archivo \components\com_jhotelreservation\classes\services\UserDataService.php 
2016-03-10 1:44:03 - DEBUG --> getUserData 
2016-03-10 1:44:03 - DEBUG --> Archivo \components\com_jhotelreservationiews\hotel	mpl\hoteloverview.php 
2016-03-10 1:44:03 - DEBUG --> Accedió 
2016-03-10 3:54:11 - DEBUG --> Archivo \components\com_jhotelreservation\classes\services\UserDataService.php 
2016-03-10 3:54:11 - DEBUG --> initializeUserData 
2016-03-10 3:54:11 - DEBUG --> UserData first: N; 
2016-03-10 3:54:11 - DEBUG --> Archivo \components\com_jhotelreservation\classes\services\UserDataService.php 
2016-03-10 3:54:11 - DEBUG --> createUserData 
2016-03-10 3:54:11 - DEBUG --> UserData end:  a:0:{} 
2016-03-10 3:54:11 - DEBUG --> Archivo \components\com_jhotelreservation\classes\services\UserDataService.php 
2016-03-10 3:54:11 - DEBUG --> initializeUserData 
2016-03-10 3:54:11 - DEBUG --> UserData first: a:0:{} 
2016-03-10 3:54:11 - DEBUG --> UserData end:  a:0:{} 
2016-03-10 3:54:11 - DEBUG --> Archivo \components\com_jhotelreservation\classes\services\UserDataService.php 
2016-03-10 3:54:11 - DEBUG --> initializeReservationData 
2016-03-10 3:54:11 - DEBUG --> UserData: a:0:{} 
2016-03-10 3:54:11 - DEBUG --> Archivo \components\com_jhotelreservation\classes\services\UserDataService.php 
2016-03-10 3:54:11 - DEBUG --> updateUserData 
2016-03-10 3:54:11 - DEBUG --> Archivo \components\com_jhotelreservation\classes\services\UserDataService.php 
2016-03-10 3:54:11 - DEBUG --> getUserData 
2016-03-10 3:54:11 - DEBUG --> Archivo \components\com_jhotelreservation\classes\services\UserDataService.php 
2016-03-10 3:54:11 - DEBUG --> setCurrency 
2016-03-10 3:54:11 - DEBUG --> Archivo \components\com_jhotelreservation\classes\services\UserDataService.php 
2016-03-10 3:54:11 - DEBUG --> getUserData 
2016-03-10 3:54:11 - DEBUG --> Archivo \components\com_jhotelreservation\classes\services\UserDataService.php 
2016-03-10 3:54:11 - DEBUG --> getUserData 
2016-03-10 3:54:11 - DEBUG --> Archivo \components\com_jhotelreservation\classes\services\UserDataService.php 
2016-03-10 3:54:11 - DEBUG --> getUserData 
2016-03-10 5:20:45 - DEBUG --> Archivo \components\com_jhotelreservation\classes\services\UserDataService.php 
2016-03-10 5:20:45 - DEBUG --> initializeUserData 
2016-03-10 5:20:45 - DEBUG --> UserData first: N; 
2016-03-10 5:20:45 - DEBUG --> Archivo \components\com_jhotelreservation\classes\services\UserDataService.php 
2016-03-10 5:20:45 - DEBUG --> createUserData 
2016-03-10 5:20:45 - DEBUG --> UserData end:  a:0:{} 
2016-03-10 5:20:45 - DEBUG --> Archivo \components\com_jhotelreservation\classes\services\UserDataService.php 
2016-03-10 5:20:45 - DEBUG --> initializeUserData 
2016-03-10 5:20:45 - DEBUG --> UserData first: a:0:{} 
2016-03-10 5:20:45 - DEBUG --> UserData end:  a:0:{} 
2016-03-10 5:20:45 - DEBUG --> Archivo \components\com_jhotelreservation\classes\services\UserDataService.php 
2016-03-10 5:20:45 - DEBUG --> initializeReservationData 
2016-03-10 5:20:45 - DEBUG --> UserData: a:0:{} 
2016-03-10 5:20:45 - DEBUG --> Archivo \components\com_jhotelreservation\classes\services\UserDataService.php 
2016-03-10 5:20:45 - DEBUG --> updateUserData 
2016-03-10 5:20:45 - DEBUG --> Archivo \components\com_jhotelreservation\classes\services\UserDataService.php 
2016-03-10 5:20:45 - DEBUG --> getUserData 
2016-03-10 5:20:45 - DEBUG --> Archivo \components\com_jhotelreservation\classes\services\UserDataService.php 
2016-03-10 5:20:45 - DEBUG --> setCurrency 
2016-03-10 5:20:45 - DEBUG --> Archivo \components\com_jhotelreservation\classes\services\UserDataService.php 
2016-03-10 5:20:45 - DEBUG --> getUserData 
2016-03-10 5:20:45 - DEBUG --> Archivo \components\com_jhotelreservation\classes\services\UserDataService.php 
2016-03-10 5:20:45 - DEBUG --> getUserData 
2016-03-10 5:20:45 - DEBUG --> Archivo \components\com_jhotelreservation\classes\services\UserDataService.php 
2016-03-10 5:20:45 - DEBUG --> getUserData 
2016-03-10 5:21:44 - DEBUG --> Archivo \components\com_jhotelreservation\classes\services\UserDataService.php 
2016-03-10 5:21:44 - DEBUG --> initializeUserData 
2016-03-10 5:21:44 - DEBUG --> UserData first: N; 
2016-03-10 5:21:44 - DEBUG --> Archivo \components\com_jhotelreservation\classes\services\UserDataService.php 
2016-03-10 5:21:44 - DEBUG --> createUserData 
2016-03-10 5:21:44 - DEBUG --> UserData end:  a:0:{} 
2016-03-10 5:21:44 - DEBUG --> Archivo \components\com_jhotelreservation\classes\services\UserDataService.php 
2016-03-10 5:21:44 - DEBUG --> initializeUserData 
2016-03-10 5:21:44 - DEBUG --> UserData first: a:0:{} 
2016-03-10 5:21:44 - DEBUG --> UserData end:  a:0:{} 
2016-03-10 5:21:44 - DEBUG --> Archivo \components\com_jhotelreservation\classes\services\UserDataService.php 
2016-03-10 5:21:44 - DEBUG --> initializeReservationData 
2016-03-10 5:21:44 - DEBUG --> UserData: a:0:{} 
2016-03-10 5:21:44 - DEBUG --> Archivo \components\com_jhotelreservation\classes\services\UserDataService.php 
2016-03-10 5:21:44 - DEBUG --> updateUserData 
2016-03-10 5:21:44 - DEBUG --> Archivo \components\com_jhotelreservation\classes\services\UserDataService.php 
2016-03-10 5:21:44 - DEBUG --> getUserData 
2016-03-10 5:21:44 - DEBUG --> Archivo \components\com_jhotelreservation\classes\services\UserDataService.php 
2016-03-10 5:21:44 - DEBUG --> setCurrency 
2016-03-10 5:21:44 - DEBUG --> Archivo \components\com_jhotelreservation\classes\services\UserDataService.php 
2016-03-10 5:21:44 - DEBUG --> getUserData 
2016-03-10 5:21:44 - DEBUG --> Archivo \components\com_jhotelreservation\classes\services\UserDataService.php 
2016-03-10 5:21:44 - DEBUG --> getUserData 
2016-03-10 5:21:44 - DEBUG --> Archivo \components\com_jhotelreservation\classes\services\UserDataService.php 
2016-03-10 5:21:44 - DEBUG --> getUserData 
2016-03-10 5:21:44 - DEBUG --> Archivo \components\com_jhotelreservationiews\hotel	mpl\hoteloverview.php 
2016-03-10 5:21:44 - DEBUG --> Accedió 
2016-03-10 5:23:58 - DEBUG --> Archivo \components\com_jhotelreservation\classes\services\UserDataService.php 
2016-03-10 5:23:58 - DEBUG --> initializeUserData 
2016-03-10 5:23:58 - DEBUG --> UserData first: N; 
2016-03-10 5:23:58 - DEBUG --> Archivo \components\com_jhotelreservation\classes\services\UserDataService.php 
2016-03-10 5:23:58 - DEBUG --> createUserData 
2016-03-10 5:23:58 - DEBUG --> UserData end:  a:0:{} 
2016-03-10 5:23:58 - DEBUG --> Archivo \components\com_jhotelreservation\classes\services\UserDataService.php 
2016-03-10 5:23:58 - DEBUG --> initializeUserData 
2016-03-10 5:23:58 - DEBUG --> UserData first: a:0:{} 
2016-03-10 5:23:58 - DEBUG --> UserData end:  a:0:{} 
2016-03-10 5:23:58 - DEBUG --> Archivo \components\com_jhotelreservation\classes\services\UserDataService.php 
2016-03-10 5:23:58 - DEBUG --> initializeReservationData 
2016-03-10 5:23:58 - DEBUG --> UserData: a:0:{} 
2016-03-10 5:23:58 - DEBUG --> Archivo \components\com_jhotelreservation\classes\services\UserDataService.php 
2016-03-10 5:23:58 - DEBUG --> updateUserData 
2016-03-10 5:23:58 - DEBUG --> Archivo \components\com_jhotelreservation\classes\services\UserDataService.php 
2016-03-10 5:23:58 - DEBUG --> getUserData 
2016-03-10 5:23:58 - DEBUG --> Archivo \components\com_jhotelreservation\classes\services\UserDataService.php 
2016-03-10 5:23:58 - DEBUG --> setCurrency 
2016-03-10 5:23:58 - DEBUG --> Archivo \components\com_jhotelreservation\classes\services\UserDataService.php 
2016-03-10 5:23:58 - DEBUG --> getUserData 
2016-03-10 5:23:58 - DEBUG --> Archivo \components\com_jhotelreservation\classes\services\UserDataService.php 
2016-03-10 5:23:58 - DEBUG --> getUserData 
2016-03-10 5:23:58 - DEBUG --> Archivo \components\com_jhotelreservation\classes\services\UserDataService.php 
2016-03-10 5:23:58 - DEBUG --> getUserData 
2016-03-10 5:26:52 - DEBUG --> Archivo \components\com_jhotelreservation\classes\services\UserDataService.php 
2016-03-10 5:26:52 - DEBUG --> initializeUserData 
2016-03-10 5:26:52 - DEBUG --> UserData first: N; 
2016-03-10 5:26:52 - DEBUG --> Archivo \components\com_jhotelreservation\classes\services\UserDataService.php 
2016-03-10 5:26:52 - DEBUG --> createUserData 
2016-03-10 5:26:52 - DEBUG --> UserData end:  a:0:{} 
2016-03-10 5:26:52 - DEBUG --> Archivo \components\com_jhotelreservation\classes\services\UserDataService.php 
2016-03-10 5:26:52 - DEBUG --> initializeUserData 
2016-03-10 5:26:52 - DEBUG --> UserData first: a:0:{} 
2016-03-10 5:26:52 - DEBUG --> UserData end:  a:0:{} 
2016-03-10 5:26:52 - DEBUG --> Archivo \components\com_jhotelreservation\classes\services\UserDataService.php 
2016-03-10 5:26:52 - DEBUG --> initializeReservationData 
2016-03-10 5:26:52 - DEBUG --> UserData: a:0:{} 
2016-03-10 5:26:52 - DEBUG --> Archivo \components\com_jhotelreservation\classes\services\UserDataService.php 
2016-03-10 5:26:52 - DEBUG --> updateUserData 
2016-03-10 5:26:52 - DEBUG --> Archivo \components\com_jhotelreservation\classes\services\UserDataService.php 
2016-03-10 5:26:52 - DEBUG --> getUserData 
2016-03-10 5:26:52 - DEBUG --> Archivo \components\com_jhotelreservation\classes\services\UserDataService.php 
2016-03-10 5:26:52 - DEBUG --> setCurrency 
2016-03-10 5:26:52 - DEBUG --> Archivo \components\com_jhotelreservation\classes\services\UserDataService.php 
2016-03-10 5:26:52 - DEBUG --> getUserData 
2016-03-10 5:26:52 - DEBUG --> Archivo \components\com_jhotelreservation\classes\services\UserDataService.php 
2016-03-10 5:26:52 - DEBUG --> getUserData 
2016-03-10 5:26:52 - DEBUG --> Archivo \components\com_jhotelreservation\classes\services\UserDataService.php 
2016-03-10 5:26:52 - DEBUG --> getUserData 
2016-03-10 5:26:52 - DEBUG --> Archivo \components\com_jhotelreservationiews\hotel	mpl\hoteloverview.php 
2016-03-10 5:26:52 - DEBUG --> Accedió 
2016-03-10 5:42:22 - DEBUG --> Archivo \components\com_jhotelreservation\classes\services\UserDataService.php 
2016-03-10 5:42:22 - DEBUG --> initializeUserData 
2016-03-10 5:42:22 - DEBUG --> UserData first: N; 
2016-03-10 5:42:22 - DEBUG --> Archivo \components\com_jhotelreservation\classes\services\UserDataService.php 
2016-03-10 5:42:22 - DEBUG --> createUserData 
2016-03-10 5:42:22 - DEBUG --> UserData end:  a:0:{} 
2016-03-10 5:42:22 - DEBUG --> Archivo \components\com_jhotelreservation\classes\services\UserDataService.php 
2016-03-10 5:42:22 - DEBUG --> initializeUserData 
2016-03-10 5:42:22 - DEBUG --> UserData first: a:0:{} 
2016-03-10 5:42:22 - DEBUG --> UserData end:  a:0:{} 
2016-03-10 5:42:22 - DEBUG --> Archivo \components\com_jhotelreservation\classes\services\UserDataService.php 
2016-03-10 5:42:22 - DEBUG --> initializeReservationData 
2016-03-10 5:42:22 - DEBUG --> UserData: a:0:{} 
2016-03-10 5:42:22 - DEBUG --> Archivo \components\com_jhotelreservation\classes\services\UserDataService.php 
2016-03-10 5:42:22 - DEBUG --> updateUserData 
2016-03-10 5:42:22 - DEBUG --> Archivo \components\com_jhotelreservation\classes\services\UserDataService.php 
2016-03-10 5:42:22 - DEBUG --> getUserData 
2016-03-10 5:42:22 - DEBUG --> Archivo \components\com_jhotelreservation\classes\services\UserDataService.php 
2016-03-10 5:42:22 - DEBUG --> setCurrency 
2016-03-10 5:42:22 - DEBUG --> Archivo \components\com_jhotelreservation\classes\services\UserDataService.php 
2016-03-10 5:42:22 - DEBUG --> getUserData 
2016-03-10 5:42:22 - DEBUG --> Archivo \components\com_jhotelreservation\classes\services\UserDataService.php 
2016-03-10 5:42:22 - DEBUG --> getUserData 
2016-03-10 5:42:22 - DEBUG --> Archivo \components\com_jhotelreservation\classes\services\UserDataService.php 
2016-03-10 5:42:22 - DEBUG --> getUserData 
2016-03-10 5:42:22 - DEBUG --> Archivo \components\com_jhotelreservationiews\hotel	mpl\hoteloverview.php 
2016-03-10 5:42:22 - DEBUG --> Accedió 
2016-03-10 6:16:38 - DEBUG --> Archivo \components\com_jhotelreservation\classes\services\UserDataService.php 
2016-03-10 6:16:38 - DEBUG --> initializeUserData 
2016-03-10 6:16:38 - DEBUG --> UserData first: N; 
2016-03-10 6:16:38 - DEBUG --> Archivo \components\com_jhotelreservation\classes\services\UserDataService.php 
2016-03-10 6:16:38 - DEBUG --> createUserData 
2016-03-10 6:16:38 - DEBUG --> UserData end:  a:0:{} 
2016-03-10 6:16:38 - DEBUG --> Archivo \components\com_jhotelreservation\classes\services\UserDataService.php 
2016-03-10 6:16:38 - DEBUG --> initializeUserData 
2016-03-10 6:16:38 - DEBUG --> UserData first: a:0:{} 
2016-03-10 6:16:38 - DEBUG --> UserData end:  a:0:{} 
2016-03-10 6:16:38 - DEBUG --> Archivo \components\com_jhotelreservation\classes\services\UserDataService.php 
2016-03-10 6:16:38 - DEBUG --> initializeReservationData 
2016-03-10 6:16:38 - DEBUG --> UserData: a:0:{} 
2016-03-10 6:16:38 - DEBUG --> Archivo \components\com_jhotelreservation\classes\services\UserDataService.php 
2016-03-10 6:16:38 - DEBUG --> updateUserData 
2016-03-10 6:16:38 - DEBUG --> Archivo \components\com_jhotelreservation\classes\services\UserDataService.php 
2016-03-10 6:16:38 - DEBUG --> getUserData 
2016-03-10 6:16:38 - DEBUG --> Archivo \components\com_jhotelreservation\classes\services\UserDataService.php 
2016-03-10 6:16:38 - DEBUG --> setCurrency 
2016-03-10 6:16:38 - DEBUG --> Archivo \components\com_jhotelreservation\classes\services\UserDataService.php 
2016-03-10 6:16:38 - DEBUG --> getUserData 
2016-03-10 6:16:38 - DEBUG --> Archivo \components\com_jhotelreservation\classes\services\UserDataService.php 
2016-03-10 6:16:38 - DEBUG --> getUserData 
2016-03-10 6:16:38 - DEBUG --> Archivo \components\com_jhotelreservation\classes\services\UserDataService.php 
2016-03-10 6:16:38 - DEBUG --> getUserData 
2016-03-10 6:16:38 - DEBUG --> Archivo \components\com_jhotelreservationiews\hotel	mpl\hoteloverview.php 
2016-03-10 6:16:38 - DEBUG --> Accedió 
2016-03-10 6:20:46 - DEBUG --> Archivo \components\com_jhotelreservation\classes\services\UserDataService.php 
2016-03-10 6:20:46 - DEBUG --> initializeUserData 
2016-03-10 6:20:46 - DEBUG --> UserData first: N; 
2016-03-10 6:20:46 - DEBUG --> Archivo \components\com_jhotelreservation\classes\services\UserDataService.php 
2016-03-10 6:20:46 - DEBUG --> createUserData 
2016-03-10 6:20:46 - DEBUG --> UserData end:  a:0:{} 
2016-03-10 6:20:46 - DEBUG --> Archivo \components\com_jhotelreservation\classes\services\UserDataService.php 
2016-03-10 6:20:46 - DEBUG --> initializeUserData 
2016-03-10 6:20:46 - DEBUG --> UserData first: a:0:{} 
2016-03-10 6:20:46 - DEBUG --> UserData end:  a:0:{} 
2016-03-10 6:20:46 - DEBUG --> Archivo \components\com_jhotelreservation\classes\services\UserDataService.php 
2016-03-10 6:20:46 - DEBUG --> initializeReservationData 
2016-03-10 6:20:46 - DEBUG --> UserData: a:0:{} 
2016-03-10 6:20:46 - DEBUG --> Archivo \components\com_jhotelreservation\classes\services\UserDataService.php 
2016-03-10 6:20:46 - DEBUG --> updateUserData 
2016-03-10 6:20:46 - DEBUG --> Archivo \components\com_jhotelreservation\classes\services\UserDataService.php 
2016-03-10 6:20:46 - DEBUG --> getUserData 
2016-03-10 6:20:46 - DEBUG --> Archivo \components\com_jhotelreservation\classes\services\UserDataService.php 
2016-03-10 6:20:46 - DEBUG --> setCurrency 
2016-03-10 6:20:46 - DEBUG --> Archivo \components\com_jhotelreservation\classes\services\UserDataService.php 
2016-03-10 6:20:46 - DEBUG --> getUserData 
2016-03-10 6:20:46 - DEBUG --> Archivo \components\com_jhotelreservation\classes\services\UserDataService.php 
2016-03-10 6:20:46 - DEBUG --> getUserData 
2016-03-10 6:20:46 - DEBUG --> Archivo \components\com_jhotelreservation\classes\services\UserDataService.php 
2016-03-10 6:20:46 - DEBUG --> getUserData 
2016-03-10 6:20:46 - DEBUG --> Archivo \components\com_jhotelreservationiews\hotel	mpl\hoteloverview.php 
2016-03-10 6:20:46 - DEBUG --> Accedió 
2016-03-10 7:12:09 - DEBUG --> Archivo \components\com_jhotelreservation\classes\services\UserDataService.php 
2016-03-10 7:12:09 - DEBUG --> initializeUserData 
2016-03-10 7:12:09 - DEBUG --> UserData first: N; 
2016-03-10 7:12:09 - DEBUG --> Archivo \components\com_jhotelreservation\classes\services\UserDataService.php 
2016-03-10 7:12:09 - DEBUG --> createUserData 
2016-03-10 7:12:09 - DEBUG --> UserData end:  a:0:{} 
2016-03-10 7:36:52 - DEBUG --> Archivo \components\com_jhotelreservation\classes\services\UserDataService.php 
2016-03-10 7:36:52 - DEBUG --> initializeUserData 
2016-03-10 7:36:52 - DEBUG --> UserData first: N; 
2016-03-10 7:36:52 - DEBUG --> Archivo \components\com_jhotelreservation\classes\services\UserDataService.php 
2016-03-10 7:36:52 - DEBUG --> createUserData 
2016-03-10 7:36:52 - DEBUG --> UserData end:  a:0:{} 
2016-03-10 7:36:52 - DEBUG --> Archivo \components\com_jhotelreservation\classes\services\UserDataService.php 
2016-03-10 7:36:52 - DEBUG --> initializeUserData 
2016-03-10 7:36:52 - DEBUG --> UserData first: a:0:{} 
2016-03-10 7:36:52 - DEBUG --> UserData end:  a:0:{} 
2016-03-10 7:36:52 - DEBUG --> Archivo \components\com_jhotelreservation\classes\services\UserDataService.php 
2016-03-10 7:36:52 - DEBUG --> initializeReservationData 
2016-03-10 7:36:52 - DEBUG --> UserData: a:0:{} 
2016-03-10 7:36:52 - DEBUG --> Archivo \components\com_jhotelreservation\classes\services\UserDataService.php 
2016-03-10 7:36:52 - DEBUG --> updateUserData 
2016-03-10 7:36:52 - DEBUG --> Archivo \components\com_jhotelreservation\classes\services\UserDataService.php 
2016-03-10 7:36:52 - DEBUG --> getUserData 
2016-03-10 7:36:52 - DEBUG --> Archivo \components\com_jhotelreservation\classes\services\UserDataService.php 
2016-03-10 7:36:52 - DEBUG --> setCurrency 
2016-03-10 7:36:52 - DEBUG --> Archivo \components\com_jhotelreservation\classes\services\UserDataService.php 
2016-03-10 7:36:52 - DEBUG --> getUserData 
2016-03-10 7:36:52 - DEBUG --> Archivo \components\com_jhotelreservation\classes\services\UserDataService.php 
2016-03-10 7:36:52 - DEBUG --> getUserData 
2016-03-10 7:36:52 - DEBUG --> Archivo \components\com_jhotelreservation\classes\services\UserDataService.php 
2016-03-10 7:36:52 - DEBUG --> getUserData 
2016-03-10 7:36:52 - DEBUG --> Archivo \components\com_jhotelreservationiews\hotel	mpl\hoteloverview.php 
2016-03-10 7:36:52 - DEBUG --> Accedió 
2016-03-10 7:49:32 - DEBUG --> Archivo \components\com_jhotelreservation\classes\services\UserDataService.php 
2016-03-10 7:49:32 - DEBUG --> initializeUserData 
2016-03-10 7:49:32 - DEBUG --> UserData first: N; 
2016-03-10 7:49:32 - DEBUG --> Archivo \components\com_jhotelreservation\classes\services\UserDataService.php 
2016-03-10 7:49:32 - DEBUG --> createUserData 
2016-03-10 7:49:32 - DEBUG --> UserData end:  a:0:{} 
2016-03-10 7:49:32 - DEBUG --> Archivo \components\com_jhotelreservation\classes\services\UserDataService.php 
2016-03-10 7:49:32 - DEBUG --> initializeUserData 
2016-03-10 7:49:32 - DEBUG --> UserData first: a:0:{} 
2016-03-10 7:49:32 - DEBUG --> UserData end:  a:0:{} 
2016-03-10 7:49:32 - DEBUG --> Archivo \components\com_jhotelreservation\classes\services\UserDataService.php 
2016-03-10 7:49:32 - DEBUG --> initializeReservationData 
2016-03-10 7:49:32 - DEBUG --> UserData: a:0:{} 
2016-03-10 7:49:32 - DEBUG --> Archivo \components\com_jhotelreservation\classes\services\UserDataService.php 
2016-03-10 7:49:32 - DEBUG --> updateUserData 
2016-03-10 7:49:32 - DEBUG --> Archivo \components\com_jhotelreservation\classes\services\UserDataService.php 
2016-03-10 7:49:32 - DEBUG --> getUserData 
2016-03-10 7:49:32 - DEBUG --> Archivo \components\com_jhotelreservation\classes\services\UserDataService.php 
2016-03-10 7:49:32 - DEBUG --> setCurrency 
2016-03-10 7:49:32 - DEBUG --> Archivo \components\com_jhotelreservation\classes\services\UserDataService.php 
2016-03-10 7:49:32 - DEBUG --> getUserData 
2016-03-10 7:49:32 - DEBUG --> Archivo \components\com_jhotelreservation\classes\services\UserDataService.php 
2016-03-10 7:49:32 - DEBUG --> getUserData 
2016-03-10 7:49:32 - DEBUG --> Archivo \components\com_jhotelreservation\classes\services\UserDataService.php 
2016-03-10 7:49:32 - DEBUG --> getUserData 
2016-03-10 7:49:32 - DEBUG --> Archivo \components\com_jhotelreservationiews\hotel	mpl\hoteloverview.php 
2016-03-10 7:49:32 - DEBUG --> Accedió 
2016-03-10 8:23:42 - DEBUG --> Archivo \components\com_jhotelreservation\classes\services\UserDataService.php 
2016-03-10 8:23:42 - DEBUG --> initializeUserData 
2016-03-10 8:23:42 - DEBUG --> UserData first: N; 
2016-03-10 8:23:42 - DEBUG --> Archivo \components\com_jhotelreservation\classes\services\UserDataService.php 
2016-03-10 8:23:42 - DEBUG --> createUserData 
2016-03-10 8:23:42 - DEBUG --> UserData end:  a:0:{} 
2016-03-10 8:23:42 - DEBUG --> Archivo \components\com_jhotelreservation\classes\services\UserDataService.php 
2016-03-10 8:23:42 - DEBUG --> initializeUserData 
2016-03-10 8:23:42 - DEBUG --> UserData first: a:0:{} 
2016-03-10 8:23:42 - DEBUG --> UserData end:  a:0:{} 
2016-03-10 8:23:42 - DEBUG --> Archivo \components\com_jhotelreservation\classes\services\UserDataService.php 
2016-03-10 8:23:42 - DEBUG --> initializeReservationData 
2016-03-10 8:23:42 - DEBUG --> UserData: a:0:{} 
2016-03-10 8:23:42 - DEBUG --> Archivo \components\com_jhotelreservation\classes\services\UserDataService.php 
2016-03-10 8:23:42 - DEBUG --> updateUserData 
2016-03-10 8:23:42 - DEBUG --> Archivo \components\com_jhotelreservation\classes\services\UserDataService.php 
2016-03-10 8:23:42 - DEBUG --> getUserData 
2016-03-10 8:23:42 - DEBUG --> Archivo \components\com_jhotelreservation\classes\services\UserDataService.php 
2016-03-10 8:23:42 - DEBUG --> setCurrency 
2016-03-10 8:23:42 - DEBUG --> Archivo \components\com_jhotelreservation\classes\services\UserDataService.php 
2016-03-10 8:23:42 - DEBUG --> getUserData 
2016-03-10 8:23:42 - DEBUG --> Archivo \components\com_jhotelreservation\classes\services\UserDataService.php 
2016-03-10 8:23:42 - DEBUG --> getUserData 
2016-03-10 8:23:42 - DEBUG --> Archivo \components\com_jhotelreservation\classes\services\UserDataService.php 
2016-03-10 8:23:42 - DEBUG --> getUserData 
2016-03-10 8:23:42 - DEBUG --> Archivo \components\com_jhotelreservationiews\hotel	mpl\hoteloverview.php 
2016-03-10 8:23:42 - DEBUG --> Accedió 
2016-03-10 9:02:41 - DEBUG --> Archivo \components\com_jhotelreservation\classes\services\UserDataService.php 
2016-03-10 9:02:41 - DEBUG --> initializeUserData 
2016-03-10 9:02:41 - DEBUG --> UserData first: N; 
2016-03-10 9:02:41 - DEBUG --> Archivo \components\com_jhotelreservation\classes\services\UserDataService.php 
2016-03-10 9:02:41 - DEBUG --> createUserData 
2016-03-10 9:02:41 - DEBUG --> UserData end:  a:0:{} 
2016-03-10 9:02:41 - DEBUG --> Archivo \components\com_jhotelreservation\classes\services\UserDataService.php 
2016-03-10 9:02:41 - DEBUG --> initializeUserData 
2016-03-10 9:02:41 - DEBUG --> UserData first: a:0:{} 
2016-03-10 9:02:41 - DEBUG --> UserData end:  a:0:{} 
2016-03-10 9:02:41 - DEBUG --> Archivo \components\com_jhotelreservation\classes\services\UserDataService.php 
2016-03-10 9:02:41 - DEBUG --> initializeReservationData 
2016-03-10 9:02:41 - DEBUG --> UserData: a:0:{} 
2016-03-10 9:02:41 - DEBUG --> Archivo \components\com_jhotelreservation\classes\services\UserDataService.php 
2016-03-10 9:02:41 - DEBUG --> updateUserData 
2016-03-10 9:02:41 - DEBUG --> Archivo \components\com_jhotelreservation\classes\services\UserDataService.php 
2016-03-10 9:02:41 - DEBUG --> getUserData 
2016-03-10 9:02:41 - DEBUG --> Archivo \components\com_jhotelreservation\classes\services\UserDataService.php 
2016-03-10 9:02:41 - DEBUG --> setCurrency 
2016-03-10 9:02:41 - DEBUG --> Archivo \components\com_jhotelreservation\classes\services\UserDataService.php 
2016-03-10 9:02:41 - DEBUG --> getUserData 
2016-03-10 9:02:41 - DEBUG --> Archivo \components\com_jhotelreservation\classes\services\UserDataService.php 
2016-03-10 9:02:41 - DEBUG --> getUserData 
2016-03-10 9:02:41 - DEBUG --> Archivo \components\com_jhotelreservation\classes\services\UserDataService.php 
2016-03-10 9:02:41 - DEBUG --> getUserData 
2016-03-10 10:17:02 - DEBUG --> Archivo \components\com_jhotelreservation\classes\services\UserDataService.php 
2016-03-10 10:17:02 - DEBUG --> initializeUserData 
2016-03-10 10:17:02 - DEBUG --> UserData first: N; 
2016-03-10 10:17:02 - DEBUG --> Archivo \components\com_jhotelreservation\classes\services\UserDataService.php 
2016-03-10 10:17:02 - DEBUG --> createUserData 
2016-03-10 10:17:02 - DEBUG --> UserData end:  a:0:{} 
2016-03-10 10:17:02 - DEBUG --> Archivo \components\com_jhotelreservation\classes\services\UserDataService.php 
2016-03-10 10:17:02 - DEBUG --> initializeUserData 
2016-03-10 10:17:02 - DEBUG --> UserData first: a:0:{} 
2016-03-10 10:17:02 - DEBUG --> UserData end:  a:0:{} 
2016-03-10 10:17:02 - DEBUG --> Archivo \components\com_jhotelreservation\classes\services\UserDataService.php 
2016-03-10 10:17:02 - DEBUG --> initializeReservationData 
2016-03-10 10:17:02 - DEBUG --> UserData: a:0:{} 
2016-03-10 10:17:02 - DEBUG --> Archivo \components\com_jhotelreservation\classes\services\UserDataService.php 
2016-03-10 10:17:02 - DEBUG --> updateUserData 
2016-03-10 10:17:02 - DEBUG --> Archivo \components\com_jhotelreservation\classes\services\UserDataService.php 
2016-03-10 10:17:02 - DEBUG --> getUserData 
2016-03-10 10:17:02 - DEBUG --> Archivo \components\com_jhotelreservation\classes\services\UserDataService.php 
2016-03-10 10:17:02 - DEBUG --> setCurrency 
2016-03-10 10:17:02 - DEBUG --> Archivo \components\com_jhotelreservation\classes\services\UserDataService.php 
2016-03-10 10:17:02 - DEBUG --> getUserData 
2016-03-10 10:17:02 - DEBUG --> Archivo \components\com_jhotelreservation\classes\services\UserDataService.php 
2016-03-10 10:17:02 - DEBUG --> getUserData 
2016-03-10 10:17:02 - DEBUG --> Archivo \components\com_jhotelreservation\classes\services\UserDataService.php 
2016-03-10 10:17:02 - DEBUG --> getUserData 
2016-03-10 10:39:54 - DEBUG --> Archivo \components\com_jhotelreservation\classes\services\UserDataService.php 
2016-03-10 10:39:54 - DEBUG --> initializeUserData 
2016-03-10 10:39:54 - DEBUG --> UserData first: N; 
2016-03-10 10:39:54 - DEBUG --> Archivo \components\com_jhotelreservation\classes\services\UserDataService.php 
2016-03-10 10:39:54 - DEBUG --> createUserData 
2016-03-10 10:39:54 - DEBUG --> UserData end:  a:0:{} 
2016-03-10 10:39:54 - DEBUG --> Archivo \components\com_jhotelreservation\classes\services\UserDataService.php 
2016-03-10 10:39:54 - DEBUG --> initializeUserData 
2016-03-10 10:39:54 - DEBUG --> UserData first: a:0:{} 
2016-03-10 10:39:54 - DEBUG --> UserData end:  a:0:{} 
2016-03-10 10:39:54 - DEBUG --> Archivo \components\com_jhotelreservation\classes\services\UserDataService.php 
2016-03-10 10:39:54 - DEBUG --> initializeReservationData 
2016-03-10 10:39:54 - DEBUG --> UserData: a:0:{} 
2016-03-10 10:39:54 - DEBUG --> Archivo \components\com_jhotelreservation\classes\services\UserDataService.php 
2016-03-10 10:39:54 - DEBUG --> updateUserData 
2016-03-10 10:39:54 - DEBUG --> Archivo \components\com_jhotelreservation\classes\services\UserDataService.php 
2016-03-10 10:39:54 - DEBUG --> getUserData 
2016-03-10 10:39:54 - DEBUG --> Archivo \components\com_jhotelreservation\classes\services\UserDataService.php 
2016-03-10 10:39:54 - DEBUG --> setCurrency 
2016-03-10 10:39:54 - DEBUG --> Archivo \components\com_jhotelreservation\classes\services\UserDataService.php 
2016-03-10 10:39:54 - DEBUG --> getUserData 
2016-03-10 10:39:54 - DEBUG --> Archivo \components\com_jhotelreservation\classes\services\UserDataService.php 
2016-03-10 10:39:54 - DEBUG --> getUserData 
2016-03-10 10:39:54 - DEBUG --> Archivo \components\com_jhotelreservation\classes\services\UserDataService.php 
2016-03-10 10:39:54 - DEBUG --> getUserData 
2016-03-10 10:39:54 - DEBUG --> Archivo \components\com_jhotelreservationiews\hotel	mpl\hoteloverview.php 
2016-03-10 10:39:54 - DEBUG --> Accedió 
2016-03-10 11:12:23 - DEBUG --> Archivo \components\com_jhotelreservation\classes\services\UserDataService.php 
2016-03-10 11:12:23 - DEBUG --> initializeUserData 
2016-03-10 11:12:23 - DEBUG --> UserData first: N; 
2016-03-10 11:12:23 - DEBUG --> Archivo \components\com_jhotelreservation\classes\services\UserDataService.php 
2016-03-10 11:12:23 - DEBUG --> createUserData 
2016-03-10 11:12:23 - DEBUG --> UserData end:  a:0:{} 
2016-03-10 11:12:23 - DEBUG --> Archivo \components\com_jhotelreservation\classes\services\UserDataService.php 
2016-03-10 11:12:23 - DEBUG --> initializeUserData 
2016-03-10 11:12:23 - DEBUG --> UserData first: a:0:{} 
2016-03-10 11:12:23 - DEBUG --> UserData end:  a:0:{} 
2016-03-10 11:12:23 - DEBUG --> Archivo \components\com_jhotelreservation\classes\services\UserDataService.php 
2016-03-10 11:12:23 - DEBUG --> initializeReservationData 
2016-03-10 11:12:23 - DEBUG --> UserData: a:0:{} 
2016-03-10 11:12:23 - DEBUG --> Archivo \components\com_jhotelreservation\classes\services\UserDataService.php 
2016-03-10 11:12:23 - DEBUG --> updateUserData 
2016-03-10 11:12:23 - DEBUG --> Archivo \components\com_jhotelreservation\classes\services\UserDataService.php 
2016-03-10 11:12:23 - DEBUG --> getUserData 
2016-03-10 11:12:23 - DEBUG --> Archivo \components\com_jhotelreservation\classes\services\UserDataService.php 
2016-03-10 11:12:23 - DEBUG --> setCurrency 
2016-03-10 11:12:23 - DEBUG --> Archivo \components\com_jhotelreservation\classes\services\UserDataService.php 
2016-03-10 11:12:23 - DEBUG --> getUserData 
2016-03-10 11:12:23 - DEBUG --> Archivo \components\com_jhotelreservation\classes\services\UserDataService.php 
2016-03-10 11:12:23 - DEBUG --> getUserData 
2016-03-10 11:12:23 - DEBUG --> Archivo \components\com_jhotelreservation\classes\services\UserDataService.php 
2016-03-10 11:12:23 - DEBUG --> getUserData 
2016-03-10 11:24:41 - DEBUG --> Archivo \components\com_jhotelreservation\classes\services\UserDataService.php 
2016-03-10 11:24:41 - DEBUG --> initializeUserData 
2016-03-10 11:24:41 - DEBUG --> UserData first: N; 
2016-03-10 11:24:41 - DEBUG --> Archivo \components\com_jhotelreservation\classes\services\UserDataService.php 
2016-03-10 11:24:41 - DEBUG --> createUserData 
2016-03-10 11:24:41 - DEBUG --> UserData end:  a:0:{} 
2016-03-10 11:24:41 - DEBUG --> Archivo \components\com_jhotelreservation\classes\services\UserDataService.php 
2016-03-10 11:24:41 - DEBUG --> initializeUserData 
2016-03-10 11:24:41 - DEBUG --> UserData first: a:0:{} 
2016-03-10 11:24:41 - DEBUG --> UserData end:  a:0:{} 
2016-03-10 11:24:41 - DEBUG --> Archivo \components\com_jhotelreservation\classes\services\UserDataService.php 
2016-03-10 11:24:41 - DEBUG --> initializeReservationData 
2016-03-10 11:24:41 - DEBUG --> UserData: a:0:{} 
2016-03-10 11:24:41 - DEBUG --> Archivo \components\com_jhotelreservation\classes\services\UserDataService.php 
2016-03-10 11:24:41 - DEBUG --> updateUserData 
2016-03-10 11:24:41 - DEBUG --> Archivo \components\com_jhotelreservation\classes\services\UserDataService.php 
2016-03-10 11:24:41 - DEBUG --> getUserData 
2016-03-10 11:24:41 - DEBUG --> Archivo \components\com_jhotelreservation\classes\services\UserDataService.php 
2016-03-10 11:24:41 - DEBUG --> setCurrency 
2016-03-10 11:24:41 - DEBUG --> Archivo \components\com_jhotelreservation\classes\services\UserDataService.php 
2016-03-10 11:24:41 - DEBUG --> getUserData 
2016-03-10 11:24:41 - DEBUG --> Archivo \components\com_jhotelreservation\classes\services\UserDataService.php 
2016-03-10 11:24:41 - DEBUG --> getUserData 
2016-03-10 11:24:41 - DEBUG --> Archivo \components\com_jhotelreservation\classes\services\UserDataService.php 
2016-03-10 11:24:41 - DEBUG --> getUserData 
2016-03-10 11:24:41 - DEBUG --> Archivo \components\com_jhotelreservationiews\hotel	mpl\hoteloverview.php 
2016-03-10 11:24:41 - DEBUG --> Accedió 
2016-03-10 11:42:02 - DEBUG --> Archivo \components\com_jhotelreservation\classes\services\UserDataService.php 
2016-03-10 11:42:02 - DEBUG --> initializeUserData 
2016-03-10 11:42:02 - DEBUG --> UserData first: N; 
2016-03-10 11:42:02 - DEBUG --> Archivo \components\com_jhotelreservation\classes\services\UserDataService.php 
2016-03-10 11:42:02 - DEBUG --> createUserData 
2016-03-10 11:42:02 - DEBUG --> UserData end:  a:0:{} 
2016-03-10 11:42:02 - DEBUG --> Archivo \components\com_jhotelreservation\classes\services\UserDataService.php 
2016-03-10 11:42:02 - DEBUG --> initializeUserData 
2016-03-10 11:42:02 - DEBUG --> UserData first: a:0:{} 
2016-03-10 11:42:02 - DEBUG --> UserData end:  a:0:{} 
2016-03-10 11:42:02 - DEBUG --> Archivo \components\com_jhotelreservation\classes\services\UserDataService.php 
2016-03-10 11:42:02 - DEBUG --> initializeReservationData 
2016-03-10 11:42:02 - DEBUG --> UserData: a:0:{} 
2016-03-10 11:42:02 - DEBUG --> Archivo \components\com_jhotelreservation\classes\services\UserDataService.php 
2016-03-10 11:42:02 - DEBUG --> updateUserData 
2016-03-10 11:42:02 - DEBUG --> Archivo \components\com_jhotelreservation\classes\services\UserDataService.php 
2016-03-10 11:42:02 - DEBUG --> getUserData 
2016-03-10 11:42:02 - DEBUG --> Archivo \components\com_jhotelreservation\classes\services\UserDataService.php 
2016-03-10 11:42:02 - DEBUG --> setCurrency 
2016-03-10 11:42:02 - DEBUG --> Archivo \components\com_jhotelreservation\classes\services\UserDataService.php 
2016-03-10 11:42:02 - DEBUG --> getUserData 
2016-03-10 11:42:02 - DEBUG --> Archivo \components\com_jhotelreservation\classes\services\UserDataService.php 
2016-03-10 11:42:02 - DEBUG --> getUserData 
2016-03-10 11:42:02 - DEBUG --> Archivo \components\com_jhotelreservation\classes\services\UserDataService.php 
2016-03-10 11:42:02 - DEBUG --> getUserData 
2016-03-10 11:42:02 - DEBUG --> Archivo \components\com_jhotelreservationiews\hotel	mpl\hoteloverview.php 
2016-03-10 11:42:02 - DEBUG --> Accedió 
2016-03-10 11:55:43 - DEBUG --> Archivo \components\com_jhotelreservation\classes\services\UserDataService.php 
2016-03-10 11:55:43 - DEBUG --> initializeUserData 
2016-03-10 11:55:43 - DEBUG --> UserData first: N; 
2016-03-10 11:55:43 - DEBUG --> Archivo \components\com_jhotelreservation\classes\services\UserDataService.php 
2016-03-10 11:55:43 - DEBUG --> createUserData 
2016-03-10 11:55:43 - DEBUG --> UserData end:  a:0:{} 
2016-03-10 11:55:43 - DEBUG --> Archivo \components\com_jhotelreservation\classes\services\UserDataService.php 
2016-03-10 11:55:43 - DEBUG --> initializeUserData 
2016-03-10 11:55:43 - DEBUG --> UserData first: a:0:{} 
2016-03-10 11:55:43 - DEBUG --> UserData end:  a:0:{} 
2016-03-10 11:55:43 - DEBUG --> Archivo \components\com_jhotelreservation\classes\services\UserDataService.php 
2016-03-10 11:55:43 - DEBUG --> initializeReservationData 
2016-03-10 11:55:43 - DEBUG --> UserData: a:0:{} 
2016-03-10 11:55:43 - DEBUG --> Archivo \components\com_jhotelreservation\classes\services\UserDataService.php 
2016-03-10 11:55:43 - DEBUG --> updateUserData 
2016-03-10 11:55:43 - DEBUG --> Archivo \components\com_jhotelreservation\classes\services\UserDataService.php 
2016-03-10 11:55:43 - DEBUG --> getUserData 
2016-03-10 11:55:43 - DEBUG --> Archivo \components\com_jhotelreservation\classes\services\UserDataService.php 
2016-03-10 11:55:43 - DEBUG --> setCurrency 
2016-03-10 11:55:43 - DEBUG --> Archivo \components\com_jhotelreservation\classes\services\UserDataService.php 
2016-03-10 11:55:43 - DEBUG --> getUserData 
2016-03-10 11:55:43 - DEBUG --> Archivo \components\com_jhotelreservation\classes\services\UserDataService.php 
2016-03-10 11:55:43 - DEBUG --> getUserData 
2016-03-10 11:55:43 - DEBUG --> Archivo \components\com_jhotelreservation\classes\services\UserDataService.php 
2016-03-10 11:55:43 - DEBUG --> getUserData 
2016-03-10 11:55:43 - DEBUG --> Archivo \components\com_jhotelreservationiews\hotel	mpl\hoteloverview.php 
2016-03-10 11:55:43 - DEBUG --> Accedió 
2016-03-10 12:17:42 - DEBUG --> Archivo \components\com_jhotelreservation\classes\services\UserDataService.php 
2016-03-10 12:17:42 - DEBUG --> initializeUserData 
2016-03-10 12:17:42 - DEBUG --> UserData first: N; 
2016-03-10 12:17:42 - DEBUG --> Archivo \components\com_jhotelreservation\classes\services\UserDataService.php 
2016-03-10 12:17:42 - DEBUG --> createUserData 
2016-03-10 12:17:42 - DEBUG --> UserData end:  a:0:{} 
2016-03-10 12:17:42 - DEBUG --> Archivo \components\com_jhotelreservation\classes\services\UserDataService.php 
2016-03-10 12:17:42 - DEBUG --> initializeUserData 
2016-03-10 12:17:42 - DEBUG --> UserData first: a:0:{} 
2016-03-10 12:17:42 - DEBUG --> UserData end:  a:0:{} 
2016-03-10 12:17:42 - DEBUG --> Archivo \components\com_jhotelreservation\classes\services\UserDataService.php 
2016-03-10 12:17:42 - DEBUG --> initializeReservationData 
2016-03-10 12:17:42 - DEBUG --> UserData: a:0:{} 
2016-03-10 12:17:42 - DEBUG --> Archivo \components\com_jhotelreservation\classes\services\UserDataService.php 
2016-03-10 12:17:42 - DEBUG --> updateUserData 
2016-03-10 12:17:42 - DEBUG --> Archivo \components\com_jhotelreservation\classes\services\UserDataService.php 
2016-03-10 12:17:42 - DEBUG --> getUserData 
2016-03-10 12:17:42 - DEBUG --> Archivo \components\com_jhotelreservation\classes\services\UserDataService.php 
2016-03-10 12:17:42 - DEBUG --> setCurrency 
2016-03-10 12:17:42 - DEBUG --> Archivo \components\com_jhotelreservation\classes\services\UserDataService.php 
2016-03-10 12:17:42 - DEBUG --> getUserData 
2016-03-10 12:17:42 - DEBUG --> Archivo \components\com_jhotelreservation\classes\services\UserDataService.php 
2016-03-10 12:17:42 - DEBUG --> getUserData 
2016-03-10 12:17:42 - DEBUG --> Archivo \components\com_jhotelreservation\classes\services\UserDataService.php 
2016-03-10 12:17:42 - DEBUG --> getUserData 
2016-03-10 12:17:42 - DEBUG --> Archivo \components\com_jhotelreservationiews\hotel	mpl\hoteloverview.php 
2016-03-10 12:17:42 - DEBUG --> Accedió 
2016-03-10 12:36:22 - DEBUG --> Archivo \components\com_jhotelreservation\classes\services\UserDataService.php 
2016-03-10 12:36:22 - DEBUG --> initializeUserData 
2016-03-10 12:36:22 - DEBUG --> UserData first: N; 
2016-03-10 12:36:22 - DEBUG --> Archivo \components\com_jhotelreservation\classes\services\UserDataService.php 
2016-03-10 12:36:22 - DEBUG --> createUserData 
2016-03-10 12:36:22 - DEBUG --> UserData end:  a:0:{} 
2016-03-10 12:36:22 - DEBUG --> Archivo \components\com_jhotelreservation\classes\services\UserDataService.php 
2016-03-10 12:36:22 - DEBUG --> initializeUserData 
2016-03-10 12:36:22 - DEBUG --> UserData first: a:0:{} 
2016-03-10 12:36:22 - DEBUG --> UserData end:  a:0:{} 
2016-03-10 12:36:22 - DEBUG --> Archivo \components\com_jhotelreservation\classes\services\UserDataService.php 
2016-03-10 12:36:22 - DEBUG --> initializeReservationData 
2016-03-10 12:36:22 - DEBUG --> UserData: a:0:{} 
2016-03-10 12:36:22 - DEBUG --> Archivo \components\com_jhotelreservation\classes\services\UserDataService.php 
2016-03-10 12:36:22 - DEBUG --> updateUserData 
2016-03-10 12:36:22 - DEBUG --> Archivo \components\com_jhotelreservation\classes\services\UserDataService.php 
2016-03-10 12:36:22 - DEBUG --> getUserData 
2016-03-10 12:36:22 - DEBUG --> Archivo \components\com_jhotelreservation\classes\services\UserDataService.php 
2016-03-10 12:36:22 - DEBUG --> setCurrency 
2016-03-10 12:36:22 - DEBUG --> Archivo \components\com_jhotelreservation\classes\services\UserDataService.php 
2016-03-10 12:36:22 - DEBUG --> getUserData 
2016-03-10 12:36:22 - DEBUG --> Archivo \components\com_jhotelreservation\classes\services\UserDataService.php 
2016-03-10 12:36:22 - DEBUG --> getUserData 
2016-03-10 12:36:22 - DEBUG --> Archivo \components\com_jhotelreservation\classes\services\UserDataService.php 
2016-03-10 12:36:22 - DEBUG --> getUserData 
2016-03-10 12:36:22 - DEBUG --> Archivo \components\com_jhotelreservationiews\hotel	mpl\hoteloverview.php 
2016-03-10 12:36:22 - DEBUG --> Accedió 
2016-03-10 12:42:33 - DEBUG --> Archivo \components\com_jhotelreservation\classes\services\UserDataService.php 
2016-03-10 12:42:33 - DEBUG --> initializeUserData 
2016-03-10 12:42:33 - DEBUG --> UserData first: N; 
2016-03-10 12:42:33 - DEBUG --> Archivo \components\com_jhotelreservation\classes\services\UserDataService.php 
2016-03-10 12:42:33 - DEBUG --> createUserData 
2016-03-10 12:42:33 - DEBUG --> UserData end:  a:0:{} 
2016-03-10 12:42:33 - DEBUG --> Archivo \components\com_jhotelreservation\classes\services\UserDataService.php 
2016-03-10 12:42:33 - DEBUG --> initializeUserData 
2016-03-10 12:42:33 - DEBUG --> UserData first: a:0:{} 
2016-03-10 12:42:33 - DEBUG --> UserData end:  a:0:{} 
2016-03-10 12:42:33 - DEBUG --> Archivo \components\com_jhotelreservation\classes\services\UserDataService.php 
2016-03-10 12:42:33 - DEBUG --> initializeReservationData 
2016-03-10 12:42:33 - DEBUG --> UserData: a:0:{} 
2016-03-10 12:42:33 - DEBUG --> Archivo \components\com_jhotelreservation\classes\services\UserDataService.php 
2016-03-10 12:42:33 - DEBUG --> updateUserData 
2016-03-10 12:42:33 - DEBUG --> Archivo \components\com_jhotelreservation\classes\services\UserDataService.php 
2016-03-10 12:42:33 - DEBUG --> getUserData 
2016-03-10 12:42:33 - DEBUG --> Archivo \components\com_jhotelreservation\classes\services\UserDataService.php 
2016-03-10 12:42:33 - DEBUG --> setCurrency 
2016-03-10 12:42:33 - DEBUG --> Archivo \components\com_jhotelreservation\classes\services\UserDataService.php 
2016-03-10 12:42:33 - DEBUG --> getUserData 
2016-03-10 12:42:33 - DEBUG --> Archivo \components\com_jhotelreservation\classes\services\UserDataService.php 
2016-03-10 12:42:33 - DEBUG --> getUserData 
2016-03-10 12:42:33 - DEBUG --> Archivo \components\com_jhotelreservation\classes\services\UserDataService.php 
2016-03-10 12:42:33 - DEBUG --> getUserData 
2016-03-10 12:42:33 - DEBUG --> Archivo \components\com_jhotelreservationiews\hotel	mpl\hoteloverview.php 
2016-03-10 12:42:33 - DEBUG --> Accedió 
2016-03-10 12:46:53 - DEBUG --> Archivo \components\com_jhotelreservation\classes\services\UserDataService.php 
2016-03-10 12:46:53 - DEBUG --> initializeUserData 
2016-03-10 12:46:53 - DEBUG --> UserData first: N; 
2016-03-10 12:46:53 - DEBUG --> Archivo \components\com_jhotelreservation\classes\services\UserDataService.php 
2016-03-10 12:46:53 - DEBUG --> createUserData 
2016-03-10 12:46:53 - DEBUG --> UserData end:  a:0:{} 
2016-03-10 12:46:53 - DEBUG --> Archivo \components\com_jhotelreservation\classes\services\UserDataService.php 
2016-03-10 12:46:53 - DEBUG --> initializeUserData 
2016-03-10 12:46:53 - DEBUG --> UserData first: a:0:{} 
2016-03-10 12:46:53 - DEBUG --> UserData end:  a:0:{} 
2016-03-10 12:46:53 - DEBUG --> Archivo \components\com_jhotelreservation\classes\services\UserDataService.php 
2016-03-10 12:46:53 - DEBUG --> initializeReservationData 
2016-03-10 12:46:53 - DEBUG --> UserData: a:0:{} 
2016-03-10 12:46:53 - DEBUG --> Archivo \components\com_jhotelreservation\classes\services\UserDataService.php 
2016-03-10 12:46:53 - DEBUG --> updateUserData 
2016-03-10 12:46:53 - DEBUG --> Archivo \components\com_jhotelreservation\classes\services\UserDataService.php 
2016-03-10 12:46:53 - DEBUG --> getUserData 
2016-03-10 12:46:53 - DEBUG --> Archivo \components\com_jhotelreservation\classes\services\UserDataService.php 
2016-03-10 12:46:53 - DEBUG --> setCurrency 
2016-03-10 12:46:53 - DEBUG --> Archivo \components\com_jhotelreservation\classes\services\UserDataService.php 
2016-03-10 12:46:53 - DEBUG --> getUserData 
2016-03-10 12:46:53 - DEBUG --> Archivo \components\com_jhotelreservation\classes\services\UserDataService.php 
2016-03-10 12:46:53 - DEBUG --> getUserData 
2016-03-10 12:46:53 - DEBUG --> Archivo \components\com_jhotelreservation\classes\services\UserDataService.php 
2016-03-10 12:46:53 - DEBUG --> getUserData 
2016-03-10 12:46:53 - DEBUG --> Archivo \components\com_jhotelreservationiews\hotel	mpl\hoteloverview.php 
2016-03-10 12:46:53 - DEBUG --> Accedió 
2016-03-10 12:52:02 - DEBUG --> Archivo \components\com_jhotelreservation\classes\services\UserDataService.php 
2016-03-10 12:52:02 - DEBUG --> initializeUserData 
2016-03-10 12:52:02 - DEBUG --> UserData first: N; 
2016-03-10 12:52:02 - DEBUG --> Archivo \components\com_jhotelreservation\classes\services\UserDataService.php 
2016-03-10 12:52:02 - DEBUG --> createUserData 
2016-03-10 12:52:02 - DEBUG --> UserData end:  a:0:{} 
2016-03-10 12:52:02 - DEBUG --> Archivo \components\com_jhotelreservation\classes\services\UserDataService.php 
2016-03-10 12:52:02 - DEBUG --> initializeUserData 
2016-03-10 12:52:02 - DEBUG --> UserData first: a:0:{} 
2016-03-10 12:52:02 - DEBUG --> UserData end:  a:0:{} 
2016-03-10 12:52:02 - DEBUG --> Archivo \components\com_jhotelreservation\classes\services\UserDataService.php 
2016-03-10 12:52:02 - DEBUG --> initializeReservationData 
2016-03-10 12:52:02 - DEBUG --> UserData: a:0:{} 
2016-03-10 12:52:02 - DEBUG --> Archivo \components\com_jhotelreservation\classes\services\UserDataService.php 
2016-03-10 12:52:02 - DEBUG --> updateUserData 
2016-03-10 12:52:02 - DEBUG --> Archivo \components\com_jhotelreservation\classes\services\UserDataService.php 
2016-03-10 12:52:02 - DEBUG --> getUserData 
2016-03-10 12:52:02 - DEBUG --> Archivo \components\com_jhotelreservation\classes\services\UserDataService.php 
2016-03-10 12:52:02 - DEBUG --> setCurrency 
2016-03-10 12:52:02 - DEBUG --> Archivo \components\com_jhotelreservation\classes\services\UserDataService.php 
2016-03-10 12:52:02 - DEBUG --> getUserData 
2016-03-10 12:52:02 - DEBUG --> Archivo \components\com_jhotelreservation\classes\services\UserDataService.php 
2016-03-10 12:52:02 - DEBUG --> getUserData 
2016-03-10 12:52:02 - DEBUG --> Archivo \components\com_jhotelreservation\classes\services\UserDataService.php 
2016-03-10 12:52:02 - DEBUG --> getUserData 
2016-03-10 14:08:32 - DEBUG --> Archivo \components\com_jhotelreservation\classes\services\UserDataService.php 
2016-03-10 14:08:32 - DEBUG --> initializeUserData 
2016-03-10 14:08:32 - DEBUG --> UserData first: N; 
2016-03-10 14:08:32 - DEBUG --> Archivo \components\com_jhotelreservation\classes\services\UserDataService.php 
2016-03-10 14:08:32 - DEBUG --> createUserData 
2016-03-10 14:08:32 - DEBUG --> UserData end:  a:0:{} 
2016-03-10 14:08:32 - DEBUG --> Archivo \components\com_jhotelreservation\classes\services\UserDataService.php 
2016-03-10 14:08:32 - DEBUG --> initializeUserData 
2016-03-10 14:08:32 - DEBUG --> UserData first: a:0:{} 
2016-03-10 14:08:32 - DEBUG --> UserData end:  a:0:{} 
2016-03-10 14:08:32 - DEBUG --> Archivo \components\com_jhotelreservation\classes\services\UserDataService.php 
2016-03-10 14:08:32 - DEBUG --> initializeReservationData 
2016-03-10 14:08:32 - DEBUG --> UserData: a:0:{} 
2016-03-10 14:08:32 - DEBUG --> Archivo \components\com_jhotelreservation\classes\services\UserDataService.php 
2016-03-10 14:08:32 - DEBUG --> updateUserData 
2016-03-10 14:08:32 - DEBUG --> Archivo \components\com_jhotelreservation\classes\services\UserDataService.php 
2016-03-10 14:08:32 - DEBUG --> getUserData 
2016-03-10 14:08:32 - DEBUG --> Archivo \components\com_jhotelreservation\classes\services\UserDataService.php 
2016-03-10 14:08:32 - DEBUG --> setCurrency 
2016-03-10 14:08:32 - DEBUG --> Archivo \components\com_jhotelreservation\classes\services\UserDataService.php 
2016-03-10 14:08:32 - DEBUG --> getUserData 
2016-03-10 14:08:32 - DEBUG --> Archivo \components\com_jhotelreservation\classes\services\UserDataService.php 
2016-03-10 14:08:32 - DEBUG --> getUserData 
2016-03-10 14:08:32 - DEBUG --> Archivo \components\com_jhotelreservation\classes\services\UserDataService.php 
2016-03-10 14:08:32 - DEBUG --> getUserData 
2016-03-10 15:41:12 - DEBUG --> Archivo \components\com_jhotelreservation\classes\services\UserDataService.php 
2016-03-10 15:41:12 - DEBUG --> initializeUserData 
2016-03-10 15:41:12 - DEBUG --> UserData first: N; 
2016-03-10 15:41:12 - DEBUG --> Archivo \components\com_jhotelreservation\classes\services\UserDataService.php 
2016-03-10 15:41:12 - DEBUG --> createUserData 
2016-03-10 15:41:12 - DEBUG --> UserData end:  a:0:{} 
2016-03-10 15:41:12 - DEBUG --> Archivo \components\com_jhotelreservation\classes\services\UserDataService.php 
2016-03-10 15:41:12 - DEBUG --> initializeUserData 
2016-03-10 15:41:12 - DEBUG --> UserData first: a:0:{} 
2016-03-10 15:41:12 - DEBUG --> UserData end:  a:0:{} 
2016-03-10 15:41:12 - DEBUG --> Archivo \components\com_jhotelreservation\classes\services\UserDataService.php 
2016-03-10 15:41:12 - DEBUG --> initializeReservationData 
2016-03-10 15:41:12 - DEBUG --> UserData: a:0:{} 
2016-03-10 15:41:12 - DEBUG --> Archivo \components\com_jhotelreservation\classes\services\UserDataService.php 
2016-03-10 15:41:12 - DEBUG --> updateUserData 
2016-03-10 15:41:12 - DEBUG --> Archivo \components\com_jhotelreservation\classes\services\UserDataService.php 
2016-03-10 15:41:12 - DEBUG --> getUserData 
2016-03-10 15:41:12 - DEBUG --> Archivo \components\com_jhotelreservation\classes\services\UserDataService.php 
2016-03-10 15:41:12 - DEBUG --> setCurrency 
2016-03-10 15:41:12 - DEBUG --> Archivo \components\com_jhotelreservation\classes\services\UserDataService.php 
2016-03-10 15:41:12 - DEBUG --> getUserData 
2016-03-10 15:41:12 - DEBUG --> Archivo \components\com_jhotelreservation\classes\services\UserDataService.php 
2016-03-10 15:41:12 - DEBUG --> getUserData 
2016-03-10 15:41:12 - DEBUG --> Archivo \components\com_jhotelreservation\classes\services\UserDataService.php 
2016-03-10 15:41:12 - DEBUG --> getUserData 
2016-03-10 15:44:25 - DEBUG --> Archivo \components\com_jhotelreservation\classes\services\UserDataService.php 
2016-03-10 15:44:25 - DEBUG --> initializeUserData 
2016-03-10 15:44:25 - DEBUG --> UserData first: N; 
2016-03-10 15:44:25 - DEBUG --> Archivo \components\com_jhotelreservation\classes\services\UserDataService.php 
2016-03-10 15:44:25 - DEBUG --> createUserData 
2016-03-10 15:44:25 - DEBUG --> UserData end:  a:0:{} 
2016-03-10 15:44:25 - DEBUG --> Archivo \components\com_jhotelreservation\classes\services\UserDataService.php 
2016-03-10 15:44:25 - DEBUG --> initializeUserData 
2016-03-10 15:44:25 - DEBUG --> UserData first: a:0:{} 
2016-03-10 15:44:25 - DEBUG --> UserData end:  a:0:{} 
2016-03-10 15:44:25 - DEBUG --> Archivo \components\com_jhotelreservation\classes\services\UserDataService.php 
2016-03-10 15:44:25 - DEBUG --> initializeReservationData 
2016-03-10 15:44:25 - DEBUG --> UserData: a:0:{} 
2016-03-10 15:44:25 - DEBUG --> Archivo \components\com_jhotelreservation\classes\services\UserDataService.php 
2016-03-10 15:44:25 - DEBUG --> updateUserData 
2016-03-10 15:44:25 - DEBUG --> Archivo \components\com_jhotelreservation\classes\services\UserDataService.php 
2016-03-10 15:44:25 - DEBUG --> getUserData 
2016-03-10 15:44:25 - DEBUG --> Archivo \components\com_jhotelreservation\classes\services\UserDataService.php 
2016-03-10 15:44:25 - DEBUG --> setCurrency 
2016-03-10 15:44:25 - DEBUG --> Archivo \components\com_jhotelreservation\classes\services\UserDataService.php 
2016-03-10 15:44:25 - DEBUG --> getUserData 
2016-03-10 15:44:25 - DEBUG --> Archivo \components\com_jhotelreservation\classes\services\UserDataService.php 
2016-03-10 15:44:25 - DEBUG --> getUserData 
2016-03-10 15:44:25 - DEBUG --> Archivo \components\com_jhotelreservation\classes\services\UserDataService.php 
2016-03-10 15:44:25 - DEBUG --> getUserData 
2016-03-10 15:44:25 - DEBUG --> Archivo \components\com_jhotelreservationiews\hotel	mpl\hoteloverview.php 
2016-03-10 15:44:25 - DEBUG --> Accedió 
2016-03-10 15:47:52 - DEBUG --> Archivo \components\com_jhotelreservation\classes\services\UserDataService.php 
2016-03-10 15:47:52 - DEBUG --> initializeUserData 
2016-03-10 15:47:52 - DEBUG --> UserData first: a:0:{} 
2016-03-10 15:47:52 - DEBUG --> Archivo \components\com_jhotelreservation\classes\services\UserDataService.php 
2016-03-10 15:47:52 - DEBUG --> createUserData 
2016-03-10 15:47:52 - DEBUG --> voucher:  
2016-03-10 15:47:52 - DEBUG --> UserData end:  a:0:{} 
2016-03-10 15:47:52 - DEBUG --> Archivo \components\com_jhotelreservation\classes\services\UserDataService.php 
2016-03-10 15:47:52 - DEBUG --> initializeUserData 
2016-03-10 15:47:52 - DEBUG --> UserData first: a:0:{} 
2016-03-10 15:47:52 - DEBUG --> Archivo \components\com_jhotelreservation\classes\services\UserDataService.php 
2016-03-10 15:47:52 - DEBUG --> createUserData 
2016-03-10 15:47:52 - DEBUG --> voucher:  
2016-03-10 15:47:52 - DEBUG --> UserData end:  a:0:{} 
2016-03-10 15:48:03 - DEBUG --> Archivo \components\com_jhotelreservation\classes\services\UserDataService.php 
2016-03-10 15:48:03 - DEBUG --> initializeUserData 
2016-03-10 15:48:03 - DEBUG --> UserData first: a:0:{} 
2016-03-10 15:48:03 - DEBUG --> UserData end:  a:0:{} 
2016-03-10 15:48:03 - DEBUG --> Archivo \components\com_jhotelreservation\classes\services\UserDataService.php 
2016-03-10 15:48:03 - DEBUG --> initializeUserData 
2016-03-10 15:48:03 - DEBUG --> UserData first: a:0:{} 
2016-03-10 15:48:03 - DEBUG --> UserData end:  a:0:{} 
2016-03-10 15:48:03 - DEBUG --> Archivo \components\com_jhotelreservation\classes\services\UserDataService.php 
2016-03-10 15:48:03 - DEBUG --> initializeReservationData 
2016-03-10 15:48:03 - DEBUG --> UserData: a:0:{} 
2016-03-10 15:48:03 - DEBUG --> Archivo \components\com_jhotelreservation\classes\services\UserDataService.php 
2016-03-10 15:48:03 - DEBUG --> updateUserData 
2016-03-10 15:48:03 - DEBUG --> Archivo \components\com_jhotelreservation\classes\services\UserDataService.php 
2016-03-10 15:48:03 - DEBUG --> getUserData 
2016-03-10 15:48:03 - DEBUG --> Archivo \components\com_jhotelreservation\classes\services\UserDataService.php 
2016-03-10 15:48:03 - DEBUG --> setCurrency 
2016-03-10 15:48:03 - DEBUG --> Archivo \components\com_jhotelreservation\classes\services\UserDataService.php 
2016-03-10 15:48:03 - DEBUG --> getUserData 
2016-03-10 15:48:03 - DEBUG --> Archivo \components\com_jhotelreservation\classes\services\UserDataService.php 
2016-03-10 15:48:03 - DEBUG --> getUserData 
2016-03-10 15:48:03 - DEBUG --> Archivo \components\com_jhotelreservation\classes\services\UserDataService.php 
2016-03-10 15:48:03 - DEBUG --> getUserData 
2016-03-10 15:48:03 - DEBUG --> Archivo \components\com_jhotelreservationiews\hotel	mpl\hoteloverview.php 
2016-03-10 15:48:03 - DEBUG --> Accedió 
2016-03-10 15:48:56 - DEBUG --> Archivo \components\com_jhotelreservation\classes\services\UserDataService.php 
2016-03-10 15:48:56 - DEBUG --> initializeUserData 
2016-03-10 15:48:56 - DEBUG --> UserData first: a:0:{} 
2016-03-10 15:48:56 - DEBUG --> UserData end:  a:0:{} 
2016-03-10 15:48:56 - DEBUG --> Archivo \components\com_jhotelreservation\classes\services\UserDataService.php 
2016-03-10 15:48:56 - DEBUG --> reserveRoom hotelId= 34, reservedItem = 0|70, current = 1 
2016-03-10 15:48:56 - DEBUG --> Reserved items: a:1:{i:0;s:6:"0|70|1";} 
2016-03-10 15:48:56 - DEBUG --> Archivo \components\com_jhotelreservation\classes\services\UserDataService.php 
2016-03-10 15:48:56 - DEBUG --> initializeUserData 
2016-03-10 15:48:56 - DEBUG --> UserData first: a:1:{i:0;s:6:"0|70|1";} 
2016-03-10 15:48:56 - DEBUG --> UserData end:  a:1:{i:0;s:6:"0|70|1";} 
2016-03-10 15:48:56 - DEBUG --> Archivo \components\com_jhotelreservation\classes\services\UserDataService.php 
2016-03-10 15:48:56 - DEBUG --> getUserData 
2016-03-10 15:48:56 - DEBUG --> Archivo \components\com_jhotelreservation\classes\services\UserDataService.php 
2016-03-10 15:48:56 - DEBUG --> getUserData 
2016-03-10 15:48:57 - DEBUG --> Archivo \components\com_jhotelreservation\classes\services\UserDataService.php 
2016-03-10 15:48:57 - DEBUG --> initializeUserData 
2016-03-10 15:48:57 - DEBUG --> UserData first: a:1:{i:0;s:6:"0|70|1";} 
2016-03-10 15:48:57 - DEBUG --> UserData end:  a:1:{i:0;s:6:"0|70|1";} 
2016-03-10 15:48:57 - DEBUG --> Archivo \components\com_jhotelreservation\classes\services\UserDataService.php 
2016-03-10 15:48:57 - DEBUG --> getUserData 
2016-03-10 15:48:57 - DEBUG --> Archivo \components\com_jhotelreservation\classes\services\UserDataService.php 
2016-03-10 15:48:57 - DEBUG --> getUserData 
2016-03-10 15:48:57 - DEBUG --> Archivo \components\com_jhotelreservation\classes\services\UserDataService.php 
2016-03-10 15:48:57 - DEBUG --> getUserData 
2016-03-10 15:55:53 - DEBUG --> Archivo \components\com_jhotelreservation\classes\services\UserDataService.php 
2016-03-10 15:55:53 - DEBUG --> initializeUserData 
2016-03-10 15:55:53 - DEBUG --> UserData first: N; 
2016-03-10 15:55:53 - DEBUG --> Archivo \components\com_jhotelreservation\classes\services\UserDataService.php 
2016-03-10 15:55:53 - DEBUG --> createUserData 
2016-03-10 15:55:53 - DEBUG --> UserData end:  a:0:{} 
2016-03-10 15:55:53 - DEBUG --> Archivo \components\com_jhotelreservation\classes\services\UserDataService.php 
2016-03-10 15:55:53 - DEBUG --> initializeUserData 
2016-03-10 15:55:53 - DEBUG --> UserData first: a:0:{} 
2016-03-10 15:55:53 - DEBUG --> UserData end:  a:0:{} 
2016-03-10 15:55:53 - DEBUG --> Archivo \components\com_jhotelreservation\classes\services\UserDataService.php 
2016-03-10 15:55:53 - DEBUG --> initializeReservationData 
2016-03-10 15:55:53 - DEBUG --> UserData: a:0:{} 
2016-03-10 15:55:53 - DEBUG --> Archivo \components\com_jhotelreservation\classes\services\UserDataService.php 
2016-03-10 15:55:53 - DEBUG --> updateUserData 
2016-03-10 15:55:53 - DEBUG --> Archivo \components\com_jhotelreservation\classes\services\UserDataService.php 
2016-03-10 15:55:53 - DEBUG --> getUserData 
2016-03-10 15:55:53 - DEBUG --> Archivo \components\com_jhotelreservation\classes\services\UserDataService.php 
2016-03-10 15:55:53 - DEBUG --> setCurrency 
2016-03-10 15:55:53 - DEBUG --> Archivo \components\com_jhotelreservation\classes\services\UserDataService.php 
2016-03-10 15:55:53 - DEBUG --> getUserData 
2016-03-10 15:55:53 - DEBUG --> Archivo \components\com_jhotelreservation\classes\services\UserDataService.php 
2016-03-10 15:55:53 - DEBUG --> getUserData 
2016-03-10 15:55:53 - DEBUG --> Archivo \components\com_jhotelreservation\classes\services\UserDataService.php 
2016-03-10 15:55:53 - DEBUG --> getUserData 
2016-03-10 15:55:53 - DEBUG --> Archivo \components\com_jhotelreservationiews\hotel	mpl\hoteloverview.php 
2016-03-10 15:55:53 - DEBUG --> Accedió 
2016-03-10 16:54:42 - DEBUG --> Archivo \components\com_jhotelreservation\classes\services\UserDataService.php 
2016-03-10 16:54:42 - DEBUG --> initializeUserData 
2016-03-10 16:54:42 - DEBUG --> UserData first: N; 
2016-03-10 16:54:42 - DEBUG --> Archivo \components\com_jhotelreservation\classes\services\UserDataService.php 
2016-03-10 16:54:42 - DEBUG --> createUserData 
2016-03-10 16:54:42 - DEBUG --> UserData end:  a:0:{} 
2016-03-10 16:54:42 - DEBUG --> Archivo \components\com_jhotelreservation\classes\services\UserDataService.php 
2016-03-10 16:54:42 - DEBUG --> initializeUserData 
2016-03-10 16:54:42 - DEBUG --> UserData first: a:0:{} 
2016-03-10 16:54:42 - DEBUG --> UserData end:  a:0:{} 
2016-03-10 16:54:42 - DEBUG --> Archivo \components\com_jhotelreservation\classes\services\UserDataService.php 
2016-03-10 16:54:42 - DEBUG --> initializeReservationData 
2016-03-10 16:54:42 - DEBUG --> UserData: a:0:{} 
2016-03-10 16:54:42 - DEBUG --> Archivo \components\com_jhotelreservation\classes\services\UserDataService.php 
2016-03-10 16:54:42 - DEBUG --> updateUserData 
2016-03-10 16:54:42 - DEBUG --> Archivo \components\com_jhotelreservation\classes\services\UserDataService.php 
2016-03-10 16:54:42 - DEBUG --> getUserData 
2016-03-10 16:54:42 - DEBUG --> Archivo \components\com_jhotelreservation\classes\services\UserDataService.php 
2016-03-10 16:54:42 - DEBUG --> setCurrency 
2016-03-10 16:54:42 - DEBUG --> Archivo \components\com_jhotelreservation\classes\services\UserDataService.php 
2016-03-10 16:54:42 - DEBUG --> getUserData 
2016-03-10 16:54:42 - DEBUG --> Archivo \components\com_jhotelreservation\classes\services\UserDataService.php 
2016-03-10 16:54:42 - DEBUG --> getUserData 
2016-03-10 16:54:42 - DEBUG --> Archivo \components\com_jhotelreservation\classes\services\UserDataService.php 
2016-03-10 16:54:42 - DEBUG --> getUserData 
2016-03-10 17:06:53 - DEBUG --> Archivo \components\com_jhotelreservation\classes\services\UserDataService.php 
2016-03-10 17:06:53 - DEBUG --> initializeUserData 
2016-03-10 17:06:53 - DEBUG --> UserData first: N; 
2016-03-10 17:06:53 - DEBUG --> Archivo \components\com_jhotelreservation\classes\services\UserDataService.php 
2016-03-10 17:06:53 - DEBUG --> createUserData 
2016-03-10 17:06:53 - DEBUG --> UserData end:  a:0:{} 
2016-03-10 17:06:53 - DEBUG --> Archivo \components\com_jhotelreservation\classes\services\UserDataService.php 
2016-03-10 17:06:53 - DEBUG --> initializeUserData 
2016-03-10 17:06:53 - DEBUG --> UserData first: a:0:{} 
2016-03-10 17:06:53 - DEBUG --> UserData end:  a:0:{} 
2016-03-10 17:06:53 - DEBUG --> Archivo \components\com_jhotelreservation\classes\services\UserDataService.php 
2016-03-10 17:06:53 - DEBUG --> initializeReservationData 
2016-03-10 17:06:53 - DEBUG --> UserData: a:0:{} 
2016-03-10 17:06:53 - DEBUG --> Archivo \components\com_jhotelreservation\classes\services\UserDataService.php 
2016-03-10 17:06:53 - DEBUG --> updateUserData 
2016-03-10 17:06:53 - DEBUG --> Archivo \components\com_jhotelreservation\classes\services\UserDataService.php 
2016-03-10 17:06:53 - DEBUG --> getUserData 
2016-03-10 17:06:53 - DEBUG --> Archivo \components\com_jhotelreservation\classes\services\UserDataService.php 
2016-03-10 17:06:53 - DEBUG --> setCurrency 
2016-03-10 17:06:53 - DEBUG --> Archivo \components\com_jhotelreservation\classes\services\UserDataService.php 
2016-03-10 17:06:53 - DEBUG --> getUserData 
2016-03-10 17:06:53 - DEBUG --> Archivo \components\com_jhotelreservation\classes\services\UserDataService.php 
2016-03-10 17:06:53 - DEBUG --> getUserData 
2016-03-10 17:06:53 - DEBUG --> Archivo \components\com_jhotelreservation\classes\services\UserDataService.php 
2016-03-10 17:06:53 - DEBUG --> getUserData 
2016-03-10 17:06:53 - DEBUG --> Archivo \components\com_jhotelreservationiews\hotel	mpl\hoteloverview.php 
2016-03-10 17:06:53 - DEBUG --> Accedió 
2016-03-10 20:31:58 - DEBUG --> Archivo \components\com_jhotelreservation\classes\services\UserDataService.php 
2016-03-10 20:31:58 - DEBUG --> initializeUserData 
2016-03-10 20:31:58 - DEBUG --> UserData first: N; 
2016-03-10 20:31:58 - DEBUG --> Archivo \components\com_jhotelreservation\classes\services\UserDataService.php 
2016-03-10 20:31:58 - DEBUG --> createUserData 
2016-03-10 20:31:58 - DEBUG --> UserData end:  a:0:{} 
2016-03-10 20:31:58 - DEBUG --> Archivo \components\com_jhotelreservation\classes\services\UserDataService.php 
2016-03-10 20:31:58 - DEBUG --> initializeUserData 
2016-03-10 20:31:58 - DEBUG --> UserData first: a:0:{} 
2016-03-10 20:31:58 - DEBUG --> UserData end:  a:0:{} 
2016-03-10 20:31:58 - DEBUG --> Archivo \components\com_jhotelreservation\classes\services\UserDataService.php 
2016-03-10 20:31:58 - DEBUG --> initializeReservationData 
2016-03-10 20:31:58 - DEBUG --> UserData: a:0:{} 
2016-03-10 20:31:58 - DEBUG --> Archivo \components\com_jhotelreservation\classes\services\UserDataService.php 
2016-03-10 20:31:58 - DEBUG --> updateUserData 
2016-03-10 20:31:58 - DEBUG --> Archivo \components\com_jhotelreservation\classes\services\UserDataService.php 
2016-03-10 20:31:58 - DEBUG --> getUserData 
2016-03-10 20:31:58 - DEBUG --> Archivo \components\com_jhotelreservation\classes\services\UserDataService.php 
2016-03-10 20:31:58 - DEBUG --> setCurrency 
2016-03-10 20:31:58 - DEBUG --> Archivo \components\com_jhotelreservation\classes\services\UserDataService.php 
2016-03-10 20:31:58 - DEBUG --> getUserData 
2016-03-10 20:31:58 - DEBUG --> Archivo \components\com_jhotelreservation\classes\services\UserDataService.php 
2016-03-10 20:31:58 - DEBUG --> getUserData 
2016-03-10 20:31:58 - DEBUG --> Archivo \components\com_jhotelreservation\classes\services\UserDataService.php 
2016-03-10 20:31:58 - DEBUG --> getUserData 
2016-03-10 20:31:58 - DEBUG --> Archivo \components\com_jhotelreservationiews\hotel	mpl\hoteloverview.php 
2016-03-10 20:31:58 - DEBUG --> Accedió 
2016-03-10 20:47:17 - DEBUG --> Archivo \components\com_jhotelreservation\classes\services\UserDataService.php 
2016-03-10 20:47:17 - DEBUG --> initializeUserData 
2016-03-10 20:47:17 - DEBUG --> UserData first: N; 
2016-03-10 20:47:17 - DEBUG --> Archivo \components\com_jhotelreservation\classes\services\UserDataService.php 
2016-03-10 20:47:17 - DEBUG --> createUserData 
2016-03-10 20:47:17 - DEBUG --> UserData end:  a:0:{} 
2016-03-10 20:47:17 - DEBUG --> Archivo \components\com_jhotelreservation\classes\services\UserDataService.php 
2016-03-10 20:47:17 - DEBUG --> initializeUserData 
2016-03-10 20:47:17 - DEBUG --> UserData first: a:0:{} 
2016-03-10 20:47:17 - DEBUG --> UserData end:  a:0:{} 
2016-03-10 20:47:17 - DEBUG --> Archivo \components\com_jhotelreservation\classes\services\UserDataService.php 
2016-03-10 20:47:17 - DEBUG --> initializeReservationData 
2016-03-10 20:47:17 - DEBUG --> UserData: a:0:{} 
2016-03-10 20:47:17 - DEBUG --> Archivo \components\com_jhotelreservation\classes\services\UserDataService.php 
2016-03-10 20:47:17 - DEBUG --> updateUserData 
2016-03-10 20:47:17 - DEBUG --> Archivo \components\com_jhotelreservation\classes\services\UserDataService.php 
2016-03-10 20:47:17 - DEBUG --> getUserData 
2016-03-10 20:47:17 - DEBUG --> Archivo \components\com_jhotelreservation\classes\services\UserDataService.php 
2016-03-10 20:47:17 - DEBUG --> setCurrency 
2016-03-10 20:47:17 - DEBUG --> Archivo \components\com_jhotelreservation\classes\services\UserDataService.php 
2016-03-10 20:47:17 - DEBUG --> getUserData 
2016-03-10 20:47:17 - DEBUG --> Archivo \components\com_jhotelreservation\classes\services\UserDataService.php 
2016-03-10 20:47:17 - DEBUG --> getUserData 
2016-03-10 20:47:17 - DEBUG --> Archivo \components\com_jhotelreservation\classes\services\UserDataService.php 
2016-03-10 20:47:17 - DEBUG --> getUserData 
2016-03-10 20:47:17 - DEBUG --> Archivo \components\com_jhotelreservationiews\hotel	mpl\hoteloverview.php 
2016-03-10 20:47:17 - DEBUG --> Accedió 
2016-03-10 20:49:29 - DEBUG --> Archivo \components\com_jhotelreservation\classes\services\UserDataService.php 
2016-03-10 20:49:29 - DEBUG --> initializeUserData 
2016-03-10 20:49:29 - DEBUG --> UserData first: N; 
2016-03-10 20:49:29 - DEBUG --> Archivo \components\com_jhotelreservation\classes\services\UserDataService.php 
2016-03-10 20:49:29 - DEBUG --> createUserData 
2016-03-10 20:49:29 - DEBUG --> UserData end:  a:0:{} 
2016-03-10 20:49:29 - DEBUG --> Archivo \components\com_jhotelreservation\classes\services\UserDataService.php 
2016-03-10 20:49:29 - DEBUG --> initializeUserData 
2016-03-10 20:49:29 - DEBUG --> UserData first: a:0:{} 
2016-03-10 20:49:29 - DEBUG --> UserData end:  a:0:{} 
2016-03-10 20:49:29 - DEBUG --> Archivo \components\com_jhotelreservation\classes\services\UserDataService.php 
2016-03-10 20:49:29 - DEBUG --> initializeReservationData 
2016-03-10 20:49:29 - DEBUG --> UserData: a:0:{} 
2016-03-10 20:49:29 - DEBUG --> Archivo \components\com_jhotelreservation\classes\services\UserDataService.php 
2016-03-10 20:49:29 - DEBUG --> updateUserData 
2016-03-10 20:49:29 - DEBUG --> Archivo \components\com_jhotelreservation\classes\services\UserDataService.php 
2016-03-10 20:49:29 - DEBUG --> getUserData 
2016-03-10 20:49:29 - DEBUG --> Archivo \components\com_jhotelreservation\classes\services\UserDataService.php 
2016-03-10 20:49:29 - DEBUG --> setCurrency 
2016-03-10 20:49:29 - DEBUG --> Archivo \components\com_jhotelreservation\classes\services\UserDataService.php 
2016-03-10 20:49:29 - DEBUG --> getUserData 
2016-03-10 20:49:29 - DEBUG --> Archivo \components\com_jhotelreservation\classes\services\UserDataService.php 
2016-03-10 20:49:29 - DEBUG --> getUserData 
2016-03-10 20:49:29 - DEBUG --> Archivo \components\com_jhotelreservation\classes\services\UserDataService.php 
2016-03-10 20:49:29 - DEBUG --> getUserData 
2016-03-10 20:49:57 - DEBUG --> Archivo \components\com_jhotelreservation\classes\services\UserDataService.php 
2016-03-10 20:49:57 - DEBUG --> initializeUserData 
2016-03-10 20:49:57 - DEBUG --> UserData first: N; 
2016-03-10 20:49:57 - DEBUG --> Archivo \components\com_jhotelreservation\classes\services\UserDataService.php 
2016-03-10 20:49:57 - DEBUG --> createUserData 
2016-03-10 20:49:57 - DEBUG --> UserData end:  a:0:{} 
2016-03-10 20:49:57 - DEBUG --> Archivo \components\com_jhotelreservation\classes\services\UserDataService.php 
2016-03-10 20:49:57 - DEBUG --> initializeUserData 
2016-03-10 20:49:57 - DEBUG --> UserData first: a:0:{} 
2016-03-10 20:49:57 - DEBUG --> UserData end:  a:0:{} 
2016-03-10 20:49:57 - DEBUG --> Archivo \components\com_jhotelreservation\classes\services\UserDataService.php 
2016-03-10 20:49:57 - DEBUG --> initializeReservationData 
2016-03-10 20:49:57 - DEBUG --> UserData: a:0:{} 
2016-03-10 20:49:57 - DEBUG --> Archivo \components\com_jhotelreservation\classes\services\UserDataService.php 
2016-03-10 20:49:57 - DEBUG --> updateUserData 
2016-03-10 20:49:57 - DEBUG --> Archivo \components\com_jhotelreservation\classes\services\UserDataService.php 
2016-03-10 20:49:57 - DEBUG --> getUserData 
2016-03-10 20:49:57 - DEBUG --> Archivo \components\com_jhotelreservation\classes\services\UserDataService.php 
2016-03-10 20:49:57 - DEBUG --> setCurrency 
2016-03-10 20:49:57 - DEBUG --> Archivo \components\com_jhotelreservation\classes\services\UserDataService.php 
2016-03-10 20:49:57 - DEBUG --> getUserData 
2016-03-10 20:49:57 - DEBUG --> Archivo \components\com_jhotelreservation\classes\services\UserDataService.php 
2016-03-10 20:49:57 - DEBUG --> getUserData 
2016-03-10 20:49:57 - DEBUG --> Archivo \components\com_jhotelreservation\classes\services\UserDataService.php 
2016-03-10 20:49:57 - DEBUG --> getUserData 
2016-03-10 20:50:56 - DEBUG --> Archivo \components\com_jhotelreservation\classes\services\UserDataService.php 
2016-03-10 20:50:56 - DEBUG --> initializeUserData 
2016-03-10 20:50:56 - DEBUG --> UserData first: N; 
2016-03-10 20:50:56 - DEBUG --> Archivo \components\com_jhotelreservation\classes\services\UserDataService.php 
2016-03-10 20:50:56 - DEBUG --> createUserData 
2016-03-10 20:50:56 - DEBUG --> UserData end:  a:0:{} 
2016-03-10 20:50:56 - DEBUG --> Archivo \components\com_jhotelreservation\classes\services\UserDataService.php 
2016-03-10 20:50:56 - DEBUG --> initializeUserData 
2016-03-10 20:50:56 - DEBUG --> UserData first: a:0:{} 
2016-03-10 20:50:56 - DEBUG --> UserData end:  a:0:{} 
2016-03-10 20:50:56 - DEBUG --> Archivo \components\com_jhotelreservation\classes\services\UserDataService.php 
2016-03-10 20:50:56 - DEBUG --> initializeReservationData 
2016-03-10 20:50:56 - DEBUG --> UserData: a:0:{} 
2016-03-10 20:50:56 - DEBUG --> Archivo \components\com_jhotelreservation\classes\services\UserDataService.php 
2016-03-10 20:50:56 - DEBUG --> updateUserData 
2016-03-10 20:50:56 - DEBUG --> Archivo \components\com_jhotelreservation\classes\services\UserDataService.php 
2016-03-10 20:50:56 - DEBUG --> getUserData 
2016-03-10 20:50:56 - DEBUG --> Archivo \components\com_jhotelreservation\classes\services\UserDataService.php 
2016-03-10 20:50:56 - DEBUG --> setCurrency 
2016-03-10 20:50:56 - DEBUG --> Archivo \components\com_jhotelreservation\classes\services\UserDataService.php 
2016-03-10 20:50:56 - DEBUG --> getUserData 
2016-03-10 20:50:56 - DEBUG --> Archivo \components\com_jhotelreservation\classes\services\UserDataService.php 
2016-03-10 20:50:56 - DEBUG --> getUserData 
2016-03-10 20:50:56 - DEBUG --> Archivo \components\com_jhotelreservation\classes\services\UserDataService.php 
2016-03-10 20:50:56 - DEBUG --> getUserData 
2016-03-10 20:50:56 - DEBUG --> Archivo \components\com_jhotelreservationiews\hotel	mpl\hoteloverview.php 
2016-03-10 20:50:56 - DEBUG --> Accedió 
2016-03-10 20:51:50 - DEBUG --> Archivo \components\com_jhotelreservation\classes\services\UserDataService.php 
2016-03-10 20:51:50 - DEBUG --> initializeUserData 
2016-03-10 20:51:50 - DEBUG --> UserData first: N; 
2016-03-10 20:51:50 - DEBUG --> Archivo \components\com_jhotelreservation\classes\services\UserDataService.php 
2016-03-10 20:51:50 - DEBUG --> createUserData 
2016-03-10 20:51:50 - DEBUG --> UserData end:  a:0:{} 
2016-03-10 20:51:50 - DEBUG --> Archivo \components\com_jhotelreservation\classes\services\UserDataService.php 
2016-03-10 20:51:50 - DEBUG --> initializeUserData 
2016-03-10 20:51:50 - DEBUG --> UserData first: a:0:{} 
2016-03-10 20:51:50 - DEBUG --> UserData end:  a:0:{} 
2016-03-10 20:51:50 - DEBUG --> Archivo \components\com_jhotelreservation\classes\services\UserDataService.php 
2016-03-10 20:51:50 - DEBUG --> initializeReservationData 
2016-03-10 20:51:50 - DEBUG --> UserData: a:0:{} 
2016-03-10 20:51:50 - DEBUG --> Archivo \components\com_jhotelreservation\classes\services\UserDataService.php 
2016-03-10 20:51:50 - DEBUG --> updateUserData 
2016-03-10 20:51:50 - DEBUG --> Archivo \components\com_jhotelreservation\classes\services\UserDataService.php 
2016-03-10 20:51:50 - DEBUG --> getUserData 
2016-03-10 20:51:50 - DEBUG --> Archivo \components\com_jhotelreservation\classes\services\UserDataService.php 
2016-03-10 20:51:50 - DEBUG --> setCurrency 
2016-03-10 20:51:50 - DEBUG --> Archivo \components\com_jhotelreservation\classes\services\UserDataService.php 
2016-03-10 20:51:50 - DEBUG --> getUserData 
2016-03-10 20:51:50 - DEBUG --> Archivo \components\com_jhotelreservation\classes\services\UserDataService.php 
2016-03-10 20:51:50 - DEBUG --> getUserData 
2016-03-10 20:51:50 - DEBUG --> Archivo \components\com_jhotelreservation\classes\services\UserDataService.php 
2016-03-10 20:51:50 - DEBUG --> getUserData 
2016-03-10 20:52:49 - DEBUG --> Archivo \components\com_jhotelreservation\classes\services\UserDataService.php 
2016-03-10 20:52:49 - DEBUG --> initializeUserData 
2016-03-10 20:52:49 - DEBUG --> UserData first: N; 
2016-03-10 20:52:49 - DEBUG --> Archivo \components\com_jhotelreservation\classes\services\UserDataService.php 
2016-03-10 20:52:49 - DEBUG --> createUserData 
2016-03-10 20:52:49 - DEBUG --> UserData end:  a:0:{} 
2016-03-10 20:52:49 - DEBUG --> Archivo \components\com_jhotelreservation\classes\services\UserDataService.php 
2016-03-10 20:52:49 - DEBUG --> initializeUserData 
2016-03-10 20:52:49 - DEBUG --> UserData first: a:0:{} 
2016-03-10 20:52:49 - DEBUG --> UserData end:  a:0:{} 
2016-03-10 20:52:49 - DEBUG --> Archivo \components\com_jhotelreservation\classes\services\UserDataService.php 
2016-03-10 20:52:49 - DEBUG --> initializeReservationData 
2016-03-10 20:52:49 - DEBUG --> UserData: a:0:{} 
2016-03-10 20:52:49 - DEBUG --> Archivo \components\com_jhotelreservation\classes\services\UserDataService.php 
2016-03-10 20:52:49 - DEBUG --> updateUserData 
2016-03-10 20:52:49 - DEBUG --> Archivo \components\com_jhotelreservation\classes\services\UserDataService.php 
2016-03-10 20:52:49 - DEBUG --> getUserData 
2016-03-10 20:52:49 - DEBUG --> Archivo \components\com_jhotelreservation\classes\services\UserDataService.php 
2016-03-10 20:52:49 - DEBUG --> setCurrency 
2016-03-10 20:52:49 - DEBUG --> Archivo \components\com_jhotelreservation\classes\services\UserDataService.php 
2016-03-10 20:52:49 - DEBUG --> getUserData 
2016-03-10 20:52:49 - DEBUG --> Archivo \components\com_jhotelreservation\classes\services\UserDataService.php 
2016-03-10 20:52:49 - DEBUG --> getUserData 
2016-03-10 20:52:49 - DEBUG --> Archivo \components\com_jhotelreservation\classes\services\UserDataService.php 
2016-03-10 20:52:49 - DEBUG --> getUserData 
2016-03-10 20:53:53 - DEBUG --> Archivo \components\com_jhotelreservation\classes\services\UserDataService.php 
2016-03-10 20:53:53 - DEBUG --> initializeUserData 
2016-03-10 20:53:53 - DEBUG --> UserData first: N; 
2016-03-10 20:53:53 - DEBUG --> Archivo \components\com_jhotelreservation\classes\services\UserDataService.php 
2016-03-10 20:53:53 - DEBUG --> createUserData 
2016-03-10 20:53:53 - DEBUG --> UserData end:  a:0:{} 
2016-03-10 20:53:53 - DEBUG --> Archivo \components\com_jhotelreservation\classes\services\UserDataService.php 
2016-03-10 20:53:53 - DEBUG --> initializeUserData 
2016-03-10 20:53:53 - DEBUG --> UserData first: a:0:{} 
2016-03-10 20:53:53 - DEBUG --> UserData end:  a:0:{} 
2016-03-10 20:53:53 - DEBUG --> Archivo \components\com_jhotelreservation\classes\services\UserDataService.php 
2016-03-10 20:53:53 - DEBUG --> initializeReservationData 
2016-03-10 20:53:53 - DEBUG --> UserData: a:0:{} 
2016-03-10 20:53:53 - DEBUG --> Archivo \components\com_jhotelreservation\classes\services\UserDataService.php 
2016-03-10 20:53:53 - DEBUG --> updateUserData 
2016-03-10 20:53:53 - DEBUG --> Archivo \components\com_jhotelreservation\classes\services\UserDataService.php 
2016-03-10 20:53:53 - DEBUG --> getUserData 
2016-03-10 20:53:53 - DEBUG --> Archivo \components\com_jhotelreservation\classes\services\UserDataService.php 
2016-03-10 20:53:53 - DEBUG --> setCurrency 
2016-03-10 20:53:53 - DEBUG --> Archivo \components\com_jhotelreservation\classes\services\UserDataService.php 
2016-03-10 20:53:53 - DEBUG --> getUserData 
2016-03-10 20:53:53 - DEBUG --> Archivo \components\com_jhotelreservation\classes\services\UserDataService.php 
2016-03-10 20:53:53 - DEBUG --> getUserData 
2016-03-10 20:53:53 - DEBUG --> Archivo \components\com_jhotelreservation\classes\services\UserDataService.php 
2016-03-10 20:53:53 - DEBUG --> getUserData 
2016-03-10 20:53:53 - DEBUG --> Archivo \components\com_jhotelreservationiews\hotel	mpl\hoteloverview.php 
2016-03-10 20:53:53 - DEBUG --> Accedió 
2016-03-10 21:25:54 - DEBUG --> Archivo \components\com_jhotelreservation\classes\services\UserDataService.php 
2016-03-10 21:25:54 - DEBUG --> initializeUserData 
2016-03-10 21:25:54 - DEBUG --> UserData first: N; 
2016-03-10 21:25:54 - DEBUG --> Archivo \components\com_jhotelreservation\classes\services\UserDataService.php 
2016-03-10 21:25:54 - DEBUG --> createUserData 
2016-03-10 21:25:54 - DEBUG --> UserData end:  a:0:{} 
2016-03-10 21:25:54 - DEBUG --> Archivo \components\com_jhotelreservation\classes\services\UserDataService.php 
2016-03-10 21:25:54 - DEBUG --> initializeUserData 
2016-03-10 21:25:54 - DEBUG --> UserData first: a:0:{} 
2016-03-10 21:25:54 - DEBUG --> UserData end:  a:0:{} 
2016-03-10 21:25:54 - DEBUG --> Archivo \components\com_jhotelreservation\classes\services\UserDataService.php 
2016-03-10 21:25:54 - DEBUG --> initializeReservationData 
2016-03-10 21:25:54 - DEBUG --> UserData: a:0:{} 
2016-03-10 21:25:54 - DEBUG --> Archivo \components\com_jhotelreservation\classes\services\UserDataService.php 
2016-03-10 21:25:54 - DEBUG --> updateUserData 
2016-03-10 21:25:54 - DEBUG --> Archivo \components\com_jhotelreservation\classes\services\UserDataService.php 
2016-03-10 21:25:54 - DEBUG --> getUserData 
2016-03-10 21:25:54 - DEBUG --> Archivo \components\com_jhotelreservation\classes\services\UserDataService.php 
2016-03-10 21:25:54 - DEBUG --> setCurrency 
2016-03-10 21:25:54 - DEBUG --> Archivo \components\com_jhotelreservation\classes\services\UserDataService.php 
2016-03-10 21:25:54 - DEBUG --> getUserData 
2016-03-10 21:25:54 - DEBUG --> Archivo \components\com_jhotelreservation\classes\services\UserDataService.php 
2016-03-10 21:25:54 - DEBUG --> getUserData 
2016-03-10 21:25:54 - DEBUG --> Archivo \components\com_jhotelreservation\classes\services\UserDataService.php 
2016-03-10 21:25:54 - DEBUG --> getUserData 
2016-03-10 22:24:26 - DEBUG --> Archivo \components\com_jhotelreservation\classes\services\UserDataService.php 
2016-03-10 22:24:26 - DEBUG --> initializeUserData 
2016-03-10 22:24:26 - DEBUG --> UserData first: N; 
2016-03-10 22:24:26 - DEBUG --> Archivo \components\com_jhotelreservation\classes\services\UserDataService.php 
2016-03-10 22:24:26 - DEBUG --> createUserData 
2016-03-10 22:24:26 - DEBUG --> UserData end:  a:0:{} 
2016-03-10 22:24:26 - DEBUG --> Archivo \components\com_jhotelreservation\classes\services\UserDataService.php 
2016-03-10 22:24:26 - DEBUG --> initializeUserData 
2016-03-10 22:24:26 - DEBUG --> UserData first: a:0:{} 
2016-03-10 22:24:26 - DEBUG --> UserData end:  a:0:{} 
2016-03-10 22:24:26 - DEBUG --> Archivo \components\com_jhotelreservation\classes\services\UserDataService.php 
2016-03-10 22:24:26 - DEBUG --> initializeReservationData 
2016-03-10 22:24:26 - DEBUG --> UserData: a:0:{} 
2016-03-10 22:24:26 - DEBUG --> Archivo \components\com_jhotelreservation\classes\services\UserDataService.php 
2016-03-10 22:24:26 - DEBUG --> updateUserData 
2016-03-10 22:24:26 - DEBUG --> Archivo \components\com_jhotelreservation\classes\services\UserDataService.php 
2016-03-10 22:24:26 - DEBUG --> getUserData 
2016-03-10 22:24:26 - DEBUG --> Archivo \components\com_jhotelreservation\classes\services\UserDataService.php 
2016-03-10 22:24:26 - DEBUG --> setCurrency 
2016-03-10 22:24:26 - DEBUG --> Archivo \components\com_jhotelreservation\classes\services\UserDataService.php 
2016-03-10 22:24:26 - DEBUG --> getUserData 
2016-03-10 22:24:26 - DEBUG --> Archivo \components\com_jhotelreservation\classes\services\UserDataService.php 
2016-03-10 22:24:26 - DEBUG --> getUserData 
2016-03-10 22:24:26 - DEBUG --> Archivo \components\com_jhotelreservation\classes\services\UserDataService.php 
2016-03-10 22:24:26 - DEBUG --> getUserData 
2016-03-10 22:24:26 - DEBUG --> Archivo \components\com_jhotelreservationiews\hotel	mpl\hoteloverview.php 
2016-03-10 22:24:26 - DEBUG --> Accedió 
2016-03-10 23:31:58 - DEBUG --> Archivo \components\com_jhotelreservation\classes\services\UserDataService.php 
2016-03-10 23:31:58 - DEBUG --> initializeUserData 
2016-03-10 23:31:58 - DEBUG --> UserData first: N; 
2016-03-10 23:31:58 - DEBUG --> Archivo \components\com_jhotelreservation\classes\services\UserDataService.php 
2016-03-10 23:31:58 - DEBUG --> createUserData 
2016-03-10 23:31:58 - DEBUG --> UserData end:  a:0:{} 
2016-03-10 23:38:08 - DEBUG --> Archivo \components\com_jhotelreservation\classes\services\UserDataService.php 
2016-03-10 23:38:08 - DEBUG --> initializeUserData 
2016-03-10 23:38:08 - DEBUG --> UserData first: N; 
2016-03-10 23:38:08 - DEBUG --> Archivo \components\com_jhotelreservation\classes\services\UserDataService.php 
2016-03-10 23:38:08 - DEBUG --> createUserData 
2016-03-10 23:38:08 - DEBUG --> UserData end:  a:0:{} 
2016-03-10 23:38:08 - DEBUG --> Archivo \components\com_jhotelreservation\classes\services\UserDataService.php 
2016-03-10 23:38:08 - DEBUG --> initializeUserData 
2016-03-10 23:38:08 - DEBUG --> UserData first: a:0:{} 
2016-03-10 23:38:08 - DEBUG --> UserData end:  a:0:{} 
2016-03-10 23:38:08 - DEBUG --> Archivo \components\com_jhotelreservation\classes\services\UserDataService.php 
2016-03-10 23:38:08 - DEBUG --> initializeReservationData 
2016-03-10 23:38:08 - DEBUG --> UserData: a:0:{} 
2016-03-10 23:38:08 - DEBUG --> Archivo \components\com_jhotelreservation\classes\services\UserDataService.php 
2016-03-10 23:38:08 - DEBUG --> updateUserData 
2016-03-10 23:38:08 - DEBUG --> Archivo \components\com_jhotelreservation\classes\services\UserDataService.php 
2016-03-10 23:38:08 - DEBUG --> getUserData 
2016-03-10 23:38:08 - DEBUG --> Archivo \components\com_jhotelreservation\classes\services\UserDataService.php 
2016-03-10 23:38:08 - DEBUG --> setCurrency 
2016-03-10 23:38:08 - DEBUG --> Archivo \components\com_jhotelreservation\classes\services\UserDataService.php 
2016-03-10 23:38:08 - DEBUG --> getUserData 
2016-03-10 23:38:08 - DEBUG --> Archivo \components\com_jhotelreservation\classes\services\UserDataService.php 
2016-03-10 23:38:08 - DEBUG --> getUserData 
2016-03-10 23:38:08 - DEBUG --> Archivo \components\com_jhotelreservation\classes\services\UserDataService.php 
2016-03-10 23:38:08 - DEBUG --> getUserData 
2016-03-10 23:38:08 - DEBUG --> Archivo \components\com_jhotelreservationiews\hotel	mpl\hoteloverview.php 
2016-03-10 23:38:08 - DEBUG --> Accedió 
2016-03-10 23:42:20 - DEBUG --> Archivo \components\com_jhotelreservation\classes\services\UserDataService.php 
2016-03-10 23:42:20 - DEBUG --> initializeUserData 
2016-03-10 23:42:20 - DEBUG --> UserData first: N; 
2016-03-10 23:42:20 - DEBUG --> Archivo \components\com_jhotelreservation\classes\services\UserDataService.php 
2016-03-10 23:42:20 - DEBUG --> createUserData 
2016-03-10 23:42:20 - DEBUG --> UserData end:  a:0:{} 
2016-03-10 23:42:20 - DEBUG --> Archivo \components\com_jhotelreservation\classes\services\UserDataService.php 
2016-03-10 23:42:20 - DEBUG --> initializeUserData 
2016-03-10 23:42:20 - DEBUG --> UserData first: a:0:{} 
2016-03-10 23:42:20 - DEBUG --> UserData end:  a:0:{} 
2016-03-10 23:42:20 - DEBUG --> Archivo \components\com_jhotelreservation\classes\services\UserDataService.php 
2016-03-10 23:42:20 - DEBUG --> initializeReservationData 
2016-03-10 23:42:20 - DEBUG --> UserData: a:0:{} 
2016-03-10 23:42:20 - DEBUG --> Archivo \components\com_jhotelreservation\classes\services\UserDataService.php 
2016-03-10 23:42:20 - DEBUG --> updateUserData 
2016-03-10 23:42:20 - DEBUG --> Archivo \components\com_jhotelreservation\classes\services\UserDataService.php 
2016-03-10 23:42:20 - DEBUG --> getUserData 
2016-03-10 23:42:20 - DEBUG --> Archivo \components\com_jhotelreservation\classes\services\UserDataService.php 
2016-03-10 23:42:20 - DEBUG --> setCurrency 
2016-03-10 23:42:20 - DEBUG --> Archivo \components\com_jhotelreservation\classes\services\UserDataService.php 
2016-03-10 23:42:20 - DEBUG --> getUserData 
2016-03-10 23:42:20 - DEBUG --> Archivo \components\com_jhotelreservation\classes\services\UserDataService.php 
2016-03-10 23:42:20 - DEBUG --> getUserData 
2016-03-10 23:42:20 - DEBUG --> Archivo \components\com_jhotelreservation\classes\services\UserDataService.php 
2016-03-10 23:42:20 - DEBUG --> getUserData 
2016-03-10 23:50:37 - DEBUG --> Archivo \components\com_jhotelreservation\classes\services\UserDataService.php 
2016-03-10 23:50:37 - DEBUG --> initializeUserData 
2016-03-10 23:50:37 - DEBUG --> UserData first: N; 
2016-03-10 23:50:37 - DEBUG --> Archivo \components\com_jhotelreservation\classes\services\UserDataService.php 
2016-03-10 23:50:37 - DEBUG --> createUserData 
2016-03-10 23:50:37 - DEBUG --> UserData end:  a:0:{} 
2016-03-10 23:50:37 - DEBUG --> Archivo \components\com_jhotelreservation\classes\services\UserDataService.php 
2016-03-10 23:50:37 - DEBUG --> initializeUserData 
2016-03-10 23:50:37 - DEBUG --> UserData first: a:0:{} 
2016-03-10 23:50:37 - DEBUG --> UserData end:  a:0:{} 
2016-03-10 23:50:37 - DEBUG --> Archivo \components\com_jhotelreservation\classes\services\UserDataService.php 
2016-03-10 23:50:37 - DEBUG --> initializeReservationData 
2016-03-10 23:50:37 - DEBUG --> UserData: a:0:{} 
2016-03-10 23:50:37 - DEBUG --> Archivo \components\com_jhotelreservation\classes\services\UserDataService.php 
2016-03-10 23:50:37 - DEBUG --> updateUserData 
2016-03-10 23:50:37 - DEBUG --> Archivo \components\com_jhotelreservation\classes\services\UserDataService.php 
2016-03-10 23:50:37 - DEBUG --> getUserData 
2016-03-10 23:50:37 - DEBUG --> Archivo \components\com_jhotelreservation\classes\services\UserDataService.php 
2016-03-10 23:50:37 - DEBUG --> setCurrency 
2016-03-10 23:50:37 - DEBUG --> Archivo \components\com_jhotelreservation\classes\services\UserDataService.php 
2016-03-10 23:50:37 - DEBUG --> getUserData 
2016-03-10 23:50:37 - DEBUG --> Archivo \components\com_jhotelreservation\classes\services\UserDataService.php 
2016-03-10 23:50:37 - DEBUG --> getUserData 
2016-03-10 23:50:37 - DEBUG --> Archivo \components\com_jhotelreservation\classes\services\UserDataService.php 
2016-03-10 23:50:37 - DEBUG --> getUserData 
2016-03-10 23:50:37 - DEBUG --> Archivo \components\com_jhotelreservationiews\hotel	mpl\hoteloverview.php 
2016-03-10 23:50:37 - DEBUG --> Accedió 
