2016-03-18 0:08:07 - DEBUG --> Archivo \components\com_jhotelreservation\classes\services\UserDataService.php 
2016-03-18 0:08:07 - DEBUG --> initializeUserData 
2016-03-18 0:08:07 - DEBUG --> UserData first: a:0:{} 
2016-03-18 0:08:07 - DEBUG --> Archivo \components\com_jhotelreservation\classes\services\UserDataService.php 
2016-03-18 0:08:07 - DEBUG --> createUserData 
2016-03-18 0:08:07 - DEBUG --> voucher:  
2016-03-18 0:08:07 - DEBUG --> UserData end:  a:0:{} 
2016-03-18 0:08:07 - DEBUG --> Archivo \components\com_jhotelreservation\classes\services\UserDataService.php 
2016-03-18 0:08:07 - DEBUG --> initializeUserData 
2016-03-18 0:08:07 - DEBUG --> UserData first: a:0:{} 
2016-03-18 0:08:07 - DEBUG --> Archivo \components\com_jhotelreservation\classes\services\UserDataService.php 
2016-03-18 0:08:07 - DEBUG --> createUserData 
2016-03-18 0:08:07 - DEBUG --> voucher:  
2016-03-18 0:08:07 - DEBUG --> UserData end:  a:0:{} 
2016-03-18 0:08:27 - DEBUG --> Archivo \components\com_jhotelreservation\classes\services\UserDataService.php 
2016-03-18 0:08:27 - DEBUG --> initializeUserData 
2016-03-18 0:08:27 - DEBUG --> UserData first: a:0:{} 
2016-03-18 0:08:27 - DEBUG --> UserData end:  a:0:{} 
2016-03-18 0:08:27 - DEBUG --> Archivo \components\com_jhotelreservation\classes\services\UserDataService.php 
2016-03-18 0:08:27 - DEBUG --> initializeUserData 
2016-03-18 0:08:27 - DEBUG --> UserData first: a:0:{} 
2016-03-18 0:08:27 - DEBUG --> UserData end:  a:0:{} 
2016-03-18 0:08:27 - DEBUG --> Archivo \components\com_jhotelreservation\classes\services\UserDataService.php 
2016-03-18 0:08:27 - DEBUG --> initializeReservationData 
2016-03-18 0:08:27 - DEBUG --> UserData: a:0:{} 
2016-03-18 0:08:27 - DEBUG --> Archivo \components\com_jhotelreservation\classes\services\UserDataService.php 
2016-03-18 0:08:27 - DEBUG --> updateUserData 
2016-03-18 0:08:27 - DEBUG --> Archivo \components\com_jhotelreservation\classes\services\UserDataService.php 
2016-03-18 0:08:27 - DEBUG --> getUserData 
2016-03-18 0:08:27 - DEBUG --> Archivo \components\com_jhotelreservation\classes\services\UserDataService.php 
2016-03-18 0:08:27 - DEBUG --> setCurrency 
2016-03-18 0:08:27 - DEBUG --> Archivo \components\com_jhotelreservation\classes\services\UserDataService.php 
2016-03-18 0:08:27 - DEBUG --> getUserData 
2016-03-18 0:08:27 - DEBUG --> Archivo \components\com_jhotelreservation\classes\services\UserDataService.php 
2016-03-18 0:08:27 - DEBUG --> getUserData 
2016-03-18 0:08:27 - DEBUG --> Archivo \components\com_jhotelreservation\classes\services\UserDataService.php 
2016-03-18 0:08:27 - DEBUG --> getUserData 
2016-03-18 0:08:27 - DEBUG --> Archivo \components\com_jhotelreservationiews\hotel	mpl\hoteloverview.php 
2016-03-18 0:08:27 - DEBUG --> Accedió 
2016-03-18 0:34:46 - DEBUG --> Archivo \components\com_jhotelreservation\classes\services\UserDataService.php 
2016-03-18 0:34:46 - DEBUG --> initializeUserData 
2016-03-18 0:34:46 - DEBUG --> UserData first: N; 
2016-03-18 0:34:46 - DEBUG --> Archivo \components\com_jhotelreservation\classes\services\UserDataService.php 
2016-03-18 0:34:46 - DEBUG --> createUserData 
2016-03-18 0:34:46 - DEBUG --> UserData end:  a:0:{} 
2016-03-18 0:37:22 - DEBUG --> Archivo \components\com_jhotelreservation\classes\services\UserDataService.php 
2016-03-18 0:37:22 - DEBUG --> initializeUserData 
2016-03-18 0:37:22 - DEBUG --> UserData first: N; 
2016-03-18 0:37:22 - DEBUG --> Archivo \components\com_jhotelreservation\classes\services\UserDataService.php 
2016-03-18 0:37:22 - DEBUG --> createUserData 
2016-03-18 0:37:22 - DEBUG --> UserData end:  a:0:{} 
2016-03-18 0:37:22 - DEBUG --> Archivo \components\com_jhotelreservation\classes\services\UserDataService.php 
2016-03-18 0:37:22 - DEBUG --> initializeUserData 
2016-03-18 0:37:22 - DEBUG --> UserData first: a:0:{} 
2016-03-18 0:37:22 - DEBUG --> UserData end:  a:0:{} 
2016-03-18 0:37:22 - DEBUG --> Archivo \components\com_jhotelreservation\classes\services\UserDataService.php 
2016-03-18 0:37:22 - DEBUG --> initializeReservationData 
2016-03-18 0:37:22 - DEBUG --> UserData: a:0:{} 
2016-03-18 0:37:22 - DEBUG --> Archivo \components\com_jhotelreservation\classes\services\UserDataService.php 
2016-03-18 0:37:22 - DEBUG --> updateUserData 
2016-03-18 0:37:22 - DEBUG --> Archivo \components\com_jhotelreservation\classes\services\UserDataService.php 
2016-03-18 0:37:22 - DEBUG --> getUserData 
2016-03-18 0:37:22 - DEBUG --> Archivo \components\com_jhotelreservation\classes\services\UserDataService.php 
2016-03-18 0:37:22 - DEBUG --> setCurrency 
2016-03-18 0:37:22 - DEBUG --> Archivo \components\com_jhotelreservation\classes\services\UserDataService.php 
2016-03-18 0:37:22 - DEBUG --> getUserData 
2016-03-18 0:37:22 - DEBUG --> Archivo \components\com_jhotelreservation\classes\services\UserDataService.php 
2016-03-18 0:37:22 - DEBUG --> getUserData 
2016-03-18 0:37:22 - DEBUG --> Archivo \components\com_jhotelreservation\classes\services\UserDataService.php 
2016-03-18 0:37:22 - DEBUG --> getUserData 
2016-03-18 0:44:40 - DEBUG --> Archivo \components\com_jhotelreservation\classes\services\UserDataService.php 
2016-03-18 0:44:40 - DEBUG --> initializeUserData 
2016-03-18 0:44:40 - DEBUG --> UserData first: N; 
2016-03-18 0:44:40 - DEBUG --> Archivo \components\com_jhotelreservation\classes\services\UserDataService.php 
2016-03-18 0:44:40 - DEBUG --> createUserData 
2016-03-18 0:44:40 - DEBUG --> UserData end:  a:0:{} 
2016-03-18 0:44:40 - DEBUG --> Archivo \components\com_jhotelreservation\classes\services\UserDataService.php 
2016-03-18 0:44:40 - DEBUG --> initializeUserData 
2016-03-18 0:44:40 - DEBUG --> UserData first: a:0:{} 
2016-03-18 0:44:40 - DEBUG --> UserData end:  a:0:{} 
2016-03-18 0:44:40 - DEBUG --> Archivo \components\com_jhotelreservation\classes\services\UserDataService.php 
2016-03-18 0:44:40 - DEBUG --> initializeReservationData 
2016-03-18 0:44:40 - DEBUG --> UserData: a:0:{} 
2016-03-18 0:44:40 - DEBUG --> Archivo \components\com_jhotelreservation\classes\services\UserDataService.php 
2016-03-18 0:44:40 - DEBUG --> updateUserData 
2016-03-18 0:44:40 - DEBUG --> Archivo \components\com_jhotelreservation\classes\services\UserDataService.php 
2016-03-18 0:44:40 - DEBUG --> getUserData 
2016-03-18 0:44:40 - DEBUG --> Archivo \components\com_jhotelreservation\classes\services\UserDataService.php 
2016-03-18 0:44:40 - DEBUG --> setCurrency 
2016-03-18 0:44:40 - DEBUG --> Archivo \components\com_jhotelreservation\classes\services\UserDataService.php 
2016-03-18 0:44:40 - DEBUG --> getUserData 
2016-03-18 0:44:40 - DEBUG --> Archivo \components\com_jhotelreservation\classes\services\UserDataService.php 
2016-03-18 0:44:40 - DEBUG --> getUserData 
2016-03-18 0:44:40 - DEBUG --> Archivo \components\com_jhotelreservation\classes\services\UserDataService.php 
2016-03-18 0:44:40 - DEBUG --> getUserData 
2016-03-18 0:44:40 - DEBUG --> Archivo \components\com_jhotelreservationiews\hotel	mpl\hoteloverview.php 
2016-03-18 0:44:40 - DEBUG --> Accedió 
2016-03-18 1:00:06 - DEBUG --> Archivo \components\com_jhotelreservation\classes\services\UserDataService.php 
2016-03-18 1:00:06 - DEBUG --> initializeUserData 
2016-03-18 1:00:06 - DEBUG --> UserData first: N; 
2016-03-18 1:00:06 - DEBUG --> Archivo \components\com_jhotelreservation\classes\services\UserDataService.php 
2016-03-18 1:00:06 - DEBUG --> createUserData 
2016-03-18 1:00:06 - DEBUG --> UserData end:  a:0:{} 
2016-03-18 1:00:06 - DEBUG --> Archivo \components\com_jhotelreservation\classes\services\UserDataService.php 
2016-03-18 1:00:06 - DEBUG --> initializeUserData 
2016-03-18 1:00:06 - DEBUG --> UserData first: a:0:{} 
2016-03-18 1:00:06 - DEBUG --> UserData end:  a:0:{} 
2016-03-18 1:00:06 - DEBUG --> Archivo \components\com_jhotelreservation\classes\services\UserDataService.php 
2016-03-18 1:00:06 - DEBUG --> initializeReservationData 
2016-03-18 1:00:06 - DEBUG --> UserData: a:0:{} 
2016-03-18 1:00:06 - DEBUG --> Archivo \components\com_jhotelreservation\classes\services\UserDataService.php 
2016-03-18 1:00:06 - DEBUG --> updateUserData 
2016-03-18 1:00:06 - DEBUG --> Archivo \components\com_jhotelreservation\classes\services\UserDataService.php 
2016-03-18 1:00:07 - DEBUG --> getUserData 
2016-03-18 1:00:07 - DEBUG --> Archivo \components\com_jhotelreservation\classes\services\UserDataService.php 
2016-03-18 1:00:07 - DEBUG --> setCurrency 
2016-03-18 1:00:07 - DEBUG --> Archivo \components\com_jhotelreservation\classes\services\UserDataService.php 
2016-03-18 1:00:07 - DEBUG --> getUserData 
2016-03-18 1:00:07 - DEBUG --> Archivo \components\com_jhotelreservation\classes\services\UserDataService.php 
2016-03-18 1:00:07 - DEBUG --> getUserData 
2016-03-18 1:00:07 - DEBUG --> Archivo \components\com_jhotelreservation\classes\services\UserDataService.php 
2016-03-18 1:00:07 - DEBUG --> getUserData 
2016-03-18 1:00:07 - DEBUG --> Archivo \components\com_jhotelreservation\classes\services\UserDataService.php 
2016-03-18 1:00:07 - DEBUG --> initializeUserData 
2016-03-18 1:00:07 - DEBUG --> UserData first: N; 
2016-03-18 1:00:07 - DEBUG --> Archivo \components\com_jhotelreservation\classes\services\UserDataService.php 
2016-03-18 1:00:07 - DEBUG --> createUserData 
2016-03-18 1:00:07 - DEBUG --> UserData end:  a:0:{} 
2016-03-18 1:00:07 - DEBUG --> Archivo \components\com_jhotelreservation\classes\services\UserDataService.php 
2016-03-18 1:00:07 - DEBUG --> initializeUserData 
2016-03-18 1:00:07 - DEBUG --> UserData first: a:0:{} 
2016-03-18 1:00:07 - DEBUG --> UserData end:  a:0:{} 
2016-03-18 1:00:07 - DEBUG --> Archivo \components\com_jhotelreservation\classes\services\UserDataService.php 
2016-03-18 1:00:07 - DEBUG --> initializeReservationData 
2016-03-18 1:00:07 - DEBUG --> UserData: a:0:{} 
2016-03-18 1:00:07 - DEBUG --> Archivo \components\com_jhotelreservation\classes\services\UserDataService.php 
2016-03-18 1:00:07 - DEBUG --> updateUserData 
2016-03-18 1:00:07 - DEBUG --> Archivo \components\com_jhotelreservation\classes\services\UserDataService.php 
2016-03-18 1:00:07 - DEBUG --> getUserData 
2016-03-18 1:00:07 - DEBUG --> Archivo \components\com_jhotelreservation\classes\services\UserDataService.php 
2016-03-18 1:00:07 - DEBUG --> setCurrency 
2016-03-18 1:00:07 - DEBUG --> Archivo \components\com_jhotelreservation\classes\services\UserDataService.php 
2016-03-18 1:00:07 - DEBUG --> getUserData 
2016-03-18 1:00:07 - DEBUG --> Archivo \components\com_jhotelreservation\classes\services\UserDataService.php 
2016-03-18 1:00:07 - DEBUG --> getUserData 
2016-03-18 1:00:07 - DEBUG --> Archivo \components\com_jhotelreservation\classes\services\UserDataService.php 
2016-03-18 1:00:07 - DEBUG --> getUserData 
2016-03-18 1:02:56 - DEBUG --> Archivo \components\com_jhotelreservation\classes\services\UserDataService.php 
2016-03-18 1:02:56 - DEBUG --> initializeUserData 
2016-03-18 1:02:56 - DEBUG --> UserData first: N; 
2016-03-18 1:02:56 - DEBUG --> Archivo \components\com_jhotelreservation\classes\services\UserDataService.php 
2016-03-18 1:02:56 - DEBUG --> createUserData 
2016-03-18 1:02:56 - DEBUG --> UserData end:  a:0:{} 
2016-03-18 1:02:56 - DEBUG --> Archivo \components\com_jhotelreservation\classes\services\UserDataService.php 
2016-03-18 1:02:56 - DEBUG --> initializeUserData 
2016-03-18 1:02:56 - DEBUG --> UserData first: a:0:{} 
2016-03-18 1:02:56 - DEBUG --> UserData end:  a:0:{} 
2016-03-18 1:02:56 - DEBUG --> Archivo \components\com_jhotelreservation\classes\services\UserDataService.php 
2016-03-18 1:02:56 - DEBUG --> initializeReservationData 
2016-03-18 1:02:56 - DEBUG --> UserData: a:0:{} 
2016-03-18 1:02:56 - DEBUG --> Archivo \components\com_jhotelreservation\classes\services\UserDataService.php 
2016-03-18 1:02:56 - DEBUG --> updateUserData 
2016-03-18 1:02:56 - DEBUG --> Archivo \components\com_jhotelreservation\classes\services\UserDataService.php 
2016-03-18 1:02:56 - DEBUG --> getUserData 
2016-03-18 1:02:56 - DEBUG --> Archivo \components\com_jhotelreservation\classes\services\UserDataService.php 
2016-03-18 1:02:56 - DEBUG --> setCurrency 
2016-03-18 1:02:56 - DEBUG --> Archivo \components\com_jhotelreservation\classes\services\UserDataService.php 
2016-03-18 1:02:56 - DEBUG --> getUserData 
2016-03-18 1:02:56 - DEBUG --> Archivo \components\com_jhotelreservation\classes\services\UserDataService.php 
2016-03-18 1:02:56 - DEBUG --> getUserData 
2016-03-18 1:02:56 - DEBUG --> Archivo \components\com_jhotelreservation\classes\services\UserDataService.php 
2016-03-18 1:02:56 - DEBUG --> getUserData 
2016-03-18 1:02:56 - DEBUG --> Archivo \components\com_jhotelreservationiews\hotel	mpl\hoteloverview.php 
2016-03-18 1:02:56 - DEBUG --> Accedió 
2016-03-18 1:38:24 - DEBUG --> Archivo \components\com_jhotelreservation\classes\services\UserDataService.php 
2016-03-18 1:38:24 - DEBUG --> initializeUserData 
2016-03-18 1:38:24 - DEBUG --> UserData first: N; 
2016-03-18 1:38:24 - DEBUG --> Archivo \components\com_jhotelreservation\classes\services\UserDataService.php 
2016-03-18 1:38:24 - DEBUG --> createUserData 
2016-03-18 1:38:24 - DEBUG --> UserData end:  a:0:{} 
2016-03-18 1:38:24 - DEBUG --> Archivo \components\com_jhotelreservation\classes\services\UserDataService.php 
2016-03-18 1:38:24 - DEBUG --> initializeUserData 
2016-03-18 1:38:24 - DEBUG --> UserData first: a:0:{} 
2016-03-18 1:38:24 - DEBUG --> UserData end:  a:0:{} 
2016-03-18 1:38:24 - DEBUG --> Archivo \components\com_jhotelreservation\classes\services\UserDataService.php 
2016-03-18 1:38:24 - DEBUG --> initializeReservationData 
2016-03-18 1:38:24 - DEBUG --> UserData: a:0:{} 
2016-03-18 1:38:24 - DEBUG --> Archivo \components\com_jhotelreservation\classes\services\UserDataService.php 
2016-03-18 1:38:24 - DEBUG --> updateUserData 
2016-03-18 1:38:24 - DEBUG --> Archivo \components\com_jhotelreservation\classes\services\UserDataService.php 
2016-03-18 1:38:24 - DEBUG --> getUserData 
2016-03-18 1:38:24 - DEBUG --> Archivo \components\com_jhotelreservation\classes\services\UserDataService.php 
2016-03-18 1:38:24 - DEBUG --> setCurrency 
2016-03-18 1:38:24 - DEBUG --> Archivo \components\com_jhotelreservation\classes\services\UserDataService.php 
2016-03-18 1:38:24 - DEBUG --> getUserData 
2016-03-18 1:38:24 - DEBUG --> Archivo \components\com_jhotelreservation\classes\services\UserDataService.php 
2016-03-18 1:38:24 - DEBUG --> getUserData 
2016-03-18 1:38:24 - DEBUG --> Archivo \components\com_jhotelreservation\classes\services\UserDataService.php 
2016-03-18 1:38:24 - DEBUG --> getUserData 
2016-03-18 1:38:24 - DEBUG --> Archivo \components\com_jhotelreservationiews\hotel	mpl\hoteloverview.php 
2016-03-18 1:38:24 - DEBUG --> Accedió 
2016-03-18 1:46:16 - DEBUG --> Archivo \components\com_jhotelreservation\classes\services\UserDataService.php 
2016-03-18 1:46:16 - DEBUG --> initializeUserData 
2016-03-18 1:46:16 - DEBUG --> UserData first: N; 
2016-03-18 1:46:16 - DEBUG --> Archivo \components\com_jhotelreservation\classes\services\UserDataService.php 
2016-03-18 1:46:16 - DEBUG --> createUserData 
2016-03-18 1:46:16 - DEBUG --> UserData end:  a:0:{} 
2016-03-18 1:46:16 - DEBUG --> Archivo \components\com_jhotelreservation\classes\services\UserDataService.php 
2016-03-18 1:46:16 - DEBUG --> initializeUserData 
2016-03-18 1:46:16 - DEBUG --> UserData first: a:0:{} 
2016-03-18 1:46:16 - DEBUG --> UserData end:  a:0:{} 
2016-03-18 1:46:16 - DEBUG --> Archivo \components\com_jhotelreservation\classes\services\UserDataService.php 
2016-03-18 1:46:16 - DEBUG --> initializeReservationData 
2016-03-18 1:46:16 - DEBUG --> UserData: a:0:{} 
2016-03-18 1:46:16 - DEBUG --> Archivo \components\com_jhotelreservation\classes\services\UserDataService.php 
2016-03-18 1:46:16 - DEBUG --> updateUserData 
2016-03-18 1:46:16 - DEBUG --> Archivo \components\com_jhotelreservation\classes\services\UserDataService.php 
2016-03-18 1:46:16 - DEBUG --> getUserData 
2016-03-18 1:46:16 - DEBUG --> Archivo \components\com_jhotelreservation\classes\services\UserDataService.php 
2016-03-18 1:46:16 - DEBUG --> setCurrency 
2016-03-18 1:46:16 - DEBUG --> Archivo \components\com_jhotelreservation\classes\services\UserDataService.php 
2016-03-18 1:46:16 - DEBUG --> getUserData 
2016-03-18 1:46:16 - DEBUG --> Archivo \components\com_jhotelreservation\classes\services\UserDataService.php 
2016-03-18 1:46:16 - DEBUG --> getUserData 
2016-03-18 1:46:16 - DEBUG --> Archivo \components\com_jhotelreservation\classes\services\UserDataService.php 
2016-03-18 1:46:16 - DEBUG --> getUserData 
2016-03-18 1:55:26 - DEBUG --> Archivo \components\com_jhotelreservation\classes\services\UserDataService.php 
2016-03-18 1:55:26 - DEBUG --> initializeUserData 
2016-03-18 1:55:26 - DEBUG --> UserData first: N; 
2016-03-18 1:55:26 - DEBUG --> Archivo \components\com_jhotelreservation\classes\services\UserDataService.php 
2016-03-18 1:55:26 - DEBUG --> createUserData 
2016-03-18 1:55:26 - DEBUG --> UserData end:  a:0:{} 
2016-03-18 1:55:26 - DEBUG --> Archivo \components\com_jhotelreservation\classes\services\UserDataService.php 
2016-03-18 1:55:26 - DEBUG --> initializeUserData 
2016-03-18 1:55:26 - DEBUG --> UserData first: a:0:{} 
2016-03-18 1:55:26 - DEBUG --> UserData end:  a:0:{} 
2016-03-18 1:55:26 - DEBUG --> Archivo \components\com_jhotelreservation\classes\services\UserDataService.php 
2016-03-18 1:55:26 - DEBUG --> initializeReservationData 
2016-03-18 1:55:26 - DEBUG --> UserData: a:0:{} 
2016-03-18 1:55:26 - DEBUG --> Archivo \components\com_jhotelreservation\classes\services\UserDataService.php 
2016-03-18 1:55:26 - DEBUG --> updateUserData 
2016-03-18 1:55:26 - DEBUG --> Archivo \components\com_jhotelreservation\classes\services\UserDataService.php 
2016-03-18 1:55:26 - DEBUG --> getUserData 
2016-03-18 1:55:26 - DEBUG --> Archivo \components\com_jhotelreservation\classes\services\UserDataService.php 
2016-03-18 1:55:26 - DEBUG --> setCurrency 
2016-03-18 1:55:26 - DEBUG --> Archivo \components\com_jhotelreservation\classes\services\UserDataService.php 
2016-03-18 1:55:26 - DEBUG --> getUserData 
2016-03-18 1:55:26 - DEBUG --> Archivo \components\com_jhotelreservation\classes\services\UserDataService.php 
2016-03-18 1:55:26 - DEBUG --> getUserData 
2016-03-18 1:55:26 - DEBUG --> Archivo \components\com_jhotelreservation\classes\services\UserDataService.php 
2016-03-18 1:55:26 - DEBUG --> getUserData 
2016-03-18 1:55:26 - DEBUG --> Archivo \components\com_jhotelreservationiews\hotel	mpl\hoteloverview.php 
2016-03-18 1:55:26 - DEBUG --> Accedió 
2016-03-18 2:13:54 - DEBUG --> Archivo \components\com_jhotelreservation\classes\services\UserDataService.php 
2016-03-18 2:13:54 - DEBUG --> initializeUserData 
2016-03-18 2:13:54 - DEBUG --> UserData first: N; 
2016-03-18 2:13:54 - DEBUG --> Archivo \components\com_jhotelreservation\classes\services\UserDataService.php 
2016-03-18 2:13:54 - DEBUG --> createUserData 
2016-03-18 2:13:54 - DEBUG --> UserData end:  a:0:{} 
2016-03-18 2:13:54 - DEBUG --> Archivo \components\com_jhotelreservation\classes\services\UserDataService.php 
2016-03-18 2:13:54 - DEBUG --> initializeUserData 
2016-03-18 2:13:54 - DEBUG --> UserData first: a:0:{} 
2016-03-18 2:13:54 - DEBUG --> UserData end:  a:0:{} 
2016-03-18 2:13:54 - DEBUG --> Archivo \components\com_jhotelreservation\classes\services\UserDataService.php 
2016-03-18 2:13:54 - DEBUG --> initializeReservationData 
2016-03-18 2:13:54 - DEBUG --> UserData: a:0:{} 
2016-03-18 2:13:54 - DEBUG --> Archivo \components\com_jhotelreservation\classes\services\UserDataService.php 
2016-03-18 2:13:54 - DEBUG --> updateUserData 
2016-03-18 2:13:54 - DEBUG --> Archivo \components\com_jhotelreservation\classes\services\UserDataService.php 
2016-03-18 2:13:54 - DEBUG --> getUserData 
2016-03-18 2:13:54 - DEBUG --> Archivo \components\com_jhotelreservation\classes\services\UserDataService.php 
2016-03-18 2:13:54 - DEBUG --> setCurrency 
2016-03-18 2:13:54 - DEBUG --> Archivo \components\com_jhotelreservation\classes\services\UserDataService.php 
2016-03-18 2:13:54 - DEBUG --> getUserData 
2016-03-18 2:13:54 - DEBUG --> Archivo \components\com_jhotelreservation\classes\services\UserDataService.php 
2016-03-18 2:13:54 - DEBUG --> getUserData 
2016-03-18 2:13:54 - DEBUG --> Archivo \components\com_jhotelreservation\classes\services\UserDataService.php 
2016-03-18 2:13:54 - DEBUG --> getUserData 
2016-03-18 2:13:54 - DEBUG --> Archivo \components\com_jhotelreservationiews\hotel	mpl\hoteloverview.php 
2016-03-18 2:13:54 - DEBUG --> Accedió 
2016-03-18 2:48:01 - DEBUG --> Archivo \components\com_jhotelreservation\classes\services\UserDataService.php 
2016-03-18 2:48:01 - DEBUG --> initializeUserData 
2016-03-18 2:48:01 - DEBUG --> UserData first: N; 
2016-03-18 2:48:01 - DEBUG --> Archivo \components\com_jhotelreservation\classes\services\UserDataService.php 
2016-03-18 2:48:01 - DEBUG --> createUserData 
2016-03-18 2:48:01 - DEBUG --> UserData end:  a:0:{} 
2016-03-18 2:48:01 - DEBUG --> Archivo \components\com_jhotelreservation\classes\services\UserDataService.php 
2016-03-18 2:48:01 - DEBUG --> initializeUserData 
2016-03-18 2:48:01 - DEBUG --> UserData first: a:0:{} 
2016-03-18 2:48:01 - DEBUG --> UserData end:  a:0:{} 
2016-03-18 2:48:01 - DEBUG --> Archivo \components\com_jhotelreservation\classes\services\UserDataService.php 
2016-03-18 2:48:01 - DEBUG --> initializeReservationData 
2016-03-18 2:48:01 - DEBUG --> UserData: a:0:{} 
2016-03-18 2:48:01 - DEBUG --> Archivo \components\com_jhotelreservation\classes\services\UserDataService.php 
2016-03-18 2:48:01 - DEBUG --> updateUserData 
2016-03-18 2:48:01 - DEBUG --> Archivo \components\com_jhotelreservation\classes\services\UserDataService.php 
2016-03-18 2:48:01 - DEBUG --> getUserData 
2016-03-18 2:48:01 - DEBUG --> Archivo \components\com_jhotelreservation\classes\services\UserDataService.php 
2016-03-18 2:48:01 - DEBUG --> setCurrency 
2016-03-18 2:48:01 - DEBUG --> Archivo \components\com_jhotelreservation\classes\services\UserDataService.php 
2016-03-18 2:48:01 - DEBUG --> getUserData 
2016-03-18 2:48:01 - DEBUG --> Archivo \components\com_jhotelreservation\classes\services\UserDataService.php 
2016-03-18 2:48:01 - DEBUG --> getUserData 
2016-03-18 2:48:01 - DEBUG --> Archivo \components\com_jhotelreservation\classes\services\UserDataService.php 
2016-03-18 2:48:01 - DEBUG --> getUserData 
2016-03-18 2:48:01 - DEBUG --> Archivo \components\com_jhotelreservationiews\hotel	mpl\hoteloverview.php 
2016-03-18 2:48:01 - DEBUG --> Accedió 
2016-03-18 4:24:42 - DEBUG --> Archivo \components\com_jhotelreservation\classes\services\UserDataService.php 
2016-03-18 4:24:42 - DEBUG --> initializeUserData 
2016-03-18 4:24:42 - DEBUG --> UserData first: N; 
2016-03-18 4:24:42 - DEBUG --> Archivo \components\com_jhotelreservation\classes\services\UserDataService.php 
2016-03-18 4:24:42 - DEBUG --> createUserData 
2016-03-18 4:24:42 - DEBUG --> UserData end:  a:0:{} 
2016-03-18 4:24:42 - DEBUG --> Archivo \components\com_jhotelreservation\classes\services\UserDataService.php 
2016-03-18 4:24:42 - DEBUG --> initializeUserData 
2016-03-18 4:24:42 - DEBUG --> UserData first: a:0:{} 
2016-03-18 4:24:42 - DEBUG --> UserData end:  a:0:{} 
2016-03-18 4:24:42 - DEBUG --> Archivo \components\com_jhotelreservation\classes\services\UserDataService.php 
2016-03-18 4:24:42 - DEBUG --> initializeReservationData 
2016-03-18 4:24:42 - DEBUG --> UserData: a:0:{} 
2016-03-18 4:24:42 - DEBUG --> Archivo \components\com_jhotelreservation\classes\services\UserDataService.php 
2016-03-18 4:24:42 - DEBUG --> updateUserData 
2016-03-18 4:24:42 - DEBUG --> Archivo \components\com_jhotelreservation\classes\services\UserDataService.php 
2016-03-18 4:24:42 - DEBUG --> getUserData 
2016-03-18 4:24:42 - DEBUG --> Archivo \components\com_jhotelreservation\classes\services\UserDataService.php 
2016-03-18 4:24:42 - DEBUG --> setCurrency 
2016-03-18 4:24:42 - DEBUG --> Archivo \components\com_jhotelreservation\classes\services\UserDataService.php 
2016-03-18 4:24:42 - DEBUG --> getUserData 
2016-03-18 4:24:42 - DEBUG --> Archivo \components\com_jhotelreservation\classes\services\UserDataService.php 
2016-03-18 4:24:42 - DEBUG --> getUserData 
2016-03-18 4:24:42 - DEBUG --> Archivo \components\com_jhotelreservation\classes\services\UserDataService.php 
2016-03-18 4:24:42 - DEBUG --> getUserData 
2016-03-18 4:24:42 - DEBUG --> Archivo \components\com_jhotelreservationiews\hotel	mpl\hoteloverview.php 
2016-03-18 4:24:42 - DEBUG --> Accedió 
2016-03-18 6:28:57 - DEBUG --> Archivo \components\com_jhotelreservation\classes\services\UserDataService.php 
2016-03-18 6:28:57 - DEBUG --> initializeUserData 
2016-03-18 6:28:57 - DEBUG --> UserData first: N; 
2016-03-18 6:28:57 - DEBUG --> Archivo \components\com_jhotelreservation\classes\services\UserDataService.php 
2016-03-18 6:28:57 - DEBUG --> createUserData 
2016-03-18 6:28:57 - DEBUG --> UserData end:  a:0:{} 
2016-03-18 6:28:57 - DEBUG --> Archivo \components\com_jhotelreservation\classes\services\UserDataService.php 
2016-03-18 6:28:57 - DEBUG --> initializeUserData 
2016-03-18 6:28:57 - DEBUG --> UserData first: a:0:{} 
2016-03-18 6:28:57 - DEBUG --> UserData end:  a:0:{} 
2016-03-18 6:28:57 - DEBUG --> Archivo \components\com_jhotelreservation\classes\services\UserDataService.php 
2016-03-18 6:28:57 - DEBUG --> initializeReservationData 
2016-03-18 6:28:57 - DEBUG --> UserData: a:0:{} 
2016-03-18 6:28:57 - DEBUG --> Archivo \components\com_jhotelreservation\classes\services\UserDataService.php 
2016-03-18 6:28:57 - DEBUG --> updateUserData 
2016-03-18 6:28:57 - DEBUG --> Archivo \components\com_jhotelreservation\classes\services\UserDataService.php 
2016-03-18 6:28:57 - DEBUG --> getUserData 
2016-03-18 6:28:57 - DEBUG --> Archivo \components\com_jhotelreservation\classes\services\UserDataService.php 
2016-03-18 6:28:57 - DEBUG --> setCurrency 
2016-03-18 6:28:57 - DEBUG --> Archivo \components\com_jhotelreservation\classes\services\UserDataService.php 
2016-03-18 6:28:57 - DEBUG --> getUserData 
2016-03-18 6:28:57 - DEBUG --> Archivo \components\com_jhotelreservation\classes\services\UserDataService.php 
2016-03-18 6:28:57 - DEBUG --> getUserData 
2016-03-18 6:28:57 - DEBUG --> Archivo \components\com_jhotelreservation\classes\services\UserDataService.php 
2016-03-18 6:28:57 - DEBUG --> getUserData 
2016-03-18 6:28:57 - DEBUG --> Archivo \components\com_jhotelreservationiews\hotel	mpl\hoteloverview.php 
2016-03-18 6:28:57 - DEBUG --> Accedió 
2016-03-18 8:41:01 - DEBUG --> Archivo \components\com_jhotelreservation\classes\services\UserDataService.php 
2016-03-18 8:41:01 - DEBUG --> initializeUserData 
2016-03-18 8:41:01 - DEBUG --> UserData first: N; 
2016-03-18 8:41:01 - DEBUG --> Archivo \components\com_jhotelreservation\classes\services\UserDataService.php 
2016-03-18 8:41:01 - DEBUG --> createUserData 
2016-03-18 8:41:01 - DEBUG --> UserData end:  a:0:{} 
2016-03-18 8:41:01 - DEBUG --> Archivo \components\com_jhotelreservation\classes\services\UserDataService.php 
2016-03-18 8:41:01 - DEBUG --> initializeUserData 
2016-03-18 8:41:01 - DEBUG --> UserData first: a:0:{} 
2016-03-18 8:41:01 - DEBUG --> UserData end:  a:0:{} 
2016-03-18 8:41:01 - DEBUG --> Archivo \components\com_jhotelreservation\classes\services\UserDataService.php 
2016-03-18 8:41:01 - DEBUG --> initializeReservationData 
2016-03-18 8:41:01 - DEBUG --> UserData: a:0:{} 
2016-03-18 8:41:01 - DEBUG --> Archivo \components\com_jhotelreservation\classes\services\UserDataService.php 
2016-03-18 8:41:01 - DEBUG --> updateUserData 
2016-03-18 8:41:01 - DEBUG --> Archivo \components\com_jhotelreservation\classes\services\UserDataService.php 
2016-03-18 8:41:01 - DEBUG --> getUserData 
2016-03-18 8:41:01 - DEBUG --> Archivo \components\com_jhotelreservation\classes\services\UserDataService.php 
2016-03-18 8:41:01 - DEBUG --> setCurrency 
2016-03-18 8:41:01 - DEBUG --> Archivo \components\com_jhotelreservation\classes\services\UserDataService.php 
2016-03-18 8:41:01 - DEBUG --> getUserData 
2016-03-18 8:41:01 - DEBUG --> Archivo \components\com_jhotelreservation\classes\services\UserDataService.php 
2016-03-18 8:41:01 - DEBUG --> getUserData 
2016-03-18 8:41:01 - DEBUG --> Archivo \components\com_jhotelreservation\classes\services\UserDataService.php 
2016-03-18 8:41:01 - DEBUG --> getUserData 
2016-03-18 8:41:01 - DEBUG --> Archivo \components\com_jhotelreservationiews\hotel	mpl\hoteloverview.php 
2016-03-18 8:41:01 - DEBUG --> Accedió 
2016-03-18 9:58:01 - DEBUG --> Archivo \components\com_jhotelreservation\classes\services\UserDataService.php 
2016-03-18 9:58:01 - DEBUG --> initializeUserData 
2016-03-18 9:58:01 - DEBUG --> UserData first: N; 
2016-03-18 9:58:01 - DEBUG --> Archivo \components\com_jhotelreservation\classes\services\UserDataService.php 
2016-03-18 9:58:01 - DEBUG --> createUserData 
2016-03-18 9:58:01 - DEBUG --> UserData end:  a:0:{} 
2016-03-18 9:58:01 - DEBUG --> Archivo \components\com_jhotelreservation\classes\services\UserDataService.php 
2016-03-18 9:58:01 - DEBUG --> initializeUserData 
2016-03-18 9:58:01 - DEBUG --> UserData first: a:0:{} 
2016-03-18 9:58:01 - DEBUG --> UserData end:  a:0:{} 
2016-03-18 9:58:01 - DEBUG --> Archivo \components\com_jhotelreservation\classes\services\UserDataService.php 
2016-03-18 9:58:01 - DEBUG --> initializeReservationData 
2016-03-18 9:58:01 - DEBUG --> UserData: a:0:{} 
2016-03-18 9:58:01 - DEBUG --> Archivo \components\com_jhotelreservation\classes\services\UserDataService.php 
2016-03-18 9:58:01 - DEBUG --> updateUserData 
2016-03-18 9:58:01 - DEBUG --> Archivo \components\com_jhotelreservation\classes\services\UserDataService.php 
2016-03-18 9:58:01 - DEBUG --> getUserData 
2016-03-18 9:58:01 - DEBUG --> Archivo \components\com_jhotelreservation\classes\services\UserDataService.php 
2016-03-18 9:58:01 - DEBUG --> setCurrency 
2016-03-18 9:58:01 - DEBUG --> Archivo \components\com_jhotelreservation\classes\services\UserDataService.php 
2016-03-18 9:58:01 - DEBUG --> getUserData 
2016-03-18 9:58:01 - DEBUG --> Archivo \components\com_jhotelreservation\classes\services\UserDataService.php 
2016-03-18 9:58:01 - DEBUG --> getUserData 
2016-03-18 9:58:01 - DEBUG --> Archivo \components\com_jhotelreservation\classes\services\UserDataService.php 
2016-03-18 9:58:01 - DEBUG --> getUserData 
2016-03-18 9:58:01 - DEBUG --> Archivo \components\com_jhotelreservationiews\hotel	mpl\hoteloverview.php 
2016-03-18 9:58:01 - DEBUG --> Accedió 
2016-03-18 10:38:01 - DEBUG --> Archivo \components\com_jhotelreservation\classes\services\UserDataService.php 
2016-03-18 10:38:01 - DEBUG --> initializeUserData 
2016-03-18 10:38:01 - DEBUG --> UserData first: N; 
2016-03-18 10:38:01 - DEBUG --> Archivo \components\com_jhotelreservation\classes\services\UserDataService.php 
2016-03-18 10:38:01 - DEBUG --> createUserData 
2016-03-18 10:38:01 - DEBUG --> UserData end:  a:0:{} 
2016-03-18 10:38:01 - DEBUG --> Archivo \components\com_jhotelreservation\classes\services\UserDataService.php 
2016-03-18 10:38:01 - DEBUG --> initializeUserData 
2016-03-18 10:38:01 - DEBUG --> UserData first: a:0:{} 
2016-03-18 10:38:01 - DEBUG --> UserData end:  a:0:{} 
2016-03-18 10:38:01 - DEBUG --> Archivo \components\com_jhotelreservation\classes\services\UserDataService.php 
2016-03-18 10:38:01 - DEBUG --> initializeReservationData 
2016-03-18 10:38:01 - DEBUG --> UserData: a:0:{} 
2016-03-18 10:38:01 - DEBUG --> Archivo \components\com_jhotelreservation\classes\services\UserDataService.php 
2016-03-18 10:38:01 - DEBUG --> updateUserData 
2016-03-18 10:38:01 - DEBUG --> Archivo \components\com_jhotelreservation\classes\services\UserDataService.php 
2016-03-18 10:38:01 - DEBUG --> getUserData 
2016-03-18 10:38:01 - DEBUG --> Archivo \components\com_jhotelreservation\classes\services\UserDataService.php 
2016-03-18 10:38:01 - DEBUG --> setCurrency 
2016-03-18 10:38:01 - DEBUG --> Archivo \components\com_jhotelreservation\classes\services\UserDataService.php 
2016-03-18 10:38:01 - DEBUG --> getUserData 
2016-03-18 10:38:01 - DEBUG --> Archivo \components\com_jhotelreservation\classes\services\UserDataService.php 
2016-03-18 10:38:01 - DEBUG --> getUserData 
2016-03-18 10:38:01 - DEBUG --> Archivo \components\com_jhotelreservation\classes\services\UserDataService.php 
2016-03-18 10:38:01 - DEBUG --> getUserData 
2016-03-18 10:38:01 - DEBUG --> Archivo \components\com_jhotelreservationiews\hotel	mpl\hoteloverview.php 
2016-03-18 10:38:01 - DEBUG --> Accedió 
2016-03-18 10:46:27 - DEBUG --> Archivo \components\com_jhotelreservation\classes\services\UserDataService.php 
2016-03-18 10:46:27 - DEBUG --> initializeUserData 
2016-03-18 10:46:27 - DEBUG --> UserData first: N; 
2016-03-18 10:46:27 - DEBUG --> Archivo \components\com_jhotelreservation\classes\services\UserDataService.php 
2016-03-18 10:46:27 - DEBUG --> createUserData 
2016-03-18 10:46:27 - DEBUG --> UserData end:  a:0:{} 
2016-03-18 10:46:27 - DEBUG --> Archivo \components\com_jhotelreservation\classes\services\UserDataService.php 
2016-03-18 10:46:27 - DEBUG --> initializeUserData 
2016-03-18 10:46:27 - DEBUG --> UserData first: a:0:{} 
2016-03-18 10:46:27 - DEBUG --> UserData end:  a:0:{} 
2016-03-18 10:46:27 - DEBUG --> Archivo \components\com_jhotelreservation\classes\services\UserDataService.php 
2016-03-18 10:46:27 - DEBUG --> initializeReservationData 
2016-03-18 10:46:27 - DEBUG --> UserData: a:0:{} 
2016-03-18 10:46:27 - DEBUG --> Archivo \components\com_jhotelreservation\classes\services\UserDataService.php 
2016-03-18 10:46:27 - DEBUG --> updateUserData 
2016-03-18 10:46:27 - DEBUG --> Archivo \components\com_jhotelreservation\classes\services\UserDataService.php 
2016-03-18 10:46:27 - DEBUG --> getUserData 
2016-03-18 10:46:27 - DEBUG --> Archivo \components\com_jhotelreservation\classes\services\UserDataService.php 
2016-03-18 10:46:27 - DEBUG --> setCurrency 
2016-03-18 10:46:27 - DEBUG --> Archivo \components\com_jhotelreservation\classes\services\UserDataService.php 
2016-03-18 10:46:27 - DEBUG --> getUserData 
2016-03-18 10:46:27 - DEBUG --> Archivo \components\com_jhotelreservation\classes\services\UserDataService.php 
2016-03-18 10:46:27 - DEBUG --> getUserData 
2016-03-18 10:46:27 - DEBUG --> Archivo \components\com_jhotelreservation\classes\services\UserDataService.php 
2016-03-18 10:46:27 - DEBUG --> getUserData 
2016-03-18 10:46:27 - DEBUG --> Archivo \components\com_jhotelreservationiews\hotel	mpl\hoteloverview.php 
2016-03-18 10:46:27 - DEBUG --> Accedió 
2016-03-18 10:53:31 - DEBUG --> Archivo \components\com_jhotelreservation\classes\services\UserDataService.php 
2016-03-18 10:53:31 - DEBUG --> initializeUserData 
2016-03-18 10:53:31 - DEBUG --> UserData first: N; 
2016-03-18 10:53:31 - DEBUG --> Archivo \components\com_jhotelreservation\classes\services\UserDataService.php 
2016-03-18 10:53:31 - DEBUG --> createUserData 
2016-03-18 10:53:31 - DEBUG --> UserData end:  a:0:{} 
2016-03-18 10:53:31 - DEBUG --> Archivo \components\com_jhotelreservation\classes\services\UserDataService.php 
2016-03-18 10:53:31 - DEBUG --> initializeUserData 
2016-03-18 10:53:31 - DEBUG --> UserData first: a:0:{} 
2016-03-18 10:53:31 - DEBUG --> UserData end:  a:0:{} 
2016-03-18 10:53:31 - DEBUG --> Archivo \components\com_jhotelreservation\classes\services\UserDataService.php 
2016-03-18 10:53:31 - DEBUG --> initializeReservationData 
2016-03-18 10:53:31 - DEBUG --> UserData: a:0:{} 
2016-03-18 10:53:31 - DEBUG --> Archivo \components\com_jhotelreservation\classes\services\UserDataService.php 
2016-03-18 10:53:31 - DEBUG --> updateUserData 
2016-03-18 10:53:31 - DEBUG --> Archivo \components\com_jhotelreservation\classes\services\UserDataService.php 
2016-03-18 10:53:31 - DEBUG --> getUserData 
2016-03-18 10:53:31 - DEBUG --> Archivo \components\com_jhotelreservation\classes\services\UserDataService.php 
2016-03-18 10:53:31 - DEBUG --> setCurrency 
2016-03-18 10:53:31 - DEBUG --> Archivo \components\com_jhotelreservation\classes\services\UserDataService.php 
2016-03-18 10:53:31 - DEBUG --> getUserData 
2016-03-18 10:53:31 - DEBUG --> Archivo \components\com_jhotelreservation\classes\services\UserDataService.php 
2016-03-18 10:53:31 - DEBUG --> getUserData 
2016-03-18 10:53:31 - DEBUG --> Archivo \components\com_jhotelreservation\classes\services\UserDataService.php 
2016-03-18 10:53:31 - DEBUG --> getUserData 
2016-03-18 12:31:45 - DEBUG --> Archivo \components\com_jhotelreservation\classes\services\UserDataService.php 
2016-03-18 12:31:45 - DEBUG --> initializeUserData 
2016-03-18 12:31:45 - DEBUG --> UserData first: N; 
2016-03-18 12:31:45 - DEBUG --> Archivo \components\com_jhotelreservation\classes\services\UserDataService.php 
2016-03-18 12:31:45 - DEBUG --> createUserData 
2016-03-18 12:31:45 - DEBUG --> UserData end:  a:0:{} 
2016-03-18 12:31:45 - DEBUG --> Archivo \components\com_jhotelreservation\classes\services\UserDataService.php 
2016-03-18 12:31:45 - DEBUG --> initializeUserData 
2016-03-18 12:31:45 - DEBUG --> UserData first: a:0:{} 
2016-03-18 12:31:45 - DEBUG --> UserData end:  a:0:{} 
2016-03-18 12:31:45 - DEBUG --> Archivo \components\com_jhotelreservation\classes\services\UserDataService.php 
2016-03-18 12:31:45 - DEBUG --> initializeReservationData 
2016-03-18 12:31:45 - DEBUG --> UserData: a:0:{} 
2016-03-18 12:31:45 - DEBUG --> Archivo \components\com_jhotelreservation\classes\services\UserDataService.php 
2016-03-18 12:31:45 - DEBUG --> updateUserData 
2016-03-18 12:31:45 - DEBUG --> Archivo \components\com_jhotelreservation\classes\services\UserDataService.php 
2016-03-18 12:31:45 - DEBUG --> getUserData 
2016-03-18 12:31:45 - DEBUG --> Archivo \components\com_jhotelreservation\classes\services\UserDataService.php 
2016-03-18 12:31:45 - DEBUG --> setCurrency 
2016-03-18 12:31:45 - DEBUG --> Archivo \components\com_jhotelreservation\classes\services\UserDataService.php 
2016-03-18 12:31:45 - DEBUG --> getUserData 
2016-03-18 12:31:45 - DEBUG --> Archivo \components\com_jhotelreservation\classes\services\UserDataService.php 
2016-03-18 12:31:45 - DEBUG --> getUserData 
2016-03-18 12:31:45 - DEBUG --> Archivo \components\com_jhotelreservation\classes\services\UserDataService.php 
2016-03-18 12:31:45 - DEBUG --> getUserData 
2016-03-18 12:31:45 - DEBUG --> Archivo \components\com_jhotelreservationiews\hotel	mpl\hoteloverview.php 
2016-03-18 12:31:45 - DEBUG --> Accedió 
2016-03-18 12:53:41 - DEBUG --> Archivo \components\com_jhotelreservation\classes\services\UserDataService.php 
2016-03-18 12:53:41 - DEBUG --> initializeUserData 
2016-03-18 12:53:41 - DEBUG --> UserData first: N; 
2016-03-18 12:53:41 - DEBUG --> Archivo \components\com_jhotelreservation\classes\services\UserDataService.php 
2016-03-18 12:53:41 - DEBUG --> createUserData 
2016-03-18 12:53:41 - DEBUG --> UserData end:  a:0:{} 
2016-03-18 12:53:41 - DEBUG --> Archivo \components\com_jhotelreservation\classes\services\UserDataService.php 
2016-03-18 12:53:41 - DEBUG --> initializeUserData 
2016-03-18 12:53:41 - DEBUG --> UserData first: a:0:{} 
2016-03-18 12:53:41 - DEBUG --> UserData end:  a:0:{} 
2016-03-18 12:53:41 - DEBUG --> Archivo \components\com_jhotelreservation\classes\services\UserDataService.php 
2016-03-18 12:53:41 - DEBUG --> initializeReservationData 
2016-03-18 12:53:41 - DEBUG --> UserData: a:0:{} 
2016-03-18 12:53:41 - DEBUG --> Archivo \components\com_jhotelreservation\classes\services\UserDataService.php 
2016-03-18 12:53:41 - DEBUG --> updateUserData 
2016-03-18 12:53:41 - DEBUG --> Archivo \components\com_jhotelreservation\classes\services\UserDataService.php 
2016-03-18 12:53:41 - DEBUG --> getUserData 
2016-03-18 12:53:41 - DEBUG --> Archivo \components\com_jhotelreservation\classes\services\UserDataService.php 
2016-03-18 12:53:41 - DEBUG --> setCurrency 
2016-03-18 12:53:41 - DEBUG --> Archivo \components\com_jhotelreservation\classes\services\UserDataService.php 
2016-03-18 12:53:41 - DEBUG --> getUserData 
2016-03-18 12:53:41 - DEBUG --> Archivo \components\com_jhotelreservation\classes\services\UserDataService.php 
2016-03-18 12:53:41 - DEBUG --> getUserData 
2016-03-18 12:53:41 - DEBUG --> Archivo \components\com_jhotelreservation\classes\services\UserDataService.php 
2016-03-18 12:53:41 - DEBUG --> getUserData 
2016-03-18 12:53:41 - DEBUG --> Archivo \components\com_jhotelreservationiews\hotel	mpl\hoteloverview.php 
2016-03-18 12:53:41 - DEBUG --> Accedió 
2016-03-18 13:58:11 - DEBUG --> Archivo \components\com_jhotelreservation\classes\services\UserDataService.php 
2016-03-18 13:58:11 - DEBUG --> initializeUserData 
2016-03-18 13:58:11 - DEBUG --> UserData first: N; 
2016-03-18 13:58:11 - DEBUG --> Archivo \components\com_jhotelreservation\classes\services\UserDataService.php 
2016-03-18 13:58:11 - DEBUG --> createUserData 
2016-03-18 13:58:11 - DEBUG --> UserData end:  a:0:{} 
2016-03-18 13:58:11 - DEBUG --> Archivo \components\com_jhotelreservation\classes\services\UserDataService.php 
2016-03-18 13:58:11 - DEBUG --> initializeUserData 
2016-03-18 13:58:11 - DEBUG --> UserData first: a:0:{} 
2016-03-18 13:58:11 - DEBUG --> UserData end:  a:0:{} 
2016-03-18 13:58:11 - DEBUG --> Archivo \components\com_jhotelreservation\classes\services\UserDataService.php 
2016-03-18 13:58:11 - DEBUG --> initializeReservationData 
2016-03-18 13:58:11 - DEBUG --> UserData: a:0:{} 
2016-03-18 13:58:11 - DEBUG --> Archivo \components\com_jhotelreservation\classes\services\UserDataService.php 
2016-03-18 13:58:11 - DEBUG --> updateUserData 
2016-03-18 13:58:11 - DEBUG --> Archivo \components\com_jhotelreservation\classes\services\UserDataService.php 
2016-03-18 13:58:11 - DEBUG --> getUserData 
2016-03-18 13:58:11 - DEBUG --> Archivo \components\com_jhotelreservation\classes\services\UserDataService.php 
2016-03-18 13:58:11 - DEBUG --> setCurrency 
2016-03-18 13:58:11 - DEBUG --> Archivo \components\com_jhotelreservation\classes\services\UserDataService.php 
2016-03-18 13:58:11 - DEBUG --> getUserData 
2016-03-18 13:58:11 - DEBUG --> Archivo \components\com_jhotelreservation\classes\services\UserDataService.php 
2016-03-18 13:58:11 - DEBUG --> getUserData 
2016-03-18 13:58:11 - DEBUG --> Archivo \components\com_jhotelreservation\classes\services\UserDataService.php 
2016-03-18 13:58:11 - DEBUG --> getUserData 
2016-03-18 13:58:11 - DEBUG --> Archivo \components\com_jhotelreservationiews\hotel	mpl\hoteloverview.php 
2016-03-18 13:58:11 - DEBUG --> Accedió 
2016-03-18 13:59:46 - DEBUG --> Archivo \components\com_jhotelreservation\classes\services\UserDataService.php 
2016-03-18 13:59:46 - DEBUG --> initializeUserData 
2016-03-18 13:59:46 - DEBUG --> UserData first: N; 
2016-03-18 13:59:46 - DEBUG --> Archivo \components\com_jhotelreservation\classes\services\UserDataService.php 
2016-03-18 13:59:46 - DEBUG --> createUserData 
2016-03-18 13:59:46 - DEBUG --> UserData end:  a:0:{} 
2016-03-18 13:59:46 - DEBUG --> Archivo \components\com_jhotelreservation\classes\services\UserDataService.php 
2016-03-18 13:59:46 - DEBUG --> initializeUserData 
2016-03-18 13:59:46 - DEBUG --> UserData first: a:0:{} 
2016-03-18 13:59:46 - DEBUG --> UserData end:  a:0:{} 
2016-03-18 13:59:46 - DEBUG --> Archivo \components\com_jhotelreservation\classes\services\UserDataService.php 
2016-03-18 13:59:46 - DEBUG --> initializeReservationData 
2016-03-18 13:59:46 - DEBUG --> UserData: a:0:{} 
2016-03-18 13:59:46 - DEBUG --> Archivo \components\com_jhotelreservation\classes\services\UserDataService.php 
2016-03-18 13:59:46 - DEBUG --> updateUserData 
2016-03-18 13:59:46 - DEBUG --> Archivo \components\com_jhotelreservation\classes\services\UserDataService.php 
2016-03-18 13:59:46 - DEBUG --> getUserData 
2016-03-18 13:59:46 - DEBUG --> Archivo \components\com_jhotelreservation\classes\services\UserDataService.php 
2016-03-18 13:59:46 - DEBUG --> setCurrency 
2016-03-18 13:59:46 - DEBUG --> Archivo \components\com_jhotelreservation\classes\services\UserDataService.php 
2016-03-18 13:59:46 - DEBUG --> getUserData 
2016-03-18 13:59:46 - DEBUG --> Archivo \components\com_jhotelreservation\classes\services\UserDataService.php 
2016-03-18 13:59:46 - DEBUG --> getUserData 
2016-03-18 13:59:46 - DEBUG --> Archivo \components\com_jhotelreservation\classes\services\UserDataService.php 
2016-03-18 13:59:46 - DEBUG --> getUserData 
2016-03-18 13:59:46 - DEBUG --> Archivo \components\com_jhotelreservationiews\hotel	mpl\hoteloverview.php 
2016-03-18 13:59:46 - DEBUG --> Accedió 
2016-03-18 14:38:06 - DEBUG --> Archivo \components\com_jhotelreservation\classes\services\UserDataService.php 
2016-03-18 14:38:06 - DEBUG --> initializeUserData 
2016-03-18 14:38:06 - DEBUG --> UserData first: a:0:{} 
2016-03-18 14:38:06 - DEBUG --> Archivo \components\com_jhotelreservation\classes\services\UserDataService.php 
2016-03-18 14:38:06 - DEBUG --> createUserData 
2016-03-18 14:38:06 - DEBUG --> voucher:  
2016-03-18 14:38:06 - DEBUG --> UserData end:  a:0:{} 
2016-03-18 14:38:06 - DEBUG --> Archivo \components\com_jhotelreservation\classes\services\UserDataService.php 
2016-03-18 14:38:06 - DEBUG --> initializeUserData 
2016-03-18 14:38:06 - DEBUG --> UserData first: a:0:{} 
2016-03-18 14:38:06 - DEBUG --> Archivo \components\com_jhotelreservation\classes\services\UserDataService.php 
2016-03-18 14:38:06 - DEBUG --> createUserData 
2016-03-18 14:38:06 - DEBUG --> voucher:  
2016-03-18 14:38:06 - DEBUG --> UserData end:  a:0:{} 
2016-03-18 14:38:14 - DEBUG --> Archivo \components\com_jhotelreservation\classes\services\UserDataService.php 
2016-03-18 14:38:14 - DEBUG --> initializeUserData 
2016-03-18 14:38:14 - DEBUG --> UserData first: a:0:{} 
2016-03-18 14:38:14 - DEBUG --> UserData end:  a:0:{} 
2016-03-18 14:38:14 - DEBUG --> Archivo \components\com_jhotelreservation\classes\services\UserDataService.php 
2016-03-18 14:38:14 - DEBUG --> initializeUserData 
2016-03-18 14:38:14 - DEBUG --> UserData first: a:0:{} 
2016-03-18 14:38:14 - DEBUG --> UserData end:  a:0:{} 
2016-03-18 14:38:14 - DEBUG --> Archivo \components\com_jhotelreservation\classes\services\UserDataService.php 
2016-03-18 14:38:14 - DEBUG --> initializeReservationData 
2016-03-18 14:38:14 - DEBUG --> UserData: a:0:{} 
2016-03-18 14:38:14 - DEBUG --> Archivo \components\com_jhotelreservation\classes\services\UserDataService.php 
2016-03-18 14:38:14 - DEBUG --> updateUserData 
2016-03-18 14:38:14 - DEBUG --> Archivo \components\com_jhotelreservation\classes\services\UserDataService.php 
2016-03-18 14:38:14 - DEBUG --> getUserData 
2016-03-18 14:38:14 - DEBUG --> Archivo \components\com_jhotelreservation\classes\services\UserDataService.php 
2016-03-18 14:38:14 - DEBUG --> setCurrency 
2016-03-18 14:38:14 - DEBUG --> Archivo \components\com_jhotelreservation\classes\services\UserDataService.php 
2016-03-18 14:38:14 - DEBUG --> getUserData 
2016-03-18 14:38:14 - DEBUG --> Archivo \components\com_jhotelreservation\classes\services\UserDataService.php 
2016-03-18 14:38:14 - DEBUG --> getUserData 
2016-03-18 14:38:14 - DEBUG --> Archivo \components\com_jhotelreservation\classes\services\UserDataService.php 
2016-03-18 14:38:14 - DEBUG --> getUserData 
2016-03-18 14:38:14 - DEBUG --> Archivo \components\com_jhotelreservationiews\hotel	mpl\hoteloverview.php 
2016-03-18 14:38:14 - DEBUG --> Accedió 
2016-03-18 15:08:46 - DEBUG --> Archivo \components\com_jhotelreservation\classes\services\UserDataService.php 
2016-03-18 15:08:46 - DEBUG --> initializeUserData 
2016-03-18 15:08:46 - DEBUG --> UserData first: a:0:{} 
2016-03-18 15:08:46 - DEBUG --> UserData end:  a:0:{} 
2016-03-18 15:30:25 - DEBUG --> Archivo \components\com_jhotelreservation\classes\services\UserDataService.php 
2016-03-18 15:30:25 - DEBUG --> initializeUserData 
2016-03-18 15:30:25 - DEBUG --> UserData first: a:0:{} 
2016-03-18 15:30:25 - DEBUG --> UserData end:  a:0:{} 
2016-03-18 15:31:24 - DEBUG --> Archivo \components\com_jhotelreservation\classes\services\UserDataService.php 
2016-03-18 15:31:24 - DEBUG --> initializeUserData 
2016-03-18 15:31:24 - DEBUG --> UserData first: a:0:{} 
2016-03-18 15:31:24 - DEBUG --> Archivo \components\com_jhotelreservation\classes\services\UserDataService.php 
2016-03-18 15:31:24 - DEBUG --> createUserData 
2016-03-18 15:31:24 - DEBUG --> voucher:  
2016-03-18 15:31:24 - DEBUG --> UserData end:  a:0:{} 
2016-03-18 15:31:24 - DEBUG --> Archivo \components\com_jhotelreservation\classes\services\UserDataService.php 
2016-03-18 15:31:24 - DEBUG --> initializeUserData 
2016-03-18 15:31:24 - DEBUG --> UserData first: a:0:{} 
2016-03-18 15:31:24 - DEBUG --> Archivo \components\com_jhotelreservation\classes\services\UserDataService.php 
2016-03-18 15:31:24 - DEBUG --> createUserData 
2016-03-18 15:31:24 - DEBUG --> voucher:  
2016-03-18 15:31:24 - DEBUG --> UserData end:  a:0:{} 
2016-03-18 15:32:36 - DEBUG --> Archivo \components\com_jhotelreservation\classes\services\UserDataService.php 
2016-03-18 15:32:36 - DEBUG --> initializeUserData 
2016-03-18 15:32:36 - DEBUG --> UserData first: a:0:{} 
2016-03-18 15:32:36 - DEBUG --> Archivo \components\com_jhotelreservation\classes\services\UserDataService.php 
2016-03-18 15:32:36 - DEBUG --> createUserData 
2016-03-18 15:32:36 - DEBUG --> voucher:  
2016-03-18 15:32:36 - DEBUG --> UserData end:  a:0:{} 
2016-03-18 15:32:36 - DEBUG --> Archivo \components\com_jhotelreservation\classes\services\UserDataService.php 
2016-03-18 15:32:36 - DEBUG --> initializeUserData 
2016-03-18 15:32:36 - DEBUG --> UserData first: a:0:{} 
2016-03-18 15:32:36 - DEBUG --> Archivo \components\com_jhotelreservation\classes\services\UserDataService.php 
2016-03-18 15:32:36 - DEBUG --> createUserData 
2016-03-18 15:32:36 - DEBUG --> voucher:  
2016-03-18 15:32:36 - DEBUG --> UserData end:  a:0:{} 
2016-03-18 15:33:39 - DEBUG --> Archivo \components\com_jhotelreservation\classes\services\UserDataService.php 
2016-03-18 15:33:39 - DEBUG --> initializeUserData 
2016-03-18 15:33:39 - DEBUG --> UserData first: a:0:{} 
2016-03-18 15:33:39 - DEBUG --> Archivo \components\com_jhotelreservation\classes\services\UserDataService.php 
2016-03-18 15:33:39 - DEBUG --> createUserData 
2016-03-18 15:33:39 - DEBUG --> voucher:  
2016-03-18 15:33:39 - DEBUG --> UserData end:  a:0:{} 
2016-03-18 15:33:39 - DEBUG --> Archivo \components\com_jhotelreservation\classes\services\UserDataService.php 
2016-03-18 15:33:39 - DEBUG --> initializeUserData 
2016-03-18 15:33:39 - DEBUG --> UserData first: a:0:{} 
2016-03-18 15:33:39 - DEBUG --> Archivo \components\com_jhotelreservation\classes\services\UserDataService.php 
2016-03-18 15:33:39 - DEBUG --> createUserData 
2016-03-18 15:33:39 - DEBUG --> voucher:  
2016-03-18 15:33:39 - DEBUG --> UserData end:  a:0:{} 
2016-03-18 15:35:47 - DEBUG --> Archivo \components\com_jhotelreservation\classes\services\UserDataService.php 
2016-03-18 15:35:47 - DEBUG --> initializeUserData 
2016-03-18 15:35:47 - DEBUG --> UserData first: a:0:{} 
2016-03-18 15:35:47 - DEBUG --> Archivo \components\com_jhotelreservation\classes\services\UserDataService.php 
2016-03-18 15:35:47 - DEBUG --> createUserData 
2016-03-18 15:35:47 - DEBUG --> voucher:  
2016-03-18 15:35:47 - DEBUG --> UserData end:  a:0:{} 
2016-03-18 15:35:47 - DEBUG --> Archivo \components\com_jhotelreservation\classes\services\UserDataService.php 
2016-03-18 15:35:47 - DEBUG --> initializeUserData 
2016-03-18 15:35:47 - DEBUG --> UserData first: a:0:{} 
2016-03-18 15:35:47 - DEBUG --> Archivo \components\com_jhotelreservation\classes\services\UserDataService.php 
2016-03-18 15:35:47 - DEBUG --> createUserData 
2016-03-18 15:35:47 - DEBUG --> voucher:  
2016-03-18 15:35:47 - DEBUG --> UserData end:  a:0:{} 
2016-03-18 15:36:29 - DEBUG --> Archivo \components\com_jhotelreservation\classes\services\UserDataService.php 
2016-03-18 15:36:29 - DEBUG --> initializeUserData 
2016-03-18 15:36:29 - DEBUG --> UserData first: a:0:{} 
2016-03-18 15:36:29 - DEBUG --> Archivo \components\com_jhotelreservation\classes\services\UserDataService.php 
2016-03-18 15:36:29 - DEBUG --> createUserData 
2016-03-18 15:36:29 - DEBUG --> voucher:  
2016-03-18 15:36:29 - DEBUG --> UserData end:  a:0:{} 
2016-03-18 15:36:29 - DEBUG --> Archivo \components\com_jhotelreservation\classes\services\UserDataService.php 
2016-03-18 15:36:29 - DEBUG --> initializeUserData 
2016-03-18 15:36:29 - DEBUG --> UserData first: a:0:{} 
2016-03-18 15:36:29 - DEBUG --> Archivo \components\com_jhotelreservation\classes\services\UserDataService.php 
2016-03-18 15:36:29 - DEBUG --> createUserData 
2016-03-18 15:36:29 - DEBUG --> voucher:  
2016-03-18 15:36:29 - DEBUG --> UserData end:  a:0:{} 
2016-03-18 15:36:49 - DEBUG --> Archivo \components\com_jhotelreservation\classes\services\UserDataService.php 
2016-03-18 15:36:49 - DEBUG --> initializeUserData 
2016-03-18 15:36:49 - DEBUG --> UserData first: N; 
2016-03-18 15:36:49 - DEBUG --> Archivo \components\com_jhotelreservation\classes\services\UserDataService.php 
2016-03-18 15:36:49 - DEBUG --> createUserData 
2016-03-18 15:36:49 - DEBUG --> UserData end:  a:0:{} 
2016-03-18 15:36:49 - DEBUG --> Archivo \components\com_jhotelreservation\classes\services\UserDataService.php 
2016-03-18 15:36:49 - DEBUG --> initializeUserData 
2016-03-18 15:36:49 - DEBUG --> UserData first: a:0:{} 
2016-03-18 15:36:49 - DEBUG --> UserData end:  a:0:{} 
2016-03-18 15:36:49 - DEBUG --> Archivo \components\com_jhotelreservation\classes\services\UserDataService.php 
2016-03-18 15:36:49 - DEBUG --> initializeReservationData 
2016-03-18 15:36:49 - DEBUG --> UserData: a:0:{} 
2016-03-18 15:36:49 - DEBUG --> Archivo \components\com_jhotelreservation\classes\services\UserDataService.php 
2016-03-18 15:36:49 - DEBUG --> updateUserData 
2016-03-18 15:36:49 - DEBUG --> Archivo \components\com_jhotelreservation\classes\services\UserDataService.php 
2016-03-18 15:36:49 - DEBUG --> getUserData 
2016-03-18 15:36:49 - DEBUG --> Archivo \components\com_jhotelreservation\classes\services\UserDataService.php 
2016-03-18 15:36:49 - DEBUG --> setCurrency 
2016-03-18 15:36:49 - DEBUG --> Archivo \components\com_jhotelreservation\classes\services\UserDataService.php 
2016-03-18 15:36:49 - DEBUG --> getUserData 
2016-03-18 15:36:49 - DEBUG --> Archivo \components\com_jhotelreservation\classes\services\UserDataService.php 
2016-03-18 15:36:49 - DEBUG --> getUserData 
2016-03-18 15:36:49 - DEBUG --> Archivo \components\com_jhotelreservation\classes\services\UserDataService.php 
2016-03-18 15:36:49 - DEBUG --> getUserData 
2016-03-18 15:37:25 - DEBUG --> Archivo \components\com_jhotelreservation\classes\services\UserDataService.php 
2016-03-18 15:37:25 - DEBUG --> initializeUserData 
2016-03-18 15:37:25 - DEBUG --> UserData first: a:0:{} 
2016-03-18 15:37:25 - DEBUG --> Archivo \components\com_jhotelreservation\classes\services\UserDataService.php 
2016-03-18 15:37:25 - DEBUG --> createUserData 
2016-03-18 15:37:25 - DEBUG --> voucher:  
2016-03-18 15:37:25 - DEBUG --> UserData end:  a:0:{} 
2016-03-18 15:37:25 - DEBUG --> Archivo \components\com_jhotelreservation\classes\services\UserDataService.php 
2016-03-18 15:37:25 - DEBUG --> initializeUserData 
2016-03-18 15:37:25 - DEBUG --> UserData first: a:0:{} 
2016-03-18 15:37:25 - DEBUG --> Archivo \components\com_jhotelreservation\classes\services\UserDataService.php 
2016-03-18 15:37:25 - DEBUG --> createUserData 
2016-03-18 15:37:25 - DEBUG --> voucher:  
2016-03-18 15:37:25 - DEBUG --> UserData end:  a:0:{} 
2016-03-18 16:37:02 - DEBUG --> Archivo \components\com_jhotelreservation\classes\services\UserDataService.php 
2016-03-18 16:37:02 - DEBUG --> initializeUserData 
2016-03-18 16:37:02 - DEBUG --> UserData first: N; 
2016-03-18 16:37:02 - DEBUG --> Archivo \components\com_jhotelreservation\classes\services\UserDataService.php 
2016-03-18 16:37:02 - DEBUG --> createUserData 
2016-03-18 16:37:02 - DEBUG --> UserData end:  a:0:{} 
2016-03-18 16:37:02 - DEBUG --> Archivo \components\com_jhotelreservation\classes\services\UserDataService.php 
2016-03-18 16:37:02 - DEBUG --> initializeUserData 
2016-03-18 16:37:02 - DEBUG --> UserData first: a:0:{} 
2016-03-18 16:37:02 - DEBUG --> UserData end:  a:0:{} 
2016-03-18 16:37:02 - DEBUG --> Archivo \components\com_jhotelreservation\classes\services\UserDataService.php 
2016-03-18 16:37:02 - DEBUG --> initializeReservationData 
2016-03-18 16:37:02 - DEBUG --> UserData: a:0:{} 
2016-03-18 16:37:02 - DEBUG --> Archivo \components\com_jhotelreservation\classes\services\UserDataService.php 
2016-03-18 16:37:02 - DEBUG --> updateUserData 
2016-03-18 16:37:02 - DEBUG --> Archivo \components\com_jhotelreservation\classes\services\UserDataService.php 
2016-03-18 16:37:02 - DEBUG --> getUserData 
2016-03-18 16:37:02 - DEBUG --> Archivo \components\com_jhotelreservation\classes\services\UserDataService.php 
2016-03-18 16:37:02 - DEBUG --> setCurrency 
2016-03-18 16:37:02 - DEBUG --> Archivo \components\com_jhotelreservation\classes\services\UserDataService.php 
2016-03-18 16:37:02 - DEBUG --> getUserData 
2016-03-18 16:37:02 - DEBUG --> Archivo \components\com_jhotelreservation\classes\services\UserDataService.php 
2016-03-18 16:37:02 - DEBUG --> getUserData 
2016-03-18 16:37:02 - DEBUG --> Archivo \components\com_jhotelreservation\classes\services\UserDataService.php 
2016-03-18 16:37:02 - DEBUG --> getUserData 
2016-03-18 16:37:02 - DEBUG --> Archivo \components\com_jhotelreservationiews\hotel	mpl\hoteloverview.php 
2016-03-18 16:37:02 - DEBUG --> Accedió 
2016-03-18 16:39:11 - DEBUG --> Archivo \components\com_jhotelreservation\classes\services\UserDataService.php 
2016-03-18 16:39:11 - DEBUG --> initializeUserData 
2016-03-18 16:39:11 - DEBUG --> UserData first: N; 
2016-03-18 16:39:11 - DEBUG --> Archivo \components\com_jhotelreservation\classes\services\UserDataService.php 
2016-03-18 16:39:11 - DEBUG --> createUserData 
2016-03-18 16:39:11 - DEBUG --> UserData end:  a:0:{} 
2016-03-18 16:39:11 - DEBUG --> Archivo \components\com_jhotelreservation\classes\services\UserDataService.php 
2016-03-18 16:39:11 - DEBUG --> initializeUserData 
2016-03-18 16:39:11 - DEBUG --> UserData first: a:0:{} 
2016-03-18 16:39:11 - DEBUG --> UserData end:  a:0:{} 
2016-03-18 16:39:11 - DEBUG --> Archivo \components\com_jhotelreservation\classes\services\UserDataService.php 
2016-03-18 16:39:11 - DEBUG --> initializeReservationData 
2016-03-18 16:39:11 - DEBUG --> UserData: a:0:{} 
2016-03-18 16:39:11 - DEBUG --> Archivo \components\com_jhotelreservation\classes\services\UserDataService.php 
2016-03-18 16:39:11 - DEBUG --> updateUserData 
2016-03-18 16:39:11 - DEBUG --> Archivo \components\com_jhotelreservation\classes\services\UserDataService.php 
2016-03-18 16:39:11 - DEBUG --> getUserData 
2016-03-18 16:39:11 - DEBUG --> Archivo \components\com_jhotelreservation\classes\services\UserDataService.php 
2016-03-18 16:39:11 - DEBUG --> setCurrency 
2016-03-18 16:39:11 - DEBUG --> Archivo \components\com_jhotelreservation\classes\services\UserDataService.php 
2016-03-18 16:39:11 - DEBUG --> getUserData 
2016-03-18 16:39:11 - DEBUG --> Archivo \components\com_jhotelreservation\classes\services\UserDataService.php 
2016-03-18 16:39:11 - DEBUG --> getUserData 
2016-03-18 16:39:11 - DEBUG --> Archivo \components\com_jhotelreservation\classes\services\UserDataService.php 
2016-03-18 16:39:11 - DEBUG --> getUserData 
2016-03-18 16:51:41 - DEBUG --> Archivo \components\com_jhotelreservation\classes\services\UserDataService.php 
2016-03-18 16:51:41 - DEBUG --> initializeUserData 
2016-03-18 16:51:41 - DEBUG --> UserData first: N; 
2016-03-18 16:51:41 - DEBUG --> Archivo \components\com_jhotelreservation\classes\services\UserDataService.php 
2016-03-18 16:51:41 - DEBUG --> createUserData 
2016-03-18 16:51:41 - DEBUG --> UserData end:  a:0:{} 
2016-03-18 16:51:41 - DEBUG --> Archivo \components\com_jhotelreservation\classes\services\UserDataService.php 
2016-03-18 16:51:41 - DEBUG --> initializeUserData 
2016-03-18 16:51:41 - DEBUG --> UserData first: a:0:{} 
2016-03-18 16:51:41 - DEBUG --> UserData end:  a:0:{} 
2016-03-18 16:51:41 - DEBUG --> Archivo \components\com_jhotelreservation\classes\services\UserDataService.php 
2016-03-18 16:51:41 - DEBUG --> initializeReservationData 
2016-03-18 16:51:41 - DEBUG --> UserData: a:0:{} 
2016-03-18 16:51:41 - DEBUG --> Archivo \components\com_jhotelreservation\classes\services\UserDataService.php 
2016-03-18 16:51:41 - DEBUG --> updateUserData 
2016-03-18 16:51:41 - DEBUG --> Archivo \components\com_jhotelreservation\classes\services\UserDataService.php 
2016-03-18 16:51:41 - DEBUG --> getUserData 
2016-03-18 16:51:41 - DEBUG --> Archivo \components\com_jhotelreservation\classes\services\UserDataService.php 
2016-03-18 16:51:41 - DEBUG --> setCurrency 
2016-03-18 16:51:41 - DEBUG --> Archivo \components\com_jhotelreservation\classes\services\UserDataService.php 
2016-03-18 16:51:41 - DEBUG --> getUserData 
2016-03-18 16:51:41 - DEBUG --> Archivo \components\com_jhotelreservation\classes\services\UserDataService.php 
2016-03-18 16:51:41 - DEBUG --> getUserData 
2016-03-18 16:51:41 - DEBUG --> Archivo \components\com_jhotelreservation\classes\services\UserDataService.php 
2016-03-18 16:51:41 - DEBUG --> getUserData 
2016-03-18 16:51:41 - DEBUG --> Archivo \components\com_jhotelreservationiews\hotel	mpl\hoteloverview.php 
2016-03-18 16:51:41 - DEBUG --> Accedió 
2016-03-18 18:46:50 - DEBUG --> Archivo \components\com_jhotelreservation\classes\services\UserDataService.php 
2016-03-18 18:46:50 - DEBUG --> initializeUserData 
2016-03-18 18:46:50 - DEBUG --> UserData first: a:0:{} 
2016-03-18 18:46:50 - DEBUG --> Archivo \components\com_jhotelreservation\classes\services\UserDataService.php 
2016-03-18 18:46:50 - DEBUG --> createUserData 
2016-03-18 18:46:50 - DEBUG --> voucher:  
2016-03-18 18:46:50 - DEBUG --> UserData end:  a:0:{} 
2016-03-18 18:46:50 - DEBUG --> Archivo \components\com_jhotelreservation\classes\services\UserDataService.php 
2016-03-18 18:46:50 - DEBUG --> initializeUserData 
2016-03-18 18:46:50 - DEBUG --> UserData first: a:0:{} 
2016-03-18 18:46:50 - DEBUG --> Archivo \components\com_jhotelreservation\classes\services\UserDataService.php 
2016-03-18 18:46:50 - DEBUG --> createUserData 
2016-03-18 18:46:50 - DEBUG --> voucher:  
2016-03-18 18:46:50 - DEBUG --> UserData end:  a:0:{} 
2016-03-18 18:46:59 - DEBUG --> Archivo \components\com_jhotelreservation\classes\services\UserDataService.php 
2016-03-18 18:46:59 - DEBUG --> initializeUserData 
2016-03-18 18:46:59 - DEBUG --> UserData first: a:0:{} 
2016-03-18 18:46:59 - DEBUG --> UserData end:  a:0:{} 
2016-03-18 18:46:59 - DEBUG --> Archivo \components\com_jhotelreservation\classes\services\UserDataService.php 
2016-03-18 18:46:59 - DEBUG --> initializeUserData 
2016-03-18 18:46:59 - DEBUG --> UserData first: a:0:{} 
2016-03-18 18:46:59 - DEBUG --> UserData end:  a:0:{} 
2016-03-18 18:47:05 - DEBUG --> Archivo \components\com_jhotelreservation\classes\services\UserDataService.php 
2016-03-18 18:47:05 - DEBUG --> initializeUserData 
2016-03-18 18:47:05 - DEBUG --> UserData first: a:0:{} 
2016-03-18 18:47:05 - DEBUG --> UserData end:  a:0:{} 
2016-03-18 18:47:05 - DEBUG --> Archivo \components\com_jhotelreservation\classes\services\UserDataService.php 
2016-03-18 18:47:05 - DEBUG --> initializeUserData 
2016-03-18 18:47:05 - DEBUG --> UserData first: a:0:{} 
2016-03-18 18:47:05 - DEBUG --> UserData end:  a:0:{} 
2016-03-18 18:48:01 - DEBUG --> Archivo \components\com_jhotelreservation\classes\services\UserDataService.php 
2016-03-18 18:48:01 - DEBUG --> initializeUserData 
2016-03-18 18:48:01 - DEBUG --> UserData first: N; 
2016-03-18 18:48:01 - DEBUG --> Archivo \components\com_jhotelreservation\classes\services\UserDataService.php 
2016-03-18 18:48:01 - DEBUG --> createUserData 
2016-03-18 18:48:01 - DEBUG --> UserData end:  a:0:{} 
2016-03-18 18:48:01 - DEBUG --> Archivo \components\com_jhotelreservation\classes\services\UserDataService.php 
2016-03-18 18:48:01 - DEBUG --> initializeUserData 
2016-03-18 18:48:01 - DEBUG --> UserData first: a:0:{} 
2016-03-18 18:48:01 - DEBUG --> UserData end:  a:0:{} 
2016-03-18 18:48:01 - DEBUG --> Archivo \components\com_jhotelreservation\classes\services\UserDataService.php 
2016-03-18 18:48:01 - DEBUG --> initializeReservationData 
2016-03-18 18:48:01 - DEBUG --> UserData: a:0:{} 
2016-03-18 18:48:01 - DEBUG --> Archivo \components\com_jhotelreservation\classes\services\UserDataService.php 
2016-03-18 18:48:01 - DEBUG --> updateUserData 
2016-03-18 18:48:01 - DEBUG --> Archivo \components\com_jhotelreservation\classes\services\UserDataService.php 
2016-03-18 18:48:01 - DEBUG --> getUserData 
2016-03-18 18:48:01 - DEBUG --> Archivo \components\com_jhotelreservation\classes\services\UserDataService.php 
2016-03-18 18:48:01 - DEBUG --> setCurrency 
2016-03-18 18:48:01 - DEBUG --> Archivo \components\com_jhotelreservation\classes\services\UserDataService.php 
2016-03-18 18:48:01 - DEBUG --> getUserData 
2016-03-18 18:48:01 - DEBUG --> Archivo \components\com_jhotelreservation\classes\services\UserDataService.php 
2016-03-18 18:48:01 - DEBUG --> getUserData 
2016-03-18 18:48:01 - DEBUG --> Archivo \components\com_jhotelreservation\classes\services\UserDataService.php 
2016-03-18 18:48:01 - DEBUG --> getUserData 
2016-03-18 19:43:21 - DEBUG --> Archivo \components\com_jhotelreservation\classes\services\UserDataService.php 
2016-03-18 19:43:21 - DEBUG --> initializeUserData 
2016-03-18 19:43:21 - DEBUG --> UserData first: N; 
2016-03-18 19:43:21 - DEBUG --> Archivo \components\com_jhotelreservation\classes\services\UserDataService.php 
2016-03-18 19:43:21 - DEBUG --> createUserData 
2016-03-18 19:43:21 - DEBUG --> UserData end:  a:0:{} 
2016-03-18 19:43:21 - DEBUG --> Archivo \components\com_jhotelreservation\classes\services\UserDataService.php 
2016-03-18 19:43:21 - DEBUG --> initializeUserData 
2016-03-18 19:43:21 - DEBUG --> UserData first: a:0:{} 
2016-03-18 19:43:21 - DEBUG --> UserData end:  a:0:{} 
2016-03-18 19:43:21 - DEBUG --> Archivo \components\com_jhotelreservation\classes\services\UserDataService.php 
2016-03-18 19:43:21 - DEBUG --> initializeReservationData 
2016-03-18 19:43:21 - DEBUG --> UserData: a:0:{} 
2016-03-18 19:43:21 - DEBUG --> Archivo \components\com_jhotelreservation\classes\services\UserDataService.php 
2016-03-18 19:43:21 - DEBUG --> updateUserData 
2016-03-18 19:43:21 - DEBUG --> Archivo \components\com_jhotelreservation\classes\services\UserDataService.php 
2016-03-18 19:43:21 - DEBUG --> getUserData 
2016-03-18 19:43:21 - DEBUG --> Archivo \components\com_jhotelreservation\classes\services\UserDataService.php 
2016-03-18 19:43:21 - DEBUG --> setCurrency 
2016-03-18 19:43:21 - DEBUG --> Archivo \components\com_jhotelreservation\classes\services\UserDataService.php 
2016-03-18 19:43:21 - DEBUG --> getUserData 
2016-03-18 19:43:21 - DEBUG --> Archivo \components\com_jhotelreservation\classes\services\UserDataService.php 
2016-03-18 19:43:21 - DEBUG --> getUserData 
2016-03-18 19:43:21 - DEBUG --> Archivo \components\com_jhotelreservation\classes\services\UserDataService.php 
2016-03-18 19:43:21 - DEBUG --> getUserData 
2016-03-18 20:23:54 - DEBUG --> Archivo \components\com_jhotelreservation\classes\services\UserDataService.php 
2016-03-18 20:23:54 - DEBUG --> initializeUserData 
2016-03-18 20:23:54 - DEBUG --> UserData first: N; 
2016-03-18 20:23:54 - DEBUG --> Archivo \components\com_jhotelreservation\classes\services\UserDataService.php 
2016-03-18 20:23:54 - DEBUG --> createUserData 
2016-03-18 20:23:54 - DEBUG --> UserData end:  a:0:{} 
2016-03-18 20:23:54 - DEBUG --> Archivo \components\com_jhotelreservation\classes\services\UserDataService.php 
2016-03-18 20:23:54 - DEBUG --> initializeUserData 
2016-03-18 20:23:54 - DEBUG --> UserData first: a:0:{} 
2016-03-18 20:23:54 - DEBUG --> UserData end:  a:0:{} 
2016-03-18 20:23:54 - DEBUG --> Archivo \components\com_jhotelreservation\classes\services\UserDataService.php 
2016-03-18 20:23:54 - DEBUG --> initializeReservationData 
2016-03-18 20:23:54 - DEBUG --> UserData: a:0:{} 
2016-03-18 20:23:54 - DEBUG --> Archivo \components\com_jhotelreservation\classes\services\UserDataService.php 
2016-03-18 20:23:54 - DEBUG --> updateUserData 
2016-03-18 20:23:54 - DEBUG --> Archivo \components\com_jhotelreservation\classes\services\UserDataService.php 
2016-03-18 20:23:54 - DEBUG --> getUserData 
2016-03-18 20:23:54 - DEBUG --> Archivo \components\com_jhotelreservation\classes\services\UserDataService.php 
2016-03-18 20:23:54 - DEBUG --> setCurrency 
2016-03-18 20:23:54 - DEBUG --> Archivo \components\com_jhotelreservation\classes\services\UserDataService.php 
2016-03-18 20:23:54 - DEBUG --> getUserData 
2016-03-18 20:23:54 - DEBUG --> Archivo \components\com_jhotelreservation\classes\services\UserDataService.php 
2016-03-18 20:23:54 - DEBUG --> getUserData 
2016-03-18 20:23:54 - DEBUG --> Archivo \components\com_jhotelreservation\classes\services\UserDataService.php 
2016-03-18 20:23:54 - DEBUG --> getUserData 
2016-03-18 20:23:54 - DEBUG --> Archivo \components\com_jhotelreservationiews\hotel	mpl\hoteloverview.php 
2016-03-18 20:23:54 - DEBUG --> Accedió 
2016-03-18 21:19:06 - DEBUG --> Archivo \components\com_jhotelreservation\classes\services\UserDataService.php 
2016-03-18 21:19:06 - DEBUG --> initializeUserData 
2016-03-18 21:19:06 - DEBUG --> UserData first: N; 
2016-03-18 21:19:06 - DEBUG --> Archivo \components\com_jhotelreservation\classes\services\UserDataService.php 
2016-03-18 21:19:06 - DEBUG --> createUserData 
2016-03-18 21:19:06 - DEBUG --> UserData end:  a:0:{} 
2016-03-18 21:19:06 - DEBUG --> Archivo \components\com_jhotelreservation\classes\services\UserDataService.php 
2016-03-18 21:19:06 - DEBUG --> initializeUserData 
2016-03-18 21:19:06 - DEBUG --> UserData first: a:0:{} 
2016-03-18 21:19:06 - DEBUG --> UserData end:  a:0:{} 
2016-03-18 21:19:06 - DEBUG --> Archivo \components\com_jhotelreservation\classes\services\UserDataService.php 
2016-03-18 21:19:06 - DEBUG --> initializeReservationData 
2016-03-18 21:19:06 - DEBUG --> UserData: a:0:{} 
2016-03-18 21:19:06 - DEBUG --> Archivo \components\com_jhotelreservation\classes\services\UserDataService.php 
2016-03-18 21:19:06 - DEBUG --> updateUserData 
2016-03-18 21:19:06 - DEBUG --> Archivo \components\com_jhotelreservation\classes\services\UserDataService.php 
2016-03-18 21:19:06 - DEBUG --> getUserData 
2016-03-18 21:19:06 - DEBUG --> Archivo \components\com_jhotelreservation\classes\services\UserDataService.php 
2016-03-18 21:19:06 - DEBUG --> setCurrency 
2016-03-18 21:19:06 - DEBUG --> Archivo \components\com_jhotelreservation\classes\services\UserDataService.php 
2016-03-18 21:19:06 - DEBUG --> getUserData 
2016-03-18 21:19:06 - DEBUG --> Archivo \components\com_jhotelreservation\classes\services\UserDataService.php 
2016-03-18 21:19:06 - DEBUG --> getUserData 
2016-03-18 21:19:06 - DEBUG --> Archivo \components\com_jhotelreservation\classes\services\UserDataService.php 
2016-03-18 21:19:06 - DEBUG --> getUserData 
2016-03-18 21:23:29 - DEBUG --> Archivo \components\com_jhotelreservation\classes\services\UserDataService.php 
2016-03-18 21:23:29 - DEBUG --> initializeUserData 
2016-03-18 21:23:29 - DEBUG --> UserData first: a:0:{} 
2016-03-18 21:23:29 - DEBUG --> UserData end:  a:0:{} 
2016-03-18 21:23:42 - DEBUG --> Archivo \components\com_jhotelreservation\classes\services\UserDataService.php 
2016-03-18 21:23:42 - DEBUG --> initializeUserData 
2016-03-18 21:23:42 - DEBUG --> UserData first: a:0:{} 
2016-03-18 21:23:42 - DEBUG --> Archivo \components\com_jhotelreservation\classes\services\UserDataService.php 
2016-03-18 21:23:42 - DEBUG --> createUserData 
2016-03-18 21:23:42 - DEBUG --> voucher:  
2016-03-18 21:23:42 - DEBUG --> UserData end:  a:0:{} 
2016-03-18 21:23:42 - DEBUG --> Archivo \components\com_jhotelreservation\classes\services\UserDataService.php 
2016-03-18 21:23:42 - DEBUG --> initializeUserData 
2016-03-18 21:23:42 - DEBUG --> UserData first: a:0:{} 
2016-03-18 21:23:42 - DEBUG --> Archivo \components\com_jhotelreservation\classes\services\UserDataService.php 
2016-03-18 21:23:42 - DEBUG --> createUserData 
2016-03-18 21:23:42 - DEBUG --> voucher:  
2016-03-18 21:23:42 - DEBUG --> UserData end:  a:0:{} 
2016-03-18 21:23:45 - DEBUG --> Archivo \components\com_jhotelreservation\classes\services\UserDataService.php 
2016-03-18 21:23:45 - DEBUG --> initializeUserData 
2016-03-18 21:23:45 - DEBUG --> UserData first: a:0:{} 
2016-03-18 21:23:45 - DEBUG --> UserData end:  a:0:{} 
2016-03-18 21:23:45 - DEBUG --> Archivo \components\com_jhotelreservation\classes\services\UserDataService.php 
2016-03-18 21:23:45 - DEBUG --> initializeUserData 
2016-03-18 21:23:45 - DEBUG --> UserData first: a:0:{} 
2016-03-18 21:23:45 - DEBUG --> UserData end:  a:0:{} 
2016-03-18 21:23:45 - DEBUG --> Archivo \components\com_jhotelreservation\classes\services\UserDataService.php 
2016-03-18 21:23:45 - DEBUG --> initializeReservationData 
2016-03-18 21:23:45 - DEBUG --> UserData: a:0:{} 
2016-03-18 21:23:45 - DEBUG --> Archivo \components\com_jhotelreservation\classes\services\UserDataService.php 
2016-03-18 21:23:45 - DEBUG --> updateUserData 
2016-03-18 21:23:45 - DEBUG --> Archivo \components\com_jhotelreservation\classes\services\UserDataService.php 
2016-03-18 21:23:45 - DEBUG --> getUserData 
2016-03-18 21:23:45 - DEBUG --> Archivo \components\com_jhotelreservation\classes\services\UserDataService.php 
2016-03-18 21:23:45 - DEBUG --> setCurrency 
2016-03-18 21:23:45 - DEBUG --> Archivo \components\com_jhotelreservation\classes\services\UserDataService.php 
2016-03-18 21:23:45 - DEBUG --> getUserData 
2016-03-18 21:23:45 - DEBUG --> Archivo \components\com_jhotelreservation\classes\services\UserDataService.php 
2016-03-18 21:23:45 - DEBUG --> getUserData 
2016-03-18 21:23:45 - DEBUG --> Archivo \components\com_jhotelreservation\classes\services\UserDataService.php 
2016-03-18 21:23:45 - DEBUG --> getUserData 
2016-03-18 21:23:45 - DEBUG --> Archivo \components\com_jhotelreservationiews\hotel	mpl\hoteloverview.php 
2016-03-18 21:23:45 - DEBUG --> Accedió 
2016-03-18 21:23:52 - DEBUG --> Archivo \components\com_jhotelreservation\classes\services\UserDataService.php 
2016-03-18 21:23:52 - DEBUG --> initializeUserData 
2016-03-18 21:23:52 - DEBUG --> UserData first: a:0:{} 
2016-03-18 21:23:52 - DEBUG --> UserData end:  a:0:{} 
2016-03-18 21:23:52 - DEBUG --> Archivo \components\com_jhotelreservation\classes\services\UserDataService.php 
2016-03-18 21:23:52 - DEBUG --> reserveRoom hotelId= 28, reservedItem = 0|51, current = 1 
2016-03-18 21:23:52 - DEBUG --> Reserved items: a:1:{i:0;s:6:"0|51|1";} 
2016-03-18 21:23:53 - DEBUG --> Archivo \components\com_jhotelreservation\classes\services\UserDataService.php 
2016-03-18 21:23:53 - DEBUG --> initializeUserData 
2016-03-18 21:23:53 - DEBUG --> UserData first: a:1:{i:0;s:6:"0|51|1";} 
2016-03-18 21:23:53 - DEBUG --> UserData end:  a:1:{i:0;s:6:"0|51|1";} 
2016-03-18 21:23:53 - DEBUG --> Archivo \components\com_jhotelreservation\classes\services\UserDataService.php 
2016-03-18 21:23:53 - DEBUG --> getUserData 
2016-03-18 21:23:53 - DEBUG --> Archivo \components\com_jhotelreservation\classes\services\UserDataService.php 
2016-03-18 21:23:53 - DEBUG --> getUserData 
2016-03-18 21:23:53 - DEBUG --> Archivo \components\com_jhotelreservation\classes\services\UserDataService.php 
2016-03-18 21:23:53 - DEBUG --> getUserData 
2016-03-18 21:23:53 - DEBUG --> Archivo \components\com_jhotelreservation\classes\services\UserDataService.php 
2016-03-18 21:23:53 - DEBUG --> getUserData 
2016-03-18 21:23:53 - DEBUG --> Archivo \components\com_jhotelreservation\classes\services\UserDataService.php 
2016-03-18 21:23:53 - DEBUG --> getUserData 
2016-03-18 22:58:33 - DEBUG --> Archivo \components\com_jhotelreservation\classes\services\UserDataService.php 
2016-03-18 22:58:33 - DEBUG --> initializeUserData 
2016-03-18 22:58:33 - DEBUG --> UserData first: N; 
2016-03-18 22:58:33 - DEBUG --> Archivo \components\com_jhotelreservation\classes\services\UserDataService.php 
2016-03-18 22:58:33 - DEBUG --> createUserData 
2016-03-18 22:58:33 - DEBUG --> UserData end:  a:0:{} 
2016-03-18 22:58:33 - DEBUG --> Archivo \components\com_jhotelreservation\classes\services\UserDataService.php 
2016-03-18 22:58:33 - DEBUG --> initializeUserData 
2016-03-18 22:58:33 - DEBUG --> UserData first: a:0:{} 
2016-03-18 22:58:33 - DEBUG --> UserData end:  a:0:{} 
2016-03-18 22:58:33 - DEBUG --> Archivo \components\com_jhotelreservation\classes\services\UserDataService.php 
2016-03-18 22:58:33 - DEBUG --> initializeReservationData 
2016-03-18 22:58:33 - DEBUG --> UserData: a:0:{} 
2016-03-18 22:58:33 - DEBUG --> Archivo \components\com_jhotelreservation\classes\services\UserDataService.php 
2016-03-18 22:58:33 - DEBUG --> updateUserData 
2016-03-18 22:58:33 - DEBUG --> Archivo \components\com_jhotelreservation\classes\services\UserDataService.php 
2016-03-18 22:58:33 - DEBUG --> getUserData 
2016-03-18 22:58:33 - DEBUG --> Archivo \components\com_jhotelreservation\classes\services\UserDataService.php 
2016-03-18 22:58:33 - DEBUG --> setCurrency 
2016-03-18 22:58:33 - DEBUG --> Archivo \components\com_jhotelreservation\classes\services\UserDataService.php 
2016-03-18 22:58:33 - DEBUG --> getUserData 
2016-03-18 22:58:33 - DEBUG --> Archivo \components\com_jhotelreservation\classes\services\UserDataService.php 
2016-03-18 22:58:33 - DEBUG --> getUserData 
2016-03-18 22:58:33 - DEBUG --> Archivo \components\com_jhotelreservation\classes\services\UserDataService.php 
2016-03-18 22:58:33 - DEBUG --> getUserData 
2016-03-18 22:58:37 - DEBUG --> Archivo \components\com_jhotelreservation\classes\services\UserDataService.php 
2016-03-18 22:58:37 - DEBUG --> initializeUserData 
2016-03-18 22:58:37 - DEBUG --> UserData first: N; 
2016-03-18 22:58:37 - DEBUG --> Archivo \components\com_jhotelreservation\classes\services\UserDataService.php 
2016-03-18 22:58:37 - DEBUG --> createUserData 
2016-03-18 22:58:37 - DEBUG --> UserData end:  a:0:{} 
2016-03-18 22:58:37 - DEBUG --> Archivo \components\com_jhotelreservation\classes\services\UserDataService.php 
2016-03-18 22:58:37 - DEBUG --> initializeUserData 
2016-03-18 22:58:37 - DEBUG --> UserData first: a:0:{} 
2016-03-18 22:58:37 - DEBUG --> UserData end:  a:0:{} 
2016-03-18 22:58:37 - DEBUG --> Archivo \components\com_jhotelreservation\classes\services\UserDataService.php 
2016-03-18 22:58:37 - DEBUG --> initializeReservationData 
2016-03-18 22:58:37 - DEBUG --> UserData: a:0:{} 
2016-03-18 22:58:37 - DEBUG --> Archivo \components\com_jhotelreservation\classes\services\UserDataService.php 
2016-03-18 22:58:37 - DEBUG --> updateUserData 
2016-03-18 22:58:37 - DEBUG --> Archivo \components\com_jhotelreservation\classes\services\UserDataService.php 
2016-03-18 22:58:37 - DEBUG --> getUserData 
2016-03-18 22:58:37 - DEBUG --> Archivo \components\com_jhotelreservation\classes\services\UserDataService.php 
2016-03-18 22:58:37 - DEBUG --> setCurrency 
2016-03-18 22:58:37 - DEBUG --> Archivo \components\com_jhotelreservation\classes\services\UserDataService.php 
2016-03-18 22:58:37 - DEBUG --> getUserData 
2016-03-18 22:58:37 - DEBUG --> Archivo \components\com_jhotelreservation\classes\services\UserDataService.php 
2016-03-18 22:58:37 - DEBUG --> getUserData 
2016-03-18 22:58:37 - DEBUG --> Archivo \components\com_jhotelreservation\classes\services\UserDataService.php 
2016-03-18 22:58:37 - DEBUG --> getUserData 
2016-03-18 22:58:37 - DEBUG --> Archivo \components\com_jhotelreservationiews\hotel	mpl\hoteloverview.php 
2016-03-18 22:58:37 - DEBUG --> Accedió 
2016-03-18 22:58:39 - DEBUG --> Archivo \components\com_jhotelreservation\classes\services\UserDataService.php 
2016-03-18 22:58:39 - DEBUG --> initializeUserData 
2016-03-18 22:58:39 - DEBUG --> UserData first: N; 
2016-03-18 22:58:39 - DEBUG --> Archivo \components\com_jhotelreservation\classes\services\UserDataService.php 
2016-03-18 22:58:39 - DEBUG --> createUserData 
2016-03-18 22:58:39 - DEBUG --> UserData end:  a:0:{} 
2016-03-18 22:58:39 - DEBUG --> Archivo \components\com_jhotelreservation\classes\services\UserDataService.php 
2016-03-18 22:58:39 - DEBUG --> initializeUserData 
2016-03-18 22:58:39 - DEBUG --> UserData first: a:0:{} 
2016-03-18 22:58:39 - DEBUG --> UserData end:  a:0:{} 
2016-03-18 22:58:39 - DEBUG --> Archivo \components\com_jhotelreservation\classes\services\UserDataService.php 
2016-03-18 22:58:39 - DEBUG --> initializeReservationData 
2016-03-18 22:58:39 - DEBUG --> UserData: a:0:{} 
2016-03-18 22:58:39 - DEBUG --> Archivo \components\com_jhotelreservation\classes\services\UserDataService.php 
2016-03-18 22:58:39 - DEBUG --> updateUserData 
2016-03-18 22:58:39 - DEBUG --> Archivo \components\com_jhotelreservation\classes\services\UserDataService.php 
2016-03-18 22:58:39 - DEBUG --> getUserData 
2016-03-18 22:58:39 - DEBUG --> Archivo \components\com_jhotelreservation\classes\services\UserDataService.php 
2016-03-18 22:58:39 - DEBUG --> setCurrency 
2016-03-18 22:58:39 - DEBUG --> Archivo \components\com_jhotelreservation\classes\services\UserDataService.php 
2016-03-18 22:58:39 - DEBUG --> getUserData 
2016-03-18 22:58:39 - DEBUG --> Archivo \components\com_jhotelreservation\classes\services\UserDataService.php 
2016-03-18 22:58:39 - DEBUG --> getUserData 
2016-03-18 22:58:39 - DEBUG --> Archivo \components\com_jhotelreservation\classes\services\UserDataService.php 
2016-03-18 22:58:39 - DEBUG --> getUserData 
2016-03-18 23:11:55 - DEBUG --> Archivo \components\com_jhotelreservation\classes\services\UserDataService.php 
2016-03-18 23:11:55 - DEBUG --> initializeUserData 
2016-03-18 23:11:55 - DEBUG --> UserData first: N; 
2016-03-18 23:11:55 - DEBUG --> Archivo \components\com_jhotelreservation\classes\services\UserDataService.php 
2016-03-18 23:11:55 - DEBUG --> createUserData 
2016-03-18 23:11:55 - DEBUG --> UserData end:  a:0:{} 
2016-03-18 23:11:55 - DEBUG --> Archivo \components\com_jhotelreservation\classes\services\UserDataService.php 
2016-03-18 23:11:55 - DEBUG --> initializeUserData 
2016-03-18 23:11:55 - DEBUG --> UserData first: a:0:{} 
2016-03-18 23:11:55 - DEBUG --> UserData end:  a:0:{} 
2016-03-18 23:11:55 - DEBUG --> Archivo \components\com_jhotelreservation\classes\services\UserDataService.php 
2016-03-18 23:11:55 - DEBUG --> initializeReservationData 
2016-03-18 23:11:55 - DEBUG --> UserData: a:0:{} 
2016-03-18 23:11:55 - DEBUG --> Archivo \components\com_jhotelreservation\classes\services\UserDataService.php 
2016-03-18 23:11:55 - DEBUG --> updateUserData 
2016-03-18 23:11:55 - DEBUG --> Archivo \components\com_jhotelreservation\classes\services\UserDataService.php 
2016-03-18 23:11:55 - DEBUG --> getUserData 
2016-03-18 23:11:55 - DEBUG --> Archivo \components\com_jhotelreservation\classes\services\UserDataService.php 
2016-03-18 23:11:55 - DEBUG --> setCurrency 
2016-03-18 23:11:55 - DEBUG --> Archivo \components\com_jhotelreservation\classes\services\UserDataService.php 
2016-03-18 23:11:55 - DEBUG --> getUserData 
2016-03-18 23:11:55 - DEBUG --> Archivo \components\com_jhotelreservation\classes\services\UserDataService.php 
2016-03-18 23:11:55 - DEBUG --> getUserData 
2016-03-18 23:11:55 - DEBUG --> Archivo \components\com_jhotelreservation\classes\services\UserDataService.php 
2016-03-18 23:11:55 - DEBUG --> getUserData 
2016-03-18 23:11:55 - DEBUG --> Archivo \components\com_jhotelreservationiews\hotel	mpl\hoteloverview.php 
2016-03-18 23:11:55 - DEBUG --> Accedió 
2016-03-18 23:12:11 - DEBUG --> Archivo \components\com_jhotelreservation\classes\services\UserDataService.php 
2016-03-18 23:12:11 - DEBUG --> initializeUserData 
2016-03-18 23:12:11 - DEBUG --> UserData first: a:0:{} 
2016-03-18 23:12:11 - DEBUG --> UserData end:  a:0:{} 
2016-03-18 23:12:11 - DEBUG --> Archivo \components\com_jhotelreservation\classes\services\UserDataService.php 
2016-03-18 23:12:11 - DEBUG --> initializeUserData 
2016-03-18 23:12:11 - DEBUG --> UserData first: a:0:{} 
2016-03-18 23:12:11 - DEBUG --> UserData end:  a:0:{} 
2016-03-18 23:12:11 - DEBUG --> Archivo \components\com_jhotelreservation\classes\services\UserDataService.php 
2016-03-18 23:12:11 - DEBUG --> initializeReservationData 
2016-03-18 23:12:11 - DEBUG --> UserData: a:0:{} 
2016-03-18 23:12:11 - DEBUG --> Archivo \components\com_jhotelreservation\classes\services\UserDataService.php 
2016-03-18 23:12:11 - DEBUG --> updateUserData 
2016-03-18 23:12:11 - DEBUG --> Archivo \components\com_jhotelreservation\classes\services\UserDataService.php 
2016-03-18 23:12:11 - DEBUG --> getUserData 
2016-03-18 23:12:11 - DEBUG --> Archivo \components\com_jhotelreservation\classes\services\UserDataService.php 
2016-03-18 23:12:11 - DEBUG --> setCurrency 
2016-03-18 23:12:11 - DEBUG --> Archivo \components\com_jhotelreservation\classes\services\UserDataService.php 
2016-03-18 23:12:11 - DEBUG --> getUserData 
2016-03-18 23:12:11 - DEBUG --> Archivo \components\com_jhotelreservation\classes\services\UserDataService.php 
2016-03-18 23:12:11 - DEBUG --> getUserData 
2016-03-18 23:12:11 - DEBUG --> Archivo \components\com_jhotelreservation\classes\services\UserDataService.php 
2016-03-18 23:12:11 - DEBUG --> getUserData 
