2015-12-20 1:09:08 - DEBUG --> Archivo \components\com_jhotelreservation\classes\services\UserDataService.php 
2015-12-20 1:09:08 - DEBUG --> initializeUserData 
2015-12-20 1:09:08 - DEBUG --> UserData first: N; 
2015-12-20 1:09:08 - DEBUG --> Archivo \components\com_jhotelreservation\classes\services\UserDataService.php 
2015-12-20 1:09:08 - DEBUG --> createUserData 
2015-12-20 1:09:08 - DEBUG --> UserData end:  a:0:{} 
2015-12-20 1:09:08 - DEBUG --> Archivo \components\com_jhotelreservation\classes\services\UserDataService.php 
2015-12-20 1:09:08 - DEBUG --> initializeUserData 
2015-12-20 1:09:08 - DEBUG --> UserData first: a:0:{} 
2015-12-20 1:09:08 - DEBUG --> UserData end:  a:0:{} 
2015-12-20 1:09:08 - DEBUG --> Archivo \components\com_jhotelreservation\classes\services\UserDataService.php 
2015-12-20 1:09:08 - DEBUG --> initializeReservationData 
2015-12-20 1:09:08 - DEBUG --> UserData: a:0:{} 
2015-12-20 1:09:08 - DEBUG --> Archivo \components\com_jhotelreservation\classes\services\UserDataService.php 
2015-12-20 1:09:08 - DEBUG --> updateUserData 
2015-12-20 1:09:08 - DEBUG --> Archivo \components\com_jhotelreservation\classes\services\UserDataService.php 
2015-12-20 1:09:08 - DEBUG --> getUserData 
2015-12-20 1:09:08 - DEBUG --> Archivo \components\com_jhotelreservation\classes\services\UserDataService.php 
2015-12-20 1:09:08 - DEBUG --> setCurrency 
2015-12-20 1:09:08 - DEBUG --> Archivo \components\com_jhotelreservation\classes\services\UserDataService.php 
2015-12-20 1:09:08 - DEBUG --> getUserData 
2015-12-20 1:09:08 - DEBUG --> Archivo \components\com_jhotelreservation\classes\services\UserDataService.php 
2015-12-20 1:09:08 - DEBUG --> getUserData 
2015-12-20 1:09:09 - DEBUG --> Archivo \components\com_jhotelreservation\classes\services\UserDataService.php 
2015-12-20 1:09:09 - DEBUG --> getUserData 
2015-12-20 1:09:09 - DEBUG --> Archivo \components\com_jhotelreservationiews\hotel	mpl\hoteloverview.php 
2015-12-20 1:09:09 - DEBUG --> Accedió 
2015-12-20 1:18:29 - DEBUG --> Archivo \components\com_jhotelreservation\classes\services\UserDataService.php 
2015-12-20 1:18:29 - DEBUG --> initializeUserData 
2015-12-20 1:18:29 - DEBUG --> UserData first: N; 
2015-12-20 1:18:29 - DEBUG --> Archivo \components\com_jhotelreservation\classes\services\UserDataService.php 
2015-12-20 1:18:29 - DEBUG --> createUserData 
2015-12-20 1:18:29 - DEBUG --> UserData end:  a:0:{} 
2015-12-20 1:18:29 - DEBUG --> Archivo \components\com_jhotelreservation\classes\services\UserDataService.php 
2015-12-20 1:18:29 - DEBUG --> initializeUserData 
2015-12-20 1:18:29 - DEBUG --> UserData first: a:0:{} 
2015-12-20 1:18:29 - DEBUG --> UserData end:  a:0:{} 
2015-12-20 1:18:29 - DEBUG --> Archivo \components\com_jhotelreservation\classes\services\UserDataService.php 
2015-12-20 1:18:29 - DEBUG --> initializeReservationData 
2015-12-20 1:18:29 - DEBUG --> UserData: a:0:{} 
2015-12-20 1:18:29 - DEBUG --> Archivo \components\com_jhotelreservation\classes\services\UserDataService.php 
2015-12-20 1:18:29 - DEBUG --> updateUserData 
2015-12-20 1:18:29 - DEBUG --> Archivo \components\com_jhotelreservation\classes\services\UserDataService.php 
2015-12-20 1:18:29 - DEBUG --> getUserData 
2015-12-20 1:18:29 - DEBUG --> Archivo \components\com_jhotelreservation\classes\services\UserDataService.php 
2015-12-20 1:18:29 - DEBUG --> setCurrency 
2015-12-20 1:18:29 - DEBUG --> Archivo \components\com_jhotelreservation\classes\services\UserDataService.php 
2015-12-20 1:18:29 - DEBUG --> getUserData 
2015-12-20 1:18:29 - DEBUG --> Archivo \components\com_jhotelreservation\classes\services\UserDataService.php 
2015-12-20 1:18:29 - DEBUG --> getUserData 
2015-12-20 1:18:29 - DEBUG --> Archivo \components\com_jhotelreservation\classes\services\UserDataService.php 
2015-12-20 1:18:29 - DEBUG --> getUserData 
2015-12-20 1:18:29 - DEBUG --> Archivo \components\com_jhotelreservationiews\hotel	mpl\hoteloverview.php 
2015-12-20 1:18:29 - DEBUG --> Accedió 
2015-12-20 2:29:29 - DEBUG --> Archivo \components\com_jhotelreservation\classes\services\UserDataService.php 
2015-12-20 2:29:29 - DEBUG --> initializeUserData 
2015-12-20 2:29:29 - DEBUG --> UserData first: N; 
2015-12-20 2:29:29 - DEBUG --> Archivo \components\com_jhotelreservation\classes\services\UserDataService.php 
2015-12-20 2:29:29 - DEBUG --> createUserData 
2015-12-20 2:29:29 - DEBUG --> UserData end:  a:0:{} 
2015-12-20 2:29:29 - DEBUG --> Archivo \components\com_jhotelreservation\classes\services\UserDataService.php 
2015-12-20 2:29:29 - DEBUG --> initializeUserData 
2015-12-20 2:29:29 - DEBUG --> UserData first: a:0:{} 
2015-12-20 2:29:29 - DEBUG --> UserData end:  a:0:{} 
2015-12-20 2:29:29 - DEBUG --> Archivo \components\com_jhotelreservation\classes\services\UserDataService.php 
2015-12-20 2:29:29 - DEBUG --> initializeReservationData 
2015-12-20 2:29:29 - DEBUG --> UserData: a:0:{} 
2015-12-20 2:29:29 - DEBUG --> Archivo \components\com_jhotelreservation\classes\services\UserDataService.php 
2015-12-20 2:29:29 - DEBUG --> updateUserData 
2015-12-20 2:29:29 - DEBUG --> Archivo \components\com_jhotelreservation\classes\services\UserDataService.php 
2015-12-20 2:29:29 - DEBUG --> getUserData 
2015-12-20 2:29:29 - DEBUG --> Archivo \components\com_jhotelreservation\classes\services\UserDataService.php 
2015-12-20 2:29:29 - DEBUG --> setCurrency 
2015-12-20 2:29:29 - DEBUG --> Archivo \components\com_jhotelreservation\classes\services\UserDataService.php 
2015-12-20 2:29:29 - DEBUG --> getUserData 
2015-12-20 2:29:29 - DEBUG --> Archivo \components\com_jhotelreservation\classes\services\UserDataService.php 
2015-12-20 2:29:29 - DEBUG --> getUserData 
2015-12-20 2:29:29 - DEBUG --> Archivo \components\com_jhotelreservation\classes\services\UserDataService.php 
2015-12-20 2:29:29 - DEBUG --> getUserData 
2015-12-20 2:46:55 - DEBUG --> Archivo \components\com_jhotelreservation\classes\services\UserDataService.php 
2015-12-20 2:46:55 - DEBUG --> initializeUserData 
2015-12-20 2:46:55 - DEBUG --> UserData first: N; 
2015-12-20 2:46:55 - DEBUG --> Archivo \components\com_jhotelreservation\classes\services\UserDataService.php 
2015-12-20 2:46:55 - DEBUG --> createUserData 
2015-12-20 2:46:55 - DEBUG --> UserData end:  a:0:{} 
2015-12-20 2:46:55 - DEBUG --> Archivo \components\com_jhotelreservation\classes\services\UserDataService.php 
2015-12-20 2:46:55 - DEBUG --> initializeUserData 
2015-12-20 2:46:55 - DEBUG --> UserData first: a:0:{} 
2015-12-20 2:46:55 - DEBUG --> UserData end:  a:0:{} 
2015-12-20 2:46:55 - DEBUG --> Archivo \components\com_jhotelreservation\classes\services\UserDataService.php 
2015-12-20 2:46:55 - DEBUG --> initializeReservationData 
2015-12-20 2:46:55 - DEBUG --> UserData: a:0:{} 
2015-12-20 2:46:55 - DEBUG --> Archivo \components\com_jhotelreservation\classes\services\UserDataService.php 
2015-12-20 2:46:55 - DEBUG --> updateUserData 
2015-12-20 2:46:55 - DEBUG --> Archivo \components\com_jhotelreservation\classes\services\UserDataService.php 
2015-12-20 2:46:55 - DEBUG --> getUserData 
2015-12-20 2:46:55 - DEBUG --> Archivo \components\com_jhotelreservation\classes\services\UserDataService.php 
2015-12-20 2:46:55 - DEBUG --> setCurrency 
2015-12-20 2:46:55 - DEBUG --> Archivo \components\com_jhotelreservation\classes\services\UserDataService.php 
2015-12-20 2:46:55 - DEBUG --> getUserData 
2015-12-20 2:46:55 - DEBUG --> Archivo \components\com_jhotelreservation\classes\services\UserDataService.php 
2015-12-20 2:46:55 - DEBUG --> getUserData 
2015-12-20 2:46:55 - DEBUG --> Archivo \components\com_jhotelreservation\classes\services\UserDataService.php 
2015-12-20 2:46:55 - DEBUG --> getUserData 
2015-12-20 2:46:55 - DEBUG --> Archivo \components\com_jhotelreservationiews\hotel	mpl\hoteloverview.php 
2015-12-20 2:46:55 - DEBUG --> Accedió 
2015-12-20 2:46:57 - DEBUG --> Archivo \components\com_jhotelreservation\classes\services\UserDataService.php 
2015-12-20 2:46:57 - DEBUG --> initializeUserData 
2015-12-20 2:46:57 - DEBUG --> UserData first: N; 
2015-12-20 2:46:57 - DEBUG --> Archivo \components\com_jhotelreservation\classes\services\UserDataService.php 
2015-12-20 2:46:57 - DEBUG --> createUserData 
2015-12-20 2:46:57 - DEBUG --> UserData end:  a:0:{} 
2015-12-20 2:46:57 - DEBUG --> Archivo \components\com_jhotelreservation\classes\services\UserDataService.php 
2015-12-20 2:46:57 - DEBUG --> initializeUserData 
2015-12-20 2:46:57 - DEBUG --> UserData first: a:0:{} 
2015-12-20 2:46:57 - DEBUG --> UserData end:  a:0:{} 
2015-12-20 2:46:57 - DEBUG --> Archivo \components\com_jhotelreservation\classes\services\UserDataService.php 
2015-12-20 2:46:57 - DEBUG --> initializeReservationData 
2015-12-20 2:46:57 - DEBUG --> UserData: a:0:{} 
2015-12-20 2:46:57 - DEBUG --> Archivo \components\com_jhotelreservation\classes\services\UserDataService.php 
2015-12-20 2:46:57 - DEBUG --> updateUserData 
2015-12-20 2:46:57 - DEBUG --> Archivo \components\com_jhotelreservation\classes\services\UserDataService.php 
2015-12-20 2:46:57 - DEBUG --> getUserData 
2015-12-20 2:46:57 - DEBUG --> Archivo \components\com_jhotelreservation\classes\services\UserDataService.php 
2015-12-20 2:46:57 - DEBUG --> setCurrency 
2015-12-20 2:46:57 - DEBUG --> Archivo \components\com_jhotelreservation\classes\services\UserDataService.php 
2015-12-20 2:46:57 - DEBUG --> getUserData 
2015-12-20 2:46:57 - DEBUG --> Archivo \components\com_jhotelreservation\classes\services\UserDataService.php 
2015-12-20 2:46:57 - DEBUG --> getUserData 
2015-12-20 2:46:57 - DEBUG --> Archivo \components\com_jhotelreservation\classes\services\UserDataService.php 
2015-12-20 2:46:57 - DEBUG --> getUserData 
2015-12-20 2:46:57 - DEBUG --> Archivo \components\com_jhotelreservationiews\hotel	mpl\hoteloverview.php 
2015-12-20 2:46:57 - DEBUG --> Accedió 
2015-12-20 2:48:30 - DEBUG --> Archivo \components\com_jhotelreservation\classes\services\UserDataService.php 
2015-12-20 2:48:30 - DEBUG --> initializeUserData 
2015-12-20 2:48:30 - DEBUG --> UserData first: a:0:{} 
2015-12-20 2:48:30 - DEBUG --> UserData end:  a:0:{} 
2015-12-20 2:48:30 - DEBUG --> Archivo \components\com_jhotelreservation\classes\services\UserDataService.php 
2015-12-20 2:48:30 - DEBUG --> initializeUserData 
2015-12-20 2:48:30 - DEBUG --> UserData first: a:0:{} 
2015-12-20 2:48:30 - DEBUG --> UserData end:  a:0:{} 
2015-12-20 2:48:30 - DEBUG --> Archivo \components\com_jhotelreservation\classes\services\UserDataService.php 
2015-12-20 2:48:30 - DEBUG --> initializeReservationData 
2015-12-20 2:48:30 - DEBUG --> UserData: a:0:{} 
2015-12-20 2:48:30 - DEBUG --> Archivo \components\com_jhotelreservation\classes\services\UserDataService.php 
2015-12-20 2:48:30 - DEBUG --> updateUserData 
2015-12-20 2:48:30 - DEBUG --> Archivo \components\com_jhotelreservation\classes\services\UserDataService.php 
2015-12-20 2:48:30 - DEBUG --> getUserData 
2015-12-20 2:48:30 - DEBUG --> Archivo \components\com_jhotelreservation\classes\services\UserDataService.php 
2015-12-20 2:48:30 - DEBUG --> setCurrency 
2015-12-20 2:48:30 - DEBUG --> Archivo \components\com_jhotelreservation\classes\services\UserDataService.php 
2015-12-20 2:48:30 - DEBUG --> getUserData 
2015-12-20 2:48:30 - DEBUG --> Archivo \components\com_jhotelreservation\classes\services\UserDataService.php 
2015-12-20 2:48:30 - DEBUG --> getUserData 
2015-12-20 2:48:30 - DEBUG --> Archivo \components\com_jhotelreservation\classes\services\UserDataService.php 
2015-12-20 2:48:30 - DEBUG --> getUserData 
2015-12-20 2:48:30 - DEBUG --> Archivo \components\com_jhotelreservationiews\hotel	mpl\hoteloverview.php 
2015-12-20 2:48:30 - DEBUG --> Accedió 
2015-12-20 2:48:50 - DEBUG --> Archivo \components\com_jhotelreservation\classes\services\UserDataService.php 
2015-12-20 2:48:50 - DEBUG --> initializeUserData 
2015-12-20 2:48:50 - DEBUG --> UserData first: a:0:{} 
2015-12-20 2:48:50 - DEBUG --> UserData end:  a:0:{} 
2015-12-20 2:48:50 - DEBUG --> Archivo \components\com_jhotelreservation\classes\services\UserDataService.php 
2015-12-20 2:48:50 - DEBUG --> initializeUserData 
2015-12-20 2:48:50 - DEBUG --> UserData first: a:0:{} 
2015-12-20 2:48:50 - DEBUG --> UserData end:  a:0:{} 
2015-12-20 2:48:50 - DEBUG --> Archivo \components\com_jhotelreservation\classes\services\UserDataService.php 
2015-12-20 2:48:50 - DEBUG --> initializeReservationData 
2015-12-20 2:48:50 - DEBUG --> UserData: a:0:{} 
2015-12-20 2:48:50 - DEBUG --> Archivo \components\com_jhotelreservation\classes\services\UserDataService.php 
2015-12-20 2:48:50 - DEBUG --> updateUserData 
2015-12-20 2:48:50 - DEBUG --> Archivo \components\com_jhotelreservation\classes\services\UserDataService.php 
2015-12-20 2:48:50 - DEBUG --> getUserData 
2015-12-20 2:48:50 - DEBUG --> Archivo \components\com_jhotelreservation\classes\services\UserDataService.php 
2015-12-20 2:48:50 - DEBUG --> setCurrency 
2015-12-20 2:48:50 - DEBUG --> Archivo \components\com_jhotelreservation\classes\services\UserDataService.php 
2015-12-20 2:48:50 - DEBUG --> getUserData 
2015-12-20 2:48:50 - DEBUG --> Archivo \components\com_jhotelreservation\classes\services\UserDataService.php 
2015-12-20 2:48:50 - DEBUG --> getUserData 
2015-12-20 2:48:50 - DEBUG --> Archivo \components\com_jhotelreservation\classes\services\UserDataService.php 
2015-12-20 2:48:50 - DEBUG --> getUserData 
2015-12-20 2:48:50 - DEBUG --> Archivo \components\com_jhotelreservationiews\hotel	mpl\hoteloverview.php 
2015-12-20 2:48:50 - DEBUG --> Accedió 
2015-12-20 9:22:21 - DEBUG --> Archivo \components\com_jhotelreservation\classes\services\UserDataService.php 
2015-12-20 9:22:21 - DEBUG --> initializeUserData 
2015-12-20 9:22:21 - DEBUG --> UserData first: N; 
2015-12-20 9:22:21 - DEBUG --> Archivo \components\com_jhotelreservation\classes\services\UserDataService.php 
2015-12-20 9:22:21 - DEBUG --> createUserData 
2015-12-20 9:22:21 - DEBUG --> UserData end:  a:0:{} 
2015-12-20 9:22:21 - DEBUG --> Archivo \components\com_jhotelreservation\classes\services\UserDataService.php 
2015-12-20 9:22:21 - DEBUG --> initializeUserData 
2015-12-20 9:22:21 - DEBUG --> UserData first: a:0:{} 
2015-12-20 9:22:21 - DEBUG --> UserData end:  a:0:{} 
2015-12-20 9:22:21 - DEBUG --> Archivo \components\com_jhotelreservation\classes\services\UserDataService.php 
2015-12-20 9:22:21 - DEBUG --> initializeReservationData 
2015-12-20 9:22:21 - DEBUG --> UserData: a:0:{} 
2015-12-20 9:22:21 - DEBUG --> Archivo \components\com_jhotelreservation\classes\services\UserDataService.php 
2015-12-20 9:22:21 - DEBUG --> updateUserData 
2015-12-20 9:22:21 - DEBUG --> Archivo \components\com_jhotelreservation\classes\services\UserDataService.php 
2015-12-20 9:22:21 - DEBUG --> getUserData 
2015-12-20 9:22:21 - DEBUG --> Archivo \components\com_jhotelreservation\classes\services\UserDataService.php 
2015-12-20 9:22:21 - DEBUG --> setCurrency 
2015-12-20 9:22:21 - DEBUG --> Archivo \components\com_jhotelreservation\classes\services\UserDataService.php 
2015-12-20 9:22:21 - DEBUG --> getUserData 
2015-12-20 9:22:21 - DEBUG --> Archivo \components\com_jhotelreservation\classes\services\UserDataService.php 
2015-12-20 9:22:21 - DEBUG --> getUserData 
2015-12-20 9:22:21 - DEBUG --> Archivo \components\com_jhotelreservation\classes\services\UserDataService.php 
2015-12-20 9:22:21 - DEBUG --> getUserData 
2015-12-20 9:22:21 - DEBUG --> Archivo \components\com_jhotelreservationiews\hotel	mpl\hoteloverview.php 
2015-12-20 9:22:21 - DEBUG --> Accedió 
2015-12-20 9:22:25 - DEBUG --> Archivo \components\com_jhotelreservation\classes\services\UserDataService.php 
2015-12-20 9:22:25 - DEBUG --> initializeUserData 
2015-12-20 9:22:25 - DEBUG --> UserData first: N; 
2015-12-20 9:22:25 - DEBUG --> Archivo \components\com_jhotelreservation\classes\services\UserDataService.php 
2015-12-20 9:22:25 - DEBUG --> createUserData 
2015-12-20 9:22:25 - DEBUG --> UserData end:  a:0:{} 
2015-12-20 9:22:25 - DEBUG --> Archivo \components\com_jhotelreservation\classes\services\UserDataService.php 
2015-12-20 9:22:25 - DEBUG --> initializeUserData 
2015-12-20 9:22:25 - DEBUG --> UserData first: a:0:{} 
2015-12-20 9:22:25 - DEBUG --> UserData end:  a:0:{} 
2015-12-20 9:22:25 - DEBUG --> Archivo \components\com_jhotelreservation\classes\services\UserDataService.php 
2015-12-20 9:22:25 - DEBUG --> initializeReservationData 
2015-12-20 9:22:25 - DEBUG --> UserData: a:0:{} 
2015-12-20 9:22:25 - DEBUG --> Archivo \components\com_jhotelreservation\classes\services\UserDataService.php 
2015-12-20 9:22:25 - DEBUG --> updateUserData 
2015-12-20 9:22:25 - DEBUG --> Archivo \components\com_jhotelreservation\classes\services\UserDataService.php 
2015-12-20 9:22:25 - DEBUG --> getUserData 
2015-12-20 9:22:25 - DEBUG --> Archivo \components\com_jhotelreservation\classes\services\UserDataService.php 
2015-12-20 9:22:25 - DEBUG --> setCurrency 
2015-12-20 9:22:25 - DEBUG --> Archivo \components\com_jhotelreservation\classes\services\UserDataService.php 
2015-12-20 9:22:25 - DEBUG --> getUserData 
2015-12-20 9:22:25 - DEBUG --> Archivo \components\com_jhotelreservation\classes\services\UserDataService.php 
2015-12-20 9:22:25 - DEBUG --> getUserData 
2015-12-20 9:22:25 - DEBUG --> Archivo \components\com_jhotelreservation\classes\services\UserDataService.php 
2015-12-20 9:22:25 - DEBUG --> getUserData 
2015-12-20 9:22:54 - DEBUG --> Archivo \components\com_jhotelreservation\classes\services\UserDataService.php 
2015-12-20 9:22:54 - DEBUG --> initializeUserData 
2015-12-20 9:22:54 - DEBUG --> UserData first: N; 
2015-12-20 9:22:54 - DEBUG --> Archivo \components\com_jhotelreservation\classes\services\UserDataService.php 
2015-12-20 9:22:54 - DEBUG --> createUserData 
2015-12-20 9:22:54 - DEBUG --> UserData end:  a:0:{} 
2015-12-20 9:22:54 - DEBUG --> Archivo \components\com_jhotelreservation\classes\services\UserDataService.php 
2015-12-20 9:22:54 - DEBUG --> initializeUserData 
2015-12-20 9:22:54 - DEBUG --> UserData first: a:0:{} 
2015-12-20 9:22:54 - DEBUG --> UserData end:  a:0:{} 
2015-12-20 9:22:54 - DEBUG --> Archivo \components\com_jhotelreservation\classes\services\UserDataService.php 
2015-12-20 9:22:54 - DEBUG --> initializeReservationData 
2015-12-20 9:22:54 - DEBUG --> UserData: a:0:{} 
2015-12-20 9:22:54 - DEBUG --> Archivo \components\com_jhotelreservation\classes\services\UserDataService.php 
2015-12-20 9:22:54 - DEBUG --> updateUserData 
2015-12-20 9:22:54 - DEBUG --> Archivo \components\com_jhotelreservation\classes\services\UserDataService.php 
2015-12-20 9:22:54 - DEBUG --> getUserData 
2015-12-20 9:22:54 - DEBUG --> Archivo \components\com_jhotelreservation\classes\services\UserDataService.php 
2015-12-20 9:22:54 - DEBUG --> setCurrency 
2015-12-20 9:22:54 - DEBUG --> Archivo \components\com_jhotelreservation\classes\services\UserDataService.php 
2015-12-20 9:22:54 - DEBUG --> getUserData 
2015-12-20 9:22:54 - DEBUG --> Archivo \components\com_jhotelreservation\classes\services\UserDataService.php 
2015-12-20 9:22:54 - DEBUG --> getUserData 
2015-12-20 9:22:54 - DEBUG --> Archivo \components\com_jhotelreservation\classes\services\UserDataService.php 
2015-12-20 9:22:54 - DEBUG --> getUserData 
2015-12-20 9:22:54 - DEBUG --> Archivo \components\com_jhotelreservationiews\hotel	mpl\hoteloverview.php 
2015-12-20 9:22:54 - DEBUG --> Accedió 
2015-12-20 9:23:19 - DEBUG --> Archivo \components\com_jhotelreservation\classes\services\UserDataService.php 
2015-12-20 9:23:19 - DEBUG --> initializeUserData 
2015-12-20 9:23:19 - DEBUG --> UserData first: N; 
2015-12-20 9:23:19 - DEBUG --> Archivo \components\com_jhotelreservation\classes\services\UserDataService.php 
2015-12-20 9:23:19 - DEBUG --> createUserData 
2015-12-20 9:23:19 - DEBUG --> UserData end:  a:0:{} 
2015-12-20 9:23:19 - DEBUG --> Archivo \components\com_jhotelreservation\classes\services\UserDataService.php 
2015-12-20 9:23:19 - DEBUG --> initializeUserData 
2015-12-20 9:23:19 - DEBUG --> UserData first: a:0:{} 
2015-12-20 9:23:19 - DEBUG --> UserData end:  a:0:{} 
2015-12-20 9:23:19 - DEBUG --> Archivo \components\com_jhotelreservation\classes\services\UserDataService.php 
2015-12-20 9:23:19 - DEBUG --> initializeReservationData 
2015-12-20 9:23:19 - DEBUG --> UserData: a:0:{} 
2015-12-20 9:23:19 - DEBUG --> Archivo \components\com_jhotelreservation\classes\services\UserDataService.php 
2015-12-20 9:23:19 - DEBUG --> updateUserData 
2015-12-20 9:23:19 - DEBUG --> Archivo \components\com_jhotelreservation\classes\services\UserDataService.php 
2015-12-20 9:23:19 - DEBUG --> getUserData 
2015-12-20 9:23:19 - DEBUG --> Archivo \components\com_jhotelreservation\classes\services\UserDataService.php 
2015-12-20 9:23:19 - DEBUG --> setCurrency 
2015-12-20 9:23:19 - DEBUG --> Archivo \components\com_jhotelreservation\classes\services\UserDataService.php 
2015-12-20 9:23:19 - DEBUG --> getUserData 
2015-12-20 9:23:19 - DEBUG --> Archivo \components\com_jhotelreservation\classes\services\UserDataService.php 
2015-12-20 9:23:19 - DEBUG --> getUserData 
2015-12-20 9:23:19 - DEBUG --> Archivo \components\com_jhotelreservation\classes\services\UserDataService.php 
2015-12-20 9:23:19 - DEBUG --> getUserData 
2015-12-20 9:39:08 - DEBUG --> Archivo \components\com_jhotelreservation\classes\services\UserDataService.php 
2015-12-20 9:39:08 - DEBUG --> initializeUserData 
2015-12-20 9:39:08 - DEBUG --> UserData first: N; 
2015-12-20 9:39:08 - DEBUG --> Archivo \components\com_jhotelreservation\classes\services\UserDataService.php 
2015-12-20 9:39:08 - DEBUG --> createUserData 
2015-12-20 9:39:08 - DEBUG --> UserData end:  a:0:{} 
2015-12-20 9:39:08 - DEBUG --> Archivo \components\com_jhotelreservation\classes\services\UserDataService.php 
2015-12-20 9:39:08 - DEBUG --> initializeUserData 
2015-12-20 9:39:08 - DEBUG --> UserData first: a:0:{} 
2015-12-20 9:39:08 - DEBUG --> UserData end:  a:0:{} 
2015-12-20 9:39:08 - DEBUG --> Archivo \components\com_jhotelreservation\classes\services\UserDataService.php 
2015-12-20 9:39:08 - DEBUG --> initializeReservationData 
2015-12-20 9:39:08 - DEBUG --> UserData: a:0:{} 
2015-12-20 9:39:08 - DEBUG --> Archivo \components\com_jhotelreservation\classes\services\UserDataService.php 
2015-12-20 9:39:08 - DEBUG --> updateUserData 
2015-12-20 9:39:08 - DEBUG --> Archivo \components\com_jhotelreservation\classes\services\UserDataService.php 
2015-12-20 9:39:08 - DEBUG --> getUserData 
2015-12-20 9:39:08 - DEBUG --> Archivo \components\com_jhotelreservation\classes\services\UserDataService.php 
2015-12-20 9:39:08 - DEBUG --> setCurrency 
2015-12-20 9:39:08 - DEBUG --> Archivo \components\com_jhotelreservation\classes\services\UserDataService.php 
2015-12-20 9:39:08 - DEBUG --> getUserData 
2015-12-20 9:39:08 - DEBUG --> Archivo \components\com_jhotelreservation\classes\services\UserDataService.php 
2015-12-20 9:39:08 - DEBUG --> getUserData 
2015-12-20 9:39:08 - DEBUG --> Archivo \components\com_jhotelreservation\classes\services\UserDataService.php 
2015-12-20 9:39:08 - DEBUG --> getUserData 
2015-12-20 9:39:08 - DEBUG --> Archivo \components\com_jhotelreservationiews\hotel	mpl\hoteloverview.php 
2015-12-20 9:39:08 - DEBUG --> Accedió 
2015-12-20 10:37:36 - DEBUG --> Archivo \components\com_jhotelreservation\classes\services\UserDataService.php 
2015-12-20 10:37:36 - DEBUG --> initializeUserData 
2015-12-20 10:37:36 - DEBUG --> UserData first: N; 
2015-12-20 10:37:36 - DEBUG --> Archivo \components\com_jhotelreservation\classes\services\UserDataService.php 
2015-12-20 10:37:36 - DEBUG --> createUserData 
2015-12-20 10:37:36 - DEBUG --> UserData end:  a:0:{} 
2015-12-20 10:37:36 - DEBUG --> Archivo \components\com_jhotelreservation\classes\services\UserDataService.php 
2015-12-20 10:37:36 - DEBUG --> initializeUserData 
2015-12-20 10:37:36 - DEBUG --> UserData first: a:0:{} 
2015-12-20 10:37:36 - DEBUG --> UserData end:  a:0:{} 
2015-12-20 10:37:36 - DEBUG --> Archivo \components\com_jhotelreservation\classes\services\UserDataService.php 
2015-12-20 10:37:36 - DEBUG --> initializeReservationData 
2015-12-20 10:37:36 - DEBUG --> UserData: a:0:{} 
2015-12-20 10:37:36 - DEBUG --> Archivo \components\com_jhotelreservation\classes\services\UserDataService.php 
2015-12-20 10:37:36 - DEBUG --> updateUserData 
2015-12-20 10:37:36 - DEBUG --> Archivo \components\com_jhotelreservation\classes\services\UserDataService.php 
2015-12-20 10:37:36 - DEBUG --> getUserData 
2015-12-20 10:37:37 - DEBUG --> Archivo \components\com_jhotelreservation\classes\services\UserDataService.php 
2015-12-20 10:37:37 - DEBUG --> setCurrency 
2015-12-20 10:37:37 - DEBUG --> Archivo \components\com_jhotelreservation\classes\services\UserDataService.php 
2015-12-20 10:37:37 - DEBUG --> getUserData 
2015-12-20 10:37:37 - DEBUG --> Archivo \components\com_jhotelreservation\classes\services\UserDataService.php 
2015-12-20 10:37:37 - DEBUG --> getUserData 
2015-12-20 10:37:37 - DEBUG --> Archivo \components\com_jhotelreservation\classes\services\UserDataService.php 
2015-12-20 10:37:37 - DEBUG --> getUserData 
2015-12-20 10:37:37 - DEBUG --> Archivo \components\com_jhotelreservationiews\hotel	mpl\hoteloverview.php 
2015-12-20 10:37:37 - DEBUG --> Accedió 
2015-12-20 10:45:03 - DEBUG --> Archivo \components\com_jhotelreservation\classes\services\UserDataService.php 
2015-12-20 10:45:03 - DEBUG --> initializeUserData 
2015-12-20 10:45:03 - DEBUG --> UserData first: N; 
2015-12-20 10:45:03 - DEBUG --> Archivo \components\com_jhotelreservation\classes\services\UserDataService.php 
2015-12-20 10:45:03 - DEBUG --> createUserData 
2015-12-20 10:45:03 - DEBUG --> UserData end:  a:0:{} 
2015-12-20 10:45:03 - DEBUG --> Archivo \components\com_jhotelreservation\classes\services\UserDataService.php 
2015-12-20 10:45:03 - DEBUG --> initializeUserData 
2015-12-20 10:45:03 - DEBUG --> UserData first: a:0:{} 
2015-12-20 10:45:03 - DEBUG --> UserData end:  a:0:{} 
2015-12-20 10:45:03 - DEBUG --> Archivo \components\com_jhotelreservation\classes\services\UserDataService.php 
2015-12-20 10:45:03 - DEBUG --> initializeReservationData 
2015-12-20 10:45:03 - DEBUG --> UserData: a:0:{} 
2015-12-20 10:45:03 - DEBUG --> Archivo \components\com_jhotelreservation\classes\services\UserDataService.php 
2015-12-20 10:45:03 - DEBUG --> updateUserData 
2015-12-20 10:45:03 - DEBUG --> Archivo \components\com_jhotelreservation\classes\services\UserDataService.php 
2015-12-20 10:45:03 - DEBUG --> getUserData 
2015-12-20 10:45:03 - DEBUG --> Archivo \components\com_jhotelreservation\classes\services\UserDataService.php 
2015-12-20 10:45:03 - DEBUG --> setCurrency 
2015-12-20 10:45:03 - DEBUG --> Archivo \components\com_jhotelreservation\classes\services\UserDataService.php 
2015-12-20 10:45:03 - DEBUG --> getUserData 
2015-12-20 10:45:03 - DEBUG --> Archivo \components\com_jhotelreservation\classes\services\UserDataService.php 
2015-12-20 10:45:03 - DEBUG --> getUserData 
2015-12-20 10:45:03 - DEBUG --> Archivo \components\com_jhotelreservation\classes\services\UserDataService.php 
2015-12-20 10:45:03 - DEBUG --> getUserData 
2015-12-20 10:45:03 - DEBUG --> Archivo \components\com_jhotelreservationiews\hotel	mpl\hoteloverview.php 
2015-12-20 10:45:03 - DEBUG --> Accedió 
2015-12-20 13:02:55 - DEBUG --> Archivo \components\com_jhotelreservation\classes\services\UserDataService.php 
2015-12-20 13:02:55 - DEBUG --> initializeUserData 
2015-12-20 13:02:55 - DEBUG --> UserData first: N; 
2015-12-20 13:02:55 - DEBUG --> Archivo \components\com_jhotelreservation\classes\services\UserDataService.php 
2015-12-20 13:02:55 - DEBUG --> createUserData 
2015-12-20 13:02:55 - DEBUG --> UserData end:  a:0:{} 
2015-12-20 13:02:55 - DEBUG --> Archivo \components\com_jhotelreservation\classes\services\UserDataService.php 
2015-12-20 13:02:55 - DEBUG --> initializeUserData 
2015-12-20 13:02:55 - DEBUG --> UserData first: a:0:{} 
2015-12-20 13:02:55 - DEBUG --> UserData end:  a:0:{} 
2015-12-20 13:02:55 - DEBUG --> Archivo \components\com_jhotelreservation\classes\services\UserDataService.php 
2015-12-20 13:02:55 - DEBUG --> initializeReservationData 
2015-12-20 13:02:55 - DEBUG --> UserData: a:0:{} 
2015-12-20 13:02:55 - DEBUG --> Archivo \components\com_jhotelreservation\classes\services\UserDataService.php 
2015-12-20 13:02:55 - DEBUG --> updateUserData 
2015-12-20 13:02:55 - DEBUG --> Archivo \components\com_jhotelreservation\classes\services\UserDataService.php 
2015-12-20 13:02:55 - DEBUG --> getUserData 
2015-12-20 13:02:55 - DEBUG --> Archivo \components\com_jhotelreservation\classes\services\UserDataService.php 
2015-12-20 13:02:55 - DEBUG --> setCurrency 
2015-12-20 13:02:55 - DEBUG --> Archivo \components\com_jhotelreservation\classes\services\UserDataService.php 
2015-12-20 13:02:55 - DEBUG --> getUserData 
2015-12-20 13:02:55 - DEBUG --> Archivo \components\com_jhotelreservation\classes\services\UserDataService.php 
2015-12-20 13:02:55 - DEBUG --> getUserData 
2015-12-20 13:02:55 - DEBUG --> Archivo \components\com_jhotelreservation\classes\services\UserDataService.php 
2015-12-20 13:02:55 - DEBUG --> getUserData 
2015-12-20 13:02:55 - DEBUG --> Archivo \components\com_jhotelreservationiews\hotel	mpl\hoteloverview.php 
2015-12-20 13:02:55 - DEBUG --> Accedió 
2015-12-20 14:32:06 - DEBUG --> Archivo \components\com_jhotelreservation\classes\services\UserDataService.php 
2015-12-20 14:32:06 - DEBUG --> initializeUserData 
2015-12-20 14:32:06 - DEBUG --> UserData first: N; 
2015-12-20 14:32:06 - DEBUG --> Archivo \components\com_jhotelreservation\classes\services\UserDataService.php 
2015-12-20 14:32:06 - DEBUG --> createUserData 
2015-12-20 14:32:06 - DEBUG --> UserData end:  a:0:{} 
2015-12-20 14:32:06 - DEBUG --> Archivo \components\com_jhotelreservation\classes\services\UserDataService.php 
2015-12-20 14:32:06 - DEBUG --> initializeUserData 
2015-12-20 14:32:06 - DEBUG --> UserData first: a:0:{} 
2015-12-20 14:32:06 - DEBUG --> UserData end:  a:0:{} 
2015-12-20 14:32:06 - DEBUG --> Archivo \components\com_jhotelreservation\classes\services\UserDataService.php 
2015-12-20 14:32:06 - DEBUG --> initializeReservationData 
2015-12-20 14:32:06 - DEBUG --> UserData: a:0:{} 
2015-12-20 14:32:06 - DEBUG --> Archivo \components\com_jhotelreservation\classes\services\UserDataService.php 
2015-12-20 14:32:06 - DEBUG --> updateUserData 
2015-12-20 14:32:06 - DEBUG --> Archivo \components\com_jhotelreservation\classes\services\UserDataService.php 
2015-12-20 14:32:06 - DEBUG --> getUserData 
2015-12-20 14:32:06 - DEBUG --> Archivo \components\com_jhotelreservation\classes\services\UserDataService.php 
2015-12-20 14:32:06 - DEBUG --> setCurrency 
2015-12-20 14:32:06 - DEBUG --> Archivo \components\com_jhotelreservation\classes\services\UserDataService.php 
2015-12-20 14:32:06 - DEBUG --> getUserData 
2015-12-20 14:32:06 - DEBUG --> Archivo \components\com_jhotelreservation\classes\services\UserDataService.php 
2015-12-20 14:32:06 - DEBUG --> getUserData 
2015-12-20 14:32:06 - DEBUG --> Archivo \components\com_jhotelreservation\classes\services\UserDataService.php 
2015-12-20 14:32:06 - DEBUG --> getUserData 
2015-12-20 14:32:06 - DEBUG --> Archivo \components\com_jhotelreservationiews\hotel	mpl\hoteloverview.php 
2015-12-20 14:32:06 - DEBUG --> Accedió 
2015-12-20 15:08:09 - DEBUG --> Archivo \components\com_jhotelreservation\classes\services\UserDataService.php 
2015-12-20 15:08:09 - DEBUG --> initializeUserData 
2015-12-20 15:08:09 - DEBUG --> UserData first: N; 
2015-12-20 15:08:09 - DEBUG --> Archivo \components\com_jhotelreservation\classes\services\UserDataService.php 
2015-12-20 15:08:09 - DEBUG --> createUserData 
2015-12-20 15:08:09 - DEBUG --> UserData end:  a:0:{} 
2015-12-20 15:08:09 - DEBUG --> Archivo \components\com_jhotelreservation\classes\services\UserDataService.php 
2015-12-20 15:08:09 - DEBUG --> initializeUserData 
2015-12-20 15:08:09 - DEBUG --> UserData first: a:0:{} 
2015-12-20 15:08:09 - DEBUG --> UserData end:  a:0:{} 
2015-12-20 15:08:09 - DEBUG --> Archivo \components\com_jhotelreservation\classes\services\UserDataService.php 
2015-12-20 15:08:09 - DEBUG --> initializeReservationData 
2015-12-20 15:08:09 - DEBUG --> UserData: a:0:{} 
2015-12-20 15:08:09 - DEBUG --> Archivo \components\com_jhotelreservation\classes\services\UserDataService.php 
2015-12-20 15:08:09 - DEBUG --> updateUserData 
2015-12-20 15:08:09 - DEBUG --> Archivo \components\com_jhotelreservation\classes\services\UserDataService.php 
2015-12-20 15:08:09 - DEBUG --> getUserData 
2015-12-20 15:08:09 - DEBUG --> Archivo \components\com_jhotelreservation\classes\services\UserDataService.php 
2015-12-20 15:08:09 - DEBUG --> setCurrency 
2015-12-20 15:08:09 - DEBUG --> Archivo \components\com_jhotelreservation\classes\services\UserDataService.php 
2015-12-20 15:08:09 - DEBUG --> getUserData 
2015-12-20 15:08:09 - DEBUG --> Archivo \components\com_jhotelreservation\classes\services\UserDataService.php 
2015-12-20 15:08:09 - DEBUG --> getUserData 
2015-12-20 15:08:09 - DEBUG --> Archivo \components\com_jhotelreservation\classes\services\UserDataService.php 
2015-12-20 15:08:09 - DEBUG --> getUserData 
2015-12-20 15:08:09 - DEBUG --> Archivo \components\com_jhotelreservationiews\hotel	mpl\hoteloverview.php 
2015-12-20 15:08:09 - DEBUG --> Accedió 
2015-12-20 15:08:15 - DEBUG --> Archivo \components\com_jhotelreservation\classes\services\UserDataService.php 
2015-12-20 15:08:15 - DEBUG --> initializeUserData 
2015-12-20 15:08:15 - DEBUG --> UserData first: N; 
2015-12-20 15:08:15 - DEBUG --> Archivo \components\com_jhotelreservation\classes\services\UserDataService.php 
2015-12-20 15:08:15 - DEBUG --> createUserData 
2015-12-20 15:08:15 - DEBUG --> UserData end:  a:0:{} 
2015-12-20 15:08:15 - DEBUG --> Archivo \components\com_jhotelreservation\classes\services\UserDataService.php 
2015-12-20 15:08:15 - DEBUG --> initializeUserData 
2015-12-20 15:08:15 - DEBUG --> UserData first: a:0:{} 
2015-12-20 15:08:15 - DEBUG --> UserData end:  a:0:{} 
2015-12-20 15:08:15 - DEBUG --> Archivo \components\com_jhotelreservation\classes\services\UserDataService.php 
2015-12-20 15:08:15 - DEBUG --> initializeReservationData 
2015-12-20 15:08:15 - DEBUG --> UserData: a:0:{} 
2015-12-20 15:08:15 - DEBUG --> Archivo \components\com_jhotelreservation\classes\services\UserDataService.php 
2015-12-20 15:08:15 - DEBUG --> updateUserData 
2015-12-20 15:08:15 - DEBUG --> Archivo \components\com_jhotelreservation\classes\services\UserDataService.php 
2015-12-20 15:08:15 - DEBUG --> getUserData 
2015-12-20 15:08:15 - DEBUG --> Archivo \components\com_jhotelreservation\classes\services\UserDataService.php 
2015-12-20 15:08:15 - DEBUG --> setCurrency 
2015-12-20 15:08:15 - DEBUG --> Archivo \components\com_jhotelreservation\classes\services\UserDataService.php 
2015-12-20 15:08:15 - DEBUG --> getUserData 
2015-12-20 15:08:15 - DEBUG --> Archivo \components\com_jhotelreservation\classes\services\UserDataService.php 
2015-12-20 15:08:15 - DEBUG --> getUserData 
2015-12-20 15:08:15 - DEBUG --> Archivo \components\com_jhotelreservation\classes\services\UserDataService.php 
2015-12-20 15:08:15 - DEBUG --> getUserData 
2015-12-20 15:08:15 - DEBUG --> Archivo \components\com_jhotelreservationiews\hotel	mpl\hoteloverview.php 
2015-12-20 15:08:15 - DEBUG --> Accedió 
2015-12-20 15:08:19 - DEBUG --> Archivo \components\com_jhotelreservation\classes\services\UserDataService.php 
2015-12-20 15:08:19 - DEBUG --> initializeUserData 
2015-12-20 15:08:19 - DEBUG --> UserData first: N; 
2015-12-20 15:08:19 - DEBUG --> Archivo \components\com_jhotelreservation\classes\services\UserDataService.php 
2015-12-20 15:08:19 - DEBUG --> createUserData 
2015-12-20 15:08:19 - DEBUG --> UserData end:  a:0:{} 
2015-12-20 15:08:19 - DEBUG --> Archivo \components\com_jhotelreservation\classes\services\UserDataService.php 
2015-12-20 15:08:19 - DEBUG --> initializeUserData 
2015-12-20 15:08:19 - DEBUG --> UserData first: a:0:{} 
2015-12-20 15:08:19 - DEBUG --> UserData end:  a:0:{} 
2015-12-20 15:08:19 - DEBUG --> Archivo \components\com_jhotelreservation\classes\services\UserDataService.php 
2015-12-20 15:08:19 - DEBUG --> initializeReservationData 
2015-12-20 15:08:19 - DEBUG --> UserData: a:0:{} 
2015-12-20 15:08:19 - DEBUG --> Archivo \components\com_jhotelreservation\classes\services\UserDataService.php 
2015-12-20 15:08:19 - DEBUG --> updateUserData 
2015-12-20 15:08:19 - DEBUG --> Archivo \components\com_jhotelreservation\classes\services\UserDataService.php 
2015-12-20 15:08:19 - DEBUG --> getUserData 
2015-12-20 15:08:19 - DEBUG --> Archivo \components\com_jhotelreservation\classes\services\UserDataService.php 
2015-12-20 15:08:19 - DEBUG --> setCurrency 
2015-12-20 15:08:19 - DEBUG --> Archivo \components\com_jhotelreservation\classes\services\UserDataService.php 
2015-12-20 15:08:19 - DEBUG --> getUserData 
2015-12-20 15:08:19 - DEBUG --> Archivo \components\com_jhotelreservation\classes\services\UserDataService.php 
2015-12-20 15:08:19 - DEBUG --> getUserData 
2015-12-20 15:08:19 - DEBUG --> Archivo \components\com_jhotelreservation\classes\services\UserDataService.php 
2015-12-20 15:08:19 - DEBUG --> getUserData 
2015-12-20 15:08:19 - DEBUG --> Archivo \components\com_jhotelreservationiews\hotel	mpl\hoteloverview.php 
2015-12-20 15:08:19 - DEBUG --> Accedió 
2015-12-20 15:08:21 - DEBUG --> Archivo \components\com_jhotelreservation\classes\services\UserDataService.php 
2015-12-20 15:08:21 - DEBUG --> initializeUserData 
2015-12-20 15:08:21 - DEBUG --> UserData first: N; 
2015-12-20 15:08:21 - DEBUG --> Archivo \components\com_jhotelreservation\classes\services\UserDataService.php 
2015-12-20 15:08:21 - DEBUG --> createUserData 
2015-12-20 15:08:21 - DEBUG --> UserData end:  a:0:{} 
2015-12-20 15:08:21 - DEBUG --> Archivo \components\com_jhotelreservation\classes\services\UserDataService.php 
2015-12-20 15:08:21 - DEBUG --> initializeUserData 
2015-12-20 15:08:21 - DEBUG --> UserData first: a:0:{} 
2015-12-20 15:08:21 - DEBUG --> UserData end:  a:0:{} 
2015-12-20 15:08:21 - DEBUG --> Archivo \components\com_jhotelreservation\classes\services\UserDataService.php 
2015-12-20 15:08:21 - DEBUG --> initializeReservationData 
2015-12-20 15:08:21 - DEBUG --> UserData: a:0:{} 
2015-12-20 15:08:21 - DEBUG --> Archivo \components\com_jhotelreservation\classes\services\UserDataService.php 
2015-12-20 15:08:21 - DEBUG --> updateUserData 
2015-12-20 15:08:21 - DEBUG --> Archivo \components\com_jhotelreservation\classes\services\UserDataService.php 
2015-12-20 15:08:21 - DEBUG --> getUserData 
2015-12-20 15:08:21 - DEBUG --> Archivo \components\com_jhotelreservation\classes\services\UserDataService.php 
2015-12-20 15:08:21 - DEBUG --> setCurrency 
2015-12-20 15:08:21 - DEBUG --> Archivo \components\com_jhotelreservation\classes\services\UserDataService.php 
2015-12-20 15:08:21 - DEBUG --> getUserData 
2015-12-20 15:08:21 - DEBUG --> Archivo \components\com_jhotelreservation\classes\services\UserDataService.php 
2015-12-20 15:08:21 - DEBUG --> getUserData 
2015-12-20 15:08:21 - DEBUG --> Archivo \components\com_jhotelreservation\classes\services\UserDataService.php 
2015-12-20 15:08:21 - DEBUG --> getUserData 
2015-12-20 15:08:21 - DEBUG --> Archivo \components\com_jhotelreservationiews\hotel	mpl\hoteloverview.php 
2015-12-20 15:08:21 - DEBUG --> Accedió 
2015-12-20 15:08:24 - DEBUG --> Archivo \components\com_jhotelreservation\classes\services\UserDataService.php 
2015-12-20 15:08:24 - DEBUG --> initializeUserData 
2015-12-20 15:08:24 - DEBUG --> UserData first: N; 
2015-12-20 15:08:24 - DEBUG --> Archivo \components\com_jhotelreservation\classes\services\UserDataService.php 
2015-12-20 15:08:24 - DEBUG --> createUserData 
2015-12-20 15:08:24 - DEBUG --> UserData end:  a:0:{} 
2015-12-20 15:08:24 - DEBUG --> Archivo \components\com_jhotelreservation\classes\services\UserDataService.php 
2015-12-20 15:08:24 - DEBUG --> initializeUserData 
2015-12-20 15:08:24 - DEBUG --> UserData first: a:0:{} 
2015-12-20 15:08:24 - DEBUG --> UserData end:  a:0:{} 
2015-12-20 15:08:24 - DEBUG --> Archivo \components\com_jhotelreservation\classes\services\UserDataService.php 
2015-12-20 15:08:24 - DEBUG --> initializeReservationData 
2015-12-20 15:08:24 - DEBUG --> UserData: a:0:{} 
2015-12-20 15:08:24 - DEBUG --> Archivo \components\com_jhotelreservation\classes\services\UserDataService.php 
2015-12-20 15:08:24 - DEBUG --> updateUserData 
2015-12-20 15:08:24 - DEBUG --> Archivo \components\com_jhotelreservation\classes\services\UserDataService.php 
2015-12-20 15:08:24 - DEBUG --> getUserData 
2015-12-20 15:08:24 - DEBUG --> Archivo \components\com_jhotelreservation\classes\services\UserDataService.php 
2015-12-20 15:08:24 - DEBUG --> setCurrency 
2015-12-20 15:08:24 - DEBUG --> Archivo \components\com_jhotelreservation\classes\services\UserDataService.php 
2015-12-20 15:08:24 - DEBUG --> getUserData 
2015-12-20 15:08:24 - DEBUG --> Archivo \components\com_jhotelreservation\classes\services\UserDataService.php 
2015-12-20 15:08:24 - DEBUG --> getUserData 
2015-12-20 15:08:24 - DEBUG --> Archivo \components\com_jhotelreservation\classes\services\UserDataService.php 
2015-12-20 15:08:24 - DEBUG --> getUserData 
2015-12-20 15:08:24 - DEBUG --> Archivo \components\com_jhotelreservationiews\hotel	mpl\hoteloverview.php 
2015-12-20 15:08:24 - DEBUG --> Accedió 
2015-12-20 15:08:26 - DEBUG --> Archivo \components\com_jhotelreservation\classes\services\UserDataService.php 
2015-12-20 15:08:26 - DEBUG --> initializeUserData 
2015-12-20 15:08:26 - DEBUG --> UserData first: N; 
2015-12-20 15:08:26 - DEBUG --> Archivo \components\com_jhotelreservation\classes\services\UserDataService.php 
2015-12-20 15:08:26 - DEBUG --> createUserData 
2015-12-20 15:08:26 - DEBUG --> UserData end:  a:0:{} 
2015-12-20 15:08:26 - DEBUG --> Archivo \components\com_jhotelreservation\classes\services\UserDataService.php 
2015-12-20 15:08:26 - DEBUG --> initializeUserData 
2015-12-20 15:08:26 - DEBUG --> UserData first: a:0:{} 
2015-12-20 15:08:26 - DEBUG --> UserData end:  a:0:{} 
2015-12-20 15:08:26 - DEBUG --> Archivo \components\com_jhotelreservation\classes\services\UserDataService.php 
2015-12-20 15:08:26 - DEBUG --> initializeReservationData 
2015-12-20 15:08:26 - DEBUG --> UserData: a:0:{} 
2015-12-20 15:08:26 - DEBUG --> Archivo \components\com_jhotelreservation\classes\services\UserDataService.php 
2015-12-20 15:08:26 - DEBUG --> updateUserData 
2015-12-20 15:08:26 - DEBUG --> Archivo \components\com_jhotelreservation\classes\services\UserDataService.php 
2015-12-20 15:08:26 - DEBUG --> getUserData 
2015-12-20 15:08:26 - DEBUG --> Archivo \components\com_jhotelreservation\classes\services\UserDataService.php 
2015-12-20 15:08:26 - DEBUG --> setCurrency 
2015-12-20 15:08:26 - DEBUG --> Archivo \components\com_jhotelreservation\classes\services\UserDataService.php 
2015-12-20 15:08:26 - DEBUG --> getUserData 
2015-12-20 15:08:26 - DEBUG --> Archivo \components\com_jhotelreservation\classes\services\UserDataService.php 
2015-12-20 15:08:26 - DEBUG --> getUserData 
2015-12-20 15:08:26 - DEBUG --> Archivo \components\com_jhotelreservation\classes\services\UserDataService.php 
2015-12-20 15:08:26 - DEBUG --> getUserData 
2015-12-20 15:08:26 - DEBUG --> Archivo \components\com_jhotelreservationiews\hotel	mpl\hoteloverview.php 
2015-12-20 15:08:26 - DEBUG --> Accedió 
2015-12-20 15:08:29 - DEBUG --> Archivo \components\com_jhotelreservation\classes\services\UserDataService.php 
2015-12-20 15:08:29 - DEBUG --> initializeUserData 
2015-12-20 15:08:29 - DEBUG --> UserData first: N; 
2015-12-20 15:08:29 - DEBUG --> Archivo \components\com_jhotelreservation\classes\services\UserDataService.php 
2015-12-20 15:08:29 - DEBUG --> createUserData 
2015-12-20 15:08:29 - DEBUG --> UserData end:  a:0:{} 
2015-12-20 15:08:29 - DEBUG --> Archivo \components\com_jhotelreservation\classes\services\UserDataService.php 
2015-12-20 15:08:29 - DEBUG --> initializeUserData 
2015-12-20 15:08:29 - DEBUG --> UserData first: a:0:{} 
2015-12-20 15:08:29 - DEBUG --> UserData end:  a:0:{} 
2015-12-20 15:08:29 - DEBUG --> Archivo \components\com_jhotelreservation\classes\services\UserDataService.php 
2015-12-20 15:08:29 - DEBUG --> initializeReservationData 
2015-12-20 15:08:29 - DEBUG --> UserData: a:0:{} 
2015-12-20 15:08:29 - DEBUG --> Archivo \components\com_jhotelreservation\classes\services\UserDataService.php 
2015-12-20 15:08:29 - DEBUG --> updateUserData 
2015-12-20 15:08:29 - DEBUG --> Archivo \components\com_jhotelreservation\classes\services\UserDataService.php 
2015-12-20 15:08:29 - DEBUG --> getUserData 
2015-12-20 15:08:29 - DEBUG --> Archivo \components\com_jhotelreservation\classes\services\UserDataService.php 
2015-12-20 15:08:29 - DEBUG --> setCurrency 
2015-12-20 15:08:29 - DEBUG --> Archivo \components\com_jhotelreservation\classes\services\UserDataService.php 
2015-12-20 15:08:29 - DEBUG --> getUserData 
2015-12-20 15:08:29 - DEBUG --> Archivo \components\com_jhotelreservation\classes\services\UserDataService.php 
2015-12-20 15:08:29 - DEBUG --> getUserData 
2015-12-20 15:08:29 - DEBUG --> Archivo \components\com_jhotelreservation\classes\services\UserDataService.php 
2015-12-20 15:08:29 - DEBUG --> getUserData 
2015-12-20 15:08:29 - DEBUG --> Archivo \components\com_jhotelreservationiews\hotel	mpl\hoteloverview.php 
2015-12-20 15:08:29 - DEBUG --> Accedió 
2015-12-20 15:08:31 - DEBUG --> Archivo \components\com_jhotelreservation\classes\services\UserDataService.php 
2015-12-20 15:08:31 - DEBUG --> initializeUserData 
2015-12-20 15:08:31 - DEBUG --> UserData first: N; 
2015-12-20 15:08:31 - DEBUG --> Archivo \components\com_jhotelreservation\classes\services\UserDataService.php 
2015-12-20 15:08:31 - DEBUG --> createUserData 
2015-12-20 15:08:31 - DEBUG --> UserData end:  a:0:{} 
2015-12-20 15:08:31 - DEBUG --> Archivo \components\com_jhotelreservation\classes\services\UserDataService.php 
2015-12-20 15:08:31 - DEBUG --> initializeUserData 
2015-12-20 15:08:31 - DEBUG --> UserData first: a:0:{} 
2015-12-20 15:08:31 - DEBUG --> UserData end:  a:0:{} 
2015-12-20 15:08:31 - DEBUG --> Archivo \components\com_jhotelreservation\classes\services\UserDataService.php 
2015-12-20 15:08:31 - DEBUG --> initializeReservationData 
2015-12-20 15:08:31 - DEBUG --> UserData: a:0:{} 
2015-12-20 15:08:31 - DEBUG --> Archivo \components\com_jhotelreservation\classes\services\UserDataService.php 
2015-12-20 15:08:31 - DEBUG --> updateUserData 
2015-12-20 15:08:31 - DEBUG --> Archivo \components\com_jhotelreservation\classes\services\UserDataService.php 
2015-12-20 15:08:31 - DEBUG --> getUserData 
2015-12-20 15:08:31 - DEBUG --> Archivo \components\com_jhotelreservation\classes\services\UserDataService.php 
2015-12-20 15:08:31 - DEBUG --> setCurrency 
2015-12-20 15:08:31 - DEBUG --> Archivo \components\com_jhotelreservation\classes\services\UserDataService.php 
2015-12-20 15:08:31 - DEBUG --> getUserData 
2015-12-20 15:08:31 - DEBUG --> Archivo \components\com_jhotelreservation\classes\services\UserDataService.php 
2015-12-20 15:08:31 - DEBUG --> getUserData 
2015-12-20 15:08:31 - DEBUG --> Archivo \components\com_jhotelreservation\classes\services\UserDataService.php 
2015-12-20 15:08:31 - DEBUG --> getUserData 
2015-12-20 15:08:31 - DEBUG --> Archivo \components\com_jhotelreservationiews\hotel	mpl\hoteloverview.php 
2015-12-20 15:08:31 - DEBUG --> Accedió 
2015-12-20 15:08:39 - DEBUG --> Archivo \components\com_jhotelreservation\classes\services\UserDataService.php 
2015-12-20 15:08:39 - DEBUG --> initializeUserData 
2015-12-20 15:08:39 - DEBUG --> UserData first: N; 
2015-12-20 15:08:39 - DEBUG --> Archivo \components\com_jhotelreservation\classes\services\UserDataService.php 
2015-12-20 15:08:39 - DEBUG --> createUserData 
2015-12-20 15:08:39 - DEBUG --> UserData end:  a:0:{} 
2015-12-20 15:08:39 - DEBUG --> Archivo \components\com_jhotelreservation\classes\services\UserDataService.php 
2015-12-20 15:08:39 - DEBUG --> initializeUserData 
2015-12-20 15:08:39 - DEBUG --> UserData first: a:0:{} 
2015-12-20 15:08:39 - DEBUG --> UserData end:  a:0:{} 
2015-12-20 15:08:39 - DEBUG --> Archivo \components\com_jhotelreservation\classes\services\UserDataService.php 
2015-12-20 15:08:39 - DEBUG --> initializeReservationData 
2015-12-20 15:08:39 - DEBUG --> UserData: a:0:{} 
2015-12-20 15:08:39 - DEBUG --> Archivo \components\com_jhotelreservation\classes\services\UserDataService.php 
2015-12-20 15:08:39 - DEBUG --> updateUserData 
2015-12-20 15:08:39 - DEBUG --> Archivo \components\com_jhotelreservation\classes\services\UserDataService.php 
2015-12-20 15:08:39 - DEBUG --> getUserData 
2015-12-20 15:08:39 - DEBUG --> Archivo \components\com_jhotelreservation\classes\services\UserDataService.php 
2015-12-20 15:08:39 - DEBUG --> setCurrency 
2015-12-20 15:08:39 - DEBUG --> Archivo \components\com_jhotelreservation\classes\services\UserDataService.php 
2015-12-20 15:08:39 - DEBUG --> getUserData 
2015-12-20 15:08:39 - DEBUG --> Archivo \components\com_jhotelreservation\classes\services\UserDataService.php 
2015-12-20 15:08:39 - DEBUG --> getUserData 
2015-12-20 15:08:39 - DEBUG --> Archivo \components\com_jhotelreservation\classes\services\UserDataService.php 
2015-12-20 15:08:39 - DEBUG --> getUserData 
2015-12-20 15:08:39 - DEBUG --> Archivo \components\com_jhotelreservationiews\hotel	mpl\hoteloverview.php 
2015-12-20 15:08:39 - DEBUG --> Accedió 
2015-12-20 15:08:41 - DEBUG --> Archivo \components\com_jhotelreservation\classes\services\UserDataService.php 
2015-12-20 15:08:41 - DEBUG --> initializeUserData 
2015-12-20 15:08:41 - DEBUG --> UserData first: N; 
2015-12-20 15:08:41 - DEBUG --> Archivo \components\com_jhotelreservation\classes\services\UserDataService.php 
2015-12-20 15:08:41 - DEBUG --> createUserData 
2015-12-20 15:08:41 - DEBUG --> UserData end:  a:0:{} 
2015-12-20 15:08:41 - DEBUG --> Archivo \components\com_jhotelreservation\classes\services\UserDataService.php 
2015-12-20 15:08:41 - DEBUG --> initializeUserData 
2015-12-20 15:08:41 - DEBUG --> UserData first: a:0:{} 
2015-12-20 15:08:41 - DEBUG --> UserData end:  a:0:{} 
2015-12-20 15:08:41 - DEBUG --> Archivo \components\com_jhotelreservation\classes\services\UserDataService.php 
2015-12-20 15:08:41 - DEBUG --> initializeReservationData 
2015-12-20 15:08:41 - DEBUG --> UserData: a:0:{} 
2015-12-20 15:08:41 - DEBUG --> Archivo \components\com_jhotelreservation\classes\services\UserDataService.php 
2015-12-20 15:08:41 - DEBUG --> updateUserData 
2015-12-20 15:08:41 - DEBUG --> Archivo \components\com_jhotelreservation\classes\services\UserDataService.php 
2015-12-20 15:08:41 - DEBUG --> getUserData 
2015-12-20 15:08:41 - DEBUG --> Archivo \components\com_jhotelreservation\classes\services\UserDataService.php 
2015-12-20 15:08:41 - DEBUG --> setCurrency 
2015-12-20 15:08:41 - DEBUG --> Archivo \components\com_jhotelreservation\classes\services\UserDataService.php 
2015-12-20 15:08:41 - DEBUG --> getUserData 
2015-12-20 15:08:41 - DEBUG --> Archivo \components\com_jhotelreservation\classes\services\UserDataService.php 
2015-12-20 15:08:41 - DEBUG --> getUserData 
2015-12-20 15:08:41 - DEBUG --> Archivo \components\com_jhotelreservation\classes\services\UserDataService.php 
2015-12-20 15:08:41 - DEBUG --> getUserData 
2015-12-20 15:08:41 - DEBUG --> Archivo \components\com_jhotelreservationiews\hotel	mpl\hoteloverview.php 
2015-12-20 15:08:41 - DEBUG --> Accedió 
2015-12-20 15:08:43 - DEBUG --> Archivo \components\com_jhotelreservation\classes\services\UserDataService.php 
2015-12-20 15:08:43 - DEBUG --> initializeUserData 
2015-12-20 15:08:43 - DEBUG --> UserData first: N; 
2015-12-20 15:08:43 - DEBUG --> Archivo \components\com_jhotelreservation\classes\services\UserDataService.php 
2015-12-20 15:08:43 - DEBUG --> createUserData 
2015-12-20 15:08:43 - DEBUG --> UserData end:  a:0:{} 
2015-12-20 15:08:43 - DEBUG --> Archivo \components\com_jhotelreservation\classes\services\UserDataService.php 
2015-12-20 15:08:43 - DEBUG --> initializeUserData 
2015-12-20 15:08:43 - DEBUG --> UserData first: a:0:{} 
2015-12-20 15:08:43 - DEBUG --> UserData end:  a:0:{} 
2015-12-20 15:08:43 - DEBUG --> Archivo \components\com_jhotelreservation\classes\services\UserDataService.php 
2015-12-20 15:08:43 - DEBUG --> initializeReservationData 
2015-12-20 15:08:43 - DEBUG --> UserData: a:0:{} 
2015-12-20 15:08:43 - DEBUG --> Archivo \components\com_jhotelreservation\classes\services\UserDataService.php 
2015-12-20 15:08:43 - DEBUG --> updateUserData 
2015-12-20 15:08:43 - DEBUG --> Archivo \components\com_jhotelreservation\classes\services\UserDataService.php 
2015-12-20 15:08:43 - DEBUG --> getUserData 
2015-12-20 15:08:43 - DEBUG --> Archivo \components\com_jhotelreservation\classes\services\UserDataService.php 
2015-12-20 15:08:43 - DEBUG --> setCurrency 
2015-12-20 15:08:43 - DEBUG --> Archivo \components\com_jhotelreservation\classes\services\UserDataService.php 
2015-12-20 15:08:43 - DEBUG --> getUserData 
2015-12-20 15:08:43 - DEBUG --> Archivo \components\com_jhotelreservation\classes\services\UserDataService.php 
2015-12-20 15:08:43 - DEBUG --> getUserData 
2015-12-20 15:08:43 - DEBUG --> Archivo \components\com_jhotelreservation\classes\services\UserDataService.php 
2015-12-20 15:08:43 - DEBUG --> getUserData 
2015-12-20 15:08:43 - DEBUG --> Archivo \components\com_jhotelreservationiews\hotel	mpl\hoteloverview.php 
2015-12-20 15:08:43 - DEBUG --> Accedió 
2015-12-20 15:08:46 - DEBUG --> Archivo \components\com_jhotelreservation\classes\services\UserDataService.php 
2015-12-20 15:08:46 - DEBUG --> initializeUserData 
2015-12-20 15:08:46 - DEBUG --> UserData first: N; 
2015-12-20 15:08:46 - DEBUG --> Archivo \components\com_jhotelreservation\classes\services\UserDataService.php 
2015-12-20 15:08:46 - DEBUG --> createUserData 
2015-12-20 15:08:46 - DEBUG --> UserData end:  a:0:{} 
2015-12-20 15:08:46 - DEBUG --> Archivo \components\com_jhotelreservation\classes\services\UserDataService.php 
2015-12-20 15:08:46 - DEBUG --> initializeUserData 
2015-12-20 15:08:46 - DEBUG --> UserData first: a:0:{} 
2015-12-20 15:08:46 - DEBUG --> UserData end:  a:0:{} 
2015-12-20 15:08:46 - DEBUG --> Archivo \components\com_jhotelreservation\classes\services\UserDataService.php 
2015-12-20 15:08:46 - DEBUG --> initializeReservationData 
2015-12-20 15:08:46 - DEBUG --> UserData: a:0:{} 
2015-12-20 15:08:46 - DEBUG --> Archivo \components\com_jhotelreservation\classes\services\UserDataService.php 
2015-12-20 15:08:46 - DEBUG --> updateUserData 
2015-12-20 15:08:46 - DEBUG --> Archivo \components\com_jhotelreservation\classes\services\UserDataService.php 
2015-12-20 15:08:46 - DEBUG --> getUserData 
2015-12-20 15:08:46 - DEBUG --> Archivo \components\com_jhotelreservation\classes\services\UserDataService.php 
2015-12-20 15:08:46 - DEBUG --> setCurrency 
2015-12-20 15:08:46 - DEBUG --> Archivo \components\com_jhotelreservation\classes\services\UserDataService.php 
2015-12-20 15:08:46 - DEBUG --> getUserData 
2015-12-20 15:08:46 - DEBUG --> Archivo \components\com_jhotelreservation\classes\services\UserDataService.php 
2015-12-20 15:08:46 - DEBUG --> getUserData 
2015-12-20 15:08:46 - DEBUG --> Archivo \components\com_jhotelreservation\classes\services\UserDataService.php 
2015-12-20 15:08:46 - DEBUG --> getUserData 
2015-12-20 15:08:46 - DEBUG --> Archivo \components\com_jhotelreservationiews\hotel	mpl\hoteloverview.php 
2015-12-20 15:08:46 - DEBUG --> Accedió 
2015-12-20 15:24:46 - DEBUG --> Archivo \components\com_jhotelreservation\classes\services\UserDataService.php 
2015-12-20 15:24:46 - DEBUG --> initializeUserData 
2015-12-20 15:24:46 - DEBUG --> UserData first: N; 
2015-12-20 15:24:46 - DEBUG --> Archivo \components\com_jhotelreservation\classes\services\UserDataService.php 
2015-12-20 15:24:46 - DEBUG --> createUserData 
2015-12-20 15:24:46 - DEBUG --> UserData end:  a:0:{} 
2015-12-20 15:24:46 - DEBUG --> Archivo \components\com_jhotelreservation\classes\services\UserDataService.php 
2015-12-20 15:24:46 - DEBUG --> initializeUserData 
2015-12-20 15:24:46 - DEBUG --> UserData first: a:0:{} 
2015-12-20 15:24:46 - DEBUG --> UserData end:  a:0:{} 
2015-12-20 15:24:46 - DEBUG --> Archivo \components\com_jhotelreservation\classes\services\UserDataService.php 
2015-12-20 15:24:46 - DEBUG --> initializeReservationData 
2015-12-20 15:24:46 - DEBUG --> UserData: a:0:{} 
2015-12-20 15:24:46 - DEBUG --> Archivo \components\com_jhotelreservation\classes\services\UserDataService.php 
2015-12-20 15:24:46 - DEBUG --> updateUserData 
2015-12-20 15:24:46 - DEBUG --> Archivo \components\com_jhotelreservation\classes\services\UserDataService.php 
2015-12-20 15:24:46 - DEBUG --> getUserData 
2015-12-20 15:24:46 - DEBUG --> Archivo \components\com_jhotelreservation\classes\services\UserDataService.php 
2015-12-20 15:24:46 - DEBUG --> setCurrency 
2015-12-20 15:24:46 - DEBUG --> Archivo \components\com_jhotelreservation\classes\services\UserDataService.php 
2015-12-20 15:24:46 - DEBUG --> getUserData 
2015-12-20 15:24:46 - DEBUG --> Archivo \components\com_jhotelreservation\classes\services\UserDataService.php 
2015-12-20 15:24:46 - DEBUG --> getUserData 
2015-12-20 15:24:46 - DEBUG --> Archivo \components\com_jhotelreservation\classes\services\UserDataService.php 
2015-12-20 15:24:46 - DEBUG --> getUserData 
2015-12-20 15:24:46 - DEBUG --> Archivo \components\com_jhotelreservationiews\hotel	mpl\hoteloverview.php 
2015-12-20 15:24:46 - DEBUG --> Accedió 
2015-12-20 15:27:46 - DEBUG --> Archivo \components\com_jhotelreservation\classes\services\UserDataService.php 
2015-12-20 15:27:46 - DEBUG --> initializeUserData 
2015-12-20 15:27:46 - DEBUG --> UserData first: N; 
2015-12-20 15:27:46 - DEBUG --> Archivo \components\com_jhotelreservation\classes\services\UserDataService.php 
2015-12-20 15:27:46 - DEBUG --> createUserData 
2015-12-20 15:27:46 - DEBUG --> UserData end:  a:0:{} 
2015-12-20 15:27:46 - DEBUG --> Archivo \components\com_jhotelreservation\classes\services\UserDataService.php 
2015-12-20 15:27:46 - DEBUG --> initializeUserData 
2015-12-20 15:27:46 - DEBUG --> UserData first: a:0:{} 
2015-12-20 15:27:46 - DEBUG --> UserData end:  a:0:{} 
2015-12-20 15:27:46 - DEBUG --> Archivo \components\com_jhotelreservation\classes\services\UserDataService.php 
2015-12-20 15:27:46 - DEBUG --> initializeReservationData 
2015-12-20 15:27:46 - DEBUG --> UserData: a:0:{} 
2015-12-20 15:27:46 - DEBUG --> Archivo \components\com_jhotelreservation\classes\services\UserDataService.php 
2015-12-20 15:27:46 - DEBUG --> updateUserData 
2015-12-20 15:27:46 - DEBUG --> Archivo \components\com_jhotelreservation\classes\services\UserDataService.php 
2015-12-20 15:27:46 - DEBUG --> getUserData 
2015-12-20 15:27:46 - DEBUG --> Archivo \components\com_jhotelreservation\classes\services\UserDataService.php 
2015-12-20 15:27:46 - DEBUG --> setCurrency 
2015-12-20 15:27:46 - DEBUG --> Archivo \components\com_jhotelreservation\classes\services\UserDataService.php 
2015-12-20 15:27:46 - DEBUG --> getUserData 
2015-12-20 15:27:46 - DEBUG --> Archivo \components\com_jhotelreservation\classes\services\UserDataService.php 
2015-12-20 15:27:46 - DEBUG --> getUserData 
2015-12-20 15:27:46 - DEBUG --> Archivo \components\com_jhotelreservation\classes\services\UserDataService.php 
2015-12-20 15:27:46 - DEBUG --> getUserData 
2015-12-20 15:27:46 - DEBUG --> Archivo \components\com_jhotelreservationiews\hotel	mpl\hoteloverview.php 
2015-12-20 15:27:46 - DEBUG --> Accedió 
2015-12-20 16:01:36 - DEBUG --> Archivo \components\com_jhotelreservation\classes\services\UserDataService.php 
2015-12-20 16:01:36 - DEBUG --> initializeUserData 
2015-12-20 16:01:36 - DEBUG --> UserData first: N; 
2015-12-20 16:01:36 - DEBUG --> Archivo \components\com_jhotelreservation\classes\services\UserDataService.php 
2015-12-20 16:01:36 - DEBUG --> createUserData 
2015-12-20 16:01:36 - DEBUG --> UserData end:  a:0:{} 
2015-12-20 16:01:36 - DEBUG --> Archivo \components\com_jhotelreservation\classes\services\UserDataService.php 
2015-12-20 16:01:36 - DEBUG --> initializeUserData 
2015-12-20 16:01:36 - DEBUG --> UserData first: a:0:{} 
2015-12-20 16:01:36 - DEBUG --> UserData end:  a:0:{} 
2015-12-20 16:01:36 - DEBUG --> Archivo \components\com_jhotelreservation\classes\services\UserDataService.php 
2015-12-20 16:01:36 - DEBUG --> initializeReservationData 
2015-12-20 16:01:36 - DEBUG --> UserData: a:0:{} 
2015-12-20 16:01:36 - DEBUG --> Archivo \components\com_jhotelreservation\classes\services\UserDataService.php 
2015-12-20 16:01:36 - DEBUG --> updateUserData 
2015-12-20 16:01:36 - DEBUG --> Archivo \components\com_jhotelreservation\classes\services\UserDataService.php 
2015-12-20 16:01:36 - DEBUG --> getUserData 
2015-12-20 16:01:36 - DEBUG --> Archivo \components\com_jhotelreservation\classes\services\UserDataService.php 
2015-12-20 16:01:36 - DEBUG --> setCurrency 
2015-12-20 16:01:36 - DEBUG --> Archivo \components\com_jhotelreservation\classes\services\UserDataService.php 
2015-12-20 16:01:36 - DEBUG --> getUserData 
2015-12-20 16:01:36 - DEBUG --> Archivo \components\com_jhotelreservation\classes\services\UserDataService.php 
2015-12-20 16:01:36 - DEBUG --> getUserData 
2015-12-20 16:01:36 - DEBUG --> Archivo \components\com_jhotelreservation\classes\services\UserDataService.php 
2015-12-20 16:01:36 - DEBUG --> getUserData 
2015-12-20 16:01:36 - DEBUG --> Archivo \components\com_jhotelreservationiews\hotel	mpl\hoteloverview.php 
2015-12-20 16:01:36 - DEBUG --> Accedió 
2015-12-20 17:03:34 - DEBUG --> Archivo \components\com_jhotelreservation\classes\services\UserDataService.php 
2015-12-20 17:03:34 - DEBUG --> initializeUserData 
2015-12-20 17:03:34 - DEBUG --> UserData first: N; 
2015-12-20 17:03:34 - DEBUG --> Archivo \components\com_jhotelreservation\classes\services\UserDataService.php 
2015-12-20 17:03:34 - DEBUG --> createUserData 
2015-12-20 17:03:34 - DEBUG --> UserData end:  a:0:{} 
2015-12-20 17:03:34 - DEBUG --> Archivo \components\com_jhotelreservation\classes\services\UserDataService.php 
2015-12-20 17:03:34 - DEBUG --> initializeUserData 
2015-12-20 17:03:34 - DEBUG --> UserData first: a:0:{} 
2015-12-20 17:03:34 - DEBUG --> UserData end:  a:0:{} 
2015-12-20 17:03:34 - DEBUG --> Archivo \components\com_jhotelreservation\classes\services\UserDataService.php 
2015-12-20 17:03:34 - DEBUG --> initializeReservationData 
2015-12-20 17:03:34 - DEBUG --> UserData: a:0:{} 
2015-12-20 17:03:34 - DEBUG --> Archivo \components\com_jhotelreservation\classes\services\UserDataService.php 
2015-12-20 17:03:34 - DEBUG --> updateUserData 
2015-12-20 17:03:34 - DEBUG --> Archivo \components\com_jhotelreservation\classes\services\UserDataService.php 
2015-12-20 17:03:34 - DEBUG --> getUserData 
2015-12-20 17:03:34 - DEBUG --> Archivo \components\com_jhotelreservation\classes\services\UserDataService.php 
2015-12-20 17:03:34 - DEBUG --> setCurrency 
2015-12-20 17:03:34 - DEBUG --> Archivo \components\com_jhotelreservation\classes\services\UserDataService.php 
2015-12-20 17:03:34 - DEBUG --> getUserData 
2015-12-20 17:03:34 - DEBUG --> Archivo \components\com_jhotelreservation\classes\services\UserDataService.php 
2015-12-20 17:03:34 - DEBUG --> getUserData 
2015-12-20 17:03:34 - DEBUG --> Archivo \components\com_jhotelreservation\classes\services\UserDataService.php 
2015-12-20 17:03:34 - DEBUG --> getUserData 
2015-12-20 17:03:34 - DEBUG --> Archivo \components\com_jhotelreservationiews\hotel	mpl\hoteloverview.php 
2015-12-20 17:03:34 - DEBUG --> Accedió 
2015-12-20 17:03:35 - DEBUG --> Archivo \components\com_jhotelreservation\classes\services\UserDataService.php 
2015-12-20 17:03:35 - DEBUG --> initializeUserData 
2015-12-20 17:03:35 - DEBUG --> UserData first: N; 
2015-12-20 17:03:35 - DEBUG --> Archivo \components\com_jhotelreservation\classes\services\UserDataService.php 
2015-12-20 17:03:35 - DEBUG --> createUserData 
2015-12-20 17:03:35 - DEBUG --> UserData end:  a:0:{} 
2015-12-20 17:03:35 - DEBUG --> Archivo \components\com_jhotelreservation\classes\services\UserDataService.php 
2015-12-20 17:03:35 - DEBUG --> initializeUserData 
2015-12-20 17:03:35 - DEBUG --> UserData first: a:0:{} 
2015-12-20 17:03:35 - DEBUG --> UserData end:  a:0:{} 
2015-12-20 17:03:35 - DEBUG --> Archivo \components\com_jhotelreservation\classes\services\UserDataService.php 
2015-12-20 17:03:35 - DEBUG --> initializeReservationData 
2015-12-20 17:03:35 - DEBUG --> UserData: a:0:{} 
2015-12-20 17:03:35 - DEBUG --> Archivo \components\com_jhotelreservation\classes\services\UserDataService.php 
2015-12-20 17:03:35 - DEBUG --> updateUserData 
2015-12-20 17:03:35 - DEBUG --> Archivo \components\com_jhotelreservation\classes\services\UserDataService.php 
2015-12-20 17:03:35 - DEBUG --> getUserData 
2015-12-20 17:03:35 - DEBUG --> Archivo \components\com_jhotelreservation\classes\services\UserDataService.php 
2015-12-20 17:03:35 - DEBUG --> setCurrency 
2015-12-20 17:03:35 - DEBUG --> Archivo \components\com_jhotelreservation\classes\services\UserDataService.php 
2015-12-20 17:03:35 - DEBUG --> getUserData 
2015-12-20 17:03:35 - DEBUG --> Archivo \components\com_jhotelreservation\classes\services\UserDataService.php 
2015-12-20 17:03:35 - DEBUG --> getUserData 
2015-12-20 17:03:35 - DEBUG --> Archivo \components\com_jhotelreservation\classes\services\UserDataService.php 
2015-12-20 17:03:35 - DEBUG --> getUserData 
2015-12-20 17:03:35 - DEBUG --> Archivo \components\com_jhotelreservationiews\hotel	mpl\hoteloverview.php 
2015-12-20 17:03:35 - DEBUG --> Accedió 
2015-12-20 17:03:36 - DEBUG --> Archivo \components\com_jhotelreservation\classes\services\UserDataService.php 
2015-12-20 17:03:36 - DEBUG --> initializeUserData 
2015-12-20 17:03:36 - DEBUG --> UserData first: N; 
2015-12-20 17:03:36 - DEBUG --> Archivo \components\com_jhotelreservation\classes\services\UserDataService.php 
2015-12-20 17:03:36 - DEBUG --> createUserData 
2015-12-20 17:03:36 - DEBUG --> UserData end:  a:0:{} 
2015-12-20 17:05:50 - DEBUG --> Archivo \components\com_jhotelreservation\classes\services\UserDataService.php 
2015-12-20 17:05:50 - DEBUG --> initializeUserData 
2015-12-20 17:05:50 - DEBUG --> UserData first: N; 
2015-12-20 17:05:50 - DEBUG --> Archivo \components\com_jhotelreservation\classes\services\UserDataService.php 
2015-12-20 17:05:50 - DEBUG --> createUserData 
2015-12-20 17:05:50 - DEBUG --> UserData end:  a:0:{} 
2015-12-20 17:05:50 - DEBUG --> Archivo \components\com_jhotelreservation\classes\services\UserDataService.php 
2015-12-20 17:05:50 - DEBUG --> initializeUserData 
2015-12-20 17:05:50 - DEBUG --> UserData first: a:0:{} 
2015-12-20 17:05:50 - DEBUG --> UserData end:  a:0:{} 
2015-12-20 17:05:50 - DEBUG --> Archivo \components\com_jhotelreservation\classes\services\UserDataService.php 
2015-12-20 17:05:50 - DEBUG --> initializeReservationData 
2015-12-20 17:05:50 - DEBUG --> UserData: a:0:{} 
2015-12-20 17:05:50 - DEBUG --> Archivo \components\com_jhotelreservation\classes\services\UserDataService.php 
2015-12-20 17:05:50 - DEBUG --> updateUserData 
2015-12-20 17:05:50 - DEBUG --> Archivo \components\com_jhotelreservation\classes\services\UserDataService.php 
2015-12-20 17:05:50 - DEBUG --> getUserData 
2015-12-20 17:05:50 - DEBUG --> Archivo \components\com_jhotelreservation\classes\services\UserDataService.php 
2015-12-20 17:05:50 - DEBUG --> setCurrency 
2015-12-20 17:05:50 - DEBUG --> Archivo \components\com_jhotelreservation\classes\services\UserDataService.php 
2015-12-20 17:05:50 - DEBUG --> getUserData 
2015-12-20 17:05:50 - DEBUG --> Archivo \components\com_jhotelreservation\classes\services\UserDataService.php 
2015-12-20 17:05:50 - DEBUG --> getUserData 
2015-12-20 17:05:50 - DEBUG --> Archivo \components\com_jhotelreservation\classes\services\UserDataService.php 
2015-12-20 17:05:50 - DEBUG --> getUserData 
2015-12-20 17:05:50 - DEBUG --> Archivo \components\com_jhotelreservationiews\hotel	mpl\hoteloverview.php 
2015-12-20 17:05:50 - DEBUG --> Accedió 
2015-12-20 17:05:51 - DEBUG --> Archivo \components\com_jhotelreservation\classes\services\UserDataService.php 
2015-12-20 17:05:51 - DEBUG --> initializeUserData 
2015-12-20 17:05:51 - DEBUG --> UserData first: N; 
2015-12-20 17:05:51 - DEBUG --> Archivo \components\com_jhotelreservation\classes\services\UserDataService.php 
2015-12-20 17:05:51 - DEBUG --> createUserData 
2015-12-20 17:05:51 - DEBUG --> UserData end:  a:0:{} 
2015-12-20 17:05:51 - DEBUG --> Archivo \components\com_jhotelreservation\classes\services\UserDataService.php 
2015-12-20 17:05:51 - DEBUG --> initializeUserData 
2015-12-20 17:05:51 - DEBUG --> UserData first: a:0:{} 
2015-12-20 17:05:51 - DEBUG --> UserData end:  a:0:{} 
2015-12-20 17:05:51 - DEBUG --> Archivo \components\com_jhotelreservation\classes\services\UserDataService.php 
2015-12-20 17:05:51 - DEBUG --> initializeReservationData 
2015-12-20 17:05:51 - DEBUG --> UserData: a:0:{} 
2015-12-20 17:05:51 - DEBUG --> Archivo \components\com_jhotelreservation\classes\services\UserDataService.php 
2015-12-20 17:05:51 - DEBUG --> updateUserData 
2015-12-20 17:05:51 - DEBUG --> Archivo \components\com_jhotelreservation\classes\services\UserDataService.php 
2015-12-20 17:05:51 - DEBUG --> getUserData 
2015-12-20 17:05:51 - DEBUG --> Archivo \components\com_jhotelreservation\classes\services\UserDataService.php 
2015-12-20 17:05:51 - DEBUG --> setCurrency 
2015-12-20 17:05:51 - DEBUG --> Archivo \components\com_jhotelreservation\classes\services\UserDataService.php 
2015-12-20 17:05:51 - DEBUG --> getUserData 
2015-12-20 17:05:51 - DEBUG --> Archivo \components\com_jhotelreservation\classes\services\UserDataService.php 
2015-12-20 17:05:51 - DEBUG --> getUserData 
2015-12-20 17:05:51 - DEBUG --> Archivo \components\com_jhotelreservation\classes\services\UserDataService.php 
2015-12-20 17:05:51 - DEBUG --> getUserData 
2015-12-20 17:05:51 - DEBUG --> Archivo \components\com_jhotelreservation\classes\services\UserDataService.php 
2015-12-20 17:05:51 - DEBUG --> initializeUserData 
2015-12-20 17:05:51 - DEBUG --> UserData first: N; 
2015-12-20 17:05:51 - DEBUG --> Archivo \components\com_jhotelreservation\classes\services\UserDataService.php 
2015-12-20 17:05:51 - DEBUG --> createUserData 
2015-12-20 17:05:51 - DEBUG --> UserData end:  a:0:{} 
2015-12-20 17:05:51 - DEBUG --> Archivo \components\com_jhotelreservation\classes\services\UserDataService.php 
2015-12-20 17:05:51 - DEBUG --> initializeUserData 
2015-12-20 17:05:51 - DEBUG --> UserData first: a:0:{} 
2015-12-20 17:05:51 - DEBUG --> UserData end:  a:0:{} 
2015-12-20 17:05:51 - DEBUG --> Archivo \components\com_jhotelreservation\classes\services\UserDataService.php 
2015-12-20 17:05:51 - DEBUG --> initializeReservationData 
2015-12-20 17:05:51 - DEBUG --> UserData: a:0:{} 
2015-12-20 17:05:51 - DEBUG --> Archivo \components\com_jhotelreservation\classes\services\UserDataService.php 
2015-12-20 17:05:51 - DEBUG --> updateUserData 
2015-12-20 17:05:51 - DEBUG --> Archivo \components\com_jhotelreservation\classes\services\UserDataService.php 
2015-12-20 17:05:51 - DEBUG --> getUserData 
2015-12-20 17:05:51 - DEBUG --> Archivo \components\com_jhotelreservation\classes\services\UserDataService.php 
2015-12-20 17:05:51 - DEBUG --> setCurrency 
2015-12-20 17:05:51 - DEBUG --> Archivo \components\com_jhotelreservation\classes\services\UserDataService.php 
2015-12-20 17:05:51 - DEBUG --> getUserData 
2015-12-20 17:05:51 - DEBUG --> Archivo \components\com_jhotelreservation\classes\services\UserDataService.php 
2015-12-20 17:05:51 - DEBUG --> getUserData 
2015-12-20 17:05:51 - DEBUG --> Archivo \components\com_jhotelreservation\classes\services\UserDataService.php 
2015-12-20 17:05:51 - DEBUG --> getUserData 
2015-12-20 17:05:51 - DEBUG --> Archivo \components\com_jhotelreservationiews\hotel	mpl\hoteloverview.php 
2015-12-20 17:05:51 - DEBUG --> Accedió 
2015-12-20 17:05:52 - DEBUG --> Archivo \components\com_jhotelreservation\classes\services\UserDataService.php 
2015-12-20 17:05:52 - DEBUG --> initializeUserData 
2015-12-20 17:05:52 - DEBUG --> UserData first: N; 
2015-12-20 17:05:52 - DEBUG --> Archivo \components\com_jhotelreservation\classes\services\UserDataService.php 
2015-12-20 17:05:52 - DEBUG --> createUserData 
2015-12-20 17:05:52 - DEBUG --> UserData end:  a:0:{} 
2015-12-20 17:05:52 - DEBUG --> Archivo \components\com_jhotelreservation\classes\services\UserDataService.php 
2015-12-20 17:05:52 - DEBUG --> initializeUserData 
2015-12-20 17:05:52 - DEBUG --> UserData first: a:0:{} 
2015-12-20 17:05:52 - DEBUG --> UserData end:  a:0:{} 
2015-12-20 17:05:52 - DEBUG --> Archivo \components\com_jhotelreservation\classes\services\UserDataService.php 
2015-12-20 17:05:52 - DEBUG --> initializeReservationData 
2015-12-20 17:05:52 - DEBUG --> UserData: a:0:{} 
2015-12-20 17:05:52 - DEBUG --> Archivo \components\com_jhotelreservation\classes\services\UserDataService.php 
2015-12-20 17:05:52 - DEBUG --> updateUserData 
2015-12-20 17:05:52 - DEBUG --> Archivo \components\com_jhotelreservation\classes\services\UserDataService.php 
2015-12-20 17:05:52 - DEBUG --> getUserData 
2015-12-20 17:05:52 - DEBUG --> Archivo \components\com_jhotelreservation\classes\services\UserDataService.php 
2015-12-20 17:05:52 - DEBUG --> setCurrency 
2015-12-20 17:05:52 - DEBUG --> Archivo \components\com_jhotelreservation\classes\services\UserDataService.php 
2015-12-20 17:05:52 - DEBUG --> getUserData 
2015-12-20 17:05:52 - DEBUG --> Archivo \components\com_jhotelreservation\classes\services\UserDataService.php 
2015-12-20 17:05:52 - DEBUG --> getUserData 
2015-12-20 17:05:52 - DEBUG --> Archivo \components\com_jhotelreservation\classes\services\UserDataService.php 
2015-12-20 17:05:52 - DEBUG --> getUserData 
2015-12-20 17:05:52 - DEBUG --> Archivo \components\com_jhotelreservationiews\hotel	mpl\hoteloverview.php 
2015-12-20 17:05:52 - DEBUG --> Accedió 
2015-12-20 17:05:52 - DEBUG --> Archivo \components\com_jhotelreservation\classes\services\UserDataService.php 
2015-12-20 17:05:52 - DEBUG --> initializeUserData 
2015-12-20 17:05:52 - DEBUG --> UserData first: N; 
2015-12-20 17:05:52 - DEBUG --> Archivo \components\com_jhotelreservation\classes\services\UserDataService.php 
2015-12-20 17:05:52 - DEBUG --> createUserData 
2015-12-20 17:05:52 - DEBUG --> UserData end:  a:0:{} 
2015-12-20 17:05:52 - DEBUG --> Archivo \components\com_jhotelreservation\classes\services\UserDataService.php 
2015-12-20 17:05:52 - DEBUG --> initializeUserData 
2015-12-20 17:05:52 - DEBUG --> UserData first: a:0:{} 
2015-12-20 17:05:52 - DEBUG --> UserData end:  a:0:{} 
2015-12-20 17:05:52 - DEBUG --> Archivo \components\com_jhotelreservation\classes\services\UserDataService.php 
2015-12-20 17:05:52 - DEBUG --> initializeReservationData 
2015-12-20 17:05:52 - DEBUG --> UserData: a:0:{} 
2015-12-20 17:05:52 - DEBUG --> Archivo \components\com_jhotelreservation\classes\services\UserDataService.php 
2015-12-20 17:05:52 - DEBUG --> updateUserData 
2015-12-20 17:05:52 - DEBUG --> Archivo \components\com_jhotelreservation\classes\services\UserDataService.php 
2015-12-20 17:05:52 - DEBUG --> getUserData 
2015-12-20 17:05:52 - DEBUG --> Archivo \components\com_jhotelreservation\classes\services\UserDataService.php 
2015-12-20 17:05:52 - DEBUG --> setCurrency 
2015-12-20 17:05:52 - DEBUG --> Archivo \components\com_jhotelreservation\classes\services\UserDataService.php 
2015-12-20 17:05:52 - DEBUG --> getUserData 
2015-12-20 17:05:52 - DEBUG --> Archivo \components\com_jhotelreservation\classes\services\UserDataService.php 
2015-12-20 17:05:52 - DEBUG --> getUserData 
2015-12-20 17:05:52 - DEBUG --> Archivo \components\com_jhotelreservation\classes\services\UserDataService.php 
2015-12-20 17:05:52 - DEBUG --> getUserData 
2015-12-20 17:05:52 - DEBUG --> Archivo \components\com_jhotelreservationiews\hotel	mpl\hoteloverview.php 
2015-12-20 17:05:52 - DEBUG --> Accedió 
2015-12-20 17:13:48 - DEBUG --> Archivo \components\com_jhotelreservation\classes\services\UserDataService.php 
2015-12-20 17:13:48 - DEBUG --> initializeUserData 
2015-12-20 17:13:48 - DEBUG --> UserData first: N; 
2015-12-20 17:13:48 - DEBUG --> Archivo \components\com_jhotelreservation\classes\services\UserDataService.php 
2015-12-20 17:13:48 - DEBUG --> createUserData 
2015-12-20 17:13:48 - DEBUG --> UserData end:  a:0:{} 
2015-12-20 17:13:48 - DEBUG --> Archivo \components\com_jhotelreservation\classes\services\UserDataService.php 
2015-12-20 17:13:48 - DEBUG --> initializeUserData 
2015-12-20 17:13:48 - DEBUG --> UserData first: a:0:{} 
2015-12-20 17:13:48 - DEBUG --> UserData end:  a:0:{} 
2015-12-20 17:13:48 - DEBUG --> Archivo \components\com_jhotelreservation\classes\services\UserDataService.php 
2015-12-20 17:13:48 - DEBUG --> initializeReservationData 
2015-12-20 17:13:48 - DEBUG --> UserData: a:0:{} 
2015-12-20 17:13:48 - DEBUG --> Archivo \components\com_jhotelreservation\classes\services\UserDataService.php 
2015-12-20 17:13:48 - DEBUG --> updateUserData 
2015-12-20 17:13:48 - DEBUG --> Archivo \components\com_jhotelreservation\classes\services\UserDataService.php 
2015-12-20 17:13:48 - DEBUG --> getUserData 
2015-12-20 17:13:48 - DEBUG --> Archivo \components\com_jhotelreservation\classes\services\UserDataService.php 
2015-12-20 17:13:48 - DEBUG --> setCurrency 
2015-12-20 17:13:48 - DEBUG --> Archivo \components\com_jhotelreservation\classes\services\UserDataService.php 
2015-12-20 17:13:48 - DEBUG --> getUserData 
2015-12-20 17:13:48 - DEBUG --> Archivo \components\com_jhotelreservation\classes\services\UserDataService.php 
2015-12-20 17:13:48 - DEBUG --> getUserData 
2015-12-20 17:13:48 - DEBUG --> Archivo \components\com_jhotelreservation\classes\services\UserDataService.php 
2015-12-20 17:13:48 - DEBUG --> getUserData 
2015-12-20 17:13:48 - DEBUG --> Archivo \components\com_jhotelreservationiews\hotel	mpl\hoteloverview.php 
2015-12-20 17:13:48 - DEBUG --> Accedió 
2015-12-20 17:13:49 - DEBUG --> Archivo \components\com_jhotelreservation\classes\services\UserDataService.php 
2015-12-20 17:13:49 - DEBUG --> initializeUserData 
2015-12-20 17:13:49 - DEBUG --> UserData first: N; 
2015-12-20 17:13:49 - DEBUG --> Archivo \components\com_jhotelreservation\classes\services\UserDataService.php 
2015-12-20 17:13:49 - DEBUG --> createUserData 
2015-12-20 17:13:49 - DEBUG --> UserData end:  a:0:{} 
2015-12-20 17:13:49 - DEBUG --> Archivo \components\com_jhotelreservation\classes\services\UserDataService.php 
2015-12-20 17:13:49 - DEBUG --> initializeUserData 
2015-12-20 17:13:49 - DEBUG --> UserData first: a:0:{} 
2015-12-20 17:13:49 - DEBUG --> UserData end:  a:0:{} 
2015-12-20 17:13:49 - DEBUG --> Archivo \components\com_jhotelreservation\classes\services\UserDataService.php 
2015-12-20 17:13:49 - DEBUG --> initializeReservationData 
2015-12-20 17:13:49 - DEBUG --> UserData: a:0:{} 
2015-12-20 17:13:49 - DEBUG --> Archivo \components\com_jhotelreservation\classes\services\UserDataService.php 
2015-12-20 17:13:49 - DEBUG --> updateUserData 
2015-12-20 17:13:49 - DEBUG --> Archivo \components\com_jhotelreservation\classes\services\UserDataService.php 
2015-12-20 17:13:49 - DEBUG --> getUserData 
2015-12-20 17:13:49 - DEBUG --> Archivo \components\com_jhotelreservation\classes\services\UserDataService.php 
2015-12-20 17:13:49 - DEBUG --> setCurrency 
2015-12-20 17:13:49 - DEBUG --> Archivo \components\com_jhotelreservation\classes\services\UserDataService.php 
2015-12-20 17:13:49 - DEBUG --> getUserData 
2015-12-20 17:13:49 - DEBUG --> Archivo \components\com_jhotelreservation\classes\services\UserDataService.php 
2015-12-20 17:13:49 - DEBUG --> getUserData 
2015-12-20 17:13:49 - DEBUG --> Archivo \components\com_jhotelreservation\classes\services\UserDataService.php 
2015-12-20 17:13:49 - DEBUG --> getUserData 
2015-12-20 17:13:51 - DEBUG --> Archivo \components\com_jhotelreservation\classes\services\UserDataService.php 
2015-12-20 17:13:51 - DEBUG --> initializeUserData 
2015-12-20 17:13:51 - DEBUG --> UserData first: N; 
2015-12-20 17:13:51 - DEBUG --> Archivo \components\com_jhotelreservation\classes\services\UserDataService.php 
2015-12-20 17:13:51 - DEBUG --> createUserData 
2015-12-20 17:13:51 - DEBUG --> UserData end:  a:0:{} 
2015-12-20 17:13:51 - DEBUG --> Archivo \components\com_jhotelreservation\classes\services\UserDataService.php 
2015-12-20 17:13:51 - DEBUG --> initializeUserData 
2015-12-20 17:13:51 - DEBUG --> UserData first: a:0:{} 
2015-12-20 17:13:51 - DEBUG --> UserData end:  a:0:{} 
2015-12-20 17:13:51 - DEBUG --> Archivo \components\com_jhotelreservation\classes\services\UserDataService.php 
2015-12-20 17:13:51 - DEBUG --> initializeReservationData 
2015-12-20 17:13:51 - DEBUG --> UserData: a:0:{} 
2015-12-20 17:13:51 - DEBUG --> Archivo \components\com_jhotelreservation\classes\services\UserDataService.php 
2015-12-20 17:13:51 - DEBUG --> updateUserData 
2015-12-20 17:13:51 - DEBUG --> Archivo \components\com_jhotelreservation\classes\services\UserDataService.php 
2015-12-20 17:13:51 - DEBUG --> getUserData 
2015-12-20 17:13:51 - DEBUG --> Archivo \components\com_jhotelreservation\classes\services\UserDataService.php 
2015-12-20 17:13:51 - DEBUG --> setCurrency 
2015-12-20 17:13:51 - DEBUG --> Archivo \components\com_jhotelreservation\classes\services\UserDataService.php 
2015-12-20 17:13:51 - DEBUG --> getUserData 
2015-12-20 17:13:51 - DEBUG --> Archivo \components\com_jhotelreservation\classes\services\UserDataService.php 
2015-12-20 17:13:51 - DEBUG --> getUserData 
2015-12-20 17:13:51 - DEBUG --> Archivo \components\com_jhotelreservation\classes\services\UserDataService.php 
2015-12-20 17:13:51 - DEBUG --> getUserData 
2015-12-20 17:13:51 - DEBUG --> Archivo \components\com_jhotelreservationiews\hotel	mpl\hoteloverview.php 
2015-12-20 17:13:51 - DEBUG --> Accedió 
2015-12-20 18:03:12 - DEBUG --> Archivo \components\com_jhotelreservation\classes\services\UserDataService.php 
2015-12-20 18:03:12 - DEBUG --> initializeUserData 
2015-12-20 18:03:12 - DEBUG --> UserData first: N; 
2015-12-20 18:03:12 - DEBUG --> Archivo \components\com_jhotelreservation\classes\services\UserDataService.php 
2015-12-20 18:03:12 - DEBUG --> createUserData 
2015-12-20 18:03:12 - DEBUG --> UserData end:  a:0:{} 
2015-12-20 18:03:12 - DEBUG --> Archivo \components\com_jhotelreservation\classes\services\UserDataService.php 
2015-12-20 18:03:12 - DEBUG --> initializeUserData 
2015-12-20 18:03:12 - DEBUG --> UserData first: a:0:{} 
2015-12-20 18:03:12 - DEBUG --> UserData end:  a:0:{} 
2015-12-20 18:03:12 - DEBUG --> Archivo \components\com_jhotelreservation\classes\services\UserDataService.php 
2015-12-20 18:03:12 - DEBUG --> initializeReservationData 
2015-12-20 18:03:12 - DEBUG --> UserData: a:0:{} 
2015-12-20 18:03:12 - DEBUG --> Archivo \components\com_jhotelreservation\classes\services\UserDataService.php 
2015-12-20 18:03:12 - DEBUG --> updateUserData 
2015-12-20 18:03:12 - DEBUG --> Archivo \components\com_jhotelreservation\classes\services\UserDataService.php 
2015-12-20 18:03:12 - DEBUG --> getUserData 
2015-12-20 18:03:12 - DEBUG --> Archivo \components\com_jhotelreservation\classes\services\UserDataService.php 
2015-12-20 18:03:12 - DEBUG --> setCurrency 
2015-12-20 18:03:12 - DEBUG --> Archivo \components\com_jhotelreservation\classes\services\UserDataService.php 
2015-12-20 18:03:12 - DEBUG --> getUserData 
2015-12-20 18:03:12 - DEBUG --> Archivo \components\com_jhotelreservation\classes\services\UserDataService.php 
2015-12-20 18:03:12 - DEBUG --> getUserData 
2015-12-20 18:03:12 - DEBUG --> Archivo \components\com_jhotelreservation\classes\services\UserDataService.php 
2015-12-20 18:03:12 - DEBUG --> getUserData 
2015-12-20 18:03:13 - DEBUG --> Archivo \components\com_jhotelreservation\classes\services\UserDataService.php 
2015-12-20 18:03:13 - DEBUG --> initializeUserData 
2015-12-20 18:03:13 - DEBUG --> UserData first: N; 
2015-12-20 18:03:13 - DEBUG --> Archivo \components\com_jhotelreservation\classes\services\UserDataService.php 
2015-12-20 18:03:13 - DEBUG --> createUserData 
2015-12-20 18:03:13 - DEBUG --> UserData end:  a:0:{} 
2015-12-20 18:03:13 - DEBUG --> Archivo \components\com_jhotelreservation\classes\services\UserDataService.php 
2015-12-20 18:03:13 - DEBUG --> initializeUserData 
2015-12-20 18:03:13 - DEBUG --> UserData first: a:0:{} 
2015-12-20 18:03:13 - DEBUG --> UserData end:  a:0:{} 
2015-12-20 18:03:13 - DEBUG --> Archivo \components\com_jhotelreservation\classes\services\UserDataService.php 
2015-12-20 18:03:13 - DEBUG --> initializeReservationData 
2015-12-20 18:03:13 - DEBUG --> UserData: a:0:{} 
2015-12-20 18:03:13 - DEBUG --> Archivo \components\com_jhotelreservation\classes\services\UserDataService.php 
2015-12-20 18:03:13 - DEBUG --> updateUserData 
2015-12-20 18:03:13 - DEBUG --> Archivo \components\com_jhotelreservation\classes\services\UserDataService.php 
2015-12-20 18:03:13 - DEBUG --> getUserData 
2015-12-20 18:03:13 - DEBUG --> Archivo \components\com_jhotelreservation\classes\services\UserDataService.php 
2015-12-20 18:03:13 - DEBUG --> setCurrency 
2015-12-20 18:03:13 - DEBUG --> Archivo \components\com_jhotelreservation\classes\services\UserDataService.php 
2015-12-20 18:03:13 - DEBUG --> getUserData 
2015-12-20 18:03:13 - DEBUG --> Archivo \components\com_jhotelreservation\classes\services\UserDataService.php 
2015-12-20 18:03:13 - DEBUG --> getUserData 
2015-12-20 18:03:13 - DEBUG --> Archivo \components\com_jhotelreservation\classes\services\UserDataService.php 
2015-12-20 18:03:13 - DEBUG --> getUserData 
2015-12-20 18:03:13 - DEBUG --> Archivo \components\com_jhotelreservationiews\hotel	mpl\hoteloverview.php 
2015-12-20 18:03:13 - DEBUG --> Accedió 
2015-12-20 18:03:13 - DEBUG --> Archivo \components\com_jhotelreservation\classes\services\UserDataService.php 
2015-12-20 18:03:13 - DEBUG --> initializeUserData 
2015-12-20 18:03:13 - DEBUG --> UserData first: N; 
2015-12-20 18:03:13 - DEBUG --> Archivo \components\com_jhotelreservation\classes\services\UserDataService.php 
2015-12-20 18:03:13 - DEBUG --> createUserData 
2015-12-20 18:03:13 - DEBUG --> UserData end:  a:0:{} 
2015-12-20 18:03:13 - DEBUG --> Archivo \components\com_jhotelreservation\classes\services\UserDataService.php 
2015-12-20 18:03:13 - DEBUG --> initializeUserData 
2015-12-20 18:03:13 - DEBUG --> UserData first: a:0:{} 
2015-12-20 18:03:13 - DEBUG --> UserData end:  a:0:{} 
2015-12-20 18:03:13 - DEBUG --> Archivo \components\com_jhotelreservation\classes\services\UserDataService.php 
2015-12-20 18:03:13 - DEBUG --> initializeReservationData 
2015-12-20 18:03:13 - DEBUG --> UserData: a:0:{} 
2015-12-20 18:03:13 - DEBUG --> Archivo \components\com_jhotelreservation\classes\services\UserDataService.php 
2015-12-20 18:03:13 - DEBUG --> updateUserData 
2015-12-20 18:03:13 - DEBUG --> Archivo \components\com_jhotelreservation\classes\services\UserDataService.php 
2015-12-20 18:03:13 - DEBUG --> getUserData 
2015-12-20 18:03:13 - DEBUG --> Archivo \components\com_jhotelreservation\classes\services\UserDataService.php 
2015-12-20 18:03:13 - DEBUG --> setCurrency 
2015-12-20 18:03:13 - DEBUG --> Archivo \components\com_jhotelreservation\classes\services\UserDataService.php 
2015-12-20 18:03:13 - DEBUG --> getUserData 
2015-12-20 18:03:13 - DEBUG --> Archivo \components\com_jhotelreservation\classes\services\UserDataService.php 
2015-12-20 18:03:13 - DEBUG --> getUserData 
2015-12-20 18:03:13 - DEBUG --> Archivo \components\com_jhotelreservation\classes\services\UserDataService.php 
2015-12-20 18:03:13 - DEBUG --> getUserData 
2015-12-20 20:31:24 - DEBUG --> Archivo \components\com_jhotelreservation\classes\services\UserDataService.php 
2015-12-20 20:31:24 - DEBUG --> initializeUserData 
2015-12-20 20:31:24 - DEBUG --> UserData first: N; 
2015-12-20 20:31:24 - DEBUG --> Archivo \components\com_jhotelreservation\classes\services\UserDataService.php 
2015-12-20 20:31:24 - DEBUG --> createUserData 
2015-12-20 20:31:24 - DEBUG --> UserData end:  a:0:{} 
2015-12-20 20:31:24 - DEBUG --> Archivo \components\com_jhotelreservation\classes\services\UserDataService.php 
2015-12-20 20:31:24 - DEBUG --> initializeUserData 
2015-12-20 20:31:24 - DEBUG --> UserData first: a:0:{} 
2015-12-20 20:31:24 - DEBUG --> UserData end:  a:0:{} 
2015-12-20 20:31:24 - DEBUG --> Archivo \components\com_jhotelreservation\classes\services\UserDataService.php 
2015-12-20 20:31:24 - DEBUG --> initializeReservationData 
2015-12-20 20:31:24 - DEBUG --> UserData: a:0:{} 
2015-12-20 20:31:24 - DEBUG --> Archivo \components\com_jhotelreservation\classes\services\UserDataService.php 
2015-12-20 20:31:24 - DEBUG --> updateUserData 
2015-12-20 20:31:24 - DEBUG --> Archivo \components\com_jhotelreservation\classes\services\UserDataService.php 
2015-12-20 20:31:24 - DEBUG --> getUserData 
2015-12-20 20:31:24 - DEBUG --> Archivo \components\com_jhotelreservation\classes\services\UserDataService.php 
2015-12-20 20:31:24 - DEBUG --> setCurrency 
2015-12-20 20:31:24 - DEBUG --> Archivo \components\com_jhotelreservation\classes\services\UserDataService.php 
2015-12-20 20:31:24 - DEBUG --> getUserData 
2015-12-20 20:31:24 - DEBUG --> Archivo \components\com_jhotelreservation\classes\services\UserDataService.php 
2015-12-20 20:31:24 - DEBUG --> getUserData 
2015-12-20 20:31:24 - DEBUG --> Archivo \components\com_jhotelreservation\classes\services\UserDataService.php 
2015-12-20 20:31:24 - DEBUG --> getUserData 
2015-12-20 20:31:24 - DEBUG --> Archivo \components\com_jhotelreservationiews\hotel	mpl\hoteloverview.php 
2015-12-20 20:31:24 - DEBUG --> Accedió 
2015-12-20 21:30:59 - DEBUG --> Archivo \components\com_jhotelreservation\classes\services\UserDataService.php 
2015-12-20 21:30:59 - DEBUG --> initializeUserData 
2015-12-20 21:30:59 - DEBUG --> UserData first: N; 
2015-12-20 21:30:59 - DEBUG --> Archivo \components\com_jhotelreservation\classes\services\UserDataService.php 
2015-12-20 21:30:59 - DEBUG --> createUserData 
2015-12-20 21:30:59 - DEBUG --> UserData end:  a:0:{} 
2015-12-20 21:30:59 - DEBUG --> Archivo \components\com_jhotelreservation\classes\services\UserDataService.php 
2015-12-20 21:30:59 - DEBUG --> initializeUserData 
2015-12-20 21:30:59 - DEBUG --> UserData first: a:0:{} 
2015-12-20 21:30:59 - DEBUG --> UserData end:  a:0:{} 
2015-12-20 21:30:59 - DEBUG --> Archivo \components\com_jhotelreservation\classes\services\UserDataService.php 
2015-12-20 21:30:59 - DEBUG --> initializeReservationData 
2015-12-20 21:30:59 - DEBUG --> UserData: a:0:{} 
2015-12-20 21:30:59 - DEBUG --> Archivo \components\com_jhotelreservation\classes\services\UserDataService.php 
2015-12-20 21:30:59 - DEBUG --> updateUserData 
2015-12-20 21:30:59 - DEBUG --> Archivo \components\com_jhotelreservation\classes\services\UserDataService.php 
2015-12-20 21:30:59 - DEBUG --> getUserData 
2015-12-20 21:30:59 - DEBUG --> Archivo \components\com_jhotelreservation\classes\services\UserDataService.php 
2015-12-20 21:30:59 - DEBUG --> setCurrency 
2015-12-20 21:30:59 - DEBUG --> Archivo \components\com_jhotelreservation\classes\services\UserDataService.php 
2015-12-20 21:30:59 - DEBUG --> getUserData 
2015-12-20 21:30:59 - DEBUG --> Archivo \components\com_jhotelreservation\classes\services\UserDataService.php 
2015-12-20 21:30:59 - DEBUG --> getUserData 
2015-12-20 21:30:59 - DEBUG --> Archivo \components\com_jhotelreservation\classes\services\UserDataService.php 
2015-12-20 21:30:59 - DEBUG --> getUserData 
2015-12-20 21:30:59 - DEBUG --> Archivo \components\com_jhotelreservationiews\hotel	mpl\hoteloverview.php 
2015-12-20 21:30:59 - DEBUG --> Accedió 
2015-12-20 23:25:22 - DEBUG --> Archivo \components\com_jhotelreservation\classes\services\UserDataService.php 
2015-12-20 23:25:22 - DEBUG --> initializeUserData 
2015-12-20 23:25:22 - DEBUG --> UserData first: N; 
2015-12-20 23:25:22 - DEBUG --> Archivo \components\com_jhotelreservation\classes\services\UserDataService.php 
2015-12-20 23:25:22 - DEBUG --> createUserData 
2015-12-20 23:25:22 - DEBUG --> UserData end:  a:0:{} 
