2016-02-07 2:01:33 - DEBUG --> Archivo \components\com_jhotelreservation\classes\services\UserDataService.php 
2016-02-07 2:01:33 - DEBUG --> initializeUserData 
2016-02-07 2:01:33 - DEBUG --> UserData first: N; 
2016-02-07 2:01:33 - DEBUG --> Archivo \components\com_jhotelreservation\classes\services\UserDataService.php 
2016-02-07 2:01:33 - DEBUG --> createUserData 
2016-02-07 2:01:33 - DEBUG --> UserData end:  a:0:{} 
2016-02-07 2:01:33 - DEBUG --> Archivo \components\com_jhotelreservation\classes\services\UserDataService.php 
2016-02-07 2:01:33 - DEBUG --> initializeUserData 
2016-02-07 2:01:33 - DEBUG --> UserData first: a:0:{} 
2016-02-07 2:01:33 - DEBUG --> UserData end:  a:0:{} 
2016-02-07 2:01:33 - DEBUG --> Archivo \components\com_jhotelreservation\classes\services\UserDataService.php 
2016-02-07 2:01:33 - DEBUG --> initializeReservationData 
2016-02-07 2:01:33 - DEBUG --> UserData: a:0:{} 
2016-02-07 2:01:33 - DEBUG --> Archivo \components\com_jhotelreservation\classes\services\UserDataService.php 
2016-02-07 2:01:33 - DEBUG --> updateUserData 
2016-02-07 2:01:33 - DEBUG --> Archivo \components\com_jhotelreservation\classes\services\UserDataService.php 
2016-02-07 2:01:33 - DEBUG --> getUserData 
2016-02-07 2:01:33 - DEBUG --> Archivo \components\com_jhotelreservation\classes\services\UserDataService.php 
2016-02-07 2:01:33 - DEBUG --> setCurrency 
2016-02-07 2:01:33 - DEBUG --> Archivo \components\com_jhotelreservation\classes\services\UserDataService.php 
2016-02-07 2:01:33 - DEBUG --> getUserData 
2016-02-07 2:01:33 - DEBUG --> Archivo \components\com_jhotelreservation\classes\services\UserDataService.php 
2016-02-07 2:01:33 - DEBUG --> getUserData 
2016-02-07 2:01:33 - DEBUG --> Archivo \components\com_jhotelreservation\classes\services\UserDataService.php 
2016-02-07 2:01:33 - DEBUG --> getUserData 
2016-02-07 2:01:33 - DEBUG --> Archivo \components\com_jhotelreservationiews\hotel	mpl\hoteloverview.php 
2016-02-07 2:01:33 - DEBUG --> Accedió 
2016-02-07 5:16:53 - DEBUG --> Archivo \components\com_jhotelreservation\classes\services\UserDataService.php 
2016-02-07 5:16:53 - DEBUG --> initializeUserData 
2016-02-07 5:16:53 - DEBUG --> UserData first: N; 
2016-02-07 5:16:53 - DEBUG --> Archivo \components\com_jhotelreservation\classes\services\UserDataService.php 
2016-02-07 5:16:53 - DEBUG --> createUserData 
2016-02-07 5:16:53 - DEBUG --> UserData end:  a:0:{} 
2016-02-07 5:16:53 - DEBUG --> Archivo \components\com_jhotelreservation\classes\services\UserDataService.php 
2016-02-07 5:16:53 - DEBUG --> initializeUserData 
2016-02-07 5:16:53 - DEBUG --> UserData first: a:0:{} 
2016-02-07 5:16:53 - DEBUG --> UserData end:  a:0:{} 
2016-02-07 5:16:53 - DEBUG --> Archivo \components\com_jhotelreservation\classes\services\UserDataService.php 
2016-02-07 5:16:53 - DEBUG --> initializeReservationData 
2016-02-07 5:16:53 - DEBUG --> UserData: a:0:{} 
2016-02-07 5:16:53 - DEBUG --> Archivo \components\com_jhotelreservation\classes\services\UserDataService.php 
2016-02-07 5:16:53 - DEBUG --> updateUserData 
2016-02-07 5:16:53 - DEBUG --> Archivo \components\com_jhotelreservation\classes\services\UserDataService.php 
2016-02-07 5:16:53 - DEBUG --> getUserData 
2016-02-07 5:16:53 - DEBUG --> Archivo \components\com_jhotelreservation\classes\services\UserDataService.php 
2016-02-07 5:16:53 - DEBUG --> setCurrency 
2016-02-07 5:16:53 - DEBUG --> Archivo \components\com_jhotelreservation\classes\services\UserDataService.php 
2016-02-07 5:16:53 - DEBUG --> getUserData 
2016-02-07 5:16:53 - DEBUG --> Archivo \components\com_jhotelreservation\classes\services\UserDataService.php 
2016-02-07 5:16:53 - DEBUG --> getUserData 
2016-02-07 5:16:53 - DEBUG --> Archivo \components\com_jhotelreservation\classes\services\UserDataService.php 
2016-02-07 5:16:53 - DEBUG --> getUserData 
2016-02-07 5:16:53 - DEBUG --> Archivo \components\com_jhotelreservationiews\hotel	mpl\hoteloverview.php 
2016-02-07 5:16:53 - DEBUG --> Accedió 
2016-02-07 5:59:53 - DEBUG --> Archivo \components\com_jhotelreservation\classes\services\UserDataService.php 
2016-02-07 5:59:53 - DEBUG --> initializeUserData 
2016-02-07 5:59:53 - DEBUG --> UserData first: N; 
2016-02-07 5:59:53 - DEBUG --> Archivo \components\com_jhotelreservation\classes\services\UserDataService.php 
2016-02-07 5:59:53 - DEBUG --> createUserData 
2016-02-07 5:59:53 - DEBUG --> UserData end:  a:0:{} 
2016-02-07 5:59:53 - DEBUG --> Archivo \components\com_jhotelreservation\classes\services\UserDataService.php 
2016-02-07 5:59:53 - DEBUG --> initializeUserData 
2016-02-07 5:59:53 - DEBUG --> UserData first: a:0:{} 
2016-02-07 5:59:53 - DEBUG --> UserData end:  a:0:{} 
2016-02-07 5:59:53 - DEBUG --> Archivo \components\com_jhotelreservation\classes\services\UserDataService.php 
2016-02-07 5:59:53 - DEBUG --> initializeReservationData 
2016-02-07 5:59:53 - DEBUG --> UserData: a:0:{} 
2016-02-07 5:59:53 - DEBUG --> Archivo \components\com_jhotelreservation\classes\services\UserDataService.php 
2016-02-07 5:59:53 - DEBUG --> updateUserData 
2016-02-07 5:59:53 - DEBUG --> Archivo \components\com_jhotelreservation\classes\services\UserDataService.php 
2016-02-07 5:59:53 - DEBUG --> getUserData 
2016-02-07 5:59:53 - DEBUG --> Archivo \components\com_jhotelreservation\classes\services\UserDataService.php 
2016-02-07 5:59:53 - DEBUG --> setCurrency 
2016-02-07 5:59:53 - DEBUG --> Archivo \components\com_jhotelreservation\classes\services\UserDataService.php 
2016-02-07 5:59:53 - DEBUG --> getUserData 
2016-02-07 5:59:53 - DEBUG --> Archivo \components\com_jhotelreservation\classes\services\UserDataService.php 
2016-02-07 5:59:53 - DEBUG --> getUserData 
2016-02-07 5:59:53 - DEBUG --> Archivo \components\com_jhotelreservation\classes\services\UserDataService.php 
2016-02-07 5:59:53 - DEBUG --> getUserData 
2016-02-07 5:59:53 - DEBUG --> Archivo \components\com_jhotelreservationiews\hotel	mpl\hoteloverview.php 
2016-02-07 5:59:53 - DEBUG --> Accedió 
2016-02-07 10:48:07 - DEBUG --> Archivo \components\com_jhotelreservation\classes\services\UserDataService.php 
2016-02-07 10:48:07 - DEBUG --> initializeUserData 
2016-02-07 10:48:07 - DEBUG --> UserData first: N; 
2016-02-07 10:48:07 - DEBUG --> Archivo \components\com_jhotelreservation\classes\services\UserDataService.php 
2016-02-07 10:48:07 - DEBUG --> createUserData 
2016-02-07 10:48:07 - DEBUG --> UserData end:  a:0:{} 
2016-02-07 10:48:07 - DEBUG --> Archivo \components\com_jhotelreservation\classes\services\UserDataService.php 
2016-02-07 10:48:07 - DEBUG --> initializeUserData 
2016-02-07 10:48:07 - DEBUG --> UserData first: a:0:{} 
2016-02-07 10:48:07 - DEBUG --> UserData end:  a:0:{} 
2016-02-07 10:48:07 - DEBUG --> Archivo \components\com_jhotelreservation\classes\services\UserDataService.php 
2016-02-07 10:48:07 - DEBUG --> initializeReservationData 
2016-02-07 10:48:07 - DEBUG --> UserData: a:0:{} 
2016-02-07 10:48:07 - DEBUG --> Archivo \components\com_jhotelreservation\classes\services\UserDataService.php 
2016-02-07 10:48:07 - DEBUG --> updateUserData 
2016-02-07 10:48:07 - DEBUG --> Archivo \components\com_jhotelreservation\classes\services\UserDataService.php 
2016-02-07 10:48:07 - DEBUG --> getUserData 
2016-02-07 10:48:07 - DEBUG --> Archivo \components\com_jhotelreservation\classes\services\UserDataService.php 
2016-02-07 10:48:07 - DEBUG --> setCurrency 
2016-02-07 10:48:07 - DEBUG --> Archivo \components\com_jhotelreservation\classes\services\UserDataService.php 
2016-02-07 10:48:07 - DEBUG --> getUserData 
2016-02-07 10:48:07 - DEBUG --> Archivo \components\com_jhotelreservation\classes\services\UserDataService.php 
2016-02-07 10:48:07 - DEBUG --> getUserData 
2016-02-07 10:48:07 - DEBUG --> Archivo \components\com_jhotelreservation\classes\services\UserDataService.php 
2016-02-07 10:48:07 - DEBUG --> getUserData 
2016-02-07 10:48:07 - DEBUG --> Archivo \components\com_jhotelreservationiews\hotel	mpl\hoteloverview.php 
2016-02-07 10:48:07 - DEBUG --> Accedió 
2016-02-07 10:48:08 - DEBUG --> Archivo \components\com_jhotelreservation\classes\services\UserDataService.php 
2016-02-07 10:48:08 - DEBUG --> initializeUserData 
2016-02-07 10:48:08 - DEBUG --> UserData first: N; 
2016-02-07 10:48:08 - DEBUG --> Archivo \components\com_jhotelreservation\classes\services\UserDataService.php 
2016-02-07 10:48:08 - DEBUG --> createUserData 
2016-02-07 10:48:08 - DEBUG --> UserData end:  a:0:{} 
2016-02-07 10:48:08 - DEBUG --> Archivo \components\com_jhotelreservation\classes\services\UserDataService.php 
2016-02-07 10:48:08 - DEBUG --> initializeUserData 
2016-02-07 10:48:08 - DEBUG --> UserData first: a:0:{} 
2016-02-07 10:48:08 - DEBUG --> UserData end:  a:0:{} 
2016-02-07 10:48:08 - DEBUG --> Archivo \components\com_jhotelreservation\classes\services\UserDataService.php 
2016-02-07 10:48:08 - DEBUG --> initializeReservationData 
2016-02-07 10:48:08 - DEBUG --> UserData: a:0:{} 
2016-02-07 10:48:08 - DEBUG --> Archivo \components\com_jhotelreservation\classes\services\UserDataService.php 
2016-02-07 10:48:08 - DEBUG --> updateUserData 
2016-02-07 10:48:08 - DEBUG --> Archivo \components\com_jhotelreservation\classes\services\UserDataService.php 
2016-02-07 10:48:08 - DEBUG --> getUserData 
2016-02-07 10:48:08 - DEBUG --> Archivo \components\com_jhotelreservation\classes\services\UserDataService.php 
2016-02-07 10:48:08 - DEBUG --> setCurrency 
2016-02-07 10:48:08 - DEBUG --> Archivo \components\com_jhotelreservation\classes\services\UserDataService.php 
2016-02-07 10:48:08 - DEBUG --> getUserData 
2016-02-07 10:48:08 - DEBUG --> Archivo \components\com_jhotelreservation\classes\services\UserDataService.php 
2016-02-07 10:48:08 - DEBUG --> getUserData 
2016-02-07 10:48:08 - DEBUG --> Archivo \components\com_jhotelreservation\classes\services\UserDataService.php 
2016-02-07 10:48:08 - DEBUG --> getUserData 
2016-02-07 10:48:08 - DEBUG --> Archivo \components\com_jhotelreservationiews\hotel	mpl\hoteloverview.php 
2016-02-07 10:48:08 - DEBUG --> Accedió 
2016-02-07 10:48:08 - DEBUG --> Archivo \components\com_jhotelreservation\classes\services\UserDataService.php 
2016-02-07 10:48:08 - DEBUG --> initializeUserData 
2016-02-07 10:48:08 - DEBUG --> UserData first: N; 
2016-02-07 10:48:08 - DEBUG --> Archivo \components\com_jhotelreservation\classes\services\UserDataService.php 
2016-02-07 10:48:08 - DEBUG --> createUserData 
2016-02-07 10:48:08 - DEBUG --> UserData end:  a:0:{} 
2016-02-07 10:48:08 - DEBUG --> Archivo \components\com_jhotelreservation\classes\services\UserDataService.php 
2016-02-07 10:48:08 - DEBUG --> initializeUserData 
2016-02-07 10:48:08 - DEBUG --> UserData first: a:0:{} 
2016-02-07 10:48:08 - DEBUG --> UserData end:  a:0:{} 
2016-02-07 10:48:08 - DEBUG --> Archivo \components\com_jhotelreservation\classes\services\UserDataService.php 
2016-02-07 10:48:08 - DEBUG --> initializeReservationData 
2016-02-07 10:48:08 - DEBUG --> UserData: a:0:{} 
2016-02-07 10:48:08 - DEBUG --> Archivo \components\com_jhotelreservation\classes\services\UserDataService.php 
2016-02-07 10:48:08 - DEBUG --> updateUserData 
2016-02-07 10:48:08 - DEBUG --> Archivo \components\com_jhotelreservation\classes\services\UserDataService.php 
2016-02-07 10:48:08 - DEBUG --> getUserData 
2016-02-07 10:48:08 - DEBUG --> Archivo \components\com_jhotelreservation\classes\services\UserDataService.php 
2016-02-07 10:48:08 - DEBUG --> setCurrency 
2016-02-07 10:48:08 - DEBUG --> Archivo \components\com_jhotelreservation\classes\services\UserDataService.php 
2016-02-07 10:48:08 - DEBUG --> getUserData 
2016-02-07 10:48:08 - DEBUG --> Archivo \components\com_jhotelreservation\classes\services\UserDataService.php 
2016-02-07 10:48:08 - DEBUG --> getUserData 
2016-02-07 10:48:08 - DEBUG --> Archivo \components\com_jhotelreservation\classes\services\UserDataService.php 
2016-02-07 10:48:08 - DEBUG --> getUserData 
2016-02-07 10:48:09 - DEBUG --> Archivo \components\com_jhotelreservation\classes\services\UserDataService.php 
2016-02-07 10:48:09 - DEBUG --> initializeUserData 
2016-02-07 10:48:09 - DEBUG --> UserData first: N; 
2016-02-07 10:48:09 - DEBUG --> Archivo \components\com_jhotelreservation\classes\services\UserDataService.php 
2016-02-07 10:48:09 - DEBUG --> createUserData 
2016-02-07 10:48:09 - DEBUG --> UserData end:  a:0:{} 
2016-02-07 10:48:09 - DEBUG --> Archivo \components\com_jhotelreservation\classes\services\UserDataService.php 
2016-02-07 10:48:09 - DEBUG --> initializeUserData 
2016-02-07 10:48:09 - DEBUG --> UserData first: a:0:{} 
2016-02-07 10:48:09 - DEBUG --> UserData end:  a:0:{} 
2016-02-07 10:48:09 - DEBUG --> Archivo \components\com_jhotelreservation\classes\services\UserDataService.php 
2016-02-07 10:48:09 - DEBUG --> initializeReservationData 
2016-02-07 10:48:09 - DEBUG --> UserData: a:0:{} 
2016-02-07 10:48:09 - DEBUG --> Archivo \components\com_jhotelreservation\classes\services\UserDataService.php 
2016-02-07 10:48:09 - DEBUG --> updateUserData 
2016-02-07 10:48:09 - DEBUG --> Archivo \components\com_jhotelreservation\classes\services\UserDataService.php 
2016-02-07 10:48:09 - DEBUG --> getUserData 
2016-02-07 10:48:09 - DEBUG --> Archivo \components\com_jhotelreservation\classes\services\UserDataService.php 
2016-02-07 10:48:09 - DEBUG --> setCurrency 
2016-02-07 10:48:09 - DEBUG --> Archivo \components\com_jhotelreservation\classes\services\UserDataService.php 
2016-02-07 10:48:09 - DEBUG --> getUserData 
2016-02-07 10:48:09 - DEBUG --> Archivo \components\com_jhotelreservation\classes\services\UserDataService.php 
2016-02-07 10:48:09 - DEBUG --> getUserData 
2016-02-07 10:48:09 - DEBUG --> Archivo \components\com_jhotelreservation\classes\services\UserDataService.php 
2016-02-07 10:48:09 - DEBUG --> getUserData 
2016-02-07 10:48:09 - DEBUG --> Archivo \components\com_jhotelreservationiews\hotel	mpl\hoteloverview.php 
2016-02-07 10:48:09 - DEBUG --> Accedió 
2016-02-07 10:48:17 - DEBUG --> Archivo \components\com_jhotelreservation\classes\services\UserDataService.php 
2016-02-07 10:48:17 - DEBUG --> initializeUserData 
2016-02-07 10:48:17 - DEBUG --> UserData first: N; 
2016-02-07 10:48:17 - DEBUG --> Archivo \components\com_jhotelreservation\classes\services\UserDataService.php 
2016-02-07 10:48:17 - DEBUG --> createUserData 
2016-02-07 10:48:17 - DEBUG --> UserData end:  a:0:{} 
2016-02-07 10:48:17 - DEBUG --> Archivo \components\com_jhotelreservation\classes\services\UserDataService.php 
2016-02-07 10:48:17 - DEBUG --> initializeUserData 
2016-02-07 10:48:17 - DEBUG --> UserData first: a:0:{} 
2016-02-07 10:48:17 - DEBUG --> UserData end:  a:0:{} 
2016-02-07 10:48:17 - DEBUG --> Archivo \components\com_jhotelreservation\classes\services\UserDataService.php 
2016-02-07 10:48:17 - DEBUG --> initializeReservationData 
2016-02-07 10:48:17 - DEBUG --> UserData: a:0:{} 
2016-02-07 10:48:17 - DEBUG --> Archivo \components\com_jhotelreservation\classes\services\UserDataService.php 
2016-02-07 10:48:17 - DEBUG --> updateUserData 
2016-02-07 10:48:17 - DEBUG --> Archivo \components\com_jhotelreservation\classes\services\UserDataService.php 
2016-02-07 10:48:17 - DEBUG --> getUserData 
2016-02-07 10:48:17 - DEBUG --> Archivo \components\com_jhotelreservation\classes\services\UserDataService.php 
2016-02-07 10:48:17 - DEBUG --> setCurrency 
2016-02-07 10:48:17 - DEBUG --> Archivo \components\com_jhotelreservation\classes\services\UserDataService.php 
2016-02-07 10:48:17 - DEBUG --> getUserData 
2016-02-07 10:48:17 - DEBUG --> Archivo \components\com_jhotelreservation\classes\services\UserDataService.php 
2016-02-07 10:48:17 - DEBUG --> getUserData 
2016-02-07 10:48:17 - DEBUG --> Archivo \components\com_jhotelreservation\classes\services\UserDataService.php 
2016-02-07 10:48:17 - DEBUG --> getUserData 
2016-02-07 10:48:17 - DEBUG --> Archivo \components\com_jhotelreservation\classes\services\UserDataService.php 
2016-02-07 10:48:17 - DEBUG --> initializeUserData 
2016-02-07 10:48:17 - DEBUG --> UserData first: N; 
2016-02-07 10:48:17 - DEBUG --> Archivo \components\com_jhotelreservation\classes\services\UserDataService.php 
2016-02-07 10:48:17 - DEBUG --> createUserData 
2016-02-07 10:48:17 - DEBUG --> UserData end:  a:0:{} 
2016-02-07 10:48:17 - DEBUG --> Archivo \components\com_jhotelreservation\classes\services\UserDataService.php 
2016-02-07 10:48:17 - DEBUG --> initializeUserData 
2016-02-07 10:48:17 - DEBUG --> UserData first: a:0:{} 
2016-02-07 10:48:17 - DEBUG --> UserData end:  a:0:{} 
2016-02-07 10:48:17 - DEBUG --> Archivo \components\com_jhotelreservation\classes\services\UserDataService.php 
2016-02-07 10:48:17 - DEBUG --> initializeReservationData 
2016-02-07 10:48:17 - DEBUG --> UserData: a:0:{} 
2016-02-07 10:48:17 - DEBUG --> Archivo \components\com_jhotelreservation\classes\services\UserDataService.php 
2016-02-07 10:48:17 - DEBUG --> updateUserData 
2016-02-07 10:48:17 - DEBUG --> Archivo \components\com_jhotelreservation\classes\services\UserDataService.php 
2016-02-07 10:48:17 - DEBUG --> getUserData 
2016-02-07 10:48:17 - DEBUG --> Archivo \components\com_jhotelreservation\classes\services\UserDataService.php 
2016-02-07 10:48:17 - DEBUG --> setCurrency 
2016-02-07 10:48:17 - DEBUG --> Archivo \components\com_jhotelreservation\classes\services\UserDataService.php 
2016-02-07 10:48:17 - DEBUG --> getUserData 
2016-02-07 10:48:17 - DEBUG --> Archivo \components\com_jhotelreservation\classes\services\UserDataService.php 
2016-02-07 10:48:17 - DEBUG --> getUserData 
2016-02-07 10:48:17 - DEBUG --> Archivo \components\com_jhotelreservation\classes\services\UserDataService.php 
2016-02-07 10:48:17 - DEBUG --> getUserData 
2016-02-07 10:48:34 - DEBUG --> Archivo \components\com_jhotelreservation\classes\services\UserDataService.php 
2016-02-07 10:48:34 - DEBUG --> initializeUserData 
2016-02-07 10:48:34 - DEBUG --> UserData first: N; 
2016-02-07 10:48:34 - DEBUG --> Archivo \components\com_jhotelreservation\classes\services\UserDataService.php 
2016-02-07 10:48:34 - DEBUG --> createUserData 
2016-02-07 10:48:34 - DEBUG --> UserData end:  a:0:{} 
2016-02-07 10:48:34 - DEBUG --> Archivo \components\com_jhotelreservation\classes\services\UserDataService.php 
2016-02-07 10:48:34 - DEBUG --> initializeUserData 
2016-02-07 10:48:34 - DEBUG --> UserData first: a:0:{} 
2016-02-07 10:48:34 - DEBUG --> UserData end:  a:0:{} 
2016-02-07 10:48:34 - DEBUG --> Archivo \components\com_jhotelreservation\classes\services\UserDataService.php 
2016-02-07 10:48:34 - DEBUG --> initializeReservationData 
2016-02-07 10:48:34 - DEBUG --> UserData: a:0:{} 
2016-02-07 10:48:34 - DEBUG --> Archivo \components\com_jhotelreservation\classes\services\UserDataService.php 
2016-02-07 10:48:34 - DEBUG --> updateUserData 
2016-02-07 10:48:34 - DEBUG --> Archivo \components\com_jhotelreservation\classes\services\UserDataService.php 
2016-02-07 10:48:34 - DEBUG --> getUserData 
2016-02-07 10:48:34 - DEBUG --> Archivo \components\com_jhotelreservation\classes\services\UserDataService.php 
2016-02-07 10:48:34 - DEBUG --> setCurrency 
2016-02-07 10:48:34 - DEBUG --> Archivo \components\com_jhotelreservation\classes\services\UserDataService.php 
2016-02-07 10:48:34 - DEBUG --> getUserData 
2016-02-07 10:48:34 - DEBUG --> Archivo \components\com_jhotelreservation\classes\services\UserDataService.php 
2016-02-07 10:48:34 - DEBUG --> getUserData 
2016-02-07 10:48:34 - DEBUG --> Archivo \components\com_jhotelreservation\classes\services\UserDataService.php 
2016-02-07 10:48:34 - DEBUG --> getUserData 
2016-02-07 10:48:34 - DEBUG --> Archivo \components\com_jhotelreservationiews\hotel	mpl\hoteloverview.php 
2016-02-07 10:48:34 - DEBUG --> Accedió 
2016-02-07 13:51:26 - DEBUG --> Archivo \components\com_jhotelreservation\classes\services\UserDataService.php 
2016-02-07 13:51:26 - DEBUG --> initializeUserData 
2016-02-07 13:51:26 - DEBUG --> UserData first: N; 
2016-02-07 13:51:26 - DEBUG --> Archivo \components\com_jhotelreservation\classes\services\UserDataService.php 
2016-02-07 13:51:26 - DEBUG --> createUserData 
2016-02-07 13:51:26 - DEBUG --> UserData end:  a:0:{} 
2016-02-07 13:51:26 - DEBUG --> Archivo \components\com_jhotelreservation\classes\services\UserDataService.php 
2016-02-07 13:51:26 - DEBUG --> initializeUserData 
2016-02-07 13:51:26 - DEBUG --> UserData first: a:0:{} 
2016-02-07 13:51:26 - DEBUG --> UserData end:  a:0:{} 
2016-02-07 13:51:26 - DEBUG --> Archivo \components\com_jhotelreservation\classes\services\UserDataService.php 
2016-02-07 13:51:26 - DEBUG --> initializeReservationData 
2016-02-07 13:51:26 - DEBUG --> UserData: a:0:{} 
2016-02-07 13:51:26 - DEBUG --> Archivo \components\com_jhotelreservation\classes\services\UserDataService.php 
2016-02-07 13:51:26 - DEBUG --> updateUserData 
2016-02-07 13:51:26 - DEBUG --> Archivo \components\com_jhotelreservation\classes\services\UserDataService.php 
2016-02-07 13:51:26 - DEBUG --> getUserData 
2016-02-07 13:51:26 - DEBUG --> Archivo \components\com_jhotelreservation\classes\services\UserDataService.php 
2016-02-07 13:51:26 - DEBUG --> setCurrency 
2016-02-07 13:51:26 - DEBUG --> Archivo \components\com_jhotelreservation\classes\services\UserDataService.php 
2016-02-07 13:51:26 - DEBUG --> getUserData 
2016-02-07 13:51:26 - DEBUG --> Archivo \components\com_jhotelreservation\classes\services\UserDataService.php 
2016-02-07 13:51:26 - DEBUG --> getUserData 
2016-02-07 13:51:26 - DEBUG --> Archivo \components\com_jhotelreservation\classes\services\UserDataService.php 
2016-02-07 13:51:26 - DEBUG --> getUserData 
2016-02-07 13:51:26 - DEBUG --> Archivo \components\com_jhotelreservation\classes\services\UserDataService.php 
2016-02-07 13:51:26 - DEBUG --> initializeUserData 
2016-02-07 13:51:26 - DEBUG --> UserData first: N; 
2016-02-07 13:51:26 - DEBUG --> Archivo \components\com_jhotelreservation\classes\services\UserDataService.php 
2016-02-07 13:51:26 - DEBUG --> createUserData 
2016-02-07 13:51:26 - DEBUG --> UserData end:  a:0:{} 
2016-02-07 13:51:26 - DEBUG --> Archivo \components\com_jhotelreservation\classes\services\UserDataService.php 
2016-02-07 13:51:26 - DEBUG --> initializeUserData 
2016-02-07 13:51:26 - DEBUG --> UserData first: a:0:{} 
2016-02-07 13:51:26 - DEBUG --> UserData end:  a:0:{} 
2016-02-07 13:51:26 - DEBUG --> Archivo \components\com_jhotelreservation\classes\services\UserDataService.php 
2016-02-07 13:51:26 - DEBUG --> initializeReservationData 
2016-02-07 13:51:26 - DEBUG --> UserData: a:0:{} 
2016-02-07 13:51:26 - DEBUG --> Archivo \components\com_jhotelreservation\classes\services\UserDataService.php 
2016-02-07 13:51:26 - DEBUG --> updateUserData 
2016-02-07 13:51:26 - DEBUG --> Archivo \components\com_jhotelreservation\classes\services\UserDataService.php 
2016-02-07 13:51:26 - DEBUG --> getUserData 
2016-02-07 13:51:26 - DEBUG --> Archivo \components\com_jhotelreservation\classes\services\UserDataService.php 
2016-02-07 13:51:26 - DEBUG --> setCurrency 
2016-02-07 13:51:26 - DEBUG --> Archivo \components\com_jhotelreservation\classes\services\UserDataService.php 
2016-02-07 13:51:26 - DEBUG --> getUserData 
2016-02-07 13:51:27 - DEBUG --> Archivo \components\com_jhotelreservation\classes\services\UserDataService.php 
2016-02-07 13:51:27 - DEBUG --> getUserData 
2016-02-07 13:51:27 - DEBUG --> Archivo \components\com_jhotelreservation\classes\services\UserDataService.php 
2016-02-07 13:51:27 - DEBUG --> getUserData 
2016-02-07 13:51:32 - DEBUG --> Archivo \components\com_jhotelreservation\classes\services\UserDataService.php 
2016-02-07 13:51:32 - DEBUG --> initializeUserData 
2016-02-07 13:51:32 - DEBUG --> UserData first: N; 
2016-02-07 13:51:32 - DEBUG --> Archivo \components\com_jhotelreservation\classes\services\UserDataService.php 
2016-02-07 13:51:32 - DEBUG --> createUserData 
2016-02-07 13:51:32 - DEBUG --> UserData end:  a:0:{} 
2016-02-07 13:51:32 - DEBUG --> Archivo \components\com_jhotelreservation\classes\services\UserDataService.php 
2016-02-07 13:51:32 - DEBUG --> initializeUserData 
2016-02-07 13:51:32 - DEBUG --> UserData first: a:0:{} 
2016-02-07 13:51:32 - DEBUG --> UserData end:  a:0:{} 
2016-02-07 13:51:32 - DEBUG --> Archivo \components\com_jhotelreservation\classes\services\UserDataService.php 
2016-02-07 13:51:32 - DEBUG --> initializeReservationData 
2016-02-07 13:51:32 - DEBUG --> UserData: a:0:{} 
2016-02-07 13:51:32 - DEBUG --> Archivo \components\com_jhotelreservation\classes\services\UserDataService.php 
2016-02-07 13:51:32 - DEBUG --> updateUserData 
2016-02-07 13:51:32 - DEBUG --> Archivo \components\com_jhotelreservation\classes\services\UserDataService.php 
2016-02-07 13:51:32 - DEBUG --> getUserData 
2016-02-07 13:51:32 - DEBUG --> Archivo \components\com_jhotelreservation\classes\services\UserDataService.php 
2016-02-07 13:51:32 - DEBUG --> setCurrency 
2016-02-07 13:51:32 - DEBUG --> Archivo \components\com_jhotelreservation\classes\services\UserDataService.php 
2016-02-07 13:51:32 - DEBUG --> getUserData 
2016-02-07 13:51:32 - DEBUG --> Archivo \components\com_jhotelreservation\classes\services\UserDataService.php 
2016-02-07 13:51:32 - DEBUG --> getUserData 
2016-02-07 13:51:32 - DEBUG --> Archivo \components\com_jhotelreservation\classes\services\UserDataService.php 
2016-02-07 13:51:32 - DEBUG --> getUserData 
2016-02-07 13:51:32 - DEBUG --> Archivo \components\com_jhotelreservationiews\hotel	mpl\hoteloverview.php 
2016-02-07 13:51:32 - DEBUG --> Accedió 
2016-02-07 15:30:36 - DEBUG --> Archivo \components\com_jhotelreservation\classes\services\UserDataService.php 
2016-02-07 15:30:36 - DEBUG --> initializeUserData 
2016-02-07 15:30:36 - DEBUG --> UserData first: N; 
2016-02-07 15:30:36 - DEBUG --> Archivo \components\com_jhotelreservation\classes\services\UserDataService.php 
2016-02-07 15:30:36 - DEBUG --> createUserData 
2016-02-07 15:30:36 - DEBUG --> UserData end:  a:0:{} 
2016-02-07 15:30:36 - DEBUG --> Archivo \components\com_jhotelreservation\classes\services\UserDataService.php 
2016-02-07 15:30:36 - DEBUG --> initializeUserData 
2016-02-07 15:30:36 - DEBUG --> UserData first: a:0:{} 
2016-02-07 15:30:36 - DEBUG --> UserData end:  a:0:{} 
2016-02-07 15:30:36 - DEBUG --> Archivo \components\com_jhotelreservation\classes\services\UserDataService.php 
2016-02-07 15:30:36 - DEBUG --> initializeReservationData 
2016-02-07 15:30:36 - DEBUG --> UserData: a:0:{} 
2016-02-07 15:30:36 - DEBUG --> Archivo \components\com_jhotelreservation\classes\services\UserDataService.php 
2016-02-07 15:30:36 - DEBUG --> updateUserData 
2016-02-07 15:30:36 - DEBUG --> Archivo \components\com_jhotelreservation\classes\services\UserDataService.php 
2016-02-07 15:30:36 - DEBUG --> getUserData 
2016-02-07 15:30:36 - DEBUG --> Archivo \components\com_jhotelreservation\classes\services\UserDataService.php 
2016-02-07 15:30:36 - DEBUG --> setCurrency 
2016-02-07 15:30:36 - DEBUG --> Archivo \components\com_jhotelreservation\classes\services\UserDataService.php 
2016-02-07 15:30:36 - DEBUG --> getUserData 
2016-02-07 15:30:36 - DEBUG --> Archivo \components\com_jhotelreservation\classes\services\UserDataService.php 
2016-02-07 15:30:36 - DEBUG --> getUserData 
2016-02-07 15:30:36 - DEBUG --> Archivo \components\com_jhotelreservation\classes\services\UserDataService.php 
2016-02-07 15:30:36 - DEBUG --> getUserData 
2016-02-07 15:39:56 - DEBUG --> Archivo \components\com_jhotelreservation\classes\services\UserDataService.php 
2016-02-07 15:39:56 - DEBUG --> initializeUserData 
2016-02-07 15:39:56 - DEBUG --> UserData first: N; 
2016-02-07 15:39:56 - DEBUG --> Archivo \components\com_jhotelreservation\classes\services\UserDataService.php 
2016-02-07 15:39:56 - DEBUG --> createUserData 
2016-02-07 15:39:56 - DEBUG --> UserData end:  a:0:{} 
2016-02-07 15:43:06 - DEBUG --> Archivo \components\com_jhotelreservation\classes\services\UserDataService.php 
2016-02-07 15:43:06 - DEBUG --> initializeUserData 
2016-02-07 15:43:06 - DEBUG --> UserData first: N; 
2016-02-07 15:43:06 - DEBUG --> Archivo \components\com_jhotelreservation\classes\services\UserDataService.php 
2016-02-07 15:43:06 - DEBUG --> createUserData 
2016-02-07 15:43:06 - DEBUG --> UserData end:  a:0:{} 
2016-02-07 15:43:06 - DEBUG --> Archivo \components\com_jhotelreservation\classes\services\UserDataService.php 
2016-02-07 15:43:06 - DEBUG --> initializeUserData 
2016-02-07 15:43:06 - DEBUG --> UserData first: a:0:{} 
2016-02-07 15:43:06 - DEBUG --> UserData end:  a:0:{} 
2016-02-07 15:43:06 - DEBUG --> Archivo \components\com_jhotelreservation\classes\services\UserDataService.php 
2016-02-07 15:43:06 - DEBUG --> initializeReservationData 
2016-02-07 15:43:06 - DEBUG --> UserData: a:0:{} 
2016-02-07 15:43:06 - DEBUG --> Archivo \components\com_jhotelreservation\classes\services\UserDataService.php 
2016-02-07 15:43:06 - DEBUG --> updateUserData 
2016-02-07 15:43:06 - DEBUG --> Archivo \components\com_jhotelreservation\classes\services\UserDataService.php 
2016-02-07 15:43:06 - DEBUG --> getUserData 
2016-02-07 15:43:06 - DEBUG --> Archivo \components\com_jhotelreservation\classes\services\UserDataService.php 
2016-02-07 15:43:06 - DEBUG --> setCurrency 
2016-02-07 15:43:06 - DEBUG --> Archivo \components\com_jhotelreservation\classes\services\UserDataService.php 
2016-02-07 15:43:06 - DEBUG --> getUserData 
2016-02-07 15:43:06 - DEBUG --> Archivo \components\com_jhotelreservation\classes\services\UserDataService.php 
2016-02-07 15:43:06 - DEBUG --> getUserData 
2016-02-07 15:43:06 - DEBUG --> Archivo \components\com_jhotelreservation\classes\services\UserDataService.php 
2016-02-07 15:43:06 - DEBUG --> getUserData 
2016-02-07 15:43:06 - DEBUG --> Archivo \components\com_jhotelreservationiews\hotel	mpl\hoteloverview.php 
2016-02-07 15:43:06 - DEBUG --> Accedió 
2016-02-07 15:52:27 - DEBUG --> Archivo \components\com_jhotelreservation\classes\services\UserDataService.php 
2016-02-07 15:52:27 - DEBUG --> initializeUserData 
2016-02-07 15:52:27 - DEBUG --> UserData first: N; 
2016-02-07 15:52:27 - DEBUG --> Archivo \components\com_jhotelreservation\classes\services\UserDataService.php 
2016-02-07 15:52:27 - DEBUG --> createUserData 
2016-02-07 15:52:27 - DEBUG --> UserData end:  a:0:{} 
2016-02-07 15:52:27 - DEBUG --> Archivo \components\com_jhotelreservation\classes\services\UserDataService.php 
2016-02-07 15:52:27 - DEBUG --> initializeUserData 
2016-02-07 15:52:27 - DEBUG --> UserData first: a:0:{} 
2016-02-07 15:52:27 - DEBUG --> UserData end:  a:0:{} 
2016-02-07 15:52:27 - DEBUG --> Archivo \components\com_jhotelreservation\classes\services\UserDataService.php 
2016-02-07 15:52:27 - DEBUG --> initializeReservationData 
2016-02-07 15:52:27 - DEBUG --> UserData: a:0:{} 
2016-02-07 15:52:27 - DEBUG --> Archivo \components\com_jhotelreservation\classes\services\UserDataService.php 
2016-02-07 15:52:27 - DEBUG --> updateUserData 
2016-02-07 15:52:27 - DEBUG --> Archivo \components\com_jhotelreservation\classes\services\UserDataService.php 
2016-02-07 15:52:27 - DEBUG --> getUserData 
2016-02-07 15:52:27 - DEBUG --> Archivo \components\com_jhotelreservation\classes\services\UserDataService.php 
2016-02-07 15:52:27 - DEBUG --> setCurrency 
2016-02-07 15:52:27 - DEBUG --> Archivo \components\com_jhotelreservation\classes\services\UserDataService.php 
2016-02-07 15:52:27 - DEBUG --> getUserData 
2016-02-07 15:52:27 - DEBUG --> Archivo \components\com_jhotelreservation\classes\services\UserDataService.php 
2016-02-07 15:52:27 - DEBUG --> getUserData 
2016-02-07 15:52:27 - DEBUG --> Archivo \components\com_jhotelreservation\classes\services\UserDataService.php 
2016-02-07 15:52:27 - DEBUG --> getUserData 
2016-02-07 15:52:27 - DEBUG --> Archivo \components\com_jhotelreservationiews\hotel	mpl\hoteloverview.php 
2016-02-07 15:52:27 - DEBUG --> Accedió 
2016-02-07 16:47:47 - DEBUG --> Archivo \components\com_jhotelreservation\classes\services\UserDataService.php 
2016-02-07 16:47:47 - DEBUG --> initializeUserData 
2016-02-07 16:47:47 - DEBUG --> UserData first: N; 
2016-02-07 16:47:47 - DEBUG --> Archivo \components\com_jhotelreservation\classes\services\UserDataService.php 
2016-02-07 16:47:47 - DEBUG --> createUserData 
2016-02-07 16:47:47 - DEBUG --> UserData end:  a:0:{} 
2016-02-07 16:47:47 - DEBUG --> Archivo \components\com_jhotelreservation\classes\services\UserDataService.php 
2016-02-07 16:47:47 - DEBUG --> initializeUserData 
2016-02-07 16:47:47 - DEBUG --> UserData first: a:0:{} 
2016-02-07 16:47:47 - DEBUG --> UserData end:  a:0:{} 
2016-02-07 16:47:47 - DEBUG --> Archivo \components\com_jhotelreservation\classes\services\UserDataService.php 
2016-02-07 16:47:47 - DEBUG --> initializeReservationData 
2016-02-07 16:47:47 - DEBUG --> UserData: a:0:{} 
2016-02-07 16:47:47 - DEBUG --> Archivo \components\com_jhotelreservation\classes\services\UserDataService.php 
2016-02-07 16:47:47 - DEBUG --> updateUserData 
2016-02-07 16:47:47 - DEBUG --> Archivo \components\com_jhotelreservation\classes\services\UserDataService.php 
2016-02-07 16:47:47 - DEBUG --> getUserData 
2016-02-07 16:47:47 - DEBUG --> Archivo \components\com_jhotelreservation\classes\services\UserDataService.php 
2016-02-07 16:47:47 - DEBUG --> setCurrency 
2016-02-07 16:47:47 - DEBUG --> Archivo \components\com_jhotelreservation\classes\services\UserDataService.php 
2016-02-07 16:47:47 - DEBUG --> getUserData 
2016-02-07 16:47:47 - DEBUG --> Archivo \components\com_jhotelreservation\classes\services\UserDataService.php 
2016-02-07 16:47:47 - DEBUG --> getUserData 
2016-02-07 16:47:47 - DEBUG --> Archivo \components\com_jhotelreservation\classes\services\UserDataService.php 
2016-02-07 16:47:47 - DEBUG --> getUserData 
2016-02-07 17:03:25 - DEBUG --> Archivo \components\com_jhotelreservation\classes\services\UserDataService.php 
2016-02-07 17:03:25 - DEBUG --> initializeUserData 
2016-02-07 17:03:25 - DEBUG --> UserData first: N; 
2016-02-07 17:03:25 - DEBUG --> Archivo \components\com_jhotelreservation\classes\services\UserDataService.php 
2016-02-07 17:03:25 - DEBUG --> createUserData 
2016-02-07 17:03:25 - DEBUG --> UserData end:  a:0:{} 
2016-02-07 17:03:25 - DEBUG --> Archivo \components\com_jhotelreservation\classes\services\UserDataService.php 
2016-02-07 17:03:25 - DEBUG --> initializeUserData 
2016-02-07 17:03:25 - DEBUG --> UserData first: a:0:{} 
2016-02-07 17:03:25 - DEBUG --> UserData end:  a:0:{} 
2016-02-07 17:03:25 - DEBUG --> Archivo \components\com_jhotelreservation\classes\services\UserDataService.php 
2016-02-07 17:03:25 - DEBUG --> initializeReservationData 
2016-02-07 17:03:25 - DEBUG --> UserData: a:0:{} 
2016-02-07 17:03:25 - DEBUG --> Archivo \components\com_jhotelreservation\classes\services\UserDataService.php 
2016-02-07 17:03:25 - DEBUG --> updateUserData 
2016-02-07 17:03:25 - DEBUG --> Archivo \components\com_jhotelreservation\classes\services\UserDataService.php 
2016-02-07 17:03:25 - DEBUG --> getUserData 
2016-02-07 17:03:25 - DEBUG --> Archivo \components\com_jhotelreservation\classes\services\UserDataService.php 
2016-02-07 17:03:25 - DEBUG --> setCurrency 
2016-02-07 17:03:25 - DEBUG --> Archivo \components\com_jhotelreservation\classes\services\UserDataService.php 
2016-02-07 17:03:25 - DEBUG --> getUserData 
2016-02-07 17:03:26 - DEBUG --> Archivo \components\com_jhotelreservation\classes\services\UserDataService.php 
2016-02-07 17:03:26 - DEBUG --> getUserData 
2016-02-07 17:03:26 - DEBUG --> Archivo \components\com_jhotelreservation\classes\services\UserDataService.php 
2016-02-07 17:03:26 - DEBUG --> getUserData 
2016-02-07 17:03:26 - DEBUG --> Archivo \components\com_jhotelreservationiews\hotel	mpl\hoteloverview.php 
2016-02-07 17:03:26 - DEBUG --> Accedió 
2016-02-07 17:03:29 - DEBUG --> Archivo \components\com_jhotelreservation\classes\services\UserDataService.php 
2016-02-07 17:03:29 - DEBUG --> initializeUserData 
2016-02-07 17:03:29 - DEBUG --> UserData first: N; 
2016-02-07 17:03:29 - DEBUG --> Archivo \components\com_jhotelreservation\classes\services\UserDataService.php 
2016-02-07 17:03:29 - DEBUG --> createUserData 
2016-02-07 17:03:29 - DEBUG --> UserData end:  a:0:{} 
2016-02-07 17:03:29 - DEBUG --> Archivo \components\com_jhotelreservation\classes\services\UserDataService.php 
2016-02-07 17:03:29 - DEBUG --> initializeUserData 
2016-02-07 17:03:29 - DEBUG --> UserData first: a:0:{} 
2016-02-07 17:03:29 - DEBUG --> UserData end:  a:0:{} 
2016-02-07 17:03:29 - DEBUG --> Archivo \components\com_jhotelreservation\classes\services\UserDataService.php 
2016-02-07 17:03:29 - DEBUG --> initializeReservationData 
2016-02-07 17:03:29 - DEBUG --> UserData: a:0:{} 
2016-02-07 17:03:29 - DEBUG --> Archivo \components\com_jhotelreservation\classes\services\UserDataService.php 
2016-02-07 17:03:29 - DEBUG --> updateUserData 
2016-02-07 17:03:29 - DEBUG --> Archivo \components\com_jhotelreservation\classes\services\UserDataService.php 
2016-02-07 17:03:29 - DEBUG --> getUserData 
2016-02-07 17:03:29 - DEBUG --> Archivo \components\com_jhotelreservation\classes\services\UserDataService.php 
2016-02-07 17:03:29 - DEBUG --> setCurrency 
2016-02-07 17:03:29 - DEBUG --> Archivo \components\com_jhotelreservation\classes\services\UserDataService.php 
2016-02-07 17:03:29 - DEBUG --> getUserData 
2016-02-07 17:03:29 - DEBUG --> Archivo \components\com_jhotelreservation\classes\services\UserDataService.php 
2016-02-07 17:03:29 - DEBUG --> getUserData 
2016-02-07 17:03:29 - DEBUG --> Archivo \components\com_jhotelreservation\classes\services\UserDataService.php 
2016-02-07 17:03:29 - DEBUG --> getUserData 
2016-02-07 17:03:29 - DEBUG --> Archivo \components\com_jhotelreservationiews\hotel	mpl\hoteloverview.php 
2016-02-07 17:03:29 - DEBUG --> Accedió 
2016-02-07 17:06:26 - DEBUG --> Archivo \components\com_jhotelreservation\classes\services\UserDataService.php 
2016-02-07 17:06:26 - DEBUG --> initializeUserData 
2016-02-07 17:06:26 - DEBUG --> UserData first: N; 
2016-02-07 17:06:26 - DEBUG --> Archivo \components\com_jhotelreservation\classes\services\UserDataService.php 
2016-02-07 17:06:26 - DEBUG --> createUserData 
2016-02-07 17:06:26 - DEBUG --> UserData end:  a:0:{} 
2016-02-07 17:06:26 - DEBUG --> Archivo \components\com_jhotelreservation\classes\services\UserDataService.php 
2016-02-07 17:06:26 - DEBUG --> initializeUserData 
2016-02-07 17:06:26 - DEBUG --> UserData first: a:0:{} 
2016-02-07 17:06:26 - DEBUG --> UserData end:  a:0:{} 
2016-02-07 17:06:26 - DEBUG --> Archivo \components\com_jhotelreservation\classes\services\UserDataService.php 
2016-02-07 17:06:26 - DEBUG --> initializeReservationData 
2016-02-07 17:06:26 - DEBUG --> UserData: a:0:{} 
2016-02-07 17:06:26 - DEBUG --> Archivo \components\com_jhotelreservation\classes\services\UserDataService.php 
2016-02-07 17:06:26 - DEBUG --> updateUserData 
2016-02-07 17:06:26 - DEBUG --> Archivo \components\com_jhotelreservation\classes\services\UserDataService.php 
2016-02-07 17:06:26 - DEBUG --> getUserData 
2016-02-07 17:06:26 - DEBUG --> Archivo \components\com_jhotelreservation\classes\services\UserDataService.php 
2016-02-07 17:06:26 - DEBUG --> setCurrency 
2016-02-07 17:06:26 - DEBUG --> Archivo \components\com_jhotelreservation\classes\services\UserDataService.php 
2016-02-07 17:06:26 - DEBUG --> getUserData 
2016-02-07 17:06:26 - DEBUG --> Archivo \components\com_jhotelreservation\classes\services\UserDataService.php 
2016-02-07 17:06:26 - DEBUG --> getUserData 
2016-02-07 17:06:26 - DEBUG --> Archivo \components\com_jhotelreservation\classes\services\UserDataService.php 
2016-02-07 17:06:26 - DEBUG --> getUserData 
2016-02-07 17:09:27 - DEBUG --> Archivo \components\com_jhotelreservation\classes\services\UserDataService.php 
2016-02-07 17:09:27 - DEBUG --> initializeUserData 
2016-02-07 17:09:27 - DEBUG --> UserData first: N; 
2016-02-07 17:09:27 - DEBUG --> Archivo \components\com_jhotelreservation\classes\services\UserDataService.php 
2016-02-07 17:09:27 - DEBUG --> createUserData 
2016-02-07 17:09:27 - DEBUG --> UserData end:  a:0:{} 
2016-02-07 17:09:27 - DEBUG --> Archivo \components\com_jhotelreservation\classes\services\UserDataService.php 
2016-02-07 17:09:27 - DEBUG --> initializeUserData 
2016-02-07 17:09:27 - DEBUG --> UserData first: a:0:{} 
2016-02-07 17:09:27 - DEBUG --> UserData end:  a:0:{} 
2016-02-07 17:09:27 - DEBUG --> Archivo \components\com_jhotelreservation\classes\services\UserDataService.php 
2016-02-07 17:09:27 - DEBUG --> initializeReservationData 
2016-02-07 17:09:27 - DEBUG --> UserData: a:0:{} 
2016-02-07 17:09:27 - DEBUG --> Archivo \components\com_jhotelreservation\classes\services\UserDataService.php 
2016-02-07 17:09:27 - DEBUG --> updateUserData 
2016-02-07 17:09:27 - DEBUG --> Archivo \components\com_jhotelreservation\classes\services\UserDataService.php 
2016-02-07 17:09:27 - DEBUG --> getUserData 
2016-02-07 17:09:27 - DEBUG --> Archivo \components\com_jhotelreservation\classes\services\UserDataService.php 
2016-02-07 17:09:27 - DEBUG --> setCurrency 
2016-02-07 17:09:27 - DEBUG --> Archivo \components\com_jhotelreservation\classes\services\UserDataService.php 
2016-02-07 17:09:27 - DEBUG --> getUserData 
2016-02-07 17:09:27 - DEBUG --> Archivo \components\com_jhotelreservation\classes\services\UserDataService.php 
2016-02-07 17:09:27 - DEBUG --> getUserData 
2016-02-07 17:09:27 - DEBUG --> Archivo \components\com_jhotelreservation\classes\services\UserDataService.php 
2016-02-07 17:09:27 - DEBUG --> getUserData 
2016-02-07 17:09:27 - DEBUG --> Archivo \components\com_jhotelreservationiews\hotel	mpl\hoteloverview.php 
2016-02-07 17:09:27 - DEBUG --> Accedió 
2016-02-07 17:27:36 - DEBUG --> Archivo \components\com_jhotelreservation\classes\services\UserDataService.php 
2016-02-07 17:27:36 - DEBUG --> initializeUserData 
2016-02-07 17:27:36 - DEBUG --> UserData first: N; 
2016-02-07 17:27:36 - DEBUG --> Archivo \components\com_jhotelreservation\classes\services\UserDataService.php 
2016-02-07 17:27:36 - DEBUG --> createUserData 
2016-02-07 17:27:36 - DEBUG --> UserData end:  a:0:{} 
2016-02-07 17:27:36 - DEBUG --> Archivo \components\com_jhotelreservation\classes\services\UserDataService.php 
2016-02-07 17:27:36 - DEBUG --> initializeUserData 
2016-02-07 17:27:36 - DEBUG --> UserData first: a:0:{} 
2016-02-07 17:27:36 - DEBUG --> UserData end:  a:0:{} 
2016-02-07 17:27:36 - DEBUG --> Archivo \components\com_jhotelreservation\classes\services\UserDataService.php 
2016-02-07 17:27:36 - DEBUG --> initializeReservationData 
2016-02-07 17:27:36 - DEBUG --> UserData: a:0:{} 
2016-02-07 17:27:36 - DEBUG --> Archivo \components\com_jhotelreservation\classes\services\UserDataService.php 
2016-02-07 17:27:36 - DEBUG --> updateUserData 
2016-02-07 17:27:36 - DEBUG --> Archivo \components\com_jhotelreservation\classes\services\UserDataService.php 
2016-02-07 17:27:36 - DEBUG --> getUserData 
2016-02-07 17:27:36 - DEBUG --> Archivo \components\com_jhotelreservation\classes\services\UserDataService.php 
2016-02-07 17:27:36 - DEBUG --> setCurrency 
2016-02-07 17:27:36 - DEBUG --> Archivo \components\com_jhotelreservation\classes\services\UserDataService.php 
2016-02-07 17:27:36 - DEBUG --> getUserData 
2016-02-07 17:27:36 - DEBUG --> Archivo \components\com_jhotelreservation\classes\services\UserDataService.php 
2016-02-07 17:27:36 - DEBUG --> getUserData 
2016-02-07 17:27:36 - DEBUG --> Archivo \components\com_jhotelreservation\classes\services\UserDataService.php 
2016-02-07 17:27:36 - DEBUG --> getUserData 
2016-02-07 17:27:36 - DEBUG --> Archivo \components\com_jhotelreservationiews\hotel	mpl\hoteloverview.php 
2016-02-07 17:27:36 - DEBUG --> Accedió 
2016-02-07 17:52:16 - DEBUG --> Archivo \components\com_jhotelreservation\classes\services\UserDataService.php 
2016-02-07 17:52:16 - DEBUG --> initializeUserData 
2016-02-07 17:52:16 - DEBUG --> UserData first: N; 
2016-02-07 17:52:16 - DEBUG --> Archivo \components\com_jhotelreservation\classes\services\UserDataService.php 
2016-02-07 17:52:16 - DEBUG --> createUserData 
2016-02-07 17:52:16 - DEBUG --> UserData end:  a:0:{} 
2016-02-07 17:52:16 - DEBUG --> Archivo \components\com_jhotelreservation\classes\services\UserDataService.php 
2016-02-07 17:52:16 - DEBUG --> initializeUserData 
2016-02-07 17:52:16 - DEBUG --> UserData first: a:0:{} 
2016-02-07 17:52:16 - DEBUG --> UserData end:  a:0:{} 
2016-02-07 17:52:16 - DEBUG --> Archivo \components\com_jhotelreservation\classes\services\UserDataService.php 
2016-02-07 17:52:16 - DEBUG --> initializeReservationData 
2016-02-07 17:52:16 - DEBUG --> UserData: a:0:{} 
2016-02-07 17:52:16 - DEBUG --> Archivo \components\com_jhotelreservation\classes\services\UserDataService.php 
2016-02-07 17:52:16 - DEBUG --> updateUserData 
2016-02-07 17:52:16 - DEBUG --> Archivo \components\com_jhotelreservation\classes\services\UserDataService.php 
2016-02-07 17:52:16 - DEBUG --> getUserData 
2016-02-07 17:52:16 - DEBUG --> Archivo \components\com_jhotelreservation\classes\services\UserDataService.php 
2016-02-07 17:52:16 - DEBUG --> setCurrency 
2016-02-07 17:52:16 - DEBUG --> Archivo \components\com_jhotelreservation\classes\services\UserDataService.php 
2016-02-07 17:52:16 - DEBUG --> getUserData 
2016-02-07 17:52:16 - DEBUG --> Archivo \components\com_jhotelreservation\classes\services\UserDataService.php 
2016-02-07 17:52:16 - DEBUG --> getUserData 
2016-02-07 17:52:16 - DEBUG --> Archivo \components\com_jhotelreservation\classes\services\UserDataService.php 
2016-02-07 17:52:16 - DEBUG --> getUserData 
2016-02-07 18:32:16 - DEBUG --> Archivo \components\com_jhotelreservation\classes\services\UserDataService.php 
2016-02-07 18:32:16 - DEBUG --> initializeUserData 
2016-02-07 18:32:16 - DEBUG --> UserData first: N; 
2016-02-07 18:32:16 - DEBUG --> Archivo \components\com_jhotelreservation\classes\services\UserDataService.php 
2016-02-07 18:32:16 - DEBUG --> createUserData 
2016-02-07 18:32:16 - DEBUG --> UserData end:  a:0:{} 
2016-02-07 18:32:16 - DEBUG --> Archivo \components\com_jhotelreservation\classes\services\UserDataService.php 
2016-02-07 18:32:16 - DEBUG --> initializeUserData 
2016-02-07 18:32:16 - DEBUG --> UserData first: a:0:{} 
2016-02-07 18:32:16 - DEBUG --> UserData end:  a:0:{} 
2016-02-07 18:32:16 - DEBUG --> Archivo \components\com_jhotelreservation\classes\services\UserDataService.php 
2016-02-07 18:32:16 - DEBUG --> initializeReservationData 
2016-02-07 18:32:16 - DEBUG --> UserData: a:0:{} 
2016-02-07 18:32:16 - DEBUG --> Archivo \components\com_jhotelreservation\classes\services\UserDataService.php 
2016-02-07 18:32:16 - DEBUG --> updateUserData 
2016-02-07 18:32:16 - DEBUG --> Archivo \components\com_jhotelreservation\classes\services\UserDataService.php 
2016-02-07 18:32:16 - DEBUG --> getUserData 
2016-02-07 18:32:16 - DEBUG --> Archivo \components\com_jhotelreservation\classes\services\UserDataService.php 
2016-02-07 18:32:16 - DEBUG --> setCurrency 
2016-02-07 18:32:16 - DEBUG --> Archivo \components\com_jhotelreservation\classes\services\UserDataService.php 
2016-02-07 18:32:16 - DEBUG --> getUserData 
2016-02-07 18:32:16 - DEBUG --> Archivo \components\com_jhotelreservation\classes\services\UserDataService.php 
2016-02-07 18:32:16 - DEBUG --> getUserData 
2016-02-07 18:32:16 - DEBUG --> Archivo \components\com_jhotelreservation\classes\services\UserDataService.php 
2016-02-07 18:32:16 - DEBUG --> getUserData 
2016-02-07 18:38:26 - DEBUG --> Archivo \components\com_jhotelreservation\classes\services\UserDataService.php 
2016-02-07 18:38:26 - DEBUG --> initializeUserData 
2016-02-07 18:38:26 - DEBUG --> UserData first: N; 
2016-02-07 18:38:26 - DEBUG --> Archivo \components\com_jhotelreservation\classes\services\UserDataService.php 
2016-02-07 18:38:26 - DEBUG --> createUserData 
2016-02-07 18:38:26 - DEBUG --> UserData end:  a:0:{} 
2016-02-07 18:38:26 - DEBUG --> Archivo \components\com_jhotelreservation\classes\services\UserDataService.php 
2016-02-07 18:38:26 - DEBUG --> initializeUserData 
2016-02-07 18:38:26 - DEBUG --> UserData first: a:0:{} 
2016-02-07 18:38:26 - DEBUG --> UserData end:  a:0:{} 
2016-02-07 18:38:26 - DEBUG --> Archivo \components\com_jhotelreservation\classes\services\UserDataService.php 
2016-02-07 18:38:26 - DEBUG --> initializeReservationData 
2016-02-07 18:38:26 - DEBUG --> UserData: a:0:{} 
2016-02-07 18:38:26 - DEBUG --> Archivo \components\com_jhotelreservation\classes\services\UserDataService.php 
2016-02-07 18:38:26 - DEBUG --> updateUserData 
2016-02-07 18:38:26 - DEBUG --> Archivo \components\com_jhotelreservation\classes\services\UserDataService.php 
2016-02-07 18:38:26 - DEBUG --> getUserData 
2016-02-07 18:38:26 - DEBUG --> Archivo \components\com_jhotelreservation\classes\services\UserDataService.php 
2016-02-07 18:38:26 - DEBUG --> setCurrency 
2016-02-07 18:38:26 - DEBUG --> Archivo \components\com_jhotelreservation\classes\services\UserDataService.php 
2016-02-07 18:38:26 - DEBUG --> getUserData 
2016-02-07 18:38:26 - DEBUG --> Archivo \components\com_jhotelreservation\classes\services\UserDataService.php 
2016-02-07 18:38:26 - DEBUG --> getUserData 
2016-02-07 18:38:26 - DEBUG --> Archivo \components\com_jhotelreservation\classes\services\UserDataService.php 
2016-02-07 18:38:26 - DEBUG --> getUserData 
2016-02-07 19:00:16 - DEBUG --> Archivo \components\com_jhotelreservation\classes\services\UserDataService.php 
2016-02-07 19:00:16 - DEBUG --> initializeUserData 
2016-02-07 19:00:16 - DEBUG --> UserData first: N; 
2016-02-07 19:00:16 - DEBUG --> Archivo \components\com_jhotelreservation\classes\services\UserDataService.php 
2016-02-07 19:00:16 - DEBUG --> createUserData 
2016-02-07 19:00:16 - DEBUG --> UserData end:  a:0:{} 
2016-02-07 19:00:16 - DEBUG --> Archivo \components\com_jhotelreservation\classes\services\UserDataService.php 
2016-02-07 19:00:16 - DEBUG --> initializeUserData 
2016-02-07 19:00:16 - DEBUG --> UserData first: a:0:{} 
2016-02-07 19:00:16 - DEBUG --> UserData end:  a:0:{} 
2016-02-07 19:00:16 - DEBUG --> Archivo \components\com_jhotelreservation\classes\services\UserDataService.php 
2016-02-07 19:00:16 - DEBUG --> initializeReservationData 
2016-02-07 19:00:16 - DEBUG --> UserData: a:0:{} 
2016-02-07 19:00:16 - DEBUG --> Archivo \components\com_jhotelreservation\classes\services\UserDataService.php 
2016-02-07 19:00:16 - DEBUG --> updateUserData 
2016-02-07 19:00:16 - DEBUG --> Archivo \components\com_jhotelreservation\classes\services\UserDataService.php 
2016-02-07 19:00:16 - DEBUG --> getUserData 
2016-02-07 19:00:16 - DEBUG --> Archivo \components\com_jhotelreservation\classes\services\UserDataService.php 
2016-02-07 19:00:16 - DEBUG --> setCurrency 
2016-02-07 19:00:16 - DEBUG --> Archivo \components\com_jhotelreservation\classes\services\UserDataService.php 
2016-02-07 19:00:16 - DEBUG --> getUserData 
2016-02-07 19:00:16 - DEBUG --> Archivo \components\com_jhotelreservation\classes\services\UserDataService.php 
2016-02-07 19:00:16 - DEBUG --> getUserData 
2016-02-07 19:00:16 - DEBUG --> Archivo \components\com_jhotelreservation\classes\services\UserDataService.php 
2016-02-07 19:00:16 - DEBUG --> getUserData 
2016-02-07 19:00:16 - DEBUG --> Archivo \components\com_jhotelreservationiews\hotel	mpl\hoteloverview.php 
2016-02-07 19:00:16 - DEBUG --> Accedió 
2016-02-07 19:12:26 - DEBUG --> Archivo \components\com_jhotelreservation\classes\services\UserDataService.php 
2016-02-07 19:12:26 - DEBUG --> initializeUserData 
2016-02-07 19:12:26 - DEBUG --> UserData first: N; 
2016-02-07 19:12:26 - DEBUG --> Archivo \components\com_jhotelreservation\classes\services\UserDataService.php 
2016-02-07 19:12:26 - DEBUG --> createUserData 
2016-02-07 19:12:26 - DEBUG --> UserData end:  a:0:{} 
2016-02-07 19:12:26 - DEBUG --> Archivo \components\com_jhotelreservation\classes\services\UserDataService.php 
2016-02-07 19:12:26 - DEBUG --> initializeUserData 
2016-02-07 19:12:26 - DEBUG --> UserData first: a:0:{} 
2016-02-07 19:12:26 - DEBUG --> UserData end:  a:0:{} 
2016-02-07 19:12:26 - DEBUG --> Archivo \components\com_jhotelreservation\classes\services\UserDataService.php 
2016-02-07 19:12:26 - DEBUG --> initializeReservationData 
2016-02-07 19:12:26 - DEBUG --> UserData: a:0:{} 
2016-02-07 19:12:26 - DEBUG --> Archivo \components\com_jhotelreservation\classes\services\UserDataService.php 
2016-02-07 19:12:26 - DEBUG --> updateUserData 
2016-02-07 19:12:26 - DEBUG --> Archivo \components\com_jhotelreservation\classes\services\UserDataService.php 
2016-02-07 19:12:26 - DEBUG --> getUserData 
2016-02-07 19:12:26 - DEBUG --> Archivo \components\com_jhotelreservation\classes\services\UserDataService.php 
2016-02-07 19:12:26 - DEBUG --> setCurrency 
2016-02-07 19:12:26 - DEBUG --> Archivo \components\com_jhotelreservation\classes\services\UserDataService.php 
2016-02-07 19:12:26 - DEBUG --> getUserData 
2016-02-07 19:12:26 - DEBUG --> Archivo \components\com_jhotelreservation\classes\services\UserDataService.php 
2016-02-07 19:12:26 - DEBUG --> getUserData 
2016-02-07 19:12:26 - DEBUG --> Archivo \components\com_jhotelreservation\classes\services\UserDataService.php 
2016-02-07 19:12:26 - DEBUG --> getUserData 
2016-02-07 19:12:26 - DEBUG --> Archivo \components\com_jhotelreservationiews\hotel	mpl\hoteloverview.php 
2016-02-07 19:12:26 - DEBUG --> Accedió 
2016-02-07 19:15:27 - DEBUG --> Archivo \components\com_jhotelreservation\classes\services\UserDataService.php 
2016-02-07 19:15:27 - DEBUG --> initializeUserData 
2016-02-07 19:15:27 - DEBUG --> UserData first: N; 
2016-02-07 19:15:27 - DEBUG --> Archivo \components\com_jhotelreservation\classes\services\UserDataService.php 
2016-02-07 19:15:27 - DEBUG --> createUserData 
2016-02-07 19:15:27 - DEBUG --> UserData end:  a:0:{} 
2016-02-07 19:15:27 - DEBUG --> Archivo \components\com_jhotelreservation\classes\services\UserDataService.php 
2016-02-07 19:15:27 - DEBUG --> initializeUserData 
2016-02-07 19:15:27 - DEBUG --> UserData first: a:0:{} 
2016-02-07 19:15:27 - DEBUG --> UserData end:  a:0:{} 
2016-02-07 19:15:27 - DEBUG --> Archivo \components\com_jhotelreservation\classes\services\UserDataService.php 
2016-02-07 19:15:27 - DEBUG --> initializeReservationData 
2016-02-07 19:15:27 - DEBUG --> UserData: a:0:{} 
2016-02-07 19:15:27 - DEBUG --> Archivo \components\com_jhotelreservation\classes\services\UserDataService.php 
2016-02-07 19:15:27 - DEBUG --> updateUserData 
2016-02-07 19:15:27 - DEBUG --> Archivo \components\com_jhotelreservation\classes\services\UserDataService.php 
2016-02-07 19:15:27 - DEBUG --> getUserData 
2016-02-07 19:15:27 - DEBUG --> Archivo \components\com_jhotelreservation\classes\services\UserDataService.php 
2016-02-07 19:15:27 - DEBUG --> setCurrency 
2016-02-07 19:15:27 - DEBUG --> Archivo \components\com_jhotelreservation\classes\services\UserDataService.php 
2016-02-07 19:15:27 - DEBUG --> getUserData 
2016-02-07 19:15:27 - DEBUG --> Archivo \components\com_jhotelreservation\classes\services\UserDataService.php 
2016-02-07 19:15:27 - DEBUG --> getUserData 
2016-02-07 19:15:27 - DEBUG --> Archivo \components\com_jhotelreservation\classes\services\UserDataService.php 
2016-02-07 19:15:27 - DEBUG --> getUserData 
2016-02-07 19:15:27 - DEBUG --> Archivo \components\com_jhotelreservationiews\hotel	mpl\hoteloverview.php 
2016-02-07 19:15:27 - DEBUG --> Accedió 
2016-02-07 19:21:26 - DEBUG --> Archivo \components\com_jhotelreservation\classes\services\UserDataService.php 
2016-02-07 19:21:26 - DEBUG --> initializeUserData 
2016-02-07 19:21:26 - DEBUG --> UserData first: N; 
2016-02-07 19:21:26 - DEBUG --> Archivo \components\com_jhotelreservation\classes\services\UserDataService.php 
2016-02-07 19:21:26 - DEBUG --> createUserData 
2016-02-07 19:21:26 - DEBUG --> UserData end:  a:0:{} 
2016-02-07 19:21:26 - DEBUG --> Archivo \components\com_jhotelreservation\classes\services\UserDataService.php 
2016-02-07 19:21:26 - DEBUG --> initializeUserData 
2016-02-07 19:21:26 - DEBUG --> UserData first: a:0:{} 
2016-02-07 19:21:26 - DEBUG --> UserData end:  a:0:{} 
2016-02-07 19:21:26 - DEBUG --> Archivo \components\com_jhotelreservation\classes\services\UserDataService.php 
2016-02-07 19:21:26 - DEBUG --> initializeReservationData 
2016-02-07 19:21:26 - DEBUG --> UserData: a:0:{} 
2016-02-07 19:21:26 - DEBUG --> Archivo \components\com_jhotelreservation\classes\services\UserDataService.php 
2016-02-07 19:21:26 - DEBUG --> updateUserData 
2016-02-07 19:21:26 - DEBUG --> Archivo \components\com_jhotelreservation\classes\services\UserDataService.php 
2016-02-07 19:21:26 - DEBUG --> getUserData 
2016-02-07 19:21:26 - DEBUG --> Archivo \components\com_jhotelreservation\classes\services\UserDataService.php 
2016-02-07 19:21:26 - DEBUG --> setCurrency 
2016-02-07 19:21:26 - DEBUG --> Archivo \components\com_jhotelreservation\classes\services\UserDataService.php 
2016-02-07 19:21:26 - DEBUG --> getUserData 
2016-02-07 19:21:26 - DEBUG --> Archivo \components\com_jhotelreservation\classes\services\UserDataService.php 
2016-02-07 19:21:26 - DEBUG --> getUserData 
2016-02-07 19:21:26 - DEBUG --> Archivo \components\com_jhotelreservation\classes\services\UserDataService.php 
2016-02-07 19:21:26 - DEBUG --> getUserData 
2016-02-07 19:21:26 - DEBUG --> Archivo \components\com_jhotelreservationiews\hotel	mpl\hoteloverview.php 
2016-02-07 19:21:26 - DEBUG --> Accedió 
2016-02-07 19:36:56 - DEBUG --> Archivo \components\com_jhotelreservation\classes\services\UserDataService.php 
2016-02-07 19:36:56 - DEBUG --> initializeUserData 
2016-02-07 19:36:56 - DEBUG --> UserData first: N; 
2016-02-07 19:36:56 - DEBUG --> Archivo \components\com_jhotelreservation\classes\services\UserDataService.php 
2016-02-07 19:36:56 - DEBUG --> createUserData 
2016-02-07 19:36:56 - DEBUG --> UserData end:  a:0:{} 
2016-02-07 19:36:56 - DEBUG --> Archivo \components\com_jhotelreservation\classes\services\UserDataService.php 
2016-02-07 19:36:56 - DEBUG --> initializeUserData 
2016-02-07 19:36:56 - DEBUG --> UserData first: a:0:{} 
2016-02-07 19:36:56 - DEBUG --> UserData end:  a:0:{} 
2016-02-07 19:36:56 - DEBUG --> Archivo \components\com_jhotelreservation\classes\services\UserDataService.php 
2016-02-07 19:36:56 - DEBUG --> initializeReservationData 
2016-02-07 19:36:56 - DEBUG --> UserData: a:0:{} 
2016-02-07 19:36:56 - DEBUG --> Archivo \components\com_jhotelreservation\classes\services\UserDataService.php 
2016-02-07 19:36:56 - DEBUG --> updateUserData 
2016-02-07 19:36:56 - DEBUG --> Archivo \components\com_jhotelreservation\classes\services\UserDataService.php 
2016-02-07 19:36:56 - DEBUG --> getUserData 
2016-02-07 19:36:56 - DEBUG --> Archivo \components\com_jhotelreservation\classes\services\UserDataService.php 
2016-02-07 19:36:56 - DEBUG --> setCurrency 
2016-02-07 19:36:56 - DEBUG --> Archivo \components\com_jhotelreservation\classes\services\UserDataService.php 
2016-02-07 19:36:56 - DEBUG --> getUserData 
2016-02-07 19:36:56 - DEBUG --> Archivo \components\com_jhotelreservation\classes\services\UserDataService.php 
2016-02-07 19:36:56 - DEBUG --> getUserData 
2016-02-07 19:36:56 - DEBUG --> Archivo \components\com_jhotelreservation\classes\services\UserDataService.php 
2016-02-07 19:36:56 - DEBUG --> getUserData 
2016-02-07 19:36:56 - DEBUG --> Archivo \components\com_jhotelreservationiews\hotel	mpl\hoteloverview.php 
2016-02-07 19:36:56 - DEBUG --> Accedió 
2016-02-07 20:25:22 - DEBUG --> Archivo \components\com_jhotelreservation\classes\services\UserDataService.php 
2016-02-07 20:25:22 - DEBUG --> initializeUserData 
2016-02-07 20:25:22 - DEBUG --> UserData first: N; 
2016-02-07 20:25:22 - DEBUG --> Archivo \components\com_jhotelreservation\classes\services\UserDataService.php 
2016-02-07 20:25:22 - DEBUG --> createUserData 
2016-02-07 20:25:22 - DEBUG --> UserData end:  a:0:{} 
2016-02-07 20:25:22 - DEBUG --> Archivo \components\com_jhotelreservation\classes\services\UserDataService.php 
2016-02-07 20:25:22 - DEBUG --> initializeUserData 
2016-02-07 20:25:22 - DEBUG --> UserData first: a:0:{} 
2016-02-07 20:25:22 - DEBUG --> UserData end:  a:0:{} 
2016-02-07 20:25:22 - DEBUG --> Archivo \components\com_jhotelreservation\classes\services\UserDataService.php 
2016-02-07 20:25:22 - DEBUG --> initializeReservationData 
2016-02-07 20:25:22 - DEBUG --> UserData: a:0:{} 
2016-02-07 20:25:22 - DEBUG --> Archivo \components\com_jhotelreservation\classes\services\UserDataService.php 
2016-02-07 20:25:22 - DEBUG --> updateUserData 
2016-02-07 20:25:22 - DEBUG --> Archivo \components\com_jhotelreservation\classes\services\UserDataService.php 
2016-02-07 20:25:22 - DEBUG --> getUserData 
2016-02-07 20:25:22 - DEBUG --> Archivo \components\com_jhotelreservation\classes\services\UserDataService.php 
2016-02-07 20:25:22 - DEBUG --> setCurrency 
2016-02-07 20:25:22 - DEBUG --> Archivo \components\com_jhotelreservation\classes\services\UserDataService.php 
2016-02-07 20:25:22 - DEBUG --> getUserData 
2016-02-07 20:25:22 - DEBUG --> Archivo \components\com_jhotelreservation\classes\services\UserDataService.php 
2016-02-07 20:25:22 - DEBUG --> getUserData 
2016-02-07 20:25:22 - DEBUG --> Archivo \components\com_jhotelreservation\classes\services\UserDataService.php 
2016-02-07 20:25:22 - DEBUG --> getUserData 
2016-02-07 20:25:22 - DEBUG --> Archivo \components\com_jhotelreservationiews\hotel	mpl\hoteloverview.php 
2016-02-07 20:25:22 - DEBUG --> Accedió 
2016-02-07 21:52:13 - DEBUG --> Archivo \components\com_jhotelreservation\classes\services\UserDataService.php 
2016-02-07 21:52:13 - DEBUG --> initializeUserData 
2016-02-07 21:52:13 - DEBUG --> UserData first: N; 
2016-02-07 21:52:13 - DEBUG --> Archivo \components\com_jhotelreservation\classes\services\UserDataService.php 
2016-02-07 21:52:13 - DEBUG --> createUserData 
2016-02-07 21:52:13 - DEBUG --> UserData end:  a:0:{} 
2016-02-07 21:52:13 - DEBUG --> Archivo \components\com_jhotelreservation\classes\services\UserDataService.php 
2016-02-07 21:52:13 - DEBUG --> initializeUserData 
2016-02-07 21:52:13 - DEBUG --> UserData first: a:0:{} 
2016-02-07 21:52:13 - DEBUG --> UserData end:  a:0:{} 
2016-02-07 21:52:13 - DEBUG --> Archivo \components\com_jhotelreservation\classes\services\UserDataService.php 
2016-02-07 21:52:13 - DEBUG --> initializeReservationData 
2016-02-07 21:52:13 - DEBUG --> UserData: a:0:{} 
2016-02-07 21:52:13 - DEBUG --> Archivo \components\com_jhotelreservation\classes\services\UserDataService.php 
2016-02-07 21:52:13 - DEBUG --> updateUserData 
2016-02-07 21:52:13 - DEBUG --> Archivo \components\com_jhotelreservation\classes\services\UserDataService.php 
2016-02-07 21:52:13 - DEBUG --> getUserData 
2016-02-07 21:52:13 - DEBUG --> Archivo \components\com_jhotelreservation\classes\services\UserDataService.php 
2016-02-07 21:52:13 - DEBUG --> setCurrency 
2016-02-07 21:52:13 - DEBUG --> Archivo \components\com_jhotelreservation\classes\services\UserDataService.php 
2016-02-07 21:52:13 - DEBUG --> getUserData 
2016-02-07 21:52:13 - DEBUG --> Archivo \components\com_jhotelreservation\classes\services\UserDataService.php 
2016-02-07 21:52:13 - DEBUG --> getUserData 
2016-02-07 21:52:13 - DEBUG --> Archivo \components\com_jhotelreservation\classes\services\UserDataService.php 
2016-02-07 21:52:13 - DEBUG --> getUserData 
2016-02-07 21:52:13 - DEBUG --> Archivo \components\com_jhotelreservationiews\hotel	mpl\hoteloverview.php 
2016-02-07 21:52:13 - DEBUG --> Accedió 
2016-02-07 22:31:37 - DEBUG --> Archivo \components\com_jhotelreservation\classes\services\UserDataService.php 
2016-02-07 22:31:37 - DEBUG --> initializeUserData 
2016-02-07 22:31:37 - DEBUG --> UserData first: N; 
2016-02-07 22:31:37 - DEBUG --> Archivo \components\com_jhotelreservation\classes\services\UserDataService.php 
2016-02-07 22:31:37 - DEBUG --> createUserData 
2016-02-07 22:31:37 - DEBUG --> UserData end:  a:0:{} 
2016-02-07 22:31:37 - DEBUG --> Archivo \components\com_jhotelreservation\classes\services\UserDataService.php 
2016-02-07 22:31:37 - DEBUG --> initializeUserData 
2016-02-07 22:31:37 - DEBUG --> UserData first: a:0:{} 
2016-02-07 22:31:37 - DEBUG --> UserData end:  a:0:{} 
2016-02-07 22:31:37 - DEBUG --> Archivo \components\com_jhotelreservation\classes\services\UserDataService.php 
2016-02-07 22:31:37 - DEBUG --> initializeReservationData 
2016-02-07 22:31:37 - DEBUG --> UserData: a:0:{} 
2016-02-07 22:31:37 - DEBUG --> Archivo \components\com_jhotelreservation\classes\services\UserDataService.php 
2016-02-07 22:31:37 - DEBUG --> updateUserData 
2016-02-07 22:31:37 - DEBUG --> Archivo \components\com_jhotelreservation\classes\services\UserDataService.php 
2016-02-07 22:31:37 - DEBUG --> getUserData 
2016-02-07 22:31:37 - DEBUG --> Archivo \components\com_jhotelreservation\classes\services\UserDataService.php 
2016-02-07 22:31:37 - DEBUG --> setCurrency 
2016-02-07 22:31:37 - DEBUG --> Archivo \components\com_jhotelreservation\classes\services\UserDataService.php 
2016-02-07 22:31:37 - DEBUG --> getUserData 
2016-02-07 22:31:37 - DEBUG --> Archivo \components\com_jhotelreservation\classes\services\UserDataService.php 
2016-02-07 22:31:37 - DEBUG --> getUserData 
2016-02-07 22:31:37 - DEBUG --> Archivo \components\com_jhotelreservation\classes\services\UserDataService.php 
2016-02-07 22:31:37 - DEBUG --> getUserData 
2016-02-07 22:31:37 - DEBUG --> Archivo \components\com_jhotelreservationiews\hotel	mpl\hoteloverview.php 
2016-02-07 22:31:37 - DEBUG --> Accedió 
2016-02-07 22:36:10 - DEBUG --> Archivo \components\com_jhotelreservation\classes\services\UserDataService.php 
2016-02-07 22:36:10 - DEBUG --> initializeUserData 
2016-02-07 22:36:10 - DEBUG --> UserData first: N; 
2016-02-07 22:36:10 - DEBUG --> Archivo \components\com_jhotelreservation\classes\services\UserDataService.php 
2016-02-07 22:36:10 - DEBUG --> createUserData 
2016-02-07 22:36:10 - DEBUG --> UserData end:  a:0:{} 
2016-02-07 22:36:10 - DEBUG --> Archivo \components\com_jhotelreservation\classes\services\UserDataService.php 
2016-02-07 22:36:10 - DEBUG --> initializeUserData 
2016-02-07 22:36:10 - DEBUG --> UserData first: a:0:{} 
2016-02-07 22:36:10 - DEBUG --> UserData end:  a:0:{} 
2016-02-07 22:36:10 - DEBUG --> Archivo \components\com_jhotelreservation\classes\services\UserDataService.php 
2016-02-07 22:36:10 - DEBUG --> initializeReservationData 
2016-02-07 22:36:10 - DEBUG --> UserData: a:0:{} 
2016-02-07 22:36:10 - DEBUG --> Archivo \components\com_jhotelreservation\classes\services\UserDataService.php 
2016-02-07 22:36:10 - DEBUG --> updateUserData 
2016-02-07 22:36:10 - DEBUG --> Archivo \components\com_jhotelreservation\classes\services\UserDataService.php 
2016-02-07 22:36:10 - DEBUG --> getUserData 
2016-02-07 22:36:10 - DEBUG --> Archivo \components\com_jhotelreservation\classes\services\UserDataService.php 
2016-02-07 22:36:10 - DEBUG --> setCurrency 
2016-02-07 22:36:10 - DEBUG --> Archivo \components\com_jhotelreservation\classes\services\UserDataService.php 
2016-02-07 22:36:10 - DEBUG --> getUserData 
2016-02-07 22:36:10 - DEBUG --> Archivo \components\com_jhotelreservation\classes\services\UserDataService.php 
2016-02-07 22:36:10 - DEBUG --> getUserData 
2016-02-07 22:36:10 - DEBUG --> Archivo \components\com_jhotelreservation\classes\services\UserDataService.php 
2016-02-07 22:36:10 - DEBUG --> getUserData 
2016-02-07 22:36:10 - DEBUG --> Archivo \components\com_jhotelreservationiews\hotel	mpl\hoteloverview.php 
2016-02-07 22:36:10 - DEBUG --> Accedió 
2016-02-07 22:36:47 - DEBUG --> Archivo \components\com_jhotelreservation\classes\services\UserDataService.php 
2016-02-07 22:36:47 - DEBUG --> initializeUserData 
2016-02-07 22:36:47 - DEBUG --> UserData first: N; 
2016-02-07 22:36:47 - DEBUG --> Archivo \components\com_jhotelreservation\classes\services\UserDataService.php 
2016-02-07 22:36:47 - DEBUG --> createUserData 
2016-02-07 22:36:47 - DEBUG --> UserData end:  a:0:{} 
2016-02-07 22:36:47 - DEBUG --> Archivo \components\com_jhotelreservation\classes\services\UserDataService.php 
2016-02-07 22:36:47 - DEBUG --> initializeUserData 
2016-02-07 22:36:47 - DEBUG --> UserData first: a:0:{} 
2016-02-07 22:36:47 - DEBUG --> UserData end:  a:0:{} 
2016-02-07 22:36:47 - DEBUG --> Archivo \components\com_jhotelreservation\classes\services\UserDataService.php 
2016-02-07 22:36:47 - DEBUG --> initializeReservationData 
2016-02-07 22:36:47 - DEBUG --> UserData: a:0:{} 
2016-02-07 22:36:47 - DEBUG --> Archivo \components\com_jhotelreservation\classes\services\UserDataService.php 
2016-02-07 22:36:47 - DEBUG --> updateUserData 
2016-02-07 22:36:47 - DEBUG --> Archivo \components\com_jhotelreservation\classes\services\UserDataService.php 
2016-02-07 22:36:47 - DEBUG --> getUserData 
2016-02-07 22:36:47 - DEBUG --> Archivo \components\com_jhotelreservation\classes\services\UserDataService.php 
2016-02-07 22:36:47 - DEBUG --> setCurrency 
2016-02-07 22:36:47 - DEBUG --> Archivo \components\com_jhotelreservation\classes\services\UserDataService.php 
2016-02-07 22:36:47 - DEBUG --> getUserData 
2016-02-07 22:36:47 - DEBUG --> Archivo \components\com_jhotelreservation\classes\services\UserDataService.php 
2016-02-07 22:36:47 - DEBUG --> getUserData 
2016-02-07 22:36:47 - DEBUG --> Archivo \components\com_jhotelreservation\classes\services\UserDataService.php 
2016-02-07 22:36:47 - DEBUG --> getUserData 
2016-02-07 22:36:47 - DEBUG --> Archivo \components\com_jhotelreservationiews\hotel	mpl\hoteloverview.php 
2016-02-07 22:36:47 - DEBUG --> Accedió 
2016-02-07 22:50:24 - DEBUG --> Archivo \components\com_jhotelreservation\classes\services\UserDataService.php 
2016-02-07 22:50:24 - DEBUG --> initializeUserData 
2016-02-07 22:50:24 - DEBUG --> UserData first: N; 
2016-02-07 22:50:24 - DEBUG --> Archivo \components\com_jhotelreservation\classes\services\UserDataService.php 
2016-02-07 22:50:24 - DEBUG --> createUserData 
2016-02-07 22:50:24 - DEBUG --> UserData end:  a:0:{} 
2016-02-07 22:50:24 - DEBUG --> Archivo \components\com_jhotelreservation\classes\services\UserDataService.php 
2016-02-07 22:50:24 - DEBUG --> initializeUserData 
2016-02-07 22:50:24 - DEBUG --> UserData first: a:0:{} 
2016-02-07 22:50:24 - DEBUG --> UserData end:  a:0:{} 
2016-02-07 22:50:24 - DEBUG --> Archivo \components\com_jhotelreservation\classes\services\UserDataService.php 
2016-02-07 22:50:24 - DEBUG --> initializeReservationData 
2016-02-07 22:50:24 - DEBUG --> UserData: a:0:{} 
2016-02-07 22:50:24 - DEBUG --> Archivo \components\com_jhotelreservation\classes\services\UserDataService.php 
2016-02-07 22:50:24 - DEBUG --> updateUserData 
2016-02-07 22:50:24 - DEBUG --> Archivo \components\com_jhotelreservation\classes\services\UserDataService.php 
2016-02-07 22:50:24 - DEBUG --> getUserData 
2016-02-07 22:50:24 - DEBUG --> Archivo \components\com_jhotelreservation\classes\services\UserDataService.php 
2016-02-07 22:50:24 - DEBUG --> setCurrency 
2016-02-07 22:50:24 - DEBUG --> Archivo \components\com_jhotelreservation\classes\services\UserDataService.php 
2016-02-07 22:50:24 - DEBUG --> getUserData 
2016-02-07 22:50:24 - DEBUG --> Archivo \components\com_jhotelreservation\classes\services\UserDataService.php 
2016-02-07 22:50:24 - DEBUG --> getUserData 
2016-02-07 22:50:24 - DEBUG --> Archivo \components\com_jhotelreservation\classes\services\UserDataService.php 
2016-02-07 22:50:24 - DEBUG --> getUserData 
2016-02-07 22:50:24 - DEBUG --> Archivo \components\com_jhotelreservationiews\hotel	mpl\hoteloverview.php 
2016-02-07 22:50:24 - DEBUG --> Accedió 
2016-02-07 22:59:57 - DEBUG --> Archivo \components\com_jhotelreservation\classes\services\UserDataService.php 
2016-02-07 22:59:57 - DEBUG --> initializeUserData 
2016-02-07 22:59:57 - DEBUG --> UserData first: N; 
2016-02-07 22:59:57 - DEBUG --> Archivo \components\com_jhotelreservation\classes\services\UserDataService.php 
2016-02-07 22:59:57 - DEBUG --> createUserData 
2016-02-07 22:59:57 - DEBUG --> UserData end:  a:0:{} 
2016-02-07 22:59:57 - DEBUG --> Archivo \components\com_jhotelreservation\classes\services\UserDataService.php 
2016-02-07 22:59:57 - DEBUG --> initializeUserData 
2016-02-07 22:59:57 - DEBUG --> UserData first: a:0:{} 
2016-02-07 22:59:57 - DEBUG --> UserData end:  a:0:{} 
2016-02-07 22:59:57 - DEBUG --> Archivo \components\com_jhotelreservation\classes\services\UserDataService.php 
2016-02-07 22:59:57 - DEBUG --> initializeReservationData 
2016-02-07 22:59:57 - DEBUG --> UserData: a:0:{} 
2016-02-07 22:59:57 - DEBUG --> Archivo \components\com_jhotelreservation\classes\services\UserDataService.php 
2016-02-07 22:59:57 - DEBUG --> updateUserData 
2016-02-07 22:59:57 - DEBUG --> Archivo \components\com_jhotelreservation\classes\services\UserDataService.php 
2016-02-07 22:59:57 - DEBUG --> getUserData 
2016-02-07 22:59:57 - DEBUG --> Archivo \components\com_jhotelreservation\classes\services\UserDataService.php 
2016-02-07 22:59:57 - DEBUG --> setCurrency 
2016-02-07 22:59:57 - DEBUG --> Archivo \components\com_jhotelreservation\classes\services\UserDataService.php 
2016-02-07 22:59:57 - DEBUG --> getUserData 
2016-02-07 22:59:57 - DEBUG --> Archivo \components\com_jhotelreservation\classes\services\UserDataService.php 
2016-02-07 22:59:57 - DEBUG --> getUserData 
2016-02-07 22:59:57 - DEBUG --> Archivo \components\com_jhotelreservation\classes\services\UserDataService.php 
2016-02-07 22:59:57 - DEBUG --> getUserData 
2016-02-07 22:59:57 - DEBUG --> Archivo \components\com_jhotelreservationiews\hotel	mpl\hoteloverview.php 
2016-02-07 22:59:57 - DEBUG --> Accedió 
2016-02-07 23:17:29 - DEBUG --> Archivo \components\com_jhotelreservation\classes\services\UserDataService.php 
2016-02-07 23:17:29 - DEBUG --> initializeUserData 
2016-02-07 23:17:29 - DEBUG --> UserData first: N; 
2016-02-07 23:17:29 - DEBUG --> Archivo \components\com_jhotelreservation\classes\services\UserDataService.php 
2016-02-07 23:17:29 - DEBUG --> createUserData 
2016-02-07 23:17:29 - DEBUG --> UserData end:  a:0:{} 
2016-02-07 23:17:29 - DEBUG --> Archivo \components\com_jhotelreservation\classes\services\UserDataService.php 
2016-02-07 23:17:29 - DEBUG --> initializeUserData 
2016-02-07 23:17:29 - DEBUG --> UserData first: a:0:{} 
2016-02-07 23:17:29 - DEBUG --> UserData end:  a:0:{} 
2016-02-07 23:17:29 - DEBUG --> Archivo \components\com_jhotelreservation\classes\services\UserDataService.php 
2016-02-07 23:17:29 - DEBUG --> initializeReservationData 
2016-02-07 23:17:29 - DEBUG --> UserData: a:0:{} 
2016-02-07 23:17:29 - DEBUG --> Archivo \components\com_jhotelreservation\classes\services\UserDataService.php 
2016-02-07 23:17:29 - DEBUG --> updateUserData 
2016-02-07 23:17:29 - DEBUG --> Archivo \components\com_jhotelreservation\classes\services\UserDataService.php 
2016-02-07 23:17:29 - DEBUG --> getUserData 
2016-02-07 23:17:29 - DEBUG --> Archivo \components\com_jhotelreservation\classes\services\UserDataService.php 
2016-02-07 23:17:29 - DEBUG --> setCurrency 
2016-02-07 23:17:29 - DEBUG --> Archivo \components\com_jhotelreservation\classes\services\UserDataService.php 
2016-02-07 23:17:29 - DEBUG --> getUserData 
2016-02-07 23:17:29 - DEBUG --> Archivo \components\com_jhotelreservation\classes\services\UserDataService.php 
2016-02-07 23:17:29 - DEBUG --> getUserData 
2016-02-07 23:17:29 - DEBUG --> Archivo \components\com_jhotelreservation\classes\services\UserDataService.php 
2016-02-07 23:17:29 - DEBUG --> getUserData 
2016-02-07 23:17:29 - DEBUG --> Archivo \components\com_jhotelreservationiews\hotel	mpl\hoteloverview.php 
2016-02-07 23:17:29 - DEBUG --> Accedió 
2016-02-07 23:24:33 - DEBUG --> Archivo \components\com_jhotelreservation\classes\services\UserDataService.php 
2016-02-07 23:24:33 - DEBUG --> initializeUserData 
2016-02-07 23:24:33 - DEBUG --> UserData first: N; 
2016-02-07 23:24:33 - DEBUG --> Archivo \components\com_jhotelreservation\classes\services\UserDataService.php 
2016-02-07 23:24:33 - DEBUG --> createUserData 
2016-02-07 23:24:33 - DEBUG --> UserData end:  a:0:{} 
2016-02-07 23:24:33 - DEBUG --> Archivo \components\com_jhotelreservation\classes\services\UserDataService.php 
2016-02-07 23:24:33 - DEBUG --> initializeUserData 
2016-02-07 23:24:33 - DEBUG --> UserData first: a:0:{} 
2016-02-07 23:24:33 - DEBUG --> UserData end:  a:0:{} 
2016-02-07 23:24:33 - DEBUG --> Archivo \components\com_jhotelreservation\classes\services\UserDataService.php 
2016-02-07 23:24:33 - DEBUG --> initializeReservationData 
2016-02-07 23:24:33 - DEBUG --> UserData: a:0:{} 
2016-02-07 23:24:33 - DEBUG --> Archivo \components\com_jhotelreservation\classes\services\UserDataService.php 
2016-02-07 23:24:33 - DEBUG --> updateUserData 
2016-02-07 23:24:33 - DEBUG --> Archivo \components\com_jhotelreservation\classes\services\UserDataService.php 
2016-02-07 23:24:33 - DEBUG --> getUserData 
2016-02-07 23:24:33 - DEBUG --> Archivo \components\com_jhotelreservation\classes\services\UserDataService.php 
2016-02-07 23:24:33 - DEBUG --> setCurrency 
2016-02-07 23:24:33 - DEBUG --> Archivo \components\com_jhotelreservation\classes\services\UserDataService.php 
2016-02-07 23:24:33 - DEBUG --> getUserData 
2016-02-07 23:24:33 - DEBUG --> Archivo \components\com_jhotelreservation\classes\services\UserDataService.php 
2016-02-07 23:24:33 - DEBUG --> getUserData 
2016-02-07 23:24:33 - DEBUG --> Archivo \components\com_jhotelreservation\classes\services\UserDataService.php 
2016-02-07 23:24:33 - DEBUG --> getUserData 
2016-02-07 23:58:24 - DEBUG --> Archivo \components\com_jhotelreservation\classes\services\UserDataService.php 
2016-02-07 23:58:24 - DEBUG --> initializeUserData 
2016-02-07 23:58:24 - DEBUG --> UserData first: N; 
2016-02-07 23:58:24 - DEBUG --> Archivo \components\com_jhotelreservation\classes\services\UserDataService.php 
2016-02-07 23:58:24 - DEBUG --> createUserData 
2016-02-07 23:58:24 - DEBUG --> UserData end:  a:0:{} 
2016-02-07 23:58:24 - DEBUG --> Archivo \components\com_jhotelreservation\classes\services\UserDataService.php 
2016-02-07 23:58:24 - DEBUG --> initializeUserData 
2016-02-07 23:58:24 - DEBUG --> UserData first: a:0:{} 
2016-02-07 23:58:24 - DEBUG --> UserData end:  a:0:{} 
2016-02-07 23:58:24 - DEBUG --> Archivo \components\com_jhotelreservation\classes\services\UserDataService.php 
2016-02-07 23:58:24 - DEBUG --> initializeReservationData 
2016-02-07 23:58:24 - DEBUG --> UserData: a:0:{} 
2016-02-07 23:58:24 - DEBUG --> Archivo \components\com_jhotelreservation\classes\services\UserDataService.php 
2016-02-07 23:58:24 - DEBUG --> updateUserData 
2016-02-07 23:58:24 - DEBUG --> Archivo \components\com_jhotelreservation\classes\services\UserDataService.php 
2016-02-07 23:58:24 - DEBUG --> getUserData 
2016-02-07 23:58:24 - DEBUG --> Archivo \components\com_jhotelreservation\classes\services\UserDataService.php 
2016-02-07 23:58:24 - DEBUG --> setCurrency 
2016-02-07 23:58:24 - DEBUG --> Archivo \components\com_jhotelreservation\classes\services\UserDataService.php 
2016-02-07 23:58:24 - DEBUG --> getUserData 
2016-02-07 23:58:24 - DEBUG --> Archivo \components\com_jhotelreservation\classes\services\UserDataService.php 
2016-02-07 23:58:24 - DEBUG --> getUserData 
2016-02-07 23:58:24 - DEBUG --> Archivo \components\com_jhotelreservation\classes\services\UserDataService.php 
2016-02-07 23:58:24 - DEBUG --> getUserData 
