2016-05-22 0:25:05 - DEBUG --> Archivo \components\com_jhotelreservation\classes\services\UserDataService.php 
2016-05-22 0:25:05 - DEBUG --> initializeUserData 
2016-05-22 0:25:05 - DEBUG --> UserData first: N; 
2016-05-22 0:25:05 - DEBUG --> Archivo \components\com_jhotelreservation\classes\services\UserDataService.php 
2016-05-22 0:25:05 - DEBUG --> createUserData 
2016-05-22 0:25:05 - DEBUG --> UserData end:  a:0:{} 
2016-05-22 0:25:05 - DEBUG --> Archivo \components\com_jhotelreservation\classes\services\UserDataService.php 
2016-05-22 0:25:05 - DEBUG --> initializeUserData 
2016-05-22 0:25:05 - DEBUG --> UserData first: a:0:{} 
2016-05-22 0:25:05 - DEBUG --> UserData end:  a:0:{} 
2016-05-22 0:25:05 - DEBUG --> Archivo \components\com_jhotelreservation\classes\services\UserDataService.php 
2016-05-22 0:25:05 - DEBUG --> initializeReservationData 
2016-05-22 0:25:05 - DEBUG --> UserData: a:0:{} 
2016-05-22 0:25:05 - DEBUG --> Archivo \components\com_jhotelreservation\classes\services\UserDataService.php 
2016-05-22 0:25:05 - DEBUG --> updateUserData 
2016-05-22 0:25:05 - DEBUG --> Archivo \components\com_jhotelreservation\classes\services\UserDataService.php 
2016-05-22 0:25:05 - DEBUG --> getUserData 
2016-05-22 0:25:05 - DEBUG --> Archivo \components\com_jhotelreservation\classes\services\UserDataService.php 
2016-05-22 0:25:05 - DEBUG --> setCurrency 
2016-05-22 0:25:05 - DEBUG --> Archivo \components\com_jhotelreservation\classes\services\UserDataService.php 
2016-05-22 0:25:05 - DEBUG --> getUserData 
2016-05-22 0:25:05 - DEBUG --> Archivo \components\com_jhotelreservation\classes\services\UserDataService.php 
2016-05-22 0:25:05 - DEBUG --> getUserData 
2016-05-22 0:25:05 - DEBUG --> Archivo \components\com_jhotelreservation\classes\services\UserDataService.php 
2016-05-22 0:25:05 - DEBUG --> getUserData 
2016-05-22 0:25:05 - DEBUG --> Archivo \components\com_jhotelreservationiews\hotel	mpl\hoteloverview.php 
2016-05-22 0:25:05 - DEBUG --> Accedió 
2016-05-22 0:25:06 - DEBUG --> Archivo \components\com_jhotelreservation\classes\services\UserDataService.php 
2016-05-22 0:25:06 - DEBUG --> initializeUserData 
2016-05-22 0:25:06 - DEBUG --> UserData first: N; 
2016-05-22 0:25:06 - DEBUG --> Archivo \components\com_jhotelreservation\classes\services\UserDataService.php 
2016-05-22 0:25:06 - DEBUG --> createUserData 
2016-05-22 0:25:06 - DEBUG --> UserData end:  a:0:{} 
2016-05-22 0:25:06 - DEBUG --> Archivo \components\com_jhotelreservation\classes\services\UserDataService.php 
2016-05-22 0:25:06 - DEBUG --> initializeUserData 
2016-05-22 0:25:06 - DEBUG --> UserData first: a:0:{} 
2016-05-22 0:25:06 - DEBUG --> UserData end:  a:0:{} 
2016-05-22 0:25:06 - DEBUG --> Archivo \components\com_jhotelreservation\classes\services\UserDataService.php 
2016-05-22 0:25:06 - DEBUG --> initializeReservationData 
2016-05-22 0:25:06 - DEBUG --> UserData: a:0:{} 
2016-05-22 0:25:06 - DEBUG --> Archivo \components\com_jhotelreservation\classes\services\UserDataService.php 
2016-05-22 0:25:06 - DEBUG --> updateUserData 
2016-05-22 0:25:06 - DEBUG --> Archivo \components\com_jhotelreservation\classes\services\UserDataService.php 
2016-05-22 0:25:06 - DEBUG --> getUserData 
2016-05-22 0:25:06 - DEBUG --> Archivo \components\com_jhotelreservation\classes\services\UserDataService.php 
2016-05-22 0:25:06 - DEBUG --> setCurrency 
2016-05-22 0:25:06 - DEBUG --> Archivo \components\com_jhotelreservation\classes\services\UserDataService.php 
2016-05-22 0:25:06 - DEBUG --> getUserData 
2016-05-22 0:25:06 - DEBUG --> Archivo \components\com_jhotelreservation\classes\services\UserDataService.php 
2016-05-22 0:25:06 - DEBUG --> getUserData 
2016-05-22 0:25:06 - DEBUG --> Archivo \components\com_jhotelreservation\classes\services\UserDataService.php 
2016-05-22 0:25:06 - DEBUG --> getUserData 
2016-05-22 0:25:06 - DEBUG --> Archivo \components\com_jhotelreservationiews\hotel	mpl\hoteloverview.php 
2016-05-22 0:25:06 - DEBUG --> Accedió 
2016-05-22 0:25:07 - DEBUG --> Archivo \components\com_jhotelreservation\classes\services\UserDataService.php 
2016-05-22 0:25:07 - DEBUG --> initializeUserData 
2016-05-22 0:25:07 - DEBUG --> UserData first: N; 
2016-05-22 0:25:07 - DEBUG --> Archivo \components\com_jhotelreservation\classes\services\UserDataService.php 
2016-05-22 0:25:07 - DEBUG --> createUserData 
2016-05-22 0:25:07 - DEBUG --> UserData end:  a:0:{} 
2016-05-22 0:25:07 - DEBUG --> Archivo \components\com_jhotelreservation\classes\services\UserDataService.php 
2016-05-22 0:25:07 - DEBUG --> initializeUserData 
2016-05-22 0:25:07 - DEBUG --> UserData first: a:0:{} 
2016-05-22 0:25:07 - DEBUG --> UserData end:  a:0:{} 
2016-05-22 0:25:07 - DEBUG --> Archivo \components\com_jhotelreservation\classes\services\UserDataService.php 
2016-05-22 0:25:07 - DEBUG --> initializeReservationData 
2016-05-22 0:25:07 - DEBUG --> UserData: a:0:{} 
2016-05-22 0:25:07 - DEBUG --> Archivo \components\com_jhotelreservation\classes\services\UserDataService.php 
2016-05-22 0:25:07 - DEBUG --> updateUserData 
2016-05-22 0:25:07 - DEBUG --> Archivo \components\com_jhotelreservation\classes\services\UserDataService.php 
2016-05-22 0:25:07 - DEBUG --> getUserData 
2016-05-22 0:25:07 - DEBUG --> Archivo \components\com_jhotelreservation\classes\services\UserDataService.php 
2016-05-22 0:25:07 - DEBUG --> setCurrency 
2016-05-22 0:25:07 - DEBUG --> Archivo \components\com_jhotelreservation\classes\services\UserDataService.php 
2016-05-22 0:25:07 - DEBUG --> getUserData 
2016-05-22 0:25:07 - DEBUG --> Archivo \components\com_jhotelreservation\classes\services\UserDataService.php 
2016-05-22 0:25:07 - DEBUG --> getUserData 
2016-05-22 0:25:07 - DEBUG --> Archivo \components\com_jhotelreservation\classes\services\UserDataService.php 
2016-05-22 0:25:07 - DEBUG --> getUserData 
2016-05-22 0:25:07 - DEBUG --> Archivo \components\com_jhotelreservationiews\hotel	mpl\hoteloverview.php 
2016-05-22 0:25:07 - DEBUG --> Accedió 
2016-05-22 0:25:09 - DEBUG --> Archivo \components\com_jhotelreservation\classes\services\UserDataService.php 
2016-05-22 0:25:09 - DEBUG --> initializeUserData 
2016-05-22 0:25:09 - DEBUG --> UserData first: N; 
2016-05-22 0:25:09 - DEBUG --> Archivo \components\com_jhotelreservation\classes\services\UserDataService.php 
2016-05-22 0:25:09 - DEBUG --> createUserData 
2016-05-22 0:25:09 - DEBUG --> UserData end:  a:0:{} 
2016-05-22 0:25:15 - DEBUG --> Archivo \components\com_jhotelreservation\classes\services\UserDataService.php 
2016-05-22 0:25:15 - DEBUG --> initializeUserData 
2016-05-22 0:25:15 - DEBUG --> UserData first: N; 
2016-05-22 0:25:15 - DEBUG --> Archivo \components\com_jhotelreservation\classes\services\UserDataService.php 
2016-05-22 0:25:15 - DEBUG --> createUserData 
2016-05-22 0:25:15 - DEBUG --> UserData end:  a:0:{} 
2016-05-22 0:25:15 - DEBUG --> Archivo \components\com_jhotelreservation\classes\services\UserDataService.php 
2016-05-22 0:25:15 - DEBUG --> initializeUserData 
2016-05-22 0:25:15 - DEBUG --> UserData first: a:0:{} 
2016-05-22 0:25:15 - DEBUG --> UserData end:  a:0:{} 
2016-05-22 0:25:15 - DEBUG --> Archivo \components\com_jhotelreservation\classes\services\UserDataService.php 
2016-05-22 0:25:15 - DEBUG --> initializeReservationData 
2016-05-22 0:25:15 - DEBUG --> UserData: a:0:{} 
2016-05-22 0:25:15 - DEBUG --> Archivo \components\com_jhotelreservation\classes\services\UserDataService.php 
2016-05-22 0:25:15 - DEBUG --> updateUserData 
2016-05-22 0:25:15 - DEBUG --> Archivo \components\com_jhotelreservation\classes\services\UserDataService.php 
2016-05-22 0:25:15 - DEBUG --> getUserData 
2016-05-22 0:25:15 - DEBUG --> Archivo \components\com_jhotelreservation\classes\services\UserDataService.php 
2016-05-22 0:25:15 - DEBUG --> setCurrency 
2016-05-22 0:25:15 - DEBUG --> Archivo \components\com_jhotelreservation\classes\services\UserDataService.php 
2016-05-22 0:25:15 - DEBUG --> getUserData 
2016-05-22 0:25:15 - DEBUG --> Archivo \components\com_jhotelreservation\classes\services\UserDataService.php 
2016-05-22 0:25:15 - DEBUG --> getUserData 
2016-05-22 0:25:15 - DEBUG --> Archivo \components\com_jhotelreservation\classes\services\UserDataService.php 
2016-05-22 0:25:15 - DEBUG --> getUserData 
2016-05-22 0:25:15 - DEBUG --> Archivo \components\com_jhotelreservationiews\hotel	mpl\hoteloverview.php 
2016-05-22 0:25:15 - DEBUG --> Accedió 
2016-05-22 0:25:20 - DEBUG --> Archivo \components\com_jhotelreservation\classes\services\UserDataService.php 
2016-05-22 0:25:20 - DEBUG --> initializeUserData 
2016-05-22 0:25:20 - DEBUG --> UserData first: N; 
2016-05-22 0:25:20 - DEBUG --> Archivo \components\com_jhotelreservation\classes\services\UserDataService.php 
2016-05-22 0:25:20 - DEBUG --> createUserData 
2016-05-22 0:25:20 - DEBUG --> UserData end:  a:0:{} 
2016-05-22 0:25:20 - DEBUG --> Archivo \components\com_jhotelreservation\classes\services\UserDataService.php 
2016-05-22 0:25:20 - DEBUG --> initializeUserData 
2016-05-22 0:25:20 - DEBUG --> UserData first: a:0:{} 
2016-05-22 0:25:20 - DEBUG --> UserData end:  a:0:{} 
2016-05-22 0:25:20 - DEBUG --> Archivo \components\com_jhotelreservation\classes\services\UserDataService.php 
2016-05-22 0:25:20 - DEBUG --> initializeReservationData 
2016-05-22 0:25:20 - DEBUG --> UserData: a:0:{} 
2016-05-22 0:25:20 - DEBUG --> Archivo \components\com_jhotelreservation\classes\services\UserDataService.php 
2016-05-22 0:25:20 - DEBUG --> updateUserData 
2016-05-22 0:25:20 - DEBUG --> Archivo \components\com_jhotelreservation\classes\services\UserDataService.php 
2016-05-22 0:25:20 - DEBUG --> getUserData 
2016-05-22 0:25:20 - DEBUG --> Archivo \components\com_jhotelreservation\classes\services\UserDataService.php 
2016-05-22 0:25:20 - DEBUG --> setCurrency 
2016-05-22 0:25:20 - DEBUG --> Archivo \components\com_jhotelreservation\classes\services\UserDataService.php 
2016-05-22 0:25:20 - DEBUG --> getUserData 
2016-05-22 0:25:20 - DEBUG --> Archivo \components\com_jhotelreservation\classes\services\UserDataService.php 
2016-05-22 0:25:20 - DEBUG --> getUserData 
2016-05-22 0:25:20 - DEBUG --> Archivo \components\com_jhotelreservation\classes\services\UserDataService.php 
2016-05-22 0:25:20 - DEBUG --> getUserData 
2016-05-22 0:25:20 - DEBUG --> Archivo \components\com_jhotelreservationiews\hotel	mpl\hoteloverview.php 
2016-05-22 0:25:20 - DEBUG --> Accedió 
2016-05-22 0:32:23 - DEBUG --> Archivo \components\com_jhotelreservation\classes\services\UserDataService.php 
2016-05-22 0:32:23 - DEBUG --> initializeUserData 
2016-05-22 0:32:23 - DEBUG --> UserData first: N; 
2016-05-22 0:32:23 - DEBUG --> Archivo \components\com_jhotelreservation\classes\services\UserDataService.php 
2016-05-22 0:32:23 - DEBUG --> createUserData 
2016-05-22 0:32:23 - DEBUG --> UserData end:  a:0:{} 
2016-05-22 0:32:23 - DEBUG --> Archivo \components\com_jhotelreservation\classes\services\UserDataService.php 
2016-05-22 0:32:23 - DEBUG --> initializeUserData 
2016-05-22 0:32:23 - DEBUG --> UserData first: a:0:{} 
2016-05-22 0:32:23 - DEBUG --> UserData end:  a:0:{} 
2016-05-22 0:32:23 - DEBUG --> Archivo \components\com_jhotelreservation\classes\services\UserDataService.php 
2016-05-22 0:32:23 - DEBUG --> initializeReservationData 
2016-05-22 0:32:23 - DEBUG --> UserData: a:0:{} 
2016-05-22 0:32:23 - DEBUG --> Archivo \components\com_jhotelreservation\classes\services\UserDataService.php 
2016-05-22 0:32:23 - DEBUG --> updateUserData 
2016-05-22 0:32:23 - DEBUG --> Archivo \components\com_jhotelreservation\classes\services\UserDataService.php 
2016-05-22 0:32:23 - DEBUG --> getUserData 
2016-05-22 0:32:23 - DEBUG --> Archivo \components\com_jhotelreservation\classes\services\UserDataService.php 
2016-05-22 0:32:23 - DEBUG --> setCurrency 
2016-05-22 0:32:23 - DEBUG --> Archivo \components\com_jhotelreservation\classes\services\UserDataService.php 
2016-05-22 0:32:23 - DEBUG --> getUserData 
2016-05-22 0:32:23 - DEBUG --> Archivo \components\com_jhotelreservation\classes\services\UserDataService.php 
2016-05-22 0:32:23 - DEBUG --> getUserData 
2016-05-22 0:32:23 - DEBUG --> Archivo \components\com_jhotelreservation\classes\services\UserDataService.php 
2016-05-22 0:32:23 - DEBUG --> getUserData 
2016-05-22 0:32:23 - DEBUG --> Archivo \components\com_jhotelreservationiews\hotel	mpl\hoteloverview.php 
2016-05-22 0:32:23 - DEBUG --> Accedió 
2016-05-22 0:32:27 - DEBUG --> Archivo \components\com_jhotelreservation\classes\services\UserDataService.php 
2016-05-22 0:32:27 - DEBUG --> initializeUserData 
2016-05-22 0:32:27 - DEBUG --> UserData first: N; 
2016-05-22 0:32:27 - DEBUG --> Archivo \components\com_jhotelreservation\classes\services\UserDataService.php 
2016-05-22 0:32:27 - DEBUG --> createUserData 
2016-05-22 0:32:27 - DEBUG --> UserData end:  a:0:{} 
2016-05-22 0:32:27 - DEBUG --> Archivo \components\com_jhotelreservation\classes\services\UserDataService.php 
2016-05-22 0:32:27 - DEBUG --> initializeUserData 
2016-05-22 0:32:27 - DEBUG --> UserData first: a:0:{} 
2016-05-22 0:32:27 - DEBUG --> UserData end:  a:0:{} 
2016-05-22 0:32:27 - DEBUG --> Archivo \components\com_jhotelreservation\classes\services\UserDataService.php 
2016-05-22 0:32:27 - DEBUG --> initializeReservationData 
2016-05-22 0:32:27 - DEBUG --> UserData: a:0:{} 
2016-05-22 0:32:27 - DEBUG --> Archivo \components\com_jhotelreservation\classes\services\UserDataService.php 
2016-05-22 0:32:27 - DEBUG --> updateUserData 
2016-05-22 0:32:27 - DEBUG --> Archivo \components\com_jhotelreservation\classes\services\UserDataService.php 
2016-05-22 0:32:27 - DEBUG --> getUserData 
2016-05-22 0:32:27 - DEBUG --> Archivo \components\com_jhotelreservation\classes\services\UserDataService.php 
2016-05-22 0:32:27 - DEBUG --> setCurrency 
2016-05-22 0:32:27 - DEBUG --> Archivo \components\com_jhotelreservation\classes\services\UserDataService.php 
2016-05-22 0:32:27 - DEBUG --> getUserData 
2016-05-22 0:32:27 - DEBUG --> Archivo \components\com_jhotelreservation\classes\services\UserDataService.php 
2016-05-22 0:32:27 - DEBUG --> getUserData 
2016-05-22 0:32:27 - DEBUG --> Archivo \components\com_jhotelreservation\classes\services\UserDataService.php 
2016-05-22 0:32:27 - DEBUG --> getUserData 
2016-05-22 0:32:27 - DEBUG --> Archivo \components\com_jhotelreservationiews\hotel	mpl\hoteloverview.php 
2016-05-22 0:32:27 - DEBUG --> Accedió 
2016-05-22 0:32:28 - DEBUG --> Archivo \components\com_jhotelreservation\classes\services\UserDataService.php 
2016-05-22 0:32:28 - DEBUG --> initializeUserData 
2016-05-22 0:32:28 - DEBUG --> UserData first: N; 
2016-05-22 0:32:28 - DEBUG --> Archivo \components\com_jhotelreservation\classes\services\UserDataService.php 
2016-05-22 0:32:28 - DEBUG --> createUserData 
2016-05-22 0:32:28 - DEBUG --> UserData end:  a:0:{} 
2016-05-22 0:32:28 - DEBUG --> Archivo \components\com_jhotelreservation\classes\services\UserDataService.php 
2016-05-22 0:32:28 - DEBUG --> initializeUserData 
2016-05-22 0:32:28 - DEBUG --> UserData first: a:0:{} 
2016-05-22 0:32:28 - DEBUG --> UserData end:  a:0:{} 
2016-05-22 0:32:28 - DEBUG --> Archivo \components\com_jhotelreservation\classes\services\UserDataService.php 
2016-05-22 0:32:28 - DEBUG --> initializeReservationData 
2016-05-22 0:32:28 - DEBUG --> UserData: a:0:{} 
2016-05-22 0:32:28 - DEBUG --> Archivo \components\com_jhotelreservation\classes\services\UserDataService.php 
2016-05-22 0:32:28 - DEBUG --> updateUserData 
2016-05-22 0:32:28 - DEBUG --> Archivo \components\com_jhotelreservation\classes\services\UserDataService.php 
2016-05-22 0:32:28 - DEBUG --> getUserData 
2016-05-22 0:32:28 - DEBUG --> Archivo \components\com_jhotelreservation\classes\services\UserDataService.php 
2016-05-22 0:32:28 - DEBUG --> setCurrency 
2016-05-22 0:32:28 - DEBUG --> Archivo \components\com_jhotelreservation\classes\services\UserDataService.php 
2016-05-22 0:32:28 - DEBUG --> getUserData 
2016-05-22 0:32:28 - DEBUG --> Archivo \components\com_jhotelreservation\classes\services\UserDataService.php 
2016-05-22 0:32:28 - DEBUG --> getUserData 
2016-05-22 0:32:28 - DEBUG --> Archivo \components\com_jhotelreservation\classes\services\UserDataService.php 
2016-05-22 0:32:28 - DEBUG --> getUserData 
2016-05-22 0:32:28 - DEBUG --> Archivo \components\com_jhotelreservationiews\hotel	mpl\hoteloverview.php 
2016-05-22 0:32:28 - DEBUG --> Accedió 
2016-05-22 0:32:30 - DEBUG --> Archivo \components\com_jhotelreservation\classes\services\UserDataService.php 
2016-05-22 0:32:30 - DEBUG --> initializeUserData 
2016-05-22 0:32:30 - DEBUG --> UserData first: N; 
2016-05-22 0:32:30 - DEBUG --> Archivo \components\com_jhotelreservation\classes\services\UserDataService.php 
2016-05-22 0:32:30 - DEBUG --> createUserData 
2016-05-22 0:32:30 - DEBUG --> UserData end:  a:0:{} 
2016-05-22 0:32:30 - DEBUG --> Archivo \components\com_jhotelreservation\classes\services\UserDataService.php 
2016-05-22 0:32:30 - DEBUG --> initializeUserData 
2016-05-22 0:32:30 - DEBUG --> UserData first: a:0:{} 
2016-05-22 0:32:30 - DEBUG --> UserData end:  a:0:{} 
2016-05-22 0:32:30 - DEBUG --> Archivo \components\com_jhotelreservation\classes\services\UserDataService.php 
2016-05-22 0:32:30 - DEBUG --> initializeReservationData 
2016-05-22 0:32:30 - DEBUG --> UserData: a:0:{} 
2016-05-22 0:32:30 - DEBUG --> Archivo \components\com_jhotelreservation\classes\services\UserDataService.php 
2016-05-22 0:32:30 - DEBUG --> updateUserData 
2016-05-22 0:32:30 - DEBUG --> Archivo \components\com_jhotelreservation\classes\services\UserDataService.php 
2016-05-22 0:32:30 - DEBUG --> getUserData 
2016-05-22 0:32:30 - DEBUG --> Archivo \components\com_jhotelreservation\classes\services\UserDataService.php 
2016-05-22 0:32:30 - DEBUG --> setCurrency 
2016-05-22 0:32:30 - DEBUG --> Archivo \components\com_jhotelreservation\classes\services\UserDataService.php 
2016-05-22 0:32:30 - DEBUG --> getUserData 
2016-05-22 0:32:30 - DEBUG --> Archivo \components\com_jhotelreservation\classes\services\UserDataService.php 
2016-05-22 0:32:30 - DEBUG --> getUserData 
2016-05-22 0:32:30 - DEBUG --> Archivo \components\com_jhotelreservation\classes\services\UserDataService.php 
2016-05-22 0:32:30 - DEBUG --> getUserData 
2016-05-22 0:32:30 - DEBUG --> Archivo \components\com_jhotelreservationiews\hotel	mpl\hoteloverview.php 
2016-05-22 0:32:30 - DEBUG --> Accedió 
2016-05-22 0:32:33 - DEBUG --> Archivo \components\com_jhotelreservation\classes\services\UserDataService.php 
2016-05-22 0:32:33 - DEBUG --> initializeUserData 
2016-05-22 0:32:33 - DEBUG --> UserData first: N; 
2016-05-22 0:32:33 - DEBUG --> Archivo \components\com_jhotelreservation\classes\services\UserDataService.php 
2016-05-22 0:32:33 - DEBUG --> createUserData 
2016-05-22 0:32:33 - DEBUG --> UserData end:  a:0:{} 
2016-05-22 0:32:33 - DEBUG --> Archivo \components\com_jhotelreservation\classes\services\UserDataService.php 
2016-05-22 0:32:33 - DEBUG --> initializeUserData 
2016-05-22 0:32:33 - DEBUG --> UserData first: a:0:{} 
2016-05-22 0:32:33 - DEBUG --> UserData end:  a:0:{} 
2016-05-22 0:32:33 - DEBUG --> Archivo \components\com_jhotelreservation\classes\services\UserDataService.php 
2016-05-22 0:32:33 - DEBUG --> initializeReservationData 
2016-05-22 0:32:33 - DEBUG --> UserData: a:0:{} 
2016-05-22 0:32:33 - DEBUG --> Archivo \components\com_jhotelreservation\classes\services\UserDataService.php 
2016-05-22 0:32:33 - DEBUG --> updateUserData 
2016-05-22 0:32:33 - DEBUG --> Archivo \components\com_jhotelreservation\classes\services\UserDataService.php 
2016-05-22 0:32:33 - DEBUG --> getUserData 
2016-05-22 0:32:33 - DEBUG --> Archivo \components\com_jhotelreservation\classes\services\UserDataService.php 
2016-05-22 0:32:33 - DEBUG --> setCurrency 
2016-05-22 0:32:33 - DEBUG --> Archivo \components\com_jhotelreservation\classes\services\UserDataService.php 
2016-05-22 0:32:33 - DEBUG --> getUserData 
2016-05-22 0:32:33 - DEBUG --> Archivo \components\com_jhotelreservation\classes\services\UserDataService.php 
2016-05-22 0:32:33 - DEBUG --> getUserData 
2016-05-22 0:32:33 - DEBUG --> Archivo \components\com_jhotelreservation\classes\services\UserDataService.php 
2016-05-22 0:32:33 - DEBUG --> getUserData 
2016-05-22 0:32:33 - DEBUG --> Archivo \components\com_jhotelreservationiews\hotel	mpl\hoteloverview.php 
2016-05-22 0:32:33 - DEBUG --> Accedió 
2016-05-22 2:11:18 - DEBUG --> Archivo \components\com_jhotelreservation\classes\services\UserDataService.php 
2016-05-22 2:11:18 - DEBUG --> initializeUserData 
2016-05-22 2:11:18 - DEBUG --> UserData first: N; 
2016-05-22 2:11:18 - DEBUG --> Archivo \components\com_jhotelreservation\classes\services\UserDataService.php 
2016-05-22 2:11:18 - DEBUG --> createUserData 
2016-05-22 2:11:18 - DEBUG --> UserData end:  a:0:{} 
2016-05-22 2:11:18 - DEBUG --> Archivo \components\com_jhotelreservation\classes\services\UserDataService.php 
2016-05-22 2:11:18 - DEBUG --> initializeUserData 
2016-05-22 2:11:18 - DEBUG --> UserData first: a:0:{} 
2016-05-22 2:11:18 - DEBUG --> UserData end:  a:0:{} 
2016-05-22 2:11:18 - DEBUG --> Archivo \components\com_jhotelreservation\classes\services\UserDataService.php 
2016-05-22 2:11:18 - DEBUG --> initializeReservationData 
2016-05-22 2:11:18 - DEBUG --> UserData: a:0:{} 
2016-05-22 2:11:18 - DEBUG --> Archivo \components\com_jhotelreservation\classes\services\UserDataService.php 
2016-05-22 2:11:18 - DEBUG --> updateUserData 
2016-05-22 2:11:18 - DEBUG --> Archivo \components\com_jhotelreservation\classes\services\UserDataService.php 
2016-05-22 2:11:18 - DEBUG --> getUserData 
2016-05-22 2:11:18 - DEBUG --> Archivo \components\com_jhotelreservation\classes\services\UserDataService.php 
2016-05-22 2:11:18 - DEBUG --> setCurrency 
2016-05-22 2:11:18 - DEBUG --> Archivo \components\com_jhotelreservation\classes\services\UserDataService.php 
2016-05-22 2:11:18 - DEBUG --> getUserData 
2016-05-22 2:11:18 - DEBUG --> Archivo \components\com_jhotelreservation\classes\services\UserDataService.php 
2016-05-22 2:11:18 - DEBUG --> getUserData 
2016-05-22 2:11:18 - DEBUG --> Archivo \components\com_jhotelreservation\classes\services\UserDataService.php 
2016-05-22 2:11:18 - DEBUG --> getUserData 
2016-05-22 2:11:18 - DEBUG --> Archivo \components\com_jhotelreservationiews\hotel	mpl\hoteloverview.php 
2016-05-22 2:11:18 - DEBUG --> Accedió 
2016-05-22 2:59:20 - DEBUG --> Archivo \components\com_jhotelreservation\classes\services\UserDataService.php 
2016-05-22 2:59:20 - DEBUG --> initializeUserData 
2016-05-22 2:59:20 - DEBUG --> UserData first: N; 
2016-05-22 2:59:20 - DEBUG --> Archivo \components\com_jhotelreservation\classes\services\UserDataService.php 
2016-05-22 2:59:20 - DEBUG --> createUserData 
2016-05-22 2:59:20 - DEBUG --> UserData end:  a:0:{} 
2016-05-22 2:59:20 - DEBUG --> Archivo \components\com_jhotelreservation\classes\services\UserDataService.php 
2016-05-22 2:59:20 - DEBUG --> initializeUserData 
2016-05-22 2:59:20 - DEBUG --> UserData first: a:0:{} 
2016-05-22 2:59:20 - DEBUG --> UserData end:  a:0:{} 
2016-05-22 2:59:20 - DEBUG --> Archivo \components\com_jhotelreservation\classes\services\UserDataService.php 
2016-05-22 2:59:20 - DEBUG --> initializeReservationData 
2016-05-22 2:59:20 - DEBUG --> UserData: a:0:{} 
2016-05-22 2:59:20 - DEBUG --> Archivo \components\com_jhotelreservation\classes\services\UserDataService.php 
2016-05-22 2:59:20 - DEBUG --> updateUserData 
2016-05-22 2:59:20 - DEBUG --> Archivo \components\com_jhotelreservation\classes\services\UserDataService.php 
2016-05-22 2:59:20 - DEBUG --> getUserData 
2016-05-22 2:59:20 - DEBUG --> Archivo \components\com_jhotelreservation\classes\services\UserDataService.php 
2016-05-22 2:59:20 - DEBUG --> setCurrency 
2016-05-22 2:59:20 - DEBUG --> Archivo \components\com_jhotelreservation\classes\services\UserDataService.php 
2016-05-22 2:59:20 - DEBUG --> getUserData 
2016-05-22 2:59:20 - DEBUG --> Archivo \components\com_jhotelreservation\classes\services\UserDataService.php 
2016-05-22 2:59:20 - DEBUG --> getUserData 
2016-05-22 2:59:20 - DEBUG --> Archivo \components\com_jhotelreservation\classes\services\UserDataService.php 
2016-05-22 2:59:20 - DEBUG --> getUserData 
2016-05-22 3:11:41 - DEBUG --> Archivo \components\com_jhotelreservation\classes\services\UserDataService.php 
2016-05-22 3:11:41 - DEBUG --> initializeUserData 
2016-05-22 3:11:41 - DEBUG --> UserData first: N; 
2016-05-22 3:11:41 - DEBUG --> Archivo \components\com_jhotelreservation\classes\services\UserDataService.php 
2016-05-22 3:11:41 - DEBUG --> createUserData 
2016-05-22 3:11:41 - DEBUG --> UserData end:  a:0:{} 
2016-05-22 3:57:19 - DEBUG --> Archivo \components\com_jhotelreservation\classes\services\UserDataService.php 
2016-05-22 3:57:19 - DEBUG --> initializeUserData 
2016-05-22 3:57:19 - DEBUG --> UserData first: N; 
2016-05-22 3:57:19 - DEBUG --> Archivo \components\com_jhotelreservation\classes\services\UserDataService.php 
2016-05-22 3:57:19 - DEBUG --> createUserData 
2016-05-22 3:57:19 - DEBUG --> UserData end:  a:0:{} 
2016-05-22 3:57:19 - DEBUG --> Archivo \components\com_jhotelreservation\classes\services\UserDataService.php 
2016-05-22 3:57:19 - DEBUG --> initializeUserData 
2016-05-22 3:57:19 - DEBUG --> UserData first: a:0:{} 
2016-05-22 3:57:19 - DEBUG --> UserData end:  a:0:{} 
2016-05-22 3:57:19 - DEBUG --> Archivo \components\com_jhotelreservation\classes\services\UserDataService.php 
2016-05-22 3:57:19 - DEBUG --> initializeReservationData 
2016-05-22 3:57:19 - DEBUG --> UserData: a:0:{} 
2016-05-22 3:57:19 - DEBUG --> Archivo \components\com_jhotelreservation\classes\services\UserDataService.php 
2016-05-22 3:57:19 - DEBUG --> updateUserData 
2016-05-22 3:57:19 - DEBUG --> Archivo \components\com_jhotelreservation\classes\services\UserDataService.php 
2016-05-22 3:57:19 - DEBUG --> getUserData 
2016-05-22 3:57:19 - DEBUG --> Archivo \components\com_jhotelreservation\classes\services\UserDataService.php 
2016-05-22 3:57:19 - DEBUG --> setCurrency 
2016-05-22 3:57:19 - DEBUG --> Archivo \components\com_jhotelreservation\classes\services\UserDataService.php 
2016-05-22 3:57:19 - DEBUG --> getUserData 
2016-05-22 3:57:19 - DEBUG --> Archivo \components\com_jhotelreservation\classes\services\UserDataService.php 
2016-05-22 3:57:19 - DEBUG --> getUserData 
2016-05-22 3:57:19 - DEBUG --> Archivo \components\com_jhotelreservation\classes\services\UserDataService.php 
2016-05-22 3:57:19 - DEBUG --> getUserData 
2016-05-22 3:57:19 - DEBUG --> Archivo \components\com_jhotelreservationiews\hotel	mpl\hoteloverview.php 
2016-05-22 3:57:19 - DEBUG --> Accedió 
2016-05-22 4:56:28 - DEBUG --> Archivo \components\com_jhotelreservation\classes\services\UserDataService.php 
2016-05-22 4:56:28 - DEBUG --> initializeUserData 
2016-05-22 4:56:28 - DEBUG --> UserData first: N; 
2016-05-22 4:56:28 - DEBUG --> Archivo \components\com_jhotelreservation\classes\services\UserDataService.php 
2016-05-22 4:56:28 - DEBUG --> createUserData 
2016-05-22 4:56:28 - DEBUG --> UserData end:  a:0:{} 
2016-05-22 4:56:28 - DEBUG --> Archivo \components\com_jhotelreservation\classes\services\UserDataService.php 
2016-05-22 4:56:28 - DEBUG --> initializeUserData 
2016-05-22 4:56:28 - DEBUG --> UserData first: a:0:{} 
2016-05-22 4:56:28 - DEBUG --> UserData end:  a:0:{} 
2016-05-22 4:56:28 - DEBUG --> Archivo \components\com_jhotelreservation\classes\services\UserDataService.php 
2016-05-22 4:56:28 - DEBUG --> initializeReservationData 
2016-05-22 4:56:28 - DEBUG --> UserData: a:0:{} 
2016-05-22 4:56:28 - DEBUG --> Archivo \components\com_jhotelreservation\classes\services\UserDataService.php 
2016-05-22 4:56:28 - DEBUG --> updateUserData 
2016-05-22 4:56:28 - DEBUG --> Archivo \components\com_jhotelreservation\classes\services\UserDataService.php 
2016-05-22 4:56:28 - DEBUG --> getUserData 
2016-05-22 4:56:28 - DEBUG --> Archivo \components\com_jhotelreservation\classes\services\UserDataService.php 
2016-05-22 4:56:28 - DEBUG --> setCurrency 
2016-05-22 4:56:28 - DEBUG --> Archivo \components\com_jhotelreservation\classes\services\UserDataService.php 
2016-05-22 4:56:28 - DEBUG --> getUserData 
2016-05-22 4:56:28 - DEBUG --> Archivo \components\com_jhotelreservation\classes\services\UserDataService.php 
2016-05-22 4:56:28 - DEBUG --> getUserData 
2016-05-22 4:56:28 - DEBUG --> Archivo \components\com_jhotelreservation\classes\services\UserDataService.php 
2016-05-22 4:56:28 - DEBUG --> getUserData 
2016-05-22 4:56:28 - DEBUG --> Archivo \components\com_jhotelreservationiews\hotel	mpl\hoteloverview.php 
2016-05-22 4:56:28 - DEBUG --> Accedió 
2016-05-22 6:46:48 - DEBUG --> Archivo \components\com_jhotelreservation\classes\services\UserDataService.php 
2016-05-22 6:46:48 - DEBUG --> initializeUserData 
2016-05-22 6:46:48 - DEBUG --> UserData first: N; 
2016-05-22 6:46:48 - DEBUG --> Archivo \components\com_jhotelreservation\classes\services\UserDataService.php 
2016-05-22 6:46:48 - DEBUG --> createUserData 
2016-05-22 6:46:48 - DEBUG --> UserData end:  a:0:{} 
2016-05-22 6:46:48 - DEBUG --> Archivo \components\com_jhotelreservation\classes\services\UserDataService.php 
2016-05-22 6:46:48 - DEBUG --> initializeUserData 
2016-05-22 6:46:48 - DEBUG --> UserData first: a:0:{} 
2016-05-22 6:46:48 - DEBUG --> UserData end:  a:0:{} 
2016-05-22 6:46:48 - DEBUG --> Archivo \components\com_jhotelreservation\classes\services\UserDataService.php 
2016-05-22 6:46:48 - DEBUG --> initializeReservationData 
2016-05-22 6:46:48 - DEBUG --> UserData: a:0:{} 
2016-05-22 6:46:48 - DEBUG --> Archivo \components\com_jhotelreservation\classes\services\UserDataService.php 
2016-05-22 6:46:48 - DEBUG --> updateUserData 
2016-05-22 6:46:48 - DEBUG --> Archivo \components\com_jhotelreservation\classes\services\UserDataService.php 
2016-05-22 6:46:48 - DEBUG --> getUserData 
2016-05-22 6:46:48 - DEBUG --> Archivo \components\com_jhotelreservation\classes\services\UserDataService.php 
2016-05-22 6:46:48 - DEBUG --> setCurrency 
2016-05-22 6:46:48 - DEBUG --> Archivo \components\com_jhotelreservation\classes\services\UserDataService.php 
2016-05-22 6:46:48 - DEBUG --> getUserData 
2016-05-22 6:46:48 - DEBUG --> Archivo \components\com_jhotelreservation\classes\services\UserDataService.php 
2016-05-22 6:46:48 - DEBUG --> getUserData 
2016-05-22 6:46:48 - DEBUG --> Archivo \components\com_jhotelreservation\classes\services\UserDataService.php 
2016-05-22 6:46:48 - DEBUG --> getUserData 
2016-05-22 6:46:48 - DEBUG --> Archivo \components\com_jhotelreservationiews\hotel	mpl\hoteloverview.php 
2016-05-22 6:46:48 - DEBUG --> Accedió 
2016-05-22 7:48:50 - DEBUG --> Archivo \components\com_jhotelreservation\classes\services\UserDataService.php 
2016-05-22 7:48:50 - DEBUG --> initializeUserData 
2016-05-22 7:48:50 - DEBUG --> UserData first: N; 
2016-05-22 7:48:50 - DEBUG --> Archivo \components\com_jhotelreservation\classes\services\UserDataService.php 
2016-05-22 7:48:50 - DEBUG --> createUserData 
2016-05-22 7:48:50 - DEBUG --> UserData end:  a:0:{} 
2016-05-22 7:48:50 - DEBUG --> Archivo \components\com_jhotelreservation\classes\services\UserDataService.php 
2016-05-22 7:48:50 - DEBUG --> initializeUserData 
2016-05-22 7:48:50 - DEBUG --> UserData first: a:0:{} 
2016-05-22 7:48:50 - DEBUG --> UserData end:  a:0:{} 
2016-05-22 7:48:50 - DEBUG --> Archivo \components\com_jhotelreservation\classes\services\UserDataService.php 
2016-05-22 7:48:50 - DEBUG --> initializeReservationData 
2016-05-22 7:48:50 - DEBUG --> UserData: a:0:{} 
2016-05-22 7:48:50 - DEBUG --> Archivo \components\com_jhotelreservation\classes\services\UserDataService.php 
2016-05-22 7:48:50 - DEBUG --> updateUserData 
2016-05-22 7:48:50 - DEBUG --> Archivo \components\com_jhotelreservation\classes\services\UserDataService.php 
2016-05-22 7:48:50 - DEBUG --> getUserData 
2016-05-22 7:48:50 - DEBUG --> Archivo \components\com_jhotelreservation\classes\services\UserDataService.php 
2016-05-22 7:48:50 - DEBUG --> setCurrency 
2016-05-22 7:48:50 - DEBUG --> Archivo \components\com_jhotelreservation\classes\services\UserDataService.php 
2016-05-22 7:48:50 - DEBUG --> getUserData 
2016-05-22 7:48:50 - DEBUG --> Archivo \components\com_jhotelreservation\classes\services\UserDataService.php 
2016-05-22 7:48:50 - DEBUG --> getUserData 
2016-05-22 7:48:50 - DEBUG --> Archivo \components\com_jhotelreservation\classes\services\UserDataService.php 
2016-05-22 7:48:50 - DEBUG --> getUserData 
2016-05-22 7:48:50 - DEBUG --> Archivo \components\com_jhotelreservationiews\hotel	mpl\hoteloverview.php 
2016-05-22 7:48:50 - DEBUG --> Accedió 
2016-05-22 8:44:19 - DEBUG --> Archivo \components\com_jhotelreservation\classes\services\UserDataService.php 
2016-05-22 8:44:19 - DEBUG --> initializeUserData 
2016-05-22 8:44:19 - DEBUG --> UserData first: N; 
2016-05-22 8:44:19 - DEBUG --> Archivo \components\com_jhotelreservation\classes\services\UserDataService.php 
2016-05-22 8:44:19 - DEBUG --> createUserData 
2016-05-22 8:44:19 - DEBUG --> UserData end:  a:0:{} 
2016-05-22 8:44:19 - DEBUG --> Archivo \components\com_jhotelreservation\classes\services\UserDataService.php 
2016-05-22 8:44:19 - DEBUG --> initializeUserData 
2016-05-22 8:44:19 - DEBUG --> UserData first: a:0:{} 
2016-05-22 8:44:19 - DEBUG --> UserData end:  a:0:{} 
2016-05-22 8:44:19 - DEBUG --> Archivo \components\com_jhotelreservation\classes\services\UserDataService.php 
2016-05-22 8:44:19 - DEBUG --> initializeReservationData 
2016-05-22 8:44:19 - DEBUG --> UserData: a:0:{} 
2016-05-22 8:44:19 - DEBUG --> Archivo \components\com_jhotelreservation\classes\services\UserDataService.php 
2016-05-22 8:44:19 - DEBUG --> updateUserData 
2016-05-22 8:44:19 - DEBUG --> Archivo \components\com_jhotelreservation\classes\services\UserDataService.php 
2016-05-22 8:44:19 - DEBUG --> getUserData 
2016-05-22 8:44:19 - DEBUG --> Archivo \components\com_jhotelreservation\classes\services\UserDataService.php 
2016-05-22 8:44:19 - DEBUG --> setCurrency 
2016-05-22 8:44:19 - DEBUG --> Archivo \components\com_jhotelreservation\classes\services\UserDataService.php 
2016-05-22 8:44:19 - DEBUG --> getUserData 
2016-05-22 8:44:19 - DEBUG --> Archivo \components\com_jhotelreservation\classes\services\UserDataService.php 
2016-05-22 8:44:19 - DEBUG --> getUserData 
2016-05-22 8:44:19 - DEBUG --> Archivo \components\com_jhotelreservation\classes\services\UserDataService.php 
2016-05-22 8:44:19 - DEBUG --> getUserData 
2016-05-22 11:19:31 - DEBUG --> Archivo \components\com_jhotelreservation\classes\services\UserDataService.php 
2016-05-22 11:19:31 - DEBUG --> initializeUserData 
2016-05-22 11:19:31 - DEBUG --> UserData first: N; 
2016-05-22 11:19:31 - DEBUG --> Archivo \components\com_jhotelreservation\classes\services\UserDataService.php 
2016-05-22 11:19:31 - DEBUG --> createUserData 
2016-05-22 11:19:31 - DEBUG --> UserData end:  a:0:{} 
2016-05-22 11:19:31 - DEBUG --> Archivo \components\com_jhotelreservation\classes\services\UserDataService.php 
2016-05-22 11:19:31 - DEBUG --> initializeUserData 
2016-05-22 11:19:31 - DEBUG --> UserData first: a:0:{} 
2016-05-22 11:19:31 - DEBUG --> UserData end:  a:0:{} 
2016-05-22 11:19:31 - DEBUG --> Archivo \components\com_jhotelreservation\classes\services\UserDataService.php 
2016-05-22 11:19:31 - DEBUG --> initializeReservationData 
2016-05-22 11:19:31 - DEBUG --> UserData: a:0:{} 
2016-05-22 11:19:31 - DEBUG --> Archivo \components\com_jhotelreservation\classes\services\UserDataService.php 
2016-05-22 11:19:31 - DEBUG --> updateUserData 
2016-05-22 11:19:31 - DEBUG --> Archivo \components\com_jhotelreservation\classes\services\UserDataService.php 
2016-05-22 11:19:31 - DEBUG --> getUserData 
2016-05-22 11:19:31 - DEBUG --> Archivo \components\com_jhotelreservation\classes\services\UserDataService.php 
2016-05-22 11:19:31 - DEBUG --> setCurrency 
2016-05-22 11:19:31 - DEBUG --> Archivo \components\com_jhotelreservation\classes\services\UserDataService.php 
2016-05-22 11:19:31 - DEBUG --> getUserData 
2016-05-22 11:19:31 - DEBUG --> Archivo \components\com_jhotelreservation\classes\services\UserDataService.php 
2016-05-22 11:19:31 - DEBUG --> getUserData 
2016-05-22 11:19:31 - DEBUG --> Archivo \components\com_jhotelreservation\classes\services\UserDataService.php 
2016-05-22 11:19:31 - DEBUG --> getUserData 
2016-05-22 11:41:19 - DEBUG --> Archivo \components\com_jhotelreservation\classes\services\UserDataService.php 
2016-05-22 11:41:19 - DEBUG --> initializeUserData 
2016-05-22 11:41:19 - DEBUG --> UserData first: N; 
2016-05-22 11:41:19 - DEBUG --> Archivo \components\com_jhotelreservation\classes\services\UserDataService.php 
2016-05-22 11:41:19 - DEBUG --> createUserData 
2016-05-22 11:41:19 - DEBUG --> UserData end:  a:0:{} 
2016-05-22 11:41:19 - DEBUG --> Archivo \components\com_jhotelreservation\classes\services\UserDataService.php 
2016-05-22 11:41:19 - DEBUG --> initializeUserData 
2016-05-22 11:41:19 - DEBUG --> UserData first: a:0:{} 
2016-05-22 11:41:19 - DEBUG --> UserData end:  a:0:{} 
2016-05-22 11:41:19 - DEBUG --> Archivo \components\com_jhotelreservation\classes\services\UserDataService.php 
2016-05-22 11:41:19 - DEBUG --> initializeReservationData 
2016-05-22 11:41:19 - DEBUG --> UserData: a:0:{} 
2016-05-22 11:41:19 - DEBUG --> Archivo \components\com_jhotelreservation\classes\services\UserDataService.php 
2016-05-22 11:41:19 - DEBUG --> updateUserData 
2016-05-22 11:41:19 - DEBUG --> Archivo \components\com_jhotelreservation\classes\services\UserDataService.php 
2016-05-22 11:41:19 - DEBUG --> getUserData 
2016-05-22 11:41:19 - DEBUG --> Archivo \components\com_jhotelreservation\classes\services\UserDataService.php 
2016-05-22 11:41:19 - DEBUG --> setCurrency 
2016-05-22 11:41:19 - DEBUG --> Archivo \components\com_jhotelreservation\classes\services\UserDataService.php 
2016-05-22 11:41:19 - DEBUG --> getUserData 
2016-05-22 11:41:19 - DEBUG --> Archivo \components\com_jhotelreservation\classes\services\UserDataService.php 
2016-05-22 11:41:19 - DEBUG --> getUserData 
2016-05-22 11:41:19 - DEBUG --> Archivo \components\com_jhotelreservation\classes\services\UserDataService.php 
2016-05-22 11:41:19 - DEBUG --> getUserData 
2016-05-22 12:05:52 - DEBUG --> Archivo \components\com_jhotelreservation\classes\services\UserDataService.php 
2016-05-22 12:05:52 - DEBUG --> initializeUserData 
2016-05-22 12:05:52 - DEBUG --> UserData first: N; 
2016-05-22 12:05:52 - DEBUG --> Archivo \components\com_jhotelreservation\classes\services\UserDataService.php 
2016-05-22 12:05:52 - DEBUG --> createUserData 
2016-05-22 12:05:52 - DEBUG --> UserData end:  a:0:{} 
2016-05-22 12:05:52 - DEBUG --> Archivo \components\com_jhotelreservation\classes\services\UserDataService.php 
2016-05-22 12:05:52 - DEBUG --> initializeUserData 
2016-05-22 12:05:52 - DEBUG --> UserData first: a:0:{} 
2016-05-22 12:05:52 - DEBUG --> UserData end:  a:0:{} 
2016-05-22 12:05:52 - DEBUG --> Archivo \components\com_jhotelreservation\classes\services\UserDataService.php 
2016-05-22 12:05:52 - DEBUG --> initializeReservationData 
2016-05-22 12:05:52 - DEBUG --> UserData: a:0:{} 
2016-05-22 12:05:52 - DEBUG --> Archivo \components\com_jhotelreservation\classes\services\UserDataService.php 
2016-05-22 12:05:52 - DEBUG --> updateUserData 
2016-05-22 12:05:52 - DEBUG --> Archivo \components\com_jhotelreservation\classes\services\UserDataService.php 
2016-05-22 12:05:52 - DEBUG --> getUserData 
2016-05-22 12:05:52 - DEBUG --> Archivo \components\com_jhotelreservation\classes\services\UserDataService.php 
2016-05-22 12:05:52 - DEBUG --> setCurrency 
2016-05-22 12:05:52 - DEBUG --> Archivo \components\com_jhotelreservation\classes\services\UserDataService.php 
2016-05-22 12:05:52 - DEBUG --> getUserData 
2016-05-22 12:05:52 - DEBUG --> Archivo \components\com_jhotelreservation\classes\services\UserDataService.php 
2016-05-22 12:05:52 - DEBUG --> getUserData 
2016-05-22 12:05:52 - DEBUG --> Archivo \components\com_jhotelreservation\classes\services\UserDataService.php 
2016-05-22 12:05:52 - DEBUG --> getUserData 
2016-05-22 12:05:52 - DEBUG --> Archivo \components\com_jhotelreservationiews\hotel	mpl\hoteloverview.php 
2016-05-22 12:05:52 - DEBUG --> Accedió 
2016-05-22 13:13:49 - DEBUG --> Archivo \components\com_jhotelreservation\classes\services\UserDataService.php 
2016-05-22 13:13:49 - DEBUG --> initializeUserData 
2016-05-22 13:13:49 - DEBUG --> UserData first: N; 
2016-05-22 13:13:49 - DEBUG --> Archivo \components\com_jhotelreservation\classes\services\UserDataService.php 
2016-05-22 13:13:49 - DEBUG --> createUserData 
2016-05-22 13:13:49 - DEBUG --> UserData end:  a:0:{} 
2016-05-22 13:13:49 - DEBUG --> Archivo \components\com_jhotelreservation\classes\services\UserDataService.php 
2016-05-22 13:13:49 - DEBUG --> initializeUserData 
2016-05-22 13:13:49 - DEBUG --> UserData first: a:0:{} 
2016-05-22 13:13:49 - DEBUG --> UserData end:  a:0:{} 
2016-05-22 13:13:49 - DEBUG --> Archivo \components\com_jhotelreservation\classes\services\UserDataService.php 
2016-05-22 13:13:49 - DEBUG --> initializeReservationData 
2016-05-22 13:13:49 - DEBUG --> UserData: a:0:{} 
2016-05-22 13:13:49 - DEBUG --> Archivo \components\com_jhotelreservation\classes\services\UserDataService.php 
2016-05-22 13:13:49 - DEBUG --> updateUserData 
2016-05-22 13:13:49 - DEBUG --> Archivo \components\com_jhotelreservation\classes\services\UserDataService.php 
2016-05-22 13:13:49 - DEBUG --> getUserData 
2016-05-22 13:13:49 - DEBUG --> Archivo \components\com_jhotelreservation\classes\services\UserDataService.php 
2016-05-22 13:13:49 - DEBUG --> setCurrency 
2016-05-22 13:13:49 - DEBUG --> Archivo \components\com_jhotelreservation\classes\services\UserDataService.php 
2016-05-22 13:13:49 - DEBUG --> getUserData 
2016-05-22 13:13:49 - DEBUG --> Archivo \components\com_jhotelreservation\classes\services\UserDataService.php 
2016-05-22 13:13:49 - DEBUG --> getUserData 
2016-05-22 13:13:49 - DEBUG --> Archivo \components\com_jhotelreservation\classes\services\UserDataService.php 
2016-05-22 13:13:49 - DEBUG --> getUserData 
2016-05-22 13:53:59 - DEBUG --> Archivo \components\com_jhotelreservation\classes\services\UserDataService.php 
2016-05-22 13:53:59 - DEBUG --> initializeUserData 
2016-05-22 13:53:59 - DEBUG --> UserData first: N; 
2016-05-22 13:53:59 - DEBUG --> Archivo \components\com_jhotelreservation\classes\services\UserDataService.php 
2016-05-22 13:53:59 - DEBUG --> createUserData 
2016-05-22 13:53:59 - DEBUG --> UserData end:  a:0:{} 
2016-05-22 13:53:59 - DEBUG --> Archivo \components\com_jhotelreservation\classes\services\UserDataService.php 
2016-05-22 13:53:59 - DEBUG --> initializeUserData 
2016-05-22 13:53:59 - DEBUG --> UserData first: a:0:{} 
2016-05-22 13:53:59 - DEBUG --> UserData end:  a:0:{} 
2016-05-22 13:53:59 - DEBUG --> Archivo \components\com_jhotelreservation\classes\services\UserDataService.php 
2016-05-22 13:53:59 - DEBUG --> initializeReservationData 
2016-05-22 13:53:59 - DEBUG --> UserData: a:0:{} 
2016-05-22 13:53:59 - DEBUG --> Archivo \components\com_jhotelreservation\classes\services\UserDataService.php 
2016-05-22 13:53:59 - DEBUG --> updateUserData 
2016-05-22 13:53:59 - DEBUG --> Archivo \components\com_jhotelreservation\classes\services\UserDataService.php 
2016-05-22 13:53:59 - DEBUG --> getUserData 
2016-05-22 13:53:59 - DEBUG --> Archivo \components\com_jhotelreservation\classes\services\UserDataService.php 
2016-05-22 13:53:59 - DEBUG --> setCurrency 
2016-05-22 13:53:59 - DEBUG --> Archivo \components\com_jhotelreservation\classes\services\UserDataService.php 
2016-05-22 13:53:59 - DEBUG --> getUserData 
2016-05-22 13:53:59 - DEBUG --> Archivo \components\com_jhotelreservation\classes\services\UserDataService.php 
2016-05-22 13:53:59 - DEBUG --> getUserData 
2016-05-22 13:53:59 - DEBUG --> Archivo \components\com_jhotelreservation\classes\services\UserDataService.php 
2016-05-22 13:53:59 - DEBUG --> getUserData 
2016-05-22 14:30:59 - DEBUG --> Archivo \components\com_jhotelreservation\classes\services\UserDataService.php 
2016-05-22 14:30:59 - DEBUG --> initializeUserData 
2016-05-22 14:30:59 - DEBUG --> UserData first: N; 
2016-05-22 14:30:59 - DEBUG --> Archivo \components\com_jhotelreservation\classes\services\UserDataService.php 
2016-05-22 14:30:59 - DEBUG --> createUserData 
2016-05-22 14:30:59 - DEBUG --> UserData end:  a:0:{} 
2016-05-22 14:31:00 - DEBUG --> Archivo \components\com_jhotelreservation\classes\services\UserDataService.php 
2016-05-22 14:31:00 - DEBUG --> initializeUserData 
2016-05-22 14:31:00 - DEBUG --> UserData first: a:0:{} 
2016-05-22 14:31:00 - DEBUG --> UserData end:  a:0:{} 
2016-05-22 14:31:00 - DEBUG --> Archivo \components\com_jhotelreservation\classes\services\UserDataService.php 
2016-05-22 14:31:00 - DEBUG --> initializeReservationData 
2016-05-22 14:31:00 - DEBUG --> UserData: a:0:{} 
2016-05-22 14:31:00 - DEBUG --> Archivo \components\com_jhotelreservation\classes\services\UserDataService.php 
2016-05-22 14:31:00 - DEBUG --> updateUserData 
2016-05-22 14:31:00 - DEBUG --> Archivo \components\com_jhotelreservation\classes\services\UserDataService.php 
2016-05-22 14:31:00 - DEBUG --> getUserData 
2016-05-22 14:31:00 - DEBUG --> Archivo \components\com_jhotelreservation\classes\services\UserDataService.php 
2016-05-22 14:31:00 - DEBUG --> setCurrency 
2016-05-22 14:31:00 - DEBUG --> Archivo \components\com_jhotelreservation\classes\services\UserDataService.php 
2016-05-22 14:31:00 - DEBUG --> getUserData 
2016-05-22 14:31:00 - DEBUG --> Archivo \components\com_jhotelreservation\classes\services\UserDataService.php 
2016-05-22 14:31:00 - DEBUG --> getUserData 
2016-05-22 14:31:00 - DEBUG --> Archivo \components\com_jhotelreservation\classes\services\UserDataService.php 
2016-05-22 14:31:00 - DEBUG --> getUserData 
2016-05-22 15:51:25 - DEBUG --> Archivo \components\com_jhotelreservation\classes\services\UserDataService.php 
2016-05-22 15:51:25 - DEBUG --> initializeUserData 
2016-05-22 15:51:25 - DEBUG --> UserData first: N; 
2016-05-22 15:51:25 - DEBUG --> Archivo \components\com_jhotelreservation\classes\services\UserDataService.php 
2016-05-22 15:51:25 - DEBUG --> createUserData 
2016-05-22 15:51:25 - DEBUG --> UserData end:  a:0:{} 
2016-05-22 15:51:25 - DEBUG --> Archivo \components\com_jhotelreservation\classes\services\UserDataService.php 
2016-05-22 15:51:25 - DEBUG --> initializeUserData 
2016-05-22 15:51:25 - DEBUG --> UserData first: a:0:{} 
2016-05-22 15:51:25 - DEBUG --> UserData end:  a:0:{} 
2016-05-22 15:51:25 - DEBUG --> Archivo \components\com_jhotelreservation\classes\services\UserDataService.php 
2016-05-22 15:51:25 - DEBUG --> initializeReservationData 
2016-05-22 15:51:25 - DEBUG --> UserData: a:0:{} 
2016-05-22 15:51:25 - DEBUG --> Archivo \components\com_jhotelreservation\classes\services\UserDataService.php 
2016-05-22 15:51:25 - DEBUG --> updateUserData 
2016-05-22 15:51:25 - DEBUG --> Archivo \components\com_jhotelreservation\classes\services\UserDataService.php 
2016-05-22 15:51:25 - DEBUG --> getUserData 
2016-05-22 15:51:25 - DEBUG --> Archivo \components\com_jhotelreservation\classes\services\UserDataService.php 
2016-05-22 15:51:25 - DEBUG --> setCurrency 
2016-05-22 15:51:25 - DEBUG --> Archivo \components\com_jhotelreservation\classes\services\UserDataService.php 
2016-05-22 15:51:25 - DEBUG --> getUserData 
2016-05-22 15:51:25 - DEBUG --> Archivo \components\com_jhotelreservation\classes\services\UserDataService.php 
2016-05-22 15:51:25 - DEBUG --> getUserData 
2016-05-22 15:51:25 - DEBUG --> Archivo \components\com_jhotelreservation\classes\services\UserDataService.php 
2016-05-22 15:51:25 - DEBUG --> getUserData 
2016-05-22 20:14:01 - DEBUG --> Archivo \components\com_jhotelreservation\classes\services\UserDataService.php 
2016-05-22 20:14:01 - DEBUG --> initializeUserData 
2016-05-22 20:14:01 - DEBUG --> UserData first: N; 
2016-05-22 20:14:01 - DEBUG --> Archivo \components\com_jhotelreservation\classes\services\UserDataService.php 
2016-05-22 20:14:01 - DEBUG --> createUserData 
2016-05-22 20:14:01 - DEBUG --> UserData end:  a:0:{} 
2016-05-22 20:14:01 - DEBUG --> Archivo \components\com_jhotelreservation\classes\services\UserDataService.php 
2016-05-22 20:14:01 - DEBUG --> initializeUserData 
2016-05-22 20:14:01 - DEBUG --> UserData first: a:0:{} 
2016-05-22 20:14:01 - DEBUG --> UserData end:  a:0:{} 
2016-05-22 20:14:01 - DEBUG --> Archivo \components\com_jhotelreservation\classes\services\UserDataService.php 
2016-05-22 20:14:01 - DEBUG --> initializeReservationData 
2016-05-22 20:14:01 - DEBUG --> UserData: a:0:{} 
2016-05-22 20:14:01 - DEBUG --> Archivo \components\com_jhotelreservation\classes\services\UserDataService.php 
2016-05-22 20:14:01 - DEBUG --> updateUserData 
2016-05-22 20:14:01 - DEBUG --> Archivo \components\com_jhotelreservation\classes\services\UserDataService.php 
2016-05-22 20:14:01 - DEBUG --> getUserData 
2016-05-22 20:14:01 - DEBUG --> Archivo \components\com_jhotelreservation\classes\services\UserDataService.php 
2016-05-22 20:14:01 - DEBUG --> setCurrency 
2016-05-22 20:14:01 - DEBUG --> Archivo \components\com_jhotelreservation\classes\services\UserDataService.php 
2016-05-22 20:14:01 - DEBUG --> getUserData 
2016-05-22 20:14:01 - DEBUG --> Archivo \components\com_jhotelreservation\classes\services\UserDataService.php 
2016-05-22 20:14:01 - DEBUG --> getUserData 
2016-05-22 20:14:01 - DEBUG --> Archivo \components\com_jhotelreservation\classes\services\UserDataService.php 
2016-05-22 20:14:01 - DEBUG --> getUserData 
2016-05-22 22:35:34 - DEBUG --> Archivo \components\com_jhotelreservation\classes\services\UserDataService.php 
2016-05-22 22:35:34 - DEBUG --> initializeUserData 
2016-05-22 22:35:34 - DEBUG --> UserData first: N; 
2016-05-22 22:35:34 - DEBUG --> Archivo \components\com_jhotelreservation\classes\services\UserDataService.php 
2016-05-22 22:35:34 - DEBUG --> createUserData 
2016-05-22 22:35:34 - DEBUG --> UserData end:  a:0:{} 
2016-05-22 22:35:34 - DEBUG --> Archivo \components\com_jhotelreservation\classes\services\UserDataService.php 
2016-05-22 22:35:34 - DEBUG --> initializeUserData 
2016-05-22 22:35:34 - DEBUG --> UserData first: a:0:{} 
2016-05-22 22:35:34 - DEBUG --> UserData end:  a:0:{} 
2016-05-22 22:35:34 - DEBUG --> Archivo \components\com_jhotelreservation\classes\services\UserDataService.php 
2016-05-22 22:35:34 - DEBUG --> initializeReservationData 
2016-05-22 22:35:34 - DEBUG --> UserData: a:0:{} 
2016-05-22 22:35:34 - DEBUG --> Archivo \components\com_jhotelreservation\classes\services\UserDataService.php 
2016-05-22 22:35:34 - DEBUG --> updateUserData 
2016-05-22 22:35:34 - DEBUG --> Archivo \components\com_jhotelreservation\classes\services\UserDataService.php 
2016-05-22 22:35:34 - DEBUG --> getUserData 
2016-05-22 22:35:34 - DEBUG --> Archivo \components\com_jhotelreservation\classes\services\UserDataService.php 
2016-05-22 22:35:34 - DEBUG --> setCurrency 
2016-05-22 22:35:34 - DEBUG --> Archivo \components\com_jhotelreservation\classes\services\UserDataService.php 
2016-05-22 22:35:34 - DEBUG --> getUserData 
2016-05-22 22:35:34 - DEBUG --> Archivo \components\com_jhotelreservation\classes\services\UserDataService.php 
2016-05-22 22:35:34 - DEBUG --> getUserData 
2016-05-22 22:35:34 - DEBUG --> Archivo \components\com_jhotelreservation\classes\services\UserDataService.php 
2016-05-22 22:35:34 - DEBUG --> getUserData 
2016-05-22 22:35:34 - DEBUG --> Archivo \components\com_jhotelreservationiews\hotel	mpl\hoteloverview.php 
2016-05-22 22:35:34 - DEBUG --> Accedió 
2016-05-22 22:36:16 - DEBUG --> Archivo \components\com_jhotelreservation\classes\services\UserDataService.php 
2016-05-22 22:36:16 - DEBUG --> initializeUserData 
2016-05-22 22:36:16 - DEBUG --> UserData first: N; 
2016-05-22 22:36:16 - DEBUG --> Archivo \components\com_jhotelreservation\classes\services\UserDataService.php 
2016-05-22 22:36:16 - DEBUG --> createUserData 
2016-05-22 22:36:16 - DEBUG --> UserData end:  a:0:{} 
2016-05-22 22:36:16 - DEBUG --> Archivo \components\com_jhotelreservation\classes\services\UserDataService.php 
2016-05-22 22:36:16 - DEBUG --> initializeUserData 
2016-05-22 22:36:16 - DEBUG --> UserData first: a:0:{} 
2016-05-22 22:36:16 - DEBUG --> UserData end:  a:0:{} 
2016-05-22 22:36:16 - DEBUG --> Archivo \components\com_jhotelreservation\classes\services\UserDataService.php 
2016-05-22 22:36:16 - DEBUG --> initializeReservationData 
2016-05-22 22:36:16 - DEBUG --> UserData: a:0:{} 
2016-05-22 22:36:16 - DEBUG --> Archivo \components\com_jhotelreservation\classes\services\UserDataService.php 
2016-05-22 22:36:16 - DEBUG --> updateUserData 
2016-05-22 22:36:16 - DEBUG --> Archivo \components\com_jhotelreservation\classes\services\UserDataService.php 
2016-05-22 22:36:16 - DEBUG --> getUserData 
2016-05-22 22:36:16 - DEBUG --> Archivo \components\com_jhotelreservation\classes\services\UserDataService.php 
2016-05-22 22:36:16 - DEBUG --> setCurrency 
2016-05-22 22:36:16 - DEBUG --> Archivo \components\com_jhotelreservation\classes\services\UserDataService.php 
2016-05-22 22:36:16 - DEBUG --> getUserData 
2016-05-22 22:36:16 - DEBUG --> Archivo \components\com_jhotelreservation\classes\services\UserDataService.php 
2016-05-22 22:36:16 - DEBUG --> getUserData 
2016-05-22 22:36:16 - DEBUG --> Archivo \components\com_jhotelreservation\classes\services\UserDataService.php 
2016-05-22 22:36:16 - DEBUG --> getUserData 
2016-05-22 22:36:16 - DEBUG --> Archivo \components\com_jhotelreservationiews\hotel	mpl\hoteloverview.php 
2016-05-22 22:36:16 - DEBUG --> Accedió 
2016-05-22 22:36:41 - DEBUG --> Archivo \components\com_jhotelreservation\classes\services\UserDataService.php 
2016-05-22 22:36:41 - DEBUG --> initializeUserData 
2016-05-22 22:36:41 - DEBUG --> UserData first: N; 
2016-05-22 22:36:41 - DEBUG --> Archivo \components\com_jhotelreservation\classes\services\UserDataService.php 
2016-05-22 22:36:41 - DEBUG --> createUserData 
2016-05-22 22:36:41 - DEBUG --> UserData end:  a:0:{} 
2016-05-22 22:36:41 - DEBUG --> Archivo \components\com_jhotelreservation\classes\services\UserDataService.php 
2016-05-22 22:36:41 - DEBUG --> initializeUserData 
2016-05-22 22:36:41 - DEBUG --> UserData first: a:0:{} 
2016-05-22 22:36:41 - DEBUG --> UserData end:  a:0:{} 
2016-05-22 22:36:41 - DEBUG --> Archivo \components\com_jhotelreservation\classes\services\UserDataService.php 
2016-05-22 22:36:41 - DEBUG --> initializeReservationData 
2016-05-22 22:36:41 - DEBUG --> UserData: a:0:{} 
2016-05-22 22:36:41 - DEBUG --> Archivo \components\com_jhotelreservation\classes\services\UserDataService.php 
2016-05-22 22:36:41 - DEBUG --> updateUserData 
2016-05-22 22:36:41 - DEBUG --> Archivo \components\com_jhotelreservation\classes\services\UserDataService.php 
2016-05-22 22:36:41 - DEBUG --> getUserData 
2016-05-22 22:36:41 - DEBUG --> Archivo \components\com_jhotelreservation\classes\services\UserDataService.php 
2016-05-22 22:36:41 - DEBUG --> setCurrency 
2016-05-22 22:36:41 - DEBUG --> Archivo \components\com_jhotelreservation\classes\services\UserDataService.php 
2016-05-22 22:36:41 - DEBUG --> getUserData 
2016-05-22 22:36:41 - DEBUG --> Archivo \components\com_jhotelreservation\classes\services\UserDataService.php 
2016-05-22 22:36:41 - DEBUG --> getUserData 
2016-05-22 22:36:41 - DEBUG --> Archivo \components\com_jhotelreservation\classes\services\UserDataService.php 
2016-05-22 22:36:41 - DEBUG --> getUserData 
2016-05-22 22:36:41 - DEBUG --> Archivo \components\com_jhotelreservationiews\hotel	mpl\hoteloverview.php 
2016-05-22 22:36:41 - DEBUG --> Accedió 
2016-05-22 22:36:55 - DEBUG --> Archivo \components\com_jhotelreservation\classes\services\UserDataService.php 
2016-05-22 22:36:55 - DEBUG --> initializeUserData 
2016-05-22 22:36:55 - DEBUG --> UserData first: N; 
2016-05-22 22:36:55 - DEBUG --> Archivo \components\com_jhotelreservation\classes\services\UserDataService.php 
2016-05-22 22:36:55 - DEBUG --> createUserData 
2016-05-22 22:36:55 - DEBUG --> UserData end:  a:0:{} 
2016-05-22 22:36:55 - DEBUG --> Archivo \components\com_jhotelreservation\classes\services\UserDataService.php 
2016-05-22 22:36:55 - DEBUG --> initializeUserData 
2016-05-22 22:36:55 - DEBUG --> UserData first: a:0:{} 
2016-05-22 22:36:55 - DEBUG --> UserData end:  a:0:{} 
2016-05-22 22:36:55 - DEBUG --> Archivo \components\com_jhotelreservation\classes\services\UserDataService.php 
2016-05-22 22:36:55 - DEBUG --> initializeReservationData 
2016-05-22 22:36:55 - DEBUG --> UserData: a:0:{} 
2016-05-22 22:36:55 - DEBUG --> Archivo \components\com_jhotelreservation\classes\services\UserDataService.php 
2016-05-22 22:36:55 - DEBUG --> updateUserData 
2016-05-22 22:36:55 - DEBUG --> Archivo \components\com_jhotelreservation\classes\services\UserDataService.php 
2016-05-22 22:36:55 - DEBUG --> getUserData 
2016-05-22 22:36:55 - DEBUG --> Archivo \components\com_jhotelreservation\classes\services\UserDataService.php 
2016-05-22 22:36:55 - DEBUG --> setCurrency 
2016-05-22 22:36:55 - DEBUG --> Archivo \components\com_jhotelreservation\classes\services\UserDataService.php 
2016-05-22 22:36:55 - DEBUG --> getUserData 
2016-05-22 22:36:55 - DEBUG --> Archivo \components\com_jhotelreservation\classes\services\UserDataService.php 
2016-05-22 22:36:55 - DEBUG --> getUserData 
2016-05-22 22:36:55 - DEBUG --> Archivo \components\com_jhotelreservation\classes\services\UserDataService.php 
2016-05-22 22:36:55 - DEBUG --> getUserData 
2016-05-22 22:36:55 - DEBUG --> Archivo \components\com_jhotelreservationiews\hotel	mpl\hoteloverview.php 
2016-05-22 22:36:55 - DEBUG --> Accedió 
2016-05-22 22:38:43 - DEBUG --> Archivo \components\com_jhotelreservation\classes\services\UserDataService.php 
2016-05-22 22:38:43 - DEBUG --> initializeUserData 
2016-05-22 22:38:43 - DEBUG --> UserData first: N; 
2016-05-22 22:38:43 - DEBUG --> Archivo \components\com_jhotelreservation\classes\services\UserDataService.php 
2016-05-22 22:38:43 - DEBUG --> createUserData 
2016-05-22 22:38:43 - DEBUG --> UserData end:  a:0:{} 
2016-05-22 22:38:43 - DEBUG --> Archivo \components\com_jhotelreservation\classes\services\UserDataService.php 
2016-05-22 22:38:43 - DEBUG --> initializeUserData 
2016-05-22 22:38:43 - DEBUG --> UserData first: a:0:{} 
2016-05-22 22:38:43 - DEBUG --> UserData end:  a:0:{} 
2016-05-22 22:38:43 - DEBUG --> Archivo \components\com_jhotelreservation\classes\services\UserDataService.php 
2016-05-22 22:38:43 - DEBUG --> initializeReservationData 
2016-05-22 22:38:43 - DEBUG --> UserData: a:0:{} 
2016-05-22 22:38:43 - DEBUG --> Archivo \components\com_jhotelreservation\classes\services\UserDataService.php 
2016-05-22 22:38:43 - DEBUG --> updateUserData 
2016-05-22 22:38:43 - DEBUG --> Archivo \components\com_jhotelreservation\classes\services\UserDataService.php 
2016-05-22 22:38:43 - DEBUG --> getUserData 
2016-05-22 22:38:43 - DEBUG --> Archivo \components\com_jhotelreservation\classes\services\UserDataService.php 
2016-05-22 22:38:43 - DEBUG --> setCurrency 
2016-05-22 22:38:43 - DEBUG --> Archivo \components\com_jhotelreservation\classes\services\UserDataService.php 
2016-05-22 22:38:43 - DEBUG --> getUserData 
2016-05-22 22:38:43 - DEBUG --> Archivo \components\com_jhotelreservation\classes\services\UserDataService.php 
2016-05-22 22:38:43 - DEBUG --> getUserData 
2016-05-22 22:38:43 - DEBUG --> Archivo \components\com_jhotelreservation\classes\services\UserDataService.php 
2016-05-22 22:38:43 - DEBUG --> getUserData 
2016-05-22 22:38:43 - DEBUG --> Archivo \components\com_jhotelreservationiews\hotel	mpl\hoteloverview.php 
2016-05-22 22:38:43 - DEBUG --> Accedió 
2016-05-22 22:40:27 - DEBUG --> Archivo \components\com_jhotelreservation\classes\services\UserDataService.php 
2016-05-22 22:40:27 - DEBUG --> initializeUserData 
2016-05-22 22:40:27 - DEBUG --> UserData first: N; 
2016-05-22 22:40:27 - DEBUG --> Archivo \components\com_jhotelreservation\classes\services\UserDataService.php 
2016-05-22 22:40:27 - DEBUG --> createUserData 
2016-05-22 22:40:27 - DEBUG --> UserData end:  a:0:{} 
2016-05-22 22:40:27 - DEBUG --> Archivo \components\com_jhotelreservation\classes\services\UserDataService.php 
2016-05-22 22:40:27 - DEBUG --> initializeUserData 
2016-05-22 22:40:27 - DEBUG --> UserData first: a:0:{} 
2016-05-22 22:40:27 - DEBUG --> UserData end:  a:0:{} 
2016-05-22 22:40:27 - DEBUG --> Archivo \components\com_jhotelreservation\classes\services\UserDataService.php 
2016-05-22 22:40:27 - DEBUG --> initializeReservationData 
2016-05-22 22:40:27 - DEBUG --> UserData: a:0:{} 
2016-05-22 22:40:27 - DEBUG --> Archivo \components\com_jhotelreservation\classes\services\UserDataService.php 
2016-05-22 22:40:27 - DEBUG --> updateUserData 
2016-05-22 22:40:27 - DEBUG --> Archivo \components\com_jhotelreservation\classes\services\UserDataService.php 
2016-05-22 22:40:27 - DEBUG --> getUserData 
2016-05-22 22:40:27 - DEBUG --> Archivo \components\com_jhotelreservation\classes\services\UserDataService.php 
2016-05-22 22:40:27 - DEBUG --> setCurrency 
2016-05-22 22:40:27 - DEBUG --> Archivo \components\com_jhotelreservation\classes\services\UserDataService.php 
2016-05-22 22:40:27 - DEBUG --> getUserData 
2016-05-22 22:40:27 - DEBUG --> Archivo \components\com_jhotelreservation\classes\services\UserDataService.php 
2016-05-22 22:40:27 - DEBUG --> getUserData 
2016-05-22 22:40:27 - DEBUG --> Archivo \components\com_jhotelreservation\classes\services\UserDataService.php 
2016-05-22 22:40:27 - DEBUG --> getUserData 
2016-05-22 22:40:27 - DEBUG --> Archivo \components\com_jhotelreservationiews\hotel	mpl\hoteloverview.php 
2016-05-22 22:40:27 - DEBUG --> Accedió 
2016-05-22 22:45:30 - DEBUG --> Archivo \components\com_jhotelreservation\classes\services\UserDataService.php 
2016-05-22 22:45:30 - DEBUG --> initializeUserData 
2016-05-22 22:45:30 - DEBUG --> UserData first: N; 
2016-05-22 22:45:30 - DEBUG --> Archivo \components\com_jhotelreservation\classes\services\UserDataService.php 
2016-05-22 22:45:30 - DEBUG --> createUserData 
2016-05-22 22:45:30 - DEBUG --> UserData end:  a:0:{} 
2016-05-22 22:45:30 - DEBUG --> Archivo \components\com_jhotelreservation\classes\services\UserDataService.php 
2016-05-22 22:45:30 - DEBUG --> initializeUserData 
2016-05-22 22:45:30 - DEBUG --> UserData first: a:0:{} 
2016-05-22 22:45:30 - DEBUG --> UserData end:  a:0:{} 
2016-05-22 22:45:30 - DEBUG --> Archivo \components\com_jhotelreservation\classes\services\UserDataService.php 
2016-05-22 22:45:30 - DEBUG --> initializeReservationData 
2016-05-22 22:45:30 - DEBUG --> UserData: a:0:{} 
2016-05-22 22:45:30 - DEBUG --> Archivo \components\com_jhotelreservation\classes\services\UserDataService.php 
2016-05-22 22:45:30 - DEBUG --> updateUserData 
2016-05-22 22:45:30 - DEBUG --> Archivo \components\com_jhotelreservation\classes\services\UserDataService.php 
2016-05-22 22:45:30 - DEBUG --> getUserData 
2016-05-22 22:45:30 - DEBUG --> Archivo \components\com_jhotelreservation\classes\services\UserDataService.php 
2016-05-22 22:45:30 - DEBUG --> setCurrency 
2016-05-22 22:45:30 - DEBUG --> Archivo \components\com_jhotelreservation\classes\services\UserDataService.php 
2016-05-22 22:45:30 - DEBUG --> getUserData 
2016-05-22 22:45:30 - DEBUG --> Archivo \components\com_jhotelreservation\classes\services\UserDataService.php 
2016-05-22 22:45:30 - DEBUG --> getUserData 
2016-05-22 22:45:30 - DEBUG --> Archivo \components\com_jhotelreservation\classes\services\UserDataService.php 
2016-05-22 22:45:30 - DEBUG --> getUserData 
2016-05-22 22:45:30 - DEBUG --> Archivo \components\com_jhotelreservationiews\hotel	mpl\hoteloverview.php 
2016-05-22 22:45:30 - DEBUG --> Accedió 
2016-05-22 22:46:01 - DEBUG --> Archivo \components\com_jhotelreservation\classes\services\UserDataService.php 
2016-05-22 22:46:01 - DEBUG --> initializeUserData 
2016-05-22 22:46:01 - DEBUG --> UserData first: N; 
2016-05-22 22:46:01 - DEBUG --> Archivo \components\com_jhotelreservation\classes\services\UserDataService.php 
2016-05-22 22:46:01 - DEBUG --> createUserData 
2016-05-22 22:46:01 - DEBUG --> UserData end:  a:0:{} 
2016-05-22 22:46:01 - DEBUG --> Archivo \components\com_jhotelreservation\classes\services\UserDataService.php 
2016-05-22 22:46:01 - DEBUG --> initializeUserData 
2016-05-22 22:46:01 - DEBUG --> UserData first: a:0:{} 
2016-05-22 22:46:01 - DEBUG --> UserData end:  a:0:{} 
2016-05-22 22:46:01 - DEBUG --> Archivo \components\com_jhotelreservation\classes\services\UserDataService.php 
2016-05-22 22:46:01 - DEBUG --> initializeReservationData 
2016-05-22 22:46:01 - DEBUG --> UserData: a:0:{} 
2016-05-22 22:46:01 - DEBUG --> Archivo \components\com_jhotelreservation\classes\services\UserDataService.php 
2016-05-22 22:46:01 - DEBUG --> updateUserData 
2016-05-22 22:46:01 - DEBUG --> Archivo \components\com_jhotelreservation\classes\services\UserDataService.php 
2016-05-22 22:46:01 - DEBUG --> getUserData 
2016-05-22 22:46:01 - DEBUG --> Archivo \components\com_jhotelreservation\classes\services\UserDataService.php 
2016-05-22 22:46:01 - DEBUG --> setCurrency 
2016-05-22 22:46:01 - DEBUG --> Archivo \components\com_jhotelreservation\classes\services\UserDataService.php 
2016-05-22 22:46:01 - DEBUG --> getUserData 
2016-05-22 22:46:01 - DEBUG --> Archivo \components\com_jhotelreservation\classes\services\UserDataService.php 
2016-05-22 22:46:01 - DEBUG --> getUserData 
2016-05-22 22:46:01 - DEBUG --> Archivo \components\com_jhotelreservation\classes\services\UserDataService.php 
2016-05-22 22:46:01 - DEBUG --> getUserData 
2016-05-22 22:46:01 - DEBUG --> Archivo \components\com_jhotelreservationiews\hotel	mpl\hoteloverview.php 
2016-05-22 22:46:01 - DEBUG --> Accedió 
2016-05-22 22:49:03 - DEBUG --> Archivo \components\com_jhotelreservation\classes\services\UserDataService.php 
2016-05-22 22:49:03 - DEBUG --> initializeUserData 
2016-05-22 22:49:03 - DEBUG --> UserData first: N; 
2016-05-22 22:49:03 - DEBUG --> Archivo \components\com_jhotelreservation\classes\services\UserDataService.php 
2016-05-22 22:49:03 - DEBUG --> createUserData 
2016-05-22 22:49:03 - DEBUG --> UserData end:  a:0:{} 
2016-05-22 22:49:03 - DEBUG --> Archivo \components\com_jhotelreservation\classes\services\UserDataService.php 
2016-05-22 22:49:03 - DEBUG --> initializeUserData 
2016-05-22 22:49:03 - DEBUG --> UserData first: a:0:{} 
2016-05-22 22:49:03 - DEBUG --> UserData end:  a:0:{} 
2016-05-22 22:49:03 - DEBUG --> Archivo \components\com_jhotelreservation\classes\services\UserDataService.php 
2016-05-22 22:49:03 - DEBUG --> initializeReservationData 
2016-05-22 22:49:03 - DEBUG --> UserData: a:0:{} 
2016-05-22 22:49:03 - DEBUG --> Archivo \components\com_jhotelreservation\classes\services\UserDataService.php 
2016-05-22 22:49:03 - DEBUG --> updateUserData 
2016-05-22 22:49:03 - DEBUG --> Archivo \components\com_jhotelreservation\classes\services\UserDataService.php 
2016-05-22 22:49:03 - DEBUG --> getUserData 
2016-05-22 22:49:03 - DEBUG --> Archivo \components\com_jhotelreservation\classes\services\UserDataService.php 
2016-05-22 22:49:03 - DEBUG --> setCurrency 
2016-05-22 22:49:03 - DEBUG --> Archivo \components\com_jhotelreservation\classes\services\UserDataService.php 
2016-05-22 22:49:03 - DEBUG --> getUserData 
2016-05-22 22:49:03 - DEBUG --> Archivo \components\com_jhotelreservation\classes\services\UserDataService.php 
2016-05-22 22:49:03 - DEBUG --> getUserData 
2016-05-22 22:49:03 - DEBUG --> Archivo \components\com_jhotelreservation\classes\services\UserDataService.php 
2016-05-22 22:49:03 - DEBUG --> getUserData 
2016-05-22 22:49:03 - DEBUG --> Archivo \components\com_jhotelreservationiews\hotel	mpl\hoteloverview.php 
2016-05-22 22:49:03 - DEBUG --> Accedió 
2016-05-22 22:50:30 - DEBUG --> Archivo \components\com_jhotelreservation\classes\services\UserDataService.php 
2016-05-22 22:50:30 - DEBUG --> initializeUserData 
2016-05-22 22:50:30 - DEBUG --> UserData first: N; 
2016-05-22 22:50:30 - DEBUG --> Archivo \components\com_jhotelreservation\classes\services\UserDataService.php 
2016-05-22 22:50:30 - DEBUG --> createUserData 
2016-05-22 22:50:30 - DEBUG --> UserData end:  a:0:{} 
2016-05-22 22:50:30 - DEBUG --> Archivo \components\com_jhotelreservation\classes\services\UserDataService.php 
2016-05-22 22:50:30 - DEBUG --> initializeUserData 
2016-05-22 22:50:30 - DEBUG --> UserData first: a:0:{} 
2016-05-22 22:50:30 - DEBUG --> UserData end:  a:0:{} 
2016-05-22 22:50:30 - DEBUG --> Archivo \components\com_jhotelreservation\classes\services\UserDataService.php 
2016-05-22 22:50:30 - DEBUG --> initializeReservationData 
2016-05-22 22:50:30 - DEBUG --> UserData: a:0:{} 
2016-05-22 22:50:30 - DEBUG --> Archivo \components\com_jhotelreservation\classes\services\UserDataService.php 
2016-05-22 22:50:30 - DEBUG --> updateUserData 
2016-05-22 22:50:30 - DEBUG --> Archivo \components\com_jhotelreservation\classes\services\UserDataService.php 
2016-05-22 22:50:30 - DEBUG --> getUserData 
2016-05-22 22:50:30 - DEBUG --> Archivo \components\com_jhotelreservation\classes\services\UserDataService.php 
2016-05-22 22:50:30 - DEBUG --> setCurrency 
2016-05-22 22:50:30 - DEBUG --> Archivo \components\com_jhotelreservation\classes\services\UserDataService.php 
2016-05-22 22:50:30 - DEBUG --> getUserData 
2016-05-22 22:50:30 - DEBUG --> Archivo \components\com_jhotelreservation\classes\services\UserDataService.php 
2016-05-22 22:50:30 - DEBUG --> getUserData 
2016-05-22 22:50:30 - DEBUG --> Archivo \components\com_jhotelreservation\classes\services\UserDataService.php 
2016-05-22 22:50:30 - DEBUG --> getUserData 
2016-05-22 22:50:30 - DEBUG --> Archivo \components\com_jhotelreservationiews\hotel	mpl\hoteloverview.php 
2016-05-22 22:50:30 - DEBUG --> Accedió 
2016-05-22 22:51:30 - DEBUG --> Archivo \components\com_jhotelreservation\classes\services\UserDataService.php 
2016-05-22 22:51:30 - DEBUG --> initializeUserData 
2016-05-22 22:51:30 - DEBUG --> UserData first: N; 
2016-05-22 22:51:30 - DEBUG --> Archivo \components\com_jhotelreservation\classes\services\UserDataService.php 
2016-05-22 22:51:30 - DEBUG --> createUserData 
2016-05-22 22:51:30 - DEBUG --> UserData end:  a:0:{} 
2016-05-22 22:51:30 - DEBUG --> Archivo \components\com_jhotelreservation\classes\services\UserDataService.php 
2016-05-22 22:51:30 - DEBUG --> initializeUserData 
2016-05-22 22:51:30 - DEBUG --> UserData first: a:0:{} 
2016-05-22 22:51:30 - DEBUG --> UserData end:  a:0:{} 
2016-05-22 22:51:30 - DEBUG --> Archivo \components\com_jhotelreservation\classes\services\UserDataService.php 
2016-05-22 22:51:30 - DEBUG --> initializeReservationData 
2016-05-22 22:51:30 - DEBUG --> UserData: a:0:{} 
2016-05-22 22:51:30 - DEBUG --> Archivo \components\com_jhotelreservation\classes\services\UserDataService.php 
2016-05-22 22:51:30 - DEBUG --> updateUserData 
2016-05-22 22:51:30 - DEBUG --> Archivo \components\com_jhotelreservation\classes\services\UserDataService.php 
2016-05-22 22:51:30 - DEBUG --> getUserData 
2016-05-22 22:51:30 - DEBUG --> Archivo \components\com_jhotelreservation\classes\services\UserDataService.php 
2016-05-22 22:51:30 - DEBUG --> setCurrency 
2016-05-22 22:51:30 - DEBUG --> Archivo \components\com_jhotelreservation\classes\services\UserDataService.php 
2016-05-22 22:51:30 - DEBUG --> getUserData 
2016-05-22 22:51:30 - DEBUG --> Archivo \components\com_jhotelreservation\classes\services\UserDataService.php 
2016-05-22 22:51:30 - DEBUG --> getUserData 
2016-05-22 22:51:30 - DEBUG --> Archivo \components\com_jhotelreservation\classes\services\UserDataService.php 
2016-05-22 22:51:30 - DEBUG --> getUserData 
2016-05-22 22:51:30 - DEBUG --> Archivo \components\com_jhotelreservationiews\hotel	mpl\hoteloverview.php 
2016-05-22 22:51:30 - DEBUG --> Accedió 
2016-05-22 23:14:51 - DEBUG --> Archivo \components\com_jhotelreservation\classes\services\UserDataService.php 
2016-05-22 23:14:51 - DEBUG --> initializeUserData 
2016-05-22 23:14:51 - DEBUG --> UserData first: N; 
2016-05-22 23:14:51 - DEBUG --> Archivo \components\com_jhotelreservation\classes\services\UserDataService.php 
2016-05-22 23:14:51 - DEBUG --> createUserData 
2016-05-22 23:14:51 - DEBUG --> UserData end:  a:0:{} 
2016-05-22 23:14:51 - DEBUG --> Archivo \components\com_jhotelreservation\classes\services\UserDataService.php 
2016-05-22 23:14:51 - DEBUG --> initializeUserData 
2016-05-22 23:14:51 - DEBUG --> UserData first: a:0:{} 
2016-05-22 23:14:51 - DEBUG --> UserData end:  a:0:{} 
2016-05-22 23:14:51 - DEBUG --> Archivo \components\com_jhotelreservation\classes\services\UserDataService.php 
2016-05-22 23:14:51 - DEBUG --> initializeReservationData 
2016-05-22 23:14:51 - DEBUG --> UserData: a:0:{} 
2016-05-22 23:14:51 - DEBUG --> Archivo \components\com_jhotelreservation\classes\services\UserDataService.php 
2016-05-22 23:14:51 - DEBUG --> updateUserData 
2016-05-22 23:14:51 - DEBUG --> Archivo \components\com_jhotelreservation\classes\services\UserDataService.php 
2016-05-22 23:14:51 - DEBUG --> getUserData 
2016-05-22 23:14:51 - DEBUG --> Archivo \components\com_jhotelreservation\classes\services\UserDataService.php 
2016-05-22 23:14:51 - DEBUG --> setCurrency 
2016-05-22 23:14:51 - DEBUG --> Archivo \components\com_jhotelreservation\classes\services\UserDataService.php 
2016-05-22 23:14:51 - DEBUG --> getUserData 
2016-05-22 23:14:51 - DEBUG --> Archivo \components\com_jhotelreservation\classes\services\UserDataService.php 
2016-05-22 23:14:51 - DEBUG --> getUserData 
2016-05-22 23:14:51 - DEBUG --> Archivo \components\com_jhotelreservation\classes\services\UserDataService.php 
2016-05-22 23:14:51 - DEBUG --> getUserData 
2016-05-22 23:14:51 - DEBUG --> Archivo \components\com_jhotelreservationiews\hotel	mpl\hoteloverview.php 
2016-05-22 23:14:51 - DEBUG --> Accedió 
2016-05-22 23:35:25 - DEBUG --> Archivo \components\com_jhotelreservation\classes\services\UserDataService.php 
2016-05-22 23:35:25 - DEBUG --> initializeUserData 
2016-05-22 23:35:25 - DEBUG --> UserData first: N; 
2016-05-22 23:35:25 - DEBUG --> Archivo \components\com_jhotelreservation\classes\services\UserDataService.php 
2016-05-22 23:35:25 - DEBUG --> createUserData 
2016-05-22 23:35:25 - DEBUG --> UserData end:  a:0:{} 
2016-05-22 23:35:25 - DEBUG --> Archivo \components\com_jhotelreservation\classes\services\UserDataService.php 
2016-05-22 23:35:25 - DEBUG --> initializeUserData 
2016-05-22 23:35:25 - DEBUG --> UserData first: a:0:{} 
2016-05-22 23:35:25 - DEBUG --> UserData end:  a:0:{} 
2016-05-22 23:35:25 - DEBUG --> Archivo \components\com_jhotelreservation\classes\services\UserDataService.php 
2016-05-22 23:35:25 - DEBUG --> initializeReservationData 
2016-05-22 23:35:25 - DEBUG --> UserData: a:0:{} 
2016-05-22 23:35:25 - DEBUG --> Archivo \components\com_jhotelreservation\classes\services\UserDataService.php 
2016-05-22 23:35:25 - DEBUG --> updateUserData 
2016-05-22 23:35:25 - DEBUG --> Archivo \components\com_jhotelreservation\classes\services\UserDataService.php 
2016-05-22 23:35:25 - DEBUG --> getUserData 
2016-05-22 23:35:25 - DEBUG --> Archivo \components\com_jhotelreservation\classes\services\UserDataService.php 
2016-05-22 23:35:25 - DEBUG --> setCurrency 
2016-05-22 23:35:25 - DEBUG --> Archivo \components\com_jhotelreservation\classes\services\UserDataService.php 
2016-05-22 23:35:25 - DEBUG --> getUserData 
2016-05-22 23:35:25 - DEBUG --> Archivo \components\com_jhotelreservation\classes\services\UserDataService.php 
2016-05-22 23:35:25 - DEBUG --> getUserData 
2016-05-22 23:35:25 - DEBUG --> Archivo \components\com_jhotelreservation\classes\services\UserDataService.php 
2016-05-22 23:35:25 - DEBUG --> getUserData 
2016-05-22 23:35:25 - DEBUG --> Archivo \components\com_jhotelreservationiews\hotel	mpl\hoteloverview.php 
2016-05-22 23:35:25 - DEBUG --> Accedió 
2016-05-22 23:38:58 - DEBUG --> Archivo \components\com_jhotelreservation\classes\services\UserDataService.php 
2016-05-22 23:38:58 - DEBUG --> initializeUserData 
2016-05-22 23:38:58 - DEBUG --> UserData first: N; 
2016-05-22 23:38:58 - DEBUG --> Archivo \components\com_jhotelreservation\classes\services\UserDataService.php 
2016-05-22 23:38:58 - DEBUG --> createUserData 
2016-05-22 23:38:58 - DEBUG --> UserData end:  a:0:{} 
2016-05-22 23:38:58 - DEBUG --> Archivo \components\com_jhotelreservation\classes\services\UserDataService.php 
2016-05-22 23:38:58 - DEBUG --> initializeUserData 
2016-05-22 23:38:58 - DEBUG --> UserData first: a:0:{} 
2016-05-22 23:38:58 - DEBUG --> UserData end:  a:0:{} 
2016-05-22 23:38:58 - DEBUG --> Archivo \components\com_jhotelreservation\classes\services\UserDataService.php 
2016-05-22 23:38:58 - DEBUG --> initializeReservationData 
2016-05-22 23:38:58 - DEBUG --> UserData: a:0:{} 
2016-05-22 23:38:58 - DEBUG --> Archivo \components\com_jhotelreservation\classes\services\UserDataService.php 
2016-05-22 23:38:58 - DEBUG --> updateUserData 
2016-05-22 23:38:58 - DEBUG --> Archivo \components\com_jhotelreservation\classes\services\UserDataService.php 
2016-05-22 23:38:58 - DEBUG --> getUserData 
2016-05-22 23:38:58 - DEBUG --> Archivo \components\com_jhotelreservation\classes\services\UserDataService.php 
2016-05-22 23:38:58 - DEBUG --> setCurrency 
2016-05-22 23:38:58 - DEBUG --> Archivo \components\com_jhotelreservation\classes\services\UserDataService.php 
2016-05-22 23:38:58 - DEBUG --> getUserData 
2016-05-22 23:38:58 - DEBUG --> Archivo \components\com_jhotelreservation\classes\services\UserDataService.php 
2016-05-22 23:38:58 - DEBUG --> getUserData 
2016-05-22 23:38:58 - DEBUG --> Archivo \components\com_jhotelreservation\classes\services\UserDataService.php 
2016-05-22 23:38:58 - DEBUG --> getUserData 
2016-05-22 23:38:58 - DEBUG --> Archivo \components\com_jhotelreservationiews\hotel	mpl\hoteloverview.php 
2016-05-22 23:38:58 - DEBUG --> Accedió 
