2016-03-14 0:10:27 - DEBUG --> Archivo \components\com_jhotelreservation\classes\services\UserDataService.php 
2016-03-14 0:10:27 - DEBUG --> initializeUserData 
2016-03-14 0:10:27 - DEBUG --> UserData first: N; 
2016-03-14 0:10:27 - DEBUG --> Archivo \components\com_jhotelreservation\classes\services\UserDataService.php 
2016-03-14 0:10:27 - DEBUG --> createUserData 
2016-03-14 0:10:27 - DEBUG --> UserData end:  a:0:{} 
2016-03-14 0:10:27 - DEBUG --> Archivo \components\com_jhotelreservation\classes\services\UserDataService.php 
2016-03-14 0:10:27 - DEBUG --> initializeUserData 
2016-03-14 0:10:27 - DEBUG --> UserData first: a:0:{} 
2016-03-14 0:10:27 - DEBUG --> UserData end:  a:0:{} 
2016-03-14 0:10:27 - DEBUG --> Archivo \components\com_jhotelreservation\classes\services\UserDataService.php 
2016-03-14 0:10:27 - DEBUG --> initializeReservationData 
2016-03-14 0:10:27 - DEBUG --> UserData: a:0:{} 
2016-03-14 0:10:27 - DEBUG --> Archivo \components\com_jhotelreservation\classes\services\UserDataService.php 
2016-03-14 0:10:27 - DEBUG --> updateUserData 
2016-03-14 0:10:27 - DEBUG --> Archivo \components\com_jhotelreservation\classes\services\UserDataService.php 
2016-03-14 0:10:27 - DEBUG --> getUserData 
2016-03-14 0:10:27 - DEBUG --> Archivo \components\com_jhotelreservation\classes\services\UserDataService.php 
2016-03-14 0:10:27 - DEBUG --> setCurrency 
2016-03-14 0:10:27 - DEBUG --> Archivo \components\com_jhotelreservation\classes\services\UserDataService.php 
2016-03-14 0:10:27 - DEBUG --> getUserData 
2016-03-14 0:10:27 - DEBUG --> Archivo \components\com_jhotelreservation\classes\services\UserDataService.php 
2016-03-14 0:10:27 - DEBUG --> getUserData 
2016-03-14 0:10:27 - DEBUG --> Archivo \components\com_jhotelreservation\classes\services\UserDataService.php 
2016-03-14 0:10:27 - DEBUG --> getUserData 
2016-03-14 0:10:27 - DEBUG --> Archivo \components\com_jhotelreservationiews\hotel	mpl\hoteloverview.php 
2016-03-14 0:10:27 - DEBUG --> Accedió 
2016-03-14 0:17:27 - DEBUG --> Archivo \components\com_jhotelreservation\classes\services\UserDataService.php 
2016-03-14 0:17:27 - DEBUG --> initializeUserData 
2016-03-14 0:17:27 - DEBUG --> UserData first: N; 
2016-03-14 0:17:27 - DEBUG --> Archivo \components\com_jhotelreservation\classes\services\UserDataService.php 
2016-03-14 0:17:27 - DEBUG --> createUserData 
2016-03-14 0:17:27 - DEBUG --> UserData end:  a:0:{} 
2016-03-14 0:17:27 - DEBUG --> Archivo \components\com_jhotelreservation\classes\services\UserDataService.php 
2016-03-14 0:17:27 - DEBUG --> initializeUserData 
2016-03-14 0:17:27 - DEBUG --> UserData first: a:0:{} 
2016-03-14 0:17:27 - DEBUG --> UserData end:  a:0:{} 
2016-03-14 0:17:27 - DEBUG --> Archivo \components\com_jhotelreservation\classes\services\UserDataService.php 
2016-03-14 0:17:27 - DEBUG --> initializeReservationData 
2016-03-14 0:17:27 - DEBUG --> UserData: a:0:{} 
2016-03-14 0:17:27 - DEBUG --> Archivo \components\com_jhotelreservation\classes\services\UserDataService.php 
2016-03-14 0:17:27 - DEBUG --> updateUserData 
2016-03-14 0:17:27 - DEBUG --> Archivo \components\com_jhotelreservation\classes\services\UserDataService.php 
2016-03-14 0:17:27 - DEBUG --> getUserData 
2016-03-14 0:17:27 - DEBUG --> Archivo \components\com_jhotelreservation\classes\services\UserDataService.php 
2016-03-14 0:17:27 - DEBUG --> setCurrency 
2016-03-14 0:17:27 - DEBUG --> Archivo \components\com_jhotelreservation\classes\services\UserDataService.php 
2016-03-14 0:17:27 - DEBUG --> getUserData 
2016-03-14 0:17:27 - DEBUG --> Archivo \components\com_jhotelreservation\classes\services\UserDataService.php 
2016-03-14 0:17:27 - DEBUG --> getUserData 
2016-03-14 0:17:27 - DEBUG --> Archivo \components\com_jhotelreservation\classes\services\UserDataService.php 
2016-03-14 0:17:27 - DEBUG --> getUserData 
2016-03-14 0:17:27 - DEBUG --> Archivo \components\com_jhotelreservationiews\hotel	mpl\hoteloverview.php 
2016-03-14 0:17:27 - DEBUG --> Accedió 
2016-03-14 0:17:27 - DEBUG --> Archivo \components\com_jhotelreservation\classes\services\UserDataService.php 
2016-03-14 0:17:27 - DEBUG --> initializeUserData 
2016-03-14 0:17:27 - DEBUG --> UserData first: N; 
2016-03-14 0:17:27 - DEBUG --> Archivo \components\com_jhotelreservation\classes\services\UserDataService.php 
2016-03-14 0:17:27 - DEBUG --> createUserData 
2016-03-14 0:17:27 - DEBUG --> UserData end:  a:0:{} 
2016-03-14 0:17:27 - DEBUG --> Archivo \components\com_jhotelreservation\classes\services\UserDataService.php 
2016-03-14 0:17:27 - DEBUG --> initializeUserData 
2016-03-14 0:17:27 - DEBUG --> UserData first: a:0:{} 
2016-03-14 0:17:27 - DEBUG --> UserData end:  a:0:{} 
2016-03-14 0:17:27 - DEBUG --> Archivo \components\com_jhotelreservation\classes\services\UserDataService.php 
2016-03-14 0:17:27 - DEBUG --> initializeReservationData 
2016-03-14 0:17:27 - DEBUG --> UserData: a:0:{} 
2016-03-14 0:17:27 - DEBUG --> Archivo \components\com_jhotelreservation\classes\services\UserDataService.php 
2016-03-14 0:17:27 - DEBUG --> updateUserData 
2016-03-14 0:17:27 - DEBUG --> Archivo \components\com_jhotelreservation\classes\services\UserDataService.php 
2016-03-14 0:17:27 - DEBUG --> getUserData 
2016-03-14 0:17:27 - DEBUG --> Archivo \components\com_jhotelreservation\classes\services\UserDataService.php 
2016-03-14 0:17:27 - DEBUG --> setCurrency 
2016-03-14 0:17:27 - DEBUG --> Archivo \components\com_jhotelreservation\classes\services\UserDataService.php 
2016-03-14 0:17:27 - DEBUG --> getUserData 
2016-03-14 0:17:27 - DEBUG --> Archivo \components\com_jhotelreservation\classes\services\UserDataService.php 
2016-03-14 0:17:27 - DEBUG --> getUserData 
2016-03-14 0:17:27 - DEBUG --> Archivo \components\com_jhotelreservation\classes\services\UserDataService.php 
2016-03-14 0:17:27 - DEBUG --> getUserData 
2016-03-14 0:17:27 - DEBUG --> Archivo \components\com_jhotelreservationiews\hotel	mpl\hoteloverview.php 
2016-03-14 0:17:27 - DEBUG --> Accedió 
2016-03-14 1:15:39 - DEBUG --> Archivo \components\com_jhotelreservation\classes\services\UserDataService.php 
2016-03-14 1:15:39 - DEBUG --> initializeUserData 
2016-03-14 1:15:39 - DEBUG --> UserData first: N; 
2016-03-14 1:15:39 - DEBUG --> Archivo \components\com_jhotelreservation\classes\services\UserDataService.php 
2016-03-14 1:15:39 - DEBUG --> createUserData 
2016-03-14 1:15:39 - DEBUG --> UserData end:  a:0:{} 
2016-03-14 1:15:39 - DEBUG --> Archivo \components\com_jhotelreservation\classes\services\UserDataService.php 
2016-03-14 1:15:39 - DEBUG --> initializeUserData 
2016-03-14 1:15:39 - DEBUG --> UserData first: a:0:{} 
2016-03-14 1:15:39 - DEBUG --> UserData end:  a:0:{} 
2016-03-14 1:15:39 - DEBUG --> Archivo \components\com_jhotelreservation\classes\services\UserDataService.php 
2016-03-14 1:15:39 - DEBUG --> initializeReservationData 
2016-03-14 1:15:39 - DEBUG --> UserData: a:0:{} 
2016-03-14 1:15:39 - DEBUG --> Archivo \components\com_jhotelreservation\classes\services\UserDataService.php 
2016-03-14 1:15:39 - DEBUG --> updateUserData 
2016-03-14 1:15:39 - DEBUG --> Archivo \components\com_jhotelreservation\classes\services\UserDataService.php 
2016-03-14 1:15:39 - DEBUG --> getUserData 
2016-03-14 1:15:39 - DEBUG --> Archivo \components\com_jhotelreservation\classes\services\UserDataService.php 
2016-03-14 1:15:39 - DEBUG --> setCurrency 
2016-03-14 1:15:39 - DEBUG --> Archivo \components\com_jhotelreservation\classes\services\UserDataService.php 
2016-03-14 1:15:39 - DEBUG --> getUserData 
2016-03-14 1:15:39 - DEBUG --> Archivo \components\com_jhotelreservation\classes\services\UserDataService.php 
2016-03-14 1:15:39 - DEBUG --> getUserData 
2016-03-14 1:15:39 - DEBUG --> Archivo \components\com_jhotelreservation\classes\services\UserDataService.php 
2016-03-14 1:15:39 - DEBUG --> getUserData 
2016-03-14 1:15:39 - DEBUG --> Archivo \components\com_jhotelreservationiews\hotel	mpl\hoteloverview.php 
2016-03-14 1:15:39 - DEBUG --> Accedió 
2016-03-14 1:29:31 - DEBUG --> Archivo \components\com_jhotelreservation\classes\services\UserDataService.php 
2016-03-14 1:29:31 - DEBUG --> initializeUserData 
2016-03-14 1:29:31 - DEBUG --> UserData first: a:0:{} 
2016-03-14 1:29:31 - DEBUG --> Archivo \components\com_jhotelreservation\classes\services\UserDataService.php 
2016-03-14 1:29:31 - DEBUG --> createUserData 
2016-03-14 1:29:31 - DEBUG --> voucher:  
2016-03-14 1:29:31 - DEBUG --> UserData end:  a:0:{} 
2016-03-14 1:29:31 - DEBUG --> Archivo \components\com_jhotelreservation\classes\services\UserDataService.php 
2016-03-14 1:29:31 - DEBUG --> initializeUserData 
2016-03-14 1:29:31 - DEBUG --> UserData first: a:0:{} 
2016-03-14 1:29:31 - DEBUG --> Archivo \components\com_jhotelreservation\classes\services\UserDataService.php 
2016-03-14 1:29:31 - DEBUG --> createUserData 
2016-03-14 1:29:31 - DEBUG --> voucher:  
2016-03-14 1:29:31 - DEBUG --> UserData end:  a:0:{} 
2016-03-14 2:29:58 - DEBUG --> Archivo \components\com_jhotelreservation\classes\services\UserDataService.php 
2016-03-14 2:29:58 - DEBUG --> initializeUserData 
2016-03-14 2:29:58 - DEBUG --> UserData first: N; 
2016-03-14 2:29:58 - DEBUG --> Archivo \components\com_jhotelreservation\classes\services\UserDataService.php 
2016-03-14 2:29:58 - DEBUG --> createUserData 
2016-03-14 2:29:58 - DEBUG --> UserData end:  a:0:{} 
2016-03-14 2:29:58 - DEBUG --> Archivo \components\com_jhotelreservation\classes\services\UserDataService.php 
2016-03-14 2:29:58 - DEBUG --> initializeUserData 
2016-03-14 2:29:58 - DEBUG --> UserData first: a:0:{} 
2016-03-14 2:29:58 - DEBUG --> UserData end:  a:0:{} 
2016-03-14 2:29:58 - DEBUG --> Archivo \components\com_jhotelreservation\classes\services\UserDataService.php 
2016-03-14 2:29:58 - DEBUG --> initializeReservationData 
2016-03-14 2:29:58 - DEBUG --> UserData: a:0:{} 
2016-03-14 2:29:58 - DEBUG --> Archivo \components\com_jhotelreservation\classes\services\UserDataService.php 
2016-03-14 2:29:58 - DEBUG --> updateUserData 
2016-03-14 2:29:58 - DEBUG --> Archivo \components\com_jhotelreservation\classes\services\UserDataService.php 
2016-03-14 2:29:58 - DEBUG --> getUserData 
2016-03-14 2:29:58 - DEBUG --> Archivo \components\com_jhotelreservation\classes\services\UserDataService.php 
2016-03-14 2:29:58 - DEBUG --> setCurrency 
2016-03-14 2:29:58 - DEBUG --> Archivo \components\com_jhotelreservation\classes\services\UserDataService.php 
2016-03-14 2:29:58 - DEBUG --> getUserData 
2016-03-14 2:29:58 - DEBUG --> Archivo \components\com_jhotelreservation\classes\services\UserDataService.php 
2016-03-14 2:29:58 - DEBUG --> getUserData 
2016-03-14 2:29:58 - DEBUG --> Archivo \components\com_jhotelreservation\classes\services\UserDataService.php 
2016-03-14 2:29:58 - DEBUG --> getUserData 
2016-03-14 2:29:58 - DEBUG --> Archivo \components\com_jhotelreservationiews\hotel	mpl\hoteloverview.php 
2016-03-14 2:29:58 - DEBUG --> Accedió 
2016-03-14 3:47:07 - DEBUG --> Archivo \components\com_jhotelreservation\classes\services\UserDataService.php 
2016-03-14 3:47:07 - DEBUG --> initializeUserData 
2016-03-14 3:47:07 - DEBUG --> UserData first: N; 
2016-03-14 3:47:07 - DEBUG --> Archivo \components\com_jhotelreservation\classes\services\UserDataService.php 
2016-03-14 3:47:07 - DEBUG --> createUserData 
2016-03-14 3:47:07 - DEBUG --> UserData end:  a:0:{} 
2016-03-14 3:47:07 - DEBUG --> Archivo \components\com_jhotelreservation\classes\services\UserDataService.php 
2016-03-14 3:47:07 - DEBUG --> initializeUserData 
2016-03-14 3:47:07 - DEBUG --> UserData first: a:0:{} 
2016-03-14 3:47:07 - DEBUG --> UserData end:  a:0:{} 
2016-03-14 3:47:07 - DEBUG --> Archivo \components\com_jhotelreservation\classes\services\UserDataService.php 
2016-03-14 3:47:07 - DEBUG --> initializeReservationData 
2016-03-14 3:47:07 - DEBUG --> UserData: a:0:{} 
2016-03-14 3:47:07 - DEBUG --> Archivo \components\com_jhotelreservation\classes\services\UserDataService.php 
2016-03-14 3:47:07 - DEBUG --> updateUserData 
2016-03-14 3:47:07 - DEBUG --> Archivo \components\com_jhotelreservation\classes\services\UserDataService.php 
2016-03-14 3:47:07 - DEBUG --> getUserData 
2016-03-14 3:47:07 - DEBUG --> Archivo \components\com_jhotelreservation\classes\services\UserDataService.php 
2016-03-14 3:47:07 - DEBUG --> setCurrency 
2016-03-14 3:47:07 - DEBUG --> Archivo \components\com_jhotelreservation\classes\services\UserDataService.php 
2016-03-14 3:47:07 - DEBUG --> getUserData 
2016-03-14 3:47:07 - DEBUG --> Archivo \components\com_jhotelreservation\classes\services\UserDataService.php 
2016-03-14 3:47:07 - DEBUG --> getUserData 
2016-03-14 3:47:07 - DEBUG --> Archivo \components\com_jhotelreservation\classes\services\UserDataService.php 
2016-03-14 3:47:07 - DEBUG --> getUserData 
2016-03-14 3:47:07 - DEBUG --> Archivo \components\com_jhotelreservationiews\hotel	mpl\hoteloverview.php 
2016-03-14 3:47:07 - DEBUG --> Accedió 
2016-03-14 9:38:03 - DEBUG --> Archivo \components\com_jhotelreservation\classes\services\UserDataService.php 
2016-03-14 9:38:03 - DEBUG --> initializeUserData 
2016-03-14 9:38:03 - DEBUG --> UserData first: N; 
2016-03-14 9:38:03 - DEBUG --> Archivo \components\com_jhotelreservation\classes\services\UserDataService.php 
2016-03-14 9:38:03 - DEBUG --> createUserData 
2016-03-14 9:38:03 - DEBUG --> UserData end:  a:0:{} 
2016-03-14 9:38:03 - DEBUG --> Archivo \components\com_jhotelreservation\classes\services\UserDataService.php 
2016-03-14 9:38:03 - DEBUG --> initializeUserData 
2016-03-14 9:38:03 - DEBUG --> UserData first: a:0:{} 
2016-03-14 9:38:03 - DEBUG --> UserData end:  a:0:{} 
2016-03-14 9:38:03 - DEBUG --> Archivo \components\com_jhotelreservation\classes\services\UserDataService.php 
2016-03-14 9:38:03 - DEBUG --> initializeReservationData 
2016-03-14 9:38:03 - DEBUG --> UserData: a:0:{} 
2016-03-14 9:38:03 - DEBUG --> Archivo \components\com_jhotelreservation\classes\services\UserDataService.php 
2016-03-14 9:38:03 - DEBUG --> updateUserData 
2016-03-14 9:38:03 - DEBUG --> Archivo \components\com_jhotelreservation\classes\services\UserDataService.php 
2016-03-14 9:38:03 - DEBUG --> getUserData 
2016-03-14 9:38:03 - DEBUG --> Archivo \components\com_jhotelreservation\classes\services\UserDataService.php 
2016-03-14 9:38:03 - DEBUG --> setCurrency 
2016-03-14 9:38:03 - DEBUG --> Archivo \components\com_jhotelreservation\classes\services\UserDataService.php 
2016-03-14 9:38:03 - DEBUG --> getUserData 
2016-03-14 9:38:03 - DEBUG --> Archivo \components\com_jhotelreservation\classes\services\UserDataService.php 
2016-03-14 9:38:03 - DEBUG --> getUserData 
2016-03-14 9:38:03 - DEBUG --> Archivo \components\com_jhotelreservation\classes\services\UserDataService.php 
2016-03-14 9:38:03 - DEBUG --> getUserData 
2016-03-14 9:38:03 - DEBUG --> Archivo \components\com_jhotelreservationiews\hotel	mpl\hoteloverview.php 
2016-03-14 9:38:03 - DEBUG --> Accedió 
2016-03-14 13:09:52 - DEBUG --> Archivo \components\com_jhotelreservation\classes\services\UserDataService.php 
2016-03-14 13:09:52 - DEBUG --> initializeUserData 
2016-03-14 13:09:52 - DEBUG --> UserData first: N; 
2016-03-14 13:09:52 - DEBUG --> Archivo \components\com_jhotelreservation\classes\services\UserDataService.php 
2016-03-14 13:09:52 - DEBUG --> createUserData 
2016-03-14 13:09:52 - DEBUG --> UserData end:  a:0:{} 
2016-03-14 13:09:52 - DEBUG --> Archivo \components\com_jhotelreservation\classes\services\UserDataService.php 
2016-03-14 13:09:52 - DEBUG --> initializeUserData 
2016-03-14 13:09:52 - DEBUG --> UserData first: a:0:{} 
2016-03-14 13:09:52 - DEBUG --> UserData end:  a:0:{} 
2016-03-14 13:09:52 - DEBUG --> Archivo \components\com_jhotelreservation\classes\services\UserDataService.php 
2016-03-14 13:09:52 - DEBUG --> initializeReservationData 
2016-03-14 13:09:52 - DEBUG --> UserData: a:0:{} 
2016-03-14 13:09:52 - DEBUG --> Archivo \components\com_jhotelreservation\classes\services\UserDataService.php 
2016-03-14 13:09:52 - DEBUG --> updateUserData 
2016-03-14 13:09:52 - DEBUG --> Archivo \components\com_jhotelreservation\classes\services\UserDataService.php 
2016-03-14 13:09:52 - DEBUG --> getUserData 
2016-03-14 13:09:52 - DEBUG --> Archivo \components\com_jhotelreservation\classes\services\UserDataService.php 
2016-03-14 13:09:52 - DEBUG --> setCurrency 
2016-03-14 13:09:52 - DEBUG --> Archivo \components\com_jhotelreservation\classes\services\UserDataService.php 
2016-03-14 13:09:52 - DEBUG --> getUserData 
2016-03-14 13:09:52 - DEBUG --> Archivo \components\com_jhotelreservation\classes\services\UserDataService.php 
2016-03-14 13:09:52 - DEBUG --> getUserData 
2016-03-14 13:09:52 - DEBUG --> Archivo \components\com_jhotelreservation\classes\services\UserDataService.php 
2016-03-14 13:09:52 - DEBUG --> getUserData 
2016-03-14 13:09:52 - DEBUG --> Archivo \components\com_jhotelreservationiews\hotel	mpl\hoteloverview.php 
2016-03-14 13:09:52 - DEBUG --> Accedió 
2016-03-14 17:38:21 - DEBUG --> Archivo \components\com_jhotelreservation\classes\services\UserDataService.php 
2016-03-14 17:38:21 - DEBUG --> initializeUserData 
2016-03-14 17:38:21 - DEBUG --> UserData first: N; 
2016-03-14 17:38:21 - DEBUG --> Archivo \components\com_jhotelreservation\classes\services\UserDataService.php 
2016-03-14 17:38:21 - DEBUG --> createUserData 
2016-03-14 17:38:21 - DEBUG --> UserData end:  a:0:{} 
2016-03-14 17:38:21 - DEBUG --> Archivo \components\com_jhotelreservation\classes\services\UserDataService.php 
2016-03-14 17:38:21 - DEBUG --> initializeUserData 
2016-03-14 17:38:21 - DEBUG --> UserData first: a:0:{} 
2016-03-14 17:38:21 - DEBUG --> UserData end:  a:0:{} 
2016-03-14 17:38:21 - DEBUG --> Archivo \components\com_jhotelreservation\classes\services\UserDataService.php 
2016-03-14 17:38:21 - DEBUG --> initializeReservationData 
2016-03-14 17:38:21 - DEBUG --> UserData: a:0:{} 
2016-03-14 17:38:21 - DEBUG --> Archivo \components\com_jhotelreservation\classes\services\UserDataService.php 
2016-03-14 17:38:21 - DEBUG --> updateUserData 
2016-03-14 17:38:21 - DEBUG --> Archivo \components\com_jhotelreservation\classes\services\UserDataService.php 
2016-03-14 17:38:21 - DEBUG --> getUserData 
2016-03-14 17:38:21 - DEBUG --> Archivo \components\com_jhotelreservation\classes\services\UserDataService.php 
2016-03-14 17:38:21 - DEBUG --> setCurrency 
2016-03-14 17:38:21 - DEBUG --> Archivo \components\com_jhotelreservation\classes\services\UserDataService.php 
2016-03-14 17:38:21 - DEBUG --> getUserData 
2016-03-14 17:38:21 - DEBUG --> Archivo \components\com_jhotelreservation\classes\services\UserDataService.php 
2016-03-14 17:38:21 - DEBUG --> getUserData 
2016-03-14 17:38:21 - DEBUG --> Archivo \components\com_jhotelreservation\classes\services\UserDataService.php 
2016-03-14 17:38:21 - DEBUG --> getUserData 
2016-03-14 17:38:21 - DEBUG --> Archivo \components\com_jhotelreservationiews\hotel	mpl\hoteloverview.php 
2016-03-14 17:38:21 - DEBUG --> Accedió 
2016-03-14 18:09:44 - DEBUG --> Archivo \components\com_jhotelreservation\classes\services\UserDataService.php 
2016-03-14 18:09:44 - DEBUG --> initializeUserData 
2016-03-14 18:09:44 - DEBUG --> UserData first: N; 
2016-03-14 18:09:44 - DEBUG --> Archivo \components\com_jhotelreservation\classes\services\UserDataService.php 
2016-03-14 18:09:44 - DEBUG --> createUserData 
2016-03-14 18:09:44 - DEBUG --> UserData end:  a:0:{} 
2016-03-14 18:09:44 - DEBUG --> Archivo \components\com_jhotelreservation\classes\services\UserDataService.php 
2016-03-14 18:09:44 - DEBUG --> initializeUserData 
2016-03-14 18:09:44 - DEBUG --> UserData first: a:0:{} 
2016-03-14 18:09:44 - DEBUG --> UserData end:  a:0:{} 
2016-03-14 18:09:44 - DEBUG --> Archivo \components\com_jhotelreservation\classes\services\UserDataService.php 
2016-03-14 18:09:44 - DEBUG --> initializeReservationData 
2016-03-14 18:09:44 - DEBUG --> UserData: a:0:{} 
2016-03-14 18:09:44 - DEBUG --> Archivo \components\com_jhotelreservation\classes\services\UserDataService.php 
2016-03-14 18:09:44 - DEBUG --> updateUserData 
2016-03-14 18:09:44 - DEBUG --> Archivo \components\com_jhotelreservation\classes\services\UserDataService.php 
2016-03-14 18:09:44 - DEBUG --> getUserData 
2016-03-14 18:09:44 - DEBUG --> Archivo \components\com_jhotelreservation\classes\services\UserDataService.php 
2016-03-14 18:09:44 - DEBUG --> setCurrency 
2016-03-14 18:09:44 - DEBUG --> Archivo \components\com_jhotelreservation\classes\services\UserDataService.php 
2016-03-14 18:09:44 - DEBUG --> getUserData 
2016-03-14 18:09:44 - DEBUG --> Archivo \components\com_jhotelreservation\classes\services\UserDataService.php 
2016-03-14 18:09:44 - DEBUG --> getUserData 
2016-03-14 18:09:44 - DEBUG --> Archivo \components\com_jhotelreservation\classes\services\UserDataService.php 
2016-03-14 18:09:44 - DEBUG --> getUserData 
2016-03-14 22:29:20 - DEBUG --> Archivo \components\com_jhotelreservation\classes\services\UserDataService.php 
2016-03-14 22:29:20 - DEBUG --> initializeUserData 
2016-03-14 22:29:20 - DEBUG --> UserData first: N; 
2016-03-14 22:29:20 - DEBUG --> Archivo \components\com_jhotelreservation\classes\services\UserDataService.php 
2016-03-14 22:29:20 - DEBUG --> createUserData 
2016-03-14 22:29:20 - DEBUG --> UserData end:  a:0:{} 
2016-03-14 22:29:20 - DEBUG --> Archivo \components\com_jhotelreservation\classes\services\UserDataService.php 
2016-03-14 22:29:20 - DEBUG --> initializeUserData 
2016-03-14 22:29:20 - DEBUG --> UserData first: a:0:{} 
2016-03-14 22:29:20 - DEBUG --> UserData end:  a:0:{} 
2016-03-14 22:29:20 - DEBUG --> Archivo \components\com_jhotelreservation\classes\services\UserDataService.php 
2016-03-14 22:29:20 - DEBUG --> initializeReservationData 
2016-03-14 22:29:20 - DEBUG --> UserData: a:0:{} 
2016-03-14 22:29:20 - DEBUG --> Archivo \components\com_jhotelreservation\classes\services\UserDataService.php 
2016-03-14 22:29:20 - DEBUG --> updateUserData 
2016-03-14 22:29:20 - DEBUG --> Archivo \components\com_jhotelreservation\classes\services\UserDataService.php 
2016-03-14 22:29:20 - DEBUG --> getUserData 
2016-03-14 22:29:20 - DEBUG --> Archivo \components\com_jhotelreservation\classes\services\UserDataService.php 
2016-03-14 22:29:20 - DEBUG --> setCurrency 
2016-03-14 22:29:20 - DEBUG --> Archivo \components\com_jhotelreservation\classes\services\UserDataService.php 
2016-03-14 22:29:20 - DEBUG --> getUserData 
2016-03-14 22:29:20 - DEBUG --> Archivo \components\com_jhotelreservation\classes\services\UserDataService.php 
2016-03-14 22:29:20 - DEBUG --> getUserData 
2016-03-14 22:29:20 - DEBUG --> Archivo \components\com_jhotelreservation\classes\services\UserDataService.php 
2016-03-14 22:29:20 - DEBUG --> getUserData 
2016-03-14 22:29:20 - DEBUG --> Archivo \components\com_jhotelreservationiews\hotel	mpl\hoteloverview.php 
2016-03-14 22:29:20 - DEBUG --> Accedió 
