2016-03-27 1:22:39 - DEBUG --> Archivo \components\com_jhotelreservation\classes\services\UserDataService.php 
2016-03-27 1:22:39 - DEBUG --> initializeUserData 
2016-03-27 1:22:39 - DEBUG --> UserData first: N; 
2016-03-27 1:22:39 - DEBUG --> Archivo \components\com_jhotelreservation\classes\services\UserDataService.php 
2016-03-27 1:22:39 - DEBUG --> createUserData 
2016-03-27 1:22:39 - DEBUG --> UserData end:  a:0:{} 
2016-03-27 1:22:39 - DEBUG --> Archivo \components\com_jhotelreservation\classes\services\UserDataService.php 
2016-03-27 1:22:39 - DEBUG --> initializeUserData 
2016-03-27 1:22:39 - DEBUG --> UserData first: a:0:{} 
2016-03-27 1:22:39 - DEBUG --> UserData end:  a:0:{} 
2016-03-27 1:22:39 - DEBUG --> Archivo \components\com_jhotelreservation\classes\services\UserDataService.php 
2016-03-27 1:22:39 - DEBUG --> initializeReservationData 
2016-03-27 1:22:39 - DEBUG --> UserData: a:0:{} 
2016-03-27 1:22:39 - DEBUG --> Archivo \components\com_jhotelreservation\classes\services\UserDataService.php 
2016-03-27 1:22:39 - DEBUG --> updateUserData 
2016-03-27 1:22:39 - DEBUG --> Archivo \components\com_jhotelreservation\classes\services\UserDataService.php 
2016-03-27 1:22:39 - DEBUG --> getUserData 
2016-03-27 1:22:39 - DEBUG --> Archivo \components\com_jhotelreservation\classes\services\UserDataService.php 
2016-03-27 1:22:39 - DEBUG --> setCurrency 
2016-03-27 1:22:39 - DEBUG --> Archivo \components\com_jhotelreservation\classes\services\UserDataService.php 
2016-03-27 1:22:39 - DEBUG --> getUserData 
2016-03-27 1:22:39 - DEBUG --> Archivo \components\com_jhotelreservation\classes\services\UserDataService.php 
2016-03-27 1:22:39 - DEBUG --> getUserData 
2016-03-27 1:22:39 - DEBUG --> Archivo \components\com_jhotelreservation\classes\services\UserDataService.php 
2016-03-27 1:22:39 - DEBUG --> getUserData 
2016-03-27 1:22:39 - DEBUG --> Archivo \components\com_jhotelreservationiews\hotel	mpl\hoteloverview.php 
2016-03-27 1:22:39 - DEBUG --> Accedió 
2016-03-27 2:15:09 - DEBUG --> Archivo \components\com_jhotelreservation\classes\services\UserDataService.php 
2016-03-27 2:15:09 - DEBUG --> initializeUserData 
2016-03-27 2:15:09 - DEBUG --> UserData first: N; 
2016-03-27 2:15:09 - DEBUG --> Archivo \components\com_jhotelreservation\classes\services\UserDataService.php 
2016-03-27 2:15:09 - DEBUG --> createUserData 
2016-03-27 2:15:09 - DEBUG --> UserData end:  a:0:{} 
2016-03-27 2:15:09 - DEBUG --> Archivo \components\com_jhotelreservation\classes\services\UserDataService.php 
2016-03-27 2:15:09 - DEBUG --> initializeUserData 
2016-03-27 2:15:09 - DEBUG --> UserData first: a:0:{} 
2016-03-27 2:15:09 - DEBUG --> UserData end:  a:0:{} 
2016-03-27 2:15:09 - DEBUG --> Archivo \components\com_jhotelreservation\classes\services\UserDataService.php 
2016-03-27 2:15:09 - DEBUG --> initializeReservationData 
2016-03-27 2:15:09 - DEBUG --> UserData: a:0:{} 
2016-03-27 2:15:09 - DEBUG --> Archivo \components\com_jhotelreservation\classes\services\UserDataService.php 
2016-03-27 2:15:09 - DEBUG --> updateUserData 
2016-03-27 2:15:09 - DEBUG --> Archivo \components\com_jhotelreservation\classes\services\UserDataService.php 
2016-03-27 2:15:09 - DEBUG --> getUserData 
2016-03-27 2:15:09 - DEBUG --> Archivo \components\com_jhotelreservation\classes\services\UserDataService.php 
2016-03-27 2:15:09 - DEBUG --> setCurrency 
2016-03-27 2:15:09 - DEBUG --> Archivo \components\com_jhotelreservation\classes\services\UserDataService.php 
2016-03-27 2:15:09 - DEBUG --> getUserData 
2016-03-27 2:15:09 - DEBUG --> Archivo \components\com_jhotelreservation\classes\services\UserDataService.php 
2016-03-27 2:15:09 - DEBUG --> getUserData 
2016-03-27 2:15:09 - DEBUG --> Archivo \components\com_jhotelreservation\classes\services\UserDataService.php 
2016-03-27 2:15:09 - DEBUG --> getUserData 
2016-03-27 2:15:09 - DEBUG --> Archivo \components\com_jhotelreservationiews\hotel	mpl\hoteloverview.php 
2016-03-27 2:15:09 - DEBUG --> Accedió 
2016-03-27 2:39:53 - DEBUG --> Archivo \components\com_jhotelreservation\classes\services\UserDataService.php 
2016-03-27 2:39:53 - DEBUG --> initializeUserData 
2016-03-27 2:39:53 - DEBUG --> UserData first: N; 
2016-03-27 2:39:53 - DEBUG --> Archivo \components\com_jhotelreservation\classes\services\UserDataService.php 
2016-03-27 2:39:53 - DEBUG --> createUserData 
2016-03-27 2:39:53 - DEBUG --> UserData end:  a:0:{} 
2016-03-27 2:39:53 - DEBUG --> Archivo \components\com_jhotelreservation\classes\services\UserDataService.php 
2016-03-27 2:39:53 - DEBUG --> initializeUserData 
2016-03-27 2:39:53 - DEBUG --> UserData first: a:0:{} 
2016-03-27 2:39:53 - DEBUG --> UserData end:  a:0:{} 
2016-03-27 2:39:53 - DEBUG --> Archivo \components\com_jhotelreservation\classes\services\UserDataService.php 
2016-03-27 2:39:53 - DEBUG --> initializeReservationData 
2016-03-27 2:39:53 - DEBUG --> UserData: a:0:{} 
2016-03-27 2:39:53 - DEBUG --> Archivo \components\com_jhotelreservation\classes\services\UserDataService.php 
2016-03-27 2:39:53 - DEBUG --> updateUserData 
2016-03-27 2:39:53 - DEBUG --> Archivo \components\com_jhotelreservation\classes\services\UserDataService.php 
2016-03-27 2:39:53 - DEBUG --> getUserData 
2016-03-27 2:39:53 - DEBUG --> Archivo \components\com_jhotelreservation\classes\services\UserDataService.php 
2016-03-27 2:39:53 - DEBUG --> setCurrency 
2016-03-27 2:39:53 - DEBUG --> Archivo \components\com_jhotelreservation\classes\services\UserDataService.php 
2016-03-27 2:39:53 - DEBUG --> getUserData 
2016-03-27 2:39:53 - DEBUG --> Archivo \components\com_jhotelreservation\classes\services\UserDataService.php 
2016-03-27 2:39:53 - DEBUG --> getUserData 
2016-03-27 2:39:53 - DEBUG --> Archivo \components\com_jhotelreservation\classes\services\UserDataService.php 
2016-03-27 2:39:53 - DEBUG --> getUserData 
2016-03-27 2:39:53 - DEBUG --> Archivo \components\com_jhotelreservationiews\hotel	mpl\hoteloverview.php 
2016-03-27 2:39:53 - DEBUG --> Accedió 
2016-03-27 2:42:40 - DEBUG --> Archivo \components\com_jhotelreservation\classes\services\UserDataService.php 
2016-03-27 2:42:40 - DEBUG --> initializeUserData 
2016-03-27 2:42:40 - DEBUG --> UserData first: N; 
2016-03-27 2:42:40 - DEBUG --> Archivo \components\com_jhotelreservation\classes\services\UserDataService.php 
2016-03-27 2:42:40 - DEBUG --> createUserData 
2016-03-27 2:42:40 - DEBUG --> UserData end:  a:0:{} 
2016-03-27 2:42:40 - DEBUG --> Archivo \components\com_jhotelreservation\classes\services\UserDataService.php 
2016-03-27 2:42:40 - DEBUG --> initializeUserData 
2016-03-27 2:42:40 - DEBUG --> UserData first: a:0:{} 
2016-03-27 2:42:40 - DEBUG --> UserData end:  a:0:{} 
2016-03-27 2:42:40 - DEBUG --> Archivo \components\com_jhotelreservation\classes\services\UserDataService.php 
2016-03-27 2:42:40 - DEBUG --> initializeReservationData 
2016-03-27 2:42:40 - DEBUG --> UserData: a:0:{} 
2016-03-27 2:42:40 - DEBUG --> Archivo \components\com_jhotelreservation\classes\services\UserDataService.php 
2016-03-27 2:42:40 - DEBUG --> updateUserData 
2016-03-27 2:42:40 - DEBUG --> Archivo \components\com_jhotelreservation\classes\services\UserDataService.php 
2016-03-27 2:42:40 - DEBUG --> getUserData 
2016-03-27 2:42:40 - DEBUG --> Archivo \components\com_jhotelreservation\classes\services\UserDataService.php 
2016-03-27 2:42:40 - DEBUG --> setCurrency 
2016-03-27 2:42:40 - DEBUG --> Archivo \components\com_jhotelreservation\classes\services\UserDataService.php 
2016-03-27 2:42:40 - DEBUG --> getUserData 
2016-03-27 2:42:40 - DEBUG --> Archivo \components\com_jhotelreservation\classes\services\UserDataService.php 
2016-03-27 2:42:40 - DEBUG --> getUserData 
2016-03-27 2:42:40 - DEBUG --> Archivo \components\com_jhotelreservation\classes\services\UserDataService.php 
2016-03-27 2:42:40 - DEBUG --> getUserData 
2016-03-27 2:42:40 - DEBUG --> Archivo \components\com_jhotelreservationiews\hotel	mpl\hoteloverview.php 
2016-03-27 2:42:40 - DEBUG --> Accedió 
2016-03-27 2:44:21 - DEBUG --> Archivo \components\com_jhotelreservation\classes\services\UserDataService.php 
2016-03-27 2:44:21 - DEBUG --> initializeUserData 
2016-03-27 2:44:21 - DEBUG --> UserData first: N; 
2016-03-27 2:44:21 - DEBUG --> Archivo \components\com_jhotelreservation\classes\services\UserDataService.php 
2016-03-27 2:44:21 - DEBUG --> createUserData 
2016-03-27 2:44:21 - DEBUG --> UserData end:  a:0:{} 
2016-03-27 2:44:21 - DEBUG --> Archivo \components\com_jhotelreservation\classes\services\UserDataService.php 
2016-03-27 2:44:21 - DEBUG --> initializeUserData 
2016-03-27 2:44:21 - DEBUG --> UserData first: a:0:{} 
2016-03-27 2:44:21 - DEBUG --> UserData end:  a:0:{} 
2016-03-27 2:44:21 - DEBUG --> Archivo \components\com_jhotelreservation\classes\services\UserDataService.php 
2016-03-27 2:44:21 - DEBUG --> initializeReservationData 
2016-03-27 2:44:21 - DEBUG --> UserData: a:0:{} 
2016-03-27 2:44:21 - DEBUG --> Archivo \components\com_jhotelreservation\classes\services\UserDataService.php 
2016-03-27 2:44:21 - DEBUG --> updateUserData 
2016-03-27 2:44:21 - DEBUG --> Archivo \components\com_jhotelreservation\classes\services\UserDataService.php 
2016-03-27 2:44:21 - DEBUG --> getUserData 
2016-03-27 2:44:21 - DEBUG --> Archivo \components\com_jhotelreservation\classes\services\UserDataService.php 
2016-03-27 2:44:21 - DEBUG --> setCurrency 
2016-03-27 2:44:21 - DEBUG --> Archivo \components\com_jhotelreservation\classes\services\UserDataService.php 
2016-03-27 2:44:21 - DEBUG --> getUserData 
2016-03-27 2:44:21 - DEBUG --> Archivo \components\com_jhotelreservation\classes\services\UserDataService.php 
2016-03-27 2:44:21 - DEBUG --> getUserData 
2016-03-27 2:44:21 - DEBUG --> Archivo \components\com_jhotelreservation\classes\services\UserDataService.php 
2016-03-27 2:44:21 - DEBUG --> getUserData 
2016-03-27 2:44:21 - DEBUG --> Archivo \components\com_jhotelreservationiews\hotel	mpl\hoteloverview.php 
2016-03-27 2:44:21 - DEBUG --> Accedió 
2016-03-27 2:47:07 - DEBUG --> Archivo \components\com_jhotelreservation\classes\services\UserDataService.php 
2016-03-27 2:47:07 - DEBUG --> initializeUserData 
2016-03-27 2:47:07 - DEBUG --> UserData first: N; 
2016-03-27 2:47:07 - DEBUG --> Archivo \components\com_jhotelreservation\classes\services\UserDataService.php 
2016-03-27 2:47:07 - DEBUG --> createUserData 
2016-03-27 2:47:07 - DEBUG --> UserData end:  a:0:{} 
2016-03-27 2:47:07 - DEBUG --> Archivo \components\com_jhotelreservation\classes\services\UserDataService.php 
2016-03-27 2:47:07 - DEBUG --> initializeUserData 
2016-03-27 2:47:07 - DEBUG --> UserData first: a:0:{} 
2016-03-27 2:47:07 - DEBUG --> UserData end:  a:0:{} 
2016-03-27 2:47:07 - DEBUG --> Archivo \components\com_jhotelreservation\classes\services\UserDataService.php 
2016-03-27 2:47:07 - DEBUG --> initializeReservationData 
2016-03-27 2:47:07 - DEBUG --> UserData: a:0:{} 
2016-03-27 2:47:07 - DEBUG --> Archivo \components\com_jhotelreservation\classes\services\UserDataService.php 
2016-03-27 2:47:07 - DEBUG --> updateUserData 
2016-03-27 2:47:07 - DEBUG --> Archivo \components\com_jhotelreservation\classes\services\UserDataService.php 
2016-03-27 2:47:07 - DEBUG --> getUserData 
2016-03-27 2:47:07 - DEBUG --> Archivo \components\com_jhotelreservation\classes\services\UserDataService.php 
2016-03-27 2:47:07 - DEBUG --> setCurrency 
2016-03-27 2:47:07 - DEBUG --> Archivo \components\com_jhotelreservation\classes\services\UserDataService.php 
2016-03-27 2:47:07 - DEBUG --> getUserData 
2016-03-27 2:47:07 - DEBUG --> Archivo \components\com_jhotelreservation\classes\services\UserDataService.php 
2016-03-27 2:47:07 - DEBUG --> getUserData 
2016-03-27 2:47:07 - DEBUG --> Archivo \components\com_jhotelreservation\classes\services\UserDataService.php 
2016-03-27 2:47:07 - DEBUG --> getUserData 
2016-03-27 2:47:07 - DEBUG --> Archivo \components\com_jhotelreservationiews\hotel	mpl\hoteloverview.php 
2016-03-27 2:47:07 - DEBUG --> Accedió 
2016-03-27 2:47:31 - DEBUG --> Archivo \components\com_jhotelreservation\classes\services\UserDataService.php 
2016-03-27 2:47:31 - DEBUG --> initializeUserData 
2016-03-27 2:47:31 - DEBUG --> UserData first: N; 
2016-03-27 2:47:31 - DEBUG --> Archivo \components\com_jhotelreservation\classes\services\UserDataService.php 
2016-03-27 2:47:31 - DEBUG --> createUserData 
2016-03-27 2:47:31 - DEBUG --> UserData end:  a:0:{} 
2016-03-27 2:47:31 - DEBUG --> Archivo \components\com_jhotelreservation\classes\services\UserDataService.php 
2016-03-27 2:47:31 - DEBUG --> initializeUserData 
2016-03-27 2:47:31 - DEBUG --> UserData first: a:0:{} 
2016-03-27 2:47:31 - DEBUG --> UserData end:  a:0:{} 
2016-03-27 2:47:31 - DEBUG --> Archivo \components\com_jhotelreservation\classes\services\UserDataService.php 
2016-03-27 2:47:31 - DEBUG --> initializeReservationData 
2016-03-27 2:47:31 - DEBUG --> UserData: a:0:{} 
2016-03-27 2:47:31 - DEBUG --> Archivo \components\com_jhotelreservation\classes\services\UserDataService.php 
2016-03-27 2:47:31 - DEBUG --> updateUserData 
2016-03-27 2:47:31 - DEBUG --> Archivo \components\com_jhotelreservation\classes\services\UserDataService.php 
2016-03-27 2:47:31 - DEBUG --> getUserData 
2016-03-27 2:47:31 - DEBUG --> Archivo \components\com_jhotelreservation\classes\services\UserDataService.php 
2016-03-27 2:47:31 - DEBUG --> setCurrency 
2016-03-27 2:47:31 - DEBUG --> Archivo \components\com_jhotelreservation\classes\services\UserDataService.php 
2016-03-27 2:47:31 - DEBUG --> getUserData 
2016-03-27 2:47:31 - DEBUG --> Archivo \components\com_jhotelreservation\classes\services\UserDataService.php 
2016-03-27 2:47:31 - DEBUG --> getUserData 
2016-03-27 2:47:31 - DEBUG --> Archivo \components\com_jhotelreservation\classes\services\UserDataService.php 
2016-03-27 2:47:31 - DEBUG --> getUserData 
2016-03-27 2:47:31 - DEBUG --> Archivo \components\com_jhotelreservationiews\hotel	mpl\hoteloverview.php 
2016-03-27 2:47:31 - DEBUG --> Accedió 
2016-03-27 2:47:45 - DEBUG --> Archivo \components\com_jhotelreservation\classes\services\UserDataService.php 
2016-03-27 2:47:45 - DEBUG --> initializeUserData 
2016-03-27 2:47:45 - DEBUG --> UserData first: N; 
2016-03-27 2:47:45 - DEBUG --> Archivo \components\com_jhotelreservation\classes\services\UserDataService.php 
2016-03-27 2:47:45 - DEBUG --> createUserData 
2016-03-27 2:47:45 - DEBUG --> UserData end:  a:0:{} 
2016-03-27 2:47:45 - DEBUG --> Archivo \components\com_jhotelreservation\classes\services\UserDataService.php 
2016-03-27 2:47:45 - DEBUG --> initializeUserData 
2016-03-27 2:47:45 - DEBUG --> UserData first: a:0:{} 
2016-03-27 2:47:45 - DEBUG --> UserData end:  a:0:{} 
2016-03-27 2:47:45 - DEBUG --> Archivo \components\com_jhotelreservation\classes\services\UserDataService.php 
2016-03-27 2:47:45 - DEBUG --> initializeReservationData 
2016-03-27 2:47:45 - DEBUG --> UserData: a:0:{} 
2016-03-27 2:47:45 - DEBUG --> Archivo \components\com_jhotelreservation\classes\services\UserDataService.php 
2016-03-27 2:47:45 - DEBUG --> updateUserData 
2016-03-27 2:47:45 - DEBUG --> Archivo \components\com_jhotelreservation\classes\services\UserDataService.php 
2016-03-27 2:47:45 - DEBUG --> getUserData 
2016-03-27 2:47:45 - DEBUG --> Archivo \components\com_jhotelreservation\classes\services\UserDataService.php 
2016-03-27 2:47:45 - DEBUG --> setCurrency 
2016-03-27 2:47:45 - DEBUG --> Archivo \components\com_jhotelreservation\classes\services\UserDataService.php 
2016-03-27 2:47:45 - DEBUG --> getUserData 
2016-03-27 2:47:45 - DEBUG --> Archivo \components\com_jhotelreservation\classes\services\UserDataService.php 
2016-03-27 2:47:45 - DEBUG --> getUserData 
2016-03-27 2:47:45 - DEBUG --> Archivo \components\com_jhotelreservation\classes\services\UserDataService.php 
2016-03-27 2:47:45 - DEBUG --> getUserData 
2016-03-27 2:47:45 - DEBUG --> Archivo \components\com_jhotelreservationiews\hotel	mpl\hoteloverview.php 
2016-03-27 2:47:45 - DEBUG --> Accedió 
2016-03-27 3:43:23 - DEBUG --> Archivo \components\com_jhotelreservation\classes\services\UserDataService.php 
2016-03-27 3:43:23 - DEBUG --> initializeUserData 
2016-03-27 3:43:23 - DEBUG --> UserData first: N; 
2016-03-27 3:43:23 - DEBUG --> Archivo \components\com_jhotelreservation\classes\services\UserDataService.php 
2016-03-27 3:43:23 - DEBUG --> createUserData 
2016-03-27 3:43:23 - DEBUG --> UserData end:  a:0:{} 
2016-03-27 3:43:23 - DEBUG --> Archivo \components\com_jhotelreservation\classes\services\UserDataService.php 
2016-03-27 3:43:23 - DEBUG --> initializeUserData 
2016-03-27 3:43:23 - DEBUG --> UserData first: a:0:{} 
2016-03-27 3:43:23 - DEBUG --> UserData end:  a:0:{} 
2016-03-27 3:43:23 - DEBUG --> Archivo \components\com_jhotelreservation\classes\services\UserDataService.php 
2016-03-27 3:43:23 - DEBUG --> initializeReservationData 
2016-03-27 3:43:23 - DEBUG --> UserData: a:0:{} 
2016-03-27 3:43:23 - DEBUG --> Archivo \components\com_jhotelreservation\classes\services\UserDataService.php 
2016-03-27 3:43:23 - DEBUG --> updateUserData 
2016-03-27 3:43:23 - DEBUG --> Archivo \components\com_jhotelreservation\classes\services\UserDataService.php 
2016-03-27 3:43:23 - DEBUG --> getUserData 
2016-03-27 3:43:23 - DEBUG --> Archivo \components\com_jhotelreservation\classes\services\UserDataService.php 
2016-03-27 3:43:23 - DEBUG --> setCurrency 
2016-03-27 3:43:23 - DEBUG --> Archivo \components\com_jhotelreservation\classes\services\UserDataService.php 
2016-03-27 3:43:23 - DEBUG --> getUserData 
2016-03-27 3:43:23 - DEBUG --> Archivo \components\com_jhotelreservation\classes\services\UserDataService.php 
2016-03-27 3:43:23 - DEBUG --> getUserData 
2016-03-27 3:43:23 - DEBUG --> Archivo \components\com_jhotelreservation\classes\services\UserDataService.php 
2016-03-27 3:43:23 - DEBUG --> getUserData 
2016-03-27 3:43:23 - DEBUG --> Archivo \components\com_jhotelreservationiews\hotel	mpl\hoteloverview.php 
2016-03-27 3:43:23 - DEBUG --> Accedió 
2016-03-27 5:01:39 - DEBUG --> Archivo \components\com_jhotelreservation\classes\services\UserDataService.php 
2016-03-27 5:01:39 - DEBUG --> initializeUserData 
2016-03-27 5:01:39 - DEBUG --> UserData first: N; 
2016-03-27 5:01:39 - DEBUG --> Archivo \components\com_jhotelreservation\classes\services\UserDataService.php 
2016-03-27 5:01:39 - DEBUG --> createUserData 
2016-03-27 5:01:39 - DEBUG --> UserData end:  a:0:{} 
2016-03-27 5:01:39 - DEBUG --> Archivo \components\com_jhotelreservation\classes\services\UserDataService.php 
2016-03-27 5:01:39 - DEBUG --> initializeUserData 
2016-03-27 5:01:39 - DEBUG --> UserData first: a:0:{} 
2016-03-27 5:01:39 - DEBUG --> UserData end:  a:0:{} 
2016-03-27 5:01:39 - DEBUG --> Archivo \components\com_jhotelreservation\classes\services\UserDataService.php 
2016-03-27 5:01:39 - DEBUG --> initializeReservationData 
2016-03-27 5:01:39 - DEBUG --> UserData: a:0:{} 
2016-03-27 5:01:39 - DEBUG --> Archivo \components\com_jhotelreservation\classes\services\UserDataService.php 
2016-03-27 5:01:39 - DEBUG --> updateUserData 
2016-03-27 5:01:39 - DEBUG --> Archivo \components\com_jhotelreservation\classes\services\UserDataService.php 
2016-03-27 5:01:39 - DEBUG --> getUserData 
2016-03-27 5:01:39 - DEBUG --> Archivo \components\com_jhotelreservation\classes\services\UserDataService.php 
2016-03-27 5:01:39 - DEBUG --> setCurrency 
2016-03-27 5:01:39 - DEBUG --> Archivo \components\com_jhotelreservation\classes\services\UserDataService.php 
2016-03-27 5:01:39 - DEBUG --> getUserData 
2016-03-27 5:01:39 - DEBUG --> Archivo \components\com_jhotelreservation\classes\services\UserDataService.php 
2016-03-27 5:01:39 - DEBUG --> getUserData 
2016-03-27 5:01:39 - DEBUG --> Archivo \components\com_jhotelreservation\classes\services\UserDataService.php 
2016-03-27 5:01:39 - DEBUG --> getUserData 
2016-03-27 5:01:39 - DEBUG --> Archivo \components\com_jhotelreservationiews\hotel	mpl\hoteloverview.php 
2016-03-27 5:01:39 - DEBUG --> Accedió 
2016-03-27 5:01:40 - DEBUG --> Archivo \components\com_jhotelreservation\classes\services\UserDataService.php 
2016-03-27 5:01:40 - DEBUG --> initializeUserData 
2016-03-27 5:01:40 - DEBUG --> UserData first: N; 
2016-03-27 5:01:40 - DEBUG --> Archivo \components\com_jhotelreservation\classes\services\UserDataService.php 
2016-03-27 5:01:40 - DEBUG --> createUserData 
2016-03-27 5:01:40 - DEBUG --> UserData end:  a:0:{} 
2016-03-27 5:01:40 - DEBUG --> Archivo \components\com_jhotelreservation\classes\services\UserDataService.php 
2016-03-27 5:01:40 - DEBUG --> initializeUserData 
2016-03-27 5:01:40 - DEBUG --> UserData first: a:0:{} 
2016-03-27 5:01:40 - DEBUG --> UserData end:  a:0:{} 
2016-03-27 5:01:40 - DEBUG --> Archivo \components\com_jhotelreservation\classes\services\UserDataService.php 
2016-03-27 5:01:40 - DEBUG --> initializeReservationData 
2016-03-27 5:01:40 - DEBUG --> UserData: a:0:{} 
2016-03-27 5:01:40 - DEBUG --> Archivo \components\com_jhotelreservation\classes\services\UserDataService.php 
2016-03-27 5:01:40 - DEBUG --> updateUserData 
2016-03-27 5:01:40 - DEBUG --> Archivo \components\com_jhotelreservation\classes\services\UserDataService.php 
2016-03-27 5:01:40 - DEBUG --> getUserData 
2016-03-27 5:01:40 - DEBUG --> Archivo \components\com_jhotelreservation\classes\services\UserDataService.php 
2016-03-27 5:01:40 - DEBUG --> setCurrency 
2016-03-27 5:01:40 - DEBUG --> Archivo \components\com_jhotelreservation\classes\services\UserDataService.php 
2016-03-27 5:01:40 - DEBUG --> getUserData 
2016-03-27 5:01:40 - DEBUG --> Archivo \components\com_jhotelreservation\classes\services\UserDataService.php 
2016-03-27 5:01:40 - DEBUG --> getUserData 
2016-03-27 5:01:40 - DEBUG --> Archivo \components\com_jhotelreservation\classes\services\UserDataService.php 
2016-03-27 5:01:40 - DEBUG --> getUserData 
2016-03-27 5:01:40 - DEBUG --> Archivo \components\com_jhotelreservationiews\hotel	mpl\hoteloverview.php 
2016-03-27 5:01:40 - DEBUG --> Accedió 
2016-03-27 5:01:41 - DEBUG --> Archivo \components\com_jhotelreservation\classes\services\UserDataService.php 
2016-03-27 5:01:41 - DEBUG --> initializeUserData 
2016-03-27 5:01:41 - DEBUG --> UserData first: N; 
2016-03-27 5:01:41 - DEBUG --> Archivo \components\com_jhotelreservation\classes\services\UserDataService.php 
2016-03-27 5:01:41 - DEBUG --> createUserData 
2016-03-27 5:01:41 - DEBUG --> UserData end:  a:0:{} 
2016-03-27 5:01:41 - DEBUG --> Archivo \components\com_jhotelreservation\classes\services\UserDataService.php 
2016-03-27 5:01:41 - DEBUG --> initializeUserData 
2016-03-27 5:01:41 - DEBUG --> UserData first: a:0:{} 
2016-03-27 5:01:41 - DEBUG --> UserData end:  a:0:{} 
2016-03-27 5:01:41 - DEBUG --> Archivo \components\com_jhotelreservation\classes\services\UserDataService.php 
2016-03-27 5:01:41 - DEBUG --> initializeReservationData 
2016-03-27 5:01:41 - DEBUG --> UserData: a:0:{} 
2016-03-27 5:01:41 - DEBUG --> Archivo \components\com_jhotelreservation\classes\services\UserDataService.php 
2016-03-27 5:01:41 - DEBUG --> updateUserData 
2016-03-27 5:01:41 - DEBUG --> Archivo \components\com_jhotelreservation\classes\services\UserDataService.php 
2016-03-27 5:01:41 - DEBUG --> getUserData 
2016-03-27 5:01:41 - DEBUG --> Archivo \components\com_jhotelreservation\classes\services\UserDataService.php 
2016-03-27 5:01:41 - DEBUG --> setCurrency 
2016-03-27 5:01:41 - DEBUG --> Archivo \components\com_jhotelreservation\classes\services\UserDataService.php 
2016-03-27 5:01:41 - DEBUG --> getUserData 
2016-03-27 5:01:41 - DEBUG --> Archivo \components\com_jhotelreservation\classes\services\UserDataService.php 
2016-03-27 5:01:41 - DEBUG --> getUserData 
2016-03-27 5:01:41 - DEBUG --> Archivo \components\com_jhotelreservation\classes\services\UserDataService.php 
2016-03-27 5:01:41 - DEBUG --> getUserData 
2016-03-27 5:01:41 - DEBUG --> Archivo \components\com_jhotelreservationiews\hotel	mpl\hoteloverview.php 
2016-03-27 5:01:41 - DEBUG --> Accedió 
2016-03-27 5:01:42 - DEBUG --> Archivo \components\com_jhotelreservation\classes\services\UserDataService.php 
2016-03-27 5:01:42 - DEBUG --> initializeUserData 
2016-03-27 5:01:42 - DEBUG --> UserData first: N; 
2016-03-27 5:01:42 - DEBUG --> Archivo \components\com_jhotelreservation\classes\services\UserDataService.php 
2016-03-27 5:01:42 - DEBUG --> createUserData 
2016-03-27 5:01:42 - DEBUG --> UserData end:  a:0:{} 
2016-03-27 5:01:42 - DEBUG --> Archivo \components\com_jhotelreservation\classes\services\UserDataService.php 
2016-03-27 5:01:42 - DEBUG --> initializeUserData 
2016-03-27 5:01:42 - DEBUG --> UserData first: a:0:{} 
2016-03-27 5:01:42 - DEBUG --> UserData end:  a:0:{} 
2016-03-27 5:01:42 - DEBUG --> Archivo \components\com_jhotelreservation\classes\services\UserDataService.php 
2016-03-27 5:01:42 - DEBUG --> initializeReservationData 
2016-03-27 5:01:42 - DEBUG --> UserData: a:0:{} 
2016-03-27 5:01:42 - DEBUG --> Archivo \components\com_jhotelreservation\classes\services\UserDataService.php 
2016-03-27 5:01:42 - DEBUG --> updateUserData 
2016-03-27 5:01:42 - DEBUG --> Archivo \components\com_jhotelreservation\classes\services\UserDataService.php 
2016-03-27 5:01:42 - DEBUG --> getUserData 
2016-03-27 5:01:42 - DEBUG --> Archivo \components\com_jhotelreservation\classes\services\UserDataService.php 
2016-03-27 5:01:42 - DEBUG --> setCurrency 
2016-03-27 5:01:42 - DEBUG --> Archivo \components\com_jhotelreservation\classes\services\UserDataService.php 
2016-03-27 5:01:42 - DEBUG --> getUserData 
2016-03-27 5:01:42 - DEBUG --> Archivo \components\com_jhotelreservation\classes\services\UserDataService.php 
2016-03-27 5:01:42 - DEBUG --> getUserData 
2016-03-27 5:01:42 - DEBUG --> Archivo \components\com_jhotelreservation\classes\services\UserDataService.php 
2016-03-27 5:01:42 - DEBUG --> getUserData 
2016-03-27 5:01:42 - DEBUG --> Archivo \components\com_jhotelreservationiews\hotel	mpl\hoteloverview.php 
2016-03-27 5:01:42 - DEBUG --> Accedió 
2016-03-27 5:01:42 - DEBUG --> Archivo \components\com_jhotelreservation\classes\services\UserDataService.php 
2016-03-27 5:01:42 - DEBUG --> initializeUserData 
2016-03-27 5:01:42 - DEBUG --> UserData first: N; 
2016-03-27 5:01:42 - DEBUG --> Archivo \components\com_jhotelreservation\classes\services\UserDataService.php 
2016-03-27 5:01:42 - DEBUG --> createUserData 
2016-03-27 5:01:42 - DEBUG --> UserData end:  a:0:{} 
2016-03-27 5:01:42 - DEBUG --> Archivo \components\com_jhotelreservation\classes\services\UserDataService.php 
2016-03-27 5:01:42 - DEBUG --> initializeUserData 
2016-03-27 5:01:42 - DEBUG --> UserData first: a:0:{} 
2016-03-27 5:01:42 - DEBUG --> UserData end:  a:0:{} 
2016-03-27 5:01:42 - DEBUG --> Archivo \components\com_jhotelreservation\classes\services\UserDataService.php 
2016-03-27 5:01:42 - DEBUG --> initializeReservationData 
2016-03-27 5:01:42 - DEBUG --> UserData: a:0:{} 
2016-03-27 5:01:42 - DEBUG --> Archivo \components\com_jhotelreservation\classes\services\UserDataService.php 
2016-03-27 5:01:42 - DEBUG --> updateUserData 
2016-03-27 5:01:42 - DEBUG --> Archivo \components\com_jhotelreservation\classes\services\UserDataService.php 
2016-03-27 5:01:42 - DEBUG --> getUserData 
2016-03-27 5:01:42 - DEBUG --> Archivo \components\com_jhotelreservation\classes\services\UserDataService.php 
2016-03-27 5:01:42 - DEBUG --> setCurrency 
2016-03-27 5:01:42 - DEBUG --> Archivo \components\com_jhotelreservation\classes\services\UserDataService.php 
2016-03-27 5:01:42 - DEBUG --> getUserData 
2016-03-27 5:01:42 - DEBUG --> Archivo \components\com_jhotelreservation\classes\services\UserDataService.php 
2016-03-27 5:01:42 - DEBUG --> getUserData 
2016-03-27 5:01:42 - DEBUG --> Archivo \components\com_jhotelreservation\classes\services\UserDataService.php 
2016-03-27 5:01:42 - DEBUG --> getUserData 
2016-03-27 5:01:42 - DEBUG --> Archivo \components\com_jhotelreservationiews\hotel	mpl\hoteloverview.php 
2016-03-27 5:01:42 - DEBUG --> Accedió 
2016-03-27 5:01:43 - DEBUG --> Archivo \components\com_jhotelreservation\classes\services\UserDataService.php 
2016-03-27 5:01:43 - DEBUG --> initializeUserData 
2016-03-27 5:01:43 - DEBUG --> UserData first: N; 
2016-03-27 5:01:43 - DEBUG --> Archivo \components\com_jhotelreservation\classes\services\UserDataService.php 
2016-03-27 5:01:43 - DEBUG --> createUserData 
2016-03-27 5:01:43 - DEBUG --> UserData end:  a:0:{} 
2016-03-27 5:01:43 - DEBUG --> Archivo \components\com_jhotelreservation\classes\services\UserDataService.php 
2016-03-27 5:01:43 - DEBUG --> initializeUserData 
2016-03-27 5:01:43 - DEBUG --> UserData first: a:0:{} 
2016-03-27 5:01:43 - DEBUG --> UserData end:  a:0:{} 
2016-03-27 5:01:43 - DEBUG --> Archivo \components\com_jhotelreservation\classes\services\UserDataService.php 
2016-03-27 5:01:43 - DEBUG --> initializeReservationData 
2016-03-27 5:01:43 - DEBUG --> UserData: a:0:{} 
2016-03-27 5:01:43 - DEBUG --> Archivo \components\com_jhotelreservation\classes\services\UserDataService.php 
2016-03-27 5:01:43 - DEBUG --> updateUserData 
2016-03-27 5:01:43 - DEBUG --> Archivo \components\com_jhotelreservation\classes\services\UserDataService.php 
2016-03-27 5:01:43 - DEBUG --> getUserData 
2016-03-27 5:01:43 - DEBUG --> Archivo \components\com_jhotelreservation\classes\services\UserDataService.php 
2016-03-27 5:01:43 - DEBUG --> setCurrency 
2016-03-27 5:01:43 - DEBUG --> Archivo \components\com_jhotelreservation\classes\services\UserDataService.php 
2016-03-27 5:01:43 - DEBUG --> getUserData 
2016-03-27 5:01:43 - DEBUG --> Archivo \components\com_jhotelreservation\classes\services\UserDataService.php 
2016-03-27 5:01:43 - DEBUG --> getUserData 
2016-03-27 5:01:43 - DEBUG --> Archivo \components\com_jhotelreservation\classes\services\UserDataService.php 
2016-03-27 5:01:43 - DEBUG --> getUserData 
2016-03-27 5:01:43 - DEBUG --> Archivo \components\com_jhotelreservationiews\hotel	mpl\hoteloverview.php 
2016-03-27 5:01:43 - DEBUG --> Accedió 
2016-03-27 5:01:45 - DEBUG --> Archivo \components\com_jhotelreservation\classes\services\UserDataService.php 
2016-03-27 5:01:45 - DEBUG --> initializeUserData 
2016-03-27 5:01:45 - DEBUG --> UserData first: N; 
2016-03-27 5:01:45 - DEBUG --> Archivo \components\com_jhotelreservation\classes\services\UserDataService.php 
2016-03-27 5:01:45 - DEBUG --> createUserData 
2016-03-27 5:01:45 - DEBUG --> UserData end:  a:0:{} 
2016-03-27 5:01:45 - DEBUG --> Archivo \components\com_jhotelreservation\classes\services\UserDataService.php 
2016-03-27 5:01:45 - DEBUG --> initializeUserData 
2016-03-27 5:01:45 - DEBUG --> UserData first: a:0:{} 
2016-03-27 5:01:45 - DEBUG --> UserData end:  a:0:{} 
2016-03-27 5:01:45 - DEBUG --> Archivo \components\com_jhotelreservation\classes\services\UserDataService.php 
2016-03-27 5:01:45 - DEBUG --> initializeReservationData 
2016-03-27 5:01:45 - DEBUG --> UserData: a:0:{} 
2016-03-27 5:01:45 - DEBUG --> Archivo \components\com_jhotelreservation\classes\services\UserDataService.php 
2016-03-27 5:01:45 - DEBUG --> updateUserData 
2016-03-27 5:01:45 - DEBUG --> Archivo \components\com_jhotelreservation\classes\services\UserDataService.php 
2016-03-27 5:01:45 - DEBUG --> getUserData 
2016-03-27 5:01:45 - DEBUG --> Archivo \components\com_jhotelreservation\classes\services\UserDataService.php 
2016-03-27 5:01:45 - DEBUG --> setCurrency 
2016-03-27 5:01:45 - DEBUG --> Archivo \components\com_jhotelreservation\classes\services\UserDataService.php 
2016-03-27 5:01:45 - DEBUG --> getUserData 
2016-03-27 5:01:45 - DEBUG --> Archivo \components\com_jhotelreservation\classes\services\UserDataService.php 
2016-03-27 5:01:45 - DEBUG --> getUserData 
2016-03-27 5:01:45 - DEBUG --> Archivo \components\com_jhotelreservation\classes\services\UserDataService.php 
2016-03-27 5:01:45 - DEBUG --> getUserData 
2016-03-27 5:01:45 - DEBUG --> Archivo \components\com_jhotelreservationiews\hotel	mpl\hoteloverview.php 
2016-03-27 5:01:45 - DEBUG --> Accedió 
2016-03-27 5:54:46 - DEBUG --> Archivo \components\com_jhotelreservation\classes\services\UserDataService.php 
2016-03-27 5:54:46 - DEBUG --> initializeUserData 
2016-03-27 5:54:46 - DEBUG --> UserData first: N; 
2016-03-27 5:54:46 - DEBUG --> Archivo \components\com_jhotelreservation\classes\services\UserDataService.php 
2016-03-27 5:54:46 - DEBUG --> createUserData 
2016-03-27 5:54:46 - DEBUG --> UserData end:  a:0:{} 
2016-03-27 5:54:46 - DEBUG --> Archivo \components\com_jhotelreservation\classes\services\UserDataService.php 
2016-03-27 5:54:46 - DEBUG --> initializeUserData 
2016-03-27 5:54:46 - DEBUG --> UserData first: a:0:{} 
2016-03-27 5:54:46 - DEBUG --> UserData end:  a:0:{} 
2016-03-27 5:54:46 - DEBUG --> Archivo \components\com_jhotelreservation\classes\services\UserDataService.php 
2016-03-27 5:54:46 - DEBUG --> initializeReservationData 
2016-03-27 5:54:46 - DEBUG --> UserData: a:0:{} 
2016-03-27 5:54:46 - DEBUG --> Archivo \components\com_jhotelreservation\classes\services\UserDataService.php 
2016-03-27 5:54:46 - DEBUG --> updateUserData 
2016-03-27 5:54:46 - DEBUG --> Archivo \components\com_jhotelreservation\classes\services\UserDataService.php 
2016-03-27 5:54:46 - DEBUG --> getUserData 
2016-03-27 5:54:46 - DEBUG --> Archivo \components\com_jhotelreservation\classes\services\UserDataService.php 
2016-03-27 5:54:46 - DEBUG --> setCurrency 
2016-03-27 5:54:46 - DEBUG --> Archivo \components\com_jhotelreservation\classes\services\UserDataService.php 
2016-03-27 5:54:46 - DEBUG --> getUserData 
2016-03-27 5:54:46 - DEBUG --> Archivo \components\com_jhotelreservation\classes\services\UserDataService.php 
2016-03-27 5:54:46 - DEBUG --> getUserData 
2016-03-27 5:54:46 - DEBUG --> Archivo \components\com_jhotelreservation\classes\services\UserDataService.php 
2016-03-27 5:54:46 - DEBUG --> getUserData 
2016-03-27 5:54:46 - DEBUG --> Archivo \components\com_jhotelreservationiews\hotel	mpl\hoteloverview.php 
2016-03-27 5:54:46 - DEBUG --> Accedió 
2016-03-27 6:28:21 - DEBUG --> Archivo \components\com_jhotelreservation\classes\services\UserDataService.php 
2016-03-27 6:28:21 - DEBUG --> initializeUserData 
2016-03-27 6:28:21 - DEBUG --> UserData first: N; 
2016-03-27 6:28:21 - DEBUG --> Archivo \components\com_jhotelreservation\classes\services\UserDataService.php 
2016-03-27 6:28:21 - DEBUG --> createUserData 
2016-03-27 6:28:21 - DEBUG --> UserData end:  a:0:{} 
2016-03-27 6:28:21 - DEBUG --> Archivo \components\com_jhotelreservation\classes\services\UserDataService.php 
2016-03-27 6:28:21 - DEBUG --> initializeUserData 
2016-03-27 6:28:21 - DEBUG --> UserData first: a:0:{} 
2016-03-27 6:28:21 - DEBUG --> UserData end:  a:0:{} 
2016-03-27 6:28:21 - DEBUG --> Archivo \components\com_jhotelreservation\classes\services\UserDataService.php 
2016-03-27 6:28:21 - DEBUG --> initializeReservationData 
2016-03-27 6:28:21 - DEBUG --> UserData: a:0:{} 
2016-03-27 6:28:21 - DEBUG --> Archivo \components\com_jhotelreservation\classes\services\UserDataService.php 
2016-03-27 6:28:21 - DEBUG --> updateUserData 
2016-03-27 6:28:21 - DEBUG --> Archivo \components\com_jhotelreservation\classes\services\UserDataService.php 
2016-03-27 6:28:21 - DEBUG --> getUserData 
2016-03-27 6:28:21 - DEBUG --> Archivo \components\com_jhotelreservation\classes\services\UserDataService.php 
2016-03-27 6:28:21 - DEBUG --> setCurrency 
2016-03-27 6:28:21 - DEBUG --> Archivo \components\com_jhotelreservation\classes\services\UserDataService.php 
2016-03-27 6:28:21 - DEBUG --> getUserData 
2016-03-27 6:28:21 - DEBUG --> Archivo \components\com_jhotelreservation\classes\services\UserDataService.php 
2016-03-27 6:28:21 - DEBUG --> getUserData 
2016-03-27 6:28:21 - DEBUG --> Archivo \components\com_jhotelreservation\classes\services\UserDataService.php 
2016-03-27 6:28:21 - DEBUG --> getUserData 
2016-03-27 6:28:21 - DEBUG --> Archivo \components\com_jhotelreservationiews\hotel	mpl\hoteloverview.php 
2016-03-27 6:28:21 - DEBUG --> Accedió 
2016-03-27 8:16:10 - DEBUG --> Archivo \components\com_jhotelreservation\classes\services\UserDataService.php 
2016-03-27 8:16:10 - DEBUG --> initializeUserData 
2016-03-27 8:16:10 - DEBUG --> UserData first: N; 
2016-03-27 8:16:10 - DEBUG --> Archivo \components\com_jhotelreservation\classes\services\UserDataService.php 
2016-03-27 8:16:10 - DEBUG --> createUserData 
2016-03-27 8:16:10 - DEBUG --> UserData end:  a:0:{} 
2016-03-27 8:16:10 - DEBUG --> Archivo \components\com_jhotelreservation\classes\services\UserDataService.php 
2016-03-27 8:16:10 - DEBUG --> initializeUserData 
2016-03-27 8:16:10 - DEBUG --> UserData first: a:0:{} 
2016-03-27 8:16:10 - DEBUG --> UserData end:  a:0:{} 
2016-03-27 8:16:10 - DEBUG --> Archivo \components\com_jhotelreservation\classes\services\UserDataService.php 
2016-03-27 8:16:10 - DEBUG --> initializeReservationData 
2016-03-27 8:16:10 - DEBUG --> UserData: a:0:{} 
2016-03-27 8:16:10 - DEBUG --> Archivo \components\com_jhotelreservation\classes\services\UserDataService.php 
2016-03-27 8:16:10 - DEBUG --> updateUserData 
2016-03-27 8:16:10 - DEBUG --> Archivo \components\com_jhotelreservation\classes\services\UserDataService.php 
2016-03-27 8:16:10 - DEBUG --> getUserData 
2016-03-27 8:16:10 - DEBUG --> Archivo \components\com_jhotelreservation\classes\services\UserDataService.php 
2016-03-27 8:16:10 - DEBUG --> setCurrency 
2016-03-27 8:16:10 - DEBUG --> Archivo \components\com_jhotelreservation\classes\services\UserDataService.php 
2016-03-27 8:16:10 - DEBUG --> getUserData 
2016-03-27 8:16:10 - DEBUG --> Archivo \components\com_jhotelreservation\classes\services\UserDataService.php 
2016-03-27 8:16:10 - DEBUG --> getUserData 
2016-03-27 8:16:10 - DEBUG --> Archivo \components\com_jhotelreservation\classes\services\UserDataService.php 
2016-03-27 8:16:10 - DEBUG --> getUserData 
2016-03-27 9:35:16 - DEBUG --> Archivo \components\com_jhotelreservation\classes\services\UserDataService.php 
2016-03-27 9:35:16 - DEBUG --> initializeUserData 
2016-03-27 9:35:16 - DEBUG --> UserData first: N; 
2016-03-27 9:35:16 - DEBUG --> Archivo \components\com_jhotelreservation\classes\services\UserDataService.php 
2016-03-27 9:35:16 - DEBUG --> createUserData 
2016-03-27 9:35:16 - DEBUG --> UserData end:  a:0:{} 
2016-03-27 9:35:16 - DEBUG --> Archivo \components\com_jhotelreservation\classes\services\UserDataService.php 
2016-03-27 9:35:16 - DEBUG --> initializeUserData 
2016-03-27 9:35:16 - DEBUG --> UserData first: a:0:{} 
2016-03-27 9:35:16 - DEBUG --> UserData end:  a:0:{} 
2016-03-27 9:35:16 - DEBUG --> Archivo \components\com_jhotelreservation\classes\services\UserDataService.php 
2016-03-27 9:35:16 - DEBUG --> initializeReservationData 
2016-03-27 9:35:16 - DEBUG --> UserData: a:0:{} 
2016-03-27 9:35:16 - DEBUG --> Archivo \components\com_jhotelreservation\classes\services\UserDataService.php 
2016-03-27 9:35:16 - DEBUG --> updateUserData 
2016-03-27 9:35:16 - DEBUG --> Archivo \components\com_jhotelreservation\classes\services\UserDataService.php 
2016-03-27 9:35:16 - DEBUG --> getUserData 
2016-03-27 9:35:16 - DEBUG --> Archivo \components\com_jhotelreservation\classes\services\UserDataService.php 
2016-03-27 9:35:16 - DEBUG --> setCurrency 
2016-03-27 9:35:16 - DEBUG --> Archivo \components\com_jhotelreservation\classes\services\UserDataService.php 
2016-03-27 9:35:16 - DEBUG --> getUserData 
2016-03-27 9:35:16 - DEBUG --> Archivo \components\com_jhotelreservation\classes\services\UserDataService.php 
2016-03-27 9:35:16 - DEBUG --> getUserData 
2016-03-27 9:35:16 - DEBUG --> Archivo \components\com_jhotelreservation\classes\services\UserDataService.php 
2016-03-27 9:35:16 - DEBUG --> getUserData 
2016-03-27 9:35:16 - DEBUG --> Archivo \components\com_jhotelreservationiews\hotel	mpl\hoteloverview.php 
2016-03-27 9:35:16 - DEBUG --> Accedió 
2016-03-27 9:53:45 - DEBUG --> Archivo \components\com_jhotelreservation\classes\services\UserDataService.php 
2016-03-27 9:53:45 - DEBUG --> initializeUserData 
2016-03-27 9:53:45 - DEBUG --> UserData first: N; 
2016-03-27 9:53:45 - DEBUG --> Archivo \components\com_jhotelreservation\classes\services\UserDataService.php 
2016-03-27 9:53:45 - DEBUG --> createUserData 
2016-03-27 9:53:45 - DEBUG --> UserData end:  a:0:{} 
2016-03-27 9:53:45 - DEBUG --> Archivo \components\com_jhotelreservation\classes\services\UserDataService.php 
2016-03-27 9:53:45 - DEBUG --> initializeUserData 
2016-03-27 9:53:45 - DEBUG --> UserData first: a:0:{} 
2016-03-27 9:53:45 - DEBUG --> UserData end:  a:0:{} 
2016-03-27 9:53:45 - DEBUG --> Archivo \components\com_jhotelreservation\classes\services\UserDataService.php 
2016-03-27 9:53:45 - DEBUG --> initializeReservationData 
2016-03-27 9:53:45 - DEBUG --> UserData: a:0:{} 
2016-03-27 9:53:45 - DEBUG --> Archivo \components\com_jhotelreservation\classes\services\UserDataService.php 
2016-03-27 9:53:45 - DEBUG --> updateUserData 
2016-03-27 9:53:45 - DEBUG --> Archivo \components\com_jhotelreservation\classes\services\UserDataService.php 
2016-03-27 9:53:45 - DEBUG --> getUserData 
2016-03-27 9:53:45 - DEBUG --> Archivo \components\com_jhotelreservation\classes\services\UserDataService.php 
2016-03-27 9:53:45 - DEBUG --> setCurrency 
2016-03-27 9:53:45 - DEBUG --> Archivo \components\com_jhotelreservation\classes\services\UserDataService.php 
2016-03-27 9:53:45 - DEBUG --> getUserData 
2016-03-27 9:53:45 - DEBUG --> Archivo \components\com_jhotelreservation\classes\services\UserDataService.php 
2016-03-27 9:53:45 - DEBUG --> getUserData 
2016-03-27 9:53:45 - DEBUG --> Archivo \components\com_jhotelreservation\classes\services\UserDataService.php 
2016-03-27 9:53:45 - DEBUG --> getUserData 
2016-03-27 10:24:26 - DEBUG --> Archivo \components\com_jhotelreservation\classes\services\UserDataService.php 
2016-03-27 10:24:26 - DEBUG --> initializeUserData 
2016-03-27 10:24:26 - DEBUG --> UserData first: N; 
2016-03-27 10:24:26 - DEBUG --> Archivo \components\com_jhotelreservation\classes\services\UserDataService.php 
2016-03-27 10:24:26 - DEBUG --> createUserData 
2016-03-27 10:24:26 - DEBUG --> UserData end:  a:0:{} 
2016-03-27 10:24:26 - DEBUG --> Archivo \components\com_jhotelreservation\classes\services\UserDataService.php 
2016-03-27 10:24:26 - DEBUG --> initializeUserData 
2016-03-27 10:24:26 - DEBUG --> UserData first: a:0:{} 
2016-03-27 10:24:26 - DEBUG --> UserData end:  a:0:{} 
2016-03-27 10:24:26 - DEBUG --> Archivo \components\com_jhotelreservation\classes\services\UserDataService.php 
2016-03-27 10:24:26 - DEBUG --> initializeReservationData 
2016-03-27 10:24:26 - DEBUG --> UserData: a:0:{} 
2016-03-27 10:24:26 - DEBUG --> Archivo \components\com_jhotelreservation\classes\services\UserDataService.php 
2016-03-27 10:24:26 - DEBUG --> updateUserData 
2016-03-27 10:24:26 - DEBUG --> Archivo \components\com_jhotelreservation\classes\services\UserDataService.php 
2016-03-27 10:24:26 - DEBUG --> getUserData 
2016-03-27 10:24:26 - DEBUG --> Archivo \components\com_jhotelreservation\classes\services\UserDataService.php 
2016-03-27 10:24:26 - DEBUG --> setCurrency 
2016-03-27 10:24:26 - DEBUG --> Archivo \components\com_jhotelreservation\classes\services\UserDataService.php 
2016-03-27 10:24:26 - DEBUG --> getUserData 
2016-03-27 10:24:26 - DEBUG --> Archivo \components\com_jhotelreservation\classes\services\UserDataService.php 
2016-03-27 10:24:26 - DEBUG --> getUserData 
2016-03-27 10:24:26 - DEBUG --> Archivo \components\com_jhotelreservation\classes\services\UserDataService.php 
2016-03-27 10:24:26 - DEBUG --> getUserData 
2016-03-27 11:48:35 - DEBUG --> Archivo \components\com_jhotelreservation\classes\services\UserDataService.php 
2016-03-27 11:48:35 - DEBUG --> initializeUserData 
2016-03-27 11:48:35 - DEBUG --> UserData first: N; 
2016-03-27 11:48:35 - DEBUG --> Archivo \components\com_jhotelreservation\classes\services\UserDataService.php 
2016-03-27 11:48:35 - DEBUG --> createUserData 
2016-03-27 11:48:35 - DEBUG --> UserData end:  a:0:{} 
2016-03-27 12:26:04 - DEBUG --> Archivo \components\com_jhotelreservation\classes\services\UserDataService.php 
2016-03-27 12:26:04 - DEBUG --> initializeUserData 
2016-03-27 12:26:04 - DEBUG --> UserData first: a:0:{} 
2016-03-27 12:26:04 - DEBUG --> Archivo \components\com_jhotelreservation\classes\services\UserDataService.php 
2016-03-27 12:26:04 - DEBUG --> createUserData 
2016-03-27 12:26:04 - DEBUG --> voucher:  
2016-03-27 12:26:04 - DEBUG --> UserData end:  a:0:{} 
2016-03-27 12:26:04 - DEBUG --> Archivo \components\com_jhotelreservation\classes\services\UserDataService.php 
2016-03-27 12:26:04 - DEBUG --> initializeUserData 
2016-03-27 12:26:04 - DEBUG --> UserData first: a:0:{} 
2016-03-27 12:26:04 - DEBUG --> Archivo \components\com_jhotelreservation\classes\services\UserDataService.php 
2016-03-27 12:26:04 - DEBUG --> createUserData 
2016-03-27 12:26:04 - DEBUG --> voucher:  
2016-03-27 12:26:04 - DEBUG --> UserData end:  a:0:{} 
2016-03-27 13:15:42 - DEBUG --> Archivo \components\com_jhotelreservation\classes\services\UserDataService.php 
2016-03-27 13:15:42 - DEBUG --> initializeUserData 
2016-03-27 13:15:42 - DEBUG --> UserData first: N; 
2016-03-27 13:15:42 - DEBUG --> Archivo \components\com_jhotelreservation\classes\services\UserDataService.php 
2016-03-27 13:15:42 - DEBUG --> createUserData 
2016-03-27 13:15:42 - DEBUG --> UserData end:  a:0:{} 
2016-03-27 13:15:42 - DEBUG --> Archivo \components\com_jhotelreservation\classes\services\UserDataService.php 
2016-03-27 13:15:42 - DEBUG --> initializeUserData 
2016-03-27 13:15:42 - DEBUG --> UserData first: a:0:{} 
2016-03-27 13:15:42 - DEBUG --> UserData end:  a:0:{} 
2016-03-27 13:15:42 - DEBUG --> Archivo \components\com_jhotelreservation\classes\services\UserDataService.php 
2016-03-27 13:15:42 - DEBUG --> initializeReservationData 
2016-03-27 13:15:42 - DEBUG --> UserData: a:0:{} 
2016-03-27 13:15:42 - DEBUG --> Archivo \components\com_jhotelreservation\classes\services\UserDataService.php 
2016-03-27 13:15:42 - DEBUG --> updateUserData 
2016-03-27 13:15:42 - DEBUG --> Archivo \components\com_jhotelreservation\classes\services\UserDataService.php 
2016-03-27 13:15:42 - DEBUG --> getUserData 
2016-03-27 13:15:42 - DEBUG --> Archivo \components\com_jhotelreservation\classes\services\UserDataService.php 
2016-03-27 13:15:42 - DEBUG --> setCurrency 
2016-03-27 13:15:42 - DEBUG --> Archivo \components\com_jhotelreservation\classes\services\UserDataService.php 
2016-03-27 13:15:42 - DEBUG --> getUserData 
2016-03-27 13:15:42 - DEBUG --> Archivo \components\com_jhotelreservation\classes\services\UserDataService.php 
2016-03-27 13:15:42 - DEBUG --> getUserData 
2016-03-27 13:15:42 - DEBUG --> Archivo \components\com_jhotelreservation\classes\services\UserDataService.php 
2016-03-27 13:15:42 - DEBUG --> getUserData 
2016-03-27 13:15:42 - DEBUG --> Archivo \components\com_jhotelreservationiews\hotel	mpl\hoteloverview.php 
2016-03-27 13:15:42 - DEBUG --> Accedió 
2016-03-27 14:57:22 - DEBUG --> Archivo \components\com_jhotelreservation\classes\services\UserDataService.php 
2016-03-27 14:57:22 - DEBUG --> initializeUserData 
2016-03-27 14:57:22 - DEBUG --> UserData first: N; 
2016-03-27 14:57:22 - DEBUG --> Archivo \components\com_jhotelreservation\classes\services\UserDataService.php 
2016-03-27 14:57:22 - DEBUG --> createUserData 
2016-03-27 14:57:22 - DEBUG --> UserData end:  a:0:{} 
2016-03-27 14:57:22 - DEBUG --> Archivo \components\com_jhotelreservation\classes\services\UserDataService.php 
2016-03-27 14:57:22 - DEBUG --> initializeUserData 
2016-03-27 14:57:22 - DEBUG --> UserData first: a:0:{} 
2016-03-27 14:57:22 - DEBUG --> UserData end:  a:0:{} 
2016-03-27 14:57:22 - DEBUG --> Archivo \components\com_jhotelreservation\classes\services\UserDataService.php 
2016-03-27 14:57:22 - DEBUG --> initializeReservationData 
2016-03-27 14:57:22 - DEBUG --> UserData: a:0:{} 
2016-03-27 14:57:22 - DEBUG --> Archivo \components\com_jhotelreservation\classes\services\UserDataService.php 
2016-03-27 14:57:22 - DEBUG --> updateUserData 
2016-03-27 14:57:22 - DEBUG --> Archivo \components\com_jhotelreservation\classes\services\UserDataService.php 
2016-03-27 14:57:22 - DEBUG --> getUserData 
2016-03-27 14:57:22 - DEBUG --> Archivo \components\com_jhotelreservation\classes\services\UserDataService.php 
2016-03-27 14:57:22 - DEBUG --> setCurrency 
2016-03-27 14:57:22 - DEBUG --> Archivo \components\com_jhotelreservation\classes\services\UserDataService.php 
2016-03-27 14:57:22 - DEBUG --> getUserData 
2016-03-27 14:57:22 - DEBUG --> Archivo \components\com_jhotelreservation\classes\services\UserDataService.php 
2016-03-27 14:57:22 - DEBUG --> getUserData 
2016-03-27 14:57:22 - DEBUG --> Archivo \components\com_jhotelreservation\classes\services\UserDataService.php 
2016-03-27 14:57:22 - DEBUG --> getUserData 
2016-03-27 14:57:22 - DEBUG --> Archivo \components\com_jhotelreservationiews\hotel	mpl\hoteloverview.php 
2016-03-27 14:57:22 - DEBUG --> Accedió 
2016-03-27 15:57:57 - DEBUG --> Archivo \components\com_jhotelreservation\classes\services\UserDataService.php 
2016-03-27 15:57:57 - DEBUG --> initializeUserData 
2016-03-27 15:57:57 - DEBUG --> UserData first: N; 
2016-03-27 15:57:57 - DEBUG --> Archivo \components\com_jhotelreservation\classes\services\UserDataService.php 
2016-03-27 15:57:57 - DEBUG --> createUserData 
2016-03-27 15:57:57 - DEBUG --> UserData end:  a:0:{} 
2016-03-27 15:57:57 - DEBUG --> Archivo \components\com_jhotelreservation\classes\services\UserDataService.php 
2016-03-27 15:57:57 - DEBUG --> initializeUserData 
2016-03-27 15:57:57 - DEBUG --> UserData first: a:0:{} 
2016-03-27 15:57:57 - DEBUG --> UserData end:  a:0:{} 
2016-03-27 15:57:57 - DEBUG --> Archivo \components\com_jhotelreservation\classes\services\UserDataService.php 
2016-03-27 15:57:57 - DEBUG --> initializeReservationData 
2016-03-27 15:57:57 - DEBUG --> UserData: a:0:{} 
2016-03-27 15:57:57 - DEBUG --> Archivo \components\com_jhotelreservation\classes\services\UserDataService.php 
2016-03-27 15:57:57 - DEBUG --> updateUserData 
2016-03-27 15:57:57 - DEBUG --> Archivo \components\com_jhotelreservation\classes\services\UserDataService.php 
2016-03-27 15:57:57 - DEBUG --> getUserData 
2016-03-27 15:57:57 - DEBUG --> Archivo \components\com_jhotelreservation\classes\services\UserDataService.php 
2016-03-27 15:57:57 - DEBUG --> setCurrency 
2016-03-27 15:57:57 - DEBUG --> Archivo \components\com_jhotelreservation\classes\services\UserDataService.php 
2016-03-27 15:57:57 - DEBUG --> getUserData 
2016-03-27 15:57:57 - DEBUG --> Archivo \components\com_jhotelreservation\classes\services\UserDataService.php 
2016-03-27 15:57:57 - DEBUG --> getUserData 
2016-03-27 15:57:57 - DEBUG --> Archivo \components\com_jhotelreservation\classes\services\UserDataService.php 
2016-03-27 15:57:57 - DEBUG --> getUserData 
2016-03-27 15:57:57 - DEBUG --> Archivo \components\com_jhotelreservationiews\hotel	mpl\hoteloverview.php 
2016-03-27 15:57:57 - DEBUG --> Accedió 
2016-03-27 16:22:53 - DEBUG --> Archivo \components\com_jhotelreservation\classes\services\UserDataService.php 
2016-03-27 16:22:53 - DEBUG --> initializeUserData 
2016-03-27 16:22:53 - DEBUG --> UserData first: N; 
2016-03-27 16:22:53 - DEBUG --> Archivo \components\com_jhotelreservation\classes\services\UserDataService.php 
2016-03-27 16:22:53 - DEBUG --> createUserData 
2016-03-27 16:22:53 - DEBUG --> UserData end:  a:0:{} 
2016-03-27 16:22:53 - DEBUG --> Archivo \components\com_jhotelreservation\classes\services\UserDataService.php 
2016-03-27 16:22:53 - DEBUG --> initializeUserData 
2016-03-27 16:22:53 - DEBUG --> UserData first: a:0:{} 
2016-03-27 16:22:53 - DEBUG --> UserData end:  a:0:{} 
2016-03-27 16:22:53 - DEBUG --> Archivo \components\com_jhotelreservation\classes\services\UserDataService.php 
2016-03-27 16:22:53 - DEBUG --> initializeReservationData 
2016-03-27 16:22:53 - DEBUG --> UserData: a:0:{} 
2016-03-27 16:22:53 - DEBUG --> Archivo \components\com_jhotelreservation\classes\services\UserDataService.php 
2016-03-27 16:22:53 - DEBUG --> updateUserData 
2016-03-27 16:22:53 - DEBUG --> Archivo \components\com_jhotelreservation\classes\services\UserDataService.php 
2016-03-27 16:22:53 - DEBUG --> getUserData 
2016-03-27 16:22:53 - DEBUG --> Archivo \components\com_jhotelreservation\classes\services\UserDataService.php 
2016-03-27 16:22:53 - DEBUG --> setCurrency 
2016-03-27 16:22:53 - DEBUG --> Archivo \components\com_jhotelreservation\classes\services\UserDataService.php 
2016-03-27 16:22:53 - DEBUG --> getUserData 
2016-03-27 16:22:53 - DEBUG --> Archivo \components\com_jhotelreservation\classes\services\UserDataService.php 
2016-03-27 16:22:53 - DEBUG --> getUserData 
2016-03-27 16:22:53 - DEBUG --> Archivo \components\com_jhotelreservation\classes\services\UserDataService.php 
2016-03-27 16:22:53 - DEBUG --> getUserData 
2016-03-27 16:22:53 - DEBUG --> Archivo \components\com_jhotelreservationiews\hotel	mpl\hoteloverview.php 
2016-03-27 16:22:53 - DEBUG --> Accedió 
2016-03-27 16:39:22 - DEBUG --> Archivo \components\com_jhotelreservation\classes\services\UserDataService.php 
2016-03-27 16:39:22 - DEBUG --> initializeUserData 
2016-03-27 16:39:22 - DEBUG --> UserData first: N; 
2016-03-27 16:39:22 - DEBUG --> Archivo \components\com_jhotelreservation\classes\services\UserDataService.php 
2016-03-27 16:39:22 - DEBUG --> createUserData 
2016-03-27 16:39:22 - DEBUG --> UserData end:  a:0:{} 
2016-03-27 16:39:22 - DEBUG --> Archivo \components\com_jhotelreservation\classes\services\UserDataService.php 
2016-03-27 16:39:22 - DEBUG --> initializeUserData 
2016-03-27 16:39:22 - DEBUG --> UserData first: a:0:{} 
2016-03-27 16:39:22 - DEBUG --> UserData end:  a:0:{} 
2016-03-27 16:39:22 - DEBUG --> Archivo \components\com_jhotelreservation\classes\services\UserDataService.php 
2016-03-27 16:39:22 - DEBUG --> initializeReservationData 
2016-03-27 16:39:22 - DEBUG --> UserData: a:0:{} 
2016-03-27 16:39:22 - DEBUG --> Archivo \components\com_jhotelreservation\classes\services\UserDataService.php 
2016-03-27 16:39:22 - DEBUG --> updateUserData 
2016-03-27 16:39:22 - DEBUG --> Archivo \components\com_jhotelreservation\classes\services\UserDataService.php 
2016-03-27 16:39:22 - DEBUG --> getUserData 
2016-03-27 16:39:22 - DEBUG --> Archivo \components\com_jhotelreservation\classes\services\UserDataService.php 
2016-03-27 16:39:22 - DEBUG --> setCurrency 
2016-03-27 16:39:22 - DEBUG --> Archivo \components\com_jhotelreservation\classes\services\UserDataService.php 
2016-03-27 16:39:22 - DEBUG --> getUserData 
2016-03-27 16:39:22 - DEBUG --> Archivo \components\com_jhotelreservation\classes\services\UserDataService.php 
2016-03-27 16:39:22 - DEBUG --> getUserData 
2016-03-27 16:39:22 - DEBUG --> Archivo \components\com_jhotelreservation\classes\services\UserDataService.php 
2016-03-27 16:39:22 - DEBUG --> getUserData 
2016-03-27 16:39:22 - DEBUG --> Archivo \components\com_jhotelreservationiews\hotel	mpl\hoteloverview.php 
2016-03-27 16:39:22 - DEBUG --> Accedió 
2016-03-27 17:40:35 - DEBUG --> Archivo \components\com_jhotelreservation\classes\services\UserDataService.php 
2016-03-27 17:40:35 - DEBUG --> initializeUserData 
2016-03-27 17:40:35 - DEBUG --> UserData first: N; 
2016-03-27 17:40:35 - DEBUG --> Archivo \components\com_jhotelreservation\classes\services\UserDataService.php 
2016-03-27 17:40:35 - DEBUG --> createUserData 
2016-03-27 17:40:35 - DEBUG --> UserData end:  a:0:{} 
2016-03-27 17:40:35 - DEBUG --> Archivo \components\com_jhotelreservation\classes\services\UserDataService.php 
2016-03-27 17:40:35 - DEBUG --> initializeUserData 
2016-03-27 17:40:35 - DEBUG --> UserData first: a:0:{} 
2016-03-27 17:40:35 - DEBUG --> UserData end:  a:0:{} 
2016-03-27 17:40:35 - DEBUG --> Archivo \components\com_jhotelreservation\classes\services\UserDataService.php 
2016-03-27 17:40:35 - DEBUG --> initializeReservationData 
2016-03-27 17:40:35 - DEBUG --> UserData: a:0:{} 
2016-03-27 17:40:35 - DEBUG --> Archivo \components\com_jhotelreservation\classes\services\UserDataService.php 
2016-03-27 17:40:35 - DEBUG --> updateUserData 
2016-03-27 17:40:35 - DEBUG --> Archivo \components\com_jhotelreservation\classes\services\UserDataService.php 
2016-03-27 17:40:35 - DEBUG --> getUserData 
2016-03-27 17:40:35 - DEBUG --> Archivo \components\com_jhotelreservation\classes\services\UserDataService.php 
2016-03-27 17:40:35 - DEBUG --> setCurrency 
2016-03-27 17:40:35 - DEBUG --> Archivo \components\com_jhotelreservation\classes\services\UserDataService.php 
2016-03-27 17:40:35 - DEBUG --> getUserData 
2016-03-27 17:40:35 - DEBUG --> Archivo \components\com_jhotelreservation\classes\services\UserDataService.php 
2016-03-27 17:40:35 - DEBUG --> getUserData 
2016-03-27 17:40:35 - DEBUG --> Archivo \components\com_jhotelreservation\classes\services\UserDataService.php 
2016-03-27 17:40:35 - DEBUG --> getUserData 
2016-03-27 17:40:35 - DEBUG --> Archivo \components\com_jhotelreservationiews\hotel	mpl\hoteloverview.php 
2016-03-27 17:40:35 - DEBUG --> Accedió 
2016-03-27 18:19:23 - DEBUG --> Archivo \components\com_jhotelreservation\classes\services\UserDataService.php 
2016-03-27 18:19:23 - DEBUG --> initializeUserData 
2016-03-27 18:19:23 - DEBUG --> UserData first: N; 
2016-03-27 18:19:23 - DEBUG --> Archivo \components\com_jhotelreservation\classes\services\UserDataService.php 
2016-03-27 18:19:23 - DEBUG --> createUserData 
2016-03-27 18:19:23 - DEBUG --> UserData end:  a:0:{} 
2016-03-27 18:19:23 - DEBUG --> Archivo \components\com_jhotelreservation\classes\services\UserDataService.php 
2016-03-27 18:19:23 - DEBUG --> initializeUserData 
2016-03-27 18:19:23 - DEBUG --> UserData first: a:0:{} 
2016-03-27 18:19:23 - DEBUG --> UserData end:  a:0:{} 
2016-03-27 18:19:23 - DEBUG --> Archivo \components\com_jhotelreservation\classes\services\UserDataService.php 
2016-03-27 18:19:23 - DEBUG --> initializeReservationData 
2016-03-27 18:19:23 - DEBUG --> UserData: a:0:{} 
2016-03-27 18:19:23 - DEBUG --> Archivo \components\com_jhotelreservation\classes\services\UserDataService.php 
2016-03-27 18:19:23 - DEBUG --> updateUserData 
2016-03-27 18:19:23 - DEBUG --> Archivo \components\com_jhotelreservation\classes\services\UserDataService.php 
2016-03-27 18:19:23 - DEBUG --> getUserData 
2016-03-27 18:19:23 - DEBUG --> Archivo \components\com_jhotelreservation\classes\services\UserDataService.php 
2016-03-27 18:19:23 - DEBUG --> setCurrency 
2016-03-27 18:19:23 - DEBUG --> Archivo \components\com_jhotelreservation\classes\services\UserDataService.php 
2016-03-27 18:19:23 - DEBUG --> getUserData 
2016-03-27 18:19:23 - DEBUG --> Archivo \components\com_jhotelreservation\classes\services\UserDataService.php 
2016-03-27 18:19:23 - DEBUG --> getUserData 
2016-03-27 18:19:23 - DEBUG --> Archivo \components\com_jhotelreservation\classes\services\UserDataService.php 
2016-03-27 18:19:23 - DEBUG --> getUserData 
2016-03-27 18:19:23 - DEBUG --> Archivo \components\com_jhotelreservationiews\hotel	mpl\hoteloverview.php 
2016-03-27 18:19:23 - DEBUG --> Accedió 
2016-03-27 18:34:55 - DEBUG --> Archivo \components\com_jhotelreservation\classes\services\UserDataService.php 
2016-03-27 18:34:55 - DEBUG --> initializeUserData 
2016-03-27 18:34:55 - DEBUG --> UserData first: a:0:{} 
2016-03-27 18:34:55 - DEBUG --> UserData end:  a:0:{} 
2016-03-27 18:35:12 - DEBUG --> Archivo \components\com_jhotelreservation\classes\services\UserDataService.php 
2016-03-27 18:35:12 - DEBUG --> initializeUserData 
2016-03-27 18:35:12 - DEBUG --> UserData first: a:0:{} 
2016-03-27 18:35:12 - DEBUG --> Archivo \components\com_jhotelreservation\classes\services\UserDataService.php 
2016-03-27 18:35:12 - DEBUG --> createUserData 
2016-03-27 18:35:12 - DEBUG --> voucher:  
2016-03-27 18:35:12 - DEBUG --> UserData end:  a:0:{} 
2016-03-27 18:35:12 - DEBUG --> Archivo \components\com_jhotelreservation\classes\services\UserDataService.php 
2016-03-27 18:35:12 - DEBUG --> initializeUserData 
2016-03-27 18:35:12 - DEBUG --> UserData first: a:0:{} 
2016-03-27 18:35:12 - DEBUG --> Archivo \components\com_jhotelreservation\classes\services\UserDataService.php 
2016-03-27 18:35:12 - DEBUG --> createUserData 
2016-03-27 18:35:12 - DEBUG --> voucher:  
2016-03-27 18:35:12 - DEBUG --> UserData end:  a:0:{} 
2016-03-27 18:36:20 - DEBUG --> Archivo \components\com_jhotelreservation\classes\services\UserDataService.php 
2016-03-27 18:36:20 - DEBUG --> initializeUserData 
2016-03-27 18:36:20 - DEBUG --> UserData first: a:0:{} 
2016-03-27 18:36:20 - DEBUG --> UserData end:  a:0:{} 
2016-03-27 18:36:22 - DEBUG --> Archivo \components\com_jhotelreservation\classes\services\UserDataService.php 
2016-03-27 18:36:22 - DEBUG --> initializeUserData 
2016-03-27 18:36:22 - DEBUG --> UserData first: a:0:{} 
2016-03-27 18:36:22 - DEBUG --> Archivo \components\com_jhotelreservation\classes\services\UserDataService.php 
2016-03-27 18:36:22 - DEBUG --> createUserData 
2016-03-27 18:36:22 - DEBUG --> voucher:  
2016-03-27 18:36:22 - DEBUG --> UserData end:  a:0:{} 
2016-03-27 18:36:22 - DEBUG --> Archivo \components\com_jhotelreservation\classes\services\UserDataService.php 
2016-03-27 18:36:22 - DEBUG --> initializeUserData 
2016-03-27 18:36:22 - DEBUG --> UserData first: a:0:{} 
2016-03-27 18:36:22 - DEBUG --> Archivo \components\com_jhotelreservation\classes\services\UserDataService.php 
2016-03-27 18:36:22 - DEBUG --> createUserData 
2016-03-27 18:36:22 - DEBUG --> voucher:  
2016-03-27 18:36:22 - DEBUG --> UserData end:  a:0:{} 
2016-03-27 20:07:55 - DEBUG --> Archivo \components\com_jhotelreservation\classes\services\UserDataService.php 
2016-03-27 20:07:55 - DEBUG --> initializeUserData 
2016-03-27 20:07:55 - DEBUG --> UserData first: a:0:{} 
2016-03-27 20:07:55 - DEBUG --> UserData end:  a:0:{} 
