2015-07-22 8:34:03 - DEBUG --> Archivo \components\com_jhotelreservation\classes\services\UserDataService.php 
2015-07-22 8:34:03 - DEBUG --> initializeUserData 
2015-07-22 8:34:03 - DEBUG --> UserData first: N; 
2015-07-22 8:34:03 - DEBUG --> Archivo \components\com_jhotelreservation\classes\services\UserDataService.php 
2015-07-22 8:34:03 - DEBUG --> createUserData 
2015-07-22 8:34:03 - DEBUG --> UserData end:  a:0:{} 
2015-07-22 8:34:03 - DEBUG --> Archivo \components\com_jhotelreservation\classes\services\UserDataService.php 
2015-07-22 8:34:03 - DEBUG --> initializeUserData 
2015-07-22 8:34:03 - DEBUG --> UserData first: a:0:{} 
2015-07-22 8:34:03 - DEBUG --> UserData end:  a:0:{} 
2015-07-22 8:34:03 - DEBUG --> Archivo \components\com_jhotelreservation\classes\services\UserDataService.php 
2015-07-22 8:34:03 - DEBUG --> initializeReservationData 
2015-07-22 8:34:03 - DEBUG --> UserData: a:0:{} 
2015-07-22 8:34:03 - DEBUG --> Archivo \components\com_jhotelreservation\classes\services\UserDataService.php 
2015-07-22 8:34:03 - DEBUG --> updateUserData 
2015-07-22 8:34:03 - DEBUG --> Archivo \components\com_jhotelreservation\classes\services\UserDataService.php 
2015-07-22 8:34:03 - DEBUG --> getUserData 
2015-07-22 8:34:03 - DEBUG --> Archivo \components\com_jhotelreservation\classes\services\UserDataService.php 
2015-07-22 8:34:03 - DEBUG --> setCurrency 
2015-07-22 8:34:03 - DEBUG --> Archivo \components\com_jhotelreservation\classes\services\UserDataService.php 
2015-07-22 8:34:03 - DEBUG --> getUserData 
2015-07-22 8:34:03 - DEBUG --> Archivo \components\com_jhotelreservation\classes\services\UserDataService.php 
2015-07-22 8:34:03 - DEBUG --> getUserData 
2015-07-22 8:34:03 - DEBUG --> Archivo \components\com_jhotelreservation\classes\services\UserDataService.php 
2015-07-22 8:34:03 - DEBUG --> getUserData 
2015-07-22 8:34:03 - DEBUG --> Archivo \components\com_jhotelreservationiews\hotel	mpl\hoteloverview.php 
2015-07-22 8:34:03 - DEBUG --> Accedió 
2015-07-22 9:18:36 - DEBUG --> Archivo \components\com_jhotelreservation\classes\services\UserDataService.php 
2015-07-22 9:18:36 - DEBUG --> initializeUserData 
2015-07-22 9:18:36 - DEBUG --> UserData first: N; 
2015-07-22 9:18:36 - DEBUG --> Archivo \components\com_jhotelreservation\classes\services\UserDataService.php 
2015-07-22 9:18:36 - DEBUG --> createUserData 
2015-07-22 9:18:36 - DEBUG --> UserData end:  a:0:{} 
2015-07-22 9:18:36 - DEBUG --> Archivo \components\com_jhotelreservation\classes\services\UserDataService.php 
2015-07-22 9:18:36 - DEBUG --> initializeUserData 
2015-07-22 9:18:36 - DEBUG --> UserData first: a:0:{} 
2015-07-22 9:18:36 - DEBUG --> UserData end:  a:0:{} 
2015-07-22 9:18:36 - DEBUG --> Archivo \components\com_jhotelreservation\classes\services\UserDataService.php 
2015-07-22 9:18:36 - DEBUG --> initializeReservationData 
2015-07-22 9:18:36 - DEBUG --> UserData: a:0:{} 
2015-07-22 9:18:36 - DEBUG --> Archivo \components\com_jhotelreservation\classes\services\UserDataService.php 
2015-07-22 9:18:36 - DEBUG --> updateUserData 
2015-07-22 9:18:36 - DEBUG --> Archivo \components\com_jhotelreservation\classes\services\UserDataService.php 
2015-07-22 9:18:36 - DEBUG --> getUserData 
2015-07-22 9:18:36 - DEBUG --> Archivo \components\com_jhotelreservation\classes\services\UserDataService.php 
2015-07-22 9:18:36 - DEBUG --> setCurrency 
2015-07-22 9:18:36 - DEBUG --> Archivo \components\com_jhotelreservation\classes\services\UserDataService.php 
2015-07-22 9:18:36 - DEBUG --> getUserData 
2015-07-22 9:18:36 - DEBUG --> Archivo \components\com_jhotelreservation\classes\services\UserDataService.php 
2015-07-22 9:18:36 - DEBUG --> getUserData 
2015-07-22 9:18:36 - DEBUG --> Archivo \components\com_jhotelreservation\classes\services\UserDataService.php 
2015-07-22 9:18:36 - DEBUG --> getUserData 
2015-07-22 9:18:36 - DEBUG --> Archivo \components\com_jhotelreservationiews\hotel	mpl\hoteloverview.php 
2015-07-22 9:18:36 - DEBUG --> Accedió 
2015-07-22 9:19:41 - DEBUG --> Archivo \components\com_jhotelreservation\classes\services\UserDataService.php 
2015-07-22 9:19:41 - DEBUG --> initializeUserData 
2015-07-22 9:19:41 - DEBUG --> UserData first: N; 
2015-07-22 9:19:41 - DEBUG --> Archivo \components\com_jhotelreservation\classes\services\UserDataService.php 
2015-07-22 9:19:41 - DEBUG --> createUserData 
2015-07-22 9:19:41 - DEBUG --> UserData end:  a:0:{} 
2015-07-22 9:19:41 - DEBUG --> Archivo \components\com_jhotelreservation\classes\services\UserDataService.php 
2015-07-22 9:19:41 - DEBUG --> initializeUserData 
2015-07-22 9:19:41 - DEBUG --> UserData first: a:0:{} 
2015-07-22 9:19:41 - DEBUG --> UserData end:  a:0:{} 
2015-07-22 9:19:41 - DEBUG --> Archivo \components\com_jhotelreservation\classes\services\UserDataService.php 
2015-07-22 9:19:41 - DEBUG --> initializeReservationData 
2015-07-22 9:19:41 - DEBUG --> UserData: a:0:{} 
2015-07-22 9:19:41 - DEBUG --> Archivo \components\com_jhotelreservation\classes\services\UserDataService.php 
2015-07-22 9:19:41 - DEBUG --> updateUserData 
2015-07-22 9:19:41 - DEBUG --> Archivo \components\com_jhotelreservation\classes\services\UserDataService.php 
2015-07-22 9:19:41 - DEBUG --> getUserData 
2015-07-22 9:19:41 - DEBUG --> Archivo \components\com_jhotelreservation\classes\services\UserDataService.php 
2015-07-22 9:19:41 - DEBUG --> setCurrency 
2015-07-22 9:19:41 - DEBUG --> Archivo \components\com_jhotelreservation\classes\services\UserDataService.php 
2015-07-22 9:19:41 - DEBUG --> getUserData 
2015-07-22 9:19:41 - DEBUG --> Archivo \components\com_jhotelreservation\classes\services\UserDataService.php 
2015-07-22 9:19:41 - DEBUG --> getUserData 
2015-07-22 9:19:41 - DEBUG --> Archivo \components\com_jhotelreservation\classes\services\UserDataService.php 
2015-07-22 9:19:41 - DEBUG --> getUserData 
2015-07-22 9:19:41 - DEBUG --> Archivo \components\com_jhotelreservationiews\hotel	mpl\hoteloverview.php 
2015-07-22 9:19:41 - DEBUG --> Accedió 
2015-07-22 9:28:22 - DEBUG --> Archivo \components\com_jhotelreservation\classes\services\UserDataService.php 
2015-07-22 9:28:22 - DEBUG --> initializeUserData 
2015-07-22 9:28:22 - DEBUG --> UserData first: N; 
2015-07-22 9:28:22 - DEBUG --> Archivo \components\com_jhotelreservation\classes\services\UserDataService.php 
2015-07-22 9:28:22 - DEBUG --> createUserData 
2015-07-22 9:28:22 - DEBUG --> UserData end:  a:0:{} 
2015-07-22 9:28:22 - DEBUG --> Archivo \components\com_jhotelreservation\classes\services\UserDataService.php 
2015-07-22 9:28:22 - DEBUG --> initializeUserData 
2015-07-22 9:28:22 - DEBUG --> UserData first: a:0:{} 
2015-07-22 9:28:22 - DEBUG --> UserData end:  a:0:{} 
2015-07-22 9:28:22 - DEBUG --> Archivo \components\com_jhotelreservation\classes\services\UserDataService.php 
2015-07-22 9:28:22 - DEBUG --> initializeReservationData 
2015-07-22 9:28:22 - DEBUG --> UserData: a:0:{} 
2015-07-22 9:28:22 - DEBUG --> Archivo \components\com_jhotelreservation\classes\services\UserDataService.php 
2015-07-22 9:28:22 - DEBUG --> updateUserData 
2015-07-22 9:28:22 - DEBUG --> Archivo \components\com_jhotelreservation\classes\services\UserDataService.php 
2015-07-22 9:28:22 - DEBUG --> getUserData 
2015-07-22 9:28:22 - DEBUG --> Archivo \components\com_jhotelreservation\classes\services\UserDataService.php 
2015-07-22 9:28:22 - DEBUG --> setCurrency 
2015-07-22 9:28:22 - DEBUG --> Archivo \components\com_jhotelreservation\classes\services\UserDataService.php 
2015-07-22 9:28:22 - DEBUG --> getUserData 
2015-07-22 9:28:22 - DEBUG --> Archivo \components\com_jhotelreservation\classes\services\UserDataService.php 
2015-07-22 9:28:22 - DEBUG --> getUserData 
2015-07-22 9:28:22 - DEBUG --> Archivo \components\com_jhotelreservation\classes\services\UserDataService.php 
2015-07-22 9:28:22 - DEBUG --> getUserData 
2015-07-22 9:28:22 - DEBUG --> Archivo \components\com_jhotelreservationiews\hotel	mpl\hoteloverview.php 
2015-07-22 9:28:22 - DEBUG --> Accedió 
2015-07-22 10:48:27 - DEBUG --> Archivo \components\com_jhotelreservation\classes\services\UserDataService.php 
2015-07-22 10:48:27 - DEBUG --> initializeUserData 
2015-07-22 10:48:27 - DEBUG --> UserData first: N; 
2015-07-22 10:48:27 - DEBUG --> Archivo \components\com_jhotelreservation\classes\services\UserDataService.php 
2015-07-22 10:48:27 - DEBUG --> createUserData 
2015-07-22 10:48:27 - DEBUG --> UserData end:  a:0:{} 
2015-07-22 10:48:27 - DEBUG --> Archivo \components\com_jhotelreservation\classes\services\UserDataService.php 
2015-07-22 10:48:27 - DEBUG --> initializeUserData 
2015-07-22 10:48:27 - DEBUG --> UserData first: a:0:{} 
2015-07-22 10:48:27 - DEBUG --> UserData end:  a:0:{} 
2015-07-22 10:48:27 - DEBUG --> Archivo \components\com_jhotelreservation\classes\services\UserDataService.php 
2015-07-22 10:48:27 - DEBUG --> initializeReservationData 
2015-07-22 10:48:27 - DEBUG --> UserData: a:0:{} 
2015-07-22 10:48:27 - DEBUG --> Archivo \components\com_jhotelreservation\classes\services\UserDataService.php 
2015-07-22 10:48:27 - DEBUG --> updateUserData 
2015-07-22 10:48:27 - DEBUG --> Archivo \components\com_jhotelreservation\classes\services\UserDataService.php 
2015-07-22 10:48:27 - DEBUG --> getUserData 
2015-07-22 10:48:27 - DEBUG --> Archivo \components\com_jhotelreservation\classes\services\UserDataService.php 
2015-07-22 10:48:27 - DEBUG --> setCurrency 
2015-07-22 10:48:27 - DEBUG --> Archivo \components\com_jhotelreservation\classes\services\UserDataService.php 
2015-07-22 10:48:27 - DEBUG --> getUserData 
2015-07-22 10:48:27 - DEBUG --> Archivo \components\com_jhotelreservation\classes\services\UserDataService.php 
2015-07-22 10:48:27 - DEBUG --> getUserData 
2015-07-22 10:48:27 - DEBUG --> Archivo \components\com_jhotelreservation\classes\services\UserDataService.php 
2015-07-22 10:48:27 - DEBUG --> getUserData 
2015-07-22 10:48:27 - DEBUG --> Archivo \components\com_jhotelreservationiews\hotel	mpl\hoteloverview.php 
2015-07-22 10:48:27 - DEBUG --> Accedió 
2015-07-22 11:08:27 - DEBUG --> Archivo \components\com_jhotelreservation\classes\services\UserDataService.php 
2015-07-22 11:08:27 - DEBUG --> initializeUserData 
2015-07-22 11:08:27 - DEBUG --> UserData first: N; 
2015-07-22 11:08:27 - DEBUG --> Archivo \components\com_jhotelreservation\classes\services\UserDataService.php 
2015-07-22 11:08:27 - DEBUG --> createUserData 
2015-07-22 11:08:27 - DEBUG --> UserData end:  a:0:{} 
2015-07-22 12:28:29 - DEBUG --> Archivo \components\com_jhotelreservation\classes\services\UserDataService.php 
2015-07-22 12:28:29 - DEBUG --> initializeUserData 
2015-07-22 12:28:29 - DEBUG --> UserData first: N; 
2015-07-22 12:28:29 - DEBUG --> Archivo \components\com_jhotelreservation\classes\services\UserDataService.php 
2015-07-22 12:28:29 - DEBUG --> createUserData 
2015-07-22 12:28:29 - DEBUG --> UserData end:  a:0:{} 
2015-07-22 12:38:26 - DEBUG --> Archivo \components\com_jhotelreservation\classes\services\UserDataService.php 
2015-07-22 12:38:26 - DEBUG --> initializeUserData 
2015-07-22 12:38:26 - DEBUG --> UserData first: N; 
2015-07-22 12:38:26 - DEBUG --> Archivo \components\com_jhotelreservation\classes\services\UserDataService.php 
2015-07-22 12:38:26 - DEBUG --> createUserData 
2015-07-22 12:38:26 - DEBUG --> UserData end:  a:0:{} 
2015-07-22 12:38:26 - DEBUG --> Archivo \components\com_jhotelreservation\classes\services\UserDataService.php 
2015-07-22 12:38:26 - DEBUG --> initializeUserData 
2015-07-22 12:38:26 - DEBUG --> UserData first: a:0:{} 
2015-07-22 12:38:26 - DEBUG --> UserData end:  a:0:{} 
2015-07-22 12:38:26 - DEBUG --> Archivo \components\com_jhotelreservation\classes\services\UserDataService.php 
2015-07-22 12:38:26 - DEBUG --> initializeReservationData 
2015-07-22 12:38:26 - DEBUG --> UserData: a:0:{} 
2015-07-22 12:38:26 - DEBUG --> Archivo \components\com_jhotelreservation\classes\services\UserDataService.php 
2015-07-22 12:38:26 - DEBUG --> updateUserData 
2015-07-22 12:38:26 - DEBUG --> Archivo \components\com_jhotelreservation\classes\services\UserDataService.php 
2015-07-22 12:38:26 - DEBUG --> getUserData 
2015-07-22 12:38:26 - DEBUG --> Archivo \components\com_jhotelreservation\classes\services\UserDataService.php 
2015-07-22 12:38:26 - DEBUG --> setCurrency 
2015-07-22 12:38:26 - DEBUG --> Archivo \components\com_jhotelreservation\classes\services\UserDataService.php 
2015-07-22 12:38:26 - DEBUG --> getUserData 
2015-07-22 12:38:26 - DEBUG --> Archivo \components\com_jhotelreservation\classes\services\UserDataService.php 
2015-07-22 12:38:26 - DEBUG --> getUserData 
2015-07-22 12:38:26 - DEBUG --> Archivo \components\com_jhotelreservation\classes\services\UserDataService.php 
2015-07-22 12:38:26 - DEBUG --> getUserData 
2015-07-22 12:38:26 - DEBUG --> Archivo \components\com_jhotelreservationiews\hotel	mpl\hoteloverview.php 
2015-07-22 12:38:26 - DEBUG --> Accedió 
2015-07-22 12:48:27 - DEBUG --> Archivo \components\com_jhotelreservation\classes\services\UserDataService.php 
2015-07-22 12:48:27 - DEBUG --> initializeUserData 
2015-07-22 12:48:27 - DEBUG --> UserData first: N; 
2015-07-22 12:48:27 - DEBUG --> Archivo \components\com_jhotelreservation\classes\services\UserDataService.php 
2015-07-22 12:48:27 - DEBUG --> createUserData 
2015-07-22 12:48:27 - DEBUG --> UserData end:  a:0:{} 
2015-07-22 12:48:27 - DEBUG --> Archivo \components\com_jhotelreservation\classes\services\UserDataService.php 
2015-07-22 12:48:27 - DEBUG --> initializeUserData 
2015-07-22 12:48:27 - DEBUG --> UserData first: a:0:{} 
2015-07-22 12:48:27 - DEBUG --> UserData end:  a:0:{} 
2015-07-22 12:48:27 - DEBUG --> Archivo \components\com_jhotelreservation\classes\services\UserDataService.php 
2015-07-22 12:48:27 - DEBUG --> initializeReservationData 
2015-07-22 12:48:27 - DEBUG --> UserData: a:0:{} 
2015-07-22 12:48:27 - DEBUG --> Archivo \components\com_jhotelreservation\classes\services\UserDataService.php 
2015-07-22 12:48:27 - DEBUG --> updateUserData 
2015-07-22 12:48:27 - DEBUG --> Archivo \components\com_jhotelreservation\classes\services\UserDataService.php 
2015-07-22 12:48:27 - DEBUG --> getUserData 
2015-07-22 12:48:27 - DEBUG --> Archivo \components\com_jhotelreservation\classes\services\UserDataService.php 
2015-07-22 12:48:27 - DEBUG --> setCurrency 
2015-07-22 12:48:27 - DEBUG --> Archivo \components\com_jhotelreservation\classes\services\UserDataService.php 
2015-07-22 12:48:27 - DEBUG --> getUserData 
2015-07-22 12:48:27 - DEBUG --> Archivo \components\com_jhotelreservation\classes\services\UserDataService.php 
2015-07-22 12:48:27 - DEBUG --> getUserData 
2015-07-22 12:48:27 - DEBUG --> Archivo \components\com_jhotelreservation\classes\services\UserDataService.php 
2015-07-22 12:48:27 - DEBUG --> getUserData 
2015-07-22 12:48:27 - DEBUG --> Archivo \components\com_jhotelreservationiews\hotel	mpl\hoteloverview.php 
2015-07-22 12:48:27 - DEBUG --> Accedió 
2015-07-22 13:18:28 - DEBUG --> Archivo \components\com_jhotelreservation\classes\services\UserDataService.php 
2015-07-22 13:18:28 - DEBUG --> initializeUserData 
2015-07-22 13:18:28 - DEBUG --> UserData first: N; 
2015-07-22 13:18:28 - DEBUG --> Archivo \components\com_jhotelreservation\classes\services\UserDataService.php 
2015-07-22 13:18:28 - DEBUG --> createUserData 
2015-07-22 13:18:28 - DEBUG --> UserData end:  a:0:{} 
2015-07-22 13:18:28 - DEBUG --> Archivo \components\com_jhotelreservation\classes\services\UserDataService.php 
2015-07-22 13:18:28 - DEBUG --> initializeUserData 
2015-07-22 13:18:28 - DEBUG --> UserData first: a:0:{} 
2015-07-22 13:18:28 - DEBUG --> UserData end:  a:0:{} 
2015-07-22 13:18:28 - DEBUG --> Archivo \components\com_jhotelreservation\classes\services\UserDataService.php 
2015-07-22 13:18:28 - DEBUG --> initializeReservationData 
2015-07-22 13:18:28 - DEBUG --> UserData: a:0:{} 
2015-07-22 13:18:28 - DEBUG --> Archivo \components\com_jhotelreservation\classes\services\UserDataService.php 
2015-07-22 13:18:28 - DEBUG --> updateUserData 
2015-07-22 13:18:28 - DEBUG --> Archivo \components\com_jhotelreservation\classes\services\UserDataService.php 
2015-07-22 13:18:28 - DEBUG --> getUserData 
2015-07-22 13:18:28 - DEBUG --> Archivo \components\com_jhotelreservation\classes\services\UserDataService.php 
2015-07-22 13:18:28 - DEBUG --> setCurrency 
2015-07-22 13:18:28 - DEBUG --> Archivo \components\com_jhotelreservation\classes\services\UserDataService.php 
2015-07-22 13:18:28 - DEBUG --> getUserData 
2015-07-22 13:18:28 - DEBUG --> Archivo \components\com_jhotelreservation\classes\services\UserDataService.php 
2015-07-22 13:18:28 - DEBUG --> getUserData 
2015-07-22 13:18:28 - DEBUG --> Archivo \components\com_jhotelreservation\classes\services\UserDataService.php 
2015-07-22 13:18:28 - DEBUG --> getUserData 
2015-07-22 13:18:28 - DEBUG --> Archivo \components\com_jhotelreservationiews\hotel	mpl\hoteloverview.php 
2015-07-22 13:18:28 - DEBUG --> Accedió 
2015-07-22 13:25:11 - DEBUG --> Archivo \components\com_jhotelreservation\classes\services\UserDataService.php 
2015-07-22 13:25:11 - DEBUG --> initializeUserData 
2015-07-22 13:25:11 - DEBUG --> UserData first: N; 
2015-07-22 13:25:11 - DEBUG --> Archivo \components\com_jhotelreservation\classes\services\UserDataService.php 
2015-07-22 13:25:11 - DEBUG --> createUserData 
2015-07-22 13:25:11 - DEBUG --> UserData end:  a:0:{} 
2015-07-22 13:25:11 - DEBUG --> Archivo \components\com_jhotelreservation\classes\services\UserDataService.php 
2015-07-22 13:25:11 - DEBUG --> initializeUserData 
2015-07-22 13:25:11 - DEBUG --> UserData first: a:0:{} 
2015-07-22 13:25:11 - DEBUG --> UserData end:  a:0:{} 
2015-07-22 13:25:11 - DEBUG --> Archivo \components\com_jhotelreservation\classes\services\UserDataService.php 
2015-07-22 13:25:11 - DEBUG --> initializeReservationData 
2015-07-22 13:25:11 - DEBUG --> UserData: a:0:{} 
2015-07-22 13:25:11 - DEBUG --> Archivo \components\com_jhotelreservation\classes\services\UserDataService.php 
2015-07-22 13:25:11 - DEBUG --> updateUserData 
2015-07-22 13:25:11 - DEBUG --> Archivo \components\com_jhotelreservation\classes\services\UserDataService.php 
2015-07-22 13:25:11 - DEBUG --> getUserData 
2015-07-22 13:25:11 - DEBUG --> Archivo \components\com_jhotelreservation\classes\services\UserDataService.php 
2015-07-22 13:25:11 - DEBUG --> setCurrency 
2015-07-22 13:25:11 - DEBUG --> Archivo \components\com_jhotelreservation\classes\services\UserDataService.php 
2015-07-22 13:25:11 - DEBUG --> getUserData 
2015-07-22 13:25:11 - DEBUG --> Archivo \components\com_jhotelreservation\classes\services\UserDataService.php 
2015-07-22 13:25:11 - DEBUG --> getUserData 
2015-07-22 13:25:11 - DEBUG --> Archivo \components\com_jhotelreservation\classes\services\UserDataService.php 
2015-07-22 13:25:11 - DEBUG --> getUserData 
2015-07-22 13:25:11 - DEBUG --> Archivo \components\com_jhotelreservationiews\hotel	mpl\hoteloverview.php 
2015-07-22 13:25:11 - DEBUG --> Accedió 
2015-07-22 13:25:13 - DEBUG --> Archivo \components\com_jhotelreservation\classes\services\UserDataService.php 
2015-07-22 13:25:13 - DEBUG --> initializeUserData 
2015-07-22 13:25:13 - DEBUG --> UserData first: N; 
2015-07-22 13:25:13 - DEBUG --> Archivo \components\com_jhotelreservation\classes\services\UserDataService.php 
2015-07-22 13:25:13 - DEBUG --> createUserData 
2015-07-22 13:25:13 - DEBUG --> UserData end:  a:0:{} 
2015-07-22 13:25:13 - DEBUG --> Archivo \components\com_jhotelreservation\classes\services\UserDataService.php 
2015-07-22 13:25:13 - DEBUG --> initializeUserData 
2015-07-22 13:25:13 - DEBUG --> UserData first: a:0:{} 
2015-07-22 13:25:13 - DEBUG --> UserData end:  a:0:{} 
2015-07-22 13:25:13 - DEBUG --> Archivo \components\com_jhotelreservation\classes\services\UserDataService.php 
2015-07-22 13:25:13 - DEBUG --> initializeReservationData 
2015-07-22 13:25:13 - DEBUG --> UserData: a:0:{} 
2015-07-22 13:25:13 - DEBUG --> Archivo \components\com_jhotelreservation\classes\services\UserDataService.php 
2015-07-22 13:25:13 - DEBUG --> updateUserData 
2015-07-22 13:25:13 - DEBUG --> Archivo \components\com_jhotelreservation\classes\services\UserDataService.php 
2015-07-22 13:25:13 - DEBUG --> getUserData 
2015-07-22 13:25:13 - DEBUG --> Archivo \components\com_jhotelreservation\classes\services\UserDataService.php 
2015-07-22 13:25:13 - DEBUG --> setCurrency 
2015-07-22 13:25:13 - DEBUG --> Archivo \components\com_jhotelreservation\classes\services\UserDataService.php 
2015-07-22 13:25:13 - DEBUG --> getUserData 
2015-07-22 13:25:13 - DEBUG --> Archivo \components\com_jhotelreservation\classes\services\UserDataService.php 
2015-07-22 13:25:13 - DEBUG --> getUserData 
2015-07-22 13:25:13 - DEBUG --> Archivo \components\com_jhotelreservation\classes\services\UserDataService.php 
2015-07-22 13:25:13 - DEBUG --> getUserData 
2015-07-22 13:25:13 - DEBUG --> Archivo \components\com_jhotelreservationiews\hotel	mpl\hoteloverview.php 
2015-07-22 13:25:13 - DEBUG --> Accedió 
2015-07-22 13:25:16 - DEBUG --> Archivo \components\com_jhotelreservation\classes\services\UserDataService.php 
2015-07-22 13:25:16 - DEBUG --> initializeUserData 
2015-07-22 13:25:16 - DEBUG --> UserData first: N; 
2015-07-22 13:25:16 - DEBUG --> Archivo \components\com_jhotelreservation\classes\services\UserDataService.php 
2015-07-22 13:25:16 - DEBUG --> createUserData 
2015-07-22 13:25:16 - DEBUG --> UserData end:  a:0:{} 
2015-07-22 13:25:16 - DEBUG --> Archivo \components\com_jhotelreservation\classes\services\UserDataService.php 
2015-07-22 13:25:16 - DEBUG --> initializeUserData 
2015-07-22 13:25:16 - DEBUG --> UserData first: a:0:{} 
2015-07-22 13:25:16 - DEBUG --> UserData end:  a:0:{} 
2015-07-22 13:25:16 - DEBUG --> Archivo \components\com_jhotelreservation\classes\services\UserDataService.php 
2015-07-22 13:25:16 - DEBUG --> initializeReservationData 
2015-07-22 13:25:16 - DEBUG --> UserData: a:0:{} 
2015-07-22 13:25:16 - DEBUG --> Archivo \components\com_jhotelreservation\classes\services\UserDataService.php 
2015-07-22 13:25:16 - DEBUG --> updateUserData 
2015-07-22 13:25:16 - DEBUG --> Archivo \components\com_jhotelreservation\classes\services\UserDataService.php 
2015-07-22 13:25:16 - DEBUG --> getUserData 
2015-07-22 13:25:16 - DEBUG --> Archivo \components\com_jhotelreservation\classes\services\UserDataService.php 
2015-07-22 13:25:16 - DEBUG --> setCurrency 
2015-07-22 13:25:16 - DEBUG --> Archivo \components\com_jhotelreservation\classes\services\UserDataService.php 
2015-07-22 13:25:16 - DEBUG --> getUserData 
2015-07-22 13:25:16 - DEBUG --> Archivo \components\com_jhotelreservation\classes\services\UserDataService.php 
2015-07-22 13:25:16 - DEBUG --> getUserData 
2015-07-22 13:25:16 - DEBUG --> Archivo \components\com_jhotelreservation\classes\services\UserDataService.php 
2015-07-22 13:25:16 - DEBUG --> getUserData 
2015-07-22 13:25:16 - DEBUG --> Archivo \components\com_jhotelreservationiews\hotel	mpl\hoteloverview.php 
2015-07-22 13:25:16 - DEBUG --> Accedió 
2015-07-22 13:25:18 - DEBUG --> Archivo \components\com_jhotelreservation\classes\services\UserDataService.php 
2015-07-22 13:25:18 - DEBUG --> initializeUserData 
2015-07-22 13:25:18 - DEBUG --> UserData first: N; 
2015-07-22 13:25:18 - DEBUG --> Archivo \components\com_jhotelreservation\classes\services\UserDataService.php 
2015-07-22 13:25:18 - DEBUG --> createUserData 
2015-07-22 13:25:18 - DEBUG --> UserData end:  a:0:{} 
2015-07-22 13:25:18 - DEBUG --> Archivo \components\com_jhotelreservation\classes\services\UserDataService.php 
2015-07-22 13:25:18 - DEBUG --> initializeUserData 
2015-07-22 13:25:18 - DEBUG --> UserData first: a:0:{} 
2015-07-22 13:25:18 - DEBUG --> UserData end:  a:0:{} 
2015-07-22 13:25:18 - DEBUG --> Archivo \components\com_jhotelreservation\classes\services\UserDataService.php 
2015-07-22 13:25:18 - DEBUG --> initializeReservationData 
2015-07-22 13:25:18 - DEBUG --> UserData: a:0:{} 
2015-07-22 13:25:18 - DEBUG --> Archivo \components\com_jhotelreservation\classes\services\UserDataService.php 
2015-07-22 13:25:18 - DEBUG --> updateUserData 
2015-07-22 13:25:18 - DEBUG --> Archivo \components\com_jhotelreservation\classes\services\UserDataService.php 
2015-07-22 13:25:18 - DEBUG --> getUserData 
2015-07-22 13:25:18 - DEBUG --> Archivo \components\com_jhotelreservation\classes\services\UserDataService.php 
2015-07-22 13:25:18 - DEBUG --> setCurrency 
2015-07-22 13:25:18 - DEBUG --> Archivo \components\com_jhotelreservation\classes\services\UserDataService.php 
2015-07-22 13:25:18 - DEBUG --> getUserData 
2015-07-22 13:25:18 - DEBUG --> Archivo \components\com_jhotelreservation\classes\services\UserDataService.php 
2015-07-22 13:25:18 - DEBUG --> getUserData 
2015-07-22 13:25:18 - DEBUG --> Archivo \components\com_jhotelreservation\classes\services\UserDataService.php 
2015-07-22 13:25:18 - DEBUG --> getUserData 
2015-07-22 13:25:18 - DEBUG --> Archivo \components\com_jhotelreservationiews\hotel	mpl\hoteloverview.php 
2015-07-22 13:25:18 - DEBUG --> Accedió 
2015-07-22 13:25:21 - DEBUG --> Archivo \components\com_jhotelreservation\classes\services\UserDataService.php 
2015-07-22 13:25:21 - DEBUG --> initializeUserData 
2015-07-22 13:25:21 - DEBUG --> UserData first: N; 
2015-07-22 13:25:21 - DEBUG --> Archivo \components\com_jhotelreservation\classes\services\UserDataService.php 
2015-07-22 13:25:21 - DEBUG --> createUserData 
2015-07-22 13:25:21 - DEBUG --> UserData end:  a:0:{} 
2015-07-22 13:25:21 - DEBUG --> Archivo \components\com_jhotelreservation\classes\services\UserDataService.php 
2015-07-22 13:25:21 - DEBUG --> initializeUserData 
2015-07-22 13:25:21 - DEBUG --> UserData first: a:0:{} 
2015-07-22 13:25:21 - DEBUG --> UserData end:  a:0:{} 
2015-07-22 13:25:21 - DEBUG --> Archivo \components\com_jhotelreservation\classes\services\UserDataService.php 
2015-07-22 13:25:21 - DEBUG --> initializeReservationData 
2015-07-22 13:25:21 - DEBUG --> UserData: a:0:{} 
2015-07-22 13:25:21 - DEBUG --> Archivo \components\com_jhotelreservation\classes\services\UserDataService.php 
2015-07-22 13:25:21 - DEBUG --> updateUserData 
2015-07-22 13:25:21 - DEBUG --> Archivo \components\com_jhotelreservation\classes\services\UserDataService.php 
2015-07-22 13:25:21 - DEBUG --> getUserData 
2015-07-22 13:25:21 - DEBUG --> Archivo \components\com_jhotelreservation\classes\services\UserDataService.php 
2015-07-22 13:25:21 - DEBUG --> setCurrency 
2015-07-22 13:25:21 - DEBUG --> Archivo \components\com_jhotelreservation\classes\services\UserDataService.php 
2015-07-22 13:25:21 - DEBUG --> getUserData 
2015-07-22 13:25:21 - DEBUG --> Archivo \components\com_jhotelreservation\classes\services\UserDataService.php 
2015-07-22 13:25:21 - DEBUG --> getUserData 
2015-07-22 13:25:21 - DEBUG --> Archivo \components\com_jhotelreservation\classes\services\UserDataService.php 
2015-07-22 13:25:21 - DEBUG --> getUserData 
2015-07-22 13:25:21 - DEBUG --> Archivo \components\com_jhotelreservationiews\hotel	mpl\hoteloverview.php 
2015-07-22 13:25:21 - DEBUG --> Accedió 
2015-07-22 13:25:23 - DEBUG --> Archivo \components\com_jhotelreservation\classes\services\UserDataService.php 
2015-07-22 13:25:23 - DEBUG --> initializeUserData 
2015-07-22 13:25:23 - DEBUG --> UserData first: N; 
2015-07-22 13:25:23 - DEBUG --> Archivo \components\com_jhotelreservation\classes\services\UserDataService.php 
2015-07-22 13:25:23 - DEBUG --> createUserData 
2015-07-22 13:25:23 - DEBUG --> UserData end:  a:0:{} 
2015-07-22 13:25:23 - DEBUG --> Archivo \components\com_jhotelreservation\classes\services\UserDataService.php 
2015-07-22 13:25:23 - DEBUG --> initializeUserData 
2015-07-22 13:25:23 - DEBUG --> UserData first: a:0:{} 
2015-07-22 13:25:23 - DEBUG --> UserData end:  a:0:{} 
2015-07-22 13:25:23 - DEBUG --> Archivo \components\com_jhotelreservation\classes\services\UserDataService.php 
2015-07-22 13:25:23 - DEBUG --> initializeReservationData 
2015-07-22 13:25:23 - DEBUG --> UserData: a:0:{} 
2015-07-22 13:25:23 - DEBUG --> Archivo \components\com_jhotelreservation\classes\services\UserDataService.php 
2015-07-22 13:25:23 - DEBUG --> updateUserData 
2015-07-22 13:25:23 - DEBUG --> Archivo \components\com_jhotelreservation\classes\services\UserDataService.php 
2015-07-22 13:25:23 - DEBUG --> getUserData 
2015-07-22 13:25:23 - DEBUG --> Archivo \components\com_jhotelreservation\classes\services\UserDataService.php 
2015-07-22 13:25:23 - DEBUG --> setCurrency 
2015-07-22 13:25:23 - DEBUG --> Archivo \components\com_jhotelreservation\classes\services\UserDataService.php 
2015-07-22 13:25:23 - DEBUG --> getUserData 
2015-07-22 13:25:23 - DEBUG --> Archivo \components\com_jhotelreservation\classes\services\UserDataService.php 
2015-07-22 13:25:23 - DEBUG --> getUserData 
2015-07-22 13:25:23 - DEBUG --> Archivo \components\com_jhotelreservation\classes\services\UserDataService.php 
2015-07-22 13:25:23 - DEBUG --> getUserData 
2015-07-22 13:25:23 - DEBUG --> Archivo \components\com_jhotelreservationiews\hotel	mpl\hoteloverview.php 
2015-07-22 13:25:23 - DEBUG --> Accedió 
2015-07-22 13:38:27 - DEBUG --> Archivo \components\com_jhotelreservation\classes\services\UserDataService.php 
2015-07-22 13:38:27 - DEBUG --> initializeUserData 
2015-07-22 13:38:27 - DEBUG --> UserData first: N; 
2015-07-22 13:38:27 - DEBUG --> Archivo \components\com_jhotelreservation\classes\services\UserDataService.php 
2015-07-22 13:38:27 - DEBUG --> createUserData 
2015-07-22 13:38:27 - DEBUG --> UserData end:  a:0:{} 
2015-07-22 13:38:27 - DEBUG --> Archivo \components\com_jhotelreservation\classes\services\UserDataService.php 
2015-07-22 13:38:27 - DEBUG --> initializeUserData 
2015-07-22 13:38:27 - DEBUG --> UserData first: a:0:{} 
2015-07-22 13:38:27 - DEBUG --> UserData end:  a:0:{} 
2015-07-22 13:38:27 - DEBUG --> Archivo \components\com_jhotelreservation\classes\services\UserDataService.php 
2015-07-22 13:38:27 - DEBUG --> initializeReservationData 
2015-07-22 13:38:27 - DEBUG --> UserData: a:0:{} 
2015-07-22 13:38:27 - DEBUG --> Archivo \components\com_jhotelreservation\classes\services\UserDataService.php 
2015-07-22 13:38:27 - DEBUG --> updateUserData 
2015-07-22 13:38:27 - DEBUG --> Archivo \components\com_jhotelreservation\classes\services\UserDataService.php 
2015-07-22 13:38:27 - DEBUG --> getUserData 
2015-07-22 13:38:27 - DEBUG --> Archivo \components\com_jhotelreservation\classes\services\UserDataService.php 
2015-07-22 13:38:27 - DEBUG --> setCurrency 
2015-07-22 13:38:27 - DEBUG --> Archivo \components\com_jhotelreservation\classes\services\UserDataService.php 
2015-07-22 13:38:27 - DEBUG --> getUserData 
2015-07-22 13:38:27 - DEBUG --> Archivo \components\com_jhotelreservation\classes\services\UserDataService.php 
2015-07-22 13:38:27 - DEBUG --> getUserData 
2015-07-22 13:38:27 - DEBUG --> Archivo \components\com_jhotelreservation\classes\services\UserDataService.php 
2015-07-22 13:38:27 - DEBUG --> getUserData 
2015-07-22 13:38:27 - DEBUG --> Archivo \components\com_jhotelreservationiews\hotel	mpl\hoteloverview.php 
2015-07-22 13:38:27 - DEBUG --> Accedió 
2015-07-22 15:13:38 - DEBUG --> Archivo \components\com_jhotelreservation\classes\services\UserDataService.php 
2015-07-22 15:13:38 - DEBUG --> initializeUserData 
2015-07-22 15:13:38 - DEBUG --> UserData first: a:0:{} 
2015-07-22 15:13:38 - DEBUG --> UserData end:  a:0:{} 
2015-07-22 15:13:55 - DEBUG --> Archivo \components\com_jhotelreservation\classes\services\UserDataService.php 
2015-07-22 15:13:55 - DEBUG --> initializeUserData 
2015-07-22 15:13:55 - DEBUG --> UserData first: a:0:{} 
2015-07-22 15:13:55 - DEBUG --> Archivo \components\com_jhotelreservation\classes\services\UserDataService.php 
2015-07-22 15:13:55 - DEBUG --> createUserData 
2015-07-22 15:13:55 - DEBUG --> voucher:  
2015-07-22 15:13:55 - DEBUG --> UserData end:  a:0:{} 
2015-07-22 15:13:55 - DEBUG --> Archivo \components\com_jhotelreservation\classes\services\UserDataService.php 
2015-07-22 15:13:55 - DEBUG --> initializeUserData 
2015-07-22 15:13:55 - DEBUG --> UserData first: a:0:{} 
2015-07-22 15:13:55 - DEBUG --> Archivo \components\com_jhotelreservation\classes\services\UserDataService.php 
2015-07-22 15:13:55 - DEBUG --> createUserData 
2015-07-22 15:13:55 - DEBUG --> voucher:  
2015-07-22 15:13:55 - DEBUG --> UserData end:  a:0:{} 
2015-07-22 15:14:19 - DEBUG --> Archivo \components\com_jhotelreservation\classes\services\UserDataService.php 
2015-07-22 15:14:19 - DEBUG --> initializeUserData 
2015-07-22 15:14:19 - DEBUG --> UserData first: a:0:{} 
2015-07-22 15:14:19 - DEBUG --> UserData end:  a:0:{} 
2015-07-22 15:14:19 - DEBUG --> Archivo \components\com_jhotelreservation\classes\services\UserDataService.php 
2015-07-22 15:14:19 - DEBUG --> initializeUserData 
2015-07-22 15:14:19 - DEBUG --> UserData first: a:0:{} 
2015-07-22 15:14:19 - DEBUG --> UserData end:  a:0:{} 
2015-07-22 15:14:19 - DEBUG --> Archivo \components\com_jhotelreservation\classes\services\UserDataService.php 
2015-07-22 15:14:19 - DEBUG --> initializeReservationData 
2015-07-22 15:14:19 - DEBUG --> UserData: a:0:{} 
2015-07-22 15:14:19 - DEBUG --> Archivo \components\com_jhotelreservation\classes\services\UserDataService.php 
2015-07-22 15:14:19 - DEBUG --> updateUserData 
2015-07-22 15:14:19 - DEBUG --> Archivo \components\com_jhotelreservation\classes\services\UserDataService.php 
2015-07-22 15:14:19 - DEBUG --> getUserData 
2015-07-22 15:14:19 - DEBUG --> Archivo \components\com_jhotelreservation\classes\services\UserDataService.php 
2015-07-22 15:14:19 - DEBUG --> setCurrency 
2015-07-22 15:14:19 - DEBUG --> Archivo \components\com_jhotelreservation\classes\services\UserDataService.php 
2015-07-22 15:14:19 - DEBUG --> getUserData 
2015-07-22 15:14:19 - DEBUG --> Archivo \components\com_jhotelreservation\classes\services\UserDataService.php 
2015-07-22 15:14:19 - DEBUG --> getUserData 
2015-07-22 15:14:19 - DEBUG --> Archivo \components\com_jhotelreservation\classes\services\UserDataService.php 
2015-07-22 15:14:19 - DEBUG --> getUserData 
2015-07-22 15:14:19 - DEBUG --> Archivo \components\com_jhotelreservationiews\hotel	mpl\hoteloverview.php 
2015-07-22 15:14:19 - DEBUG --> Accedió 
2015-07-22 15:15:23 - DEBUG --> Archivo \components\com_jhotelreservation\classes\services\UserDataService.php 
2015-07-22 15:15:23 - DEBUG --> initializeUserData 
2015-07-22 15:15:23 - DEBUG --> UserData first: a:0:{} 
2015-07-22 15:15:23 - DEBUG --> UserData end:  a:0:{} 
2015-07-22 15:15:23 - DEBUG --> Archivo \components\com_jhotelreservation\classes\services\UserDataService.php 
2015-07-22 15:15:23 - DEBUG --> initializeUserData 
2015-07-22 15:15:23 - DEBUG --> UserData first: a:0:{} 
2015-07-22 15:15:23 - DEBUG --> UserData end:  a:0:{} 
2015-07-22 15:15:23 - DEBUG --> Archivo \components\com_jhotelreservation\classes\services\UserDataService.php 
2015-07-22 15:15:23 - DEBUG --> initializeReservationData 
2015-07-22 15:15:23 - DEBUG --> UserData: a:0:{} 
2015-07-22 15:15:23 - DEBUG --> Archivo \components\com_jhotelreservation\classes\services\UserDataService.php 
2015-07-22 15:15:23 - DEBUG --> updateUserData 
2015-07-22 15:15:23 - DEBUG --> Archivo \components\com_jhotelreservation\classes\services\UserDataService.php 
2015-07-22 15:15:23 - DEBUG --> getUserData 
2015-07-22 15:15:23 - DEBUG --> Archivo \components\com_jhotelreservation\classes\services\UserDataService.php 
2015-07-22 15:15:23 - DEBUG --> setCurrency 
2015-07-22 15:15:23 - DEBUG --> Archivo \components\com_jhotelreservation\classes\services\UserDataService.php 
2015-07-22 15:15:23 - DEBUG --> getUserData 
2015-07-22 15:15:23 - DEBUG --> Archivo \components\com_jhotelreservation\classes\services\UserDataService.php 
2015-07-22 15:15:23 - DEBUG --> getUserData 
2015-07-22 15:15:23 - DEBUG --> Archivo \components\com_jhotelreservation\classes\services\UserDataService.php 
2015-07-22 15:15:23 - DEBUG --> getUserData 
2015-07-22 16:02:26 - DEBUG --> Archivo \components\com_jhotelreservation\classes\services\UserDataService.php 
2015-07-22 16:02:26 - DEBUG --> initializeUserData 
2015-07-22 16:02:26 - DEBUG --> UserData first: N; 
2015-07-22 16:02:26 - DEBUG --> Archivo \components\com_jhotelreservation\classes\services\UserDataService.php 
2015-07-22 16:02:26 - DEBUG --> createUserData 
2015-07-22 16:02:26 - DEBUG --> UserData end:  a:0:{} 
2015-07-22 16:02:26 - DEBUG --> Archivo \components\com_jhotelreservation\classes\services\UserDataService.php 
2015-07-22 16:02:26 - DEBUG --> initializeUserData 
2015-07-22 16:02:26 - DEBUG --> UserData first: a:0:{} 
2015-07-22 16:02:26 - DEBUG --> UserData end:  a:0:{} 
2015-07-22 16:02:26 - DEBUG --> Archivo \components\com_jhotelreservation\classes\services\UserDataService.php 
2015-07-22 16:02:26 - DEBUG --> initializeReservationData 
2015-07-22 16:02:26 - DEBUG --> UserData: a:0:{} 
2015-07-22 16:02:26 - DEBUG --> Archivo \components\com_jhotelreservation\classes\services\UserDataService.php 
2015-07-22 16:02:26 - DEBUG --> updateUserData 
2015-07-22 16:02:26 - DEBUG --> Archivo \components\com_jhotelreservation\classes\services\UserDataService.php 
2015-07-22 16:02:26 - DEBUG --> getUserData 
2015-07-22 16:02:26 - DEBUG --> Archivo \components\com_jhotelreservation\classes\services\UserDataService.php 
2015-07-22 16:02:26 - DEBUG --> setCurrency 
2015-07-22 16:02:26 - DEBUG --> Archivo \components\com_jhotelreservation\classes\services\UserDataService.php 
2015-07-22 16:02:26 - DEBUG --> getUserData 
2015-07-22 16:02:26 - DEBUG --> Archivo \components\com_jhotelreservation\classes\services\UserDataService.php 
2015-07-22 16:02:26 - DEBUG --> getUserData 
2015-07-22 16:02:27 - DEBUG --> Archivo \components\com_jhotelreservation\classes\services\UserDataService.php 
2015-07-22 16:02:27 - DEBUG --> getUserData 
2015-07-22 16:23:41 - DEBUG --> Archivo \components\com_jhotelreservation\classes\services\UserDataService.php 
2015-07-22 16:23:41 - DEBUG --> initializeUserData 
2015-07-22 16:23:41 - DEBUG --> UserData first: a:0:{} 
2015-07-22 16:23:41 - DEBUG --> UserData end:  a:0:{} 
2015-07-22 16:23:49 - DEBUG --> Archivo \components\com_jhotelreservation\classes\services\UserDataService.php 
2015-07-22 16:23:49 - DEBUG --> initializeUserData 
2015-07-22 16:23:49 - DEBUG --> UserData first: a:0:{} 
2015-07-22 16:23:49 - DEBUG --> Archivo \components\com_jhotelreservation\classes\services\UserDataService.php 
2015-07-22 16:23:49 - DEBUG --> createUserData 
2015-07-22 16:23:49 - DEBUG --> voucher:  
2015-07-22 16:23:49 - DEBUG --> UserData end:  a:0:{} 
2015-07-22 16:23:49 - DEBUG --> Archivo \components\com_jhotelreservation\classes\services\UserDataService.php 
2015-07-22 16:23:49 - DEBUG --> initializeUserData 
2015-07-22 16:23:49 - DEBUG --> UserData first: a:0:{} 
2015-07-22 16:23:49 - DEBUG --> Archivo \components\com_jhotelreservation\classes\services\UserDataService.php 
2015-07-22 16:23:49 - DEBUG --> createUserData 
2015-07-22 16:23:49 - DEBUG --> voucher:  
2015-07-22 16:23:49 - DEBUG --> UserData end:  a:0:{} 
2015-07-22 16:24:00 - DEBUG --> Archivo \components\com_jhotelreservation\classes\services\UserDataService.php 
2015-07-22 16:24:00 - DEBUG --> initializeUserData 
2015-07-22 16:24:00 - DEBUG --> UserData first: a:0:{} 
2015-07-22 16:24:00 - DEBUG --> UserData end:  a:0:{} 
2015-07-22 16:24:00 - DEBUG --> Archivo \components\com_jhotelreservation\classes\services\UserDataService.php 
2015-07-22 16:24:00 - DEBUG --> initializeUserData 
2015-07-22 16:24:00 - DEBUG --> UserData first: a:0:{} 
2015-07-22 16:24:00 - DEBUG --> UserData end:  a:0:{} 
2015-07-22 16:24:00 - DEBUG --> Archivo \components\com_jhotelreservation\classes\services\UserDataService.php 
2015-07-22 16:24:00 - DEBUG --> initializeReservationData 
2015-07-22 16:24:00 - DEBUG --> UserData: a:0:{} 
2015-07-22 16:24:00 - DEBUG --> Archivo \components\com_jhotelreservation\classes\services\UserDataService.php 
2015-07-22 16:24:00 - DEBUG --> updateUserData 
2015-07-22 16:24:00 - DEBUG --> Archivo \components\com_jhotelreservation\classes\services\UserDataService.php 
2015-07-22 16:24:00 - DEBUG --> getUserData 
2015-07-22 16:24:00 - DEBUG --> Archivo \components\com_jhotelreservation\classes\services\UserDataService.php 
2015-07-22 16:24:00 - DEBUG --> setCurrency 
2015-07-22 16:24:00 - DEBUG --> Archivo \components\com_jhotelreservation\classes\services\UserDataService.php 
2015-07-22 16:24:00 - DEBUG --> getUserData 
2015-07-22 16:24:00 - DEBUG --> Archivo \components\com_jhotelreservation\classes\services\UserDataService.php 
2015-07-22 16:24:00 - DEBUG --> getUserData 
2015-07-22 16:24:00 - DEBUG --> Archivo \components\com_jhotelreservation\classes\services\UserDataService.php 
2015-07-22 16:24:00 - DEBUG --> getUserData 
2015-07-22 16:24:00 - DEBUG --> Archivo \components\com_jhotelreservationiews\hotel	mpl\hoteloverview.php 
2015-07-22 16:24:00 - DEBUG --> Accedió 
2015-07-22 16:24:34 - DEBUG --> Archivo \components\com_jhotelreservation\classes\services\UserDataService.php 
2015-07-22 16:24:34 - DEBUG --> initializeUserData 
2015-07-22 16:24:34 - DEBUG --> UserData first: a:0:{} 
2015-07-22 16:24:34 - DEBUG --> Archivo \components\com_jhotelreservation\classes\services\UserDataService.php 
2015-07-22 16:24:34 - DEBUG --> createUserData 
2015-07-22 16:24:34 - DEBUG --> voucher:  
2015-07-22 16:24:34 - DEBUG --> UserData end:  a:0:{} 
2015-07-22 16:24:34 - DEBUG --> Archivo \components\com_jhotelreservation\classes\services\UserDataService.php 
2015-07-22 16:24:34 - DEBUG --> initializeUserData 
2015-07-22 16:24:34 - DEBUG --> UserData first: a:0:{} 
2015-07-22 16:24:34 - DEBUG --> Archivo \components\com_jhotelreservation\classes\services\UserDataService.php 
2015-07-22 16:24:34 - DEBUG --> createUserData 
2015-07-22 16:24:34 - DEBUG --> voucher:  
2015-07-22 16:24:34 - DEBUG --> UserData end:  a:0:{} 
2015-07-22 16:24:34 - DEBUG --> Archivo \components\com_jhotelreservation\classes\services\UserDataService.php 
2015-07-22 16:24:34 - DEBUG --> initializeReservationData 
2015-07-22 16:24:34 - DEBUG --> UserData: a:0:{} 
2015-07-22 16:24:35 - DEBUG --> Archivo \components\com_jhotelreservation\classes\services\UserDataService.php 
2015-07-22 16:24:35 - DEBUG --> initializeUserData 
2015-07-22 16:24:35 - DEBUG --> UserData first: a:0:{} 
2015-07-22 16:24:35 - DEBUG --> UserData end:  a:0:{} 
2015-07-22 16:24:35 - DEBUG --> Archivo \components\com_jhotelreservation\classes\services\UserDataService.php 
2015-07-22 16:24:35 - DEBUG --> initializeUserData 
2015-07-22 16:24:35 - DEBUG --> UserData first: a:0:{} 
2015-07-22 16:24:35 - DEBUG --> UserData end:  a:0:{} 
2015-07-22 16:24:35 - DEBUG --> Archivo \components\com_jhotelreservation\classes\services\UserDataService.php 
2015-07-22 16:24:35 - DEBUG --> initializeReservationData 
2015-07-22 16:24:35 - DEBUG --> UserData: a:0:{} 
2015-07-22 16:24:35 - DEBUG --> Archivo \components\com_jhotelreservation\classes\services\UserDataService.php 
2015-07-22 16:24:35 - DEBUG --> updateUserData 
2015-07-22 16:24:35 - DEBUG --> Archivo \components\com_jhotelreservation\classes\services\UserDataService.php 
2015-07-22 16:24:35 - DEBUG --> getUserData 
2015-07-22 16:24:35 - DEBUG --> Archivo \components\com_jhotelreservation\classes\services\UserDataService.php 
2015-07-22 16:24:35 - DEBUG --> setCurrency 
2015-07-22 16:24:35 - DEBUG --> Archivo \components\com_jhotelreservation\classes\services\UserDataService.php 
2015-07-22 16:24:35 - DEBUG --> getUserData 
2015-07-22 16:24:35 - DEBUG --> Archivo \components\com_jhotelreservation\classes\services\UserDataService.php 
2015-07-22 16:24:35 - DEBUG --> getUserData 
2015-07-22 16:24:35 - DEBUG --> Archivo \components\com_jhotelreservation\classes\services\UserDataService.php 
2015-07-22 16:24:35 - DEBUG --> getUserData 
2015-07-22 16:24:35 - DEBUG --> Archivo \components\com_jhotelreservationiews\hotel	mpl\hoteloverview.php 
2015-07-22 16:24:35 - DEBUG --> Accedió 
2015-07-22 17:12:27 - DEBUG --> Archivo \components\com_jhotelreservation\classes\services\UserDataService.php 
2015-07-22 17:12:27 - DEBUG --> initializeUserData 
2015-07-22 17:12:27 - DEBUG --> UserData first: N; 
2015-07-22 17:12:27 - DEBUG --> Archivo \components\com_jhotelreservation\classes\services\UserDataService.php 
2015-07-22 17:12:27 - DEBUG --> createUserData 
2015-07-22 17:12:27 - DEBUG --> UserData end:  a:0:{} 
2015-07-22 17:12:27 - DEBUG --> Archivo \components\com_jhotelreservation\classes\services\UserDataService.php 
2015-07-22 17:12:27 - DEBUG --> initializeUserData 
2015-07-22 17:12:27 - DEBUG --> UserData first: a:0:{} 
2015-07-22 17:12:27 - DEBUG --> UserData end:  a:0:{} 
2015-07-22 17:12:27 - DEBUG --> Archivo \components\com_jhotelreservation\classes\services\UserDataService.php 
2015-07-22 17:12:27 - DEBUG --> initializeReservationData 
2015-07-22 17:12:27 - DEBUG --> UserData: a:0:{} 
2015-07-22 17:12:27 - DEBUG --> Archivo \components\com_jhotelreservation\classes\services\UserDataService.php 
2015-07-22 17:12:27 - DEBUG --> updateUserData 
2015-07-22 17:12:27 - DEBUG --> Archivo \components\com_jhotelreservation\classes\services\UserDataService.php 
2015-07-22 17:12:27 - DEBUG --> getUserData 
2015-07-22 17:12:27 - DEBUG --> Archivo \components\com_jhotelreservation\classes\services\UserDataService.php 
2015-07-22 17:12:27 - DEBUG --> setCurrency 
2015-07-22 17:12:27 - DEBUG --> Archivo \components\com_jhotelreservation\classes\services\UserDataService.php 
2015-07-22 17:12:27 - DEBUG --> getUserData 
2015-07-22 17:12:27 - DEBUG --> Archivo \components\com_jhotelreservation\classes\services\UserDataService.php 
2015-07-22 17:12:27 - DEBUG --> getUserData 
2015-07-22 17:12:27 - DEBUG --> Archivo \components\com_jhotelreservation\classes\services\UserDataService.php 
2015-07-22 17:12:27 - DEBUG --> getUserData 
2015-07-22 17:12:27 - DEBUG --> Archivo \components\com_jhotelreservationiews\hotel	mpl\hoteloverview.php 
2015-07-22 17:12:27 - DEBUG --> Accedió 
2015-07-22 17:16:31 - DEBUG --> Archivo \components\com_jhotelreservation\classes\services\UserDataService.php 
2015-07-22 17:16:31 - DEBUG --> initializeUserData 
2015-07-22 17:16:31 - DEBUG --> UserData first: a:0:{} 
2015-07-22 17:16:31 - DEBUG --> UserData end:  a:0:{} 
2015-07-22 17:16:37 - DEBUG --> Archivo \components\com_jhotelreservation\classes\services\UserDataService.php 
2015-07-22 17:16:37 - DEBUG --> initializeUserData 
2015-07-22 17:16:37 - DEBUG --> UserData first: a:0:{} 
2015-07-22 17:16:37 - DEBUG --> Archivo \components\com_jhotelreservation\classes\services\UserDataService.php 
2015-07-22 17:16:37 - DEBUG --> createUserData 
2015-07-22 17:16:37 - DEBUG --> voucher:  
2015-07-22 17:16:37 - DEBUG --> UserData end:  a:0:{} 
2015-07-22 17:16:37 - DEBUG --> Archivo \components\com_jhotelreservation\classes\services\UserDataService.php 
2015-07-22 17:16:37 - DEBUG --> initializeUserData 
2015-07-22 17:16:37 - DEBUG --> UserData first: a:0:{} 
2015-07-22 17:16:37 - DEBUG --> Archivo \components\com_jhotelreservation\classes\services\UserDataService.php 
2015-07-22 17:16:37 - DEBUG --> createUserData 
2015-07-22 17:16:37 - DEBUG --> voucher:  
2015-07-22 17:16:37 - DEBUG --> UserData end:  a:0:{} 
2015-07-22 17:16:42 - DEBUG --> Archivo \components\com_jhotelreservation\classes\services\UserDataService.php 
2015-07-22 17:16:42 - DEBUG --> initializeUserData 
2015-07-22 17:16:42 - DEBUG --> UserData first: a:0:{} 
2015-07-22 17:16:42 - DEBUG --> UserData end:  a:0:{} 
2015-07-22 17:16:42 - DEBUG --> Archivo \components\com_jhotelreservation\classes\services\UserDataService.php 
2015-07-22 17:16:42 - DEBUG --> initializeUserData 
2015-07-22 17:16:42 - DEBUG --> UserData first: a:0:{} 
2015-07-22 17:16:42 - DEBUG --> UserData end:  a:0:{} 
2015-07-22 17:16:42 - DEBUG --> Archivo \components\com_jhotelreservation\classes\services\UserDataService.php 
2015-07-22 17:16:42 - DEBUG --> initializeReservationData 
2015-07-22 17:16:42 - DEBUG --> UserData: a:0:{} 
2015-07-22 17:16:42 - DEBUG --> Archivo \components\com_jhotelreservation\classes\services\UserDataService.php 
2015-07-22 17:16:42 - DEBUG --> updateUserData 
2015-07-22 17:16:42 - DEBUG --> Archivo \components\com_jhotelreservation\classes\services\UserDataService.php 
2015-07-22 17:16:42 - DEBUG --> getUserData 
2015-07-22 17:16:42 - DEBUG --> Archivo \components\com_jhotelreservation\classes\services\UserDataService.php 
2015-07-22 17:16:42 - DEBUG --> setCurrency 
2015-07-22 17:16:42 - DEBUG --> Archivo \components\com_jhotelreservation\classes\services\UserDataService.php 
2015-07-22 17:16:42 - DEBUG --> getUserData 
2015-07-22 17:16:42 - DEBUG --> Archivo \components\com_jhotelreservation\classes\services\UserDataService.php 
2015-07-22 17:16:42 - DEBUG --> getUserData 
2015-07-22 17:16:42 - DEBUG --> Archivo \components\com_jhotelreservation\classes\services\UserDataService.php 
2015-07-22 17:16:42 - DEBUG --> getUserData 
2015-07-22 17:16:42 - DEBUG --> Archivo \components\com_jhotelreservationiews\hotel	mpl\hoteloverview.php 
2015-07-22 17:16:42 - DEBUG --> Accedió 
2015-07-22 17:42:26 - DEBUG --> Archivo \components\com_jhotelreservation\classes\services\UserDataService.php 
2015-07-22 17:42:26 - DEBUG --> initializeUserData 
2015-07-22 17:42:26 - DEBUG --> UserData first: N; 
2015-07-22 17:42:26 - DEBUG --> Archivo \components\com_jhotelreservation\classes\services\UserDataService.php 
2015-07-22 17:42:26 - DEBUG --> createUserData 
2015-07-22 17:42:26 - DEBUG --> UserData end:  a:0:{} 
2015-07-22 17:42:26 - DEBUG --> Archivo \components\com_jhotelreservation\classes\services\UserDataService.php 
2015-07-22 17:42:26 - DEBUG --> initializeUserData 
2015-07-22 17:42:26 - DEBUG --> UserData first: a:0:{} 
2015-07-22 17:42:26 - DEBUG --> UserData end:  a:0:{} 
2015-07-22 17:42:26 - DEBUG --> Archivo \components\com_jhotelreservation\classes\services\UserDataService.php 
2015-07-22 17:42:26 - DEBUG --> initializeReservationData 
2015-07-22 17:42:26 - DEBUG --> UserData: a:0:{} 
2015-07-22 17:42:26 - DEBUG --> Archivo \components\com_jhotelreservation\classes\services\UserDataService.php 
2015-07-22 17:42:26 - DEBUG --> updateUserData 
2015-07-22 17:42:26 - DEBUG --> Archivo \components\com_jhotelreservation\classes\services\UserDataService.php 
2015-07-22 17:42:26 - DEBUG --> getUserData 
2015-07-22 17:42:26 - DEBUG --> Archivo \components\com_jhotelreservation\classes\services\UserDataService.php 
2015-07-22 17:42:26 - DEBUG --> setCurrency 
2015-07-22 17:42:26 - DEBUG --> Archivo \components\com_jhotelreservation\classes\services\UserDataService.php 
2015-07-22 17:42:26 - DEBUG --> getUserData 
2015-07-22 17:42:26 - DEBUG --> Archivo \components\com_jhotelreservation\classes\services\UserDataService.php 
2015-07-22 17:42:26 - DEBUG --> getUserData 
2015-07-22 17:42:26 - DEBUG --> Archivo \components\com_jhotelreservation\classes\services\UserDataService.php 
2015-07-22 17:42:26 - DEBUG --> getUserData 
2015-07-22 17:42:26 - DEBUG --> Archivo \components\com_jhotelreservationiews\hotel	mpl\hoteloverview.php 
2015-07-22 17:42:26 - DEBUG --> Accedió 
2015-07-22 17:52:28 - DEBUG --> Archivo \components\com_jhotelreservation\classes\services\UserDataService.php 
2015-07-22 17:52:28 - DEBUG --> initializeUserData 
2015-07-22 17:52:28 - DEBUG --> UserData first: N; 
2015-07-22 17:52:28 - DEBUG --> Archivo \components\com_jhotelreservation\classes\services\UserDataService.php 
2015-07-22 17:52:28 - DEBUG --> createUserData 
2015-07-22 17:52:28 - DEBUG --> UserData end:  a:0:{} 
2015-07-22 17:52:28 - DEBUG --> Archivo \components\com_jhotelreservation\classes\services\UserDataService.php 
2015-07-22 17:52:28 - DEBUG --> initializeUserData 
2015-07-22 17:52:28 - DEBUG --> UserData first: a:0:{} 
2015-07-22 17:52:28 - DEBUG --> UserData end:  a:0:{} 
2015-07-22 17:52:28 - DEBUG --> Archivo \components\com_jhotelreservation\classes\services\UserDataService.php 
2015-07-22 17:52:28 - DEBUG --> initializeReservationData 
2015-07-22 17:52:28 - DEBUG --> UserData: a:0:{} 
2015-07-22 17:52:28 - DEBUG --> Archivo \components\com_jhotelreservation\classes\services\UserDataService.php 
2015-07-22 17:52:28 - DEBUG --> updateUserData 
2015-07-22 17:52:28 - DEBUG --> Archivo \components\com_jhotelreservation\classes\services\UserDataService.php 
2015-07-22 17:52:28 - DEBUG --> getUserData 
2015-07-22 17:52:28 - DEBUG --> Archivo \components\com_jhotelreservation\classes\services\UserDataService.php 
2015-07-22 17:52:28 - DEBUG --> setCurrency 
2015-07-22 17:52:28 - DEBUG --> Archivo \components\com_jhotelreservation\classes\services\UserDataService.php 
2015-07-22 17:52:28 - DEBUG --> getUserData 
2015-07-22 17:52:28 - DEBUG --> Archivo \components\com_jhotelreservation\classes\services\UserDataService.php 
2015-07-22 17:52:28 - DEBUG --> getUserData 
2015-07-22 17:52:28 - DEBUG --> Archivo \components\com_jhotelreservation\classes\services\UserDataService.php 
2015-07-22 17:52:28 - DEBUG --> getUserData 
2015-07-22 17:52:28 - DEBUG --> Archivo \components\com_jhotelreservationiews\hotel	mpl\hoteloverview.php 
2015-07-22 17:52:28 - DEBUG --> Accedió 
2015-07-22 21:02:56 - DEBUG --> Archivo \components\com_jhotelreservation\classes\services\UserDataService.php 
2015-07-22 21:02:56 - DEBUG --> initializeUserData 
2015-07-22 21:02:56 - DEBUG --> UserData first: N; 
2015-07-22 21:02:56 - DEBUG --> Archivo \components\com_jhotelreservation\classes\services\UserDataService.php 
2015-07-22 21:02:56 - DEBUG --> createUserData 
2015-07-22 21:02:56 - DEBUG --> UserData end:  a:0:{} 
2015-07-22 21:02:56 - DEBUG --> Archivo \components\com_jhotelreservation\classes\services\UserDataService.php 
2015-07-22 21:02:56 - DEBUG --> initializeUserData 
2015-07-22 21:02:56 - DEBUG --> UserData first: a:0:{} 
2015-07-22 21:02:56 - DEBUG --> UserData end:  a:0:{} 
2015-07-22 21:02:56 - DEBUG --> Archivo \components\com_jhotelreservation\classes\services\UserDataService.php 
2015-07-22 21:02:56 - DEBUG --> initializeReservationData 
2015-07-22 21:02:56 - DEBUG --> UserData: a:0:{} 
2015-07-22 21:02:56 - DEBUG --> Archivo \components\com_jhotelreservation\classes\services\UserDataService.php 
2015-07-22 21:02:56 - DEBUG --> updateUserData 
2015-07-22 21:02:56 - DEBUG --> Archivo \components\com_jhotelreservation\classes\services\UserDataService.php 
2015-07-22 21:02:56 - DEBUG --> getUserData 
2015-07-22 21:02:56 - DEBUG --> Archivo \components\com_jhotelreservation\classes\services\UserDataService.php 
2015-07-22 21:02:56 - DEBUG --> setCurrency 
2015-07-22 21:02:56 - DEBUG --> Archivo \components\com_jhotelreservation\classes\services\UserDataService.php 
2015-07-22 21:02:56 - DEBUG --> getUserData 
2015-07-22 21:02:56 - DEBUG --> Archivo \components\com_jhotelreservation\classes\services\UserDataService.php 
2015-07-22 21:02:56 - DEBUG --> getUserData 
2015-07-22 21:02:56 - DEBUG --> Archivo \components\com_jhotelreservation\classes\services\UserDataService.php 
2015-07-22 21:02:56 - DEBUG --> getUserData 
2015-07-22 21:02:56 - DEBUG --> Archivo \components\com_jhotelreservationiews\hotel	mpl\hoteloverview.php 
2015-07-22 21:02:56 - DEBUG --> Accedió 
2015-07-22 21:42:32 - DEBUG --> Archivo \components\com_jhotelreservation\classes\services\UserDataService.php 
2015-07-22 21:42:32 - DEBUG --> initializeUserData 
2015-07-22 21:42:32 - DEBUG --> UserData first: N; 
2015-07-22 21:42:32 - DEBUG --> Archivo \components\com_jhotelreservation\classes\services\UserDataService.php 
2015-07-22 21:42:32 - DEBUG --> createUserData 
2015-07-22 21:42:32 - DEBUG --> UserData end:  a:0:{} 
2015-07-22 21:42:32 - DEBUG --> Archivo \components\com_jhotelreservation\classes\services\UserDataService.php 
2015-07-22 21:42:32 - DEBUG --> initializeUserData 
2015-07-22 21:42:32 - DEBUG --> UserData first: a:0:{} 
2015-07-22 21:42:32 - DEBUG --> UserData end:  a:0:{} 
2015-07-22 21:42:32 - DEBUG --> Archivo \components\com_jhotelreservation\classes\services\UserDataService.php 
2015-07-22 21:42:32 - DEBUG --> initializeReservationData 
2015-07-22 21:42:32 - DEBUG --> UserData: a:0:{} 
2015-07-22 21:42:32 - DEBUG --> Archivo \components\com_jhotelreservation\classes\services\UserDataService.php 
2015-07-22 21:42:32 - DEBUG --> updateUserData 
2015-07-22 21:42:32 - DEBUG --> Archivo \components\com_jhotelreservation\classes\services\UserDataService.php 
2015-07-22 21:42:32 - DEBUG --> getUserData 
2015-07-22 21:42:32 - DEBUG --> Archivo \components\com_jhotelreservation\classes\services\UserDataService.php 
2015-07-22 21:42:32 - DEBUG --> setCurrency 
2015-07-22 21:42:32 - DEBUG --> Archivo \components\com_jhotelreservation\classes\services\UserDataService.php 
2015-07-22 21:42:32 - DEBUG --> getUserData 
2015-07-22 21:42:32 - DEBUG --> Archivo \components\com_jhotelreservation\classes\services\UserDataService.php 
2015-07-22 21:42:32 - DEBUG --> getUserData 
2015-07-22 21:42:32 - DEBUG --> Archivo \components\com_jhotelreservation\classes\services\UserDataService.php 
2015-07-22 21:42:32 - DEBUG --> getUserData 
2015-07-22 21:42:32 - DEBUG --> Archivo \components\com_jhotelreservationiews\hotel	mpl\hoteloverview.php 
2015-07-22 21:42:32 - DEBUG --> Accedió 
2015-07-22 22:56:05 - DEBUG --> Archivo \components\com_jhotelreservation\classes\services\UserDataService.php 
2015-07-22 22:56:05 - DEBUG --> initializeUserData 
2015-07-22 22:56:05 - DEBUG --> UserData first: N; 
2015-07-22 22:56:05 - DEBUG --> Archivo \components\com_jhotelreservation\classes\services\UserDataService.php 
2015-07-22 22:56:05 - DEBUG --> createUserData 
2015-07-22 22:56:05 - DEBUG --> UserData end:  a:0:{} 
2015-07-22 22:56:05 - DEBUG --> Archivo \components\com_jhotelreservation\classes\services\UserDataService.php 
2015-07-22 22:56:05 - DEBUG --> initializeUserData 
2015-07-22 22:56:05 - DEBUG --> UserData first: a:0:{} 
2015-07-22 22:56:05 - DEBUG --> UserData end:  a:0:{} 
2015-07-22 22:56:05 - DEBUG --> Archivo \components\com_jhotelreservation\classes\services\UserDataService.php 
2015-07-22 22:56:05 - DEBUG --> initializeReservationData 
2015-07-22 22:56:05 - DEBUG --> UserData: a:0:{} 
2015-07-22 22:56:05 - DEBUG --> Archivo \components\com_jhotelreservation\classes\services\UserDataService.php 
2015-07-22 22:56:05 - DEBUG --> updateUserData 
2015-07-22 22:56:05 - DEBUG --> Archivo \components\com_jhotelreservation\classes\services\UserDataService.php 
2015-07-22 22:56:05 - DEBUG --> getUserData 
2015-07-22 22:56:05 - DEBUG --> Archivo \components\com_jhotelreservation\classes\services\UserDataService.php 
2015-07-22 22:56:05 - DEBUG --> setCurrency 
2015-07-22 22:56:05 - DEBUG --> Archivo \components\com_jhotelreservation\classes\services\UserDataService.php 
2015-07-22 22:56:05 - DEBUG --> getUserData 
2015-07-22 22:56:05 - DEBUG --> Archivo \components\com_jhotelreservation\classes\services\UserDataService.php 
2015-07-22 22:56:05 - DEBUG --> getUserData 
2015-07-22 22:56:05 - DEBUG --> Archivo \components\com_jhotelreservation\classes\services\UserDataService.php 
2015-07-22 22:56:05 - DEBUG --> getUserData 
2015-07-22 22:56:05 - DEBUG --> Archivo \components\com_jhotelreservationiews\hotel	mpl\hoteloverview.php 
2015-07-22 22:56:05 - DEBUG --> Accedió 
2015-07-22 22:56:08 - DEBUG --> Archivo \components\com_jhotelreservation\classes\services\UserDataService.php 
2015-07-22 22:56:08 - DEBUG --> initializeUserData 
2015-07-22 22:56:08 - DEBUG --> UserData first: N; 
2015-07-22 22:56:08 - DEBUG --> Archivo \components\com_jhotelreservation\classes\services\UserDataService.php 
2015-07-22 22:56:08 - DEBUG --> createUserData 
2015-07-22 22:56:08 - DEBUG --> UserData end:  a:0:{} 
2015-07-22 22:56:08 - DEBUG --> Archivo \components\com_jhotelreservation\classes\services\UserDataService.php 
2015-07-22 22:56:08 - DEBUG --> initializeUserData 
2015-07-22 22:56:08 - DEBUG --> UserData first: a:0:{} 
2015-07-22 22:56:08 - DEBUG --> UserData end:  a:0:{} 
2015-07-22 22:56:08 - DEBUG --> Archivo \components\com_jhotelreservation\classes\services\UserDataService.php 
2015-07-22 22:56:08 - DEBUG --> initializeReservationData 
2015-07-22 22:56:08 - DEBUG --> UserData: a:0:{} 
2015-07-22 22:56:08 - DEBUG --> Archivo \components\com_jhotelreservation\classes\services\UserDataService.php 
2015-07-22 22:56:08 - DEBUG --> updateUserData 
2015-07-22 22:56:08 - DEBUG --> Archivo \components\com_jhotelreservation\classes\services\UserDataService.php 
2015-07-22 22:56:08 - DEBUG --> getUserData 
2015-07-22 22:56:08 - DEBUG --> Archivo \components\com_jhotelreservation\classes\services\UserDataService.php 
2015-07-22 22:56:08 - DEBUG --> setCurrency 
2015-07-22 22:56:08 - DEBUG --> Archivo \components\com_jhotelreservation\classes\services\UserDataService.php 
2015-07-22 22:56:08 - DEBUG --> getUserData 
2015-07-22 22:56:08 - DEBUG --> Archivo \components\com_jhotelreservation\classes\services\UserDataService.php 
2015-07-22 22:56:08 - DEBUG --> getUserData 
2015-07-22 22:56:08 - DEBUG --> Archivo \components\com_jhotelreservation\classes\services\UserDataService.php 
2015-07-22 22:56:08 - DEBUG --> getUserData 
2015-07-22 22:56:08 - DEBUG --> Archivo \components\com_jhotelreservationiews\hotel	mpl\hoteloverview.php 
2015-07-22 22:56:08 - DEBUG --> Accedió 
2015-07-22 22:56:12 - DEBUG --> Archivo \components\com_jhotelreservation\classes\services\UserDataService.php 
2015-07-22 22:56:12 - DEBUG --> initializeUserData 
2015-07-22 22:56:12 - DEBUG --> UserData first: N; 
2015-07-22 22:56:12 - DEBUG --> Archivo \components\com_jhotelreservation\classes\services\UserDataService.php 
2015-07-22 22:56:12 - DEBUG --> createUserData 
2015-07-22 22:56:12 - DEBUG --> UserData end:  a:0:{} 
2015-07-22 22:56:12 - DEBUG --> Archivo \components\com_jhotelreservation\classes\services\UserDataService.php 
2015-07-22 22:56:12 - DEBUG --> initializeUserData 
2015-07-22 22:56:12 - DEBUG --> UserData first: a:0:{} 
2015-07-22 22:56:12 - DEBUG --> UserData end:  a:0:{} 
2015-07-22 22:56:12 - DEBUG --> Archivo \components\com_jhotelreservation\classes\services\UserDataService.php 
2015-07-22 22:56:12 - DEBUG --> initializeReservationData 
2015-07-22 22:56:12 - DEBUG --> UserData: a:0:{} 
2015-07-22 22:56:12 - DEBUG --> Archivo \components\com_jhotelreservation\classes\services\UserDataService.php 
2015-07-22 22:56:12 - DEBUG --> updateUserData 
2015-07-22 22:56:12 - DEBUG --> Archivo \components\com_jhotelreservation\classes\services\UserDataService.php 
2015-07-22 22:56:12 - DEBUG --> getUserData 
2015-07-22 22:56:12 - DEBUG --> Archivo \components\com_jhotelreservation\classes\services\UserDataService.php 
2015-07-22 22:56:12 - DEBUG --> setCurrency 
2015-07-22 22:56:12 - DEBUG --> Archivo \components\com_jhotelreservation\classes\services\UserDataService.php 
2015-07-22 22:56:12 - DEBUG --> getUserData 
2015-07-22 22:56:12 - DEBUG --> Archivo \components\com_jhotelreservation\classes\services\UserDataService.php 
2015-07-22 22:56:12 - DEBUG --> getUserData 
2015-07-22 22:56:12 - DEBUG --> Archivo \components\com_jhotelreservation\classes\services\UserDataService.php 
2015-07-22 22:56:12 - DEBUG --> getUserData 
2015-07-22 22:56:12 - DEBUG --> Archivo \components\com_jhotelreservationiews\hotel	mpl\hoteloverview.php 
2015-07-22 22:56:12 - DEBUG --> Accedió 
